[2023-09-27T22:33:20.405-0400] {processor.py:157} INFO - Started process (PID=8421) to work on /home/beau/airflow/py_env/lib/python3.10/site-packages/airflow/example_dags/plugins/event_listener.py
[2023-09-27T22:33:20.407-0400] {processor.py:829} INFO - Processing file /home/beau/airflow/py_env/lib/python3.10/site-packages/airflow/example_dags/plugins/event_listener.py for tasks to queue
[2023-09-27T22:33:20.408-0400] {logging_mixin.py:151} INFO - [2023-09-27T22:33:20.407-0400] {dagbag.py:539} INFO - Filling up the DagBag from /home/beau/airflow/py_env/lib/python3.10/site-packages/airflow/example_dags/plugins/event_listener.py
[2023-09-27T22:33:20.412-0400] {processor.py:841} WARNING - No viable dags retrieved from /home/beau/airflow/py_env/lib/python3.10/site-packages/airflow/example_dags/plugins/event_listener.py
[2023-09-27T22:33:20.428-0400] {processor.py:179} INFO - Processing /home/beau/airflow/py_env/lib/python3.10/site-packages/airflow/example_dags/plugins/event_listener.py took 0.027 seconds
[2023-09-27T22:34:08.693-0400] {processor.py:157} INFO - Started process (PID=8961) to work on /home/beau/airflow/py_env/lib/python3.10/site-packages/airflow/example_dags/plugins/event_listener.py
[2023-09-27T22:34:08.695-0400] {processor.py:829} INFO - Processing file /home/beau/airflow/py_env/lib/python3.10/site-packages/airflow/example_dags/plugins/event_listener.py for tasks to queue
[2023-09-27T22:34:08.696-0400] {logging_mixin.py:151} INFO - [2023-09-27T22:34:08.695-0400] {dagbag.py:539} INFO - Filling up the DagBag from /home/beau/airflow/py_env/lib/python3.10/site-packages/airflow/example_dags/plugins/event_listener.py
[2023-09-27T22:34:08.698-0400] {processor.py:841} WARNING - No viable dags retrieved from /home/beau/airflow/py_env/lib/python3.10/site-packages/airflow/example_dags/plugins/event_listener.py
[2023-09-27T22:34:08.708-0400] {processor.py:179} INFO - Processing /home/beau/airflow/py_env/lib/python3.10/site-packages/airflow/example_dags/plugins/event_listener.py took 0.018 seconds
[2023-09-27T22:35:05.908-0400] {processor.py:157} INFO - Started process (PID=9308) to work on /home/beau/airflow/py_env/lib/python3.10/site-packages/airflow/example_dags/plugins/event_listener.py
[2023-09-27T22:35:05.912-0400] {processor.py:829} INFO - Processing file /home/beau/airflow/py_env/lib/python3.10/site-packages/airflow/example_dags/plugins/event_listener.py for tasks to queue
[2023-09-27T22:35:05.913-0400] {logging_mixin.py:151} INFO - [2023-09-27T22:35:05.912-0400] {dagbag.py:539} INFO - Filling up the DagBag from /home/beau/airflow/py_env/lib/python3.10/site-packages/airflow/example_dags/plugins/event_listener.py
[2023-09-27T22:35:05.917-0400] {processor.py:841} WARNING - No viable dags retrieved from /home/beau/airflow/py_env/lib/python3.10/site-packages/airflow/example_dags/plugins/event_listener.py
[2023-09-27T22:35:05.928-0400] {processor.py:179} INFO - Processing /home/beau/airflow/py_env/lib/python3.10/site-packages/airflow/example_dags/plugins/event_listener.py took 0.025 seconds
[2023-09-27T22:36:03.251-0400] {processor.py:157} INFO - Started process (PID=10064) to work on /home/beau/airflow/py_env/lib/python3.10/site-packages/airflow/example_dags/plugins/event_listener.py
[2023-09-27T22:36:03.256-0400] {processor.py:829} INFO - Processing file /home/beau/airflow/py_env/lib/python3.10/site-packages/airflow/example_dags/plugins/event_listener.py for tasks to queue
[2023-09-27T22:36:03.257-0400] {logging_mixin.py:151} INFO - [2023-09-27T22:36:03.257-0400] {dagbag.py:539} INFO - Filling up the DagBag from /home/beau/airflow/py_env/lib/python3.10/site-packages/airflow/example_dags/plugins/event_listener.py
[2023-09-27T22:36:03.261-0400] {processor.py:841} WARNING - No viable dags retrieved from /home/beau/airflow/py_env/lib/python3.10/site-packages/airflow/example_dags/plugins/event_listener.py
[2023-09-27T22:36:03.279-0400] {processor.py:179} INFO - Processing /home/beau/airflow/py_env/lib/python3.10/site-packages/airflow/example_dags/plugins/event_listener.py took 0.033 seconds
[2023-09-27T22:36:53.306-0400] {processor.py:157} INFO - Started process (PID=10600) to work on /home/beau/airflow/py_env/lib/python3.10/site-packages/airflow/example_dags/plugins/event_listener.py
[2023-09-27T22:36:53.311-0400] {processor.py:829} INFO - Processing file /home/beau/airflow/py_env/lib/python3.10/site-packages/airflow/example_dags/plugins/event_listener.py for tasks to queue
[2023-09-27T22:36:53.314-0400] {logging_mixin.py:151} INFO - [2023-09-27T22:36:53.313-0400] {dagbag.py:539} INFO - Filling up the DagBag from /home/beau/airflow/py_env/lib/python3.10/site-packages/airflow/example_dags/plugins/event_listener.py
[2023-09-27T22:36:53.318-0400] {processor.py:841} WARNING - No viable dags retrieved from /home/beau/airflow/py_env/lib/python3.10/site-packages/airflow/example_dags/plugins/event_listener.py
[2023-09-27T22:36:53.330-0400] {processor.py:179} INFO - Processing /home/beau/airflow/py_env/lib/python3.10/site-packages/airflow/example_dags/plugins/event_listener.py took 0.030 seconds
[2023-09-27T22:37:51.369-0400] {processor.py:157} INFO - Started process (PID=11047) to work on /home/beau/airflow/py_env/lib/python3.10/site-packages/airflow/example_dags/plugins/event_listener.py
[2023-09-27T22:37:51.373-0400] {processor.py:829} INFO - Processing file /home/beau/airflow/py_env/lib/python3.10/site-packages/airflow/example_dags/plugins/event_listener.py for tasks to queue
[2023-09-27T22:37:51.375-0400] {logging_mixin.py:151} INFO - [2023-09-27T22:37:51.374-0400] {dagbag.py:539} INFO - Filling up the DagBag from /home/beau/airflow/py_env/lib/python3.10/site-packages/airflow/example_dags/plugins/event_listener.py
[2023-09-27T22:37:51.379-0400] {processor.py:841} WARNING - No viable dags retrieved from /home/beau/airflow/py_env/lib/python3.10/site-packages/airflow/example_dags/plugins/event_listener.py
[2023-09-27T22:37:51.397-0400] {processor.py:179} INFO - Processing /home/beau/airflow/py_env/lib/python3.10/site-packages/airflow/example_dags/plugins/event_listener.py took 0.036 seconds
[2023-09-27T22:38:49.846-0400] {processor.py:157} INFO - Started process (PID=11603) to work on /home/beau/airflow/py_env/lib/python3.10/site-packages/airflow/example_dags/plugins/event_listener.py
[2023-09-27T22:38:49.850-0400] {processor.py:829} INFO - Processing file /home/beau/airflow/py_env/lib/python3.10/site-packages/airflow/example_dags/plugins/event_listener.py for tasks to queue
[2023-09-27T22:38:49.851-0400] {logging_mixin.py:151} INFO - [2023-09-27T22:38:49.850-0400] {dagbag.py:539} INFO - Filling up the DagBag from /home/beau/airflow/py_env/lib/python3.10/site-packages/airflow/example_dags/plugins/event_listener.py
[2023-09-27T22:38:49.853-0400] {processor.py:841} WARNING - No viable dags retrieved from /home/beau/airflow/py_env/lib/python3.10/site-packages/airflow/example_dags/plugins/event_listener.py
[2023-09-27T22:38:49.862-0400] {processor.py:179} INFO - Processing /home/beau/airflow/py_env/lib/python3.10/site-packages/airflow/example_dags/plugins/event_listener.py took 0.019 seconds
[2023-09-27T22:39:43.530-0400] {processor.py:157} INFO - Started process (PID=11925) to work on /home/beau/airflow/py_env/lib/python3.10/site-packages/airflow/example_dags/plugins/event_listener.py
[2023-09-27T22:39:43.532-0400] {processor.py:829} INFO - Processing file /home/beau/airflow/py_env/lib/python3.10/site-packages/airflow/example_dags/plugins/event_listener.py for tasks to queue
[2023-09-27T22:39:43.533-0400] {logging_mixin.py:151} INFO - [2023-09-27T22:39:43.533-0400] {dagbag.py:539} INFO - Filling up the DagBag from /home/beau/airflow/py_env/lib/python3.10/site-packages/airflow/example_dags/plugins/event_listener.py
[2023-09-27T22:39:43.538-0400] {processor.py:841} WARNING - No viable dags retrieved from /home/beau/airflow/py_env/lib/python3.10/site-packages/airflow/example_dags/plugins/event_listener.py
[2023-09-27T22:39:43.549-0400] {processor.py:179} INFO - Processing /home/beau/airflow/py_env/lib/python3.10/site-packages/airflow/example_dags/plugins/event_listener.py took 0.025 seconds
[2023-09-27T22:40:26.433-0400] {processor.py:157} INFO - Started process (PID=12133) to work on /home/beau/airflow/py_env/lib/python3.10/site-packages/airflow/example_dags/plugins/event_listener.py
[2023-09-27T22:40:26.439-0400] {processor.py:829} INFO - Processing file /home/beau/airflow/py_env/lib/python3.10/site-packages/airflow/example_dags/plugins/event_listener.py for tasks to queue
[2023-09-27T22:40:26.442-0400] {logging_mixin.py:151} INFO - [2023-09-27T22:40:26.441-0400] {dagbag.py:539} INFO - Filling up the DagBag from /home/beau/airflow/py_env/lib/python3.10/site-packages/airflow/example_dags/plugins/event_listener.py
[2023-09-27T22:40:26.450-0400] {processor.py:841} WARNING - No viable dags retrieved from /home/beau/airflow/py_env/lib/python3.10/site-packages/airflow/example_dags/plugins/event_listener.py
[2023-09-27T22:40:26.475-0400] {processor.py:179} INFO - Processing /home/beau/airflow/py_env/lib/python3.10/site-packages/airflow/example_dags/plugins/event_listener.py took 0.054 seconds
[2023-09-27T22:41:25.238-0400] {processor.py:157} INFO - Started process (PID=12447) to work on /home/beau/airflow/py_env/lib/python3.10/site-packages/airflow/example_dags/plugins/event_listener.py
[2023-09-27T22:41:25.243-0400] {processor.py:829} INFO - Processing file /home/beau/airflow/py_env/lib/python3.10/site-packages/airflow/example_dags/plugins/event_listener.py for tasks to queue
[2023-09-27T22:41:25.245-0400] {logging_mixin.py:151} INFO - [2023-09-27T22:41:25.244-0400] {dagbag.py:539} INFO - Filling up the DagBag from /home/beau/airflow/py_env/lib/python3.10/site-packages/airflow/example_dags/plugins/event_listener.py
[2023-09-27T22:41:25.249-0400] {processor.py:841} WARNING - No viable dags retrieved from /home/beau/airflow/py_env/lib/python3.10/site-packages/airflow/example_dags/plugins/event_listener.py
[2023-09-27T22:41:25.270-0400] {processor.py:179} INFO - Processing /home/beau/airflow/py_env/lib/python3.10/site-packages/airflow/example_dags/plugins/event_listener.py took 0.041 seconds
[2023-09-27T22:42:25.311-0400] {processor.py:157} INFO - Started process (PID=12876) to work on /home/beau/airflow/py_env/lib/python3.10/site-packages/airflow/example_dags/plugins/event_listener.py
[2023-09-27T22:42:25.315-0400] {processor.py:829} INFO - Processing file /home/beau/airflow/py_env/lib/python3.10/site-packages/airflow/example_dags/plugins/event_listener.py for tasks to queue
[2023-09-27T22:42:25.316-0400] {logging_mixin.py:151} INFO - [2023-09-27T22:42:25.316-0400] {dagbag.py:539} INFO - Filling up the DagBag from /home/beau/airflow/py_env/lib/python3.10/site-packages/airflow/example_dags/plugins/event_listener.py
[2023-09-27T22:42:25.320-0400] {processor.py:841} WARNING - No viable dags retrieved from /home/beau/airflow/py_env/lib/python3.10/site-packages/airflow/example_dags/plugins/event_listener.py
[2023-09-27T22:42:25.332-0400] {processor.py:179} INFO - Processing /home/beau/airflow/py_env/lib/python3.10/site-packages/airflow/example_dags/plugins/event_listener.py took 0.025 seconds
[2023-09-27T22:43:18.551-0400] {processor.py:157} INFO - Started process (PID=13345) to work on /home/beau/airflow/py_env/lib/python3.10/site-packages/airflow/example_dags/plugins/event_listener.py
[2023-09-27T22:43:18.556-0400] {processor.py:829} INFO - Processing file /home/beau/airflow/py_env/lib/python3.10/site-packages/airflow/example_dags/plugins/event_listener.py for tasks to queue
[2023-09-27T22:43:18.558-0400] {logging_mixin.py:151} INFO - [2023-09-27T22:43:18.557-0400] {dagbag.py:539} INFO - Filling up the DagBag from /home/beau/airflow/py_env/lib/python3.10/site-packages/airflow/example_dags/plugins/event_listener.py
[2023-09-27T22:43:18.562-0400] {processor.py:841} WARNING - No viable dags retrieved from /home/beau/airflow/py_env/lib/python3.10/site-packages/airflow/example_dags/plugins/event_listener.py
[2023-09-27T22:43:18.578-0400] {processor.py:179} INFO - Processing /home/beau/airflow/py_env/lib/python3.10/site-packages/airflow/example_dags/plugins/event_listener.py took 0.033 seconds
[2023-09-27T22:44:19.393-0400] {processor.py:157} INFO - Started process (PID=13800) to work on /home/beau/airflow/py_env/lib/python3.10/site-packages/airflow/example_dags/plugins/event_listener.py
[2023-09-27T22:44:19.395-0400] {processor.py:829} INFO - Processing file /home/beau/airflow/py_env/lib/python3.10/site-packages/airflow/example_dags/plugins/event_listener.py for tasks to queue
[2023-09-27T22:44:19.397-0400] {logging_mixin.py:151} INFO - [2023-09-27T22:44:19.396-0400] {dagbag.py:539} INFO - Filling up the DagBag from /home/beau/airflow/py_env/lib/python3.10/site-packages/airflow/example_dags/plugins/event_listener.py
[2023-09-27T22:44:19.401-0400] {processor.py:841} WARNING - No viable dags retrieved from /home/beau/airflow/py_env/lib/python3.10/site-packages/airflow/example_dags/plugins/event_listener.py
[2023-09-27T22:44:19.417-0400] {processor.py:179} INFO - Processing /home/beau/airflow/py_env/lib/python3.10/site-packages/airflow/example_dags/plugins/event_listener.py took 0.030 seconds
[2023-09-27T22:45:14.600-0400] {processor.py:157} INFO - Started process (PID=14263) to work on /home/beau/airflow/py_env/lib/python3.10/site-packages/airflow/example_dags/plugins/event_listener.py
[2023-09-27T22:45:14.602-0400] {processor.py:829} INFO - Processing file /home/beau/airflow/py_env/lib/python3.10/site-packages/airflow/example_dags/plugins/event_listener.py for tasks to queue
[2023-09-27T22:45:14.604-0400] {logging_mixin.py:151} INFO - [2023-09-27T22:45:14.603-0400] {dagbag.py:539} INFO - Filling up the DagBag from /home/beau/airflow/py_env/lib/python3.10/site-packages/airflow/example_dags/plugins/event_listener.py
[2023-09-27T22:45:14.608-0400] {processor.py:841} WARNING - No viable dags retrieved from /home/beau/airflow/py_env/lib/python3.10/site-packages/airflow/example_dags/plugins/event_listener.py
[2023-09-27T22:45:14.622-0400] {processor.py:179} INFO - Processing /home/beau/airflow/py_env/lib/python3.10/site-packages/airflow/example_dags/plugins/event_listener.py took 0.027 seconds
[2023-09-27T22:46:14.691-0400] {processor.py:157} INFO - Started process (PID=15037) to work on /home/beau/airflow/py_env/lib/python3.10/site-packages/airflow/example_dags/plugins/event_listener.py
[2023-09-27T22:46:14.693-0400] {processor.py:829} INFO - Processing file /home/beau/airflow/py_env/lib/python3.10/site-packages/airflow/example_dags/plugins/event_listener.py for tasks to queue
[2023-09-27T22:46:14.695-0400] {logging_mixin.py:151} INFO - [2023-09-27T22:46:14.694-0400] {dagbag.py:539} INFO - Filling up the DagBag from /home/beau/airflow/py_env/lib/python3.10/site-packages/airflow/example_dags/plugins/event_listener.py
[2023-09-27T22:46:14.699-0400] {processor.py:841} WARNING - No viable dags retrieved from /home/beau/airflow/py_env/lib/python3.10/site-packages/airflow/example_dags/plugins/event_listener.py
[2023-09-27T22:46:14.712-0400] {processor.py:179} INFO - Processing /home/beau/airflow/py_env/lib/python3.10/site-packages/airflow/example_dags/plugins/event_listener.py took 0.027 seconds
[2023-09-27T22:47:14.422-0400] {processor.py:157} INFO - Started process (PID=15757) to work on /home/beau/airflow/py_env/lib/python3.10/site-packages/airflow/example_dags/plugins/event_listener.py
[2023-09-27T22:47:14.424-0400] {processor.py:829} INFO - Processing file /home/beau/airflow/py_env/lib/python3.10/site-packages/airflow/example_dags/plugins/event_listener.py for tasks to queue
[2023-09-27T22:47:14.425-0400] {logging_mixin.py:151} INFO - [2023-09-27T22:47:14.424-0400] {dagbag.py:539} INFO - Filling up the DagBag from /home/beau/airflow/py_env/lib/python3.10/site-packages/airflow/example_dags/plugins/event_listener.py
[2023-09-27T22:47:14.427-0400] {processor.py:841} WARNING - No viable dags retrieved from /home/beau/airflow/py_env/lib/python3.10/site-packages/airflow/example_dags/plugins/event_listener.py
[2023-09-27T22:47:14.441-0400] {processor.py:179} INFO - Processing /home/beau/airflow/py_env/lib/python3.10/site-packages/airflow/example_dags/plugins/event_listener.py took 0.022 seconds
[2023-09-27T22:48:13.429-0400] {processor.py:157} INFO - Started process (PID=16375) to work on /home/beau/airflow/py_env/lib/python3.10/site-packages/airflow/example_dags/plugins/event_listener.py
[2023-09-27T22:48:13.433-0400] {processor.py:829} INFO - Processing file /home/beau/airflow/py_env/lib/python3.10/site-packages/airflow/example_dags/plugins/event_listener.py for tasks to queue
[2023-09-27T22:48:13.434-0400] {logging_mixin.py:151} INFO - [2023-09-27T22:48:13.434-0400] {dagbag.py:539} INFO - Filling up the DagBag from /home/beau/airflow/py_env/lib/python3.10/site-packages/airflow/example_dags/plugins/event_listener.py
[2023-09-27T22:48:13.438-0400] {processor.py:841} WARNING - No viable dags retrieved from /home/beau/airflow/py_env/lib/python3.10/site-packages/airflow/example_dags/plugins/event_listener.py
[2023-09-27T22:48:13.454-0400] {processor.py:179} INFO - Processing /home/beau/airflow/py_env/lib/python3.10/site-packages/airflow/example_dags/plugins/event_listener.py took 0.030 seconds
[2023-09-27T22:49:13.394-0400] {processor.py:157} INFO - Started process (PID=16925) to work on /home/beau/airflow/py_env/lib/python3.10/site-packages/airflow/example_dags/plugins/event_listener.py
[2023-09-27T22:49:13.398-0400] {processor.py:829} INFO - Processing file /home/beau/airflow/py_env/lib/python3.10/site-packages/airflow/example_dags/plugins/event_listener.py for tasks to queue
[2023-09-27T22:49:13.399-0400] {logging_mixin.py:151} INFO - [2023-09-27T22:49:13.399-0400] {dagbag.py:539} INFO - Filling up the DagBag from /home/beau/airflow/py_env/lib/python3.10/site-packages/airflow/example_dags/plugins/event_listener.py
[2023-09-27T22:49:13.401-0400] {processor.py:841} WARNING - No viable dags retrieved from /home/beau/airflow/py_env/lib/python3.10/site-packages/airflow/example_dags/plugins/event_listener.py
[2023-09-27T22:49:13.411-0400] {processor.py:179} INFO - Processing /home/beau/airflow/py_env/lib/python3.10/site-packages/airflow/example_dags/plugins/event_listener.py took 0.020 seconds
[2023-09-27T22:50:10.948-0400] {processor.py:157} INFO - Started process (PID=17215) to work on /home/beau/airflow/py_env/lib/python3.10/site-packages/airflow/example_dags/plugins/event_listener.py
[2023-09-27T22:50:10.950-0400] {processor.py:829} INFO - Processing file /home/beau/airflow/py_env/lib/python3.10/site-packages/airflow/example_dags/plugins/event_listener.py for tasks to queue
[2023-09-27T22:50:10.951-0400] {logging_mixin.py:151} INFO - [2023-09-27T22:50:10.951-0400] {dagbag.py:539} INFO - Filling up the DagBag from /home/beau/airflow/py_env/lib/python3.10/site-packages/airflow/example_dags/plugins/event_listener.py
[2023-09-27T22:50:10.955-0400] {processor.py:841} WARNING - No viable dags retrieved from /home/beau/airflow/py_env/lib/python3.10/site-packages/airflow/example_dags/plugins/event_listener.py
[2023-09-27T22:50:10.971-0400] {processor.py:179} INFO - Processing /home/beau/airflow/py_env/lib/python3.10/site-packages/airflow/example_dags/plugins/event_listener.py took 0.028 seconds
[2023-09-27T22:51:04.182-0400] {processor.py:157} INFO - Started process (PID=17462) to work on /home/beau/airflow/py_env/lib/python3.10/site-packages/airflow/example_dags/plugins/event_listener.py
[2023-09-27T22:51:04.187-0400] {processor.py:829} INFO - Processing file /home/beau/airflow/py_env/lib/python3.10/site-packages/airflow/example_dags/plugins/event_listener.py for tasks to queue
[2023-09-27T22:51:04.190-0400] {logging_mixin.py:151} INFO - [2023-09-27T22:51:04.189-0400] {dagbag.py:539} INFO - Filling up the DagBag from /home/beau/airflow/py_env/lib/python3.10/site-packages/airflow/example_dags/plugins/event_listener.py
[2023-09-27T22:51:04.196-0400] {processor.py:841} WARNING - No viable dags retrieved from /home/beau/airflow/py_env/lib/python3.10/site-packages/airflow/example_dags/plugins/event_listener.py
[2023-09-27T22:51:04.213-0400] {processor.py:179} INFO - Processing /home/beau/airflow/py_env/lib/python3.10/site-packages/airflow/example_dags/plugins/event_listener.py took 0.041 seconds
[2023-09-27T22:52:01.236-0400] {processor.py:157} INFO - Started process (PID=17723) to work on /home/beau/airflow/py_env/lib/python3.10/site-packages/airflow/example_dags/plugins/event_listener.py
[2023-09-27T22:52:01.241-0400] {processor.py:829} INFO - Processing file /home/beau/airflow/py_env/lib/python3.10/site-packages/airflow/example_dags/plugins/event_listener.py for tasks to queue
[2023-09-27T22:52:01.242-0400] {logging_mixin.py:151} INFO - [2023-09-27T22:52:01.241-0400] {dagbag.py:539} INFO - Filling up the DagBag from /home/beau/airflow/py_env/lib/python3.10/site-packages/airflow/example_dags/plugins/event_listener.py
[2023-09-27T22:52:01.245-0400] {processor.py:841} WARNING - No viable dags retrieved from /home/beau/airflow/py_env/lib/python3.10/site-packages/airflow/example_dags/plugins/event_listener.py
[2023-09-27T22:52:01.259-0400] {processor.py:179} INFO - Processing /home/beau/airflow/py_env/lib/python3.10/site-packages/airflow/example_dags/plugins/event_listener.py took 0.027 seconds
[2023-09-27T22:52:55.260-0400] {processor.py:157} INFO - Started process (PID=18078) to work on /home/beau/airflow/py_env/lib/python3.10/site-packages/airflow/example_dags/plugins/event_listener.py
[2023-09-27T22:52:55.264-0400] {processor.py:829} INFO - Processing file /home/beau/airflow/py_env/lib/python3.10/site-packages/airflow/example_dags/plugins/event_listener.py for tasks to queue
[2023-09-27T22:52:55.266-0400] {logging_mixin.py:151} INFO - [2023-09-27T22:52:55.266-0400] {dagbag.py:539} INFO - Filling up the DagBag from /home/beau/airflow/py_env/lib/python3.10/site-packages/airflow/example_dags/plugins/event_listener.py
[2023-09-27T22:52:55.271-0400] {processor.py:841} WARNING - No viable dags retrieved from /home/beau/airflow/py_env/lib/python3.10/site-packages/airflow/example_dags/plugins/event_listener.py
[2023-09-27T22:52:55.283-0400] {processor.py:179} INFO - Processing /home/beau/airflow/py_env/lib/python3.10/site-packages/airflow/example_dags/plugins/event_listener.py took 0.030 seconds
[2023-09-27T22:53:47.631-0400] {processor.py:157} INFO - Started process (PID=18519) to work on /home/beau/airflow/py_env/lib/python3.10/site-packages/airflow/example_dags/plugins/event_listener.py
[2023-09-27T22:53:47.636-0400] {processor.py:829} INFO - Processing file /home/beau/airflow/py_env/lib/python3.10/site-packages/airflow/example_dags/plugins/event_listener.py for tasks to queue
[2023-09-27T22:53:47.638-0400] {logging_mixin.py:151} INFO - [2023-09-27T22:53:47.637-0400] {dagbag.py:539} INFO - Filling up the DagBag from /home/beau/airflow/py_env/lib/python3.10/site-packages/airflow/example_dags/plugins/event_listener.py
[2023-09-27T22:53:47.641-0400] {processor.py:841} WARNING - No viable dags retrieved from /home/beau/airflow/py_env/lib/python3.10/site-packages/airflow/example_dags/plugins/event_listener.py
[2023-09-27T22:53:47.660-0400] {processor.py:179} INFO - Processing /home/beau/airflow/py_env/lib/python3.10/site-packages/airflow/example_dags/plugins/event_listener.py took 0.034 seconds
[2023-09-27T22:54:42.860-0400] {processor.py:157} INFO - Started process (PID=19121) to work on /home/beau/airflow/py_env/lib/python3.10/site-packages/airflow/example_dags/plugins/event_listener.py
[2023-09-27T22:54:42.864-0400] {processor.py:829} INFO - Processing file /home/beau/airflow/py_env/lib/python3.10/site-packages/airflow/example_dags/plugins/event_listener.py for tasks to queue
[2023-09-27T22:54:42.865-0400] {logging_mixin.py:151} INFO - [2023-09-27T22:54:42.865-0400] {dagbag.py:539} INFO - Filling up the DagBag from /home/beau/airflow/py_env/lib/python3.10/site-packages/airflow/example_dags/plugins/event_listener.py
[2023-09-27T22:54:42.869-0400] {processor.py:841} WARNING - No viable dags retrieved from /home/beau/airflow/py_env/lib/python3.10/site-packages/airflow/example_dags/plugins/event_listener.py
[2023-09-27T22:54:42.882-0400] {processor.py:179} INFO - Processing /home/beau/airflow/py_env/lib/python3.10/site-packages/airflow/example_dags/plugins/event_listener.py took 0.026 seconds
[2023-09-27T22:55:38.481-0400] {processor.py:157} INFO - Started process (PID=19588) to work on /home/beau/airflow/py_env/lib/python3.10/site-packages/airflow/example_dags/plugins/event_listener.py
[2023-09-27T22:55:38.483-0400] {processor.py:829} INFO - Processing file /home/beau/airflow/py_env/lib/python3.10/site-packages/airflow/example_dags/plugins/event_listener.py for tasks to queue
[2023-09-27T22:55:38.485-0400] {logging_mixin.py:151} INFO - [2023-09-27T22:55:38.484-0400] {dagbag.py:539} INFO - Filling up the DagBag from /home/beau/airflow/py_env/lib/python3.10/site-packages/airflow/example_dags/plugins/event_listener.py
[2023-09-27T22:55:38.488-0400] {processor.py:841} WARNING - No viable dags retrieved from /home/beau/airflow/py_env/lib/python3.10/site-packages/airflow/example_dags/plugins/event_listener.py
[2023-09-27T22:55:38.500-0400] {processor.py:179} INFO - Processing /home/beau/airflow/py_env/lib/python3.10/site-packages/airflow/example_dags/plugins/event_listener.py took 0.025 seconds
[2023-09-27T22:56:36.749-0400] {processor.py:157} INFO - Started process (PID=20155) to work on /home/beau/airflow/py_env/lib/python3.10/site-packages/airflow/example_dags/plugins/event_listener.py
[2023-09-27T22:56:36.753-0400] {processor.py:829} INFO - Processing file /home/beau/airflow/py_env/lib/python3.10/site-packages/airflow/example_dags/plugins/event_listener.py for tasks to queue
[2023-09-27T22:56:36.755-0400] {logging_mixin.py:151} INFO - [2023-09-27T22:56:36.754-0400] {dagbag.py:539} INFO - Filling up the DagBag from /home/beau/airflow/py_env/lib/python3.10/site-packages/airflow/example_dags/plugins/event_listener.py
[2023-09-27T22:56:36.759-0400] {processor.py:841} WARNING - No viable dags retrieved from /home/beau/airflow/py_env/lib/python3.10/site-packages/airflow/example_dags/plugins/event_listener.py
[2023-09-27T22:56:36.771-0400] {processor.py:179} INFO - Processing /home/beau/airflow/py_env/lib/python3.10/site-packages/airflow/example_dags/plugins/event_listener.py took 0.028 seconds
[2023-09-27T22:57:22.999-0400] {processor.py:157} INFO - Started process (PID=20588) to work on /home/beau/airflow/py_env/lib/python3.10/site-packages/airflow/example_dags/plugins/event_listener.py
[2023-09-27T22:57:23.004-0400] {processor.py:829} INFO - Processing file /home/beau/airflow/py_env/lib/python3.10/site-packages/airflow/example_dags/plugins/event_listener.py for tasks to queue
[2023-09-27T22:57:23.006-0400] {logging_mixin.py:151} INFO - [2023-09-27T22:57:23.005-0400] {dagbag.py:539} INFO - Filling up the DagBag from /home/beau/airflow/py_env/lib/python3.10/site-packages/airflow/example_dags/plugins/event_listener.py
[2023-09-27T22:57:23.010-0400] {processor.py:841} WARNING - No viable dags retrieved from /home/beau/airflow/py_env/lib/python3.10/site-packages/airflow/example_dags/plugins/event_listener.py
[2023-09-27T22:57:23.025-0400] {processor.py:179} INFO - Processing /home/beau/airflow/py_env/lib/python3.10/site-packages/airflow/example_dags/plugins/event_listener.py took 0.032 seconds
[2023-09-27T22:58:12.972-0400] {processor.py:157} INFO - Started process (PID=21118) to work on /home/beau/airflow/py_env/lib/python3.10/site-packages/airflow/example_dags/plugins/event_listener.py
[2023-09-27T22:58:12.974-0400] {processor.py:829} INFO - Processing file /home/beau/airflow/py_env/lib/python3.10/site-packages/airflow/example_dags/plugins/event_listener.py for tasks to queue
[2023-09-27T22:58:12.975-0400] {logging_mixin.py:151} INFO - [2023-09-27T22:58:12.974-0400] {dagbag.py:539} INFO - Filling up the DagBag from /home/beau/airflow/py_env/lib/python3.10/site-packages/airflow/example_dags/plugins/event_listener.py
[2023-09-27T22:58:12.977-0400] {processor.py:841} WARNING - No viable dags retrieved from /home/beau/airflow/py_env/lib/python3.10/site-packages/airflow/example_dags/plugins/event_listener.py
[2023-09-27T22:58:12.987-0400] {processor.py:179} INFO - Processing /home/beau/airflow/py_env/lib/python3.10/site-packages/airflow/example_dags/plugins/event_listener.py took 0.018 seconds
[2023-09-27T22:59:09.570-0400] {processor.py:157} INFO - Started process (PID=21625) to work on /home/beau/airflow/py_env/lib/python3.10/site-packages/airflow/example_dags/plugins/event_listener.py
[2023-09-27T22:59:09.572-0400] {processor.py:829} INFO - Processing file /home/beau/airflow/py_env/lib/python3.10/site-packages/airflow/example_dags/plugins/event_listener.py for tasks to queue
[2023-09-27T22:59:09.573-0400] {logging_mixin.py:151} INFO - [2023-09-27T22:59:09.573-0400] {dagbag.py:539} INFO - Filling up the DagBag from /home/beau/airflow/py_env/lib/python3.10/site-packages/airflow/example_dags/plugins/event_listener.py
[2023-09-27T22:59:09.577-0400] {processor.py:841} WARNING - No viable dags retrieved from /home/beau/airflow/py_env/lib/python3.10/site-packages/airflow/example_dags/plugins/event_listener.py
[2023-09-27T22:59:09.590-0400] {processor.py:179} INFO - Processing /home/beau/airflow/py_env/lib/python3.10/site-packages/airflow/example_dags/plugins/event_listener.py took 0.025 seconds
[2023-09-27T23:00:04.348-0400] {processor.py:157} INFO - Started process (PID=21895) to work on /home/beau/airflow/py_env/lib/python3.10/site-packages/airflow/example_dags/plugins/event_listener.py
[2023-09-27T23:00:04.352-0400] {processor.py:829} INFO - Processing file /home/beau/airflow/py_env/lib/python3.10/site-packages/airflow/example_dags/plugins/event_listener.py for tasks to queue
[2023-09-27T23:00:04.354-0400] {logging_mixin.py:151} INFO - [2023-09-27T23:00:04.353-0400] {dagbag.py:539} INFO - Filling up the DagBag from /home/beau/airflow/py_env/lib/python3.10/site-packages/airflow/example_dags/plugins/event_listener.py
[2023-09-27T23:00:04.357-0400] {processor.py:841} WARNING - No viable dags retrieved from /home/beau/airflow/py_env/lib/python3.10/site-packages/airflow/example_dags/plugins/event_listener.py
[2023-09-27T23:00:04.366-0400] {processor.py:179} INFO - Processing /home/beau/airflow/py_env/lib/python3.10/site-packages/airflow/example_dags/plugins/event_listener.py took 0.022 seconds
[2023-09-27T23:00:57.684-0400] {processor.py:157} INFO - Started process (PID=22141) to work on /home/beau/airflow/py_env/lib/python3.10/site-packages/airflow/example_dags/plugins/event_listener.py
[2023-09-27T23:00:57.689-0400] {processor.py:829} INFO - Processing file /home/beau/airflow/py_env/lib/python3.10/site-packages/airflow/example_dags/plugins/event_listener.py for tasks to queue
[2023-09-27T23:00:57.690-0400] {logging_mixin.py:151} INFO - [2023-09-27T23:00:57.690-0400] {dagbag.py:539} INFO - Filling up the DagBag from /home/beau/airflow/py_env/lib/python3.10/site-packages/airflow/example_dags/plugins/event_listener.py
[2023-09-27T23:00:57.694-0400] {processor.py:841} WARNING - No viable dags retrieved from /home/beau/airflow/py_env/lib/python3.10/site-packages/airflow/example_dags/plugins/event_listener.py
[2023-09-27T23:00:57.709-0400] {processor.py:179} INFO - Processing /home/beau/airflow/py_env/lib/python3.10/site-packages/airflow/example_dags/plugins/event_listener.py took 0.031 seconds
[2023-09-27T23:01:49.692-0400] {processor.py:157} INFO - Started process (PID=22386) to work on /home/beau/airflow/py_env/lib/python3.10/site-packages/airflow/example_dags/plugins/event_listener.py
[2023-09-27T23:01:49.696-0400] {processor.py:829} INFO - Processing file /home/beau/airflow/py_env/lib/python3.10/site-packages/airflow/example_dags/plugins/event_listener.py for tasks to queue
[2023-09-27T23:01:49.697-0400] {logging_mixin.py:151} INFO - [2023-09-27T23:01:49.697-0400] {dagbag.py:539} INFO - Filling up the DagBag from /home/beau/airflow/py_env/lib/python3.10/site-packages/airflow/example_dags/plugins/event_listener.py
[2023-09-27T23:01:49.699-0400] {processor.py:841} WARNING - No viable dags retrieved from /home/beau/airflow/py_env/lib/python3.10/site-packages/airflow/example_dags/plugins/event_listener.py
[2023-09-27T23:01:49.710-0400] {processor.py:179} INFO - Processing /home/beau/airflow/py_env/lib/python3.10/site-packages/airflow/example_dags/plugins/event_listener.py took 0.021 seconds
[2023-09-27T23:02:44.875-0400] {processor.py:157} INFO - Started process (PID=22573) to work on /home/beau/airflow/py_env/lib/python3.10/site-packages/airflow/example_dags/plugins/event_listener.py
[2023-09-27T23:02:44.879-0400] {processor.py:829} INFO - Processing file /home/beau/airflow/py_env/lib/python3.10/site-packages/airflow/example_dags/plugins/event_listener.py for tasks to queue
[2023-09-27T23:02:44.881-0400] {logging_mixin.py:151} INFO - [2023-09-27T23:02:44.881-0400] {dagbag.py:539} INFO - Filling up the DagBag from /home/beau/airflow/py_env/lib/python3.10/site-packages/airflow/example_dags/plugins/event_listener.py
[2023-09-27T23:02:44.886-0400] {processor.py:841} WARNING - No viable dags retrieved from /home/beau/airflow/py_env/lib/python3.10/site-packages/airflow/example_dags/plugins/event_listener.py
[2023-09-27T23:02:44.904-0400] {processor.py:179} INFO - Processing /home/beau/airflow/py_env/lib/python3.10/site-packages/airflow/example_dags/plugins/event_listener.py took 0.038 seconds
[2023-09-27T23:03:31.642-0400] {processor.py:157} INFO - Started process (PID=22865) to work on /home/beau/airflow/py_env/lib/python3.10/site-packages/airflow/example_dags/plugins/event_listener.py
[2023-09-27T23:03:31.647-0400] {processor.py:829} INFO - Processing file /home/beau/airflow/py_env/lib/python3.10/site-packages/airflow/example_dags/plugins/event_listener.py for tasks to queue
[2023-09-27T23:03:31.649-0400] {logging_mixin.py:151} INFO - [2023-09-27T23:03:31.648-0400] {dagbag.py:539} INFO - Filling up the DagBag from /home/beau/airflow/py_env/lib/python3.10/site-packages/airflow/example_dags/plugins/event_listener.py
[2023-09-27T23:03:31.653-0400] {processor.py:841} WARNING - No viable dags retrieved from /home/beau/airflow/py_env/lib/python3.10/site-packages/airflow/example_dags/plugins/event_listener.py
[2023-09-27T23:03:31.672-0400] {processor.py:179} INFO - Processing /home/beau/airflow/py_env/lib/python3.10/site-packages/airflow/example_dags/plugins/event_listener.py took 0.039 seconds
[2023-09-27T23:04:25.370-0400] {processor.py:157} INFO - Started process (PID=23360) to work on /home/beau/airflow/py_env/lib/python3.10/site-packages/airflow/example_dags/plugins/event_listener.py
[2023-09-27T23:04:25.375-0400] {processor.py:829} INFO - Processing file /home/beau/airflow/py_env/lib/python3.10/site-packages/airflow/example_dags/plugins/event_listener.py for tasks to queue
[2023-09-27T23:04:25.377-0400] {logging_mixin.py:151} INFO - [2023-09-27T23:04:25.376-0400] {dagbag.py:539} INFO - Filling up the DagBag from /home/beau/airflow/py_env/lib/python3.10/site-packages/airflow/example_dags/plugins/event_listener.py
[2023-09-27T23:04:25.381-0400] {processor.py:841} WARNING - No viable dags retrieved from /home/beau/airflow/py_env/lib/python3.10/site-packages/airflow/example_dags/plugins/event_listener.py
[2023-09-27T23:04:25.397-0400] {processor.py:179} INFO - Processing /home/beau/airflow/py_env/lib/python3.10/site-packages/airflow/example_dags/plugins/event_listener.py took 0.033 seconds
[2023-09-27T23:05:18.422-0400] {processor.py:157} INFO - Started process (PID=23600) to work on /home/beau/airflow/py_env/lib/python3.10/site-packages/airflow/example_dags/plugins/event_listener.py
[2023-09-27T23:05:18.427-0400] {processor.py:829} INFO - Processing file /home/beau/airflow/py_env/lib/python3.10/site-packages/airflow/example_dags/plugins/event_listener.py for tasks to queue
[2023-09-27T23:05:18.429-0400] {logging_mixin.py:151} INFO - [2023-09-27T23:05:18.428-0400] {dagbag.py:539} INFO - Filling up the DagBag from /home/beau/airflow/py_env/lib/python3.10/site-packages/airflow/example_dags/plugins/event_listener.py
[2023-09-27T23:05:18.435-0400] {processor.py:841} WARNING - No viable dags retrieved from /home/beau/airflow/py_env/lib/python3.10/site-packages/airflow/example_dags/plugins/event_listener.py
[2023-09-27T23:05:18.459-0400] {processor.py:179} INFO - Processing /home/beau/airflow/py_env/lib/python3.10/site-packages/airflow/example_dags/plugins/event_listener.py took 0.046 seconds
[2023-09-27T23:06:15.599-0400] {processor.py:157} INFO - Started process (PID=23860) to work on /home/beau/airflow/py_env/lib/python3.10/site-packages/airflow/example_dags/plugins/event_listener.py
[2023-09-27T23:06:15.603-0400] {processor.py:829} INFO - Processing file /home/beau/airflow/py_env/lib/python3.10/site-packages/airflow/example_dags/plugins/event_listener.py for tasks to queue
[2023-09-27T23:06:15.605-0400] {logging_mixin.py:151} INFO - [2023-09-27T23:06:15.604-0400] {dagbag.py:539} INFO - Filling up the DagBag from /home/beau/airflow/py_env/lib/python3.10/site-packages/airflow/example_dags/plugins/event_listener.py
[2023-09-27T23:06:15.608-0400] {processor.py:841} WARNING - No viable dags retrieved from /home/beau/airflow/py_env/lib/python3.10/site-packages/airflow/example_dags/plugins/event_listener.py
[2023-09-27T23:06:15.624-0400] {processor.py:179} INFO - Processing /home/beau/airflow/py_env/lib/python3.10/site-packages/airflow/example_dags/plugins/event_listener.py took 0.033 seconds
[2023-09-27T23:07:01.655-0400] {processor.py:157} INFO - Started process (PID=24072) to work on /home/beau/airflow/py_env/lib/python3.10/site-packages/airflow/example_dags/plugins/event_listener.py
[2023-09-27T23:07:01.660-0400] {processor.py:829} INFO - Processing file /home/beau/airflow/py_env/lib/python3.10/site-packages/airflow/example_dags/plugins/event_listener.py for tasks to queue
[2023-09-27T23:07:01.662-0400] {logging_mixin.py:151} INFO - [2023-09-27T23:07:01.661-0400] {dagbag.py:539} INFO - Filling up the DagBag from /home/beau/airflow/py_env/lib/python3.10/site-packages/airflow/example_dags/plugins/event_listener.py
[2023-09-27T23:07:01.668-0400] {processor.py:841} WARNING - No viable dags retrieved from /home/beau/airflow/py_env/lib/python3.10/site-packages/airflow/example_dags/plugins/event_listener.py
[2023-09-27T23:07:01.686-0400] {processor.py:179} INFO - Processing /home/beau/airflow/py_env/lib/python3.10/site-packages/airflow/example_dags/plugins/event_listener.py took 0.038 seconds
[2023-09-27T23:08:02.913-0400] {processor.py:157} INFO - Started process (PID=24402) to work on /home/beau/airflow/py_env/lib/python3.10/site-packages/airflow/example_dags/plugins/event_listener.py
[2023-09-27T23:08:02.917-0400] {processor.py:829} INFO - Processing file /home/beau/airflow/py_env/lib/python3.10/site-packages/airflow/example_dags/plugins/event_listener.py for tasks to queue
[2023-09-27T23:08:02.918-0400] {logging_mixin.py:151} INFO - [2023-09-27T23:08:02.918-0400] {dagbag.py:539} INFO - Filling up the DagBag from /home/beau/airflow/py_env/lib/python3.10/site-packages/airflow/example_dags/plugins/event_listener.py
[2023-09-27T23:08:02.920-0400] {processor.py:841} WARNING - No viable dags retrieved from /home/beau/airflow/py_env/lib/python3.10/site-packages/airflow/example_dags/plugins/event_listener.py
[2023-09-27T23:08:02.934-0400] {processor.py:179} INFO - Processing /home/beau/airflow/py_env/lib/python3.10/site-packages/airflow/example_dags/plugins/event_listener.py took 0.028 seconds
[2023-09-27T23:09:03.175-0400] {processor.py:157} INFO - Started process (PID=24713) to work on /home/beau/airflow/py_env/lib/python3.10/site-packages/airflow/example_dags/plugins/event_listener.py
[2023-09-27T23:09:03.179-0400] {processor.py:829} INFO - Processing file /home/beau/airflow/py_env/lib/python3.10/site-packages/airflow/example_dags/plugins/event_listener.py for tasks to queue
[2023-09-27T23:09:03.181-0400] {logging_mixin.py:151} INFO - [2023-09-27T23:09:03.180-0400] {dagbag.py:539} INFO - Filling up the DagBag from /home/beau/airflow/py_env/lib/python3.10/site-packages/airflow/example_dags/plugins/event_listener.py
[2023-09-27T23:09:03.184-0400] {processor.py:841} WARNING - No viable dags retrieved from /home/beau/airflow/py_env/lib/python3.10/site-packages/airflow/example_dags/plugins/event_listener.py
[2023-09-27T23:09:03.198-0400] {processor.py:179} INFO - Processing /home/beau/airflow/py_env/lib/python3.10/site-packages/airflow/example_dags/plugins/event_listener.py took 0.028 seconds
[2023-09-27T23:09:58.244-0400] {processor.py:157} INFO - Started process (PID=24966) to work on /home/beau/airflow/py_env/lib/python3.10/site-packages/airflow/example_dags/plugins/event_listener.py
[2023-09-27T23:09:58.248-0400] {processor.py:829} INFO - Processing file /home/beau/airflow/py_env/lib/python3.10/site-packages/airflow/example_dags/plugins/event_listener.py for tasks to queue
[2023-09-27T23:09:58.249-0400] {logging_mixin.py:151} INFO - [2023-09-27T23:09:58.248-0400] {dagbag.py:539} INFO - Filling up the DagBag from /home/beau/airflow/py_env/lib/python3.10/site-packages/airflow/example_dags/plugins/event_listener.py
[2023-09-27T23:09:58.251-0400] {processor.py:841} WARNING - No viable dags retrieved from /home/beau/airflow/py_env/lib/python3.10/site-packages/airflow/example_dags/plugins/event_listener.py
[2023-09-27T23:09:58.261-0400] {processor.py:179} INFO - Processing /home/beau/airflow/py_env/lib/python3.10/site-packages/airflow/example_dags/plugins/event_listener.py took 0.019 seconds
[2023-09-27T23:10:59.179-0400] {processor.py:157} INFO - Started process (PID=25229) to work on /home/beau/airflow/py_env/lib/python3.10/site-packages/airflow/example_dags/plugins/event_listener.py
[2023-09-27T23:10:59.183-0400] {processor.py:829} INFO - Processing file /home/beau/airflow/py_env/lib/python3.10/site-packages/airflow/example_dags/plugins/event_listener.py for tasks to queue
[2023-09-27T23:10:59.184-0400] {logging_mixin.py:151} INFO - [2023-09-27T23:10:59.184-0400] {dagbag.py:539} INFO - Filling up the DagBag from /home/beau/airflow/py_env/lib/python3.10/site-packages/airflow/example_dags/plugins/event_listener.py
[2023-09-27T23:10:59.187-0400] {processor.py:841} WARNING - No viable dags retrieved from /home/beau/airflow/py_env/lib/python3.10/site-packages/airflow/example_dags/plugins/event_listener.py
[2023-09-27T23:10:59.200-0400] {processor.py:179} INFO - Processing /home/beau/airflow/py_env/lib/python3.10/site-packages/airflow/example_dags/plugins/event_listener.py took 0.025 seconds
[2023-09-27T23:11:55.456-0400] {processor.py:157} INFO - Started process (PID=25506) to work on /home/beau/airflow/py_env/lib/python3.10/site-packages/airflow/example_dags/plugins/event_listener.py
[2023-09-27T23:11:55.461-0400] {processor.py:829} INFO - Processing file /home/beau/airflow/py_env/lib/python3.10/site-packages/airflow/example_dags/plugins/event_listener.py for tasks to queue
[2023-09-27T23:11:55.462-0400] {logging_mixin.py:151} INFO - [2023-09-27T23:11:55.462-0400] {dagbag.py:539} INFO - Filling up the DagBag from /home/beau/airflow/py_env/lib/python3.10/site-packages/airflow/example_dags/plugins/event_listener.py
[2023-09-27T23:11:55.466-0400] {processor.py:841} WARNING - No viable dags retrieved from /home/beau/airflow/py_env/lib/python3.10/site-packages/airflow/example_dags/plugins/event_listener.py
[2023-09-27T23:11:55.482-0400] {processor.py:179} INFO - Processing /home/beau/airflow/py_env/lib/python3.10/site-packages/airflow/example_dags/plugins/event_listener.py took 0.031 seconds
[2023-09-27T23:12:52.336-0400] {processor.py:157} INFO - Started process (PID=25788) to work on /home/beau/airflow/py_env/lib/python3.10/site-packages/airflow/example_dags/plugins/event_listener.py
[2023-09-27T23:12:52.340-0400] {processor.py:829} INFO - Processing file /home/beau/airflow/py_env/lib/python3.10/site-packages/airflow/example_dags/plugins/event_listener.py for tasks to queue
[2023-09-27T23:12:52.342-0400] {logging_mixin.py:151} INFO - [2023-09-27T23:12:52.341-0400] {dagbag.py:539} INFO - Filling up the DagBag from /home/beau/airflow/py_env/lib/python3.10/site-packages/airflow/example_dags/plugins/event_listener.py
[2023-09-27T23:12:52.345-0400] {processor.py:841} WARNING - No viable dags retrieved from /home/beau/airflow/py_env/lib/python3.10/site-packages/airflow/example_dags/plugins/event_listener.py
[2023-09-27T23:12:52.360-0400] {processor.py:179} INFO - Processing /home/beau/airflow/py_env/lib/python3.10/site-packages/airflow/example_dags/plugins/event_listener.py took 0.028 seconds
[2023-09-27T23:13:45.923-0400] {processor.py:157} INFO - Started process (PID=26009) to work on /home/beau/airflow/py_env/lib/python3.10/site-packages/airflow/example_dags/plugins/event_listener.py
[2023-09-27T23:13:45.925-0400] {processor.py:829} INFO - Processing file /home/beau/airflow/py_env/lib/python3.10/site-packages/airflow/example_dags/plugins/event_listener.py for tasks to queue
[2023-09-27T23:13:45.926-0400] {logging_mixin.py:151} INFO - [2023-09-27T23:13:45.925-0400] {dagbag.py:539} INFO - Filling up the DagBag from /home/beau/airflow/py_env/lib/python3.10/site-packages/airflow/example_dags/plugins/event_listener.py
[2023-09-27T23:13:45.928-0400] {processor.py:841} WARNING - No viable dags retrieved from /home/beau/airflow/py_env/lib/python3.10/site-packages/airflow/example_dags/plugins/event_listener.py
[2023-09-27T23:13:45.937-0400] {processor.py:179} INFO - Processing /home/beau/airflow/py_env/lib/python3.10/site-packages/airflow/example_dags/plugins/event_listener.py took 0.018 seconds
[2023-09-27T23:14:38.904-0400] {processor.py:157} INFO - Started process (PID=26254) to work on /home/beau/airflow/py_env/lib/python3.10/site-packages/airflow/example_dags/plugins/event_listener.py
[2023-09-27T23:14:38.909-0400] {processor.py:829} INFO - Processing file /home/beau/airflow/py_env/lib/python3.10/site-packages/airflow/example_dags/plugins/event_listener.py for tasks to queue
[2023-09-27T23:14:38.911-0400] {logging_mixin.py:151} INFO - [2023-09-27T23:14:38.910-0400] {dagbag.py:539} INFO - Filling up the DagBag from /home/beau/airflow/py_env/lib/python3.10/site-packages/airflow/example_dags/plugins/event_listener.py
[2023-09-27T23:14:38.916-0400] {processor.py:841} WARNING - No viable dags retrieved from /home/beau/airflow/py_env/lib/python3.10/site-packages/airflow/example_dags/plugins/event_listener.py
[2023-09-27T23:14:38.929-0400] {processor.py:179} INFO - Processing /home/beau/airflow/py_env/lib/python3.10/site-packages/airflow/example_dags/plugins/event_listener.py took 0.033 seconds
[2023-09-27T23:15:34.028-0400] {processor.py:157} INFO - Started process (PID=26503) to work on /home/beau/airflow/py_env/lib/python3.10/site-packages/airflow/example_dags/plugins/event_listener.py
[2023-09-27T23:15:34.032-0400] {processor.py:829} INFO - Processing file /home/beau/airflow/py_env/lib/python3.10/site-packages/airflow/example_dags/plugins/event_listener.py for tasks to queue
[2023-09-27T23:15:34.034-0400] {logging_mixin.py:151} INFO - [2023-09-27T23:15:34.033-0400] {dagbag.py:539} INFO - Filling up the DagBag from /home/beau/airflow/py_env/lib/python3.10/site-packages/airflow/example_dags/plugins/event_listener.py
[2023-09-27T23:15:34.038-0400] {processor.py:841} WARNING - No viable dags retrieved from /home/beau/airflow/py_env/lib/python3.10/site-packages/airflow/example_dags/plugins/event_listener.py
[2023-09-27T23:15:34.057-0400] {processor.py:179} INFO - Processing /home/beau/airflow/py_env/lib/python3.10/site-packages/airflow/example_dags/plugins/event_listener.py took 0.038 seconds
[2023-09-27T23:16:30.753-0400] {processor.py:157} INFO - Started process (PID=26757) to work on /home/beau/airflow/py_env/lib/python3.10/site-packages/airflow/example_dags/plugins/event_listener.py
[2023-09-27T23:16:30.754-0400] {processor.py:829} INFO - Processing file /home/beau/airflow/py_env/lib/python3.10/site-packages/airflow/example_dags/plugins/event_listener.py for tasks to queue
[2023-09-27T23:16:30.756-0400] {logging_mixin.py:151} INFO - [2023-09-27T23:16:30.755-0400] {dagbag.py:539} INFO - Filling up the DagBag from /home/beau/airflow/py_env/lib/python3.10/site-packages/airflow/example_dags/plugins/event_listener.py
[2023-09-27T23:16:30.759-0400] {processor.py:841} WARNING - No viable dags retrieved from /home/beau/airflow/py_env/lib/python3.10/site-packages/airflow/example_dags/plugins/event_listener.py
[2023-09-27T23:16:30.771-0400] {processor.py:179} INFO - Processing /home/beau/airflow/py_env/lib/python3.10/site-packages/airflow/example_dags/plugins/event_listener.py took 0.023 seconds
[2023-09-27T23:17:25.809-0400] {processor.py:157} INFO - Started process (PID=27036) to work on /home/beau/airflow/py_env/lib/python3.10/site-packages/airflow/example_dags/plugins/event_listener.py
[2023-09-27T23:17:25.813-0400] {processor.py:829} INFO - Processing file /home/beau/airflow/py_env/lib/python3.10/site-packages/airflow/example_dags/plugins/event_listener.py for tasks to queue
[2023-09-27T23:17:25.814-0400] {logging_mixin.py:151} INFO - [2023-09-27T23:17:25.814-0400] {dagbag.py:539} INFO - Filling up the DagBag from /home/beau/airflow/py_env/lib/python3.10/site-packages/airflow/example_dags/plugins/event_listener.py
[2023-09-27T23:17:25.817-0400] {processor.py:841} WARNING - No viable dags retrieved from /home/beau/airflow/py_env/lib/python3.10/site-packages/airflow/example_dags/plugins/event_listener.py
[2023-09-27T23:17:25.850-0400] {processor.py:179} INFO - Processing /home/beau/airflow/py_env/lib/python3.10/site-packages/airflow/example_dags/plugins/event_listener.py took 0.043 seconds
[2023-09-27T23:18:20.066-0400] {processor.py:157} INFO - Started process (PID=27345) to work on /home/beau/airflow/py_env/lib/python3.10/site-packages/airflow/example_dags/plugins/event_listener.py
[2023-09-27T23:18:20.071-0400] {processor.py:829} INFO - Processing file /home/beau/airflow/py_env/lib/python3.10/site-packages/airflow/example_dags/plugins/event_listener.py for tasks to queue
[2023-09-27T23:18:20.072-0400] {logging_mixin.py:151} INFO - [2023-09-27T23:18:20.072-0400] {dagbag.py:539} INFO - Filling up the DagBag from /home/beau/airflow/py_env/lib/python3.10/site-packages/airflow/example_dags/plugins/event_listener.py
[2023-09-27T23:18:20.076-0400] {processor.py:841} WARNING - No viable dags retrieved from /home/beau/airflow/py_env/lib/python3.10/site-packages/airflow/example_dags/plugins/event_listener.py
[2023-09-27T23:18:20.092-0400] {processor.py:179} INFO - Processing /home/beau/airflow/py_env/lib/python3.10/site-packages/airflow/example_dags/plugins/event_listener.py took 0.032 seconds
[2023-09-27T23:19:12.943-0400] {processor.py:157} INFO - Started process (PID=27868) to work on /home/beau/airflow/py_env/lib/python3.10/site-packages/airflow/example_dags/plugins/event_listener.py
[2023-09-27T23:19:12.947-0400] {processor.py:829} INFO - Processing file /home/beau/airflow/py_env/lib/python3.10/site-packages/airflow/example_dags/plugins/event_listener.py for tasks to queue
[2023-09-27T23:19:12.948-0400] {logging_mixin.py:151} INFO - [2023-09-27T23:19:12.948-0400] {dagbag.py:539} INFO - Filling up the DagBag from /home/beau/airflow/py_env/lib/python3.10/site-packages/airflow/example_dags/plugins/event_listener.py
[2023-09-27T23:19:12.950-0400] {processor.py:841} WARNING - No viable dags retrieved from /home/beau/airflow/py_env/lib/python3.10/site-packages/airflow/example_dags/plugins/event_listener.py
[2023-09-27T23:19:12.960-0400] {processor.py:179} INFO - Processing /home/beau/airflow/py_env/lib/python3.10/site-packages/airflow/example_dags/plugins/event_listener.py took 0.020 seconds
[2023-09-27T23:20:08.300-0400] {processor.py:157} INFO - Started process (PID=28463) to work on /home/beau/airflow/py_env/lib/python3.10/site-packages/airflow/example_dags/plugins/event_listener.py
[2023-09-27T23:20:08.303-0400] {processor.py:829} INFO - Processing file /home/beau/airflow/py_env/lib/python3.10/site-packages/airflow/example_dags/plugins/event_listener.py for tasks to queue
[2023-09-27T23:20:08.304-0400] {logging_mixin.py:151} INFO - [2023-09-27T23:20:08.304-0400] {dagbag.py:539} INFO - Filling up the DagBag from /home/beau/airflow/py_env/lib/python3.10/site-packages/airflow/example_dags/plugins/event_listener.py
[2023-09-27T23:20:08.307-0400] {processor.py:841} WARNING - No viable dags retrieved from /home/beau/airflow/py_env/lib/python3.10/site-packages/airflow/example_dags/plugins/event_listener.py
[2023-09-27T23:20:08.319-0400] {processor.py:179} INFO - Processing /home/beau/airflow/py_env/lib/python3.10/site-packages/airflow/example_dags/plugins/event_listener.py took 0.023 seconds
[2023-09-27T23:21:06.107-0400] {processor.py:157} INFO - Started process (PID=28998) to work on /home/beau/airflow/py_env/lib/python3.10/site-packages/airflow/example_dags/plugins/event_listener.py
[2023-09-27T23:21:06.111-0400] {processor.py:829} INFO - Processing file /home/beau/airflow/py_env/lib/python3.10/site-packages/airflow/example_dags/plugins/event_listener.py for tasks to queue
[2023-09-27T23:21:06.112-0400] {logging_mixin.py:151} INFO - [2023-09-27T23:21:06.112-0400] {dagbag.py:539} INFO - Filling up the DagBag from /home/beau/airflow/py_env/lib/python3.10/site-packages/airflow/example_dags/plugins/event_listener.py
[2023-09-27T23:21:06.114-0400] {processor.py:841} WARNING - No viable dags retrieved from /home/beau/airflow/py_env/lib/python3.10/site-packages/airflow/example_dags/plugins/event_listener.py
[2023-09-27T23:21:06.123-0400] {processor.py:179} INFO - Processing /home/beau/airflow/py_env/lib/python3.10/site-packages/airflow/example_dags/plugins/event_listener.py took 0.021 seconds
[2023-09-27T23:22:02.745-0400] {processor.py:157} INFO - Started process (PID=29438) to work on /home/beau/airflow/py_env/lib/python3.10/site-packages/airflow/example_dags/plugins/event_listener.py
[2023-09-27T23:22:02.750-0400] {processor.py:829} INFO - Processing file /home/beau/airflow/py_env/lib/python3.10/site-packages/airflow/example_dags/plugins/event_listener.py for tasks to queue
[2023-09-27T23:22:02.752-0400] {logging_mixin.py:151} INFO - [2023-09-27T23:22:02.751-0400] {dagbag.py:539} INFO - Filling up the DagBag from /home/beau/airflow/py_env/lib/python3.10/site-packages/airflow/example_dags/plugins/event_listener.py
[2023-09-27T23:22:02.757-0400] {processor.py:841} WARNING - No viable dags retrieved from /home/beau/airflow/py_env/lib/python3.10/site-packages/airflow/example_dags/plugins/event_listener.py
[2023-09-27T23:22:02.773-0400] {processor.py:179} INFO - Processing /home/beau/airflow/py_env/lib/python3.10/site-packages/airflow/example_dags/plugins/event_listener.py took 0.038 seconds
[2023-09-27T23:23:02.970-0400] {processor.py:157} INFO - Started process (PID=29873) to work on /home/beau/airflow/py_env/lib/python3.10/site-packages/airflow/example_dags/plugins/event_listener.py
[2023-09-27T23:23:02.975-0400] {processor.py:829} INFO - Processing file /home/beau/airflow/py_env/lib/python3.10/site-packages/airflow/example_dags/plugins/event_listener.py for tasks to queue
[2023-09-27T23:23:02.976-0400] {logging_mixin.py:151} INFO - [2023-09-27T23:23:02.975-0400] {dagbag.py:539} INFO - Filling up the DagBag from /home/beau/airflow/py_env/lib/python3.10/site-packages/airflow/example_dags/plugins/event_listener.py
[2023-09-27T23:23:02.979-0400] {processor.py:841} WARNING - No viable dags retrieved from /home/beau/airflow/py_env/lib/python3.10/site-packages/airflow/example_dags/plugins/event_listener.py
[2023-09-27T23:23:02.994-0400] {processor.py:179} INFO - Processing /home/beau/airflow/py_env/lib/python3.10/site-packages/airflow/example_dags/plugins/event_listener.py took 0.028 seconds
[2023-09-27T23:23:59.635-0400] {processor.py:157} INFO - Started process (PID=30359) to work on /home/beau/airflow/py_env/lib/python3.10/site-packages/airflow/example_dags/plugins/event_listener.py
[2023-09-27T23:23:59.637-0400] {processor.py:829} INFO - Processing file /home/beau/airflow/py_env/lib/python3.10/site-packages/airflow/example_dags/plugins/event_listener.py for tasks to queue
[2023-09-27T23:23:59.638-0400] {logging_mixin.py:151} INFO - [2023-09-27T23:23:59.638-0400] {dagbag.py:539} INFO - Filling up the DagBag from /home/beau/airflow/py_env/lib/python3.10/site-packages/airflow/example_dags/plugins/event_listener.py
[2023-09-27T23:23:59.642-0400] {processor.py:841} WARNING - No viable dags retrieved from /home/beau/airflow/py_env/lib/python3.10/site-packages/airflow/example_dags/plugins/event_listener.py
[2023-09-27T23:23:59.652-0400] {processor.py:179} INFO - Processing /home/beau/airflow/py_env/lib/python3.10/site-packages/airflow/example_dags/plugins/event_listener.py took 0.022 seconds
