[2023-09-23T21:56:42.912-0400] {processor.py:157} INFO - Started process (PID=1193) to work on /home/beau/airflow/py_env/lib/python3.10/site-packages/airflow/example_dags/plugins/listener_plugin.py
[2023-09-23T21:56:42.914-0400] {processor.py:829} INFO - Processing file /home/beau/airflow/py_env/lib/python3.10/site-packages/airflow/example_dags/plugins/listener_plugin.py for tasks to queue
[2023-09-23T21:56:42.916-0400] {logging_mixin.py:151} INFO - [2023-09-23T21:56:42.915-0400] {dagbag.py:539} INFO - Filling up the DagBag from /home/beau/airflow/py_env/lib/python3.10/site-packages/airflow/example_dags/plugins/listener_plugin.py
[2023-09-23T21:56:42.921-0400] {processor.py:841} WARNING - No viable dags retrieved from /home/beau/airflow/py_env/lib/python3.10/site-packages/airflow/example_dags/plugins/listener_plugin.py
[2023-09-23T21:56:42.940-0400] {processor.py:179} INFO - Processing /home/beau/airflow/py_env/lib/python3.10/site-packages/airflow/example_dags/plugins/listener_plugin.py took 0.035 seconds
[2023-09-23T21:57:28.477-0400] {processor.py:157} INFO - Started process (PID=1743) to work on /home/beau/airflow/py_env/lib/python3.10/site-packages/airflow/example_dags/plugins/listener_plugin.py
[2023-09-23T21:57:28.479-0400] {processor.py:829} INFO - Processing file /home/beau/airflow/py_env/lib/python3.10/site-packages/airflow/example_dags/plugins/listener_plugin.py for tasks to queue
[2023-09-23T21:57:28.481-0400] {logging_mixin.py:151} INFO - [2023-09-23T21:57:28.480-0400] {dagbag.py:539} INFO - Filling up the DagBag from /home/beau/airflow/py_env/lib/python3.10/site-packages/airflow/example_dags/plugins/listener_plugin.py
[2023-09-23T21:57:28.486-0400] {processor.py:841} WARNING - No viable dags retrieved from /home/beau/airflow/py_env/lib/python3.10/site-packages/airflow/example_dags/plugins/listener_plugin.py
[2023-09-23T21:57:28.501-0400] {processor.py:179} INFO - Processing /home/beau/airflow/py_env/lib/python3.10/site-packages/airflow/example_dags/plugins/listener_plugin.py took 0.030 seconds
[2023-09-23T21:58:19.195-0400] {processor.py:157} INFO - Started process (PID=1962) to work on /home/beau/airflow/py_env/lib/python3.10/site-packages/airflow/example_dags/plugins/listener_plugin.py
[2023-09-23T21:58:19.200-0400] {processor.py:829} INFO - Processing file /home/beau/airflow/py_env/lib/python3.10/site-packages/airflow/example_dags/plugins/listener_plugin.py for tasks to queue
[2023-09-23T21:58:19.202-0400] {logging_mixin.py:151} INFO - [2023-09-23T21:58:19.201-0400] {dagbag.py:539} INFO - Filling up the DagBag from /home/beau/airflow/py_env/lib/python3.10/site-packages/airflow/example_dags/plugins/listener_plugin.py
[2023-09-23T21:58:19.206-0400] {processor.py:841} WARNING - No viable dags retrieved from /home/beau/airflow/py_env/lib/python3.10/site-packages/airflow/example_dags/plugins/listener_plugin.py
[2023-09-23T21:58:19.223-0400] {processor.py:179} INFO - Processing /home/beau/airflow/py_env/lib/python3.10/site-packages/airflow/example_dags/plugins/listener_plugin.py took 0.036 seconds
[2023-09-23T21:59:14.607-0400] {processor.py:157} INFO - Started process (PID=2215) to work on /home/beau/airflow/py_env/lib/python3.10/site-packages/airflow/example_dags/plugins/listener_plugin.py
[2023-09-23T21:59:14.608-0400] {processor.py:829} INFO - Processing file /home/beau/airflow/py_env/lib/python3.10/site-packages/airflow/example_dags/plugins/listener_plugin.py for tasks to queue
[2023-09-23T21:59:14.609-0400] {logging_mixin.py:151} INFO - [2023-09-23T21:59:14.609-0400] {dagbag.py:539} INFO - Filling up the DagBag from /home/beau/airflow/py_env/lib/python3.10/site-packages/airflow/example_dags/plugins/listener_plugin.py
[2023-09-23T21:59:14.612-0400] {processor.py:841} WARNING - No viable dags retrieved from /home/beau/airflow/py_env/lib/python3.10/site-packages/airflow/example_dags/plugins/listener_plugin.py
[2023-09-23T21:59:14.620-0400] {processor.py:179} INFO - Processing /home/beau/airflow/py_env/lib/python3.10/site-packages/airflow/example_dags/plugins/listener_plugin.py took 0.016 seconds
[2023-09-23T22:00:08.248-0400] {processor.py:157} INFO - Started process (PID=2818) to work on /home/beau/airflow/py_env/lib/python3.10/site-packages/airflow/example_dags/plugins/listener_plugin.py
[2023-09-23T22:00:08.251-0400] {processor.py:829} INFO - Processing file /home/beau/airflow/py_env/lib/python3.10/site-packages/airflow/example_dags/plugins/listener_plugin.py for tasks to queue
[2023-09-23T22:00:08.252-0400] {logging_mixin.py:151} INFO - [2023-09-23T22:00:08.252-0400] {dagbag.py:539} INFO - Filling up the DagBag from /home/beau/airflow/py_env/lib/python3.10/site-packages/airflow/example_dags/plugins/listener_plugin.py
[2023-09-23T22:00:08.255-0400] {processor.py:841} WARNING - No viable dags retrieved from /home/beau/airflow/py_env/lib/python3.10/site-packages/airflow/example_dags/plugins/listener_plugin.py
[2023-09-23T22:00:08.267-0400] {processor.py:179} INFO - Processing /home/beau/airflow/py_env/lib/python3.10/site-packages/airflow/example_dags/plugins/listener_plugin.py took 0.025 seconds
[2023-09-23T22:01:01.176-0400] {processor.py:157} INFO - Started process (PID=3298) to work on /home/beau/airflow/py_env/lib/python3.10/site-packages/airflow/example_dags/plugins/listener_plugin.py
[2023-09-23T22:01:01.181-0400] {processor.py:829} INFO - Processing file /home/beau/airflow/py_env/lib/python3.10/site-packages/airflow/example_dags/plugins/listener_plugin.py for tasks to queue
[2023-09-23T22:01:01.182-0400] {logging_mixin.py:151} INFO - [2023-09-23T22:01:01.181-0400] {dagbag.py:539} INFO - Filling up the DagBag from /home/beau/airflow/py_env/lib/python3.10/site-packages/airflow/example_dags/plugins/listener_plugin.py
[2023-09-23T22:01:01.185-0400] {processor.py:841} WARNING - No viable dags retrieved from /home/beau/airflow/py_env/lib/python3.10/site-packages/airflow/example_dags/plugins/listener_plugin.py
[2023-09-23T22:01:01.199-0400] {processor.py:179} INFO - Processing /home/beau/airflow/py_env/lib/python3.10/site-packages/airflow/example_dags/plugins/listener_plugin.py took 0.027 seconds
[2023-09-23T22:01:52.882-0400] {processor.py:157} INFO - Started process (PID=3619) to work on /home/beau/airflow/py_env/lib/python3.10/site-packages/airflow/example_dags/plugins/listener_plugin.py
[2023-09-23T22:01:52.886-0400] {processor.py:829} INFO - Processing file /home/beau/airflow/py_env/lib/python3.10/site-packages/airflow/example_dags/plugins/listener_plugin.py for tasks to queue
[2023-09-23T22:01:52.887-0400] {logging_mixin.py:151} INFO - [2023-09-23T22:01:52.887-0400] {dagbag.py:539} INFO - Filling up the DagBag from /home/beau/airflow/py_env/lib/python3.10/site-packages/airflow/example_dags/plugins/listener_plugin.py
[2023-09-23T22:01:52.891-0400] {processor.py:841} WARNING - No viable dags retrieved from /home/beau/airflow/py_env/lib/python3.10/site-packages/airflow/example_dags/plugins/listener_plugin.py
[2023-09-23T22:01:52.904-0400] {processor.py:179} INFO - Processing /home/beau/airflow/py_env/lib/python3.10/site-packages/airflow/example_dags/plugins/listener_plugin.py took 0.028 seconds
[2023-09-23T22:02:44.721-0400] {processor.py:157} INFO - Started process (PID=3881) to work on /home/beau/airflow/py_env/lib/python3.10/site-packages/airflow/example_dags/plugins/listener_plugin.py
[2023-09-23T22:02:44.725-0400] {processor.py:829} INFO - Processing file /home/beau/airflow/py_env/lib/python3.10/site-packages/airflow/example_dags/plugins/listener_plugin.py for tasks to queue
[2023-09-23T22:02:44.727-0400] {logging_mixin.py:151} INFO - [2023-09-23T22:02:44.726-0400] {dagbag.py:539} INFO - Filling up the DagBag from /home/beau/airflow/py_env/lib/python3.10/site-packages/airflow/example_dags/plugins/listener_plugin.py
[2023-09-23T22:02:44.730-0400] {processor.py:841} WARNING - No viable dags retrieved from /home/beau/airflow/py_env/lib/python3.10/site-packages/airflow/example_dags/plugins/listener_plugin.py
[2023-09-23T22:02:44.740-0400] {processor.py:179} INFO - Processing /home/beau/airflow/py_env/lib/python3.10/site-packages/airflow/example_dags/plugins/listener_plugin.py took 0.022 seconds
[2023-09-23T22:03:40.927-0400] {processor.py:157} INFO - Started process (PID=4151) to work on /home/beau/airflow/py_env/lib/python3.10/site-packages/airflow/example_dags/plugins/listener_plugin.py
[2023-09-23T22:03:40.931-0400] {processor.py:829} INFO - Processing file /home/beau/airflow/py_env/lib/python3.10/site-packages/airflow/example_dags/plugins/listener_plugin.py for tasks to queue
[2023-09-23T22:03:40.932-0400] {logging_mixin.py:151} INFO - [2023-09-23T22:03:40.932-0400] {dagbag.py:539} INFO - Filling up the DagBag from /home/beau/airflow/py_env/lib/python3.10/site-packages/airflow/example_dags/plugins/listener_plugin.py
[2023-09-23T22:03:40.936-0400] {processor.py:841} WARNING - No viable dags retrieved from /home/beau/airflow/py_env/lib/python3.10/site-packages/airflow/example_dags/plugins/listener_plugin.py
[2023-09-23T22:03:40.951-0400] {processor.py:179} INFO - Processing /home/beau/airflow/py_env/lib/python3.10/site-packages/airflow/example_dags/plugins/listener_plugin.py took 0.029 seconds
[2023-09-23T22:04:27.907-0400] {processor.py:157} INFO - Started process (PID=4390) to work on /home/beau/airflow/py_env/lib/python3.10/site-packages/airflow/example_dags/plugins/listener_plugin.py
[2023-09-23T22:04:27.908-0400] {processor.py:829} INFO - Processing file /home/beau/airflow/py_env/lib/python3.10/site-packages/airflow/example_dags/plugins/listener_plugin.py for tasks to queue
[2023-09-23T22:04:27.909-0400] {logging_mixin.py:151} INFO - [2023-09-23T22:04:27.909-0400] {dagbag.py:539} INFO - Filling up the DagBag from /home/beau/airflow/py_env/lib/python3.10/site-packages/airflow/example_dags/plugins/listener_plugin.py
[2023-09-23T22:04:27.912-0400] {processor.py:841} WARNING - No viable dags retrieved from /home/beau/airflow/py_env/lib/python3.10/site-packages/airflow/example_dags/plugins/listener_plugin.py
[2023-09-23T22:04:27.921-0400] {processor.py:179} INFO - Processing /home/beau/airflow/py_env/lib/python3.10/site-packages/airflow/example_dags/plugins/listener_plugin.py took 0.019 seconds
[2023-09-23T22:05:21.071-0400] {processor.py:157} INFO - Started process (PID=4653) to work on /home/beau/airflow/py_env/lib/python3.10/site-packages/airflow/example_dags/plugins/listener_plugin.py
[2023-09-23T22:05:21.072-0400] {processor.py:829} INFO - Processing file /home/beau/airflow/py_env/lib/python3.10/site-packages/airflow/example_dags/plugins/listener_plugin.py for tasks to queue
[2023-09-23T22:05:21.074-0400] {logging_mixin.py:151} INFO - [2023-09-23T22:05:21.073-0400] {dagbag.py:539} INFO - Filling up the DagBag from /home/beau/airflow/py_env/lib/python3.10/site-packages/airflow/example_dags/plugins/listener_plugin.py
[2023-09-23T22:05:21.077-0400] {processor.py:841} WARNING - No viable dags retrieved from /home/beau/airflow/py_env/lib/python3.10/site-packages/airflow/example_dags/plugins/listener_plugin.py
[2023-09-23T22:05:21.089-0400] {processor.py:179} INFO - Processing /home/beau/airflow/py_env/lib/python3.10/site-packages/airflow/example_dags/plugins/listener_plugin.py took 0.023 seconds
[2023-09-23T22:06:14.283-0400] {processor.py:157} INFO - Started process (PID=4977) to work on /home/beau/airflow/py_env/lib/python3.10/site-packages/airflow/example_dags/plugins/listener_plugin.py
[2023-09-23T22:06:14.286-0400] {processor.py:829} INFO - Processing file /home/beau/airflow/py_env/lib/python3.10/site-packages/airflow/example_dags/plugins/listener_plugin.py for tasks to queue
[2023-09-23T22:06:14.288-0400] {logging_mixin.py:151} INFO - [2023-09-23T22:06:14.287-0400] {dagbag.py:539} INFO - Filling up the DagBag from /home/beau/airflow/py_env/lib/python3.10/site-packages/airflow/example_dags/plugins/listener_plugin.py
[2023-09-23T22:06:14.290-0400] {processor.py:841} WARNING - No viable dags retrieved from /home/beau/airflow/py_env/lib/python3.10/site-packages/airflow/example_dags/plugins/listener_plugin.py
[2023-09-23T22:06:14.298-0400] {processor.py:179} INFO - Processing /home/beau/airflow/py_env/lib/python3.10/site-packages/airflow/example_dags/plugins/listener_plugin.py took 0.019 seconds
[2023-09-23T22:07:03.580-0400] {processor.py:157} INFO - Started process (PID=5288) to work on /home/beau/airflow/py_env/lib/python3.10/site-packages/airflow/example_dags/plugins/listener_plugin.py
[2023-09-23T22:07:03.583-0400] {processor.py:829} INFO - Processing file /home/beau/airflow/py_env/lib/python3.10/site-packages/airflow/example_dags/plugins/listener_plugin.py for tasks to queue
[2023-09-23T22:07:03.584-0400] {logging_mixin.py:151} INFO - [2023-09-23T22:07:03.584-0400] {dagbag.py:539} INFO - Filling up the DagBag from /home/beau/airflow/py_env/lib/python3.10/site-packages/airflow/example_dags/plugins/listener_plugin.py
[2023-09-23T22:07:03.588-0400] {processor.py:841} WARNING - No viable dags retrieved from /home/beau/airflow/py_env/lib/python3.10/site-packages/airflow/example_dags/plugins/listener_plugin.py
[2023-09-23T22:07:03.597-0400] {processor.py:179} INFO - Processing /home/beau/airflow/py_env/lib/python3.10/site-packages/airflow/example_dags/plugins/listener_plugin.py took 0.021 seconds
[2023-09-23T22:07:54.762-0400] {processor.py:157} INFO - Started process (PID=5542) to work on /home/beau/airflow/py_env/lib/python3.10/site-packages/airflow/example_dags/plugins/listener_plugin.py
[2023-09-23T22:07:54.767-0400] {processor.py:829} INFO - Processing file /home/beau/airflow/py_env/lib/python3.10/site-packages/airflow/example_dags/plugins/listener_plugin.py for tasks to queue
[2023-09-23T22:07:54.770-0400] {logging_mixin.py:151} INFO - [2023-09-23T22:07:54.769-0400] {dagbag.py:539} INFO - Filling up the DagBag from /home/beau/airflow/py_env/lib/python3.10/site-packages/airflow/example_dags/plugins/listener_plugin.py
[2023-09-23T22:07:54.775-0400] {processor.py:841} WARNING - No viable dags retrieved from /home/beau/airflow/py_env/lib/python3.10/site-packages/airflow/example_dags/plugins/listener_plugin.py
[2023-09-23T22:07:54.785-0400] {processor.py:179} INFO - Processing /home/beau/airflow/py_env/lib/python3.10/site-packages/airflow/example_dags/plugins/listener_plugin.py took 0.029 seconds
[2023-09-23T22:08:48.495-0400] {processor.py:157} INFO - Started process (PID=5806) to work on /home/beau/airflow/py_env/lib/python3.10/site-packages/airflow/example_dags/plugins/listener_plugin.py
[2023-09-23T22:08:48.497-0400] {processor.py:829} INFO - Processing file /home/beau/airflow/py_env/lib/python3.10/site-packages/airflow/example_dags/plugins/listener_plugin.py for tasks to queue
[2023-09-23T22:08:48.498-0400] {logging_mixin.py:151} INFO - [2023-09-23T22:08:48.498-0400] {dagbag.py:539} INFO - Filling up the DagBag from /home/beau/airflow/py_env/lib/python3.10/site-packages/airflow/example_dags/plugins/listener_plugin.py
[2023-09-23T22:08:48.505-0400] {processor.py:841} WARNING - No viable dags retrieved from /home/beau/airflow/py_env/lib/python3.10/site-packages/airflow/example_dags/plugins/listener_plugin.py
[2023-09-23T22:08:48.524-0400] {processor.py:179} INFO - Processing /home/beau/airflow/py_env/lib/python3.10/site-packages/airflow/example_dags/plugins/listener_plugin.py took 0.035 seconds
[2023-09-23T22:09:43.902-0400] {processor.py:157} INFO - Started process (PID=6077) to work on /home/beau/airflow/py_env/lib/python3.10/site-packages/airflow/example_dags/plugins/listener_plugin.py
[2023-09-23T22:09:43.908-0400] {processor.py:829} INFO - Processing file /home/beau/airflow/py_env/lib/python3.10/site-packages/airflow/example_dags/plugins/listener_plugin.py for tasks to queue
[2023-09-23T22:09:43.911-0400] {logging_mixin.py:151} INFO - [2023-09-23T22:09:43.910-0400] {dagbag.py:539} INFO - Filling up the DagBag from /home/beau/airflow/py_env/lib/python3.10/site-packages/airflow/example_dags/plugins/listener_plugin.py
[2023-09-23T22:09:43.918-0400] {processor.py:841} WARNING - No viable dags retrieved from /home/beau/airflow/py_env/lib/python3.10/site-packages/airflow/example_dags/plugins/listener_plugin.py
[2023-09-23T22:09:43.932-0400] {processor.py:179} INFO - Processing /home/beau/airflow/py_env/lib/python3.10/site-packages/airflow/example_dags/plugins/listener_plugin.py took 0.040 seconds
[2023-09-23T22:10:36.644-0400] {processor.py:157} INFO - Started process (PID=6474) to work on /home/beau/airflow/py_env/lib/python3.10/site-packages/airflow/example_dags/plugins/listener_plugin.py
[2023-09-23T22:10:36.648-0400] {processor.py:829} INFO - Processing file /home/beau/airflow/py_env/lib/python3.10/site-packages/airflow/example_dags/plugins/listener_plugin.py for tasks to queue
[2023-09-23T22:10:36.649-0400] {logging_mixin.py:151} INFO - [2023-09-23T22:10:36.649-0400] {dagbag.py:539} INFO - Filling up the DagBag from /home/beau/airflow/py_env/lib/python3.10/site-packages/airflow/example_dags/plugins/listener_plugin.py
[2023-09-23T22:10:36.654-0400] {processor.py:841} WARNING - No viable dags retrieved from /home/beau/airflow/py_env/lib/python3.10/site-packages/airflow/example_dags/plugins/listener_plugin.py
[2023-09-23T22:10:36.665-0400] {processor.py:179} INFO - Processing /home/beau/airflow/py_env/lib/python3.10/site-packages/airflow/example_dags/plugins/listener_plugin.py took 0.027 seconds
[2023-09-23T22:11:27.841-0400] {processor.py:157} INFO - Started process (PID=6973) to work on /home/beau/airflow/py_env/lib/python3.10/site-packages/airflow/example_dags/plugins/listener_plugin.py
[2023-09-23T22:11:27.844-0400] {processor.py:829} INFO - Processing file /home/beau/airflow/py_env/lib/python3.10/site-packages/airflow/example_dags/plugins/listener_plugin.py for tasks to queue
[2023-09-23T22:11:27.847-0400] {logging_mixin.py:151} INFO - [2023-09-23T22:11:27.846-0400] {dagbag.py:539} INFO - Filling up the DagBag from /home/beau/airflow/py_env/lib/python3.10/site-packages/airflow/example_dags/plugins/listener_plugin.py
[2023-09-23T22:11:27.850-0400] {processor.py:841} WARNING - No viable dags retrieved from /home/beau/airflow/py_env/lib/python3.10/site-packages/airflow/example_dags/plugins/listener_plugin.py
[2023-09-23T22:11:27.859-0400] {processor.py:179} INFO - Processing /home/beau/airflow/py_env/lib/python3.10/site-packages/airflow/example_dags/plugins/listener_plugin.py took 0.020 seconds
[2023-09-23T22:12:20.520-0400] {processor.py:157} INFO - Started process (PID=7236) to work on /home/beau/airflow/py_env/lib/python3.10/site-packages/airflow/example_dags/plugins/listener_plugin.py
[2023-09-23T22:12:20.524-0400] {processor.py:829} INFO - Processing file /home/beau/airflow/py_env/lib/python3.10/site-packages/airflow/example_dags/plugins/listener_plugin.py for tasks to queue
[2023-09-23T22:12:20.525-0400] {logging_mixin.py:151} INFO - [2023-09-23T22:12:20.524-0400] {dagbag.py:539} INFO - Filling up the DagBag from /home/beau/airflow/py_env/lib/python3.10/site-packages/airflow/example_dags/plugins/listener_plugin.py
[2023-09-23T22:12:20.528-0400] {processor.py:841} WARNING - No viable dags retrieved from /home/beau/airflow/py_env/lib/python3.10/site-packages/airflow/example_dags/plugins/listener_plugin.py
[2023-09-23T22:12:20.540-0400] {processor.py:179} INFO - Processing /home/beau/airflow/py_env/lib/python3.10/site-packages/airflow/example_dags/plugins/listener_plugin.py took 0.023 seconds
[2023-09-23T22:13:13.679-0400] {processor.py:157} INFO - Started process (PID=7438) to work on /home/beau/airflow/py_env/lib/python3.10/site-packages/airflow/example_dags/plugins/listener_plugin.py
[2023-09-23T22:13:13.681-0400] {processor.py:829} INFO - Processing file /home/beau/airflow/py_env/lib/python3.10/site-packages/airflow/example_dags/plugins/listener_plugin.py for tasks to queue
[2023-09-23T22:13:13.682-0400] {logging_mixin.py:151} INFO - [2023-09-23T22:13:13.682-0400] {dagbag.py:539} INFO - Filling up the DagBag from /home/beau/airflow/py_env/lib/python3.10/site-packages/airflow/example_dags/plugins/listener_plugin.py
[2023-09-23T22:13:13.686-0400] {processor.py:841} WARNING - No viable dags retrieved from /home/beau/airflow/py_env/lib/python3.10/site-packages/airflow/example_dags/plugins/listener_plugin.py
[2023-09-23T22:13:13.702-0400] {processor.py:179} INFO - Processing /home/beau/airflow/py_env/lib/python3.10/site-packages/airflow/example_dags/plugins/listener_plugin.py took 0.032 seconds
[2023-09-23T22:14:07.803-0400] {processor.py:157} INFO - Started process (PID=7701) to work on /home/beau/airflow/py_env/lib/python3.10/site-packages/airflow/example_dags/plugins/listener_plugin.py
[2023-09-23T22:14:07.808-0400] {processor.py:829} INFO - Processing file /home/beau/airflow/py_env/lib/python3.10/site-packages/airflow/example_dags/plugins/listener_plugin.py for tasks to queue
[2023-09-23T22:14:07.811-0400] {logging_mixin.py:151} INFO - [2023-09-23T22:14:07.810-0400] {dagbag.py:539} INFO - Filling up the DagBag from /home/beau/airflow/py_env/lib/python3.10/site-packages/airflow/example_dags/plugins/listener_plugin.py
[2023-09-23T22:14:07.819-0400] {processor.py:841} WARNING - No viable dags retrieved from /home/beau/airflow/py_env/lib/python3.10/site-packages/airflow/example_dags/plugins/listener_plugin.py
[2023-09-23T22:14:07.838-0400] {processor.py:179} INFO - Processing /home/beau/airflow/py_env/lib/python3.10/site-packages/airflow/example_dags/plugins/listener_plugin.py took 0.041 seconds
[2023-09-23T22:14:57.453-0400] {processor.py:157} INFO - Started process (PID=7951) to work on /home/beau/airflow/py_env/lib/python3.10/site-packages/airflow/example_dags/plugins/listener_plugin.py
[2023-09-23T22:14:57.455-0400] {processor.py:829} INFO - Processing file /home/beau/airflow/py_env/lib/python3.10/site-packages/airflow/example_dags/plugins/listener_plugin.py for tasks to queue
[2023-09-23T22:14:57.456-0400] {logging_mixin.py:151} INFO - [2023-09-23T22:14:57.456-0400] {dagbag.py:539} INFO - Filling up the DagBag from /home/beau/airflow/py_env/lib/python3.10/site-packages/airflow/example_dags/plugins/listener_plugin.py
[2023-09-23T22:14:57.461-0400] {processor.py:841} WARNING - No viable dags retrieved from /home/beau/airflow/py_env/lib/python3.10/site-packages/airflow/example_dags/plugins/listener_plugin.py
[2023-09-23T22:14:57.475-0400] {processor.py:179} INFO - Processing /home/beau/airflow/py_env/lib/python3.10/site-packages/airflow/example_dags/plugins/listener_plugin.py took 0.026 seconds
[2023-09-23T22:15:52.259-0400] {processor.py:157} INFO - Started process (PID=8220) to work on /home/beau/airflow/py_env/lib/python3.10/site-packages/airflow/example_dags/plugins/listener_plugin.py
[2023-09-23T22:15:52.264-0400] {processor.py:829} INFO - Processing file /home/beau/airflow/py_env/lib/python3.10/site-packages/airflow/example_dags/plugins/listener_plugin.py for tasks to queue
[2023-09-23T22:15:52.266-0400] {logging_mixin.py:151} INFO - [2023-09-23T22:15:52.265-0400] {dagbag.py:539} INFO - Filling up the DagBag from /home/beau/airflow/py_env/lib/python3.10/site-packages/airflow/example_dags/plugins/listener_plugin.py
[2023-09-23T22:15:52.271-0400] {processor.py:841} WARNING - No viable dags retrieved from /home/beau/airflow/py_env/lib/python3.10/site-packages/airflow/example_dags/plugins/listener_plugin.py
[2023-09-23T22:15:52.294-0400] {processor.py:179} INFO - Processing /home/beau/airflow/py_env/lib/python3.10/site-packages/airflow/example_dags/plugins/listener_plugin.py took 0.042 seconds
[2023-09-23T22:16:48.964-0400] {processor.py:157} INFO - Started process (PID=8551) to work on /home/beau/airflow/py_env/lib/python3.10/site-packages/airflow/example_dags/plugins/listener_plugin.py
[2023-09-23T22:16:48.969-0400] {processor.py:829} INFO - Processing file /home/beau/airflow/py_env/lib/python3.10/site-packages/airflow/example_dags/plugins/listener_plugin.py for tasks to queue
[2023-09-23T22:16:48.972-0400] {logging_mixin.py:151} INFO - [2023-09-23T22:16:48.971-0400] {dagbag.py:539} INFO - Filling up the DagBag from /home/beau/airflow/py_env/lib/python3.10/site-packages/airflow/example_dags/plugins/listener_plugin.py
[2023-09-23T22:16:48.976-0400] {processor.py:841} WARNING - No viable dags retrieved from /home/beau/airflow/py_env/lib/python3.10/site-packages/airflow/example_dags/plugins/listener_plugin.py
[2023-09-23T22:16:48.996-0400] {processor.py:179} INFO - Processing /home/beau/airflow/py_env/lib/python3.10/site-packages/airflow/example_dags/plugins/listener_plugin.py took 0.040 seconds
[2023-09-23T22:17:40.831-0400] {processor.py:157} INFO - Started process (PID=8814) to work on /home/beau/airflow/py_env/lib/python3.10/site-packages/airflow/example_dags/plugins/listener_plugin.py
[2023-09-23T22:17:40.835-0400] {processor.py:829} INFO - Processing file /home/beau/airflow/py_env/lib/python3.10/site-packages/airflow/example_dags/plugins/listener_plugin.py for tasks to queue
[2023-09-23T22:17:40.837-0400] {logging_mixin.py:151} INFO - [2023-09-23T22:17:40.836-0400] {dagbag.py:539} INFO - Filling up the DagBag from /home/beau/airflow/py_env/lib/python3.10/site-packages/airflow/example_dags/plugins/listener_plugin.py
[2023-09-23T22:17:40.840-0400] {processor.py:841} WARNING - No viable dags retrieved from /home/beau/airflow/py_env/lib/python3.10/site-packages/airflow/example_dags/plugins/listener_plugin.py
[2023-09-23T22:17:40.849-0400] {processor.py:179} INFO - Processing /home/beau/airflow/py_env/lib/python3.10/site-packages/airflow/example_dags/plugins/listener_plugin.py took 0.020 seconds
[2023-09-23T22:18:32.798-0400] {processor.py:157} INFO - Started process (PID=9066) to work on /home/beau/airflow/py_env/lib/python3.10/site-packages/airflow/example_dags/plugins/listener_plugin.py
[2023-09-23T22:18:32.799-0400] {processor.py:829} INFO - Processing file /home/beau/airflow/py_env/lib/python3.10/site-packages/airflow/example_dags/plugins/listener_plugin.py for tasks to queue
[2023-09-23T22:18:32.802-0400] {logging_mixin.py:151} INFO - [2023-09-23T22:18:32.801-0400] {dagbag.py:539} INFO - Filling up the DagBag from /home/beau/airflow/py_env/lib/python3.10/site-packages/airflow/example_dags/plugins/listener_plugin.py
[2023-09-23T22:18:32.805-0400] {processor.py:841} WARNING - No viable dags retrieved from /home/beau/airflow/py_env/lib/python3.10/site-packages/airflow/example_dags/plugins/listener_plugin.py
[2023-09-23T22:18:32.814-0400] {processor.py:179} INFO - Processing /home/beau/airflow/py_env/lib/python3.10/site-packages/airflow/example_dags/plugins/listener_plugin.py took 0.021 seconds
[2023-09-23T22:19:27.056-0400] {processor.py:157} INFO - Started process (PID=9329) to work on /home/beau/airflow/py_env/lib/python3.10/site-packages/airflow/example_dags/plugins/listener_plugin.py
[2023-09-23T22:19:27.059-0400] {processor.py:829} INFO - Processing file /home/beau/airflow/py_env/lib/python3.10/site-packages/airflow/example_dags/plugins/listener_plugin.py for tasks to queue
[2023-09-23T22:19:27.060-0400] {logging_mixin.py:151} INFO - [2023-09-23T22:19:27.059-0400] {dagbag.py:539} INFO - Filling up the DagBag from /home/beau/airflow/py_env/lib/python3.10/site-packages/airflow/example_dags/plugins/listener_plugin.py
[2023-09-23T22:19:27.062-0400] {processor.py:841} WARNING - No viable dags retrieved from /home/beau/airflow/py_env/lib/python3.10/site-packages/airflow/example_dags/plugins/listener_plugin.py
[2023-09-23T22:19:27.073-0400] {processor.py:179} INFO - Processing /home/beau/airflow/py_env/lib/python3.10/site-packages/airflow/example_dags/plugins/listener_plugin.py took 0.021 seconds
[2023-09-23T22:20:19.160-0400] {processor.py:157} INFO - Started process (PID=9526) to work on /home/beau/airflow/py_env/lib/python3.10/site-packages/airflow/example_dags/plugins/listener_plugin.py
[2023-09-23T22:20:19.165-0400] {processor.py:829} INFO - Processing file /home/beau/airflow/py_env/lib/python3.10/site-packages/airflow/example_dags/plugins/listener_plugin.py for tasks to queue
[2023-09-23T22:20:19.166-0400] {logging_mixin.py:151} INFO - [2023-09-23T22:20:19.166-0400] {dagbag.py:539} INFO - Filling up the DagBag from /home/beau/airflow/py_env/lib/python3.10/site-packages/airflow/example_dags/plugins/listener_plugin.py
[2023-09-23T22:20:19.171-0400] {processor.py:841} WARNING - No viable dags retrieved from /home/beau/airflow/py_env/lib/python3.10/site-packages/airflow/example_dags/plugins/listener_plugin.py
[2023-09-23T22:20:19.186-0400] {processor.py:179} INFO - Processing /home/beau/airflow/py_env/lib/python3.10/site-packages/airflow/example_dags/plugins/listener_plugin.py took 0.031 seconds
[2023-09-23T22:21:09.472-0400] {processor.py:157} INFO - Started process (PID=9781) to work on /home/beau/airflow/py_env/lib/python3.10/site-packages/airflow/example_dags/plugins/listener_plugin.py
[2023-09-23T22:21:09.475-0400] {processor.py:829} INFO - Processing file /home/beau/airflow/py_env/lib/python3.10/site-packages/airflow/example_dags/plugins/listener_plugin.py for tasks to queue
[2023-09-23T22:21:09.476-0400] {logging_mixin.py:151} INFO - [2023-09-23T22:21:09.476-0400] {dagbag.py:539} INFO - Filling up the DagBag from /home/beau/airflow/py_env/lib/python3.10/site-packages/airflow/example_dags/plugins/listener_plugin.py
[2023-09-23T22:21:09.478-0400] {processor.py:841} WARNING - No viable dags retrieved from /home/beau/airflow/py_env/lib/python3.10/site-packages/airflow/example_dags/plugins/listener_plugin.py
[2023-09-23T22:21:09.491-0400] {processor.py:179} INFO - Processing /home/beau/airflow/py_env/lib/python3.10/site-packages/airflow/example_dags/plugins/listener_plugin.py took 0.022 seconds
[2023-09-23T22:22:01.428-0400] {processor.py:157} INFO - Started process (PID=10094) to work on /home/beau/airflow/py_env/lib/python3.10/site-packages/airflow/example_dags/plugins/listener_plugin.py
[2023-09-23T22:22:01.433-0400] {processor.py:829} INFO - Processing file /home/beau/airflow/py_env/lib/python3.10/site-packages/airflow/example_dags/plugins/listener_plugin.py for tasks to queue
[2023-09-23T22:22:01.435-0400] {logging_mixin.py:151} INFO - [2023-09-23T22:22:01.434-0400] {dagbag.py:539} INFO - Filling up the DagBag from /home/beau/airflow/py_env/lib/python3.10/site-packages/airflow/example_dags/plugins/listener_plugin.py
[2023-09-23T22:22:01.438-0400] {processor.py:841} WARNING - No viable dags retrieved from /home/beau/airflow/py_env/lib/python3.10/site-packages/airflow/example_dags/plugins/listener_plugin.py
[2023-09-23T22:22:01.453-0400] {processor.py:179} INFO - Processing /home/beau/airflow/py_env/lib/python3.10/site-packages/airflow/example_dags/plugins/listener_plugin.py took 0.029 seconds
[2023-09-23T22:22:53.615-0400] {processor.py:157} INFO - Started process (PID=10355) to work on /home/beau/airflow/py_env/lib/python3.10/site-packages/airflow/example_dags/plugins/listener_plugin.py
[2023-09-23T22:22:53.618-0400] {processor.py:829} INFO - Processing file /home/beau/airflow/py_env/lib/python3.10/site-packages/airflow/example_dags/plugins/listener_plugin.py for tasks to queue
[2023-09-23T22:22:53.619-0400] {logging_mixin.py:151} INFO - [2023-09-23T22:22:53.619-0400] {dagbag.py:539} INFO - Filling up the DagBag from /home/beau/airflow/py_env/lib/python3.10/site-packages/airflow/example_dags/plugins/listener_plugin.py
[2023-09-23T22:22:53.624-0400] {processor.py:841} WARNING - No viable dags retrieved from /home/beau/airflow/py_env/lib/python3.10/site-packages/airflow/example_dags/plugins/listener_plugin.py
[2023-09-23T22:22:53.636-0400] {processor.py:179} INFO - Processing /home/beau/airflow/py_env/lib/python3.10/site-packages/airflow/example_dags/plugins/listener_plugin.py took 0.028 seconds
[2023-09-23T22:23:43.642-0400] {processor.py:157} INFO - Started process (PID=10603) to work on /home/beau/airflow/py_env/lib/python3.10/site-packages/airflow/example_dags/plugins/listener_plugin.py
[2023-09-23T22:23:43.646-0400] {processor.py:829} INFO - Processing file /home/beau/airflow/py_env/lib/python3.10/site-packages/airflow/example_dags/plugins/listener_plugin.py for tasks to queue
[2023-09-23T22:23:43.646-0400] {logging_mixin.py:151} INFO - [2023-09-23T22:23:43.646-0400] {dagbag.py:539} INFO - Filling up the DagBag from /home/beau/airflow/py_env/lib/python3.10/site-packages/airflow/example_dags/plugins/listener_plugin.py
[2023-09-23T22:23:43.649-0400] {processor.py:841} WARNING - No viable dags retrieved from /home/beau/airflow/py_env/lib/python3.10/site-packages/airflow/example_dags/plugins/listener_plugin.py
[2023-09-23T22:23:43.657-0400] {processor.py:179} INFO - Processing /home/beau/airflow/py_env/lib/python3.10/site-packages/airflow/example_dags/plugins/listener_plugin.py took 0.017 seconds
[2023-09-23T22:24:35.286-0400] {processor.py:157} INFO - Started process (PID=10858) to work on /home/beau/airflow/py_env/lib/python3.10/site-packages/airflow/example_dags/plugins/listener_plugin.py
[2023-09-23T22:24:35.289-0400] {processor.py:829} INFO - Processing file /home/beau/airflow/py_env/lib/python3.10/site-packages/airflow/example_dags/plugins/listener_plugin.py for tasks to queue
[2023-09-23T22:24:35.290-0400] {logging_mixin.py:151} INFO - [2023-09-23T22:24:35.290-0400] {dagbag.py:539} INFO - Filling up the DagBag from /home/beau/airflow/py_env/lib/python3.10/site-packages/airflow/example_dags/plugins/listener_plugin.py
[2023-09-23T22:24:35.293-0400] {processor.py:841} WARNING - No viable dags retrieved from /home/beau/airflow/py_env/lib/python3.10/site-packages/airflow/example_dags/plugins/listener_plugin.py
[2023-09-23T22:24:35.302-0400] {processor.py:179} INFO - Processing /home/beau/airflow/py_env/lib/python3.10/site-packages/airflow/example_dags/plugins/listener_plugin.py took 0.019 seconds
[2023-09-23T22:25:27.327-0400] {processor.py:157} INFO - Started process (PID=11111) to work on /home/beau/airflow/py_env/lib/python3.10/site-packages/airflow/example_dags/plugins/listener_plugin.py
[2023-09-23T22:25:27.332-0400] {processor.py:829} INFO - Processing file /home/beau/airflow/py_env/lib/python3.10/site-packages/airflow/example_dags/plugins/listener_plugin.py for tasks to queue
[2023-09-23T22:25:27.333-0400] {logging_mixin.py:151} INFO - [2023-09-23T22:25:27.333-0400] {dagbag.py:539} INFO - Filling up the DagBag from /home/beau/airflow/py_env/lib/python3.10/site-packages/airflow/example_dags/plugins/listener_plugin.py
[2023-09-23T22:25:27.337-0400] {processor.py:841} WARNING - No viable dags retrieved from /home/beau/airflow/py_env/lib/python3.10/site-packages/airflow/example_dags/plugins/listener_plugin.py
[2023-09-23T22:25:27.349-0400] {processor.py:179} INFO - Processing /home/beau/airflow/py_env/lib/python3.10/site-packages/airflow/example_dags/plugins/listener_plugin.py took 0.029 seconds
[2023-09-23T22:26:18.001-0400] {processor.py:157} INFO - Started process (PID=11306) to work on /home/beau/airflow/py_env/lib/python3.10/site-packages/airflow/example_dags/plugins/listener_plugin.py
[2023-09-23T22:26:18.005-0400] {processor.py:829} INFO - Processing file /home/beau/airflow/py_env/lib/python3.10/site-packages/airflow/example_dags/plugins/listener_plugin.py for tasks to queue
[2023-09-23T22:26:18.006-0400] {logging_mixin.py:151} INFO - [2023-09-23T22:26:18.006-0400] {dagbag.py:539} INFO - Filling up the DagBag from /home/beau/airflow/py_env/lib/python3.10/site-packages/airflow/example_dags/plugins/listener_plugin.py
[2023-09-23T22:26:18.008-0400] {processor.py:841} WARNING - No viable dags retrieved from /home/beau/airflow/py_env/lib/python3.10/site-packages/airflow/example_dags/plugins/listener_plugin.py
[2023-09-23T22:26:18.016-0400] {processor.py:179} INFO - Processing /home/beau/airflow/py_env/lib/python3.10/site-packages/airflow/example_dags/plugins/listener_plugin.py took 0.017 seconds
[2023-09-23T22:27:04.062-0400] {processor.py:157} INFO - Started process (PID=11600) to work on /home/beau/airflow/py_env/lib/python3.10/site-packages/airflow/example_dags/plugins/listener_plugin.py
[2023-09-23T22:27:04.065-0400] {processor.py:829} INFO - Processing file /home/beau/airflow/py_env/lib/python3.10/site-packages/airflow/example_dags/plugins/listener_plugin.py for tasks to queue
[2023-09-23T22:27:04.066-0400] {logging_mixin.py:151} INFO - [2023-09-23T22:27:04.065-0400] {dagbag.py:539} INFO - Filling up the DagBag from /home/beau/airflow/py_env/lib/python3.10/site-packages/airflow/example_dags/plugins/listener_plugin.py
[2023-09-23T22:27:04.071-0400] {processor.py:841} WARNING - No viable dags retrieved from /home/beau/airflow/py_env/lib/python3.10/site-packages/airflow/example_dags/plugins/listener_plugin.py
[2023-09-23T22:27:04.089-0400] {processor.py:179} INFO - Processing /home/beau/airflow/py_env/lib/python3.10/site-packages/airflow/example_dags/plugins/listener_plugin.py took 0.034 seconds
[2023-09-23T22:27:53.817-0400] {processor.py:157} INFO - Started process (PID=11851) to work on /home/beau/airflow/py_env/lib/python3.10/site-packages/airflow/example_dags/plugins/listener_plugin.py
[2023-09-23T22:27:53.821-0400] {processor.py:829} INFO - Processing file /home/beau/airflow/py_env/lib/python3.10/site-packages/airflow/example_dags/plugins/listener_plugin.py for tasks to queue
[2023-09-23T22:27:53.822-0400] {logging_mixin.py:151} INFO - [2023-09-23T22:27:53.822-0400] {dagbag.py:539} INFO - Filling up the DagBag from /home/beau/airflow/py_env/lib/python3.10/site-packages/airflow/example_dags/plugins/listener_plugin.py
[2023-09-23T22:27:53.826-0400] {processor.py:841} WARNING - No viable dags retrieved from /home/beau/airflow/py_env/lib/python3.10/site-packages/airflow/example_dags/plugins/listener_plugin.py
[2023-09-23T22:27:53.839-0400] {processor.py:179} INFO - Processing /home/beau/airflow/py_env/lib/python3.10/site-packages/airflow/example_dags/plugins/listener_plugin.py took 0.027 seconds
[2023-09-23T22:28:47.635-0400] {processor.py:157} INFO - Started process (PID=12114) to work on /home/beau/airflow/py_env/lib/python3.10/site-packages/airflow/example_dags/plugins/listener_plugin.py
[2023-09-23T22:28:47.639-0400] {processor.py:829} INFO - Processing file /home/beau/airflow/py_env/lib/python3.10/site-packages/airflow/example_dags/plugins/listener_plugin.py for tasks to queue
[2023-09-23T22:28:47.641-0400] {logging_mixin.py:151} INFO - [2023-09-23T22:28:47.640-0400] {dagbag.py:539} INFO - Filling up the DagBag from /home/beau/airflow/py_env/lib/python3.10/site-packages/airflow/example_dags/plugins/listener_plugin.py
[2023-09-23T22:28:47.645-0400] {processor.py:841} WARNING - No viable dags retrieved from /home/beau/airflow/py_env/lib/python3.10/site-packages/airflow/example_dags/plugins/listener_plugin.py
[2023-09-23T22:28:47.659-0400] {processor.py:179} INFO - Processing /home/beau/airflow/py_env/lib/python3.10/site-packages/airflow/example_dags/plugins/listener_plugin.py took 0.029 seconds
[2023-09-23T22:29:40.261-0400] {processor.py:157} INFO - Started process (PID=12378) to work on /home/beau/airflow/py_env/lib/python3.10/site-packages/airflow/example_dags/plugins/listener_plugin.py
[2023-09-23T22:29:40.265-0400] {processor.py:829} INFO - Processing file /home/beau/airflow/py_env/lib/python3.10/site-packages/airflow/example_dags/plugins/listener_plugin.py for tasks to queue
[2023-09-23T22:29:40.266-0400] {logging_mixin.py:151} INFO - [2023-09-23T22:29:40.266-0400] {dagbag.py:539} INFO - Filling up the DagBag from /home/beau/airflow/py_env/lib/python3.10/site-packages/airflow/example_dags/plugins/listener_plugin.py
[2023-09-23T22:29:40.271-0400] {processor.py:841} WARNING - No viable dags retrieved from /home/beau/airflow/py_env/lib/python3.10/site-packages/airflow/example_dags/plugins/listener_plugin.py
[2023-09-23T22:29:40.288-0400] {processor.py:179} INFO - Processing /home/beau/airflow/py_env/lib/python3.10/site-packages/airflow/example_dags/plugins/listener_plugin.py took 0.033 seconds
[2023-09-23T22:30:31.003-0400] {processor.py:157} INFO - Started process (PID=12629) to work on /home/beau/airflow/py_env/lib/python3.10/site-packages/airflow/example_dags/plugins/listener_plugin.py
[2023-09-23T22:30:31.006-0400] {processor.py:829} INFO - Processing file /home/beau/airflow/py_env/lib/python3.10/site-packages/airflow/example_dags/plugins/listener_plugin.py for tasks to queue
[2023-09-23T22:30:31.007-0400] {logging_mixin.py:151} INFO - [2023-09-23T22:30:31.007-0400] {dagbag.py:539} INFO - Filling up the DagBag from /home/beau/airflow/py_env/lib/python3.10/site-packages/airflow/example_dags/plugins/listener_plugin.py
[2023-09-23T22:30:31.009-0400] {processor.py:841} WARNING - No viable dags retrieved from /home/beau/airflow/py_env/lib/python3.10/site-packages/airflow/example_dags/plugins/listener_plugin.py
[2023-09-23T22:30:31.018-0400] {processor.py:179} INFO - Processing /home/beau/airflow/py_env/lib/python3.10/site-packages/airflow/example_dags/plugins/listener_plugin.py took 0.017 seconds
[2023-09-23T22:31:19.594-0400] {processor.py:157} INFO - Started process (PID=12939) to work on /home/beau/airflow/py_env/lib/python3.10/site-packages/airflow/example_dags/plugins/listener_plugin.py
[2023-09-23T22:31:19.597-0400] {processor.py:829} INFO - Processing file /home/beau/airflow/py_env/lib/python3.10/site-packages/airflow/example_dags/plugins/listener_plugin.py for tasks to queue
[2023-09-23T22:31:19.598-0400] {logging_mixin.py:151} INFO - [2023-09-23T22:31:19.598-0400] {dagbag.py:539} INFO - Filling up the DagBag from /home/beau/airflow/py_env/lib/python3.10/site-packages/airflow/example_dags/plugins/listener_plugin.py
[2023-09-23T22:31:19.600-0400] {processor.py:841} WARNING - No viable dags retrieved from /home/beau/airflow/py_env/lib/python3.10/site-packages/airflow/example_dags/plugins/listener_plugin.py
[2023-09-23T22:31:19.612-0400] {processor.py:179} INFO - Processing /home/beau/airflow/py_env/lib/python3.10/site-packages/airflow/example_dags/plugins/listener_plugin.py took 0.022 seconds
[2023-09-23T22:32:12.478-0400] {processor.py:157} INFO - Started process (PID=13258) to work on /home/beau/airflow/py_env/lib/python3.10/site-packages/airflow/example_dags/plugins/listener_plugin.py
[2023-09-23T22:32:12.482-0400] {processor.py:829} INFO - Processing file /home/beau/airflow/py_env/lib/python3.10/site-packages/airflow/example_dags/plugins/listener_plugin.py for tasks to queue
[2023-09-23T22:32:12.483-0400] {logging_mixin.py:151} INFO - [2023-09-23T22:32:12.482-0400] {dagbag.py:539} INFO - Filling up the DagBag from /home/beau/airflow/py_env/lib/python3.10/site-packages/airflow/example_dags/plugins/listener_plugin.py
[2023-09-23T22:32:12.485-0400] {processor.py:841} WARNING - No viable dags retrieved from /home/beau/airflow/py_env/lib/python3.10/site-packages/airflow/example_dags/plugins/listener_plugin.py
[2023-09-23T22:32:12.498-0400] {processor.py:179} INFO - Processing /home/beau/airflow/py_env/lib/python3.10/site-packages/airflow/example_dags/plugins/listener_plugin.py took 0.023 seconds
[2023-09-23T22:33:01.406-0400] {processor.py:157} INFO - Started process (PID=13506) to work on /home/beau/airflow/py_env/lib/python3.10/site-packages/airflow/example_dags/plugins/listener_plugin.py
[2023-09-23T22:33:01.409-0400] {processor.py:829} INFO - Processing file /home/beau/airflow/py_env/lib/python3.10/site-packages/airflow/example_dags/plugins/listener_plugin.py for tasks to queue
[2023-09-23T22:33:01.411-0400] {logging_mixin.py:151} INFO - [2023-09-23T22:33:01.410-0400] {dagbag.py:539} INFO - Filling up the DagBag from /home/beau/airflow/py_env/lib/python3.10/site-packages/airflow/example_dags/plugins/listener_plugin.py
[2023-09-23T22:33:01.415-0400] {processor.py:841} WARNING - No viable dags retrieved from /home/beau/airflow/py_env/lib/python3.10/site-packages/airflow/example_dags/plugins/listener_plugin.py
[2023-09-23T22:33:01.431-0400] {processor.py:179} INFO - Processing /home/beau/airflow/py_env/lib/python3.10/site-packages/airflow/example_dags/plugins/listener_plugin.py took 0.031 seconds
[2023-09-23T22:33:46.953-0400] {processor.py:157} INFO - Started process (PID=13741) to work on /home/beau/airflow/py_env/lib/python3.10/site-packages/airflow/example_dags/plugins/listener_plugin.py
[2023-09-23T22:33:46.958-0400] {processor.py:829} INFO - Processing file /home/beau/airflow/py_env/lib/python3.10/site-packages/airflow/example_dags/plugins/listener_plugin.py for tasks to queue
[2023-09-23T22:33:46.959-0400] {logging_mixin.py:151} INFO - [2023-09-23T22:33:46.959-0400] {dagbag.py:539} INFO - Filling up the DagBag from /home/beau/airflow/py_env/lib/python3.10/site-packages/airflow/example_dags/plugins/listener_plugin.py
[2023-09-23T22:33:46.963-0400] {processor.py:841} WARNING - No viable dags retrieved from /home/beau/airflow/py_env/lib/python3.10/site-packages/airflow/example_dags/plugins/listener_plugin.py
[2023-09-23T22:33:46.979-0400] {processor.py:179} INFO - Processing /home/beau/airflow/py_env/lib/python3.10/site-packages/airflow/example_dags/plugins/listener_plugin.py took 0.030 seconds
[2023-09-23T22:34:37.792-0400] {processor.py:157} INFO - Started process (PID=14195) to work on /home/beau/airflow/py_env/lib/python3.10/site-packages/airflow/example_dags/plugins/listener_plugin.py
[2023-09-23T22:34:37.795-0400] {processor.py:829} INFO - Processing file /home/beau/airflow/py_env/lib/python3.10/site-packages/airflow/example_dags/plugins/listener_plugin.py for tasks to queue
[2023-09-23T22:34:37.796-0400] {logging_mixin.py:151} INFO - [2023-09-23T22:34:37.796-0400] {dagbag.py:539} INFO - Filling up the DagBag from /home/beau/airflow/py_env/lib/python3.10/site-packages/airflow/example_dags/plugins/listener_plugin.py
[2023-09-23T22:34:37.798-0400] {processor.py:841} WARNING - No viable dags retrieved from /home/beau/airflow/py_env/lib/python3.10/site-packages/airflow/example_dags/plugins/listener_plugin.py
[2023-09-23T22:34:37.809-0400] {processor.py:179} INFO - Processing /home/beau/airflow/py_env/lib/python3.10/site-packages/airflow/example_dags/plugins/listener_plugin.py took 0.022 seconds
[2023-09-23T22:35:31.763-0400] {processor.py:157} INFO - Started process (PID=14545) to work on /home/beau/airflow/py_env/lib/python3.10/site-packages/airflow/example_dags/plugins/listener_plugin.py
[2023-09-23T22:35:31.767-0400] {processor.py:829} INFO - Processing file /home/beau/airflow/py_env/lib/python3.10/site-packages/airflow/example_dags/plugins/listener_plugin.py for tasks to queue
[2023-09-23T22:35:31.768-0400] {logging_mixin.py:151} INFO - [2023-09-23T22:35:31.767-0400] {dagbag.py:539} INFO - Filling up the DagBag from /home/beau/airflow/py_env/lib/python3.10/site-packages/airflow/example_dags/plugins/listener_plugin.py
[2023-09-23T22:35:31.770-0400] {processor.py:841} WARNING - No viable dags retrieved from /home/beau/airflow/py_env/lib/python3.10/site-packages/airflow/example_dags/plugins/listener_plugin.py
[2023-09-23T22:35:31.783-0400] {processor.py:179} INFO - Processing /home/beau/airflow/py_env/lib/python3.10/site-packages/airflow/example_dags/plugins/listener_plugin.py took 0.022 seconds
[2023-09-23T22:36:19.962-0400] {processor.py:157} INFO - Started process (PID=14812) to work on /home/beau/airflow/py_env/lib/python3.10/site-packages/airflow/example_dags/plugins/listener_plugin.py
[2023-09-23T22:36:19.967-0400] {processor.py:829} INFO - Processing file /home/beau/airflow/py_env/lib/python3.10/site-packages/airflow/example_dags/plugins/listener_plugin.py for tasks to queue
[2023-09-23T22:36:19.968-0400] {logging_mixin.py:151} INFO - [2023-09-23T22:36:19.967-0400] {dagbag.py:539} INFO - Filling up the DagBag from /home/beau/airflow/py_env/lib/python3.10/site-packages/airflow/example_dags/plugins/listener_plugin.py
[2023-09-23T22:36:19.972-0400] {processor.py:841} WARNING - No viable dags retrieved from /home/beau/airflow/py_env/lib/python3.10/site-packages/airflow/example_dags/plugins/listener_plugin.py
[2023-09-23T22:36:19.982-0400] {processor.py:179} INFO - Processing /home/beau/airflow/py_env/lib/python3.10/site-packages/airflow/example_dags/plugins/listener_plugin.py took 0.023 seconds
[2023-09-23T22:37:10.079-0400] {processor.py:157} INFO - Started process (PID=15134) to work on /home/beau/airflow/py_env/lib/python3.10/site-packages/airflow/example_dags/plugins/listener_plugin.py
[2023-09-23T22:37:10.083-0400] {processor.py:829} INFO - Processing file /home/beau/airflow/py_env/lib/python3.10/site-packages/airflow/example_dags/plugins/listener_plugin.py for tasks to queue
[2023-09-23T22:37:10.084-0400] {logging_mixin.py:151} INFO - [2023-09-23T22:37:10.084-0400] {dagbag.py:539} INFO - Filling up the DagBag from /home/beau/airflow/py_env/lib/python3.10/site-packages/airflow/example_dags/plugins/listener_plugin.py
[2023-09-23T22:37:10.086-0400] {processor.py:841} WARNING - No viable dags retrieved from /home/beau/airflow/py_env/lib/python3.10/site-packages/airflow/example_dags/plugins/listener_plugin.py
[2023-09-23T22:37:10.098-0400] {processor.py:179} INFO - Processing /home/beau/airflow/py_env/lib/python3.10/site-packages/airflow/example_dags/plugins/listener_plugin.py took 0.022 seconds
[2023-09-23T22:37:58.768-0400] {processor.py:157} INFO - Started process (PID=15382) to work on /home/beau/airflow/py_env/lib/python3.10/site-packages/airflow/example_dags/plugins/listener_plugin.py
[2023-09-23T22:37:58.772-0400] {processor.py:829} INFO - Processing file /home/beau/airflow/py_env/lib/python3.10/site-packages/airflow/example_dags/plugins/listener_plugin.py for tasks to queue
[2023-09-23T22:37:58.774-0400] {logging_mixin.py:151} INFO - [2023-09-23T22:37:58.773-0400] {dagbag.py:539} INFO - Filling up the DagBag from /home/beau/airflow/py_env/lib/python3.10/site-packages/airflow/example_dags/plugins/listener_plugin.py
[2023-09-23T22:37:58.778-0400] {processor.py:841} WARNING - No viable dags retrieved from /home/beau/airflow/py_env/lib/python3.10/site-packages/airflow/example_dags/plugins/listener_plugin.py
[2023-09-23T22:37:58.794-0400] {processor.py:179} INFO - Processing /home/beau/airflow/py_env/lib/python3.10/site-packages/airflow/example_dags/plugins/listener_plugin.py took 0.030 seconds
[2023-09-23T22:38:52.939-0400] {processor.py:157} INFO - Started process (PID=15641) to work on /home/beau/airflow/py_env/lib/python3.10/site-packages/airflow/example_dags/plugins/listener_plugin.py
[2023-09-23T22:38:52.945-0400] {processor.py:829} INFO - Processing file /home/beau/airflow/py_env/lib/python3.10/site-packages/airflow/example_dags/plugins/listener_plugin.py for tasks to queue
[2023-09-23T22:38:52.947-0400] {logging_mixin.py:151} INFO - [2023-09-23T22:38:52.946-0400] {dagbag.py:539} INFO - Filling up the DagBag from /home/beau/airflow/py_env/lib/python3.10/site-packages/airflow/example_dags/plugins/listener_plugin.py
[2023-09-23T22:38:52.951-0400] {processor.py:841} WARNING - No viable dags retrieved from /home/beau/airflow/py_env/lib/python3.10/site-packages/airflow/example_dags/plugins/listener_plugin.py
[2023-09-23T22:38:52.967-0400] {processor.py:179} INFO - Processing /home/beau/airflow/py_env/lib/python3.10/site-packages/airflow/example_dags/plugins/listener_plugin.py took 0.037 seconds
[2023-09-23T22:39:44.885-0400] {processor.py:157} INFO - Started process (PID=15897) to work on /home/beau/airflow/py_env/lib/python3.10/site-packages/airflow/example_dags/plugins/listener_plugin.py
[2023-09-23T22:39:44.888-0400] {processor.py:829} INFO - Processing file /home/beau/airflow/py_env/lib/python3.10/site-packages/airflow/example_dags/plugins/listener_plugin.py for tasks to queue
[2023-09-23T22:39:44.889-0400] {logging_mixin.py:151} INFO - [2023-09-23T22:39:44.889-0400] {dagbag.py:539} INFO - Filling up the DagBag from /home/beau/airflow/py_env/lib/python3.10/site-packages/airflow/example_dags/plugins/listener_plugin.py
[2023-09-23T22:39:44.892-0400] {processor.py:841} WARNING - No viable dags retrieved from /home/beau/airflow/py_env/lib/python3.10/site-packages/airflow/example_dags/plugins/listener_plugin.py
[2023-09-23T22:39:44.901-0400] {processor.py:179} INFO - Processing /home/beau/airflow/py_env/lib/python3.10/site-packages/airflow/example_dags/plugins/listener_plugin.py took 0.019 seconds
[2023-09-23T22:40:36.864-0400] {processor.py:157} INFO - Started process (PID=16155) to work on /home/beau/airflow/py_env/lib/python3.10/site-packages/airflow/example_dags/plugins/listener_plugin.py
[2023-09-23T22:40:36.867-0400] {processor.py:829} INFO - Processing file /home/beau/airflow/py_env/lib/python3.10/site-packages/airflow/example_dags/plugins/listener_plugin.py for tasks to queue
[2023-09-23T22:40:36.869-0400] {logging_mixin.py:151} INFO - [2023-09-23T22:40:36.868-0400] {dagbag.py:539} INFO - Filling up the DagBag from /home/beau/airflow/py_env/lib/python3.10/site-packages/airflow/example_dags/plugins/listener_plugin.py
[2023-09-23T22:40:36.873-0400] {processor.py:841} WARNING - No viable dags retrieved from /home/beau/airflow/py_env/lib/python3.10/site-packages/airflow/example_dags/plugins/listener_plugin.py
[2023-09-23T22:40:36.889-0400] {processor.py:179} INFO - Processing /home/beau/airflow/py_env/lib/python3.10/site-packages/airflow/example_dags/plugins/listener_plugin.py took 0.033 seconds
[2023-09-23T22:41:33.069-0400] {processor.py:157} INFO - Started process (PID=16529) to work on /home/beau/airflow/py_env/lib/python3.10/site-packages/airflow/example_dags/plugins/listener_plugin.py
[2023-09-23T22:41:33.074-0400] {processor.py:829} INFO - Processing file /home/beau/airflow/py_env/lib/python3.10/site-packages/airflow/example_dags/plugins/listener_plugin.py for tasks to queue
[2023-09-23T22:41:33.076-0400] {logging_mixin.py:151} INFO - [2023-09-23T22:41:33.075-0400] {dagbag.py:539} INFO - Filling up the DagBag from /home/beau/airflow/py_env/lib/python3.10/site-packages/airflow/example_dags/plugins/listener_plugin.py
[2023-09-23T22:41:33.080-0400] {processor.py:841} WARNING - No viable dags retrieved from /home/beau/airflow/py_env/lib/python3.10/site-packages/airflow/example_dags/plugins/listener_plugin.py
[2023-09-23T22:41:33.089-0400] {processor.py:179} INFO - Processing /home/beau/airflow/py_env/lib/python3.10/site-packages/airflow/example_dags/plugins/listener_plugin.py took 0.024 seconds
[2023-09-23T22:42:28.618-0400] {processor.py:157} INFO - Started process (PID=16838) to work on /home/beau/airflow/py_env/lib/python3.10/site-packages/airflow/example_dags/plugins/listener_plugin.py
[2023-09-23T22:42:28.623-0400] {processor.py:829} INFO - Processing file /home/beau/airflow/py_env/lib/python3.10/site-packages/airflow/example_dags/plugins/listener_plugin.py for tasks to queue
[2023-09-23T22:42:28.625-0400] {logging_mixin.py:151} INFO - [2023-09-23T22:42:28.624-0400] {dagbag.py:539} INFO - Filling up the DagBag from /home/beau/airflow/py_env/lib/python3.10/site-packages/airflow/example_dags/plugins/listener_plugin.py
[2023-09-23T22:42:28.632-0400] {processor.py:841} WARNING - No viable dags retrieved from /home/beau/airflow/py_env/lib/python3.10/site-packages/airflow/example_dags/plugins/listener_plugin.py
[2023-09-23T22:42:28.655-0400] {processor.py:179} INFO - Processing /home/beau/airflow/py_env/lib/python3.10/site-packages/airflow/example_dags/plugins/listener_plugin.py took 0.045 seconds
[2023-09-23T22:43:25.013-0400] {processor.py:157} INFO - Started process (PID=17109) to work on /home/beau/airflow/py_env/lib/python3.10/site-packages/airflow/example_dags/plugins/listener_plugin.py
[2023-09-23T22:43:25.018-0400] {processor.py:829} INFO - Processing file /home/beau/airflow/py_env/lib/python3.10/site-packages/airflow/example_dags/plugins/listener_plugin.py for tasks to queue
[2023-09-23T22:43:25.020-0400] {logging_mixin.py:151} INFO - [2023-09-23T22:43:25.019-0400] {dagbag.py:539} INFO - Filling up the DagBag from /home/beau/airflow/py_env/lib/python3.10/site-packages/airflow/example_dags/plugins/listener_plugin.py
[2023-09-23T22:43:25.024-0400] {processor.py:841} WARNING - No viable dags retrieved from /home/beau/airflow/py_env/lib/python3.10/site-packages/airflow/example_dags/plugins/listener_plugin.py
[2023-09-23T22:43:25.042-0400] {processor.py:179} INFO - Processing /home/beau/airflow/py_env/lib/python3.10/site-packages/airflow/example_dags/plugins/listener_plugin.py took 0.037 seconds
[2023-09-23T22:44:22.246-0400] {processor.py:157} INFO - Started process (PID=17347) to work on /home/beau/airflow/py_env/lib/python3.10/site-packages/airflow/example_dags/plugins/listener_plugin.py
[2023-09-23T22:44:22.252-0400] {processor.py:829} INFO - Processing file /home/beau/airflow/py_env/lib/python3.10/site-packages/airflow/example_dags/plugins/listener_plugin.py for tasks to queue
[2023-09-23T22:44:22.253-0400] {logging_mixin.py:151} INFO - [2023-09-23T22:44:22.252-0400] {dagbag.py:539} INFO - Filling up the DagBag from /home/beau/airflow/py_env/lib/python3.10/site-packages/airflow/example_dags/plugins/listener_plugin.py
[2023-09-23T22:44:22.256-0400] {processor.py:841} WARNING - No viable dags retrieved from /home/beau/airflow/py_env/lib/python3.10/site-packages/airflow/example_dags/plugins/listener_plugin.py
[2023-09-23T22:44:22.269-0400] {processor.py:179} INFO - Processing /home/beau/airflow/py_env/lib/python3.10/site-packages/airflow/example_dags/plugins/listener_plugin.py took 0.032 seconds
[2023-09-23T22:45:13.514-0400] {processor.py:157} INFO - Started process (PID=17579) to work on /home/beau/airflow/py_env/lib/python3.10/site-packages/airflow/example_dags/plugins/listener_plugin.py
[2023-09-23T22:45:13.517-0400] {processor.py:829} INFO - Processing file /home/beau/airflow/py_env/lib/python3.10/site-packages/airflow/example_dags/plugins/listener_plugin.py for tasks to queue
[2023-09-23T22:45:13.518-0400] {logging_mixin.py:151} INFO - [2023-09-23T22:45:13.518-0400] {dagbag.py:539} INFO - Filling up the DagBag from /home/beau/airflow/py_env/lib/python3.10/site-packages/airflow/example_dags/plugins/listener_plugin.py
[2023-09-23T22:45:13.520-0400] {processor.py:841} WARNING - No viable dags retrieved from /home/beau/airflow/py_env/lib/python3.10/site-packages/airflow/example_dags/plugins/listener_plugin.py
[2023-09-23T22:45:13.529-0400] {processor.py:179} INFO - Processing /home/beau/airflow/py_env/lib/python3.10/site-packages/airflow/example_dags/plugins/listener_plugin.py took 0.018 seconds
[2023-09-23T22:46:06.481-0400] {processor.py:157} INFO - Started process (PID=17836) to work on /home/beau/airflow/py_env/lib/python3.10/site-packages/airflow/example_dags/plugins/listener_plugin.py
[2023-09-23T22:46:06.484-0400] {processor.py:829} INFO - Processing file /home/beau/airflow/py_env/lib/python3.10/site-packages/airflow/example_dags/plugins/listener_plugin.py for tasks to queue
[2023-09-23T22:46:06.485-0400] {logging_mixin.py:151} INFO - [2023-09-23T22:46:06.485-0400] {dagbag.py:539} INFO - Filling up the DagBag from /home/beau/airflow/py_env/lib/python3.10/site-packages/airflow/example_dags/plugins/listener_plugin.py
[2023-09-23T22:46:06.491-0400] {processor.py:841} WARNING - No viable dags retrieved from /home/beau/airflow/py_env/lib/python3.10/site-packages/airflow/example_dags/plugins/listener_plugin.py
[2023-09-23T22:46:06.502-0400] {processor.py:179} INFO - Processing /home/beau/airflow/py_env/lib/python3.10/site-packages/airflow/example_dags/plugins/listener_plugin.py took 0.024 seconds
[2023-09-23T22:46:58.869-0400] {processor.py:157} INFO - Started process (PID=18154) to work on /home/beau/airflow/py_env/lib/python3.10/site-packages/airflow/example_dags/plugins/listener_plugin.py
[2023-09-23T22:46:58.872-0400] {processor.py:829} INFO - Processing file /home/beau/airflow/py_env/lib/python3.10/site-packages/airflow/example_dags/plugins/listener_plugin.py for tasks to queue
[2023-09-23T22:46:58.874-0400] {logging_mixin.py:151} INFO - [2023-09-23T22:46:58.873-0400] {dagbag.py:539} INFO - Filling up the DagBag from /home/beau/airflow/py_env/lib/python3.10/site-packages/airflow/example_dags/plugins/listener_plugin.py
[2023-09-23T22:46:58.876-0400] {processor.py:841} WARNING - No viable dags retrieved from /home/beau/airflow/py_env/lib/python3.10/site-packages/airflow/example_dags/plugins/listener_plugin.py
[2023-09-23T22:46:58.886-0400] {processor.py:179} INFO - Processing /home/beau/airflow/py_env/lib/python3.10/site-packages/airflow/example_dags/plugins/listener_plugin.py took 0.020 seconds
[2023-09-23T22:47:53.811-0400] {processor.py:157} INFO - Started process (PID=18492) to work on /home/beau/airflow/py_env/lib/python3.10/site-packages/airflow/example_dags/plugins/listener_plugin.py
[2023-09-23T22:47:53.814-0400] {processor.py:829} INFO - Processing file /home/beau/airflow/py_env/lib/python3.10/site-packages/airflow/example_dags/plugins/listener_plugin.py for tasks to queue
[2023-09-23T22:47:53.815-0400] {logging_mixin.py:151} INFO - [2023-09-23T22:47:53.814-0400] {dagbag.py:539} INFO - Filling up the DagBag from /home/beau/airflow/py_env/lib/python3.10/site-packages/airflow/example_dags/plugins/listener_plugin.py
[2023-09-23T22:47:53.819-0400] {processor.py:841} WARNING - No viable dags retrieved from /home/beau/airflow/py_env/lib/python3.10/site-packages/airflow/example_dags/plugins/listener_plugin.py
[2023-09-23T22:47:53.834-0400] {processor.py:179} INFO - Processing /home/beau/airflow/py_env/lib/python3.10/site-packages/airflow/example_dags/plugins/listener_plugin.py took 0.033 seconds
[2023-09-23T22:48:43.619-0400] {processor.py:157} INFO - Started process (PID=18838) to work on /home/beau/airflow/py_env/lib/python3.10/site-packages/airflow/example_dags/plugins/listener_plugin.py
[2023-09-23T22:48:43.621-0400] {processor.py:829} INFO - Processing file /home/beau/airflow/py_env/lib/python3.10/site-packages/airflow/example_dags/plugins/listener_plugin.py for tasks to queue
[2023-09-23T22:48:43.622-0400] {logging_mixin.py:151} INFO - [2023-09-23T22:48:43.622-0400] {dagbag.py:539} INFO - Filling up the DagBag from /home/beau/airflow/py_env/lib/python3.10/site-packages/airflow/example_dags/plugins/listener_plugin.py
[2023-09-23T22:48:43.626-0400] {processor.py:841} WARNING - No viable dags retrieved from /home/beau/airflow/py_env/lib/python3.10/site-packages/airflow/example_dags/plugins/listener_plugin.py
[2023-09-23T22:48:43.641-0400] {processor.py:179} INFO - Processing /home/beau/airflow/py_env/lib/python3.10/site-packages/airflow/example_dags/plugins/listener_plugin.py took 0.027 seconds
[2023-09-23T22:49:38.190-0400] {processor.py:157} INFO - Started process (PID=19273) to work on /home/beau/airflow/py_env/lib/python3.10/site-packages/airflow/example_dags/plugins/listener_plugin.py
[2023-09-23T22:49:38.195-0400] {processor.py:829} INFO - Processing file /home/beau/airflow/py_env/lib/python3.10/site-packages/airflow/example_dags/plugins/listener_plugin.py for tasks to queue
[2023-09-23T22:49:38.196-0400] {logging_mixin.py:151} INFO - [2023-09-23T22:49:38.196-0400] {dagbag.py:539} INFO - Filling up the DagBag from /home/beau/airflow/py_env/lib/python3.10/site-packages/airflow/example_dags/plugins/listener_plugin.py
[2023-09-23T22:49:38.201-0400] {processor.py:841} WARNING - No viable dags retrieved from /home/beau/airflow/py_env/lib/python3.10/site-packages/airflow/example_dags/plugins/listener_plugin.py
[2023-09-23T22:49:38.218-0400] {processor.py:179} INFO - Processing /home/beau/airflow/py_env/lib/python3.10/site-packages/airflow/example_dags/plugins/listener_plugin.py took 0.034 seconds
[2023-09-23T22:50:32.028-0400] {processor.py:157} INFO - Started process (PID=19645) to work on /home/beau/airflow/py_env/lib/python3.10/site-packages/airflow/example_dags/plugins/listener_plugin.py
[2023-09-23T22:50:32.031-0400] {processor.py:829} INFO - Processing file /home/beau/airflow/py_env/lib/python3.10/site-packages/airflow/example_dags/plugins/listener_plugin.py for tasks to queue
[2023-09-23T22:50:32.033-0400] {logging_mixin.py:151} INFO - [2023-09-23T22:50:32.032-0400] {dagbag.py:539} INFO - Filling up the DagBag from /home/beau/airflow/py_env/lib/python3.10/site-packages/airflow/example_dags/plugins/listener_plugin.py
[2023-09-23T22:50:32.036-0400] {processor.py:841} WARNING - No viable dags retrieved from /home/beau/airflow/py_env/lib/python3.10/site-packages/airflow/example_dags/plugins/listener_plugin.py
[2023-09-23T22:50:32.050-0400] {processor.py:179} INFO - Processing /home/beau/airflow/py_env/lib/python3.10/site-packages/airflow/example_dags/plugins/listener_plugin.py took 0.027 seconds
[2023-09-23T22:51:27.806-0400] {processor.py:157} INFO - Started process (PID=20026) to work on /home/beau/airflow/py_env/lib/python3.10/site-packages/airflow/example_dags/plugins/listener_plugin.py
[2023-09-23T22:51:27.810-0400] {processor.py:829} INFO - Processing file /home/beau/airflow/py_env/lib/python3.10/site-packages/airflow/example_dags/plugins/listener_plugin.py for tasks to queue
[2023-09-23T22:51:27.812-0400] {logging_mixin.py:151} INFO - [2023-09-23T22:51:27.811-0400] {dagbag.py:539} INFO - Filling up the DagBag from /home/beau/airflow/py_env/lib/python3.10/site-packages/airflow/example_dags/plugins/listener_plugin.py
[2023-09-23T22:51:27.816-0400] {processor.py:841} WARNING - No viable dags retrieved from /home/beau/airflow/py_env/lib/python3.10/site-packages/airflow/example_dags/plugins/listener_plugin.py
[2023-09-23T22:51:27.834-0400] {processor.py:179} INFO - Processing /home/beau/airflow/py_env/lib/python3.10/site-packages/airflow/example_dags/plugins/listener_plugin.py took 0.033 seconds
[2023-09-23T22:52:21.979-0400] {processor.py:157} INFO - Started process (PID=20458) to work on /home/beau/airflow/py_env/lib/python3.10/site-packages/airflow/example_dags/plugins/listener_plugin.py
[2023-09-23T22:52:21.984-0400] {processor.py:829} INFO - Processing file /home/beau/airflow/py_env/lib/python3.10/site-packages/airflow/example_dags/plugins/listener_plugin.py for tasks to queue
[2023-09-23T22:52:21.985-0400] {logging_mixin.py:151} INFO - [2023-09-23T22:52:21.984-0400] {dagbag.py:539} INFO - Filling up the DagBag from /home/beau/airflow/py_env/lib/python3.10/site-packages/airflow/example_dags/plugins/listener_plugin.py
[2023-09-23T22:52:21.989-0400] {processor.py:841} WARNING - No viable dags retrieved from /home/beau/airflow/py_env/lib/python3.10/site-packages/airflow/example_dags/plugins/listener_plugin.py
[2023-09-23T22:52:22.000-0400] {processor.py:179} INFO - Processing /home/beau/airflow/py_env/lib/python3.10/site-packages/airflow/example_dags/plugins/listener_plugin.py took 0.026 seconds
[2023-09-23T22:53:21.032-0400] {processor.py:157} INFO - Started process (PID=20804) to work on /home/beau/airflow/py_env/lib/python3.10/site-packages/airflow/example_dags/plugins/listener_plugin.py
[2023-09-23T22:53:21.035-0400] {processor.py:829} INFO - Processing file /home/beau/airflow/py_env/lib/python3.10/site-packages/airflow/example_dags/plugins/listener_plugin.py for tasks to queue
[2023-09-23T22:53:21.036-0400] {logging_mixin.py:151} INFO - [2023-09-23T22:53:21.036-0400] {dagbag.py:539} INFO - Filling up the DagBag from /home/beau/airflow/py_env/lib/python3.10/site-packages/airflow/example_dags/plugins/listener_plugin.py
[2023-09-23T22:53:21.039-0400] {processor.py:841} WARNING - No viable dags retrieved from /home/beau/airflow/py_env/lib/python3.10/site-packages/airflow/example_dags/plugins/listener_plugin.py
[2023-09-23T22:53:21.051-0400] {processor.py:179} INFO - Processing /home/beau/airflow/py_env/lib/python3.10/site-packages/airflow/example_dags/plugins/listener_plugin.py took 0.023 seconds
[2023-09-23T22:54:13.962-0400] {processor.py:157} INFO - Started process (PID=21117) to work on /home/beau/airflow/py_env/lib/python3.10/site-packages/airflow/example_dags/plugins/listener_plugin.py
[2023-09-23T22:54:13.966-0400] {processor.py:829} INFO - Processing file /home/beau/airflow/py_env/lib/python3.10/site-packages/airflow/example_dags/plugins/listener_plugin.py for tasks to queue
[2023-09-23T22:54:13.967-0400] {logging_mixin.py:151} INFO - [2023-09-23T22:54:13.967-0400] {dagbag.py:539} INFO - Filling up the DagBag from /home/beau/airflow/py_env/lib/python3.10/site-packages/airflow/example_dags/plugins/listener_plugin.py
[2023-09-23T22:54:13.970-0400] {processor.py:841} WARNING - No viable dags retrieved from /home/beau/airflow/py_env/lib/python3.10/site-packages/airflow/example_dags/plugins/listener_plugin.py
[2023-09-23T22:54:13.982-0400] {processor.py:179} INFO - Processing /home/beau/airflow/py_env/lib/python3.10/site-packages/airflow/example_dags/plugins/listener_plugin.py took 0.024 seconds
[2023-09-23T22:55:13.513-0400] {processor.py:157} INFO - Started process (PID=21445) to work on /home/beau/airflow/py_env/lib/python3.10/site-packages/airflow/example_dags/plugins/listener_plugin.py
[2023-09-23T22:55:13.518-0400] {processor.py:829} INFO - Processing file /home/beau/airflow/py_env/lib/python3.10/site-packages/airflow/example_dags/plugins/listener_plugin.py for tasks to queue
[2023-09-23T22:55:13.519-0400] {logging_mixin.py:151} INFO - [2023-09-23T22:55:13.519-0400] {dagbag.py:539} INFO - Filling up the DagBag from /home/beau/airflow/py_env/lib/python3.10/site-packages/airflow/example_dags/plugins/listener_plugin.py
[2023-09-23T22:55:13.523-0400] {processor.py:841} WARNING - No viable dags retrieved from /home/beau/airflow/py_env/lib/python3.10/site-packages/airflow/example_dags/plugins/listener_plugin.py
[2023-09-23T22:55:13.539-0400] {processor.py:179} INFO - Processing /home/beau/airflow/py_env/lib/python3.10/site-packages/airflow/example_dags/plugins/listener_plugin.py took 0.030 seconds
[2023-09-23T22:56:09.263-0400] {processor.py:157} INFO - Started process (PID=21765) to work on /home/beau/airflow/py_env/lib/python3.10/site-packages/airflow/example_dags/plugins/listener_plugin.py
[2023-09-23T22:56:09.268-0400] {processor.py:829} INFO - Processing file /home/beau/airflow/py_env/lib/python3.10/site-packages/airflow/example_dags/plugins/listener_plugin.py for tasks to queue
[2023-09-23T22:56:09.269-0400] {logging_mixin.py:151} INFO - [2023-09-23T22:56:09.268-0400] {dagbag.py:539} INFO - Filling up the DagBag from /home/beau/airflow/py_env/lib/python3.10/site-packages/airflow/example_dags/plugins/listener_plugin.py
[2023-09-23T22:56:09.273-0400] {processor.py:841} WARNING - No viable dags retrieved from /home/beau/airflow/py_env/lib/python3.10/site-packages/airflow/example_dags/plugins/listener_plugin.py
[2023-09-23T22:56:09.287-0400] {processor.py:179} INFO - Processing /home/beau/airflow/py_env/lib/python3.10/site-packages/airflow/example_dags/plugins/listener_plugin.py took 0.031 seconds
[2023-09-23T22:57:06.032-0400] {processor.py:157} INFO - Started process (PID=22147) to work on /home/beau/airflow/py_env/lib/python3.10/site-packages/airflow/example_dags/plugins/listener_plugin.py
[2023-09-23T22:57:06.037-0400] {processor.py:829} INFO - Processing file /home/beau/airflow/py_env/lib/python3.10/site-packages/airflow/example_dags/plugins/listener_plugin.py for tasks to queue
[2023-09-23T22:57:06.038-0400] {logging_mixin.py:151} INFO - [2023-09-23T22:57:06.038-0400] {dagbag.py:539} INFO - Filling up the DagBag from /home/beau/airflow/py_env/lib/python3.10/site-packages/airflow/example_dags/plugins/listener_plugin.py
[2023-09-23T22:57:06.042-0400] {processor.py:841} WARNING - No viable dags retrieved from /home/beau/airflow/py_env/lib/python3.10/site-packages/airflow/example_dags/plugins/listener_plugin.py
[2023-09-23T22:57:06.058-0400] {processor.py:179} INFO - Processing /home/beau/airflow/py_env/lib/python3.10/site-packages/airflow/example_dags/plugins/listener_plugin.py took 0.030 seconds
[2023-09-23T22:58:04.320-0400] {processor.py:157} INFO - Started process (PID=22474) to work on /home/beau/airflow/py_env/lib/python3.10/site-packages/airflow/example_dags/plugins/listener_plugin.py
[2023-09-23T22:58:04.323-0400] {processor.py:829} INFO - Processing file /home/beau/airflow/py_env/lib/python3.10/site-packages/airflow/example_dags/plugins/listener_plugin.py for tasks to queue
[2023-09-23T22:58:04.324-0400] {logging_mixin.py:151} INFO - [2023-09-23T22:58:04.324-0400] {dagbag.py:539} INFO - Filling up the DagBag from /home/beau/airflow/py_env/lib/python3.10/site-packages/airflow/example_dags/plugins/listener_plugin.py
[2023-09-23T22:58:04.326-0400] {processor.py:841} WARNING - No viable dags retrieved from /home/beau/airflow/py_env/lib/python3.10/site-packages/airflow/example_dags/plugins/listener_plugin.py
[2023-09-23T22:58:04.336-0400] {processor.py:179} INFO - Processing /home/beau/airflow/py_env/lib/python3.10/site-packages/airflow/example_dags/plugins/listener_plugin.py took 0.018 seconds
[2023-09-23T22:58:57.838-0400] {processor.py:157} INFO - Started process (PID=22757) to work on /home/beau/airflow/py_env/lib/python3.10/site-packages/airflow/example_dags/plugins/listener_plugin.py
[2023-09-23T22:58:57.842-0400] {processor.py:829} INFO - Processing file /home/beau/airflow/py_env/lib/python3.10/site-packages/airflow/example_dags/plugins/listener_plugin.py for tasks to queue
[2023-09-23T22:58:57.843-0400] {logging_mixin.py:151} INFO - [2023-09-23T22:58:57.842-0400] {dagbag.py:539} INFO - Filling up the DagBag from /home/beau/airflow/py_env/lib/python3.10/site-packages/airflow/example_dags/plugins/listener_plugin.py
[2023-09-23T22:58:57.846-0400] {processor.py:841} WARNING - No viable dags retrieved from /home/beau/airflow/py_env/lib/python3.10/site-packages/airflow/example_dags/plugins/listener_plugin.py
[2023-09-23T22:58:57.857-0400] {processor.py:179} INFO - Processing /home/beau/airflow/py_env/lib/python3.10/site-packages/airflow/example_dags/plugins/listener_plugin.py took 0.023 seconds
[2023-09-23T22:59:56.995-0400] {processor.py:157} INFO - Started process (PID=23090) to work on /home/beau/airflow/py_env/lib/python3.10/site-packages/airflow/example_dags/plugins/listener_plugin.py
[2023-09-23T22:59:56.999-0400] {processor.py:829} INFO - Processing file /home/beau/airflow/py_env/lib/python3.10/site-packages/airflow/example_dags/plugins/listener_plugin.py for tasks to queue
[2023-09-23T22:59:57.000-0400] {logging_mixin.py:151} INFO - [2023-09-23T22:59:57.000-0400] {dagbag.py:539} INFO - Filling up the DagBag from /home/beau/airflow/py_env/lib/python3.10/site-packages/airflow/example_dags/plugins/listener_plugin.py
[2023-09-23T22:59:57.002-0400] {processor.py:841} WARNING - No viable dags retrieved from /home/beau/airflow/py_env/lib/python3.10/site-packages/airflow/example_dags/plugins/listener_plugin.py
[2023-09-23T22:59:57.011-0400] {processor.py:179} INFO - Processing /home/beau/airflow/py_env/lib/python3.10/site-packages/airflow/example_dags/plugins/listener_plugin.py took 0.018 seconds
[2023-09-23T23:00:57.827-0400] {processor.py:157} INFO - Started process (PID=23498) to work on /home/beau/airflow/py_env/lib/python3.10/site-packages/airflow/example_dags/plugins/listener_plugin.py
[2023-09-23T23:00:57.831-0400] {processor.py:829} INFO - Processing file /home/beau/airflow/py_env/lib/python3.10/site-packages/airflow/example_dags/plugins/listener_plugin.py for tasks to queue
[2023-09-23T23:00:57.832-0400] {logging_mixin.py:151} INFO - [2023-09-23T23:00:57.832-0400] {dagbag.py:539} INFO - Filling up the DagBag from /home/beau/airflow/py_env/lib/python3.10/site-packages/airflow/example_dags/plugins/listener_plugin.py
[2023-09-23T23:00:57.834-0400] {processor.py:841} WARNING - No viable dags retrieved from /home/beau/airflow/py_env/lib/python3.10/site-packages/airflow/example_dags/plugins/listener_plugin.py
[2023-09-23T23:00:57.842-0400] {processor.py:179} INFO - Processing /home/beau/airflow/py_env/lib/python3.10/site-packages/airflow/example_dags/plugins/listener_plugin.py took 0.017 seconds
[2023-09-23T23:01:53.395-0400] {processor.py:157} INFO - Started process (PID=23826) to work on /home/beau/airflow/py_env/lib/python3.10/site-packages/airflow/example_dags/plugins/listener_plugin.py
[2023-09-23T23:01:53.400-0400] {processor.py:829} INFO - Processing file /home/beau/airflow/py_env/lib/python3.10/site-packages/airflow/example_dags/plugins/listener_plugin.py for tasks to queue
[2023-09-23T23:01:53.402-0400] {logging_mixin.py:151} INFO - [2023-09-23T23:01:53.401-0400] {dagbag.py:539} INFO - Filling up the DagBag from /home/beau/airflow/py_env/lib/python3.10/site-packages/airflow/example_dags/plugins/listener_plugin.py
[2023-09-23T23:01:53.406-0400] {processor.py:841} WARNING - No viable dags retrieved from /home/beau/airflow/py_env/lib/python3.10/site-packages/airflow/example_dags/plugins/listener_plugin.py
[2023-09-23T23:01:53.420-0400] {processor.py:179} INFO - Processing /home/beau/airflow/py_env/lib/python3.10/site-packages/airflow/example_dags/plugins/listener_plugin.py took 0.035 seconds
[2023-09-23T23:02:50.842-0400] {processor.py:157} INFO - Started process (PID=24098) to work on /home/beau/airflow/py_env/lib/python3.10/site-packages/airflow/example_dags/plugins/listener_plugin.py
[2023-09-23T23:02:50.845-0400] {processor.py:829} INFO - Processing file /home/beau/airflow/py_env/lib/python3.10/site-packages/airflow/example_dags/plugins/listener_plugin.py for tasks to queue
[2023-09-23T23:02:50.846-0400] {logging_mixin.py:151} INFO - [2023-09-23T23:02:50.846-0400] {dagbag.py:539} INFO - Filling up the DagBag from /home/beau/airflow/py_env/lib/python3.10/site-packages/airflow/example_dags/plugins/listener_plugin.py
[2023-09-23T23:02:50.849-0400] {processor.py:841} WARNING - No viable dags retrieved from /home/beau/airflow/py_env/lib/python3.10/site-packages/airflow/example_dags/plugins/listener_plugin.py
[2023-09-23T23:02:50.865-0400] {processor.py:179} INFO - Processing /home/beau/airflow/py_env/lib/python3.10/site-packages/airflow/example_dags/plugins/listener_plugin.py took 0.026 seconds
[2023-09-23T23:03:48.921-0400] {processor.py:157} INFO - Started process (PID=24378) to work on /home/beau/airflow/py_env/lib/python3.10/site-packages/airflow/example_dags/plugins/listener_plugin.py
[2023-09-23T23:03:48.924-0400] {processor.py:829} INFO - Processing file /home/beau/airflow/py_env/lib/python3.10/site-packages/airflow/example_dags/plugins/listener_plugin.py for tasks to queue
[2023-09-23T23:03:48.925-0400] {logging_mixin.py:151} INFO - [2023-09-23T23:03:48.925-0400] {dagbag.py:539} INFO - Filling up the DagBag from /home/beau/airflow/py_env/lib/python3.10/site-packages/airflow/example_dags/plugins/listener_plugin.py
[2023-09-23T23:03:48.928-0400] {processor.py:841} WARNING - No viable dags retrieved from /home/beau/airflow/py_env/lib/python3.10/site-packages/airflow/example_dags/plugins/listener_plugin.py
[2023-09-23T23:03:48.938-0400] {processor.py:179} INFO - Processing /home/beau/airflow/py_env/lib/python3.10/site-packages/airflow/example_dags/plugins/listener_plugin.py took 0.020 seconds
[2023-09-23T23:04:45.789-0400] {processor.py:157} INFO - Started process (PID=24713) to work on /home/beau/airflow/py_env/lib/python3.10/site-packages/airflow/example_dags/plugins/listener_plugin.py
[2023-09-23T23:04:45.792-0400] {processor.py:829} INFO - Processing file /home/beau/airflow/py_env/lib/python3.10/site-packages/airflow/example_dags/plugins/listener_plugin.py for tasks to queue
[2023-09-23T23:04:45.795-0400] {logging_mixin.py:151} INFO - [2023-09-23T23:04:45.794-0400] {dagbag.py:539} INFO - Filling up the DagBag from /home/beau/airflow/py_env/lib/python3.10/site-packages/airflow/example_dags/plugins/listener_plugin.py
[2023-09-23T23:04:45.803-0400] {processor.py:841} WARNING - No viable dags retrieved from /home/beau/airflow/py_env/lib/python3.10/site-packages/airflow/example_dags/plugins/listener_plugin.py
[2023-09-23T23:04:45.831-0400] {processor.py:179} INFO - Processing /home/beau/airflow/py_env/lib/python3.10/site-packages/airflow/example_dags/plugins/listener_plugin.py took 0.047 seconds
