[2023-09-23T22:41:19.012-0400] {processor.py:157} INFO - Started process (PID=16316) to work on /home/beau/airflow/dags/api_dag.py
[2023-09-23T22:41:19.013-0400] {processor.py:829} INFO - Processing file /home/beau/airflow/dags/api_dag.py for tasks to queue
[2023-09-23T22:41:19.014-0400] {logging_mixin.py:151} INFO - [2023-09-23T22:41:19.014-0400] {dagbag.py:539} INFO - Filling up the DagBag from /home/beau/airflow/dags/api_dag.py
[2023-09-23T22:41:19.022-0400] {processor.py:839} INFO - DAG(s) dict_keys(['api_dag']) retrieved from /home/beau/airflow/dags/api_dag.py
[2023-09-23T22:41:19.113-0400] {logging_mixin.py:151} INFO - [2023-09-23T22:41:19.112-0400] {manager.py:499} INFO - Created Permission View: %s
[2023-09-23T22:41:19.128-0400] {logging_mixin.py:151} INFO - [2023-09-23T22:41:19.127-0400] {manager.py:499} INFO - Created Permission View: %s
[2023-09-23T22:41:19.141-0400] {logging_mixin.py:151} INFO - [2023-09-23T22:41:19.140-0400] {manager.py:499} INFO - Created Permission View: %s
[2023-09-23T22:41:19.141-0400] {logging_mixin.py:151} INFO - [2023-09-23T22:41:19.141-0400] {security.py:708} INFO - Not syncing DAG-level permissions for DAG 'DAG:api_dag' as access control is unset.
[2023-09-23T22:41:19.141-0400] {logging_mixin.py:151} INFO - [2023-09-23T22:41:19.141-0400] {dag.py:2915} INFO - Sync 1 DAGs
[2023-09-23T22:41:19.150-0400] {logging_mixin.py:151} INFO - [2023-09-23T22:41:19.149-0400] {dag.py:2937} INFO - Creating ORM DAG for api_dag
[2023-09-23T22:41:19.160-0400] {logging_mixin.py:151} INFO - [2023-09-23T22:41:19.159-0400] {dag.py:3696} INFO - Setting next_dagrun for api_dag to 2023-09-30T00:00:00+00:00, run_after=2023-10-01T00:00:00+00:00
[2023-09-23T22:41:19.179-0400] {processor.py:179} INFO - Processing /home/beau/airflow/dags/api_dag.py took 0.169 seconds
[2023-09-23T22:41:53.546-0400] {processor.py:157} INFO - Started process (PID=16646) to work on /home/beau/airflow/dags/api_dag.py
[2023-09-23T22:41:53.547-0400] {processor.py:829} INFO - Processing file /home/beau/airflow/dags/api_dag.py for tasks to queue
[2023-09-23T22:41:53.548-0400] {logging_mixin.py:151} INFO - [2023-09-23T22:41:53.548-0400] {dagbag.py:539} INFO - Filling up the DagBag from /home/beau/airflow/dags/api_dag.py
[2023-09-23T22:41:53.559-0400] {processor.py:839} INFO - DAG(s) dict_keys(['api_dag']) retrieved from /home/beau/airflow/dags/api_dag.py
[2023-09-23T22:41:53.578-0400] {logging_mixin.py:151} INFO - [2023-09-23T22:41:53.577-0400] {dag.py:2915} INFO - Sync 1 DAGs
[2023-09-23T22:41:53.602-0400] {logging_mixin.py:151} INFO - [2023-09-23T22:41:53.602-0400] {dag.py:3696} INFO - Setting next_dagrun for api_dag to 2023-09-30T00:00:00+00:00, run_after=2023-10-01T00:00:00+00:00
[2023-09-23T22:41:53.634-0400] {processor.py:179} INFO - Processing /home/beau/airflow/dags/api_dag.py took 0.095 seconds
[2023-09-23T22:42:30.947-0400] {processor.py:157} INFO - Started process (PID=16846) to work on /home/beau/airflow/dags/api_dag.py
[2023-09-23T22:42:30.952-0400] {processor.py:829} INFO - Processing file /home/beau/airflow/dags/api_dag.py for tasks to queue
[2023-09-23T22:42:30.953-0400] {logging_mixin.py:151} INFO - [2023-09-23T22:42:30.953-0400] {dagbag.py:539} INFO - Filling up the DagBag from /home/beau/airflow/dags/api_dag.py
[2023-09-23T22:42:30.964-0400] {processor.py:839} INFO - DAG(s) dict_keys(['api_dag']) retrieved from /home/beau/airflow/dags/api_dag.py
[2023-09-23T22:42:30.981-0400] {logging_mixin.py:151} INFO - [2023-09-23T22:42:30.980-0400] {dag.py:2915} INFO - Sync 1 DAGs
[2023-09-23T22:42:31.001-0400] {logging_mixin.py:151} INFO - [2023-09-23T22:42:31.001-0400] {dag.py:3696} INFO - Setting next_dagrun for api_dag to 2023-09-30T00:00:00+00:00, run_after=2023-10-01T00:00:00+00:00
[2023-09-23T22:42:31.024-0400] {processor.py:179} INFO - Processing /home/beau/airflow/dags/api_dag.py took 0.085 seconds
[2023-09-23T22:43:08.491-0400] {processor.py:157} INFO - Started process (PID=16985) to work on /home/beau/airflow/dags/api_dag.py
[2023-09-23T22:43:08.495-0400] {processor.py:829} INFO - Processing file /home/beau/airflow/dags/api_dag.py for tasks to queue
[2023-09-23T22:43:08.496-0400] {logging_mixin.py:151} INFO - [2023-09-23T22:43:08.496-0400] {dagbag.py:539} INFO - Filling up the DagBag from /home/beau/airflow/dags/api_dag.py
[2023-09-23T22:43:08.509-0400] {processor.py:839} INFO - DAG(s) dict_keys(['api_dag']) retrieved from /home/beau/airflow/dags/api_dag.py
[2023-09-23T22:43:08.522-0400] {logging_mixin.py:151} INFO - [2023-09-23T22:43:08.522-0400] {dag.py:2915} INFO - Sync 1 DAGs
[2023-09-23T22:43:08.539-0400] {logging_mixin.py:151} INFO - [2023-09-23T22:43:08.539-0400] {dag.py:3696} INFO - Setting next_dagrun for api_dag to 2023-09-30T00:00:00+00:00, run_after=2023-10-01T00:00:00+00:00
[2023-09-23T22:43:08.560-0400] {processor.py:179} INFO - Processing /home/beau/airflow/dags/api_dag.py took 0.074 seconds
[2023-09-23T22:43:46.167-0400] {processor.py:157} INFO - Started process (PID=17184) to work on /home/beau/airflow/dags/api_dag.py
[2023-09-23T22:43:46.171-0400] {processor.py:829} INFO - Processing file /home/beau/airflow/dags/api_dag.py for tasks to queue
[2023-09-23T22:43:46.172-0400] {logging_mixin.py:151} INFO - [2023-09-23T22:43:46.172-0400] {dagbag.py:539} INFO - Filling up the DagBag from /home/beau/airflow/dags/api_dag.py
[2023-09-23T22:43:46.185-0400] {processor.py:839} INFO - DAG(s) dict_keys(['api_dag']) retrieved from /home/beau/airflow/dags/api_dag.py
[2023-09-23T22:43:46.200-0400] {logging_mixin.py:151} INFO - [2023-09-23T22:43:46.200-0400] {dag.py:2915} INFO - Sync 1 DAGs
[2023-09-23T22:43:46.216-0400] {logging_mixin.py:151} INFO - [2023-09-23T22:43:46.216-0400] {dag.py:3696} INFO - Setting next_dagrun for api_dag to 2023-09-30T00:00:00+00:00, run_after=2023-10-01T00:00:00+00:00
[2023-09-23T22:43:46.239-0400] {processor.py:179} INFO - Processing /home/beau/airflow/dags/api_dag.py took 0.077 seconds
[2023-09-23T22:44:24.566-0400] {processor.py:157} INFO - Started process (PID=17390) to work on /home/beau/airflow/dags/api_dag.py
[2023-09-23T22:44:24.570-0400] {processor.py:829} INFO - Processing file /home/beau/airflow/dags/api_dag.py for tasks to queue
[2023-09-23T22:44:24.571-0400] {logging_mixin.py:151} INFO - [2023-09-23T22:44:24.571-0400] {dagbag.py:539} INFO - Filling up the DagBag from /home/beau/airflow/dags/api_dag.py
[2023-09-23T22:44:24.583-0400] {processor.py:839} INFO - DAG(s) dict_keys(['api_dag']) retrieved from /home/beau/airflow/dags/api_dag.py
[2023-09-23T22:44:24.598-0400] {logging_mixin.py:151} INFO - [2023-09-23T22:44:24.597-0400] {dag.py:2915} INFO - Sync 1 DAGs
[2023-09-23T22:44:24.614-0400] {logging_mixin.py:151} INFO - [2023-09-23T22:44:24.614-0400] {dag.py:3696} INFO - Setting next_dagrun for api_dag to 2023-09-30T00:00:00+00:00, run_after=2023-10-01T00:00:00+00:00
[2023-09-23T22:44:24.638-0400] {processor.py:179} INFO - Processing /home/beau/airflow/dags/api_dag.py took 0.076 seconds
[2023-09-23T22:44:57.712-0400] {processor.py:157} INFO - Started process (PID=17515) to work on /home/beau/airflow/dags/api_dag.py
[2023-09-23T22:44:57.717-0400] {processor.py:829} INFO - Processing file /home/beau/airflow/dags/api_dag.py for tasks to queue
[2023-09-23T22:44:57.720-0400] {logging_mixin.py:151} INFO - [2023-09-23T22:44:57.719-0400] {dagbag.py:539} INFO - Filling up the DagBag from /home/beau/airflow/dags/api_dag.py
[2023-09-23T22:44:57.743-0400] {processor.py:839} INFO - DAG(s) dict_keys(['api_dag']) retrieved from /home/beau/airflow/dags/api_dag.py
[2023-09-23T22:44:57.760-0400] {logging_mixin.py:151} INFO - [2023-09-23T22:44:57.760-0400] {dag.py:2915} INFO - Sync 1 DAGs
[2023-09-23T22:44:57.781-0400] {logging_mixin.py:151} INFO - [2023-09-23T22:44:57.781-0400] {dag.py:3696} INFO - Setting next_dagrun for api_dag to 2023-09-30T00:00:00+00:00, run_after=2023-10-01T00:00:00+00:00
[2023-09-23T22:44:57.805-0400] {processor.py:179} INFO - Processing /home/beau/airflow/dags/api_dag.py took 0.096 seconds
[2023-09-23T22:45:32.004-0400] {processor.py:157} INFO - Started process (PID=17706) to work on /home/beau/airflow/dags/api_dag.py
[2023-09-23T22:45:32.008-0400] {processor.py:829} INFO - Processing file /home/beau/airflow/dags/api_dag.py for tasks to queue
[2023-09-23T22:45:32.009-0400] {logging_mixin.py:151} INFO - [2023-09-23T22:45:32.009-0400] {dagbag.py:539} INFO - Filling up the DagBag from /home/beau/airflow/dags/api_dag.py
[2023-09-23T22:45:32.023-0400] {processor.py:839} INFO - DAG(s) dict_keys(['api_dag']) retrieved from /home/beau/airflow/dags/api_dag.py
[2023-09-23T22:45:32.040-0400] {logging_mixin.py:151} INFO - [2023-09-23T22:45:32.039-0400] {dag.py:2915} INFO - Sync 1 DAGs
[2023-09-23T22:45:32.055-0400] {logging_mixin.py:151} INFO - [2023-09-23T22:45:32.055-0400] {dag.py:3696} INFO - Setting next_dagrun for api_dag to 2023-09-30T00:00:00+00:00, run_after=2023-10-01T00:00:00+00:00
[2023-09-23T22:45:32.077-0400] {processor.py:179} INFO - Processing /home/beau/airflow/dags/api_dag.py took 0.082 seconds
[2023-09-23T22:46:07.781-0400] {processor.py:157} INFO - Started process (PID=17841) to work on /home/beau/airflow/dags/api_dag.py
[2023-09-23T22:46:07.785-0400] {processor.py:829} INFO - Processing file /home/beau/airflow/dags/api_dag.py for tasks to queue
[2023-09-23T22:46:07.786-0400] {logging_mixin.py:151} INFO - [2023-09-23T22:46:07.786-0400] {dagbag.py:539} INFO - Filling up the DagBag from /home/beau/airflow/dags/api_dag.py
[2023-09-23T22:46:07.800-0400] {processor.py:839} INFO - DAG(s) dict_keys(['api_dag']) retrieved from /home/beau/airflow/dags/api_dag.py
[2023-09-23T22:46:07.817-0400] {logging_mixin.py:151} INFO - [2023-09-23T22:46:07.817-0400] {dag.py:2915} INFO - Sync 1 DAGs
[2023-09-23T22:46:07.845-0400] {logging_mixin.py:151} INFO - [2023-09-23T22:46:07.845-0400] {dag.py:3696} INFO - Setting next_dagrun for api_dag to 2023-09-30T00:00:00+00:00, run_after=2023-10-01T00:00:00+00:00
[2023-09-23T22:46:07.875-0400] {processor.py:179} INFO - Processing /home/beau/airflow/dags/api_dag.py took 0.098 seconds
[2023-09-23T22:46:43.329-0400] {processor.py:157} INFO - Started process (PID=18097) to work on /home/beau/airflow/dags/api_dag.py
[2023-09-23T22:46:43.333-0400] {processor.py:829} INFO - Processing file /home/beau/airflow/dags/api_dag.py for tasks to queue
[2023-09-23T22:46:43.335-0400] {logging_mixin.py:151} INFO - [2023-09-23T22:46:43.334-0400] {dagbag.py:539} INFO - Filling up the DagBag from /home/beau/airflow/dags/api_dag.py
[2023-09-23T22:46:43.349-0400] {processor.py:839} INFO - DAG(s) dict_keys(['api_dag']) retrieved from /home/beau/airflow/dags/api_dag.py
[2023-09-23T22:46:43.366-0400] {logging_mixin.py:151} INFO - [2023-09-23T22:46:43.365-0400] {dag.py:2915} INFO - Sync 1 DAGs
[2023-09-23T22:46:43.385-0400] {logging_mixin.py:151} INFO - [2023-09-23T22:46:43.384-0400] {dag.py:3696} INFO - Setting next_dagrun for api_dag to 2023-09-30T00:00:00+00:00, run_after=2023-10-01T00:00:00+00:00
[2023-09-23T22:46:43.407-0400] {processor.py:179} INFO - Processing /home/beau/airflow/dags/api_dag.py took 0.088 seconds
[2023-09-23T22:47:01.192-0400] {processor.py:157} INFO - Started process (PID=18162) to work on /home/beau/airflow/dags/api_dag.py
[2023-09-23T22:47:01.196-0400] {processor.py:829} INFO - Processing file /home/beau/airflow/dags/api_dag.py for tasks to queue
[2023-09-23T22:47:01.198-0400] {logging_mixin.py:151} INFO - [2023-09-23T22:47:01.197-0400] {dagbag.py:539} INFO - Filling up the DagBag from /home/beau/airflow/dags/api_dag.py
[2023-09-23T22:47:01.214-0400] {processor.py:839} INFO - DAG(s) dict_keys(['api_dag']) retrieved from /home/beau/airflow/dags/api_dag.py
[2023-09-23T22:47:01.230-0400] {logging_mixin.py:151} INFO - [2023-09-23T22:47:01.229-0400] {dag.py:2915} INFO - Sync 1 DAGs
[2023-09-23T22:47:01.248-0400] {logging_mixin.py:151} INFO - [2023-09-23T22:47:01.248-0400] {dag.py:3696} INFO - Setting next_dagrun for api_dag to 2023-09-30T00:00:00+00:00, run_after=2023-10-01T00:00:00+00:00
[2023-09-23T22:47:01.275-0400] {processor.py:179} INFO - Processing /home/beau/airflow/dags/api_dag.py took 0.092 seconds
[2023-09-23T22:47:38.041-0400] {processor.py:157} INFO - Started process (PID=18410) to work on /home/beau/airflow/dags/api_dag.py
[2023-09-23T22:47:38.046-0400] {processor.py:829} INFO - Processing file /home/beau/airflow/dags/api_dag.py for tasks to queue
[2023-09-23T22:47:38.047-0400] {logging_mixin.py:151} INFO - [2023-09-23T22:47:38.047-0400] {dagbag.py:539} INFO - Filling up the DagBag from /home/beau/airflow/dags/api_dag.py
[2023-09-23T22:47:38.059-0400] {processor.py:839} INFO - DAG(s) dict_keys(['api_dag']) retrieved from /home/beau/airflow/dags/api_dag.py
[2023-09-23T22:47:38.072-0400] {logging_mixin.py:151} INFO - [2023-09-23T22:47:38.071-0400] {dag.py:2915} INFO - Sync 1 DAGs
[2023-09-23T22:47:38.087-0400] {logging_mixin.py:151} INFO - [2023-09-23T22:47:38.087-0400] {dag.py:3696} INFO - Setting next_dagrun for api_dag to 2023-09-30T00:00:00+00:00, run_after=2023-10-01T00:00:00+00:00
[2023-09-23T22:47:38.110-0400] {processor.py:179} INFO - Processing /home/beau/airflow/dags/api_dag.py took 0.073 seconds
[2023-09-23T22:48:13.770-0400] {processor.py:157} INFO - Started process (PID=18566) to work on /home/beau/airflow/dags/api_dag.py
[2023-09-23T22:48:13.772-0400] {processor.py:829} INFO - Processing file /home/beau/airflow/dags/api_dag.py for tasks to queue
[2023-09-23T22:48:13.773-0400] {logging_mixin.py:151} INFO - [2023-09-23T22:48:13.772-0400] {dagbag.py:539} INFO - Filling up the DagBag from /home/beau/airflow/dags/api_dag.py
[2023-09-23T22:48:13.784-0400] {processor.py:839} INFO - DAG(s) dict_keys(['api_dag']) retrieved from /home/beau/airflow/dags/api_dag.py
[2023-09-23T22:48:13.799-0400] {logging_mixin.py:151} INFO - [2023-09-23T22:48:13.799-0400] {dag.py:2915} INFO - Sync 1 DAGs
[2023-09-23T22:48:13.816-0400] {logging_mixin.py:151} INFO - [2023-09-23T22:48:13.816-0400] {dag.py:3696} INFO - Setting next_dagrun for api_dag to 2023-09-30T00:00:00+00:00, run_after=2023-10-01T00:00:00+00:00
[2023-09-23T22:48:13.838-0400] {processor.py:179} INFO - Processing /home/beau/airflow/dags/api_dag.py took 0.072 seconds
[2023-09-23T22:48:45.899-0400] {processor.py:157} INFO - Started process (PID=18855) to work on /home/beau/airflow/dags/api_dag.py
[2023-09-23T22:48:45.903-0400] {processor.py:829} INFO - Processing file /home/beau/airflow/dags/api_dag.py for tasks to queue
[2023-09-23T22:48:45.904-0400] {logging_mixin.py:151} INFO - [2023-09-23T22:48:45.904-0400] {dagbag.py:539} INFO - Filling up the DagBag from /home/beau/airflow/dags/api_dag.py
[2023-09-23T22:48:45.918-0400] {processor.py:839} INFO - DAG(s) dict_keys(['api_dag']) retrieved from /home/beau/airflow/dags/api_dag.py
[2023-09-23T22:48:45.940-0400] {logging_mixin.py:151} INFO - [2023-09-23T22:48:45.940-0400] {dag.py:2915} INFO - Sync 1 DAGs
[2023-09-23T22:48:45.963-0400] {logging_mixin.py:151} INFO - [2023-09-23T22:48:45.963-0400] {dag.py:3696} INFO - Setting next_dagrun for api_dag to 2023-09-30T00:00:00+00:00, run_after=2023-10-01T00:00:00+00:00
[2023-09-23T22:48:45.988-0400] {processor.py:179} INFO - Processing /home/beau/airflow/dags/api_dag.py took 0.094 seconds
[2023-09-23T22:49:22.716-0400] {processor.py:157} INFO - Started process (PID=19140) to work on /home/beau/airflow/dags/api_dag.py
[2023-09-23T22:49:22.720-0400] {processor.py:829} INFO - Processing file /home/beau/airflow/dags/api_dag.py for tasks to queue
[2023-09-23T22:49:22.721-0400] {logging_mixin.py:151} INFO - [2023-09-23T22:49:22.720-0400] {dagbag.py:539} INFO - Filling up the DagBag from /home/beau/airflow/dags/api_dag.py
[2023-09-23T22:49:22.729-0400] {processor.py:839} INFO - DAG(s) dict_keys(['api_dag']) retrieved from /home/beau/airflow/dags/api_dag.py
[2023-09-23T22:49:22.742-0400] {logging_mixin.py:151} INFO - [2023-09-23T22:49:22.741-0400] {dag.py:2915} INFO - Sync 1 DAGs
[2023-09-23T22:49:22.757-0400] {logging_mixin.py:151} INFO - [2023-09-23T22:49:22.756-0400] {dag.py:3696} INFO - Setting next_dagrun for api_dag to 2023-09-30T00:00:00+00:00, run_after=2023-10-01T00:00:00+00:00
[2023-09-23T22:49:22.778-0400] {processor.py:179} INFO - Processing /home/beau/airflow/dags/api_dag.py took 0.068 seconds
[2023-09-23T22:49:57.719-0400] {processor.py:157} INFO - Started process (PID=19357) to work on /home/beau/airflow/dags/api_dag.py
[2023-09-23T22:49:57.723-0400] {processor.py:829} INFO - Processing file /home/beau/airflow/dags/api_dag.py for tasks to queue
[2023-09-23T22:49:57.724-0400] {logging_mixin.py:151} INFO - [2023-09-23T22:49:57.724-0400] {dagbag.py:539} INFO - Filling up the DagBag from /home/beau/airflow/dags/api_dag.py
[2023-09-23T22:49:57.736-0400] {processor.py:839} INFO - DAG(s) dict_keys(['api_dag']) retrieved from /home/beau/airflow/dags/api_dag.py
[2023-09-23T22:49:57.752-0400] {logging_mixin.py:151} INFO - [2023-09-23T22:49:57.752-0400] {dag.py:2915} INFO - Sync 1 DAGs
[2023-09-23T22:49:57.767-0400] {logging_mixin.py:151} INFO - [2023-09-23T22:49:57.767-0400] {dag.py:3696} INFO - Setting next_dagrun for api_dag to 2023-09-30T00:00:00+00:00, run_after=2023-10-01T00:00:00+00:00
[2023-09-23T22:49:57.789-0400] {processor.py:179} INFO - Processing /home/beau/airflow/dags/api_dag.py took 0.074 seconds
[2023-09-23T22:50:34.328-0400] {processor.py:157} INFO - Started process (PID=19671) to work on /home/beau/airflow/dags/api_dag.py
[2023-09-23T22:50:34.332-0400] {processor.py:829} INFO - Processing file /home/beau/airflow/dags/api_dag.py for tasks to queue
[2023-09-23T22:50:34.334-0400] {logging_mixin.py:151} INFO - [2023-09-23T22:50:34.333-0400] {dagbag.py:539} INFO - Filling up the DagBag from /home/beau/airflow/dags/api_dag.py
[2023-09-23T22:50:34.345-0400] {processor.py:839} INFO - DAG(s) dict_keys(['api_dag']) retrieved from /home/beau/airflow/dags/api_dag.py
[2023-09-23T22:50:34.359-0400] {logging_mixin.py:151} INFO - [2023-09-23T22:50:34.358-0400] {dag.py:2915} INFO - Sync 1 DAGs
[2023-09-23T22:50:34.375-0400] {logging_mixin.py:151} INFO - [2023-09-23T22:50:34.375-0400] {dag.py:3696} INFO - Setting next_dagrun for api_dag to 2023-09-30T00:00:00+00:00, run_after=2023-10-01T00:00:00+00:00
[2023-09-23T22:50:34.399-0400] {processor.py:179} INFO - Processing /home/beau/airflow/dags/api_dag.py took 0.074 seconds
[2023-09-23T22:51:11.242-0400] {processor.py:157} INFO - Started process (PID=19834) to work on /home/beau/airflow/dags/api_dag.py
[2023-09-23T22:51:11.246-0400] {processor.py:829} INFO - Processing file /home/beau/airflow/dags/api_dag.py for tasks to queue
[2023-09-23T22:51:11.248-0400] {logging_mixin.py:151} INFO - [2023-09-23T22:51:11.247-0400] {dagbag.py:539} INFO - Filling up the DagBag from /home/beau/airflow/dags/api_dag.py
[2023-09-23T22:51:11.262-0400] {processor.py:839} INFO - DAG(s) dict_keys(['api_dag']) retrieved from /home/beau/airflow/dags/api_dag.py
[2023-09-23T22:51:11.283-0400] {logging_mixin.py:151} INFO - [2023-09-23T22:51:11.283-0400] {dag.py:2915} INFO - Sync 1 DAGs
[2023-09-23T22:51:11.298-0400] {logging_mixin.py:151} INFO - [2023-09-23T22:51:11.298-0400] {dag.py:3696} INFO - Setting next_dagrun for api_dag to 2023-09-30T00:00:00+00:00, run_after=2023-10-01T00:00:00+00:00
[2023-09-23T22:51:11.320-0400] {processor.py:179} INFO - Processing /home/beau/airflow/dags/api_dag.py took 0.086 seconds
[2023-09-23T22:51:48.499-0400] {processor.py:157} INFO - Started process (PID=20131) to work on /home/beau/airflow/dags/api_dag.py
[2023-09-23T22:51:48.503-0400] {processor.py:829} INFO - Processing file /home/beau/airflow/dags/api_dag.py for tasks to queue
[2023-09-23T22:51:48.505-0400] {logging_mixin.py:151} INFO - [2023-09-23T22:51:48.504-0400] {dagbag.py:539} INFO - Filling up the DagBag from /home/beau/airflow/dags/api_dag.py
[2023-09-23T22:51:48.526-0400] {processor.py:839} INFO - DAG(s) dict_keys(['api_dag']) retrieved from /home/beau/airflow/dags/api_dag.py
[2023-09-23T22:51:48.548-0400] {logging_mixin.py:151} INFO - [2023-09-23T22:51:48.547-0400] {dag.py:2915} INFO - Sync 1 DAGs
[2023-09-23T22:51:48.564-0400] {logging_mixin.py:151} INFO - [2023-09-23T22:51:48.564-0400] {dag.py:3696} INFO - Setting next_dagrun for api_dag to 2023-09-30T00:00:00+00:00, run_after=2023-10-01T00:00:00+00:00
[2023-09-23T22:51:48.592-0400] {processor.py:179} INFO - Processing /home/beau/airflow/dags/api_dag.py took 0.095 seconds
[2023-09-23T22:52:23.729-0400] {processor.py:157} INFO - Started process (PID=20501) to work on /home/beau/airflow/dags/api_dag.py
[2023-09-23T22:52:23.734-0400] {processor.py:829} INFO - Processing file /home/beau/airflow/dags/api_dag.py for tasks to queue
[2023-09-23T22:52:23.736-0400] {logging_mixin.py:151} INFO - [2023-09-23T22:52:23.735-0400] {dagbag.py:539} INFO - Filling up the DagBag from /home/beau/airflow/dags/api_dag.py
[2023-09-23T22:52:23.749-0400] {processor.py:839} INFO - DAG(s) dict_keys(['api_dag']) retrieved from /home/beau/airflow/dags/api_dag.py
[2023-09-23T22:52:23.770-0400] {logging_mixin.py:151} INFO - [2023-09-23T22:52:23.770-0400] {dag.py:2915} INFO - Sync 1 DAGs
[2023-09-23T22:52:23.785-0400] {logging_mixin.py:151} INFO - [2023-09-23T22:52:23.785-0400] {dag.py:3696} INFO - Setting next_dagrun for api_dag to 2023-09-30T00:00:00+00:00, run_after=2023-10-01T00:00:00+00:00
[2023-09-23T22:52:23.806-0400] {processor.py:179} INFO - Processing /home/beau/airflow/dags/api_dag.py took 0.085 seconds
[2023-09-23T22:52:44.204-0400] {processor.py:157} INFO - Started process (PID=20576) to work on /home/beau/airflow/dags/api_dag.py
[2023-09-23T22:52:44.205-0400] {processor.py:829} INFO - Processing file /home/beau/airflow/dags/api_dag.py for tasks to queue
[2023-09-23T22:52:44.206-0400] {logging_mixin.py:151} INFO - [2023-09-23T22:52:44.205-0400] {dagbag.py:539} INFO - Filling up the DagBag from /home/beau/airflow/dags/api_dag.py
[2023-09-23T22:52:44.214-0400] {processor.py:839} INFO - DAG(s) dict_keys(['api_dag']) retrieved from /home/beau/airflow/dags/api_dag.py
[2023-09-23T22:52:44.284-0400] {logging_mixin.py:151} INFO - [2023-09-23T22:52:44.284-0400] {security.py:708} INFO - Not syncing DAG-level permissions for DAG 'DAG:api_dag' as access control is unset.
[2023-09-23T22:52:44.284-0400] {logging_mixin.py:151} INFO - [2023-09-23T22:52:44.284-0400] {dag.py:2915} INFO - Sync 1 DAGs
[2023-09-23T22:52:44.299-0400] {logging_mixin.py:151} INFO - [2023-09-23T22:52:44.299-0400] {dag.py:3696} INFO - Setting next_dagrun for api_dag to 2023-09-23T00:00:00+00:00, run_after=2023-09-24T00:00:00+00:00
[2023-09-23T22:52:44.325-0400] {processor.py:179} INFO - Processing /home/beau/airflow/dags/api_dag.py took 0.125 seconds
[2023-09-23T22:53:26.466-0400] {processor.py:157} INFO - Started process (PID=20888) to work on /home/beau/airflow/dags/api_dag.py
[2023-09-23T22:53:26.470-0400] {processor.py:829} INFO - Processing file /home/beau/airflow/dags/api_dag.py for tasks to queue
[2023-09-23T22:53:26.471-0400] {logging_mixin.py:151} INFO - [2023-09-23T22:53:26.470-0400] {dagbag.py:539} INFO - Filling up the DagBag from /home/beau/airflow/dags/api_dag.py
[2023-09-23T22:53:26.481-0400] {processor.py:839} INFO - DAG(s) dict_keys(['api_dag']) retrieved from /home/beau/airflow/dags/api_dag.py
[2023-09-23T22:53:26.495-0400] {logging_mixin.py:151} INFO - [2023-09-23T22:53:26.495-0400] {dag.py:2915} INFO - Sync 1 DAGs
[2023-09-23T22:53:26.511-0400] {logging_mixin.py:151} INFO - [2023-09-23T22:53:26.511-0400] {dag.py:3696} INFO - Setting next_dagrun for api_dag to 2023-09-23T00:00:00+00:00, run_after=2023-09-24T00:00:00+00:00
[2023-09-23T22:53:26.538-0400] {processor.py:179} INFO - Processing /home/beau/airflow/dags/api_dag.py took 0.077 seconds
[2023-09-23T22:54:02.436-0400] {processor.py:157} INFO - Started process (PID=21073) to work on /home/beau/airflow/dags/api_dag.py
[2023-09-23T22:54:02.439-0400] {processor.py:829} INFO - Processing file /home/beau/airflow/dags/api_dag.py for tasks to queue
[2023-09-23T22:54:02.440-0400] {logging_mixin.py:151} INFO - [2023-09-23T22:54:02.439-0400] {dagbag.py:539} INFO - Filling up the DagBag from /home/beau/airflow/dags/api_dag.py
[2023-09-23T22:54:02.448-0400] {processor.py:839} INFO - DAG(s) dict_keys(['api_dag']) retrieved from /home/beau/airflow/dags/api_dag.py
[2023-09-23T22:54:02.461-0400] {logging_mixin.py:151} INFO - [2023-09-23T22:54:02.461-0400] {dag.py:2915} INFO - Sync 1 DAGs
[2023-09-23T22:54:02.478-0400] {logging_mixin.py:151} INFO - [2023-09-23T22:54:02.478-0400] {dag.py:3696} INFO - Setting next_dagrun for api_dag to 2023-09-23T00:00:00+00:00, run_after=2023-09-24T00:00:00+00:00
[2023-09-23T22:54:02.501-0400] {processor.py:179} INFO - Processing /home/beau/airflow/dags/api_dag.py took 0.068 seconds
[2023-09-23T22:54:39.826-0400] {processor.py:157} INFO - Started process (PID=21274) to work on /home/beau/airflow/dags/api_dag.py
[2023-09-23T22:54:39.832-0400] {processor.py:829} INFO - Processing file /home/beau/airflow/dags/api_dag.py for tasks to queue
[2023-09-23T22:54:39.834-0400] {logging_mixin.py:151} INFO - [2023-09-23T22:54:39.833-0400] {dagbag.py:539} INFO - Filling up the DagBag from /home/beau/airflow/dags/api_dag.py
[2023-09-23T22:54:39.848-0400] {processor.py:839} INFO - DAG(s) dict_keys(['api_dag']) retrieved from /home/beau/airflow/dags/api_dag.py
[2023-09-23T22:54:39.859-0400] {logging_mixin.py:151} INFO - [2023-09-23T22:54:39.859-0400] {dag.py:2915} INFO - Sync 1 DAGs
[2023-09-23T22:54:39.874-0400] {logging_mixin.py:151} INFO - [2023-09-23T22:54:39.874-0400] {dag.py:3696} INFO - Setting next_dagrun for api_dag to 2023-09-23T00:00:00+00:00, run_after=2023-09-24T00:00:00+00:00
[2023-09-23T22:54:39.897-0400] {processor.py:179} INFO - Processing /home/beau/airflow/dags/api_dag.py took 0.079 seconds
[2023-09-23T22:55:19.281-0400] {processor.py:157} INFO - Started process (PID=21469) to work on /home/beau/airflow/dags/api_dag.py
[2023-09-23T22:55:19.284-0400] {processor.py:829} INFO - Processing file /home/beau/airflow/dags/api_dag.py for tasks to queue
[2023-09-23T22:55:19.285-0400] {logging_mixin.py:151} INFO - [2023-09-23T22:55:19.285-0400] {dagbag.py:539} INFO - Filling up the DagBag from /home/beau/airflow/dags/api_dag.py
[2023-09-23T22:55:19.292-0400] {processor.py:839} INFO - DAG(s) dict_keys(['api_dag']) retrieved from /home/beau/airflow/dags/api_dag.py
[2023-09-23T22:55:19.304-0400] {logging_mixin.py:151} INFO - [2023-09-23T22:55:19.304-0400] {dag.py:2915} INFO - Sync 1 DAGs
[2023-09-23T22:55:19.322-0400] {logging_mixin.py:151} INFO - [2023-09-23T22:55:19.322-0400] {dag.py:3696} INFO - Setting next_dagrun for api_dag to 2023-09-23T00:00:00+00:00, run_after=2023-09-24T00:00:00+00:00
[2023-09-23T22:55:19.344-0400] {processor.py:179} INFO - Processing /home/beau/airflow/dags/api_dag.py took 0.066 seconds
[2023-09-23T22:55:55.944-0400] {processor.py:157} INFO - Started process (PID=21692) to work on /home/beau/airflow/dags/api_dag.py
[2023-09-23T22:55:55.949-0400] {processor.py:829} INFO - Processing file /home/beau/airflow/dags/api_dag.py for tasks to queue
[2023-09-23T22:55:55.951-0400] {logging_mixin.py:151} INFO - [2023-09-23T22:55:55.950-0400] {dagbag.py:539} INFO - Filling up the DagBag from /home/beau/airflow/dags/api_dag.py
[2023-09-23T22:55:55.961-0400] {processor.py:839} INFO - DAG(s) dict_keys(['api_dag']) retrieved from /home/beau/airflow/dags/api_dag.py
[2023-09-23T22:55:55.976-0400] {logging_mixin.py:151} INFO - [2023-09-23T22:55:55.976-0400] {dag.py:2915} INFO - Sync 1 DAGs
[2023-09-23T22:55:55.995-0400] {logging_mixin.py:151} INFO - [2023-09-23T22:55:55.995-0400] {dag.py:3696} INFO - Setting next_dagrun for api_dag to 2023-09-23T00:00:00+00:00, run_after=2023-09-24T00:00:00+00:00
[2023-09-23T22:55:56.016-0400] {processor.py:179} INFO - Processing /home/beau/airflow/dags/api_dag.py took 0.077 seconds
[2023-09-23T22:56:35.122-0400] {processor.py:157} INFO - Started process (PID=21984) to work on /home/beau/airflow/dags/api_dag.py
[2023-09-23T22:56:35.126-0400] {processor.py:829} INFO - Processing file /home/beau/airflow/dags/api_dag.py for tasks to queue
[2023-09-23T22:56:35.128-0400] {logging_mixin.py:151} INFO - [2023-09-23T22:56:35.127-0400] {dagbag.py:539} INFO - Filling up the DagBag from /home/beau/airflow/dags/api_dag.py
[2023-09-23T22:56:35.137-0400] {processor.py:839} INFO - DAG(s) dict_keys(['api_dag']) retrieved from /home/beau/airflow/dags/api_dag.py
[2023-09-23T22:56:35.148-0400] {logging_mixin.py:151} INFO - [2023-09-23T22:56:35.148-0400] {dag.py:2915} INFO - Sync 1 DAGs
[2023-09-23T22:56:35.165-0400] {logging_mixin.py:151} INFO - [2023-09-23T22:56:35.165-0400] {dag.py:3696} INFO - Setting next_dagrun for api_dag to 2023-09-23T00:00:00+00:00, run_after=2023-09-24T00:00:00+00:00
[2023-09-23T22:56:35.187-0400] {processor.py:179} INFO - Processing /home/beau/airflow/dags/api_dag.py took 0.070 seconds
[2023-09-23T22:57:12.757-0400] {processor.py:157} INFO - Started process (PID=22171) to work on /home/beau/airflow/dags/api_dag.py
[2023-09-23T22:57:12.761-0400] {processor.py:829} INFO - Processing file /home/beau/airflow/dags/api_dag.py for tasks to queue
[2023-09-23T22:57:12.763-0400] {logging_mixin.py:151} INFO - [2023-09-23T22:57:12.762-0400] {dagbag.py:539} INFO - Filling up the DagBag from /home/beau/airflow/dags/api_dag.py
[2023-09-23T22:57:12.782-0400] {processor.py:839} INFO - DAG(s) dict_keys(['api_dag']) retrieved from /home/beau/airflow/dags/api_dag.py
[2023-09-23T22:57:12.796-0400] {logging_mixin.py:151} INFO - [2023-09-23T22:57:12.796-0400] {dag.py:2915} INFO - Sync 1 DAGs
[2023-09-23T22:57:12.812-0400] {logging_mixin.py:151} INFO - [2023-09-23T22:57:12.812-0400] {dag.py:3696} INFO - Setting next_dagrun for api_dag to 2023-09-23T00:00:00+00:00, run_after=2023-09-24T00:00:00+00:00
[2023-09-23T22:57:12.834-0400] {processor.py:179} INFO - Processing /home/beau/airflow/dags/api_dag.py took 0.086 seconds
[2023-09-23T22:57:51.717-0400] {processor.py:157} INFO - Started process (PID=22378) to work on /home/beau/airflow/dags/api_dag.py
[2023-09-23T22:57:51.721-0400] {processor.py:829} INFO - Processing file /home/beau/airflow/dags/api_dag.py for tasks to queue
[2023-09-23T22:57:51.722-0400] {logging_mixin.py:151} INFO - [2023-09-23T22:57:51.722-0400] {dagbag.py:539} INFO - Filling up the DagBag from /home/beau/airflow/dags/api_dag.py
[2023-09-23T22:57:51.734-0400] {processor.py:839} INFO - DAG(s) dict_keys(['api_dag']) retrieved from /home/beau/airflow/dags/api_dag.py
[2023-09-23T22:57:51.749-0400] {logging_mixin.py:151} INFO - [2023-09-23T22:57:51.749-0400] {dag.py:2915} INFO - Sync 1 DAGs
[2023-09-23T22:57:51.764-0400] {logging_mixin.py:151} INFO - [2023-09-23T22:57:51.764-0400] {dag.py:3696} INFO - Setting next_dagrun for api_dag to 2023-09-23T00:00:00+00:00, run_after=2023-09-24T00:00:00+00:00
[2023-09-23T22:57:51.786-0400] {processor.py:179} INFO - Processing /home/beau/airflow/dags/api_dag.py took 0.073 seconds
[2023-09-23T22:58:29.228-0400] {processor.py:157} INFO - Started process (PID=22625) to work on /home/beau/airflow/dags/api_dag.py
[2023-09-23T22:58:29.232-0400] {processor.py:829} INFO - Processing file /home/beau/airflow/dags/api_dag.py for tasks to queue
[2023-09-23T22:58:29.233-0400] {logging_mixin.py:151} INFO - [2023-09-23T22:58:29.233-0400] {dagbag.py:539} INFO - Filling up the DagBag from /home/beau/airflow/dags/api_dag.py
[2023-09-23T22:58:29.243-0400] {processor.py:839} INFO - DAG(s) dict_keys(['api_dag']) retrieved from /home/beau/airflow/dags/api_dag.py
[2023-09-23T22:58:29.258-0400] {logging_mixin.py:151} INFO - [2023-09-23T22:58:29.258-0400] {dag.py:2915} INFO - Sync 1 DAGs
[2023-09-23T22:58:29.273-0400] {logging_mixin.py:151} INFO - [2023-09-23T22:58:29.273-0400] {dag.py:3696} INFO - Setting next_dagrun for api_dag to 2023-09-23T00:00:00+00:00, run_after=2023-09-24T00:00:00+00:00
[2023-09-23T22:58:29.294-0400] {processor.py:179} INFO - Processing /home/beau/airflow/dags/api_dag.py took 0.069 seconds
[2023-09-23T22:59:04.314-0400] {processor.py:157} INFO - Started process (PID=22805) to work on /home/beau/airflow/dags/api_dag.py
[2023-09-23T22:59:04.316-0400] {processor.py:829} INFO - Processing file /home/beau/airflow/dags/api_dag.py for tasks to queue
[2023-09-23T22:59:04.317-0400] {logging_mixin.py:151} INFO - [2023-09-23T22:59:04.317-0400] {dagbag.py:539} INFO - Filling up the DagBag from /home/beau/airflow/dags/api_dag.py
[2023-09-23T22:59:04.328-0400] {processor.py:839} INFO - DAG(s) dict_keys(['api_dag']) retrieved from /home/beau/airflow/dags/api_dag.py
[2023-09-23T22:59:04.344-0400] {logging_mixin.py:151} INFO - [2023-09-23T22:59:04.344-0400] {dag.py:2915} INFO - Sync 1 DAGs
[2023-09-23T22:59:04.359-0400] {logging_mixin.py:151} INFO - [2023-09-23T22:59:04.359-0400] {dag.py:3696} INFO - Setting next_dagrun for api_dag to 2023-09-23T00:00:00+00:00, run_after=2023-09-24T00:00:00+00:00
[2023-09-23T22:59:04.380-0400] {processor.py:179} INFO - Processing /home/beau/airflow/dags/api_dag.py took 0.074 seconds
[2023-09-23T22:59:43.172-0400] {processor.py:157} INFO - Started process (PID=23011) to work on /home/beau/airflow/dags/api_dag.py
[2023-09-23T22:59:43.178-0400] {processor.py:829} INFO - Processing file /home/beau/airflow/dags/api_dag.py for tasks to queue
[2023-09-23T22:59:43.180-0400] {logging_mixin.py:151} INFO - [2023-09-23T22:59:43.179-0400] {dagbag.py:539} INFO - Filling up the DagBag from /home/beau/airflow/dags/api_dag.py
[2023-09-23T22:59:43.199-0400] {processor.py:839} INFO - DAG(s) dict_keys(['api_dag']) retrieved from /home/beau/airflow/dags/api_dag.py
[2023-09-23T22:59:43.217-0400] {logging_mixin.py:151} INFO - [2023-09-23T22:59:43.217-0400] {dag.py:2915} INFO - Sync 1 DAGs
[2023-09-23T22:59:43.232-0400] {logging_mixin.py:151} INFO - [2023-09-23T22:59:43.232-0400] {dag.py:3696} INFO - Setting next_dagrun for api_dag to 2023-09-23T00:00:00+00:00, run_after=2023-09-24T00:00:00+00:00
[2023-09-23T22:59:43.258-0400] {processor.py:179} INFO - Processing /home/beau/airflow/dags/api_dag.py took 0.092 seconds
[2023-09-23T23:00:23.699-0400] {processor.py:157} INFO - Started process (PID=23284) to work on /home/beau/airflow/dags/api_dag.py
[2023-09-23T23:00:23.703-0400] {processor.py:829} INFO - Processing file /home/beau/airflow/dags/api_dag.py for tasks to queue
[2023-09-23T23:00:23.704-0400] {logging_mixin.py:151} INFO - [2023-09-23T23:00:23.704-0400] {dagbag.py:539} INFO - Filling up the DagBag from /home/beau/airflow/dags/api_dag.py
[2023-09-23T23:00:23.712-0400] {processor.py:839} INFO - DAG(s) dict_keys(['api_dag']) retrieved from /home/beau/airflow/dags/api_dag.py
[2023-09-23T23:00:23.727-0400] {logging_mixin.py:151} INFO - [2023-09-23T23:00:23.727-0400] {dag.py:2915} INFO - Sync 1 DAGs
[2023-09-23T23:00:23.750-0400] {logging_mixin.py:151} INFO - [2023-09-23T23:00:23.750-0400] {dag.py:3696} INFO - Setting next_dagrun for api_dag to 2023-09-23T00:00:00+00:00, run_after=2023-09-24T00:00:00+00:00
[2023-09-23T23:00:23.774-0400] {processor.py:179} INFO - Processing /home/beau/airflow/dags/api_dag.py took 0.078 seconds
[2023-09-23T23:01:04.465-0400] {processor.py:157} INFO - Started process (PID=23522) to work on /home/beau/airflow/dags/api_dag.py
[2023-09-23T23:01:04.470-0400] {processor.py:829} INFO - Processing file /home/beau/airflow/dags/api_dag.py for tasks to queue
[2023-09-23T23:01:04.472-0400] {logging_mixin.py:151} INFO - [2023-09-23T23:01:04.471-0400] {dagbag.py:539} INFO - Filling up the DagBag from /home/beau/airflow/dags/api_dag.py
[2023-09-23T23:01:04.486-0400] {processor.py:839} INFO - DAG(s) dict_keys(['api_dag']) retrieved from /home/beau/airflow/dags/api_dag.py
[2023-09-23T23:01:04.500-0400] {logging_mixin.py:151} INFO - [2023-09-23T23:01:04.500-0400] {dag.py:2915} INFO - Sync 1 DAGs
[2023-09-23T23:01:04.521-0400] {logging_mixin.py:151} INFO - [2023-09-23T23:01:04.521-0400] {dag.py:3696} INFO - Setting next_dagrun for api_dag to 2023-09-23T00:00:00+00:00, run_after=2023-09-24T00:00:00+00:00
[2023-09-23T23:01:04.544-0400] {processor.py:179} INFO - Processing /home/beau/airflow/dags/api_dag.py took 0.086 seconds
[2023-09-23T23:01:41.625-0400] {processor.py:157} INFO - Started process (PID=23784) to work on /home/beau/airflow/dags/api_dag.py
[2023-09-23T23:01:41.627-0400] {processor.py:829} INFO - Processing file /home/beau/airflow/dags/api_dag.py for tasks to queue
[2023-09-23T23:01:41.628-0400] {logging_mixin.py:151} INFO - [2023-09-23T23:01:41.627-0400] {dagbag.py:539} INFO - Filling up the DagBag from /home/beau/airflow/dags/api_dag.py
[2023-09-23T23:01:41.637-0400] {processor.py:839} INFO - DAG(s) dict_keys(['api_dag']) retrieved from /home/beau/airflow/dags/api_dag.py
[2023-09-23T23:01:41.669-0400] {logging_mixin.py:151} INFO - [2023-09-23T23:01:41.669-0400] {dag.py:2915} INFO - Sync 1 DAGs
[2023-09-23T23:01:41.688-0400] {logging_mixin.py:151} INFO - [2023-09-23T23:01:41.688-0400] {dag.py:3696} INFO - Setting next_dagrun for api_dag to 2023-09-23T00:00:00+00:00, run_after=2023-09-24T00:00:00+00:00
[2023-09-23T23:01:41.711-0400] {processor.py:179} INFO - Processing /home/beau/airflow/dags/api_dag.py took 0.089 seconds
[2023-09-23T23:02:19.016-0400] {processor.py:157} INFO - Started process (PID=23922) to work on /home/beau/airflow/dags/api_dag.py
[2023-09-23T23:02:19.019-0400] {processor.py:829} INFO - Processing file /home/beau/airflow/dags/api_dag.py for tasks to queue
[2023-09-23T23:02:19.020-0400] {logging_mixin.py:151} INFO - [2023-09-23T23:02:19.020-0400] {dagbag.py:539} INFO - Filling up the DagBag from /home/beau/airflow/dags/api_dag.py
[2023-09-23T23:02:19.028-0400] {processor.py:839} INFO - DAG(s) dict_keys(['api_dag']) retrieved from /home/beau/airflow/dags/api_dag.py
[2023-09-23T23:02:19.039-0400] {logging_mixin.py:151} INFO - [2023-09-23T23:02:19.039-0400] {dag.py:2915} INFO - Sync 1 DAGs
[2023-09-23T23:02:19.058-0400] {logging_mixin.py:151} INFO - [2023-09-23T23:02:19.057-0400] {dag.py:3696} INFO - Setting next_dagrun for api_dag to 2023-09-23T00:00:00+00:00, run_after=2023-09-24T00:00:00+00:00
[2023-09-23T23:02:19.082-0400] {processor.py:179} INFO - Processing /home/beau/airflow/dags/api_dag.py took 0.068 seconds
[2023-09-23T23:02:57.501-0400] {processor.py:157} INFO - Started process (PID=24122) to work on /home/beau/airflow/dags/api_dag.py
[2023-09-23T23:02:57.505-0400] {processor.py:829} INFO - Processing file /home/beau/airflow/dags/api_dag.py for tasks to queue
[2023-09-23T23:02:57.505-0400] {logging_mixin.py:151} INFO - [2023-09-23T23:02:57.505-0400] {dagbag.py:539} INFO - Filling up the DagBag from /home/beau/airflow/dags/api_dag.py
[2023-09-23T23:02:57.516-0400] {processor.py:839} INFO - DAG(s) dict_keys(['api_dag']) retrieved from /home/beau/airflow/dags/api_dag.py
[2023-09-23T23:02:57.542-0400] {logging_mixin.py:151} INFO - [2023-09-23T23:02:57.542-0400] {dag.py:2915} INFO - Sync 1 DAGs
[2023-09-23T23:02:57.559-0400] {logging_mixin.py:151} INFO - [2023-09-23T23:02:57.559-0400] {dag.py:3696} INFO - Setting next_dagrun for api_dag to 2023-09-23T00:00:00+00:00, run_after=2023-09-24T00:00:00+00:00
[2023-09-23T23:02:57.587-0400] {processor.py:179} INFO - Processing /home/beau/airflow/dags/api_dag.py took 0.089 seconds
[2023-09-23T23:03:37.024-0400] {processor.py:157} INFO - Started process (PID=24332) to work on /home/beau/airflow/dags/api_dag.py
[2023-09-23T23:03:37.027-0400] {processor.py:829} INFO - Processing file /home/beau/airflow/dags/api_dag.py for tasks to queue
[2023-09-23T23:03:37.028-0400] {logging_mixin.py:151} INFO - [2023-09-23T23:03:37.028-0400] {dagbag.py:539} INFO - Filling up the DagBag from /home/beau/airflow/dags/api_dag.py
[2023-09-23T23:03:37.040-0400] {processor.py:839} INFO - DAG(s) dict_keys(['api_dag']) retrieved from /home/beau/airflow/dags/api_dag.py
[2023-09-23T23:03:37.057-0400] {logging_mixin.py:151} INFO - [2023-09-23T23:03:37.057-0400] {dag.py:2915} INFO - Sync 1 DAGs
[2023-09-23T23:03:37.077-0400] {logging_mixin.py:151} INFO - [2023-09-23T23:03:37.077-0400] {dag.py:3696} INFO - Setting next_dagrun for api_dag to 2023-09-23T00:00:00+00:00, run_after=2023-09-24T00:00:00+00:00
[2023-09-23T23:03:37.104-0400] {processor.py:179} INFO - Processing /home/beau/airflow/dags/api_dag.py took 0.085 seconds
[2023-09-23T23:04:14.365-0400] {processor.py:157} INFO - Started process (PID=24474) to work on /home/beau/airflow/dags/api_dag.py
[2023-09-23T23:04:14.369-0400] {processor.py:829} INFO - Processing file /home/beau/airflow/dags/api_dag.py for tasks to queue
[2023-09-23T23:04:14.370-0400] {logging_mixin.py:151} INFO - [2023-09-23T23:04:14.370-0400] {dagbag.py:539} INFO - Filling up the DagBag from /home/beau/airflow/dags/api_dag.py
[2023-09-23T23:04:14.383-0400] {processor.py:839} INFO - DAG(s) dict_keys(['api_dag']) retrieved from /home/beau/airflow/dags/api_dag.py
[2023-09-23T23:04:14.397-0400] {logging_mixin.py:151} INFO - [2023-09-23T23:04:14.397-0400] {dag.py:2915} INFO - Sync 1 DAGs
[2023-09-23T23:04:14.413-0400] {logging_mixin.py:151} INFO - [2023-09-23T23:04:14.413-0400] {dag.py:3696} INFO - Setting next_dagrun for api_dag to 2023-09-23T00:00:00+00:00, run_after=2023-09-24T00:00:00+00:00
[2023-09-23T23:04:14.436-0400] {processor.py:179} INFO - Processing /home/beau/airflow/dags/api_dag.py took 0.079 seconds
[2023-09-23T23:04:51.237-0400] {processor.py:157} INFO - Started process (PID=24800) to work on /home/beau/airflow/dags/api_dag.py
[2023-09-23T23:04:51.239-0400] {processor.py:829} INFO - Processing file /home/beau/airflow/dags/api_dag.py for tasks to queue
[2023-09-23T23:04:51.239-0400] {logging_mixin.py:151} INFO - [2023-09-23T23:04:51.239-0400] {dagbag.py:539} INFO - Filling up the DagBag from /home/beau/airflow/dags/api_dag.py
[2023-09-23T23:04:51.247-0400] {processor.py:839} INFO - DAG(s) dict_keys(['api_dag']) retrieved from /home/beau/airflow/dags/api_dag.py
[2023-09-23T23:04:51.260-0400] {logging_mixin.py:151} INFO - [2023-09-23T23:04:51.259-0400] {dag.py:2915} INFO - Sync 1 DAGs
[2023-09-23T23:04:51.277-0400] {logging_mixin.py:151} INFO - [2023-09-23T23:04:51.276-0400] {dag.py:3696} INFO - Setting next_dagrun for api_dag to 2023-09-23T00:00:00+00:00, run_after=2023-09-24T00:00:00+00:00
[2023-09-23T23:04:51.299-0400] {processor.py:179} INFO - Processing /home/beau/airflow/dags/api_dag.py took 0.064 seconds
[2023-09-23T23:05:27.511-0400] {processor.py:157} INFO - Started process (PID=25263) to work on /home/beau/airflow/dags/api_dag.py
[2023-09-23T23:05:27.513-0400] {processor.py:829} INFO - Processing file /home/beau/airflow/dags/api_dag.py for tasks to queue
[2023-09-23T23:05:27.514-0400] {logging_mixin.py:151} INFO - [2023-09-23T23:05:27.513-0400] {dagbag.py:539} INFO - Filling up the DagBag from /home/beau/airflow/dags/api_dag.py
[2023-09-23T23:05:27.523-0400] {processor.py:839} INFO - DAG(s) dict_keys(['api_dag']) retrieved from /home/beau/airflow/dags/api_dag.py
[2023-09-23T23:05:27.553-0400] {logging_mixin.py:151} INFO - [2023-09-23T23:05:27.553-0400] {dag.py:2915} INFO - Sync 1 DAGs
[2023-09-23T23:05:27.572-0400] {logging_mixin.py:151} INFO - [2023-09-23T23:05:27.572-0400] {dag.py:3696} INFO - Setting next_dagrun for api_dag to 2023-09-23T00:00:00+00:00, run_after=2023-09-24T00:00:00+00:00
[2023-09-23T23:05:27.597-0400] {processor.py:179} INFO - Processing /home/beau/airflow/dags/api_dag.py took 0.090 seconds
