[2023-09-27T07:36:02.908-0400] {processor.py:157} INFO - Started process (PID=12142) to work on /home/beau/airflow/py_env/lib/python3.10/site-packages/airflow/example_dags/subdags/subdag.py
[2023-09-27T07:36:02.909-0400] {processor.py:829} INFO - Processing file /home/beau/airflow/py_env/lib/python3.10/site-packages/airflow/example_dags/subdags/subdag.py for tasks to queue
[2023-09-27T07:36:02.910-0400] {logging_mixin.py:151} INFO - [2023-09-27T07:36:02.910-0400] {dagbag.py:539} INFO - Filling up the DagBag from /home/beau/airflow/py_env/lib/python3.10/site-packages/airflow/example_dags/subdags/subdag.py
[2023-09-27T07:36:02.912-0400] {processor.py:841} WARNING - No viable dags retrieved from /home/beau/airflow/py_env/lib/python3.10/site-packages/airflow/example_dags/subdags/subdag.py
[2023-09-27T07:36:02.922-0400] {processor.py:179} INFO - Processing /home/beau/airflow/py_env/lib/python3.10/site-packages/airflow/example_dags/subdags/subdag.py took 0.016 seconds
[2023-09-27T07:36:50.812-0400] {processor.py:157} INFO - Started process (PID=12648) to work on /home/beau/airflow/py_env/lib/python3.10/site-packages/airflow/example_dags/subdags/subdag.py
[2023-09-27T07:36:50.817-0400] {processor.py:829} INFO - Processing file /home/beau/airflow/py_env/lib/python3.10/site-packages/airflow/example_dags/subdags/subdag.py for tasks to queue
[2023-09-27T07:36:50.819-0400] {logging_mixin.py:151} INFO - [2023-09-27T07:36:50.818-0400] {dagbag.py:539} INFO - Filling up the DagBag from /home/beau/airflow/py_env/lib/python3.10/site-packages/airflow/example_dags/subdags/subdag.py
[2023-09-27T07:36:50.824-0400] {processor.py:841} WARNING - No viable dags retrieved from /home/beau/airflow/py_env/lib/python3.10/site-packages/airflow/example_dags/subdags/subdag.py
[2023-09-27T07:36:50.838-0400] {processor.py:179} INFO - Processing /home/beau/airflow/py_env/lib/python3.10/site-packages/airflow/example_dags/subdags/subdag.py took 0.034 seconds
[2023-09-27T07:37:41.694-0400] {processor.py:157} INFO - Started process (PID=13115) to work on /home/beau/airflow/py_env/lib/python3.10/site-packages/airflow/example_dags/subdags/subdag.py
[2023-09-27T07:37:41.698-0400] {processor.py:829} INFO - Processing file /home/beau/airflow/py_env/lib/python3.10/site-packages/airflow/example_dags/subdags/subdag.py for tasks to queue
[2023-09-27T07:37:41.698-0400] {logging_mixin.py:151} INFO - [2023-09-27T07:37:41.698-0400] {dagbag.py:539} INFO - Filling up the DagBag from /home/beau/airflow/py_env/lib/python3.10/site-packages/airflow/example_dags/subdags/subdag.py
[2023-09-27T07:37:41.701-0400] {processor.py:841} WARNING - No viable dags retrieved from /home/beau/airflow/py_env/lib/python3.10/site-packages/airflow/example_dags/subdags/subdag.py
[2023-09-27T07:37:41.710-0400] {processor.py:179} INFO - Processing /home/beau/airflow/py_env/lib/python3.10/site-packages/airflow/example_dags/subdags/subdag.py took 0.019 seconds
[2023-09-27T07:38:34.753-0400] {processor.py:157} INFO - Started process (PID=13384) to work on /home/beau/airflow/py_env/lib/python3.10/site-packages/airflow/example_dags/subdags/subdag.py
[2023-09-27T07:38:34.755-0400] {processor.py:829} INFO - Processing file /home/beau/airflow/py_env/lib/python3.10/site-packages/airflow/example_dags/subdags/subdag.py for tasks to queue
[2023-09-27T07:38:34.756-0400] {logging_mixin.py:151} INFO - [2023-09-27T07:38:34.756-0400] {dagbag.py:539} INFO - Filling up the DagBag from /home/beau/airflow/py_env/lib/python3.10/site-packages/airflow/example_dags/subdags/subdag.py
[2023-09-27T07:38:34.758-0400] {processor.py:841} WARNING - No viable dags retrieved from /home/beau/airflow/py_env/lib/python3.10/site-packages/airflow/example_dags/subdags/subdag.py
[2023-09-27T07:38:34.771-0400] {processor.py:179} INFO - Processing /home/beau/airflow/py_env/lib/python3.10/site-packages/airflow/example_dags/subdags/subdag.py took 0.020 seconds
[2023-09-27T07:39:33.252-0400] {processor.py:157} INFO - Started process (PID=13668) to work on /home/beau/airflow/py_env/lib/python3.10/site-packages/airflow/example_dags/subdags/subdag.py
[2023-09-27T07:39:33.254-0400] {processor.py:829} INFO - Processing file /home/beau/airflow/py_env/lib/python3.10/site-packages/airflow/example_dags/subdags/subdag.py for tasks to queue
[2023-09-27T07:39:33.255-0400] {logging_mixin.py:151} INFO - [2023-09-27T07:39:33.255-0400] {dagbag.py:539} INFO - Filling up the DagBag from /home/beau/airflow/py_env/lib/python3.10/site-packages/airflow/example_dags/subdags/subdag.py
[2023-09-27T07:39:33.257-0400] {processor.py:841} WARNING - No viable dags retrieved from /home/beau/airflow/py_env/lib/python3.10/site-packages/airflow/example_dags/subdags/subdag.py
[2023-09-27T07:39:33.268-0400] {processor.py:179} INFO - Processing /home/beau/airflow/py_env/lib/python3.10/site-packages/airflow/example_dags/subdags/subdag.py took 0.019 seconds
[2023-09-27T07:40:17.261-0400] {processor.py:157} INFO - Started process (PID=13836) to work on /home/beau/airflow/py_env/lib/python3.10/site-packages/airflow/example_dags/subdags/subdag.py
[2023-09-27T07:40:17.265-0400] {processor.py:829} INFO - Processing file /home/beau/airflow/py_env/lib/python3.10/site-packages/airflow/example_dags/subdags/subdag.py for tasks to queue
[2023-09-27T07:40:17.267-0400] {logging_mixin.py:151} INFO - [2023-09-27T07:40:17.266-0400] {dagbag.py:539} INFO - Filling up the DagBag from /home/beau/airflow/py_env/lib/python3.10/site-packages/airflow/example_dags/subdags/subdag.py
[2023-09-27T07:40:17.270-0400] {processor.py:841} WARNING - No viable dags retrieved from /home/beau/airflow/py_env/lib/python3.10/site-packages/airflow/example_dags/subdags/subdag.py
[2023-09-27T07:40:17.286-0400] {processor.py:179} INFO - Processing /home/beau/airflow/py_env/lib/python3.10/site-packages/airflow/example_dags/subdags/subdag.py took 0.033 seconds
[2023-09-27T07:41:10.868-0400] {processor.py:157} INFO - Started process (PID=14174) to work on /home/beau/airflow/py_env/lib/python3.10/site-packages/airflow/example_dags/subdags/subdag.py
[2023-09-27T07:41:10.872-0400] {processor.py:829} INFO - Processing file /home/beau/airflow/py_env/lib/python3.10/site-packages/airflow/example_dags/subdags/subdag.py for tasks to queue
[2023-09-27T07:41:10.873-0400] {logging_mixin.py:151} INFO - [2023-09-27T07:41:10.873-0400] {dagbag.py:539} INFO - Filling up the DagBag from /home/beau/airflow/py_env/lib/python3.10/site-packages/airflow/example_dags/subdags/subdag.py
[2023-09-27T07:41:10.876-0400] {processor.py:841} WARNING - No viable dags retrieved from /home/beau/airflow/py_env/lib/python3.10/site-packages/airflow/example_dags/subdags/subdag.py
[2023-09-27T07:41:10.889-0400] {processor.py:179} INFO - Processing /home/beau/airflow/py_env/lib/python3.10/site-packages/airflow/example_dags/subdags/subdag.py took 0.025 seconds
[2023-09-27T07:42:00.837-0400] {processor.py:157} INFO - Started process (PID=14435) to work on /home/beau/airflow/py_env/lib/python3.10/site-packages/airflow/example_dags/subdags/subdag.py
[2023-09-27T07:42:00.841-0400] {processor.py:829} INFO - Processing file /home/beau/airflow/py_env/lib/python3.10/site-packages/airflow/example_dags/subdags/subdag.py for tasks to queue
[2023-09-27T07:42:00.842-0400] {logging_mixin.py:151} INFO - [2023-09-27T07:42:00.842-0400] {dagbag.py:539} INFO - Filling up the DagBag from /home/beau/airflow/py_env/lib/python3.10/site-packages/airflow/example_dags/subdags/subdag.py
[2023-09-27T07:42:00.845-0400] {processor.py:841} WARNING - No viable dags retrieved from /home/beau/airflow/py_env/lib/python3.10/site-packages/airflow/example_dags/subdags/subdag.py
[2023-09-27T07:42:00.853-0400] {processor.py:179} INFO - Processing /home/beau/airflow/py_env/lib/python3.10/site-packages/airflow/example_dags/subdags/subdag.py took 0.020 seconds
[2023-09-27T07:42:51.296-0400] {processor.py:157} INFO - Started process (PID=14694) to work on /home/beau/airflow/py_env/lib/python3.10/site-packages/airflow/example_dags/subdags/subdag.py
[2023-09-27T07:42:51.300-0400] {processor.py:829} INFO - Processing file /home/beau/airflow/py_env/lib/python3.10/site-packages/airflow/example_dags/subdags/subdag.py for tasks to queue
[2023-09-27T07:42:51.301-0400] {logging_mixin.py:151} INFO - [2023-09-27T07:42:51.301-0400] {dagbag.py:539} INFO - Filling up the DagBag from /home/beau/airflow/py_env/lib/python3.10/site-packages/airflow/example_dags/subdags/subdag.py
[2023-09-27T07:42:51.304-0400] {processor.py:841} WARNING - No viable dags retrieved from /home/beau/airflow/py_env/lib/python3.10/site-packages/airflow/example_dags/subdags/subdag.py
[2023-09-27T07:42:51.315-0400] {processor.py:179} INFO - Processing /home/beau/airflow/py_env/lib/python3.10/site-packages/airflow/example_dags/subdags/subdag.py took 0.022 seconds
[2023-09-27T07:43:44.639-0400] {processor.py:157} INFO - Started process (PID=14963) to work on /home/beau/airflow/py_env/lib/python3.10/site-packages/airflow/example_dags/subdags/subdag.py
[2023-09-27T07:43:44.644-0400] {processor.py:829} INFO - Processing file /home/beau/airflow/py_env/lib/python3.10/site-packages/airflow/example_dags/subdags/subdag.py for tasks to queue
[2023-09-27T07:43:44.646-0400] {logging_mixin.py:151} INFO - [2023-09-27T07:43:44.645-0400] {dagbag.py:539} INFO - Filling up the DagBag from /home/beau/airflow/py_env/lib/python3.10/site-packages/airflow/example_dags/subdags/subdag.py
[2023-09-27T07:43:44.651-0400] {processor.py:841} WARNING - No viable dags retrieved from /home/beau/airflow/py_env/lib/python3.10/site-packages/airflow/example_dags/subdags/subdag.py
[2023-09-27T07:43:44.666-0400] {processor.py:179} INFO - Processing /home/beau/airflow/py_env/lib/python3.10/site-packages/airflow/example_dags/subdags/subdag.py took 0.034 seconds
[2023-09-27T07:44:39.164-0400] {processor.py:157} INFO - Started process (PID=15236) to work on /home/beau/airflow/py_env/lib/python3.10/site-packages/airflow/example_dags/subdags/subdag.py
[2023-09-27T07:44:39.169-0400] {processor.py:829} INFO - Processing file /home/beau/airflow/py_env/lib/python3.10/site-packages/airflow/example_dags/subdags/subdag.py for tasks to queue
[2023-09-27T07:44:39.170-0400] {logging_mixin.py:151} INFO - [2023-09-27T07:44:39.169-0400] {dagbag.py:539} INFO - Filling up the DagBag from /home/beau/airflow/py_env/lib/python3.10/site-packages/airflow/example_dags/subdags/subdag.py
[2023-09-27T07:44:39.171-0400] {processor.py:841} WARNING - No viable dags retrieved from /home/beau/airflow/py_env/lib/python3.10/site-packages/airflow/example_dags/subdags/subdag.py
[2023-09-27T07:44:39.179-0400] {processor.py:179} INFO - Processing /home/beau/airflow/py_env/lib/python3.10/site-packages/airflow/example_dags/subdags/subdag.py took 0.022 seconds
[2023-09-27T07:45:39.546-0400] {processor.py:157} INFO - Started process (PID=15532) to work on /home/beau/airflow/py_env/lib/python3.10/site-packages/airflow/example_dags/subdags/subdag.py
[2023-09-27T07:45:39.548-0400] {processor.py:829} INFO - Processing file /home/beau/airflow/py_env/lib/python3.10/site-packages/airflow/example_dags/subdags/subdag.py for tasks to queue
[2023-09-27T07:45:39.550-0400] {logging_mixin.py:151} INFO - [2023-09-27T07:45:39.549-0400] {dagbag.py:539} INFO - Filling up the DagBag from /home/beau/airflow/py_env/lib/python3.10/site-packages/airflow/example_dags/subdags/subdag.py
[2023-09-27T07:45:39.557-0400] {processor.py:841} WARNING - No viable dags retrieved from /home/beau/airflow/py_env/lib/python3.10/site-packages/airflow/example_dags/subdags/subdag.py
[2023-09-27T07:45:39.576-0400] {processor.py:179} INFO - Processing /home/beau/airflow/py_env/lib/python3.10/site-packages/airflow/example_dags/subdags/subdag.py took 0.034 seconds
[2023-09-27T07:46:24.849-0400] {processor.py:157} INFO - Started process (PID=15703) to work on /home/beau/airflow/py_env/lib/python3.10/site-packages/airflow/example_dags/subdags/subdag.py
[2023-09-27T07:46:24.850-0400] {processor.py:829} INFO - Processing file /home/beau/airflow/py_env/lib/python3.10/site-packages/airflow/example_dags/subdags/subdag.py for tasks to queue
[2023-09-27T07:46:24.851-0400] {logging_mixin.py:151} INFO - [2023-09-27T07:46:24.851-0400] {dagbag.py:539} INFO - Filling up the DagBag from /home/beau/airflow/py_env/lib/python3.10/site-packages/airflow/example_dags/subdags/subdag.py
[2023-09-27T07:46:24.854-0400] {processor.py:841} WARNING - No viable dags retrieved from /home/beau/airflow/py_env/lib/python3.10/site-packages/airflow/example_dags/subdags/subdag.py
[2023-09-27T07:46:24.866-0400] {processor.py:179} INFO - Processing /home/beau/airflow/py_env/lib/python3.10/site-packages/airflow/example_dags/subdags/subdag.py took 0.020 seconds
[2023-09-27T07:47:19.289-0400] {processor.py:157} INFO - Started process (PID=15978) to work on /home/beau/airflow/py_env/lib/python3.10/site-packages/airflow/example_dags/subdags/subdag.py
[2023-09-27T07:47:19.292-0400] {processor.py:829} INFO - Processing file /home/beau/airflow/py_env/lib/python3.10/site-packages/airflow/example_dags/subdags/subdag.py for tasks to queue
[2023-09-27T07:47:19.293-0400] {logging_mixin.py:151} INFO - [2023-09-27T07:47:19.292-0400] {dagbag.py:539} INFO - Filling up the DagBag from /home/beau/airflow/py_env/lib/python3.10/site-packages/airflow/example_dags/subdags/subdag.py
[2023-09-27T07:47:19.294-0400] {processor.py:841} WARNING - No viable dags retrieved from /home/beau/airflow/py_env/lib/python3.10/site-packages/airflow/example_dags/subdags/subdag.py
[2023-09-27T07:47:19.312-0400] {processor.py:179} INFO - Processing /home/beau/airflow/py_env/lib/python3.10/site-packages/airflow/example_dags/subdags/subdag.py took 0.028 seconds
[2023-09-27T07:48:11.359-0400] {processor.py:157} INFO - Started process (PID=16255) to work on /home/beau/airflow/py_env/lib/python3.10/site-packages/airflow/example_dags/subdags/subdag.py
[2023-09-27T07:48:11.360-0400] {processor.py:829} INFO - Processing file /home/beau/airflow/py_env/lib/python3.10/site-packages/airflow/example_dags/subdags/subdag.py for tasks to queue
[2023-09-27T07:48:11.361-0400] {logging_mixin.py:151} INFO - [2023-09-27T07:48:11.361-0400] {dagbag.py:539} INFO - Filling up the DagBag from /home/beau/airflow/py_env/lib/python3.10/site-packages/airflow/example_dags/subdags/subdag.py
[2023-09-27T07:48:11.364-0400] {processor.py:841} WARNING - No viable dags retrieved from /home/beau/airflow/py_env/lib/python3.10/site-packages/airflow/example_dags/subdags/subdag.py
[2023-09-27T07:48:11.376-0400] {processor.py:179} INFO - Processing /home/beau/airflow/py_env/lib/python3.10/site-packages/airflow/example_dags/subdags/subdag.py took 0.020 seconds
[2023-09-27T07:49:02.148-0400] {processor.py:157} INFO - Started process (PID=16514) to work on /home/beau/airflow/py_env/lib/python3.10/site-packages/airflow/example_dags/subdags/subdag.py
[2023-09-27T07:49:02.150-0400] {processor.py:829} INFO - Processing file /home/beau/airflow/py_env/lib/python3.10/site-packages/airflow/example_dags/subdags/subdag.py for tasks to queue
[2023-09-27T07:49:02.151-0400] {logging_mixin.py:151} INFO - [2023-09-27T07:49:02.150-0400] {dagbag.py:539} INFO - Filling up the DagBag from /home/beau/airflow/py_env/lib/python3.10/site-packages/airflow/example_dags/subdags/subdag.py
[2023-09-27T07:49:02.152-0400] {processor.py:841} WARNING - No viable dags retrieved from /home/beau/airflow/py_env/lib/python3.10/site-packages/airflow/example_dags/subdags/subdag.py
[2023-09-27T07:49:02.162-0400] {processor.py:179} INFO - Processing /home/beau/airflow/py_env/lib/python3.10/site-packages/airflow/example_dags/subdags/subdag.py took 0.016 seconds
[2023-09-27T07:49:52.109-0400] {processor.py:157} INFO - Started process (PID=16777) to work on /home/beau/airflow/py_env/lib/python3.10/site-packages/airflow/example_dags/subdags/subdag.py
[2023-09-27T07:49:52.112-0400] {processor.py:829} INFO - Processing file /home/beau/airflow/py_env/lib/python3.10/site-packages/airflow/example_dags/subdags/subdag.py for tasks to queue
[2023-09-27T07:49:52.113-0400] {logging_mixin.py:151} INFO - [2023-09-27T07:49:52.113-0400] {dagbag.py:539} INFO - Filling up the DagBag from /home/beau/airflow/py_env/lib/python3.10/site-packages/airflow/example_dags/subdags/subdag.py
[2023-09-27T07:49:52.115-0400] {processor.py:841} WARNING - No viable dags retrieved from /home/beau/airflow/py_env/lib/python3.10/site-packages/airflow/example_dags/subdags/subdag.py
[2023-09-27T07:49:52.124-0400] {processor.py:179} INFO - Processing /home/beau/airflow/py_env/lib/python3.10/site-packages/airflow/example_dags/subdags/subdag.py took 0.017 seconds
[2023-09-27T07:50:44.795-0400] {processor.py:157} INFO - Started process (PID=17110) to work on /home/beau/airflow/py_env/lib/python3.10/site-packages/airflow/example_dags/subdags/subdag.py
[2023-09-27T07:50:44.800-0400] {processor.py:829} INFO - Processing file /home/beau/airflow/py_env/lib/python3.10/site-packages/airflow/example_dags/subdags/subdag.py for tasks to queue
[2023-09-27T07:50:44.802-0400] {logging_mixin.py:151} INFO - [2023-09-27T07:50:44.802-0400] {dagbag.py:539} INFO - Filling up the DagBag from /home/beau/airflow/py_env/lib/python3.10/site-packages/airflow/example_dags/subdags/subdag.py
[2023-09-27T07:50:44.808-0400] {processor.py:841} WARNING - No viable dags retrieved from /home/beau/airflow/py_env/lib/python3.10/site-packages/airflow/example_dags/subdags/subdag.py
[2023-09-27T07:50:44.825-0400] {processor.py:179} INFO - Processing /home/beau/airflow/py_env/lib/python3.10/site-packages/airflow/example_dags/subdags/subdag.py took 0.038 seconds
[2023-09-27T07:51:41.860-0400] {processor.py:157} INFO - Started process (PID=17399) to work on /home/beau/airflow/py_env/lib/python3.10/site-packages/airflow/example_dags/subdags/subdag.py
[2023-09-27T07:51:41.864-0400] {processor.py:829} INFO - Processing file /home/beau/airflow/py_env/lib/python3.10/site-packages/airflow/example_dags/subdags/subdag.py for tasks to queue
[2023-09-27T07:51:41.865-0400] {logging_mixin.py:151} INFO - [2023-09-27T07:51:41.864-0400] {dagbag.py:539} INFO - Filling up the DagBag from /home/beau/airflow/py_env/lib/python3.10/site-packages/airflow/example_dags/subdags/subdag.py
[2023-09-27T07:51:41.867-0400] {processor.py:841} WARNING - No viable dags retrieved from /home/beau/airflow/py_env/lib/python3.10/site-packages/airflow/example_dags/subdags/subdag.py
[2023-09-27T07:51:41.877-0400] {processor.py:179} INFO - Processing /home/beau/airflow/py_env/lib/python3.10/site-packages/airflow/example_dags/subdags/subdag.py took 0.020 seconds
[2023-09-27T07:52:39.161-0400] {processor.py:157} INFO - Started process (PID=17823) to work on /home/beau/airflow/py_env/lib/python3.10/site-packages/airflow/example_dags/subdags/subdag.py
[2023-09-27T07:52:39.163-0400] {processor.py:829} INFO - Processing file /home/beau/airflow/py_env/lib/python3.10/site-packages/airflow/example_dags/subdags/subdag.py for tasks to queue
[2023-09-27T07:52:39.164-0400] {logging_mixin.py:151} INFO - [2023-09-27T07:52:39.163-0400] {dagbag.py:539} INFO - Filling up the DagBag from /home/beau/airflow/py_env/lib/python3.10/site-packages/airflow/example_dags/subdags/subdag.py
[2023-09-27T07:52:39.166-0400] {processor.py:841} WARNING - No viable dags retrieved from /home/beau/airflow/py_env/lib/python3.10/site-packages/airflow/example_dags/subdags/subdag.py
[2023-09-27T07:52:39.177-0400] {processor.py:179} INFO - Processing /home/beau/airflow/py_env/lib/python3.10/site-packages/airflow/example_dags/subdags/subdag.py took 0.020 seconds
[2023-09-27T07:53:34.973-0400] {processor.py:157} INFO - Started process (PID=18233) to work on /home/beau/airflow/py_env/lib/python3.10/site-packages/airflow/example_dags/subdags/subdag.py
[2023-09-27T07:53:34.977-0400] {processor.py:829} INFO - Processing file /home/beau/airflow/py_env/lib/python3.10/site-packages/airflow/example_dags/subdags/subdag.py for tasks to queue
[2023-09-27T07:53:34.979-0400] {logging_mixin.py:151} INFO - [2023-09-27T07:53:34.978-0400] {dagbag.py:539} INFO - Filling up the DagBag from /home/beau/airflow/py_env/lib/python3.10/site-packages/airflow/example_dags/subdags/subdag.py
[2023-09-27T07:53:34.981-0400] {processor.py:841} WARNING - No viable dags retrieved from /home/beau/airflow/py_env/lib/python3.10/site-packages/airflow/example_dags/subdags/subdag.py
[2023-09-27T07:53:34.992-0400] {processor.py:179} INFO - Processing /home/beau/airflow/py_env/lib/python3.10/site-packages/airflow/example_dags/subdags/subdag.py took 0.023 seconds
[2023-09-27T07:54:31.985-0400] {processor.py:157} INFO - Started process (PID=18617) to work on /home/beau/airflow/py_env/lib/python3.10/site-packages/airflow/example_dags/subdags/subdag.py
[2023-09-27T07:54:31.989-0400] {processor.py:829} INFO - Processing file /home/beau/airflow/py_env/lib/python3.10/site-packages/airflow/example_dags/subdags/subdag.py for tasks to queue
[2023-09-27T07:54:31.991-0400] {logging_mixin.py:151} INFO - [2023-09-27T07:54:31.990-0400] {dagbag.py:539} INFO - Filling up the DagBag from /home/beau/airflow/py_env/lib/python3.10/site-packages/airflow/example_dags/subdags/subdag.py
[2023-09-27T07:54:31.995-0400] {processor.py:841} WARNING - No viable dags retrieved from /home/beau/airflow/py_env/lib/python3.10/site-packages/airflow/example_dags/subdags/subdag.py
[2023-09-27T07:54:32.010-0400] {processor.py:179} INFO - Processing /home/beau/airflow/py_env/lib/python3.10/site-packages/airflow/example_dags/subdags/subdag.py took 0.031 seconds
[2023-09-27T07:55:29.615-0400] {processor.py:157} INFO - Started process (PID=18869) to work on /home/beau/airflow/py_env/lib/python3.10/site-packages/airflow/example_dags/subdags/subdag.py
[2023-09-27T07:55:29.619-0400] {processor.py:829} INFO - Processing file /home/beau/airflow/py_env/lib/python3.10/site-packages/airflow/example_dags/subdags/subdag.py for tasks to queue
[2023-09-27T07:55:29.621-0400] {logging_mixin.py:151} INFO - [2023-09-27T07:55:29.620-0400] {dagbag.py:539} INFO - Filling up the DagBag from /home/beau/airflow/py_env/lib/python3.10/site-packages/airflow/example_dags/subdags/subdag.py
[2023-09-27T07:55:29.623-0400] {processor.py:841} WARNING - No viable dags retrieved from /home/beau/airflow/py_env/lib/python3.10/site-packages/airflow/example_dags/subdags/subdag.py
[2023-09-27T07:55:29.636-0400] {processor.py:179} INFO - Processing /home/beau/airflow/py_env/lib/python3.10/site-packages/airflow/example_dags/subdags/subdag.py took 0.025 seconds
[2023-09-27T07:56:20.552-0400] {processor.py:157} INFO - Started process (PID=19166) to work on /home/beau/airflow/py_env/lib/python3.10/site-packages/airflow/example_dags/subdags/subdag.py
[2023-09-27T07:56:20.558-0400] {processor.py:829} INFO - Processing file /home/beau/airflow/py_env/lib/python3.10/site-packages/airflow/example_dags/subdags/subdag.py for tasks to queue
[2023-09-27T07:56:20.560-0400] {logging_mixin.py:151} INFO - [2023-09-27T07:56:20.559-0400] {dagbag.py:539} INFO - Filling up the DagBag from /home/beau/airflow/py_env/lib/python3.10/site-packages/airflow/example_dags/subdags/subdag.py
[2023-09-27T07:56:20.566-0400] {processor.py:841} WARNING - No viable dags retrieved from /home/beau/airflow/py_env/lib/python3.10/site-packages/airflow/example_dags/subdags/subdag.py
[2023-09-27T07:56:20.587-0400] {processor.py:179} INFO - Processing /home/beau/airflow/py_env/lib/python3.10/site-packages/airflow/example_dags/subdags/subdag.py took 0.041 seconds
[2023-09-27T07:57:19.742-0400] {processor.py:157} INFO - Started process (PID=19456) to work on /home/beau/airflow/py_env/lib/python3.10/site-packages/airflow/example_dags/subdags/subdag.py
[2023-09-27T07:57:19.747-0400] {processor.py:829} INFO - Processing file /home/beau/airflow/py_env/lib/python3.10/site-packages/airflow/example_dags/subdags/subdag.py for tasks to queue
[2023-09-27T07:57:19.748-0400] {logging_mixin.py:151} INFO - [2023-09-27T07:57:19.748-0400] {dagbag.py:539} INFO - Filling up the DagBag from /home/beau/airflow/py_env/lib/python3.10/site-packages/airflow/example_dags/subdags/subdag.py
[2023-09-27T07:57:19.752-0400] {processor.py:841} WARNING - No viable dags retrieved from /home/beau/airflow/py_env/lib/python3.10/site-packages/airflow/example_dags/subdags/subdag.py
[2023-09-27T07:57:19.768-0400] {processor.py:179} INFO - Processing /home/beau/airflow/py_env/lib/python3.10/site-packages/airflow/example_dags/subdags/subdag.py took 0.033 seconds
[2023-09-27T07:58:07.621-0400] {processor.py:157} INFO - Started process (PID=19709) to work on /home/beau/airflow/py_env/lib/python3.10/site-packages/airflow/example_dags/subdags/subdag.py
[2023-09-27T07:58:07.624-0400] {processor.py:829} INFO - Processing file /home/beau/airflow/py_env/lib/python3.10/site-packages/airflow/example_dags/subdags/subdag.py for tasks to queue
[2023-09-27T07:58:07.625-0400] {logging_mixin.py:151} INFO - [2023-09-27T07:58:07.625-0400] {dagbag.py:539} INFO - Filling up the DagBag from /home/beau/airflow/py_env/lib/python3.10/site-packages/airflow/example_dags/subdags/subdag.py
[2023-09-27T07:58:07.627-0400] {processor.py:841} WARNING - No viable dags retrieved from /home/beau/airflow/py_env/lib/python3.10/site-packages/airflow/example_dags/subdags/subdag.py
[2023-09-27T07:58:07.636-0400] {processor.py:179} INFO - Processing /home/beau/airflow/py_env/lib/python3.10/site-packages/airflow/example_dags/subdags/subdag.py took 0.018 seconds
[2023-09-27T07:59:00.106-0400] {processor.py:157} INFO - Started process (PID=19975) to work on /home/beau/airflow/py_env/lib/python3.10/site-packages/airflow/example_dags/subdags/subdag.py
[2023-09-27T07:59:00.110-0400] {processor.py:829} INFO - Processing file /home/beau/airflow/py_env/lib/python3.10/site-packages/airflow/example_dags/subdags/subdag.py for tasks to queue
[2023-09-27T07:59:00.111-0400] {logging_mixin.py:151} INFO - [2023-09-27T07:59:00.111-0400] {dagbag.py:539} INFO - Filling up the DagBag from /home/beau/airflow/py_env/lib/python3.10/site-packages/airflow/example_dags/subdags/subdag.py
[2023-09-27T07:59:00.113-0400] {processor.py:841} WARNING - No viable dags retrieved from /home/beau/airflow/py_env/lib/python3.10/site-packages/airflow/example_dags/subdags/subdag.py
[2023-09-27T07:59:00.123-0400] {processor.py:179} INFO - Processing /home/beau/airflow/py_env/lib/python3.10/site-packages/airflow/example_dags/subdags/subdag.py took 0.020 seconds
[2023-09-27T07:59:46.310-0400] {processor.py:157} INFO - Started process (PID=20227) to work on /home/beau/airflow/py_env/lib/python3.10/site-packages/airflow/example_dags/subdags/subdag.py
[2023-09-27T07:59:46.313-0400] {processor.py:829} INFO - Processing file /home/beau/airflow/py_env/lib/python3.10/site-packages/airflow/example_dags/subdags/subdag.py for tasks to queue
[2023-09-27T07:59:46.314-0400] {logging_mixin.py:151} INFO - [2023-09-27T07:59:46.313-0400] {dagbag.py:539} INFO - Filling up the DagBag from /home/beau/airflow/py_env/lib/python3.10/site-packages/airflow/example_dags/subdags/subdag.py
[2023-09-27T07:59:46.316-0400] {processor.py:841} WARNING - No viable dags retrieved from /home/beau/airflow/py_env/lib/python3.10/site-packages/airflow/example_dags/subdags/subdag.py
[2023-09-27T07:59:46.326-0400] {processor.py:179} INFO - Processing /home/beau/airflow/py_env/lib/python3.10/site-packages/airflow/example_dags/subdags/subdag.py took 0.019 seconds
[2023-09-27T08:00:42.017-0400] {processor.py:157} INFO - Started process (PID=20564) to work on /home/beau/airflow/py_env/lib/python3.10/site-packages/airflow/example_dags/subdags/subdag.py
[2023-09-27T08:00:42.021-0400] {processor.py:829} INFO - Processing file /home/beau/airflow/py_env/lib/python3.10/site-packages/airflow/example_dags/subdags/subdag.py for tasks to queue
[2023-09-27T08:00:42.024-0400] {logging_mixin.py:151} INFO - [2023-09-27T08:00:42.023-0400] {dagbag.py:539} INFO - Filling up the DagBag from /home/beau/airflow/py_env/lib/python3.10/site-packages/airflow/example_dags/subdags/subdag.py
[2023-09-27T08:00:42.027-0400] {processor.py:841} WARNING - No viable dags retrieved from /home/beau/airflow/py_env/lib/python3.10/site-packages/airflow/example_dags/subdags/subdag.py
[2023-09-27T08:00:42.043-0400] {processor.py:179} INFO - Processing /home/beau/airflow/py_env/lib/python3.10/site-packages/airflow/example_dags/subdags/subdag.py took 0.030 seconds
[2023-09-27T08:01:25.110-0400] {processor.py:157} INFO - Started process (PID=20883) to work on /home/beau/airflow/py_env/lib/python3.10/site-packages/airflow/example_dags/subdags/subdag.py
[2023-09-27T08:01:25.113-0400] {processor.py:829} INFO - Processing file /home/beau/airflow/py_env/lib/python3.10/site-packages/airflow/example_dags/subdags/subdag.py for tasks to queue
[2023-09-27T08:01:25.114-0400] {logging_mixin.py:151} INFO - [2023-09-27T08:01:25.114-0400] {dagbag.py:539} INFO - Filling up the DagBag from /home/beau/airflow/py_env/lib/python3.10/site-packages/airflow/example_dags/subdags/subdag.py
[2023-09-27T08:01:25.116-0400] {processor.py:841} WARNING - No viable dags retrieved from /home/beau/airflow/py_env/lib/python3.10/site-packages/airflow/example_dags/subdags/subdag.py
[2023-09-27T08:01:25.128-0400] {processor.py:179} INFO - Processing /home/beau/airflow/py_env/lib/python3.10/site-packages/airflow/example_dags/subdags/subdag.py took 0.024 seconds
[2023-09-27T08:02:08.310-0400] {processor.py:157} INFO - Started process (PID=21107) to work on /home/beau/airflow/py_env/lib/python3.10/site-packages/airflow/example_dags/subdags/subdag.py
[2023-09-27T08:02:08.315-0400] {processor.py:829} INFO - Processing file /home/beau/airflow/py_env/lib/python3.10/site-packages/airflow/example_dags/subdags/subdag.py for tasks to queue
[2023-09-27T08:02:08.316-0400] {logging_mixin.py:151} INFO - [2023-09-27T08:02:08.316-0400] {dagbag.py:539} INFO - Filling up the DagBag from /home/beau/airflow/py_env/lib/python3.10/site-packages/airflow/example_dags/subdags/subdag.py
[2023-09-27T08:02:08.319-0400] {processor.py:841} WARNING - No viable dags retrieved from /home/beau/airflow/py_env/lib/python3.10/site-packages/airflow/example_dags/subdags/subdag.py
[2023-09-27T08:02:08.332-0400] {processor.py:179} INFO - Processing /home/beau/airflow/py_env/lib/python3.10/site-packages/airflow/example_dags/subdags/subdag.py took 0.028 seconds
[2023-09-27T08:03:02.996-0400] {processor.py:157} INFO - Started process (PID=21383) to work on /home/beau/airflow/py_env/lib/python3.10/site-packages/airflow/example_dags/subdags/subdag.py
[2023-09-27T08:03:03.000-0400] {processor.py:829} INFO - Processing file /home/beau/airflow/py_env/lib/python3.10/site-packages/airflow/example_dags/subdags/subdag.py for tasks to queue
[2023-09-27T08:03:03.001-0400] {logging_mixin.py:151} INFO - [2023-09-27T08:03:03.001-0400] {dagbag.py:539} INFO - Filling up the DagBag from /home/beau/airflow/py_env/lib/python3.10/site-packages/airflow/example_dags/subdags/subdag.py
[2023-09-27T08:03:03.004-0400] {processor.py:841} WARNING - No viable dags retrieved from /home/beau/airflow/py_env/lib/python3.10/site-packages/airflow/example_dags/subdags/subdag.py
[2023-09-27T08:03:03.021-0400] {processor.py:179} INFO - Processing /home/beau/airflow/py_env/lib/python3.10/site-packages/airflow/example_dags/subdags/subdag.py took 0.032 seconds
[2023-09-27T08:03:56.741-0400] {processor.py:157} INFO - Started process (PID=21656) to work on /home/beau/airflow/py_env/lib/python3.10/site-packages/airflow/example_dags/subdags/subdag.py
[2023-09-27T08:03:56.745-0400] {processor.py:829} INFO - Processing file /home/beau/airflow/py_env/lib/python3.10/site-packages/airflow/example_dags/subdags/subdag.py for tasks to queue
[2023-09-27T08:03:56.747-0400] {logging_mixin.py:151} INFO - [2023-09-27T08:03:56.746-0400] {dagbag.py:539} INFO - Filling up the DagBag from /home/beau/airflow/py_env/lib/python3.10/site-packages/airflow/example_dags/subdags/subdag.py
[2023-09-27T08:03:56.749-0400] {processor.py:841} WARNING - No viable dags retrieved from /home/beau/airflow/py_env/lib/python3.10/site-packages/airflow/example_dags/subdags/subdag.py
[2023-09-27T08:03:56.761-0400] {processor.py:179} INFO - Processing /home/beau/airflow/py_env/lib/python3.10/site-packages/airflow/example_dags/subdags/subdag.py took 0.024 seconds
[2023-09-27T08:04:57.025-0400] {processor.py:157} INFO - Started process (PID=22133) to work on /home/beau/airflow/py_env/lib/python3.10/site-packages/airflow/example_dags/subdags/subdag.py
[2023-09-27T08:04:57.028-0400] {processor.py:829} INFO - Processing file /home/beau/airflow/py_env/lib/python3.10/site-packages/airflow/example_dags/subdags/subdag.py for tasks to queue
[2023-09-27T08:04:57.029-0400] {logging_mixin.py:151} INFO - [2023-09-27T08:04:57.029-0400] {dagbag.py:539} INFO - Filling up the DagBag from /home/beau/airflow/py_env/lib/python3.10/site-packages/airflow/example_dags/subdags/subdag.py
[2023-09-27T08:04:57.031-0400] {processor.py:841} WARNING - No viable dags retrieved from /home/beau/airflow/py_env/lib/python3.10/site-packages/airflow/example_dags/subdags/subdag.py
[2023-09-27T08:04:57.046-0400] {processor.py:179} INFO - Processing /home/beau/airflow/py_env/lib/python3.10/site-packages/airflow/example_dags/subdags/subdag.py took 0.024 seconds
[2023-09-27T08:05:47.293-0400] {processor.py:157} INFO - Started process (PID=22549) to work on /home/beau/airflow/py_env/lib/python3.10/site-packages/airflow/example_dags/subdags/subdag.py
[2023-09-27T08:05:47.298-0400] {processor.py:829} INFO - Processing file /home/beau/airflow/py_env/lib/python3.10/site-packages/airflow/example_dags/subdags/subdag.py for tasks to queue
[2023-09-27T08:05:47.299-0400] {logging_mixin.py:151} INFO - [2023-09-27T08:05:47.299-0400] {dagbag.py:539} INFO - Filling up the DagBag from /home/beau/airflow/py_env/lib/python3.10/site-packages/airflow/example_dags/subdags/subdag.py
[2023-09-27T08:05:47.303-0400] {processor.py:841} WARNING - No viable dags retrieved from /home/beau/airflow/py_env/lib/python3.10/site-packages/airflow/example_dags/subdags/subdag.py
[2023-09-27T08:05:47.320-0400] {processor.py:179} INFO - Processing /home/beau/airflow/py_env/lib/python3.10/site-packages/airflow/example_dags/subdags/subdag.py took 0.032 seconds
[2023-09-27T08:06:41.540-0400] {processor.py:157} INFO - Started process (PID=22876) to work on /home/beau/airflow/py_env/lib/python3.10/site-packages/airflow/example_dags/subdags/subdag.py
[2023-09-27T08:06:41.544-0400] {processor.py:829} INFO - Processing file /home/beau/airflow/py_env/lib/python3.10/site-packages/airflow/example_dags/subdags/subdag.py for tasks to queue
[2023-09-27T08:06:41.545-0400] {logging_mixin.py:151} INFO - [2023-09-27T08:06:41.545-0400] {dagbag.py:539} INFO - Filling up the DagBag from /home/beau/airflow/py_env/lib/python3.10/site-packages/airflow/example_dags/subdags/subdag.py
[2023-09-27T08:06:41.549-0400] {processor.py:841} WARNING - No viable dags retrieved from /home/beau/airflow/py_env/lib/python3.10/site-packages/airflow/example_dags/subdags/subdag.py
[2023-09-27T08:06:41.562-0400] {processor.py:179} INFO - Processing /home/beau/airflow/py_env/lib/python3.10/site-packages/airflow/example_dags/subdags/subdag.py took 0.028 seconds
[2023-09-27T08:07:36.166-0400] {processor.py:157} INFO - Started process (PID=23216) to work on /home/beau/airflow/py_env/lib/python3.10/site-packages/airflow/example_dags/subdags/subdag.py
[2023-09-27T08:07:36.169-0400] {processor.py:829} INFO - Processing file /home/beau/airflow/py_env/lib/python3.10/site-packages/airflow/example_dags/subdags/subdag.py for tasks to queue
[2023-09-27T08:07:36.171-0400] {logging_mixin.py:151} INFO - [2023-09-27T08:07:36.170-0400] {dagbag.py:539} INFO - Filling up the DagBag from /home/beau/airflow/py_env/lib/python3.10/site-packages/airflow/example_dags/subdags/subdag.py
[2023-09-27T08:07:36.174-0400] {processor.py:841} WARNING - No viable dags retrieved from /home/beau/airflow/py_env/lib/python3.10/site-packages/airflow/example_dags/subdags/subdag.py
[2023-09-27T08:07:36.188-0400] {processor.py:179} INFO - Processing /home/beau/airflow/py_env/lib/python3.10/site-packages/airflow/example_dags/subdags/subdag.py took 0.027 seconds
[2023-09-27T08:08:30.560-0400] {processor.py:157} INFO - Started process (PID=23454) to work on /home/beau/airflow/py_env/lib/python3.10/site-packages/airflow/example_dags/subdags/subdag.py
[2023-09-27T08:08:30.564-0400] {processor.py:829} INFO - Processing file /home/beau/airflow/py_env/lib/python3.10/site-packages/airflow/example_dags/subdags/subdag.py for tasks to queue
[2023-09-27T08:08:30.565-0400] {logging_mixin.py:151} INFO - [2023-09-27T08:08:30.565-0400] {dagbag.py:539} INFO - Filling up the DagBag from /home/beau/airflow/py_env/lib/python3.10/site-packages/airflow/example_dags/subdags/subdag.py
[2023-09-27T08:08:30.568-0400] {processor.py:841} WARNING - No viable dags retrieved from /home/beau/airflow/py_env/lib/python3.10/site-packages/airflow/example_dags/subdags/subdag.py
[2023-09-27T08:08:30.580-0400] {processor.py:179} INFO - Processing /home/beau/airflow/py_env/lib/python3.10/site-packages/airflow/example_dags/subdags/subdag.py took 0.024 seconds
[2023-09-27T08:09:21.622-0400] {processor.py:157} INFO - Started process (PID=23687) to work on /home/beau/airflow/py_env/lib/python3.10/site-packages/airflow/example_dags/subdags/subdag.py
[2023-09-27T08:09:21.628-0400] {processor.py:829} INFO - Processing file /home/beau/airflow/py_env/lib/python3.10/site-packages/airflow/example_dags/subdags/subdag.py for tasks to queue
[2023-09-27T08:09:21.630-0400] {logging_mixin.py:151} INFO - [2023-09-27T08:09:21.629-0400] {dagbag.py:539} INFO - Filling up the DagBag from /home/beau/airflow/py_env/lib/python3.10/site-packages/airflow/example_dags/subdags/subdag.py
[2023-09-27T08:09:21.633-0400] {processor.py:841} WARNING - No viable dags retrieved from /home/beau/airflow/py_env/lib/python3.10/site-packages/airflow/example_dags/subdags/subdag.py
[2023-09-27T08:09:21.648-0400] {processor.py:179} INFO - Processing /home/beau/airflow/py_env/lib/python3.10/site-packages/airflow/example_dags/subdags/subdag.py took 0.035 seconds
[2023-09-27T08:10:13.594-0400] {processor.py:157} INFO - Started process (PID=23953) to work on /home/beau/airflow/py_env/lib/python3.10/site-packages/airflow/example_dags/subdags/subdag.py
[2023-09-27T08:10:13.598-0400] {processor.py:829} INFO - Processing file /home/beau/airflow/py_env/lib/python3.10/site-packages/airflow/example_dags/subdags/subdag.py for tasks to queue
[2023-09-27T08:10:13.599-0400] {logging_mixin.py:151} INFO - [2023-09-27T08:10:13.598-0400] {dagbag.py:539} INFO - Filling up the DagBag from /home/beau/airflow/py_env/lib/python3.10/site-packages/airflow/example_dags/subdags/subdag.py
[2023-09-27T08:10:13.601-0400] {processor.py:841} WARNING - No viable dags retrieved from /home/beau/airflow/py_env/lib/python3.10/site-packages/airflow/example_dags/subdags/subdag.py
[2023-09-27T08:10:13.610-0400] {processor.py:179} INFO - Processing /home/beau/airflow/py_env/lib/python3.10/site-packages/airflow/example_dags/subdags/subdag.py took 0.018 seconds
[2023-09-27T08:11:06.268-0400] {processor.py:157} INFO - Started process (PID=24285) to work on /home/beau/airflow/py_env/lib/python3.10/site-packages/airflow/example_dags/subdags/subdag.py
[2023-09-27T08:11:06.272-0400] {processor.py:829} INFO - Processing file /home/beau/airflow/py_env/lib/python3.10/site-packages/airflow/example_dags/subdags/subdag.py for tasks to queue
[2023-09-27T08:11:06.274-0400] {logging_mixin.py:151} INFO - [2023-09-27T08:11:06.273-0400] {dagbag.py:539} INFO - Filling up the DagBag from /home/beau/airflow/py_env/lib/python3.10/site-packages/airflow/example_dags/subdags/subdag.py
[2023-09-27T08:11:06.277-0400] {processor.py:841} WARNING - No viable dags retrieved from /home/beau/airflow/py_env/lib/python3.10/site-packages/airflow/example_dags/subdags/subdag.py
[2023-09-27T08:11:06.291-0400] {processor.py:179} INFO - Processing /home/beau/airflow/py_env/lib/python3.10/site-packages/airflow/example_dags/subdags/subdag.py took 0.032 seconds
[2023-09-27T08:11:58.001-0400] {processor.py:157} INFO - Started process (PID=24598) to work on /home/beau/airflow/py_env/lib/python3.10/site-packages/airflow/example_dags/subdags/subdag.py
[2023-09-27T08:11:58.006-0400] {processor.py:829} INFO - Processing file /home/beau/airflow/py_env/lib/python3.10/site-packages/airflow/example_dags/subdags/subdag.py for tasks to queue
[2023-09-27T08:11:58.008-0400] {logging_mixin.py:151} INFO - [2023-09-27T08:11:58.007-0400] {dagbag.py:539} INFO - Filling up the DagBag from /home/beau/airflow/py_env/lib/python3.10/site-packages/airflow/example_dags/subdags/subdag.py
[2023-09-27T08:11:58.011-0400] {processor.py:841} WARNING - No viable dags retrieved from /home/beau/airflow/py_env/lib/python3.10/site-packages/airflow/example_dags/subdags/subdag.py
[2023-09-27T08:11:58.024-0400] {processor.py:179} INFO - Processing /home/beau/airflow/py_env/lib/python3.10/site-packages/airflow/example_dags/subdags/subdag.py took 0.028 seconds
[2023-09-27T08:12:56.235-0400] {processor.py:157} INFO - Started process (PID=24885) to work on /home/beau/airflow/py_env/lib/python3.10/site-packages/airflow/example_dags/subdags/subdag.py
[2023-09-27T08:12:56.240-0400] {processor.py:829} INFO - Processing file /home/beau/airflow/py_env/lib/python3.10/site-packages/airflow/example_dags/subdags/subdag.py for tasks to queue
[2023-09-27T08:12:56.241-0400] {logging_mixin.py:151} INFO - [2023-09-27T08:12:56.241-0400] {dagbag.py:539} INFO - Filling up the DagBag from /home/beau/airflow/py_env/lib/python3.10/site-packages/airflow/example_dags/subdags/subdag.py
[2023-09-27T08:12:56.245-0400] {processor.py:841} WARNING - No viable dags retrieved from /home/beau/airflow/py_env/lib/python3.10/site-packages/airflow/example_dags/subdags/subdag.py
[2023-09-27T08:12:56.256-0400] {processor.py:179} INFO - Processing /home/beau/airflow/py_env/lib/python3.10/site-packages/airflow/example_dags/subdags/subdag.py took 0.026 seconds
[2023-09-27T08:13:53.765-0400] {processor.py:157} INFO - Started process (PID=25169) to work on /home/beau/airflow/py_env/lib/python3.10/site-packages/airflow/example_dags/subdags/subdag.py
[2023-09-27T08:13:53.768-0400] {processor.py:829} INFO - Processing file /home/beau/airflow/py_env/lib/python3.10/site-packages/airflow/example_dags/subdags/subdag.py for tasks to queue
[2023-09-27T08:13:53.771-0400] {logging_mixin.py:151} INFO - [2023-09-27T08:13:53.770-0400] {dagbag.py:539} INFO - Filling up the DagBag from /home/beau/airflow/py_env/lib/python3.10/site-packages/airflow/example_dags/subdags/subdag.py
[2023-09-27T08:13:53.777-0400] {processor.py:841} WARNING - No viable dags retrieved from /home/beau/airflow/py_env/lib/python3.10/site-packages/airflow/example_dags/subdags/subdag.py
[2023-09-27T08:13:53.797-0400] {processor.py:179} INFO - Processing /home/beau/airflow/py_env/lib/python3.10/site-packages/airflow/example_dags/subdags/subdag.py took 0.039 seconds
[2023-09-27T08:14:48.849-0400] {processor.py:157} INFO - Started process (PID=25445) to work on /home/beau/airflow/py_env/lib/python3.10/site-packages/airflow/example_dags/subdags/subdag.py
[2023-09-27T08:14:48.854-0400] {processor.py:829} INFO - Processing file /home/beau/airflow/py_env/lib/python3.10/site-packages/airflow/example_dags/subdags/subdag.py for tasks to queue
[2023-09-27T08:14:48.855-0400] {logging_mixin.py:151} INFO - [2023-09-27T08:14:48.855-0400] {dagbag.py:539} INFO - Filling up the DagBag from /home/beau/airflow/py_env/lib/python3.10/site-packages/airflow/example_dags/subdags/subdag.py
[2023-09-27T08:14:48.858-0400] {processor.py:841} WARNING - No viable dags retrieved from /home/beau/airflow/py_env/lib/python3.10/site-packages/airflow/example_dags/subdags/subdag.py
[2023-09-27T08:14:48.873-0400] {processor.py:179} INFO - Processing /home/beau/airflow/py_env/lib/python3.10/site-packages/airflow/example_dags/subdags/subdag.py took 0.028 seconds
[2023-09-27T08:15:40.830-0400] {processor.py:157} INFO - Started process (PID=25777) to work on /home/beau/airflow/py_env/lib/python3.10/site-packages/airflow/example_dags/subdags/subdag.py
[2023-09-27T08:15:40.833-0400] {processor.py:829} INFO - Processing file /home/beau/airflow/py_env/lib/python3.10/site-packages/airflow/example_dags/subdags/subdag.py for tasks to queue
[2023-09-27T08:15:40.834-0400] {logging_mixin.py:151} INFO - [2023-09-27T08:15:40.834-0400] {dagbag.py:539} INFO - Filling up the DagBag from /home/beau/airflow/py_env/lib/python3.10/site-packages/airflow/example_dags/subdags/subdag.py
[2023-09-27T08:15:40.836-0400] {processor.py:841} WARNING - No viable dags retrieved from /home/beau/airflow/py_env/lib/python3.10/site-packages/airflow/example_dags/subdags/subdag.py
[2023-09-27T08:15:40.846-0400] {processor.py:179} INFO - Processing /home/beau/airflow/py_env/lib/python3.10/site-packages/airflow/example_dags/subdags/subdag.py took 0.019 seconds
[2023-09-27T08:16:29.838-0400] {processor.py:157} INFO - Started process (PID=25976) to work on /home/beau/airflow/py_env/lib/python3.10/site-packages/airflow/example_dags/subdags/subdag.py
[2023-09-27T08:16:29.841-0400] {processor.py:829} INFO - Processing file /home/beau/airflow/py_env/lib/python3.10/site-packages/airflow/example_dags/subdags/subdag.py for tasks to queue
[2023-09-27T08:16:29.842-0400] {logging_mixin.py:151} INFO - [2023-09-27T08:16:29.841-0400] {dagbag.py:539} INFO - Filling up the DagBag from /home/beau/airflow/py_env/lib/python3.10/site-packages/airflow/example_dags/subdags/subdag.py
[2023-09-27T08:16:29.844-0400] {processor.py:841} WARNING - No viable dags retrieved from /home/beau/airflow/py_env/lib/python3.10/site-packages/airflow/example_dags/subdags/subdag.py
[2023-09-27T08:16:29.854-0400] {processor.py:179} INFO - Processing /home/beau/airflow/py_env/lib/python3.10/site-packages/airflow/example_dags/subdags/subdag.py took 0.019 seconds
[2023-09-27T08:17:17.380-0400] {processor.py:157} INFO - Started process (PID=26230) to work on /home/beau/airflow/py_env/lib/python3.10/site-packages/airflow/example_dags/subdags/subdag.py
[2023-09-27T08:17:17.381-0400] {processor.py:829} INFO - Processing file /home/beau/airflow/py_env/lib/python3.10/site-packages/airflow/example_dags/subdags/subdag.py for tasks to queue
[2023-09-27T08:17:17.382-0400] {logging_mixin.py:151} INFO - [2023-09-27T08:17:17.382-0400] {dagbag.py:539} INFO - Filling up the DagBag from /home/beau/airflow/py_env/lib/python3.10/site-packages/airflow/example_dags/subdags/subdag.py
[2023-09-27T08:17:17.384-0400] {processor.py:841} WARNING - No viable dags retrieved from /home/beau/airflow/py_env/lib/python3.10/site-packages/airflow/example_dags/subdags/subdag.py
[2023-09-27T08:17:17.393-0400] {processor.py:179} INFO - Processing /home/beau/airflow/py_env/lib/python3.10/site-packages/airflow/example_dags/subdags/subdag.py took 0.017 seconds
[2023-09-27T08:18:07.706-0400] {processor.py:157} INFO - Started process (PID=26489) to work on /home/beau/airflow/py_env/lib/python3.10/site-packages/airflow/example_dags/subdags/subdag.py
[2023-09-27T08:18:07.709-0400] {processor.py:829} INFO - Processing file /home/beau/airflow/py_env/lib/python3.10/site-packages/airflow/example_dags/subdags/subdag.py for tasks to queue
[2023-09-27T08:18:07.710-0400] {logging_mixin.py:151} INFO - [2023-09-27T08:18:07.709-0400] {dagbag.py:539} INFO - Filling up the DagBag from /home/beau/airflow/py_env/lib/python3.10/site-packages/airflow/example_dags/subdags/subdag.py
[2023-09-27T08:18:07.712-0400] {processor.py:841} WARNING - No viable dags retrieved from /home/beau/airflow/py_env/lib/python3.10/site-packages/airflow/example_dags/subdags/subdag.py
[2023-09-27T08:18:07.721-0400] {processor.py:179} INFO - Processing /home/beau/airflow/py_env/lib/python3.10/site-packages/airflow/example_dags/subdags/subdag.py took 0.018 seconds
[2023-09-27T08:18:56.227-0400] {processor.py:157} INFO - Started process (PID=26747) to work on /home/beau/airflow/py_env/lib/python3.10/site-packages/airflow/example_dags/subdags/subdag.py
[2023-09-27T08:18:56.230-0400] {processor.py:829} INFO - Processing file /home/beau/airflow/py_env/lib/python3.10/site-packages/airflow/example_dags/subdags/subdag.py for tasks to queue
[2023-09-27T08:18:56.231-0400] {logging_mixin.py:151} INFO - [2023-09-27T08:18:56.230-0400] {dagbag.py:539} INFO - Filling up the DagBag from /home/beau/airflow/py_env/lib/python3.10/site-packages/airflow/example_dags/subdags/subdag.py
[2023-09-27T08:18:56.233-0400] {processor.py:841} WARNING - No viable dags retrieved from /home/beau/airflow/py_env/lib/python3.10/site-packages/airflow/example_dags/subdags/subdag.py
[2023-09-27T08:18:56.242-0400] {processor.py:179} INFO - Processing /home/beau/airflow/py_env/lib/python3.10/site-packages/airflow/example_dags/subdags/subdag.py took 0.018 seconds
[2023-09-27T08:19:41.943-0400] {processor.py:157} INFO - Started process (PID=26992) to work on /home/beau/airflow/py_env/lib/python3.10/site-packages/airflow/example_dags/subdags/subdag.py
[2023-09-27T08:19:41.947-0400] {processor.py:829} INFO - Processing file /home/beau/airflow/py_env/lib/python3.10/site-packages/airflow/example_dags/subdags/subdag.py for tasks to queue
[2023-09-27T08:19:41.948-0400] {logging_mixin.py:151} INFO - [2023-09-27T08:19:41.947-0400] {dagbag.py:539} INFO - Filling up the DagBag from /home/beau/airflow/py_env/lib/python3.10/site-packages/airflow/example_dags/subdags/subdag.py
[2023-09-27T08:19:41.950-0400] {processor.py:841} WARNING - No viable dags retrieved from /home/beau/airflow/py_env/lib/python3.10/site-packages/airflow/example_dags/subdags/subdag.py
[2023-09-27T08:19:41.961-0400] {processor.py:179} INFO - Processing /home/beau/airflow/py_env/lib/python3.10/site-packages/airflow/example_dags/subdags/subdag.py took 0.021 seconds
[2023-09-27T08:20:32.552-0400] {processor.py:157} INFO - Started process (PID=27251) to work on /home/beau/airflow/py_env/lib/python3.10/site-packages/airflow/example_dags/subdags/subdag.py
[2023-09-27T08:20:32.555-0400] {processor.py:829} INFO - Processing file /home/beau/airflow/py_env/lib/python3.10/site-packages/airflow/example_dags/subdags/subdag.py for tasks to queue
[2023-09-27T08:20:32.556-0400] {logging_mixin.py:151} INFO - [2023-09-27T08:20:32.556-0400] {dagbag.py:539} INFO - Filling up the DagBag from /home/beau/airflow/py_env/lib/python3.10/site-packages/airflow/example_dags/subdags/subdag.py
[2023-09-27T08:20:32.558-0400] {processor.py:841} WARNING - No viable dags retrieved from /home/beau/airflow/py_env/lib/python3.10/site-packages/airflow/example_dags/subdags/subdag.py
[2023-09-27T08:20:32.567-0400] {processor.py:179} INFO - Processing /home/beau/airflow/py_env/lib/python3.10/site-packages/airflow/example_dags/subdags/subdag.py took 0.018 seconds
[2023-09-27T08:21:22.394-0400] {processor.py:157} INFO - Started process (PID=27515) to work on /home/beau/airflow/py_env/lib/python3.10/site-packages/airflow/example_dags/subdags/subdag.py
[2023-09-27T08:21:22.398-0400] {processor.py:829} INFO - Processing file /home/beau/airflow/py_env/lib/python3.10/site-packages/airflow/example_dags/subdags/subdag.py for tasks to queue
[2023-09-27T08:21:22.398-0400] {logging_mixin.py:151} INFO - [2023-09-27T08:21:22.398-0400] {dagbag.py:539} INFO - Filling up the DagBag from /home/beau/airflow/py_env/lib/python3.10/site-packages/airflow/example_dags/subdags/subdag.py
[2023-09-27T08:21:22.400-0400] {processor.py:841} WARNING - No viable dags retrieved from /home/beau/airflow/py_env/lib/python3.10/site-packages/airflow/example_dags/subdags/subdag.py
[2023-09-27T08:21:22.410-0400] {processor.py:179} INFO - Processing /home/beau/airflow/py_env/lib/python3.10/site-packages/airflow/example_dags/subdags/subdag.py took 0.018 seconds
[2023-09-27T08:22:09.844-0400] {processor.py:157} INFO - Started process (PID=27767) to work on /home/beau/airflow/py_env/lib/python3.10/site-packages/airflow/example_dags/subdags/subdag.py
[2023-09-27T08:22:09.847-0400] {processor.py:829} INFO - Processing file /home/beau/airflow/py_env/lib/python3.10/site-packages/airflow/example_dags/subdags/subdag.py for tasks to queue
[2023-09-27T08:22:09.847-0400] {logging_mixin.py:151} INFO - [2023-09-27T08:22:09.847-0400] {dagbag.py:539} INFO - Filling up the DagBag from /home/beau/airflow/py_env/lib/python3.10/site-packages/airflow/example_dags/subdags/subdag.py
[2023-09-27T08:22:09.849-0400] {processor.py:841} WARNING - No viable dags retrieved from /home/beau/airflow/py_env/lib/python3.10/site-packages/airflow/example_dags/subdags/subdag.py
[2023-09-27T08:22:09.858-0400] {processor.py:179} INFO - Processing /home/beau/airflow/py_env/lib/python3.10/site-packages/airflow/example_dags/subdags/subdag.py took 0.017 seconds
[2023-09-27T08:22:58.503-0400] {processor.py:157} INFO - Started process (PID=28025) to work on /home/beau/airflow/py_env/lib/python3.10/site-packages/airflow/example_dags/subdags/subdag.py
[2023-09-27T08:22:58.506-0400] {processor.py:829} INFO - Processing file /home/beau/airflow/py_env/lib/python3.10/site-packages/airflow/example_dags/subdags/subdag.py for tasks to queue
[2023-09-27T08:22:58.506-0400] {logging_mixin.py:151} INFO - [2023-09-27T08:22:58.506-0400] {dagbag.py:539} INFO - Filling up the DagBag from /home/beau/airflow/py_env/lib/python3.10/site-packages/airflow/example_dags/subdags/subdag.py
[2023-09-27T08:22:58.508-0400] {processor.py:841} WARNING - No viable dags retrieved from /home/beau/airflow/py_env/lib/python3.10/site-packages/airflow/example_dags/subdags/subdag.py
[2023-09-27T08:22:58.518-0400] {processor.py:179} INFO - Processing /home/beau/airflow/py_env/lib/python3.10/site-packages/airflow/example_dags/subdags/subdag.py took 0.017 seconds
[2023-09-27T08:23:43.877-0400] {processor.py:157} INFO - Started process (PID=28269) to work on /home/beau/airflow/py_env/lib/python3.10/site-packages/airflow/example_dags/subdags/subdag.py
[2023-09-27T08:23:43.880-0400] {processor.py:829} INFO - Processing file /home/beau/airflow/py_env/lib/python3.10/site-packages/airflow/example_dags/subdags/subdag.py for tasks to queue
[2023-09-27T08:23:43.881-0400] {logging_mixin.py:151} INFO - [2023-09-27T08:23:43.880-0400] {dagbag.py:539} INFO - Filling up the DagBag from /home/beau/airflow/py_env/lib/python3.10/site-packages/airflow/example_dags/subdags/subdag.py
[2023-09-27T08:23:43.882-0400] {processor.py:841} WARNING - No viable dags retrieved from /home/beau/airflow/py_env/lib/python3.10/site-packages/airflow/example_dags/subdags/subdag.py
[2023-09-27T08:23:43.891-0400] {processor.py:179} INFO - Processing /home/beau/airflow/py_env/lib/python3.10/site-packages/airflow/example_dags/subdags/subdag.py took 0.017 seconds
[2023-09-27T08:24:36.698-0400] {processor.py:157} INFO - Started process (PID=28535) to work on /home/beau/airflow/py_env/lib/python3.10/site-packages/airflow/example_dags/subdags/subdag.py
[2023-09-27T08:24:36.701-0400] {processor.py:829} INFO - Processing file /home/beau/airflow/py_env/lib/python3.10/site-packages/airflow/example_dags/subdags/subdag.py for tasks to queue
[2023-09-27T08:24:36.702-0400] {logging_mixin.py:151} INFO - [2023-09-27T08:24:36.702-0400] {dagbag.py:539} INFO - Filling up the DagBag from /home/beau/airflow/py_env/lib/python3.10/site-packages/airflow/example_dags/subdags/subdag.py
[2023-09-27T08:24:36.704-0400] {processor.py:841} WARNING - No viable dags retrieved from /home/beau/airflow/py_env/lib/python3.10/site-packages/airflow/example_dags/subdags/subdag.py
[2023-09-27T08:24:36.713-0400] {processor.py:179} INFO - Processing /home/beau/airflow/py_env/lib/python3.10/site-packages/airflow/example_dags/subdags/subdag.py took 0.017 seconds
[2023-09-27T08:25:26.228-0400] {processor.py:157} INFO - Started process (PID=28731) to work on /home/beau/airflow/py_env/lib/python3.10/site-packages/airflow/example_dags/subdags/subdag.py
[2023-09-27T08:25:26.231-0400] {processor.py:829} INFO - Processing file /home/beau/airflow/py_env/lib/python3.10/site-packages/airflow/example_dags/subdags/subdag.py for tasks to queue
[2023-09-27T08:25:26.232-0400] {logging_mixin.py:151} INFO - [2023-09-27T08:25:26.232-0400] {dagbag.py:539} INFO - Filling up the DagBag from /home/beau/airflow/py_env/lib/python3.10/site-packages/airflow/example_dags/subdags/subdag.py
[2023-09-27T08:25:26.234-0400] {processor.py:841} WARNING - No viable dags retrieved from /home/beau/airflow/py_env/lib/python3.10/site-packages/airflow/example_dags/subdags/subdag.py
[2023-09-27T08:25:26.243-0400] {processor.py:179} INFO - Processing /home/beau/airflow/py_env/lib/python3.10/site-packages/airflow/example_dags/subdags/subdag.py took 0.017 seconds
[2023-09-27T08:26:15.177-0400] {processor.py:157} INFO - Started process (PID=29056) to work on /home/beau/airflow/py_env/lib/python3.10/site-packages/airflow/example_dags/subdags/subdag.py
[2023-09-27T08:26:15.181-0400] {processor.py:829} INFO - Processing file /home/beau/airflow/py_env/lib/python3.10/site-packages/airflow/example_dags/subdags/subdag.py for tasks to queue
[2023-09-27T08:26:15.181-0400] {logging_mixin.py:151} INFO - [2023-09-27T08:26:15.181-0400] {dagbag.py:539} INFO - Filling up the DagBag from /home/beau/airflow/py_env/lib/python3.10/site-packages/airflow/example_dags/subdags/subdag.py
[2023-09-27T08:26:15.183-0400] {processor.py:841} WARNING - No viable dags retrieved from /home/beau/airflow/py_env/lib/python3.10/site-packages/airflow/example_dags/subdags/subdag.py
[2023-09-27T08:26:15.193-0400] {processor.py:179} INFO - Processing /home/beau/airflow/py_env/lib/python3.10/site-packages/airflow/example_dags/subdags/subdag.py took 0.018 seconds
[2023-09-27T08:27:01.902-0400] {processor.py:157} INFO - Started process (PID=29301) to work on /home/beau/airflow/py_env/lib/python3.10/site-packages/airflow/example_dags/subdags/subdag.py
[2023-09-27T08:27:01.905-0400] {processor.py:829} INFO - Processing file /home/beau/airflow/py_env/lib/python3.10/site-packages/airflow/example_dags/subdags/subdag.py for tasks to queue
[2023-09-27T08:27:01.906-0400] {logging_mixin.py:151} INFO - [2023-09-27T08:27:01.905-0400] {dagbag.py:539} INFO - Filling up the DagBag from /home/beau/airflow/py_env/lib/python3.10/site-packages/airflow/example_dags/subdags/subdag.py
[2023-09-27T08:27:01.908-0400] {processor.py:841} WARNING - No viable dags retrieved from /home/beau/airflow/py_env/lib/python3.10/site-packages/airflow/example_dags/subdags/subdag.py
[2023-09-27T08:27:01.916-0400] {processor.py:179} INFO - Processing /home/beau/airflow/py_env/lib/python3.10/site-packages/airflow/example_dags/subdags/subdag.py took 0.017 seconds
[2023-09-27T08:27:50.873-0400] {processor.py:157} INFO - Started process (PID=29560) to work on /home/beau/airflow/py_env/lib/python3.10/site-packages/airflow/example_dags/subdags/subdag.py
[2023-09-27T08:27:50.876-0400] {processor.py:829} INFO - Processing file /home/beau/airflow/py_env/lib/python3.10/site-packages/airflow/example_dags/subdags/subdag.py for tasks to queue
[2023-09-27T08:27:50.877-0400] {logging_mixin.py:151} INFO - [2023-09-27T08:27:50.877-0400] {dagbag.py:539} INFO - Filling up the DagBag from /home/beau/airflow/py_env/lib/python3.10/site-packages/airflow/example_dags/subdags/subdag.py
[2023-09-27T08:27:50.879-0400] {processor.py:841} WARNING - No viable dags retrieved from /home/beau/airflow/py_env/lib/python3.10/site-packages/airflow/example_dags/subdags/subdag.py
[2023-09-27T08:27:50.887-0400] {processor.py:179} INFO - Processing /home/beau/airflow/py_env/lib/python3.10/site-packages/airflow/example_dags/subdags/subdag.py took 0.017 seconds
[2023-09-27T08:28:43.788-0400] {processor.py:157} INFO - Started process (PID=29827) to work on /home/beau/airflow/py_env/lib/python3.10/site-packages/airflow/example_dags/subdags/subdag.py
[2023-09-27T08:28:43.789-0400] {processor.py:829} INFO - Processing file /home/beau/airflow/py_env/lib/python3.10/site-packages/airflow/example_dags/subdags/subdag.py for tasks to queue
[2023-09-27T08:28:43.790-0400] {logging_mixin.py:151} INFO - [2023-09-27T08:28:43.789-0400] {dagbag.py:539} INFO - Filling up the DagBag from /home/beau/airflow/py_env/lib/python3.10/site-packages/airflow/example_dags/subdags/subdag.py
[2023-09-27T08:28:43.792-0400] {processor.py:841} WARNING - No viable dags retrieved from /home/beau/airflow/py_env/lib/python3.10/site-packages/airflow/example_dags/subdags/subdag.py
[2023-09-27T08:28:43.800-0400] {processor.py:179} INFO - Processing /home/beau/airflow/py_env/lib/python3.10/site-packages/airflow/example_dags/subdags/subdag.py took 0.016 seconds
[2023-09-27T08:29:36.290-0400] {processor.py:157} INFO - Started process (PID=30100) to work on /home/beau/airflow/py_env/lib/python3.10/site-packages/airflow/example_dags/subdags/subdag.py
[2023-09-27T08:29:36.293-0400] {processor.py:829} INFO - Processing file /home/beau/airflow/py_env/lib/python3.10/site-packages/airflow/example_dags/subdags/subdag.py for tasks to queue
[2023-09-27T08:29:36.294-0400] {logging_mixin.py:151} INFO - [2023-09-27T08:29:36.293-0400] {dagbag.py:539} INFO - Filling up the DagBag from /home/beau/airflow/py_env/lib/python3.10/site-packages/airflow/example_dags/subdags/subdag.py
[2023-09-27T08:29:36.296-0400] {processor.py:841} WARNING - No viable dags retrieved from /home/beau/airflow/py_env/lib/python3.10/site-packages/airflow/example_dags/subdags/subdag.py
[2023-09-27T08:29:36.305-0400] {processor.py:179} INFO - Processing /home/beau/airflow/py_env/lib/python3.10/site-packages/airflow/example_dags/subdags/subdag.py took 0.019 seconds
[2023-09-27T08:30:26.954-0400] {processor.py:157} INFO - Started process (PID=30295) to work on /home/beau/airflow/py_env/lib/python3.10/site-packages/airflow/example_dags/subdags/subdag.py
[2023-09-27T08:30:26.955-0400] {processor.py:829} INFO - Processing file /home/beau/airflow/py_env/lib/python3.10/site-packages/airflow/example_dags/subdags/subdag.py for tasks to queue
[2023-09-27T08:30:26.956-0400] {logging_mixin.py:151} INFO - [2023-09-27T08:30:26.956-0400] {dagbag.py:539} INFO - Filling up the DagBag from /home/beau/airflow/py_env/lib/python3.10/site-packages/airflow/example_dags/subdags/subdag.py
[2023-09-27T08:30:26.958-0400] {processor.py:841} WARNING - No viable dags retrieved from /home/beau/airflow/py_env/lib/python3.10/site-packages/airflow/example_dags/subdags/subdag.py
[2023-09-27T08:30:26.968-0400] {processor.py:179} INFO - Processing /home/beau/airflow/py_env/lib/python3.10/site-packages/airflow/example_dags/subdags/subdag.py took 0.017 seconds
[2023-09-27T08:31:10.774-0400] {processor.py:157} INFO - Started process (PID=30596) to work on /home/beau/airflow/py_env/lib/python3.10/site-packages/airflow/example_dags/subdags/subdag.py
[2023-09-27T08:31:10.777-0400] {processor.py:829} INFO - Processing file /home/beau/airflow/py_env/lib/python3.10/site-packages/airflow/example_dags/subdags/subdag.py for tasks to queue
[2023-09-27T08:31:10.778-0400] {logging_mixin.py:151} INFO - [2023-09-27T08:31:10.778-0400] {dagbag.py:539} INFO - Filling up the DagBag from /home/beau/airflow/py_env/lib/python3.10/site-packages/airflow/example_dags/subdags/subdag.py
[2023-09-27T08:31:10.780-0400] {processor.py:841} WARNING - No viable dags retrieved from /home/beau/airflow/py_env/lib/python3.10/site-packages/airflow/example_dags/subdags/subdag.py
[2023-09-27T08:31:10.789-0400] {processor.py:179} INFO - Processing /home/beau/airflow/py_env/lib/python3.10/site-packages/airflow/example_dags/subdags/subdag.py took 0.018 seconds
[2023-09-27T08:31:59.439-0400] {processor.py:157} INFO - Started process (PID=30853) to work on /home/beau/airflow/py_env/lib/python3.10/site-packages/airflow/example_dags/subdags/subdag.py
[2023-09-27T08:31:59.441-0400] {processor.py:829} INFO - Processing file /home/beau/airflow/py_env/lib/python3.10/site-packages/airflow/example_dags/subdags/subdag.py for tasks to queue
[2023-09-27T08:31:59.442-0400] {logging_mixin.py:151} INFO - [2023-09-27T08:31:59.441-0400] {dagbag.py:539} INFO - Filling up the DagBag from /home/beau/airflow/py_env/lib/python3.10/site-packages/airflow/example_dags/subdags/subdag.py
[2023-09-27T08:31:59.444-0400] {processor.py:841} WARNING - No viable dags retrieved from /home/beau/airflow/py_env/lib/python3.10/site-packages/airflow/example_dags/subdags/subdag.py
[2023-09-27T08:31:59.453-0400] {processor.py:179} INFO - Processing /home/beau/airflow/py_env/lib/python3.10/site-packages/airflow/example_dags/subdags/subdag.py took 0.017 seconds
[2023-09-27T08:32:50.013-0400] {processor.py:157} INFO - Started process (PID=31113) to work on /home/beau/airflow/py_env/lib/python3.10/site-packages/airflow/example_dags/subdags/subdag.py
[2023-09-27T08:32:50.016-0400] {processor.py:829} INFO - Processing file /home/beau/airflow/py_env/lib/python3.10/site-packages/airflow/example_dags/subdags/subdag.py for tasks to queue
[2023-09-27T08:32:50.017-0400] {logging_mixin.py:151} INFO - [2023-09-27T08:32:50.016-0400] {dagbag.py:539} INFO - Filling up the DagBag from /home/beau/airflow/py_env/lib/python3.10/site-packages/airflow/example_dags/subdags/subdag.py
[2023-09-27T08:32:50.019-0400] {processor.py:841} WARNING - No viable dags retrieved from /home/beau/airflow/py_env/lib/python3.10/site-packages/airflow/example_dags/subdags/subdag.py
[2023-09-27T08:32:50.028-0400] {processor.py:179} INFO - Processing /home/beau/airflow/py_env/lib/python3.10/site-packages/airflow/example_dags/subdags/subdag.py took 0.018 seconds
[2023-09-27T08:33:41.584-0400] {processor.py:157} INFO - Started process (PID=31380) to work on /home/beau/airflow/py_env/lib/python3.10/site-packages/airflow/example_dags/subdags/subdag.py
[2023-09-27T08:33:41.588-0400] {processor.py:829} INFO - Processing file /home/beau/airflow/py_env/lib/python3.10/site-packages/airflow/example_dags/subdags/subdag.py for tasks to queue
[2023-09-27T08:33:41.589-0400] {logging_mixin.py:151} INFO - [2023-09-27T08:33:41.589-0400] {dagbag.py:539} INFO - Filling up the DagBag from /home/beau/airflow/py_env/lib/python3.10/site-packages/airflow/example_dags/subdags/subdag.py
[2023-09-27T08:33:41.591-0400] {processor.py:841} WARNING - No viable dags retrieved from /home/beau/airflow/py_env/lib/python3.10/site-packages/airflow/example_dags/subdags/subdag.py
[2023-09-27T08:33:41.600-0400] {processor.py:179} INFO - Processing /home/beau/airflow/py_env/lib/python3.10/site-packages/airflow/example_dags/subdags/subdag.py took 0.018 seconds
[2023-09-27T08:34:37.457-0400] {processor.py:157} INFO - Started process (PID=31655) to work on /home/beau/airflow/py_env/lib/python3.10/site-packages/airflow/example_dags/subdags/subdag.py
[2023-09-27T08:34:37.462-0400] {processor.py:829} INFO - Processing file /home/beau/airflow/py_env/lib/python3.10/site-packages/airflow/example_dags/subdags/subdag.py for tasks to queue
[2023-09-27T08:34:37.463-0400] {logging_mixin.py:151} INFO - [2023-09-27T08:34:37.462-0400] {dagbag.py:539} INFO - Filling up the DagBag from /home/beau/airflow/py_env/lib/python3.10/site-packages/airflow/example_dags/subdags/subdag.py
[2023-09-27T08:34:37.467-0400] {processor.py:841} WARNING - No viable dags retrieved from /home/beau/airflow/py_env/lib/python3.10/site-packages/airflow/example_dags/subdags/subdag.py
[2023-09-27T08:34:37.481-0400] {processor.py:179} INFO - Processing /home/beau/airflow/py_env/lib/python3.10/site-packages/airflow/example_dags/subdags/subdag.py took 0.030 seconds
[2023-09-27T08:35:34.885-0400] {processor.py:157} INFO - Started process (PID=31939) to work on /home/beau/airflow/py_env/lib/python3.10/site-packages/airflow/example_dags/subdags/subdag.py
[2023-09-27T08:35:34.890-0400] {processor.py:829} INFO - Processing file /home/beau/airflow/py_env/lib/python3.10/site-packages/airflow/example_dags/subdags/subdag.py for tasks to queue
[2023-09-27T08:35:34.891-0400] {logging_mixin.py:151} INFO - [2023-09-27T08:35:34.891-0400] {dagbag.py:539} INFO - Filling up the DagBag from /home/beau/airflow/py_env/lib/python3.10/site-packages/airflow/example_dags/subdags/subdag.py
[2023-09-27T08:35:34.894-0400] {processor.py:841} WARNING - No viable dags retrieved from /home/beau/airflow/py_env/lib/python3.10/site-packages/airflow/example_dags/subdags/subdag.py
[2023-09-27T08:35:34.906-0400] {processor.py:179} INFO - Processing /home/beau/airflow/py_env/lib/python3.10/site-packages/airflow/example_dags/subdags/subdag.py took 0.025 seconds
[2023-09-27T08:36:25.070-0400] {processor.py:157} INFO - Started process (PID=32198) to work on /home/beau/airflow/py_env/lib/python3.10/site-packages/airflow/example_dags/subdags/subdag.py
[2023-09-27T08:36:25.074-0400] {processor.py:829} INFO - Processing file /home/beau/airflow/py_env/lib/python3.10/site-packages/airflow/example_dags/subdags/subdag.py for tasks to queue
[2023-09-27T08:36:25.075-0400] {logging_mixin.py:151} INFO - [2023-09-27T08:36:25.075-0400] {dagbag.py:539} INFO - Filling up the DagBag from /home/beau/airflow/py_env/lib/python3.10/site-packages/airflow/example_dags/subdags/subdag.py
[2023-09-27T08:36:25.077-0400] {processor.py:841} WARNING - No viable dags retrieved from /home/beau/airflow/py_env/lib/python3.10/site-packages/airflow/example_dags/subdags/subdag.py
[2023-09-27T08:36:25.086-0400] {processor.py:179} INFO - Processing /home/beau/airflow/py_env/lib/python3.10/site-packages/airflow/example_dags/subdags/subdag.py took 0.018 seconds
[2023-09-27T08:37:21.454-0400] {processor.py:157} INFO - Started process (PID=32480) to work on /home/beau/airflow/py_env/lib/python3.10/site-packages/airflow/example_dags/subdags/subdag.py
[2023-09-27T08:37:21.458-0400] {processor.py:829} INFO - Processing file /home/beau/airflow/py_env/lib/python3.10/site-packages/airflow/example_dags/subdags/subdag.py for tasks to queue
[2023-09-27T08:37:21.459-0400] {logging_mixin.py:151} INFO - [2023-09-27T08:37:21.459-0400] {dagbag.py:539} INFO - Filling up the DagBag from /home/beau/airflow/py_env/lib/python3.10/site-packages/airflow/example_dags/subdags/subdag.py
[2023-09-27T08:37:21.461-0400] {processor.py:841} WARNING - No viable dags retrieved from /home/beau/airflow/py_env/lib/python3.10/site-packages/airflow/example_dags/subdags/subdag.py
[2023-09-27T08:37:21.472-0400] {processor.py:179} INFO - Processing /home/beau/airflow/py_env/lib/python3.10/site-packages/airflow/example_dags/subdags/subdag.py took 0.022 seconds
[2023-09-27T08:38:15.883-0400] {processor.py:157} INFO - Started process (PID=32754) to work on /home/beau/airflow/py_env/lib/python3.10/site-packages/airflow/example_dags/subdags/subdag.py
[2023-09-27T08:38:15.888-0400] {processor.py:829} INFO - Processing file /home/beau/airflow/py_env/lib/python3.10/site-packages/airflow/example_dags/subdags/subdag.py for tasks to queue
[2023-09-27T08:38:15.890-0400] {logging_mixin.py:151} INFO - [2023-09-27T08:38:15.889-0400] {dagbag.py:539} INFO - Filling up the DagBag from /home/beau/airflow/py_env/lib/python3.10/site-packages/airflow/example_dags/subdags/subdag.py
[2023-09-27T08:38:15.893-0400] {processor.py:841} WARNING - No viable dags retrieved from /home/beau/airflow/py_env/lib/python3.10/site-packages/airflow/example_dags/subdags/subdag.py
[2023-09-27T08:38:15.907-0400] {processor.py:179} INFO - Processing /home/beau/airflow/py_env/lib/python3.10/site-packages/airflow/example_dags/subdags/subdag.py took 0.031 seconds
[2023-09-27T08:39:07.513-0400] {processor.py:157} INFO - Started process (PID=33020) to work on /home/beau/airflow/py_env/lib/python3.10/site-packages/airflow/example_dags/subdags/subdag.py
[2023-09-27T08:39:07.518-0400] {processor.py:829} INFO - Processing file /home/beau/airflow/py_env/lib/python3.10/site-packages/airflow/example_dags/subdags/subdag.py for tasks to queue
[2023-09-27T08:39:07.520-0400] {logging_mixin.py:151} INFO - [2023-09-27T08:39:07.519-0400] {dagbag.py:539} INFO - Filling up the DagBag from /home/beau/airflow/py_env/lib/python3.10/site-packages/airflow/example_dags/subdags/subdag.py
[2023-09-27T08:39:07.526-0400] {processor.py:841} WARNING - No viable dags retrieved from /home/beau/airflow/py_env/lib/python3.10/site-packages/airflow/example_dags/subdags/subdag.py
[2023-09-27T08:39:07.552-0400] {processor.py:179} INFO - Processing /home/beau/airflow/py_env/lib/python3.10/site-packages/airflow/example_dags/subdags/subdag.py took 0.042 seconds
[2023-09-27T08:40:02.442-0400] {processor.py:157} INFO - Started process (PID=33293) to work on /home/beau/airflow/py_env/lib/python3.10/site-packages/airflow/example_dags/subdags/subdag.py
[2023-09-27T08:40:02.446-0400] {processor.py:829} INFO - Processing file /home/beau/airflow/py_env/lib/python3.10/site-packages/airflow/example_dags/subdags/subdag.py for tasks to queue
[2023-09-27T08:40:02.448-0400] {logging_mixin.py:151} INFO - [2023-09-27T08:40:02.447-0400] {dagbag.py:539} INFO - Filling up the DagBag from /home/beau/airflow/py_env/lib/python3.10/site-packages/airflow/example_dags/subdags/subdag.py
[2023-09-27T08:40:02.451-0400] {processor.py:841} WARNING - No viable dags retrieved from /home/beau/airflow/py_env/lib/python3.10/site-packages/airflow/example_dags/subdags/subdag.py
[2023-09-27T08:40:02.468-0400] {processor.py:179} INFO - Processing /home/beau/airflow/py_env/lib/python3.10/site-packages/airflow/example_dags/subdags/subdag.py took 0.032 seconds
[2023-09-27T08:40:55.541-0400] {processor.py:157} INFO - Started process (PID=33625) to work on /home/beau/airflow/py_env/lib/python3.10/site-packages/airflow/example_dags/subdags/subdag.py
[2023-09-27T08:40:55.546-0400] {processor.py:829} INFO - Processing file /home/beau/airflow/py_env/lib/python3.10/site-packages/airflow/example_dags/subdags/subdag.py for tasks to queue
[2023-09-27T08:40:55.548-0400] {logging_mixin.py:151} INFO - [2023-09-27T08:40:55.547-0400] {dagbag.py:539} INFO - Filling up the DagBag from /home/beau/airflow/py_env/lib/python3.10/site-packages/airflow/example_dags/subdags/subdag.py
[2023-09-27T08:40:55.553-0400] {processor.py:841} WARNING - No viable dags retrieved from /home/beau/airflow/py_env/lib/python3.10/site-packages/airflow/example_dags/subdags/subdag.py
[2023-09-27T08:40:55.569-0400] {processor.py:179} INFO - Processing /home/beau/airflow/py_env/lib/python3.10/site-packages/airflow/example_dags/subdags/subdag.py took 0.038 seconds
[2023-09-27T08:41:50.562-0400] {processor.py:157} INFO - Started process (PID=33899) to work on /home/beau/airflow/py_env/lib/python3.10/site-packages/airflow/example_dags/subdags/subdag.py
[2023-09-27T08:41:50.566-0400] {processor.py:829} INFO - Processing file /home/beau/airflow/py_env/lib/python3.10/site-packages/airflow/example_dags/subdags/subdag.py for tasks to queue
[2023-09-27T08:41:50.567-0400] {logging_mixin.py:151} INFO - [2023-09-27T08:41:50.567-0400] {dagbag.py:539} INFO - Filling up the DagBag from /home/beau/airflow/py_env/lib/python3.10/site-packages/airflow/example_dags/subdags/subdag.py
[2023-09-27T08:41:50.570-0400] {processor.py:841} WARNING - No viable dags retrieved from /home/beau/airflow/py_env/lib/python3.10/site-packages/airflow/example_dags/subdags/subdag.py
[2023-09-27T08:41:50.584-0400] {processor.py:179} INFO - Processing /home/beau/airflow/py_env/lib/python3.10/site-packages/airflow/example_dags/subdags/subdag.py took 0.027 seconds
[2023-09-27T08:42:43.445-0400] {processor.py:157} INFO - Started process (PID=34165) to work on /home/beau/airflow/py_env/lib/python3.10/site-packages/airflow/example_dags/subdags/subdag.py
[2023-09-27T08:42:43.450-0400] {processor.py:829} INFO - Processing file /home/beau/airflow/py_env/lib/python3.10/site-packages/airflow/example_dags/subdags/subdag.py for tasks to queue
[2023-09-27T08:42:43.452-0400] {logging_mixin.py:151} INFO - [2023-09-27T08:42:43.451-0400] {dagbag.py:539} INFO - Filling up the DagBag from /home/beau/airflow/py_env/lib/python3.10/site-packages/airflow/example_dags/subdags/subdag.py
[2023-09-27T08:42:43.458-0400] {processor.py:841} WARNING - No viable dags retrieved from /home/beau/airflow/py_env/lib/python3.10/site-packages/airflow/example_dags/subdags/subdag.py
[2023-09-27T08:42:43.473-0400] {processor.py:179} INFO - Processing /home/beau/airflow/py_env/lib/python3.10/site-packages/airflow/example_dags/subdags/subdag.py took 0.037 seconds
[2023-09-27T09:32:05.201-0400] {processor.py:157} INFO - Started process (PID=34568) to work on /home/beau/airflow/py_env/lib/python3.10/site-packages/airflow/example_dags/subdags/subdag.py
[2023-09-27T09:32:05.203-0400] {processor.py:829} INFO - Processing file /home/beau/airflow/py_env/lib/python3.10/site-packages/airflow/example_dags/subdags/subdag.py for tasks to queue
[2023-09-27T09:32:05.204-0400] {logging_mixin.py:151} INFO - [2023-09-27T09:32:05.203-0400] {dagbag.py:539} INFO - Filling up the DagBag from /home/beau/airflow/py_env/lib/python3.10/site-packages/airflow/example_dags/subdags/subdag.py
[2023-09-27T09:32:05.206-0400] {processor.py:841} WARNING - No viable dags retrieved from /home/beau/airflow/py_env/lib/python3.10/site-packages/airflow/example_dags/subdags/subdag.py
[2023-09-27T09:32:05.216-0400] {processor.py:179} INFO - Processing /home/beau/airflow/py_env/lib/python3.10/site-packages/airflow/example_dags/subdags/subdag.py took 0.018 seconds
[2023-09-27T09:32:51.044-0400] {processor.py:157} INFO - Started process (PID=34811) to work on /home/beau/airflow/py_env/lib/python3.10/site-packages/airflow/example_dags/subdags/subdag.py
[2023-09-27T09:32:51.047-0400] {processor.py:829} INFO - Processing file /home/beau/airflow/py_env/lib/python3.10/site-packages/airflow/example_dags/subdags/subdag.py for tasks to queue
[2023-09-27T09:32:51.048-0400] {logging_mixin.py:151} INFO - [2023-09-27T09:32:51.047-0400] {dagbag.py:539} INFO - Filling up the DagBag from /home/beau/airflow/py_env/lib/python3.10/site-packages/airflow/example_dags/subdags/subdag.py
[2023-09-27T09:32:51.050-0400] {processor.py:841} WARNING - No viable dags retrieved from /home/beau/airflow/py_env/lib/python3.10/site-packages/airflow/example_dags/subdags/subdag.py
[2023-09-27T09:32:51.060-0400] {processor.py:179} INFO - Processing /home/beau/airflow/py_env/lib/python3.10/site-packages/airflow/example_dags/subdags/subdag.py took 0.019 seconds
[2023-09-27T09:33:37.941-0400] {processor.py:157} INFO - Started process (PID=35054) to work on /home/beau/airflow/py_env/lib/python3.10/site-packages/airflow/example_dags/subdags/subdag.py
[2023-09-27T09:33:37.945-0400] {processor.py:829} INFO - Processing file /home/beau/airflow/py_env/lib/python3.10/site-packages/airflow/example_dags/subdags/subdag.py for tasks to queue
[2023-09-27T09:33:37.947-0400] {logging_mixin.py:151} INFO - [2023-09-27T09:33:37.946-0400] {dagbag.py:539} INFO - Filling up the DagBag from /home/beau/airflow/py_env/lib/python3.10/site-packages/airflow/example_dags/subdags/subdag.py
[2023-09-27T09:33:37.951-0400] {processor.py:841} WARNING - No viable dags retrieved from /home/beau/airflow/py_env/lib/python3.10/site-packages/airflow/example_dags/subdags/subdag.py
[2023-09-27T09:33:37.969-0400] {processor.py:179} INFO - Processing /home/beau/airflow/py_env/lib/python3.10/site-packages/airflow/example_dags/subdags/subdag.py took 0.037 seconds
[2023-09-27T09:34:27.498-0400] {processor.py:157} INFO - Started process (PID=35386) to work on /home/beau/airflow/py_env/lib/python3.10/site-packages/airflow/example_dags/subdags/subdag.py
[2023-09-27T09:34:27.502-0400] {processor.py:829} INFO - Processing file /home/beau/airflow/py_env/lib/python3.10/site-packages/airflow/example_dags/subdags/subdag.py for tasks to queue
[2023-09-27T09:34:27.503-0400] {logging_mixin.py:151} INFO - [2023-09-27T09:34:27.503-0400] {dagbag.py:539} INFO - Filling up the DagBag from /home/beau/airflow/py_env/lib/python3.10/site-packages/airflow/example_dags/subdags/subdag.py
[2023-09-27T09:34:27.507-0400] {processor.py:841} WARNING - No viable dags retrieved from /home/beau/airflow/py_env/lib/python3.10/site-packages/airflow/example_dags/subdags/subdag.py
[2023-09-27T09:34:27.522-0400] {processor.py:179} INFO - Processing /home/beau/airflow/py_env/lib/python3.10/site-packages/airflow/example_dags/subdags/subdag.py took 0.029 seconds
[2023-09-27T09:35:19.669-0400] {processor.py:157} INFO - Started process (PID=35653) to work on /home/beau/airflow/py_env/lib/python3.10/site-packages/airflow/example_dags/subdags/subdag.py
[2023-09-27T09:35:19.674-0400] {processor.py:829} INFO - Processing file /home/beau/airflow/py_env/lib/python3.10/site-packages/airflow/example_dags/subdags/subdag.py for tasks to queue
[2023-09-27T09:35:19.675-0400] {logging_mixin.py:151} INFO - [2023-09-27T09:35:19.675-0400] {dagbag.py:539} INFO - Filling up the DagBag from /home/beau/airflow/py_env/lib/python3.10/site-packages/airflow/example_dags/subdags/subdag.py
[2023-09-27T09:35:19.681-0400] {processor.py:841} WARNING - No viable dags retrieved from /home/beau/airflow/py_env/lib/python3.10/site-packages/airflow/example_dags/subdags/subdag.py
[2023-09-27T09:35:19.702-0400] {processor.py:179} INFO - Processing /home/beau/airflow/py_env/lib/python3.10/site-packages/airflow/example_dags/subdags/subdag.py took 0.036 seconds
[2023-09-27T09:36:16.767-0400] {processor.py:157} INFO - Started process (PID=36000) to work on /home/beau/airflow/py_env/lib/python3.10/site-packages/airflow/example_dags/subdags/subdag.py
[2023-09-27T09:36:16.769-0400] {processor.py:829} INFO - Processing file /home/beau/airflow/py_env/lib/python3.10/site-packages/airflow/example_dags/subdags/subdag.py for tasks to queue
[2023-09-27T09:36:16.770-0400] {logging_mixin.py:151} INFO - [2023-09-27T09:36:16.770-0400] {dagbag.py:539} INFO - Filling up the DagBag from /home/beau/airflow/py_env/lib/python3.10/site-packages/airflow/example_dags/subdags/subdag.py
[2023-09-27T09:36:16.772-0400] {processor.py:841} WARNING - No viable dags retrieved from /home/beau/airflow/py_env/lib/python3.10/site-packages/airflow/example_dags/subdags/subdag.py
[2023-09-27T09:36:16.787-0400] {processor.py:179} INFO - Processing /home/beau/airflow/py_env/lib/python3.10/site-packages/airflow/example_dags/subdags/subdag.py took 0.023 seconds
[2023-09-27T09:37:17.669-0400] {processor.py:157} INFO - Started process (PID=36426) to work on /home/beau/airflow/py_env/lib/python3.10/site-packages/airflow/example_dags/subdags/subdag.py
[2023-09-27T09:37:17.671-0400] {processor.py:829} INFO - Processing file /home/beau/airflow/py_env/lib/python3.10/site-packages/airflow/example_dags/subdags/subdag.py for tasks to queue
[2023-09-27T09:37:17.673-0400] {logging_mixin.py:151} INFO - [2023-09-27T09:37:17.672-0400] {dagbag.py:539} INFO - Filling up the DagBag from /home/beau/airflow/py_env/lib/python3.10/site-packages/airflow/example_dags/subdags/subdag.py
[2023-09-27T09:37:17.677-0400] {processor.py:841} WARNING - No viable dags retrieved from /home/beau/airflow/py_env/lib/python3.10/site-packages/airflow/example_dags/subdags/subdag.py
[2023-09-27T09:37:17.696-0400] {processor.py:179} INFO - Processing /home/beau/airflow/py_env/lib/python3.10/site-packages/airflow/example_dags/subdags/subdag.py took 0.032 seconds
[2023-09-27T09:38:13.078-0400] {processor.py:157} INFO - Started process (PID=36963) to work on /home/beau/airflow/py_env/lib/python3.10/site-packages/airflow/example_dags/subdags/subdag.py
[2023-09-27T09:38:13.083-0400] {processor.py:829} INFO - Processing file /home/beau/airflow/py_env/lib/python3.10/site-packages/airflow/example_dags/subdags/subdag.py for tasks to queue
[2023-09-27T09:38:13.084-0400] {logging_mixin.py:151} INFO - [2023-09-27T09:38:13.084-0400] {dagbag.py:539} INFO - Filling up the DagBag from /home/beau/airflow/py_env/lib/python3.10/site-packages/airflow/example_dags/subdags/subdag.py
[2023-09-27T09:38:13.088-0400] {processor.py:841} WARNING - No viable dags retrieved from /home/beau/airflow/py_env/lib/python3.10/site-packages/airflow/example_dags/subdags/subdag.py
[2023-09-27T09:38:13.097-0400] {processor.py:179} INFO - Processing /home/beau/airflow/py_env/lib/python3.10/site-packages/airflow/example_dags/subdags/subdag.py took 0.024 seconds
[2023-09-27T09:39:07.440-0400] {processor.py:157} INFO - Started process (PID=37293) to work on /home/beau/airflow/py_env/lib/python3.10/site-packages/airflow/example_dags/subdags/subdag.py
[2023-09-27T09:39:07.444-0400] {processor.py:829} INFO - Processing file /home/beau/airflow/py_env/lib/python3.10/site-packages/airflow/example_dags/subdags/subdag.py for tasks to queue
[2023-09-27T09:39:07.446-0400] {logging_mixin.py:151} INFO - [2023-09-27T09:39:07.445-0400] {dagbag.py:539} INFO - Filling up the DagBag from /home/beau/airflow/py_env/lib/python3.10/site-packages/airflow/example_dags/subdags/subdag.py
[2023-09-27T09:39:07.449-0400] {processor.py:841} WARNING - No viable dags retrieved from /home/beau/airflow/py_env/lib/python3.10/site-packages/airflow/example_dags/subdags/subdag.py
[2023-09-27T09:39:07.464-0400] {processor.py:179} INFO - Processing /home/beau/airflow/py_env/lib/python3.10/site-packages/airflow/example_dags/subdags/subdag.py took 0.029 seconds
[2023-09-27T09:40:02.028-0400] {processor.py:157} INFO - Started process (PID=37568) to work on /home/beau/airflow/py_env/lib/python3.10/site-packages/airflow/example_dags/subdags/subdag.py
[2023-09-27T09:40:02.033-0400] {processor.py:829} INFO - Processing file /home/beau/airflow/py_env/lib/python3.10/site-packages/airflow/example_dags/subdags/subdag.py for tasks to queue
[2023-09-27T09:40:02.034-0400] {logging_mixin.py:151} INFO - [2023-09-27T09:40:02.034-0400] {dagbag.py:539} INFO - Filling up the DagBag from /home/beau/airflow/py_env/lib/python3.10/site-packages/airflow/example_dags/subdags/subdag.py
[2023-09-27T09:40:02.037-0400] {processor.py:841} WARNING - No viable dags retrieved from /home/beau/airflow/py_env/lib/python3.10/site-packages/airflow/example_dags/subdags/subdag.py
[2023-09-27T09:40:02.046-0400] {processor.py:179} INFO - Processing /home/beau/airflow/py_env/lib/python3.10/site-packages/airflow/example_dags/subdags/subdag.py took 0.023 seconds
[2023-09-27T09:40:56.834-0400] {processor.py:157} INFO - Started process (PID=37842) to work on /home/beau/airflow/py_env/lib/python3.10/site-packages/airflow/example_dags/subdags/subdag.py
[2023-09-27T09:40:56.839-0400] {processor.py:829} INFO - Processing file /home/beau/airflow/py_env/lib/python3.10/site-packages/airflow/example_dags/subdags/subdag.py for tasks to queue
[2023-09-27T09:40:56.841-0400] {logging_mixin.py:151} INFO - [2023-09-27T09:40:56.840-0400] {dagbag.py:539} INFO - Filling up the DagBag from /home/beau/airflow/py_env/lib/python3.10/site-packages/airflow/example_dags/subdags/subdag.py
[2023-09-27T09:40:56.844-0400] {processor.py:841} WARNING - No viable dags retrieved from /home/beau/airflow/py_env/lib/python3.10/site-packages/airflow/example_dags/subdags/subdag.py
[2023-09-27T09:40:56.862-0400] {processor.py:179} INFO - Processing /home/beau/airflow/py_env/lib/python3.10/site-packages/airflow/example_dags/subdags/subdag.py took 0.034 seconds
[2023-09-27T09:41:49.310-0400] {processor.py:157} INFO - Started process (PID=38108) to work on /home/beau/airflow/py_env/lib/python3.10/site-packages/airflow/example_dags/subdags/subdag.py
[2023-09-27T09:41:49.311-0400] {processor.py:829} INFO - Processing file /home/beau/airflow/py_env/lib/python3.10/site-packages/airflow/example_dags/subdags/subdag.py for tasks to queue
[2023-09-27T09:41:49.312-0400] {logging_mixin.py:151} INFO - [2023-09-27T09:41:49.312-0400] {dagbag.py:539} INFO - Filling up the DagBag from /home/beau/airflow/py_env/lib/python3.10/site-packages/airflow/example_dags/subdags/subdag.py
[2023-09-27T09:41:49.314-0400] {processor.py:841} WARNING - No viable dags retrieved from /home/beau/airflow/py_env/lib/python3.10/site-packages/airflow/example_dags/subdags/subdag.py
[2023-09-27T09:41:49.323-0400] {processor.py:179} INFO - Processing /home/beau/airflow/py_env/lib/python3.10/site-packages/airflow/example_dags/subdags/subdag.py took 0.018 seconds
[2023-09-27T09:42:43.782-0400] {processor.py:157} INFO - Started process (PID=38382) to work on /home/beau/airflow/py_env/lib/python3.10/site-packages/airflow/example_dags/subdags/subdag.py
[2023-09-27T09:42:43.787-0400] {processor.py:829} INFO - Processing file /home/beau/airflow/py_env/lib/python3.10/site-packages/airflow/example_dags/subdags/subdag.py for tasks to queue
[2023-09-27T09:42:43.789-0400] {logging_mixin.py:151} INFO - [2023-09-27T09:42:43.789-0400] {dagbag.py:539} INFO - Filling up the DagBag from /home/beau/airflow/py_env/lib/python3.10/site-packages/airflow/example_dags/subdags/subdag.py
[2023-09-27T09:42:43.793-0400] {processor.py:841} WARNING - No viable dags retrieved from /home/beau/airflow/py_env/lib/python3.10/site-packages/airflow/example_dags/subdags/subdag.py
[2023-09-27T09:42:43.814-0400] {processor.py:179} INFO - Processing /home/beau/airflow/py_env/lib/python3.10/site-packages/airflow/example_dags/subdags/subdag.py took 0.037 seconds
[2023-09-27T09:43:41.913-0400] {processor.py:157} INFO - Started process (PID=38669) to work on /home/beau/airflow/py_env/lib/python3.10/site-packages/airflow/example_dags/subdags/subdag.py
[2023-09-27T09:43:41.918-0400] {processor.py:829} INFO - Processing file /home/beau/airflow/py_env/lib/python3.10/site-packages/airflow/example_dags/subdags/subdag.py for tasks to queue
[2023-09-27T09:43:41.919-0400] {logging_mixin.py:151} INFO - [2023-09-27T09:43:41.918-0400] {dagbag.py:539} INFO - Filling up the DagBag from /home/beau/airflow/py_env/lib/python3.10/site-packages/airflow/example_dags/subdags/subdag.py
[2023-09-27T09:43:41.922-0400] {processor.py:841} WARNING - No viable dags retrieved from /home/beau/airflow/py_env/lib/python3.10/site-packages/airflow/example_dags/subdags/subdag.py
[2023-09-27T09:43:41.937-0400] {processor.py:179} INFO - Processing /home/beau/airflow/py_env/lib/python3.10/site-packages/airflow/example_dags/subdags/subdag.py took 0.028 seconds
[2023-09-27T09:44:36.884-0400] {processor.py:157} INFO - Started process (PID=38972) to work on /home/beau/airflow/py_env/lib/python3.10/site-packages/airflow/example_dags/subdags/subdag.py
[2023-09-27T09:44:36.888-0400] {processor.py:829} INFO - Processing file /home/beau/airflow/py_env/lib/python3.10/site-packages/airflow/example_dags/subdags/subdag.py for tasks to queue
[2023-09-27T09:44:36.890-0400] {logging_mixin.py:151} INFO - [2023-09-27T09:44:36.889-0400] {dagbag.py:539} INFO - Filling up the DagBag from /home/beau/airflow/py_env/lib/python3.10/site-packages/airflow/example_dags/subdags/subdag.py
[2023-09-27T09:44:36.893-0400] {processor.py:841} WARNING - No viable dags retrieved from /home/beau/airflow/py_env/lib/python3.10/site-packages/airflow/example_dags/subdags/subdag.py
[2023-09-27T09:44:36.910-0400] {processor.py:179} INFO - Processing /home/beau/airflow/py_env/lib/python3.10/site-packages/airflow/example_dags/subdags/subdag.py took 0.036 seconds
[2023-09-27T09:45:32.821-0400] {processor.py:157} INFO - Started process (PID=39223) to work on /home/beau/airflow/py_env/lib/python3.10/site-packages/airflow/example_dags/subdags/subdag.py
[2023-09-27T09:45:32.824-0400] {processor.py:829} INFO - Processing file /home/beau/airflow/py_env/lib/python3.10/site-packages/airflow/example_dags/subdags/subdag.py for tasks to queue
[2023-09-27T09:45:32.826-0400] {logging_mixin.py:151} INFO - [2023-09-27T09:45:32.825-0400] {dagbag.py:539} INFO - Filling up the DagBag from /home/beau/airflow/py_env/lib/python3.10/site-packages/airflow/example_dags/subdags/subdag.py
[2023-09-27T09:45:32.828-0400] {processor.py:841} WARNING - No viable dags retrieved from /home/beau/airflow/py_env/lib/python3.10/site-packages/airflow/example_dags/subdags/subdag.py
[2023-09-27T09:45:32.840-0400] {processor.py:179} INFO - Processing /home/beau/airflow/py_env/lib/python3.10/site-packages/airflow/example_dags/subdags/subdag.py took 0.023 seconds
[2023-09-27T09:46:28.477-0400] {processor.py:157} INFO - Started process (PID=39500) to work on /home/beau/airflow/py_env/lib/python3.10/site-packages/airflow/example_dags/subdags/subdag.py
[2023-09-27T09:46:28.482-0400] {processor.py:829} INFO - Processing file /home/beau/airflow/py_env/lib/python3.10/site-packages/airflow/example_dags/subdags/subdag.py for tasks to queue
[2023-09-27T09:46:28.484-0400] {logging_mixin.py:151} INFO - [2023-09-27T09:46:28.483-0400] {dagbag.py:539} INFO - Filling up the DagBag from /home/beau/airflow/py_env/lib/python3.10/site-packages/airflow/example_dags/subdags/subdag.py
[2023-09-27T09:46:28.488-0400] {processor.py:841} WARNING - No viable dags retrieved from /home/beau/airflow/py_env/lib/python3.10/site-packages/airflow/example_dags/subdags/subdag.py
[2023-09-27T09:46:28.505-0400] {processor.py:179} INFO - Processing /home/beau/airflow/py_env/lib/python3.10/site-packages/airflow/example_dags/subdags/subdag.py took 0.037 seconds
[2023-09-27T09:47:23.652-0400] {processor.py:157} INFO - Started process (PID=39777) to work on /home/beau/airflow/py_env/lib/python3.10/site-packages/airflow/example_dags/subdags/subdag.py
[2023-09-27T09:47:23.656-0400] {processor.py:829} INFO - Processing file /home/beau/airflow/py_env/lib/python3.10/site-packages/airflow/example_dags/subdags/subdag.py for tasks to queue
[2023-09-27T09:47:23.657-0400] {logging_mixin.py:151} INFO - [2023-09-27T09:47:23.657-0400] {dagbag.py:539} INFO - Filling up the DagBag from /home/beau/airflow/py_env/lib/python3.10/site-packages/airflow/example_dags/subdags/subdag.py
[2023-09-27T09:47:23.660-0400] {processor.py:841} WARNING - No viable dags retrieved from /home/beau/airflow/py_env/lib/python3.10/site-packages/airflow/example_dags/subdags/subdag.py
[2023-09-27T09:47:23.672-0400] {processor.py:179} INFO - Processing /home/beau/airflow/py_env/lib/python3.10/site-packages/airflow/example_dags/subdags/subdag.py took 0.024 seconds
[2023-09-27T09:48:19.546-0400] {processor.py:157} INFO - Started process (PID=40057) to work on /home/beau/airflow/py_env/lib/python3.10/site-packages/airflow/example_dags/subdags/subdag.py
[2023-09-27T09:48:19.550-0400] {processor.py:829} INFO - Processing file /home/beau/airflow/py_env/lib/python3.10/site-packages/airflow/example_dags/subdags/subdag.py for tasks to queue
[2023-09-27T09:48:19.551-0400] {logging_mixin.py:151} INFO - [2023-09-27T09:48:19.551-0400] {dagbag.py:539} INFO - Filling up the DagBag from /home/beau/airflow/py_env/lib/python3.10/site-packages/airflow/example_dags/subdags/subdag.py
[2023-09-27T09:48:19.554-0400] {processor.py:841} WARNING - No viable dags retrieved from /home/beau/airflow/py_env/lib/python3.10/site-packages/airflow/example_dags/subdags/subdag.py
[2023-09-27T09:48:19.566-0400] {processor.py:179} INFO - Processing /home/beau/airflow/py_env/lib/python3.10/site-packages/airflow/example_dags/subdags/subdag.py took 0.024 seconds
[2023-09-27T09:49:12.052-0400] {processor.py:157} INFO - Started process (PID=40387) to work on /home/beau/airflow/py_env/lib/python3.10/site-packages/airflow/example_dags/subdags/subdag.py
[2023-09-27T09:49:12.056-0400] {processor.py:829} INFO - Processing file /home/beau/airflow/py_env/lib/python3.10/site-packages/airflow/example_dags/subdags/subdag.py for tasks to queue
[2023-09-27T09:49:12.057-0400] {logging_mixin.py:151} INFO - [2023-09-27T09:49:12.057-0400] {dagbag.py:539} INFO - Filling up the DagBag from /home/beau/airflow/py_env/lib/python3.10/site-packages/airflow/example_dags/subdags/subdag.py
[2023-09-27T09:49:12.059-0400] {processor.py:841} WARNING - No viable dags retrieved from /home/beau/airflow/py_env/lib/python3.10/site-packages/airflow/example_dags/subdags/subdag.py
[2023-09-27T09:49:12.068-0400] {processor.py:179} INFO - Processing /home/beau/airflow/py_env/lib/python3.10/site-packages/airflow/example_dags/subdags/subdag.py took 0.018 seconds
[2023-09-27T09:50:03.349-0400] {processor.py:157} INFO - Started process (PID=40645) to work on /home/beau/airflow/py_env/lib/python3.10/site-packages/airflow/example_dags/subdags/subdag.py
[2023-09-27T09:50:03.354-0400] {processor.py:829} INFO - Processing file /home/beau/airflow/py_env/lib/python3.10/site-packages/airflow/example_dags/subdags/subdag.py for tasks to queue
[2023-09-27T09:50:03.356-0400] {logging_mixin.py:151} INFO - [2023-09-27T09:50:03.355-0400] {dagbag.py:539} INFO - Filling up the DagBag from /home/beau/airflow/py_env/lib/python3.10/site-packages/airflow/example_dags/subdags/subdag.py
[2023-09-27T09:50:03.360-0400] {processor.py:841} WARNING - No viable dags retrieved from /home/beau/airflow/py_env/lib/python3.10/site-packages/airflow/example_dags/subdags/subdag.py
[2023-09-27T09:50:03.381-0400] {processor.py:179} INFO - Processing /home/beau/airflow/py_env/lib/python3.10/site-packages/airflow/example_dags/subdags/subdag.py took 0.038 seconds
[2023-09-27T09:50:59.690-0400] {processor.py:157} INFO - Started process (PID=40926) to work on /home/beau/airflow/py_env/lib/python3.10/site-packages/airflow/example_dags/subdags/subdag.py
[2023-09-27T09:50:59.694-0400] {processor.py:829} INFO - Processing file /home/beau/airflow/py_env/lib/python3.10/site-packages/airflow/example_dags/subdags/subdag.py for tasks to queue
[2023-09-27T09:50:59.695-0400] {logging_mixin.py:151} INFO - [2023-09-27T09:50:59.694-0400] {dagbag.py:539} INFO - Filling up the DagBag from /home/beau/airflow/py_env/lib/python3.10/site-packages/airflow/example_dags/subdags/subdag.py
[2023-09-27T09:50:59.697-0400] {processor.py:841} WARNING - No viable dags retrieved from /home/beau/airflow/py_env/lib/python3.10/site-packages/airflow/example_dags/subdags/subdag.py
[2023-09-27T09:50:59.710-0400] {processor.py:179} INFO - Processing /home/beau/airflow/py_env/lib/python3.10/site-packages/airflow/example_dags/subdags/subdag.py took 0.024 seconds
[2023-09-27T09:51:53.908-0400] {processor.py:157} INFO - Started process (PID=41194) to work on /home/beau/airflow/py_env/lib/python3.10/site-packages/airflow/example_dags/subdags/subdag.py
[2023-09-27T09:51:53.911-0400] {processor.py:829} INFO - Processing file /home/beau/airflow/py_env/lib/python3.10/site-packages/airflow/example_dags/subdags/subdag.py for tasks to queue
[2023-09-27T09:51:53.913-0400] {logging_mixin.py:151} INFO - [2023-09-27T09:51:53.912-0400] {dagbag.py:539} INFO - Filling up the DagBag from /home/beau/airflow/py_env/lib/python3.10/site-packages/airflow/example_dags/subdags/subdag.py
[2023-09-27T09:51:53.916-0400] {processor.py:841} WARNING - No viable dags retrieved from /home/beau/airflow/py_env/lib/python3.10/site-packages/airflow/example_dags/subdags/subdag.py
[2023-09-27T09:51:53.930-0400] {processor.py:179} INFO - Processing /home/beau/airflow/py_env/lib/python3.10/site-packages/airflow/example_dags/subdags/subdag.py took 0.029 seconds
