[2023-09-27T22:33:05.528-0400] {processor.py:157} INFO - Started process (PID=8201) to work on /home/beau/airflow/py_env/lib/python3.10/site-packages/airflow/example_dags/example_sensor_decorator.py
[2023-09-27T22:33:05.529-0400] {processor.py:829} INFO - Processing file /home/beau/airflow/py_env/lib/python3.10/site-packages/airflow/example_dags/example_sensor_decorator.py for tasks to queue
[2023-09-27T22:33:05.531-0400] {logging_mixin.py:151} INFO - [2023-09-27T22:33:05.530-0400] {dagbag.py:539} INFO - Filling up the DagBag from /home/beau/airflow/py_env/lib/python3.10/site-packages/airflow/example_dags/example_sensor_decorator.py
[2023-09-27T22:33:05.540-0400] {processor.py:839} INFO - DAG(s) dict_keys(['example_sensor_decorator']) retrieved from /home/beau/airflow/py_env/lib/python3.10/site-packages/airflow/example_dags/example_sensor_decorator.py
[2023-09-27T22:33:05.552-0400] {logging_mixin.py:151} INFO - [2023-09-27T22:33:05.552-0400] {dag.py:2915} INFO - Sync 1 DAGs
[2023-09-27T22:33:05.569-0400] {logging_mixin.py:151} INFO - [2023-09-27T22:33:05.569-0400] {dag.py:3696} INFO - Setting next_dagrun for example_sensor_decorator to None, run_after=None
[2023-09-27T22:33:05.612-0400] {processor.py:179} INFO - Processing /home/beau/airflow/py_env/lib/python3.10/site-packages/airflow/example_dags/example_sensor_decorator.py took 0.092 seconds
[2023-09-27T22:33:53.322-0400] {processor.py:157} INFO - Started process (PID=8907) to work on /home/beau/airflow/py_env/lib/python3.10/site-packages/airflow/example_dags/example_sensor_decorator.py
[2023-09-27T22:33:53.326-0400] {processor.py:829} INFO - Processing file /home/beau/airflow/py_env/lib/python3.10/site-packages/airflow/example_dags/example_sensor_decorator.py for tasks to queue
[2023-09-27T22:33:53.328-0400] {logging_mixin.py:151} INFO - [2023-09-27T22:33:53.327-0400] {dagbag.py:539} INFO - Filling up the DagBag from /home/beau/airflow/py_env/lib/python3.10/site-packages/airflow/example_dags/example_sensor_decorator.py
[2023-09-27T22:33:53.337-0400] {processor.py:839} INFO - DAG(s) dict_keys(['example_sensor_decorator']) retrieved from /home/beau/airflow/py_env/lib/python3.10/site-packages/airflow/example_dags/example_sensor_decorator.py
[2023-09-27T22:33:53.360-0400] {logging_mixin.py:151} INFO - [2023-09-27T22:33:53.359-0400] {dag.py:2915} INFO - Sync 1 DAGs
[2023-09-27T22:33:53.375-0400] {logging_mixin.py:151} INFO - [2023-09-27T22:33:53.375-0400] {dag.py:3696} INFO - Setting next_dagrun for example_sensor_decorator to None, run_after=None
[2023-09-27T22:33:53.404-0400] {processor.py:179} INFO - Processing /home/beau/airflow/py_env/lib/python3.10/site-packages/airflow/example_dags/example_sensor_decorator.py took 0.086 seconds
[2023-09-27T22:34:42.616-0400] {processor.py:157} INFO - Started process (PID=9081) to work on /home/beau/airflow/py_env/lib/python3.10/site-packages/airflow/example_dags/example_sensor_decorator.py
[2023-09-27T22:34:42.618-0400] {processor.py:829} INFO - Processing file /home/beau/airflow/py_env/lib/python3.10/site-packages/airflow/example_dags/example_sensor_decorator.py for tasks to queue
[2023-09-27T22:34:42.619-0400] {logging_mixin.py:151} INFO - [2023-09-27T22:34:42.619-0400] {dagbag.py:539} INFO - Filling up the DagBag from /home/beau/airflow/py_env/lib/python3.10/site-packages/airflow/example_dags/example_sensor_decorator.py
[2023-09-27T22:34:42.629-0400] {processor.py:839} INFO - DAG(s) dict_keys(['example_sensor_decorator']) retrieved from /home/beau/airflow/py_env/lib/python3.10/site-packages/airflow/example_dags/example_sensor_decorator.py
[2023-09-27T22:34:42.651-0400] {logging_mixin.py:151} INFO - [2023-09-27T22:34:42.651-0400] {dag.py:2915} INFO - Sync 1 DAGs
[2023-09-27T22:34:42.670-0400] {logging_mixin.py:151} INFO - [2023-09-27T22:34:42.669-0400] {dag.py:3696} INFO - Setting next_dagrun for example_sensor_decorator to None, run_after=None
[2023-09-27T22:34:42.711-0400] {processor.py:179} INFO - Processing /home/beau/airflow/py_env/lib/python3.10/site-packages/airflow/example_dags/example_sensor_decorator.py took 0.100 seconds
[2023-09-27T22:35:29.103-0400] {processor.py:157} INFO - Started process (PID=9624) to work on /home/beau/airflow/py_env/lib/python3.10/site-packages/airflow/example_dags/example_sensor_decorator.py
[2023-09-27T22:35:29.107-0400] {processor.py:829} INFO - Processing file /home/beau/airflow/py_env/lib/python3.10/site-packages/airflow/example_dags/example_sensor_decorator.py for tasks to queue
[2023-09-27T22:35:29.109-0400] {logging_mixin.py:151} INFO - [2023-09-27T22:35:29.108-0400] {dagbag.py:539} INFO - Filling up the DagBag from /home/beau/airflow/py_env/lib/python3.10/site-packages/airflow/example_dags/example_sensor_decorator.py
[2023-09-27T22:35:29.117-0400] {processor.py:839} INFO - DAG(s) dict_keys(['example_sensor_decorator']) retrieved from /home/beau/airflow/py_env/lib/python3.10/site-packages/airflow/example_dags/example_sensor_decorator.py
[2023-09-27T22:35:29.135-0400] {logging_mixin.py:151} INFO - [2023-09-27T22:35:29.135-0400] {dag.py:2915} INFO - Sync 1 DAGs
[2023-09-27T22:35:29.149-0400] {logging_mixin.py:151} INFO - [2023-09-27T22:35:29.149-0400] {dag.py:3696} INFO - Setting next_dagrun for example_sensor_decorator to None, run_after=None
[2023-09-27T22:35:29.177-0400] {processor.py:179} INFO - Processing /home/beau/airflow/py_env/lib/python3.10/site-packages/airflow/example_dags/example_sensor_decorator.py took 0.077 seconds
[2023-09-27T22:36:22.318-0400] {processor.py:157} INFO - Started process (PID=10340) to work on /home/beau/airflow/py_env/lib/python3.10/site-packages/airflow/example_dags/example_sensor_decorator.py
[2023-09-27T22:36:22.322-0400] {processor.py:829} INFO - Processing file /home/beau/airflow/py_env/lib/python3.10/site-packages/airflow/example_dags/example_sensor_decorator.py for tasks to queue
[2023-09-27T22:36:22.323-0400] {logging_mixin.py:151} INFO - [2023-09-27T22:36:22.322-0400] {dagbag.py:539} INFO - Filling up the DagBag from /home/beau/airflow/py_env/lib/python3.10/site-packages/airflow/example_dags/example_sensor_decorator.py
[2023-09-27T22:36:22.452-0400] {processor.py:839} INFO - DAG(s) dict_keys(['example_sensor_decorator']) retrieved from /home/beau/airflow/py_env/lib/python3.10/site-packages/airflow/example_dags/example_sensor_decorator.py
[2023-09-27T22:36:22.462-0400] {logging_mixin.py:151} INFO - [2023-09-27T22:36:22.462-0400] {dag.py:2915} INFO - Sync 1 DAGs
[2023-09-27T22:36:22.470-0400] {logging_mixin.py:151} INFO - [2023-09-27T22:36:22.470-0400] {dag.py:3696} INFO - Setting next_dagrun for example_sensor_decorator to None, run_after=None
[2023-09-27T22:36:22.498-0400] {processor.py:179} INFO - Processing /home/beau/airflow/py_env/lib/python3.10/site-packages/airflow/example_dags/example_sensor_decorator.py took 0.182 seconds
[2023-09-27T22:37:08.767-0400] {processor.py:157} INFO - Started process (PID=10673) to work on /home/beau/airflow/py_env/lib/python3.10/site-packages/airflow/example_dags/example_sensor_decorator.py
[2023-09-27T22:37:08.770-0400] {processor.py:829} INFO - Processing file /home/beau/airflow/py_env/lib/python3.10/site-packages/airflow/example_dags/example_sensor_decorator.py for tasks to queue
[2023-09-27T22:37:08.772-0400] {logging_mixin.py:151} INFO - [2023-09-27T22:37:08.771-0400] {dagbag.py:539} INFO - Filling up the DagBag from /home/beau/airflow/py_env/lib/python3.10/site-packages/airflow/example_dags/example_sensor_decorator.py
[2023-09-27T22:37:08.788-0400] {processor.py:839} INFO - DAG(s) dict_keys(['example_sensor_decorator']) retrieved from /home/beau/airflow/py_env/lib/python3.10/site-packages/airflow/example_dags/example_sensor_decorator.py
[2023-09-27T22:37:08.811-0400] {logging_mixin.py:151} INFO - [2023-09-27T22:37:08.811-0400] {dag.py:2915} INFO - Sync 1 DAGs
[2023-09-27T22:37:08.825-0400] {logging_mixin.py:151} INFO - [2023-09-27T22:37:08.824-0400] {dag.py:3696} INFO - Setting next_dagrun for example_sensor_decorator to None, run_after=None
[2023-09-27T22:37:08.859-0400] {processor.py:179} INFO - Processing /home/beau/airflow/py_env/lib/python3.10/site-packages/airflow/example_dags/example_sensor_decorator.py took 0.096 seconds
[2023-09-27T22:37:47.269-0400] {processor.py:157} INFO - Started process (PID=10988) to work on /home/beau/airflow/py_env/lib/python3.10/site-packages/airflow/example_dags/example_sensor_decorator.py
[2023-09-27T22:37:47.272-0400] {processor.py:829} INFO - Processing file /home/beau/airflow/py_env/lib/python3.10/site-packages/airflow/example_dags/example_sensor_decorator.py for tasks to queue
[2023-09-27T22:37:47.273-0400] {logging_mixin.py:151} INFO - [2023-09-27T22:37:47.273-0400] {dagbag.py:539} INFO - Filling up the DagBag from /home/beau/airflow/py_env/lib/python3.10/site-packages/airflow/example_dags/example_sensor_decorator.py
[2023-09-27T22:37:47.283-0400] {processor.py:839} INFO - DAG(s) dict_keys(['example_sensor_decorator']) retrieved from /home/beau/airflow/py_env/lib/python3.10/site-packages/airflow/example_dags/example_sensor_decorator.py
[2023-09-27T22:37:47.309-0400] {logging_mixin.py:151} INFO - [2023-09-27T22:37:47.309-0400] {dag.py:2915} INFO - Sync 1 DAGs
[2023-09-27T22:37:47.327-0400] {logging_mixin.py:151} INFO - [2023-09-27T22:37:47.326-0400] {dag.py:3696} INFO - Setting next_dagrun for example_sensor_decorator to None, run_after=None
[2023-09-27T22:37:47.357-0400] {processor.py:179} INFO - Processing /home/beau/airflow/py_env/lib/python3.10/site-packages/airflow/example_dags/example_sensor_decorator.py took 0.091 seconds
[2023-09-27T22:38:26.206-0400] {processor.py:157} INFO - Started process (PID=11365) to work on /home/beau/airflow/py_env/lib/python3.10/site-packages/airflow/example_dags/example_sensor_decorator.py
[2023-09-27T22:38:26.210-0400] {processor.py:829} INFO - Processing file /home/beau/airflow/py_env/lib/python3.10/site-packages/airflow/example_dags/example_sensor_decorator.py for tasks to queue
[2023-09-27T22:38:26.211-0400] {logging_mixin.py:151} INFO - [2023-09-27T22:38:26.211-0400] {dagbag.py:539} INFO - Filling up the DagBag from /home/beau/airflow/py_env/lib/python3.10/site-packages/airflow/example_dags/example_sensor_decorator.py
[2023-09-27T22:38:26.221-0400] {processor.py:839} INFO - DAG(s) dict_keys(['example_sensor_decorator']) retrieved from /home/beau/airflow/py_env/lib/python3.10/site-packages/airflow/example_dags/example_sensor_decorator.py
[2023-09-27T22:38:26.239-0400] {logging_mixin.py:151} INFO - [2023-09-27T22:38:26.239-0400] {dag.py:2915} INFO - Sync 1 DAGs
[2023-09-27T22:38:26.252-0400] {logging_mixin.py:151} INFO - [2023-09-27T22:38:26.252-0400] {dag.py:3696} INFO - Setting next_dagrun for example_sensor_decorator to None, run_after=None
[2023-09-27T22:38:26.280-0400] {processor.py:179} INFO - Processing /home/beau/airflow/py_env/lib/python3.10/site-packages/airflow/example_dags/example_sensor_decorator.py took 0.078 seconds
[2023-09-27T22:39:03.793-0400] {processor.py:157} INFO - Started process (PID=11722) to work on /home/beau/airflow/py_env/lib/python3.10/site-packages/airflow/example_dags/example_sensor_decorator.py
[2023-09-27T22:39:03.797-0400] {processor.py:829} INFO - Processing file /home/beau/airflow/py_env/lib/python3.10/site-packages/airflow/example_dags/example_sensor_decorator.py for tasks to queue
[2023-09-27T22:39:03.799-0400] {logging_mixin.py:151} INFO - [2023-09-27T22:39:03.798-0400] {dagbag.py:539} INFO - Filling up the DagBag from /home/beau/airflow/py_env/lib/python3.10/site-packages/airflow/example_dags/example_sensor_decorator.py
[2023-09-27T22:39:03.808-0400] {processor.py:839} INFO - DAG(s) dict_keys(['example_sensor_decorator']) retrieved from /home/beau/airflow/py_env/lib/python3.10/site-packages/airflow/example_dags/example_sensor_decorator.py
[2023-09-27T22:39:03.827-0400] {logging_mixin.py:151} INFO - [2023-09-27T22:39:03.826-0400] {dag.py:2915} INFO - Sync 1 DAGs
[2023-09-27T22:39:03.837-0400] {logging_mixin.py:151} INFO - [2023-09-27T22:39:03.837-0400] {dag.py:3696} INFO - Setting next_dagrun for example_sensor_decorator to None, run_after=None
[2023-09-27T22:39:03.860-0400] {processor.py:179} INFO - Processing /home/beau/airflow/py_env/lib/python3.10/site-packages/airflow/example_dags/example_sensor_decorator.py took 0.071 seconds
[2023-09-27T22:39:58.422-0400] {processor.py:157} INFO - Started process (PID=12041) to work on /home/beau/airflow/py_env/lib/python3.10/site-packages/airflow/example_dags/example_sensor_decorator.py
[2023-09-27T22:39:58.423-0400] {processor.py:829} INFO - Processing file /home/beau/airflow/py_env/lib/python3.10/site-packages/airflow/example_dags/example_sensor_decorator.py for tasks to queue
[2023-09-27T22:39:58.424-0400] {logging_mixin.py:151} INFO - [2023-09-27T22:39:58.424-0400] {dagbag.py:539} INFO - Filling up the DagBag from /home/beau/airflow/py_env/lib/python3.10/site-packages/airflow/example_dags/example_sensor_decorator.py
[2023-09-27T22:39:58.430-0400] {processor.py:839} INFO - DAG(s) dict_keys(['example_sensor_decorator']) retrieved from /home/beau/airflow/py_env/lib/python3.10/site-packages/airflow/example_dags/example_sensor_decorator.py
[2023-09-27T22:39:58.451-0400] {logging_mixin.py:151} INFO - [2023-09-27T22:39:58.451-0400] {dag.py:2915} INFO - Sync 1 DAGs
[2023-09-27T22:39:58.462-0400] {logging_mixin.py:151} INFO - [2023-09-27T22:39:58.462-0400] {dag.py:3696} INFO - Setting next_dagrun for example_sensor_decorator to None, run_after=None
[2023-09-27T22:39:58.497-0400] {processor.py:179} INFO - Processing /home/beau/airflow/py_env/lib/python3.10/site-packages/airflow/example_dags/example_sensor_decorator.py took 0.078 seconds
[2023-09-27T22:40:42.471-0400] {processor.py:157} INFO - Started process (PID=12190) to work on /home/beau/airflow/py_env/lib/python3.10/site-packages/airflow/example_dags/example_sensor_decorator.py
[2023-09-27T22:40:42.475-0400] {processor.py:829} INFO - Processing file /home/beau/airflow/py_env/lib/python3.10/site-packages/airflow/example_dags/example_sensor_decorator.py for tasks to queue
[2023-09-27T22:40:42.477-0400] {logging_mixin.py:151} INFO - [2023-09-27T22:40:42.476-0400] {dagbag.py:539} INFO - Filling up the DagBag from /home/beau/airflow/py_env/lib/python3.10/site-packages/airflow/example_dags/example_sensor_decorator.py
[2023-09-27T22:40:42.489-0400] {processor.py:839} INFO - DAG(s) dict_keys(['example_sensor_decorator']) retrieved from /home/beau/airflow/py_env/lib/python3.10/site-packages/airflow/example_dags/example_sensor_decorator.py
[2023-09-27T22:40:42.507-0400] {logging_mixin.py:151} INFO - [2023-09-27T22:40:42.507-0400] {dag.py:2915} INFO - Sync 1 DAGs
[2023-09-27T22:40:42.520-0400] {logging_mixin.py:151} INFO - [2023-09-27T22:40:42.519-0400] {dag.py:3696} INFO - Setting next_dagrun for example_sensor_decorator to None, run_after=None
[2023-09-27T22:40:42.546-0400] {processor.py:179} INFO - Processing /home/beau/airflow/py_env/lib/python3.10/site-packages/airflow/example_dags/example_sensor_decorator.py took 0.083 seconds
[2023-09-27T22:41:20.463-0400] {processor.py:157} INFO - Started process (PID=12430) to work on /home/beau/airflow/py_env/lib/python3.10/site-packages/airflow/example_dags/example_sensor_decorator.py
[2023-09-27T22:41:20.468-0400] {processor.py:829} INFO - Processing file /home/beau/airflow/py_env/lib/python3.10/site-packages/airflow/example_dags/example_sensor_decorator.py for tasks to queue
[2023-09-27T22:41:20.471-0400] {logging_mixin.py:151} INFO - [2023-09-27T22:41:20.470-0400] {dagbag.py:539} INFO - Filling up the DagBag from /home/beau/airflow/py_env/lib/python3.10/site-packages/airflow/example_dags/example_sensor_decorator.py
[2023-09-27T22:41:20.488-0400] {processor.py:839} INFO - DAG(s) dict_keys(['example_sensor_decorator']) retrieved from /home/beau/airflow/py_env/lib/python3.10/site-packages/airflow/example_dags/example_sensor_decorator.py
[2023-09-27T22:41:20.531-0400] {logging_mixin.py:151} INFO - [2023-09-27T22:41:20.530-0400] {dag.py:2915} INFO - Sync 1 DAGs
[2023-09-27T22:41:20.545-0400] {logging_mixin.py:151} INFO - [2023-09-27T22:41:20.545-0400] {dag.py:3696} INFO - Setting next_dagrun for example_sensor_decorator to None, run_after=None
[2023-09-27T22:41:20.574-0400] {processor.py:179} INFO - Processing /home/beau/airflow/py_env/lib/python3.10/site-packages/airflow/example_dags/example_sensor_decorator.py took 0.119 seconds
[2023-09-27T22:42:00.214-0400] {processor.py:157} INFO - Started process (PID=12694) to work on /home/beau/airflow/py_env/lib/python3.10/site-packages/airflow/example_dags/example_sensor_decorator.py
[2023-09-27T22:42:00.219-0400] {processor.py:829} INFO - Processing file /home/beau/airflow/py_env/lib/python3.10/site-packages/airflow/example_dags/example_sensor_decorator.py for tasks to queue
[2023-09-27T22:42:00.220-0400] {logging_mixin.py:151} INFO - [2023-09-27T22:42:00.220-0400] {dagbag.py:539} INFO - Filling up the DagBag from /home/beau/airflow/py_env/lib/python3.10/site-packages/airflow/example_dags/example_sensor_decorator.py
[2023-09-27T22:42:00.231-0400] {processor.py:839} INFO - DAG(s) dict_keys(['example_sensor_decorator']) retrieved from /home/beau/airflow/py_env/lib/python3.10/site-packages/airflow/example_dags/example_sensor_decorator.py
[2023-09-27T22:42:00.252-0400] {logging_mixin.py:151} INFO - [2023-09-27T22:42:00.252-0400] {dag.py:2915} INFO - Sync 1 DAGs
[2023-09-27T22:42:00.266-0400] {logging_mixin.py:151} INFO - [2023-09-27T22:42:00.266-0400] {dag.py:3696} INFO - Setting next_dagrun for example_sensor_decorator to None, run_after=None
[2023-09-27T22:42:00.299-0400] {processor.py:179} INFO - Processing /home/beau/airflow/py_env/lib/python3.10/site-packages/airflow/example_dags/example_sensor_decorator.py took 0.089 seconds
[2023-09-27T22:42:39.766-0400] {processor.py:157} INFO - Started process (PID=12996) to work on /home/beau/airflow/py_env/lib/python3.10/site-packages/airflow/example_dags/example_sensor_decorator.py
[2023-09-27T22:42:39.770-0400] {processor.py:829} INFO - Processing file /home/beau/airflow/py_env/lib/python3.10/site-packages/airflow/example_dags/example_sensor_decorator.py for tasks to queue
[2023-09-27T22:42:39.772-0400] {logging_mixin.py:151} INFO - [2023-09-27T22:42:39.771-0400] {dagbag.py:539} INFO - Filling up the DagBag from /home/beau/airflow/py_env/lib/python3.10/site-packages/airflow/example_dags/example_sensor_decorator.py
[2023-09-27T22:42:39.782-0400] {processor.py:839} INFO - DAG(s) dict_keys(['example_sensor_decorator']) retrieved from /home/beau/airflow/py_env/lib/python3.10/site-packages/airflow/example_dags/example_sensor_decorator.py
[2023-09-27T22:42:39.799-0400] {logging_mixin.py:151} INFO - [2023-09-27T22:42:39.798-0400] {dag.py:2915} INFO - Sync 1 DAGs
[2023-09-27T22:42:39.808-0400] {logging_mixin.py:151} INFO - [2023-09-27T22:42:39.808-0400] {dag.py:3696} INFO - Setting next_dagrun for example_sensor_decorator to None, run_after=None
[2023-09-27T22:42:39.834-0400] {processor.py:179} INFO - Processing /home/beau/airflow/py_env/lib/python3.10/site-packages/airflow/example_dags/example_sensor_decorator.py took 0.073 seconds
[2023-09-27T22:43:34.313-0400] {processor.py:157} INFO - Started process (PID=13420) to work on /home/beau/airflow/py_env/lib/python3.10/site-packages/airflow/example_dags/example_sensor_decorator.py
[2023-09-27T22:43:34.315-0400] {processor.py:829} INFO - Processing file /home/beau/airflow/py_env/lib/python3.10/site-packages/airflow/example_dags/example_sensor_decorator.py for tasks to queue
[2023-09-27T22:43:34.317-0400] {logging_mixin.py:151} INFO - [2023-09-27T22:43:34.316-0400] {dagbag.py:539} INFO - Filling up the DagBag from /home/beau/airflow/py_env/lib/python3.10/site-packages/airflow/example_dags/example_sensor_decorator.py
[2023-09-27T22:43:34.327-0400] {processor.py:839} INFO - DAG(s) dict_keys(['example_sensor_decorator']) retrieved from /home/beau/airflow/py_env/lib/python3.10/site-packages/airflow/example_dags/example_sensor_decorator.py
[2023-09-27T22:43:34.344-0400] {logging_mixin.py:151} INFO - [2023-09-27T22:43:34.344-0400] {dag.py:2915} INFO - Sync 1 DAGs
[2023-09-27T22:43:34.354-0400] {logging_mixin.py:151} INFO - [2023-09-27T22:43:34.354-0400] {dag.py:3696} INFO - Setting next_dagrun for example_sensor_decorator to None, run_after=None
[2023-09-27T22:43:34.382-0400] {processor.py:179} INFO - Processing /home/beau/airflow/py_env/lib/python3.10/site-packages/airflow/example_dags/example_sensor_decorator.py took 0.074 seconds
[2023-09-27T22:44:15.043-0400] {processor.py:157} INFO - Started process (PID=13760) to work on /home/beau/airflow/py_env/lib/python3.10/site-packages/airflow/example_dags/example_sensor_decorator.py
[2023-09-27T22:44:15.047-0400] {processor.py:829} INFO - Processing file /home/beau/airflow/py_env/lib/python3.10/site-packages/airflow/example_dags/example_sensor_decorator.py for tasks to queue
[2023-09-27T22:44:15.048-0400] {logging_mixin.py:151} INFO - [2023-09-27T22:44:15.047-0400] {dagbag.py:539} INFO - Filling up the DagBag from /home/beau/airflow/py_env/lib/python3.10/site-packages/airflow/example_dags/example_sensor_decorator.py
[2023-09-27T22:44:15.055-0400] {processor.py:839} INFO - DAG(s) dict_keys(['example_sensor_decorator']) retrieved from /home/beau/airflow/py_env/lib/python3.10/site-packages/airflow/example_dags/example_sensor_decorator.py
[2023-09-27T22:44:15.072-0400] {logging_mixin.py:151} INFO - [2023-09-27T22:44:15.072-0400] {dag.py:2915} INFO - Sync 1 DAGs
[2023-09-27T22:44:15.084-0400] {logging_mixin.py:151} INFO - [2023-09-27T22:44:15.084-0400] {dag.py:3696} INFO - Setting next_dagrun for example_sensor_decorator to None, run_after=None
[2023-09-27T22:44:15.122-0400] {processor.py:179} INFO - Processing /home/beau/airflow/py_env/lib/python3.10/site-packages/airflow/example_dags/example_sensor_decorator.py took 0.082 seconds
[2023-09-27T22:44:54.218-0400] {processor.py:157} INFO - Started process (PID=14148) to work on /home/beau/airflow/py_env/lib/python3.10/site-packages/airflow/example_dags/example_sensor_decorator.py
[2023-09-27T22:44:54.222-0400] {processor.py:829} INFO - Processing file /home/beau/airflow/py_env/lib/python3.10/site-packages/airflow/example_dags/example_sensor_decorator.py for tasks to queue
[2023-09-27T22:44:54.223-0400] {logging_mixin.py:151} INFO - [2023-09-27T22:44:54.223-0400] {dagbag.py:539} INFO - Filling up the DagBag from /home/beau/airflow/py_env/lib/python3.10/site-packages/airflow/example_dags/example_sensor_decorator.py
[2023-09-27T22:44:54.229-0400] {processor.py:839} INFO - DAG(s) dict_keys(['example_sensor_decorator']) retrieved from /home/beau/airflow/py_env/lib/python3.10/site-packages/airflow/example_dags/example_sensor_decorator.py
[2023-09-27T22:44:54.244-0400] {logging_mixin.py:151} INFO - [2023-09-27T22:44:54.243-0400] {dag.py:2915} INFO - Sync 1 DAGs
[2023-09-27T22:44:54.254-0400] {logging_mixin.py:151} INFO - [2023-09-27T22:44:54.253-0400] {dag.py:3696} INFO - Setting next_dagrun for example_sensor_decorator to None, run_after=None
[2023-09-27T22:44:54.278-0400] {processor.py:179} INFO - Processing /home/beau/airflow/py_env/lib/python3.10/site-packages/airflow/example_dags/example_sensor_decorator.py took 0.063 seconds
[2023-09-27T22:45:48.801-0400] {processor.py:157} INFO - Started process (PID=14691) to work on /home/beau/airflow/py_env/lib/python3.10/site-packages/airflow/example_dags/example_sensor_decorator.py
[2023-09-27T22:45:48.805-0400] {processor.py:829} INFO - Processing file /home/beau/airflow/py_env/lib/python3.10/site-packages/airflow/example_dags/example_sensor_decorator.py for tasks to queue
[2023-09-27T22:45:48.807-0400] {logging_mixin.py:151} INFO - [2023-09-27T22:45:48.806-0400] {dagbag.py:539} INFO - Filling up the DagBag from /home/beau/airflow/py_env/lib/python3.10/site-packages/airflow/example_dags/example_sensor_decorator.py
[2023-09-27T22:45:48.820-0400] {processor.py:839} INFO - DAG(s) dict_keys(['example_sensor_decorator']) retrieved from /home/beau/airflow/py_env/lib/python3.10/site-packages/airflow/example_dags/example_sensor_decorator.py
[2023-09-27T22:45:48.839-0400] {logging_mixin.py:151} INFO - [2023-09-27T22:45:48.839-0400] {dag.py:2915} INFO - Sync 1 DAGs
[2023-09-27T22:45:48.852-0400] {logging_mixin.py:151} INFO - [2023-09-27T22:45:48.852-0400] {dag.py:3696} INFO - Setting next_dagrun for example_sensor_decorator to None, run_after=None
[2023-09-27T22:45:48.876-0400] {processor.py:179} INFO - Processing /home/beau/airflow/py_env/lib/python3.10/site-packages/airflow/example_dags/example_sensor_decorator.py took 0.084 seconds
[2023-09-27T22:46:30.268-0400] {processor.py:157} INFO - Started process (PID=15199) to work on /home/beau/airflow/py_env/lib/python3.10/site-packages/airflow/example_dags/example_sensor_decorator.py
[2023-09-27T22:46:30.272-0400] {processor.py:829} INFO - Processing file /home/beau/airflow/py_env/lib/python3.10/site-packages/airflow/example_dags/example_sensor_decorator.py for tasks to queue
[2023-09-27T22:46:30.274-0400] {logging_mixin.py:151} INFO - [2023-09-27T22:46:30.273-0400] {dagbag.py:539} INFO - Filling up the DagBag from /home/beau/airflow/py_env/lib/python3.10/site-packages/airflow/example_dags/example_sensor_decorator.py
[2023-09-27T22:46:30.283-0400] {processor.py:839} INFO - DAG(s) dict_keys(['example_sensor_decorator']) retrieved from /home/beau/airflow/py_env/lib/python3.10/site-packages/airflow/example_dags/example_sensor_decorator.py
[2023-09-27T22:46:30.308-0400] {logging_mixin.py:151} INFO - [2023-09-27T22:46:30.308-0400] {dag.py:2915} INFO - Sync 1 DAGs
[2023-09-27T22:46:30.320-0400] {logging_mixin.py:151} INFO - [2023-09-27T22:46:30.320-0400] {dag.py:3696} INFO - Setting next_dagrun for example_sensor_decorator to None, run_after=None
[2023-09-27T22:46:30.346-0400] {processor.py:179} INFO - Processing /home/beau/airflow/py_env/lib/python3.10/site-packages/airflow/example_dags/example_sensor_decorator.py took 0.086 seconds
[2023-09-27T22:47:10.055-0400] {processor.py:157} INFO - Started process (PID=15709) to work on /home/beau/airflow/py_env/lib/python3.10/site-packages/airflow/example_dags/example_sensor_decorator.py
[2023-09-27T22:47:10.058-0400] {processor.py:829} INFO - Processing file /home/beau/airflow/py_env/lib/python3.10/site-packages/airflow/example_dags/example_sensor_decorator.py for tasks to queue
[2023-09-27T22:47:10.060-0400] {logging_mixin.py:151} INFO - [2023-09-27T22:47:10.059-0400] {dagbag.py:539} INFO - Filling up the DagBag from /home/beau/airflow/py_env/lib/python3.10/site-packages/airflow/example_dags/example_sensor_decorator.py
[2023-09-27T22:47:10.066-0400] {processor.py:839} INFO - DAG(s) dict_keys(['example_sensor_decorator']) retrieved from /home/beau/airflow/py_env/lib/python3.10/site-packages/airflow/example_dags/example_sensor_decorator.py
[2023-09-27T22:47:10.083-0400] {logging_mixin.py:151} INFO - [2023-09-27T22:47:10.083-0400] {dag.py:2915} INFO - Sync 1 DAGs
[2023-09-27T22:47:10.094-0400] {logging_mixin.py:151} INFO - [2023-09-27T22:47:10.093-0400] {dag.py:3696} INFO - Setting next_dagrun for example_sensor_decorator to None, run_after=None
[2023-09-27T22:47:10.123-0400] {processor.py:179} INFO - Processing /home/beau/airflow/py_env/lib/python3.10/site-packages/airflow/example_dags/example_sensor_decorator.py took 0.077 seconds
[2023-09-27T22:47:47.915-0400] {processor.py:157} INFO - Started process (PID=16114) to work on /home/beau/airflow/py_env/lib/python3.10/site-packages/airflow/example_dags/example_sensor_decorator.py
[2023-09-27T22:47:47.919-0400] {processor.py:829} INFO - Processing file /home/beau/airflow/py_env/lib/python3.10/site-packages/airflow/example_dags/example_sensor_decorator.py for tasks to queue
[2023-09-27T22:47:47.920-0400] {logging_mixin.py:151} INFO - [2023-09-27T22:47:47.920-0400] {dagbag.py:539} INFO - Filling up the DagBag from /home/beau/airflow/py_env/lib/python3.10/site-packages/airflow/example_dags/example_sensor_decorator.py
[2023-09-27T22:47:47.929-0400] {processor.py:839} INFO - DAG(s) dict_keys(['example_sensor_decorator']) retrieved from /home/beau/airflow/py_env/lib/python3.10/site-packages/airflow/example_dags/example_sensor_decorator.py
[2023-09-27T22:47:47.947-0400] {logging_mixin.py:151} INFO - [2023-09-27T22:47:47.947-0400] {dag.py:2915} INFO - Sync 1 DAGs
[2023-09-27T22:47:47.958-0400] {logging_mixin.py:151} INFO - [2023-09-27T22:47:47.958-0400] {dag.py:3696} INFO - Setting next_dagrun for example_sensor_decorator to None, run_after=None
[2023-09-27T22:47:47.984-0400] {processor.py:179} INFO - Processing /home/beau/airflow/py_env/lib/python3.10/site-packages/airflow/example_dags/example_sensor_decorator.py took 0.072 seconds
[2023-09-27T22:48:28.271-0400] {processor.py:157} INFO - Started process (PID=16494) to work on /home/beau/airflow/py_env/lib/python3.10/site-packages/airflow/example_dags/example_sensor_decorator.py
[2023-09-27T22:48:28.275-0400] {processor.py:829} INFO - Processing file /home/beau/airflow/py_env/lib/python3.10/site-packages/airflow/example_dags/example_sensor_decorator.py for tasks to queue
[2023-09-27T22:48:28.276-0400] {logging_mixin.py:151} INFO - [2023-09-27T22:48:28.275-0400] {dagbag.py:539} INFO - Filling up the DagBag from /home/beau/airflow/py_env/lib/python3.10/site-packages/airflow/example_dags/example_sensor_decorator.py
[2023-09-27T22:48:28.282-0400] {processor.py:839} INFO - DAG(s) dict_keys(['example_sensor_decorator']) retrieved from /home/beau/airflow/py_env/lib/python3.10/site-packages/airflow/example_dags/example_sensor_decorator.py
[2023-09-27T22:48:28.297-0400] {logging_mixin.py:151} INFO - [2023-09-27T22:48:28.297-0400] {dag.py:2915} INFO - Sync 1 DAGs
[2023-09-27T22:48:28.308-0400] {logging_mixin.py:151} INFO - [2023-09-27T22:48:28.307-0400] {dag.py:3696} INFO - Setting next_dagrun for example_sensor_decorator to None, run_after=None
[2023-09-27T22:48:28.337-0400] {processor.py:179} INFO - Processing /home/beau/airflow/py_env/lib/python3.10/site-packages/airflow/example_dags/example_sensor_decorator.py took 0.069 seconds
[2023-09-27T22:49:08.224-0400] {processor.py:157} INFO - Started process (PID=16857) to work on /home/beau/airflow/py_env/lib/python3.10/site-packages/airflow/example_dags/example_sensor_decorator.py
[2023-09-27T22:49:08.228-0400] {processor.py:829} INFO - Processing file /home/beau/airflow/py_env/lib/python3.10/site-packages/airflow/example_dags/example_sensor_decorator.py for tasks to queue
[2023-09-27T22:49:08.230-0400] {logging_mixin.py:151} INFO - [2023-09-27T22:49:08.229-0400] {dagbag.py:539} INFO - Filling up the DagBag from /home/beau/airflow/py_env/lib/python3.10/site-packages/airflow/example_dags/example_sensor_decorator.py
[2023-09-27T22:49:08.237-0400] {processor.py:839} INFO - DAG(s) dict_keys(['example_sensor_decorator']) retrieved from /home/beau/airflow/py_env/lib/python3.10/site-packages/airflow/example_dags/example_sensor_decorator.py
[2023-09-27T22:49:08.254-0400] {logging_mixin.py:151} INFO - [2023-09-27T22:49:08.254-0400] {dag.py:2915} INFO - Sync 1 DAGs
[2023-09-27T22:49:08.267-0400] {logging_mixin.py:151} INFO - [2023-09-27T22:49:08.267-0400] {dag.py:3696} INFO - Setting next_dagrun for example_sensor_decorator to None, run_after=None
[2023-09-27T22:49:08.291-0400] {processor.py:179} INFO - Processing /home/beau/airflow/py_env/lib/python3.10/site-packages/airflow/example_dags/example_sensor_decorator.py took 0.070 seconds
[2023-09-27T22:49:46.049-0400] {processor.py:157} INFO - Started process (PID=17071) to work on /home/beau/airflow/py_env/lib/python3.10/site-packages/airflow/example_dags/example_sensor_decorator.py
[2023-09-27T22:49:46.051-0400] {processor.py:829} INFO - Processing file /home/beau/airflow/py_env/lib/python3.10/site-packages/airflow/example_dags/example_sensor_decorator.py for tasks to queue
[2023-09-27T22:49:46.052-0400] {logging_mixin.py:151} INFO - [2023-09-27T22:49:46.052-0400] {dagbag.py:539} INFO - Filling up the DagBag from /home/beau/airflow/py_env/lib/python3.10/site-packages/airflow/example_dags/example_sensor_decorator.py
[2023-09-27T22:49:46.058-0400] {processor.py:839} INFO - DAG(s) dict_keys(['example_sensor_decorator']) retrieved from /home/beau/airflow/py_env/lib/python3.10/site-packages/airflow/example_dags/example_sensor_decorator.py
[2023-09-27T22:49:46.076-0400] {logging_mixin.py:151} INFO - [2023-09-27T22:49:46.076-0400] {dag.py:2915} INFO - Sync 1 DAGs
[2023-09-27T22:49:46.087-0400] {logging_mixin.py:151} INFO - [2023-09-27T22:49:46.087-0400] {dag.py:3696} INFO - Setting next_dagrun for example_sensor_decorator to None, run_after=None
[2023-09-27T22:49:46.112-0400] {processor.py:179} INFO - Processing /home/beau/airflow/py_env/lib/python3.10/site-packages/airflow/example_dags/example_sensor_decorator.py took 0.066 seconds
[2023-09-27T22:50:24.848-0400] {processor.py:157} INFO - Started process (PID=17265) to work on /home/beau/airflow/py_env/lib/python3.10/site-packages/airflow/example_dags/example_sensor_decorator.py
[2023-09-27T22:50:24.852-0400] {processor.py:829} INFO - Processing file /home/beau/airflow/py_env/lib/python3.10/site-packages/airflow/example_dags/example_sensor_decorator.py for tasks to queue
[2023-09-27T22:50:24.853-0400] {logging_mixin.py:151} INFO - [2023-09-27T22:50:24.853-0400] {dagbag.py:539} INFO - Filling up the DagBag from /home/beau/airflow/py_env/lib/python3.10/site-packages/airflow/example_dags/example_sensor_decorator.py
[2023-09-27T22:50:24.864-0400] {processor.py:839} INFO - DAG(s) dict_keys(['example_sensor_decorator']) retrieved from /home/beau/airflow/py_env/lib/python3.10/site-packages/airflow/example_dags/example_sensor_decorator.py
[2023-09-27T22:50:24.883-0400] {logging_mixin.py:151} INFO - [2023-09-27T22:50:24.883-0400] {dag.py:2915} INFO - Sync 1 DAGs
[2023-09-27T22:50:24.894-0400] {logging_mixin.py:151} INFO - [2023-09-27T22:50:24.893-0400] {dag.py:3696} INFO - Setting next_dagrun for example_sensor_decorator to None, run_after=None
[2023-09-27T22:50:24.917-0400] {processor.py:179} INFO - Processing /home/beau/airflow/py_env/lib/python3.10/site-packages/airflow/example_dags/example_sensor_decorator.py took 0.074 seconds
[2023-09-27T22:51:00.043-0400] {processor.py:157} INFO - Started process (PID=17452) to work on /home/beau/airflow/py_env/lib/python3.10/site-packages/airflow/example_dags/example_sensor_decorator.py
[2023-09-27T22:51:00.047-0400] {processor.py:829} INFO - Processing file /home/beau/airflow/py_env/lib/python3.10/site-packages/airflow/example_dags/example_sensor_decorator.py for tasks to queue
[2023-09-27T22:51:00.048-0400] {logging_mixin.py:151} INFO - [2023-09-27T22:51:00.048-0400] {dagbag.py:539} INFO - Filling up the DagBag from /home/beau/airflow/py_env/lib/python3.10/site-packages/airflow/example_dags/example_sensor_decorator.py
[2023-09-27T22:51:00.056-0400] {processor.py:839} INFO - DAG(s) dict_keys(['example_sensor_decorator']) retrieved from /home/beau/airflow/py_env/lib/python3.10/site-packages/airflow/example_dags/example_sensor_decorator.py
[2023-09-27T22:51:00.074-0400] {logging_mixin.py:151} INFO - [2023-09-27T22:51:00.073-0400] {dag.py:2915} INFO - Sync 1 DAGs
[2023-09-27T22:51:00.082-0400] {logging_mixin.py:151} INFO - [2023-09-27T22:51:00.082-0400] {dag.py:3696} INFO - Setting next_dagrun for example_sensor_decorator to None, run_after=None
[2023-09-27T22:51:00.107-0400] {processor.py:179} INFO - Processing /home/beau/airflow/py_env/lib/python3.10/site-packages/airflow/example_dags/example_sensor_decorator.py took 0.068 seconds
[2023-09-27T22:51:39.269-0400] {processor.py:157} INFO - Started process (PID=17587) to work on /home/beau/airflow/py_env/lib/python3.10/site-packages/airflow/example_dags/example_sensor_decorator.py
[2023-09-27T22:51:39.274-0400] {processor.py:829} INFO - Processing file /home/beau/airflow/py_env/lib/python3.10/site-packages/airflow/example_dags/example_sensor_decorator.py for tasks to queue
[2023-09-27T22:51:39.276-0400] {logging_mixin.py:151} INFO - [2023-09-27T22:51:39.275-0400] {dagbag.py:539} INFO - Filling up the DagBag from /home/beau/airflow/py_env/lib/python3.10/site-packages/airflow/example_dags/example_sensor_decorator.py
[2023-09-27T22:51:39.287-0400] {processor.py:839} INFO - DAG(s) dict_keys(['example_sensor_decorator']) retrieved from /home/beau/airflow/py_env/lib/python3.10/site-packages/airflow/example_dags/example_sensor_decorator.py
[2023-09-27T22:51:39.304-0400] {logging_mixin.py:151} INFO - [2023-09-27T22:51:39.303-0400] {dag.py:2915} INFO - Sync 1 DAGs
[2023-09-27T22:51:39.313-0400] {logging_mixin.py:151} INFO - [2023-09-27T22:51:39.313-0400] {dag.py:3696} INFO - Setting next_dagrun for example_sensor_decorator to None, run_after=None
[2023-09-27T22:51:39.337-0400] {processor.py:179} INFO - Processing /home/beau/airflow/py_env/lib/python3.10/site-packages/airflow/example_dags/example_sensor_decorator.py took 0.075 seconds
[2023-09-27T22:52:16.889-0400] {processor.py:157} INFO - Started process (PID=17781) to work on /home/beau/airflow/py_env/lib/python3.10/site-packages/airflow/example_dags/example_sensor_decorator.py
[2023-09-27T22:52:16.893-0400] {processor.py:829} INFO - Processing file /home/beau/airflow/py_env/lib/python3.10/site-packages/airflow/example_dags/example_sensor_decorator.py for tasks to queue
[2023-09-27T22:52:16.895-0400] {logging_mixin.py:151} INFO - [2023-09-27T22:52:16.894-0400] {dagbag.py:539} INFO - Filling up the DagBag from /home/beau/airflow/py_env/lib/python3.10/site-packages/airflow/example_dags/example_sensor_decorator.py
[2023-09-27T22:52:16.902-0400] {processor.py:839} INFO - DAG(s) dict_keys(['example_sensor_decorator']) retrieved from /home/beau/airflow/py_env/lib/python3.10/site-packages/airflow/example_dags/example_sensor_decorator.py
[2023-09-27T22:52:16.916-0400] {logging_mixin.py:151} INFO - [2023-09-27T22:52:16.916-0400] {dag.py:2915} INFO - Sync 1 DAGs
[2023-09-27T22:52:16.925-0400] {logging_mixin.py:151} INFO - [2023-09-27T22:52:16.925-0400] {dag.py:3696} INFO - Setting next_dagrun for example_sensor_decorator to None, run_after=None
[2023-09-27T22:52:16.947-0400] {processor.py:179} INFO - Processing /home/beau/airflow/py_env/lib/python3.10/site-packages/airflow/example_dags/example_sensor_decorator.py took 0.063 seconds
[2023-09-27T22:53:08.904-0400] {processor.py:157} INFO - Started process (PID=18198) to work on /home/beau/airflow/py_env/lib/python3.10/site-packages/airflow/example_dags/example_sensor_decorator.py
[2023-09-27T22:53:08.908-0400] {processor.py:829} INFO - Processing file /home/beau/airflow/py_env/lib/python3.10/site-packages/airflow/example_dags/example_sensor_decorator.py for tasks to queue
[2023-09-27T22:53:08.909-0400] {logging_mixin.py:151} INFO - [2023-09-27T22:53:08.908-0400] {dagbag.py:539} INFO - Filling up the DagBag from /home/beau/airflow/py_env/lib/python3.10/site-packages/airflow/example_dags/example_sensor_decorator.py
[2023-09-27T22:53:08.916-0400] {processor.py:839} INFO - DAG(s) dict_keys(['example_sensor_decorator']) retrieved from /home/beau/airflow/py_env/lib/python3.10/site-packages/airflow/example_dags/example_sensor_decorator.py
[2023-09-27T22:53:08.932-0400] {logging_mixin.py:151} INFO - [2023-09-27T22:53:08.931-0400] {dag.py:2915} INFO - Sync 1 DAGs
[2023-09-27T22:53:08.942-0400] {logging_mixin.py:151} INFO - [2023-09-27T22:53:08.942-0400] {dag.py:3696} INFO - Setting next_dagrun for example_sensor_decorator to None, run_after=None
[2023-09-27T22:53:08.969-0400] {processor.py:179} INFO - Processing /home/beau/airflow/py_env/lib/python3.10/site-packages/airflow/example_dags/example_sensor_decorator.py took 0.068 seconds
[2023-09-27T22:54:02.648-0400] {processor.py:157} INFO - Started process (PID=18651) to work on /home/beau/airflow/py_env/lib/python3.10/site-packages/airflow/example_dags/example_sensor_decorator.py
[2023-09-27T22:54:02.651-0400] {processor.py:829} INFO - Processing file /home/beau/airflow/py_env/lib/python3.10/site-packages/airflow/example_dags/example_sensor_decorator.py for tasks to queue
[2023-09-27T22:54:02.652-0400] {logging_mixin.py:151} INFO - [2023-09-27T22:54:02.652-0400] {dagbag.py:539} INFO - Filling up the DagBag from /home/beau/airflow/py_env/lib/python3.10/site-packages/airflow/example_dags/example_sensor_decorator.py
[2023-09-27T22:54:02.664-0400] {processor.py:839} INFO - DAG(s) dict_keys(['example_sensor_decorator']) retrieved from /home/beau/airflow/py_env/lib/python3.10/site-packages/airflow/example_dags/example_sensor_decorator.py
[2023-09-27T22:54:02.689-0400] {logging_mixin.py:151} INFO - [2023-09-27T22:54:02.689-0400] {dag.py:2915} INFO - Sync 1 DAGs
[2023-09-27T22:54:02.698-0400] {logging_mixin.py:151} INFO - [2023-09-27T22:54:02.698-0400] {dag.py:3696} INFO - Setting next_dagrun for example_sensor_decorator to None, run_after=None
[2023-09-27T22:54:02.722-0400] {processor.py:179} INFO - Processing /home/beau/airflow/py_env/lib/python3.10/site-packages/airflow/example_dags/example_sensor_decorator.py took 0.081 seconds
[2023-09-27T22:54:57.149-0400] {processor.py:157} INFO - Started process (PID=19278) to work on /home/beau/airflow/py_env/lib/python3.10/site-packages/airflow/example_dags/example_sensor_decorator.py
[2023-09-27T22:54:57.151-0400] {processor.py:829} INFO - Processing file /home/beau/airflow/py_env/lib/python3.10/site-packages/airflow/example_dags/example_sensor_decorator.py for tasks to queue
[2023-09-27T22:54:57.152-0400] {logging_mixin.py:151} INFO - [2023-09-27T22:54:57.151-0400] {dagbag.py:539} INFO - Filling up the DagBag from /home/beau/airflow/py_env/lib/python3.10/site-packages/airflow/example_dags/example_sensor_decorator.py
[2023-09-27T22:54:57.159-0400] {processor.py:839} INFO - DAG(s) dict_keys(['example_sensor_decorator']) retrieved from /home/beau/airflow/py_env/lib/python3.10/site-packages/airflow/example_dags/example_sensor_decorator.py
[2023-09-27T22:54:57.181-0400] {logging_mixin.py:151} INFO - [2023-09-27T22:54:57.181-0400] {dag.py:2915} INFO - Sync 1 DAGs
[2023-09-27T22:54:57.192-0400] {logging_mixin.py:151} INFO - [2023-09-27T22:54:57.192-0400] {dag.py:3696} INFO - Setting next_dagrun for example_sensor_decorator to None, run_after=None
[2023-09-27T22:54:57.217-0400] {processor.py:179} INFO - Processing /home/beau/airflow/py_env/lib/python3.10/site-packages/airflow/example_dags/example_sensor_decorator.py took 0.071 seconds
[2023-09-27T22:55:34.596-0400] {processor.py:157} INFO - Started process (PID=19572) to work on /home/beau/airflow/py_env/lib/python3.10/site-packages/airflow/example_dags/example_sensor_decorator.py
[2023-09-27T22:55:34.602-0400] {processor.py:829} INFO - Processing file /home/beau/airflow/py_env/lib/python3.10/site-packages/airflow/example_dags/example_sensor_decorator.py for tasks to queue
[2023-09-27T22:55:34.603-0400] {logging_mixin.py:151} INFO - [2023-09-27T22:55:34.603-0400] {dagbag.py:539} INFO - Filling up the DagBag from /home/beau/airflow/py_env/lib/python3.10/site-packages/airflow/example_dags/example_sensor_decorator.py
[2023-09-27T22:55:34.612-0400] {processor.py:839} INFO - DAG(s) dict_keys(['example_sensor_decorator']) retrieved from /home/beau/airflow/py_env/lib/python3.10/site-packages/airflow/example_dags/example_sensor_decorator.py
[2023-09-27T22:55:34.632-0400] {logging_mixin.py:151} INFO - [2023-09-27T22:55:34.632-0400] {dag.py:2915} INFO - Sync 1 DAGs
[2023-09-27T22:55:34.641-0400] {logging_mixin.py:151} INFO - [2023-09-27T22:55:34.641-0400] {dag.py:3696} INFO - Setting next_dagrun for example_sensor_decorator to None, run_after=None
[2023-09-27T22:55:34.667-0400] {processor.py:179} INFO - Processing /home/beau/airflow/py_env/lib/python3.10/site-packages/airflow/example_dags/example_sensor_decorator.py took 0.088 seconds
[2023-09-27T22:56:13.672-0400] {processor.py:157} INFO - Started process (PID=19891) to work on /home/beau/airflow/py_env/lib/python3.10/site-packages/airflow/example_dags/example_sensor_decorator.py
[2023-09-27T22:56:13.675-0400] {processor.py:829} INFO - Processing file /home/beau/airflow/py_env/lib/python3.10/site-packages/airflow/example_dags/example_sensor_decorator.py for tasks to queue
[2023-09-27T22:56:13.677-0400] {logging_mixin.py:151} INFO - [2023-09-27T22:56:13.676-0400] {dagbag.py:539} INFO - Filling up the DagBag from /home/beau/airflow/py_env/lib/python3.10/site-packages/airflow/example_dags/example_sensor_decorator.py
[2023-09-27T22:56:13.689-0400] {processor.py:839} INFO - DAG(s) dict_keys(['example_sensor_decorator']) retrieved from /home/beau/airflow/py_env/lib/python3.10/site-packages/airflow/example_dags/example_sensor_decorator.py
[2023-09-27T22:56:13.713-0400] {logging_mixin.py:151} INFO - [2023-09-27T22:56:13.713-0400] {dag.py:2915} INFO - Sync 1 DAGs
[2023-09-27T22:56:13.722-0400] {logging_mixin.py:151} INFO - [2023-09-27T22:56:13.722-0400] {dag.py:3696} INFO - Setting next_dagrun for example_sensor_decorator to None, run_after=None
[2023-09-27T22:56:13.747-0400] {processor.py:179} INFO - Processing /home/beau/airflow/py_env/lib/python3.10/site-packages/airflow/example_dags/example_sensor_decorator.py took 0.082 seconds
[2023-09-27T22:56:49.218-0400] {processor.py:157} INFO - Started process (PID=20306) to work on /home/beau/airflow/py_env/lib/python3.10/site-packages/airflow/example_dags/example_sensor_decorator.py
[2023-09-27T22:56:49.223-0400] {processor.py:829} INFO - Processing file /home/beau/airflow/py_env/lib/python3.10/site-packages/airflow/example_dags/example_sensor_decorator.py for tasks to queue
[2023-09-27T22:56:49.224-0400] {logging_mixin.py:151} INFO - [2023-09-27T22:56:49.224-0400] {dagbag.py:539} INFO - Filling up the DagBag from /home/beau/airflow/py_env/lib/python3.10/site-packages/airflow/example_dags/example_sensor_decorator.py
[2023-09-27T22:56:49.235-0400] {processor.py:839} INFO - DAG(s) dict_keys(['example_sensor_decorator']) retrieved from /home/beau/airflow/py_env/lib/python3.10/site-packages/airflow/example_dags/example_sensor_decorator.py
[2023-09-27T22:56:49.257-0400] {logging_mixin.py:151} INFO - [2023-09-27T22:56:49.257-0400] {dag.py:2915} INFO - Sync 1 DAGs
[2023-09-27T22:56:49.266-0400] {logging_mixin.py:151} INFO - [2023-09-27T22:56:49.266-0400] {dag.py:3696} INFO - Setting next_dagrun for example_sensor_decorator to None, run_after=None
[2023-09-27T22:56:49.287-0400] {processor.py:179} INFO - Processing /home/beau/airflow/py_env/lib/python3.10/site-packages/airflow/example_dags/example_sensor_decorator.py took 0.078 seconds
[2023-09-27T22:57:40.177-0400] {processor.py:157} INFO - Started process (PID=20716) to work on /home/beau/airflow/py_env/lib/python3.10/site-packages/airflow/example_dags/example_sensor_decorator.py
[2023-09-27T22:57:40.181-0400] {processor.py:829} INFO - Processing file /home/beau/airflow/py_env/lib/python3.10/site-packages/airflow/example_dags/example_sensor_decorator.py for tasks to queue
[2023-09-27T22:57:40.182-0400] {logging_mixin.py:151} INFO - [2023-09-27T22:57:40.182-0400] {dagbag.py:539} INFO - Filling up the DagBag from /home/beau/airflow/py_env/lib/python3.10/site-packages/airflow/example_dags/example_sensor_decorator.py
[2023-09-27T22:57:40.187-0400] {processor.py:839} INFO - DAG(s) dict_keys(['example_sensor_decorator']) retrieved from /home/beau/airflow/py_env/lib/python3.10/site-packages/airflow/example_dags/example_sensor_decorator.py
[2023-09-27T22:57:40.236-0400] {logging_mixin.py:151} INFO - [2023-09-27T22:57:40.235-0400] {dag.py:2915} INFO - Sync 1 DAGs
[2023-09-27T22:57:40.255-0400] {logging_mixin.py:151} INFO - [2023-09-27T22:57:40.255-0400] {dag.py:3696} INFO - Setting next_dagrun for example_sensor_decorator to None, run_after=None
[2023-09-27T22:57:40.294-0400] {processor.py:179} INFO - Processing /home/beau/airflow/py_env/lib/python3.10/site-packages/airflow/example_dags/example_sensor_decorator.py took 0.120 seconds
[2023-09-27T22:58:30.771-0400] {processor.py:157} INFO - Started process (PID=21246) to work on /home/beau/airflow/py_env/lib/python3.10/site-packages/airflow/example_dags/example_sensor_decorator.py
[2023-09-27T22:58:30.774-0400] {processor.py:829} INFO - Processing file /home/beau/airflow/py_env/lib/python3.10/site-packages/airflow/example_dags/example_sensor_decorator.py for tasks to queue
[2023-09-27T22:58:30.776-0400] {logging_mixin.py:151} INFO - [2023-09-27T22:58:30.775-0400] {dagbag.py:539} INFO - Filling up the DagBag from /home/beau/airflow/py_env/lib/python3.10/site-packages/airflow/example_dags/example_sensor_decorator.py
[2023-09-27T22:58:30.785-0400] {processor.py:839} INFO - DAG(s) dict_keys(['example_sensor_decorator']) retrieved from /home/beau/airflow/py_env/lib/python3.10/site-packages/airflow/example_dags/example_sensor_decorator.py
[2023-09-27T22:58:30.803-0400] {logging_mixin.py:151} INFO - [2023-09-27T22:58:30.803-0400] {dag.py:2915} INFO - Sync 1 DAGs
[2023-09-27T22:58:30.812-0400] {logging_mixin.py:151} INFO - [2023-09-27T22:58:30.812-0400] {dag.py:3696} INFO - Setting next_dagrun for example_sensor_decorator to None, run_after=None
[2023-09-27T22:58:30.838-0400] {processor.py:179} INFO - Processing /home/beau/airflow/py_env/lib/python3.10/site-packages/airflow/example_dags/example_sensor_decorator.py took 0.072 seconds
[2023-09-27T22:59:23.689-0400] {processor.py:157} INFO - Started process (PID=21698) to work on /home/beau/airflow/py_env/lib/python3.10/site-packages/airflow/example_dags/example_sensor_decorator.py
[2023-09-27T22:59:23.692-0400] {processor.py:829} INFO - Processing file /home/beau/airflow/py_env/lib/python3.10/site-packages/airflow/example_dags/example_sensor_decorator.py for tasks to queue
[2023-09-27T22:59:23.694-0400] {logging_mixin.py:151} INFO - [2023-09-27T22:59:23.693-0400] {dagbag.py:539} INFO - Filling up the DagBag from /home/beau/airflow/py_env/lib/python3.10/site-packages/airflow/example_dags/example_sensor_decorator.py
[2023-09-27T22:59:23.702-0400] {processor.py:839} INFO - DAG(s) dict_keys(['example_sensor_decorator']) retrieved from /home/beau/airflow/py_env/lib/python3.10/site-packages/airflow/example_dags/example_sensor_decorator.py
[2023-09-27T22:59:23.722-0400] {logging_mixin.py:151} INFO - [2023-09-27T22:59:23.722-0400] {dag.py:2915} INFO - Sync 1 DAGs
[2023-09-27T22:59:23.732-0400] {logging_mixin.py:151} INFO - [2023-09-27T22:59:23.732-0400] {dag.py:3696} INFO - Setting next_dagrun for example_sensor_decorator to None, run_after=None
[2023-09-27T22:59:23.754-0400] {processor.py:179} INFO - Processing /home/beau/airflow/py_env/lib/python3.10/site-packages/airflow/example_dags/example_sensor_decorator.py took 0.072 seconds
[2023-09-27T23:00:02.095-0400] {processor.py:157} INFO - Started process (PID=21886) to work on /home/beau/airflow/py_env/lib/python3.10/site-packages/airflow/example_dags/example_sensor_decorator.py
[2023-09-27T23:00:02.099-0400] {processor.py:829} INFO - Processing file /home/beau/airflow/py_env/lib/python3.10/site-packages/airflow/example_dags/example_sensor_decorator.py for tasks to queue
[2023-09-27T23:00:02.101-0400] {logging_mixin.py:151} INFO - [2023-09-27T23:00:02.100-0400] {dagbag.py:539} INFO - Filling up the DagBag from /home/beau/airflow/py_env/lib/python3.10/site-packages/airflow/example_dags/example_sensor_decorator.py
[2023-09-27T23:00:02.112-0400] {processor.py:839} INFO - DAG(s) dict_keys(['example_sensor_decorator']) retrieved from /home/beau/airflow/py_env/lib/python3.10/site-packages/airflow/example_dags/example_sensor_decorator.py
[2023-09-27T23:00:02.127-0400] {logging_mixin.py:151} INFO - [2023-09-27T23:00:02.127-0400] {dag.py:2915} INFO - Sync 1 DAGs
[2023-09-27T23:00:02.136-0400] {logging_mixin.py:151} INFO - [2023-09-27T23:00:02.136-0400] {dag.py:3696} INFO - Setting next_dagrun for example_sensor_decorator to None, run_after=None
[2023-09-27T23:00:02.159-0400] {processor.py:179} INFO - Processing /home/beau/airflow/py_env/lib/python3.10/site-packages/airflow/example_dags/example_sensor_decorator.py took 0.070 seconds
[2023-09-27T23:00:39.380-0400] {processor.py:157} INFO - Started process (PID=22019) to work on /home/beau/airflow/py_env/lib/python3.10/site-packages/airflow/example_dags/example_sensor_decorator.py
[2023-09-27T23:00:39.384-0400] {processor.py:829} INFO - Processing file /home/beau/airflow/py_env/lib/python3.10/site-packages/airflow/example_dags/example_sensor_decorator.py for tasks to queue
[2023-09-27T23:00:39.386-0400] {logging_mixin.py:151} INFO - [2023-09-27T23:00:39.385-0400] {dagbag.py:539} INFO - Filling up the DagBag from /home/beau/airflow/py_env/lib/python3.10/site-packages/airflow/example_dags/example_sensor_decorator.py
[2023-09-27T23:00:39.398-0400] {processor.py:839} INFO - DAG(s) dict_keys(['example_sensor_decorator']) retrieved from /home/beau/airflow/py_env/lib/python3.10/site-packages/airflow/example_dags/example_sensor_decorator.py
[2023-09-27T23:00:39.414-0400] {logging_mixin.py:151} INFO - [2023-09-27T23:00:39.414-0400] {dag.py:2915} INFO - Sync 1 DAGs
[2023-09-27T23:00:39.423-0400] {logging_mixin.py:151} INFO - [2023-09-27T23:00:39.423-0400] {dag.py:3696} INFO - Setting next_dagrun for example_sensor_decorator to None, run_after=None
[2023-09-27T23:00:39.445-0400] {processor.py:179} INFO - Processing /home/beau/airflow/py_env/lib/python3.10/site-packages/airflow/example_dags/example_sensor_decorator.py took 0.073 seconds
[2023-09-27T23:01:29.257-0400] {processor.py:157} INFO - Started process (PID=22251) to work on /home/beau/airflow/py_env/lib/python3.10/site-packages/airflow/example_dags/example_sensor_decorator.py
[2023-09-27T23:01:29.261-0400] {processor.py:829} INFO - Processing file /home/beau/airflow/py_env/lib/python3.10/site-packages/airflow/example_dags/example_sensor_decorator.py for tasks to queue
[2023-09-27T23:01:29.262-0400] {logging_mixin.py:151} INFO - [2023-09-27T23:01:29.262-0400] {dagbag.py:539} INFO - Filling up the DagBag from /home/beau/airflow/py_env/lib/python3.10/site-packages/airflow/example_dags/example_sensor_decorator.py
[2023-09-27T23:01:29.269-0400] {processor.py:839} INFO - DAG(s) dict_keys(['example_sensor_decorator']) retrieved from /home/beau/airflow/py_env/lib/python3.10/site-packages/airflow/example_dags/example_sensor_decorator.py
[2023-09-27T23:01:29.286-0400] {logging_mixin.py:151} INFO - [2023-09-27T23:01:29.286-0400] {dag.py:2915} INFO - Sync 1 DAGs
[2023-09-27T23:01:29.298-0400] {logging_mixin.py:151} INFO - [2023-09-27T23:01:29.298-0400] {dag.py:3696} INFO - Setting next_dagrun for example_sensor_decorator to None, run_after=None
[2023-09-27T23:01:29.324-0400] {processor.py:179} INFO - Processing /home/beau/airflow/py_env/lib/python3.10/site-packages/airflow/example_dags/example_sensor_decorator.py took 0.070 seconds
[2023-09-27T23:02:22.887-0400] {processor.py:157} INFO - Started process (PID=22497) to work on /home/beau/airflow/py_env/lib/python3.10/site-packages/airflow/example_dags/example_sensor_decorator.py
[2023-09-27T23:02:22.891-0400] {processor.py:829} INFO - Processing file /home/beau/airflow/py_env/lib/python3.10/site-packages/airflow/example_dags/example_sensor_decorator.py for tasks to queue
[2023-09-27T23:02:22.893-0400] {logging_mixin.py:151} INFO - [2023-09-27T23:02:22.892-0400] {dagbag.py:539} INFO - Filling up the DagBag from /home/beau/airflow/py_env/lib/python3.10/site-packages/airflow/example_dags/example_sensor_decorator.py
[2023-09-27T23:02:22.906-0400] {processor.py:839} INFO - DAG(s) dict_keys(['example_sensor_decorator']) retrieved from /home/beau/airflow/py_env/lib/python3.10/site-packages/airflow/example_dags/example_sensor_decorator.py
[2023-09-27T23:02:22.922-0400] {logging_mixin.py:151} INFO - [2023-09-27T23:02:22.922-0400] {dag.py:2915} INFO - Sync 1 DAGs
[2023-09-27T23:02:22.933-0400] {logging_mixin.py:151} INFO - [2023-09-27T23:02:22.933-0400] {dag.py:3696} INFO - Setting next_dagrun for example_sensor_decorator to None, run_after=None
[2023-09-27T23:02:22.961-0400] {processor.py:179} INFO - Processing /home/beau/airflow/py_env/lib/python3.10/site-packages/airflow/example_dags/example_sensor_decorator.py took 0.081 seconds
[2023-09-27T23:03:10.887-0400] {processor.py:157} INFO - Started process (PID=22789) to work on /home/beau/airflow/py_env/lib/python3.10/site-packages/airflow/example_dags/example_sensor_decorator.py
[2023-09-27T23:03:10.891-0400] {processor.py:829} INFO - Processing file /home/beau/airflow/py_env/lib/python3.10/site-packages/airflow/example_dags/example_sensor_decorator.py for tasks to queue
[2023-09-27T23:03:10.893-0400] {logging_mixin.py:151} INFO - [2023-09-27T23:03:10.892-0400] {dagbag.py:539} INFO - Filling up the DagBag from /home/beau/airflow/py_env/lib/python3.10/site-packages/airflow/example_dags/example_sensor_decorator.py
[2023-09-27T23:03:10.902-0400] {processor.py:839} INFO - DAG(s) dict_keys(['example_sensor_decorator']) retrieved from /home/beau/airflow/py_env/lib/python3.10/site-packages/airflow/example_dags/example_sensor_decorator.py
[2023-09-27T23:03:10.923-0400] {logging_mixin.py:151} INFO - [2023-09-27T23:03:10.922-0400] {dag.py:2915} INFO - Sync 1 DAGs
[2023-09-27T23:03:10.933-0400] {logging_mixin.py:151} INFO - [2023-09-27T23:03:10.933-0400] {dag.py:3696} INFO - Setting next_dagrun for example_sensor_decorator to None, run_after=None
[2023-09-27T23:03:10.957-0400] {processor.py:179} INFO - Processing /home/beau/airflow/py_env/lib/python3.10/site-packages/airflow/example_dags/example_sensor_decorator.py took 0.075 seconds
[2023-09-27T23:04:02.856-0400] {processor.py:157} INFO - Started process (PID=23277) to work on /home/beau/airflow/py_env/lib/python3.10/site-packages/airflow/example_dags/example_sensor_decorator.py
[2023-09-27T23:04:02.860-0400] {processor.py:829} INFO - Processing file /home/beau/airflow/py_env/lib/python3.10/site-packages/airflow/example_dags/example_sensor_decorator.py for tasks to queue
[2023-09-27T23:04:02.862-0400] {logging_mixin.py:151} INFO - [2023-09-27T23:04:02.861-0400] {dagbag.py:539} INFO - Filling up the DagBag from /home/beau/airflow/py_env/lib/python3.10/site-packages/airflow/example_dags/example_sensor_decorator.py
[2023-09-27T23:04:02.873-0400] {processor.py:839} INFO - DAG(s) dict_keys(['example_sensor_decorator']) retrieved from /home/beau/airflow/py_env/lib/python3.10/site-packages/airflow/example_dags/example_sensor_decorator.py
[2023-09-27T23:04:02.891-0400] {logging_mixin.py:151} INFO - [2023-09-27T23:04:02.891-0400] {dag.py:2915} INFO - Sync 1 DAGs
[2023-09-27T23:04:02.903-0400] {logging_mixin.py:151} INFO - [2023-09-27T23:04:02.902-0400] {dag.py:3696} INFO - Setting next_dagrun for example_sensor_decorator to None, run_after=None
[2023-09-27T23:04:02.930-0400] {processor.py:179} INFO - Processing /home/beau/airflow/py_env/lib/python3.10/site-packages/airflow/example_dags/example_sensor_decorator.py took 0.079 seconds
[2023-09-27T23:04:40.040-0400] {processor.py:157} INFO - Started process (PID=23411) to work on /home/beau/airflow/py_env/lib/python3.10/site-packages/airflow/example_dags/example_sensor_decorator.py
[2023-09-27T23:04:40.045-0400] {processor.py:829} INFO - Processing file /home/beau/airflow/py_env/lib/python3.10/site-packages/airflow/example_dags/example_sensor_decorator.py for tasks to queue
[2023-09-27T23:04:40.047-0400] {logging_mixin.py:151} INFO - [2023-09-27T23:04:40.046-0400] {dagbag.py:539} INFO - Filling up the DagBag from /home/beau/airflow/py_env/lib/python3.10/site-packages/airflow/example_dags/example_sensor_decorator.py
[2023-09-27T23:04:40.054-0400] {processor.py:839} INFO - DAG(s) dict_keys(['example_sensor_decorator']) retrieved from /home/beau/airflow/py_env/lib/python3.10/site-packages/airflow/example_dags/example_sensor_decorator.py
[2023-09-27T23:04:40.075-0400] {logging_mixin.py:151} INFO - [2023-09-27T23:04:40.075-0400] {dag.py:2915} INFO - Sync 1 DAGs
[2023-09-27T23:04:40.091-0400] {logging_mixin.py:151} INFO - [2023-09-27T23:04:40.090-0400] {dag.py:3696} INFO - Setting next_dagrun for example_sensor_decorator to None, run_after=None
[2023-09-27T23:04:40.122-0400] {processor.py:179} INFO - Processing /home/beau/airflow/py_env/lib/python3.10/site-packages/airflow/example_dags/example_sensor_decorator.py took 0.086 seconds
[2023-09-27T23:05:33.755-0400] {processor.py:157} INFO - Started process (PID=23657) to work on /home/beau/airflow/py_env/lib/python3.10/site-packages/airflow/example_dags/example_sensor_decorator.py
[2023-09-27T23:05:33.760-0400] {processor.py:829} INFO - Processing file /home/beau/airflow/py_env/lib/python3.10/site-packages/airflow/example_dags/example_sensor_decorator.py for tasks to queue
[2023-09-27T23:05:33.761-0400] {logging_mixin.py:151} INFO - [2023-09-27T23:05:33.760-0400] {dagbag.py:539} INFO - Filling up the DagBag from /home/beau/airflow/py_env/lib/python3.10/site-packages/airflow/example_dags/example_sensor_decorator.py
[2023-09-27T23:05:33.772-0400] {processor.py:839} INFO - DAG(s) dict_keys(['example_sensor_decorator']) retrieved from /home/beau/airflow/py_env/lib/python3.10/site-packages/airflow/example_dags/example_sensor_decorator.py
[2023-09-27T23:05:33.789-0400] {logging_mixin.py:151} INFO - [2023-09-27T23:05:33.789-0400] {dag.py:2915} INFO - Sync 1 DAGs
[2023-09-27T23:05:33.799-0400] {logging_mixin.py:151} INFO - [2023-09-27T23:05:33.799-0400] {dag.py:3696} INFO - Setting next_dagrun for example_sensor_decorator to None, run_after=None
[2023-09-27T23:05:33.824-0400] {processor.py:179} INFO - Processing /home/beau/airflow/py_env/lib/python3.10/site-packages/airflow/example_dags/example_sensor_decorator.py took 0.074 seconds
[2023-09-27T23:06:10.873-0400] {processor.py:157} INFO - Started process (PID=23844) to work on /home/beau/airflow/py_env/lib/python3.10/site-packages/airflow/example_dags/example_sensor_decorator.py
[2023-09-27T23:06:10.877-0400] {processor.py:829} INFO - Processing file /home/beau/airflow/py_env/lib/python3.10/site-packages/airflow/example_dags/example_sensor_decorator.py for tasks to queue
[2023-09-27T23:06:10.879-0400] {logging_mixin.py:151} INFO - [2023-09-27T23:06:10.878-0400] {dagbag.py:539} INFO - Filling up the DagBag from /home/beau/airflow/py_env/lib/python3.10/site-packages/airflow/example_dags/example_sensor_decorator.py
[2023-09-27T23:06:10.890-0400] {processor.py:839} INFO - DAG(s) dict_keys(['example_sensor_decorator']) retrieved from /home/beau/airflow/py_env/lib/python3.10/site-packages/airflow/example_dags/example_sensor_decorator.py
[2023-09-27T23:06:10.907-0400] {logging_mixin.py:151} INFO - [2023-09-27T23:06:10.907-0400] {dag.py:2915} INFO - Sync 1 DAGs
[2023-09-27T23:06:10.918-0400] {logging_mixin.py:151} INFO - [2023-09-27T23:06:10.918-0400] {dag.py:3696} INFO - Setting next_dagrun for example_sensor_decorator to None, run_after=None
[2023-09-27T23:06:10.944-0400] {processor.py:179} INFO - Processing /home/beau/airflow/py_env/lib/python3.10/site-packages/airflow/example_dags/example_sensor_decorator.py took 0.078 seconds
[2023-09-27T23:06:51.747-0400] {processor.py:157} INFO - Started process (PID=24039) to work on /home/beau/airflow/py_env/lib/python3.10/site-packages/airflow/example_dags/example_sensor_decorator.py
[2023-09-27T23:06:51.751-0400] {processor.py:829} INFO - Processing file /home/beau/airflow/py_env/lib/python3.10/site-packages/airflow/example_dags/example_sensor_decorator.py for tasks to queue
[2023-09-27T23:06:51.753-0400] {logging_mixin.py:151} INFO - [2023-09-27T23:06:51.752-0400] {dagbag.py:539} INFO - Filling up the DagBag from /home/beau/airflow/py_env/lib/python3.10/site-packages/airflow/example_dags/example_sensor_decorator.py
[2023-09-27T23:06:51.766-0400] {processor.py:839} INFO - DAG(s) dict_keys(['example_sensor_decorator']) retrieved from /home/beau/airflow/py_env/lib/python3.10/site-packages/airflow/example_dags/example_sensor_decorator.py
[2023-09-27T23:06:51.788-0400] {logging_mixin.py:151} INFO - [2023-09-27T23:06:51.788-0400] {dag.py:2915} INFO - Sync 1 DAGs
[2023-09-27T23:06:51.800-0400] {logging_mixin.py:151} INFO - [2023-09-27T23:06:51.800-0400] {dag.py:3696} INFO - Setting next_dagrun for example_sensor_decorator to None, run_after=None
[2023-09-27T23:06:51.826-0400] {processor.py:179} INFO - Processing /home/beau/airflow/py_env/lib/python3.10/site-packages/airflow/example_dags/example_sensor_decorator.py took 0.082 seconds
[2023-09-27T23:07:32.251-0400] {processor.py:157} INFO - Started process (PID=24180) to work on /home/beau/airflow/py_env/lib/python3.10/site-packages/airflow/example_dags/example_sensor_decorator.py
[2023-09-27T23:07:32.257-0400] {processor.py:829} INFO - Processing file /home/beau/airflow/py_env/lib/python3.10/site-packages/airflow/example_dags/example_sensor_decorator.py for tasks to queue
[2023-09-27T23:07:32.259-0400] {logging_mixin.py:151} INFO - [2023-09-27T23:07:32.258-0400] {dagbag.py:539} INFO - Filling up the DagBag from /home/beau/airflow/py_env/lib/python3.10/site-packages/airflow/example_dags/example_sensor_decorator.py
[2023-09-27T23:07:32.267-0400] {processor.py:839} INFO - DAG(s) dict_keys(['example_sensor_decorator']) retrieved from /home/beau/airflow/py_env/lib/python3.10/site-packages/airflow/example_dags/example_sensor_decorator.py
[2023-09-27T23:07:32.291-0400] {logging_mixin.py:151} INFO - [2023-09-27T23:07:32.291-0400] {dag.py:2915} INFO - Sync 1 DAGs
[2023-09-27T23:07:32.305-0400] {logging_mixin.py:151} INFO - [2023-09-27T23:07:32.304-0400] {dag.py:3696} INFO - Setting next_dagrun for example_sensor_decorator to None, run_after=None
[2023-09-27T23:07:32.344-0400] {processor.py:179} INFO - Processing /home/beau/airflow/py_env/lib/python3.10/site-packages/airflow/example_dags/example_sensor_decorator.py took 0.098 seconds
[2023-09-27T23:08:14.338-0400] {processor.py:157} INFO - Started process (PID=24443) to work on /home/beau/airflow/py_env/lib/python3.10/site-packages/airflow/example_dags/example_sensor_decorator.py
[2023-09-27T23:08:14.343-0400] {processor.py:829} INFO - Processing file /home/beau/airflow/py_env/lib/python3.10/site-packages/airflow/example_dags/example_sensor_decorator.py for tasks to queue
[2023-09-27T23:08:14.345-0400] {logging_mixin.py:151} INFO - [2023-09-27T23:08:14.344-0400] {dagbag.py:539} INFO - Filling up the DagBag from /home/beau/airflow/py_env/lib/python3.10/site-packages/airflow/example_dags/example_sensor_decorator.py
[2023-09-27T23:08:14.353-0400] {processor.py:839} INFO - DAG(s) dict_keys(['example_sensor_decorator']) retrieved from /home/beau/airflow/py_env/lib/python3.10/site-packages/airflow/example_dags/example_sensor_decorator.py
[2023-09-27T23:08:14.376-0400] {logging_mixin.py:151} INFO - [2023-09-27T23:08:14.376-0400] {dag.py:2915} INFO - Sync 1 DAGs
[2023-09-27T23:08:14.388-0400] {logging_mixin.py:151} INFO - [2023-09-27T23:08:14.388-0400] {dag.py:3696} INFO - Setting next_dagrun for example_sensor_decorator to None, run_after=None
[2023-09-27T23:08:14.426-0400] {processor.py:179} INFO - Processing /home/beau/airflow/py_env/lib/python3.10/site-packages/airflow/example_dags/example_sensor_decorator.py took 0.092 seconds
[2023-09-27T23:08:55.241-0400] {processor.py:157} INFO - Started process (PID=24687) to work on /home/beau/airflow/py_env/lib/python3.10/site-packages/airflow/example_dags/example_sensor_decorator.py
[2023-09-27T23:08:55.244-0400] {processor.py:829} INFO - Processing file /home/beau/airflow/py_env/lib/python3.10/site-packages/airflow/example_dags/example_sensor_decorator.py for tasks to queue
[2023-09-27T23:08:55.245-0400] {logging_mixin.py:151} INFO - [2023-09-27T23:08:55.245-0400] {dagbag.py:539} INFO - Filling up the DagBag from /home/beau/airflow/py_env/lib/python3.10/site-packages/airflow/example_dags/example_sensor_decorator.py
[2023-09-27T23:08:55.251-0400] {processor.py:839} INFO - DAG(s) dict_keys(['example_sensor_decorator']) retrieved from /home/beau/airflow/py_env/lib/python3.10/site-packages/airflow/example_dags/example_sensor_decorator.py
[2023-09-27T23:08:55.265-0400] {logging_mixin.py:151} INFO - [2023-09-27T23:08:55.264-0400] {dag.py:2915} INFO - Sync 1 DAGs
[2023-09-27T23:08:55.288-0400] {logging_mixin.py:151} INFO - [2023-09-27T23:08:55.288-0400] {dag.py:3696} INFO - Setting next_dagrun for example_sensor_decorator to None, run_after=None
[2023-09-27T23:08:55.317-0400] {processor.py:179} INFO - Processing /home/beau/airflow/py_env/lib/python3.10/site-packages/airflow/example_dags/example_sensor_decorator.py took 0.079 seconds
[2023-09-27T23:09:33.125-0400] {processor.py:157} INFO - Started process (PID=24815) to work on /home/beau/airflow/py_env/lib/python3.10/site-packages/airflow/example_dags/example_sensor_decorator.py
[2023-09-27T23:09:33.130-0400] {processor.py:829} INFO - Processing file /home/beau/airflow/py_env/lib/python3.10/site-packages/airflow/example_dags/example_sensor_decorator.py for tasks to queue
[2023-09-27T23:09:33.131-0400] {logging_mixin.py:151} INFO - [2023-09-27T23:09:33.131-0400] {dagbag.py:539} INFO - Filling up the DagBag from /home/beau/airflow/py_env/lib/python3.10/site-packages/airflow/example_dags/example_sensor_decorator.py
[2023-09-27T23:09:33.143-0400] {processor.py:839} INFO - DAG(s) dict_keys(['example_sensor_decorator']) retrieved from /home/beau/airflow/py_env/lib/python3.10/site-packages/airflow/example_dags/example_sensor_decorator.py
[2023-09-27T23:09:33.160-0400] {logging_mixin.py:151} INFO - [2023-09-27T23:09:33.160-0400] {dag.py:2915} INFO - Sync 1 DAGs
[2023-09-27T23:09:33.169-0400] {logging_mixin.py:151} INFO - [2023-09-27T23:09:33.169-0400] {dag.py:3696} INFO - Setting next_dagrun for example_sensor_decorator to None, run_after=None
[2023-09-27T23:09:33.192-0400] {processor.py:179} INFO - Processing /home/beau/airflow/py_env/lib/python3.10/site-packages/airflow/example_dags/example_sensor_decorator.py took 0.073 seconds
[2023-09-27T23:10:09.250-0400] {processor.py:157} INFO - Started process (PID=25001) to work on /home/beau/airflow/py_env/lib/python3.10/site-packages/airflow/example_dags/example_sensor_decorator.py
[2023-09-27T23:10:09.253-0400] {processor.py:829} INFO - Processing file /home/beau/airflow/py_env/lib/python3.10/site-packages/airflow/example_dags/example_sensor_decorator.py for tasks to queue
[2023-09-27T23:10:09.254-0400] {logging_mixin.py:151} INFO - [2023-09-27T23:10:09.254-0400] {dagbag.py:539} INFO - Filling up the DagBag from /home/beau/airflow/py_env/lib/python3.10/site-packages/airflow/example_dags/example_sensor_decorator.py
[2023-09-27T23:10:09.266-0400] {processor.py:839} INFO - DAG(s) dict_keys(['example_sensor_decorator']) retrieved from /home/beau/airflow/py_env/lib/python3.10/site-packages/airflow/example_dags/example_sensor_decorator.py
[2023-09-27T23:10:09.293-0400] {logging_mixin.py:151} INFO - [2023-09-27T23:10:09.293-0400] {dag.py:2915} INFO - Sync 1 DAGs
[2023-09-27T23:10:09.302-0400] {logging_mixin.py:151} INFO - [2023-09-27T23:10:09.301-0400] {dag.py:3696} INFO - Setting next_dagrun for example_sensor_decorator to None, run_after=None
[2023-09-27T23:10:09.324-0400] {processor.py:179} INFO - Processing /home/beau/airflow/py_env/lib/python3.10/site-packages/airflow/example_dags/example_sensor_decorator.py took 0.082 seconds
[2023-09-27T23:10:50.067-0400] {processor.py:157} INFO - Started process (PID=25202) to work on /home/beau/airflow/py_env/lib/python3.10/site-packages/airflow/example_dags/example_sensor_decorator.py
[2023-09-27T23:10:50.072-0400] {processor.py:829} INFO - Processing file /home/beau/airflow/py_env/lib/python3.10/site-packages/airflow/example_dags/example_sensor_decorator.py for tasks to queue
[2023-09-27T23:10:50.073-0400] {logging_mixin.py:151} INFO - [2023-09-27T23:10:50.073-0400] {dagbag.py:539} INFO - Filling up the DagBag from /home/beau/airflow/py_env/lib/python3.10/site-packages/airflow/example_dags/example_sensor_decorator.py
[2023-09-27T23:10:50.083-0400] {processor.py:839} INFO - DAG(s) dict_keys(['example_sensor_decorator']) retrieved from /home/beau/airflow/py_env/lib/python3.10/site-packages/airflow/example_dags/example_sensor_decorator.py
[2023-09-27T23:10:50.099-0400] {logging_mixin.py:151} INFO - [2023-09-27T23:10:50.099-0400] {dag.py:2915} INFO - Sync 1 DAGs
[2023-09-27T23:10:50.109-0400] {logging_mixin.py:151} INFO - [2023-09-27T23:10:50.108-0400] {dag.py:3696} INFO - Setting next_dagrun for example_sensor_decorator to None, run_after=None
[2023-09-27T23:10:50.134-0400] {processor.py:179} INFO - Processing /home/beau/airflow/py_env/lib/python3.10/site-packages/airflow/example_dags/example_sensor_decorator.py took 0.074 seconds
[2023-09-27T23:11:29.485-0400] {processor.py:157} INFO - Started process (PID=25360) to work on /home/beau/airflow/py_env/lib/python3.10/site-packages/airflow/example_dags/example_sensor_decorator.py
[2023-09-27T23:11:29.489-0400] {processor.py:829} INFO - Processing file /home/beau/airflow/py_env/lib/python3.10/site-packages/airflow/example_dags/example_sensor_decorator.py for tasks to queue
[2023-09-27T23:11:29.490-0400] {logging_mixin.py:151} INFO - [2023-09-27T23:11:29.490-0400] {dagbag.py:539} INFO - Filling up the DagBag from /home/beau/airflow/py_env/lib/python3.10/site-packages/airflow/example_dags/example_sensor_decorator.py
[2023-09-27T23:11:29.496-0400] {processor.py:839} INFO - DAG(s) dict_keys(['example_sensor_decorator']) retrieved from /home/beau/airflow/py_env/lib/python3.10/site-packages/airflow/example_dags/example_sensor_decorator.py
[2023-09-27T23:11:29.512-0400] {logging_mixin.py:151} INFO - [2023-09-27T23:11:29.511-0400] {dag.py:2915} INFO - Sync 1 DAGs
[2023-09-27T23:11:29.523-0400] {logging_mixin.py:151} INFO - [2023-09-27T23:11:29.522-0400] {dag.py:3696} INFO - Setting next_dagrun for example_sensor_decorator to None, run_after=None
[2023-09-27T23:11:29.548-0400] {processor.py:179} INFO - Processing /home/beau/airflow/py_env/lib/python3.10/site-packages/airflow/example_dags/example_sensor_decorator.py took 0.066 seconds
[2023-09-27T23:12:06.754-0400] {processor.py:157} INFO - Started process (PID=25547) to work on /home/beau/airflow/py_env/lib/python3.10/site-packages/airflow/example_dags/example_sensor_decorator.py
[2023-09-27T23:12:06.759-0400] {processor.py:829} INFO - Processing file /home/beau/airflow/py_env/lib/python3.10/site-packages/airflow/example_dags/example_sensor_decorator.py for tasks to queue
[2023-09-27T23:12:06.761-0400] {logging_mixin.py:151} INFO - [2023-09-27T23:12:06.760-0400] {dagbag.py:539} INFO - Filling up the DagBag from /home/beau/airflow/py_env/lib/python3.10/site-packages/airflow/example_dags/example_sensor_decorator.py
[2023-09-27T23:12:06.774-0400] {processor.py:839} INFO - DAG(s) dict_keys(['example_sensor_decorator']) retrieved from /home/beau/airflow/py_env/lib/python3.10/site-packages/airflow/example_dags/example_sensor_decorator.py
[2023-09-27T23:12:06.788-0400] {logging_mixin.py:151} INFO - [2023-09-27T23:12:06.788-0400] {dag.py:2915} INFO - Sync 1 DAGs
[2023-09-27T23:12:06.797-0400] {logging_mixin.py:151} INFO - [2023-09-27T23:12:06.797-0400] {dag.py:3696} INFO - Setting next_dagrun for example_sensor_decorator to None, run_after=None
[2023-09-27T23:12:06.820-0400] {processor.py:179} INFO - Processing /home/beau/airflow/py_env/lib/python3.10/site-packages/airflow/example_dags/example_sensor_decorator.py took 0.073 seconds
[2023-09-27T23:12:45.192-0400] {processor.py:157} INFO - Started process (PID=25675) to work on /home/beau/airflow/py_env/lib/python3.10/site-packages/airflow/example_dags/example_sensor_decorator.py
[2023-09-27T23:12:45.196-0400] {processor.py:829} INFO - Processing file /home/beau/airflow/py_env/lib/python3.10/site-packages/airflow/example_dags/example_sensor_decorator.py for tasks to queue
[2023-09-27T23:12:45.198-0400] {logging_mixin.py:151} INFO - [2023-09-27T23:12:45.197-0400] {dagbag.py:539} INFO - Filling up the DagBag from /home/beau/airflow/py_env/lib/python3.10/site-packages/airflow/example_dags/example_sensor_decorator.py
[2023-09-27T23:12:45.208-0400] {processor.py:839} INFO - DAG(s) dict_keys(['example_sensor_decorator']) retrieved from /home/beau/airflow/py_env/lib/python3.10/site-packages/airflow/example_dags/example_sensor_decorator.py
[2023-09-27T23:12:45.238-0400] {logging_mixin.py:151} INFO - [2023-09-27T23:12:45.238-0400] {dag.py:2915} INFO - Sync 1 DAGs
[2023-09-27T23:12:45.248-0400] {logging_mixin.py:151} INFO - [2023-09-27T23:12:45.248-0400] {dag.py:3696} INFO - Setting next_dagrun for example_sensor_decorator to None, run_after=None
[2023-09-27T23:12:45.270-0400] {processor.py:179} INFO - Processing /home/beau/airflow/py_env/lib/python3.10/site-packages/airflow/example_dags/example_sensor_decorator.py took 0.083 seconds
[2023-09-27T23:13:21.228-0400] {processor.py:157} INFO - Started process (PID=25924) to work on /home/beau/airflow/py_env/lib/python3.10/site-packages/airflow/example_dags/example_sensor_decorator.py
[2023-09-27T23:13:21.230-0400] {processor.py:829} INFO - Processing file /home/beau/airflow/py_env/lib/python3.10/site-packages/airflow/example_dags/example_sensor_decorator.py for tasks to queue
[2023-09-27T23:13:21.231-0400] {logging_mixin.py:151} INFO - [2023-09-27T23:13:21.231-0400] {dagbag.py:539} INFO - Filling up the DagBag from /home/beau/airflow/py_env/lib/python3.10/site-packages/airflow/example_dags/example_sensor_decorator.py
[2023-09-27T23:13:21.240-0400] {processor.py:839} INFO - DAG(s) dict_keys(['example_sensor_decorator']) retrieved from /home/beau/airflow/py_env/lib/python3.10/site-packages/airflow/example_dags/example_sensor_decorator.py
[2023-09-27T23:13:21.258-0400] {logging_mixin.py:151} INFO - [2023-09-27T23:13:21.258-0400] {dag.py:2915} INFO - Sync 1 DAGs
[2023-09-27T23:13:21.270-0400] {logging_mixin.py:151} INFO - [2023-09-27T23:13:21.269-0400] {dag.py:3696} INFO - Setting next_dagrun for example_sensor_decorator to None, run_after=None
[2023-09-27T23:13:21.294-0400] {processor.py:179} INFO - Processing /home/beau/airflow/py_env/lib/python3.10/site-packages/airflow/example_dags/example_sensor_decorator.py took 0.070 seconds
[2023-09-27T23:14:13.294-0400] {processor.py:157} INFO - Started process (PID=26163) to work on /home/beau/airflow/py_env/lib/python3.10/site-packages/airflow/example_dags/example_sensor_decorator.py
[2023-09-27T23:14:13.298-0400] {processor.py:829} INFO - Processing file /home/beau/airflow/py_env/lib/python3.10/site-packages/airflow/example_dags/example_sensor_decorator.py for tasks to queue
[2023-09-27T23:14:13.299-0400] {logging_mixin.py:151} INFO - [2023-09-27T23:14:13.298-0400] {dagbag.py:539} INFO - Filling up the DagBag from /home/beau/airflow/py_env/lib/python3.10/site-packages/airflow/example_dags/example_sensor_decorator.py
[2023-09-27T23:14:13.308-0400] {processor.py:839} INFO - DAG(s) dict_keys(['example_sensor_decorator']) retrieved from /home/beau/airflow/py_env/lib/python3.10/site-packages/airflow/example_dags/example_sensor_decorator.py
[2023-09-27T23:14:13.330-0400] {logging_mixin.py:151} INFO - [2023-09-27T23:14:13.329-0400] {dag.py:2915} INFO - Sync 1 DAGs
[2023-09-27T23:14:13.342-0400] {logging_mixin.py:151} INFO - [2023-09-27T23:14:13.342-0400] {dag.py:3696} INFO - Setting next_dagrun for example_sensor_decorator to None, run_after=None
[2023-09-27T23:14:13.365-0400] {processor.py:179} INFO - Processing /home/beau/airflow/py_env/lib/python3.10/site-packages/airflow/example_dags/example_sensor_decorator.py took 0.075 seconds
[2023-09-27T23:14:50.364-0400] {processor.py:157} INFO - Started process (PID=26352) to work on /home/beau/airflow/py_env/lib/python3.10/site-packages/airflow/example_dags/example_sensor_decorator.py
[2023-09-27T23:14:50.368-0400] {processor.py:829} INFO - Processing file /home/beau/airflow/py_env/lib/python3.10/site-packages/airflow/example_dags/example_sensor_decorator.py for tasks to queue
[2023-09-27T23:14:50.370-0400] {logging_mixin.py:151} INFO - [2023-09-27T23:14:50.369-0400] {dagbag.py:539} INFO - Filling up the DagBag from /home/beau/airflow/py_env/lib/python3.10/site-packages/airflow/example_dags/example_sensor_decorator.py
[2023-09-27T23:14:50.380-0400] {processor.py:839} INFO - DAG(s) dict_keys(['example_sensor_decorator']) retrieved from /home/beau/airflow/py_env/lib/python3.10/site-packages/airflow/example_dags/example_sensor_decorator.py
[2023-09-27T23:14:50.396-0400] {logging_mixin.py:151} INFO - [2023-09-27T23:14:50.396-0400] {dag.py:2915} INFO - Sync 1 DAGs
[2023-09-27T23:14:50.406-0400] {logging_mixin.py:151} INFO - [2023-09-27T23:14:50.405-0400] {dag.py:3696} INFO - Setting next_dagrun for example_sensor_decorator to None, run_after=None
[2023-09-27T23:14:50.430-0400] {processor.py:179} INFO - Processing /home/beau/airflow/py_env/lib/python3.10/site-packages/airflow/example_dags/example_sensor_decorator.py took 0.071 seconds
[2023-09-27T23:15:45.003-0400] {processor.py:157} INFO - Started process (PID=26544) to work on /home/beau/airflow/py_env/lib/python3.10/site-packages/airflow/example_dags/example_sensor_decorator.py
[2023-09-27T23:15:45.008-0400] {processor.py:829} INFO - Processing file /home/beau/airflow/py_env/lib/python3.10/site-packages/airflow/example_dags/example_sensor_decorator.py for tasks to queue
[2023-09-27T23:15:45.009-0400] {logging_mixin.py:151} INFO - [2023-09-27T23:15:45.009-0400] {dagbag.py:539} INFO - Filling up the DagBag from /home/beau/airflow/py_env/lib/python3.10/site-packages/airflow/example_dags/example_sensor_decorator.py
[2023-09-27T23:15:45.022-0400] {processor.py:839} INFO - DAG(s) dict_keys(['example_sensor_decorator']) retrieved from /home/beau/airflow/py_env/lib/python3.10/site-packages/airflow/example_dags/example_sensor_decorator.py
[2023-09-27T23:15:45.038-0400] {logging_mixin.py:151} INFO - [2023-09-27T23:15:45.038-0400] {dag.py:2915} INFO - Sync 1 DAGs
[2023-09-27T23:15:45.048-0400] {logging_mixin.py:151} INFO - [2023-09-27T23:15:45.048-0400] {dag.py:3696} INFO - Setting next_dagrun for example_sensor_decorator to None, run_after=None
[2023-09-27T23:15:45.073-0400] {processor.py:179} INFO - Processing /home/beau/airflow/py_env/lib/python3.10/site-packages/airflow/example_dags/example_sensor_decorator.py took 0.077 seconds
[2023-09-27T23:16:23.626-0400] {processor.py:157} INFO - Started process (PID=26732) to work on /home/beau/airflow/py_env/lib/python3.10/site-packages/airflow/example_dags/example_sensor_decorator.py
[2023-09-27T23:16:23.631-0400] {processor.py:829} INFO - Processing file /home/beau/airflow/py_env/lib/python3.10/site-packages/airflow/example_dags/example_sensor_decorator.py for tasks to queue
[2023-09-27T23:16:23.633-0400] {logging_mixin.py:151} INFO - [2023-09-27T23:16:23.632-0400] {dagbag.py:539} INFO - Filling up the DagBag from /home/beau/airflow/py_env/lib/python3.10/site-packages/airflow/example_dags/example_sensor_decorator.py
[2023-09-27T23:16:23.645-0400] {processor.py:839} INFO - DAG(s) dict_keys(['example_sensor_decorator']) retrieved from /home/beau/airflow/py_env/lib/python3.10/site-packages/airflow/example_dags/example_sensor_decorator.py
[2023-09-27T23:16:23.661-0400] {logging_mixin.py:151} INFO - [2023-09-27T23:16:23.660-0400] {dag.py:2915} INFO - Sync 1 DAGs
[2023-09-27T23:16:23.671-0400] {logging_mixin.py:151} INFO - [2023-09-27T23:16:23.671-0400] {dag.py:3696} INFO - Setting next_dagrun for example_sensor_decorator to None, run_after=None
[2023-09-27T23:16:23.700-0400] {processor.py:179} INFO - Processing /home/beau/airflow/py_env/lib/python3.10/site-packages/airflow/example_dags/example_sensor_decorator.py took 0.081 seconds
[2023-09-27T23:17:00.677-0400] {processor.py:157} INFO - Started process (PID=26942) to work on /home/beau/airflow/py_env/lib/python3.10/site-packages/airflow/example_dags/example_sensor_decorator.py
[2023-09-27T23:17:00.681-0400] {processor.py:829} INFO - Processing file /home/beau/airflow/py_env/lib/python3.10/site-packages/airflow/example_dags/example_sensor_decorator.py for tasks to queue
[2023-09-27T23:17:00.682-0400] {logging_mixin.py:151} INFO - [2023-09-27T23:17:00.681-0400] {dagbag.py:539} INFO - Filling up the DagBag from /home/beau/airflow/py_env/lib/python3.10/site-packages/airflow/example_dags/example_sensor_decorator.py
[2023-09-27T23:17:00.691-0400] {processor.py:839} INFO - DAG(s) dict_keys(['example_sensor_decorator']) retrieved from /home/beau/airflow/py_env/lib/python3.10/site-packages/airflow/example_dags/example_sensor_decorator.py
[2023-09-27T23:17:00.722-0400] {logging_mixin.py:151} INFO - [2023-09-27T23:17:00.722-0400] {dag.py:2915} INFO - Sync 1 DAGs
[2023-09-27T23:17:00.735-0400] {logging_mixin.py:151} INFO - [2023-09-27T23:17:00.735-0400] {dag.py:3696} INFO - Setting next_dagrun for example_sensor_decorator to None, run_after=None
[2023-09-27T23:17:00.764-0400] {processor.py:179} INFO - Processing /home/beau/airflow/py_env/lib/python3.10/site-packages/airflow/example_dags/example_sensor_decorator.py took 0.090 seconds
[2023-09-27T23:17:37.434-0400] {processor.py:157} INFO - Started process (PID=27071) to work on /home/beau/airflow/py_env/lib/python3.10/site-packages/airflow/example_dags/example_sensor_decorator.py
[2023-09-27T23:17:37.439-0400] {processor.py:829} INFO - Processing file /home/beau/airflow/py_env/lib/python3.10/site-packages/airflow/example_dags/example_sensor_decorator.py for tasks to queue
[2023-09-27T23:17:37.440-0400] {logging_mixin.py:151} INFO - [2023-09-27T23:17:37.440-0400] {dagbag.py:539} INFO - Filling up the DagBag from /home/beau/airflow/py_env/lib/python3.10/site-packages/airflow/example_dags/example_sensor_decorator.py
[2023-09-27T23:17:37.450-0400] {processor.py:839} INFO - DAG(s) dict_keys(['example_sensor_decorator']) retrieved from /home/beau/airflow/py_env/lib/python3.10/site-packages/airflow/example_dags/example_sensor_decorator.py
[2023-09-27T23:17:37.468-0400] {logging_mixin.py:151} INFO - [2023-09-27T23:17:37.468-0400] {dag.py:2915} INFO - Sync 1 DAGs
[2023-09-27T23:17:37.478-0400] {logging_mixin.py:151} INFO - [2023-09-27T23:17:37.478-0400] {dag.py:3696} INFO - Setting next_dagrun for example_sensor_decorator to None, run_after=None
[2023-09-27T23:17:37.514-0400] {processor.py:179} INFO - Processing /home/beau/airflow/py_env/lib/python3.10/site-packages/airflow/example_dags/example_sensor_decorator.py took 0.084 seconds
[2023-09-27T23:18:14.648-0400] {processor.py:157} INFO - Started process (PID=27327) to work on /home/beau/airflow/py_env/lib/python3.10/site-packages/airflow/example_dags/example_sensor_decorator.py
[2023-09-27T23:18:14.652-0400] {processor.py:829} INFO - Processing file /home/beau/airflow/py_env/lib/python3.10/site-packages/airflow/example_dags/example_sensor_decorator.py for tasks to queue
[2023-09-27T23:18:14.653-0400] {logging_mixin.py:151} INFO - [2023-09-27T23:18:14.653-0400] {dagbag.py:539} INFO - Filling up the DagBag from /home/beau/airflow/py_env/lib/python3.10/site-packages/airflow/example_dags/example_sensor_decorator.py
[2023-09-27T23:18:14.659-0400] {processor.py:839} INFO - DAG(s) dict_keys(['example_sensor_decorator']) retrieved from /home/beau/airflow/py_env/lib/python3.10/site-packages/airflow/example_dags/example_sensor_decorator.py
[2023-09-27T23:18:14.673-0400] {logging_mixin.py:151} INFO - [2023-09-27T23:18:14.672-0400] {dag.py:2915} INFO - Sync 1 DAGs
[2023-09-27T23:18:14.682-0400] {logging_mixin.py:151} INFO - [2023-09-27T23:18:14.682-0400] {dag.py:3696} INFO - Setting next_dagrun for example_sensor_decorator to None, run_after=None
[2023-09-27T23:18:14.706-0400] {processor.py:179} INFO - Processing /home/beau/airflow/py_env/lib/python3.10/site-packages/airflow/example_dags/example_sensor_decorator.py took 0.061 seconds
[2023-09-27T23:19:06.618-0400] {processor.py:157} INFO - Started process (PID=27771) to work on /home/beau/airflow/py_env/lib/python3.10/site-packages/airflow/example_dags/example_sensor_decorator.py
[2023-09-27T23:19:06.622-0400] {processor.py:829} INFO - Processing file /home/beau/airflow/py_env/lib/python3.10/site-packages/airflow/example_dags/example_sensor_decorator.py for tasks to queue
[2023-09-27T23:19:06.624-0400] {logging_mixin.py:151} INFO - [2023-09-27T23:19:06.623-0400] {dagbag.py:539} INFO - Filling up the DagBag from /home/beau/airflow/py_env/lib/python3.10/site-packages/airflow/example_dags/example_sensor_decorator.py
[2023-09-27T23:19:06.634-0400] {processor.py:839} INFO - DAG(s) dict_keys(['example_sensor_decorator']) retrieved from /home/beau/airflow/py_env/lib/python3.10/site-packages/airflow/example_dags/example_sensor_decorator.py
[2023-09-27T23:19:06.650-0400] {logging_mixin.py:151} INFO - [2023-09-27T23:19:06.649-0400] {dag.py:2915} INFO - Sync 1 DAGs
[2023-09-27T23:19:06.659-0400] {logging_mixin.py:151} INFO - [2023-09-27T23:19:06.659-0400] {dag.py:3696} INFO - Setting next_dagrun for example_sensor_decorator to None, run_after=None
[2023-09-27T23:19:06.684-0400] {processor.py:179} INFO - Processing /home/beau/airflow/py_env/lib/python3.10/site-packages/airflow/example_dags/example_sensor_decorator.py took 0.071 seconds
[2023-09-27T23:20:00.828-0400] {processor.py:157} INFO - Started process (PID=28366) to work on /home/beau/airflow/py_env/lib/python3.10/site-packages/airflow/example_dags/example_sensor_decorator.py
[2023-09-27T23:20:00.832-0400] {processor.py:829} INFO - Processing file /home/beau/airflow/py_env/lib/python3.10/site-packages/airflow/example_dags/example_sensor_decorator.py for tasks to queue
[2023-09-27T23:20:00.833-0400] {logging_mixin.py:151} INFO - [2023-09-27T23:20:00.833-0400] {dagbag.py:539} INFO - Filling up the DagBag from /home/beau/airflow/py_env/lib/python3.10/site-packages/airflow/example_dags/example_sensor_decorator.py
[2023-09-27T23:20:00.840-0400] {processor.py:839} INFO - DAG(s) dict_keys(['example_sensor_decorator']) retrieved from /home/beau/airflow/py_env/lib/python3.10/site-packages/airflow/example_dags/example_sensor_decorator.py
[2023-09-27T23:20:00.856-0400] {logging_mixin.py:151} INFO - [2023-09-27T23:20:00.856-0400] {dag.py:2915} INFO - Sync 1 DAGs
[2023-09-27T23:20:00.867-0400] {logging_mixin.py:151} INFO - [2023-09-27T23:20:00.867-0400] {dag.py:3696} INFO - Setting next_dagrun for example_sensor_decorator to None, run_after=None
[2023-09-27T23:20:00.888-0400] {processor.py:179} INFO - Processing /home/beau/airflow/py_env/lib/python3.10/site-packages/airflow/example_dags/example_sensor_decorator.py took 0.066 seconds
[2023-09-27T23:20:37.576-0400] {processor.py:157} INFO - Started process (PID=28703) to work on /home/beau/airflow/py_env/lib/python3.10/site-packages/airflow/example_dags/example_sensor_decorator.py
[2023-09-27T23:20:37.578-0400] {processor.py:829} INFO - Processing file /home/beau/airflow/py_env/lib/python3.10/site-packages/airflow/example_dags/example_sensor_decorator.py for tasks to queue
[2023-09-27T23:20:37.579-0400] {logging_mixin.py:151} INFO - [2023-09-27T23:20:37.579-0400] {dagbag.py:539} INFO - Filling up the DagBag from /home/beau/airflow/py_env/lib/python3.10/site-packages/airflow/example_dags/example_sensor_decorator.py
[2023-09-27T23:20:37.587-0400] {processor.py:839} INFO - DAG(s) dict_keys(['example_sensor_decorator']) retrieved from /home/beau/airflow/py_env/lib/python3.10/site-packages/airflow/example_dags/example_sensor_decorator.py
[2023-09-27T23:20:37.606-0400] {logging_mixin.py:151} INFO - [2023-09-27T23:20:37.605-0400] {dag.py:2915} INFO - Sync 1 DAGs
[2023-09-27T23:20:37.621-0400] {logging_mixin.py:151} INFO - [2023-09-27T23:20:37.620-0400] {dag.py:3696} INFO - Setting next_dagrun for example_sensor_decorator to None, run_after=None
[2023-09-27T23:20:37.648-0400] {processor.py:179} INFO - Processing /home/beau/airflow/py_env/lib/python3.10/site-packages/airflow/example_dags/example_sensor_decorator.py took 0.076 seconds
[2023-09-27T23:21:17.394-0400] {processor.py:157} INFO - Started process (PID=29085) to work on /home/beau/airflow/py_env/lib/python3.10/site-packages/airflow/example_dags/example_sensor_decorator.py
[2023-09-27T23:21:17.398-0400] {processor.py:829} INFO - Processing file /home/beau/airflow/py_env/lib/python3.10/site-packages/airflow/example_dags/example_sensor_decorator.py for tasks to queue
[2023-09-27T23:21:17.400-0400] {logging_mixin.py:151} INFO - [2023-09-27T23:21:17.399-0400] {dagbag.py:539} INFO - Filling up the DagBag from /home/beau/airflow/py_env/lib/python3.10/site-packages/airflow/example_dags/example_sensor_decorator.py
[2023-09-27T23:21:17.412-0400] {processor.py:839} INFO - DAG(s) dict_keys(['example_sensor_decorator']) retrieved from /home/beau/airflow/py_env/lib/python3.10/site-packages/airflow/example_dags/example_sensor_decorator.py
[2023-09-27T23:21:17.430-0400] {logging_mixin.py:151} INFO - [2023-09-27T23:21:17.430-0400] {dag.py:2915} INFO - Sync 1 DAGs
[2023-09-27T23:21:17.442-0400] {logging_mixin.py:151} INFO - [2023-09-27T23:21:17.442-0400] {dag.py:3696} INFO - Setting next_dagrun for example_sensor_decorator to None, run_after=None
[2023-09-27T23:21:17.466-0400] {processor.py:179} INFO - Processing /home/beau/airflow/py_env/lib/python3.10/site-packages/airflow/example_dags/example_sensor_decorator.py took 0.081 seconds
[2023-09-27T23:21:55.173-0400] {processor.py:157} INFO - Started process (PID=29412) to work on /home/beau/airflow/py_env/lib/python3.10/site-packages/airflow/example_dags/example_sensor_decorator.py
[2023-09-27T23:21:55.177-0400] {processor.py:829} INFO - Processing file /home/beau/airflow/py_env/lib/python3.10/site-packages/airflow/example_dags/example_sensor_decorator.py for tasks to queue
[2023-09-27T23:21:55.180-0400] {logging_mixin.py:151} INFO - [2023-09-27T23:21:55.179-0400] {dagbag.py:539} INFO - Filling up the DagBag from /home/beau/airflow/py_env/lib/python3.10/site-packages/airflow/example_dags/example_sensor_decorator.py
[2023-09-27T23:21:55.201-0400] {processor.py:839} INFO - DAG(s) dict_keys(['example_sensor_decorator']) retrieved from /home/beau/airflow/py_env/lib/python3.10/site-packages/airflow/example_dags/example_sensor_decorator.py
[2023-09-27T23:21:55.223-0400] {logging_mixin.py:151} INFO - [2023-09-27T23:21:55.222-0400] {dag.py:2915} INFO - Sync 1 DAGs
[2023-09-27T23:21:55.233-0400] {logging_mixin.py:151} INFO - [2023-09-27T23:21:55.233-0400] {dag.py:3696} INFO - Setting next_dagrun for example_sensor_decorator to None, run_after=None
[2023-09-27T23:21:55.256-0400] {processor.py:179} INFO - Processing /home/beau/airflow/py_env/lib/python3.10/site-packages/airflow/example_dags/example_sensor_decorator.py took 0.085 seconds
[2023-09-27T23:22:34.354-0400] {processor.py:157} INFO - Started process (PID=29547) to work on /home/beau/airflow/py_env/lib/python3.10/site-packages/airflow/example_dags/example_sensor_decorator.py
[2023-09-27T23:22:34.358-0400] {processor.py:829} INFO - Processing file /home/beau/airflow/py_env/lib/python3.10/site-packages/airflow/example_dags/example_sensor_decorator.py for tasks to queue
[2023-09-27T23:22:34.360-0400] {logging_mixin.py:151} INFO - [2023-09-27T23:22:34.359-0400] {dagbag.py:539} INFO - Filling up the DagBag from /home/beau/airflow/py_env/lib/python3.10/site-packages/airflow/example_dags/example_sensor_decorator.py
[2023-09-27T23:22:34.372-0400] {processor.py:839} INFO - DAG(s) dict_keys(['example_sensor_decorator']) retrieved from /home/beau/airflow/py_env/lib/python3.10/site-packages/airflow/example_dags/example_sensor_decorator.py
[2023-09-27T23:22:34.388-0400] {logging_mixin.py:151} INFO - [2023-09-27T23:22:34.387-0400] {dag.py:2915} INFO - Sync 1 DAGs
[2023-09-27T23:22:34.397-0400] {logging_mixin.py:151} INFO - [2023-09-27T23:22:34.397-0400] {dag.py:3696} INFO - Setting next_dagrun for example_sensor_decorator to None, run_after=None
[2023-09-27T23:22:34.420-0400] {processor.py:179} INFO - Processing /home/beau/airflow/py_env/lib/python3.10/site-packages/airflow/example_dags/example_sensor_decorator.py took 0.073 seconds
[2023-09-27T23:23:14.366-0400] {processor.py:157} INFO - Started process (PID=29960) to work on /home/beau/airflow/py_env/lib/python3.10/site-packages/airflow/example_dags/example_sensor_decorator.py
[2023-09-27T23:23:14.370-0400] {processor.py:829} INFO - Processing file /home/beau/airflow/py_env/lib/python3.10/site-packages/airflow/example_dags/example_sensor_decorator.py for tasks to queue
[2023-09-27T23:23:14.371-0400] {logging_mixin.py:151} INFO - [2023-09-27T23:23:14.370-0400] {dagbag.py:539} INFO - Filling up the DagBag from /home/beau/airflow/py_env/lib/python3.10/site-packages/airflow/example_dags/example_sensor_decorator.py
[2023-09-27T23:23:14.377-0400] {processor.py:839} INFO - DAG(s) dict_keys(['example_sensor_decorator']) retrieved from /home/beau/airflow/py_env/lib/python3.10/site-packages/airflow/example_dags/example_sensor_decorator.py
[2023-09-27T23:23:14.390-0400] {logging_mixin.py:151} INFO - [2023-09-27T23:23:14.390-0400] {dag.py:2915} INFO - Sync 1 DAGs
[2023-09-27T23:23:14.400-0400] {logging_mixin.py:151} INFO - [2023-09-27T23:23:14.399-0400] {dag.py:3696} INFO - Setting next_dagrun for example_sensor_decorator to None, run_after=None
[2023-09-27T23:23:14.422-0400] {processor.py:179} INFO - Processing /home/beau/airflow/py_env/lib/python3.10/site-packages/airflow/example_dags/example_sensor_decorator.py took 0.061 seconds
[2023-09-27T23:23:52.844-0400] {processor.py:157} INFO - Started process (PID=30340) to work on /home/beau/airflow/py_env/lib/python3.10/site-packages/airflow/example_dags/example_sensor_decorator.py
[2023-09-27T23:23:52.848-0400] {processor.py:829} INFO - Processing file /home/beau/airflow/py_env/lib/python3.10/site-packages/airflow/example_dags/example_sensor_decorator.py for tasks to queue
[2023-09-27T23:23:52.849-0400] {logging_mixin.py:151} INFO - [2023-09-27T23:23:52.849-0400] {dagbag.py:539} INFO - Filling up the DagBag from /home/beau/airflow/py_env/lib/python3.10/site-packages/airflow/example_dags/example_sensor_decorator.py
[2023-09-27T23:23:52.859-0400] {processor.py:839} INFO - DAG(s) dict_keys(['example_sensor_decorator']) retrieved from /home/beau/airflow/py_env/lib/python3.10/site-packages/airflow/example_dags/example_sensor_decorator.py
[2023-09-27T23:23:52.877-0400] {logging_mixin.py:151} INFO - [2023-09-27T23:23:52.877-0400] {dag.py:2915} INFO - Sync 1 DAGs
[2023-09-27T23:23:52.887-0400] {logging_mixin.py:151} INFO - [2023-09-27T23:23:52.887-0400] {dag.py:3696} INFO - Setting next_dagrun for example_sensor_decorator to None, run_after=None
[2023-09-27T23:23:52.910-0400] {processor.py:179} INFO - Processing /home/beau/airflow/py_env/lib/python3.10/site-packages/airflow/example_dags/example_sensor_decorator.py took 0.071 seconds
