[2023-09-27T22:33:34.903-0400] {processor.py:157} INFO - Started process (PID=8657) to work on /home/beau/airflow/py_env/lib/python3.10/site-packages/airflow/example_dags/example_branch_day_of_week_operator.py
[2023-09-27T22:33:34.904-0400] {processor.py:829} INFO - Processing file /home/beau/airflow/py_env/lib/python3.10/site-packages/airflow/example_dags/example_branch_day_of_week_operator.py for tasks to queue
[2023-09-27T22:33:34.906-0400] {logging_mixin.py:151} INFO - [2023-09-27T22:33:34.905-0400] {dagbag.py:539} INFO - Filling up the DagBag from /home/beau/airflow/py_env/lib/python3.10/site-packages/airflow/example_dags/example_branch_day_of_week_operator.py
[2023-09-27T22:33:34.917-0400] {processor.py:839} INFO - DAG(s) dict_keys(['example_weekday_branch_operator']) retrieved from /home/beau/airflow/py_env/lib/python3.10/site-packages/airflow/example_dags/example_branch_day_of_week_operator.py
[2023-09-27T22:33:34.936-0400] {logging_mixin.py:151} INFO - [2023-09-27T22:33:34.936-0400] {dag.py:2915} INFO - Sync 1 DAGs
[2023-09-27T22:33:34.951-0400] {logging_mixin.py:151} INFO - [2023-09-27T22:33:34.951-0400] {dag.py:3696} INFO - Setting next_dagrun for example_weekday_branch_operator to 2023-09-27T00:00:00+00:00, run_after=2023-09-28T00:00:00+00:00
[2023-09-27T22:33:34.978-0400] {processor.py:179} INFO - Processing /home/beau/airflow/py_env/lib/python3.10/site-packages/airflow/example_dags/example_branch_day_of_week_operator.py took 0.082 seconds
[2023-09-27T22:34:29.779-0400] {processor.py:157} INFO - Started process (PID=9037) to work on /home/beau/airflow/py_env/lib/python3.10/site-packages/airflow/example_dags/example_branch_day_of_week_operator.py
[2023-09-27T22:34:29.783-0400] {processor.py:829} INFO - Processing file /home/beau/airflow/py_env/lib/python3.10/site-packages/airflow/example_dags/example_branch_day_of_week_operator.py for tasks to queue
[2023-09-27T22:34:29.784-0400] {logging_mixin.py:151} INFO - [2023-09-27T22:34:29.783-0400] {dagbag.py:539} INFO - Filling up the DagBag from /home/beau/airflow/py_env/lib/python3.10/site-packages/airflow/example_dags/example_branch_day_of_week_operator.py
[2023-09-27T22:34:29.793-0400] {processor.py:839} INFO - DAG(s) dict_keys(['example_weekday_branch_operator']) retrieved from /home/beau/airflow/py_env/lib/python3.10/site-packages/airflow/example_dags/example_branch_day_of_week_operator.py
[2023-09-27T22:34:29.818-0400] {logging_mixin.py:151} INFO - [2023-09-27T22:34:29.817-0400] {dag.py:2915} INFO - Sync 1 DAGs
[2023-09-27T22:34:29.841-0400] {logging_mixin.py:151} INFO - [2023-09-27T22:34:29.841-0400] {dag.py:3696} INFO - Setting next_dagrun for example_weekday_branch_operator to 2023-09-27T00:00:00+00:00, run_after=2023-09-28T00:00:00+00:00
[2023-09-27T22:34:29.874-0400] {processor.py:179} INFO - Processing /home/beau/airflow/py_env/lib/python3.10/site-packages/airflow/example_dags/example_branch_day_of_week_operator.py took 0.099 seconds
[2023-09-27T22:35:42.186-0400] {processor.py:157} INFO - Started process (PID=9712) to work on /home/beau/airflow/py_env/lib/python3.10/site-packages/airflow/example_dags/example_branch_day_of_week_operator.py
[2023-09-27T22:35:42.190-0400] {processor.py:829} INFO - Processing file /home/beau/airflow/py_env/lib/python3.10/site-packages/airflow/example_dags/example_branch_day_of_week_operator.py for tasks to queue
[2023-09-27T22:35:42.191-0400] {logging_mixin.py:151} INFO - [2023-09-27T22:35:42.191-0400] {dagbag.py:539} INFO - Filling up the DagBag from /home/beau/airflow/py_env/lib/python3.10/site-packages/airflow/example_dags/example_branch_day_of_week_operator.py
[2023-09-27T22:35:42.198-0400] {processor.py:839} INFO - DAG(s) dict_keys(['example_weekday_branch_operator']) retrieved from /home/beau/airflow/py_env/lib/python3.10/site-packages/airflow/example_dags/example_branch_day_of_week_operator.py
[2023-09-27T22:35:42.216-0400] {logging_mixin.py:151} INFO - [2023-09-27T22:35:42.215-0400] {dag.py:2915} INFO - Sync 1 DAGs
[2023-09-27T22:35:42.398-0400] {logging_mixin.py:151} INFO - [2023-09-27T22:35:42.398-0400] {dag.py:3696} INFO - Setting next_dagrun for example_weekday_branch_operator to 2023-09-27T00:00:00+00:00, run_after=2023-09-28T00:00:00+00:00
[2023-09-27T22:35:42.430-0400] {processor.py:179} INFO - Processing /home/beau/airflow/py_env/lib/python3.10/site-packages/airflow/example_dags/example_branch_day_of_week_operator.py took 0.248 seconds
[2023-09-27T22:36:36.538-0400] {processor.py:157} INFO - Started process (PID=10458) to work on /home/beau/airflow/py_env/lib/python3.10/site-packages/airflow/example_dags/example_branch_day_of_week_operator.py
[2023-09-27T22:36:36.542-0400] {processor.py:829} INFO - Processing file /home/beau/airflow/py_env/lib/python3.10/site-packages/airflow/example_dags/example_branch_day_of_week_operator.py for tasks to queue
[2023-09-27T22:36:36.543-0400] {logging_mixin.py:151} INFO - [2023-09-27T22:36:36.542-0400] {dagbag.py:539} INFO - Filling up the DagBag from /home/beau/airflow/py_env/lib/python3.10/site-packages/airflow/example_dags/example_branch_day_of_week_operator.py
[2023-09-27T22:36:36.556-0400] {processor.py:839} INFO - DAG(s) dict_keys(['example_weekday_branch_operator']) retrieved from /home/beau/airflow/py_env/lib/python3.10/site-packages/airflow/example_dags/example_branch_day_of_week_operator.py
[2023-09-27T22:36:36.581-0400] {logging_mixin.py:151} INFO - [2023-09-27T22:36:36.581-0400] {dag.py:2915} INFO - Sync 1 DAGs
[2023-09-27T22:36:36.609-0400] {logging_mixin.py:151} INFO - [2023-09-27T22:36:36.609-0400] {dag.py:3696} INFO - Setting next_dagrun for example_weekday_branch_operator to 2023-09-27T00:00:00+00:00, run_after=2023-09-28T00:00:00+00:00
[2023-09-27T22:36:36.671-0400] {processor.py:179} INFO - Processing /home/beau/airflow/py_env/lib/python3.10/site-packages/airflow/example_dags/example_branch_day_of_week_operator.py took 0.139 seconds
[2023-09-27T22:37:37.340-0400] {processor.py:157} INFO - Started process (PID=10842) to work on /home/beau/airflow/py_env/lib/python3.10/site-packages/airflow/example_dags/example_branch_day_of_week_operator.py
[2023-09-27T22:37:37.343-0400] {processor.py:829} INFO - Processing file /home/beau/airflow/py_env/lib/python3.10/site-packages/airflow/example_dags/example_branch_day_of_week_operator.py for tasks to queue
[2023-09-27T22:37:37.344-0400] {logging_mixin.py:151} INFO - [2023-09-27T22:37:37.344-0400] {dagbag.py:539} INFO - Filling up the DagBag from /home/beau/airflow/py_env/lib/python3.10/site-packages/airflow/example_dags/example_branch_day_of_week_operator.py
[2023-09-27T22:37:37.354-0400] {processor.py:839} INFO - DAG(s) dict_keys(['example_weekday_branch_operator']) retrieved from /home/beau/airflow/py_env/lib/python3.10/site-packages/airflow/example_dags/example_branch_day_of_week_operator.py
[2023-09-27T22:37:37.372-0400] {logging_mixin.py:151} INFO - [2023-09-27T22:37:37.372-0400] {dag.py:2915} INFO - Sync 1 DAGs
[2023-09-27T22:37:37.391-0400] {logging_mixin.py:151} INFO - [2023-09-27T22:37:37.391-0400] {dag.py:3696} INFO - Setting next_dagrun for example_weekday_branch_operator to 2023-09-27T00:00:00+00:00, run_after=2023-09-28T00:00:00+00:00
[2023-09-27T22:37:37.419-0400] {processor.py:179} INFO - Processing /home/beau/airflow/py_env/lib/python3.10/site-packages/airflow/example_dags/example_branch_day_of_week_operator.py took 0.082 seconds
[2023-09-27T22:38:36.579-0400] {processor.py:157} INFO - Started process (PID=11446) to work on /home/beau/airflow/py_env/lib/python3.10/site-packages/airflow/example_dags/example_branch_day_of_week_operator.py
[2023-09-27T22:38:36.583-0400] {processor.py:829} INFO - Processing file /home/beau/airflow/py_env/lib/python3.10/site-packages/airflow/example_dags/example_branch_day_of_week_operator.py for tasks to queue
[2023-09-27T22:38:36.584-0400] {logging_mixin.py:151} INFO - [2023-09-27T22:38:36.583-0400] {dagbag.py:539} INFO - Filling up the DagBag from /home/beau/airflow/py_env/lib/python3.10/site-packages/airflow/example_dags/example_branch_day_of_week_operator.py
[2023-09-27T22:38:36.591-0400] {processor.py:839} INFO - DAG(s) dict_keys(['example_weekday_branch_operator']) retrieved from /home/beau/airflow/py_env/lib/python3.10/site-packages/airflow/example_dags/example_branch_day_of_week_operator.py
[2023-09-27T22:38:36.607-0400] {logging_mixin.py:151} INFO - [2023-09-27T22:38:36.607-0400] {dag.py:2915} INFO - Sync 1 DAGs
[2023-09-27T22:38:36.625-0400] {logging_mixin.py:151} INFO - [2023-09-27T22:38:36.625-0400] {dag.py:3696} INFO - Setting next_dagrun for example_weekday_branch_operator to 2023-09-27T00:00:00+00:00, run_after=2023-09-28T00:00:00+00:00
[2023-09-27T22:38:36.649-0400] {processor.py:179} INFO - Processing /home/beau/airflow/py_env/lib/python3.10/site-packages/airflow/example_dags/example_branch_day_of_week_operator.py took 0.075 seconds
[2023-09-27T22:39:27.404-0400] {processor.py:157} INFO - Started process (PID=11874) to work on /home/beau/airflow/py_env/lib/python3.10/site-packages/airflow/example_dags/example_branch_day_of_week_operator.py
[2023-09-27T22:39:27.408-0400] {processor.py:829} INFO - Processing file /home/beau/airflow/py_env/lib/python3.10/site-packages/airflow/example_dags/example_branch_day_of_week_operator.py for tasks to queue
[2023-09-27T22:39:27.410-0400] {logging_mixin.py:151} INFO - [2023-09-27T22:39:27.410-0400] {dagbag.py:539} INFO - Filling up the DagBag from /home/beau/airflow/py_env/lib/python3.10/site-packages/airflow/example_dags/example_branch_day_of_week_operator.py
[2023-09-27T22:39:27.425-0400] {processor.py:839} INFO - DAG(s) dict_keys(['example_weekday_branch_operator']) retrieved from /home/beau/airflow/py_env/lib/python3.10/site-packages/airflow/example_dags/example_branch_day_of_week_operator.py
[2023-09-27T22:39:27.446-0400] {logging_mixin.py:151} INFO - [2023-09-27T22:39:27.446-0400] {dag.py:2915} INFO - Sync 1 DAGs
[2023-09-27T22:39:27.466-0400] {logging_mixin.py:151} INFO - [2023-09-27T22:39:27.466-0400] {dag.py:3696} INFO - Setting next_dagrun for example_weekday_branch_operator to 2023-09-27T00:00:00+00:00, run_after=2023-09-28T00:00:00+00:00
[2023-09-27T22:39:27.497-0400] {processor.py:179} INFO - Processing /home/beau/airflow/py_env/lib/python3.10/site-packages/airflow/example_dags/example_branch_day_of_week_operator.py took 0.099 seconds
[2023-09-27T22:40:31.880-0400] {processor.py:157} INFO - Started process (PID=12150) to work on /home/beau/airflow/py_env/lib/python3.10/site-packages/airflow/example_dags/example_branch_day_of_week_operator.py
[2023-09-27T22:40:31.882-0400] {processor.py:829} INFO - Processing file /home/beau/airflow/py_env/lib/python3.10/site-packages/airflow/example_dags/example_branch_day_of_week_operator.py for tasks to queue
[2023-09-27T22:40:31.883-0400] {logging_mixin.py:151} INFO - [2023-09-27T22:40:31.883-0400] {dagbag.py:539} INFO - Filling up the DagBag from /home/beau/airflow/py_env/lib/python3.10/site-packages/airflow/example_dags/example_branch_day_of_week_operator.py
[2023-09-27T22:40:31.895-0400] {processor.py:839} INFO - DAG(s) dict_keys(['example_weekday_branch_operator']) retrieved from /home/beau/airflow/py_env/lib/python3.10/site-packages/airflow/example_dags/example_branch_day_of_week_operator.py
[2023-09-27T22:40:31.916-0400] {logging_mixin.py:151} INFO - [2023-09-27T22:40:31.916-0400] {dag.py:2915} INFO - Sync 1 DAGs
[2023-09-27T22:40:31.939-0400] {logging_mixin.py:151} INFO - [2023-09-27T22:40:31.939-0400] {dag.py:3696} INFO - Setting next_dagrun for example_weekday_branch_operator to 2023-09-27T00:00:00+00:00, run_after=2023-09-28T00:00:00+00:00
[2023-09-27T22:40:31.973-0400] {processor.py:179} INFO - Processing /home/beau/airflow/py_env/lib/python3.10/site-packages/airflow/example_dags/example_branch_day_of_week_operator.py took 0.099 seconds
[2023-09-27T22:41:30.468-0400] {processor.py:157} INFO - Started process (PID=12464) to work on /home/beau/airflow/py_env/lib/python3.10/site-packages/airflow/example_dags/example_branch_day_of_week_operator.py
[2023-09-27T22:41:30.473-0400] {processor.py:829} INFO - Processing file /home/beau/airflow/py_env/lib/python3.10/site-packages/airflow/example_dags/example_branch_day_of_week_operator.py for tasks to queue
[2023-09-27T22:41:30.474-0400] {logging_mixin.py:151} INFO - [2023-09-27T22:41:30.474-0400] {dagbag.py:539} INFO - Filling up the DagBag from /home/beau/airflow/py_env/lib/python3.10/site-packages/airflow/example_dags/example_branch_day_of_week_operator.py
[2023-09-27T22:41:30.487-0400] {processor.py:839} INFO - DAG(s) dict_keys(['example_weekday_branch_operator']) retrieved from /home/beau/airflow/py_env/lib/python3.10/site-packages/airflow/example_dags/example_branch_day_of_week_operator.py
[2023-09-27T22:41:30.504-0400] {logging_mixin.py:151} INFO - [2023-09-27T22:41:30.504-0400] {dag.py:2915} INFO - Sync 1 DAGs
[2023-09-27T22:41:30.522-0400] {logging_mixin.py:151} INFO - [2023-09-27T22:41:30.522-0400] {dag.py:3696} INFO - Setting next_dagrun for example_weekday_branch_operator to 2023-09-27T00:00:00+00:00, run_after=2023-09-28T00:00:00+00:00
[2023-09-27T22:41:30.550-0400] {processor.py:179} INFO - Processing /home/beau/airflow/py_env/lib/python3.10/site-packages/airflow/example_dags/example_branch_day_of_week_operator.py took 0.088 seconds
[2023-09-27T22:42:30.621-0400] {processor.py:157} INFO - Started process (PID=12916) to work on /home/beau/airflow/py_env/lib/python3.10/site-packages/airflow/example_dags/example_branch_day_of_week_operator.py
[2023-09-27T22:42:30.627-0400] {processor.py:829} INFO - Processing file /home/beau/airflow/py_env/lib/python3.10/site-packages/airflow/example_dags/example_branch_day_of_week_operator.py for tasks to queue
[2023-09-27T22:42:30.631-0400] {logging_mixin.py:151} INFO - [2023-09-27T22:42:30.629-0400] {dagbag.py:539} INFO - Filling up the DagBag from /home/beau/airflow/py_env/lib/python3.10/site-packages/airflow/example_dags/example_branch_day_of_week_operator.py
[2023-09-27T22:42:30.645-0400] {processor.py:839} INFO - DAG(s) dict_keys(['example_weekday_branch_operator']) retrieved from /home/beau/airflow/py_env/lib/python3.10/site-packages/airflow/example_dags/example_branch_day_of_week_operator.py
[2023-09-27T22:42:30.668-0400] {logging_mixin.py:151} INFO - [2023-09-27T22:42:30.668-0400] {dag.py:2915} INFO - Sync 1 DAGs
[2023-09-27T22:42:30.688-0400] {logging_mixin.py:151} INFO - [2023-09-27T22:42:30.688-0400] {dag.py:3696} INFO - Setting next_dagrun for example_weekday_branch_operator to 2023-09-27T00:00:00+00:00, run_after=2023-09-28T00:00:00+00:00
[2023-09-27T22:42:30.714-0400] {processor.py:179} INFO - Processing /home/beau/airflow/py_env/lib/python3.10/site-packages/airflow/example_dags/example_branch_day_of_week_operator.py took 0.105 seconds
[2023-09-27T22:43:23.530-0400] {processor.py:157} INFO - Started process (PID=13363) to work on /home/beau/airflow/py_env/lib/python3.10/site-packages/airflow/example_dags/example_branch_day_of_week_operator.py
[2023-09-27T22:43:23.534-0400] {processor.py:829} INFO - Processing file /home/beau/airflow/py_env/lib/python3.10/site-packages/airflow/example_dags/example_branch_day_of_week_operator.py for tasks to queue
[2023-09-27T22:43:23.535-0400] {logging_mixin.py:151} INFO - [2023-09-27T22:43:23.535-0400] {dagbag.py:539} INFO - Filling up the DagBag from /home/beau/airflow/py_env/lib/python3.10/site-packages/airflow/example_dags/example_branch_day_of_week_operator.py
[2023-09-27T22:43:23.542-0400] {processor.py:839} INFO - DAG(s) dict_keys(['example_weekday_branch_operator']) retrieved from /home/beau/airflow/py_env/lib/python3.10/site-packages/airflow/example_dags/example_branch_day_of_week_operator.py
[2023-09-27T22:43:23.558-0400] {logging_mixin.py:151} INFO - [2023-09-27T22:43:23.558-0400] {dag.py:2915} INFO - Sync 1 DAGs
[2023-09-27T22:43:23.576-0400] {logging_mixin.py:151} INFO - [2023-09-27T22:43:23.576-0400] {dag.py:3696} INFO - Setting next_dagrun for example_weekday_branch_operator to 2023-09-27T00:00:00+00:00, run_after=2023-09-28T00:00:00+00:00
[2023-09-27T22:43:23.602-0400] {processor.py:179} INFO - Processing /home/beau/airflow/py_env/lib/python3.10/site-packages/airflow/example_dags/example_branch_day_of_week_operator.py took 0.076 seconds
[2023-09-27T22:44:25.566-0400] {processor.py:157} INFO - Started process (PID=13846) to work on /home/beau/airflow/py_env/lib/python3.10/site-packages/airflow/example_dags/example_branch_day_of_week_operator.py
[2023-09-27T22:44:25.570-0400] {processor.py:829} INFO - Processing file /home/beau/airflow/py_env/lib/python3.10/site-packages/airflow/example_dags/example_branch_day_of_week_operator.py for tasks to queue
[2023-09-27T22:44:25.572-0400] {logging_mixin.py:151} INFO - [2023-09-27T22:44:25.571-0400] {dagbag.py:539} INFO - Filling up the DagBag from /home/beau/airflow/py_env/lib/python3.10/site-packages/airflow/example_dags/example_branch_day_of_week_operator.py
[2023-09-27T22:44:25.583-0400] {processor.py:839} INFO - DAG(s) dict_keys(['example_weekday_branch_operator']) retrieved from /home/beau/airflow/py_env/lib/python3.10/site-packages/airflow/example_dags/example_branch_day_of_week_operator.py
[2023-09-27T22:44:25.605-0400] {logging_mixin.py:151} INFO - [2023-09-27T22:44:25.605-0400] {dag.py:2915} INFO - Sync 1 DAGs
[2023-09-27T22:44:25.623-0400] {logging_mixin.py:151} INFO - [2023-09-27T22:44:25.623-0400] {dag.py:3696} INFO - Setting next_dagrun for example_weekday_branch_operator to 2023-09-27T00:00:00+00:00, run_after=2023-09-28T00:00:00+00:00
[2023-09-27T22:44:25.649-0400] {processor.py:179} INFO - Processing /home/beau/airflow/py_env/lib/python3.10/site-packages/airflow/example_dags/example_branch_day_of_week_operator.py took 0.094 seconds
[2023-09-27T22:45:19.646-0400] {processor.py:157} INFO - Started process (PID=14303) to work on /home/beau/airflow/py_env/lib/python3.10/site-packages/airflow/example_dags/example_branch_day_of_week_operator.py
[2023-09-27T22:45:19.649-0400] {processor.py:829} INFO - Processing file /home/beau/airflow/py_env/lib/python3.10/site-packages/airflow/example_dags/example_branch_day_of_week_operator.py for tasks to queue
[2023-09-27T22:45:19.651-0400] {logging_mixin.py:151} INFO - [2023-09-27T22:45:19.650-0400] {dagbag.py:539} INFO - Filling up the DagBag from /home/beau/airflow/py_env/lib/python3.10/site-packages/airflow/example_dags/example_branch_day_of_week_operator.py
[2023-09-27T22:45:19.661-0400] {processor.py:839} INFO - DAG(s) dict_keys(['example_weekday_branch_operator']) retrieved from /home/beau/airflow/py_env/lib/python3.10/site-packages/airflow/example_dags/example_branch_day_of_week_operator.py
[2023-09-27T22:45:19.679-0400] {logging_mixin.py:151} INFO - [2023-09-27T22:45:19.679-0400] {dag.py:2915} INFO - Sync 1 DAGs
[2023-09-27T22:45:19.699-0400] {logging_mixin.py:151} INFO - [2023-09-27T22:45:19.699-0400] {dag.py:3696} INFO - Setting next_dagrun for example_weekday_branch_operator to 2023-09-27T00:00:00+00:00, run_after=2023-09-28T00:00:00+00:00
[2023-09-27T22:45:19.727-0400] {processor.py:179} INFO - Processing /home/beau/airflow/py_env/lib/python3.10/site-packages/airflow/example_dags/example_branch_day_of_week_operator.py took 0.087 seconds
[2023-09-27T22:46:19.853-0400] {processor.py:157} INFO - Started process (PID=15101) to work on /home/beau/airflow/py_env/lib/python3.10/site-packages/airflow/example_dags/example_branch_day_of_week_operator.py
[2023-09-27T22:46:19.858-0400] {processor.py:829} INFO - Processing file /home/beau/airflow/py_env/lib/python3.10/site-packages/airflow/example_dags/example_branch_day_of_week_operator.py for tasks to queue
[2023-09-27T22:46:19.860-0400] {logging_mixin.py:151} INFO - [2023-09-27T22:46:19.859-0400] {dagbag.py:539} INFO - Filling up the DagBag from /home/beau/airflow/py_env/lib/python3.10/site-packages/airflow/example_dags/example_branch_day_of_week_operator.py
[2023-09-27T22:46:19.870-0400] {processor.py:839} INFO - DAG(s) dict_keys(['example_weekday_branch_operator']) retrieved from /home/beau/airflow/py_env/lib/python3.10/site-packages/airflow/example_dags/example_branch_day_of_week_operator.py
[2023-09-27T22:46:19.887-0400] {logging_mixin.py:151} INFO - [2023-09-27T22:46:19.886-0400] {dag.py:2915} INFO - Sync 1 DAGs
[2023-09-27T22:46:19.906-0400] {logging_mixin.py:151} INFO - [2023-09-27T22:46:19.906-0400] {dag.py:3696} INFO - Setting next_dagrun for example_weekday_branch_operator to 2023-09-27T00:00:00+00:00, run_after=2023-09-28T00:00:00+00:00
[2023-09-27T22:46:19.929-0400] {processor.py:179} INFO - Processing /home/beau/airflow/py_env/lib/python3.10/site-packages/airflow/example_dags/example_branch_day_of_week_operator.py took 0.081 seconds
[2023-09-27T22:47:19.589-0400] {processor.py:157} INFO - Started process (PID=15812) to work on /home/beau/airflow/py_env/lib/python3.10/site-packages/airflow/example_dags/example_branch_day_of_week_operator.py
[2023-09-27T22:47:19.593-0400] {processor.py:829} INFO - Processing file /home/beau/airflow/py_env/lib/python3.10/site-packages/airflow/example_dags/example_branch_day_of_week_operator.py for tasks to queue
[2023-09-27T22:47:19.595-0400] {logging_mixin.py:151} INFO - [2023-09-27T22:47:19.594-0400] {dagbag.py:539} INFO - Filling up the DagBag from /home/beau/airflow/py_env/lib/python3.10/site-packages/airflow/example_dags/example_branch_day_of_week_operator.py
[2023-09-27T22:47:19.603-0400] {processor.py:839} INFO - DAG(s) dict_keys(['example_weekday_branch_operator']) retrieved from /home/beau/airflow/py_env/lib/python3.10/site-packages/airflow/example_dags/example_branch_day_of_week_operator.py
[2023-09-27T22:47:19.619-0400] {logging_mixin.py:151} INFO - [2023-09-27T22:47:19.619-0400] {dag.py:2915} INFO - Sync 1 DAGs
[2023-09-27T22:47:19.637-0400] {logging_mixin.py:151} INFO - [2023-09-27T22:47:19.637-0400] {dag.py:3696} INFO - Setting next_dagrun for example_weekday_branch_operator to 2023-09-27T00:00:00+00:00, run_after=2023-09-28T00:00:00+00:00
[2023-09-27T22:47:19.660-0400] {processor.py:179} INFO - Processing /home/beau/airflow/py_env/lib/python3.10/site-packages/airflow/example_dags/example_branch_day_of_week_operator.py took 0.078 seconds
[2023-09-27T22:48:19.133-0400] {processor.py:157} INFO - Started process (PID=16415) to work on /home/beau/airflow/py_env/lib/python3.10/site-packages/airflow/example_dags/example_branch_day_of_week_operator.py
[2023-09-27T22:48:19.137-0400] {processor.py:829} INFO - Processing file /home/beau/airflow/py_env/lib/python3.10/site-packages/airflow/example_dags/example_branch_day_of_week_operator.py for tasks to queue
[2023-09-27T22:48:19.139-0400] {logging_mixin.py:151} INFO - [2023-09-27T22:48:19.138-0400] {dagbag.py:539} INFO - Filling up the DagBag from /home/beau/airflow/py_env/lib/python3.10/site-packages/airflow/example_dags/example_branch_day_of_week_operator.py
[2023-09-27T22:48:19.150-0400] {processor.py:839} INFO - DAG(s) dict_keys(['example_weekday_branch_operator']) retrieved from /home/beau/airflow/py_env/lib/python3.10/site-packages/airflow/example_dags/example_branch_day_of_week_operator.py
[2023-09-27T22:48:19.175-0400] {logging_mixin.py:151} INFO - [2023-09-27T22:48:19.174-0400] {dag.py:2915} INFO - Sync 1 DAGs
[2023-09-27T22:48:19.203-0400] {logging_mixin.py:151} INFO - [2023-09-27T22:48:19.202-0400] {dag.py:3696} INFO - Setting next_dagrun for example_weekday_branch_operator to 2023-09-27T00:00:00+00:00, run_after=2023-09-28T00:00:00+00:00
[2023-09-27T22:48:19.228-0400] {processor.py:179} INFO - Processing /home/beau/airflow/py_env/lib/python3.10/site-packages/airflow/example_dags/example_branch_day_of_week_operator.py took 0.102 seconds
[2023-09-27T22:49:18.558-0400] {processor.py:157} INFO - Started process (PID=16977) to work on /home/beau/airflow/py_env/lib/python3.10/site-packages/airflow/example_dags/example_branch_day_of_week_operator.py
[2023-09-27T22:49:18.564-0400] {processor.py:829} INFO - Processing file /home/beau/airflow/py_env/lib/python3.10/site-packages/airflow/example_dags/example_branch_day_of_week_operator.py for tasks to queue
[2023-09-27T22:49:18.567-0400] {logging_mixin.py:151} INFO - [2023-09-27T22:49:18.566-0400] {dagbag.py:539} INFO - Filling up the DagBag from /home/beau/airflow/py_env/lib/python3.10/site-packages/airflow/example_dags/example_branch_day_of_week_operator.py
[2023-09-27T22:49:18.589-0400] {processor.py:839} INFO - DAG(s) dict_keys(['example_weekday_branch_operator']) retrieved from /home/beau/airflow/py_env/lib/python3.10/site-packages/airflow/example_dags/example_branch_day_of_week_operator.py
[2023-09-27T22:49:18.622-0400] {logging_mixin.py:151} INFO - [2023-09-27T22:49:18.621-0400] {dag.py:2915} INFO - Sync 1 DAGs
[2023-09-27T22:49:18.647-0400] {logging_mixin.py:151} INFO - [2023-09-27T22:49:18.647-0400] {dag.py:3696} INFO - Setting next_dagrun for example_weekday_branch_operator to 2023-09-27T00:00:00+00:00, run_after=2023-09-28T00:00:00+00:00
[2023-09-27T22:49:18.676-0400] {processor.py:179} INFO - Processing /home/beau/airflow/py_env/lib/python3.10/site-packages/airflow/example_dags/example_branch_day_of_week_operator.py took 0.126 seconds
[2023-09-27T22:50:15.850-0400] {processor.py:157} INFO - Started process (PID=17232) to work on /home/beau/airflow/py_env/lib/python3.10/site-packages/airflow/example_dags/example_branch_day_of_week_operator.py
[2023-09-27T22:50:15.855-0400] {processor.py:829} INFO - Processing file /home/beau/airflow/py_env/lib/python3.10/site-packages/airflow/example_dags/example_branch_day_of_week_operator.py for tasks to queue
[2023-09-27T22:50:15.857-0400] {logging_mixin.py:151} INFO - [2023-09-27T22:50:15.857-0400] {dagbag.py:539} INFO - Filling up the DagBag from /home/beau/airflow/py_env/lib/python3.10/site-packages/airflow/example_dags/example_branch_day_of_week_operator.py
[2023-09-27T22:50:15.872-0400] {processor.py:839} INFO - DAG(s) dict_keys(['example_weekday_branch_operator']) retrieved from /home/beau/airflow/py_env/lib/python3.10/site-packages/airflow/example_dags/example_branch_day_of_week_operator.py
[2023-09-27T22:50:15.892-0400] {logging_mixin.py:151} INFO - [2023-09-27T22:50:15.891-0400] {dag.py:2915} INFO - Sync 1 DAGs
[2023-09-27T22:50:15.914-0400] {logging_mixin.py:151} INFO - [2023-09-27T22:50:15.914-0400] {dag.py:3696} INFO - Setting next_dagrun for example_weekday_branch_operator to 2023-09-27T00:00:00+00:00, run_after=2023-09-28T00:00:00+00:00
[2023-09-27T22:50:15.943-0400] {processor.py:179} INFO - Processing /home/beau/airflow/py_env/lib/python3.10/site-packages/airflow/example_dags/example_branch_day_of_week_operator.py took 0.101 seconds
[2023-09-27T22:51:09.343-0400] {processor.py:157} INFO - Started process (PID=17485) to work on /home/beau/airflow/py_env/lib/python3.10/site-packages/airflow/example_dags/example_branch_day_of_week_operator.py
[2023-09-27T22:51:09.346-0400] {processor.py:829} INFO - Processing file /home/beau/airflow/py_env/lib/python3.10/site-packages/airflow/example_dags/example_branch_day_of_week_operator.py for tasks to queue
[2023-09-27T22:51:09.348-0400] {logging_mixin.py:151} INFO - [2023-09-27T22:51:09.347-0400] {dagbag.py:539} INFO - Filling up the DagBag from /home/beau/airflow/py_env/lib/python3.10/site-packages/airflow/example_dags/example_branch_day_of_week_operator.py
[2023-09-27T22:51:09.358-0400] {processor.py:839} INFO - DAG(s) dict_keys(['example_weekday_branch_operator']) retrieved from /home/beau/airflow/py_env/lib/python3.10/site-packages/airflow/example_dags/example_branch_day_of_week_operator.py
[2023-09-27T22:51:09.377-0400] {logging_mixin.py:151} INFO - [2023-09-27T22:51:09.376-0400] {dag.py:2915} INFO - Sync 1 DAGs
[2023-09-27T22:51:09.393-0400] {logging_mixin.py:151} INFO - [2023-09-27T22:51:09.393-0400] {dag.py:3696} INFO - Setting next_dagrun for example_weekday_branch_operator to 2023-09-27T00:00:00+00:00, run_after=2023-09-28T00:00:00+00:00
[2023-09-27T22:51:09.417-0400] {processor.py:179} INFO - Processing /home/beau/airflow/py_env/lib/python3.10/site-packages/airflow/example_dags/example_branch_day_of_week_operator.py took 0.078 seconds
[2023-09-27T22:52:06.398-0400] {processor.py:157} INFO - Started process (PID=17740) to work on /home/beau/airflow/py_env/lib/python3.10/site-packages/airflow/example_dags/example_branch_day_of_week_operator.py
[2023-09-27T22:52:06.402-0400] {processor.py:829} INFO - Processing file /home/beau/airflow/py_env/lib/python3.10/site-packages/airflow/example_dags/example_branch_day_of_week_operator.py for tasks to queue
[2023-09-27T22:52:06.403-0400] {logging_mixin.py:151} INFO - [2023-09-27T22:52:06.403-0400] {dagbag.py:539} INFO - Filling up the DagBag from /home/beau/airflow/py_env/lib/python3.10/site-packages/airflow/example_dags/example_branch_day_of_week_operator.py
[2023-09-27T22:52:06.413-0400] {processor.py:839} INFO - DAG(s) dict_keys(['example_weekday_branch_operator']) retrieved from /home/beau/airflow/py_env/lib/python3.10/site-packages/airflow/example_dags/example_branch_day_of_week_operator.py
[2023-09-27T22:52:06.431-0400] {logging_mixin.py:151} INFO - [2023-09-27T22:52:06.431-0400] {dag.py:2915} INFO - Sync 1 DAGs
[2023-09-27T22:52:06.447-0400] {logging_mixin.py:151} INFO - [2023-09-27T22:52:06.446-0400] {dag.py:3696} INFO - Setting next_dagrun for example_weekday_branch_operator to 2023-09-27T00:00:00+00:00, run_after=2023-09-28T00:00:00+00:00
[2023-09-27T22:52:06.473-0400] {processor.py:179} INFO - Processing /home/beau/airflow/py_env/lib/python3.10/site-packages/airflow/example_dags/example_branch_day_of_week_operator.py took 0.080 seconds
[2023-09-27T22:52:59.285-0400] {processor.py:157} INFO - Started process (PID=18118) to work on /home/beau/airflow/py_env/lib/python3.10/site-packages/airflow/example_dags/example_branch_day_of_week_operator.py
[2023-09-27T22:52:59.289-0400] {processor.py:829} INFO - Processing file /home/beau/airflow/py_env/lib/python3.10/site-packages/airflow/example_dags/example_branch_day_of_week_operator.py for tasks to queue
[2023-09-27T22:52:59.291-0400] {logging_mixin.py:151} INFO - [2023-09-27T22:52:59.290-0400] {dagbag.py:539} INFO - Filling up the DagBag from /home/beau/airflow/py_env/lib/python3.10/site-packages/airflow/example_dags/example_branch_day_of_week_operator.py
[2023-09-27T22:52:59.305-0400] {processor.py:839} INFO - DAG(s) dict_keys(['example_weekday_branch_operator']) retrieved from /home/beau/airflow/py_env/lib/python3.10/site-packages/airflow/example_dags/example_branch_day_of_week_operator.py
[2023-09-27T22:52:59.320-0400] {logging_mixin.py:151} INFO - [2023-09-27T22:52:59.319-0400] {dag.py:2915} INFO - Sync 1 DAGs
[2023-09-27T22:52:59.338-0400] {logging_mixin.py:151} INFO - [2023-09-27T22:52:59.338-0400] {dag.py:3696} INFO - Setting next_dagrun for example_weekday_branch_operator to 2023-09-27T00:00:00+00:00, run_after=2023-09-28T00:00:00+00:00
[2023-09-27T22:52:59.361-0400] {processor.py:179} INFO - Processing /home/beau/airflow/py_env/lib/python3.10/site-packages/airflow/example_dags/example_branch_day_of_week_operator.py took 0.082 seconds
[2023-09-27T22:53:52.131-0400] {processor.py:157} INFO - Started process (PID=18571) to work on /home/beau/airflow/py_env/lib/python3.10/site-packages/airflow/example_dags/example_branch_day_of_week_operator.py
[2023-09-27T22:53:52.136-0400] {processor.py:829} INFO - Processing file /home/beau/airflow/py_env/lib/python3.10/site-packages/airflow/example_dags/example_branch_day_of_week_operator.py for tasks to queue
[2023-09-27T22:53:52.137-0400] {logging_mixin.py:151} INFO - [2023-09-27T22:53:52.137-0400] {dagbag.py:539} INFO - Filling up the DagBag from /home/beau/airflow/py_env/lib/python3.10/site-packages/airflow/example_dags/example_branch_day_of_week_operator.py
[2023-09-27T22:53:52.151-0400] {processor.py:839} INFO - DAG(s) dict_keys(['example_weekday_branch_operator']) retrieved from /home/beau/airflow/py_env/lib/python3.10/site-packages/airflow/example_dags/example_branch_day_of_week_operator.py
[2023-09-27T22:53:52.176-0400] {logging_mixin.py:151} INFO - [2023-09-27T22:53:52.176-0400] {dag.py:2915} INFO - Sync 1 DAGs
[2023-09-27T22:53:52.193-0400] {logging_mixin.py:151} INFO - [2023-09-27T22:53:52.193-0400] {dag.py:3696} INFO - Setting next_dagrun for example_weekday_branch_operator to 2023-09-27T00:00:00+00:00, run_after=2023-09-28T00:00:00+00:00
[2023-09-27T22:53:52.223-0400] {processor.py:179} INFO - Processing /home/beau/airflow/py_env/lib/python3.10/site-packages/airflow/example_dags/example_branch_day_of_week_operator.py took 0.098 seconds
