[2023-09-27T22:33:23.263-0400] {processor.py:157} INFO - Started process (PID=8492) to work on /home/beau/airflow/py_env/lib/python3.10/site-packages/airflow/example_dags/example_dynamic_task_mapping.py
[2023-09-27T22:33:23.265-0400] {processor.py:829} INFO - Processing file /home/beau/airflow/py_env/lib/python3.10/site-packages/airflow/example_dags/example_dynamic_task_mapping.py for tasks to queue
[2023-09-27T22:33:23.266-0400] {logging_mixin.py:151} INFO - [2023-09-27T22:33:23.266-0400] {dagbag.py:539} INFO - Filling up the DagBag from /home/beau/airflow/py_env/lib/python3.10/site-packages/airflow/example_dags/example_dynamic_task_mapping.py
[2023-09-27T22:33:23.278-0400] {processor.py:839} INFO - DAG(s) dict_keys(['example_dynamic_task_mapping']) retrieved from /home/beau/airflow/py_env/lib/python3.10/site-packages/airflow/example_dags/example_dynamic_task_mapping.py
[2023-09-27T22:33:23.294-0400] {logging_mixin.py:151} INFO - [2023-09-27T22:33:23.294-0400] {dag.py:2915} INFO - Sync 1 DAGs
[2023-09-27T22:33:23.310-0400] {logging_mixin.py:151} INFO - [2023-09-27T22:33:23.309-0400] {dag.py:3696} INFO - Setting next_dagrun for example_dynamic_task_mapping to 2022-03-04T00:00:00+00:00, run_after=2022-03-05T00:00:00+00:00
[2023-09-27T22:33:23.332-0400] {processor.py:179} INFO - Processing /home/beau/airflow/py_env/lib/python3.10/site-packages/airflow/example_dags/example_dynamic_task_mapping.py took 0.075 seconds
[2023-09-27T22:34:12.174-0400] {processor.py:157} INFO - Started process (PID=8973) to work on /home/beau/airflow/py_env/lib/python3.10/site-packages/airflow/example_dags/example_dynamic_task_mapping.py
[2023-09-27T22:34:12.175-0400] {processor.py:829} INFO - Processing file /home/beau/airflow/py_env/lib/python3.10/site-packages/airflow/example_dags/example_dynamic_task_mapping.py for tasks to queue
[2023-09-27T22:34:12.177-0400] {logging_mixin.py:151} INFO - [2023-09-27T22:34:12.176-0400] {dagbag.py:539} INFO - Filling up the DagBag from /home/beau/airflow/py_env/lib/python3.10/site-packages/airflow/example_dags/example_dynamic_task_mapping.py
[2023-09-27T22:34:12.186-0400] {processor.py:839} INFO - DAG(s) dict_keys(['example_dynamic_task_mapping']) retrieved from /home/beau/airflow/py_env/lib/python3.10/site-packages/airflow/example_dags/example_dynamic_task_mapping.py
[2023-09-27T22:34:12.205-0400] {logging_mixin.py:151} INFO - [2023-09-27T22:34:12.205-0400] {dag.py:2915} INFO - Sync 1 DAGs
[2023-09-27T22:34:12.238-0400] {logging_mixin.py:151} INFO - [2023-09-27T22:34:12.237-0400] {dag.py:3696} INFO - Setting next_dagrun for example_dynamic_task_mapping to 2022-03-04T00:00:00+00:00, run_after=2022-03-05T00:00:00+00:00
[2023-09-27T22:34:12.277-0400] {processor.py:179} INFO - Processing /home/beau/airflow/py_env/lib/python3.10/site-packages/airflow/example_dags/example_dynamic_task_mapping.py took 0.107 seconds
[2023-09-27T22:35:09.459-0400] {processor.py:157} INFO - Started process (PID=9365) to work on /home/beau/airflow/py_env/lib/python3.10/site-packages/airflow/example_dags/example_dynamic_task_mapping.py
[2023-09-27T22:35:09.463-0400] {processor.py:829} INFO - Processing file /home/beau/airflow/py_env/lib/python3.10/site-packages/airflow/example_dags/example_dynamic_task_mapping.py for tasks to queue
[2023-09-27T22:35:09.466-0400] {logging_mixin.py:151} INFO - [2023-09-27T22:35:09.465-0400] {dagbag.py:539} INFO - Filling up the DagBag from /home/beau/airflow/py_env/lib/python3.10/site-packages/airflow/example_dags/example_dynamic_task_mapping.py
[2023-09-27T22:35:09.480-0400] {processor.py:839} INFO - DAG(s) dict_keys(['example_dynamic_task_mapping']) retrieved from /home/beau/airflow/py_env/lib/python3.10/site-packages/airflow/example_dags/example_dynamic_task_mapping.py
[2023-09-27T22:35:09.508-0400] {logging_mixin.py:151} INFO - [2023-09-27T22:35:09.508-0400] {dag.py:2915} INFO - Sync 1 DAGs
[2023-09-27T22:35:09.541-0400] {logging_mixin.py:151} INFO - [2023-09-27T22:35:09.540-0400] {dag.py:3696} INFO - Setting next_dagrun for example_dynamic_task_mapping to 2022-03-04T00:00:00+00:00, run_after=2022-03-05T00:00:00+00:00
[2023-09-27T22:35:09.720-0400] {processor.py:179} INFO - Processing /home/beau/airflow/py_env/lib/python3.10/site-packages/airflow/example_dags/example_dynamic_task_mapping.py took 0.265 seconds
[2023-09-27T22:36:06.573-0400] {processor.py:157} INFO - Started process (PID=10156) to work on /home/beau/airflow/py_env/lib/python3.10/site-packages/airflow/example_dags/example_dynamic_task_mapping.py
[2023-09-27T22:36:06.576-0400] {processor.py:829} INFO - Processing file /home/beau/airflow/py_env/lib/python3.10/site-packages/airflow/example_dags/example_dynamic_task_mapping.py for tasks to queue
[2023-09-27T22:36:06.577-0400] {logging_mixin.py:151} INFO - [2023-09-27T22:36:06.577-0400] {dagbag.py:539} INFO - Filling up the DagBag from /home/beau/airflow/py_env/lib/python3.10/site-packages/airflow/example_dags/example_dynamic_task_mapping.py
[2023-09-27T22:36:06.589-0400] {processor.py:839} INFO - DAG(s) dict_keys(['example_dynamic_task_mapping']) retrieved from /home/beau/airflow/py_env/lib/python3.10/site-packages/airflow/example_dags/example_dynamic_task_mapping.py
[2023-09-27T22:36:06.748-0400] {logging_mixin.py:151} INFO - [2023-09-27T22:36:06.748-0400] {dag.py:2915} INFO - Sync 1 DAGs
[2023-09-27T22:36:06.770-0400] {logging_mixin.py:151} INFO - [2023-09-27T22:36:06.770-0400] {dag.py:3696} INFO - Setting next_dagrun for example_dynamic_task_mapping to 2022-03-04T00:00:00+00:00, run_after=2022-03-05T00:00:00+00:00
[2023-09-27T22:36:06.803-0400] {processor.py:179} INFO - Processing /home/beau/airflow/py_env/lib/python3.10/site-packages/airflow/example_dags/example_dynamic_task_mapping.py took 0.235 seconds
[2023-09-27T22:36:56.142-0400] {processor.py:157} INFO - Started process (PID=10609) to work on /home/beau/airflow/py_env/lib/python3.10/site-packages/airflow/example_dags/example_dynamic_task_mapping.py
[2023-09-27T22:36:56.144-0400] {processor.py:829} INFO - Processing file /home/beau/airflow/py_env/lib/python3.10/site-packages/airflow/example_dags/example_dynamic_task_mapping.py for tasks to queue
[2023-09-27T22:36:56.145-0400] {logging_mixin.py:151} INFO - [2023-09-27T22:36:56.145-0400] {dagbag.py:539} INFO - Filling up the DagBag from /home/beau/airflow/py_env/lib/python3.10/site-packages/airflow/example_dags/example_dynamic_task_mapping.py
[2023-09-27T22:36:56.154-0400] {processor.py:839} INFO - DAG(s) dict_keys(['example_dynamic_task_mapping']) retrieved from /home/beau/airflow/py_env/lib/python3.10/site-packages/airflow/example_dags/example_dynamic_task_mapping.py
[2023-09-27T22:36:56.170-0400] {logging_mixin.py:151} INFO - [2023-09-27T22:36:56.170-0400] {dag.py:2915} INFO - Sync 1 DAGs
[2023-09-27T22:36:56.189-0400] {logging_mixin.py:151} INFO - [2023-09-27T22:36:56.189-0400] {dag.py:3696} INFO - Setting next_dagrun for example_dynamic_task_mapping to 2022-03-04T00:00:00+00:00, run_after=2022-03-05T00:00:00+00:00
[2023-09-27T22:36:56.216-0400] {processor.py:179} INFO - Processing /home/beau/airflow/py_env/lib/python3.10/site-packages/airflow/example_dags/example_dynamic_task_mapping.py took 0.078 seconds
[2023-09-27T22:37:54.141-0400] {processor.py:157} INFO - Started process (PID=11120) to work on /home/beau/airflow/py_env/lib/python3.10/site-packages/airflow/example_dags/example_dynamic_task_mapping.py
[2023-09-27T22:37:54.143-0400] {processor.py:829} INFO - Processing file /home/beau/airflow/py_env/lib/python3.10/site-packages/airflow/example_dags/example_dynamic_task_mapping.py for tasks to queue
[2023-09-27T22:37:54.144-0400] {logging_mixin.py:151} INFO - [2023-09-27T22:37:54.144-0400] {dagbag.py:539} INFO - Filling up the DagBag from /home/beau/airflow/py_env/lib/python3.10/site-packages/airflow/example_dags/example_dynamic_task_mapping.py
[2023-09-27T22:37:54.152-0400] {processor.py:839} INFO - DAG(s) dict_keys(['example_dynamic_task_mapping']) retrieved from /home/beau/airflow/py_env/lib/python3.10/site-packages/airflow/example_dags/example_dynamic_task_mapping.py
[2023-09-27T22:37:54.166-0400] {logging_mixin.py:151} INFO - [2023-09-27T22:37:54.166-0400] {dag.py:2915} INFO - Sync 1 DAGs
[2023-09-27T22:37:54.187-0400] {logging_mixin.py:151} INFO - [2023-09-27T22:37:54.187-0400] {dag.py:3696} INFO - Setting next_dagrun for example_dynamic_task_mapping to 2022-03-04T00:00:00+00:00, run_after=2022-03-05T00:00:00+00:00
[2023-09-27T22:37:54.236-0400] {processor.py:179} INFO - Processing /home/beau/airflow/py_env/lib/python3.10/site-packages/airflow/example_dags/example_dynamic_task_mapping.py took 0.099 seconds
[2023-09-27T22:38:52.500-0400] {processor.py:157} INFO - Started process (PID=11635) to work on /home/beau/airflow/py_env/lib/python3.10/site-packages/airflow/example_dags/example_dynamic_task_mapping.py
[2023-09-27T22:38:52.503-0400] {processor.py:829} INFO - Processing file /home/beau/airflow/py_env/lib/python3.10/site-packages/airflow/example_dags/example_dynamic_task_mapping.py for tasks to queue
[2023-09-27T22:38:52.506-0400] {logging_mixin.py:151} INFO - [2023-09-27T22:38:52.505-0400] {dagbag.py:539} INFO - Filling up the DagBag from /home/beau/airflow/py_env/lib/python3.10/site-packages/airflow/example_dags/example_dynamic_task_mapping.py
[2023-09-27T22:38:52.516-0400] {processor.py:839} INFO - DAG(s) dict_keys(['example_dynamic_task_mapping']) retrieved from /home/beau/airflow/py_env/lib/python3.10/site-packages/airflow/example_dags/example_dynamic_task_mapping.py
[2023-09-27T22:38:52.534-0400] {logging_mixin.py:151} INFO - [2023-09-27T22:38:52.534-0400] {dag.py:2915} INFO - Sync 1 DAGs
[2023-09-27T22:38:52.552-0400] {logging_mixin.py:151} INFO - [2023-09-27T22:38:52.552-0400] {dag.py:3696} INFO - Setting next_dagrun for example_dynamic_task_mapping to 2022-03-04T00:00:00+00:00, run_after=2022-03-05T00:00:00+00:00
[2023-09-27T22:38:52.579-0400] {processor.py:179} INFO - Processing /home/beau/airflow/py_env/lib/python3.10/site-packages/airflow/example_dags/example_dynamic_task_mapping.py took 0.086 seconds
[2023-09-27T22:39:46.445-0400] {processor.py:157} INFO - Started process (PID=11965) to work on /home/beau/airflow/py_env/lib/python3.10/site-packages/airflow/example_dags/example_dynamic_task_mapping.py
[2023-09-27T22:39:46.449-0400] {processor.py:829} INFO - Processing file /home/beau/airflow/py_env/lib/python3.10/site-packages/airflow/example_dags/example_dynamic_task_mapping.py for tasks to queue
[2023-09-27T22:39:46.450-0400] {logging_mixin.py:151} INFO - [2023-09-27T22:39:46.450-0400] {dagbag.py:539} INFO - Filling up the DagBag from /home/beau/airflow/py_env/lib/python3.10/site-packages/airflow/example_dags/example_dynamic_task_mapping.py
[2023-09-27T22:39:46.461-0400] {processor.py:839} INFO - DAG(s) dict_keys(['example_dynamic_task_mapping']) retrieved from /home/beau/airflow/py_env/lib/python3.10/site-packages/airflow/example_dags/example_dynamic_task_mapping.py
[2023-09-27T22:39:46.482-0400] {logging_mixin.py:151} INFO - [2023-09-27T22:39:46.482-0400] {dag.py:2915} INFO - Sync 1 DAGs
[2023-09-27T22:39:46.510-0400] {logging_mixin.py:151} INFO - [2023-09-27T22:39:46.510-0400] {dag.py:3696} INFO - Setting next_dagrun for example_dynamic_task_mapping to 2022-03-04T00:00:00+00:00, run_after=2022-03-05T00:00:00+00:00
[2023-09-27T22:39:46.541-0400] {processor.py:179} INFO - Processing /home/beau/airflow/py_env/lib/python3.10/site-packages/airflow/example_dags/example_dynamic_task_mapping.py took 0.105 seconds
[2023-09-27T22:40:49.404-0400] {processor.py:157} INFO - Started process (PID=12277) to work on /home/beau/airflow/py_env/lib/python3.10/site-packages/airflow/example_dags/example_dynamic_task_mapping.py
[2023-09-27T22:40:49.408-0400] {processor.py:829} INFO - Processing file /home/beau/airflow/py_env/lib/python3.10/site-packages/airflow/example_dags/example_dynamic_task_mapping.py for tasks to queue
[2023-09-27T22:40:49.409-0400] {logging_mixin.py:151} INFO - [2023-09-27T22:40:49.409-0400] {dagbag.py:539} INFO - Filling up the DagBag from /home/beau/airflow/py_env/lib/python3.10/site-packages/airflow/example_dags/example_dynamic_task_mapping.py
[2023-09-27T22:40:49.419-0400] {processor.py:839} INFO - DAG(s) dict_keys(['example_dynamic_task_mapping']) retrieved from /home/beau/airflow/py_env/lib/python3.10/site-packages/airflow/example_dags/example_dynamic_task_mapping.py
[2023-09-27T22:40:49.436-0400] {logging_mixin.py:151} INFO - [2023-09-27T22:40:49.436-0400] {dag.py:2915} INFO - Sync 1 DAGs
[2023-09-27T22:40:49.458-0400] {logging_mixin.py:151} INFO - [2023-09-27T22:40:49.458-0400] {dag.py:3696} INFO - Setting next_dagrun for example_dynamic_task_mapping to 2022-03-04T00:00:00+00:00, run_after=2022-03-05T00:00:00+00:00
[2023-09-27T22:40:49.491-0400] {processor.py:179} INFO - Processing /home/beau/airflow/py_env/lib/python3.10/site-packages/airflow/example_dags/example_dynamic_task_mapping.py took 0.090 seconds
[2023-09-27T22:41:48.735-0400] {processor.py:157} INFO - Started process (PID=12659) to work on /home/beau/airflow/py_env/lib/python3.10/site-packages/airflow/example_dags/example_dynamic_task_mapping.py
[2023-09-27T22:41:48.739-0400] {processor.py:829} INFO - Processing file /home/beau/airflow/py_env/lib/python3.10/site-packages/airflow/example_dags/example_dynamic_task_mapping.py for tasks to queue
[2023-09-27T22:41:48.741-0400] {logging_mixin.py:151} INFO - [2023-09-27T22:41:48.741-0400] {dagbag.py:539} INFO - Filling up the DagBag from /home/beau/airflow/py_env/lib/python3.10/site-packages/airflow/example_dags/example_dynamic_task_mapping.py
[2023-09-27T22:41:48.756-0400] {processor.py:839} INFO - DAG(s) dict_keys(['example_dynamic_task_mapping']) retrieved from /home/beau/airflow/py_env/lib/python3.10/site-packages/airflow/example_dags/example_dynamic_task_mapping.py
[2023-09-27T22:41:48.770-0400] {logging_mixin.py:151} INFO - [2023-09-27T22:41:48.770-0400] {dag.py:2915} INFO - Sync 1 DAGs
[2023-09-27T22:41:48.786-0400] {logging_mixin.py:151} INFO - [2023-09-27T22:41:48.786-0400] {dag.py:3696} INFO - Setting next_dagrun for example_dynamic_task_mapping to 2022-03-04T00:00:00+00:00, run_after=2022-03-05T00:00:00+00:00
[2023-09-27T22:41:48.809-0400] {processor.py:179} INFO - Processing /home/beau/airflow/py_env/lib/python3.10/site-packages/airflow/example_dags/example_dynamic_task_mapping.py took 0.081 seconds
[2023-09-27T22:42:46.667-0400] {processor.py:157} INFO - Started process (PID=13070) to work on /home/beau/airflow/py_env/lib/python3.10/site-packages/airflow/example_dags/example_dynamic_task_mapping.py
[2023-09-27T22:42:46.673-0400] {processor.py:829} INFO - Processing file /home/beau/airflow/py_env/lib/python3.10/site-packages/airflow/example_dags/example_dynamic_task_mapping.py for tasks to queue
[2023-09-27T22:42:46.676-0400] {logging_mixin.py:151} INFO - [2023-09-27T22:42:46.675-0400] {dagbag.py:539} INFO - Filling up the DagBag from /home/beau/airflow/py_env/lib/python3.10/site-packages/airflow/example_dags/example_dynamic_task_mapping.py
[2023-09-27T22:42:46.695-0400] {processor.py:839} INFO - DAG(s) dict_keys(['example_dynamic_task_mapping']) retrieved from /home/beau/airflow/py_env/lib/python3.10/site-packages/airflow/example_dags/example_dynamic_task_mapping.py
[2023-09-27T22:42:46.720-0400] {logging_mixin.py:151} INFO - [2023-09-27T22:42:46.720-0400] {dag.py:2915} INFO - Sync 1 DAGs
[2023-09-27T22:42:46.743-0400] {logging_mixin.py:151} INFO - [2023-09-27T22:42:46.743-0400] {dag.py:3696} INFO - Setting next_dagrun for example_dynamic_task_mapping to 2022-03-04T00:00:00+00:00, run_after=2022-03-05T00:00:00+00:00
[2023-09-27T22:42:46.774-0400] {processor.py:179} INFO - Processing /home/beau/airflow/py_env/lib/python3.10/site-packages/airflow/example_dags/example_dynamic_task_mapping.py took 0.117 seconds
[2023-09-27T22:43:42.332-0400] {processor.py:157} INFO - Started process (PID=13475) to work on /home/beau/airflow/py_env/lib/python3.10/site-packages/airflow/example_dags/example_dynamic_task_mapping.py
[2023-09-27T22:43:42.336-0400] {processor.py:829} INFO - Processing file /home/beau/airflow/py_env/lib/python3.10/site-packages/airflow/example_dags/example_dynamic_task_mapping.py for tasks to queue
[2023-09-27T22:43:42.337-0400] {logging_mixin.py:151} INFO - [2023-09-27T22:43:42.337-0400] {dagbag.py:539} INFO - Filling up the DagBag from /home/beau/airflow/py_env/lib/python3.10/site-packages/airflow/example_dags/example_dynamic_task_mapping.py
[2023-09-27T22:43:42.345-0400] {processor.py:839} INFO - DAG(s) dict_keys(['example_dynamic_task_mapping']) retrieved from /home/beau/airflow/py_env/lib/python3.10/site-packages/airflow/example_dags/example_dynamic_task_mapping.py
[2023-09-27T22:43:42.359-0400] {logging_mixin.py:151} INFO - [2023-09-27T22:43:42.358-0400] {dag.py:2915} INFO - Sync 1 DAGs
[2023-09-27T22:43:42.376-0400] {logging_mixin.py:151} INFO - [2023-09-27T22:43:42.376-0400] {dag.py:3696} INFO - Setting next_dagrun for example_dynamic_task_mapping to 2022-03-04T00:00:00+00:00, run_after=2022-03-05T00:00:00+00:00
[2023-09-27T22:43:42.399-0400] {processor.py:179} INFO - Processing /home/beau/airflow/py_env/lib/python3.10/site-packages/airflow/example_dags/example_dynamic_task_mapping.py took 0.073 seconds
[2023-09-27T22:44:43.910-0400] {processor.py:157} INFO - Started process (PID=13999) to work on /home/beau/airflow/py_env/lib/python3.10/site-packages/airflow/example_dags/example_dynamic_task_mapping.py
[2023-09-27T22:44:43.914-0400] {processor.py:829} INFO - Processing file /home/beau/airflow/py_env/lib/python3.10/site-packages/airflow/example_dags/example_dynamic_task_mapping.py for tasks to queue
[2023-09-27T22:44:43.915-0400] {logging_mixin.py:151} INFO - [2023-09-27T22:44:43.915-0400] {dagbag.py:539} INFO - Filling up the DagBag from /home/beau/airflow/py_env/lib/python3.10/site-packages/airflow/example_dags/example_dynamic_task_mapping.py
[2023-09-27T22:44:43.924-0400] {processor.py:839} INFO - DAG(s) dict_keys(['example_dynamic_task_mapping']) retrieved from /home/beau/airflow/py_env/lib/python3.10/site-packages/airflow/example_dags/example_dynamic_task_mapping.py
[2023-09-27T22:44:43.940-0400] {logging_mixin.py:151} INFO - [2023-09-27T22:44:43.939-0400] {dag.py:2915} INFO - Sync 1 DAGs
[2023-09-27T22:44:43.957-0400] {logging_mixin.py:151} INFO - [2023-09-27T22:44:43.957-0400] {dag.py:3696} INFO - Setting next_dagrun for example_dynamic_task_mapping to 2022-03-04T00:00:00+00:00, run_after=2022-03-05T00:00:00+00:00
[2023-09-27T22:44:43.984-0400] {processor.py:179} INFO - Processing /home/beau/airflow/py_env/lib/python3.10/site-packages/airflow/example_dags/example_dynamic_task_mapping.py took 0.077 seconds
[2023-09-27T22:45:36.963-0400] {processor.py:157} INFO - Started process (PID=14431) to work on /home/beau/airflow/py_env/lib/python3.10/site-packages/airflow/example_dags/example_dynamic_task_mapping.py
[2023-09-27T22:45:36.966-0400] {processor.py:829} INFO - Processing file /home/beau/airflow/py_env/lib/python3.10/site-packages/airflow/example_dags/example_dynamic_task_mapping.py for tasks to queue
[2023-09-27T22:45:36.968-0400] {logging_mixin.py:151} INFO - [2023-09-27T22:45:36.967-0400] {dagbag.py:539} INFO - Filling up the DagBag from /home/beau/airflow/py_env/lib/python3.10/site-packages/airflow/example_dags/example_dynamic_task_mapping.py
[2023-09-27T22:45:36.975-0400] {processor.py:839} INFO - DAG(s) dict_keys(['example_dynamic_task_mapping']) retrieved from /home/beau/airflow/py_env/lib/python3.10/site-packages/airflow/example_dags/example_dynamic_task_mapping.py
[2023-09-27T22:45:36.989-0400] {logging_mixin.py:151} INFO - [2023-09-27T22:45:36.988-0400] {dag.py:2915} INFO - Sync 1 DAGs
[2023-09-27T22:45:37.006-0400] {logging_mixin.py:151} INFO - [2023-09-27T22:45:37.005-0400] {dag.py:3696} INFO - Setting next_dagrun for example_dynamic_task_mapping to 2022-03-04T00:00:00+00:00, run_after=2022-03-05T00:00:00+00:00
[2023-09-27T22:45:37.029-0400] {processor.py:179} INFO - Processing /home/beau/airflow/py_env/lib/python3.10/site-packages/airflow/example_dags/example_dynamic_task_mapping.py took 0.069 seconds
[2023-09-27T22:46:39.411-0400] {processor.py:157} INFO - Started process (PID=15316) to work on /home/beau/airflow/py_env/lib/python3.10/site-packages/airflow/example_dags/example_dynamic_task_mapping.py
[2023-09-27T22:46:39.414-0400] {processor.py:829} INFO - Processing file /home/beau/airflow/py_env/lib/python3.10/site-packages/airflow/example_dags/example_dynamic_task_mapping.py for tasks to queue
[2023-09-27T22:46:39.415-0400] {logging_mixin.py:151} INFO - [2023-09-27T22:46:39.415-0400] {dagbag.py:539} INFO - Filling up the DagBag from /home/beau/airflow/py_env/lib/python3.10/site-packages/airflow/example_dags/example_dynamic_task_mapping.py
[2023-09-27T22:46:39.424-0400] {processor.py:839} INFO - DAG(s) dict_keys(['example_dynamic_task_mapping']) retrieved from /home/beau/airflow/py_env/lib/python3.10/site-packages/airflow/example_dags/example_dynamic_task_mapping.py
[2023-09-27T22:46:39.441-0400] {logging_mixin.py:151} INFO - [2023-09-27T22:46:39.441-0400] {dag.py:2915} INFO - Sync 1 DAGs
[2023-09-27T22:46:39.461-0400] {logging_mixin.py:151} INFO - [2023-09-27T22:46:39.461-0400] {dag.py:3696} INFO - Setting next_dagrun for example_dynamic_task_mapping to 2022-03-04T00:00:00+00:00, run_after=2022-03-05T00:00:00+00:00
[2023-09-27T22:46:39.487-0400] {processor.py:179} INFO - Processing /home/beau/airflow/py_env/lib/python3.10/site-packages/airflow/example_dags/example_dynamic_task_mapping.py took 0.079 seconds
[2023-09-27T22:47:38.639-0400] {processor.py:157} INFO - Started process (PID=15974) to work on /home/beau/airflow/py_env/lib/python3.10/site-packages/airflow/example_dags/example_dynamic_task_mapping.py
[2023-09-27T22:47:38.642-0400] {processor.py:829} INFO - Processing file /home/beau/airflow/py_env/lib/python3.10/site-packages/airflow/example_dags/example_dynamic_task_mapping.py for tasks to queue
[2023-09-27T22:47:38.643-0400] {logging_mixin.py:151} INFO - [2023-09-27T22:47:38.643-0400] {dagbag.py:539} INFO - Filling up the DagBag from /home/beau/airflow/py_env/lib/python3.10/site-packages/airflow/example_dags/example_dynamic_task_mapping.py
[2023-09-27T22:47:38.651-0400] {processor.py:839} INFO - DAG(s) dict_keys(['example_dynamic_task_mapping']) retrieved from /home/beau/airflow/py_env/lib/python3.10/site-packages/airflow/example_dags/example_dynamic_task_mapping.py
[2023-09-27T22:47:38.665-0400] {logging_mixin.py:151} INFO - [2023-09-27T22:47:38.664-0400] {dag.py:2915} INFO - Sync 1 DAGs
[2023-09-27T22:47:38.682-0400] {logging_mixin.py:151} INFO - [2023-09-27T22:47:38.682-0400] {dag.py:3696} INFO - Setting next_dagrun for example_dynamic_task_mapping to 2022-03-04T00:00:00+00:00, run_after=2022-03-05T00:00:00+00:00
[2023-09-27T22:47:38.706-0400] {processor.py:179} INFO - Processing /home/beau/airflow/py_env/lib/python3.10/site-packages/airflow/example_dags/example_dynamic_task_mapping.py took 0.070 seconds
[2023-09-27T22:48:38.573-0400] {processor.py:157} INFO - Started process (PID=16574) to work on /home/beau/airflow/py_env/lib/python3.10/site-packages/airflow/example_dags/example_dynamic_task_mapping.py
[2023-09-27T22:48:38.577-0400] {processor.py:829} INFO - Processing file /home/beau/airflow/py_env/lib/python3.10/site-packages/airflow/example_dags/example_dynamic_task_mapping.py for tasks to queue
[2023-09-27T22:48:38.579-0400] {logging_mixin.py:151} INFO - [2023-09-27T22:48:38.578-0400] {dagbag.py:539} INFO - Filling up the DagBag from /home/beau/airflow/py_env/lib/python3.10/site-packages/airflow/example_dags/example_dynamic_task_mapping.py
[2023-09-27T22:48:38.600-0400] {processor.py:839} INFO - DAG(s) dict_keys(['example_dynamic_task_mapping']) retrieved from /home/beau/airflow/py_env/lib/python3.10/site-packages/airflow/example_dags/example_dynamic_task_mapping.py
[2023-09-27T22:48:38.634-0400] {logging_mixin.py:151} INFO - [2023-09-27T22:48:38.633-0400] {dag.py:2915} INFO - Sync 1 DAGs
[2023-09-27T22:48:38.656-0400] {logging_mixin.py:151} INFO - [2023-09-27T22:48:38.656-0400] {dag.py:3696} INFO - Setting next_dagrun for example_dynamic_task_mapping to 2022-03-04T00:00:00+00:00, run_after=2022-03-05T00:00:00+00:00
[2023-09-27T22:48:38.686-0400] {processor.py:179} INFO - Processing /home/beau/airflow/py_env/lib/python3.10/site-packages/airflow/example_dags/example_dynamic_task_mapping.py took 0.120 seconds
[2023-09-27T22:49:35.655-0400] {processor.py:157} INFO - Started process (PID=17037) to work on /home/beau/airflow/py_env/lib/python3.10/site-packages/airflow/example_dags/example_dynamic_task_mapping.py
[2023-09-27T22:49:35.659-0400] {processor.py:829} INFO - Processing file /home/beau/airflow/py_env/lib/python3.10/site-packages/airflow/example_dags/example_dynamic_task_mapping.py for tasks to queue
[2023-09-27T22:49:35.660-0400] {logging_mixin.py:151} INFO - [2023-09-27T22:49:35.660-0400] {dagbag.py:539} INFO - Filling up the DagBag from /home/beau/airflow/py_env/lib/python3.10/site-packages/airflow/example_dags/example_dynamic_task_mapping.py
[2023-09-27T22:49:35.672-0400] {processor.py:839} INFO - DAG(s) dict_keys(['example_dynamic_task_mapping']) retrieved from /home/beau/airflow/py_env/lib/python3.10/site-packages/airflow/example_dags/example_dynamic_task_mapping.py
[2023-09-27T22:49:35.687-0400] {logging_mixin.py:151} INFO - [2023-09-27T22:49:35.687-0400] {dag.py:2915} INFO - Sync 1 DAGs
[2023-09-27T22:49:35.704-0400] {logging_mixin.py:151} INFO - [2023-09-27T22:49:35.704-0400] {dag.py:3696} INFO - Setting next_dagrun for example_dynamic_task_mapping to 2022-03-04T00:00:00+00:00, run_after=2022-03-05T00:00:00+00:00
[2023-09-27T22:49:35.728-0400] {processor.py:179} INFO - Processing /home/beau/airflow/py_env/lib/python3.10/site-packages/airflow/example_dags/example_dynamic_task_mapping.py took 0.077 seconds
[2023-09-27T22:50:32.872-0400] {processor.py:157} INFO - Started process (PID=17295) to work on /home/beau/airflow/py_env/lib/python3.10/site-packages/airflow/example_dags/example_dynamic_task_mapping.py
[2023-09-27T22:50:32.875-0400] {processor.py:829} INFO - Processing file /home/beau/airflow/py_env/lib/python3.10/site-packages/airflow/example_dags/example_dynamic_task_mapping.py for tasks to queue
[2023-09-27T22:50:32.876-0400] {logging_mixin.py:151} INFO - [2023-09-27T22:50:32.876-0400] {dagbag.py:539} INFO - Filling up the DagBag from /home/beau/airflow/py_env/lib/python3.10/site-packages/airflow/example_dags/example_dynamic_task_mapping.py
[2023-09-27T22:50:32.883-0400] {processor.py:839} INFO - DAG(s) dict_keys(['example_dynamic_task_mapping']) retrieved from /home/beau/airflow/py_env/lib/python3.10/site-packages/airflow/example_dags/example_dynamic_task_mapping.py
[2023-09-27T22:50:32.898-0400] {logging_mixin.py:151} INFO - [2023-09-27T22:50:32.898-0400] {dag.py:2915} INFO - Sync 1 DAGs
[2023-09-27T22:50:32.917-0400] {logging_mixin.py:151} INFO - [2023-09-27T22:50:32.917-0400] {dag.py:3696} INFO - Setting next_dagrun for example_dynamic_task_mapping to 2022-03-04T00:00:00+00:00, run_after=2022-03-05T00:00:00+00:00
[2023-09-27T22:50:32.938-0400] {processor.py:179} INFO - Processing /home/beau/airflow/py_env/lib/python3.10/site-packages/airflow/example_dags/example_dynamic_task_mapping.py took 0.070 seconds
[2023-09-27T22:51:27.151-0400] {processor.py:157} INFO - Started process (PID=17545) to work on /home/beau/airflow/py_env/lib/python3.10/site-packages/airflow/example_dags/example_dynamic_task_mapping.py
[2023-09-27T22:51:27.156-0400] {processor.py:829} INFO - Processing file /home/beau/airflow/py_env/lib/python3.10/site-packages/airflow/example_dags/example_dynamic_task_mapping.py for tasks to queue
[2023-09-27T22:51:27.157-0400] {logging_mixin.py:151} INFO - [2023-09-27T22:51:27.157-0400] {dagbag.py:539} INFO - Filling up the DagBag from /home/beau/airflow/py_env/lib/python3.10/site-packages/airflow/example_dags/example_dynamic_task_mapping.py
[2023-09-27T22:51:27.169-0400] {processor.py:839} INFO - DAG(s) dict_keys(['example_dynamic_task_mapping']) retrieved from /home/beau/airflow/py_env/lib/python3.10/site-packages/airflow/example_dags/example_dynamic_task_mapping.py
[2023-09-27T22:51:27.184-0400] {logging_mixin.py:151} INFO - [2023-09-27T22:51:27.183-0400] {dag.py:2915} INFO - Sync 1 DAGs
[2023-09-27T22:51:27.199-0400] {logging_mixin.py:151} INFO - [2023-09-27T22:51:27.199-0400] {dag.py:3696} INFO - Setting next_dagrun for example_dynamic_task_mapping to 2022-03-04T00:00:00+00:00, run_after=2022-03-05T00:00:00+00:00
[2023-09-27T22:51:27.222-0400] {processor.py:179} INFO - Processing /home/beau/airflow/py_env/lib/python3.10/site-packages/airflow/example_dags/example_dynamic_task_mapping.py took 0.076 seconds
[2023-09-27T22:52:23.927-0400] {processor.py:157} INFO - Started process (PID=17802) to work on /home/beau/airflow/py_env/lib/python3.10/site-packages/airflow/example_dags/example_dynamic_task_mapping.py
[2023-09-27T22:52:23.930-0400] {processor.py:829} INFO - Processing file /home/beau/airflow/py_env/lib/python3.10/site-packages/airflow/example_dags/example_dynamic_task_mapping.py for tasks to queue
[2023-09-27T22:52:23.931-0400] {logging_mixin.py:151} INFO - [2023-09-27T22:52:23.930-0400] {dagbag.py:539} INFO - Filling up the DagBag from /home/beau/airflow/py_env/lib/python3.10/site-packages/airflow/example_dags/example_dynamic_task_mapping.py
[2023-09-27T22:52:23.940-0400] {processor.py:839} INFO - DAG(s) dict_keys(['example_dynamic_task_mapping']) retrieved from /home/beau/airflow/py_env/lib/python3.10/site-packages/airflow/example_dags/example_dynamic_task_mapping.py
[2023-09-27T22:52:23.954-0400] {logging_mixin.py:151} INFO - [2023-09-27T22:52:23.954-0400] {dag.py:2915} INFO - Sync 1 DAGs
[2023-09-27T22:52:23.971-0400] {logging_mixin.py:151} INFO - [2023-09-27T22:52:23.971-0400] {dag.py:3696} INFO - Setting next_dagrun for example_dynamic_task_mapping to 2022-03-04T00:00:00+00:00, run_after=2022-03-05T00:00:00+00:00
[2023-09-27T22:52:24.002-0400] {processor.py:179} INFO - Processing /home/beau/airflow/py_env/lib/python3.10/site-packages/airflow/example_dags/example_dynamic_task_mapping.py took 0.079 seconds
[2023-09-27T22:53:15.722-0400] {processor.py:157} INFO - Started process (PID=18245) to work on /home/beau/airflow/py_env/lib/python3.10/site-packages/airflow/example_dags/example_dynamic_task_mapping.py
[2023-09-27T22:53:15.727-0400] {processor.py:829} INFO - Processing file /home/beau/airflow/py_env/lib/python3.10/site-packages/airflow/example_dags/example_dynamic_task_mapping.py for tasks to queue
[2023-09-27T22:53:15.729-0400] {logging_mixin.py:151} INFO - [2023-09-27T22:53:15.728-0400] {dagbag.py:539} INFO - Filling up the DagBag from /home/beau/airflow/py_env/lib/python3.10/site-packages/airflow/example_dags/example_dynamic_task_mapping.py
[2023-09-27T22:53:15.745-0400] {processor.py:839} INFO - DAG(s) dict_keys(['example_dynamic_task_mapping']) retrieved from /home/beau/airflow/py_env/lib/python3.10/site-packages/airflow/example_dags/example_dynamic_task_mapping.py
[2023-09-27T22:53:15.768-0400] {logging_mixin.py:151} INFO - [2023-09-27T22:53:15.768-0400] {dag.py:2915} INFO - Sync 1 DAGs
[2023-09-27T22:53:15.784-0400] {logging_mixin.py:151} INFO - [2023-09-27T22:53:15.783-0400] {dag.py:3696} INFO - Setting next_dagrun for example_dynamic_task_mapping to 2022-03-04T00:00:00+00:00, run_after=2022-03-05T00:00:00+00:00
[2023-09-27T22:53:15.812-0400] {processor.py:179} INFO - Processing /home/beau/airflow/py_env/lib/python3.10/site-packages/airflow/example_dags/example_dynamic_task_mapping.py took 0.097 seconds
[2023-09-27T22:54:08.728-0400] {processor.py:157} INFO - Started process (PID=18698) to work on /home/beau/airflow/py_env/lib/python3.10/site-packages/airflow/example_dags/example_dynamic_task_mapping.py
[2023-09-27T22:54:08.732-0400] {processor.py:829} INFO - Processing file /home/beau/airflow/py_env/lib/python3.10/site-packages/airflow/example_dags/example_dynamic_task_mapping.py for tasks to queue
[2023-09-27T22:54:08.734-0400] {logging_mixin.py:151} INFO - [2023-09-27T22:54:08.733-0400] {dagbag.py:539} INFO - Filling up the DagBag from /home/beau/airflow/py_env/lib/python3.10/site-packages/airflow/example_dags/example_dynamic_task_mapping.py
[2023-09-27T22:54:08.745-0400] {processor.py:839} INFO - DAG(s) dict_keys(['example_dynamic_task_mapping']) retrieved from /home/beau/airflow/py_env/lib/python3.10/site-packages/airflow/example_dags/example_dynamic_task_mapping.py
[2023-09-27T22:54:08.760-0400] {logging_mixin.py:151} INFO - [2023-09-27T22:54:08.760-0400] {dag.py:2915} INFO - Sync 1 DAGs
[2023-09-27T22:54:08.775-0400] {logging_mixin.py:151} INFO - [2023-09-27T22:54:08.775-0400] {dag.py:3696} INFO - Setting next_dagrun for example_dynamic_task_mapping to 2022-03-04T00:00:00+00:00, run_after=2022-03-05T00:00:00+00:00
[2023-09-27T22:54:08.798-0400] {processor.py:179} INFO - Processing /home/beau/airflow/py_env/lib/python3.10/site-packages/airflow/example_dags/example_dynamic_task_mapping.py took 0.075 seconds
