[2023-09-27T22:33:32.445-0400] {processor.py:157} INFO - Started process (PID=8614) to work on /home/beau/airflow/py_env/lib/python3.10/site-packages/airflow/example_dags/example_branch_python_dop_operator_3.py
[2023-09-27T22:33:32.448-0400] {processor.py:829} INFO - Processing file /home/beau/airflow/py_env/lib/python3.10/site-packages/airflow/example_dags/example_branch_python_dop_operator_3.py for tasks to queue
[2023-09-27T22:33:32.449-0400] {logging_mixin.py:151} INFO - [2023-09-27T22:33:32.449-0400] {dagbag.py:539} INFO - Filling up the DagBag from /home/beau/airflow/py_env/lib/python3.10/site-packages/airflow/example_dags/example_branch_python_dop_operator_3.py
[2023-09-27T22:33:32.467-0400] {processor.py:839} INFO - DAG(s) dict_keys(['example_branch_dop_operator_v3']) retrieved from /home/beau/airflow/py_env/lib/python3.10/site-packages/airflow/example_dags/example_branch_python_dop_operator_3.py
[2023-09-27T22:33:32.489-0400] {logging_mixin.py:151} INFO - [2023-09-27T22:33:32.489-0400] {dag.py:2915} INFO - Sync 1 DAGs
[2023-09-27T22:33:32.509-0400] {logging_mixin.py:151} INFO - [2023-09-27T22:33:32.508-0400] {dag.py:3696} INFO - Setting next_dagrun for example_branch_dop_operator_v3 to 2023-09-28T02:32:00+00:00, run_after=2023-09-28T02:33:00+00:00
[2023-09-27T22:33:32.546-0400] {processor.py:179} INFO - Processing /home/beau/airflow/py_env/lib/python3.10/site-packages/airflow/example_dags/example_branch_python_dop_operator_3.py took 0.109 seconds
[2023-09-27T22:34:27.736-0400] {processor.py:157} INFO - Started process (PID=9031) to work on /home/beau/airflow/py_env/lib/python3.10/site-packages/airflow/example_dags/example_branch_python_dop_operator_3.py
[2023-09-27T22:34:27.739-0400] {processor.py:829} INFO - Processing file /home/beau/airflow/py_env/lib/python3.10/site-packages/airflow/example_dags/example_branch_python_dop_operator_3.py for tasks to queue
[2023-09-27T22:34:27.741-0400] {logging_mixin.py:151} INFO - [2023-09-27T22:34:27.740-0400] {dagbag.py:539} INFO - Filling up the DagBag from /home/beau/airflow/py_env/lib/python3.10/site-packages/airflow/example_dags/example_branch_python_dop_operator_3.py
[2023-09-27T22:34:27.758-0400] {processor.py:839} INFO - DAG(s) dict_keys(['example_branch_dop_operator_v3']) retrieved from /home/beau/airflow/py_env/lib/python3.10/site-packages/airflow/example_dags/example_branch_python_dop_operator_3.py
[2023-09-27T22:34:27.773-0400] {logging_mixin.py:151} INFO - [2023-09-27T22:34:27.773-0400] {dag.py:2915} INFO - Sync 1 DAGs
[2023-09-27T22:34:27.794-0400] {logging_mixin.py:151} INFO - [2023-09-27T22:34:27.794-0400] {dag.py:3696} INFO - Setting next_dagrun for example_branch_dop_operator_v3 to 2023-09-28T02:33:00+00:00, run_after=2023-09-28T02:34:00+00:00
[2023-09-27T22:34:27.820-0400] {processor.py:179} INFO - Processing /home/beau/airflow/py_env/lib/python3.10/site-packages/airflow/example_dags/example_branch_python_dop_operator_3.py took 0.090 seconds
[2023-09-27T22:35:39.483-0400] {processor.py:157} INFO - Started process (PID=9704) to work on /home/beau/airflow/py_env/lib/python3.10/site-packages/airflow/example_dags/example_branch_python_dop_operator_3.py
[2023-09-27T22:35:39.484-0400] {processor.py:829} INFO - Processing file /home/beau/airflow/py_env/lib/python3.10/site-packages/airflow/example_dags/example_branch_python_dop_operator_3.py for tasks to queue
[2023-09-27T22:35:39.485-0400] {logging_mixin.py:151} INFO - [2023-09-27T22:35:39.485-0400] {dagbag.py:539} INFO - Filling up the DagBag from /home/beau/airflow/py_env/lib/python3.10/site-packages/airflow/example_dags/example_branch_python_dop_operator_3.py
[2023-09-27T22:35:39.510-0400] {processor.py:839} INFO - DAG(s) dict_keys(['example_branch_dop_operator_v3']) retrieved from /home/beau/airflow/py_env/lib/python3.10/site-packages/airflow/example_dags/example_branch_python_dop_operator_3.py
[2023-09-27T22:35:39.531-0400] {logging_mixin.py:151} INFO - [2023-09-27T22:35:39.531-0400] {dag.py:2915} INFO - Sync 1 DAGs
[2023-09-27T22:35:39.676-0400] {logging_mixin.py:151} INFO - [2023-09-27T22:35:39.675-0400] {dag.py:3696} INFO - Setting next_dagrun for example_branch_dop_operator_v3 to 2023-09-28T02:34:00+00:00, run_after=2023-09-28T02:35:00+00:00
[2023-09-27T22:35:39.699-0400] {processor.py:179} INFO - Processing /home/beau/airflow/py_env/lib/python3.10/site-packages/airflow/example_dags/example_branch_python_dop_operator_3.py took 0.219 seconds
[2023-09-27T22:36:34.867-0400] {processor.py:157} INFO - Started process (PID=10450) to work on /home/beau/airflow/py_env/lib/python3.10/site-packages/airflow/example_dags/example_branch_python_dop_operator_3.py
[2023-09-27T22:36:34.872-0400] {processor.py:829} INFO - Processing file /home/beau/airflow/py_env/lib/python3.10/site-packages/airflow/example_dags/example_branch_python_dop_operator_3.py for tasks to queue
[2023-09-27T22:36:34.873-0400] {logging_mixin.py:151} INFO - [2023-09-27T22:36:34.872-0400] {dagbag.py:539} INFO - Filling up the DagBag from /home/beau/airflow/py_env/lib/python3.10/site-packages/airflow/example_dags/example_branch_python_dop_operator_3.py
[2023-09-27T22:36:34.886-0400] {processor.py:839} INFO - DAG(s) dict_keys(['example_branch_dop_operator_v3']) retrieved from /home/beau/airflow/py_env/lib/python3.10/site-packages/airflow/example_dags/example_branch_python_dop_operator_3.py
[2023-09-27T22:36:34.908-0400] {logging_mixin.py:151} INFO - [2023-09-27T22:36:34.908-0400] {dag.py:2915} INFO - Sync 1 DAGs
[2023-09-27T22:36:34.932-0400] {logging_mixin.py:151} INFO - [2023-09-27T22:36:34.931-0400] {dag.py:3696} INFO - Setting next_dagrun for example_branch_dop_operator_v3 to 2023-09-28T02:35:00+00:00, run_after=2023-09-28T02:36:00+00:00
[2023-09-27T22:36:34.965-0400] {processor.py:179} INFO - Processing /home/beau/airflow/py_env/lib/python3.10/site-packages/airflow/example_dags/example_branch_python_dop_operator_3.py took 0.104 seconds
[2023-09-27T22:37:35.288-0400] {processor.py:157} INFO - Started process (PID=10840) to work on /home/beau/airflow/py_env/lib/python3.10/site-packages/airflow/example_dags/example_branch_python_dop_operator_3.py
[2023-09-27T22:37:35.292-0400] {processor.py:829} INFO - Processing file /home/beau/airflow/py_env/lib/python3.10/site-packages/airflow/example_dags/example_branch_python_dop_operator_3.py for tasks to queue
[2023-09-27T22:37:35.293-0400] {logging_mixin.py:151} INFO - [2023-09-27T22:37:35.293-0400] {dagbag.py:539} INFO - Filling up the DagBag from /home/beau/airflow/py_env/lib/python3.10/site-packages/airflow/example_dags/example_branch_python_dop_operator_3.py
[2023-09-27T22:37:35.304-0400] {processor.py:839} INFO - DAG(s) dict_keys(['example_branch_dop_operator_v3']) retrieved from /home/beau/airflow/py_env/lib/python3.10/site-packages/airflow/example_dags/example_branch_python_dop_operator_3.py
[2023-09-27T22:37:35.322-0400] {logging_mixin.py:151} INFO - [2023-09-27T22:37:35.321-0400] {dag.py:2915} INFO - Sync 1 DAGs
[2023-09-27T22:37:35.353-0400] {logging_mixin.py:151} INFO - [2023-09-27T22:37:35.352-0400] {dag.py:3696} INFO - Setting next_dagrun for example_branch_dop_operator_v3 to 2023-09-28T02:36:00+00:00, run_after=2023-09-28T02:37:00+00:00
[2023-09-27T22:37:35.386-0400] {processor.py:179} INFO - Processing /home/beau/airflow/py_env/lib/python3.10/site-packages/airflow/example_dags/example_branch_python_dop_operator_3.py took 0.101 seconds
[2023-09-27T22:38:34.156-0400] {processor.py:157} INFO - Started process (PID=11415) to work on /home/beau/airflow/py_env/lib/python3.10/site-packages/airflow/example_dags/example_branch_python_dop_operator_3.py
[2023-09-27T22:38:34.161-0400] {processor.py:829} INFO - Processing file /home/beau/airflow/py_env/lib/python3.10/site-packages/airflow/example_dags/example_branch_python_dop_operator_3.py for tasks to queue
[2023-09-27T22:38:34.162-0400] {logging_mixin.py:151} INFO - [2023-09-27T22:38:34.162-0400] {dagbag.py:539} INFO - Filling up the DagBag from /home/beau/airflow/py_env/lib/python3.10/site-packages/airflow/example_dags/example_branch_python_dop_operator_3.py
[2023-09-27T22:38:34.178-0400] {processor.py:839} INFO - DAG(s) dict_keys(['example_branch_dop_operator_v3']) retrieved from /home/beau/airflow/py_env/lib/python3.10/site-packages/airflow/example_dags/example_branch_python_dop_operator_3.py
[2023-09-27T22:38:34.219-0400] {logging_mixin.py:151} INFO - [2023-09-27T22:38:34.218-0400] {dag.py:2915} INFO - Sync 1 DAGs
[2023-09-27T22:38:34.245-0400] {logging_mixin.py:151} INFO - [2023-09-27T22:38:34.244-0400] {dag.py:3696} INFO - Setting next_dagrun for example_branch_dop_operator_v3 to 2023-09-28T02:37:00+00:00, run_after=2023-09-28T02:38:00+00:00
[2023-09-27T22:38:34.271-0400] {processor.py:179} INFO - Processing /home/beau/airflow/py_env/lib/python3.10/site-packages/airflow/example_dags/example_branch_python_dop_operator_3.py took 0.119 seconds
[2023-09-27T22:39:25.417-0400] {processor.py:157} INFO - Started process (PID=11866) to work on /home/beau/airflow/py_env/lib/python3.10/site-packages/airflow/example_dags/example_branch_python_dop_operator_3.py
[2023-09-27T22:39:25.421-0400] {processor.py:829} INFO - Processing file /home/beau/airflow/py_env/lib/python3.10/site-packages/airflow/example_dags/example_branch_python_dop_operator_3.py for tasks to queue
[2023-09-27T22:39:25.422-0400] {logging_mixin.py:151} INFO - [2023-09-27T22:39:25.421-0400] {dagbag.py:539} INFO - Filling up the DagBag from /home/beau/airflow/py_env/lib/python3.10/site-packages/airflow/example_dags/example_branch_python_dop_operator_3.py
[2023-09-27T22:39:25.430-0400] {processor.py:839} INFO - DAG(s) dict_keys(['example_branch_dop_operator_v3']) retrieved from /home/beau/airflow/py_env/lib/python3.10/site-packages/airflow/example_dags/example_branch_python_dop_operator_3.py
[2023-09-27T22:39:25.448-0400] {logging_mixin.py:151} INFO - [2023-09-27T22:39:25.448-0400] {dag.py:2915} INFO - Sync 1 DAGs
[2023-09-27T22:39:25.470-0400] {logging_mixin.py:151} INFO - [2023-09-27T22:39:25.470-0400] {dag.py:3696} INFO - Setting next_dagrun for example_branch_dop_operator_v3 to 2023-09-28T02:38:00+00:00, run_after=2023-09-28T02:39:00+00:00
[2023-09-27T22:39:25.496-0400] {processor.py:179} INFO - Processing /home/beau/airflow/py_env/lib/python3.10/site-packages/airflow/example_dags/example_branch_python_dop_operator_3.py took 0.082 seconds
[2023-09-27T22:40:29.473-0400] {processor.py:157} INFO - Started process (PID=12142) to work on /home/beau/airflow/py_env/lib/python3.10/site-packages/airflow/example_dags/example_branch_python_dop_operator_3.py
[2023-09-27T22:40:29.477-0400] {processor.py:829} INFO - Processing file /home/beau/airflow/py_env/lib/python3.10/site-packages/airflow/example_dags/example_branch_python_dop_operator_3.py for tasks to queue
[2023-09-27T22:40:29.479-0400] {logging_mixin.py:151} INFO - [2023-09-27T22:40:29.478-0400] {dagbag.py:539} INFO - Filling up the DagBag from /home/beau/airflow/py_env/lib/python3.10/site-packages/airflow/example_dags/example_branch_python_dop_operator_3.py
[2023-09-27T22:40:29.498-0400] {processor.py:839} INFO - DAG(s) dict_keys(['example_branch_dop_operator_v3']) retrieved from /home/beau/airflow/py_env/lib/python3.10/site-packages/airflow/example_dags/example_branch_python_dop_operator_3.py
[2023-09-27T22:40:29.519-0400] {logging_mixin.py:151} INFO - [2023-09-27T22:40:29.519-0400] {dag.py:2915} INFO - Sync 1 DAGs
[2023-09-27T22:40:29.573-0400] {logging_mixin.py:151} INFO - [2023-09-27T22:40:29.573-0400] {dag.py:3696} INFO - Setting next_dagrun for example_branch_dop_operator_v3 to 2023-09-28T02:39:00+00:00, run_after=2023-09-28T02:40:00+00:00
[2023-09-27T22:40:29.602-0400] {processor.py:179} INFO - Processing /home/beau/airflow/py_env/lib/python3.10/site-packages/airflow/example_dags/example_branch_python_dop_operator_3.py took 0.136 seconds
[2023-09-27T22:41:28.062-0400] {processor.py:157} INFO - Started process (PID=12456) to work on /home/beau/airflow/py_env/lib/python3.10/site-packages/airflow/example_dags/example_branch_python_dop_operator_3.py
[2023-09-27T22:41:28.067-0400] {processor.py:829} INFO - Processing file /home/beau/airflow/py_env/lib/python3.10/site-packages/airflow/example_dags/example_branch_python_dop_operator_3.py for tasks to queue
[2023-09-27T22:41:28.069-0400] {logging_mixin.py:151} INFO - [2023-09-27T22:41:28.068-0400] {dagbag.py:539} INFO - Filling up the DagBag from /home/beau/airflow/py_env/lib/python3.10/site-packages/airflow/example_dags/example_branch_python_dop_operator_3.py
[2023-09-27T22:41:28.088-0400] {processor.py:839} INFO - DAG(s) dict_keys(['example_branch_dop_operator_v3']) retrieved from /home/beau/airflow/py_env/lib/python3.10/site-packages/airflow/example_dags/example_branch_python_dop_operator_3.py
[2023-09-27T22:41:28.119-0400] {logging_mixin.py:151} INFO - [2023-09-27T22:41:28.119-0400] {dag.py:2915} INFO - Sync 1 DAGs
[2023-09-27T22:41:28.140-0400] {logging_mixin.py:151} INFO - [2023-09-27T22:41:28.140-0400] {dag.py:3696} INFO - Setting next_dagrun for example_branch_dop_operator_v3 to 2023-09-28T02:40:00+00:00, run_after=2023-09-28T02:41:00+00:00
[2023-09-27T22:41:28.167-0400] {processor.py:179} INFO - Processing /home/beau/airflow/py_env/lib/python3.10/site-packages/airflow/example_dags/example_branch_python_dop_operator_3.py took 0.112 seconds
[2023-09-27T22:42:28.153-0400] {processor.py:157} INFO - Started process (PID=12908) to work on /home/beau/airflow/py_env/lib/python3.10/site-packages/airflow/example_dags/example_branch_python_dop_operator_3.py
[2023-09-27T22:42:28.158-0400] {processor.py:829} INFO - Processing file /home/beau/airflow/py_env/lib/python3.10/site-packages/airflow/example_dags/example_branch_python_dop_operator_3.py for tasks to queue
[2023-09-27T22:42:28.160-0400] {logging_mixin.py:151} INFO - [2023-09-27T22:42:28.159-0400] {dagbag.py:539} INFO - Filling up the DagBag from /home/beau/airflow/py_env/lib/python3.10/site-packages/airflow/example_dags/example_branch_python_dop_operator_3.py
[2023-09-27T22:42:28.178-0400] {processor.py:839} INFO - DAG(s) dict_keys(['example_branch_dop_operator_v3']) retrieved from /home/beau/airflow/py_env/lib/python3.10/site-packages/airflow/example_dags/example_branch_python_dop_operator_3.py
[2023-09-27T22:42:28.194-0400] {logging_mixin.py:151} INFO - [2023-09-27T22:42:28.194-0400] {dag.py:2915} INFO - Sync 1 DAGs
[2023-09-27T22:42:28.215-0400] {logging_mixin.py:151} INFO - [2023-09-27T22:42:28.215-0400] {dag.py:3696} INFO - Setting next_dagrun for example_branch_dop_operator_v3 to 2023-09-28T02:41:00+00:00, run_after=2023-09-28T02:42:00+00:00
[2023-09-27T22:42:28.247-0400] {processor.py:179} INFO - Processing /home/beau/airflow/py_env/lib/python3.10/site-packages/airflow/example_dags/example_branch_python_dop_operator_3.py took 0.101 seconds
[2023-09-27T22:43:21.255-0400] {processor.py:157} INFO - Started process (PID=13355) to work on /home/beau/airflow/py_env/lib/python3.10/site-packages/airflow/example_dags/example_branch_python_dop_operator_3.py
[2023-09-27T22:43:21.259-0400] {processor.py:829} INFO - Processing file /home/beau/airflow/py_env/lib/python3.10/site-packages/airflow/example_dags/example_branch_python_dop_operator_3.py for tasks to queue
[2023-09-27T22:43:21.261-0400] {logging_mixin.py:151} INFO - [2023-09-27T22:43:21.260-0400] {dagbag.py:539} INFO - Filling up the DagBag from /home/beau/airflow/py_env/lib/python3.10/site-packages/airflow/example_dags/example_branch_python_dop_operator_3.py
[2023-09-27T22:43:21.274-0400] {processor.py:839} INFO - DAG(s) dict_keys(['example_branch_dop_operator_v3']) retrieved from /home/beau/airflow/py_env/lib/python3.10/site-packages/airflow/example_dags/example_branch_python_dop_operator_3.py
[2023-09-27T22:43:21.290-0400] {logging_mixin.py:151} INFO - [2023-09-27T22:43:21.290-0400] {dag.py:2915} INFO - Sync 1 DAGs
[2023-09-27T22:43:21.311-0400] {logging_mixin.py:151} INFO - [2023-09-27T22:43:21.311-0400] {dag.py:3696} INFO - Setting next_dagrun for example_branch_dop_operator_v3 to 2023-09-28T02:42:00+00:00, run_after=2023-09-28T02:43:00+00:00
[2023-09-27T22:43:21.341-0400] {processor.py:179} INFO - Processing /home/beau/airflow/py_env/lib/python3.10/site-packages/airflow/example_dags/example_branch_python_dop_operator_3.py took 0.091 seconds
[2023-09-27T22:44:22.995-0400] {processor.py:157} INFO - Started process (PID=13838) to work on /home/beau/airflow/py_env/lib/python3.10/site-packages/airflow/example_dags/example_branch_python_dop_operator_3.py
[2023-09-27T22:44:23.000-0400] {processor.py:829} INFO - Processing file /home/beau/airflow/py_env/lib/python3.10/site-packages/airflow/example_dags/example_branch_python_dop_operator_3.py for tasks to queue
[2023-09-27T22:44:23.002-0400] {logging_mixin.py:151} INFO - [2023-09-27T22:44:23.001-0400] {dagbag.py:539} INFO - Filling up the DagBag from /home/beau/airflow/py_env/lib/python3.10/site-packages/airflow/example_dags/example_branch_python_dop_operator_3.py
[2023-09-27T22:44:23.019-0400] {processor.py:839} INFO - DAG(s) dict_keys(['example_branch_dop_operator_v3']) retrieved from /home/beau/airflow/py_env/lib/python3.10/site-packages/airflow/example_dags/example_branch_python_dop_operator_3.py
[2023-09-27T22:44:23.041-0400] {logging_mixin.py:151} INFO - [2023-09-27T22:44:23.040-0400] {dag.py:2915} INFO - Sync 1 DAGs
[2023-09-27T22:44:23.066-0400] {logging_mixin.py:151} INFO - [2023-09-27T22:44:23.066-0400] {dag.py:3696} INFO - Setting next_dagrun for example_branch_dop_operator_v3 to 2023-09-28T02:43:00+00:00, run_after=2023-09-28T02:44:00+00:00
[2023-09-27T22:44:23.093-0400] {processor.py:179} INFO - Processing /home/beau/airflow/py_env/lib/python3.10/site-packages/airflow/example_dags/example_branch_python_dop_operator_3.py took 0.105 seconds
[2023-09-27T22:45:17.431-0400] {processor.py:157} INFO - Started process (PID=14295) to work on /home/beau/airflow/py_env/lib/python3.10/site-packages/airflow/example_dags/example_branch_python_dop_operator_3.py
[2023-09-27T22:45:17.436-0400] {processor.py:829} INFO - Processing file /home/beau/airflow/py_env/lib/python3.10/site-packages/airflow/example_dags/example_branch_python_dop_operator_3.py for tasks to queue
[2023-09-27T22:45:17.438-0400] {logging_mixin.py:151} INFO - [2023-09-27T22:45:17.437-0400] {dagbag.py:539} INFO - Filling up the DagBag from /home/beau/airflow/py_env/lib/python3.10/site-packages/airflow/example_dags/example_branch_python_dop_operator_3.py
[2023-09-27T22:45:17.452-0400] {processor.py:839} INFO - DAG(s) dict_keys(['example_branch_dop_operator_v3']) retrieved from /home/beau/airflow/py_env/lib/python3.10/site-packages/airflow/example_dags/example_branch_python_dop_operator_3.py
[2023-09-27T22:45:17.473-0400] {logging_mixin.py:151} INFO - [2023-09-27T22:45:17.473-0400] {dag.py:2915} INFO - Sync 1 DAGs
[2023-09-27T22:45:17.494-0400] {logging_mixin.py:151} INFO - [2023-09-27T22:45:17.494-0400] {dag.py:3696} INFO - Setting next_dagrun for example_branch_dop_operator_v3 to 2023-09-28T02:44:00+00:00, run_after=2023-09-28T02:45:00+00:00
[2023-09-27T22:45:17.524-0400] {processor.py:179} INFO - Processing /home/beau/airflow/py_env/lib/python3.10/site-packages/airflow/example_dags/example_branch_python_dop_operator_3.py took 0.105 seconds
[2023-09-27T22:46:17.540-0400] {processor.py:157} INFO - Started process (PID=15061) to work on /home/beau/airflow/py_env/lib/python3.10/site-packages/airflow/example_dags/example_branch_python_dop_operator_3.py
[2023-09-27T22:46:17.544-0400] {processor.py:829} INFO - Processing file /home/beau/airflow/py_env/lib/python3.10/site-packages/airflow/example_dags/example_branch_python_dop_operator_3.py for tasks to queue
[2023-09-27T22:46:17.546-0400] {logging_mixin.py:151} INFO - [2023-09-27T22:46:17.546-0400] {dagbag.py:539} INFO - Filling up the DagBag from /home/beau/airflow/py_env/lib/python3.10/site-packages/airflow/example_dags/example_branch_python_dop_operator_3.py
[2023-09-27T22:46:17.561-0400] {processor.py:839} INFO - DAG(s) dict_keys(['example_branch_dop_operator_v3']) retrieved from /home/beau/airflow/py_env/lib/python3.10/site-packages/airflow/example_dags/example_branch_python_dop_operator_3.py
[2023-09-27T22:46:17.576-0400] {logging_mixin.py:151} INFO - [2023-09-27T22:46:17.576-0400] {dag.py:2915} INFO - Sync 1 DAGs
[2023-09-27T22:46:17.597-0400] {logging_mixin.py:151} INFO - [2023-09-27T22:46:17.597-0400] {dag.py:3696} INFO - Setting next_dagrun for example_branch_dop_operator_v3 to 2023-09-28T02:45:00+00:00, run_after=2023-09-28T02:46:00+00:00
[2023-09-27T22:46:17.625-0400] {processor.py:179} INFO - Processing /home/beau/airflow/py_env/lib/python3.10/site-packages/airflow/example_dags/example_branch_python_dop_operator_3.py took 0.093 seconds
[2023-09-27T22:47:17.877-0400] {processor.py:157} INFO - Started process (PID=15795) to work on /home/beau/airflow/py_env/lib/python3.10/site-packages/airflow/example_dags/example_branch_python_dop_operator_3.py
[2023-09-27T22:47:17.882-0400] {processor.py:829} INFO - Processing file /home/beau/airflow/py_env/lib/python3.10/site-packages/airflow/example_dags/example_branch_python_dop_operator_3.py for tasks to queue
[2023-09-27T22:47:17.884-0400] {logging_mixin.py:151} INFO - [2023-09-27T22:47:17.883-0400] {dagbag.py:539} INFO - Filling up the DagBag from /home/beau/airflow/py_env/lib/python3.10/site-packages/airflow/example_dags/example_branch_python_dop_operator_3.py
[2023-09-27T22:47:17.896-0400] {processor.py:839} INFO - DAG(s) dict_keys(['example_branch_dop_operator_v3']) retrieved from /home/beau/airflow/py_env/lib/python3.10/site-packages/airflow/example_dags/example_branch_python_dop_operator_3.py
[2023-09-27T22:47:17.914-0400] {logging_mixin.py:151} INFO - [2023-09-27T22:47:17.914-0400] {dag.py:2915} INFO - Sync 1 DAGs
[2023-09-27T22:47:17.935-0400] {logging_mixin.py:151} INFO - [2023-09-27T22:47:17.935-0400] {dag.py:3696} INFO - Setting next_dagrun for example_branch_dop_operator_v3 to 2023-09-28T02:46:00+00:00, run_after=2023-09-28T02:47:00+00:00
[2023-09-27T22:47:17.963-0400] {processor.py:179} INFO - Processing /home/beau/airflow/py_env/lib/python3.10/site-packages/airflow/example_dags/example_branch_python_dop_operator_3.py took 0.093 seconds
[2023-09-27T22:48:16.706-0400] {processor.py:157} INFO - Started process (PID=16410) to work on /home/beau/airflow/py_env/lib/python3.10/site-packages/airflow/example_dags/example_branch_python_dop_operator_3.py
[2023-09-27T22:48:16.710-0400] {processor.py:829} INFO - Processing file /home/beau/airflow/py_env/lib/python3.10/site-packages/airflow/example_dags/example_branch_python_dop_operator_3.py for tasks to queue
[2023-09-27T22:48:16.711-0400] {logging_mixin.py:151} INFO - [2023-09-27T22:48:16.710-0400] {dagbag.py:539} INFO - Filling up the DagBag from /home/beau/airflow/py_env/lib/python3.10/site-packages/airflow/example_dags/example_branch_python_dop_operator_3.py
[2023-09-27T22:48:16.723-0400] {processor.py:839} INFO - DAG(s) dict_keys(['example_branch_dop_operator_v3']) retrieved from /home/beau/airflow/py_env/lib/python3.10/site-packages/airflow/example_dags/example_branch_python_dop_operator_3.py
[2023-09-27T22:48:16.747-0400] {logging_mixin.py:151} INFO - [2023-09-27T22:48:16.747-0400] {dag.py:2915} INFO - Sync 1 DAGs
[2023-09-27T22:48:16.777-0400] {logging_mixin.py:151} INFO - [2023-09-27T22:48:16.777-0400] {dag.py:3696} INFO - Setting next_dagrun for example_branch_dop_operator_v3 to 2023-09-28T02:47:00+00:00, run_after=2023-09-28T02:48:00+00:00
[2023-09-27T22:48:16.808-0400] {processor.py:179} INFO - Processing /home/beau/airflow/py_env/lib/python3.10/site-packages/airflow/example_dags/example_branch_python_dop_operator_3.py took 0.106 seconds
[2023-09-27T22:49:16.144-0400] {processor.py:157} INFO - Started process (PID=16966) to work on /home/beau/airflow/py_env/lib/python3.10/site-packages/airflow/example_dags/example_branch_python_dop_operator_3.py
[2023-09-27T22:49:16.149-0400] {processor.py:829} INFO - Processing file /home/beau/airflow/py_env/lib/python3.10/site-packages/airflow/example_dags/example_branch_python_dop_operator_3.py for tasks to queue
[2023-09-27T22:49:16.152-0400] {logging_mixin.py:151} INFO - [2023-09-27T22:49:16.151-0400] {dagbag.py:539} INFO - Filling up the DagBag from /home/beau/airflow/py_env/lib/python3.10/site-packages/airflow/example_dags/example_branch_python_dop_operator_3.py
[2023-09-27T22:49:16.182-0400] {processor.py:839} INFO - DAG(s) dict_keys(['example_branch_dop_operator_v3']) retrieved from /home/beau/airflow/py_env/lib/python3.10/site-packages/airflow/example_dags/example_branch_python_dop_operator_3.py
[2023-09-27T22:49:16.211-0400] {logging_mixin.py:151} INFO - [2023-09-27T22:49:16.211-0400] {dag.py:2915} INFO - Sync 1 DAGs
[2023-09-27T22:49:16.236-0400] {logging_mixin.py:151} INFO - [2023-09-27T22:49:16.236-0400] {dag.py:3696} INFO - Setting next_dagrun for example_branch_dop_operator_v3 to 2023-09-28T02:48:00+00:00, run_after=2023-09-28T02:49:00+00:00
[2023-09-27T22:49:16.265-0400] {processor.py:179} INFO - Processing /home/beau/airflow/py_env/lib/python3.10/site-packages/airflow/example_dags/example_branch_python_dop_operator_3.py took 0.126 seconds
[2023-09-27T22:50:14.506-0400] {processor.py:157} INFO - Started process (PID=17230) to work on /home/beau/airflow/py_env/lib/python3.10/site-packages/airflow/example_dags/example_branch_python_dop_operator_3.py
[2023-09-27T22:50:14.508-0400] {processor.py:829} INFO - Processing file /home/beau/airflow/py_env/lib/python3.10/site-packages/airflow/example_dags/example_branch_python_dop_operator_3.py for tasks to queue
[2023-09-27T22:50:14.509-0400] {logging_mixin.py:151} INFO - [2023-09-27T22:50:14.508-0400] {dagbag.py:539} INFO - Filling up the DagBag from /home/beau/airflow/py_env/lib/python3.10/site-packages/airflow/example_dags/example_branch_python_dop_operator_3.py
[2023-09-27T22:50:14.521-0400] {processor.py:839} INFO - DAG(s) dict_keys(['example_branch_dop_operator_v3']) retrieved from /home/beau/airflow/py_env/lib/python3.10/site-packages/airflow/example_dags/example_branch_python_dop_operator_3.py
[2023-09-27T22:50:14.538-0400] {logging_mixin.py:151} INFO - [2023-09-27T22:50:14.538-0400] {dag.py:2915} INFO - Sync 1 DAGs
[2023-09-27T22:50:14.559-0400] {logging_mixin.py:151} INFO - [2023-09-27T22:50:14.559-0400] {dag.py:3696} INFO - Setting next_dagrun for example_branch_dop_operator_v3 to 2023-09-28T02:49:00+00:00, run_after=2023-09-28T02:50:00+00:00
[2023-09-27T22:50:14.586-0400] {processor.py:179} INFO - Processing /home/beau/airflow/py_env/lib/python3.10/site-packages/airflow/example_dags/example_branch_python_dop_operator_3.py took 0.084 seconds
[2023-09-27T22:51:07.870-0400] {processor.py:157} INFO - Started process (PID=17477) to work on /home/beau/airflow/py_env/lib/python3.10/site-packages/airflow/example_dags/example_branch_python_dop_operator_3.py
[2023-09-27T22:51:07.874-0400] {processor.py:829} INFO - Processing file /home/beau/airflow/py_env/lib/python3.10/site-packages/airflow/example_dags/example_branch_python_dop_operator_3.py for tasks to queue
[2023-09-27T22:51:07.876-0400] {logging_mixin.py:151} INFO - [2023-09-27T22:51:07.875-0400] {dagbag.py:539} INFO - Filling up the DagBag from /home/beau/airflow/py_env/lib/python3.10/site-packages/airflow/example_dags/example_branch_python_dop_operator_3.py
[2023-09-27T22:51:07.886-0400] {processor.py:839} INFO - DAG(s) dict_keys(['example_branch_dop_operator_v3']) retrieved from /home/beau/airflow/py_env/lib/python3.10/site-packages/airflow/example_dags/example_branch_python_dop_operator_3.py
[2023-09-27T22:51:07.903-0400] {logging_mixin.py:151} INFO - [2023-09-27T22:51:07.903-0400] {dag.py:2915} INFO - Sync 1 DAGs
[2023-09-27T22:51:07.921-0400] {logging_mixin.py:151} INFO - [2023-09-27T22:51:07.921-0400] {dag.py:3696} INFO - Setting next_dagrun for example_branch_dop_operator_v3 to 2023-09-28T02:50:00+00:00, run_after=2023-09-28T02:51:00+00:00
[2023-09-27T22:51:07.947-0400] {processor.py:179} INFO - Processing /home/beau/airflow/py_env/lib/python3.10/site-packages/airflow/example_dags/example_branch_python_dop_operator_3.py took 0.081 seconds
[2023-09-27T22:52:04.706-0400] {processor.py:157} INFO - Started process (PID=17736) to work on /home/beau/airflow/py_env/lib/python3.10/site-packages/airflow/example_dags/example_branch_python_dop_operator_3.py
[2023-09-27T22:52:04.709-0400] {processor.py:829} INFO - Processing file /home/beau/airflow/py_env/lib/python3.10/site-packages/airflow/example_dags/example_branch_python_dop_operator_3.py for tasks to queue
[2023-09-27T22:52:04.710-0400] {logging_mixin.py:151} INFO - [2023-09-27T22:52:04.710-0400] {dagbag.py:539} INFO - Filling up the DagBag from /home/beau/airflow/py_env/lib/python3.10/site-packages/airflow/example_dags/example_branch_python_dop_operator_3.py
[2023-09-27T22:52:04.718-0400] {processor.py:839} INFO - DAG(s) dict_keys(['example_branch_dop_operator_v3']) retrieved from /home/beau/airflow/py_env/lib/python3.10/site-packages/airflow/example_dags/example_branch_python_dop_operator_3.py
[2023-09-27T22:52:04.732-0400] {logging_mixin.py:151} INFO - [2023-09-27T22:52:04.731-0400] {dag.py:2915} INFO - Sync 1 DAGs
[2023-09-27T22:52:04.750-0400] {logging_mixin.py:151} INFO - [2023-09-27T22:52:04.750-0400] {dag.py:3696} INFO - Setting next_dagrun for example_branch_dop_operator_v3 to 2023-09-28T02:51:00+00:00, run_after=2023-09-28T02:52:00+00:00
[2023-09-27T22:52:04.773-0400] {processor.py:179} INFO - Processing /home/beau/airflow/py_env/lib/python3.10/site-packages/airflow/example_dags/example_branch_python_dop_operator_3.py took 0.070 seconds
[2023-09-27T22:52:57.624-0400] {processor.py:157} INFO - Started process (PID=18110) to work on /home/beau/airflow/py_env/lib/python3.10/site-packages/airflow/example_dags/example_branch_python_dop_operator_3.py
[2023-09-27T22:52:57.627-0400] {processor.py:829} INFO - Processing file /home/beau/airflow/py_env/lib/python3.10/site-packages/airflow/example_dags/example_branch_python_dop_operator_3.py for tasks to queue
[2023-09-27T22:52:57.628-0400] {logging_mixin.py:151} INFO - [2023-09-27T22:52:57.628-0400] {dagbag.py:539} INFO - Filling up the DagBag from /home/beau/airflow/py_env/lib/python3.10/site-packages/airflow/example_dags/example_branch_python_dop_operator_3.py
[2023-09-27T22:52:57.637-0400] {processor.py:839} INFO - DAG(s) dict_keys(['example_branch_dop_operator_v3']) retrieved from /home/beau/airflow/py_env/lib/python3.10/site-packages/airflow/example_dags/example_branch_python_dop_operator_3.py
[2023-09-27T22:52:57.653-0400] {logging_mixin.py:151} INFO - [2023-09-27T22:52:57.653-0400] {dag.py:2915} INFO - Sync 1 DAGs
[2023-09-27T22:52:57.680-0400] {logging_mixin.py:151} INFO - [2023-09-27T22:52:57.680-0400] {dag.py:3696} INFO - Setting next_dagrun for example_branch_dop_operator_v3 to 2023-09-28T02:51:00+00:00, run_after=2023-09-28T02:52:00+00:00
[2023-09-27T22:52:57.709-0400] {processor.py:179} INFO - Processing /home/beau/airflow/py_env/lib/python3.10/site-packages/airflow/example_dags/example_branch_python_dop_operator_3.py took 0.088 seconds
[2023-09-27T22:53:49.832-0400] {processor.py:157} INFO - Started process (PID=18563) to work on /home/beau/airflow/py_env/lib/python3.10/site-packages/airflow/example_dags/example_branch_python_dop_operator_3.py
[2023-09-27T22:53:49.837-0400] {processor.py:829} INFO - Processing file /home/beau/airflow/py_env/lib/python3.10/site-packages/airflow/example_dags/example_branch_python_dop_operator_3.py for tasks to queue
[2023-09-27T22:53:49.838-0400] {logging_mixin.py:151} INFO - [2023-09-27T22:53:49.837-0400] {dagbag.py:539} INFO - Filling up the DagBag from /home/beau/airflow/py_env/lib/python3.10/site-packages/airflow/example_dags/example_branch_python_dop_operator_3.py
[2023-09-27T22:53:49.846-0400] {processor.py:839} INFO - DAG(s) dict_keys(['example_branch_dop_operator_v3']) retrieved from /home/beau/airflow/py_env/lib/python3.10/site-packages/airflow/example_dags/example_branch_python_dop_operator_3.py
[2023-09-27T22:53:49.862-0400] {logging_mixin.py:151} INFO - [2023-09-27T22:53:49.862-0400] {dag.py:2915} INFO - Sync 1 DAGs
[2023-09-27T22:53:49.885-0400] {logging_mixin.py:151} INFO - [2023-09-27T22:53:49.885-0400] {dag.py:3696} INFO - Setting next_dagrun for example_branch_dop_operator_v3 to 2023-09-28T02:52:00+00:00, run_after=2023-09-28T02:53:00+00:00
[2023-09-27T22:53:49.910-0400] {processor.py:179} INFO - Processing /home/beau/airflow/py_env/lib/python3.10/site-packages/airflow/example_dags/example_branch_python_dop_operator_3.py took 0.081 seconds
[2023-09-27T22:54:45.720-0400] {processor.py:157} INFO - Started process (PID=19130) to work on /home/beau/airflow/py_env/lib/python3.10/site-packages/airflow/example_dags/example_branch_python_dop_operator_3.py
[2023-09-27T22:54:45.725-0400] {processor.py:829} INFO - Processing file /home/beau/airflow/py_env/lib/python3.10/site-packages/airflow/example_dags/example_branch_python_dop_operator_3.py for tasks to queue
[2023-09-27T22:54:45.726-0400] {logging_mixin.py:151} INFO - [2023-09-27T22:54:45.725-0400] {dagbag.py:539} INFO - Filling up the DagBag from /home/beau/airflow/py_env/lib/python3.10/site-packages/airflow/example_dags/example_branch_python_dop_operator_3.py
[2023-09-27T22:54:45.736-0400] {processor.py:839} INFO - DAG(s) dict_keys(['example_branch_dop_operator_v3']) retrieved from /home/beau/airflow/py_env/lib/python3.10/site-packages/airflow/example_dags/example_branch_python_dop_operator_3.py
[2023-09-27T22:54:45.751-0400] {logging_mixin.py:151} INFO - [2023-09-27T22:54:45.751-0400] {dag.py:2915} INFO - Sync 1 DAGs
[2023-09-27T22:54:45.771-0400] {logging_mixin.py:151} INFO - [2023-09-27T22:54:45.770-0400] {dag.py:3696} INFO - Setting next_dagrun for example_branch_dop_operator_v3 to 2023-09-28T02:53:00+00:00, run_after=2023-09-28T02:54:00+00:00
[2023-09-27T22:54:45.793-0400] {processor.py:179} INFO - Processing /home/beau/airflow/py_env/lib/python3.10/site-packages/airflow/example_dags/example_branch_python_dop_operator_3.py took 0.079 seconds
[2023-09-27T22:55:41.421-0400] {processor.py:157} INFO - Started process (PID=19597) to work on /home/beau/airflow/py_env/lib/python3.10/site-packages/airflow/example_dags/example_branch_python_dop_operator_3.py
[2023-09-27T22:55:41.424-0400] {processor.py:829} INFO - Processing file /home/beau/airflow/py_env/lib/python3.10/site-packages/airflow/example_dags/example_branch_python_dop_operator_3.py for tasks to queue
[2023-09-27T22:55:41.425-0400] {logging_mixin.py:151} INFO - [2023-09-27T22:55:41.425-0400] {dagbag.py:539} INFO - Filling up the DagBag from /home/beau/airflow/py_env/lib/python3.10/site-packages/airflow/example_dags/example_branch_python_dop_operator_3.py
[2023-09-27T22:55:41.434-0400] {processor.py:839} INFO - DAG(s) dict_keys(['example_branch_dop_operator_v3']) retrieved from /home/beau/airflow/py_env/lib/python3.10/site-packages/airflow/example_dags/example_branch_python_dop_operator_3.py
[2023-09-27T22:55:41.451-0400] {logging_mixin.py:151} INFO - [2023-09-27T22:55:41.450-0400] {dag.py:2915} INFO - Sync 1 DAGs
[2023-09-27T22:55:41.473-0400] {logging_mixin.py:151} INFO - [2023-09-27T22:55:41.473-0400] {dag.py:3696} INFO - Setting next_dagrun for example_branch_dop_operator_v3 to 2023-09-28T02:54:00+00:00, run_after=2023-09-28T02:55:00+00:00
[2023-09-27T22:55:41.500-0400] {processor.py:179} INFO - Processing /home/beau/airflow/py_env/lib/python3.10/site-packages/airflow/example_dags/example_branch_python_dop_operator_3.py took 0.082 seconds
[2023-09-27T22:56:39.612-0400] {processor.py:157} INFO - Started process (PID=20164) to work on /home/beau/airflow/py_env/lib/python3.10/site-packages/airflow/example_dags/example_branch_python_dop_operator_3.py
[2023-09-27T22:56:39.617-0400] {processor.py:829} INFO - Processing file /home/beau/airflow/py_env/lib/python3.10/site-packages/airflow/example_dags/example_branch_python_dop_operator_3.py for tasks to queue
[2023-09-27T22:56:39.619-0400] {logging_mixin.py:151} INFO - [2023-09-27T22:56:39.618-0400] {dagbag.py:539} INFO - Filling up the DagBag from /home/beau/airflow/py_env/lib/python3.10/site-packages/airflow/example_dags/example_branch_python_dop_operator_3.py
[2023-09-27T22:56:39.633-0400] {processor.py:839} INFO - DAG(s) dict_keys(['example_branch_dop_operator_v3']) retrieved from /home/beau/airflow/py_env/lib/python3.10/site-packages/airflow/example_dags/example_branch_python_dop_operator_3.py
[2023-09-27T22:56:39.652-0400] {logging_mixin.py:151} INFO - [2023-09-27T22:56:39.652-0400] {dag.py:2915} INFO - Sync 1 DAGs
[2023-09-27T22:56:39.674-0400] {logging_mixin.py:151} INFO - [2023-09-27T22:56:39.673-0400] {dag.py:3696} INFO - Setting next_dagrun for example_branch_dop_operator_v3 to 2023-09-28T02:55:00+00:00, run_after=2023-09-28T02:56:00+00:00
[2023-09-27T22:56:39.701-0400] {processor.py:179} INFO - Processing /home/beau/airflow/py_env/lib/python3.10/site-packages/airflow/example_dags/example_branch_python_dop_operator_3.py took 0.098 seconds
[2023-09-27T22:57:26.227-0400] {processor.py:157} INFO - Started process (PID=20626) to work on /home/beau/airflow/py_env/lib/python3.10/site-packages/airflow/example_dags/example_branch_python_dop_operator_3.py
[2023-09-27T22:57:26.231-0400] {processor.py:829} INFO - Processing file /home/beau/airflow/py_env/lib/python3.10/site-packages/airflow/example_dags/example_branch_python_dop_operator_3.py for tasks to queue
[2023-09-27T22:57:26.232-0400] {logging_mixin.py:151} INFO - [2023-09-27T22:57:26.232-0400] {dagbag.py:539} INFO - Filling up the DagBag from /home/beau/airflow/py_env/lib/python3.10/site-packages/airflow/example_dags/example_branch_python_dop_operator_3.py
[2023-09-27T22:57:26.240-0400] {processor.py:839} INFO - DAG(s) dict_keys(['example_branch_dop_operator_v3']) retrieved from /home/beau/airflow/py_env/lib/python3.10/site-packages/airflow/example_dags/example_branch_python_dop_operator_3.py
[2023-09-27T22:57:26.254-0400] {logging_mixin.py:151} INFO - [2023-09-27T22:57:26.254-0400] {dag.py:2915} INFO - Sync 1 DAGs
[2023-09-27T22:57:26.273-0400] {logging_mixin.py:151} INFO - [2023-09-27T22:57:26.273-0400] {dag.py:3696} INFO - Setting next_dagrun for example_branch_dop_operator_v3 to 2023-09-28T02:56:00+00:00, run_after=2023-09-28T02:57:00+00:00
[2023-09-27T22:57:26.297-0400] {processor.py:179} INFO - Processing /home/beau/airflow/py_env/lib/python3.10/site-packages/airflow/example_dags/example_branch_python_dop_operator_3.py took 0.074 seconds
[2023-09-27T22:58:16.460-0400] {processor.py:157} INFO - Started process (PID=21127) to work on /home/beau/airflow/py_env/lib/python3.10/site-packages/airflow/example_dags/example_branch_python_dop_operator_3.py
[2023-09-27T22:58:16.466-0400] {processor.py:829} INFO - Processing file /home/beau/airflow/py_env/lib/python3.10/site-packages/airflow/example_dags/example_branch_python_dop_operator_3.py for tasks to queue
[2023-09-27T22:58:16.469-0400] {logging_mixin.py:151} INFO - [2023-09-27T22:58:16.468-0400] {dagbag.py:539} INFO - Filling up the DagBag from /home/beau/airflow/py_env/lib/python3.10/site-packages/airflow/example_dags/example_branch_python_dop_operator_3.py
[2023-09-27T22:58:16.487-0400] {processor.py:839} INFO - DAG(s) dict_keys(['example_branch_dop_operator_v3']) retrieved from /home/beau/airflow/py_env/lib/python3.10/site-packages/airflow/example_dags/example_branch_python_dop_operator_3.py
[2023-09-27T22:58:16.509-0400] {logging_mixin.py:151} INFO - [2023-09-27T22:58:16.509-0400] {dag.py:2915} INFO - Sync 1 DAGs
[2023-09-27T22:58:16.527-0400] {logging_mixin.py:151} INFO - [2023-09-27T22:58:16.527-0400] {dag.py:3696} INFO - Setting next_dagrun for example_branch_dop_operator_v3 to 2023-09-28T02:57:00+00:00, run_after=2023-09-28T02:58:00+00:00
[2023-09-27T22:58:16.554-0400] {processor.py:179} INFO - Processing /home/beau/airflow/py_env/lib/python3.10/site-packages/airflow/example_dags/example_branch_python_dop_operator_3.py took 0.103 seconds
[2023-09-27T22:59:12.475-0400] {processor.py:157} INFO - Started process (PID=21634) to work on /home/beau/airflow/py_env/lib/python3.10/site-packages/airflow/example_dags/example_branch_python_dop_operator_3.py
[2023-09-27T22:59:12.480-0400] {processor.py:829} INFO - Processing file /home/beau/airflow/py_env/lib/python3.10/site-packages/airflow/example_dags/example_branch_python_dop_operator_3.py for tasks to queue
[2023-09-27T22:59:12.481-0400] {logging_mixin.py:151} INFO - [2023-09-27T22:59:12.481-0400] {dagbag.py:539} INFO - Filling up the DagBag from /home/beau/airflow/py_env/lib/python3.10/site-packages/airflow/example_dags/example_branch_python_dop_operator_3.py
[2023-09-27T22:59:12.493-0400] {processor.py:839} INFO - DAG(s) dict_keys(['example_branch_dop_operator_v3']) retrieved from /home/beau/airflow/py_env/lib/python3.10/site-packages/airflow/example_dags/example_branch_python_dop_operator_3.py
[2023-09-27T22:59:12.510-0400] {logging_mixin.py:151} INFO - [2023-09-27T22:59:12.510-0400] {dag.py:2915} INFO - Sync 1 DAGs
[2023-09-27T22:59:12.528-0400] {logging_mixin.py:151} INFO - [2023-09-27T22:59:12.528-0400] {dag.py:3696} INFO - Setting next_dagrun for example_branch_dop_operator_v3 to 2023-09-28T02:58:00+00:00, run_after=2023-09-28T02:59:00+00:00
[2023-09-27T22:59:12.550-0400] {processor.py:179} INFO - Processing /home/beau/airflow/py_env/lib/python3.10/site-packages/airflow/example_dags/example_branch_python_dop_operator_3.py took 0.079 seconds
[2023-09-27T23:00:07.239-0400] {processor.py:157} INFO - Started process (PID=21910) to work on /home/beau/airflow/py_env/lib/python3.10/site-packages/airflow/example_dags/example_branch_python_dop_operator_3.py
[2023-09-27T23:00:07.242-0400] {processor.py:829} INFO - Processing file /home/beau/airflow/py_env/lib/python3.10/site-packages/airflow/example_dags/example_branch_python_dop_operator_3.py for tasks to queue
[2023-09-27T23:00:07.243-0400] {logging_mixin.py:151} INFO - [2023-09-27T23:00:07.242-0400] {dagbag.py:539} INFO - Filling up the DagBag from /home/beau/airflow/py_env/lib/python3.10/site-packages/airflow/example_dags/example_branch_python_dop_operator_3.py
[2023-09-27T23:00:07.251-0400] {processor.py:839} INFO - DAG(s) dict_keys(['example_branch_dop_operator_v3']) retrieved from /home/beau/airflow/py_env/lib/python3.10/site-packages/airflow/example_dags/example_branch_python_dop_operator_3.py
[2023-09-27T23:00:07.265-0400] {logging_mixin.py:151} INFO - [2023-09-27T23:00:07.265-0400] {dag.py:2915} INFO - Sync 1 DAGs
[2023-09-27T23:00:07.286-0400] {logging_mixin.py:151} INFO - [2023-09-27T23:00:07.285-0400] {dag.py:3696} INFO - Setting next_dagrun for example_branch_dop_operator_v3 to 2023-09-28T02:59:00+00:00, run_after=2023-09-28T03:00:00+00:00
[2023-09-27T23:00:07.308-0400] {processor.py:179} INFO - Processing /home/beau/airflow/py_env/lib/python3.10/site-packages/airflow/example_dags/example_branch_python_dop_operator_3.py took 0.072 seconds
[2023-09-27T23:01:01.250-0400] {processor.py:157} INFO - Started process (PID=22156) to work on /home/beau/airflow/py_env/lib/python3.10/site-packages/airflow/example_dags/example_branch_python_dop_operator_3.py
[2023-09-27T23:01:01.254-0400] {processor.py:829} INFO - Processing file /home/beau/airflow/py_env/lib/python3.10/site-packages/airflow/example_dags/example_branch_python_dop_operator_3.py for tasks to queue
[2023-09-27T23:01:01.255-0400] {logging_mixin.py:151} INFO - [2023-09-27T23:01:01.255-0400] {dagbag.py:539} INFO - Filling up the DagBag from /home/beau/airflow/py_env/lib/python3.10/site-packages/airflow/example_dags/example_branch_python_dop_operator_3.py
[2023-09-27T23:01:01.266-0400] {processor.py:839} INFO - DAG(s) dict_keys(['example_branch_dop_operator_v3']) retrieved from /home/beau/airflow/py_env/lib/python3.10/site-packages/airflow/example_dags/example_branch_python_dop_operator_3.py
[2023-09-27T23:01:01.285-0400] {logging_mixin.py:151} INFO - [2023-09-27T23:01:01.285-0400] {dag.py:2915} INFO - Sync 1 DAGs
[2023-09-27T23:01:01.311-0400] {logging_mixin.py:151} INFO - [2023-09-27T23:01:01.311-0400] {dag.py:3696} INFO - Setting next_dagrun for example_branch_dop_operator_v3 to 2023-09-28T03:00:00+00:00, run_after=2023-09-28T03:01:00+00:00
[2023-09-27T23:01:01.340-0400] {processor.py:179} INFO - Processing /home/beau/airflow/py_env/lib/python3.10/site-packages/airflow/example_dags/example_branch_python_dop_operator_3.py took 0.094 seconds
[2023-09-27T23:01:53.181-0400] {processor.py:157} INFO - Started process (PID=22395) to work on /home/beau/airflow/py_env/lib/python3.10/site-packages/airflow/example_dags/example_branch_python_dop_operator_3.py
[2023-09-27T23:01:53.186-0400] {processor.py:829} INFO - Processing file /home/beau/airflow/py_env/lib/python3.10/site-packages/airflow/example_dags/example_branch_python_dop_operator_3.py for tasks to queue
[2023-09-27T23:01:53.187-0400] {logging_mixin.py:151} INFO - [2023-09-27T23:01:53.186-0400] {dagbag.py:539} INFO - Filling up the DagBag from /home/beau/airflow/py_env/lib/python3.10/site-packages/airflow/example_dags/example_branch_python_dop_operator_3.py
[2023-09-27T23:01:53.199-0400] {processor.py:839} INFO - DAG(s) dict_keys(['example_branch_dop_operator_v3']) retrieved from /home/beau/airflow/py_env/lib/python3.10/site-packages/airflow/example_dags/example_branch_python_dop_operator_3.py
[2023-09-27T23:01:53.215-0400] {logging_mixin.py:151} INFO - [2023-09-27T23:01:53.215-0400] {dag.py:2915} INFO - Sync 1 DAGs
[2023-09-27T23:01:53.233-0400] {logging_mixin.py:151} INFO - [2023-09-27T23:01:53.233-0400] {dag.py:3696} INFO - Setting next_dagrun for example_branch_dop_operator_v3 to 2023-09-28T03:00:00+00:00, run_after=2023-09-28T03:01:00+00:00
[2023-09-27T23:01:53.255-0400] {processor.py:179} INFO - Processing /home/beau/airflow/py_env/lib/python3.10/site-packages/airflow/example_dags/example_branch_python_dop_operator_3.py took 0.087 seconds
[2023-09-27T23:02:46.858-0400] {processor.py:157} INFO - Started process (PID=22608) to work on /home/beau/airflow/py_env/lib/python3.10/site-packages/airflow/example_dags/example_branch_python_dop_operator_3.py
[2023-09-27T23:02:46.863-0400] {processor.py:829} INFO - Processing file /home/beau/airflow/py_env/lib/python3.10/site-packages/airflow/example_dags/example_branch_python_dop_operator_3.py for tasks to queue
[2023-09-27T23:02:46.864-0400] {logging_mixin.py:151} INFO - [2023-09-27T23:02:46.864-0400] {dagbag.py:539} INFO - Filling up the DagBag from /home/beau/airflow/py_env/lib/python3.10/site-packages/airflow/example_dags/example_branch_python_dop_operator_3.py
[2023-09-27T23:02:46.875-0400] {processor.py:839} INFO - DAG(s) dict_keys(['example_branch_dop_operator_v3']) retrieved from /home/beau/airflow/py_env/lib/python3.10/site-packages/airflow/example_dags/example_branch_python_dop_operator_3.py
[2023-09-27T23:02:46.895-0400] {logging_mixin.py:151} INFO - [2023-09-27T23:02:46.894-0400] {dag.py:2915} INFO - Sync 1 DAGs
[2023-09-27T23:02:46.913-0400] {logging_mixin.py:151} INFO - [2023-09-27T23:02:46.913-0400] {dag.py:3696} INFO - Setting next_dagrun for example_branch_dop_operator_v3 to 2023-09-28T03:01:00+00:00, run_after=2023-09-28T03:02:00+00:00
[2023-09-27T23:02:46.936-0400] {processor.py:179} INFO - Processing /home/beau/airflow/py_env/lib/python3.10/site-packages/airflow/example_dags/example_branch_python_dop_operator_3.py took 0.082 seconds
[2023-09-27T23:03:34.481-0400] {processor.py:157} INFO - Started process (PID=22874) to work on /home/beau/airflow/py_env/lib/python3.10/site-packages/airflow/example_dags/example_branch_python_dop_operator_3.py
[2023-09-27T23:03:34.486-0400] {processor.py:829} INFO - Processing file /home/beau/airflow/py_env/lib/python3.10/site-packages/airflow/example_dags/example_branch_python_dop_operator_3.py for tasks to queue
[2023-09-27T23:03:34.489-0400] {logging_mixin.py:151} INFO - [2023-09-27T23:03:34.488-0400] {dagbag.py:539} INFO - Filling up the DagBag from /home/beau/airflow/py_env/lib/python3.10/site-packages/airflow/example_dags/example_branch_python_dop_operator_3.py
[2023-09-27T23:03:34.502-0400] {processor.py:839} INFO - DAG(s) dict_keys(['example_branch_dop_operator_v3']) retrieved from /home/beau/airflow/py_env/lib/python3.10/site-packages/airflow/example_dags/example_branch_python_dop_operator_3.py
[2023-09-27T23:03:34.521-0400] {logging_mixin.py:151} INFO - [2023-09-27T23:03:34.521-0400] {dag.py:2915} INFO - Sync 1 DAGs
[2023-09-27T23:03:34.543-0400] {logging_mixin.py:151} INFO - [2023-09-27T23:03:34.543-0400] {dag.py:3696} INFO - Setting next_dagrun for example_branch_dop_operator_v3 to 2023-09-28T03:02:00+00:00, run_after=2023-09-28T03:03:00+00:00
[2023-09-27T23:03:34.571-0400] {processor.py:179} INFO - Processing /home/beau/airflow/py_env/lib/python3.10/site-packages/airflow/example_dags/example_branch_python_dop_operator_3.py took 0.098 seconds
[2023-09-27T23:04:28.627-0400] {processor.py:157} INFO - Started process (PID=23369) to work on /home/beau/airflow/py_env/lib/python3.10/site-packages/airflow/example_dags/example_branch_python_dop_operator_3.py
[2023-09-27T23:04:28.629-0400] {processor.py:829} INFO - Processing file /home/beau/airflow/py_env/lib/python3.10/site-packages/airflow/example_dags/example_branch_python_dop_operator_3.py for tasks to queue
[2023-09-27T23:04:28.631-0400] {logging_mixin.py:151} INFO - [2023-09-27T23:04:28.630-0400] {dagbag.py:539} INFO - Filling up the DagBag from /home/beau/airflow/py_env/lib/python3.10/site-packages/airflow/example_dags/example_branch_python_dop_operator_3.py
[2023-09-27T23:04:28.643-0400] {processor.py:839} INFO - DAG(s) dict_keys(['example_branch_dop_operator_v3']) retrieved from /home/beau/airflow/py_env/lib/python3.10/site-packages/airflow/example_dags/example_branch_python_dop_operator_3.py
[2023-09-27T23:04:28.659-0400] {logging_mixin.py:151} INFO - [2023-09-27T23:04:28.659-0400] {dag.py:2915} INFO - Sync 1 DAGs
[2023-09-27T23:04:28.680-0400] {logging_mixin.py:151} INFO - [2023-09-27T23:04:28.679-0400] {dag.py:3696} INFO - Setting next_dagrun for example_branch_dop_operator_v3 to 2023-09-28T03:03:00+00:00, run_after=2023-09-28T03:04:00+00:00
[2023-09-27T23:04:28.704-0400] {processor.py:179} INFO - Processing /home/beau/airflow/py_env/lib/python3.10/site-packages/airflow/example_dags/example_branch_python_dop_operator_3.py took 0.082 seconds
[2023-09-27T23:05:20.953-0400] {processor.py:157} INFO - Started process (PID=23612) to work on /home/beau/airflow/py_env/lib/python3.10/site-packages/airflow/example_dags/example_branch_python_dop_operator_3.py
[2023-09-27T23:05:20.957-0400] {processor.py:829} INFO - Processing file /home/beau/airflow/py_env/lib/python3.10/site-packages/airflow/example_dags/example_branch_python_dop_operator_3.py for tasks to queue
[2023-09-27T23:05:20.958-0400] {logging_mixin.py:151} INFO - [2023-09-27T23:05:20.957-0400] {dagbag.py:539} INFO - Filling up the DagBag from /home/beau/airflow/py_env/lib/python3.10/site-packages/airflow/example_dags/example_branch_python_dop_operator_3.py
[2023-09-27T23:05:20.968-0400] {processor.py:839} INFO - DAG(s) dict_keys(['example_branch_dop_operator_v3']) retrieved from /home/beau/airflow/py_env/lib/python3.10/site-packages/airflow/example_dags/example_branch_python_dop_operator_3.py
[2023-09-27T23:05:20.987-0400] {logging_mixin.py:151} INFO - [2023-09-27T23:05:20.986-0400] {dag.py:2915} INFO - Sync 1 DAGs
[2023-09-27T23:05:21.009-0400] {logging_mixin.py:151} INFO - [2023-09-27T23:05:21.009-0400] {dag.py:3696} INFO - Setting next_dagrun for example_branch_dop_operator_v3 to 2023-09-28T03:04:00+00:00, run_after=2023-09-28T03:05:00+00:00
[2023-09-27T23:05:21.043-0400] {processor.py:179} INFO - Processing /home/beau/airflow/py_env/lib/python3.10/site-packages/airflow/example_dags/example_branch_python_dop_operator_3.py took 0.094 seconds
[2023-09-27T23:06:19.321-0400] {processor.py:157} INFO - Started process (PID=23869) to work on /home/beau/airflow/py_env/lib/python3.10/site-packages/airflow/example_dags/example_branch_python_dop_operator_3.py
[2023-09-27T23:06:19.325-0400] {processor.py:829} INFO - Processing file /home/beau/airflow/py_env/lib/python3.10/site-packages/airflow/example_dags/example_branch_python_dop_operator_3.py for tasks to queue
[2023-09-27T23:06:19.326-0400] {logging_mixin.py:151} INFO - [2023-09-27T23:06:19.326-0400] {dagbag.py:539} INFO - Filling up the DagBag from /home/beau/airflow/py_env/lib/python3.10/site-packages/airflow/example_dags/example_branch_python_dop_operator_3.py
[2023-09-27T23:06:19.342-0400] {processor.py:839} INFO - DAG(s) dict_keys(['example_branch_dop_operator_v3']) retrieved from /home/beau/airflow/py_env/lib/python3.10/site-packages/airflow/example_dags/example_branch_python_dop_operator_3.py
[2023-09-27T23:06:19.365-0400] {logging_mixin.py:151} INFO - [2023-09-27T23:06:19.364-0400] {dag.py:2915} INFO - Sync 1 DAGs
[2023-09-27T23:06:19.393-0400] {logging_mixin.py:151} INFO - [2023-09-27T23:06:19.392-0400] {dag.py:3696} INFO - Setting next_dagrun for example_branch_dop_operator_v3 to 2023-09-28T03:05:00+00:00, run_after=2023-09-28T03:06:00+00:00
[2023-09-27T23:06:19.426-0400] {processor.py:179} INFO - Processing /home/beau/airflow/py_env/lib/python3.10/site-packages/airflow/example_dags/example_branch_python_dop_operator_3.py took 0.113 seconds
[2023-09-27T23:07:20.115-0400] {processor.py:157} INFO - Started process (PID=24138) to work on /home/beau/airflow/py_env/lib/python3.10/site-packages/airflow/example_dags/example_branch_python_dop_operator_3.py
[2023-09-27T23:07:20.117-0400] {processor.py:829} INFO - Processing file /home/beau/airflow/py_env/lib/python3.10/site-packages/airflow/example_dags/example_branch_python_dop_operator_3.py for tasks to queue
[2023-09-27T23:07:20.119-0400] {logging_mixin.py:151} INFO - [2023-09-27T23:07:20.118-0400] {dagbag.py:539} INFO - Filling up the DagBag from /home/beau/airflow/py_env/lib/python3.10/site-packages/airflow/example_dags/example_branch_python_dop_operator_3.py
[2023-09-27T23:07:20.133-0400] {processor.py:839} INFO - DAG(s) dict_keys(['example_branch_dop_operator_v3']) retrieved from /home/beau/airflow/py_env/lib/python3.10/site-packages/airflow/example_dags/example_branch_python_dop_operator_3.py
[2023-09-27T23:07:20.152-0400] {logging_mixin.py:151} INFO - [2023-09-27T23:07:20.151-0400] {dag.py:2915} INFO - Sync 1 DAGs
[2023-09-27T23:07:20.180-0400] {logging_mixin.py:151} INFO - [2023-09-27T23:07:20.179-0400] {dag.py:3696} INFO - Setting next_dagrun for example_branch_dop_operator_v3 to 2023-09-28T03:06:00+00:00, run_after=2023-09-28T03:07:00+00:00
[2023-09-27T23:07:20.213-0400] {processor.py:179} INFO - Processing /home/beau/airflow/py_env/lib/python3.10/site-packages/airflow/example_dags/example_branch_python_dop_operator_3.py took 0.104 seconds
[2023-09-27T23:08:23.364-0400] {processor.py:157} INFO - Started process (PID=24470) to work on /home/beau/airflow/py_env/lib/python3.10/site-packages/airflow/example_dags/example_branch_python_dop_operator_3.py
[2023-09-27T23:08:23.368-0400] {processor.py:829} INFO - Processing file /home/beau/airflow/py_env/lib/python3.10/site-packages/airflow/example_dags/example_branch_python_dop_operator_3.py for tasks to queue
[2023-09-27T23:08:23.371-0400] {logging_mixin.py:151} INFO - [2023-09-27T23:08:23.370-0400] {dagbag.py:539} INFO - Filling up the DagBag from /home/beau/airflow/py_env/lib/python3.10/site-packages/airflow/example_dags/example_branch_python_dop_operator_3.py
[2023-09-27T23:08:23.383-0400] {processor.py:839} INFO - DAG(s) dict_keys(['example_branch_dop_operator_v3']) retrieved from /home/beau/airflow/py_env/lib/python3.10/site-packages/airflow/example_dags/example_branch_python_dop_operator_3.py
[2023-09-27T23:08:23.406-0400] {logging_mixin.py:151} INFO - [2023-09-27T23:08:23.405-0400] {dag.py:2915} INFO - Sync 1 DAGs
[2023-09-27T23:08:23.434-0400] {logging_mixin.py:151} INFO - [2023-09-27T23:08:23.433-0400] {dag.py:3696} INFO - Setting next_dagrun for example_branch_dop_operator_v3 to 2023-09-28T03:07:00+00:00, run_after=2023-09-28T03:08:00+00:00
[2023-09-27T23:08:23.473-0400] {processor.py:179} INFO - Processing /home/beau/airflow/py_env/lib/python3.10/site-packages/airflow/example_dags/example_branch_python_dop_operator_3.py took 0.116 seconds
[2023-09-27T23:09:22.338-0400] {processor.py:157} INFO - Started process (PID=24779) to work on /home/beau/airflow/py_env/lib/python3.10/site-packages/airflow/example_dags/example_branch_python_dop_operator_3.py
[2023-09-27T23:09:22.341-0400] {processor.py:829} INFO - Processing file /home/beau/airflow/py_env/lib/python3.10/site-packages/airflow/example_dags/example_branch_python_dop_operator_3.py for tasks to queue
[2023-09-27T23:09:22.343-0400] {logging_mixin.py:151} INFO - [2023-09-27T23:09:22.342-0400] {dagbag.py:539} INFO - Filling up the DagBag from /home/beau/airflow/py_env/lib/python3.10/site-packages/airflow/example_dags/example_branch_python_dop_operator_3.py
[2023-09-27T23:09:22.358-0400] {processor.py:839} INFO - DAG(s) dict_keys(['example_branch_dop_operator_v3']) retrieved from /home/beau/airflow/py_env/lib/python3.10/site-packages/airflow/example_dags/example_branch_python_dop_operator_3.py
[2023-09-27T23:09:22.371-0400] {logging_mixin.py:151} INFO - [2023-09-27T23:09:22.371-0400] {dag.py:2915} INFO - Sync 1 DAGs
[2023-09-27T23:09:22.389-0400] {logging_mixin.py:151} INFO - [2023-09-27T23:09:22.389-0400] {dag.py:3696} INFO - Setting next_dagrun for example_branch_dop_operator_v3 to 2023-09-28T03:08:00+00:00, run_after=2023-09-28T03:09:00+00:00
[2023-09-27T23:09:22.412-0400] {processor.py:179} INFO - Processing /home/beau/airflow/py_env/lib/python3.10/site-packages/airflow/example_dags/example_branch_python_dop_operator_3.py took 0.080 seconds
[2023-09-27T23:10:16.436-0400] {processor.py:157} INFO - Started process (PID=25026) to work on /home/beau/airflow/py_env/lib/python3.10/site-packages/airflow/example_dags/example_branch_python_dop_operator_3.py
[2023-09-27T23:10:16.440-0400] {processor.py:829} INFO - Processing file /home/beau/airflow/py_env/lib/python3.10/site-packages/airflow/example_dags/example_branch_python_dop_operator_3.py for tasks to queue
[2023-09-27T23:10:16.441-0400] {logging_mixin.py:151} INFO - [2023-09-27T23:10:16.440-0400] {dagbag.py:539} INFO - Filling up the DagBag from /home/beau/airflow/py_env/lib/python3.10/site-packages/airflow/example_dags/example_branch_python_dop_operator_3.py
[2023-09-27T23:10:16.454-0400] {processor.py:839} INFO - DAG(s) dict_keys(['example_branch_dop_operator_v3']) retrieved from /home/beau/airflow/py_env/lib/python3.10/site-packages/airflow/example_dags/example_branch_python_dop_operator_3.py
[2023-09-27T23:10:16.473-0400] {logging_mixin.py:151} INFO - [2023-09-27T23:10:16.472-0400] {dag.py:2915} INFO - Sync 1 DAGs
[2023-09-27T23:10:16.499-0400] {logging_mixin.py:151} INFO - [2023-09-27T23:10:16.498-0400] {dag.py:3696} INFO - Setting next_dagrun for example_branch_dop_operator_v3 to 2023-09-28T03:09:00+00:00, run_after=2023-09-28T03:10:00+00:00
[2023-09-27T23:10:16.537-0400] {processor.py:179} INFO - Processing /home/beau/airflow/py_env/lib/python3.10/site-packages/airflow/example_dags/example_branch_python_dop_operator_3.py took 0.105 seconds
[2023-09-27T23:11:16.617-0400] {processor.py:157} INFO - Started process (PID=25312) to work on /home/beau/airflow/py_env/lib/python3.10/site-packages/airflow/example_dags/example_branch_python_dop_operator_3.py
[2023-09-27T23:11:16.623-0400] {processor.py:829} INFO - Processing file /home/beau/airflow/py_env/lib/python3.10/site-packages/airflow/example_dags/example_branch_python_dop_operator_3.py for tasks to queue
[2023-09-27T23:11:16.625-0400] {logging_mixin.py:151} INFO - [2023-09-27T23:11:16.624-0400] {dagbag.py:539} INFO - Filling up the DagBag from /home/beau/airflow/py_env/lib/python3.10/site-packages/airflow/example_dags/example_branch_python_dop_operator_3.py
[2023-09-27T23:11:16.646-0400] {processor.py:839} INFO - DAG(s) dict_keys(['example_branch_dop_operator_v3']) retrieved from /home/beau/airflow/py_env/lib/python3.10/site-packages/airflow/example_dags/example_branch_python_dop_operator_3.py
[2023-09-27T23:11:16.661-0400] {logging_mixin.py:151} INFO - [2023-09-27T23:11:16.661-0400] {dag.py:2915} INFO - Sync 1 DAGs
[2023-09-27T23:11:16.680-0400] {logging_mixin.py:151} INFO - [2023-09-27T23:11:16.680-0400] {dag.py:3696} INFO - Setting next_dagrun for example_branch_dop_operator_v3 to 2023-09-28T03:10:00+00:00, run_after=2023-09-28T03:11:00+00:00
[2023-09-27T23:11:16.706-0400] {processor.py:179} INFO - Processing /home/beau/airflow/py_env/lib/python3.10/site-packages/airflow/example_dags/example_branch_python_dop_operator_3.py took 0.100 seconds
[2023-09-27T23:12:13.995-0400] {processor.py:157} INFO - Started process (PID=25572) to work on /home/beau/airflow/py_env/lib/python3.10/site-packages/airflow/example_dags/example_branch_python_dop_operator_3.py
[2023-09-27T23:12:13.997-0400] {processor.py:829} INFO - Processing file /home/beau/airflow/py_env/lib/python3.10/site-packages/airflow/example_dags/example_branch_python_dop_operator_3.py for tasks to queue
[2023-09-27T23:12:13.998-0400] {logging_mixin.py:151} INFO - [2023-09-27T23:12:13.998-0400] {dagbag.py:539} INFO - Filling up the DagBag from /home/beau/airflow/py_env/lib/python3.10/site-packages/airflow/example_dags/example_branch_python_dop_operator_3.py
[2023-09-27T23:12:14.007-0400] {processor.py:839} INFO - DAG(s) dict_keys(['example_branch_dop_operator_v3']) retrieved from /home/beau/airflow/py_env/lib/python3.10/site-packages/airflow/example_dags/example_branch_python_dop_operator_3.py
[2023-09-27T23:12:14.022-0400] {logging_mixin.py:151} INFO - [2023-09-27T23:12:14.022-0400] {dag.py:2915} INFO - Sync 1 DAGs
[2023-09-27T23:12:14.043-0400] {logging_mixin.py:151} INFO - [2023-09-27T23:12:14.042-0400] {dag.py:3696} INFO - Setting next_dagrun for example_branch_dop_operator_v3 to 2023-09-28T03:11:00+00:00, run_after=2023-09-28T03:12:00+00:00
[2023-09-27T23:12:14.081-0400] {processor.py:179} INFO - Processing /home/beau/airflow/py_env/lib/python3.10/site-packages/airflow/example_dags/example_branch_python_dop_operator_3.py took 0.089 seconds
[2023-09-27T23:13:08.780-0400] {processor.py:157} INFO - Started process (PID=25882) to work on /home/beau/airflow/py_env/lib/python3.10/site-packages/airflow/example_dags/example_branch_python_dop_operator_3.py
[2023-09-27T23:13:08.784-0400] {processor.py:829} INFO - Processing file /home/beau/airflow/py_env/lib/python3.10/site-packages/airflow/example_dags/example_branch_python_dop_operator_3.py for tasks to queue
[2023-09-27T23:13:08.786-0400] {logging_mixin.py:151} INFO - [2023-09-27T23:13:08.785-0400] {dagbag.py:539} INFO - Filling up the DagBag from /home/beau/airflow/py_env/lib/python3.10/site-packages/airflow/example_dags/example_branch_python_dop_operator_3.py
[2023-09-27T23:13:08.802-0400] {processor.py:839} INFO - DAG(s) dict_keys(['example_branch_dop_operator_v3']) retrieved from /home/beau/airflow/py_env/lib/python3.10/site-packages/airflow/example_dags/example_branch_python_dop_operator_3.py
[2023-09-27T23:13:08.819-0400] {logging_mixin.py:151} INFO - [2023-09-27T23:13:08.819-0400] {dag.py:2915} INFO - Sync 1 DAGs
[2023-09-27T23:13:08.839-0400] {logging_mixin.py:151} INFO - [2023-09-27T23:13:08.839-0400] {dag.py:3696} INFO - Setting next_dagrun for example_branch_dop_operator_v3 to 2023-09-28T03:12:00+00:00, run_after=2023-09-28T03:13:00+00:00
[2023-09-27T23:13:08.868-0400] {processor.py:179} INFO - Processing /home/beau/airflow/py_env/lib/python3.10/site-packages/airflow/example_dags/example_branch_python_dop_operator_3.py took 0.096 seconds
[2023-09-27T23:14:02.307-0400] {processor.py:157} INFO - Started process (PID=26128) to work on /home/beau/airflow/py_env/lib/python3.10/site-packages/airflow/example_dags/example_branch_python_dop_operator_3.py
[2023-09-27T23:14:02.311-0400] {processor.py:829} INFO - Processing file /home/beau/airflow/py_env/lib/python3.10/site-packages/airflow/example_dags/example_branch_python_dop_operator_3.py for tasks to queue
[2023-09-27T23:14:02.312-0400] {logging_mixin.py:151} INFO - [2023-09-27T23:14:02.311-0400] {dagbag.py:539} INFO - Filling up the DagBag from /home/beau/airflow/py_env/lib/python3.10/site-packages/airflow/example_dags/example_branch_python_dop_operator_3.py
[2023-09-27T23:14:02.320-0400] {processor.py:839} INFO - DAG(s) dict_keys(['example_branch_dop_operator_v3']) retrieved from /home/beau/airflow/py_env/lib/python3.10/site-packages/airflow/example_dags/example_branch_python_dop_operator_3.py
[2023-09-27T23:14:02.337-0400] {logging_mixin.py:151} INFO - [2023-09-27T23:14:02.336-0400] {dag.py:2915} INFO - Sync 1 DAGs
[2023-09-27T23:14:02.360-0400] {logging_mixin.py:151} INFO - [2023-09-27T23:14:02.360-0400] {dag.py:3696} INFO - Setting next_dagrun for example_branch_dop_operator_v3 to 2023-09-28T03:13:00+00:00, run_after=2023-09-28T03:14:00+00:00
[2023-09-27T23:14:02.384-0400] {processor.py:179} INFO - Processing /home/beau/airflow/py_env/lib/python3.10/site-packages/airflow/example_dags/example_branch_python_dop_operator_3.py took 0.080 seconds
[2023-09-27T23:14:56.678-0400] {processor.py:157} INFO - Started process (PID=26376) to work on /home/beau/airflow/py_env/lib/python3.10/site-packages/airflow/example_dags/example_branch_python_dop_operator_3.py
[2023-09-27T23:14:56.681-0400] {processor.py:829} INFO - Processing file /home/beau/airflow/py_env/lib/python3.10/site-packages/airflow/example_dags/example_branch_python_dop_operator_3.py for tasks to queue
[2023-09-27T23:14:56.683-0400] {logging_mixin.py:151} INFO - [2023-09-27T23:14:56.682-0400] {dagbag.py:539} INFO - Filling up the DagBag from /home/beau/airflow/py_env/lib/python3.10/site-packages/airflow/example_dags/example_branch_python_dop_operator_3.py
[2023-09-27T23:14:56.695-0400] {processor.py:839} INFO - DAG(s) dict_keys(['example_branch_dop_operator_v3']) retrieved from /home/beau/airflow/py_env/lib/python3.10/site-packages/airflow/example_dags/example_branch_python_dop_operator_3.py
[2023-09-27T23:14:56.714-0400] {logging_mixin.py:151} INFO - [2023-09-27T23:14:56.714-0400] {dag.py:2915} INFO - Sync 1 DAGs
[2023-09-27T23:14:56.736-0400] {logging_mixin.py:151} INFO - [2023-09-27T23:14:56.736-0400] {dag.py:3696} INFO - Setting next_dagrun for example_branch_dop_operator_v3 to 2023-09-28T03:13:00+00:00, run_after=2023-09-28T03:14:00+00:00
[2023-09-27T23:14:56.765-0400] {processor.py:179} INFO - Processing /home/beau/airflow/py_env/lib/python3.10/site-packages/airflow/example_dags/example_branch_python_dop_operator_3.py took 0.092 seconds
[2023-09-27T23:15:51.839-0400] {processor.py:157} INFO - Started process (PID=26623) to work on /home/beau/airflow/py_env/lib/python3.10/site-packages/airflow/example_dags/example_branch_python_dop_operator_3.py
[2023-09-27T23:15:51.844-0400] {processor.py:829} INFO - Processing file /home/beau/airflow/py_env/lib/python3.10/site-packages/airflow/example_dags/example_branch_python_dop_operator_3.py for tasks to queue
[2023-09-27T23:15:51.845-0400] {logging_mixin.py:151} INFO - [2023-09-27T23:15:51.845-0400] {dagbag.py:539} INFO - Filling up the DagBag from /home/beau/airflow/py_env/lib/python3.10/site-packages/airflow/example_dags/example_branch_python_dop_operator_3.py
[2023-09-27T23:15:51.859-0400] {processor.py:839} INFO - DAG(s) dict_keys(['example_branch_dop_operator_v3']) retrieved from /home/beau/airflow/py_env/lib/python3.10/site-packages/airflow/example_dags/example_branch_python_dop_operator_3.py
[2023-09-27T23:15:51.877-0400] {logging_mixin.py:151} INFO - [2023-09-27T23:15:51.876-0400] {dag.py:2915} INFO - Sync 1 DAGs
[2023-09-27T23:15:51.897-0400] {logging_mixin.py:151} INFO - [2023-09-27T23:15:51.896-0400] {dag.py:3696} INFO - Setting next_dagrun for example_branch_dop_operator_v3 to 2023-09-28T03:14:00+00:00, run_after=2023-09-28T03:15:00+00:00
[2023-09-27T23:15:51.923-0400] {processor.py:179} INFO - Processing /home/beau/airflow/py_env/lib/python3.10/site-packages/airflow/example_dags/example_branch_python_dop_operator_3.py took 0.090 seconds
[2023-09-27T23:16:49.481-0400] {processor.py:157} INFO - Started process (PID=26906) to work on /home/beau/airflow/py_env/lib/python3.10/site-packages/airflow/example_dags/example_branch_python_dop_operator_3.py
[2023-09-27T23:16:49.486-0400] {processor.py:829} INFO - Processing file /home/beau/airflow/py_env/lib/python3.10/site-packages/airflow/example_dags/example_branch_python_dop_operator_3.py for tasks to queue
[2023-09-27T23:16:49.488-0400] {logging_mixin.py:151} INFO - [2023-09-27T23:16:49.487-0400] {dagbag.py:539} INFO - Filling up the DagBag from /home/beau/airflow/py_env/lib/python3.10/site-packages/airflow/example_dags/example_branch_python_dop_operator_3.py
[2023-09-27T23:16:49.502-0400] {processor.py:839} INFO - DAG(s) dict_keys(['example_branch_dop_operator_v3']) retrieved from /home/beau/airflow/py_env/lib/python3.10/site-packages/airflow/example_dags/example_branch_python_dop_operator_3.py
[2023-09-27T23:16:49.516-0400] {logging_mixin.py:151} INFO - [2023-09-27T23:16:49.516-0400] {dag.py:2915} INFO - Sync 1 DAGs
[2023-09-27T23:16:49.535-0400] {logging_mixin.py:151} INFO - [2023-09-27T23:16:49.535-0400] {dag.py:3696} INFO - Setting next_dagrun for example_branch_dop_operator_v3 to 2023-09-28T03:15:00+00:00, run_after=2023-09-28T03:16:00+00:00
[2023-09-27T23:16:49.558-0400] {processor.py:179} INFO - Processing /home/beau/airflow/py_env/lib/python3.10/site-packages/airflow/example_dags/example_branch_python_dop_operator_3.py took 0.083 seconds
[2023-09-27T23:17:44.159-0400] {processor.py:157} INFO - Started process (PID=27096) to work on /home/beau/airflow/py_env/lib/python3.10/site-packages/airflow/example_dags/example_branch_python_dop_operator_3.py
[2023-09-27T23:17:44.162-0400] {processor.py:829} INFO - Processing file /home/beau/airflow/py_env/lib/python3.10/site-packages/airflow/example_dags/example_branch_python_dop_operator_3.py for tasks to queue
[2023-09-27T23:17:44.164-0400] {logging_mixin.py:151} INFO - [2023-09-27T23:17:44.163-0400] {dagbag.py:539} INFO - Filling up the DagBag from /home/beau/airflow/py_env/lib/python3.10/site-packages/airflow/example_dags/example_branch_python_dop_operator_3.py
[2023-09-27T23:17:44.178-0400] {processor.py:839} INFO - DAG(s) dict_keys(['example_branch_dop_operator_v3']) retrieved from /home/beau/airflow/py_env/lib/python3.10/site-packages/airflow/example_dags/example_branch_python_dop_operator_3.py
[2023-09-27T23:17:44.194-0400] {logging_mixin.py:151} INFO - [2023-09-27T23:17:44.193-0400] {dag.py:2915} INFO - Sync 1 DAGs
[2023-09-27T23:17:44.217-0400] {logging_mixin.py:151} INFO - [2023-09-27T23:17:44.217-0400] {dag.py:3696} INFO - Setting next_dagrun for example_branch_dop_operator_v3 to 2023-09-28T03:16:00+00:00, run_after=2023-09-28T03:17:00+00:00
[2023-09-27T23:17:44.243-0400] {processor.py:179} INFO - Processing /home/beau/airflow/py_env/lib/python3.10/site-packages/airflow/example_dags/example_branch_python_dop_operator_3.py took 0.090 seconds
[2023-09-27T23:18:36.992-0400] {processor.py:157} INFO - Started process (PID=27468) to work on /home/beau/airflow/py_env/lib/python3.10/site-packages/airflow/example_dags/example_branch_python_dop_operator_3.py
[2023-09-27T23:18:36.996-0400] {processor.py:829} INFO - Processing file /home/beau/airflow/py_env/lib/python3.10/site-packages/airflow/example_dags/example_branch_python_dop_operator_3.py for tasks to queue
[2023-09-27T23:18:36.998-0400] {logging_mixin.py:151} INFO - [2023-09-27T23:18:36.997-0400] {dagbag.py:539} INFO - Filling up the DagBag from /home/beau/airflow/py_env/lib/python3.10/site-packages/airflow/example_dags/example_branch_python_dop_operator_3.py
[2023-09-27T23:18:37.013-0400] {processor.py:839} INFO - DAG(s) dict_keys(['example_branch_dop_operator_v3']) retrieved from /home/beau/airflow/py_env/lib/python3.10/site-packages/airflow/example_dags/example_branch_python_dop_operator_3.py
[2023-09-27T23:18:37.035-0400] {logging_mixin.py:151} INFO - [2023-09-27T23:18:37.035-0400] {dag.py:2915} INFO - Sync 1 DAGs
[2023-09-27T23:18:37.056-0400] {logging_mixin.py:151} INFO - [2023-09-27T23:18:37.056-0400] {dag.py:3696} INFO - Setting next_dagrun for example_branch_dop_operator_v3 to 2023-09-28T03:17:00+00:00, run_after=2023-09-28T03:18:00+00:00
[2023-09-27T23:18:37.083-0400] {processor.py:179} INFO - Processing /home/beau/airflow/py_env/lib/python3.10/site-packages/airflow/example_dags/example_branch_python_dop_operator_3.py took 0.096 seconds
[2023-09-27T23:19:29.909-0400] {processor.py:157} INFO - Started process (PID=27999) to work on /home/beau/airflow/py_env/lib/python3.10/site-packages/airflow/example_dags/example_branch_python_dop_operator_3.py
[2023-09-27T23:19:29.913-0400] {processor.py:829} INFO - Processing file /home/beau/airflow/py_env/lib/python3.10/site-packages/airflow/example_dags/example_branch_python_dop_operator_3.py for tasks to queue
[2023-09-27T23:19:29.914-0400] {logging_mixin.py:151} INFO - [2023-09-27T23:19:29.914-0400] {dagbag.py:539} INFO - Filling up the DagBag from /home/beau/airflow/py_env/lib/python3.10/site-packages/airflow/example_dags/example_branch_python_dop_operator_3.py
[2023-09-27T23:19:29.929-0400] {processor.py:839} INFO - DAG(s) dict_keys(['example_branch_dop_operator_v3']) retrieved from /home/beau/airflow/py_env/lib/python3.10/site-packages/airflow/example_dags/example_branch_python_dop_operator_3.py
[2023-09-27T23:19:29.951-0400] {logging_mixin.py:151} INFO - [2023-09-27T23:19:29.950-0400] {dag.py:2915} INFO - Sync 1 DAGs
[2023-09-27T23:19:29.972-0400] {logging_mixin.py:151} INFO - [2023-09-27T23:19:29.972-0400] {dag.py:3696} INFO - Setting next_dagrun for example_branch_dop_operator_v3 to 2023-09-28T03:18:00+00:00, run_after=2023-09-28T03:19:00+00:00
[2023-09-27T23:19:30.002-0400] {processor.py:179} INFO - Processing /home/beau/airflow/py_env/lib/python3.10/site-packages/airflow/example_dags/example_branch_python_dop_operator_3.py took 0.100 seconds
[2023-09-27T23:20:25.846-0400] {processor.py:157} INFO - Started process (PID=28619) to work on /home/beau/airflow/py_env/lib/python3.10/site-packages/airflow/example_dags/example_branch_python_dop_operator_3.py
[2023-09-27T23:20:25.850-0400] {processor.py:829} INFO - Processing file /home/beau/airflow/py_env/lib/python3.10/site-packages/airflow/example_dags/example_branch_python_dop_operator_3.py for tasks to queue
[2023-09-27T23:20:25.851-0400] {logging_mixin.py:151} INFO - [2023-09-27T23:20:25.851-0400] {dagbag.py:539} INFO - Filling up the DagBag from /home/beau/airflow/py_env/lib/python3.10/site-packages/airflow/example_dags/example_branch_python_dop_operator_3.py
[2023-09-27T23:20:25.865-0400] {processor.py:839} INFO - DAG(s) dict_keys(['example_branch_dop_operator_v3']) retrieved from /home/beau/airflow/py_env/lib/python3.10/site-packages/airflow/example_dags/example_branch_python_dop_operator_3.py
[2023-09-27T23:20:25.888-0400] {logging_mixin.py:151} INFO - [2023-09-27T23:20:25.887-0400] {dag.py:2915} INFO - Sync 1 DAGs
[2023-09-27T23:20:25.906-0400] {logging_mixin.py:151} INFO - [2023-09-27T23:20:25.905-0400] {dag.py:3696} INFO - Setting next_dagrun for example_branch_dop_operator_v3 to 2023-09-28T03:19:00+00:00, run_after=2023-09-28T03:20:00+00:00
[2023-09-27T23:20:25.931-0400] {processor.py:179} INFO - Processing /home/beau/airflow/py_env/lib/python3.10/site-packages/airflow/example_dags/example_branch_python_dop_operator_3.py took 0.093 seconds
[2023-09-27T23:21:25.249-0400] {processor.py:157} INFO - Started process (PID=29158) to work on /home/beau/airflow/py_env/lib/python3.10/site-packages/airflow/example_dags/example_branch_python_dop_operator_3.py
[2023-09-27T23:21:25.254-0400] {processor.py:829} INFO - Processing file /home/beau/airflow/py_env/lib/python3.10/site-packages/airflow/example_dags/example_branch_python_dop_operator_3.py for tasks to queue
[2023-09-27T23:21:25.257-0400] {logging_mixin.py:151} INFO - [2023-09-27T23:21:25.256-0400] {dagbag.py:539} INFO - Filling up the DagBag from /home/beau/airflow/py_env/lib/python3.10/site-packages/airflow/example_dags/example_branch_python_dop_operator_3.py
[2023-09-27T23:21:25.282-0400] {processor.py:839} INFO - DAG(s) dict_keys(['example_branch_dop_operator_v3']) retrieved from /home/beau/airflow/py_env/lib/python3.10/site-packages/airflow/example_dags/example_branch_python_dop_operator_3.py
[2023-09-27T23:21:25.304-0400] {logging_mixin.py:151} INFO - [2023-09-27T23:21:25.304-0400] {dag.py:2915} INFO - Sync 1 DAGs
[2023-09-27T23:21:25.324-0400] {logging_mixin.py:151} INFO - [2023-09-27T23:21:25.324-0400] {dag.py:3696} INFO - Setting next_dagrun for example_branch_dop_operator_v3 to 2023-09-28T03:20:00+00:00, run_after=2023-09-28T03:21:00+00:00
[2023-09-27T23:21:25.350-0400] {processor.py:179} INFO - Processing /home/beau/airflow/py_env/lib/python3.10/site-packages/airflow/example_dags/example_branch_python_dop_operator_3.py took 0.110 seconds
[2023-09-27T23:22:22.541-0400] {processor.py:157} INFO - Started process (PID=29505) to work on /home/beau/airflow/py_env/lib/python3.10/site-packages/airflow/example_dags/example_branch_python_dop_operator_3.py
[2023-09-27T23:22:22.546-0400] {processor.py:829} INFO - Processing file /home/beau/airflow/py_env/lib/python3.10/site-packages/airflow/example_dags/example_branch_python_dop_operator_3.py for tasks to queue
[2023-09-27T23:22:22.547-0400] {logging_mixin.py:151} INFO - [2023-09-27T23:22:22.547-0400] {dagbag.py:539} INFO - Filling up the DagBag from /home/beau/airflow/py_env/lib/python3.10/site-packages/airflow/example_dags/example_branch_python_dop_operator_3.py
[2023-09-27T23:22:22.560-0400] {processor.py:839} INFO - DAG(s) dict_keys(['example_branch_dop_operator_v3']) retrieved from /home/beau/airflow/py_env/lib/python3.10/site-packages/airflow/example_dags/example_branch_python_dop_operator_3.py
[2023-09-27T23:22:22.589-0400] {logging_mixin.py:151} INFO - [2023-09-27T23:22:22.589-0400] {dag.py:2915} INFO - Sync 1 DAGs
[2023-09-27T23:22:22.610-0400] {logging_mixin.py:151} INFO - [2023-09-27T23:22:22.610-0400] {dag.py:3696} INFO - Setting next_dagrun for example_branch_dop_operator_v3 to 2023-09-28T03:21:00+00:00, run_after=2023-09-28T03:22:00+00:00
[2023-09-27T23:22:22.635-0400] {processor.py:179} INFO - Processing /home/beau/airflow/py_env/lib/python3.10/site-packages/airflow/example_dags/example_branch_python_dop_operator_3.py took 0.098 seconds
[2023-09-27T23:23:22.228-0400] {processor.py:157} INFO - Started process (PID=30032) to work on /home/beau/airflow/py_env/lib/python3.10/site-packages/airflow/example_dags/example_branch_python_dop_operator_3.py
[2023-09-27T23:23:22.232-0400] {processor.py:829} INFO - Processing file /home/beau/airflow/py_env/lib/python3.10/site-packages/airflow/example_dags/example_branch_python_dop_operator_3.py for tasks to queue
[2023-09-27T23:23:22.233-0400] {logging_mixin.py:151} INFO - [2023-09-27T23:23:22.233-0400] {dagbag.py:539} INFO - Filling up the DagBag from /home/beau/airflow/py_env/lib/python3.10/site-packages/airflow/example_dags/example_branch_python_dop_operator_3.py
[2023-09-27T23:23:22.243-0400] {processor.py:839} INFO - DAG(s) dict_keys(['example_branch_dop_operator_v3']) retrieved from /home/beau/airflow/py_env/lib/python3.10/site-packages/airflow/example_dags/example_branch_python_dop_operator_3.py
[2023-09-27T23:23:22.259-0400] {logging_mixin.py:151} INFO - [2023-09-27T23:23:22.259-0400] {dag.py:2915} INFO - Sync 1 DAGs
[2023-09-27T23:23:22.284-0400] {logging_mixin.py:151} INFO - [2023-09-27T23:23:22.283-0400] {dag.py:3696} INFO - Setting next_dagrun for example_branch_dop_operator_v3 to 2023-09-28T03:22:00+00:00, run_after=2023-09-28T03:23:00+00:00
[2023-09-27T23:23:22.311-0400] {processor.py:179} INFO - Processing /home/beau/airflow/py_env/lib/python3.10/site-packages/airflow/example_dags/example_branch_python_dop_operator_3.py took 0.087 seconds
