[2023-09-27T22:33:04.963-0400] {processor.py:157} INFO - Started process (PID=8194) to work on /home/beau/airflow/py_env/lib/python3.10/site-packages/airflow/example_dags/example_short_circuit_decorator.py
[2023-09-27T22:33:04.965-0400] {processor.py:829} INFO - Processing file /home/beau/airflow/py_env/lib/python3.10/site-packages/airflow/example_dags/example_short_circuit_decorator.py for tasks to queue
[2023-09-27T22:33:04.966-0400] {logging_mixin.py:151} INFO - [2023-09-27T22:33:04.966-0400] {dagbag.py:539} INFO - Filling up the DagBag from /home/beau/airflow/py_env/lib/python3.10/site-packages/airflow/example_dags/example_short_circuit_decorator.py
[2023-09-27T22:33:04.981-0400] {processor.py:839} INFO - DAG(s) dict_keys(['example_short_circuit_decorator']) retrieved from /home/beau/airflow/py_env/lib/python3.10/site-packages/airflow/example_dags/example_short_circuit_decorator.py
[2023-09-27T22:33:04.990-0400] {logging_mixin.py:151} INFO - [2023-09-27T22:33:04.990-0400] {dag.py:2915} INFO - Sync 1 DAGs
[2023-09-27T22:33:05.007-0400] {logging_mixin.py:151} INFO - [2023-09-27T22:33:05.007-0400] {dag.py:3696} INFO - Setting next_dagrun for example_short_circuit_decorator to 2023-09-27T02:33:05.007361+00:00, run_after=2023-09-28T02:33:05.007361+00:00
[2023-09-27T22:33:05.032-0400] {processor.py:179} INFO - Processing /home/beau/airflow/py_env/lib/python3.10/site-packages/airflow/example_dags/example_short_circuit_decorator.py took 0.075 seconds
[2023-09-27T22:33:52.896-0400] {processor.py:157} INFO - Started process (PID=8906) to work on /home/beau/airflow/py_env/lib/python3.10/site-packages/airflow/example_dags/example_short_circuit_decorator.py
[2023-09-27T22:33:52.901-0400] {processor.py:829} INFO - Processing file /home/beau/airflow/py_env/lib/python3.10/site-packages/airflow/example_dags/example_short_circuit_decorator.py for tasks to queue
[2023-09-27T22:33:52.902-0400] {logging_mixin.py:151} INFO - [2023-09-27T22:33:52.901-0400] {dagbag.py:539} INFO - Filling up the DagBag from /home/beau/airflow/py_env/lib/python3.10/site-packages/airflow/example_dags/example_short_circuit_decorator.py
[2023-09-27T22:33:52.916-0400] {processor.py:839} INFO - DAG(s) dict_keys(['example_short_circuit_decorator']) retrieved from /home/beau/airflow/py_env/lib/python3.10/site-packages/airflow/example_dags/example_short_circuit_decorator.py
[2023-09-27T22:33:52.958-0400] {logging_mixin.py:151} INFO - [2023-09-27T22:33:52.957-0400] {dag.py:2915} INFO - Sync 1 DAGs
[2023-09-27T22:33:52.979-0400] {logging_mixin.py:151} INFO - [2023-09-27T22:33:52.979-0400] {dag.py:3696} INFO - Setting next_dagrun for example_short_circuit_decorator to 2023-09-27T02:33:52.979273+00:00, run_after=2023-09-28T02:33:52.979273+00:00
[2023-09-27T22:33:53.008-0400] {processor.py:179} INFO - Processing /home/beau/airflow/py_env/lib/python3.10/site-packages/airflow/example_dags/example_short_circuit_decorator.py took 0.122 seconds
[2023-09-27T22:34:41.382-0400] {processor.py:157} INFO - Started process (PID=9074) to work on /home/beau/airflow/py_env/lib/python3.10/site-packages/airflow/example_dags/example_short_circuit_decorator.py
[2023-09-27T22:34:41.386-0400] {processor.py:829} INFO - Processing file /home/beau/airflow/py_env/lib/python3.10/site-packages/airflow/example_dags/example_short_circuit_decorator.py for tasks to queue
[2023-09-27T22:34:41.390-0400] {logging_mixin.py:151} INFO - [2023-09-27T22:34:41.387-0400] {dagbag.py:539} INFO - Filling up the DagBag from /home/beau/airflow/py_env/lib/python3.10/site-packages/airflow/example_dags/example_short_circuit_decorator.py
[2023-09-27T22:34:41.418-0400] {processor.py:839} INFO - DAG(s) dict_keys(['example_short_circuit_decorator']) retrieved from /home/beau/airflow/py_env/lib/python3.10/site-packages/airflow/example_dags/example_short_circuit_decorator.py
[2023-09-27T22:34:41.460-0400] {logging_mixin.py:151} INFO - [2023-09-27T22:34:41.459-0400] {dag.py:2915} INFO - Sync 1 DAGs
[2023-09-27T22:34:41.500-0400] {logging_mixin.py:151} INFO - [2023-09-27T22:34:41.500-0400] {dag.py:3696} INFO - Setting next_dagrun for example_short_circuit_decorator to 2023-09-27T02:34:41.500005+00:00, run_after=2023-09-28T02:34:41.500005+00:00
[2023-09-27T22:34:41.535-0400] {processor.py:179} INFO - Processing /home/beau/airflow/py_env/lib/python3.10/site-packages/airflow/example_dags/example_short_circuit_decorator.py took 0.161 seconds
[2023-09-27T22:35:27.654-0400] {processor.py:157} INFO - Started process (PID=9594) to work on /home/beau/airflow/py_env/lib/python3.10/site-packages/airflow/example_dags/example_short_circuit_decorator.py
[2023-09-27T22:35:27.658-0400] {processor.py:829} INFO - Processing file /home/beau/airflow/py_env/lib/python3.10/site-packages/airflow/example_dags/example_short_circuit_decorator.py for tasks to queue
[2023-09-27T22:35:27.660-0400] {logging_mixin.py:151} INFO - [2023-09-27T22:35:27.659-0400] {dagbag.py:539} INFO - Filling up the DagBag from /home/beau/airflow/py_env/lib/python3.10/site-packages/airflow/example_dags/example_short_circuit_decorator.py
[2023-09-27T22:35:27.680-0400] {processor.py:839} INFO - DAG(s) dict_keys(['example_short_circuit_decorator']) retrieved from /home/beau/airflow/py_env/lib/python3.10/site-packages/airflow/example_dags/example_short_circuit_decorator.py
[2023-09-27T22:35:27.714-0400] {logging_mixin.py:151} INFO - [2023-09-27T22:35:27.713-0400] {dag.py:2915} INFO - Sync 1 DAGs
[2023-09-27T22:35:27.919-0400] {logging_mixin.py:151} INFO - [2023-09-27T22:35:27.919-0400] {dag.py:3696} INFO - Setting next_dagrun for example_short_circuit_decorator to 2023-09-27T02:35:27.919140+00:00, run_after=2023-09-28T02:35:27.919140+00:00
[2023-09-27T22:35:27.959-0400] {processor.py:179} INFO - Processing /home/beau/airflow/py_env/lib/python3.10/site-packages/airflow/example_dags/example_short_circuit_decorator.py took 0.308 seconds
[2023-09-27T22:36:21.079-0400] {processor.py:157} INFO - Started process (PID=10333) to work on /home/beau/airflow/py_env/lib/python3.10/site-packages/airflow/example_dags/example_short_circuit_decorator.py
[2023-09-27T22:36:21.083-0400] {processor.py:829} INFO - Processing file /home/beau/airflow/py_env/lib/python3.10/site-packages/airflow/example_dags/example_short_circuit_decorator.py for tasks to queue
[2023-09-27T22:36:21.084-0400] {logging_mixin.py:151} INFO - [2023-09-27T22:36:21.084-0400] {dagbag.py:539} INFO - Filling up the DagBag from /home/beau/airflow/py_env/lib/python3.10/site-packages/airflow/example_dags/example_short_circuit_decorator.py
[2023-09-27T22:36:21.209-0400] {processor.py:839} INFO - DAG(s) dict_keys(['example_short_circuit_decorator']) retrieved from /home/beau/airflow/py_env/lib/python3.10/site-packages/airflow/example_dags/example_short_circuit_decorator.py
[2023-09-27T22:36:21.221-0400] {logging_mixin.py:151} INFO - [2023-09-27T22:36:21.221-0400] {dag.py:2915} INFO - Sync 1 DAGs
[2023-09-27T22:36:21.235-0400] {logging_mixin.py:151} INFO - [2023-09-27T22:36:21.235-0400] {dag.py:3696} INFO - Setting next_dagrun for example_short_circuit_decorator to 2023-09-27T02:36:21.235235+00:00, run_after=2023-09-28T02:36:21.235235+00:00
[2023-09-27T22:36:21.261-0400] {processor.py:179} INFO - Processing /home/beau/airflow/py_env/lib/python3.10/site-packages/airflow/example_dags/example_short_circuit_decorator.py took 0.184 seconds
[2023-09-27T22:37:07.539-0400] {processor.py:157} INFO - Started process (PID=10672) to work on /home/beau/airflow/py_env/lib/python3.10/site-packages/airflow/example_dags/example_short_circuit_decorator.py
[2023-09-27T22:37:07.543-0400] {processor.py:829} INFO - Processing file /home/beau/airflow/py_env/lib/python3.10/site-packages/airflow/example_dags/example_short_circuit_decorator.py for tasks to queue
[2023-09-27T22:37:07.545-0400] {logging_mixin.py:151} INFO - [2023-09-27T22:37:07.544-0400] {dagbag.py:539} INFO - Filling up the DagBag from /home/beau/airflow/py_env/lib/python3.10/site-packages/airflow/example_dags/example_short_circuit_decorator.py
[2023-09-27T22:37:07.557-0400] {processor.py:839} INFO - DAG(s) dict_keys(['example_short_circuit_decorator']) retrieved from /home/beau/airflow/py_env/lib/python3.10/site-packages/airflow/example_dags/example_short_circuit_decorator.py
[2023-09-27T22:37:07.577-0400] {logging_mixin.py:151} INFO - [2023-09-27T22:37:07.576-0400] {dag.py:2915} INFO - Sync 1 DAGs
[2023-09-27T22:37:07.597-0400] {logging_mixin.py:151} INFO - [2023-09-27T22:37:07.597-0400] {dag.py:3696} INFO - Setting next_dagrun for example_short_circuit_decorator to 2023-09-27T02:37:07.597459+00:00, run_after=2023-09-28T02:37:07.597459+00:00
[2023-09-27T22:37:07.627-0400] {processor.py:179} INFO - Processing /home/beau/airflow/py_env/lib/python3.10/site-packages/airflow/example_dags/example_short_circuit_decorator.py took 0.096 seconds
[2023-09-27T22:37:46.016-0400] {processor.py:157} INFO - Started process (PID=10946) to work on /home/beau/airflow/py_env/lib/python3.10/site-packages/airflow/example_dags/example_short_circuit_decorator.py
[2023-09-27T22:37:46.020-0400] {processor.py:829} INFO - Processing file /home/beau/airflow/py_env/lib/python3.10/site-packages/airflow/example_dags/example_short_circuit_decorator.py for tasks to queue
[2023-09-27T22:37:46.021-0400] {logging_mixin.py:151} INFO - [2023-09-27T22:37:46.021-0400] {dagbag.py:539} INFO - Filling up the DagBag from /home/beau/airflow/py_env/lib/python3.10/site-packages/airflow/example_dags/example_short_circuit_decorator.py
[2023-09-27T22:37:46.040-0400] {processor.py:839} INFO - DAG(s) dict_keys(['example_short_circuit_decorator']) retrieved from /home/beau/airflow/py_env/lib/python3.10/site-packages/airflow/example_dags/example_short_circuit_decorator.py
[2023-09-27T22:37:46.079-0400] {logging_mixin.py:151} INFO - [2023-09-27T22:37:46.078-0400] {dag.py:2915} INFO - Sync 1 DAGs
[2023-09-27T22:37:46.112-0400] {logging_mixin.py:151} INFO - [2023-09-27T22:37:46.112-0400] {dag.py:3696} INFO - Setting next_dagrun for example_short_circuit_decorator to 2023-09-27T02:37:46.111713+00:00, run_after=2023-09-28T02:37:46.111713+00:00
[2023-09-27T22:37:46.141-0400] {processor.py:179} INFO - Processing /home/beau/airflow/py_env/lib/python3.10/site-packages/airflow/example_dags/example_short_circuit_decorator.py took 0.127 seconds
[2023-09-27T22:38:24.970-0400] {processor.py:157} INFO - Started process (PID=11335) to work on /home/beau/airflow/py_env/lib/python3.10/site-packages/airflow/example_dags/example_short_circuit_decorator.py
[2023-09-27T22:38:24.973-0400] {processor.py:829} INFO - Processing file /home/beau/airflow/py_env/lib/python3.10/site-packages/airflow/example_dags/example_short_circuit_decorator.py for tasks to queue
[2023-09-27T22:38:24.974-0400] {logging_mixin.py:151} INFO - [2023-09-27T22:38:24.974-0400] {dagbag.py:539} INFO - Filling up the DagBag from /home/beau/airflow/py_env/lib/python3.10/site-packages/airflow/example_dags/example_short_circuit_decorator.py
[2023-09-27T22:38:24.987-0400] {processor.py:839} INFO - DAG(s) dict_keys(['example_short_circuit_decorator']) retrieved from /home/beau/airflow/py_env/lib/python3.10/site-packages/airflow/example_dags/example_short_circuit_decorator.py
[2023-09-27T22:38:25.008-0400] {logging_mixin.py:151} INFO - [2023-09-27T22:38:25.008-0400] {dag.py:2915} INFO - Sync 1 DAGs
[2023-09-27T22:38:25.031-0400] {logging_mixin.py:151} INFO - [2023-09-27T22:38:25.030-0400] {dag.py:3696} INFO - Setting next_dagrun for example_short_circuit_decorator to 2023-09-27T02:38:25.030507+00:00, run_after=2023-09-28T02:38:25.030507+00:00
[2023-09-27T22:38:25.064-0400] {processor.py:179} INFO - Processing /home/beau/airflow/py_env/lib/python3.10/site-packages/airflow/example_dags/example_short_circuit_decorator.py took 0.098 seconds
[2023-09-27T22:39:02.653-0400] {processor.py:157} INFO - Started process (PID=11715) to work on /home/beau/airflow/py_env/lib/python3.10/site-packages/airflow/example_dags/example_short_circuit_decorator.py
[2023-09-27T22:39:02.657-0400] {processor.py:829} INFO - Processing file /home/beau/airflow/py_env/lib/python3.10/site-packages/airflow/example_dags/example_short_circuit_decorator.py for tasks to queue
[2023-09-27T22:39:02.658-0400] {logging_mixin.py:151} INFO - [2023-09-27T22:39:02.657-0400] {dagbag.py:539} INFO - Filling up the DagBag from /home/beau/airflow/py_env/lib/python3.10/site-packages/airflow/example_dags/example_short_circuit_decorator.py
[2023-09-27T22:39:02.669-0400] {processor.py:839} INFO - DAG(s) dict_keys(['example_short_circuit_decorator']) retrieved from /home/beau/airflow/py_env/lib/python3.10/site-packages/airflow/example_dags/example_short_circuit_decorator.py
[2023-09-27T22:39:02.688-0400] {logging_mixin.py:151} INFO - [2023-09-27T22:39:02.688-0400] {dag.py:2915} INFO - Sync 1 DAGs
[2023-09-27T22:39:02.706-0400] {logging_mixin.py:151} INFO - [2023-09-27T22:39:02.706-0400] {dag.py:3696} INFO - Setting next_dagrun for example_short_circuit_decorator to 2023-09-27T02:39:02.706114+00:00, run_after=2023-09-28T02:39:02.706114+00:00
[2023-09-27T22:39:02.729-0400] {processor.py:179} INFO - Processing /home/beau/airflow/py_env/lib/python3.10/site-packages/airflow/example_dags/example_short_circuit_decorator.py took 0.080 seconds
[2023-09-27T22:39:57.169-0400] {processor.py:157} INFO - Started process (PID=12034) to work on /home/beau/airflow/py_env/lib/python3.10/site-packages/airflow/example_dags/example_short_circuit_decorator.py
[2023-09-27T22:39:57.171-0400] {processor.py:829} INFO - Processing file /home/beau/airflow/py_env/lib/python3.10/site-packages/airflow/example_dags/example_short_circuit_decorator.py for tasks to queue
[2023-09-27T22:39:57.172-0400] {logging_mixin.py:151} INFO - [2023-09-27T22:39:57.172-0400] {dagbag.py:539} INFO - Filling up the DagBag from /home/beau/airflow/py_env/lib/python3.10/site-packages/airflow/example_dags/example_short_circuit_decorator.py
[2023-09-27T22:39:57.188-0400] {processor.py:839} INFO - DAG(s) dict_keys(['example_short_circuit_decorator']) retrieved from /home/beau/airflow/py_env/lib/python3.10/site-packages/airflow/example_dags/example_short_circuit_decorator.py
[2023-09-27T22:39:57.208-0400] {logging_mixin.py:151} INFO - [2023-09-27T22:39:57.208-0400] {dag.py:2915} INFO - Sync 1 DAGs
[2023-09-27T22:39:57.228-0400] {logging_mixin.py:151} INFO - [2023-09-27T22:39:57.228-0400] {dag.py:3696} INFO - Setting next_dagrun for example_short_circuit_decorator to 2023-09-27T02:39:57.228537+00:00, run_after=2023-09-28T02:39:57.228537+00:00
[2023-09-27T22:39:57.263-0400] {processor.py:179} INFO - Processing /home/beau/airflow/py_env/lib/python3.10/site-packages/airflow/example_dags/example_short_circuit_decorator.py took 0.101 seconds
[2023-09-27T22:40:41.209-0400] {processor.py:157} INFO - Started process (PID=12183) to work on /home/beau/airflow/py_env/lib/python3.10/site-packages/airflow/example_dags/example_short_circuit_decorator.py
[2023-09-27T22:40:41.214-0400] {processor.py:829} INFO - Processing file /home/beau/airflow/py_env/lib/python3.10/site-packages/airflow/example_dags/example_short_circuit_decorator.py for tasks to queue
[2023-09-27T22:40:41.216-0400] {logging_mixin.py:151} INFO - [2023-09-27T22:40:41.215-0400] {dagbag.py:539} INFO - Filling up the DagBag from /home/beau/airflow/py_env/lib/python3.10/site-packages/airflow/example_dags/example_short_circuit_decorator.py
[2023-09-27T22:40:41.232-0400] {processor.py:839} INFO - DAG(s) dict_keys(['example_short_circuit_decorator']) retrieved from /home/beau/airflow/py_env/lib/python3.10/site-packages/airflow/example_dags/example_short_circuit_decorator.py
[2023-09-27T22:40:41.256-0400] {logging_mixin.py:151} INFO - [2023-09-27T22:40:41.255-0400] {dag.py:2915} INFO - Sync 1 DAGs
[2023-09-27T22:40:41.277-0400] {logging_mixin.py:151} INFO - [2023-09-27T22:40:41.276-0400] {dag.py:3696} INFO - Setting next_dagrun for example_short_circuit_decorator to 2023-09-27T02:40:41.276755+00:00, run_after=2023-09-28T02:40:41.276755+00:00
[2023-09-27T22:40:41.310-0400] {processor.py:179} INFO - Processing /home/beau/airflow/py_env/lib/python3.10/site-packages/airflow/example_dags/example_short_circuit_decorator.py took 0.110 seconds
[2023-09-27T22:41:19.930-0400] {processor.py:157} INFO - Started process (PID=12423) to work on /home/beau/airflow/py_env/lib/python3.10/site-packages/airflow/example_dags/example_short_circuit_decorator.py
[2023-09-27T22:41:19.935-0400] {processor.py:829} INFO - Processing file /home/beau/airflow/py_env/lib/python3.10/site-packages/airflow/example_dags/example_short_circuit_decorator.py for tasks to queue
[2023-09-27T22:41:19.937-0400] {logging_mixin.py:151} INFO - [2023-09-27T22:41:19.936-0400] {dagbag.py:539} INFO - Filling up the DagBag from /home/beau/airflow/py_env/lib/python3.10/site-packages/airflow/example_dags/example_short_circuit_decorator.py
[2023-09-27T22:41:19.955-0400] {processor.py:839} INFO - DAG(s) dict_keys(['example_short_circuit_decorator']) retrieved from /home/beau/airflow/py_env/lib/python3.10/site-packages/airflow/example_dags/example_short_circuit_decorator.py
[2023-09-27T22:41:19.974-0400] {logging_mixin.py:151} INFO - [2023-09-27T22:41:19.974-0400] {dag.py:2915} INFO - Sync 1 DAGs
[2023-09-27T22:41:19.999-0400] {logging_mixin.py:151} INFO - [2023-09-27T22:41:19.999-0400] {dag.py:3696} INFO - Setting next_dagrun for example_short_circuit_decorator to 2023-09-27T02:41:19.999320+00:00, run_after=2023-09-28T02:41:19.999320+00:00
[2023-09-27T22:41:20.028-0400] {processor.py:179} INFO - Processing /home/beau/airflow/py_env/lib/python3.10/site-packages/airflow/example_dags/example_short_circuit_decorator.py took 0.105 seconds
[2023-09-27T22:41:59.063-0400] {processor.py:157} INFO - Started process (PID=12693) to work on /home/beau/airflow/py_env/lib/python3.10/site-packages/airflow/example_dags/example_short_circuit_decorator.py
[2023-09-27T22:41:59.065-0400] {processor.py:829} INFO - Processing file /home/beau/airflow/py_env/lib/python3.10/site-packages/airflow/example_dags/example_short_circuit_decorator.py for tasks to queue
[2023-09-27T22:41:59.066-0400] {logging_mixin.py:151} INFO - [2023-09-27T22:41:59.066-0400] {dagbag.py:539} INFO - Filling up the DagBag from /home/beau/airflow/py_env/lib/python3.10/site-packages/airflow/example_dags/example_short_circuit_decorator.py
[2023-09-27T22:41:59.079-0400] {processor.py:839} INFO - DAG(s) dict_keys(['example_short_circuit_decorator']) retrieved from /home/beau/airflow/py_env/lib/python3.10/site-packages/airflow/example_dags/example_short_circuit_decorator.py
[2023-09-27T22:41:59.098-0400] {logging_mixin.py:151} INFO - [2023-09-27T22:41:59.098-0400] {dag.py:2915} INFO - Sync 1 DAGs
[2023-09-27T22:41:59.119-0400] {logging_mixin.py:151} INFO - [2023-09-27T22:41:59.118-0400] {dag.py:3696} INFO - Setting next_dagrun for example_short_circuit_decorator to 2023-09-27T02:41:59.118637+00:00, run_after=2023-09-28T02:41:59.118637+00:00
[2023-09-27T22:41:59.154-0400] {processor.py:179} INFO - Processing /home/beau/airflow/py_env/lib/python3.10/site-packages/airflow/example_dags/example_short_circuit_decorator.py took 0.097 seconds
[2023-09-27T22:42:38.601-0400] {processor.py:157} INFO - Started process (PID=12989) to work on /home/beau/airflow/py_env/lib/python3.10/site-packages/airflow/example_dags/example_short_circuit_decorator.py
[2023-09-27T22:42:38.606-0400] {processor.py:829} INFO - Processing file /home/beau/airflow/py_env/lib/python3.10/site-packages/airflow/example_dags/example_short_circuit_decorator.py for tasks to queue
[2023-09-27T22:42:38.608-0400] {logging_mixin.py:151} INFO - [2023-09-27T22:42:38.607-0400] {dagbag.py:539} INFO - Filling up the DagBag from /home/beau/airflow/py_env/lib/python3.10/site-packages/airflow/example_dags/example_short_circuit_decorator.py
[2023-09-27T22:42:38.621-0400] {processor.py:839} INFO - DAG(s) dict_keys(['example_short_circuit_decorator']) retrieved from /home/beau/airflow/py_env/lib/python3.10/site-packages/airflow/example_dags/example_short_circuit_decorator.py
[2023-09-27T22:42:38.637-0400] {logging_mixin.py:151} INFO - [2023-09-27T22:42:38.637-0400] {dag.py:2915} INFO - Sync 1 DAGs
[2023-09-27T22:42:38.657-0400] {logging_mixin.py:151} INFO - [2023-09-27T22:42:38.657-0400] {dag.py:3696} INFO - Setting next_dagrun for example_short_circuit_decorator to 2023-09-27T02:42:38.656994+00:00, run_after=2023-09-28T02:42:38.656994+00:00
[2023-09-27T22:42:38.683-0400] {processor.py:179} INFO - Processing /home/beau/airflow/py_env/lib/python3.10/site-packages/airflow/example_dags/example_short_circuit_decorator.py took 0.087 seconds
[2023-09-27T22:43:14.832-0400] {processor.py:157} INFO - Started process (PID=13328) to work on /home/beau/airflow/py_env/lib/python3.10/site-packages/airflow/example_dags/example_short_circuit_decorator.py
[2023-09-27T22:43:14.837-0400] {processor.py:829} INFO - Processing file /home/beau/airflow/py_env/lib/python3.10/site-packages/airflow/example_dags/example_short_circuit_decorator.py for tasks to queue
[2023-09-27T22:43:14.839-0400] {logging_mixin.py:151} INFO - [2023-09-27T22:43:14.839-0400] {dagbag.py:539} INFO - Filling up the DagBag from /home/beau/airflow/py_env/lib/python3.10/site-packages/airflow/example_dags/example_short_circuit_decorator.py
[2023-09-27T22:43:14.858-0400] {processor.py:839} INFO - DAG(s) dict_keys(['example_short_circuit_decorator']) retrieved from /home/beau/airflow/py_env/lib/python3.10/site-packages/airflow/example_dags/example_short_circuit_decorator.py
[2023-09-27T22:43:14.875-0400] {logging_mixin.py:151} INFO - [2023-09-27T22:43:14.874-0400] {dag.py:2915} INFO - Sync 1 DAGs
[2023-09-27T22:43:14.891-0400] {logging_mixin.py:151} INFO - [2023-09-27T22:43:14.891-0400] {dag.py:3696} INFO - Setting next_dagrun for example_short_circuit_decorator to 2023-09-27T02:43:14.891395+00:00, run_after=2023-09-28T02:43:14.891395+00:00
[2023-09-27T22:43:14.925-0400] {processor.py:179} INFO - Processing /home/beau/airflow/py_env/lib/python3.10/site-packages/airflow/example_dags/example_short_circuit_decorator.py took 0.100 seconds
[2023-09-27T22:43:53.918-0400] {processor.py:157} INFO - Started process (PID=13622) to work on /home/beau/airflow/py_env/lib/python3.10/site-packages/airflow/example_dags/example_short_circuit_decorator.py
[2023-09-27T22:43:53.923-0400] {processor.py:829} INFO - Processing file /home/beau/airflow/py_env/lib/python3.10/site-packages/airflow/example_dags/example_short_circuit_decorator.py for tasks to queue
[2023-09-27T22:43:53.924-0400] {logging_mixin.py:151} INFO - [2023-09-27T22:43:53.923-0400] {dagbag.py:539} INFO - Filling up the DagBag from /home/beau/airflow/py_env/lib/python3.10/site-packages/airflow/example_dags/example_short_circuit_decorator.py
[2023-09-27T22:43:53.938-0400] {processor.py:839} INFO - DAG(s) dict_keys(['example_short_circuit_decorator']) retrieved from /home/beau/airflow/py_env/lib/python3.10/site-packages/airflow/example_dags/example_short_circuit_decorator.py
[2023-09-27T22:43:53.958-0400] {logging_mixin.py:151} INFO - [2023-09-27T22:43:53.958-0400] {dag.py:2915} INFO - Sync 1 DAGs
[2023-09-27T22:43:53.978-0400] {logging_mixin.py:151} INFO - [2023-09-27T22:43:53.978-0400] {dag.py:3696} INFO - Setting next_dagrun for example_short_circuit_decorator to 2023-09-27T02:43:53.977946+00:00, run_after=2023-09-28T02:43:53.977946+00:00
[2023-09-27T22:43:54.011-0400] {processor.py:179} INFO - Processing /home/beau/airflow/py_env/lib/python3.10/site-packages/airflow/example_dags/example_short_circuit_decorator.py took 0.100 seconds
[2023-09-27T22:44:35.738-0400] {processor.py:157} INFO - Started process (PID=13926) to work on /home/beau/airflow/py_env/lib/python3.10/site-packages/airflow/example_dags/example_short_circuit_decorator.py
[2023-09-27T22:44:35.742-0400] {processor.py:829} INFO - Processing file /home/beau/airflow/py_env/lib/python3.10/site-packages/airflow/example_dags/example_short_circuit_decorator.py for tasks to queue
[2023-09-27T22:44:35.743-0400] {logging_mixin.py:151} INFO - [2023-09-27T22:44:35.742-0400] {dagbag.py:539} INFO - Filling up the DagBag from /home/beau/airflow/py_env/lib/python3.10/site-packages/airflow/example_dags/example_short_circuit_decorator.py
[2023-09-27T22:44:35.754-0400] {processor.py:839} INFO - DAG(s) dict_keys(['example_short_circuit_decorator']) retrieved from /home/beau/airflow/py_env/lib/python3.10/site-packages/airflow/example_dags/example_short_circuit_decorator.py
[2023-09-27T22:44:35.772-0400] {logging_mixin.py:151} INFO - [2023-09-27T22:44:35.771-0400] {dag.py:2915} INFO - Sync 1 DAGs
[2023-09-27T22:44:35.788-0400] {logging_mixin.py:151} INFO - [2023-09-27T22:44:35.788-0400] {dag.py:3696} INFO - Setting next_dagrun for example_short_circuit_decorator to 2023-09-27T02:44:35.788570+00:00, run_after=2023-09-28T02:44:35.788570+00:00
[2023-09-27T22:44:35.816-0400] {processor.py:179} INFO - Processing /home/beau/airflow/py_env/lib/python3.10/site-packages/airflow/example_dags/example_short_circuit_decorator.py took 0.082 seconds
[2023-09-27T22:45:12.192-0400] {processor.py:157} INFO - Started process (PID=14255) to work on /home/beau/airflow/py_env/lib/python3.10/site-packages/airflow/example_dags/example_short_circuit_decorator.py
[2023-09-27T22:45:12.196-0400] {processor.py:829} INFO - Processing file /home/beau/airflow/py_env/lib/python3.10/site-packages/airflow/example_dags/example_short_circuit_decorator.py for tasks to queue
[2023-09-27T22:45:12.197-0400] {logging_mixin.py:151} INFO - [2023-09-27T22:45:12.196-0400] {dagbag.py:539} INFO - Filling up the DagBag from /home/beau/airflow/py_env/lib/python3.10/site-packages/airflow/example_dags/example_short_circuit_decorator.py
[2023-09-27T22:45:12.206-0400] {processor.py:839} INFO - DAG(s) dict_keys(['example_short_circuit_decorator']) retrieved from /home/beau/airflow/py_env/lib/python3.10/site-packages/airflow/example_dags/example_short_circuit_decorator.py
[2023-09-27T22:45:12.226-0400] {logging_mixin.py:151} INFO - [2023-09-27T22:45:12.225-0400] {dag.py:2915} INFO - Sync 1 DAGs
[2023-09-27T22:45:12.247-0400] {logging_mixin.py:151} INFO - [2023-09-27T22:45:12.247-0400] {dag.py:3696} INFO - Setting next_dagrun for example_short_circuit_decorator to 2023-09-27T02:45:12.247077+00:00, run_after=2023-09-28T02:45:12.247077+00:00
[2023-09-27T22:45:12.283-0400] {processor.py:179} INFO - Processing /home/beau/airflow/py_env/lib/python3.10/site-packages/airflow/example_dags/example_short_circuit_decorator.py took 0.095 seconds
[2023-09-27T22:46:09.349-0400] {processor.py:157} INFO - Started process (PID=14973) to work on /home/beau/airflow/py_env/lib/python3.10/site-packages/airflow/example_dags/example_short_circuit_decorator.py
[2023-09-27T22:46:09.353-0400] {processor.py:829} INFO - Processing file /home/beau/airflow/py_env/lib/python3.10/site-packages/airflow/example_dags/example_short_circuit_decorator.py for tasks to queue
[2023-09-27T22:46:09.355-0400] {logging_mixin.py:151} INFO - [2023-09-27T22:46:09.355-0400] {dagbag.py:539} INFO - Filling up the DagBag from /home/beau/airflow/py_env/lib/python3.10/site-packages/airflow/example_dags/example_short_circuit_decorator.py
[2023-09-27T22:46:09.370-0400] {processor.py:839} INFO - DAG(s) dict_keys(['example_short_circuit_decorator']) retrieved from /home/beau/airflow/py_env/lib/python3.10/site-packages/airflow/example_dags/example_short_circuit_decorator.py
[2023-09-27T22:46:09.387-0400] {logging_mixin.py:151} INFO - [2023-09-27T22:46:09.386-0400] {dag.py:2915} INFO - Sync 1 DAGs
[2023-09-27T22:46:09.403-0400] {logging_mixin.py:151} INFO - [2023-09-27T22:46:09.403-0400] {dag.py:3696} INFO - Setting next_dagrun for example_short_circuit_decorator to 2023-09-27T02:46:09.402840+00:00, run_after=2023-09-28T02:46:09.402840+00:00
[2023-09-27T22:46:09.433-0400] {processor.py:179} INFO - Processing /home/beau/airflow/py_env/lib/python3.10/site-packages/airflow/example_dags/example_short_circuit_decorator.py took 0.090 seconds
[2023-09-27T22:46:50.821-0400] {processor.py:157} INFO - Started process (PID=15510) to work on /home/beau/airflow/py_env/lib/python3.10/site-packages/airflow/example_dags/example_short_circuit_decorator.py
[2023-09-27T22:46:50.826-0400] {processor.py:829} INFO - Processing file /home/beau/airflow/py_env/lib/python3.10/site-packages/airflow/example_dags/example_short_circuit_decorator.py for tasks to queue
[2023-09-27T22:46:50.828-0400] {logging_mixin.py:151} INFO - [2023-09-27T22:46:50.827-0400] {dagbag.py:539} INFO - Filling up the DagBag from /home/beau/airflow/py_env/lib/python3.10/site-packages/airflow/example_dags/example_short_circuit_decorator.py
[2023-09-27T22:46:50.841-0400] {processor.py:839} INFO - DAG(s) dict_keys(['example_short_circuit_decorator']) retrieved from /home/beau/airflow/py_env/lib/python3.10/site-packages/airflow/example_dags/example_short_circuit_decorator.py
[2023-09-27T22:46:50.866-0400] {logging_mixin.py:151} INFO - [2023-09-27T22:46:50.866-0400] {dag.py:2915} INFO - Sync 1 DAGs
[2023-09-27T22:46:50.890-0400] {logging_mixin.py:151} INFO - [2023-09-27T22:46:50.890-0400] {dag.py:3696} INFO - Setting next_dagrun for example_short_circuit_decorator to 2023-09-27T02:46:50.890241+00:00, run_after=2023-09-28T02:46:50.890241+00:00
[2023-09-27T22:46:50.921-0400] {processor.py:179} INFO - Processing /home/beau/airflow/py_env/lib/python3.10/site-packages/airflow/example_dags/example_short_circuit_decorator.py took 0.107 seconds
[2023-09-27T22:47:30.012-0400] {processor.py:157} INFO - Started process (PID=15896) to work on /home/beau/airflow/py_env/lib/python3.10/site-packages/airflow/example_dags/example_short_circuit_decorator.py
[2023-09-27T22:47:30.016-0400] {processor.py:829} INFO - Processing file /home/beau/airflow/py_env/lib/python3.10/site-packages/airflow/example_dags/example_short_circuit_decorator.py for tasks to queue
[2023-09-27T22:47:30.018-0400] {logging_mixin.py:151} INFO - [2023-09-27T22:47:30.017-0400] {dagbag.py:539} INFO - Filling up the DagBag from /home/beau/airflow/py_env/lib/python3.10/site-packages/airflow/example_dags/example_short_circuit_decorator.py
[2023-09-27T22:47:30.031-0400] {processor.py:839} INFO - DAG(s) dict_keys(['example_short_circuit_decorator']) retrieved from /home/beau/airflow/py_env/lib/python3.10/site-packages/airflow/example_dags/example_short_circuit_decorator.py
[2023-09-27T22:47:30.049-0400] {logging_mixin.py:151} INFO - [2023-09-27T22:47:30.049-0400] {dag.py:2915} INFO - Sync 1 DAGs
[2023-09-27T22:47:30.066-0400] {logging_mixin.py:151} INFO - [2023-09-27T22:47:30.065-0400] {dag.py:3696} INFO - Setting next_dagrun for example_short_circuit_decorator to 2023-09-27T02:47:30.065652+00:00, run_after=2023-09-28T02:47:30.065652+00:00
[2023-09-27T22:47:30.101-0400] {processor.py:179} INFO - Processing /home/beau/airflow/py_env/lib/python3.10/site-packages/airflow/example_dags/example_short_circuit_decorator.py took 0.093 seconds
[2023-09-27T22:48:09.971-0400] {processor.py:157} INFO - Started process (PID=16342) to work on /home/beau/airflow/py_env/lib/python3.10/site-packages/airflow/example_dags/example_short_circuit_decorator.py
[2023-09-27T22:48:09.975-0400] {processor.py:829} INFO - Processing file /home/beau/airflow/py_env/lib/python3.10/site-packages/airflow/example_dags/example_short_circuit_decorator.py for tasks to queue
[2023-09-27T22:48:09.976-0400] {logging_mixin.py:151} INFO - [2023-09-27T22:48:09.976-0400] {dagbag.py:539} INFO - Filling up the DagBag from /home/beau/airflow/py_env/lib/python3.10/site-packages/airflow/example_dags/example_short_circuit_decorator.py
[2023-09-27T22:48:09.986-0400] {processor.py:839} INFO - DAG(s) dict_keys(['example_short_circuit_decorator']) retrieved from /home/beau/airflow/py_env/lib/python3.10/site-packages/airflow/example_dags/example_short_circuit_decorator.py
[2023-09-27T22:48:10.004-0400] {logging_mixin.py:151} INFO - [2023-09-27T22:48:10.004-0400] {dag.py:2915} INFO - Sync 1 DAGs
[2023-09-27T22:48:10.023-0400] {logging_mixin.py:151} INFO - [2023-09-27T22:48:10.022-0400] {dag.py:3696} INFO - Setting next_dagrun for example_short_circuit_decorator to 2023-09-27T02:48:10.022672+00:00, run_after=2023-09-28T02:48:10.022672+00:00
[2023-09-27T22:48:10.048-0400] {processor.py:179} INFO - Processing /home/beau/airflow/py_env/lib/python3.10/site-packages/airflow/example_dags/example_short_circuit_decorator.py took 0.081 seconds
[2023-09-27T22:48:50.278-0400] {processor.py:157} INFO - Started process (PID=16722) to work on /home/beau/airflow/py_env/lib/python3.10/site-packages/airflow/example_dags/example_short_circuit_decorator.py
[2023-09-27T22:48:50.283-0400] {processor.py:829} INFO - Processing file /home/beau/airflow/py_env/lib/python3.10/site-packages/airflow/example_dags/example_short_circuit_decorator.py for tasks to queue
[2023-09-27T22:48:50.285-0400] {logging_mixin.py:151} INFO - [2023-09-27T22:48:50.284-0400] {dagbag.py:539} INFO - Filling up the DagBag from /home/beau/airflow/py_env/lib/python3.10/site-packages/airflow/example_dags/example_short_circuit_decorator.py
[2023-09-27T22:48:50.305-0400] {processor.py:839} INFO - DAG(s) dict_keys(['example_short_circuit_decorator']) retrieved from /home/beau/airflow/py_env/lib/python3.10/site-packages/airflow/example_dags/example_short_circuit_decorator.py
[2023-09-27T22:48:50.328-0400] {logging_mixin.py:151} INFO - [2023-09-27T22:48:50.328-0400] {dag.py:2915} INFO - Sync 1 DAGs
[2023-09-27T22:48:50.348-0400] {logging_mixin.py:151} INFO - [2023-09-27T22:48:50.348-0400] {dag.py:3696} INFO - Setting next_dagrun for example_short_circuit_decorator to 2023-09-27T02:48:50.348005+00:00, run_after=2023-09-28T02:48:50.348005+00:00
[2023-09-27T22:48:50.375-0400] {processor.py:179} INFO - Processing /home/beau/airflow/py_env/lib/python3.10/site-packages/airflow/example_dags/example_short_circuit_decorator.py took 0.104 seconds
[2023-09-27T22:49:29.327-0400] {processor.py:157} INFO - Started process (PID=17012) to work on /home/beau/airflow/py_env/lib/python3.10/site-packages/airflow/example_dags/example_short_circuit_decorator.py
[2023-09-27T22:49:29.332-0400] {processor.py:829} INFO - Processing file /home/beau/airflow/py_env/lib/python3.10/site-packages/airflow/example_dags/example_short_circuit_decorator.py for tasks to queue
[2023-09-27T22:49:29.333-0400] {logging_mixin.py:151} INFO - [2023-09-27T22:49:29.333-0400] {dagbag.py:539} INFO - Filling up the DagBag from /home/beau/airflow/py_env/lib/python3.10/site-packages/airflow/example_dags/example_short_circuit_decorator.py
[2023-09-27T22:49:29.348-0400] {processor.py:839} INFO - DAG(s) dict_keys(['example_short_circuit_decorator']) retrieved from /home/beau/airflow/py_env/lib/python3.10/site-packages/airflow/example_dags/example_short_circuit_decorator.py
[2023-09-27T22:49:29.365-0400] {logging_mixin.py:151} INFO - [2023-09-27T22:49:29.365-0400] {dag.py:2915} INFO - Sync 1 DAGs
[2023-09-27T22:49:29.382-0400] {logging_mixin.py:151} INFO - [2023-09-27T22:49:29.382-0400] {dag.py:3696} INFO - Setting next_dagrun for example_short_circuit_decorator to 2023-09-27T02:49:29.382034+00:00, run_after=2023-09-28T02:49:29.382034+00:00
[2023-09-27T22:49:29.407-0400] {processor.py:179} INFO - Processing /home/beau/airflow/py_env/lib/python3.10/site-packages/airflow/example_dags/example_short_circuit_decorator.py took 0.085 seconds
[2023-09-27T22:50:06.936-0400] {processor.py:157} INFO - Started process (PID=17205) to work on /home/beau/airflow/py_env/lib/python3.10/site-packages/airflow/example_dags/example_short_circuit_decorator.py
[2023-09-27T22:50:06.941-0400] {processor.py:829} INFO - Processing file /home/beau/airflow/py_env/lib/python3.10/site-packages/airflow/example_dags/example_short_circuit_decorator.py for tasks to queue
[2023-09-27T22:50:06.943-0400] {logging_mixin.py:151} INFO - [2023-09-27T22:50:06.943-0400] {dagbag.py:539} INFO - Filling up the DagBag from /home/beau/airflow/py_env/lib/python3.10/site-packages/airflow/example_dags/example_short_circuit_decorator.py
[2023-09-27T22:50:06.960-0400] {processor.py:839} INFO - DAG(s) dict_keys(['example_short_circuit_decorator']) retrieved from /home/beau/airflow/py_env/lib/python3.10/site-packages/airflow/example_dags/example_short_circuit_decorator.py
[2023-09-27T22:50:06.974-0400] {logging_mixin.py:151} INFO - [2023-09-27T22:50:06.974-0400] {dag.py:2915} INFO - Sync 1 DAGs
[2023-09-27T22:50:06.989-0400] {logging_mixin.py:151} INFO - [2023-09-27T22:50:06.989-0400] {dag.py:3696} INFO - Setting next_dagrun for example_short_circuit_decorator to 2023-09-27T02:50:06.989484+00:00, run_after=2023-09-28T02:50:06.989484+00:00
[2023-09-27T22:50:07.014-0400] {processor.py:179} INFO - Processing /home/beau/airflow/py_env/lib/python3.10/site-packages/airflow/example_dags/example_short_circuit_decorator.py took 0.084 seconds
[2023-09-27T22:50:45.067-0400] {processor.py:157} INFO - Started process (PID=17340) to work on /home/beau/airflow/py_env/lib/python3.10/site-packages/airflow/example_dags/example_short_circuit_decorator.py
[2023-09-27T22:50:45.071-0400] {processor.py:829} INFO - Processing file /home/beau/airflow/py_env/lib/python3.10/site-packages/airflow/example_dags/example_short_circuit_decorator.py for tasks to queue
[2023-09-27T22:50:45.073-0400] {logging_mixin.py:151} INFO - [2023-09-27T22:50:45.072-0400] {dagbag.py:539} INFO - Filling up the DagBag from /home/beau/airflow/py_env/lib/python3.10/site-packages/airflow/example_dags/example_short_circuit_decorator.py
[2023-09-27T22:50:45.088-0400] {processor.py:839} INFO - DAG(s) dict_keys(['example_short_circuit_decorator']) retrieved from /home/beau/airflow/py_env/lib/python3.10/site-packages/airflow/example_dags/example_short_circuit_decorator.py
[2023-09-27T22:50:45.105-0400] {logging_mixin.py:151} INFO - [2023-09-27T22:50:45.105-0400] {dag.py:2915} INFO - Sync 1 DAGs
[2023-09-27T22:50:45.121-0400] {logging_mixin.py:151} INFO - [2023-09-27T22:50:45.121-0400] {dag.py:3696} INFO - Setting next_dagrun for example_short_circuit_decorator to 2023-09-27T02:50:45.120913+00:00, run_after=2023-09-28T02:50:45.120913+00:00
[2023-09-27T22:50:45.143-0400] {processor.py:179} INFO - Processing /home/beau/airflow/py_env/lib/python3.10/site-packages/airflow/example_dags/example_short_circuit_decorator.py took 0.081 seconds
[2023-09-27T22:51:38.661-0400] {processor.py:157} INFO - Started process (PID=17586) to work on /home/beau/airflow/py_env/lib/python3.10/site-packages/airflow/example_dags/example_short_circuit_decorator.py
[2023-09-27T22:51:38.665-0400] {processor.py:829} INFO - Processing file /home/beau/airflow/py_env/lib/python3.10/site-packages/airflow/example_dags/example_short_circuit_decorator.py for tasks to queue
[2023-09-27T22:51:38.666-0400] {logging_mixin.py:151} INFO - [2023-09-27T22:51:38.665-0400] {dagbag.py:539} INFO - Filling up the DagBag from /home/beau/airflow/py_env/lib/python3.10/site-packages/airflow/example_dags/example_short_circuit_decorator.py
[2023-09-27T22:51:38.674-0400] {processor.py:839} INFO - DAG(s) dict_keys(['example_short_circuit_decorator']) retrieved from /home/beau/airflow/py_env/lib/python3.10/site-packages/airflow/example_dags/example_short_circuit_decorator.py
[2023-09-27T22:51:38.689-0400] {logging_mixin.py:151} INFO - [2023-09-27T22:51:38.689-0400] {dag.py:2915} INFO - Sync 1 DAGs
[2023-09-27T22:51:38.705-0400] {logging_mixin.py:151} INFO - [2023-09-27T22:51:38.704-0400] {dag.py:3696} INFO - Setting next_dagrun for example_short_circuit_decorator to 2023-09-27T02:51:38.704694+00:00, run_after=2023-09-28T02:51:38.704694+00:00
[2023-09-27T22:51:38.727-0400] {processor.py:179} INFO - Processing /home/beau/airflow/py_env/lib/python3.10/site-packages/airflow/example_dags/example_short_circuit_decorator.py took 0.072 seconds
[2023-09-27T22:52:16.621-0400] {processor.py:157} INFO - Started process (PID=17774) to work on /home/beau/airflow/py_env/lib/python3.10/site-packages/airflow/example_dags/example_short_circuit_decorator.py
[2023-09-27T22:52:16.624-0400] {processor.py:829} INFO - Processing file /home/beau/airflow/py_env/lib/python3.10/site-packages/airflow/example_dags/example_short_circuit_decorator.py for tasks to queue
[2023-09-27T22:52:16.626-0400] {logging_mixin.py:151} INFO - [2023-09-27T22:52:16.625-0400] {dagbag.py:539} INFO - Filling up the DagBag from /home/beau/airflow/py_env/lib/python3.10/site-packages/airflow/example_dags/example_short_circuit_decorator.py
[2023-09-27T22:52:16.636-0400] {processor.py:839} INFO - DAG(s) dict_keys(['example_short_circuit_decorator']) retrieved from /home/beau/airflow/py_env/lib/python3.10/site-packages/airflow/example_dags/example_short_circuit_decorator.py
[2023-09-27T22:52:16.651-0400] {logging_mixin.py:151} INFO - [2023-09-27T22:52:16.650-0400] {dag.py:2915} INFO - Sync 1 DAGs
[2023-09-27T22:52:16.667-0400] {logging_mixin.py:151} INFO - [2023-09-27T22:52:16.667-0400] {dag.py:3696} INFO - Setting next_dagrun for example_short_circuit_decorator to 2023-09-27T02:52:16.667351+00:00, run_after=2023-09-28T02:52:16.667351+00:00
[2023-09-27T22:52:16.698-0400] {processor.py:179} INFO - Processing /home/beau/airflow/py_env/lib/python3.10/site-packages/airflow/example_dags/example_short_circuit_decorator.py took 0.082 seconds
[2023-09-27T22:53:07.768-0400] {processor.py:157} INFO - Started process (PID=18197) to work on /home/beau/airflow/py_env/lib/python3.10/site-packages/airflow/example_dags/example_short_circuit_decorator.py
[2023-09-27T22:53:07.771-0400] {processor.py:829} INFO - Processing file /home/beau/airflow/py_env/lib/python3.10/site-packages/airflow/example_dags/example_short_circuit_decorator.py for tasks to queue
[2023-09-27T22:53:07.772-0400] {logging_mixin.py:151} INFO - [2023-09-27T22:53:07.772-0400] {dagbag.py:539} INFO - Filling up the DagBag from /home/beau/airflow/py_env/lib/python3.10/site-packages/airflow/example_dags/example_short_circuit_decorator.py
[2023-09-27T22:53:07.784-0400] {processor.py:839} INFO - DAG(s) dict_keys(['example_short_circuit_decorator']) retrieved from /home/beau/airflow/py_env/lib/python3.10/site-packages/airflow/example_dags/example_short_circuit_decorator.py
[2023-09-27T22:53:07.804-0400] {logging_mixin.py:151} INFO - [2023-09-27T22:53:07.804-0400] {dag.py:2915} INFO - Sync 1 DAGs
[2023-09-27T22:53:07.822-0400] {logging_mixin.py:151} INFO - [2023-09-27T22:53:07.822-0400] {dag.py:3696} INFO - Setting next_dagrun for example_short_circuit_decorator to 2023-09-27T02:53:07.822312+00:00, run_after=2023-09-28T02:53:07.822312+00:00
[2023-09-27T22:53:07.845-0400] {processor.py:179} INFO - Processing /home/beau/airflow/py_env/lib/python3.10/site-packages/airflow/example_dags/example_short_circuit_decorator.py took 0.080 seconds
[2023-09-27T22:53:44.700-0400] {processor.py:157} INFO - Started process (PID=18461) to work on /home/beau/airflow/py_env/lib/python3.10/site-packages/airflow/example_dags/example_short_circuit_decorator.py
[2023-09-27T22:53:44.704-0400] {processor.py:829} INFO - Processing file /home/beau/airflow/py_env/lib/python3.10/site-packages/airflow/example_dags/example_short_circuit_decorator.py for tasks to queue
[2023-09-27T22:53:44.705-0400] {logging_mixin.py:151} INFO - [2023-09-27T22:53:44.704-0400] {dagbag.py:539} INFO - Filling up the DagBag from /home/beau/airflow/py_env/lib/python3.10/site-packages/airflow/example_dags/example_short_circuit_decorator.py
[2023-09-27T22:53:44.718-0400] {processor.py:839} INFO - DAG(s) dict_keys(['example_short_circuit_decorator']) retrieved from /home/beau/airflow/py_env/lib/python3.10/site-packages/airflow/example_dags/example_short_circuit_decorator.py
[2023-09-27T22:53:44.735-0400] {logging_mixin.py:151} INFO - [2023-09-27T22:53:44.735-0400] {dag.py:2915} INFO - Sync 1 DAGs
[2023-09-27T22:53:44.752-0400] {logging_mixin.py:151} INFO - [2023-09-27T22:53:44.752-0400] {dag.py:3696} INFO - Setting next_dagrun for example_short_circuit_decorator to 2023-09-27T02:53:44.752278+00:00, run_after=2023-09-28T02:53:44.752278+00:00
[2023-09-27T22:53:44.775-0400] {processor.py:179} INFO - Processing /home/beau/airflow/py_env/lib/python3.10/site-packages/airflow/example_dags/example_short_circuit_decorator.py took 0.079 seconds
