[2023-09-27T22:33:37.708-0400] {processor.py:157} INFO - Started process (PID=8717) to work on /home/beau/airflow/py_env/lib/python3.10/site-packages/airflow/example_dags/example_latest_only_with_trigger.py
[2023-09-27T22:33:37.709-0400] {processor.py:829} INFO - Processing file /home/beau/airflow/py_env/lib/python3.10/site-packages/airflow/example_dags/example_latest_only_with_trigger.py for tasks to queue
[2023-09-27T22:33:37.710-0400] {logging_mixin.py:151} INFO - [2023-09-27T22:33:37.710-0400] {dagbag.py:539} INFO - Filling up the DagBag from /home/beau/airflow/py_env/lib/python3.10/site-packages/airflow/example_dags/example_latest_only_with_trigger.py
[2023-09-27T22:33:37.718-0400] {processor.py:839} INFO - DAG(s) dict_keys(['latest_only_with_trigger']) retrieved from /home/beau/airflow/py_env/lib/python3.10/site-packages/airflow/example_dags/example_latest_only_with_trigger.py
[2023-09-27T22:33:37.733-0400] {logging_mixin.py:151} INFO - [2023-09-27T22:33:37.733-0400] {dag.py:2915} INFO - Sync 1 DAGs
[2023-09-27T22:33:37.748-0400] {logging_mixin.py:151} INFO - [2023-09-27T22:33:37.748-0400] {dag.py:3696} INFO - Setting next_dagrun for latest_only_with_trigger to 2023-09-27T22:33:37.748116+00:00, run_after=2023-09-28T02:33:37.748116+00:00
[2023-09-27T22:33:37.784-0400] {processor.py:179} INFO - Processing /home/beau/airflow/py_env/lib/python3.10/site-packages/airflow/example_dags/example_latest_only_with_trigger.py took 0.080 seconds
[2023-09-27T22:34:32.863-0400] {processor.py:157} INFO - Started process (PID=9048) to work on /home/beau/airflow/py_env/lib/python3.10/site-packages/airflow/example_dags/example_latest_only_with_trigger.py
[2023-09-27T22:34:32.868-0400] {processor.py:829} INFO - Processing file /home/beau/airflow/py_env/lib/python3.10/site-packages/airflow/example_dags/example_latest_only_with_trigger.py for tasks to queue
[2023-09-27T22:34:32.869-0400] {logging_mixin.py:151} INFO - [2023-09-27T22:34:32.868-0400] {dagbag.py:539} INFO - Filling up the DagBag from /home/beau/airflow/py_env/lib/python3.10/site-packages/airflow/example_dags/example_latest_only_with_trigger.py
[2023-09-27T22:34:32.879-0400] {processor.py:839} INFO - DAG(s) dict_keys(['latest_only_with_trigger']) retrieved from /home/beau/airflow/py_env/lib/python3.10/site-packages/airflow/example_dags/example_latest_only_with_trigger.py
[2023-09-27T22:34:32.897-0400] {logging_mixin.py:151} INFO - [2023-09-27T22:34:32.896-0400] {dag.py:2915} INFO - Sync 1 DAGs
[2023-09-27T22:34:32.914-0400] {logging_mixin.py:151} INFO - [2023-09-27T22:34:32.914-0400] {dag.py:3696} INFO - Setting next_dagrun for latest_only_with_trigger to 2023-09-27T22:34:32.914425+00:00, run_after=2023-09-28T02:34:32.914425+00:00
[2023-09-27T22:34:32.937-0400] {processor.py:179} INFO - Processing /home/beau/airflow/py_env/lib/python3.10/site-packages/airflow/example_dags/example_latest_only_with_trigger.py took 0.078 seconds
[2023-09-27T22:35:44.617-0400] {processor.py:157} INFO - Started process (PID=9744) to work on /home/beau/airflow/py_env/lib/python3.10/site-packages/airflow/example_dags/example_latest_only_with_trigger.py
[2023-09-27T22:35:44.621-0400] {processor.py:829} INFO - Processing file /home/beau/airflow/py_env/lib/python3.10/site-packages/airflow/example_dags/example_latest_only_with_trigger.py for tasks to queue
[2023-09-27T22:35:44.622-0400] {logging_mixin.py:151} INFO - [2023-09-27T22:35:44.622-0400] {dagbag.py:539} INFO - Filling up the DagBag from /home/beau/airflow/py_env/lib/python3.10/site-packages/airflow/example_dags/example_latest_only_with_trigger.py
[2023-09-27T22:35:44.631-0400] {processor.py:839} INFO - DAG(s) dict_keys(['latest_only_with_trigger']) retrieved from /home/beau/airflow/py_env/lib/python3.10/site-packages/airflow/example_dags/example_latest_only_with_trigger.py
[2023-09-27T22:35:44.650-0400] {logging_mixin.py:151} INFO - [2023-09-27T22:35:44.649-0400] {dag.py:2915} INFO - Sync 1 DAGs
[2023-09-27T22:35:44.766-0400] {logging_mixin.py:151} INFO - [2023-09-27T22:35:44.766-0400] {dag.py:3696} INFO - Setting next_dagrun for latest_only_with_trigger to 2023-09-27T22:35:44.766331+00:00, run_after=2023-09-28T02:35:44.766331+00:00
[2023-09-27T22:35:44.792-0400] {processor.py:179} INFO - Processing /home/beau/airflow/py_env/lib/python3.10/site-packages/airflow/example_dags/example_latest_only_with_trigger.py took 0.182 seconds
[2023-09-27T22:36:40.013-0400] {processor.py:157} INFO - Started process (PID=10467) to work on /home/beau/airflow/py_env/lib/python3.10/site-packages/airflow/example_dags/example_latest_only_with_trigger.py
[2023-09-27T22:36:40.015-0400] {processor.py:829} INFO - Processing file /home/beau/airflow/py_env/lib/python3.10/site-packages/airflow/example_dags/example_latest_only_with_trigger.py for tasks to queue
[2023-09-27T22:36:40.018-0400] {logging_mixin.py:151} INFO - [2023-09-27T22:36:40.016-0400] {dagbag.py:539} INFO - Filling up the DagBag from /home/beau/airflow/py_env/lib/python3.10/site-packages/airflow/example_dags/example_latest_only_with_trigger.py
[2023-09-27T22:36:40.026-0400] {processor.py:839} INFO - DAG(s) dict_keys(['latest_only_with_trigger']) retrieved from /home/beau/airflow/py_env/lib/python3.10/site-packages/airflow/example_dags/example_latest_only_with_trigger.py
[2023-09-27T22:36:40.045-0400] {logging_mixin.py:151} INFO - [2023-09-27T22:36:40.044-0400] {dag.py:2915} INFO - Sync 1 DAGs
[2023-09-27T22:36:40.066-0400] {logging_mixin.py:151} INFO - [2023-09-27T22:36:40.066-0400] {dag.py:3696} INFO - Setting next_dagrun for latest_only_with_trigger to 2023-09-27T22:36:40.065428+00:00, run_after=2023-09-28T02:36:40.065428+00:00
[2023-09-27T22:36:40.096-0400] {processor.py:179} INFO - Processing /home/beau/airflow/py_env/lib/python3.10/site-packages/airflow/example_dags/example_latest_only_with_trigger.py took 0.088 seconds
[2023-09-27T22:37:40.937-0400] {processor.py:157} INFO - Started process (PID=10880) to work on /home/beau/airflow/py_env/lib/python3.10/site-packages/airflow/example_dags/example_latest_only_with_trigger.py
[2023-09-27T22:37:40.941-0400] {processor.py:829} INFO - Processing file /home/beau/airflow/py_env/lib/python3.10/site-packages/airflow/example_dags/example_latest_only_with_trigger.py for tasks to queue
[2023-09-27T22:37:40.942-0400] {logging_mixin.py:151} INFO - [2023-09-27T22:37:40.942-0400] {dagbag.py:539} INFO - Filling up the DagBag from /home/beau/airflow/py_env/lib/python3.10/site-packages/airflow/example_dags/example_latest_only_with_trigger.py
[2023-09-27T22:37:40.954-0400] {processor.py:839} INFO - DAG(s) dict_keys(['latest_only_with_trigger']) retrieved from /home/beau/airflow/py_env/lib/python3.10/site-packages/airflow/example_dags/example_latest_only_with_trigger.py
[2023-09-27T22:37:40.971-0400] {logging_mixin.py:151} INFO - [2023-09-27T22:37:40.971-0400] {dag.py:2915} INFO - Sync 1 DAGs
[2023-09-27T22:37:40.988-0400] {logging_mixin.py:151} INFO - [2023-09-27T22:37:40.988-0400] {dag.py:3696} INFO - Setting next_dagrun for latest_only_with_trigger to 2023-09-27T22:37:40.988365+00:00, run_after=2023-09-28T02:37:40.988365+00:00
[2023-09-27T22:37:41.013-0400] {processor.py:179} INFO - Processing /home/beau/airflow/py_env/lib/python3.10/site-packages/airflow/example_dags/example_latest_only_with_trigger.py took 0.081 seconds
[2023-09-27T22:38:39.425-0400] {processor.py:157} INFO - Started process (PID=11461) to work on /home/beau/airflow/py_env/lib/python3.10/site-packages/airflow/example_dags/example_latest_only_with_trigger.py
[2023-09-27T22:38:39.429-0400] {processor.py:829} INFO - Processing file /home/beau/airflow/py_env/lib/python3.10/site-packages/airflow/example_dags/example_latest_only_with_trigger.py for tasks to queue
[2023-09-27T22:38:39.431-0400] {logging_mixin.py:151} INFO - [2023-09-27T22:38:39.430-0400] {dagbag.py:539} INFO - Filling up the DagBag from /home/beau/airflow/py_env/lib/python3.10/site-packages/airflow/example_dags/example_latest_only_with_trigger.py
[2023-09-27T22:38:39.449-0400] {processor.py:839} INFO - DAG(s) dict_keys(['latest_only_with_trigger']) retrieved from /home/beau/airflow/py_env/lib/python3.10/site-packages/airflow/example_dags/example_latest_only_with_trigger.py
[2023-09-27T22:38:39.469-0400] {logging_mixin.py:151} INFO - [2023-09-27T22:38:39.469-0400] {dag.py:2915} INFO - Sync 1 DAGs
[2023-09-27T22:38:39.486-0400] {logging_mixin.py:151} INFO - [2023-09-27T22:38:39.486-0400] {dag.py:3696} INFO - Setting next_dagrun for latest_only_with_trigger to 2023-09-27T22:38:39.485670+00:00, run_after=2023-09-28T02:38:39.485670+00:00
[2023-09-27T22:38:39.513-0400] {processor.py:179} INFO - Processing /home/beau/airflow/py_env/lib/python3.10/site-packages/airflow/example_dags/example_latest_only_with_trigger.py took 0.091 seconds
[2023-09-27T22:39:31.198-0400] {processor.py:157} INFO - Started process (PID=11883) to work on /home/beau/airflow/py_env/lib/python3.10/site-packages/airflow/example_dags/example_latest_only_with_trigger.py
[2023-09-27T22:39:31.201-0400] {processor.py:829} INFO - Processing file /home/beau/airflow/py_env/lib/python3.10/site-packages/airflow/example_dags/example_latest_only_with_trigger.py for tasks to queue
[2023-09-27T22:39:31.203-0400] {logging_mixin.py:151} INFO - [2023-09-27T22:39:31.202-0400] {dagbag.py:539} INFO - Filling up the DagBag from /home/beau/airflow/py_env/lib/python3.10/site-packages/airflow/example_dags/example_latest_only_with_trigger.py
[2023-09-27T22:39:31.215-0400] {processor.py:839} INFO - DAG(s) dict_keys(['latest_only_with_trigger']) retrieved from /home/beau/airflow/py_env/lib/python3.10/site-packages/airflow/example_dags/example_latest_only_with_trigger.py
[2023-09-27T22:39:31.239-0400] {logging_mixin.py:151} INFO - [2023-09-27T22:39:31.239-0400] {dag.py:2915} INFO - Sync 1 DAGs
[2023-09-27T22:39:31.268-0400] {logging_mixin.py:151} INFO - [2023-09-27T22:39:31.268-0400] {dag.py:3696} INFO - Setting next_dagrun for latest_only_with_trigger to 2023-09-27T22:39:31.268180+00:00, run_after=2023-09-28T02:39:31.268180+00:00
[2023-09-27T22:39:31.302-0400] {processor.py:179} INFO - Processing /home/beau/airflow/py_env/lib/python3.10/site-packages/airflow/example_dags/example_latest_only_with_trigger.py took 0.109 seconds
[2023-09-27T22:40:34.272-0400] {processor.py:157} INFO - Started process (PID=12162) to work on /home/beau/airflow/py_env/lib/python3.10/site-packages/airflow/example_dags/example_latest_only_with_trigger.py
[2023-09-27T22:40:34.276-0400] {processor.py:829} INFO - Processing file /home/beau/airflow/py_env/lib/python3.10/site-packages/airflow/example_dags/example_latest_only_with_trigger.py for tasks to queue
[2023-09-27T22:40:34.277-0400] {logging_mixin.py:151} INFO - [2023-09-27T22:40:34.277-0400] {dagbag.py:539} INFO - Filling up the DagBag from /home/beau/airflow/py_env/lib/python3.10/site-packages/airflow/example_dags/example_latest_only_with_trigger.py
[2023-09-27T22:40:34.284-0400] {processor.py:839} INFO - DAG(s) dict_keys(['latest_only_with_trigger']) retrieved from /home/beau/airflow/py_env/lib/python3.10/site-packages/airflow/example_dags/example_latest_only_with_trigger.py
[2023-09-27T22:40:34.305-0400] {logging_mixin.py:151} INFO - [2023-09-27T22:40:34.305-0400] {dag.py:2915} INFO - Sync 1 DAGs
[2023-09-27T22:40:34.329-0400] {logging_mixin.py:151} INFO - [2023-09-27T22:40:34.328-0400] {dag.py:3696} INFO - Setting next_dagrun for latest_only_with_trigger to 2023-09-27T22:40:34.328390+00:00, run_after=2023-09-28T02:40:34.328390+00:00
[2023-09-27T22:40:34.367-0400] {processor.py:179} INFO - Processing /home/beau/airflow/py_env/lib/python3.10/site-packages/airflow/example_dags/example_latest_only_with_trigger.py took 0.100 seconds
[2023-09-27T22:41:33.343-0400] {processor.py:157} INFO - Started process (PID=12473) to work on /home/beau/airflow/py_env/lib/python3.10/site-packages/airflow/example_dags/example_latest_only_with_trigger.py
[2023-09-27T22:41:33.346-0400] {processor.py:829} INFO - Processing file /home/beau/airflow/py_env/lib/python3.10/site-packages/airflow/example_dags/example_latest_only_with_trigger.py for tasks to queue
[2023-09-27T22:41:33.348-0400] {logging_mixin.py:151} INFO - [2023-09-27T22:41:33.347-0400] {dagbag.py:539} INFO - Filling up the DagBag from /home/beau/airflow/py_env/lib/python3.10/site-packages/airflow/example_dags/example_latest_only_with_trigger.py
[2023-09-27T22:41:33.357-0400] {processor.py:839} INFO - DAG(s) dict_keys(['latest_only_with_trigger']) retrieved from /home/beau/airflow/py_env/lib/python3.10/site-packages/airflow/example_dags/example_latest_only_with_trigger.py
[2023-09-27T22:41:33.375-0400] {logging_mixin.py:151} INFO - [2023-09-27T22:41:33.375-0400] {dag.py:2915} INFO - Sync 1 DAGs
[2023-09-27T22:41:33.393-0400] {logging_mixin.py:151} INFO - [2023-09-27T22:41:33.393-0400] {dag.py:3696} INFO - Setting next_dagrun for latest_only_with_trigger to 2023-09-27T22:41:33.393190+00:00, run_after=2023-09-28T02:41:33.393190+00:00
[2023-09-27T22:41:33.419-0400] {processor.py:179} INFO - Processing /home/beau/airflow/py_env/lib/python3.10/site-packages/airflow/example_dags/example_latest_only_with_trigger.py took 0.081 seconds
[2023-09-27T22:42:33.432-0400] {processor.py:157} INFO - Started process (PID=12948) to work on /home/beau/airflow/py_env/lib/python3.10/site-packages/airflow/example_dags/example_latest_only_with_trigger.py
[2023-09-27T22:42:33.437-0400] {processor.py:829} INFO - Processing file /home/beau/airflow/py_env/lib/python3.10/site-packages/airflow/example_dags/example_latest_only_with_trigger.py for tasks to queue
[2023-09-27T22:42:33.439-0400] {logging_mixin.py:151} INFO - [2023-09-27T22:42:33.438-0400] {dagbag.py:539} INFO - Filling up the DagBag from /home/beau/airflow/py_env/lib/python3.10/site-packages/airflow/example_dags/example_latest_only_with_trigger.py
[2023-09-27T22:42:33.456-0400] {processor.py:839} INFO - DAG(s) dict_keys(['latest_only_with_trigger']) retrieved from /home/beau/airflow/py_env/lib/python3.10/site-packages/airflow/example_dags/example_latest_only_with_trigger.py
[2023-09-27T22:42:33.471-0400] {logging_mixin.py:151} INFO - [2023-09-27T22:42:33.471-0400] {dag.py:2915} INFO - Sync 1 DAGs
[2023-09-27T22:42:33.489-0400] {logging_mixin.py:151} INFO - [2023-09-27T22:42:33.489-0400] {dag.py:3696} INFO - Setting next_dagrun for latest_only_with_trigger to 2023-09-27T22:42:33.489130+00:00, run_after=2023-09-28T02:42:33.489130+00:00
[2023-09-27T22:42:33.518-0400] {processor.py:179} INFO - Processing /home/beau/airflow/py_env/lib/python3.10/site-packages/airflow/example_dags/example_latest_only_with_trigger.py took 0.093 seconds
[2023-09-27T22:43:26.536-0400] {processor.py:157} INFO - Started process (PID=13372) to work on /home/beau/airflow/py_env/lib/python3.10/site-packages/airflow/example_dags/example_latest_only_with_trigger.py
[2023-09-27T22:43:26.541-0400] {processor.py:829} INFO - Processing file /home/beau/airflow/py_env/lib/python3.10/site-packages/airflow/example_dags/example_latest_only_with_trigger.py for tasks to queue
[2023-09-27T22:43:26.542-0400] {logging_mixin.py:151} INFO - [2023-09-27T22:43:26.542-0400] {dagbag.py:539} INFO - Filling up the DagBag from /home/beau/airflow/py_env/lib/python3.10/site-packages/airflow/example_dags/example_latest_only_with_trigger.py
[2023-09-27T22:43:26.553-0400] {processor.py:839} INFO - DAG(s) dict_keys(['latest_only_with_trigger']) retrieved from /home/beau/airflow/py_env/lib/python3.10/site-packages/airflow/example_dags/example_latest_only_with_trigger.py
[2023-09-27T22:43:26.570-0400] {logging_mixin.py:151} INFO - [2023-09-27T22:43:26.569-0400] {dag.py:2915} INFO - Sync 1 DAGs
[2023-09-27T22:43:26.587-0400] {logging_mixin.py:151} INFO - [2023-09-27T22:43:26.587-0400] {dag.py:3696} INFO - Setting next_dagrun for latest_only_with_trigger to 2023-09-27T22:43:26.586948+00:00, run_after=2023-09-28T02:43:26.586948+00:00
[2023-09-27T22:43:26.612-0400] {processor.py:179} INFO - Processing /home/beau/airflow/py_env/lib/python3.10/site-packages/airflow/example_dags/example_latest_only_with_trigger.py took 0.081 seconds
[2023-09-27T22:44:28.400-0400] {processor.py:157} INFO - Started process (PID=13878) to work on /home/beau/airflow/py_env/lib/python3.10/site-packages/airflow/example_dags/example_latest_only_with_trigger.py
[2023-09-27T22:44:28.407-0400] {processor.py:829} INFO - Processing file /home/beau/airflow/py_env/lib/python3.10/site-packages/airflow/example_dags/example_latest_only_with_trigger.py for tasks to queue
[2023-09-27T22:44:28.411-0400] {logging_mixin.py:151} INFO - [2023-09-27T22:44:28.409-0400] {dagbag.py:539} INFO - Filling up the DagBag from /home/beau/airflow/py_env/lib/python3.10/site-packages/airflow/example_dags/example_latest_only_with_trigger.py
[2023-09-27T22:44:28.430-0400] {processor.py:839} INFO - DAG(s) dict_keys(['latest_only_with_trigger']) retrieved from /home/beau/airflow/py_env/lib/python3.10/site-packages/airflow/example_dags/example_latest_only_with_trigger.py
[2023-09-27T22:44:28.458-0400] {logging_mixin.py:151} INFO - [2023-09-27T22:44:28.457-0400] {dag.py:2915} INFO - Sync 1 DAGs
[2023-09-27T22:44:28.476-0400] {logging_mixin.py:151} INFO - [2023-09-27T22:44:28.476-0400] {dag.py:3696} INFO - Setting next_dagrun for latest_only_with_trigger to 2023-09-27T22:44:28.476202+00:00, run_after=2023-09-28T02:44:28.476202+00:00
[2023-09-27T22:44:28.502-0400] {processor.py:179} INFO - Processing /home/beau/airflow/py_env/lib/python3.10/site-packages/airflow/example_dags/example_latest_only_with_trigger.py took 0.114 seconds
[2023-09-27T22:45:22.659-0400] {processor.py:157} INFO - Started process (PID=14336) to work on /home/beau/airflow/py_env/lib/python3.10/site-packages/airflow/example_dags/example_latest_only_with_trigger.py
[2023-09-27T22:45:22.662-0400] {processor.py:829} INFO - Processing file /home/beau/airflow/py_env/lib/python3.10/site-packages/airflow/example_dags/example_latest_only_with_trigger.py for tasks to queue
[2023-09-27T22:45:22.663-0400] {logging_mixin.py:151} INFO - [2023-09-27T22:45:22.663-0400] {dagbag.py:539} INFO - Filling up the DagBag from /home/beau/airflow/py_env/lib/python3.10/site-packages/airflow/example_dags/example_latest_only_with_trigger.py
[2023-09-27T22:45:22.674-0400] {processor.py:839} INFO - DAG(s) dict_keys(['latest_only_with_trigger']) retrieved from /home/beau/airflow/py_env/lib/python3.10/site-packages/airflow/example_dags/example_latest_only_with_trigger.py
[2023-09-27T22:45:22.694-0400] {logging_mixin.py:151} INFO - [2023-09-27T22:45:22.693-0400] {dag.py:2915} INFO - Sync 1 DAGs
[2023-09-27T22:45:22.715-0400] {logging_mixin.py:151} INFO - [2023-09-27T22:45:22.715-0400] {dag.py:3696} INFO - Setting next_dagrun for latest_only_with_trigger to 2023-09-27T22:45:22.715023+00:00, run_after=2023-09-28T02:45:22.715023+00:00
[2023-09-27T22:45:22.744-0400] {processor.py:179} INFO - Processing /home/beau/airflow/py_env/lib/python3.10/site-packages/airflow/example_dags/example_latest_only_with_trigger.py took 0.090 seconds
[2023-09-27T22:46:22.703-0400] {processor.py:157} INFO - Started process (PID=15113) to work on /home/beau/airflow/py_env/lib/python3.10/site-packages/airflow/example_dags/example_latest_only_with_trigger.py
[2023-09-27T22:46:22.708-0400] {processor.py:829} INFO - Processing file /home/beau/airflow/py_env/lib/python3.10/site-packages/airflow/example_dags/example_latest_only_with_trigger.py for tasks to queue
[2023-09-27T22:46:22.710-0400] {logging_mixin.py:151} INFO - [2023-09-27T22:46:22.709-0400] {dagbag.py:539} INFO - Filling up the DagBag from /home/beau/airflow/py_env/lib/python3.10/site-packages/airflow/example_dags/example_latest_only_with_trigger.py
[2023-09-27T22:46:22.722-0400] {processor.py:839} INFO - DAG(s) dict_keys(['latest_only_with_trigger']) retrieved from /home/beau/airflow/py_env/lib/python3.10/site-packages/airflow/example_dags/example_latest_only_with_trigger.py
[2023-09-27T22:46:22.745-0400] {logging_mixin.py:151} INFO - [2023-09-27T22:46:22.745-0400] {dag.py:2915} INFO - Sync 1 DAGs
[2023-09-27T22:46:22.765-0400] {logging_mixin.py:151} INFO - [2023-09-27T22:46:22.765-0400] {dag.py:3696} INFO - Setting next_dagrun for latest_only_with_trigger to 2023-09-27T22:46:22.765100+00:00, run_after=2023-09-28T02:46:22.765100+00:00
[2023-09-27T22:46:22.795-0400] {processor.py:179} INFO - Processing /home/beau/airflow/py_env/lib/python3.10/site-packages/airflow/example_dags/example_latest_only_with_trigger.py took 0.099 seconds
[2023-09-27T22:47:22.568-0400] {processor.py:157} INFO - Started process (PID=15847) to work on /home/beau/airflow/py_env/lib/python3.10/site-packages/airflow/example_dags/example_latest_only_with_trigger.py
[2023-09-27T22:47:22.570-0400] {processor.py:829} INFO - Processing file /home/beau/airflow/py_env/lib/python3.10/site-packages/airflow/example_dags/example_latest_only_with_trigger.py for tasks to queue
[2023-09-27T22:47:22.571-0400] {logging_mixin.py:151} INFO - [2023-09-27T22:47:22.570-0400] {dagbag.py:539} INFO - Filling up the DagBag from /home/beau/airflow/py_env/lib/python3.10/site-packages/airflow/example_dags/example_latest_only_with_trigger.py
[2023-09-27T22:47:22.577-0400] {processor.py:839} INFO - DAG(s) dict_keys(['latest_only_with_trigger']) retrieved from /home/beau/airflow/py_env/lib/python3.10/site-packages/airflow/example_dags/example_latest_only_with_trigger.py
[2023-09-27T22:47:22.594-0400] {logging_mixin.py:151} INFO - [2023-09-27T22:47:22.594-0400] {dag.py:2915} INFO - Sync 1 DAGs
[2023-09-27T22:47:22.613-0400] {logging_mixin.py:151} INFO - [2023-09-27T22:47:22.612-0400] {dag.py:3696} INFO - Setting next_dagrun for latest_only_with_trigger to 2023-09-27T22:47:22.612812+00:00, run_after=2023-09-28T02:47:22.612812+00:00
[2023-09-27T22:47:22.640-0400] {processor.py:179} INFO - Processing /home/beau/airflow/py_env/lib/python3.10/site-packages/airflow/example_dags/example_latest_only_with_trigger.py took 0.076 seconds
[2023-09-27T22:48:21.976-0400] {processor.py:157} INFO - Started process (PID=16453) to work on /home/beau/airflow/py_env/lib/python3.10/site-packages/airflow/example_dags/example_latest_only_with_trigger.py
[2023-09-27T22:48:21.980-0400] {processor.py:829} INFO - Processing file /home/beau/airflow/py_env/lib/python3.10/site-packages/airflow/example_dags/example_latest_only_with_trigger.py for tasks to queue
[2023-09-27T22:48:21.981-0400] {logging_mixin.py:151} INFO - [2023-09-27T22:48:21.981-0400] {dagbag.py:539} INFO - Filling up the DagBag from /home/beau/airflow/py_env/lib/python3.10/site-packages/airflow/example_dags/example_latest_only_with_trigger.py
[2023-09-27T22:48:21.991-0400] {processor.py:839} INFO - DAG(s) dict_keys(['latest_only_with_trigger']) retrieved from /home/beau/airflow/py_env/lib/python3.10/site-packages/airflow/example_dags/example_latest_only_with_trigger.py
[2023-09-27T22:48:22.007-0400] {logging_mixin.py:151} INFO - [2023-09-27T22:48:22.007-0400] {dag.py:2915} INFO - Sync 1 DAGs
[2023-09-27T22:48:22.024-0400] {logging_mixin.py:151} INFO - [2023-09-27T22:48:22.024-0400] {dag.py:3696} INFO - Setting next_dagrun for latest_only_with_trigger to 2023-09-27T22:48:22.024049+00:00, run_after=2023-09-28T02:48:22.024049+00:00
[2023-09-27T22:48:22.053-0400] {processor.py:179} INFO - Processing /home/beau/airflow/py_env/lib/python3.10/site-packages/airflow/example_dags/example_latest_only_with_trigger.py took 0.082 seconds
[2023-09-27T22:49:21.311-0400] {processor.py:157} INFO - Started process (PID=16986) to work on /home/beau/airflow/py_env/lib/python3.10/site-packages/airflow/example_dags/example_latest_only_with_trigger.py
[2023-09-27T22:49:21.315-0400] {processor.py:829} INFO - Processing file /home/beau/airflow/py_env/lib/python3.10/site-packages/airflow/example_dags/example_latest_only_with_trigger.py for tasks to queue
[2023-09-27T22:49:21.316-0400] {logging_mixin.py:151} INFO - [2023-09-27T22:49:21.316-0400] {dagbag.py:539} INFO - Filling up the DagBag from /home/beau/airflow/py_env/lib/python3.10/site-packages/airflow/example_dags/example_latest_only_with_trigger.py
[2023-09-27T22:49:21.322-0400] {processor.py:839} INFO - DAG(s) dict_keys(['latest_only_with_trigger']) retrieved from /home/beau/airflow/py_env/lib/python3.10/site-packages/airflow/example_dags/example_latest_only_with_trigger.py
[2023-09-27T22:49:21.337-0400] {logging_mixin.py:151} INFO - [2023-09-27T22:49:21.337-0400] {dag.py:2915} INFO - Sync 1 DAGs
[2023-09-27T22:49:21.355-0400] {logging_mixin.py:151} INFO - [2023-09-27T22:49:21.355-0400] {dag.py:3696} INFO - Setting next_dagrun for latest_only_with_trigger to 2023-09-27T22:49:21.354830+00:00, run_after=2023-09-28T02:49:21.354830+00:00
[2023-09-27T22:49:21.380-0400] {processor.py:179} INFO - Processing /home/beau/airflow/py_env/lib/python3.10/site-packages/airflow/example_dags/example_latest_only_with_trigger.py took 0.072 seconds
[2023-09-27T22:50:18.518-0400] {processor.py:157} INFO - Started process (PID=17247) to work on /home/beau/airflow/py_env/lib/python3.10/site-packages/airflow/example_dags/example_latest_only_with_trigger.py
[2023-09-27T22:50:18.524-0400] {processor.py:829} INFO - Processing file /home/beau/airflow/py_env/lib/python3.10/site-packages/airflow/example_dags/example_latest_only_with_trigger.py for tasks to queue
[2023-09-27T22:50:18.527-0400] {logging_mixin.py:151} INFO - [2023-09-27T22:50:18.526-0400] {dagbag.py:539} INFO - Filling up the DagBag from /home/beau/airflow/py_env/lib/python3.10/site-packages/airflow/example_dags/example_latest_only_with_trigger.py
[2023-09-27T22:50:18.545-0400] {processor.py:839} INFO - DAG(s) dict_keys(['latest_only_with_trigger']) retrieved from /home/beau/airflow/py_env/lib/python3.10/site-packages/airflow/example_dags/example_latest_only_with_trigger.py
[2023-09-27T22:50:18.565-0400] {logging_mixin.py:151} INFO - [2023-09-27T22:50:18.565-0400] {dag.py:2915} INFO - Sync 1 DAGs
[2023-09-27T22:50:18.580-0400] {logging_mixin.py:151} INFO - [2023-09-27T22:50:18.580-0400] {dag.py:3696} INFO - Setting next_dagrun for latest_only_with_trigger to 2023-09-27T22:50:18.580171+00:00, run_after=2023-09-28T02:50:18.580171+00:00
[2023-09-27T22:50:18.606-0400] {processor.py:179} INFO - Processing /home/beau/airflow/py_env/lib/python3.10/site-packages/airflow/example_dags/example_latest_only_with_trigger.py took 0.090 seconds
[2023-09-27T22:51:12.770-0400] {processor.py:157} INFO - Started process (PID=17494) to work on /home/beau/airflow/py_env/lib/python3.10/site-packages/airflow/example_dags/example_latest_only_with_trigger.py
[2023-09-27T22:51:12.774-0400] {processor.py:829} INFO - Processing file /home/beau/airflow/py_env/lib/python3.10/site-packages/airflow/example_dags/example_latest_only_with_trigger.py for tasks to queue
[2023-09-27T22:51:12.775-0400] {logging_mixin.py:151} INFO - [2023-09-27T22:51:12.775-0400] {dagbag.py:539} INFO - Filling up the DagBag from /home/beau/airflow/py_env/lib/python3.10/site-packages/airflow/example_dags/example_latest_only_with_trigger.py
[2023-09-27T22:51:12.785-0400] {processor.py:839} INFO - DAG(s) dict_keys(['latest_only_with_trigger']) retrieved from /home/beau/airflow/py_env/lib/python3.10/site-packages/airflow/example_dags/example_latest_only_with_trigger.py
[2023-09-27T22:51:12.801-0400] {logging_mixin.py:151} INFO - [2023-09-27T22:51:12.801-0400] {dag.py:2915} INFO - Sync 1 DAGs
[2023-09-27T22:51:12.816-0400] {logging_mixin.py:151} INFO - [2023-09-27T22:51:12.816-0400] {dag.py:3696} INFO - Setting next_dagrun for latest_only_with_trigger to 2023-09-27T22:51:12.816307+00:00, run_after=2023-09-28T02:51:12.816307+00:00
[2023-09-27T22:51:12.839-0400] {processor.py:179} INFO - Processing /home/beau/airflow/py_env/lib/python3.10/site-packages/airflow/example_dags/example_latest_only_with_trigger.py took 0.073 seconds
[2023-09-27T22:52:09.152-0400] {processor.py:157} INFO - Started process (PID=17749) to work on /home/beau/airflow/py_env/lib/python3.10/site-packages/airflow/example_dags/example_latest_only_with_trigger.py
[2023-09-27T22:52:09.156-0400] {processor.py:829} INFO - Processing file /home/beau/airflow/py_env/lib/python3.10/site-packages/airflow/example_dags/example_latest_only_with_trigger.py for tasks to queue
[2023-09-27T22:52:09.157-0400] {logging_mixin.py:151} INFO - [2023-09-27T22:52:09.156-0400] {dagbag.py:539} INFO - Filling up the DagBag from /home/beau/airflow/py_env/lib/python3.10/site-packages/airflow/example_dags/example_latest_only_with_trigger.py
[2023-09-27T22:52:09.164-0400] {processor.py:839} INFO - DAG(s) dict_keys(['latest_only_with_trigger']) retrieved from /home/beau/airflow/py_env/lib/python3.10/site-packages/airflow/example_dags/example_latest_only_with_trigger.py
[2023-09-27T22:52:09.182-0400] {logging_mixin.py:151} INFO - [2023-09-27T22:52:09.182-0400] {dag.py:2915} INFO - Sync 1 DAGs
[2023-09-27T22:52:09.202-0400] {logging_mixin.py:151} INFO - [2023-09-27T22:52:09.202-0400] {dag.py:3696} INFO - Setting next_dagrun for latest_only_with_trigger to 2023-09-27T22:52:09.202002+00:00, run_after=2023-09-28T02:52:09.202002+00:00
[2023-09-27T22:52:09.225-0400] {processor.py:179} INFO - Processing /home/beau/airflow/py_env/lib/python3.10/site-packages/airflow/example_dags/example_latest_only_with_trigger.py took 0.076 seconds
[2023-09-27T22:53:01.987-0400] {processor.py:157} INFO - Started process (PID=18150) to work on /home/beau/airflow/py_env/lib/python3.10/site-packages/airflow/example_dags/example_latest_only_with_trigger.py
[2023-09-27T22:53:01.990-0400] {processor.py:829} INFO - Processing file /home/beau/airflow/py_env/lib/python3.10/site-packages/airflow/example_dags/example_latest_only_with_trigger.py for tasks to queue
[2023-09-27T22:53:01.992-0400] {logging_mixin.py:151} INFO - [2023-09-27T22:53:01.991-0400] {dagbag.py:539} INFO - Filling up the DagBag from /home/beau/airflow/py_env/lib/python3.10/site-packages/airflow/example_dags/example_latest_only_with_trigger.py
[2023-09-27T22:53:02.000-0400] {processor.py:839} INFO - DAG(s) dict_keys(['latest_only_with_trigger']) retrieved from /home/beau/airflow/py_env/lib/python3.10/site-packages/airflow/example_dags/example_latest_only_with_trigger.py
[2023-09-27T22:53:02.015-0400] {logging_mixin.py:151} INFO - [2023-09-27T22:53:02.015-0400] {dag.py:2915} INFO - Sync 1 DAGs
[2023-09-27T22:53:02.034-0400] {logging_mixin.py:151} INFO - [2023-09-27T22:53:02.034-0400] {dag.py:3696} INFO - Setting next_dagrun for latest_only_with_trigger to 2023-09-27T22:53:02.034080+00:00, run_after=2023-09-28T02:53:02.034080+00:00
[2023-09-27T22:53:02.058-0400] {processor.py:179} INFO - Processing /home/beau/airflow/py_env/lib/python3.10/site-packages/airflow/example_dags/example_latest_only_with_trigger.py took 0.075 seconds
[2023-09-27T22:53:55.087-0400] {processor.py:157} INFO - Started process (PID=18580) to work on /home/beau/airflow/py_env/lib/python3.10/site-packages/airflow/example_dags/example_latest_only_with_trigger.py
[2023-09-27T22:53:55.091-0400] {processor.py:829} INFO - Processing file /home/beau/airflow/py_env/lib/python3.10/site-packages/airflow/example_dags/example_latest_only_with_trigger.py for tasks to queue
[2023-09-27T22:53:55.092-0400] {logging_mixin.py:151} INFO - [2023-09-27T22:53:55.092-0400] {dagbag.py:539} INFO - Filling up the DagBag from /home/beau/airflow/py_env/lib/python3.10/site-packages/airflow/example_dags/example_latest_only_with_trigger.py
[2023-09-27T22:53:55.101-0400] {processor.py:839} INFO - DAG(s) dict_keys(['latest_only_with_trigger']) retrieved from /home/beau/airflow/py_env/lib/python3.10/site-packages/airflow/example_dags/example_latest_only_with_trigger.py
[2023-09-27T22:53:55.119-0400] {logging_mixin.py:151} INFO - [2023-09-27T22:53:55.119-0400] {dag.py:2915} INFO - Sync 1 DAGs
[2023-09-27T22:53:55.136-0400] {logging_mixin.py:151} INFO - [2023-09-27T22:53:55.136-0400] {dag.py:3696} INFO - Setting next_dagrun for latest_only_with_trigger to 2023-09-27T22:53:55.135901+00:00, run_after=2023-09-28T02:53:55.135901+00:00
[2023-09-27T22:53:55.160-0400] {processor.py:179} INFO - Processing /home/beau/airflow/py_env/lib/python3.10/site-packages/airflow/example_dags/example_latest_only_with_trigger.py took 0.077 seconds
[2023-09-27T22:54:49.568-0400] {processor.py:157} INFO - Started process (PID=19230) to work on /home/beau/airflow/py_env/lib/python3.10/site-packages/airflow/example_dags/example_latest_only_with_trigger.py
[2023-09-27T22:54:49.574-0400] {processor.py:829} INFO - Processing file /home/beau/airflow/py_env/lib/python3.10/site-packages/airflow/example_dags/example_latest_only_with_trigger.py for tasks to queue
[2023-09-27T22:54:49.577-0400] {logging_mixin.py:151} INFO - [2023-09-27T22:54:49.576-0400] {dagbag.py:539} INFO - Filling up the DagBag from /home/beau/airflow/py_env/lib/python3.10/site-packages/airflow/example_dags/example_latest_only_with_trigger.py
[2023-09-27T22:54:49.588-0400] {processor.py:839} INFO - DAG(s) dict_keys(['latest_only_with_trigger']) retrieved from /home/beau/airflow/py_env/lib/python3.10/site-packages/airflow/example_dags/example_latest_only_with_trigger.py
[2023-09-27T22:54:49.605-0400] {logging_mixin.py:151} INFO - [2023-09-27T22:54:49.605-0400] {dag.py:2915} INFO - Sync 1 DAGs
[2023-09-27T22:54:49.620-0400] {logging_mixin.py:151} INFO - [2023-09-27T22:54:49.620-0400] {dag.py:3696} INFO - Setting next_dagrun for latest_only_with_trigger to 2023-09-27T22:54:49.620432+00:00, run_after=2023-09-28T02:54:49.620432+00:00
[2023-09-27T22:54:49.644-0400] {processor.py:179} INFO - Processing /home/beau/airflow/py_env/lib/python3.10/site-packages/airflow/example_dags/example_latest_only_with_trigger.py took 0.085 seconds
[2023-09-27T22:55:47.332-0400] {processor.py:157} INFO - Started process (PID=19645) to work on /home/beau/airflow/py_env/lib/python3.10/site-packages/airflow/example_dags/example_latest_only_with_trigger.py
[2023-09-27T22:55:47.334-0400] {processor.py:829} INFO - Processing file /home/beau/airflow/py_env/lib/python3.10/site-packages/airflow/example_dags/example_latest_only_with_trigger.py for tasks to queue
[2023-09-27T22:55:47.336-0400] {logging_mixin.py:151} INFO - [2023-09-27T22:55:47.335-0400] {dagbag.py:539} INFO - Filling up the DagBag from /home/beau/airflow/py_env/lib/python3.10/site-packages/airflow/example_dags/example_latest_only_with_trigger.py
[2023-09-27T22:55:47.348-0400] {processor.py:839} INFO - DAG(s) dict_keys(['latest_only_with_trigger']) retrieved from /home/beau/airflow/py_env/lib/python3.10/site-packages/airflow/example_dags/example_latest_only_with_trigger.py
[2023-09-27T22:55:47.363-0400] {logging_mixin.py:151} INFO - [2023-09-27T22:55:47.363-0400] {dag.py:2915} INFO - Sync 1 DAGs
[2023-09-27T22:55:47.379-0400] {logging_mixin.py:151} INFO - [2023-09-27T22:55:47.379-0400] {dag.py:3696} INFO - Setting next_dagrun for latest_only_with_trigger to 2023-09-27T22:55:47.379086+00:00, run_after=2023-09-28T02:55:47.379086+00:00
[2023-09-27T22:55:47.404-0400] {processor.py:179} INFO - Processing /home/beau/airflow/py_env/lib/python3.10/site-packages/airflow/example_dags/example_latest_only_with_trigger.py took 0.078 seconds
[2023-09-27T22:56:44.708-0400] {processor.py:157} INFO - Started process (PID=20207) to work on /home/beau/airflow/py_env/lib/python3.10/site-packages/airflow/example_dags/example_latest_only_with_trigger.py
[2023-09-27T22:56:44.712-0400] {processor.py:829} INFO - Processing file /home/beau/airflow/py_env/lib/python3.10/site-packages/airflow/example_dags/example_latest_only_with_trigger.py for tasks to queue
[2023-09-27T22:56:44.714-0400] {logging_mixin.py:151} INFO - [2023-09-27T22:56:44.713-0400] {dagbag.py:539} INFO - Filling up the DagBag from /home/beau/airflow/py_env/lib/python3.10/site-packages/airflow/example_dags/example_latest_only_with_trigger.py
[2023-09-27T22:56:44.722-0400] {processor.py:839} INFO - DAG(s) dict_keys(['latest_only_with_trigger']) retrieved from /home/beau/airflow/py_env/lib/python3.10/site-packages/airflow/example_dags/example_latest_only_with_trigger.py
[2023-09-27T22:56:44.741-0400] {logging_mixin.py:151} INFO - [2023-09-27T22:56:44.741-0400] {dag.py:2915} INFO - Sync 1 DAGs
[2023-09-27T22:56:44.762-0400] {logging_mixin.py:151} INFO - [2023-09-27T22:56:44.761-0400] {dag.py:3696} INFO - Setting next_dagrun for latest_only_with_trigger to 2023-09-27T22:56:44.761700+00:00, run_after=2023-09-28T02:56:44.761700+00:00
[2023-09-27T22:56:44.785-0400] {processor.py:179} INFO - Processing /home/beau/airflow/py_env/lib/python3.10/site-packages/airflow/example_dags/example_latest_only_with_trigger.py took 0.082 seconds
[2023-09-27T22:57:31.401-0400] {processor.py:157} INFO - Started process (PID=20666) to work on /home/beau/airflow/py_env/lib/python3.10/site-packages/airflow/example_dags/example_latest_only_with_trigger.py
[2023-09-27T22:57:31.406-0400] {processor.py:829} INFO - Processing file /home/beau/airflow/py_env/lib/python3.10/site-packages/airflow/example_dags/example_latest_only_with_trigger.py for tasks to queue
[2023-09-27T22:57:31.407-0400] {logging_mixin.py:151} INFO - [2023-09-27T22:57:31.407-0400] {dagbag.py:539} INFO - Filling up the DagBag from /home/beau/airflow/py_env/lib/python3.10/site-packages/airflow/example_dags/example_latest_only_with_trigger.py
[2023-09-27T22:57:31.418-0400] {processor.py:839} INFO - DAG(s) dict_keys(['latest_only_with_trigger']) retrieved from /home/beau/airflow/py_env/lib/python3.10/site-packages/airflow/example_dags/example_latest_only_with_trigger.py
[2023-09-27T22:57:31.435-0400] {logging_mixin.py:151} INFO - [2023-09-27T22:57:31.435-0400] {dag.py:2915} INFO - Sync 1 DAGs
[2023-09-27T22:57:31.450-0400] {logging_mixin.py:151} INFO - [2023-09-27T22:57:31.450-0400] {dag.py:3696} INFO - Setting next_dagrun for latest_only_with_trigger to 2023-09-27T22:57:31.450598+00:00, run_after=2023-09-28T02:57:31.450598+00:00
[2023-09-27T22:57:31.478-0400] {processor.py:179} INFO - Processing /home/beau/airflow/py_env/lib/python3.10/site-packages/airflow/example_dags/example_latest_only_with_trigger.py took 0.086 seconds
[2023-09-27T22:58:21.603-0400] {processor.py:157} INFO - Started process (PID=21167) to work on /home/beau/airflow/py_env/lib/python3.10/site-packages/airflow/example_dags/example_latest_only_with_trigger.py
[2023-09-27T22:58:21.606-0400] {processor.py:829} INFO - Processing file /home/beau/airflow/py_env/lib/python3.10/site-packages/airflow/example_dags/example_latest_only_with_trigger.py for tasks to queue
[2023-09-27T22:58:21.607-0400] {logging_mixin.py:151} INFO - [2023-09-27T22:58:21.607-0400] {dagbag.py:539} INFO - Filling up the DagBag from /home/beau/airflow/py_env/lib/python3.10/site-packages/airflow/example_dags/example_latest_only_with_trigger.py
[2023-09-27T22:58:21.619-0400] {processor.py:839} INFO - DAG(s) dict_keys(['latest_only_with_trigger']) retrieved from /home/beau/airflow/py_env/lib/python3.10/site-packages/airflow/example_dags/example_latest_only_with_trigger.py
[2023-09-27T22:58:21.636-0400] {logging_mixin.py:151} INFO - [2023-09-27T22:58:21.636-0400] {dag.py:2915} INFO - Sync 1 DAGs
[2023-09-27T22:58:21.654-0400] {logging_mixin.py:151} INFO - [2023-09-27T22:58:21.653-0400] {dag.py:3696} INFO - Setting next_dagrun for latest_only_with_trigger to 2023-09-27T22:58:21.653653+00:00, run_after=2023-09-28T02:58:21.653653+00:00
[2023-09-27T22:58:21.678-0400] {processor.py:179} INFO - Processing /home/beau/airflow/py_env/lib/python3.10/site-packages/airflow/example_dags/example_latest_only_with_trigger.py took 0.083 seconds
[2023-09-27T22:59:17.474-0400] {processor.py:157} INFO - Started process (PID=21674) to work on /home/beau/airflow/py_env/lib/python3.10/site-packages/airflow/example_dags/example_latest_only_with_trigger.py
[2023-09-27T22:59:17.476-0400] {processor.py:829} INFO - Processing file /home/beau/airflow/py_env/lib/python3.10/site-packages/airflow/example_dags/example_latest_only_with_trigger.py for tasks to queue
[2023-09-27T22:59:17.478-0400] {logging_mixin.py:151} INFO - [2023-09-27T22:59:17.477-0400] {dagbag.py:539} INFO - Filling up the DagBag from /home/beau/airflow/py_env/lib/python3.10/site-packages/airflow/example_dags/example_latest_only_with_trigger.py
[2023-09-27T22:59:17.490-0400] {processor.py:839} INFO - DAG(s) dict_keys(['latest_only_with_trigger']) retrieved from /home/beau/airflow/py_env/lib/python3.10/site-packages/airflow/example_dags/example_latest_only_with_trigger.py
[2023-09-27T22:59:17.510-0400] {logging_mixin.py:151} INFO - [2023-09-27T22:59:17.510-0400] {dag.py:2915} INFO - Sync 1 DAGs
[2023-09-27T22:59:17.529-0400] {logging_mixin.py:151} INFO - [2023-09-27T22:59:17.528-0400] {dag.py:3696} INFO - Setting next_dagrun for latest_only_with_trigger to 2023-09-27T22:59:17.528662+00:00, run_after=2023-09-28T02:59:17.528662+00:00
[2023-09-27T22:59:17.554-0400] {processor.py:179} INFO - Processing /home/beau/airflow/py_env/lib/python3.10/site-packages/airflow/example_dags/example_latest_only_with_trigger.py took 0.086 seconds
[2023-09-27T23:00:12.387-0400] {processor.py:157} INFO - Started process (PID=21927) to work on /home/beau/airflow/py_env/lib/python3.10/site-packages/airflow/example_dags/example_latest_only_with_trigger.py
[2023-09-27T23:00:12.389-0400] {processor.py:829} INFO - Processing file /home/beau/airflow/py_env/lib/python3.10/site-packages/airflow/example_dags/example_latest_only_with_trigger.py for tasks to queue
[2023-09-27T23:00:12.390-0400] {logging_mixin.py:151} INFO - [2023-09-27T23:00:12.390-0400] {dagbag.py:539} INFO - Filling up the DagBag from /home/beau/airflow/py_env/lib/python3.10/site-packages/airflow/example_dags/example_latest_only_with_trigger.py
[2023-09-27T23:00:12.399-0400] {processor.py:839} INFO - DAG(s) dict_keys(['latest_only_with_trigger']) retrieved from /home/beau/airflow/py_env/lib/python3.10/site-packages/airflow/example_dags/example_latest_only_with_trigger.py
[2023-09-27T23:00:12.412-0400] {logging_mixin.py:151} INFO - [2023-09-27T23:00:12.412-0400] {dag.py:2915} INFO - Sync 1 DAGs
[2023-09-27T23:00:12.428-0400] {logging_mixin.py:151} INFO - [2023-09-27T23:00:12.427-0400] {dag.py:3696} INFO - Setting next_dagrun for latest_only_with_trigger to 2023-09-27T23:00:12.427657+00:00, run_after=2023-09-28T03:00:12.427657+00:00
[2023-09-27T23:00:12.450-0400] {processor.py:179} INFO - Processing /home/beau/airflow/py_env/lib/python3.10/site-packages/airflow/example_dags/example_latest_only_with_trigger.py took 0.067 seconds
[2023-09-27T23:01:05.439-0400] {processor.py:157} INFO - Started process (PID=22167) to work on /home/beau/airflow/py_env/lib/python3.10/site-packages/airflow/example_dags/example_latest_only_with_trigger.py
[2023-09-27T23:01:05.441-0400] {processor.py:829} INFO - Processing file /home/beau/airflow/py_env/lib/python3.10/site-packages/airflow/example_dags/example_latest_only_with_trigger.py for tasks to queue
[2023-09-27T23:01:05.442-0400] {logging_mixin.py:151} INFO - [2023-09-27T23:01:05.442-0400] {dagbag.py:539} INFO - Filling up the DagBag from /home/beau/airflow/py_env/lib/python3.10/site-packages/airflow/example_dags/example_latest_only_with_trigger.py
[2023-09-27T23:01:05.451-0400] {processor.py:839} INFO - DAG(s) dict_keys(['latest_only_with_trigger']) retrieved from /home/beau/airflow/py_env/lib/python3.10/site-packages/airflow/example_dags/example_latest_only_with_trigger.py
[2023-09-27T23:01:05.469-0400] {logging_mixin.py:151} INFO - [2023-09-27T23:01:05.469-0400] {dag.py:2915} INFO - Sync 1 DAGs
[2023-09-27T23:01:05.487-0400] {logging_mixin.py:151} INFO - [2023-09-27T23:01:05.487-0400] {dag.py:3696} INFO - Setting next_dagrun for latest_only_with_trigger to 2023-09-27T23:01:05.487255+00:00, run_after=2023-09-28T03:01:05.487255+00:00
[2023-09-27T23:01:05.514-0400] {processor.py:179} INFO - Processing /home/beau/airflow/py_env/lib/python3.10/site-packages/airflow/example_dags/example_latest_only_with_trigger.py took 0.083 seconds
[2023-09-27T23:01:57.565-0400] {processor.py:157} INFO - Started process (PID=22412) to work on /home/beau/airflow/py_env/lib/python3.10/site-packages/airflow/example_dags/example_latest_only_with_trigger.py
[2023-09-27T23:01:57.569-0400] {processor.py:829} INFO - Processing file /home/beau/airflow/py_env/lib/python3.10/site-packages/airflow/example_dags/example_latest_only_with_trigger.py for tasks to queue
[2023-09-27T23:01:57.571-0400] {logging_mixin.py:151} INFO - [2023-09-27T23:01:57.570-0400] {dagbag.py:539} INFO - Filling up the DagBag from /home/beau/airflow/py_env/lib/python3.10/site-packages/airflow/example_dags/example_latest_only_with_trigger.py
[2023-09-27T23:01:57.578-0400] {processor.py:839} INFO - DAG(s) dict_keys(['latest_only_with_trigger']) retrieved from /home/beau/airflow/py_env/lib/python3.10/site-packages/airflow/example_dags/example_latest_only_with_trigger.py
[2023-09-27T23:01:57.593-0400] {logging_mixin.py:151} INFO - [2023-09-27T23:01:57.592-0400] {dag.py:2915} INFO - Sync 1 DAGs
[2023-09-27T23:01:57.609-0400] {logging_mixin.py:151} INFO - [2023-09-27T23:01:57.609-0400] {dag.py:3696} INFO - Setting next_dagrun for latest_only_with_trigger to 2023-09-27T23:01:57.608906+00:00, run_after=2023-09-28T03:01:57.608906+00:00
[2023-09-27T23:01:57.631-0400] {processor.py:179} INFO - Processing /home/beau/airflow/py_env/lib/python3.10/site-packages/airflow/example_dags/example_latest_only_with_trigger.py took 0.072 seconds
[2023-09-27T23:02:50.331-0400] {processor.py:157} INFO - Started process (PID=22661) to work on /home/beau/airflow/py_env/lib/python3.10/site-packages/airflow/example_dags/example_latest_only_with_trigger.py
[2023-09-27T23:02:50.335-0400] {processor.py:829} INFO - Processing file /home/beau/airflow/py_env/lib/python3.10/site-packages/airflow/example_dags/example_latest_only_with_trigger.py for tasks to queue
[2023-09-27T23:02:50.337-0400] {logging_mixin.py:151} INFO - [2023-09-27T23:02:50.336-0400] {dagbag.py:539} INFO - Filling up the DagBag from /home/beau/airflow/py_env/lib/python3.10/site-packages/airflow/example_dags/example_latest_only_with_trigger.py
[2023-09-27T23:02:50.344-0400] {processor.py:839} INFO - DAG(s) dict_keys(['latest_only_with_trigger']) retrieved from /home/beau/airflow/py_env/lib/python3.10/site-packages/airflow/example_dags/example_latest_only_with_trigger.py
[2023-09-27T23:02:50.358-0400] {logging_mixin.py:151} INFO - [2023-09-27T23:02:50.358-0400] {dag.py:2915} INFO - Sync 1 DAGs
[2023-09-27T23:02:50.373-0400] {logging_mixin.py:151} INFO - [2023-09-27T23:02:50.373-0400] {dag.py:3696} INFO - Setting next_dagrun for latest_only_with_trigger to 2023-09-27T23:02:50.373410+00:00, run_after=2023-09-28T03:02:50.373410+00:00
[2023-09-27T23:02:50.397-0400] {processor.py:179} INFO - Processing /home/beau/airflow/py_env/lib/python3.10/site-packages/airflow/example_dags/example_latest_only_with_trigger.py took 0.072 seconds
[2023-09-27T23:03:39.183-0400] {processor.py:157} INFO - Started process (PID=22954) to work on /home/beau/airflow/py_env/lib/python3.10/site-packages/airflow/example_dags/example_latest_only_with_trigger.py
[2023-09-27T23:03:39.187-0400] {processor.py:829} INFO - Processing file /home/beau/airflow/py_env/lib/python3.10/site-packages/airflow/example_dags/example_latest_only_with_trigger.py for tasks to queue
[2023-09-27T23:03:39.189-0400] {logging_mixin.py:151} INFO - [2023-09-27T23:03:39.188-0400] {dagbag.py:539} INFO - Filling up the DagBag from /home/beau/airflow/py_env/lib/python3.10/site-packages/airflow/example_dags/example_latest_only_with_trigger.py
[2023-09-27T23:03:39.201-0400] {processor.py:839} INFO - DAG(s) dict_keys(['latest_only_with_trigger']) retrieved from /home/beau/airflow/py_env/lib/python3.10/site-packages/airflow/example_dags/example_latest_only_with_trigger.py
[2023-09-27T23:03:39.229-0400] {logging_mixin.py:151} INFO - [2023-09-27T23:03:39.229-0400] {dag.py:2915} INFO - Sync 1 DAGs
[2023-09-27T23:03:39.256-0400] {logging_mixin.py:151} INFO - [2023-09-27T23:03:39.255-0400] {dag.py:3696} INFO - Setting next_dagrun for latest_only_with_trigger to 2023-09-27T23:03:39.255500+00:00, run_after=2023-09-28T03:03:39.255500+00:00
[2023-09-27T23:03:39.285-0400] {processor.py:179} INFO - Processing /home/beau/airflow/py_env/lib/python3.10/site-packages/airflow/example_dags/example_latest_only_with_trigger.py took 0.108 seconds
[2023-09-27T23:04:33.852-0400] {processor.py:157} INFO - Started process (PID=23386) to work on /home/beau/airflow/py_env/lib/python3.10/site-packages/airflow/example_dags/example_latest_only_with_trigger.py
[2023-09-27T23:04:33.856-0400] {processor.py:829} INFO - Processing file /home/beau/airflow/py_env/lib/python3.10/site-packages/airflow/example_dags/example_latest_only_with_trigger.py for tasks to queue
[2023-09-27T23:04:33.857-0400] {logging_mixin.py:151} INFO - [2023-09-27T23:04:33.857-0400] {dagbag.py:539} INFO - Filling up the DagBag from /home/beau/airflow/py_env/lib/python3.10/site-packages/airflow/example_dags/example_latest_only_with_trigger.py
[2023-09-27T23:04:33.866-0400] {processor.py:839} INFO - DAG(s) dict_keys(['latest_only_with_trigger']) retrieved from /home/beau/airflow/py_env/lib/python3.10/site-packages/airflow/example_dags/example_latest_only_with_trigger.py
[2023-09-27T23:04:33.882-0400] {logging_mixin.py:151} INFO - [2023-09-27T23:04:33.882-0400] {dag.py:2915} INFO - Sync 1 DAGs
[2023-09-27T23:04:33.903-0400] {logging_mixin.py:151} INFO - [2023-09-27T23:04:33.903-0400] {dag.py:3696} INFO - Setting next_dagrun for latest_only_with_trigger to 2023-09-27T23:04:33.902945+00:00, run_after=2023-09-28T03:04:33.902945+00:00
[2023-09-27T23:04:33.927-0400] {processor.py:179} INFO - Processing /home/beau/airflow/py_env/lib/python3.10/site-packages/airflow/example_dags/example_latest_only_with_trigger.py took 0.079 seconds
[2023-09-27T23:05:26.023-0400] {processor.py:157} INFO - Started process (PID=23632) to work on /home/beau/airflow/py_env/lib/python3.10/site-packages/airflow/example_dags/example_latest_only_with_trigger.py
[2023-09-27T23:05:26.027-0400] {processor.py:829} INFO - Processing file /home/beau/airflow/py_env/lib/python3.10/site-packages/airflow/example_dags/example_latest_only_with_trigger.py for tasks to queue
[2023-09-27T23:05:26.028-0400] {logging_mixin.py:151} INFO - [2023-09-27T23:05:26.027-0400] {dagbag.py:539} INFO - Filling up the DagBag from /home/beau/airflow/py_env/lib/python3.10/site-packages/airflow/example_dags/example_latest_only_with_trigger.py
[2023-09-27T23:05:26.035-0400] {processor.py:839} INFO - DAG(s) dict_keys(['latest_only_with_trigger']) retrieved from /home/beau/airflow/py_env/lib/python3.10/site-packages/airflow/example_dags/example_latest_only_with_trigger.py
[2023-09-27T23:05:26.050-0400] {logging_mixin.py:151} INFO - [2023-09-27T23:05:26.050-0400] {dag.py:2915} INFO - Sync 1 DAGs
[2023-09-27T23:05:26.068-0400] {logging_mixin.py:151} INFO - [2023-09-27T23:05:26.067-0400] {dag.py:3696} INFO - Setting next_dagrun for latest_only_with_trigger to 2023-09-27T23:05:26.067769+00:00, run_after=2023-09-28T03:05:26.067769+00:00
[2023-09-27T23:05:26.091-0400] {processor.py:179} INFO - Processing /home/beau/airflow/py_env/lib/python3.10/site-packages/airflow/example_dags/example_latest_only_with_trigger.py took 0.070 seconds
[2023-09-27T23:06:24.310-0400] {processor.py:157} INFO - Started process (PID=23886) to work on /home/beau/airflow/py_env/lib/python3.10/site-packages/airflow/example_dags/example_latest_only_with_trigger.py
[2023-09-27T23:06:24.314-0400] {processor.py:829} INFO - Processing file /home/beau/airflow/py_env/lib/python3.10/site-packages/airflow/example_dags/example_latest_only_with_trigger.py for tasks to queue
[2023-09-27T23:06:24.315-0400] {logging_mixin.py:151} INFO - [2023-09-27T23:06:24.315-0400] {dagbag.py:539} INFO - Filling up the DagBag from /home/beau/airflow/py_env/lib/python3.10/site-packages/airflow/example_dags/example_latest_only_with_trigger.py
[2023-09-27T23:06:24.323-0400] {processor.py:839} INFO - DAG(s) dict_keys(['latest_only_with_trigger']) retrieved from /home/beau/airflow/py_env/lib/python3.10/site-packages/airflow/example_dags/example_latest_only_with_trigger.py
[2023-09-27T23:06:24.340-0400] {logging_mixin.py:151} INFO - [2023-09-27T23:06:24.340-0400] {dag.py:2915} INFO - Sync 1 DAGs
[2023-09-27T23:06:24.358-0400] {logging_mixin.py:151} INFO - [2023-09-27T23:06:24.358-0400] {dag.py:3696} INFO - Setting next_dagrun for latest_only_with_trigger to 2023-09-27T23:06:24.358191+00:00, run_after=2023-09-28T03:06:24.358191+00:00
[2023-09-27T23:06:24.385-0400] {processor.py:179} INFO - Processing /home/beau/airflow/py_env/lib/python3.10/site-packages/airflow/example_dags/example_latest_only_with_trigger.py took 0.078 seconds
[2023-09-27T23:07:25.134-0400] {processor.py:157} INFO - Started process (PID=24155) to work on /home/beau/airflow/py_env/lib/python3.10/site-packages/airflow/example_dags/example_latest_only_with_trigger.py
[2023-09-27T23:07:25.136-0400] {processor.py:829} INFO - Processing file /home/beau/airflow/py_env/lib/python3.10/site-packages/airflow/example_dags/example_latest_only_with_trigger.py for tasks to queue
[2023-09-27T23:07:25.137-0400] {logging_mixin.py:151} INFO - [2023-09-27T23:07:25.137-0400] {dagbag.py:539} INFO - Filling up the DagBag from /home/beau/airflow/py_env/lib/python3.10/site-packages/airflow/example_dags/example_latest_only_with_trigger.py
[2023-09-27T23:07:25.144-0400] {processor.py:839} INFO - DAG(s) dict_keys(['latest_only_with_trigger']) retrieved from /home/beau/airflow/py_env/lib/python3.10/site-packages/airflow/example_dags/example_latest_only_with_trigger.py
[2023-09-27T23:07:25.160-0400] {logging_mixin.py:151} INFO - [2023-09-27T23:07:25.159-0400] {dag.py:2915} INFO - Sync 1 DAGs
[2023-09-27T23:07:25.177-0400] {logging_mixin.py:151} INFO - [2023-09-27T23:07:25.177-0400] {dag.py:3696} INFO - Setting next_dagrun for latest_only_with_trigger to 2023-09-27T23:07:25.176951+00:00, run_after=2023-09-28T03:07:25.176951+00:00
[2023-09-27T23:07:25.200-0400] {processor.py:179} INFO - Processing /home/beau/airflow/py_env/lib/python3.10/site-packages/airflow/example_dags/example_latest_only_with_trigger.py took 0.070 seconds
[2023-09-27T23:08:28.129-0400] {processor.py:157} INFO - Started process (PID=24487) to work on /home/beau/airflow/py_env/lib/python3.10/site-packages/airflow/example_dags/example_latest_only_with_trigger.py
[2023-09-27T23:08:28.136-0400] {processor.py:829} INFO - Processing file /home/beau/airflow/py_env/lib/python3.10/site-packages/airflow/example_dags/example_latest_only_with_trigger.py for tasks to queue
[2023-09-27T23:08:28.139-0400] {logging_mixin.py:151} INFO - [2023-09-27T23:08:28.137-0400] {dagbag.py:539} INFO - Filling up the DagBag from /home/beau/airflow/py_env/lib/python3.10/site-packages/airflow/example_dags/example_latest_only_with_trigger.py
[2023-09-27T23:08:28.152-0400] {processor.py:839} INFO - DAG(s) dict_keys(['latest_only_with_trigger']) retrieved from /home/beau/airflow/py_env/lib/python3.10/site-packages/airflow/example_dags/example_latest_only_with_trigger.py
[2023-09-27T23:08:28.175-0400] {logging_mixin.py:151} INFO - [2023-09-27T23:08:28.175-0400] {dag.py:2915} INFO - Sync 1 DAGs
[2023-09-27T23:08:28.195-0400] {logging_mixin.py:151} INFO - [2023-09-27T23:08:28.195-0400] {dag.py:3696} INFO - Setting next_dagrun for latest_only_with_trigger to 2023-09-27T23:08:28.195224+00:00, run_after=2023-09-28T03:08:28.195224+00:00
[2023-09-27T23:08:28.226-0400] {processor.py:179} INFO - Processing /home/beau/airflow/py_env/lib/python3.10/site-packages/airflow/example_dags/example_latest_only_with_trigger.py took 0.110 seconds
[2023-09-27T23:09:25.650-0400] {processor.py:157} INFO - Started process (PID=24790) to work on /home/beau/airflow/py_env/lib/python3.10/site-packages/airflow/example_dags/example_latest_only_with_trigger.py
[2023-09-27T23:09:25.654-0400] {processor.py:829} INFO - Processing file /home/beau/airflow/py_env/lib/python3.10/site-packages/airflow/example_dags/example_latest_only_with_trigger.py for tasks to queue
[2023-09-27T23:09:25.656-0400] {logging_mixin.py:151} INFO - [2023-09-27T23:09:25.655-0400] {dagbag.py:539} INFO - Filling up the DagBag from /home/beau/airflow/py_env/lib/python3.10/site-packages/airflow/example_dags/example_latest_only_with_trigger.py
[2023-09-27T23:09:25.663-0400] {processor.py:839} INFO - DAG(s) dict_keys(['latest_only_with_trigger']) retrieved from /home/beau/airflow/py_env/lib/python3.10/site-packages/airflow/example_dags/example_latest_only_with_trigger.py
[2023-09-27T23:09:25.681-0400] {logging_mixin.py:151} INFO - [2023-09-27T23:09:25.681-0400] {dag.py:2915} INFO - Sync 1 DAGs
[2023-09-27T23:09:25.701-0400] {logging_mixin.py:151} INFO - [2023-09-27T23:09:25.700-0400] {dag.py:3696} INFO - Setting next_dagrun for latest_only_with_trigger to 2023-09-27T23:09:25.700804+00:00, run_after=2023-09-28T03:09:25.700804+00:00
[2023-09-27T23:09:25.725-0400] {processor.py:179} INFO - Processing /home/beau/airflow/py_env/lib/python3.10/site-packages/airflow/example_dags/example_latest_only_with_trigger.py took 0.082 seconds
[2023-09-27T23:10:22.009-0400] {processor.py:157} INFO - Started process (PID=25043) to work on /home/beau/airflow/py_env/lib/python3.10/site-packages/airflow/example_dags/example_latest_only_with_trigger.py
[2023-09-27T23:10:22.014-0400] {processor.py:829} INFO - Processing file /home/beau/airflow/py_env/lib/python3.10/site-packages/airflow/example_dags/example_latest_only_with_trigger.py for tasks to queue
[2023-09-27T23:10:22.016-0400] {logging_mixin.py:151} INFO - [2023-09-27T23:10:22.015-0400] {dagbag.py:539} INFO - Filling up the DagBag from /home/beau/airflow/py_env/lib/python3.10/site-packages/airflow/example_dags/example_latest_only_with_trigger.py
[2023-09-27T23:10:22.027-0400] {processor.py:839} INFO - DAG(s) dict_keys(['latest_only_with_trigger']) retrieved from /home/beau/airflow/py_env/lib/python3.10/site-packages/airflow/example_dags/example_latest_only_with_trigger.py
[2023-09-27T23:10:22.044-0400] {logging_mixin.py:151} INFO - [2023-09-27T23:10:22.044-0400] {dag.py:2915} INFO - Sync 1 DAGs
[2023-09-27T23:10:22.060-0400] {logging_mixin.py:151} INFO - [2023-09-27T23:10:22.060-0400] {dag.py:3696} INFO - Setting next_dagrun for latest_only_with_trigger to 2023-09-27T23:10:22.060197+00:00, run_after=2023-09-28T03:10:22.060197+00:00
[2023-09-27T23:10:22.087-0400] {processor.py:179} INFO - Processing /home/beau/airflow/py_env/lib/python3.10/site-packages/airflow/example_dags/example_latest_only_with_trigger.py took 0.085 seconds
[2023-09-27T23:11:21.901-0400] {processor.py:157} INFO - Started process (PID=25329) to work on /home/beau/airflow/py_env/lib/python3.10/site-packages/airflow/example_dags/example_latest_only_with_trigger.py
[2023-09-27T23:11:21.905-0400] {processor.py:829} INFO - Processing file /home/beau/airflow/py_env/lib/python3.10/site-packages/airflow/example_dags/example_latest_only_with_trigger.py for tasks to queue
[2023-09-27T23:11:21.907-0400] {logging_mixin.py:151} INFO - [2023-09-27T23:11:21.906-0400] {dagbag.py:539} INFO - Filling up the DagBag from /home/beau/airflow/py_env/lib/python3.10/site-packages/airflow/example_dags/example_latest_only_with_trigger.py
[2023-09-27T23:11:21.919-0400] {processor.py:839} INFO - DAG(s) dict_keys(['latest_only_with_trigger']) retrieved from /home/beau/airflow/py_env/lib/python3.10/site-packages/airflow/example_dags/example_latest_only_with_trigger.py
[2023-09-27T23:11:21.937-0400] {logging_mixin.py:151} INFO - [2023-09-27T23:11:21.936-0400] {dag.py:2915} INFO - Sync 1 DAGs
[2023-09-27T23:11:21.958-0400] {logging_mixin.py:151} INFO - [2023-09-27T23:11:21.957-0400] {dag.py:3696} INFO - Setting next_dagrun for latest_only_with_trigger to 2023-09-27T23:11:21.957618+00:00, run_after=2023-09-28T03:11:21.957618+00:00
[2023-09-27T23:11:21.988-0400] {processor.py:179} INFO - Processing /home/beau/airflow/py_env/lib/python3.10/site-packages/airflow/example_dags/example_latest_only_with_trigger.py took 0.094 seconds
[2023-09-27T23:12:19.158-0400] {processor.py:157} INFO - Started process (PID=25589) to work on /home/beau/airflow/py_env/lib/python3.10/site-packages/airflow/example_dags/example_latest_only_with_trigger.py
[2023-09-27T23:12:19.163-0400] {processor.py:829} INFO - Processing file /home/beau/airflow/py_env/lib/python3.10/site-packages/airflow/example_dags/example_latest_only_with_trigger.py for tasks to queue
[2023-09-27T23:12:19.164-0400] {logging_mixin.py:151} INFO - [2023-09-27T23:12:19.164-0400] {dagbag.py:539} INFO - Filling up the DagBag from /home/beau/airflow/py_env/lib/python3.10/site-packages/airflow/example_dags/example_latest_only_with_trigger.py
[2023-09-27T23:12:19.173-0400] {processor.py:839} INFO - DAG(s) dict_keys(['latest_only_with_trigger']) retrieved from /home/beau/airflow/py_env/lib/python3.10/site-packages/airflow/example_dags/example_latest_only_with_trigger.py
[2023-09-27T23:12:19.196-0400] {logging_mixin.py:151} INFO - [2023-09-27T23:12:19.196-0400] {dag.py:2915} INFO - Sync 1 DAGs
[2023-09-27T23:12:19.217-0400] {logging_mixin.py:151} INFO - [2023-09-27T23:12:19.217-0400] {dag.py:3696} INFO - Setting next_dagrun for latest_only_with_trigger to 2023-09-27T23:12:19.216807+00:00, run_after=2023-09-28T03:12:19.216807+00:00
[2023-09-27T23:12:19.246-0400] {processor.py:179} INFO - Processing /home/beau/airflow/py_env/lib/python3.10/site-packages/airflow/example_dags/example_latest_only_with_trigger.py took 0.092 seconds
[2023-09-27T23:13:14.551-0400] {processor.py:157} INFO - Started process (PID=25899) to work on /home/beau/airflow/py_env/lib/python3.10/site-packages/airflow/example_dags/example_latest_only_with_trigger.py
[2023-09-27T23:13:14.556-0400] {processor.py:829} INFO - Processing file /home/beau/airflow/py_env/lib/python3.10/site-packages/airflow/example_dags/example_latest_only_with_trigger.py for tasks to queue
[2023-09-27T23:13:14.557-0400] {logging_mixin.py:151} INFO - [2023-09-27T23:13:14.556-0400] {dagbag.py:539} INFO - Filling up the DagBag from /home/beau/airflow/py_env/lib/python3.10/site-packages/airflow/example_dags/example_latest_only_with_trigger.py
[2023-09-27T23:13:14.568-0400] {processor.py:839} INFO - DAG(s) dict_keys(['latest_only_with_trigger']) retrieved from /home/beau/airflow/py_env/lib/python3.10/site-packages/airflow/example_dags/example_latest_only_with_trigger.py
[2023-09-27T23:13:14.586-0400] {logging_mixin.py:151} INFO - [2023-09-27T23:13:14.586-0400] {dag.py:2915} INFO - Sync 1 DAGs
[2023-09-27T23:13:14.601-0400] {logging_mixin.py:151} INFO - [2023-09-27T23:13:14.601-0400] {dag.py:3696} INFO - Setting next_dagrun for latest_only_with_trigger to 2023-09-27T23:13:14.601126+00:00, run_after=2023-09-28T03:13:14.601126+00:00
[2023-09-27T23:13:14.624-0400] {processor.py:179} INFO - Processing /home/beau/airflow/py_env/lib/python3.10/site-packages/airflow/example_dags/example_latest_only_with_trigger.py took 0.078 seconds
[2023-09-27T23:14:07.665-0400] {processor.py:157} INFO - Started process (PID=26145) to work on /home/beau/airflow/py_env/lib/python3.10/site-packages/airflow/example_dags/example_latest_only_with_trigger.py
[2023-09-27T23:14:07.671-0400] {processor.py:829} INFO - Processing file /home/beau/airflow/py_env/lib/python3.10/site-packages/airflow/example_dags/example_latest_only_with_trigger.py for tasks to queue
[2023-09-27T23:14:07.673-0400] {logging_mixin.py:151} INFO - [2023-09-27T23:14:07.672-0400] {dagbag.py:539} INFO - Filling up the DagBag from /home/beau/airflow/py_env/lib/python3.10/site-packages/airflow/example_dags/example_latest_only_with_trigger.py
[2023-09-27T23:14:07.685-0400] {processor.py:839} INFO - DAG(s) dict_keys(['latest_only_with_trigger']) retrieved from /home/beau/airflow/py_env/lib/python3.10/site-packages/airflow/example_dags/example_latest_only_with_trigger.py
[2023-09-27T23:14:07.706-0400] {logging_mixin.py:151} INFO - [2023-09-27T23:14:07.706-0400] {dag.py:2915} INFO - Sync 1 DAGs
[2023-09-27T23:14:07.722-0400] {logging_mixin.py:151} INFO - [2023-09-27T23:14:07.722-0400] {dag.py:3696} INFO - Setting next_dagrun for latest_only_with_trigger to 2023-09-27T23:14:07.722037+00:00, run_after=2023-09-28T03:14:07.722037+00:00
[2023-09-27T23:14:07.747-0400] {processor.py:179} INFO - Processing /home/beau/airflow/py_env/lib/python3.10/site-packages/airflow/example_dags/example_latest_only_with_trigger.py took 0.092 seconds
[2023-09-27T23:15:00.683-0400] {processor.py:157} INFO - Started process (PID=26393) to work on /home/beau/airflow/py_env/lib/python3.10/site-packages/airflow/example_dags/example_latest_only_with_trigger.py
[2023-09-27T23:15:00.686-0400] {processor.py:829} INFO - Processing file /home/beau/airflow/py_env/lib/python3.10/site-packages/airflow/example_dags/example_latest_only_with_trigger.py for tasks to queue
[2023-09-27T23:15:00.687-0400] {logging_mixin.py:151} INFO - [2023-09-27T23:15:00.687-0400] {dagbag.py:539} INFO - Filling up the DagBag from /home/beau/airflow/py_env/lib/python3.10/site-packages/airflow/example_dags/example_latest_only_with_trigger.py
[2023-09-27T23:15:00.695-0400] {processor.py:839} INFO - DAG(s) dict_keys(['latest_only_with_trigger']) retrieved from /home/beau/airflow/py_env/lib/python3.10/site-packages/airflow/example_dags/example_latest_only_with_trigger.py
[2023-09-27T23:15:00.712-0400] {logging_mixin.py:151} INFO - [2023-09-27T23:15:00.712-0400] {dag.py:2915} INFO - Sync 1 DAGs
[2023-09-27T23:15:00.732-0400] {logging_mixin.py:151} INFO - [2023-09-27T23:15:00.732-0400] {dag.py:3696} INFO - Setting next_dagrun for latest_only_with_trigger to 2023-09-27T23:15:00.731683+00:00, run_after=2023-09-28T03:15:00.731683+00:00
[2023-09-27T23:15:00.758-0400] {processor.py:179} INFO - Processing /home/beau/airflow/py_env/lib/python3.10/site-packages/airflow/example_dags/example_latest_only_with_trigger.py took 0.079 seconds
[2023-09-27T23:15:57.692-0400] {processor.py:157} INFO - Started process (PID=26646) to work on /home/beau/airflow/py_env/lib/python3.10/site-packages/airflow/example_dags/example_latest_only_with_trigger.py
[2023-09-27T23:15:57.696-0400] {processor.py:829} INFO - Processing file /home/beau/airflow/py_env/lib/python3.10/site-packages/airflow/example_dags/example_latest_only_with_trigger.py for tasks to queue
[2023-09-27T23:15:57.697-0400] {logging_mixin.py:151} INFO - [2023-09-27T23:15:57.697-0400] {dagbag.py:539} INFO - Filling up the DagBag from /home/beau/airflow/py_env/lib/python3.10/site-packages/airflow/example_dags/example_latest_only_with_trigger.py
[2023-09-27T23:15:57.707-0400] {processor.py:839} INFO - DAG(s) dict_keys(['latest_only_with_trigger']) retrieved from /home/beau/airflow/py_env/lib/python3.10/site-packages/airflow/example_dags/example_latest_only_with_trigger.py
[2023-09-27T23:15:57.728-0400] {logging_mixin.py:151} INFO - [2023-09-27T23:15:57.728-0400] {dag.py:2915} INFO - Sync 1 DAGs
[2023-09-27T23:15:57.750-0400] {logging_mixin.py:151} INFO - [2023-09-27T23:15:57.749-0400] {dag.py:3696} INFO - Setting next_dagrun for latest_only_with_trigger to 2023-09-27T23:15:57.749676+00:00, run_after=2023-09-28T03:15:57.749676+00:00
[2023-09-27T23:15:57.779-0400] {processor.py:179} INFO - Processing /home/beau/airflow/py_env/lib/python3.10/site-packages/airflow/example_dags/example_latest_only_with_trigger.py took 0.092 seconds
[2023-09-27T23:16:53.468-0400] {processor.py:157} INFO - Started process (PID=26917) to work on /home/beau/airflow/py_env/lib/python3.10/site-packages/airflow/example_dags/example_latest_only_with_trigger.py
[2023-09-27T23:16:53.472-0400] {processor.py:829} INFO - Processing file /home/beau/airflow/py_env/lib/python3.10/site-packages/airflow/example_dags/example_latest_only_with_trigger.py for tasks to queue
[2023-09-27T23:16:53.473-0400] {logging_mixin.py:151} INFO - [2023-09-27T23:16:53.473-0400] {dagbag.py:539} INFO - Filling up the DagBag from /home/beau/airflow/py_env/lib/python3.10/site-packages/airflow/example_dags/example_latest_only_with_trigger.py
[2023-09-27T23:16:53.481-0400] {processor.py:839} INFO - DAG(s) dict_keys(['latest_only_with_trigger']) retrieved from /home/beau/airflow/py_env/lib/python3.10/site-packages/airflow/example_dags/example_latest_only_with_trigger.py
[2023-09-27T23:16:53.497-0400] {logging_mixin.py:151} INFO - [2023-09-27T23:16:53.497-0400] {dag.py:2915} INFO - Sync 1 DAGs
[2023-09-27T23:16:53.513-0400] {logging_mixin.py:151} INFO - [2023-09-27T23:16:53.513-0400] {dag.py:3696} INFO - Setting next_dagrun for latest_only_with_trigger to 2023-09-27T23:16:53.512953+00:00, run_after=2023-09-28T03:16:53.512953+00:00
[2023-09-27T23:16:53.538-0400] {processor.py:179} INFO - Processing /home/beau/airflow/py_env/lib/python3.10/site-packages/airflow/example_dags/example_latest_only_with_trigger.py took 0.073 seconds
[2023-09-27T23:17:48.666-0400] {processor.py:157} INFO - Started process (PID=27173) to work on /home/beau/airflow/py_env/lib/python3.10/site-packages/airflow/example_dags/example_latest_only_with_trigger.py
[2023-09-27T23:17:48.669-0400] {processor.py:829} INFO - Processing file /home/beau/airflow/py_env/lib/python3.10/site-packages/airflow/example_dags/example_latest_only_with_trigger.py for tasks to queue
[2023-09-27T23:17:48.671-0400] {logging_mixin.py:151} INFO - [2023-09-27T23:17:48.670-0400] {dagbag.py:539} INFO - Filling up the DagBag from /home/beau/airflow/py_env/lib/python3.10/site-packages/airflow/example_dags/example_latest_only_with_trigger.py
[2023-09-27T23:17:48.681-0400] {processor.py:839} INFO - DAG(s) dict_keys(['latest_only_with_trigger']) retrieved from /home/beau/airflow/py_env/lib/python3.10/site-packages/airflow/example_dags/example_latest_only_with_trigger.py
[2023-09-27T23:17:48.701-0400] {logging_mixin.py:151} INFO - [2023-09-27T23:17:48.701-0400] {dag.py:2915} INFO - Sync 1 DAGs
[2023-09-27T23:17:48.719-0400] {logging_mixin.py:151} INFO - [2023-09-27T23:17:48.719-0400] {dag.py:3696} INFO - Setting next_dagrun for latest_only_with_trigger to 2023-09-27T23:17:48.719057+00:00, run_after=2023-09-28T03:17:48.719057+00:00
[2023-09-27T23:17:48.750-0400] {processor.py:179} INFO - Processing /home/beau/airflow/py_env/lib/python3.10/site-packages/airflow/example_dags/example_latest_only_with_trigger.py took 0.089 seconds
[2023-09-27T23:18:42.282-0400] {processor.py:157} INFO - Started process (PID=27545) to work on /home/beau/airflow/py_env/lib/python3.10/site-packages/airflow/example_dags/example_latest_only_with_trigger.py
[2023-09-27T23:18:42.287-0400] {processor.py:829} INFO - Processing file /home/beau/airflow/py_env/lib/python3.10/site-packages/airflow/example_dags/example_latest_only_with_trigger.py for tasks to queue
[2023-09-27T23:18:42.288-0400] {logging_mixin.py:151} INFO - [2023-09-27T23:18:42.288-0400] {dagbag.py:539} INFO - Filling up the DagBag from /home/beau/airflow/py_env/lib/python3.10/site-packages/airflow/example_dags/example_latest_only_with_trigger.py
[2023-09-27T23:18:42.301-0400] {processor.py:839} INFO - DAG(s) dict_keys(['latest_only_with_trigger']) retrieved from /home/beau/airflow/py_env/lib/python3.10/site-packages/airflow/example_dags/example_latest_only_with_trigger.py
[2023-09-27T23:18:42.316-0400] {logging_mixin.py:151} INFO - [2023-09-27T23:18:42.315-0400] {dag.py:2915} INFO - Sync 1 DAGs
[2023-09-27T23:18:42.332-0400] {logging_mixin.py:151} INFO - [2023-09-27T23:18:42.332-0400] {dag.py:3696} INFO - Setting next_dagrun for latest_only_with_trigger to 2023-09-27T23:18:42.332495+00:00, run_after=2023-09-28T03:18:42.332495+00:00
[2023-09-27T23:18:42.362-0400] {processor.py:179} INFO - Processing /home/beau/airflow/py_env/lib/python3.10/site-packages/airflow/example_dags/example_latest_only_with_trigger.py took 0.087 seconds
[2023-09-27T23:19:34.940-0400] {processor.py:157} INFO - Started process (PID=28039) to work on /home/beau/airflow/py_env/lib/python3.10/site-packages/airflow/example_dags/example_latest_only_with_trigger.py
[2023-09-27T23:19:34.944-0400] {processor.py:829} INFO - Processing file /home/beau/airflow/py_env/lib/python3.10/site-packages/airflow/example_dags/example_latest_only_with_trigger.py for tasks to queue
[2023-09-27T23:19:34.947-0400] {logging_mixin.py:151} INFO - [2023-09-27T23:19:34.946-0400] {dagbag.py:539} INFO - Filling up the DagBag from /home/beau/airflow/py_env/lib/python3.10/site-packages/airflow/example_dags/example_latest_only_with_trigger.py
[2023-09-27T23:19:34.966-0400] {processor.py:839} INFO - DAG(s) dict_keys(['latest_only_with_trigger']) retrieved from /home/beau/airflow/py_env/lib/python3.10/site-packages/airflow/example_dags/example_latest_only_with_trigger.py
[2023-09-27T23:19:34.986-0400] {logging_mixin.py:151} INFO - [2023-09-27T23:19:34.985-0400] {dag.py:2915} INFO - Sync 1 DAGs
[2023-09-27T23:19:35.005-0400] {logging_mixin.py:151} INFO - [2023-09-27T23:19:35.005-0400] {dag.py:3696} INFO - Setting next_dagrun for latest_only_with_trigger to 2023-09-27T23:19:35.005335+00:00, run_after=2023-09-28T03:19:35.005335+00:00
[2023-09-27T23:19:35.039-0400] {processor.py:179} INFO - Processing /home/beau/airflow/py_env/lib/python3.10/site-packages/airflow/example_dags/example_latest_only_with_trigger.py took 0.103 seconds
[2023-09-27T23:20:31.130-0400] {processor.py:157} INFO - Started process (PID=28659) to work on /home/beau/airflow/py_env/lib/python3.10/site-packages/airflow/example_dags/example_latest_only_with_trigger.py
[2023-09-27T23:20:31.134-0400] {processor.py:829} INFO - Processing file /home/beau/airflow/py_env/lib/python3.10/site-packages/airflow/example_dags/example_latest_only_with_trigger.py for tasks to queue
[2023-09-27T23:20:31.136-0400] {logging_mixin.py:151} INFO - [2023-09-27T23:20:31.135-0400] {dagbag.py:539} INFO - Filling up the DagBag from /home/beau/airflow/py_env/lib/python3.10/site-packages/airflow/example_dags/example_latest_only_with_trigger.py
[2023-09-27T23:20:31.147-0400] {processor.py:839} INFO - DAG(s) dict_keys(['latest_only_with_trigger']) retrieved from /home/beau/airflow/py_env/lib/python3.10/site-packages/airflow/example_dags/example_latest_only_with_trigger.py
[2023-09-27T23:20:31.169-0400] {logging_mixin.py:151} INFO - [2023-09-27T23:20:31.169-0400] {dag.py:2915} INFO - Sync 1 DAGs
[2023-09-27T23:20:31.184-0400] {logging_mixin.py:151} INFO - [2023-09-27T23:20:31.183-0400] {dag.py:3696} INFO - Setting next_dagrun for latest_only_with_trigger to 2023-09-27T23:20:31.183688+00:00, run_after=2023-09-28T03:20:31.183688+00:00
[2023-09-27T23:20:31.206-0400] {processor.py:179} INFO - Processing /home/beau/airflow/py_env/lib/python3.10/site-packages/airflow/example_dags/example_latest_only_with_trigger.py took 0.081 seconds
[2023-09-27T23:21:30.207-0400] {processor.py:157} INFO - Started process (PID=29198) to work on /home/beau/airflow/py_env/lib/python3.10/site-packages/airflow/example_dags/example_latest_only_with_trigger.py
[2023-09-27T23:21:30.211-0400] {processor.py:829} INFO - Processing file /home/beau/airflow/py_env/lib/python3.10/site-packages/airflow/example_dags/example_latest_only_with_trigger.py for tasks to queue
[2023-09-27T23:21:30.213-0400] {logging_mixin.py:151} INFO - [2023-09-27T23:21:30.212-0400] {dagbag.py:539} INFO - Filling up the DagBag from /home/beau/airflow/py_env/lib/python3.10/site-packages/airflow/example_dags/example_latest_only_with_trigger.py
[2023-09-27T23:21:30.222-0400] {processor.py:839} INFO - DAG(s) dict_keys(['latest_only_with_trigger']) retrieved from /home/beau/airflow/py_env/lib/python3.10/site-packages/airflow/example_dags/example_latest_only_with_trigger.py
[2023-09-27T23:21:30.238-0400] {logging_mixin.py:151} INFO - [2023-09-27T23:21:30.237-0400] {dag.py:2915} INFO - Sync 1 DAGs
[2023-09-27T23:21:30.254-0400] {logging_mixin.py:151} INFO - [2023-09-27T23:21:30.254-0400] {dag.py:3696} INFO - Setting next_dagrun for latest_only_with_trigger to 2023-09-27T23:21:30.254051+00:00, run_after=2023-09-28T03:21:30.254051+00:00
[2023-09-27T23:21:30.277-0400] {processor.py:179} INFO - Processing /home/beau/airflow/py_env/lib/python3.10/site-packages/airflow/example_dags/example_latest_only_with_trigger.py took 0.077 seconds
[2023-09-27T23:22:27.445-0400] {processor.py:157} INFO - Started process (PID=29522) to work on /home/beau/airflow/py_env/lib/python3.10/site-packages/airflow/example_dags/example_latest_only_with_trigger.py
[2023-09-27T23:22:27.447-0400] {processor.py:829} INFO - Processing file /home/beau/airflow/py_env/lib/python3.10/site-packages/airflow/example_dags/example_latest_only_with_trigger.py for tasks to queue
[2023-09-27T23:22:27.449-0400] {logging_mixin.py:151} INFO - [2023-09-27T23:22:27.448-0400] {dagbag.py:539} INFO - Filling up the DagBag from /home/beau/airflow/py_env/lib/python3.10/site-packages/airflow/example_dags/example_latest_only_with_trigger.py
[2023-09-27T23:22:27.461-0400] {processor.py:839} INFO - DAG(s) dict_keys(['latest_only_with_trigger']) retrieved from /home/beau/airflow/py_env/lib/python3.10/site-packages/airflow/example_dags/example_latest_only_with_trigger.py
[2023-09-27T23:22:27.474-0400] {logging_mixin.py:151} INFO - [2023-09-27T23:22:27.474-0400] {dag.py:2915} INFO - Sync 1 DAGs
[2023-09-27T23:22:27.490-0400] {logging_mixin.py:151} INFO - [2023-09-27T23:22:27.490-0400] {dag.py:3696} INFO - Setting next_dagrun for latest_only_with_trigger to 2023-09-27T23:22:27.489856+00:00, run_after=2023-09-28T03:22:27.489856+00:00
[2023-09-27T23:22:27.512-0400] {processor.py:179} INFO - Processing /home/beau/airflow/py_env/lib/python3.10/site-packages/airflow/example_dags/example_latest_only_with_trigger.py took 0.074 seconds
[2023-09-27T23:23:27.224-0400] {processor.py:157} INFO - Started process (PID=30072) to work on /home/beau/airflow/py_env/lib/python3.10/site-packages/airflow/example_dags/example_latest_only_with_trigger.py
[2023-09-27T23:23:27.226-0400] {processor.py:829} INFO - Processing file /home/beau/airflow/py_env/lib/python3.10/site-packages/airflow/example_dags/example_latest_only_with_trigger.py for tasks to queue
[2023-09-27T23:23:27.227-0400] {logging_mixin.py:151} INFO - [2023-09-27T23:23:27.226-0400] {dagbag.py:539} INFO - Filling up the DagBag from /home/beau/airflow/py_env/lib/python3.10/site-packages/airflow/example_dags/example_latest_only_with_trigger.py
[2023-09-27T23:23:27.236-0400] {processor.py:839} INFO - DAG(s) dict_keys(['latest_only_with_trigger']) retrieved from /home/beau/airflow/py_env/lib/python3.10/site-packages/airflow/example_dags/example_latest_only_with_trigger.py
[2023-09-27T23:23:27.253-0400] {logging_mixin.py:151} INFO - [2023-09-27T23:23:27.253-0400] {dag.py:2915} INFO - Sync 1 DAGs
[2023-09-27T23:23:27.272-0400] {logging_mixin.py:151} INFO - [2023-09-27T23:23:27.272-0400] {dag.py:3696} INFO - Setting next_dagrun for latest_only_with_trigger to 2023-09-27T23:23:27.272462+00:00, run_after=2023-09-28T03:23:27.272462+00:00
[2023-09-27T23:23:27.301-0400] {processor.py:179} INFO - Processing /home/beau/airflow/py_env/lib/python3.10/site-packages/airflow/example_dags/example_latest_only_with_trigger.py took 0.079 seconds
