[2023-09-27T22:33:06.640-0400] {processor.py:157} INFO - Started process (PID=8225) to work on /home/beau/airflow/py_env/lib/python3.10/site-packages/airflow/example_dags/example_xcom.py
[2023-09-27T22:33:06.642-0400] {processor.py:829} INFO - Processing file /home/beau/airflow/py_env/lib/python3.10/site-packages/airflow/example_dags/example_xcom.py for tasks to queue
[2023-09-27T22:33:06.644-0400] {logging_mixin.py:151} INFO - [2023-09-27T22:33:06.643-0400] {dagbag.py:539} INFO - Filling up the DagBag from /home/beau/airflow/py_env/lib/python3.10/site-packages/airflow/example_dags/example_xcom.py
[2023-09-27T22:33:06.658-0400] {processor.py:839} INFO - DAG(s) dict_keys(['example_xcom']) retrieved from /home/beau/airflow/py_env/lib/python3.10/site-packages/airflow/example_dags/example_xcom.py
[2023-09-27T22:33:06.670-0400] {logging_mixin.py:151} INFO - [2023-09-27T22:33:06.669-0400] {dag.py:2915} INFO - Sync 1 DAGs
[2023-09-27T22:33:06.687-0400] {logging_mixin.py:151} INFO - [2023-09-27T22:33:06.687-0400] {dag.py:3696} INFO - Setting next_dagrun for example_xcom to 2021-01-01T00:00:00+00:00, run_after=2021-01-01T00:00:00+00:00
[2023-09-27T22:33:06.718-0400] {processor.py:179} INFO - Processing /home/beau/airflow/py_env/lib/python3.10/site-packages/airflow/example_dags/example_xcom.py took 0.084 seconds
[2023-09-27T22:33:54.496-0400] {processor.py:157} INFO - Started process (PID=8908) to work on /home/beau/airflow/py_env/lib/python3.10/site-packages/airflow/example_dags/example_xcom.py
[2023-09-27T22:33:54.497-0400] {processor.py:829} INFO - Processing file /home/beau/airflow/py_env/lib/python3.10/site-packages/airflow/example_dags/example_xcom.py for tasks to queue
[2023-09-27T22:33:54.499-0400] {logging_mixin.py:151} INFO - [2023-09-27T22:33:54.498-0400] {dagbag.py:539} INFO - Filling up the DagBag from /home/beau/airflow/py_env/lib/python3.10/site-packages/airflow/example_dags/example_xcom.py
[2023-09-27T22:33:54.510-0400] {processor.py:839} INFO - DAG(s) dict_keys(['example_xcom']) retrieved from /home/beau/airflow/py_env/lib/python3.10/site-packages/airflow/example_dags/example_xcom.py
[2023-09-27T22:33:54.531-0400] {logging_mixin.py:151} INFO - [2023-09-27T22:33:54.531-0400] {dag.py:2915} INFO - Sync 1 DAGs
[2023-09-27T22:33:54.553-0400] {logging_mixin.py:151} INFO - [2023-09-27T22:33:54.553-0400] {dag.py:3696} INFO - Setting next_dagrun for example_xcom to 2021-01-01T00:00:00+00:00, run_after=2021-01-01T00:00:00+00:00
[2023-09-27T22:33:54.586-0400] {processor.py:179} INFO - Processing /home/beau/airflow/py_env/lib/python3.10/site-packages/airflow/example_dags/example_xcom.py took 0.095 seconds
[2023-09-27T22:34:43.865-0400] {processor.py:157} INFO - Started process (PID=9085) to work on /home/beau/airflow/py_env/lib/python3.10/site-packages/airflow/example_dags/example_xcom.py
[2023-09-27T22:34:43.869-0400] {processor.py:829} INFO - Processing file /home/beau/airflow/py_env/lib/python3.10/site-packages/airflow/example_dags/example_xcom.py for tasks to queue
[2023-09-27T22:34:43.870-0400] {logging_mixin.py:151} INFO - [2023-09-27T22:34:43.869-0400] {dagbag.py:539} INFO - Filling up the DagBag from /home/beau/airflow/py_env/lib/python3.10/site-packages/airflow/example_dags/example_xcom.py
[2023-09-27T22:34:43.882-0400] {processor.py:839} INFO - DAG(s) dict_keys(['example_xcom']) retrieved from /home/beau/airflow/py_env/lib/python3.10/site-packages/airflow/example_dags/example_xcom.py
[2023-09-27T22:34:43.904-0400] {logging_mixin.py:151} INFO - [2023-09-27T22:34:43.904-0400] {dag.py:2915} INFO - Sync 1 DAGs
[2023-09-27T22:34:43.930-0400] {logging_mixin.py:151} INFO - [2023-09-27T22:34:43.930-0400] {dag.py:3696} INFO - Setting next_dagrun for example_xcom to 2021-01-01T00:00:00+00:00, run_after=2021-01-01T00:00:00+00:00
[2023-09-27T22:34:43.963-0400] {processor.py:179} INFO - Processing /home/beau/airflow/py_env/lib/python3.10/site-packages/airflow/example_dags/example_xcom.py took 0.101 seconds
[2023-09-27T22:35:30.242-0400] {processor.py:157} INFO - Started process (PID=9625) to work on /home/beau/airflow/py_env/lib/python3.10/site-packages/airflow/example_dags/example_xcom.py
[2023-09-27T22:35:30.246-0400] {processor.py:829} INFO - Processing file /home/beau/airflow/py_env/lib/python3.10/site-packages/airflow/example_dags/example_xcom.py for tasks to queue
[2023-09-27T22:35:30.247-0400] {logging_mixin.py:151} INFO - [2023-09-27T22:35:30.246-0400] {dagbag.py:539} INFO - Filling up the DagBag from /home/beau/airflow/py_env/lib/python3.10/site-packages/airflow/example_dags/example_xcom.py
[2023-09-27T22:35:30.253-0400] {processor.py:839} INFO - DAG(s) dict_keys(['example_xcom']) retrieved from /home/beau/airflow/py_env/lib/python3.10/site-packages/airflow/example_dags/example_xcom.py
[2023-09-27T22:35:30.273-0400] {logging_mixin.py:151} INFO - [2023-09-27T22:35:30.273-0400] {dag.py:2915} INFO - Sync 1 DAGs
[2023-09-27T22:35:30.436-0400] {logging_mixin.py:151} INFO - [2023-09-27T22:35:30.435-0400] {dag.py:3696} INFO - Setting next_dagrun for example_xcom to 2021-01-01T00:00:00+00:00, run_after=2021-01-01T00:00:00+00:00
[2023-09-27T22:35:30.483-0400] {processor.py:179} INFO - Processing /home/beau/airflow/py_env/lib/python3.10/site-packages/airflow/example_dags/example_xcom.py took 0.245 seconds
[2023-09-27T22:36:23.561-0400] {processor.py:157} INFO - Started process (PID=10344) to work on /home/beau/airflow/py_env/lib/python3.10/site-packages/airflow/example_dags/example_xcom.py
[2023-09-27T22:36:23.563-0400] {processor.py:829} INFO - Processing file /home/beau/airflow/py_env/lib/python3.10/site-packages/airflow/example_dags/example_xcom.py for tasks to queue
[2023-09-27T22:36:23.565-0400] {logging_mixin.py:151} INFO - [2023-09-27T22:36:23.564-0400] {dagbag.py:539} INFO - Filling up the DagBag from /home/beau/airflow/py_env/lib/python3.10/site-packages/airflow/example_dags/example_xcom.py
[2023-09-27T22:36:23.691-0400] {processor.py:839} INFO - DAG(s) dict_keys(['example_xcom']) retrieved from /home/beau/airflow/py_env/lib/python3.10/site-packages/airflow/example_dags/example_xcom.py
[2023-09-27T22:36:23.702-0400] {logging_mixin.py:151} INFO - [2023-09-27T22:36:23.701-0400] {dag.py:2915} INFO - Sync 1 DAGs
[2023-09-27T22:36:23.717-0400] {logging_mixin.py:151} INFO - [2023-09-27T22:36:23.717-0400] {dag.py:3696} INFO - Setting next_dagrun for example_xcom to 2021-01-01T00:00:00+00:00, run_after=2021-01-01T00:00:00+00:00
[2023-09-27T22:36:23.743-0400] {processor.py:179} INFO - Processing /home/beau/airflow/py_env/lib/python3.10/site-packages/airflow/example_dags/example_xcom.py took 0.186 seconds
[2023-09-27T22:37:09.924-0400] {processor.py:157} INFO - Started process (PID=10680) to work on /home/beau/airflow/py_env/lib/python3.10/site-packages/airflow/example_dags/example_xcom.py
[2023-09-27T22:37:09.925-0400] {processor.py:829} INFO - Processing file /home/beau/airflow/py_env/lib/python3.10/site-packages/airflow/example_dags/example_xcom.py for tasks to queue
[2023-09-27T22:37:09.926-0400] {logging_mixin.py:151} INFO - [2023-09-27T22:37:09.926-0400] {dagbag.py:539} INFO - Filling up the DagBag from /home/beau/airflow/py_env/lib/python3.10/site-packages/airflow/example_dags/example_xcom.py
[2023-09-27T22:37:09.935-0400] {processor.py:839} INFO - DAG(s) dict_keys(['example_xcom']) retrieved from /home/beau/airflow/py_env/lib/python3.10/site-packages/airflow/example_dags/example_xcom.py
[2023-09-27T22:37:09.954-0400] {logging_mixin.py:151} INFO - [2023-09-27T22:37:09.953-0400] {dag.py:2915} INFO - Sync 1 DAGs
[2023-09-27T22:37:09.976-0400] {logging_mixin.py:151} INFO - [2023-09-27T22:37:09.976-0400] {dag.py:3696} INFO - Setting next_dagrun for example_xcom to 2021-01-01T00:00:00+00:00, run_after=2021-01-01T00:00:00+00:00
[2023-09-27T22:37:10.004-0400] {processor.py:179} INFO - Processing /home/beau/airflow/py_env/lib/python3.10/site-packages/airflow/example_dags/example_xcom.py took 0.084 seconds
[2023-09-27T22:37:47.612-0400] {processor.py:157} INFO - Started process (PID=10989) to work on /home/beau/airflow/py_env/lib/python3.10/site-packages/airflow/example_dags/example_xcom.py
[2023-09-27T22:37:47.617-0400] {processor.py:829} INFO - Processing file /home/beau/airflow/py_env/lib/python3.10/site-packages/airflow/example_dags/example_xcom.py for tasks to queue
[2023-09-27T22:37:47.619-0400] {logging_mixin.py:151} INFO - [2023-09-27T22:37:47.618-0400] {dagbag.py:539} INFO - Filling up the DagBag from /home/beau/airflow/py_env/lib/python3.10/site-packages/airflow/example_dags/example_xcom.py
[2023-09-27T22:37:47.633-0400] {processor.py:839} INFO - DAG(s) dict_keys(['example_xcom']) retrieved from /home/beau/airflow/py_env/lib/python3.10/site-packages/airflow/example_dags/example_xcom.py
[2023-09-27T22:37:47.656-0400] {logging_mixin.py:151} INFO - [2023-09-27T22:37:47.655-0400] {dag.py:2915} INFO - Sync 1 DAGs
[2023-09-27T22:37:47.676-0400] {logging_mixin.py:151} INFO - [2023-09-27T22:37:47.676-0400] {dag.py:3696} INFO - Setting next_dagrun for example_xcom to 2021-01-01T00:00:00+00:00, run_after=2021-01-01T00:00:00+00:00
[2023-09-27T22:37:47.701-0400] {processor.py:179} INFO - Processing /home/beau/airflow/py_env/lib/python3.10/site-packages/airflow/example_dags/example_xcom.py took 0.095 seconds
[2023-09-27T22:38:27.342-0400] {processor.py:157} INFO - Started process (PID=11366) to work on /home/beau/airflow/py_env/lib/python3.10/site-packages/airflow/example_dags/example_xcom.py
[2023-09-27T22:38:27.346-0400] {processor.py:829} INFO - Processing file /home/beau/airflow/py_env/lib/python3.10/site-packages/airflow/example_dags/example_xcom.py for tasks to queue
[2023-09-27T22:38:27.347-0400] {logging_mixin.py:151} INFO - [2023-09-27T22:38:27.347-0400] {dagbag.py:539} INFO - Filling up the DagBag from /home/beau/airflow/py_env/lib/python3.10/site-packages/airflow/example_dags/example_xcom.py
[2023-09-27T22:38:27.355-0400] {processor.py:839} INFO - DAG(s) dict_keys(['example_xcom']) retrieved from /home/beau/airflow/py_env/lib/python3.10/site-packages/airflow/example_dags/example_xcom.py
[2023-09-27T22:38:27.375-0400] {logging_mixin.py:151} INFO - [2023-09-27T22:38:27.375-0400] {dag.py:2915} INFO - Sync 1 DAGs
[2023-09-27T22:38:27.401-0400] {logging_mixin.py:151} INFO - [2023-09-27T22:38:27.401-0400] {dag.py:3696} INFO - Setting next_dagrun for example_xcom to 2021-01-01T00:00:00+00:00, run_after=2021-01-01T00:00:00+00:00
[2023-09-27T22:38:27.431-0400] {processor.py:179} INFO - Processing /home/beau/airflow/py_env/lib/python3.10/site-packages/airflow/example_dags/example_xcom.py took 0.092 seconds
[2023-09-27T22:39:04.100-0400] {processor.py:157} INFO - Started process (PID=11723) to work on /home/beau/airflow/py_env/lib/python3.10/site-packages/airflow/example_dags/example_xcom.py
[2023-09-27T22:39:04.104-0400] {processor.py:829} INFO - Processing file /home/beau/airflow/py_env/lib/python3.10/site-packages/airflow/example_dags/example_xcom.py for tasks to queue
[2023-09-27T22:39:04.106-0400] {logging_mixin.py:151} INFO - [2023-09-27T22:39:04.105-0400] {dagbag.py:539} INFO - Filling up the DagBag from /home/beau/airflow/py_env/lib/python3.10/site-packages/airflow/example_dags/example_xcom.py
[2023-09-27T22:39:04.116-0400] {processor.py:839} INFO - DAG(s) dict_keys(['example_xcom']) retrieved from /home/beau/airflow/py_env/lib/python3.10/site-packages/airflow/example_dags/example_xcom.py
[2023-09-27T22:39:04.131-0400] {logging_mixin.py:151} INFO - [2023-09-27T22:39:04.131-0400] {dag.py:2915} INFO - Sync 1 DAGs
[2023-09-27T22:39:04.148-0400] {logging_mixin.py:151} INFO - [2023-09-27T22:39:04.148-0400] {dag.py:3696} INFO - Setting next_dagrun for example_xcom to 2021-01-01T00:00:00+00:00, run_after=2021-01-01T00:00:00+00:00
[2023-09-27T22:39:04.176-0400] {processor.py:179} INFO - Processing /home/beau/airflow/py_env/lib/python3.10/site-packages/airflow/example_dags/example_xcom.py took 0.080 seconds
[2023-09-27T22:39:59.591-0400] {processor.py:157} INFO - Started process (PID=12042) to work on /home/beau/airflow/py_env/lib/python3.10/site-packages/airflow/example_dags/example_xcom.py
[2023-09-27T22:39:59.596-0400] {processor.py:829} INFO - Processing file /home/beau/airflow/py_env/lib/python3.10/site-packages/airflow/example_dags/example_xcom.py for tasks to queue
[2023-09-27T22:39:59.598-0400] {logging_mixin.py:151} INFO - [2023-09-27T22:39:59.597-0400] {dagbag.py:539} INFO - Filling up the DagBag from /home/beau/airflow/py_env/lib/python3.10/site-packages/airflow/example_dags/example_xcom.py
[2023-09-27T22:39:59.611-0400] {processor.py:839} INFO - DAG(s) dict_keys(['example_xcom']) retrieved from /home/beau/airflow/py_env/lib/python3.10/site-packages/airflow/example_dags/example_xcom.py
[2023-09-27T22:39:59.634-0400] {logging_mixin.py:151} INFO - [2023-09-27T22:39:59.633-0400] {dag.py:2915} INFO - Sync 1 DAGs
[2023-09-27T22:39:59.655-0400] {logging_mixin.py:151} INFO - [2023-09-27T22:39:59.654-0400] {dag.py:3696} INFO - Setting next_dagrun for example_xcom to 2021-01-01T00:00:00+00:00, run_after=2021-01-01T00:00:00+00:00
[2023-09-27T22:39:59.688-0400] {processor.py:179} INFO - Processing /home/beau/airflow/py_env/lib/python3.10/site-packages/airflow/example_dags/example_xcom.py took 0.106 seconds
[2023-09-27T22:40:43.626-0400] {processor.py:157} INFO - Started process (PID=12191) to work on /home/beau/airflow/py_env/lib/python3.10/site-packages/airflow/example_dags/example_xcom.py
[2023-09-27T22:40:43.627-0400] {processor.py:829} INFO - Processing file /home/beau/airflow/py_env/lib/python3.10/site-packages/airflow/example_dags/example_xcom.py for tasks to queue
[2023-09-27T22:40:43.628-0400] {logging_mixin.py:151} INFO - [2023-09-27T22:40:43.628-0400] {dagbag.py:539} INFO - Filling up the DagBag from /home/beau/airflow/py_env/lib/python3.10/site-packages/airflow/example_dags/example_xcom.py
[2023-09-27T22:40:43.638-0400] {processor.py:839} INFO - DAG(s) dict_keys(['example_xcom']) retrieved from /home/beau/airflow/py_env/lib/python3.10/site-packages/airflow/example_dags/example_xcom.py
[2023-09-27T22:40:43.657-0400] {logging_mixin.py:151} INFO - [2023-09-27T22:40:43.657-0400] {dag.py:2915} INFO - Sync 1 DAGs
[2023-09-27T22:40:43.677-0400] {logging_mixin.py:151} INFO - [2023-09-27T22:40:43.677-0400] {dag.py:3696} INFO - Setting next_dagrun for example_xcom to 2021-01-01T00:00:00+00:00, run_after=2021-01-01T00:00:00+00:00
[2023-09-27T22:40:43.712-0400] {processor.py:179} INFO - Processing /home/beau/airflow/py_env/lib/python3.10/site-packages/airflow/example_dags/example_xcom.py took 0.095 seconds
[2023-09-27T22:41:20.868-0400] {processor.py:157} INFO - Started process (PID=12431) to work on /home/beau/airflow/py_env/lib/python3.10/site-packages/airflow/example_dags/example_xcom.py
[2023-09-27T22:41:20.872-0400] {processor.py:829} INFO - Processing file /home/beau/airflow/py_env/lib/python3.10/site-packages/airflow/example_dags/example_xcom.py for tasks to queue
[2023-09-27T22:41:20.873-0400] {logging_mixin.py:151} INFO - [2023-09-27T22:41:20.872-0400] {dagbag.py:539} INFO - Filling up the DagBag from /home/beau/airflow/py_env/lib/python3.10/site-packages/airflow/example_dags/example_xcom.py
[2023-09-27T22:41:20.880-0400] {processor.py:839} INFO - DAG(s) dict_keys(['example_xcom']) retrieved from /home/beau/airflow/py_env/lib/python3.10/site-packages/airflow/example_dags/example_xcom.py
[2023-09-27T22:41:20.896-0400] {logging_mixin.py:151} INFO - [2023-09-27T22:41:20.896-0400] {dag.py:2915} INFO - Sync 1 DAGs
[2023-09-27T22:41:20.913-0400] {logging_mixin.py:151} INFO - [2023-09-27T22:41:20.913-0400] {dag.py:3696} INFO - Setting next_dagrun for example_xcom to 2021-01-01T00:00:00+00:00, run_after=2021-01-01T00:00:00+00:00
[2023-09-27T22:41:20.938-0400] {processor.py:179} INFO - Processing /home/beau/airflow/py_env/lib/python3.10/site-packages/airflow/example_dags/example_xcom.py took 0.072 seconds
[2023-09-27T22:42:01.367-0400] {processor.py:157} INFO - Started process (PID=12701) to work on /home/beau/airflow/py_env/lib/python3.10/site-packages/airflow/example_dags/example_xcom.py
[2023-09-27T22:42:01.371-0400] {processor.py:829} INFO - Processing file /home/beau/airflow/py_env/lib/python3.10/site-packages/airflow/example_dags/example_xcom.py for tasks to queue
[2023-09-27T22:42:01.373-0400] {logging_mixin.py:151} INFO - [2023-09-27T22:42:01.372-0400] {dagbag.py:539} INFO - Filling up the DagBag from /home/beau/airflow/py_env/lib/python3.10/site-packages/airflow/example_dags/example_xcom.py
[2023-09-27T22:42:01.384-0400] {processor.py:839} INFO - DAG(s) dict_keys(['example_xcom']) retrieved from /home/beau/airflow/py_env/lib/python3.10/site-packages/airflow/example_dags/example_xcom.py
[2023-09-27T22:42:01.404-0400] {logging_mixin.py:151} INFO - [2023-09-27T22:42:01.404-0400] {dag.py:2915} INFO - Sync 1 DAGs
[2023-09-27T22:42:01.428-0400] {logging_mixin.py:151} INFO - [2023-09-27T22:42:01.427-0400] {dag.py:3696} INFO - Setting next_dagrun for example_xcom to 2021-01-01T00:00:00+00:00, run_after=2021-01-01T00:00:00+00:00
[2023-09-27T22:42:01.458-0400] {processor.py:179} INFO - Processing /home/beau/airflow/py_env/lib/python3.10/site-packages/airflow/example_dags/example_xcom.py took 0.095 seconds
[2023-09-27T22:42:40.930-0400] {processor.py:157} INFO - Started process (PID=12997) to work on /home/beau/airflow/py_env/lib/python3.10/site-packages/airflow/example_dags/example_xcom.py
[2023-09-27T22:42:40.934-0400] {processor.py:829} INFO - Processing file /home/beau/airflow/py_env/lib/python3.10/site-packages/airflow/example_dags/example_xcom.py for tasks to queue
[2023-09-27T22:42:40.935-0400] {logging_mixin.py:151} INFO - [2023-09-27T22:42:40.935-0400] {dagbag.py:539} INFO - Filling up the DagBag from /home/beau/airflow/py_env/lib/python3.10/site-packages/airflow/example_dags/example_xcom.py
[2023-09-27T22:42:40.946-0400] {processor.py:839} INFO - DAG(s) dict_keys(['example_xcom']) retrieved from /home/beau/airflow/py_env/lib/python3.10/site-packages/airflow/example_dags/example_xcom.py
[2023-09-27T22:42:40.966-0400] {logging_mixin.py:151} INFO - [2023-09-27T22:42:40.965-0400] {dag.py:2915} INFO - Sync 1 DAGs
[2023-09-27T22:42:40.982-0400] {logging_mixin.py:151} INFO - [2023-09-27T22:42:40.982-0400] {dag.py:3696} INFO - Setting next_dagrun for example_xcom to 2021-01-01T00:00:00+00:00, run_after=2021-01-01T00:00:00+00:00
[2023-09-27T22:42:41.007-0400] {processor.py:179} INFO - Processing /home/beau/airflow/py_env/lib/python3.10/site-packages/airflow/example_dags/example_xcom.py took 0.083 seconds
[2023-09-27T22:43:35.468-0400] {processor.py:157} INFO - Started process (PID=13427) to work on /home/beau/airflow/py_env/lib/python3.10/site-packages/airflow/example_dags/example_xcom.py
[2023-09-27T22:43:35.471-0400] {processor.py:829} INFO - Processing file /home/beau/airflow/py_env/lib/python3.10/site-packages/airflow/example_dags/example_xcom.py for tasks to queue
[2023-09-27T22:43:35.472-0400] {logging_mixin.py:151} INFO - [2023-09-27T22:43:35.472-0400] {dagbag.py:539} INFO - Filling up the DagBag from /home/beau/airflow/py_env/lib/python3.10/site-packages/airflow/example_dags/example_xcom.py
[2023-09-27T22:43:35.481-0400] {processor.py:839} INFO - DAG(s) dict_keys(['example_xcom']) retrieved from /home/beau/airflow/py_env/lib/python3.10/site-packages/airflow/example_dags/example_xcom.py
[2023-09-27T22:43:35.500-0400] {logging_mixin.py:151} INFO - [2023-09-27T22:43:35.500-0400] {dag.py:2915} INFO - Sync 1 DAGs
[2023-09-27T22:43:35.517-0400] {logging_mixin.py:151} INFO - [2023-09-27T22:43:35.517-0400] {dag.py:3696} INFO - Setting next_dagrun for example_xcom to 2021-01-01T00:00:00+00:00, run_after=2021-01-01T00:00:00+00:00
[2023-09-27T22:43:35.546-0400] {processor.py:179} INFO - Processing /home/beau/airflow/py_env/lib/python3.10/site-packages/airflow/example_dags/example_xcom.py took 0.083 seconds
[2023-09-27T22:44:16.186-0400] {processor.py:157} INFO - Started process (PID=13767) to work on /home/beau/airflow/py_env/lib/python3.10/site-packages/airflow/example_dags/example_xcom.py
[2023-09-27T22:44:16.188-0400] {processor.py:829} INFO - Processing file /home/beau/airflow/py_env/lib/python3.10/site-packages/airflow/example_dags/example_xcom.py for tasks to queue
[2023-09-27T22:44:16.190-0400] {logging_mixin.py:151} INFO - [2023-09-27T22:44:16.189-0400] {dagbag.py:539} INFO - Filling up the DagBag from /home/beau/airflow/py_env/lib/python3.10/site-packages/airflow/example_dags/example_xcom.py
[2023-09-27T22:44:16.201-0400] {processor.py:839} INFO - DAG(s) dict_keys(['example_xcom']) retrieved from /home/beau/airflow/py_env/lib/python3.10/site-packages/airflow/example_dags/example_xcom.py
[2023-09-27T22:44:16.222-0400] {logging_mixin.py:151} INFO - [2023-09-27T22:44:16.222-0400] {dag.py:2915} INFO - Sync 1 DAGs
[2023-09-27T22:44:16.241-0400] {logging_mixin.py:151} INFO - [2023-09-27T22:44:16.241-0400] {dag.py:3696} INFO - Setting next_dagrun for example_xcom to 2021-01-01T00:00:00+00:00, run_after=2021-01-01T00:00:00+00:00
[2023-09-27T22:44:16.265-0400] {processor.py:179} INFO - Processing /home/beau/airflow/py_env/lib/python3.10/site-packages/airflow/example_dags/example_xcom.py took 0.083 seconds
[2023-09-27T22:44:55.398-0400] {processor.py:157} INFO - Started process (PID=14149) to work on /home/beau/airflow/py_env/lib/python3.10/site-packages/airflow/example_dags/example_xcom.py
[2023-09-27T22:44:55.400-0400] {processor.py:829} INFO - Processing file /home/beau/airflow/py_env/lib/python3.10/site-packages/airflow/example_dags/example_xcom.py for tasks to queue
[2023-09-27T22:44:55.402-0400] {logging_mixin.py:151} INFO - [2023-09-27T22:44:55.401-0400] {dagbag.py:539} INFO - Filling up the DagBag from /home/beau/airflow/py_env/lib/python3.10/site-packages/airflow/example_dags/example_xcom.py
[2023-09-27T22:44:55.414-0400] {processor.py:839} INFO - DAG(s) dict_keys(['example_xcom']) retrieved from /home/beau/airflow/py_env/lib/python3.10/site-packages/airflow/example_dags/example_xcom.py
[2023-09-27T22:44:55.431-0400] {logging_mixin.py:151} INFO - [2023-09-27T22:44:55.431-0400] {dag.py:2915} INFO - Sync 1 DAGs
[2023-09-27T22:44:55.450-0400] {logging_mixin.py:151} INFO - [2023-09-27T22:44:55.450-0400] {dag.py:3696} INFO - Setting next_dagrun for example_xcom to 2021-01-01T00:00:00+00:00, run_after=2021-01-01T00:00:00+00:00
[2023-09-27T22:44:55.473-0400] {processor.py:179} INFO - Processing /home/beau/airflow/py_env/lib/python3.10/site-packages/airflow/example_dags/example_xcom.py took 0.080 seconds
[2023-09-27T22:45:49.957-0400] {processor.py:157} INFO - Started process (PID=14723) to work on /home/beau/airflow/py_env/lib/python3.10/site-packages/airflow/example_dags/example_xcom.py
[2023-09-27T22:45:49.959-0400] {processor.py:829} INFO - Processing file /home/beau/airflow/py_env/lib/python3.10/site-packages/airflow/example_dags/example_xcom.py for tasks to queue
[2023-09-27T22:45:49.960-0400] {logging_mixin.py:151} INFO - [2023-09-27T22:45:49.960-0400] {dagbag.py:539} INFO - Filling up the DagBag from /home/beau/airflow/py_env/lib/python3.10/site-packages/airflow/example_dags/example_xcom.py
[2023-09-27T22:45:49.973-0400] {processor.py:839} INFO - DAG(s) dict_keys(['example_xcom']) retrieved from /home/beau/airflow/py_env/lib/python3.10/site-packages/airflow/example_dags/example_xcom.py
[2023-09-27T22:45:49.995-0400] {logging_mixin.py:151} INFO - [2023-09-27T22:45:49.994-0400] {dag.py:2915} INFO - Sync 1 DAGs
[2023-09-27T22:45:50.021-0400] {logging_mixin.py:151} INFO - [2023-09-27T22:45:50.021-0400] {dag.py:3696} INFO - Setting next_dagrun for example_xcom to 2021-01-01T00:00:00+00:00, run_after=2021-01-01T00:00:00+00:00
[2023-09-27T22:45:50.057-0400] {processor.py:179} INFO - Processing /home/beau/airflow/py_env/lib/python3.10/site-packages/airflow/example_dags/example_xcom.py took 0.107 seconds
[2023-09-27T22:46:30.676-0400] {processor.py:157} INFO - Started process (PID=15203) to work on /home/beau/airflow/py_env/lib/python3.10/site-packages/airflow/example_dags/example_xcom.py
[2023-09-27T22:46:30.680-0400] {processor.py:829} INFO - Processing file /home/beau/airflow/py_env/lib/python3.10/site-packages/airflow/example_dags/example_xcom.py for tasks to queue
[2023-09-27T22:46:30.682-0400] {logging_mixin.py:151} INFO - [2023-09-27T22:46:30.681-0400] {dagbag.py:539} INFO - Filling up the DagBag from /home/beau/airflow/py_env/lib/python3.10/site-packages/airflow/example_dags/example_xcom.py
[2023-09-27T22:46:30.692-0400] {processor.py:839} INFO - DAG(s) dict_keys(['example_xcom']) retrieved from /home/beau/airflow/py_env/lib/python3.10/site-packages/airflow/example_dags/example_xcom.py
[2023-09-27T22:46:30.710-0400] {logging_mixin.py:151} INFO - [2023-09-27T22:46:30.710-0400] {dag.py:2915} INFO - Sync 1 DAGs
[2023-09-27T22:46:30.727-0400] {logging_mixin.py:151} INFO - [2023-09-27T22:46:30.727-0400] {dag.py:3696} INFO - Setting next_dagrun for example_xcom to 2021-01-01T00:00:00+00:00, run_after=2021-01-01T00:00:00+00:00
[2023-09-27T22:46:30.758-0400] {processor.py:179} INFO - Processing /home/beau/airflow/py_env/lib/python3.10/site-packages/airflow/example_dags/example_xcom.py took 0.087 seconds
[2023-09-27T22:47:11.186-0400] {processor.py:157} INFO - Started process (PID=15730) to work on /home/beau/airflow/py_env/lib/python3.10/site-packages/airflow/example_dags/example_xcom.py
[2023-09-27T22:47:11.189-0400] {processor.py:829} INFO - Processing file /home/beau/airflow/py_env/lib/python3.10/site-packages/airflow/example_dags/example_xcom.py for tasks to queue
[2023-09-27T22:47:11.190-0400] {logging_mixin.py:151} INFO - [2023-09-27T22:47:11.190-0400] {dagbag.py:539} INFO - Filling up the DagBag from /home/beau/airflow/py_env/lib/python3.10/site-packages/airflow/example_dags/example_xcom.py
[2023-09-27T22:47:11.199-0400] {processor.py:839} INFO - DAG(s) dict_keys(['example_xcom']) retrieved from /home/beau/airflow/py_env/lib/python3.10/site-packages/airflow/example_dags/example_xcom.py
[2023-09-27T22:47:11.228-0400] {logging_mixin.py:151} INFO - [2023-09-27T22:47:11.228-0400] {dag.py:2915} INFO - Sync 1 DAGs
[2023-09-27T22:47:11.265-0400] {logging_mixin.py:151} INFO - [2023-09-27T22:47:11.264-0400] {dag.py:3696} INFO - Setting next_dagrun for example_xcom to 2021-01-01T00:00:00+00:00, run_after=2021-01-01T00:00:00+00:00
[2023-09-27T22:47:11.321-0400] {processor.py:179} INFO - Processing /home/beau/airflow/py_env/lib/python3.10/site-packages/airflow/example_dags/example_xcom.py took 0.140 seconds
[2023-09-27T22:47:49.068-0400] {processor.py:157} INFO - Started process (PID=16115) to work on /home/beau/airflow/py_env/lib/python3.10/site-packages/airflow/example_dags/example_xcom.py
[2023-09-27T22:47:49.072-0400] {processor.py:829} INFO - Processing file /home/beau/airflow/py_env/lib/python3.10/site-packages/airflow/example_dags/example_xcom.py for tasks to queue
[2023-09-27T22:47:49.074-0400] {logging_mixin.py:151} INFO - [2023-09-27T22:47:49.073-0400] {dagbag.py:539} INFO - Filling up the DagBag from /home/beau/airflow/py_env/lib/python3.10/site-packages/airflow/example_dags/example_xcom.py
[2023-09-27T22:47:49.085-0400] {processor.py:839} INFO - DAG(s) dict_keys(['example_xcom']) retrieved from /home/beau/airflow/py_env/lib/python3.10/site-packages/airflow/example_dags/example_xcom.py
[2023-09-27T22:47:49.102-0400] {logging_mixin.py:151} INFO - [2023-09-27T22:47:49.101-0400] {dag.py:2915} INFO - Sync 1 DAGs
[2023-09-27T22:47:49.119-0400] {logging_mixin.py:151} INFO - [2023-09-27T22:47:49.119-0400] {dag.py:3696} INFO - Setting next_dagrun for example_xcom to 2021-01-01T00:00:00+00:00, run_after=2021-01-01T00:00:00+00:00
[2023-09-27T22:47:49.147-0400] {processor.py:179} INFO - Processing /home/beau/airflow/py_env/lib/python3.10/site-packages/airflow/example_dags/example_xcom.py took 0.083 seconds
[2023-09-27T22:48:29.413-0400] {processor.py:157} INFO - Started process (PID=16501) to work on /home/beau/airflow/py_env/lib/python3.10/site-packages/airflow/example_dags/example_xcom.py
[2023-09-27T22:48:29.417-0400] {processor.py:829} INFO - Processing file /home/beau/airflow/py_env/lib/python3.10/site-packages/airflow/example_dags/example_xcom.py for tasks to queue
[2023-09-27T22:48:29.418-0400] {logging_mixin.py:151} INFO - [2023-09-27T22:48:29.418-0400] {dagbag.py:539} INFO - Filling up the DagBag from /home/beau/airflow/py_env/lib/python3.10/site-packages/airflow/example_dags/example_xcom.py
[2023-09-27T22:48:29.426-0400] {processor.py:839} INFO - DAG(s) dict_keys(['example_xcom']) retrieved from /home/beau/airflow/py_env/lib/python3.10/site-packages/airflow/example_dags/example_xcom.py
[2023-09-27T22:48:29.442-0400] {logging_mixin.py:151} INFO - [2023-09-27T22:48:29.442-0400] {dag.py:2915} INFO - Sync 1 DAGs
[2023-09-27T22:48:29.459-0400] {logging_mixin.py:151} INFO - [2023-09-27T22:48:29.459-0400] {dag.py:3696} INFO - Setting next_dagrun for example_xcom to 2021-01-01T00:00:00+00:00, run_after=2021-01-01T00:00:00+00:00
[2023-09-27T22:48:29.483-0400] {processor.py:179} INFO - Processing /home/beau/airflow/py_env/lib/python3.10/site-packages/airflow/example_dags/example_xcom.py took 0.073 seconds
[2023-09-27T22:49:08.574-0400] {processor.py:157} INFO - Started process (PID=16858) to work on /home/beau/airflow/py_env/lib/python3.10/site-packages/airflow/example_dags/example_xcom.py
[2023-09-27T22:49:08.578-0400] {processor.py:829} INFO - Processing file /home/beau/airflow/py_env/lib/python3.10/site-packages/airflow/example_dags/example_xcom.py for tasks to queue
[2023-09-27T22:49:08.579-0400] {logging_mixin.py:151} INFO - [2023-09-27T22:49:08.579-0400] {dagbag.py:539} INFO - Filling up the DagBag from /home/beau/airflow/py_env/lib/python3.10/site-packages/airflow/example_dags/example_xcom.py
[2023-09-27T22:49:08.588-0400] {processor.py:839} INFO - DAG(s) dict_keys(['example_xcom']) retrieved from /home/beau/airflow/py_env/lib/python3.10/site-packages/airflow/example_dags/example_xcom.py
[2023-09-27T22:49:08.604-0400] {logging_mixin.py:151} INFO - [2023-09-27T22:49:08.604-0400] {dag.py:2915} INFO - Sync 1 DAGs
[2023-09-27T22:49:08.622-0400] {logging_mixin.py:151} INFO - [2023-09-27T22:49:08.622-0400] {dag.py:3696} INFO - Setting next_dagrun for example_xcom to 2021-01-01T00:00:00+00:00, run_after=2021-01-01T00:00:00+00:00
[2023-09-27T22:49:08.649-0400] {processor.py:179} INFO - Processing /home/beau/airflow/py_env/lib/python3.10/site-packages/airflow/example_dags/example_xcom.py took 0.078 seconds
[2023-09-27T22:49:47.044-0400] {processor.py:157} INFO - Started process (PID=17103) to work on /home/beau/airflow/py_env/lib/python3.10/site-packages/airflow/example_dags/example_xcom.py
[2023-09-27T22:49:47.046-0400] {processor.py:829} INFO - Processing file /home/beau/airflow/py_env/lib/python3.10/site-packages/airflow/example_dags/example_xcom.py for tasks to queue
[2023-09-27T22:49:47.047-0400] {logging_mixin.py:151} INFO - [2023-09-27T22:49:47.046-0400] {dagbag.py:539} INFO - Filling up the DagBag from /home/beau/airflow/py_env/lib/python3.10/site-packages/airflow/example_dags/example_xcom.py
[2023-09-27T22:49:47.054-0400] {processor.py:839} INFO - DAG(s) dict_keys(['example_xcom']) retrieved from /home/beau/airflow/py_env/lib/python3.10/site-packages/airflow/example_dags/example_xcom.py
[2023-09-27T22:49:47.071-0400] {logging_mixin.py:151} INFO - [2023-09-27T22:49:47.070-0400] {dag.py:2915} INFO - Sync 1 DAGs
[2023-09-27T22:49:47.088-0400] {logging_mixin.py:151} INFO - [2023-09-27T22:49:47.088-0400] {dag.py:3696} INFO - Setting next_dagrun for example_xcom to 2021-01-01T00:00:00+00:00, run_after=2021-01-01T00:00:00+00:00
[2023-09-27T22:49:47.112-0400] {processor.py:179} INFO - Processing /home/beau/airflow/py_env/lib/python3.10/site-packages/airflow/example_dags/example_xcom.py took 0.071 seconds
[2023-09-27T22:50:25.995-0400] {processor.py:157} INFO - Started process (PID=17272) to work on /home/beau/airflow/py_env/lib/python3.10/site-packages/airflow/example_dags/example_xcom.py
[2023-09-27T22:50:25.999-0400] {processor.py:829} INFO - Processing file /home/beau/airflow/py_env/lib/python3.10/site-packages/airflow/example_dags/example_xcom.py for tasks to queue
[2023-09-27T22:50:26.000-0400] {logging_mixin.py:151} INFO - [2023-09-27T22:50:26.000-0400] {dagbag.py:539} INFO - Filling up the DagBag from /home/beau/airflow/py_env/lib/python3.10/site-packages/airflow/example_dags/example_xcom.py
[2023-09-27T22:50:26.013-0400] {processor.py:839} INFO - DAG(s) dict_keys(['example_xcom']) retrieved from /home/beau/airflow/py_env/lib/python3.10/site-packages/airflow/example_dags/example_xcom.py
[2023-09-27T22:50:26.031-0400] {logging_mixin.py:151} INFO - [2023-09-27T22:50:26.030-0400] {dag.py:2915} INFO - Sync 1 DAGs
[2023-09-27T22:50:26.046-0400] {logging_mixin.py:151} INFO - [2023-09-27T22:50:26.046-0400] {dag.py:3696} INFO - Setting next_dagrun for example_xcom to 2021-01-01T00:00:00+00:00, run_after=2021-01-01T00:00:00+00:00
[2023-09-27T22:50:26.068-0400] {processor.py:179} INFO - Processing /home/beau/airflow/py_env/lib/python3.10/site-packages/airflow/example_dags/example_xcom.py took 0.079 seconds
[2023-09-27T22:51:19.667-0400] {processor.py:157} INFO - Started process (PID=17520) to work on /home/beau/airflow/py_env/lib/python3.10/site-packages/airflow/example_dags/example_xcom.py
[2023-09-27T22:51:19.671-0400] {processor.py:829} INFO - Processing file /home/beau/airflow/py_env/lib/python3.10/site-packages/airflow/example_dags/example_xcom.py for tasks to queue
[2023-09-27T22:51:19.673-0400] {logging_mixin.py:151} INFO - [2023-09-27T22:51:19.672-0400] {dagbag.py:539} INFO - Filling up the DagBag from /home/beau/airflow/py_env/lib/python3.10/site-packages/airflow/example_dags/example_xcom.py
[2023-09-27T22:51:19.683-0400] {processor.py:839} INFO - DAG(s) dict_keys(['example_xcom']) retrieved from /home/beau/airflow/py_env/lib/python3.10/site-packages/airflow/example_dags/example_xcom.py
[2023-09-27T22:51:19.702-0400] {logging_mixin.py:151} INFO - [2023-09-27T22:51:19.702-0400] {dag.py:2915} INFO - Sync 1 DAGs
[2023-09-27T22:51:19.717-0400] {logging_mixin.py:151} INFO - [2023-09-27T22:51:19.717-0400] {dag.py:3696} INFO - Setting next_dagrun for example_xcom to 2021-01-01T00:00:00+00:00, run_after=2021-01-01T00:00:00+00:00
[2023-09-27T22:51:19.744-0400] {processor.py:179} INFO - Processing /home/beau/airflow/py_env/lib/python3.10/site-packages/airflow/example_dags/example_xcom.py took 0.082 seconds
[2023-09-27T22:51:57.751-0400] {processor.py:157} INFO - Started process (PID=17713) to work on /home/beau/airflow/py_env/lib/python3.10/site-packages/airflow/example_dags/example_xcom.py
[2023-09-27T22:51:57.755-0400] {processor.py:829} INFO - Processing file /home/beau/airflow/py_env/lib/python3.10/site-packages/airflow/example_dags/example_xcom.py for tasks to queue
[2023-09-27T22:51:57.757-0400] {logging_mixin.py:151} INFO - [2023-09-27T22:51:57.756-0400] {dagbag.py:539} INFO - Filling up the DagBag from /home/beau/airflow/py_env/lib/python3.10/site-packages/airflow/example_dags/example_xcom.py
[2023-09-27T22:51:57.769-0400] {processor.py:839} INFO - DAG(s) dict_keys(['example_xcom']) retrieved from /home/beau/airflow/py_env/lib/python3.10/site-packages/airflow/example_dags/example_xcom.py
[2023-09-27T22:51:57.786-0400] {logging_mixin.py:151} INFO - [2023-09-27T22:51:57.786-0400] {dag.py:2915} INFO - Sync 1 DAGs
[2023-09-27T22:51:57.801-0400] {logging_mixin.py:151} INFO - [2023-09-27T22:51:57.801-0400] {dag.py:3696} INFO - Setting next_dagrun for example_xcom to 2021-01-01T00:00:00+00:00, run_after=2021-01-01T00:00:00+00:00
[2023-09-27T22:51:57.824-0400] {processor.py:179} INFO - Processing /home/beau/airflow/py_env/lib/python3.10/site-packages/airflow/example_dags/example_xcom.py took 0.079 seconds
[2023-09-27T22:52:34.289-0400] {processor.py:157} INFO - Started process (PID=17840) to work on /home/beau/airflow/py_env/lib/python3.10/site-packages/airflow/example_dags/example_xcom.py
[2023-09-27T22:52:34.294-0400] {processor.py:829} INFO - Processing file /home/beau/airflow/py_env/lib/python3.10/site-packages/airflow/example_dags/example_xcom.py for tasks to queue
[2023-09-27T22:52:34.296-0400] {logging_mixin.py:151} INFO - [2023-09-27T22:52:34.295-0400] {dagbag.py:539} INFO - Filling up the DagBag from /home/beau/airflow/py_env/lib/python3.10/site-packages/airflow/example_dags/example_xcom.py
[2023-09-27T22:52:34.310-0400] {processor.py:839} INFO - DAG(s) dict_keys(['example_xcom']) retrieved from /home/beau/airflow/py_env/lib/python3.10/site-packages/airflow/example_dags/example_xcom.py
[2023-09-27T22:52:34.335-0400] {logging_mixin.py:151} INFO - [2023-09-27T22:52:34.334-0400] {dag.py:2915} INFO - Sync 1 DAGs
[2023-09-27T22:52:34.349-0400] {logging_mixin.py:151} INFO - [2023-09-27T22:52:34.349-0400] {dag.py:3696} INFO - Setting next_dagrun for example_xcom to 2021-01-01T00:00:00+00:00, run_after=2021-01-01T00:00:00+00:00
[2023-09-27T22:52:34.376-0400] {processor.py:179} INFO - Processing /home/beau/airflow/py_env/lib/python3.10/site-packages/airflow/example_dags/example_xcom.py took 0.095 seconds
[2023-09-27T22:53:26.442-0400] {processor.py:157} INFO - Started process (PID=18326) to work on /home/beau/airflow/py_env/lib/python3.10/site-packages/airflow/example_dags/example_xcom.py
[2023-09-27T22:53:26.447-0400] {processor.py:829} INFO - Processing file /home/beau/airflow/py_env/lib/python3.10/site-packages/airflow/example_dags/example_xcom.py for tasks to queue
[2023-09-27T22:53:26.448-0400] {logging_mixin.py:151} INFO - [2023-09-27T22:53:26.447-0400] {dagbag.py:539} INFO - Filling up the DagBag from /home/beau/airflow/py_env/lib/python3.10/site-packages/airflow/example_dags/example_xcom.py
[2023-09-27T22:53:26.458-0400] {processor.py:839} INFO - DAG(s) dict_keys(['example_xcom']) retrieved from /home/beau/airflow/py_env/lib/python3.10/site-packages/airflow/example_dags/example_xcom.py
[2023-09-27T22:53:26.482-0400] {logging_mixin.py:151} INFO - [2023-09-27T22:53:26.481-0400] {dag.py:2915} INFO - Sync 1 DAGs
[2023-09-27T22:53:26.514-0400] {logging_mixin.py:151} INFO - [2023-09-27T22:53:26.514-0400] {dag.py:3696} INFO - Setting next_dagrun for example_xcom to 2021-01-01T00:00:00+00:00, run_after=2021-01-01T00:00:00+00:00
[2023-09-27T22:53:26.537-0400] {processor.py:179} INFO - Processing /home/beau/airflow/py_env/lib/python3.10/site-packages/airflow/example_dags/example_xcom.py took 0.104 seconds
[2023-09-27T22:54:19.882-0400] {processor.py:157} INFO - Started process (PID=18924) to work on /home/beau/airflow/py_env/lib/python3.10/site-packages/airflow/example_dags/example_xcom.py
[2023-09-27T22:54:19.887-0400] {processor.py:829} INFO - Processing file /home/beau/airflow/py_env/lib/python3.10/site-packages/airflow/example_dags/example_xcom.py for tasks to queue
[2023-09-27T22:54:19.889-0400] {logging_mixin.py:151} INFO - [2023-09-27T22:54:19.888-0400] {dagbag.py:539} INFO - Filling up the DagBag from /home/beau/airflow/py_env/lib/python3.10/site-packages/airflow/example_dags/example_xcom.py
[2023-09-27T22:54:19.903-0400] {processor.py:839} INFO - DAG(s) dict_keys(['example_xcom']) retrieved from /home/beau/airflow/py_env/lib/python3.10/site-packages/airflow/example_dags/example_xcom.py
[2023-09-27T22:54:19.931-0400] {logging_mixin.py:151} INFO - [2023-09-27T22:54:19.931-0400] {dag.py:2915} INFO - Sync 1 DAGs
[2023-09-27T22:54:19.946-0400] {logging_mixin.py:151} INFO - [2023-09-27T22:54:19.946-0400] {dag.py:3696} INFO - Setting next_dagrun for example_xcom to 2021-01-01T00:00:00+00:00, run_after=2021-01-01T00:00:00+00:00
[2023-09-27T22:54:19.974-0400] {processor.py:179} INFO - Processing /home/beau/airflow/py_env/lib/python3.10/site-packages/airflow/example_dags/example_xcom.py took 0.098 seconds
[2023-09-27T22:54:58.323-0400] {processor.py:157} INFO - Started process (PID=19302) to work on /home/beau/airflow/py_env/lib/python3.10/site-packages/airflow/example_dags/example_xcom.py
[2023-09-27T22:54:58.327-0400] {processor.py:829} INFO - Processing file /home/beau/airflow/py_env/lib/python3.10/site-packages/airflow/example_dags/example_xcom.py for tasks to queue
[2023-09-27T22:54:58.329-0400] {logging_mixin.py:151} INFO - [2023-09-27T22:54:58.328-0400] {dagbag.py:539} INFO - Filling up the DagBag from /home/beau/airflow/py_env/lib/python3.10/site-packages/airflow/example_dags/example_xcom.py
[2023-09-27T22:54:58.344-0400] {processor.py:839} INFO - DAG(s) dict_keys(['example_xcom']) retrieved from /home/beau/airflow/py_env/lib/python3.10/site-packages/airflow/example_dags/example_xcom.py
[2023-09-27T22:54:58.363-0400] {logging_mixin.py:151} INFO - [2023-09-27T22:54:58.363-0400] {dag.py:2915} INFO - Sync 1 DAGs
[2023-09-27T22:54:58.381-0400] {logging_mixin.py:151} INFO - [2023-09-27T22:54:58.381-0400] {dag.py:3696} INFO - Setting next_dagrun for example_xcom to 2021-01-01T00:00:00+00:00, run_after=2021-01-01T00:00:00+00:00
[2023-09-27T22:54:58.407-0400] {processor.py:179} INFO - Processing /home/beau/airflow/py_env/lib/python3.10/site-packages/airflow/example_dags/example_xcom.py took 0.091 seconds
[2023-09-27T22:55:55.069-0400] {processor.py:157} INFO - Started process (PID=19706) to work on /home/beau/airflow/py_env/lib/python3.10/site-packages/airflow/example_dags/example_xcom.py
[2023-09-27T22:55:55.073-0400] {processor.py:829} INFO - Processing file /home/beau/airflow/py_env/lib/python3.10/site-packages/airflow/example_dags/example_xcom.py for tasks to queue
[2023-09-27T22:55:55.075-0400] {logging_mixin.py:151} INFO - [2023-09-27T22:55:55.075-0400] {dagbag.py:539} INFO - Filling up the DagBag from /home/beau/airflow/py_env/lib/python3.10/site-packages/airflow/example_dags/example_xcom.py
[2023-09-27T22:55:55.083-0400] {processor.py:839} INFO - DAG(s) dict_keys(['example_xcom']) retrieved from /home/beau/airflow/py_env/lib/python3.10/site-packages/airflow/example_dags/example_xcom.py
[2023-09-27T22:55:55.100-0400] {logging_mixin.py:151} INFO - [2023-09-27T22:55:55.100-0400] {dag.py:2915} INFO - Sync 1 DAGs
[2023-09-27T22:55:55.118-0400] {logging_mixin.py:151} INFO - [2023-09-27T22:55:55.118-0400] {dag.py:3696} INFO - Setting next_dagrun for example_xcom to 2021-01-01T00:00:00+00:00, run_after=2021-01-01T00:00:00+00:00
[2023-09-27T22:55:55.145-0400] {processor.py:179} INFO - Processing /home/beau/airflow/py_env/lib/python3.10/site-packages/airflow/example_dags/example_xcom.py took 0.083 seconds
[2023-09-27T22:56:33.888-0400] {processor.py:157} INFO - Started process (PID=20123) to work on /home/beau/airflow/py_env/lib/python3.10/site-packages/airflow/example_dags/example_xcom.py
[2023-09-27T22:56:33.893-0400] {processor.py:829} INFO - Processing file /home/beau/airflow/py_env/lib/python3.10/site-packages/airflow/example_dags/example_xcom.py for tasks to queue
[2023-09-27T22:56:33.895-0400] {logging_mixin.py:151} INFO - [2023-09-27T22:56:33.894-0400] {dagbag.py:539} INFO - Filling up the DagBag from /home/beau/airflow/py_env/lib/python3.10/site-packages/airflow/example_dags/example_xcom.py
[2023-09-27T22:56:33.910-0400] {processor.py:839} INFO - DAG(s) dict_keys(['example_xcom']) retrieved from /home/beau/airflow/py_env/lib/python3.10/site-packages/airflow/example_dags/example_xcom.py
[2023-09-27T22:56:33.928-0400] {logging_mixin.py:151} INFO - [2023-09-27T22:56:33.928-0400] {dag.py:2915} INFO - Sync 1 DAGs
[2023-09-27T22:56:33.949-0400] {logging_mixin.py:151} INFO - [2023-09-27T22:56:33.948-0400] {dag.py:3696} INFO - Setting next_dagrun for example_xcom to 2021-01-01T00:00:00+00:00, run_after=2021-01-01T00:00:00+00:00
[2023-09-27T22:56:33.977-0400] {processor.py:179} INFO - Processing /home/beau/airflow/py_env/lib/python3.10/site-packages/airflow/example_dags/example_xcom.py took 0.096 seconds
[2023-09-27T22:57:20.633-0400] {processor.py:157} INFO - Started process (PID=20556) to work on /home/beau/airflow/py_env/lib/python3.10/site-packages/airflow/example_dags/example_xcom.py
[2023-09-27T22:57:20.638-0400] {processor.py:829} INFO - Processing file /home/beau/airflow/py_env/lib/python3.10/site-packages/airflow/example_dags/example_xcom.py for tasks to queue
[2023-09-27T22:57:20.639-0400] {logging_mixin.py:151} INFO - [2023-09-27T22:57:20.639-0400] {dagbag.py:539} INFO - Filling up the DagBag from /home/beau/airflow/py_env/lib/python3.10/site-packages/airflow/example_dags/example_xcom.py
[2023-09-27T22:57:20.655-0400] {processor.py:839} INFO - DAG(s) dict_keys(['example_xcom']) retrieved from /home/beau/airflow/py_env/lib/python3.10/site-packages/airflow/example_dags/example_xcom.py
[2023-09-27T22:57:20.675-0400] {logging_mixin.py:151} INFO - [2023-09-27T22:57:20.675-0400] {dag.py:2915} INFO - Sync 1 DAGs
[2023-09-27T22:57:20.703-0400] {logging_mixin.py:151} INFO - [2023-09-27T22:57:20.702-0400] {dag.py:3696} INFO - Setting next_dagrun for example_xcom to 2021-01-01T00:00:00+00:00, run_after=2021-01-01T00:00:00+00:00
[2023-09-27T22:57:20.729-0400] {processor.py:179} INFO - Processing /home/beau/airflow/py_env/lib/python3.10/site-packages/airflow/example_dags/example_xcom.py took 0.102 seconds
[2023-09-27T22:58:10.259-0400] {processor.py:157} INFO - Started process (PID=21086) to work on /home/beau/airflow/py_env/lib/python3.10/site-packages/airflow/example_dags/example_xcom.py
[2023-09-27T22:58:10.263-0400] {processor.py:829} INFO - Processing file /home/beau/airflow/py_env/lib/python3.10/site-packages/airflow/example_dags/example_xcom.py for tasks to queue
[2023-09-27T22:58:10.264-0400] {logging_mixin.py:151} INFO - [2023-09-27T22:58:10.264-0400] {dagbag.py:539} INFO - Filling up the DagBag from /home/beau/airflow/py_env/lib/python3.10/site-packages/airflow/example_dags/example_xcom.py
[2023-09-27T22:58:10.277-0400] {processor.py:839} INFO - DAG(s) dict_keys(['example_xcom']) retrieved from /home/beau/airflow/py_env/lib/python3.10/site-packages/airflow/example_dags/example_xcom.py
[2023-09-27T22:58:10.293-0400] {logging_mixin.py:151} INFO - [2023-09-27T22:58:10.293-0400] {dag.py:2915} INFO - Sync 1 DAGs
[2023-09-27T22:58:10.308-0400] {logging_mixin.py:151} INFO - [2023-09-27T22:58:10.308-0400] {dag.py:3696} INFO - Setting next_dagrun for example_xcom to 2021-01-01T00:00:00+00:00, run_after=2021-01-01T00:00:00+00:00
[2023-09-27T22:58:10.331-0400] {processor.py:179} INFO - Processing /home/beau/airflow/py_env/lib/python3.10/site-packages/airflow/example_dags/example_xcom.py took 0.079 seconds
[2023-09-27T22:58:47.702-0400] {processor.py:157} INFO - Started process (PID=21398) to work on /home/beau/airflow/py_env/lib/python3.10/site-packages/airflow/example_dags/example_xcom.py
[2023-09-27T22:58:47.707-0400] {processor.py:829} INFO - Processing file /home/beau/airflow/py_env/lib/python3.10/site-packages/airflow/example_dags/example_xcom.py for tasks to queue
[2023-09-27T22:58:47.709-0400] {logging_mixin.py:151} INFO - [2023-09-27T22:58:47.708-0400] {dagbag.py:539} INFO - Filling up the DagBag from /home/beau/airflow/py_env/lib/python3.10/site-packages/airflow/example_dags/example_xcom.py
[2023-09-27T22:58:47.721-0400] {processor.py:839} INFO - DAG(s) dict_keys(['example_xcom']) retrieved from /home/beau/airflow/py_env/lib/python3.10/site-packages/airflow/example_dags/example_xcom.py
[2023-09-27T22:58:47.743-0400] {logging_mixin.py:151} INFO - [2023-09-27T22:58:47.743-0400] {dag.py:2915} INFO - Sync 1 DAGs
[2023-09-27T22:58:47.771-0400] {logging_mixin.py:151} INFO - [2023-09-27T22:58:47.771-0400] {dag.py:3696} INFO - Setting next_dagrun for example_xcom to 2021-01-01T00:00:00+00:00, run_after=2021-01-01T00:00:00+00:00
[2023-09-27T22:58:47.799-0400] {processor.py:179} INFO - Processing /home/beau/airflow/py_env/lib/python3.10/site-packages/airflow/example_dags/example_xcom.py took 0.102 seconds
[2023-09-27T22:59:24.841-0400] {processor.py:157} INFO - Started process (PID=21699) to work on /home/beau/airflow/py_env/lib/python3.10/site-packages/airflow/example_dags/example_xcom.py
[2023-09-27T22:59:24.846-0400] {processor.py:829} INFO - Processing file /home/beau/airflow/py_env/lib/python3.10/site-packages/airflow/example_dags/example_xcom.py for tasks to queue
[2023-09-27T22:59:24.847-0400] {logging_mixin.py:151} INFO - [2023-09-27T22:59:24.847-0400] {dagbag.py:539} INFO - Filling up the DagBag from /home/beau/airflow/py_env/lib/python3.10/site-packages/airflow/example_dags/example_xcom.py
[2023-09-27T22:59:24.858-0400] {processor.py:839} INFO - DAG(s) dict_keys(['example_xcom']) retrieved from /home/beau/airflow/py_env/lib/python3.10/site-packages/airflow/example_dags/example_xcom.py
[2023-09-27T22:59:24.873-0400] {logging_mixin.py:151} INFO - [2023-09-27T22:59:24.873-0400] {dag.py:2915} INFO - Sync 1 DAGs
[2023-09-27T22:59:24.893-0400] {logging_mixin.py:151} INFO - [2023-09-27T22:59:24.892-0400] {dag.py:3696} INFO - Setting next_dagrun for example_xcom to 2021-01-01T00:00:00+00:00, run_after=2021-01-01T00:00:00+00:00
[2023-09-27T22:59:24.921-0400] {processor.py:179} INFO - Processing /home/beau/airflow/py_env/lib/python3.10/site-packages/airflow/example_dags/example_xcom.py took 0.086 seconds
[2023-09-27T23:00:03.257-0400] {processor.py:157} INFO - Started process (PID=21893) to work on /home/beau/airflow/py_env/lib/python3.10/site-packages/airflow/example_dags/example_xcom.py
[2023-09-27T23:00:03.259-0400] {processor.py:829} INFO - Processing file /home/beau/airflow/py_env/lib/python3.10/site-packages/airflow/example_dags/example_xcom.py for tasks to queue
[2023-09-27T23:00:03.260-0400] {logging_mixin.py:151} INFO - [2023-09-27T23:00:03.260-0400] {dagbag.py:539} INFO - Filling up the DagBag from /home/beau/airflow/py_env/lib/python3.10/site-packages/airflow/example_dags/example_xcom.py
[2023-09-27T23:00:03.270-0400] {processor.py:839} INFO - DAG(s) dict_keys(['example_xcom']) retrieved from /home/beau/airflow/py_env/lib/python3.10/site-packages/airflow/example_dags/example_xcom.py
[2023-09-27T23:00:03.290-0400] {logging_mixin.py:151} INFO - [2023-09-27T23:00:03.290-0400] {dag.py:2915} INFO - Sync 1 DAGs
[2023-09-27T23:00:03.305-0400] {logging_mixin.py:151} INFO - [2023-09-27T23:00:03.305-0400] {dag.py:3696} INFO - Setting next_dagrun for example_xcom to 2021-01-01T00:00:00+00:00, run_after=2021-01-01T00:00:00+00:00
[2023-09-27T23:00:03.328-0400] {processor.py:179} INFO - Processing /home/beau/airflow/py_env/lib/python3.10/site-packages/airflow/example_dags/example_xcom.py took 0.075 seconds
[2023-09-27T23:00:55.380-0400] {processor.py:157} INFO - Started process (PID=22133) to work on /home/beau/airflow/py_env/lib/python3.10/site-packages/airflow/example_dags/example_xcom.py
[2023-09-27T23:00:55.382-0400] {processor.py:829} INFO - Processing file /home/beau/airflow/py_env/lib/python3.10/site-packages/airflow/example_dags/example_xcom.py for tasks to queue
[2023-09-27T23:00:55.383-0400] {logging_mixin.py:151} INFO - [2023-09-27T23:00:55.383-0400] {dagbag.py:539} INFO - Filling up the DagBag from /home/beau/airflow/py_env/lib/python3.10/site-packages/airflow/example_dags/example_xcom.py
[2023-09-27T23:00:55.395-0400] {processor.py:839} INFO - DAG(s) dict_keys(['example_xcom']) retrieved from /home/beau/airflow/py_env/lib/python3.10/site-packages/airflow/example_dags/example_xcom.py
[2023-09-27T23:00:55.415-0400] {logging_mixin.py:151} INFO - [2023-09-27T23:00:55.415-0400] {dag.py:2915} INFO - Sync 1 DAGs
[2023-09-27T23:00:55.430-0400] {logging_mixin.py:151} INFO - [2023-09-27T23:00:55.430-0400] {dag.py:3696} INFO - Setting next_dagrun for example_xcom to 2021-01-01T00:00:00+00:00, run_after=2021-01-01T00:00:00+00:00
[2023-09-27T23:00:55.452-0400] {processor.py:179} INFO - Processing /home/beau/airflow/py_env/lib/python3.10/site-packages/airflow/example_dags/example_xcom.py took 0.078 seconds
[2023-09-27T23:01:48.414-0400] {processor.py:157} INFO - Started process (PID=22378) to work on /home/beau/airflow/py_env/lib/python3.10/site-packages/airflow/example_dags/example_xcom.py
[2023-09-27T23:01:48.416-0400] {processor.py:829} INFO - Processing file /home/beau/airflow/py_env/lib/python3.10/site-packages/airflow/example_dags/example_xcom.py for tasks to queue
[2023-09-27T23:01:48.417-0400] {logging_mixin.py:151} INFO - [2023-09-27T23:01:48.417-0400] {dagbag.py:539} INFO - Filling up the DagBag from /home/beau/airflow/py_env/lib/python3.10/site-packages/airflow/example_dags/example_xcom.py
[2023-09-27T23:01:48.425-0400] {processor.py:839} INFO - DAG(s) dict_keys(['example_xcom']) retrieved from /home/beau/airflow/py_env/lib/python3.10/site-packages/airflow/example_dags/example_xcom.py
[2023-09-27T23:01:48.441-0400] {logging_mixin.py:151} INFO - [2023-09-27T23:01:48.441-0400] {dag.py:2915} INFO - Sync 1 DAGs
[2023-09-27T23:01:48.459-0400] {logging_mixin.py:151} INFO - [2023-09-27T23:01:48.459-0400] {dag.py:3696} INFO - Setting next_dagrun for example_xcom to 2021-01-01T00:00:00+00:00, run_after=2021-01-01T00:00:00+00:00
[2023-09-27T23:01:48.483-0400] {processor.py:179} INFO - Processing /home/beau/airflow/py_env/lib/python3.10/site-packages/airflow/example_dags/example_xcom.py took 0.071 seconds
[2023-09-27T23:02:41.883-0400] {processor.py:157} INFO - Started process (PID=22564) to work on /home/beau/airflow/py_env/lib/python3.10/site-packages/airflow/example_dags/example_xcom.py
[2023-09-27T23:02:41.886-0400] {processor.py:829} INFO - Processing file /home/beau/airflow/py_env/lib/python3.10/site-packages/airflow/example_dags/example_xcom.py for tasks to queue
[2023-09-27T23:02:41.887-0400] {logging_mixin.py:151} INFO - [2023-09-27T23:02:41.887-0400] {dagbag.py:539} INFO - Filling up the DagBag from /home/beau/airflow/py_env/lib/python3.10/site-packages/airflow/example_dags/example_xcom.py
[2023-09-27T23:02:41.901-0400] {processor.py:839} INFO - DAG(s) dict_keys(['example_xcom']) retrieved from /home/beau/airflow/py_env/lib/python3.10/site-packages/airflow/example_dags/example_xcom.py
[2023-09-27T23:02:41.915-0400] {logging_mixin.py:151} INFO - [2023-09-27T23:02:41.915-0400] {dag.py:2915} INFO - Sync 1 DAGs
[2023-09-27T23:02:41.930-0400] {logging_mixin.py:151} INFO - [2023-09-27T23:02:41.930-0400] {dag.py:3696} INFO - Setting next_dagrun for example_xcom to 2021-01-01T00:00:00+00:00, run_after=2021-01-01T00:00:00+00:00
[2023-09-27T23:02:41.952-0400] {processor.py:179} INFO - Processing /home/beau/airflow/py_env/lib/python3.10/site-packages/airflow/example_dags/example_xcom.py took 0.075 seconds
[2023-09-27T23:03:29.019-0400] {processor.py:157} INFO - Started process (PID=22856) to work on /home/beau/airflow/py_env/lib/python3.10/site-packages/airflow/example_dags/example_xcom.py
[2023-09-27T23:03:29.024-0400] {processor.py:829} INFO - Processing file /home/beau/airflow/py_env/lib/python3.10/site-packages/airflow/example_dags/example_xcom.py for tasks to queue
[2023-09-27T23:03:29.026-0400] {logging_mixin.py:151} INFO - [2023-09-27T23:03:29.025-0400] {dagbag.py:539} INFO - Filling up the DagBag from /home/beau/airflow/py_env/lib/python3.10/site-packages/airflow/example_dags/example_xcom.py
[2023-09-27T23:03:29.035-0400] {processor.py:839} INFO - DAG(s) dict_keys(['example_xcom']) retrieved from /home/beau/airflow/py_env/lib/python3.10/site-packages/airflow/example_dags/example_xcom.py
[2023-09-27T23:03:29.051-0400] {logging_mixin.py:151} INFO - [2023-09-27T23:03:29.051-0400] {dag.py:2915} INFO - Sync 1 DAGs
[2023-09-27T23:03:29.070-0400] {logging_mixin.py:151} INFO - [2023-09-27T23:03:29.070-0400] {dag.py:3696} INFO - Setting next_dagrun for example_xcom to 2021-01-01T00:00:00+00:00, run_after=2021-01-01T00:00:00+00:00
[2023-09-27T23:03:29.095-0400] {processor.py:179} INFO - Processing /home/beau/airflow/py_env/lib/python3.10/site-packages/airflow/example_dags/example_xcom.py took 0.081 seconds
[2023-09-27T23:04:21.137-0400] {processor.py:157} INFO - Started process (PID=23344) to work on /home/beau/airflow/py_env/lib/python3.10/site-packages/airflow/example_dags/example_xcom.py
[2023-09-27T23:04:21.140-0400] {processor.py:829} INFO - Processing file /home/beau/airflow/py_env/lib/python3.10/site-packages/airflow/example_dags/example_xcom.py for tasks to queue
[2023-09-27T23:04:21.142-0400] {logging_mixin.py:151} INFO - [2023-09-27T23:04:21.141-0400] {dagbag.py:539} INFO - Filling up the DagBag from /home/beau/airflow/py_env/lib/python3.10/site-packages/airflow/example_dags/example_xcom.py
[2023-09-27T23:04:21.157-0400] {processor.py:839} INFO - DAG(s) dict_keys(['example_xcom']) retrieved from /home/beau/airflow/py_env/lib/python3.10/site-packages/airflow/example_dags/example_xcom.py
[2023-09-27T23:04:21.172-0400] {logging_mixin.py:151} INFO - [2023-09-27T23:04:21.172-0400] {dag.py:2915} INFO - Sync 1 DAGs
[2023-09-27T23:04:21.187-0400] {logging_mixin.py:151} INFO - [2023-09-27T23:04:21.187-0400] {dag.py:3696} INFO - Setting next_dagrun for example_xcom to 2021-01-01T00:00:00+00:00, run_after=2021-01-01T00:00:00+00:00
[2023-09-27T23:04:21.210-0400] {processor.py:179} INFO - Processing /home/beau/airflow/py_env/lib/python3.10/site-packages/airflow/example_dags/example_xcom.py took 0.079 seconds
[2023-09-27T23:04:57.551-0400] {processor.py:157} INFO - Started process (PID=23532) to work on /home/beau/airflow/py_env/lib/python3.10/site-packages/airflow/example_dags/example_xcom.py
[2023-09-27T23:04:57.554-0400] {processor.py:829} INFO - Processing file /home/beau/airflow/py_env/lib/python3.10/site-packages/airflow/example_dags/example_xcom.py for tasks to queue
[2023-09-27T23:04:57.556-0400] {logging_mixin.py:151} INFO - [2023-09-27T23:04:57.555-0400] {dagbag.py:539} INFO - Filling up the DagBag from /home/beau/airflow/py_env/lib/python3.10/site-packages/airflow/example_dags/example_xcom.py
[2023-09-27T23:04:57.565-0400] {processor.py:839} INFO - DAG(s) dict_keys(['example_xcom']) retrieved from /home/beau/airflow/py_env/lib/python3.10/site-packages/airflow/example_dags/example_xcom.py
[2023-09-27T23:04:57.585-0400] {logging_mixin.py:151} INFO - [2023-09-27T23:04:57.585-0400] {dag.py:2915} INFO - Sync 1 DAGs
[2023-09-27T23:04:57.616-0400] {logging_mixin.py:151} INFO - [2023-09-27T23:04:57.615-0400] {dag.py:3696} INFO - Setting next_dagrun for example_xcom to 2021-01-01T00:00:00+00:00, run_after=2021-01-01T00:00:00+00:00
[2023-09-27T23:04:57.661-0400] {processor.py:179} INFO - Processing /home/beau/airflow/py_env/lib/python3.10/site-packages/airflow/example_dags/example_xcom.py took 0.114 seconds
[2023-09-27T23:05:52.779-0400] {processor.py:157} INFO - Started process (PID=23778) to work on /home/beau/airflow/py_env/lib/python3.10/site-packages/airflow/example_dags/example_xcom.py
[2023-09-27T23:05:52.782-0400] {processor.py:829} INFO - Processing file /home/beau/airflow/py_env/lib/python3.10/site-packages/airflow/example_dags/example_xcom.py for tasks to queue
[2023-09-27T23:05:52.784-0400] {logging_mixin.py:151} INFO - [2023-09-27T23:05:52.783-0400] {dagbag.py:539} INFO - Filling up the DagBag from /home/beau/airflow/py_env/lib/python3.10/site-packages/airflow/example_dags/example_xcom.py
[2023-09-27T23:05:52.796-0400] {processor.py:839} INFO - DAG(s) dict_keys(['example_xcom']) retrieved from /home/beau/airflow/py_env/lib/python3.10/site-packages/airflow/example_dags/example_xcom.py
[2023-09-27T23:05:52.822-0400] {logging_mixin.py:151} INFO - [2023-09-27T23:05:52.822-0400] {dag.py:2915} INFO - Sync 1 DAGs
[2023-09-27T23:05:52.843-0400] {logging_mixin.py:151} INFO - [2023-09-27T23:05:52.842-0400] {dag.py:3696} INFO - Setting next_dagrun for example_xcom to 2021-01-01T00:00:00+00:00, run_after=2021-01-01T00:00:00+00:00
[2023-09-27T23:05:52.873-0400] {processor.py:179} INFO - Processing /home/beau/airflow/py_env/lib/python3.10/site-packages/airflow/example_dags/example_xcom.py took 0.099 seconds
[2023-09-27T23:06:32.347-0400] {processor.py:157} INFO - Started process (PID=23912) to work on /home/beau/airflow/py_env/lib/python3.10/site-packages/airflow/example_dags/example_xcom.py
[2023-09-27T23:06:32.351-0400] {processor.py:829} INFO - Processing file /home/beau/airflow/py_env/lib/python3.10/site-packages/airflow/example_dags/example_xcom.py for tasks to queue
[2023-09-27T23:06:32.353-0400] {logging_mixin.py:151} INFO - [2023-09-27T23:06:32.353-0400] {dagbag.py:539} INFO - Filling up the DagBag from /home/beau/airflow/py_env/lib/python3.10/site-packages/airflow/example_dags/example_xcom.py
[2023-09-27T23:06:32.369-0400] {processor.py:839} INFO - DAG(s) dict_keys(['example_xcom']) retrieved from /home/beau/airflow/py_env/lib/python3.10/site-packages/airflow/example_dags/example_xcom.py
[2023-09-27T23:06:32.389-0400] {logging_mixin.py:151} INFO - [2023-09-27T23:06:32.389-0400] {dag.py:2915} INFO - Sync 1 DAGs
[2023-09-27T23:06:32.410-0400] {logging_mixin.py:151} INFO - [2023-09-27T23:06:32.410-0400] {dag.py:3696} INFO - Setting next_dagrun for example_xcom to 2021-01-01T00:00:00+00:00, run_after=2021-01-01T00:00:00+00:00
[2023-09-27T23:06:32.438-0400] {processor.py:179} INFO - Processing /home/beau/airflow/py_env/lib/python3.10/site-packages/airflow/example_dags/example_xcom.py took 0.099 seconds
[2023-09-27T23:07:13.561-0400] {processor.py:157} INFO - Started process (PID=24114) to work on /home/beau/airflow/py_env/lib/python3.10/site-packages/airflow/example_dags/example_xcom.py
[2023-09-27T23:07:13.565-0400] {processor.py:829} INFO - Processing file /home/beau/airflow/py_env/lib/python3.10/site-packages/airflow/example_dags/example_xcom.py for tasks to queue
[2023-09-27T23:07:13.567-0400] {logging_mixin.py:151} INFO - [2023-09-27T23:07:13.566-0400] {dagbag.py:539} INFO - Filling up the DagBag from /home/beau/airflow/py_env/lib/python3.10/site-packages/airflow/example_dags/example_xcom.py
[2023-09-27T23:07:13.576-0400] {processor.py:839} INFO - DAG(s) dict_keys(['example_xcom']) retrieved from /home/beau/airflow/py_env/lib/python3.10/site-packages/airflow/example_dags/example_xcom.py
[2023-09-27T23:07:13.594-0400] {logging_mixin.py:151} INFO - [2023-09-27T23:07:13.594-0400] {dag.py:2915} INFO - Sync 1 DAGs
[2023-09-27T23:07:13.612-0400] {logging_mixin.py:151} INFO - [2023-09-27T23:07:13.612-0400] {dag.py:3696} INFO - Setting next_dagrun for example_xcom to 2021-01-01T00:00:00+00:00, run_after=2021-01-01T00:00:00+00:00
[2023-09-27T23:07:13.636-0400] {processor.py:179} INFO - Processing /home/beau/airflow/py_env/lib/python3.10/site-packages/airflow/example_dags/example_xcom.py took 0.081 seconds
[2023-09-27T23:07:54.284-0400] {processor.py:157} INFO - Started process (PID=24374) to work on /home/beau/airflow/py_env/lib/python3.10/site-packages/airflow/example_dags/example_xcom.py
[2023-09-27T23:07:54.288-0400] {processor.py:829} INFO - Processing file /home/beau/airflow/py_env/lib/python3.10/site-packages/airflow/example_dags/example_xcom.py for tasks to queue
[2023-09-27T23:07:54.289-0400] {logging_mixin.py:151} INFO - [2023-09-27T23:07:54.289-0400] {dagbag.py:539} INFO - Filling up the DagBag from /home/beau/airflow/py_env/lib/python3.10/site-packages/airflow/example_dags/example_xcom.py
[2023-09-27T23:07:54.299-0400] {processor.py:839} INFO - DAG(s) dict_keys(['example_xcom']) retrieved from /home/beau/airflow/py_env/lib/python3.10/site-packages/airflow/example_dags/example_xcom.py
[2023-09-27T23:07:54.324-0400] {logging_mixin.py:151} INFO - [2023-09-27T23:07:54.323-0400] {dag.py:2915} INFO - Sync 1 DAGs
[2023-09-27T23:07:54.347-0400] {logging_mixin.py:151} INFO - [2023-09-27T23:07:54.346-0400] {dag.py:3696} INFO - Setting next_dagrun for example_xcom to 2021-01-01T00:00:00+00:00, run_after=2021-01-01T00:00:00+00:00
[2023-09-27T23:07:54.386-0400] {processor.py:179} INFO - Processing /home/beau/airflow/py_env/lib/python3.10/site-packages/airflow/example_dags/example_xcom.py took 0.109 seconds
[2023-09-27T23:08:36.172-0400] {processor.py:157} INFO - Started process (PID=24513) to work on /home/beau/airflow/py_env/lib/python3.10/site-packages/airflow/example_dags/example_xcom.py
[2023-09-27T23:08:36.174-0400] {processor.py:829} INFO - Processing file /home/beau/airflow/py_env/lib/python3.10/site-packages/airflow/example_dags/example_xcom.py for tasks to queue
[2023-09-27T23:08:36.175-0400] {logging_mixin.py:151} INFO - [2023-09-27T23:08:36.175-0400] {dagbag.py:539} INFO - Filling up the DagBag from /home/beau/airflow/py_env/lib/python3.10/site-packages/airflow/example_dags/example_xcom.py
[2023-09-27T23:08:36.184-0400] {processor.py:839} INFO - DAG(s) dict_keys(['example_xcom']) retrieved from /home/beau/airflow/py_env/lib/python3.10/site-packages/airflow/example_dags/example_xcom.py
[2023-09-27T23:08:36.205-0400] {logging_mixin.py:151} INFO - [2023-09-27T23:08:36.205-0400] {dag.py:2915} INFO - Sync 1 DAGs
[2023-09-27T23:08:36.226-0400] {logging_mixin.py:151} INFO - [2023-09-27T23:08:36.226-0400] {dag.py:3696} INFO - Setting next_dagrun for example_xcom to 2021-01-01T00:00:00+00:00, run_after=2021-01-01T00:00:00+00:00
[2023-09-27T23:08:36.256-0400] {processor.py:179} INFO - Processing /home/beau/airflow/py_env/lib/python3.10/site-packages/airflow/example_dags/example_xcom.py took 0.088 seconds
[2023-09-27T23:09:15.333-0400] {processor.py:157} INFO - Started process (PID=24755) to work on /home/beau/airflow/py_env/lib/python3.10/site-packages/airflow/example_dags/example_xcom.py
[2023-09-27T23:09:15.336-0400] {processor.py:829} INFO - Processing file /home/beau/airflow/py_env/lib/python3.10/site-packages/airflow/example_dags/example_xcom.py for tasks to queue
[2023-09-27T23:09:15.338-0400] {logging_mixin.py:151} INFO - [2023-09-27T23:09:15.337-0400] {dagbag.py:539} INFO - Filling up the DagBag from /home/beau/airflow/py_env/lib/python3.10/site-packages/airflow/example_dags/example_xcom.py
[2023-09-27T23:09:15.348-0400] {processor.py:839} INFO - DAG(s) dict_keys(['example_xcom']) retrieved from /home/beau/airflow/py_env/lib/python3.10/site-packages/airflow/example_dags/example_xcom.py
[2023-09-27T23:09:15.365-0400] {logging_mixin.py:151} INFO - [2023-09-27T23:09:15.364-0400] {dag.py:2915} INFO - Sync 1 DAGs
[2023-09-27T23:09:15.382-0400] {logging_mixin.py:151} INFO - [2023-09-27T23:09:15.382-0400] {dag.py:3696} INFO - Setting next_dagrun for example_xcom to 2021-01-01T00:00:00+00:00, run_after=2021-01-01T00:00:00+00:00
[2023-09-27T23:09:15.406-0400] {processor.py:179} INFO - Processing /home/beau/airflow/py_env/lib/python3.10/site-packages/airflow/example_dags/example_xcom.py took 0.079 seconds
[2023-09-27T23:10:10.408-0400] {processor.py:157} INFO - Started process (PID=25005) to work on /home/beau/airflow/py_env/lib/python3.10/site-packages/airflow/example_dags/example_xcom.py
[2023-09-27T23:10:10.410-0400] {processor.py:829} INFO - Processing file /home/beau/airflow/py_env/lib/python3.10/site-packages/airflow/example_dags/example_xcom.py for tasks to queue
[2023-09-27T23:10:10.412-0400] {logging_mixin.py:151} INFO - [2023-09-27T23:10:10.411-0400] {dagbag.py:539} INFO - Filling up the DagBag from /home/beau/airflow/py_env/lib/python3.10/site-packages/airflow/example_dags/example_xcom.py
[2023-09-27T23:10:10.422-0400] {processor.py:839} INFO - DAG(s) dict_keys(['example_xcom']) retrieved from /home/beau/airflow/py_env/lib/python3.10/site-packages/airflow/example_dags/example_xcom.py
[2023-09-27T23:10:10.442-0400] {logging_mixin.py:151} INFO - [2023-09-27T23:10:10.441-0400] {dag.py:2915} INFO - Sync 1 DAGs
[2023-09-27T23:10:10.460-0400] {logging_mixin.py:151} INFO - [2023-09-27T23:10:10.460-0400] {dag.py:3696} INFO - Setting next_dagrun for example_xcom to 2021-01-01T00:00:00+00:00, run_after=2021-01-01T00:00:00+00:00
[2023-09-27T23:10:10.484-0400] {processor.py:179} INFO - Processing /home/beau/airflow/py_env/lib/python3.10/site-packages/airflow/example_dags/example_xcom.py took 0.081 seconds
[2023-09-27T23:10:50.734-0400] {processor.py:157} INFO - Started process (PID=25203) to work on /home/beau/airflow/py_env/lib/python3.10/site-packages/airflow/example_dags/example_xcom.py
[2023-09-27T23:10:50.739-0400] {processor.py:829} INFO - Processing file /home/beau/airflow/py_env/lib/python3.10/site-packages/airflow/example_dags/example_xcom.py for tasks to queue
[2023-09-27T23:10:50.740-0400] {logging_mixin.py:151} INFO - [2023-09-27T23:10:50.740-0400] {dagbag.py:539} INFO - Filling up the DagBag from /home/beau/airflow/py_env/lib/python3.10/site-packages/airflow/example_dags/example_xcom.py
[2023-09-27T23:10:50.747-0400] {processor.py:839} INFO - DAG(s) dict_keys(['example_xcom']) retrieved from /home/beau/airflow/py_env/lib/python3.10/site-packages/airflow/example_dags/example_xcom.py
[2023-09-27T23:10:50.762-0400] {logging_mixin.py:151} INFO - [2023-09-27T23:10:50.761-0400] {dag.py:2915} INFO - Sync 1 DAGs
[2023-09-27T23:10:50.776-0400] {logging_mixin.py:151} INFO - [2023-09-27T23:10:50.776-0400] {dag.py:3696} INFO - Setting next_dagrun for example_xcom to 2021-01-01T00:00:00+00:00, run_after=2021-01-01T00:00:00+00:00
[2023-09-27T23:10:50.800-0400] {processor.py:179} INFO - Processing /home/beau/airflow/py_env/lib/python3.10/site-packages/airflow/example_dags/example_xcom.py took 0.071 seconds
[2023-09-27T23:11:30.641-0400] {processor.py:157} INFO - Started process (PID=25361) to work on /home/beau/airflow/py_env/lib/python3.10/site-packages/airflow/example_dags/example_xcom.py
[2023-09-27T23:11:30.646-0400] {processor.py:829} INFO - Processing file /home/beau/airflow/py_env/lib/python3.10/site-packages/airflow/example_dags/example_xcom.py for tasks to queue
[2023-09-27T23:11:30.647-0400] {logging_mixin.py:151} INFO - [2023-09-27T23:11:30.647-0400] {dagbag.py:539} INFO - Filling up the DagBag from /home/beau/airflow/py_env/lib/python3.10/site-packages/airflow/example_dags/example_xcom.py
[2023-09-27T23:11:30.660-0400] {processor.py:839} INFO - DAG(s) dict_keys(['example_xcom']) retrieved from /home/beau/airflow/py_env/lib/python3.10/site-packages/airflow/example_dags/example_xcom.py
[2023-09-27T23:11:30.676-0400] {logging_mixin.py:151} INFO - [2023-09-27T23:11:30.676-0400] {dag.py:2915} INFO - Sync 1 DAGs
[2023-09-27T23:11:30.695-0400] {logging_mixin.py:151} INFO - [2023-09-27T23:11:30.694-0400] {dag.py:3696} INFO - Setting next_dagrun for example_xcom to 2021-01-01T00:00:00+00:00, run_after=2021-01-01T00:00:00+00:00
[2023-09-27T23:11:30.719-0400] {processor.py:179} INFO - Processing /home/beau/airflow/py_env/lib/python3.10/site-packages/airflow/example_dags/example_xcom.py took 0.083 seconds
[2023-09-27T23:12:07.909-0400] {processor.py:157} INFO - Started process (PID=25548) to work on /home/beau/airflow/py_env/lib/python3.10/site-packages/airflow/example_dags/example_xcom.py
[2023-09-27T23:12:07.914-0400] {processor.py:829} INFO - Processing file /home/beau/airflow/py_env/lib/python3.10/site-packages/airflow/example_dags/example_xcom.py for tasks to queue
[2023-09-27T23:12:07.915-0400] {logging_mixin.py:151} INFO - [2023-09-27T23:12:07.915-0400] {dagbag.py:539} INFO - Filling up the DagBag from /home/beau/airflow/py_env/lib/python3.10/site-packages/airflow/example_dags/example_xcom.py
[2023-09-27T23:12:07.927-0400] {processor.py:839} INFO - DAG(s) dict_keys(['example_xcom']) retrieved from /home/beau/airflow/py_env/lib/python3.10/site-packages/airflow/example_dags/example_xcom.py
[2023-09-27T23:12:07.941-0400] {logging_mixin.py:151} INFO - [2023-09-27T23:12:07.940-0400] {dag.py:2915} INFO - Sync 1 DAGs
[2023-09-27T23:12:07.956-0400] {logging_mixin.py:151} INFO - [2023-09-27T23:12:07.956-0400] {dag.py:3696} INFO - Setting next_dagrun for example_xcom to 2021-01-01T00:00:00+00:00, run_after=2021-01-01T00:00:00+00:00
[2023-09-27T23:12:07.985-0400] {processor.py:179} INFO - Processing /home/beau/airflow/py_env/lib/python3.10/site-packages/airflow/example_dags/example_xcom.py took 0.081 seconds
[2023-09-27T23:12:45.688-0400] {processor.py:157} INFO - Started process (PID=25676) to work on /home/beau/airflow/py_env/lib/python3.10/site-packages/airflow/example_dags/example_xcom.py
[2023-09-27T23:12:45.692-0400] {processor.py:829} INFO - Processing file /home/beau/airflow/py_env/lib/python3.10/site-packages/airflow/example_dags/example_xcom.py for tasks to queue
[2023-09-27T23:12:45.693-0400] {logging_mixin.py:151} INFO - [2023-09-27T23:12:45.692-0400] {dagbag.py:539} INFO - Filling up the DagBag from /home/beau/airflow/py_env/lib/python3.10/site-packages/airflow/example_dags/example_xcom.py
[2023-09-27T23:12:45.703-0400] {processor.py:839} INFO - DAG(s) dict_keys(['example_xcom']) retrieved from /home/beau/airflow/py_env/lib/python3.10/site-packages/airflow/example_dags/example_xcom.py
[2023-09-27T23:12:45.722-0400] {logging_mixin.py:151} INFO - [2023-09-27T23:12:45.722-0400] {dag.py:2915} INFO - Sync 1 DAGs
[2023-09-27T23:12:45.745-0400] {logging_mixin.py:151} INFO - [2023-09-27T23:12:45.745-0400] {dag.py:3696} INFO - Setting next_dagrun for example_xcom to 2021-01-01T00:00:00+00:00, run_after=2021-01-01T00:00:00+00:00
[2023-09-27T23:12:45.774-0400] {processor.py:179} INFO - Processing /home/beau/airflow/py_env/lib/python3.10/site-packages/airflow/example_dags/example_xcom.py took 0.089 seconds
[2023-09-27T23:13:39.181-0400] {processor.py:157} INFO - Started process (PID=25984) to work on /home/beau/airflow/py_env/lib/python3.10/site-packages/airflow/example_dags/example_xcom.py
[2023-09-27T23:13:39.183-0400] {processor.py:829} INFO - Processing file /home/beau/airflow/py_env/lib/python3.10/site-packages/airflow/example_dags/example_xcom.py for tasks to queue
[2023-09-27T23:13:39.184-0400] {logging_mixin.py:151} INFO - [2023-09-27T23:13:39.183-0400] {dagbag.py:539} INFO - Filling up the DagBag from /home/beau/airflow/py_env/lib/python3.10/site-packages/airflow/example_dags/example_xcom.py
[2023-09-27T23:13:39.193-0400] {processor.py:839} INFO - DAG(s) dict_keys(['example_xcom']) retrieved from /home/beau/airflow/py_env/lib/python3.10/site-packages/airflow/example_dags/example_xcom.py
[2023-09-27T23:13:39.212-0400] {logging_mixin.py:151} INFO - [2023-09-27T23:13:39.212-0400] {dag.py:2915} INFO - Sync 1 DAGs
[2023-09-27T23:13:39.229-0400] {logging_mixin.py:151} INFO - [2023-09-27T23:13:39.229-0400] {dag.py:3696} INFO - Setting next_dagrun for example_xcom to 2021-01-01T00:00:00+00:00, run_after=2021-01-01T00:00:00+00:00
[2023-09-27T23:13:39.253-0400] {processor.py:179} INFO - Processing /home/beau/airflow/py_env/lib/python3.10/site-packages/airflow/example_dags/example_xcom.py took 0.076 seconds
[2023-09-27T23:14:31.737-0400] {processor.py:157} INFO - Started process (PID=26229) to work on /home/beau/airflow/py_env/lib/python3.10/site-packages/airflow/example_dags/example_xcom.py
[2023-09-27T23:14:31.738-0400] {processor.py:829} INFO - Processing file /home/beau/airflow/py_env/lib/python3.10/site-packages/airflow/example_dags/example_xcom.py for tasks to queue
[2023-09-27T23:14:31.740-0400] {logging_mixin.py:151} INFO - [2023-09-27T23:14:31.739-0400] {dagbag.py:539} INFO - Filling up the DagBag from /home/beau/airflow/py_env/lib/python3.10/site-packages/airflow/example_dags/example_xcom.py
[2023-09-27T23:14:31.749-0400] {processor.py:839} INFO - DAG(s) dict_keys(['example_xcom']) retrieved from /home/beau/airflow/py_env/lib/python3.10/site-packages/airflow/example_dags/example_xcom.py
[2023-09-27T23:14:31.767-0400] {logging_mixin.py:151} INFO - [2023-09-27T23:14:31.766-0400] {dag.py:2915} INFO - Sync 1 DAGs
[2023-09-27T23:14:31.781-0400] {logging_mixin.py:151} INFO - [2023-09-27T23:14:31.781-0400] {dag.py:3696} INFO - Setting next_dagrun for example_xcom to 2021-01-01T00:00:00+00:00, run_after=2021-01-01T00:00:00+00:00
[2023-09-27T23:14:31.804-0400] {processor.py:179} INFO - Processing /home/beau/airflow/py_env/lib/python3.10/site-packages/airflow/example_dags/example_xcom.py took 0.071 seconds
[2023-09-27T23:15:26.581-0400] {processor.py:157} INFO - Started process (PID=26478) to work on /home/beau/airflow/py_env/lib/python3.10/site-packages/airflow/example_dags/example_xcom.py
[2023-09-27T23:15:26.586-0400] {processor.py:829} INFO - Processing file /home/beau/airflow/py_env/lib/python3.10/site-packages/airflow/example_dags/example_xcom.py for tasks to queue
[2023-09-27T23:15:26.587-0400] {logging_mixin.py:151} INFO - [2023-09-27T23:15:26.586-0400] {dagbag.py:539} INFO - Filling up the DagBag from /home/beau/airflow/py_env/lib/python3.10/site-packages/airflow/example_dags/example_xcom.py
[2023-09-27T23:15:26.597-0400] {processor.py:839} INFO - DAG(s) dict_keys(['example_xcom']) retrieved from /home/beau/airflow/py_env/lib/python3.10/site-packages/airflow/example_dags/example_xcom.py
[2023-09-27T23:15:26.616-0400] {logging_mixin.py:151} INFO - [2023-09-27T23:15:26.616-0400] {dag.py:2915} INFO - Sync 1 DAGs
[2023-09-27T23:15:26.636-0400] {logging_mixin.py:151} INFO - [2023-09-27T23:15:26.636-0400] {dag.py:3696} INFO - Setting next_dagrun for example_xcom to 2021-01-01T00:00:00+00:00, run_after=2021-01-01T00:00:00+00:00
[2023-09-27T23:15:26.670-0400] {processor.py:179} INFO - Processing /home/beau/airflow/py_env/lib/python3.10/site-packages/airflow/example_dags/example_xcom.py took 0.092 seconds
[2023-09-27T23:16:05.164-0400] {processor.py:157} INFO - Started process (PID=26672) to work on /home/beau/airflow/py_env/lib/python3.10/site-packages/airflow/example_dags/example_xcom.py
[2023-09-27T23:16:05.169-0400] {processor.py:829} INFO - Processing file /home/beau/airflow/py_env/lib/python3.10/site-packages/airflow/example_dags/example_xcom.py for tasks to queue
[2023-09-27T23:16:05.170-0400] {logging_mixin.py:151} INFO - [2023-09-27T23:16:05.170-0400] {dagbag.py:539} INFO - Filling up the DagBag from /home/beau/airflow/py_env/lib/python3.10/site-packages/airflow/example_dags/example_xcom.py
[2023-09-27T23:16:05.180-0400] {processor.py:839} INFO - DAG(s) dict_keys(['example_xcom']) retrieved from /home/beau/airflow/py_env/lib/python3.10/site-packages/airflow/example_dags/example_xcom.py
[2023-09-27T23:16:05.224-0400] {logging_mixin.py:151} INFO - [2023-09-27T23:16:05.224-0400] {dag.py:2915} INFO - Sync 1 DAGs
[2023-09-27T23:16:05.249-0400] {logging_mixin.py:151} INFO - [2023-09-27T23:16:05.249-0400] {dag.py:3696} INFO - Setting next_dagrun for example_xcom to 2021-01-01T00:00:00+00:00, run_after=2021-01-01T00:00:00+00:00
[2023-09-27T23:16:05.275-0400] {processor.py:179} INFO - Processing /home/beau/airflow/py_env/lib/python3.10/site-packages/airflow/example_dags/example_xcom.py took 0.116 seconds
[2023-09-27T23:16:43.157-0400] {processor.py:157} INFO - Started process (PID=26822) to work on /home/beau/airflow/py_env/lib/python3.10/site-packages/airflow/example_dags/example_xcom.py
[2023-09-27T23:16:43.161-0400] {processor.py:829} INFO - Processing file /home/beau/airflow/py_env/lib/python3.10/site-packages/airflow/example_dags/example_xcom.py for tasks to queue
[2023-09-27T23:16:43.163-0400] {logging_mixin.py:151} INFO - [2023-09-27T23:16:43.162-0400] {dagbag.py:539} INFO - Filling up the DagBag from /home/beau/airflow/py_env/lib/python3.10/site-packages/airflow/example_dags/example_xcom.py
[2023-09-27T23:16:43.172-0400] {processor.py:839} INFO - DAG(s) dict_keys(['example_xcom']) retrieved from /home/beau/airflow/py_env/lib/python3.10/site-packages/airflow/example_dags/example_xcom.py
[2023-09-27T23:16:43.187-0400] {logging_mixin.py:151} INFO - [2023-09-27T23:16:43.187-0400] {dag.py:2915} INFO - Sync 1 DAGs
[2023-09-27T23:16:43.204-0400] {logging_mixin.py:151} INFO - [2023-09-27T23:16:43.203-0400] {dag.py:3696} INFO - Setting next_dagrun for example_xcom to 2021-01-01T00:00:00+00:00, run_after=2021-01-01T00:00:00+00:00
[2023-09-27T23:16:43.229-0400] {processor.py:179} INFO - Processing /home/beau/airflow/py_env/lib/python3.10/site-packages/airflow/example_dags/example_xcom.py took 0.079 seconds
[2023-09-27T23:17:38.568-0400] {processor.py:157} INFO - Started process (PID=27078) to work on /home/beau/airflow/py_env/lib/python3.10/site-packages/airflow/example_dags/example_xcom.py
[2023-09-27T23:17:38.571-0400] {processor.py:829} INFO - Processing file /home/beau/airflow/py_env/lib/python3.10/site-packages/airflow/example_dags/example_xcom.py for tasks to queue
[2023-09-27T23:17:38.572-0400] {logging_mixin.py:151} INFO - [2023-09-27T23:17:38.572-0400] {dagbag.py:539} INFO - Filling up the DagBag from /home/beau/airflow/py_env/lib/python3.10/site-packages/airflow/example_dags/example_xcom.py
[2023-09-27T23:17:38.580-0400] {processor.py:839} INFO - DAG(s) dict_keys(['example_xcom']) retrieved from /home/beau/airflow/py_env/lib/python3.10/site-packages/airflow/example_dags/example_xcom.py
[2023-09-27T23:17:38.596-0400] {logging_mixin.py:151} INFO - [2023-09-27T23:17:38.596-0400] {dag.py:2915} INFO - Sync 1 DAGs
[2023-09-27T23:17:38.613-0400] {logging_mixin.py:151} INFO - [2023-09-27T23:17:38.613-0400] {dag.py:3696} INFO - Setting next_dagrun for example_xcom to 2021-01-01T00:00:00+00:00, run_after=2021-01-01T00:00:00+00:00
[2023-09-27T23:17:38.639-0400] {processor.py:179} INFO - Processing /home/beau/airflow/py_env/lib/python3.10/site-packages/airflow/example_dags/example_xcom.py took 0.075 seconds
[2023-09-27T23:18:31.417-0400] {processor.py:157} INFO - Started process (PID=27380) to work on /home/beau/airflow/py_env/lib/python3.10/site-packages/airflow/example_dags/example_xcom.py
[2023-09-27T23:18:31.419-0400] {processor.py:829} INFO - Processing file /home/beau/airflow/py_env/lib/python3.10/site-packages/airflow/example_dags/example_xcom.py for tasks to queue
[2023-09-27T23:18:31.420-0400] {logging_mixin.py:151} INFO - [2023-09-27T23:18:31.420-0400] {dagbag.py:539} INFO - Filling up the DagBag from /home/beau/airflow/py_env/lib/python3.10/site-packages/airflow/example_dags/example_xcom.py
[2023-09-27T23:18:31.432-0400] {processor.py:839} INFO - DAG(s) dict_keys(['example_xcom']) retrieved from /home/beau/airflow/py_env/lib/python3.10/site-packages/airflow/example_dags/example_xcom.py
[2023-09-27T23:18:31.452-0400] {logging_mixin.py:151} INFO - [2023-09-27T23:18:31.452-0400] {dag.py:2915} INFO - Sync 1 DAGs
[2023-09-27T23:18:31.470-0400] {logging_mixin.py:151} INFO - [2023-09-27T23:18:31.470-0400] {dag.py:3696} INFO - Setting next_dagrun for example_xcom to 2021-01-01T00:00:00+00:00, run_after=2021-01-01T00:00:00+00:00
[2023-09-27T23:18:31.493-0400] {processor.py:179} INFO - Processing /home/beau/airflow/py_env/lib/python3.10/site-packages/airflow/example_dags/example_xcom.py took 0.081 seconds
[2023-09-27T23:19:23.474-0400] {processor.py:157} INFO - Started process (PID=27952) to work on /home/beau/airflow/py_env/lib/python3.10/site-packages/airflow/example_dags/example_xcom.py
[2023-09-27T23:19:23.478-0400] {processor.py:829} INFO - Processing file /home/beau/airflow/py_env/lib/python3.10/site-packages/airflow/example_dags/example_xcom.py for tasks to queue
[2023-09-27T23:19:23.479-0400] {logging_mixin.py:151} INFO - [2023-09-27T23:19:23.479-0400] {dagbag.py:539} INFO - Filling up the DagBag from /home/beau/airflow/py_env/lib/python3.10/site-packages/airflow/example_dags/example_xcom.py
[2023-09-27T23:19:23.490-0400] {processor.py:839} INFO - DAG(s) dict_keys(['example_xcom']) retrieved from /home/beau/airflow/py_env/lib/python3.10/site-packages/airflow/example_dags/example_xcom.py
[2023-09-27T23:19:23.514-0400] {logging_mixin.py:151} INFO - [2023-09-27T23:19:23.513-0400] {dag.py:2915} INFO - Sync 1 DAGs
[2023-09-27T23:19:23.536-0400] {logging_mixin.py:151} INFO - [2023-09-27T23:19:23.536-0400] {dag.py:3696} INFO - Setting next_dagrun for example_xcom to 2021-01-01T00:00:00+00:00, run_after=2021-01-01T00:00:00+00:00
[2023-09-27T23:19:23.567-0400] {processor.py:179} INFO - Processing /home/beau/airflow/py_env/lib/python3.10/site-packages/airflow/example_dags/example_xcom.py took 0.098 seconds
[2023-09-27T23:20:01.987-0400] {processor.py:157} INFO - Started process (PID=28367) to work on /home/beau/airflow/py_env/lib/python3.10/site-packages/airflow/example_dags/example_xcom.py
[2023-09-27T23:20:01.992-0400] {processor.py:829} INFO - Processing file /home/beau/airflow/py_env/lib/python3.10/site-packages/airflow/example_dags/example_xcom.py for tasks to queue
[2023-09-27T23:20:01.993-0400] {logging_mixin.py:151} INFO - [2023-09-27T23:20:01.993-0400] {dagbag.py:539} INFO - Filling up the DagBag from /home/beau/airflow/py_env/lib/python3.10/site-packages/airflow/example_dags/example_xcom.py
[2023-09-27T23:20:02.007-0400] {processor.py:839} INFO - DAG(s) dict_keys(['example_xcom']) retrieved from /home/beau/airflow/py_env/lib/python3.10/site-packages/airflow/example_dags/example_xcom.py
[2023-09-27T23:20:02.021-0400] {logging_mixin.py:151} INFO - [2023-09-27T23:20:02.021-0400] {dag.py:2915} INFO - Sync 1 DAGs
[2023-09-27T23:20:02.038-0400] {logging_mixin.py:151} INFO - [2023-09-27T23:20:02.038-0400] {dag.py:3696} INFO - Setting next_dagrun for example_xcom to 2021-01-01T00:00:00+00:00, run_after=2021-01-01T00:00:00+00:00
[2023-09-27T23:20:02.061-0400] {processor.py:179} INFO - Processing /home/beau/airflow/py_env/lib/python3.10/site-packages/airflow/example_dags/example_xcom.py took 0.080 seconds
[2023-09-27T23:20:38.734-0400] {processor.py:157} INFO - Started process (PID=28731) to work on /home/beau/airflow/py_env/lib/python3.10/site-packages/airflow/example_dags/example_xcom.py
[2023-09-27T23:20:38.738-0400] {processor.py:829} INFO - Processing file /home/beau/airflow/py_env/lib/python3.10/site-packages/airflow/example_dags/example_xcom.py for tasks to queue
[2023-09-27T23:20:38.739-0400] {logging_mixin.py:151} INFO - [2023-09-27T23:20:38.739-0400] {dagbag.py:539} INFO - Filling up the DagBag from /home/beau/airflow/py_env/lib/python3.10/site-packages/airflow/example_dags/example_xcom.py
[2023-09-27T23:20:38.749-0400] {processor.py:839} INFO - DAG(s) dict_keys(['example_xcom']) retrieved from /home/beau/airflow/py_env/lib/python3.10/site-packages/airflow/example_dags/example_xcom.py
[2023-09-27T23:20:38.766-0400] {logging_mixin.py:151} INFO - [2023-09-27T23:20:38.766-0400] {dag.py:2915} INFO - Sync 1 DAGs
[2023-09-27T23:20:38.782-0400] {logging_mixin.py:151} INFO - [2023-09-27T23:20:38.781-0400] {dag.py:3696} INFO - Setting next_dagrun for example_xcom to 2021-01-01T00:00:00+00:00, run_after=2021-01-01T00:00:00+00:00
[2023-09-27T23:20:38.808-0400] {processor.py:179} INFO - Processing /home/beau/airflow/py_env/lib/python3.10/site-packages/airflow/example_dags/example_xcom.py took 0.079 seconds
[2023-09-27T23:21:17.567-0400] {processor.py:157} INFO - Started process (PID=29086) to work on /home/beau/airflow/py_env/lib/python3.10/site-packages/airflow/example_dags/example_xcom.py
[2023-09-27T23:21:17.571-0400] {processor.py:829} INFO - Processing file /home/beau/airflow/py_env/lib/python3.10/site-packages/airflow/example_dags/example_xcom.py for tasks to queue
[2023-09-27T23:21:17.573-0400] {logging_mixin.py:151} INFO - [2023-09-27T23:21:17.572-0400] {dagbag.py:539} INFO - Filling up the DagBag from /home/beau/airflow/py_env/lib/python3.10/site-packages/airflow/example_dags/example_xcom.py
[2023-09-27T23:21:17.583-0400] {processor.py:839} INFO - DAG(s) dict_keys(['example_xcom']) retrieved from /home/beau/airflow/py_env/lib/python3.10/site-packages/airflow/example_dags/example_xcom.py
[2023-09-27T23:21:17.603-0400] {logging_mixin.py:151} INFO - [2023-09-27T23:21:17.603-0400] {dag.py:2915} INFO - Sync 1 DAGs
[2023-09-27T23:21:17.621-0400] {logging_mixin.py:151} INFO - [2023-09-27T23:21:17.621-0400] {dag.py:3696} INFO - Setting next_dagrun for example_xcom to 2021-01-01T00:00:00+00:00, run_after=2021-01-01T00:00:00+00:00
[2023-09-27T23:21:17.650-0400] {processor.py:179} INFO - Processing /home/beau/airflow/py_env/lib/python3.10/site-packages/airflow/example_dags/example_xcom.py took 0.088 seconds
[2023-09-27T23:21:55.845-0400] {processor.py:157} INFO - Started process (PID=29413) to work on /home/beau/airflow/py_env/lib/python3.10/site-packages/airflow/example_dags/example_xcom.py
[2023-09-27T23:21:55.848-0400] {processor.py:829} INFO - Processing file /home/beau/airflow/py_env/lib/python3.10/site-packages/airflow/example_dags/example_xcom.py for tasks to queue
[2023-09-27T23:21:55.850-0400] {logging_mixin.py:151} INFO - [2023-09-27T23:21:55.849-0400] {dagbag.py:539} INFO - Filling up the DagBag from /home/beau/airflow/py_env/lib/python3.10/site-packages/airflow/example_dags/example_xcom.py
[2023-09-27T23:21:55.860-0400] {processor.py:839} INFO - DAG(s) dict_keys(['example_xcom']) retrieved from /home/beau/airflow/py_env/lib/python3.10/site-packages/airflow/example_dags/example_xcom.py
[2023-09-27T23:21:55.879-0400] {logging_mixin.py:151} INFO - [2023-09-27T23:21:55.879-0400] {dag.py:2915} INFO - Sync 1 DAGs
[2023-09-27T23:21:55.896-0400] {logging_mixin.py:151} INFO - [2023-09-27T23:21:55.895-0400] {dag.py:3696} INFO - Setting next_dagrun for example_xcom to 2021-01-01T00:00:00+00:00, run_after=2021-01-01T00:00:00+00:00
[2023-09-27T23:21:55.918-0400] {processor.py:179} INFO - Processing /home/beau/airflow/py_env/lib/python3.10/site-packages/airflow/example_dags/example_xcom.py took 0.079 seconds
[2023-09-27T23:22:35.499-0400] {processor.py:157} INFO - Started process (PID=29548) to work on /home/beau/airflow/py_env/lib/python3.10/site-packages/airflow/example_dags/example_xcom.py
[2023-09-27T23:22:35.503-0400] {processor.py:829} INFO - Processing file /home/beau/airflow/py_env/lib/python3.10/site-packages/airflow/example_dags/example_xcom.py for tasks to queue
[2023-09-27T23:22:35.505-0400] {logging_mixin.py:151} INFO - [2023-09-27T23:22:35.504-0400] {dagbag.py:539} INFO - Filling up the DagBag from /home/beau/airflow/py_env/lib/python3.10/site-packages/airflow/example_dags/example_xcom.py
[2023-09-27T23:22:35.515-0400] {processor.py:839} INFO - DAG(s) dict_keys(['example_xcom']) retrieved from /home/beau/airflow/py_env/lib/python3.10/site-packages/airflow/example_dags/example_xcom.py
[2023-09-27T23:22:35.533-0400] {logging_mixin.py:151} INFO - [2023-09-27T23:22:35.533-0400] {dag.py:2915} INFO - Sync 1 DAGs
[2023-09-27T23:22:35.549-0400] {logging_mixin.py:151} INFO - [2023-09-27T23:22:35.549-0400] {dag.py:3696} INFO - Setting next_dagrun for example_xcom to 2021-01-01T00:00:00+00:00, run_after=2021-01-01T00:00:00+00:00
[2023-09-27T23:22:35.574-0400] {processor.py:179} INFO - Processing /home/beau/airflow/py_env/lib/python3.10/site-packages/airflow/example_dags/example_xcom.py took 0.079 seconds
[2023-09-27T23:23:15.509-0400] {processor.py:157} INFO - Started process (PID=29961) to work on /home/beau/airflow/py_env/lib/python3.10/site-packages/airflow/example_dags/example_xcom.py
[2023-09-27T23:23:15.513-0400] {processor.py:829} INFO - Processing file /home/beau/airflow/py_env/lib/python3.10/site-packages/airflow/example_dags/example_xcom.py for tasks to queue
[2023-09-27T23:23:15.514-0400] {logging_mixin.py:151} INFO - [2023-09-27T23:23:15.514-0400] {dagbag.py:539} INFO - Filling up the DagBag from /home/beau/airflow/py_env/lib/python3.10/site-packages/airflow/example_dags/example_xcom.py
[2023-09-27T23:23:15.524-0400] {processor.py:839} INFO - DAG(s) dict_keys(['example_xcom']) retrieved from /home/beau/airflow/py_env/lib/python3.10/site-packages/airflow/example_dags/example_xcom.py
[2023-09-27T23:23:15.542-0400] {logging_mixin.py:151} INFO - [2023-09-27T23:23:15.542-0400] {dag.py:2915} INFO - Sync 1 DAGs
[2023-09-27T23:23:15.559-0400] {logging_mixin.py:151} INFO - [2023-09-27T23:23:15.558-0400] {dag.py:3696} INFO - Setting next_dagrun for example_xcom to 2021-01-01T00:00:00+00:00, run_after=2021-01-01T00:00:00+00:00
[2023-09-27T23:23:15.581-0400] {processor.py:179} INFO - Processing /home/beau/airflow/py_env/lib/python3.10/site-packages/airflow/example_dags/example_xcom.py took 0.077 seconds
[2023-09-27T23:23:53.275-0400] {processor.py:157} INFO - Started process (PID=30341) to work on /home/beau/airflow/py_env/lib/python3.10/site-packages/airflow/example_dags/example_xcom.py
[2023-09-27T23:23:53.280-0400] {processor.py:829} INFO - Processing file /home/beau/airflow/py_env/lib/python3.10/site-packages/airflow/example_dags/example_xcom.py for tasks to queue
[2023-09-27T23:23:53.281-0400] {logging_mixin.py:151} INFO - [2023-09-27T23:23:53.281-0400] {dagbag.py:539} INFO - Filling up the DagBag from /home/beau/airflow/py_env/lib/python3.10/site-packages/airflow/example_dags/example_xcom.py
[2023-09-27T23:23:53.295-0400] {processor.py:839} INFO - DAG(s) dict_keys(['example_xcom']) retrieved from /home/beau/airflow/py_env/lib/python3.10/site-packages/airflow/example_dags/example_xcom.py
[2023-09-27T23:23:53.311-0400] {logging_mixin.py:151} INFO - [2023-09-27T23:23:53.311-0400] {dag.py:2915} INFO - Sync 1 DAGs
[2023-09-27T23:23:53.326-0400] {logging_mixin.py:151} INFO - [2023-09-27T23:23:53.326-0400] {dag.py:3696} INFO - Setting next_dagrun for example_xcom to 2021-01-01T00:00:00+00:00, run_after=2021-01-01T00:00:00+00:00
[2023-09-27T23:23:53.349-0400] {processor.py:179} INFO - Processing /home/beau/airflow/py_env/lib/python3.10/site-packages/airflow/example_dags/example_xcom.py took 0.079 seconds
