[2023-09-27T22:33:15.533-0400] {processor.py:157} INFO - Started process (PID=8344) to work on /home/beau/airflow/py_env/lib/python3.10/site-packages/airflow/example_dags/example_setup_teardown_taskflow.py
[2023-09-27T22:33:15.534-0400] {processor.py:829} INFO - Processing file /home/beau/airflow/py_env/lib/python3.10/site-packages/airflow/example_dags/example_setup_teardown_taskflow.py for tasks to queue
[2023-09-27T22:33:15.535-0400] {logging_mixin.py:151} INFO - [2023-09-27T22:33:15.534-0400] {dagbag.py:539} INFO - Filling up the DagBag from /home/beau/airflow/py_env/lib/python3.10/site-packages/airflow/example_dags/example_setup_teardown_taskflow.py
[2023-09-27T22:33:15.545-0400] {processor.py:839} INFO - DAG(s) dict_keys(['example_setup_teardown_taskflow']) retrieved from /home/beau/airflow/py_env/lib/python3.10/site-packages/airflow/example_dags/example_setup_teardown_taskflow.py
[2023-09-27T22:33:15.564-0400] {logging_mixin.py:151} INFO - [2023-09-27T22:33:15.563-0400] {dag.py:2915} INFO - Sync 1 DAGs
[2023-09-27T22:33:15.582-0400] {logging_mixin.py:151} INFO - [2023-09-27T22:33:15.582-0400] {dag.py:3696} INFO - Setting next_dagrun for example_setup_teardown_taskflow to 2023-09-27T02:33:15.582241+00:00, run_after=2023-09-28T02:33:15.582241+00:00
[2023-09-27T22:33:15.607-0400] {processor.py:179} INFO - Processing /home/beau/airflow/py_env/lib/python3.10/site-packages/airflow/example_dags/example_setup_teardown_taskflow.py took 0.078 seconds
[2023-09-27T22:34:03.623-0400] {processor.py:157} INFO - Started process (PID=8941) to work on /home/beau/airflow/py_env/lib/python3.10/site-packages/airflow/example_dags/example_setup_teardown_taskflow.py
[2023-09-27T22:34:03.628-0400] {processor.py:829} INFO - Processing file /home/beau/airflow/py_env/lib/python3.10/site-packages/airflow/example_dags/example_setup_teardown_taskflow.py for tasks to queue
[2023-09-27T22:34:03.629-0400] {logging_mixin.py:151} INFO - [2023-09-27T22:34:03.629-0400] {dagbag.py:539} INFO - Filling up the DagBag from /home/beau/airflow/py_env/lib/python3.10/site-packages/airflow/example_dags/example_setup_teardown_taskflow.py
[2023-09-27T22:34:03.646-0400] {processor.py:839} INFO - DAG(s) dict_keys(['example_setup_teardown_taskflow']) retrieved from /home/beau/airflow/py_env/lib/python3.10/site-packages/airflow/example_dags/example_setup_teardown_taskflow.py
[2023-09-27T22:34:03.659-0400] {logging_mixin.py:151} INFO - [2023-09-27T22:34:03.659-0400] {dag.py:2915} INFO - Sync 1 DAGs
[2023-09-27T22:34:03.675-0400] {logging_mixin.py:151} INFO - [2023-09-27T22:34:03.675-0400] {dag.py:3696} INFO - Setting next_dagrun for example_setup_teardown_taskflow to 2023-09-27T02:34:03.675085+00:00, run_after=2023-09-28T02:34:03.675085+00:00
[2023-09-27T22:34:03.698-0400] {processor.py:179} INFO - Processing /home/beau/airflow/py_env/lib/python3.10/site-packages/airflow/example_dags/example_setup_teardown_taskflow.py took 0.081 seconds
[2023-09-27T22:34:52.996-0400] {processor.py:157} INFO - Started process (PID=9177) to work on /home/beau/airflow/py_env/lib/python3.10/site-packages/airflow/example_dags/example_setup_teardown_taskflow.py
[2023-09-27T22:34:53.001-0400] {processor.py:829} INFO - Processing file /home/beau/airflow/py_env/lib/python3.10/site-packages/airflow/example_dags/example_setup_teardown_taskflow.py for tasks to queue
[2023-09-27T22:34:53.004-0400] {logging_mixin.py:151} INFO - [2023-09-27T22:34:53.003-0400] {dagbag.py:539} INFO - Filling up the DagBag from /home/beau/airflow/py_env/lib/python3.10/site-packages/airflow/example_dags/example_setup_teardown_taskflow.py
[2023-09-27T22:34:53.015-0400] {processor.py:839} INFO - DAG(s) dict_keys(['example_setup_teardown_taskflow']) retrieved from /home/beau/airflow/py_env/lib/python3.10/site-packages/airflow/example_dags/example_setup_teardown_taskflow.py
[2023-09-27T22:34:53.034-0400] {logging_mixin.py:151} INFO - [2023-09-27T22:34:53.034-0400] {dag.py:2915} INFO - Sync 1 DAGs
[2023-09-27T22:34:53.061-0400] {logging_mixin.py:151} INFO - [2023-09-27T22:34:53.061-0400] {dag.py:3696} INFO - Setting next_dagrun for example_setup_teardown_taskflow to 2023-09-27T02:34:53.060832+00:00, run_after=2023-09-28T02:34:53.060832+00:00
[2023-09-27T22:34:53.093-0400] {processor.py:179} INFO - Processing /home/beau/airflow/py_env/lib/python3.10/site-packages/airflow/example_dags/example_setup_teardown_taskflow.py took 0.102 seconds
[2023-09-27T22:35:57.345-0400] {processor.py:157} INFO - Started process (PID=10021) to work on /home/beau/airflow/py_env/lib/python3.10/site-packages/airflow/example_dags/example_setup_teardown_taskflow.py
[2023-09-27T22:35:57.349-0400] {processor.py:829} INFO - Processing file /home/beau/airflow/py_env/lib/python3.10/site-packages/airflow/example_dags/example_setup_teardown_taskflow.py for tasks to queue
[2023-09-27T22:35:57.351-0400] {logging_mixin.py:151} INFO - [2023-09-27T22:35:57.350-0400] {dagbag.py:539} INFO - Filling up the DagBag from /home/beau/airflow/py_env/lib/python3.10/site-packages/airflow/example_dags/example_setup_teardown_taskflow.py
[2023-09-27T22:35:57.369-0400] {processor.py:839} INFO - DAG(s) dict_keys(['example_setup_teardown_taskflow']) retrieved from /home/beau/airflow/py_env/lib/python3.10/site-packages/airflow/example_dags/example_setup_teardown_taskflow.py
[2023-09-27T22:35:57.391-0400] {logging_mixin.py:151} INFO - [2023-09-27T22:35:57.391-0400] {dag.py:2915} INFO - Sync 1 DAGs
[2023-09-27T22:35:57.533-0400] {logging_mixin.py:151} INFO - [2023-09-27T22:35:57.533-0400] {dag.py:3696} INFO - Setting next_dagrun for example_setup_teardown_taskflow to 2023-09-27T02:35:57.533434+00:00, run_after=2023-09-28T02:35:57.533434+00:00
[2023-09-27T22:35:57.556-0400] {processor.py:179} INFO - Processing /home/beau/airflow/py_env/lib/python3.10/site-packages/airflow/example_dags/example_setup_teardown_taskflow.py took 0.217 seconds
[2023-09-27T22:36:48.739-0400] {processor.py:157} INFO - Started process (PID=10560) to work on /home/beau/airflow/py_env/lib/python3.10/site-packages/airflow/example_dags/example_setup_teardown_taskflow.py
[2023-09-27T22:36:48.743-0400] {processor.py:829} INFO - Processing file /home/beau/airflow/py_env/lib/python3.10/site-packages/airflow/example_dags/example_setup_teardown_taskflow.py for tasks to queue
[2023-09-27T22:36:48.744-0400] {logging_mixin.py:151} INFO - [2023-09-27T22:36:48.743-0400] {dagbag.py:539} INFO - Filling up the DagBag from /home/beau/airflow/py_env/lib/python3.10/site-packages/airflow/example_dags/example_setup_teardown_taskflow.py
[2023-09-27T22:36:48.757-0400] {processor.py:839} INFO - DAG(s) dict_keys(['example_setup_teardown_taskflow']) retrieved from /home/beau/airflow/py_env/lib/python3.10/site-packages/airflow/example_dags/example_setup_teardown_taskflow.py
[2023-09-27T22:36:48.775-0400] {logging_mixin.py:151} INFO - [2023-09-27T22:36:48.775-0400] {dag.py:2915} INFO - Sync 1 DAGs
[2023-09-27T22:36:48.800-0400] {logging_mixin.py:151} INFO - [2023-09-27T22:36:48.799-0400] {dag.py:3696} INFO - Setting next_dagrun for example_setup_teardown_taskflow to 2023-09-27T02:36:48.799500+00:00, run_after=2023-09-28T02:36:48.799500+00:00
[2023-09-27T22:36:48.844-0400] {processor.py:179} INFO - Processing /home/beau/airflow/py_env/lib/python3.10/site-packages/airflow/example_dags/example_setup_teardown_taskflow.py took 0.109 seconds
[2023-09-27T22:37:30.730-0400] {processor.py:157} INFO - Started process (PID=10823) to work on /home/beau/airflow/py_env/lib/python3.10/site-packages/airflow/example_dags/example_setup_teardown_taskflow.py
[2023-09-27T22:37:30.735-0400] {processor.py:829} INFO - Processing file /home/beau/airflow/py_env/lib/python3.10/site-packages/airflow/example_dags/example_setup_teardown_taskflow.py for tasks to queue
[2023-09-27T22:37:30.737-0400] {logging_mixin.py:151} INFO - [2023-09-27T22:37:30.736-0400] {dagbag.py:539} INFO - Filling up the DagBag from /home/beau/airflow/py_env/lib/python3.10/site-packages/airflow/example_dags/example_setup_teardown_taskflow.py
[2023-09-27T22:37:30.757-0400] {processor.py:839} INFO - DAG(s) dict_keys(['example_setup_teardown_taskflow']) retrieved from /home/beau/airflow/py_env/lib/python3.10/site-packages/airflow/example_dags/example_setup_teardown_taskflow.py
[2023-09-27T22:37:30.775-0400] {logging_mixin.py:151} INFO - [2023-09-27T22:37:30.774-0400] {dag.py:2915} INFO - Sync 1 DAGs
[2023-09-27T22:37:30.793-0400] {logging_mixin.py:151} INFO - [2023-09-27T22:37:30.793-0400] {dag.py:3696} INFO - Setting next_dagrun for example_setup_teardown_taskflow to 2023-09-27T02:37:30.793245+00:00, run_after=2023-09-28T02:37:30.793245+00:00
[2023-09-27T22:37:30.823-0400] {processor.py:179} INFO - Processing /home/beau/airflow/py_env/lib/python3.10/site-packages/airflow/example_dags/example_setup_teardown_taskflow.py took 0.100 seconds
[2023-09-27T22:38:28.989-0400] {processor.py:157} INFO - Started process (PID=11374) to work on /home/beau/airflow/py_env/lib/python3.10/site-packages/airflow/example_dags/example_setup_teardown_taskflow.py
[2023-09-27T22:38:28.993-0400] {processor.py:829} INFO - Processing file /home/beau/airflow/py_env/lib/python3.10/site-packages/airflow/example_dags/example_setup_teardown_taskflow.py for tasks to queue
[2023-09-27T22:38:28.995-0400] {logging_mixin.py:151} INFO - [2023-09-27T22:38:28.994-0400] {dagbag.py:539} INFO - Filling up the DagBag from /home/beau/airflow/py_env/lib/python3.10/site-packages/airflow/example_dags/example_setup_teardown_taskflow.py
[2023-09-27T22:38:29.009-0400] {processor.py:839} INFO - DAG(s) dict_keys(['example_setup_teardown_taskflow']) retrieved from /home/beau/airflow/py_env/lib/python3.10/site-packages/airflow/example_dags/example_setup_teardown_taskflow.py
[2023-09-27T22:38:29.026-0400] {logging_mixin.py:151} INFO - [2023-09-27T22:38:29.025-0400] {dag.py:2915} INFO - Sync 1 DAGs
[2023-09-27T22:38:29.043-0400] {logging_mixin.py:151} INFO - [2023-09-27T22:38:29.043-0400] {dag.py:3696} INFO - Setting next_dagrun for example_setup_teardown_taskflow to 2023-09-27T02:38:29.042849+00:00, run_after=2023-09-28T02:38:29.042849+00:00
[2023-09-27T22:38:29.068-0400] {processor.py:179} INFO - Processing /home/beau/airflow/py_env/lib/python3.10/site-packages/airflow/example_dags/example_setup_teardown_taskflow.py took 0.084 seconds
[2023-09-27T22:39:19.236-0400] {processor.py:157} INFO - Started process (PID=11819) to work on /home/beau/airflow/py_env/lib/python3.10/site-packages/airflow/example_dags/example_setup_teardown_taskflow.py
[2023-09-27T22:39:19.239-0400] {processor.py:829} INFO - Processing file /home/beau/airflow/py_env/lib/python3.10/site-packages/airflow/example_dags/example_setup_teardown_taskflow.py for tasks to queue
[2023-09-27T22:39:19.240-0400] {logging_mixin.py:151} INFO - [2023-09-27T22:39:19.240-0400] {dagbag.py:539} INFO - Filling up the DagBag from /home/beau/airflow/py_env/lib/python3.10/site-packages/airflow/example_dags/example_setup_teardown_taskflow.py
[2023-09-27T22:39:19.251-0400] {processor.py:839} INFO - DAG(s) dict_keys(['example_setup_teardown_taskflow']) retrieved from /home/beau/airflow/py_env/lib/python3.10/site-packages/airflow/example_dags/example_setup_teardown_taskflow.py
[2023-09-27T22:39:19.270-0400] {logging_mixin.py:151} INFO - [2023-09-27T22:39:19.269-0400] {dag.py:2915} INFO - Sync 1 DAGs
[2023-09-27T22:39:19.293-0400] {logging_mixin.py:151} INFO - [2023-09-27T22:39:19.293-0400] {dag.py:3696} INFO - Setting next_dagrun for example_setup_teardown_taskflow to 2023-09-27T02:39:19.293020+00:00, run_after=2023-09-28T02:39:19.293020+00:00
[2023-09-27T22:39:19.329-0400] {processor.py:179} INFO - Processing /home/beau/airflow/py_env/lib/python3.10/site-packages/airflow/example_dags/example_setup_teardown_taskflow.py took 0.097 seconds
[2023-09-27T22:40:05.895-0400] {processor.py:157} INFO - Started process (PID=12066) to work on /home/beau/airflow/py_env/lib/python3.10/site-packages/airflow/example_dags/example_setup_teardown_taskflow.py
[2023-09-27T22:40:05.900-0400] {processor.py:829} INFO - Processing file /home/beau/airflow/py_env/lib/python3.10/site-packages/airflow/example_dags/example_setup_teardown_taskflow.py for tasks to queue
[2023-09-27T22:40:05.901-0400] {logging_mixin.py:151} INFO - [2023-09-27T22:40:05.900-0400] {dagbag.py:539} INFO - Filling up the DagBag from /home/beau/airflow/py_env/lib/python3.10/site-packages/airflow/example_dags/example_setup_teardown_taskflow.py
[2023-09-27T22:40:05.918-0400] {processor.py:839} INFO - DAG(s) dict_keys(['example_setup_teardown_taskflow']) retrieved from /home/beau/airflow/py_env/lib/python3.10/site-packages/airflow/example_dags/example_setup_teardown_taskflow.py
[2023-09-27T22:40:05.938-0400] {logging_mixin.py:151} INFO - [2023-09-27T22:40:05.937-0400] {dag.py:2915} INFO - Sync 1 DAGs
[2023-09-27T22:40:05.959-0400] {logging_mixin.py:151} INFO - [2023-09-27T22:40:05.958-0400] {dag.py:3696} INFO - Setting next_dagrun for example_setup_teardown_taskflow to 2023-09-27T02:40:05.958661+00:00, run_after=2023-09-28T02:40:05.958661+00:00
[2023-09-27T22:40:05.992-0400] {processor.py:179} INFO - Processing /home/beau/airflow/py_env/lib/python3.10/site-packages/airflow/example_dags/example_setup_teardown_taskflow.py took 0.101 seconds
[2023-09-27T22:41:05.630-0400] {processor.py:157} INFO - Started process (PID=12331) to work on /home/beau/airflow/py_env/lib/python3.10/site-packages/airflow/example_dags/example_setup_teardown_taskflow.py
[2023-09-27T22:41:05.634-0400] {processor.py:829} INFO - Processing file /home/beau/airflow/py_env/lib/python3.10/site-packages/airflow/example_dags/example_setup_teardown_taskflow.py for tasks to queue
[2023-09-27T22:41:05.635-0400] {logging_mixin.py:151} INFO - [2023-09-27T22:41:05.634-0400] {dagbag.py:539} INFO - Filling up the DagBag from /home/beau/airflow/py_env/lib/python3.10/site-packages/airflow/example_dags/example_setup_teardown_taskflow.py
[2023-09-27T22:41:05.649-0400] {processor.py:839} INFO - DAG(s) dict_keys(['example_setup_teardown_taskflow']) retrieved from /home/beau/airflow/py_env/lib/python3.10/site-packages/airflow/example_dags/example_setup_teardown_taskflow.py
[2023-09-27T22:41:05.670-0400] {logging_mixin.py:151} INFO - [2023-09-27T22:41:05.669-0400] {dag.py:2915} INFO - Sync 1 DAGs
[2023-09-27T22:41:05.690-0400] {logging_mixin.py:151} INFO - [2023-09-27T22:41:05.690-0400] {dag.py:3696} INFO - Setting next_dagrun for example_setup_teardown_taskflow to 2023-09-27T02:41:05.690271+00:00, run_after=2023-09-28T02:41:05.690271+00:00
[2023-09-27T22:41:05.732-0400] {processor.py:179} INFO - Processing /home/beau/airflow/py_env/lib/python3.10/site-packages/airflow/example_dags/example_setup_teardown_taskflow.py took 0.108 seconds
[2023-09-27T22:42:05.818-0400] {processor.py:157} INFO - Started process (PID=12717) to work on /home/beau/airflow/py_env/lib/python3.10/site-packages/airflow/example_dags/example_setup_teardown_taskflow.py
[2023-09-27T22:42:05.822-0400] {processor.py:829} INFO - Processing file /home/beau/airflow/py_env/lib/python3.10/site-packages/airflow/example_dags/example_setup_teardown_taskflow.py for tasks to queue
[2023-09-27T22:42:05.825-0400] {logging_mixin.py:151} INFO - [2023-09-27T22:42:05.824-0400] {dagbag.py:539} INFO - Filling up the DagBag from /home/beau/airflow/py_env/lib/python3.10/site-packages/airflow/example_dags/example_setup_teardown_taskflow.py
[2023-09-27T22:42:05.839-0400] {processor.py:839} INFO - DAG(s) dict_keys(['example_setup_teardown_taskflow']) retrieved from /home/beau/airflow/py_env/lib/python3.10/site-packages/airflow/example_dags/example_setup_teardown_taskflow.py
[2023-09-27T22:42:05.863-0400] {logging_mixin.py:151} INFO - [2023-09-27T22:42:05.863-0400] {dag.py:2915} INFO - Sync 1 DAGs
[2023-09-27T22:42:05.883-0400] {logging_mixin.py:151} INFO - [2023-09-27T22:42:05.882-0400] {dag.py:3696} INFO - Setting next_dagrun for example_setup_teardown_taskflow to 2023-09-27T02:42:05.882723+00:00, run_after=2023-09-28T02:42:05.882723+00:00
[2023-09-27T22:42:05.916-0400] {processor.py:179} INFO - Processing /home/beau/airflow/py_env/lib/python3.10/site-packages/airflow/example_dags/example_setup_teardown_taskflow.py took 0.104 seconds
[2023-09-27T22:43:01.864-0400] {processor.py:157} INFO - Started process (PID=13285) to work on /home/beau/airflow/py_env/lib/python3.10/site-packages/airflow/example_dags/example_setup_teardown_taskflow.py
[2023-09-27T22:43:01.868-0400] {processor.py:829} INFO - Processing file /home/beau/airflow/py_env/lib/python3.10/site-packages/airflow/example_dags/example_setup_teardown_taskflow.py for tasks to queue
[2023-09-27T22:43:01.871-0400] {logging_mixin.py:151} INFO - [2023-09-27T22:43:01.870-0400] {dagbag.py:539} INFO - Filling up the DagBag from /home/beau/airflow/py_env/lib/python3.10/site-packages/airflow/example_dags/example_setup_teardown_taskflow.py
[2023-09-27T22:43:01.889-0400] {processor.py:839} INFO - DAG(s) dict_keys(['example_setup_teardown_taskflow']) retrieved from /home/beau/airflow/py_env/lib/python3.10/site-packages/airflow/example_dags/example_setup_teardown_taskflow.py
[2023-09-27T22:43:01.907-0400] {logging_mixin.py:151} INFO - [2023-09-27T22:43:01.907-0400] {dag.py:2915} INFO - Sync 1 DAGs
[2023-09-27T22:43:01.924-0400] {logging_mixin.py:151} INFO - [2023-09-27T22:43:01.924-0400] {dag.py:3696} INFO - Setting next_dagrun for example_setup_teardown_taskflow to 2023-09-27T02:43:01.923938+00:00, run_after=2023-09-28T02:43:01.923938+00:00
[2023-09-27T22:43:01.953-0400] {processor.py:179} INFO - Processing /home/beau/airflow/py_env/lib/python3.10/site-packages/airflow/example_dags/example_setup_teardown_taskflow.py took 0.095 seconds
[2023-09-27T22:43:59.006-0400] {processor.py:157} INFO - Started process (PID=13662) to work on /home/beau/airflow/py_env/lib/python3.10/site-packages/airflow/example_dags/example_setup_teardown_taskflow.py
[2023-09-27T22:43:59.010-0400] {processor.py:829} INFO - Processing file /home/beau/airflow/py_env/lib/python3.10/site-packages/airflow/example_dags/example_setup_teardown_taskflow.py for tasks to queue
[2023-09-27T22:43:59.011-0400] {logging_mixin.py:151} INFO - [2023-09-27T22:43:59.010-0400] {dagbag.py:539} INFO - Filling up the DagBag from /home/beau/airflow/py_env/lib/python3.10/site-packages/airflow/example_dags/example_setup_teardown_taskflow.py
[2023-09-27T22:43:59.023-0400] {processor.py:839} INFO - DAG(s) dict_keys(['example_setup_teardown_taskflow']) retrieved from /home/beau/airflow/py_env/lib/python3.10/site-packages/airflow/example_dags/example_setup_teardown_taskflow.py
[2023-09-27T22:43:59.044-0400] {logging_mixin.py:151} INFO - [2023-09-27T22:43:59.044-0400] {dag.py:2915} INFO - Sync 1 DAGs
[2023-09-27T22:43:59.064-0400] {logging_mixin.py:151} INFO - [2023-09-27T22:43:59.063-0400] {dag.py:3696} INFO - Setting next_dagrun for example_setup_teardown_taskflow to 2023-09-27T02:43:59.063718+00:00, run_after=2023-09-28T02:43:59.063718+00:00
[2023-09-27T22:43:59.094-0400] {processor.py:179} INFO - Processing /home/beau/airflow/py_env/lib/python3.10/site-packages/airflow/example_dags/example_setup_teardown_taskflow.py took 0.092 seconds
[2023-09-27T22:44:41.048-0400] {processor.py:157} INFO - Started process (PID=13967) to work on /home/beau/airflow/py_env/lib/python3.10/site-packages/airflow/example_dags/example_setup_teardown_taskflow.py
[2023-09-27T22:44:41.051-0400] {processor.py:829} INFO - Processing file /home/beau/airflow/py_env/lib/python3.10/site-packages/airflow/example_dags/example_setup_teardown_taskflow.py for tasks to queue
[2023-09-27T22:44:41.052-0400] {logging_mixin.py:151} INFO - [2023-09-27T22:44:41.052-0400] {dagbag.py:539} INFO - Filling up the DagBag from /home/beau/airflow/py_env/lib/python3.10/site-packages/airflow/example_dags/example_setup_teardown_taskflow.py
[2023-09-27T22:44:41.062-0400] {processor.py:839} INFO - DAG(s) dict_keys(['example_setup_teardown_taskflow']) retrieved from /home/beau/airflow/py_env/lib/python3.10/site-packages/airflow/example_dags/example_setup_teardown_taskflow.py
[2023-09-27T22:44:41.077-0400] {logging_mixin.py:151} INFO - [2023-09-27T22:44:41.077-0400] {dag.py:2915} INFO - Sync 1 DAGs
[2023-09-27T22:44:41.093-0400] {logging_mixin.py:151} INFO - [2023-09-27T22:44:41.093-0400] {dag.py:3696} INFO - Setting next_dagrun for example_setup_teardown_taskflow to 2023-09-27T02:44:41.093539+00:00, run_after=2023-09-28T02:44:41.093539+00:00
[2023-09-27T22:44:41.125-0400] {processor.py:179} INFO - Processing /home/beau/airflow/py_env/lib/python3.10/site-packages/airflow/example_dags/example_setup_teardown_taskflow.py took 0.080 seconds
[2023-09-27T22:45:34.210-0400] {processor.py:157} INFO - Started process (PID=14422) to work on /home/beau/airflow/py_env/lib/python3.10/site-packages/airflow/example_dags/example_setup_teardown_taskflow.py
[2023-09-27T22:45:34.214-0400] {processor.py:829} INFO - Processing file /home/beau/airflow/py_env/lib/python3.10/site-packages/airflow/example_dags/example_setup_teardown_taskflow.py for tasks to queue
[2023-09-27T22:45:34.215-0400] {logging_mixin.py:151} INFO - [2023-09-27T22:45:34.215-0400] {dagbag.py:539} INFO - Filling up the DagBag from /home/beau/airflow/py_env/lib/python3.10/site-packages/airflow/example_dags/example_setup_teardown_taskflow.py
[2023-09-27T22:45:34.227-0400] {processor.py:839} INFO - DAG(s) dict_keys(['example_setup_teardown_taskflow']) retrieved from /home/beau/airflow/py_env/lib/python3.10/site-packages/airflow/example_dags/example_setup_teardown_taskflow.py
[2023-09-27T22:45:34.245-0400] {logging_mixin.py:151} INFO - [2023-09-27T22:45:34.245-0400] {dag.py:2915} INFO - Sync 1 DAGs
[2023-09-27T22:45:34.263-0400] {logging_mixin.py:151} INFO - [2023-09-27T22:45:34.263-0400] {dag.py:3696} INFO - Setting next_dagrun for example_setup_teardown_taskflow to 2023-09-27T02:45:34.263502+00:00, run_after=2023-09-28T02:45:34.263502+00:00
[2023-09-27T22:45:34.297-0400] {processor.py:179} INFO - Processing /home/beau/airflow/py_env/lib/python3.10/site-packages/airflow/example_dags/example_setup_teardown_taskflow.py took 0.090 seconds
[2023-09-27T22:46:36.678-0400] {processor.py:157} INFO - Started process (PID=15256) to work on /home/beau/airflow/py_env/lib/python3.10/site-packages/airflow/example_dags/example_setup_teardown_taskflow.py
[2023-09-27T22:46:36.681-0400] {processor.py:829} INFO - Processing file /home/beau/airflow/py_env/lib/python3.10/site-packages/airflow/example_dags/example_setup_teardown_taskflow.py for tasks to queue
[2023-09-27T22:46:36.683-0400] {logging_mixin.py:151} INFO - [2023-09-27T22:46:36.682-0400] {dagbag.py:539} INFO - Filling up the DagBag from /home/beau/airflow/py_env/lib/python3.10/site-packages/airflow/example_dags/example_setup_teardown_taskflow.py
[2023-09-27T22:46:36.697-0400] {processor.py:839} INFO - DAG(s) dict_keys(['example_setup_teardown_taskflow']) retrieved from /home/beau/airflow/py_env/lib/python3.10/site-packages/airflow/example_dags/example_setup_teardown_taskflow.py
[2023-09-27T22:46:36.713-0400] {logging_mixin.py:151} INFO - [2023-09-27T22:46:36.713-0400] {dag.py:2915} INFO - Sync 1 DAGs
[2023-09-27T22:46:36.731-0400] {logging_mixin.py:151} INFO - [2023-09-27T22:46:36.730-0400] {dag.py:3696} INFO - Setting next_dagrun for example_setup_teardown_taskflow to 2023-09-27T02:46:36.730683+00:00, run_after=2023-09-28T02:46:36.730683+00:00
[2023-09-27T22:46:36.754-0400] {processor.py:179} INFO - Processing /home/beau/airflow/py_env/lib/python3.10/site-packages/airflow/example_dags/example_setup_teardown_taskflow.py took 0.081 seconds
[2023-09-27T22:47:35.095-0400] {processor.py:157} INFO - Started process (PID=15936) to work on /home/beau/airflow/py_env/lib/python3.10/site-packages/airflow/example_dags/example_setup_teardown_taskflow.py
[2023-09-27T22:47:35.099-0400] {processor.py:829} INFO - Processing file /home/beau/airflow/py_env/lib/python3.10/site-packages/airflow/example_dags/example_setup_teardown_taskflow.py for tasks to queue
[2023-09-27T22:47:35.100-0400] {logging_mixin.py:151} INFO - [2023-09-27T22:47:35.099-0400] {dagbag.py:539} INFO - Filling up the DagBag from /home/beau/airflow/py_env/lib/python3.10/site-packages/airflow/example_dags/example_setup_teardown_taskflow.py
[2023-09-27T22:47:35.110-0400] {processor.py:839} INFO - DAG(s) dict_keys(['example_setup_teardown_taskflow']) retrieved from /home/beau/airflow/py_env/lib/python3.10/site-packages/airflow/example_dags/example_setup_teardown_taskflow.py
[2023-09-27T22:47:35.126-0400] {logging_mixin.py:151} INFO - [2023-09-27T22:47:35.126-0400] {dag.py:2915} INFO - Sync 1 DAGs
[2023-09-27T22:47:35.144-0400] {logging_mixin.py:151} INFO - [2023-09-27T22:47:35.144-0400] {dag.py:3696} INFO - Setting next_dagrun for example_setup_teardown_taskflow to 2023-09-27T02:47:35.144249+00:00, run_after=2023-09-28T02:47:35.144249+00:00
[2023-09-27T22:47:35.169-0400] {processor.py:179} INFO - Processing /home/beau/airflow/py_env/lib/python3.10/site-packages/airflow/example_dags/example_setup_teardown_taskflow.py took 0.077 seconds
[2023-09-27T22:48:35.016-0400] {processor.py:157} INFO - Started process (PID=16542) to work on /home/beau/airflow/py_env/lib/python3.10/site-packages/airflow/example_dags/example_setup_teardown_taskflow.py
[2023-09-27T22:48:35.020-0400] {processor.py:829} INFO - Processing file /home/beau/airflow/py_env/lib/python3.10/site-packages/airflow/example_dags/example_setup_teardown_taskflow.py for tasks to queue
[2023-09-27T22:48:35.022-0400] {logging_mixin.py:151} INFO - [2023-09-27T22:48:35.021-0400] {dagbag.py:539} INFO - Filling up the DagBag from /home/beau/airflow/py_env/lib/python3.10/site-packages/airflow/example_dags/example_setup_teardown_taskflow.py
[2023-09-27T22:48:35.038-0400] {processor.py:839} INFO - DAG(s) dict_keys(['example_setup_teardown_taskflow']) retrieved from /home/beau/airflow/py_env/lib/python3.10/site-packages/airflow/example_dags/example_setup_teardown_taskflow.py
[2023-09-27T22:48:35.057-0400] {logging_mixin.py:151} INFO - [2023-09-27T22:48:35.056-0400] {dag.py:2915} INFO - Sync 1 DAGs
[2023-09-27T22:48:35.075-0400] {logging_mixin.py:151} INFO - [2023-09-27T22:48:35.074-0400] {dag.py:3696} INFO - Setting next_dagrun for example_setup_teardown_taskflow to 2023-09-27T02:48:35.074641+00:00, run_after=2023-09-28T02:48:35.074641+00:00
[2023-09-27T22:48:35.106-0400] {processor.py:179} INFO - Processing /home/beau/airflow/py_env/lib/python3.10/site-packages/airflow/example_dags/example_setup_teardown_taskflow.py took 0.099 seconds
[2023-09-27T22:49:32.893-0400] {processor.py:157} INFO - Started process (PID=17027) to work on /home/beau/airflow/py_env/lib/python3.10/site-packages/airflow/example_dags/example_setup_teardown_taskflow.py
[2023-09-27T22:49:32.896-0400] {processor.py:829} INFO - Processing file /home/beau/airflow/py_env/lib/python3.10/site-packages/airflow/example_dags/example_setup_teardown_taskflow.py for tasks to queue
[2023-09-27T22:49:32.898-0400] {logging_mixin.py:151} INFO - [2023-09-27T22:49:32.897-0400] {dagbag.py:539} INFO - Filling up the DagBag from /home/beau/airflow/py_env/lib/python3.10/site-packages/airflow/example_dags/example_setup_teardown_taskflow.py
[2023-09-27T22:49:32.913-0400] {processor.py:839} INFO - DAG(s) dict_keys(['example_setup_teardown_taskflow']) retrieved from /home/beau/airflow/py_env/lib/python3.10/site-packages/airflow/example_dags/example_setup_teardown_taskflow.py
[2023-09-27T22:49:32.929-0400] {logging_mixin.py:151} INFO - [2023-09-27T22:49:32.929-0400] {dag.py:2915} INFO - Sync 1 DAGs
[2023-09-27T22:49:32.946-0400] {logging_mixin.py:151} INFO - [2023-09-27T22:49:32.946-0400] {dag.py:3696} INFO - Setting next_dagrun for example_setup_teardown_taskflow to 2023-09-27T02:49:32.946146+00:00, run_after=2023-09-28T02:49:32.946146+00:00
[2023-09-27T22:49:32.971-0400] {processor.py:179} INFO - Processing /home/beau/airflow/py_env/lib/python3.10/site-packages/airflow/example_dags/example_setup_teardown_taskflow.py took 0.083 seconds
[2023-09-27T22:50:29.786-0400] {processor.py:157} INFO - Started process (PID=17282) to work on /home/beau/airflow/py_env/lib/python3.10/site-packages/airflow/example_dags/example_setup_teardown_taskflow.py
[2023-09-27T22:50:29.791-0400] {processor.py:829} INFO - Processing file /home/beau/airflow/py_env/lib/python3.10/site-packages/airflow/example_dags/example_setup_teardown_taskflow.py for tasks to queue
[2023-09-27T22:50:29.792-0400] {logging_mixin.py:151} INFO - [2023-09-27T22:50:29.792-0400] {dagbag.py:539} INFO - Filling up the DagBag from /home/beau/airflow/py_env/lib/python3.10/site-packages/airflow/example_dags/example_setup_teardown_taskflow.py
[2023-09-27T22:50:29.809-0400] {processor.py:839} INFO - DAG(s) dict_keys(['example_setup_teardown_taskflow']) retrieved from /home/beau/airflow/py_env/lib/python3.10/site-packages/airflow/example_dags/example_setup_teardown_taskflow.py
[2023-09-27T22:50:29.842-0400] {logging_mixin.py:151} INFO - [2023-09-27T22:50:29.841-0400] {dag.py:2915} INFO - Sync 1 DAGs
[2023-09-27T22:50:29.857-0400] {logging_mixin.py:151} INFO - [2023-09-27T22:50:29.857-0400] {dag.py:3696} INFO - Setting next_dagrun for example_setup_teardown_taskflow to 2023-09-27T02:50:29.857048+00:00, run_after=2023-09-28T02:50:29.857048+00:00
[2023-09-27T22:50:29.883-0400] {processor.py:179} INFO - Processing /home/beau/airflow/py_env/lib/python3.10/site-packages/airflow/example_dags/example_setup_teardown_taskflow.py took 0.102 seconds
[2023-09-27T22:51:23.647-0400] {processor.py:157} INFO - Started process (PID=17536) to work on /home/beau/airflow/py_env/lib/python3.10/site-packages/airflow/example_dags/example_setup_teardown_taskflow.py
[2023-09-27T22:51:23.650-0400] {processor.py:829} INFO - Processing file /home/beau/airflow/py_env/lib/python3.10/site-packages/airflow/example_dags/example_setup_teardown_taskflow.py for tasks to queue
[2023-09-27T22:51:23.651-0400] {logging_mixin.py:151} INFO - [2023-09-27T22:51:23.651-0400] {dagbag.py:539} INFO - Filling up the DagBag from /home/beau/airflow/py_env/lib/python3.10/site-packages/airflow/example_dags/example_setup_teardown_taskflow.py
[2023-09-27T22:51:23.660-0400] {processor.py:839} INFO - DAG(s) dict_keys(['example_setup_teardown_taskflow']) retrieved from /home/beau/airflow/py_env/lib/python3.10/site-packages/airflow/example_dags/example_setup_teardown_taskflow.py
[2023-09-27T22:51:23.676-0400] {logging_mixin.py:151} INFO - [2023-09-27T22:51:23.676-0400] {dag.py:2915} INFO - Sync 1 DAGs
[2023-09-27T22:51:23.693-0400] {logging_mixin.py:151} INFO - [2023-09-27T22:51:23.693-0400] {dag.py:3696} INFO - Setting next_dagrun for example_setup_teardown_taskflow to 2023-09-27T02:51:23.693522+00:00, run_after=2023-09-28T02:51:23.693522+00:00
[2023-09-27T22:51:23.720-0400] {processor.py:179} INFO - Processing /home/beau/airflow/py_env/lib/python3.10/site-packages/airflow/example_dags/example_setup_teardown_taskflow.py took 0.077 seconds
[2023-09-27T22:52:20.486-0400] {processor.py:157} INFO - Started process (PID=17790) to work on /home/beau/airflow/py_env/lib/python3.10/site-packages/airflow/example_dags/example_setup_teardown_taskflow.py
[2023-09-27T22:52:20.489-0400] {processor.py:829} INFO - Processing file /home/beau/airflow/py_env/lib/python3.10/site-packages/airflow/example_dags/example_setup_teardown_taskflow.py for tasks to queue
[2023-09-27T22:52:20.491-0400] {logging_mixin.py:151} INFO - [2023-09-27T22:52:20.490-0400] {dagbag.py:539} INFO - Filling up the DagBag from /home/beau/airflow/py_env/lib/python3.10/site-packages/airflow/example_dags/example_setup_teardown_taskflow.py
[2023-09-27T22:52:20.505-0400] {processor.py:839} INFO - DAG(s) dict_keys(['example_setup_teardown_taskflow']) retrieved from /home/beau/airflow/py_env/lib/python3.10/site-packages/airflow/example_dags/example_setup_teardown_taskflow.py
[2023-09-27T22:52:20.521-0400] {logging_mixin.py:151} INFO - [2023-09-27T22:52:20.520-0400] {dag.py:2915} INFO - Sync 1 DAGs
[2023-09-27T22:52:20.537-0400] {logging_mixin.py:151} INFO - [2023-09-27T22:52:20.537-0400] {dag.py:3696} INFO - Setting next_dagrun for example_setup_teardown_taskflow to 2023-09-27T02:52:20.537292+00:00, run_after=2023-09-28T02:52:20.537292+00:00
[2023-09-27T22:52:20.560-0400] {processor.py:179} INFO - Processing /home/beau/airflow/py_env/lib/python3.10/site-packages/airflow/example_dags/example_setup_teardown_taskflow.py took 0.084 seconds
[2023-09-27T22:53:12.301-0400] {processor.py:157} INFO - Started process (PID=18236) to work on /home/beau/airflow/py_env/lib/python3.10/site-packages/airflow/example_dags/example_setup_teardown_taskflow.py
[2023-09-27T22:53:12.307-0400] {processor.py:829} INFO - Processing file /home/beau/airflow/py_env/lib/python3.10/site-packages/airflow/example_dags/example_setup_teardown_taskflow.py for tasks to queue
[2023-09-27T22:53:12.310-0400] {logging_mixin.py:151} INFO - [2023-09-27T22:53:12.309-0400] {dagbag.py:539} INFO - Filling up the DagBag from /home/beau/airflow/py_env/lib/python3.10/site-packages/airflow/example_dags/example_setup_teardown_taskflow.py
[2023-09-27T22:53:12.331-0400] {processor.py:839} INFO - DAG(s) dict_keys(['example_setup_teardown_taskflow']) retrieved from /home/beau/airflow/py_env/lib/python3.10/site-packages/airflow/example_dags/example_setup_teardown_taskflow.py
[2023-09-27T22:53:12.352-0400] {logging_mixin.py:151} INFO - [2023-09-27T22:53:12.352-0400] {dag.py:2915} INFO - Sync 1 DAGs
[2023-09-27T22:53:12.370-0400] {logging_mixin.py:151} INFO - [2023-09-27T22:53:12.370-0400] {dag.py:3696} INFO - Setting next_dagrun for example_setup_teardown_taskflow to 2023-09-27T02:53:12.370421+00:00, run_after=2023-09-28T02:53:12.370421+00:00
[2023-09-27T22:53:12.400-0400] {processor.py:179} INFO - Processing /home/beau/airflow/py_env/lib/python3.10/site-packages/airflow/example_dags/example_setup_teardown_taskflow.py took 0.110 seconds
[2023-09-27T22:54:05.420-0400] {processor.py:157} INFO - Started process (PID=18663) to work on /home/beau/airflow/py_env/lib/python3.10/site-packages/airflow/example_dags/example_setup_teardown_taskflow.py
[2023-09-27T22:54:05.423-0400] {processor.py:829} INFO - Processing file /home/beau/airflow/py_env/lib/python3.10/site-packages/airflow/example_dags/example_setup_teardown_taskflow.py for tasks to queue
[2023-09-27T22:54:05.425-0400] {logging_mixin.py:151} INFO - [2023-09-27T22:54:05.424-0400] {dagbag.py:539} INFO - Filling up the DagBag from /home/beau/airflow/py_env/lib/python3.10/site-packages/airflow/example_dags/example_setup_teardown_taskflow.py
[2023-09-27T22:54:05.438-0400] {processor.py:839} INFO - DAG(s) dict_keys(['example_setup_teardown_taskflow']) retrieved from /home/beau/airflow/py_env/lib/python3.10/site-packages/airflow/example_dags/example_setup_teardown_taskflow.py
[2023-09-27T22:54:05.452-0400] {logging_mixin.py:151} INFO - [2023-09-27T22:54:05.452-0400] {dag.py:2915} INFO - Sync 1 DAGs
[2023-09-27T22:54:05.467-0400] {logging_mixin.py:151} INFO - [2023-09-27T22:54:05.466-0400] {dag.py:3696} INFO - Setting next_dagrun for example_setup_teardown_taskflow to 2023-09-27T02:54:05.466788+00:00, run_after=2023-09-28T02:54:05.466788+00:00
[2023-09-27T22:54:05.491-0400] {processor.py:179} INFO - Processing /home/beau/airflow/py_env/lib/python3.10/site-packages/airflow/example_dags/example_setup_teardown_taskflow.py took 0.074 seconds
[2023-09-27T22:55:00.850-0400] {processor.py:157} INFO - Started process (PID=19311) to work on /home/beau/airflow/py_env/lib/python3.10/site-packages/airflow/example_dags/example_setup_teardown_taskflow.py
[2023-09-27T22:55:00.854-0400] {processor.py:829} INFO - Processing file /home/beau/airflow/py_env/lib/python3.10/site-packages/airflow/example_dags/example_setup_teardown_taskflow.py for tasks to queue
[2023-09-27T22:55:00.856-0400] {logging_mixin.py:151} INFO - [2023-09-27T22:55:00.855-0400] {dagbag.py:539} INFO - Filling up the DagBag from /home/beau/airflow/py_env/lib/python3.10/site-packages/airflow/example_dags/example_setup_teardown_taskflow.py
[2023-09-27T22:55:00.867-0400] {processor.py:839} INFO - DAG(s) dict_keys(['example_setup_teardown_taskflow']) retrieved from /home/beau/airflow/py_env/lib/python3.10/site-packages/airflow/example_dags/example_setup_teardown_taskflow.py
[2023-09-27T22:55:00.884-0400] {logging_mixin.py:151} INFO - [2023-09-27T22:55:00.883-0400] {dag.py:2915} INFO - Sync 1 DAGs
[2023-09-27T22:55:00.900-0400] {logging_mixin.py:151} INFO - [2023-09-27T22:55:00.900-0400] {dag.py:3696} INFO - Setting next_dagrun for example_setup_teardown_taskflow to 2023-09-27T02:55:00.900369+00:00, run_after=2023-09-28T02:55:00.900369+00:00
[2023-09-27T22:55:00.922-0400] {processor.py:179} INFO - Processing /home/beau/airflow/py_env/lib/python3.10/site-packages/airflow/example_dags/example_setup_teardown_taskflow.py took 0.081 seconds
[2023-09-27T22:56:00.233-0400] {processor.py:157} INFO - Started process (PID=19723) to work on /home/beau/airflow/py_env/lib/python3.10/site-packages/airflow/example_dags/example_setup_teardown_taskflow.py
[2023-09-27T22:56:00.237-0400] {processor.py:829} INFO - Processing file /home/beau/airflow/py_env/lib/python3.10/site-packages/airflow/example_dags/example_setup_teardown_taskflow.py for tasks to queue
[2023-09-27T22:56:00.239-0400] {logging_mixin.py:151} INFO - [2023-09-27T22:56:00.238-0400] {dagbag.py:539} INFO - Filling up the DagBag from /home/beau/airflow/py_env/lib/python3.10/site-packages/airflow/example_dags/example_setup_teardown_taskflow.py
[2023-09-27T22:56:00.255-0400] {processor.py:839} INFO - DAG(s) dict_keys(['example_setup_teardown_taskflow']) retrieved from /home/beau/airflow/py_env/lib/python3.10/site-packages/airflow/example_dags/example_setup_teardown_taskflow.py
[2023-09-27T22:56:00.269-0400] {logging_mixin.py:151} INFO - [2023-09-27T22:56:00.268-0400] {dag.py:2915} INFO - Sync 1 DAGs
[2023-09-27T22:56:00.284-0400] {logging_mixin.py:151} INFO - [2023-09-27T22:56:00.284-0400] {dag.py:3696} INFO - Setting next_dagrun for example_setup_teardown_taskflow to 2023-09-27T02:56:00.284324+00:00, run_after=2023-09-28T02:56:00.284324+00:00
[2023-09-27T22:56:00.307-0400] {processor.py:179} INFO - Processing /home/beau/airflow/py_env/lib/python3.10/site-packages/airflow/example_dags/example_setup_teardown_taskflow.py took 0.079 seconds
[2023-09-27T22:56:51.392-0400] {processor.py:157} INFO - Started process (PID=20338) to work on /home/beau/airflow/py_env/lib/python3.10/site-packages/airflow/example_dags/example_setup_teardown_taskflow.py
[2023-09-27T22:56:51.396-0400] {processor.py:829} INFO - Processing file /home/beau/airflow/py_env/lib/python3.10/site-packages/airflow/example_dags/example_setup_teardown_taskflow.py for tasks to queue
[2023-09-27T22:56:51.398-0400] {logging_mixin.py:151} INFO - [2023-09-27T22:56:51.397-0400] {dagbag.py:539} INFO - Filling up the DagBag from /home/beau/airflow/py_env/lib/python3.10/site-packages/airflow/example_dags/example_setup_teardown_taskflow.py
[2023-09-27T22:56:51.407-0400] {processor.py:839} INFO - DAG(s) dict_keys(['example_setup_teardown_taskflow']) retrieved from /home/beau/airflow/py_env/lib/python3.10/site-packages/airflow/example_dags/example_setup_teardown_taskflow.py
[2023-09-27T22:56:51.425-0400] {logging_mixin.py:151} INFO - [2023-09-27T22:56:51.425-0400] {dag.py:2915} INFO - Sync 1 DAGs
[2023-09-27T22:56:51.442-0400] {logging_mixin.py:151} INFO - [2023-09-27T22:56:51.442-0400] {dag.py:3696} INFO - Setting next_dagrun for example_setup_teardown_taskflow to 2023-09-27T02:56:51.442401+00:00, run_after=2023-09-28T02:56:51.442401+00:00
[2023-09-27T22:56:51.465-0400] {processor.py:179} INFO - Processing /home/beau/airflow/py_env/lib/python3.10/site-packages/airflow/example_dags/example_setup_teardown_taskflow.py took 0.076 seconds
[2023-09-27T22:57:42.121-0400] {processor.py:157} INFO - Started process (PID=20748) to work on /home/beau/airflow/py_env/lib/python3.10/site-packages/airflow/example_dags/example_setup_teardown_taskflow.py
[2023-09-27T22:57:42.124-0400] {processor.py:829} INFO - Processing file /home/beau/airflow/py_env/lib/python3.10/site-packages/airflow/example_dags/example_setup_teardown_taskflow.py for tasks to queue
[2023-09-27T22:57:42.125-0400] {logging_mixin.py:151} INFO - [2023-09-27T22:57:42.125-0400] {dagbag.py:539} INFO - Filling up the DagBag from /home/beau/airflow/py_env/lib/python3.10/site-packages/airflow/example_dags/example_setup_teardown_taskflow.py
[2023-09-27T22:57:42.136-0400] {processor.py:839} INFO - DAG(s) dict_keys(['example_setup_teardown_taskflow']) retrieved from /home/beau/airflow/py_env/lib/python3.10/site-packages/airflow/example_dags/example_setup_teardown_taskflow.py
[2023-09-27T22:57:42.156-0400] {logging_mixin.py:151} INFO - [2023-09-27T22:57:42.156-0400] {dag.py:2915} INFO - Sync 1 DAGs
[2023-09-27T22:57:42.179-0400] {logging_mixin.py:151} INFO - [2023-09-27T22:57:42.178-0400] {dag.py:3696} INFO - Setting next_dagrun for example_setup_teardown_taskflow to 2023-09-27T02:57:42.178327+00:00, run_after=2023-09-28T02:57:42.178327+00:00
[2023-09-27T22:57:42.205-0400] {processor.py:179} INFO - Processing /home/beau/airflow/py_env/lib/python3.10/site-packages/airflow/example_dags/example_setup_teardown_taskflow.py took 0.087 seconds
[2023-09-27T22:58:33.608-0400] {processor.py:157} INFO - Started process (PID=21278) to work on /home/beau/airflow/py_env/lib/python3.10/site-packages/airflow/example_dags/example_setup_teardown_taskflow.py
[2023-09-27T22:58:33.611-0400] {processor.py:829} INFO - Processing file /home/beau/airflow/py_env/lib/python3.10/site-packages/airflow/example_dags/example_setup_teardown_taskflow.py for tasks to queue
[2023-09-27T22:58:33.613-0400] {logging_mixin.py:151} INFO - [2023-09-27T22:58:33.613-0400] {dagbag.py:539} INFO - Filling up the DagBag from /home/beau/airflow/py_env/lib/python3.10/site-packages/airflow/example_dags/example_setup_teardown_taskflow.py
[2023-09-27T22:58:33.625-0400] {processor.py:839} INFO - DAG(s) dict_keys(['example_setup_teardown_taskflow']) retrieved from /home/beau/airflow/py_env/lib/python3.10/site-packages/airflow/example_dags/example_setup_teardown_taskflow.py
[2023-09-27T22:58:33.644-0400] {logging_mixin.py:151} INFO - [2023-09-27T22:58:33.644-0400] {dag.py:2915} INFO - Sync 1 DAGs
[2023-09-27T22:58:33.662-0400] {logging_mixin.py:151} INFO - [2023-09-27T22:58:33.662-0400] {dag.py:3696} INFO - Setting next_dagrun for example_setup_teardown_taskflow to 2023-09-27T02:58:33.662426+00:00, run_after=2023-09-28T02:58:33.662426+00:00
[2023-09-27T22:58:33.688-0400] {processor.py:179} INFO - Processing /home/beau/airflow/py_env/lib/python3.10/site-packages/airflow/example_dags/example_setup_teardown_taskflow.py took 0.085 seconds
[2023-09-27T22:59:29.021-0400] {processor.py:157} INFO - Started process (PID=21715) to work on /home/beau/airflow/py_env/lib/python3.10/site-packages/airflow/example_dags/example_setup_teardown_taskflow.py
[2023-09-27T22:59:29.024-0400] {processor.py:829} INFO - Processing file /home/beau/airflow/py_env/lib/python3.10/site-packages/airflow/example_dags/example_setup_teardown_taskflow.py for tasks to queue
[2023-09-27T22:59:29.025-0400] {logging_mixin.py:151} INFO - [2023-09-27T22:59:29.025-0400] {dagbag.py:539} INFO - Filling up the DagBag from /home/beau/airflow/py_env/lib/python3.10/site-packages/airflow/example_dags/example_setup_teardown_taskflow.py
[2023-09-27T22:59:29.036-0400] {processor.py:839} INFO - DAG(s) dict_keys(['example_setup_teardown_taskflow']) retrieved from /home/beau/airflow/py_env/lib/python3.10/site-packages/airflow/example_dags/example_setup_teardown_taskflow.py
[2023-09-27T22:59:29.073-0400] {logging_mixin.py:151} INFO - [2023-09-27T22:59:29.073-0400] {dag.py:2915} INFO - Sync 1 DAGs
[2023-09-27T22:59:29.097-0400] {logging_mixin.py:151} INFO - [2023-09-27T22:59:29.096-0400] {dag.py:3696} INFO - Setting next_dagrun for example_setup_teardown_taskflow to 2023-09-27T02:59:29.096815+00:00, run_after=2023-09-28T02:59:29.096815+00:00
[2023-09-27T22:59:29.127-0400] {processor.py:179} INFO - Processing /home/beau/airflow/py_env/lib/python3.10/site-packages/airflow/example_dags/example_setup_teardown_taskflow.py took 0.111 seconds
[2023-09-27T23:00:23.895-0400] {processor.py:157} INFO - Started process (PID=21962) to work on /home/beau/airflow/py_env/lib/python3.10/site-packages/airflow/example_dags/example_setup_teardown_taskflow.py
[2023-09-27T23:00:23.900-0400] {processor.py:829} INFO - Processing file /home/beau/airflow/py_env/lib/python3.10/site-packages/airflow/example_dags/example_setup_teardown_taskflow.py for tasks to queue
[2023-09-27T23:00:23.901-0400] {logging_mixin.py:151} INFO - [2023-09-27T23:00:23.900-0400] {dagbag.py:539} INFO - Filling up the DagBag from /home/beau/airflow/py_env/lib/python3.10/site-packages/airflow/example_dags/example_setup_teardown_taskflow.py
[2023-09-27T23:00:23.909-0400] {processor.py:839} INFO - DAG(s) dict_keys(['example_setup_teardown_taskflow']) retrieved from /home/beau/airflow/py_env/lib/python3.10/site-packages/airflow/example_dags/example_setup_teardown_taskflow.py
[2023-09-27T23:00:23.923-0400] {logging_mixin.py:151} INFO - [2023-09-27T23:00:23.923-0400] {dag.py:2915} INFO - Sync 1 DAGs
[2023-09-27T23:00:23.939-0400] {logging_mixin.py:151} INFO - [2023-09-27T23:00:23.939-0400] {dag.py:3696} INFO - Setting next_dagrun for example_setup_teardown_taskflow to 2023-09-27T03:00:23.938937+00:00, run_after=2023-09-28T03:00:23.938937+00:00
[2023-09-27T23:00:23.962-0400] {processor.py:179} INFO - Processing /home/beau/airflow/py_env/lib/python3.10/site-packages/airflow/example_dags/example_setup_teardown_taskflow.py took 0.073 seconds
[2023-09-27T23:01:15.581-0400] {processor.py:157} INFO - Started process (PID=22207) to work on /home/beau/airflow/py_env/lib/python3.10/site-packages/airflow/example_dags/example_setup_teardown_taskflow.py
[2023-09-27T23:01:15.585-0400] {processor.py:829} INFO - Processing file /home/beau/airflow/py_env/lib/python3.10/site-packages/airflow/example_dags/example_setup_teardown_taskflow.py for tasks to queue
[2023-09-27T23:01:15.586-0400] {logging_mixin.py:151} INFO - [2023-09-27T23:01:15.586-0400] {dagbag.py:539} INFO - Filling up the DagBag from /home/beau/airflow/py_env/lib/python3.10/site-packages/airflow/example_dags/example_setup_teardown_taskflow.py
[2023-09-27T23:01:15.598-0400] {processor.py:839} INFO - DAG(s) dict_keys(['example_setup_teardown_taskflow']) retrieved from /home/beau/airflow/py_env/lib/python3.10/site-packages/airflow/example_dags/example_setup_teardown_taskflow.py
[2023-09-27T23:01:15.614-0400] {logging_mixin.py:151} INFO - [2023-09-27T23:01:15.614-0400] {dag.py:2915} INFO - Sync 1 DAGs
[2023-09-27T23:01:15.630-0400] {logging_mixin.py:151} INFO - [2023-09-27T23:01:15.630-0400] {dag.py:3696} INFO - Setting next_dagrun for example_setup_teardown_taskflow to 2023-09-27T03:01:15.630179+00:00, run_after=2023-09-28T03:01:15.630179+00:00
[2023-09-27T23:01:15.653-0400] {processor.py:179} INFO - Processing /home/beau/airflow/py_env/lib/python3.10/site-packages/airflow/example_dags/example_setup_teardown_taskflow.py took 0.075 seconds
[2023-09-27T23:02:09.008-0400] {processor.py:157} INFO - Started process (PID=22453) to work on /home/beau/airflow/py_env/lib/python3.10/site-packages/airflow/example_dags/example_setup_teardown_taskflow.py
[2023-09-27T23:02:09.012-0400] {processor.py:829} INFO - Processing file /home/beau/airflow/py_env/lib/python3.10/site-packages/airflow/example_dags/example_setup_teardown_taskflow.py for tasks to queue
[2023-09-27T23:02:09.014-0400] {logging_mixin.py:151} INFO - [2023-09-27T23:02:09.013-0400] {dagbag.py:539} INFO - Filling up the DagBag from /home/beau/airflow/py_env/lib/python3.10/site-packages/airflow/example_dags/example_setup_teardown_taskflow.py
[2023-09-27T23:02:09.032-0400] {processor.py:839} INFO - DAG(s) dict_keys(['example_setup_teardown_taskflow']) retrieved from /home/beau/airflow/py_env/lib/python3.10/site-packages/airflow/example_dags/example_setup_teardown_taskflow.py
[2023-09-27T23:02:09.053-0400] {logging_mixin.py:151} INFO - [2023-09-27T23:02:09.052-0400] {dag.py:2915} INFO - Sync 1 DAGs
[2023-09-27T23:02:09.068-0400] {logging_mixin.py:151} INFO - [2023-09-27T23:02:09.068-0400] {dag.py:3696} INFO - Setting next_dagrun for example_setup_teardown_taskflow to 2023-09-27T03:02:09.068512+00:00, run_after=2023-09-28T03:02:09.068512+00:00
[2023-09-27T23:02:09.095-0400] {processor.py:179} INFO - Processing /home/beau/airflow/py_env/lib/python3.10/site-packages/airflow/example_dags/example_setup_teardown_taskflow.py took 0.093 seconds
[2023-09-27T23:02:58.030-0400] {processor.py:157} INFO - Started process (PID=22747) to work on /home/beau/airflow/py_env/lib/python3.10/site-packages/airflow/example_dags/example_setup_teardown_taskflow.py
[2023-09-27T23:02:58.034-0400] {processor.py:829} INFO - Processing file /home/beau/airflow/py_env/lib/python3.10/site-packages/airflow/example_dags/example_setup_teardown_taskflow.py for tasks to queue
[2023-09-27T23:02:58.036-0400] {logging_mixin.py:151} INFO - [2023-09-27T23:02:58.035-0400] {dagbag.py:539} INFO - Filling up the DagBag from /home/beau/airflow/py_env/lib/python3.10/site-packages/airflow/example_dags/example_setup_teardown_taskflow.py
[2023-09-27T23:02:58.051-0400] {processor.py:839} INFO - DAG(s) dict_keys(['example_setup_teardown_taskflow']) retrieved from /home/beau/airflow/py_env/lib/python3.10/site-packages/airflow/example_dags/example_setup_teardown_taskflow.py
[2023-09-27T23:02:58.067-0400] {logging_mixin.py:151} INFO - [2023-09-27T23:02:58.067-0400] {dag.py:2915} INFO - Sync 1 DAGs
[2023-09-27T23:02:58.083-0400] {logging_mixin.py:151} INFO - [2023-09-27T23:02:58.083-0400] {dag.py:3696} INFO - Setting next_dagrun for example_setup_teardown_taskflow to 2023-09-27T03:02:58.082837+00:00, run_after=2023-09-28T03:02:58.082837+00:00
[2023-09-27T23:02:58.107-0400] {processor.py:179} INFO - Processing /home/beau/airflow/py_env/lib/python3.10/site-packages/airflow/example_dags/example_setup_teardown_taskflow.py took 0.081 seconds
[2023-09-27T23:03:48.181-0400] {processor.py:157} INFO - Started process (PID=23067) to work on /home/beau/airflow/py_env/lib/python3.10/site-packages/airflow/example_dags/example_setup_teardown_taskflow.py
[2023-09-27T23:03:48.184-0400] {processor.py:829} INFO - Processing file /home/beau/airflow/py_env/lib/python3.10/site-packages/airflow/example_dags/example_setup_teardown_taskflow.py for tasks to queue
[2023-09-27T23:03:48.186-0400] {logging_mixin.py:151} INFO - [2023-09-27T23:03:48.186-0400] {dagbag.py:539} INFO - Filling up the DagBag from /home/beau/airflow/py_env/lib/python3.10/site-packages/airflow/example_dags/example_setup_teardown_taskflow.py
[2023-09-27T23:03:48.204-0400] {processor.py:839} INFO - DAG(s) dict_keys(['example_setup_teardown_taskflow']) retrieved from /home/beau/airflow/py_env/lib/python3.10/site-packages/airflow/example_dags/example_setup_teardown_taskflow.py
[2023-09-27T23:03:48.223-0400] {logging_mixin.py:151} INFO - [2023-09-27T23:03:48.223-0400] {dag.py:2915} INFO - Sync 1 DAGs
[2023-09-27T23:03:48.242-0400] {logging_mixin.py:151} INFO - [2023-09-27T23:03:48.241-0400] {dag.py:3696} INFO - Setting next_dagrun for example_setup_teardown_taskflow to 2023-09-27T03:03:48.241778+00:00, run_after=2023-09-28T03:03:48.241778+00:00
[2023-09-27T23:03:48.266-0400] {processor.py:179} INFO - Processing /home/beau/airflow/py_env/lib/python3.10/site-packages/airflow/example_dags/example_setup_teardown_taskflow.py took 0.090 seconds
[2023-09-27T23:04:44.321-0400] {processor.py:157} INFO - Started process (PID=23424) to work on /home/beau/airflow/py_env/lib/python3.10/site-packages/airflow/example_dags/example_setup_teardown_taskflow.py
[2023-09-27T23:04:44.324-0400] {processor.py:829} INFO - Processing file /home/beau/airflow/py_env/lib/python3.10/site-packages/airflow/example_dags/example_setup_teardown_taskflow.py for tasks to queue
[2023-09-27T23:04:44.325-0400] {logging_mixin.py:151} INFO - [2023-09-27T23:04:44.325-0400] {dagbag.py:539} INFO - Filling up the DagBag from /home/beau/airflow/py_env/lib/python3.10/site-packages/airflow/example_dags/example_setup_teardown_taskflow.py
[2023-09-27T23:04:44.336-0400] {processor.py:839} INFO - DAG(s) dict_keys(['example_setup_teardown_taskflow']) retrieved from /home/beau/airflow/py_env/lib/python3.10/site-packages/airflow/example_dags/example_setup_teardown_taskflow.py
[2023-09-27T23:04:44.354-0400] {logging_mixin.py:151} INFO - [2023-09-27T23:04:44.354-0400] {dag.py:2915} INFO - Sync 1 DAGs
[2023-09-27T23:04:44.374-0400] {logging_mixin.py:151} INFO - [2023-09-27T23:04:44.374-0400] {dag.py:3696} INFO - Setting next_dagrun for example_setup_teardown_taskflow to 2023-09-27T03:04:44.373876+00:00, run_after=2023-09-28T03:04:44.373876+00:00
[2023-09-27T23:04:44.397-0400] {processor.py:179} INFO - Processing /home/beau/airflow/py_env/lib/python3.10/site-packages/airflow/example_dags/example_setup_teardown_taskflow.py took 0.080 seconds
[2023-09-27T23:05:37.651-0400] {processor.py:157} INFO - Started process (PID=23667) to work on /home/beau/airflow/py_env/lib/python3.10/site-packages/airflow/example_dags/example_setup_teardown_taskflow.py
[2023-09-27T23:05:37.656-0400] {processor.py:829} INFO - Processing file /home/beau/airflow/py_env/lib/python3.10/site-packages/airflow/example_dags/example_setup_teardown_taskflow.py for tasks to queue
[2023-09-27T23:05:37.658-0400] {logging_mixin.py:151} INFO - [2023-09-27T23:05:37.657-0400] {dagbag.py:539} INFO - Filling up the DagBag from /home/beau/airflow/py_env/lib/python3.10/site-packages/airflow/example_dags/example_setup_teardown_taskflow.py
[2023-09-27T23:05:37.680-0400] {processor.py:839} INFO - DAG(s) dict_keys(['example_setup_teardown_taskflow']) retrieved from /home/beau/airflow/py_env/lib/python3.10/site-packages/airflow/example_dags/example_setup_teardown_taskflow.py
[2023-09-27T23:05:37.696-0400] {logging_mixin.py:151} INFO - [2023-09-27T23:05:37.696-0400] {dag.py:2915} INFO - Sync 1 DAGs
[2023-09-27T23:05:37.715-0400] {logging_mixin.py:151} INFO - [2023-09-27T23:05:37.715-0400] {dag.py:3696} INFO - Setting next_dagrun for example_setup_teardown_taskflow to 2023-09-27T03:05:37.715208+00:00, run_after=2023-09-28T03:05:37.715208+00:00
[2023-09-27T23:05:37.745-0400] {processor.py:179} INFO - Processing /home/beau/airflow/py_env/lib/python3.10/site-packages/airflow/example_dags/example_setup_teardown_taskflow.py took 0.106 seconds
[2023-09-27T23:06:38.312-0400] {processor.py:157} INFO - Started process (PID=23935) to work on /home/beau/airflow/py_env/lib/python3.10/site-packages/airflow/example_dags/example_setup_teardown_taskflow.py
[2023-09-27T23:06:38.317-0400] {processor.py:829} INFO - Processing file /home/beau/airflow/py_env/lib/python3.10/site-packages/airflow/example_dags/example_setup_teardown_taskflow.py for tasks to queue
[2023-09-27T23:06:38.318-0400] {logging_mixin.py:151} INFO - [2023-09-27T23:06:38.317-0400] {dagbag.py:539} INFO - Filling up the DagBag from /home/beau/airflow/py_env/lib/python3.10/site-packages/airflow/example_dags/example_setup_teardown_taskflow.py
[2023-09-27T23:06:38.331-0400] {processor.py:839} INFO - DAG(s) dict_keys(['example_setup_teardown_taskflow']) retrieved from /home/beau/airflow/py_env/lib/python3.10/site-packages/airflow/example_dags/example_setup_teardown_taskflow.py
[2023-09-27T23:06:38.351-0400] {logging_mixin.py:151} INFO - [2023-09-27T23:06:38.351-0400] {dag.py:2915} INFO - Sync 1 DAGs
[2023-09-27T23:06:38.377-0400] {logging_mixin.py:151} INFO - [2023-09-27T23:06:38.377-0400] {dag.py:3696} INFO - Setting next_dagrun for example_setup_teardown_taskflow to 2023-09-27T03:06:38.377195+00:00, run_after=2023-09-28T03:06:38.377195+00:00
[2023-09-27T23:06:38.413-0400] {processor.py:179} INFO - Processing /home/beau/airflow/py_env/lib/python3.10/site-packages/airflow/example_dags/example_setup_teardown_taskflow.py took 0.105 seconds
[2023-09-27T23:07:38.545-0400] {processor.py:157} INFO - Started process (PID=24198) to work on /home/beau/airflow/py_env/lib/python3.10/site-packages/airflow/example_dags/example_setup_teardown_taskflow.py
[2023-09-27T23:07:38.548-0400] {processor.py:829} INFO - Processing file /home/beau/airflow/py_env/lib/python3.10/site-packages/airflow/example_dags/example_setup_teardown_taskflow.py for tasks to queue
[2023-09-27T23:07:38.551-0400] {logging_mixin.py:151} INFO - [2023-09-27T23:07:38.550-0400] {dagbag.py:539} INFO - Filling up the DagBag from /home/beau/airflow/py_env/lib/python3.10/site-packages/airflow/example_dags/example_setup_teardown_taskflow.py
[2023-09-27T23:07:38.580-0400] {processor.py:839} INFO - DAG(s) dict_keys(['example_setup_teardown_taskflow']) retrieved from /home/beau/airflow/py_env/lib/python3.10/site-packages/airflow/example_dags/example_setup_teardown_taskflow.py
[2023-09-27T23:07:38.597-0400] {logging_mixin.py:151} INFO - [2023-09-27T23:07:38.597-0400] {dag.py:2915} INFO - Sync 1 DAGs
[2023-09-27T23:07:38.615-0400] {logging_mixin.py:151} INFO - [2023-09-27T23:07:38.615-0400] {dag.py:3696} INFO - Setting next_dagrun for example_setup_teardown_taskflow to 2023-09-27T03:07:38.614981+00:00, run_after=2023-09-28T03:07:38.614981+00:00
[2023-09-27T23:07:38.658-0400] {processor.py:179} INFO - Processing /home/beau/airflow/py_env/lib/python3.10/site-packages/airflow/example_dags/example_setup_teardown_taskflow.py took 0.116 seconds
[2023-09-27T23:08:39.991-0400] {processor.py:157} INFO - Started process (PID=24528) to work on /home/beau/airflow/py_env/lib/python3.10/site-packages/airflow/example_dags/example_setup_teardown_taskflow.py
[2023-09-27T23:08:39.995-0400] {processor.py:829} INFO - Processing file /home/beau/airflow/py_env/lib/python3.10/site-packages/airflow/example_dags/example_setup_teardown_taskflow.py for tasks to queue
[2023-09-27T23:08:39.999-0400] {logging_mixin.py:151} INFO - [2023-09-27T23:08:39.998-0400] {dagbag.py:539} INFO - Filling up the DagBag from /home/beau/airflow/py_env/lib/python3.10/site-packages/airflow/example_dags/example_setup_teardown_taskflow.py
[2023-09-27T23:08:40.030-0400] {processor.py:839} INFO - DAG(s) dict_keys(['example_setup_teardown_taskflow']) retrieved from /home/beau/airflow/py_env/lib/python3.10/site-packages/airflow/example_dags/example_setup_teardown_taskflow.py
[2023-09-27T23:08:40.056-0400] {logging_mixin.py:151} INFO - [2023-09-27T23:08:40.056-0400] {dag.py:2915} INFO - Sync 1 DAGs
[2023-09-27T23:08:40.073-0400] {logging_mixin.py:151} INFO - [2023-09-27T23:08:40.073-0400] {dag.py:3696} INFO - Setting next_dagrun for example_setup_teardown_taskflow to 2023-09-27T03:08:40.073152+00:00, run_after=2023-09-28T03:08:40.073152+00:00
[2023-09-27T23:08:40.100-0400] {processor.py:179} INFO - Processing /home/beau/airflow/py_env/lib/python3.10/site-packages/airflow/example_dags/example_setup_teardown_taskflow.py took 0.116 seconds
[2023-09-27T23:09:36.707-0400] {processor.py:157} INFO - Started process (PID=24830) to work on /home/beau/airflow/py_env/lib/python3.10/site-packages/airflow/example_dags/example_setup_teardown_taskflow.py
[2023-09-27T23:09:36.711-0400] {processor.py:829} INFO - Processing file /home/beau/airflow/py_env/lib/python3.10/site-packages/airflow/example_dags/example_setup_teardown_taskflow.py for tasks to queue
[2023-09-27T23:09:36.714-0400] {logging_mixin.py:151} INFO - [2023-09-27T23:09:36.713-0400] {dagbag.py:539} INFO - Filling up the DagBag from /home/beau/airflow/py_env/lib/python3.10/site-packages/airflow/example_dags/example_setup_teardown_taskflow.py
[2023-09-27T23:09:36.736-0400] {processor.py:839} INFO - DAG(s) dict_keys(['example_setup_teardown_taskflow']) retrieved from /home/beau/airflow/py_env/lib/python3.10/site-packages/airflow/example_dags/example_setup_teardown_taskflow.py
[2023-09-27T23:09:36.763-0400] {logging_mixin.py:151} INFO - [2023-09-27T23:09:36.762-0400] {dag.py:2915} INFO - Sync 1 DAGs
[2023-09-27T23:09:36.778-0400] {logging_mixin.py:151} INFO - [2023-09-27T23:09:36.778-0400] {dag.py:3696} INFO - Setting next_dagrun for example_setup_teardown_taskflow to 2023-09-27T03:09:36.778402+00:00, run_after=2023-09-28T03:09:36.778402+00:00
[2023-09-27T23:09:36.804-0400] {processor.py:179} INFO - Processing /home/beau/airflow/py_env/lib/python3.10/site-packages/airflow/example_dags/example_setup_teardown_taskflow.py took 0.106 seconds
[2023-09-27T23:10:34.666-0400] {processor.py:157} INFO - Started process (PID=25085) to work on /home/beau/airflow/py_env/lib/python3.10/site-packages/airflow/example_dags/example_setup_teardown_taskflow.py
[2023-09-27T23:10:34.670-0400] {processor.py:829} INFO - Processing file /home/beau/airflow/py_env/lib/python3.10/site-packages/airflow/example_dags/example_setup_teardown_taskflow.py for tasks to queue
[2023-09-27T23:10:34.671-0400] {logging_mixin.py:151} INFO - [2023-09-27T23:10:34.671-0400] {dagbag.py:539} INFO - Filling up the DagBag from /home/beau/airflow/py_env/lib/python3.10/site-packages/airflow/example_dags/example_setup_teardown_taskflow.py
[2023-09-27T23:10:34.685-0400] {processor.py:839} INFO - DAG(s) dict_keys(['example_setup_teardown_taskflow']) retrieved from /home/beau/airflow/py_env/lib/python3.10/site-packages/airflow/example_dags/example_setup_teardown_taskflow.py
[2023-09-27T23:10:34.703-0400] {logging_mixin.py:151} INFO - [2023-09-27T23:10:34.703-0400] {dag.py:2915} INFO - Sync 1 DAGs
[2023-09-27T23:10:34.723-0400] {logging_mixin.py:151} INFO - [2023-09-27T23:10:34.722-0400] {dag.py:3696} INFO - Setting next_dagrun for example_setup_teardown_taskflow to 2023-09-27T03:10:34.722676+00:00, run_after=2023-09-28T03:10:34.722676+00:00
[2023-09-27T23:10:34.756-0400] {processor.py:179} INFO - Processing /home/beau/airflow/py_env/lib/python3.10/site-packages/airflow/example_dags/example_setup_teardown_taskflow.py took 0.095 seconds
[2023-09-27T23:11:32.328-0400] {processor.py:157} INFO - Started process (PID=25369) to work on /home/beau/airflow/py_env/lib/python3.10/site-packages/airflow/example_dags/example_setup_teardown_taskflow.py
[2023-09-27T23:11:32.332-0400] {processor.py:829} INFO - Processing file /home/beau/airflow/py_env/lib/python3.10/site-packages/airflow/example_dags/example_setup_teardown_taskflow.py for tasks to queue
[2023-09-27T23:11:32.333-0400] {logging_mixin.py:151} INFO - [2023-09-27T23:11:32.332-0400] {dagbag.py:539} INFO - Filling up the DagBag from /home/beau/airflow/py_env/lib/python3.10/site-packages/airflow/example_dags/example_setup_teardown_taskflow.py
[2023-09-27T23:11:32.343-0400] {processor.py:839} INFO - DAG(s) dict_keys(['example_setup_teardown_taskflow']) retrieved from /home/beau/airflow/py_env/lib/python3.10/site-packages/airflow/example_dags/example_setup_teardown_taskflow.py
[2023-09-27T23:11:32.359-0400] {logging_mixin.py:151} INFO - [2023-09-27T23:11:32.359-0400] {dag.py:2915} INFO - Sync 1 DAGs
[2023-09-27T23:11:32.377-0400] {logging_mixin.py:151} INFO - [2023-09-27T23:11:32.377-0400] {dag.py:3696} INFO - Setting next_dagrun for example_setup_teardown_taskflow to 2023-09-27T03:11:32.377073+00:00, run_after=2023-09-28T03:11:32.377073+00:00
[2023-09-27T23:11:32.404-0400] {processor.py:179} INFO - Processing /home/beau/airflow/py_env/lib/python3.10/site-packages/airflow/example_dags/example_setup_teardown_taskflow.py took 0.079 seconds
[2023-09-27T23:12:29.590-0400] {processor.py:157} INFO - Started process (PID=25624) to work on /home/beau/airflow/py_env/lib/python3.10/site-packages/airflow/example_dags/example_setup_teardown_taskflow.py
[2023-09-27T23:12:29.594-0400] {processor.py:829} INFO - Processing file /home/beau/airflow/py_env/lib/python3.10/site-packages/airflow/example_dags/example_setup_teardown_taskflow.py for tasks to queue
[2023-09-27T23:12:29.596-0400] {logging_mixin.py:151} INFO - [2023-09-27T23:12:29.595-0400] {dagbag.py:539} INFO - Filling up the DagBag from /home/beau/airflow/py_env/lib/python3.10/site-packages/airflow/example_dags/example_setup_teardown_taskflow.py
[2023-09-27T23:12:29.611-0400] {processor.py:839} INFO - DAG(s) dict_keys(['example_setup_teardown_taskflow']) retrieved from /home/beau/airflow/py_env/lib/python3.10/site-packages/airflow/example_dags/example_setup_teardown_taskflow.py
[2023-09-27T23:12:29.626-0400] {logging_mixin.py:151} INFO - [2023-09-27T23:12:29.625-0400] {dag.py:2915} INFO - Sync 1 DAGs
[2023-09-27T23:12:29.641-0400] {logging_mixin.py:151} INFO - [2023-09-27T23:12:29.641-0400] {dag.py:3696} INFO - Setting next_dagrun for example_setup_teardown_taskflow to 2023-09-27T03:12:29.641199+00:00, run_after=2023-09-28T03:12:29.641199+00:00
[2023-09-27T23:12:29.665-0400] {processor.py:179} INFO - Processing /home/beau/airflow/py_env/lib/python3.10/site-packages/airflow/example_dags/example_setup_teardown_taskflow.py took 0.080 seconds
[2023-09-27T23:13:23.906-0400] {processor.py:157} INFO - Started process (PID=25933) to work on /home/beau/airflow/py_env/lib/python3.10/site-packages/airflow/example_dags/example_setup_teardown_taskflow.py
[2023-09-27T23:13:23.908-0400] {processor.py:829} INFO - Processing file /home/beau/airflow/py_env/lib/python3.10/site-packages/airflow/example_dags/example_setup_teardown_taskflow.py for tasks to queue
[2023-09-27T23:13:23.909-0400] {logging_mixin.py:151} INFO - [2023-09-27T23:13:23.909-0400] {dagbag.py:539} INFO - Filling up the DagBag from /home/beau/airflow/py_env/lib/python3.10/site-packages/airflow/example_dags/example_setup_teardown_taskflow.py
[2023-09-27T23:13:23.924-0400] {processor.py:839} INFO - DAG(s) dict_keys(['example_setup_teardown_taskflow']) retrieved from /home/beau/airflow/py_env/lib/python3.10/site-packages/airflow/example_dags/example_setup_teardown_taskflow.py
[2023-09-27T23:13:23.943-0400] {logging_mixin.py:151} INFO - [2023-09-27T23:13:23.943-0400] {dag.py:2915} INFO - Sync 1 DAGs
[2023-09-27T23:13:23.965-0400] {logging_mixin.py:151} INFO - [2023-09-27T23:13:23.965-0400] {dag.py:3696} INFO - Setting next_dagrun for example_setup_teardown_taskflow to 2023-09-27T03:13:23.964843+00:00, run_after=2023-09-28T03:13:23.964843+00:00
[2023-09-27T23:13:23.992-0400] {processor.py:179} INFO - Processing /home/beau/airflow/py_env/lib/python3.10/site-packages/airflow/example_dags/example_setup_teardown_taskflow.py took 0.091 seconds
[2023-09-27T23:14:16.415-0400] {processor.py:157} INFO - Started process (PID=26172) to work on /home/beau/airflow/py_env/lib/python3.10/site-packages/airflow/example_dags/example_setup_teardown_taskflow.py
[2023-09-27T23:14:16.419-0400] {processor.py:829} INFO - Processing file /home/beau/airflow/py_env/lib/python3.10/site-packages/airflow/example_dags/example_setup_teardown_taskflow.py for tasks to queue
[2023-09-27T23:14:16.421-0400] {logging_mixin.py:151} INFO - [2023-09-27T23:14:16.420-0400] {dagbag.py:539} INFO - Filling up the DagBag from /home/beau/airflow/py_env/lib/python3.10/site-packages/airflow/example_dags/example_setup_teardown_taskflow.py
[2023-09-27T23:14:16.432-0400] {processor.py:839} INFO - DAG(s) dict_keys(['example_setup_teardown_taskflow']) retrieved from /home/beau/airflow/py_env/lib/python3.10/site-packages/airflow/example_dags/example_setup_teardown_taskflow.py
[2023-09-27T23:14:16.454-0400] {logging_mixin.py:151} INFO - [2023-09-27T23:14:16.454-0400] {dag.py:2915} INFO - Sync 1 DAGs
[2023-09-27T23:14:16.475-0400] {logging_mixin.py:151} INFO - [2023-09-27T23:14:16.475-0400] {dag.py:3696} INFO - Setting next_dagrun for example_setup_teardown_taskflow to 2023-09-27T03:14:16.474838+00:00, run_after=2023-09-28T03:14:16.474838+00:00
[2023-09-27T23:14:16.506-0400] {processor.py:179} INFO - Processing /home/beau/airflow/py_env/lib/python3.10/site-packages/airflow/example_dags/example_setup_teardown_taskflow.py took 0.094 seconds
[2023-09-27T23:15:09.840-0400] {processor.py:157} INFO - Started process (PID=26420) to work on /home/beau/airflow/py_env/lib/python3.10/site-packages/airflow/example_dags/example_setup_teardown_taskflow.py
[2023-09-27T23:15:09.844-0400] {processor.py:829} INFO - Processing file /home/beau/airflow/py_env/lib/python3.10/site-packages/airflow/example_dags/example_setup_teardown_taskflow.py for tasks to queue
[2023-09-27T23:15:09.845-0400] {logging_mixin.py:151} INFO - [2023-09-27T23:15:09.844-0400] {dagbag.py:539} INFO - Filling up the DagBag from /home/beau/airflow/py_env/lib/python3.10/site-packages/airflow/example_dags/example_setup_teardown_taskflow.py
[2023-09-27T23:15:09.857-0400] {processor.py:839} INFO - DAG(s) dict_keys(['example_setup_teardown_taskflow']) retrieved from /home/beau/airflow/py_env/lib/python3.10/site-packages/airflow/example_dags/example_setup_teardown_taskflow.py
[2023-09-27T23:15:09.876-0400] {logging_mixin.py:151} INFO - [2023-09-27T23:15:09.876-0400] {dag.py:2915} INFO - Sync 1 DAGs
[2023-09-27T23:15:09.896-0400] {logging_mixin.py:151} INFO - [2023-09-27T23:15:09.896-0400] {dag.py:3696} INFO - Setting next_dagrun for example_setup_teardown_taskflow to 2023-09-27T03:15:09.896203+00:00, run_after=2023-09-28T03:15:09.896203+00:00
[2023-09-27T23:15:09.928-0400] {processor.py:179} INFO - Processing /home/beau/airflow/py_env/lib/python3.10/site-packages/airflow/example_dags/example_setup_teardown_taskflow.py took 0.090 seconds
[2023-09-27T23:16:08.047-0400] {processor.py:157} INFO - Started process (PID=26681) to work on /home/beau/airflow/py_env/lib/python3.10/site-packages/airflow/example_dags/example_setup_teardown_taskflow.py
[2023-09-27T23:16:08.052-0400] {processor.py:829} INFO - Processing file /home/beau/airflow/py_env/lib/python3.10/site-packages/airflow/example_dags/example_setup_teardown_taskflow.py for tasks to queue
[2023-09-27T23:16:08.053-0400] {logging_mixin.py:151} INFO - [2023-09-27T23:16:08.053-0400] {dagbag.py:539} INFO - Filling up the DagBag from /home/beau/airflow/py_env/lib/python3.10/site-packages/airflow/example_dags/example_setup_teardown_taskflow.py
[2023-09-27T23:16:08.067-0400] {processor.py:839} INFO - DAG(s) dict_keys(['example_setup_teardown_taskflow']) retrieved from /home/beau/airflow/py_env/lib/python3.10/site-packages/airflow/example_dags/example_setup_teardown_taskflow.py
[2023-09-27T23:16:08.081-0400] {logging_mixin.py:151} INFO - [2023-09-27T23:16:08.081-0400] {dag.py:2915} INFO - Sync 1 DAGs
[2023-09-27T23:16:08.096-0400] {logging_mixin.py:151} INFO - [2023-09-27T23:16:08.096-0400] {dag.py:3696} INFO - Setting next_dagrun for example_setup_teardown_taskflow to 2023-09-27T03:16:08.096265+00:00, run_after=2023-09-28T03:16:08.096265+00:00
[2023-09-27T23:16:08.121-0400] {processor.py:179} INFO - Processing /home/beau/airflow/py_env/lib/python3.10/site-packages/airflow/example_dags/example_setup_teardown_taskflow.py took 0.081 seconds
[2023-09-27T23:17:03.543-0400] {processor.py:157} INFO - Started process (PID=26960) to work on /home/beau/airflow/py_env/lib/python3.10/site-packages/airflow/example_dags/example_setup_teardown_taskflow.py
[2023-09-27T23:17:03.547-0400] {processor.py:829} INFO - Processing file /home/beau/airflow/py_env/lib/python3.10/site-packages/airflow/example_dags/example_setup_teardown_taskflow.py for tasks to queue
[2023-09-27T23:17:03.548-0400] {logging_mixin.py:151} INFO - [2023-09-27T23:17:03.547-0400] {dagbag.py:539} INFO - Filling up the DagBag from /home/beau/airflow/py_env/lib/python3.10/site-packages/airflow/example_dags/example_setup_teardown_taskflow.py
[2023-09-27T23:17:03.557-0400] {processor.py:839} INFO - DAG(s) dict_keys(['example_setup_teardown_taskflow']) retrieved from /home/beau/airflow/py_env/lib/python3.10/site-packages/airflow/example_dags/example_setup_teardown_taskflow.py
[2023-09-27T23:17:03.570-0400] {logging_mixin.py:151} INFO - [2023-09-27T23:17:03.570-0400] {dag.py:2915} INFO - Sync 1 DAGs
[2023-09-27T23:17:03.586-0400] {logging_mixin.py:151} INFO - [2023-09-27T23:17:03.586-0400] {dag.py:3696} INFO - Setting next_dagrun for example_setup_teardown_taskflow to 2023-09-27T03:17:03.585838+00:00, run_after=2023-09-28T03:17:03.585838+00:00
[2023-09-27T23:17:03.609-0400] {processor.py:179} INFO - Processing /home/beau/airflow/py_env/lib/python3.10/site-packages/airflow/example_dags/example_setup_teardown_taskflow.py took 0.068 seconds
[2023-09-27T23:18:00.446-0400] {processor.py:157} INFO - Started process (PID=27276) to work on /home/beau/airflow/py_env/lib/python3.10/site-packages/airflow/example_dags/example_setup_teardown_taskflow.py
[2023-09-27T23:18:00.450-0400] {processor.py:829} INFO - Processing file /home/beau/airflow/py_env/lib/python3.10/site-packages/airflow/example_dags/example_setup_teardown_taskflow.py for tasks to queue
[2023-09-27T23:18:00.452-0400] {logging_mixin.py:151} INFO - [2023-09-27T23:18:00.451-0400] {dagbag.py:539} INFO - Filling up the DagBag from /home/beau/airflow/py_env/lib/python3.10/site-packages/airflow/example_dags/example_setup_teardown_taskflow.py
[2023-09-27T23:18:00.474-0400] {processor.py:839} INFO - DAG(s) dict_keys(['example_setup_teardown_taskflow']) retrieved from /home/beau/airflow/py_env/lib/python3.10/site-packages/airflow/example_dags/example_setup_teardown_taskflow.py
[2023-09-27T23:18:00.491-0400] {logging_mixin.py:151} INFO - [2023-09-27T23:18:00.491-0400] {dag.py:2915} INFO - Sync 1 DAGs
[2023-09-27T23:18:00.507-0400] {logging_mixin.py:151} INFO - [2023-09-27T23:18:00.507-0400] {dag.py:3696} INFO - Setting next_dagrun for example_setup_teardown_taskflow to 2023-09-27T03:18:00.507568+00:00, run_after=2023-09-28T03:18:00.507568+00:00
[2023-09-27T23:18:00.536-0400] {processor.py:179} INFO - Processing /home/beau/airflow/py_env/lib/python3.10/site-packages/airflow/example_dags/example_setup_teardown_taskflow.py took 0.099 seconds
[2023-09-27T23:18:52.096-0400] {processor.py:157} INFO - Started process (PID=27662) to work on /home/beau/airflow/py_env/lib/python3.10/site-packages/airflow/example_dags/example_setup_teardown_taskflow.py
[2023-09-27T23:18:52.101-0400] {processor.py:829} INFO - Processing file /home/beau/airflow/py_env/lib/python3.10/site-packages/airflow/example_dags/example_setup_teardown_taskflow.py for tasks to queue
[2023-09-27T23:18:52.102-0400] {logging_mixin.py:151} INFO - [2023-09-27T23:18:52.101-0400] {dagbag.py:539} INFO - Filling up the DagBag from /home/beau/airflow/py_env/lib/python3.10/site-packages/airflow/example_dags/example_setup_teardown_taskflow.py
[2023-09-27T23:18:52.113-0400] {processor.py:839} INFO - DAG(s) dict_keys(['example_setup_teardown_taskflow']) retrieved from /home/beau/airflow/py_env/lib/python3.10/site-packages/airflow/example_dags/example_setup_teardown_taskflow.py
[2023-09-27T23:18:52.129-0400] {logging_mixin.py:151} INFO - [2023-09-27T23:18:52.129-0400] {dag.py:2915} INFO - Sync 1 DAGs
[2023-09-27T23:18:52.145-0400] {logging_mixin.py:151} INFO - [2023-09-27T23:18:52.145-0400] {dag.py:3696} INFO - Setting next_dagrun for example_setup_teardown_taskflow to 2023-09-27T03:18:52.145270+00:00, run_after=2023-09-28T03:18:52.145270+00:00
[2023-09-27T23:18:52.169-0400] {processor.py:179} INFO - Processing /home/beau/airflow/py_env/lib/python3.10/site-packages/airflow/example_dags/example_setup_teardown_taskflow.py took 0.076 seconds
[2023-09-27T23:19:46.466-0400] {processor.py:157} INFO - Started process (PID=28126) to work on /home/beau/airflow/py_env/lib/python3.10/site-packages/airflow/example_dags/example_setup_teardown_taskflow.py
[2023-09-27T23:19:46.470-0400] {processor.py:829} INFO - Processing file /home/beau/airflow/py_env/lib/python3.10/site-packages/airflow/example_dags/example_setup_teardown_taskflow.py for tasks to queue
[2023-09-27T23:19:46.472-0400] {logging_mixin.py:151} INFO - [2023-09-27T23:19:46.472-0400] {dagbag.py:539} INFO - Filling up the DagBag from /home/beau/airflow/py_env/lib/python3.10/site-packages/airflow/example_dags/example_setup_teardown_taskflow.py
[2023-09-27T23:19:46.488-0400] {processor.py:839} INFO - DAG(s) dict_keys(['example_setup_teardown_taskflow']) retrieved from /home/beau/airflow/py_env/lib/python3.10/site-packages/airflow/example_dags/example_setup_teardown_taskflow.py
[2023-09-27T23:19:46.501-0400] {logging_mixin.py:151} INFO - [2023-09-27T23:19:46.501-0400] {dag.py:2915} INFO - Sync 1 DAGs
[2023-09-27T23:19:46.516-0400] {logging_mixin.py:151} INFO - [2023-09-27T23:19:46.516-0400] {dag.py:3696} INFO - Setting next_dagrun for example_setup_teardown_taskflow to 2023-09-27T03:19:46.516552+00:00, run_after=2023-09-28T03:19:46.516552+00:00
[2023-09-27T23:19:46.538-0400] {processor.py:179} INFO - Processing /home/beau/airflow/py_env/lib/python3.10/site-packages/airflow/example_dags/example_setup_teardown_taskflow.py took 0.079 seconds
[2023-09-27T23:20:42.741-0400] {processor.py:157} INFO - Started process (PID=28747) to work on /home/beau/airflow/py_env/lib/python3.10/site-packages/airflow/example_dags/example_setup_teardown_taskflow.py
[2023-09-27T23:20:42.745-0400] {processor.py:829} INFO - Processing file /home/beau/airflow/py_env/lib/python3.10/site-packages/airflow/example_dags/example_setup_teardown_taskflow.py for tasks to queue
[2023-09-27T23:20:42.746-0400] {logging_mixin.py:151} INFO - [2023-09-27T23:20:42.746-0400] {dagbag.py:539} INFO - Filling up the DagBag from /home/beau/airflow/py_env/lib/python3.10/site-packages/airflow/example_dags/example_setup_teardown_taskflow.py
[2023-09-27T23:20:42.755-0400] {processor.py:839} INFO - DAG(s) dict_keys(['example_setup_teardown_taskflow']) retrieved from /home/beau/airflow/py_env/lib/python3.10/site-packages/airflow/example_dags/example_setup_teardown_taskflow.py
[2023-09-27T23:20:42.768-0400] {logging_mixin.py:151} INFO - [2023-09-27T23:20:42.768-0400] {dag.py:2915} INFO - Sync 1 DAGs
[2023-09-27T23:20:42.783-0400] {logging_mixin.py:151} INFO - [2023-09-27T23:20:42.783-0400] {dag.py:3696} INFO - Setting next_dagrun for example_setup_teardown_taskflow to 2023-09-27T03:20:42.783069+00:00, run_after=2023-09-28T03:20:42.783069+00:00
[2023-09-27T23:20:42.807-0400] {processor.py:179} INFO - Processing /home/beau/airflow/py_env/lib/python3.10/site-packages/airflow/example_dags/example_setup_teardown_taskflow.py took 0.068 seconds
[2023-09-27T23:21:39.480-0400] {processor.py:157} INFO - Started process (PID=29252) to work on /home/beau/airflow/py_env/lib/python3.10/site-packages/airflow/example_dags/example_setup_teardown_taskflow.py
[2023-09-27T23:21:39.484-0400] {processor.py:829} INFO - Processing file /home/beau/airflow/py_env/lib/python3.10/site-packages/airflow/example_dags/example_setup_teardown_taskflow.py for tasks to queue
[2023-09-27T23:21:39.485-0400] {logging_mixin.py:151} INFO - [2023-09-27T23:21:39.485-0400] {dagbag.py:539} INFO - Filling up the DagBag from /home/beau/airflow/py_env/lib/python3.10/site-packages/airflow/example_dags/example_setup_teardown_taskflow.py
[2023-09-27T23:21:39.497-0400] {processor.py:839} INFO - DAG(s) dict_keys(['example_setup_teardown_taskflow']) retrieved from /home/beau/airflow/py_env/lib/python3.10/site-packages/airflow/example_dags/example_setup_teardown_taskflow.py
[2023-09-27T23:21:39.517-0400] {logging_mixin.py:151} INFO - [2023-09-27T23:21:39.517-0400] {dag.py:2915} INFO - Sync 1 DAGs
[2023-09-27T23:21:39.535-0400] {logging_mixin.py:151} INFO - [2023-09-27T23:21:39.535-0400] {dag.py:3696} INFO - Setting next_dagrun for example_setup_teardown_taskflow to 2023-09-27T03:21:39.535002+00:00, run_after=2023-09-28T03:21:39.535002+00:00
[2023-09-27T23:21:39.558-0400] {processor.py:179} INFO - Processing /home/beau/airflow/py_env/lib/python3.10/site-packages/airflow/example_dags/example_setup_teardown_taskflow.py took 0.082 seconds
[2023-09-27T23:22:38.738-0400] {processor.py:157} INFO - Started process (PID=29561) to work on /home/beau/airflow/py_env/lib/python3.10/site-packages/airflow/example_dags/example_setup_teardown_taskflow.py
[2023-09-27T23:22:38.740-0400] {processor.py:829} INFO - Processing file /home/beau/airflow/py_env/lib/python3.10/site-packages/airflow/example_dags/example_setup_teardown_taskflow.py for tasks to queue
[2023-09-27T23:22:38.741-0400] {logging_mixin.py:151} INFO - [2023-09-27T23:22:38.740-0400] {dagbag.py:539} INFO - Filling up the DagBag from /home/beau/airflow/py_env/lib/python3.10/site-packages/airflow/example_dags/example_setup_teardown_taskflow.py
[2023-09-27T23:22:38.755-0400] {processor.py:839} INFO - DAG(s) dict_keys(['example_setup_teardown_taskflow']) retrieved from /home/beau/airflow/py_env/lib/python3.10/site-packages/airflow/example_dags/example_setup_teardown_taskflow.py
[2023-09-27T23:22:38.772-0400] {logging_mixin.py:151} INFO - [2023-09-27T23:22:38.772-0400] {dag.py:2915} INFO - Sync 1 DAGs
[2023-09-27T23:22:38.791-0400] {logging_mixin.py:151} INFO - [2023-09-27T23:22:38.791-0400] {dag.py:3696} INFO - Setting next_dagrun for example_setup_teardown_taskflow to 2023-09-27T03:22:38.791108+00:00, run_after=2023-09-28T03:22:38.791108+00:00
[2023-09-27T23:22:38.815-0400] {processor.py:179} INFO - Processing /home/beau/airflow/py_env/lib/python3.10/site-packages/airflow/example_dags/example_setup_teardown_taskflow.py took 0.082 seconds
[2023-09-27T23:23:37.398-0400] {processor.py:157} INFO - Started process (PID=30154) to work on /home/beau/airflow/py_env/lib/python3.10/site-packages/airflow/example_dags/example_setup_teardown_taskflow.py
[2023-09-27T23:23:37.404-0400] {processor.py:829} INFO - Processing file /home/beau/airflow/py_env/lib/python3.10/site-packages/airflow/example_dags/example_setup_teardown_taskflow.py for tasks to queue
[2023-09-27T23:23:37.407-0400] {logging_mixin.py:151} INFO - [2023-09-27T23:23:37.405-0400] {dagbag.py:539} INFO - Filling up the DagBag from /home/beau/airflow/py_env/lib/python3.10/site-packages/airflow/example_dags/example_setup_teardown_taskflow.py
[2023-09-27T23:23:37.426-0400] {processor.py:839} INFO - DAG(s) dict_keys(['example_setup_teardown_taskflow']) retrieved from /home/beau/airflow/py_env/lib/python3.10/site-packages/airflow/example_dags/example_setup_teardown_taskflow.py
[2023-09-27T23:23:37.447-0400] {logging_mixin.py:151} INFO - [2023-09-27T23:23:37.446-0400] {dag.py:2915} INFO - Sync 1 DAGs
[2023-09-27T23:23:37.463-0400] {logging_mixin.py:151} INFO - [2023-09-27T23:23:37.463-0400] {dag.py:3696} INFO - Setting next_dagrun for example_setup_teardown_taskflow to 2023-09-27T03:23:37.463407+00:00, run_after=2023-09-28T03:23:37.463407+00:00
[2023-09-27T23:23:37.493-0400] {processor.py:179} INFO - Processing /home/beau/airflow/py_env/lib/python3.10/site-packages/airflow/example_dags/example_setup_teardown_taskflow.py took 0.106 seconds
