[2023-09-27T22:33:28.437-0400] {processor.py:157} INFO - Started process (PID=8570) to work on /home/beau/airflow/py_env/lib/python3.10/site-packages/airflow/example_dags/example_datasets.py
[2023-09-27T22:33:28.439-0400] {processor.py:829} INFO - Processing file /home/beau/airflow/py_env/lib/python3.10/site-packages/airflow/example_dags/example_datasets.py for tasks to queue
[2023-09-27T22:33:28.441-0400] {logging_mixin.py:151} INFO - [2023-09-27T22:33:28.440-0400] {dagbag.py:539} INFO - Filling up the DagBag from /home/beau/airflow/py_env/lib/python3.10/site-packages/airflow/example_dags/example_datasets.py
[2023-09-27T22:33:28.452-0400] {processor.py:839} INFO - DAG(s) dict_keys(['dataset_consumes_1', 'dataset_consumes_unknown_never_scheduled', 'dataset_consumes_1_never_scheduled', 'dataset_produces_1', 'dataset_produces_2', 'dataset_consumes_1_and_2']) retrieved from /home/beau/airflow/py_env/lib/python3.10/site-packages/airflow/example_dags/example_datasets.py
[2023-09-27T22:33:28.478-0400] {logging_mixin.py:151} INFO - [2023-09-27T22:33:28.477-0400] {dag.py:2915} INFO - Sync 6 DAGs
[2023-09-27T22:33:28.495-0400] {logging_mixin.py:151} INFO - [2023-09-27T22:33:28.494-0400] {dag.py:3696} INFO - Setting next_dagrun for dataset_consumes_1 to None, run_after=None
[2023-09-27T22:33:28.498-0400] {logging_mixin.py:151} INFO - [2023-09-27T22:33:28.498-0400] {dag.py:3696} INFO - Setting next_dagrun for dataset_consumes_1_and_2 to None, run_after=None
[2023-09-27T22:33:28.499-0400] {logging_mixin.py:151} INFO - [2023-09-27T22:33:28.499-0400] {dag.py:3696} INFO - Setting next_dagrun for dataset_consumes_1_never_scheduled to None, run_after=None
[2023-09-27T22:33:28.500-0400] {logging_mixin.py:151} INFO - [2023-09-27T22:33:28.500-0400] {dag.py:3696} INFO - Setting next_dagrun for dataset_consumes_unknown_never_scheduled to None, run_after=None
[2023-09-27T22:33:28.502-0400] {logging_mixin.py:151} INFO - [2023-09-27T22:33:28.502-0400] {dag.py:3696} INFO - Setting next_dagrun for dataset_produces_1 to 2023-09-27T00:00:00+00:00, run_after=2023-09-28T00:00:00+00:00
[2023-09-27T22:33:28.503-0400] {logging_mixin.py:151} INFO - [2023-09-27T22:33:28.503-0400] {dag.py:3696} INFO - Setting next_dagrun for dataset_produces_2 to None, run_after=None
[2023-09-27T22:33:28.538-0400] {processor.py:179} INFO - Processing /home/beau/airflow/py_env/lib/python3.10/site-packages/airflow/example_dags/example_datasets.py took 0.108 seconds
[2023-09-27T22:34:23.861-0400] {processor.py:157} INFO - Started process (PID=9015) to work on /home/beau/airflow/py_env/lib/python3.10/site-packages/airflow/example_dags/example_datasets.py
[2023-09-27T22:34:23.865-0400] {processor.py:829} INFO - Processing file /home/beau/airflow/py_env/lib/python3.10/site-packages/airflow/example_dags/example_datasets.py for tasks to queue
[2023-09-27T22:34:23.866-0400] {logging_mixin.py:151} INFO - [2023-09-27T22:34:23.866-0400] {dagbag.py:539} INFO - Filling up the DagBag from /home/beau/airflow/py_env/lib/python3.10/site-packages/airflow/example_dags/example_datasets.py
[2023-09-27T22:34:23.879-0400] {processor.py:839} INFO - DAG(s) dict_keys(['dataset_consumes_1', 'dataset_produces_1', 'dataset_consumes_1_and_2', 'dataset_produces_2', 'dataset_consumes_1_never_scheduled', 'dataset_consumes_unknown_never_scheduled']) retrieved from /home/beau/airflow/py_env/lib/python3.10/site-packages/airflow/example_dags/example_datasets.py
[2023-09-27T22:34:23.908-0400] {logging_mixin.py:151} INFO - [2023-09-27T22:34:23.908-0400] {dag.py:2915} INFO - Sync 6 DAGs
[2023-09-27T22:34:23.926-0400] {logging_mixin.py:151} INFO - [2023-09-27T22:34:23.926-0400] {dag.py:3696} INFO - Setting next_dagrun for dataset_consumes_1 to None, run_after=None
[2023-09-27T22:34:23.930-0400] {logging_mixin.py:151} INFO - [2023-09-27T22:34:23.930-0400] {dag.py:3696} INFO - Setting next_dagrun for dataset_consumes_1_and_2 to None, run_after=None
[2023-09-27T22:34:23.931-0400] {logging_mixin.py:151} INFO - [2023-09-27T22:34:23.931-0400] {dag.py:3696} INFO - Setting next_dagrun for dataset_consumes_1_never_scheduled to None, run_after=None
[2023-09-27T22:34:23.932-0400] {logging_mixin.py:151} INFO - [2023-09-27T22:34:23.932-0400] {dag.py:3696} INFO - Setting next_dagrun for dataset_consumes_unknown_never_scheduled to None, run_after=None
[2023-09-27T22:34:23.934-0400] {logging_mixin.py:151} INFO - [2023-09-27T22:34:23.934-0400] {dag.py:3696} INFO - Setting next_dagrun for dataset_produces_1 to 2023-09-27T00:00:00+00:00, run_after=2023-09-28T00:00:00+00:00
[2023-09-27T22:34:23.935-0400] {logging_mixin.py:151} INFO - [2023-09-27T22:34:23.935-0400] {dag.py:3696} INFO - Setting next_dagrun for dataset_produces_2 to None, run_after=None
[2023-09-27T22:34:23.969-0400] {processor.py:179} INFO - Processing /home/beau/airflow/py_env/lib/python3.10/site-packages/airflow/example_dags/example_datasets.py took 0.112 seconds
[2023-09-27T22:35:15.904-0400] {processor.py:157} INFO - Started process (PID=9509) to work on /home/beau/airflow/py_env/lib/python3.10/site-packages/airflow/example_dags/example_datasets.py
[2023-09-27T22:35:15.908-0400] {processor.py:829} INFO - Processing file /home/beau/airflow/py_env/lib/python3.10/site-packages/airflow/example_dags/example_datasets.py for tasks to queue
[2023-09-27T22:35:15.909-0400] {logging_mixin.py:151} INFO - [2023-09-27T22:35:15.909-0400] {dagbag.py:539} INFO - Filling up the DagBag from /home/beau/airflow/py_env/lib/python3.10/site-packages/airflow/example_dags/example_datasets.py
[2023-09-27T22:35:15.925-0400] {processor.py:839} INFO - DAG(s) dict_keys(['dataset_produces_2', 'dataset_consumes_1', 'dataset_consumes_unknown_never_scheduled', 'dataset_produces_1', 'dataset_consumes_1_never_scheduled', 'dataset_consumes_1_and_2']) retrieved from /home/beau/airflow/py_env/lib/python3.10/site-packages/airflow/example_dags/example_datasets.py
[2023-09-27T22:35:15.966-0400] {logging_mixin.py:151} INFO - [2023-09-27T22:35:15.965-0400] {dag.py:2915} INFO - Sync 6 DAGs
[2023-09-27T22:35:16.142-0400] {logging_mixin.py:151} INFO - [2023-09-27T22:35:16.142-0400] {dag.py:3696} INFO - Setting next_dagrun for dataset_consumes_1 to None, run_after=None
[2023-09-27T22:35:16.149-0400] {logging_mixin.py:151} INFO - [2023-09-27T22:35:16.148-0400] {dag.py:3696} INFO - Setting next_dagrun for dataset_consumes_1_and_2 to None, run_after=None
[2023-09-27T22:35:16.150-0400] {logging_mixin.py:151} INFO - [2023-09-27T22:35:16.150-0400] {dag.py:3696} INFO - Setting next_dagrun for dataset_consumes_1_never_scheduled to None, run_after=None
[2023-09-27T22:35:16.151-0400] {logging_mixin.py:151} INFO - [2023-09-27T22:35:16.151-0400] {dag.py:3696} INFO - Setting next_dagrun for dataset_consumes_unknown_never_scheduled to None, run_after=None
[2023-09-27T22:35:16.153-0400] {logging_mixin.py:151} INFO - [2023-09-27T22:35:16.153-0400] {dag.py:3696} INFO - Setting next_dagrun for dataset_produces_1 to 2023-09-27T00:00:00+00:00, run_after=2023-09-28T00:00:00+00:00
[2023-09-27T22:35:16.154-0400] {logging_mixin.py:151} INFO - [2023-09-27T22:35:16.154-0400] {dag.py:3696} INFO - Setting next_dagrun for dataset_produces_2 to None, run_after=None
[2023-09-27T22:35:16.190-0400] {processor.py:179} INFO - Processing /home/beau/airflow/py_env/lib/python3.10/site-packages/airflow/example_dags/example_datasets.py took 0.290 seconds
[2023-09-27T22:36:13.006-0400] {processor.py:157} INFO - Started process (PID=10262) to work on /home/beau/airflow/py_env/lib/python3.10/site-packages/airflow/example_dags/example_datasets.py
[2023-09-27T22:36:13.008-0400] {processor.py:829} INFO - Processing file /home/beau/airflow/py_env/lib/python3.10/site-packages/airflow/example_dags/example_datasets.py for tasks to queue
[2023-09-27T22:36:13.010-0400] {logging_mixin.py:151} INFO - [2023-09-27T22:36:13.009-0400] {dagbag.py:539} INFO - Filling up the DagBag from /home/beau/airflow/py_env/lib/python3.10/site-packages/airflow/example_dags/example_datasets.py
[2023-09-27T22:36:13.139-0400] {processor.py:839} INFO - DAG(s) dict_keys(['dataset_produces_1', 'dataset_consumes_unknown_never_scheduled', 'dataset_consumes_1_never_scheduled', 'dataset_consumes_1_and_2', 'dataset_consumes_1', 'dataset_produces_2']) retrieved from /home/beau/airflow/py_env/lib/python3.10/site-packages/airflow/example_dags/example_datasets.py
[2023-09-27T22:36:13.165-0400] {logging_mixin.py:151} INFO - [2023-09-27T22:36:13.165-0400] {dag.py:2915} INFO - Sync 6 DAGs
[2023-09-27T22:36:13.182-0400] {logging_mixin.py:151} INFO - [2023-09-27T22:36:13.182-0400] {dag.py:3696} INFO - Setting next_dagrun for dataset_consumes_1 to None, run_after=None
[2023-09-27T22:36:13.185-0400] {logging_mixin.py:151} INFO - [2023-09-27T22:36:13.185-0400] {dag.py:3696} INFO - Setting next_dagrun for dataset_consumes_1_and_2 to None, run_after=None
[2023-09-27T22:36:13.187-0400] {logging_mixin.py:151} INFO - [2023-09-27T22:36:13.187-0400] {dag.py:3696} INFO - Setting next_dagrun for dataset_consumes_1_never_scheduled to None, run_after=None
[2023-09-27T22:36:13.188-0400] {logging_mixin.py:151} INFO - [2023-09-27T22:36:13.188-0400] {dag.py:3696} INFO - Setting next_dagrun for dataset_consumes_unknown_never_scheduled to None, run_after=None
[2023-09-27T22:36:13.190-0400] {logging_mixin.py:151} INFO - [2023-09-27T22:36:13.190-0400] {dag.py:3696} INFO - Setting next_dagrun for dataset_produces_1 to 2023-09-27T00:00:00+00:00, run_after=2023-09-28T00:00:00+00:00
[2023-09-27T22:36:13.192-0400] {logging_mixin.py:151} INFO - [2023-09-27T22:36:13.192-0400] {dag.py:3696} INFO - Setting next_dagrun for dataset_produces_2 to None, run_after=None
[2023-09-27T22:36:13.227-0400] {processor.py:179} INFO - Processing /home/beau/airflow/py_env/lib/python3.10/site-packages/airflow/example_dags/example_datasets.py took 0.226 seconds
[2023-09-27T22:37:19.006-0400] {processor.py:157} INFO - Started process (PID=10759) to work on /home/beau/airflow/py_env/lib/python3.10/site-packages/airflow/example_dags/example_datasets.py
[2023-09-27T22:37:19.008-0400] {processor.py:829} INFO - Processing file /home/beau/airflow/py_env/lib/python3.10/site-packages/airflow/example_dags/example_datasets.py for tasks to queue
[2023-09-27T22:37:19.009-0400] {logging_mixin.py:151} INFO - [2023-09-27T22:37:19.008-0400] {dagbag.py:539} INFO - Filling up the DagBag from /home/beau/airflow/py_env/lib/python3.10/site-packages/airflow/example_dags/example_datasets.py
[2023-09-27T22:37:19.017-0400] {processor.py:839} INFO - DAG(s) dict_keys(['dataset_produces_1', 'dataset_consumes_1_never_scheduled', 'dataset_consumes_unknown_never_scheduled', 'dataset_consumes_1', 'dataset_produces_2', 'dataset_consumes_1_and_2']) retrieved from /home/beau/airflow/py_env/lib/python3.10/site-packages/airflow/example_dags/example_datasets.py
[2023-09-27T22:37:19.042-0400] {logging_mixin.py:151} INFO - [2023-09-27T22:37:19.042-0400] {dag.py:2915} INFO - Sync 6 DAGs
[2023-09-27T22:37:19.060-0400] {logging_mixin.py:151} INFO - [2023-09-27T22:37:19.060-0400] {dag.py:3696} INFO - Setting next_dagrun for dataset_consumes_1 to None, run_after=None
[2023-09-27T22:37:19.063-0400] {logging_mixin.py:151} INFO - [2023-09-27T22:37:19.063-0400] {dag.py:3696} INFO - Setting next_dagrun for dataset_consumes_1_and_2 to None, run_after=None
[2023-09-27T22:37:19.064-0400] {logging_mixin.py:151} INFO - [2023-09-27T22:37:19.063-0400] {dag.py:3696} INFO - Setting next_dagrun for dataset_consumes_1_never_scheduled to None, run_after=None
[2023-09-27T22:37:19.064-0400] {logging_mixin.py:151} INFO - [2023-09-27T22:37:19.064-0400] {dag.py:3696} INFO - Setting next_dagrun for dataset_consumes_unknown_never_scheduled to None, run_after=None
[2023-09-27T22:37:19.066-0400] {logging_mixin.py:151} INFO - [2023-09-27T22:37:19.066-0400] {dag.py:3696} INFO - Setting next_dagrun for dataset_produces_1 to 2023-09-27T00:00:00+00:00, run_after=2023-09-28T00:00:00+00:00
[2023-09-27T22:37:19.067-0400] {logging_mixin.py:151} INFO - [2023-09-27T22:37:19.067-0400] {dag.py:3696} INFO - Setting next_dagrun for dataset_produces_2 to None, run_after=None
[2023-09-27T22:37:19.098-0400] {processor.py:179} INFO - Processing /home/beau/airflow/py_env/lib/python3.10/site-packages/airflow/example_dags/example_datasets.py took 0.096 seconds
[2023-09-27T22:38:17.209-0400] {processor.py:157} INFO - Started process (PID=11287) to work on /home/beau/airflow/py_env/lib/python3.10/site-packages/airflow/example_dags/example_datasets.py
[2023-09-27T22:38:17.212-0400] {processor.py:829} INFO - Processing file /home/beau/airflow/py_env/lib/python3.10/site-packages/airflow/example_dags/example_datasets.py for tasks to queue
[2023-09-27T22:38:17.214-0400] {logging_mixin.py:151} INFO - [2023-09-27T22:38:17.213-0400] {dagbag.py:539} INFO - Filling up the DagBag from /home/beau/airflow/py_env/lib/python3.10/site-packages/airflow/example_dags/example_datasets.py
[2023-09-27T22:38:17.228-0400] {processor.py:839} INFO - DAG(s) dict_keys(['dataset_consumes_1_never_scheduled', 'dataset_produces_2', 'dataset_consumes_1_and_2', 'dataset_consumes_1', 'dataset_consumes_unknown_never_scheduled', 'dataset_produces_1']) retrieved from /home/beau/airflow/py_env/lib/python3.10/site-packages/airflow/example_dags/example_datasets.py
[2023-09-27T22:38:17.262-0400] {logging_mixin.py:151} INFO - [2023-09-27T22:38:17.262-0400] {dag.py:2915} INFO - Sync 6 DAGs
[2023-09-27T22:38:17.288-0400] {logging_mixin.py:151} INFO - [2023-09-27T22:38:17.287-0400] {dag.py:3696} INFO - Setting next_dagrun for dataset_consumes_1 to None, run_after=None
[2023-09-27T22:38:17.291-0400] {logging_mixin.py:151} INFO - [2023-09-27T22:38:17.291-0400] {dag.py:3696} INFO - Setting next_dagrun for dataset_consumes_1_and_2 to None, run_after=None
[2023-09-27T22:38:17.293-0400] {logging_mixin.py:151} INFO - [2023-09-27T22:38:17.293-0400] {dag.py:3696} INFO - Setting next_dagrun for dataset_consumes_1_never_scheduled to None, run_after=None
[2023-09-27T22:38:17.294-0400] {logging_mixin.py:151} INFO - [2023-09-27T22:38:17.294-0400] {dag.py:3696} INFO - Setting next_dagrun for dataset_consumes_unknown_never_scheduled to None, run_after=None
[2023-09-27T22:38:17.297-0400] {logging_mixin.py:151} INFO - [2023-09-27T22:38:17.297-0400] {dag.py:3696} INFO - Setting next_dagrun for dataset_produces_1 to 2023-09-27T00:00:00+00:00, run_after=2023-09-28T00:00:00+00:00
[2023-09-27T22:38:17.298-0400] {logging_mixin.py:151} INFO - [2023-09-27T22:38:17.298-0400] {dag.py:3696} INFO - Setting next_dagrun for dataset_produces_2 to None, run_after=None
[2023-09-27T22:38:17.338-0400] {processor.py:179} INFO - Processing /home/beau/airflow/py_env/lib/python3.10/site-packages/airflow/example_dags/example_datasets.py took 0.133 seconds
[2023-09-27T22:39:11.819-0400] {processor.py:157} INFO - Started process (PID=11771) to work on /home/beau/airflow/py_env/lib/python3.10/site-packages/airflow/example_dags/example_datasets.py
[2023-09-27T22:39:11.824-0400] {processor.py:829} INFO - Processing file /home/beau/airflow/py_env/lib/python3.10/site-packages/airflow/example_dags/example_datasets.py for tasks to queue
[2023-09-27T22:39:11.825-0400] {logging_mixin.py:151} INFO - [2023-09-27T22:39:11.825-0400] {dagbag.py:539} INFO - Filling up the DagBag from /home/beau/airflow/py_env/lib/python3.10/site-packages/airflow/example_dags/example_datasets.py
[2023-09-27T22:39:11.837-0400] {processor.py:839} INFO - DAG(s) dict_keys(['dataset_produces_2', 'dataset_consumes_1_never_scheduled', 'dataset_produces_1', 'dataset_consumes_1', 'dataset_consumes_1_and_2', 'dataset_consumes_unknown_never_scheduled']) retrieved from /home/beau/airflow/py_env/lib/python3.10/site-packages/airflow/example_dags/example_datasets.py
[2023-09-27T22:39:11.867-0400] {logging_mixin.py:151} INFO - [2023-09-27T22:39:11.867-0400] {dag.py:2915} INFO - Sync 6 DAGs
[2023-09-27T22:39:11.890-0400] {logging_mixin.py:151} INFO - [2023-09-27T22:39:11.889-0400] {dag.py:3696} INFO - Setting next_dagrun for dataset_consumes_1 to None, run_after=None
[2023-09-27T22:39:11.892-0400] {logging_mixin.py:151} INFO - [2023-09-27T22:39:11.892-0400] {dag.py:3696} INFO - Setting next_dagrun for dataset_consumes_1_and_2 to None, run_after=None
[2023-09-27T22:39:11.893-0400] {logging_mixin.py:151} INFO - [2023-09-27T22:39:11.893-0400] {dag.py:3696} INFO - Setting next_dagrun for dataset_consumes_1_never_scheduled to None, run_after=None
[2023-09-27T22:39:11.894-0400] {logging_mixin.py:151} INFO - [2023-09-27T22:39:11.894-0400] {dag.py:3696} INFO - Setting next_dagrun for dataset_consumes_unknown_never_scheduled to None, run_after=None
[2023-09-27T22:39:11.896-0400] {logging_mixin.py:151} INFO - [2023-09-27T22:39:11.896-0400] {dag.py:3696} INFO - Setting next_dagrun for dataset_produces_1 to 2023-09-27T00:00:00+00:00, run_after=2023-09-28T00:00:00+00:00
[2023-09-27T22:39:11.899-0400] {logging_mixin.py:151} INFO - [2023-09-27T22:39:11.898-0400] {dag.py:3696} INFO - Setting next_dagrun for dataset_produces_2 to None, run_after=None
[2023-09-27T22:39:11.943-0400] {processor.py:179} INFO - Processing /home/beau/airflow/py_env/lib/python3.10/site-packages/airflow/example_dags/example_datasets.py took 0.130 seconds
[2023-09-27T22:40:11.255-0400] {processor.py:157} INFO - Started process (PID=12083) to work on /home/beau/airflow/py_env/lib/python3.10/site-packages/airflow/example_dags/example_datasets.py
[2023-09-27T22:40:11.260-0400] {processor.py:829} INFO - Processing file /home/beau/airflow/py_env/lib/python3.10/site-packages/airflow/example_dags/example_datasets.py for tasks to queue
[2023-09-27T22:40:11.264-0400] {logging_mixin.py:151} INFO - [2023-09-27T22:40:11.263-0400] {dagbag.py:539} INFO - Filling up the DagBag from /home/beau/airflow/py_env/lib/python3.10/site-packages/airflow/example_dags/example_datasets.py
[2023-09-27T22:40:11.287-0400] {processor.py:839} INFO - DAG(s) dict_keys(['dataset_produces_2', 'dataset_consumes_1_never_scheduled', 'dataset_consumes_1_and_2', 'dataset_consumes_unknown_never_scheduled', 'dataset_consumes_1', 'dataset_produces_1']) retrieved from /home/beau/airflow/py_env/lib/python3.10/site-packages/airflow/example_dags/example_datasets.py
[2023-09-27T22:40:11.320-0400] {logging_mixin.py:151} INFO - [2023-09-27T22:40:11.319-0400] {dag.py:2915} INFO - Sync 6 DAGs
[2023-09-27T22:40:11.342-0400] {logging_mixin.py:151} INFO - [2023-09-27T22:40:11.342-0400] {dag.py:3696} INFO - Setting next_dagrun for dataset_consumes_1 to None, run_after=None
[2023-09-27T22:40:11.348-0400] {logging_mixin.py:151} INFO - [2023-09-27T22:40:11.347-0400] {dag.py:3696} INFO - Setting next_dagrun for dataset_consumes_1_and_2 to None, run_after=None
[2023-09-27T22:40:11.349-0400] {logging_mixin.py:151} INFO - [2023-09-27T22:40:11.349-0400] {dag.py:3696} INFO - Setting next_dagrun for dataset_consumes_1_never_scheduled to None, run_after=None
[2023-09-27T22:40:11.350-0400] {logging_mixin.py:151} INFO - [2023-09-27T22:40:11.350-0400] {dag.py:3696} INFO - Setting next_dagrun for dataset_consumes_unknown_never_scheduled to None, run_after=None
[2023-09-27T22:40:11.353-0400] {logging_mixin.py:151} INFO - [2023-09-27T22:40:11.353-0400] {dag.py:3696} INFO - Setting next_dagrun for dataset_produces_1 to 2023-09-27T00:00:00+00:00, run_after=2023-09-28T00:00:00+00:00
[2023-09-27T22:40:11.354-0400] {logging_mixin.py:151} INFO - [2023-09-27T22:40:11.354-0400] {dag.py:3696} INFO - Setting next_dagrun for dataset_produces_2 to None, run_after=None
[2023-09-27T22:40:11.391-0400] {processor.py:179} INFO - Processing /home/beau/airflow/py_env/lib/python3.10/site-packages/airflow/example_dags/example_datasets.py took 0.144 seconds
[2023-09-27T22:41:12.426-0400] {processor.py:157} INFO - Started process (PID=12375) to work on /home/beau/airflow/py_env/lib/python3.10/site-packages/airflow/example_dags/example_datasets.py
[2023-09-27T22:41:12.430-0400] {processor.py:829} INFO - Processing file /home/beau/airflow/py_env/lib/python3.10/site-packages/airflow/example_dags/example_datasets.py for tasks to queue
[2023-09-27T22:41:12.431-0400] {logging_mixin.py:151} INFO - [2023-09-27T22:41:12.430-0400] {dagbag.py:539} INFO - Filling up the DagBag from /home/beau/airflow/py_env/lib/python3.10/site-packages/airflow/example_dags/example_datasets.py
[2023-09-27T22:41:12.441-0400] {processor.py:839} INFO - DAG(s) dict_keys(['dataset_produces_1', 'dataset_consumes_1_never_scheduled', 'dataset_consumes_1_and_2', 'dataset_consumes_unknown_never_scheduled', 'dataset_produces_2', 'dataset_consumes_1']) retrieved from /home/beau/airflow/py_env/lib/python3.10/site-packages/airflow/example_dags/example_datasets.py
[2023-09-27T22:41:12.467-0400] {logging_mixin.py:151} INFO - [2023-09-27T22:41:12.467-0400] {dag.py:2915} INFO - Sync 6 DAGs
[2023-09-27T22:41:12.487-0400] {logging_mixin.py:151} INFO - [2023-09-27T22:41:12.487-0400] {dag.py:3696} INFO - Setting next_dagrun for dataset_consumes_1 to None, run_after=None
[2023-09-27T22:41:12.492-0400] {logging_mixin.py:151} INFO - [2023-09-27T22:41:12.492-0400] {dag.py:3696} INFO - Setting next_dagrun for dataset_consumes_1_and_2 to None, run_after=None
[2023-09-27T22:41:12.493-0400] {logging_mixin.py:151} INFO - [2023-09-27T22:41:12.493-0400] {dag.py:3696} INFO - Setting next_dagrun for dataset_consumes_1_never_scheduled to None, run_after=None
[2023-09-27T22:41:12.494-0400] {logging_mixin.py:151} INFO - [2023-09-27T22:41:12.494-0400] {dag.py:3696} INFO - Setting next_dagrun for dataset_consumes_unknown_never_scheduled to None, run_after=None
[2023-09-27T22:41:12.497-0400] {logging_mixin.py:151} INFO - [2023-09-27T22:41:12.497-0400] {dag.py:3696} INFO - Setting next_dagrun for dataset_produces_1 to 2023-09-27T00:00:00+00:00, run_after=2023-09-28T00:00:00+00:00
[2023-09-27T22:41:12.498-0400] {logging_mixin.py:151} INFO - [2023-09-27T22:41:12.498-0400] {dag.py:3696} INFO - Setting next_dagrun for dataset_produces_2 to None, run_after=None
[2023-09-27T22:41:12.535-0400] {processor.py:179} INFO - Processing /home/beau/airflow/py_env/lib/python3.10/site-packages/airflow/example_dags/example_datasets.py took 0.114 seconds
[2023-09-27T22:42:11.890-0400] {processor.py:157} INFO - Started process (PID=12758) to work on /home/beau/airflow/py_env/lib/python3.10/site-packages/airflow/example_dags/example_datasets.py
[2023-09-27T22:42:11.894-0400] {processor.py:829} INFO - Processing file /home/beau/airflow/py_env/lib/python3.10/site-packages/airflow/example_dags/example_datasets.py for tasks to queue
[2023-09-27T22:42:11.895-0400] {logging_mixin.py:151} INFO - [2023-09-27T22:42:11.895-0400] {dagbag.py:539} INFO - Filling up the DagBag from /home/beau/airflow/py_env/lib/python3.10/site-packages/airflow/example_dags/example_datasets.py
[2023-09-27T22:42:11.905-0400] {processor.py:839} INFO - DAG(s) dict_keys(['dataset_consumes_1', 'dataset_consumes_1_and_2', 'dataset_produces_2', 'dataset_produces_1', 'dataset_consumes_unknown_never_scheduled', 'dataset_consumes_1_never_scheduled']) retrieved from /home/beau/airflow/py_env/lib/python3.10/site-packages/airflow/example_dags/example_datasets.py
[2023-09-27T22:42:11.929-0400] {logging_mixin.py:151} INFO - [2023-09-27T22:42:11.929-0400] {dag.py:2915} INFO - Sync 6 DAGs
[2023-09-27T22:42:11.951-0400] {logging_mixin.py:151} INFO - [2023-09-27T22:42:11.951-0400] {dag.py:3696} INFO - Setting next_dagrun for dataset_consumes_1 to None, run_after=None
[2023-09-27T22:42:11.955-0400] {logging_mixin.py:151} INFO - [2023-09-27T22:42:11.955-0400] {dag.py:3696} INFO - Setting next_dagrun for dataset_consumes_1_and_2 to None, run_after=None
[2023-09-27T22:42:11.956-0400] {logging_mixin.py:151} INFO - [2023-09-27T22:42:11.956-0400] {dag.py:3696} INFO - Setting next_dagrun for dataset_consumes_1_never_scheduled to None, run_after=None
[2023-09-27T22:42:11.957-0400] {logging_mixin.py:151} INFO - [2023-09-27T22:42:11.957-0400] {dag.py:3696} INFO - Setting next_dagrun for dataset_consumes_unknown_never_scheduled to None, run_after=None
[2023-09-27T22:42:11.959-0400] {logging_mixin.py:151} INFO - [2023-09-27T22:42:11.959-0400] {dag.py:3696} INFO - Setting next_dagrun for dataset_produces_1 to 2023-09-27T00:00:00+00:00, run_after=2023-09-28T00:00:00+00:00
[2023-09-27T22:42:11.960-0400] {logging_mixin.py:151} INFO - [2023-09-27T22:42:11.960-0400] {dag.py:3696} INFO - Setting next_dagrun for dataset_produces_2 to None, run_after=None
[2023-09-27T22:42:11.992-0400] {processor.py:179} INFO - Processing /home/beau/airflow/py_env/lib/python3.10/site-packages/airflow/example_dags/example_datasets.py took 0.105 seconds
[2023-09-27T22:43:07.123-0400] {processor.py:157} INFO - Started process (PID=13303) to work on /home/beau/airflow/py_env/lib/python3.10/site-packages/airflow/example_dags/example_datasets.py
[2023-09-27T22:43:07.126-0400] {processor.py:829} INFO - Processing file /home/beau/airflow/py_env/lib/python3.10/site-packages/airflow/example_dags/example_datasets.py for tasks to queue
[2023-09-27T22:43:07.128-0400] {logging_mixin.py:151} INFO - [2023-09-27T22:43:07.127-0400] {dagbag.py:539} INFO - Filling up the DagBag from /home/beau/airflow/py_env/lib/python3.10/site-packages/airflow/example_dags/example_datasets.py
[2023-09-27T22:43:07.141-0400] {processor.py:839} INFO - DAG(s) dict_keys(['dataset_produces_1', 'dataset_produces_2', 'dataset_consumes_unknown_never_scheduled', 'dataset_consumes_1', 'dataset_consumes_1_and_2', 'dataset_consumes_1_never_scheduled']) retrieved from /home/beau/airflow/py_env/lib/python3.10/site-packages/airflow/example_dags/example_datasets.py
[2023-09-27T22:43:07.169-0400] {logging_mixin.py:151} INFO - [2023-09-27T22:43:07.169-0400] {dag.py:2915} INFO - Sync 6 DAGs
[2023-09-27T22:43:07.187-0400] {logging_mixin.py:151} INFO - [2023-09-27T22:43:07.186-0400] {dag.py:3696} INFO - Setting next_dagrun for dataset_consumes_1 to None, run_after=None
[2023-09-27T22:43:07.189-0400] {logging_mixin.py:151} INFO - [2023-09-27T22:43:07.189-0400] {dag.py:3696} INFO - Setting next_dagrun for dataset_consumes_1_and_2 to None, run_after=None
[2023-09-27T22:43:07.190-0400] {logging_mixin.py:151} INFO - [2023-09-27T22:43:07.190-0400] {dag.py:3696} INFO - Setting next_dagrun for dataset_consumes_1_never_scheduled to None, run_after=None
[2023-09-27T22:43:07.191-0400] {logging_mixin.py:151} INFO - [2023-09-27T22:43:07.191-0400] {dag.py:3696} INFO - Setting next_dagrun for dataset_consumes_unknown_never_scheduled to None, run_after=None
[2023-09-27T22:43:07.193-0400] {logging_mixin.py:151} INFO - [2023-09-27T22:43:07.193-0400] {dag.py:3696} INFO - Setting next_dagrun for dataset_produces_1 to 2023-09-27T00:00:00+00:00, run_after=2023-09-28T00:00:00+00:00
[2023-09-27T22:43:07.194-0400] {logging_mixin.py:151} INFO - [2023-09-27T22:43:07.194-0400] {dag.py:3696} INFO - Setting next_dagrun for dataset_produces_2 to None, run_after=None
[2023-09-27T22:43:07.232-0400] {processor.py:179} INFO - Processing /home/beau/airflow/py_env/lib/python3.10/site-packages/airflow/example_dags/example_datasets.py took 0.114 seconds
[2023-09-27T22:44:06.790-0400] {processor.py:157} INFO - Started process (PID=13710) to work on /home/beau/airflow/py_env/lib/python3.10/site-packages/airflow/example_dags/example_datasets.py
[2023-09-27T22:44:06.794-0400] {processor.py:829} INFO - Processing file /home/beau/airflow/py_env/lib/python3.10/site-packages/airflow/example_dags/example_datasets.py for tasks to queue
[2023-09-27T22:44:06.795-0400] {logging_mixin.py:151} INFO - [2023-09-27T22:44:06.794-0400] {dagbag.py:539} INFO - Filling up the DagBag from /home/beau/airflow/py_env/lib/python3.10/site-packages/airflow/example_dags/example_datasets.py
[2023-09-27T22:44:06.807-0400] {processor.py:839} INFO - DAG(s) dict_keys(['dataset_consumes_1_never_scheduled', 'dataset_consumes_unknown_never_scheduled', 'dataset_consumes_1_and_2', 'dataset_produces_2', 'dataset_produces_1', 'dataset_consumes_1']) retrieved from /home/beau/airflow/py_env/lib/python3.10/site-packages/airflow/example_dags/example_datasets.py
[2023-09-27T22:44:06.841-0400] {logging_mixin.py:151} INFO - [2023-09-27T22:44:06.840-0400] {dag.py:2915} INFO - Sync 6 DAGs
[2023-09-27T22:44:06.862-0400] {logging_mixin.py:151} INFO - [2023-09-27T22:44:06.861-0400] {dag.py:3696} INFO - Setting next_dagrun for dataset_consumes_1 to None, run_after=None
[2023-09-27T22:44:06.867-0400] {logging_mixin.py:151} INFO - [2023-09-27T22:44:06.866-0400] {dag.py:3696} INFO - Setting next_dagrun for dataset_consumes_1_and_2 to None, run_after=None
[2023-09-27T22:44:06.868-0400] {logging_mixin.py:151} INFO - [2023-09-27T22:44:06.868-0400] {dag.py:3696} INFO - Setting next_dagrun for dataset_consumes_1_never_scheduled to None, run_after=None
[2023-09-27T22:44:06.870-0400] {logging_mixin.py:151} INFO - [2023-09-27T22:44:06.869-0400] {dag.py:3696} INFO - Setting next_dagrun for dataset_consumes_unknown_never_scheduled to None, run_after=None
[2023-09-27T22:44:06.874-0400] {logging_mixin.py:151} INFO - [2023-09-27T22:44:06.873-0400] {dag.py:3696} INFO - Setting next_dagrun for dataset_produces_1 to 2023-09-27T00:00:00+00:00, run_after=2023-09-28T00:00:00+00:00
[2023-09-27T22:44:06.875-0400] {logging_mixin.py:151} INFO - [2023-09-27T22:44:06.875-0400] {dag.py:3696} INFO - Setting next_dagrun for dataset_produces_2 to None, run_after=None
[2023-09-27T22:44:06.927-0400] {processor.py:179} INFO - Processing /home/beau/airflow/py_env/lib/python3.10/site-packages/airflow/example_dags/example_datasets.py took 0.140 seconds
[2023-09-27T22:45:04.539-0400] {processor.py:157} INFO - Started process (PID=14229) to work on /home/beau/airflow/py_env/lib/python3.10/site-packages/airflow/example_dags/example_datasets.py
[2023-09-27T22:45:04.543-0400] {processor.py:829} INFO - Processing file /home/beau/airflow/py_env/lib/python3.10/site-packages/airflow/example_dags/example_datasets.py for tasks to queue
[2023-09-27T22:45:04.545-0400] {logging_mixin.py:151} INFO - [2023-09-27T22:45:04.544-0400] {dagbag.py:539} INFO - Filling up the DagBag from /home/beau/airflow/py_env/lib/python3.10/site-packages/airflow/example_dags/example_datasets.py
[2023-09-27T22:45:04.564-0400] {processor.py:839} INFO - DAG(s) dict_keys(['dataset_produces_2', 'dataset_consumes_1', 'dataset_consumes_1_and_2', 'dataset_consumes_1_never_scheduled', 'dataset_produces_1', 'dataset_consumes_unknown_never_scheduled']) retrieved from /home/beau/airflow/py_env/lib/python3.10/site-packages/airflow/example_dags/example_datasets.py
[2023-09-27T22:45:04.596-0400] {logging_mixin.py:151} INFO - [2023-09-27T22:45:04.596-0400] {dag.py:2915} INFO - Sync 6 DAGs
[2023-09-27T22:45:04.617-0400] {logging_mixin.py:151} INFO - [2023-09-27T22:45:04.617-0400] {dag.py:3696} INFO - Setting next_dagrun for dataset_consumes_1 to None, run_after=None
[2023-09-27T22:45:04.620-0400] {logging_mixin.py:151} INFO - [2023-09-27T22:45:04.620-0400] {dag.py:3696} INFO - Setting next_dagrun for dataset_consumes_1_and_2 to None, run_after=None
[2023-09-27T22:45:04.621-0400] {logging_mixin.py:151} INFO - [2023-09-27T22:45:04.621-0400] {dag.py:3696} INFO - Setting next_dagrun for dataset_consumes_1_never_scheduled to None, run_after=None
[2023-09-27T22:45:04.622-0400] {logging_mixin.py:151} INFO - [2023-09-27T22:45:04.622-0400] {dag.py:3696} INFO - Setting next_dagrun for dataset_consumes_unknown_never_scheduled to None, run_after=None
[2023-09-27T22:45:04.624-0400] {logging_mixin.py:151} INFO - [2023-09-27T22:45:04.624-0400] {dag.py:3696} INFO - Setting next_dagrun for dataset_produces_1 to 2023-09-27T00:00:00+00:00, run_after=2023-09-28T00:00:00+00:00
[2023-09-27T22:45:04.625-0400] {logging_mixin.py:151} INFO - [2023-09-27T22:45:04.625-0400] {dag.py:3696} INFO - Setting next_dagrun for dataset_produces_2 to None, run_after=None
[2023-09-27T22:45:04.661-0400] {processor.py:179} INFO - Processing /home/beau/airflow/py_env/lib/python3.10/site-packages/airflow/example_dags/example_datasets.py took 0.130 seconds
[2023-09-27T22:46:01.234-0400] {processor.py:157} INFO - Started process (PID=14862) to work on /home/beau/airflow/py_env/lib/python3.10/site-packages/airflow/example_dags/example_datasets.py
[2023-09-27T22:46:01.239-0400] {processor.py:829} INFO - Processing file /home/beau/airflow/py_env/lib/python3.10/site-packages/airflow/example_dags/example_datasets.py for tasks to queue
[2023-09-27T22:46:01.242-0400] {logging_mixin.py:151} INFO - [2023-09-27T22:46:01.241-0400] {dagbag.py:539} INFO - Filling up the DagBag from /home/beau/airflow/py_env/lib/python3.10/site-packages/airflow/example_dags/example_datasets.py
[2023-09-27T22:46:01.269-0400] {processor.py:839} INFO - DAG(s) dict_keys(['dataset_consumes_1_never_scheduled', 'dataset_produces_2', 'dataset_consumes_1', 'dataset_produces_1', 'dataset_consumes_1_and_2', 'dataset_consumes_unknown_never_scheduled']) retrieved from /home/beau/airflow/py_env/lib/python3.10/site-packages/airflow/example_dags/example_datasets.py
[2023-09-27T22:46:01.305-0400] {logging_mixin.py:151} INFO - [2023-09-27T22:46:01.305-0400] {dag.py:2915} INFO - Sync 6 DAGs
[2023-09-27T22:46:01.328-0400] {logging_mixin.py:151} INFO - [2023-09-27T22:46:01.328-0400] {dag.py:3696} INFO - Setting next_dagrun for dataset_consumes_1 to None, run_after=None
[2023-09-27T22:46:01.331-0400] {logging_mixin.py:151} INFO - [2023-09-27T22:46:01.331-0400] {dag.py:3696} INFO - Setting next_dagrun for dataset_consumes_1_and_2 to None, run_after=None
[2023-09-27T22:46:01.332-0400] {logging_mixin.py:151} INFO - [2023-09-27T22:46:01.332-0400] {dag.py:3696} INFO - Setting next_dagrun for dataset_consumes_1_never_scheduled to None, run_after=None
[2023-09-27T22:46:01.333-0400] {logging_mixin.py:151} INFO - [2023-09-27T22:46:01.333-0400] {dag.py:3696} INFO - Setting next_dagrun for dataset_consumes_unknown_never_scheduled to None, run_after=None
[2023-09-27T22:46:01.336-0400] {logging_mixin.py:151} INFO - [2023-09-27T22:46:01.336-0400] {dag.py:3696} INFO - Setting next_dagrun for dataset_produces_1 to 2023-09-27T00:00:00+00:00, run_after=2023-09-28T00:00:00+00:00
[2023-09-27T22:46:01.337-0400] {logging_mixin.py:151} INFO - [2023-09-27T22:46:01.337-0400] {dag.py:3696} INFO - Setting next_dagrun for dataset_produces_2 to None, run_after=None
[2023-09-27T22:46:01.370-0400] {processor.py:179} INFO - Processing /home/beau/airflow/py_env/lib/python3.10/site-packages/airflow/example_dags/example_datasets.py took 0.140 seconds
[2023-09-27T22:47:02.234-0400] {processor.py:157} INFO - Started process (PID=15657) to work on /home/beau/airflow/py_env/lib/python3.10/site-packages/airflow/example_dags/example_datasets.py
[2023-09-27T22:47:02.238-0400] {processor.py:829} INFO - Processing file /home/beau/airflow/py_env/lib/python3.10/site-packages/airflow/example_dags/example_datasets.py for tasks to queue
[2023-09-27T22:47:02.239-0400] {logging_mixin.py:151} INFO - [2023-09-27T22:47:02.239-0400] {dagbag.py:539} INFO - Filling up the DagBag from /home/beau/airflow/py_env/lib/python3.10/site-packages/airflow/example_dags/example_datasets.py
[2023-09-27T22:47:02.252-0400] {processor.py:839} INFO - DAG(s) dict_keys(['dataset_consumes_1_never_scheduled', 'dataset_consumes_1', 'dataset_consumes_unknown_never_scheduled', 'dataset_produces_2', 'dataset_consumes_1_and_2', 'dataset_produces_1']) retrieved from /home/beau/airflow/py_env/lib/python3.10/site-packages/airflow/example_dags/example_datasets.py
[2023-09-27T22:47:02.279-0400] {logging_mixin.py:151} INFO - [2023-09-27T22:47:02.278-0400] {dag.py:2915} INFO - Sync 6 DAGs
[2023-09-27T22:47:02.297-0400] {logging_mixin.py:151} INFO - [2023-09-27T22:47:02.297-0400] {dag.py:3696} INFO - Setting next_dagrun for dataset_consumes_1 to None, run_after=None
[2023-09-27T22:47:02.299-0400] {logging_mixin.py:151} INFO - [2023-09-27T22:47:02.299-0400] {dag.py:3696} INFO - Setting next_dagrun for dataset_consumes_1_and_2 to None, run_after=None
[2023-09-27T22:47:02.300-0400] {logging_mixin.py:151} INFO - [2023-09-27T22:47:02.300-0400] {dag.py:3696} INFO - Setting next_dagrun for dataset_consumes_1_never_scheduled to None, run_after=None
[2023-09-27T22:47:02.301-0400] {logging_mixin.py:151} INFO - [2023-09-27T22:47:02.301-0400] {dag.py:3696} INFO - Setting next_dagrun for dataset_consumes_unknown_never_scheduled to None, run_after=None
[2023-09-27T22:47:02.303-0400] {logging_mixin.py:151} INFO - [2023-09-27T22:47:02.303-0400] {dag.py:3696} INFO - Setting next_dagrun for dataset_produces_1 to 2023-09-27T00:00:00+00:00, run_after=2023-09-28T00:00:00+00:00
[2023-09-27T22:47:02.305-0400] {logging_mixin.py:151} INFO - [2023-09-27T22:47:02.305-0400] {dag.py:3696} INFO - Setting next_dagrun for dataset_produces_2 to None, run_after=None
[2023-09-27T22:47:02.339-0400] {processor.py:179} INFO - Processing /home/beau/airflow/py_env/lib/python3.10/site-packages/airflow/example_dags/example_datasets.py took 0.110 seconds
[2023-09-27T22:47:59.679-0400] {processor.py:157} INFO - Started process (PID=16257) to work on /home/beau/airflow/py_env/lib/python3.10/site-packages/airflow/example_dags/example_datasets.py
[2023-09-27T22:47:59.684-0400] {processor.py:829} INFO - Processing file /home/beau/airflow/py_env/lib/python3.10/site-packages/airflow/example_dags/example_datasets.py for tasks to queue
[2023-09-27T22:47:59.686-0400] {logging_mixin.py:151} INFO - [2023-09-27T22:47:59.685-0400] {dagbag.py:539} INFO - Filling up the DagBag from /home/beau/airflow/py_env/lib/python3.10/site-packages/airflow/example_dags/example_datasets.py
[2023-09-27T22:47:59.705-0400] {processor.py:839} INFO - DAG(s) dict_keys(['dataset_consumes_1', 'dataset_consumes_1_and_2', 'dataset_produces_1', 'dataset_produces_2', 'dataset_consumes_1_never_scheduled', 'dataset_consumes_unknown_never_scheduled']) retrieved from /home/beau/airflow/py_env/lib/python3.10/site-packages/airflow/example_dags/example_datasets.py
[2023-09-27T22:47:59.734-0400] {logging_mixin.py:151} INFO - [2023-09-27T22:47:59.733-0400] {dag.py:2915} INFO - Sync 6 DAGs
[2023-09-27T22:47:59.757-0400] {logging_mixin.py:151} INFO - [2023-09-27T22:47:59.756-0400] {dag.py:3696} INFO - Setting next_dagrun for dataset_consumes_1 to None, run_after=None
[2023-09-27T22:47:59.760-0400] {logging_mixin.py:151} INFO - [2023-09-27T22:47:59.760-0400] {dag.py:3696} INFO - Setting next_dagrun for dataset_consumes_1_and_2 to None, run_after=None
[2023-09-27T22:47:59.761-0400] {logging_mixin.py:151} INFO - [2023-09-27T22:47:59.761-0400] {dag.py:3696} INFO - Setting next_dagrun for dataset_consumes_1_never_scheduled to None, run_after=None
[2023-09-27T22:47:59.763-0400] {logging_mixin.py:151} INFO - [2023-09-27T22:47:59.763-0400] {dag.py:3696} INFO - Setting next_dagrun for dataset_consumes_unknown_never_scheduled to None, run_after=None
[2023-09-27T22:47:59.766-0400] {logging_mixin.py:151} INFO - [2023-09-27T22:47:59.766-0400] {dag.py:3696} INFO - Setting next_dagrun for dataset_produces_1 to 2023-09-27T00:00:00+00:00, run_after=2023-09-28T00:00:00+00:00
[2023-09-27T22:47:59.767-0400] {logging_mixin.py:151} INFO - [2023-09-27T22:47:59.767-0400] {dag.py:3696} INFO - Setting next_dagrun for dataset_produces_2 to None, run_after=None
[2023-09-27T22:47:59.800-0400] {processor.py:179} INFO - Processing /home/beau/airflow/py_env/lib/python3.10/site-packages/airflow/example_dags/example_datasets.py took 0.131 seconds
[2023-09-27T22:49:00.666-0400] {processor.py:157} INFO - Started process (PID=16808) to work on /home/beau/airflow/py_env/lib/python3.10/site-packages/airflow/example_dags/example_datasets.py
[2023-09-27T22:49:00.669-0400] {processor.py:829} INFO - Processing file /home/beau/airflow/py_env/lib/python3.10/site-packages/airflow/example_dags/example_datasets.py for tasks to queue
[2023-09-27T22:49:00.670-0400] {logging_mixin.py:151} INFO - [2023-09-27T22:49:00.670-0400] {dagbag.py:539} INFO - Filling up the DagBag from /home/beau/airflow/py_env/lib/python3.10/site-packages/airflow/example_dags/example_datasets.py
[2023-09-27T22:49:00.683-0400] {processor.py:839} INFO - DAG(s) dict_keys(['dataset_consumes_1_and_2', 'dataset_produces_2', 'dataset_consumes_1_never_scheduled', 'dataset_consumes_1', 'dataset_consumes_unknown_never_scheduled', 'dataset_produces_1']) retrieved from /home/beau/airflow/py_env/lib/python3.10/site-packages/airflow/example_dags/example_datasets.py
[2023-09-27T22:49:00.717-0400] {logging_mixin.py:151} INFO - [2023-09-27T22:49:00.716-0400] {dag.py:2915} INFO - Sync 6 DAGs
[2023-09-27T22:49:00.740-0400] {logging_mixin.py:151} INFO - [2023-09-27T22:49:00.740-0400] {dag.py:3696} INFO - Setting next_dagrun for dataset_consumes_1 to None, run_after=None
[2023-09-27T22:49:00.743-0400] {logging_mixin.py:151} INFO - [2023-09-27T22:49:00.743-0400] {dag.py:3696} INFO - Setting next_dagrun for dataset_consumes_1_and_2 to None, run_after=None
[2023-09-27T22:49:00.745-0400] {logging_mixin.py:151} INFO - [2023-09-27T22:49:00.744-0400] {dag.py:3696} INFO - Setting next_dagrun for dataset_consumes_1_never_scheduled to None, run_after=None
[2023-09-27T22:49:00.746-0400] {logging_mixin.py:151} INFO - [2023-09-27T22:49:00.746-0400] {dag.py:3696} INFO - Setting next_dagrun for dataset_consumes_unknown_never_scheduled to None, run_after=None
[2023-09-27T22:49:00.750-0400] {logging_mixin.py:151} INFO - [2023-09-27T22:49:00.750-0400] {dag.py:3696} INFO - Setting next_dagrun for dataset_produces_1 to 2023-09-27T00:00:00+00:00, run_after=2023-09-28T00:00:00+00:00
[2023-09-27T22:49:00.752-0400] {logging_mixin.py:151} INFO - [2023-09-27T22:49:00.751-0400] {dag.py:3696} INFO - Setting next_dagrun for dataset_produces_2 to None, run_after=None
[2023-09-27T22:49:00.790-0400] {processor.py:179} INFO - Processing /home/beau/airflow/py_env/lib/python3.10/site-packages/airflow/example_dags/example_datasets.py took 0.128 seconds
[2023-09-27T22:49:56.872-0400] {processor.py:157} INFO - Started process (PID=17172) to work on /home/beau/airflow/py_env/lib/python3.10/site-packages/airflow/example_dags/example_datasets.py
[2023-09-27T22:49:56.873-0400] {processor.py:829} INFO - Processing file /home/beau/airflow/py_env/lib/python3.10/site-packages/airflow/example_dags/example_datasets.py for tasks to queue
[2023-09-27T22:49:56.874-0400] {logging_mixin.py:151} INFO - [2023-09-27T22:49:56.874-0400] {dagbag.py:539} INFO - Filling up the DagBag from /home/beau/airflow/py_env/lib/python3.10/site-packages/airflow/example_dags/example_datasets.py
[2023-09-27T22:49:56.883-0400] {processor.py:839} INFO - DAG(s) dict_keys(['dataset_consumes_1_and_2', 'dataset_produces_2', 'dataset_consumes_1', 'dataset_consumes_1_never_scheduled', 'dataset_consumes_unknown_never_scheduled', 'dataset_produces_1']) retrieved from /home/beau/airflow/py_env/lib/python3.10/site-packages/airflow/example_dags/example_datasets.py
[2023-09-27T22:49:56.909-0400] {logging_mixin.py:151} INFO - [2023-09-27T22:49:56.909-0400] {dag.py:2915} INFO - Sync 6 DAGs
[2023-09-27T22:49:56.932-0400] {logging_mixin.py:151} INFO - [2023-09-27T22:49:56.932-0400] {dag.py:3696} INFO - Setting next_dagrun for dataset_consumes_1 to None, run_after=None
[2023-09-27T22:49:56.935-0400] {logging_mixin.py:151} INFO - [2023-09-27T22:49:56.935-0400] {dag.py:3696} INFO - Setting next_dagrun for dataset_consumes_1_and_2 to None, run_after=None
[2023-09-27T22:49:56.936-0400] {logging_mixin.py:151} INFO - [2023-09-27T22:49:56.936-0400] {dag.py:3696} INFO - Setting next_dagrun for dataset_consumes_1_never_scheduled to None, run_after=None
[2023-09-27T22:49:56.937-0400] {logging_mixin.py:151} INFO - [2023-09-27T22:49:56.937-0400] {dag.py:3696} INFO - Setting next_dagrun for dataset_consumes_unknown_never_scheduled to None, run_after=None
[2023-09-27T22:49:56.939-0400] {logging_mixin.py:151} INFO - [2023-09-27T22:49:56.939-0400] {dag.py:3696} INFO - Setting next_dagrun for dataset_produces_1 to 2023-09-27T00:00:00+00:00, run_after=2023-09-28T00:00:00+00:00
[2023-09-27T22:49:56.940-0400] {logging_mixin.py:151} INFO - [2023-09-27T22:49:56.940-0400] {dag.py:3696} INFO - Setting next_dagrun for dataset_produces_2 to None, run_after=None
[2023-09-27T22:49:56.974-0400] {processor.py:179} INFO - Processing /home/beau/airflow/py_env/lib/python3.10/site-packages/airflow/example_dags/example_datasets.py took 0.106 seconds
[2023-09-27T22:50:52.603-0400] {processor.py:157} INFO - Started process (PID=17427) to work on /home/beau/airflow/py_env/lib/python3.10/site-packages/airflow/example_dags/example_datasets.py
[2023-09-27T22:50:52.605-0400] {processor.py:829} INFO - Processing file /home/beau/airflow/py_env/lib/python3.10/site-packages/airflow/example_dags/example_datasets.py for tasks to queue
[2023-09-27T22:50:52.606-0400] {logging_mixin.py:151} INFO - [2023-09-27T22:50:52.605-0400] {dagbag.py:539} INFO - Filling up the DagBag from /home/beau/airflow/py_env/lib/python3.10/site-packages/airflow/example_dags/example_datasets.py
[2023-09-27T22:50:52.614-0400] {processor.py:839} INFO - DAG(s) dict_keys(['dataset_consumes_1_and_2', 'dataset_produces_2', 'dataset_consumes_unknown_never_scheduled', 'dataset_consumes_1', 'dataset_produces_1', 'dataset_consumes_1_never_scheduled']) retrieved from /home/beau/airflow/py_env/lib/python3.10/site-packages/airflow/example_dags/example_datasets.py
[2023-09-27T22:50:52.637-0400] {logging_mixin.py:151} INFO - [2023-09-27T22:50:52.637-0400] {dag.py:2915} INFO - Sync 6 DAGs
[2023-09-27T22:50:52.654-0400] {logging_mixin.py:151} INFO - [2023-09-27T22:50:52.653-0400] {dag.py:3696} INFO - Setting next_dagrun for dataset_consumes_1 to None, run_after=None
[2023-09-27T22:50:52.656-0400] {logging_mixin.py:151} INFO - [2023-09-27T22:50:52.656-0400] {dag.py:3696} INFO - Setting next_dagrun for dataset_consumes_1_and_2 to None, run_after=None
[2023-09-27T22:50:52.657-0400] {logging_mixin.py:151} INFO - [2023-09-27T22:50:52.657-0400] {dag.py:3696} INFO - Setting next_dagrun for dataset_consumes_1_never_scheduled to None, run_after=None
[2023-09-27T22:50:52.657-0400] {logging_mixin.py:151} INFO - [2023-09-27T22:50:52.657-0400] {dag.py:3696} INFO - Setting next_dagrun for dataset_consumes_unknown_never_scheduled to None, run_after=None
[2023-09-27T22:50:52.660-0400] {logging_mixin.py:151} INFO - [2023-09-27T22:50:52.659-0400] {dag.py:3696} INFO - Setting next_dagrun for dataset_produces_1 to 2023-09-27T00:00:00+00:00, run_after=2023-09-28T00:00:00+00:00
[2023-09-27T22:50:52.660-0400] {logging_mixin.py:151} INFO - [2023-09-27T22:50:52.660-0400] {dag.py:3696} INFO - Setting next_dagrun for dataset_produces_2 to None, run_after=None
[2023-09-27T22:50:52.690-0400] {processor.py:179} INFO - Processing /home/beau/airflow/py_env/lib/python3.10/site-packages/airflow/example_dags/example_datasets.py took 0.090 seconds
[2023-09-27T22:51:49.531-0400] {processor.py:157} INFO - Started process (PID=17681) to work on /home/beau/airflow/py_env/lib/python3.10/site-packages/airflow/example_dags/example_datasets.py
[2023-09-27T22:51:49.536-0400] {processor.py:829} INFO - Processing file /home/beau/airflow/py_env/lib/python3.10/site-packages/airflow/example_dags/example_datasets.py for tasks to queue
[2023-09-27T22:51:49.537-0400] {logging_mixin.py:151} INFO - [2023-09-27T22:51:49.537-0400] {dagbag.py:539} INFO - Filling up the DagBag from /home/beau/airflow/py_env/lib/python3.10/site-packages/airflow/example_dags/example_datasets.py
[2023-09-27T22:51:49.553-0400] {processor.py:839} INFO - DAG(s) dict_keys(['dataset_produces_2', 'dataset_consumes_1', 'dataset_consumes_1_never_scheduled', 'dataset_consumes_unknown_never_scheduled', 'dataset_consumes_1_and_2', 'dataset_produces_1']) retrieved from /home/beau/airflow/py_env/lib/python3.10/site-packages/airflow/example_dags/example_datasets.py
[2023-09-27T22:51:49.576-0400] {logging_mixin.py:151} INFO - [2023-09-27T22:51:49.576-0400] {dag.py:2915} INFO - Sync 6 DAGs
[2023-09-27T22:51:49.592-0400] {logging_mixin.py:151} INFO - [2023-09-27T22:51:49.592-0400] {dag.py:3696} INFO - Setting next_dagrun for dataset_consumes_1 to None, run_after=None
[2023-09-27T22:51:49.594-0400] {logging_mixin.py:151} INFO - [2023-09-27T22:51:49.594-0400] {dag.py:3696} INFO - Setting next_dagrun for dataset_consumes_1_and_2 to None, run_after=None
[2023-09-27T22:51:49.595-0400] {logging_mixin.py:151} INFO - [2023-09-27T22:51:49.595-0400] {dag.py:3696} INFO - Setting next_dagrun for dataset_consumes_1_never_scheduled to None, run_after=None
[2023-09-27T22:51:49.596-0400] {logging_mixin.py:151} INFO - [2023-09-27T22:51:49.596-0400] {dag.py:3696} INFO - Setting next_dagrun for dataset_consumes_unknown_never_scheduled to None, run_after=None
[2023-09-27T22:51:49.598-0400] {logging_mixin.py:151} INFO - [2023-09-27T22:51:49.598-0400] {dag.py:3696} INFO - Setting next_dagrun for dataset_produces_1 to 2023-09-27T00:00:00+00:00, run_after=2023-09-28T00:00:00+00:00
[2023-09-27T22:51:49.599-0400] {logging_mixin.py:151} INFO - [2023-09-27T22:51:49.599-0400] {dag.py:3696} INFO - Setting next_dagrun for dataset_produces_2 to None, run_after=None
[2023-09-27T22:51:49.632-0400] {processor.py:179} INFO - Processing /home/beau/airflow/py_env/lib/python3.10/site-packages/airflow/example_dags/example_datasets.py took 0.109 seconds
[2023-09-27T22:52:44.013-0400] {processor.py:157} INFO - Started process (PID=17874) to work on /home/beau/airflow/py_env/lib/python3.10/site-packages/airflow/example_dags/example_datasets.py
[2023-09-27T22:52:44.017-0400] {processor.py:829} INFO - Processing file /home/beau/airflow/py_env/lib/python3.10/site-packages/airflow/example_dags/example_datasets.py for tasks to queue
[2023-09-27T22:52:44.020-0400] {logging_mixin.py:151} INFO - [2023-09-27T22:52:44.018-0400] {dagbag.py:539} INFO - Filling up the DagBag from /home/beau/airflow/py_env/lib/python3.10/site-packages/airflow/example_dags/example_datasets.py
[2023-09-27T22:52:44.044-0400] {processor.py:839} INFO - DAG(s) dict_keys(['dataset_consumes_1_and_2', 'dataset_produces_1', 'dataset_consumes_unknown_never_scheduled', 'dataset_consumes_1', 'dataset_consumes_1_never_scheduled', 'dataset_produces_2']) retrieved from /home/beau/airflow/py_env/lib/python3.10/site-packages/airflow/example_dags/example_datasets.py
[2023-09-27T22:52:44.079-0400] {logging_mixin.py:151} INFO - [2023-09-27T22:52:44.079-0400] {dag.py:2915} INFO - Sync 6 DAGs
[2023-09-27T22:52:44.095-0400] {logging_mixin.py:151} INFO - [2023-09-27T22:52:44.095-0400] {dag.py:3696} INFO - Setting next_dagrun for dataset_consumes_1 to None, run_after=None
[2023-09-27T22:52:44.098-0400] {logging_mixin.py:151} INFO - [2023-09-27T22:52:44.098-0400] {dag.py:3696} INFO - Setting next_dagrun for dataset_consumes_1_and_2 to None, run_after=None
[2023-09-27T22:52:44.099-0400] {logging_mixin.py:151} INFO - [2023-09-27T22:52:44.099-0400] {dag.py:3696} INFO - Setting next_dagrun for dataset_consumes_1_never_scheduled to None, run_after=None
[2023-09-27T22:52:44.100-0400] {logging_mixin.py:151} INFO - [2023-09-27T22:52:44.100-0400] {dag.py:3696} INFO - Setting next_dagrun for dataset_consumes_unknown_never_scheduled to None, run_after=None
[2023-09-27T22:52:44.102-0400] {logging_mixin.py:151} INFO - [2023-09-27T22:52:44.102-0400] {dag.py:3696} INFO - Setting next_dagrun for dataset_produces_1 to 2023-09-27T00:00:00+00:00, run_after=2023-09-28T00:00:00+00:00
[2023-09-27T22:52:44.103-0400] {logging_mixin.py:151} INFO - [2023-09-27T22:52:44.103-0400] {dag.py:3696} INFO - Setting next_dagrun for dataset_produces_2 to None, run_after=None
[2023-09-27T22:52:44.133-0400] {processor.py:179} INFO - Processing /home/beau/airflow/py_env/lib/python3.10/site-packages/airflow/example_dags/example_datasets.py took 0.128 seconds
[2023-09-27T22:53:36.800-0400] {processor.py:157} INFO - Started process (PID=18412) to work on /home/beau/airflow/py_env/lib/python3.10/site-packages/airflow/example_dags/example_datasets.py
[2023-09-27T22:53:36.803-0400] {processor.py:829} INFO - Processing file /home/beau/airflow/py_env/lib/python3.10/site-packages/airflow/example_dags/example_datasets.py for tasks to queue
[2023-09-27T22:53:36.805-0400] {logging_mixin.py:151} INFO - [2023-09-27T22:53:36.804-0400] {dagbag.py:539} INFO - Filling up the DagBag from /home/beau/airflow/py_env/lib/python3.10/site-packages/airflow/example_dags/example_datasets.py
[2023-09-27T22:53:36.824-0400] {processor.py:839} INFO - DAG(s) dict_keys(['dataset_produces_2', 'dataset_consumes_unknown_never_scheduled', 'dataset_consumes_1', 'dataset_produces_1', 'dataset_consumes_1_never_scheduled', 'dataset_consumes_1_and_2']) retrieved from /home/beau/airflow/py_env/lib/python3.10/site-packages/airflow/example_dags/example_datasets.py
[2023-09-27T22:53:36.860-0400] {logging_mixin.py:151} INFO - [2023-09-27T22:53:36.860-0400] {dag.py:2915} INFO - Sync 6 DAGs
[2023-09-27T22:53:36.877-0400] {logging_mixin.py:151} INFO - [2023-09-27T22:53:36.877-0400] {dag.py:3696} INFO - Setting next_dagrun for dataset_consumes_1 to None, run_after=None
[2023-09-27T22:53:36.880-0400] {logging_mixin.py:151} INFO - [2023-09-27T22:53:36.880-0400] {dag.py:3696} INFO - Setting next_dagrun for dataset_consumes_1_and_2 to None, run_after=None
[2023-09-27T22:53:36.882-0400] {logging_mixin.py:151} INFO - [2023-09-27T22:53:36.882-0400] {dag.py:3696} INFO - Setting next_dagrun for dataset_consumes_1_never_scheduled to None, run_after=None
[2023-09-27T22:53:36.883-0400] {logging_mixin.py:151} INFO - [2023-09-27T22:53:36.883-0400] {dag.py:3696} INFO - Setting next_dagrun for dataset_consumes_unknown_never_scheduled to None, run_after=None
[2023-09-27T22:53:36.887-0400] {logging_mixin.py:151} INFO - [2023-09-27T22:53:36.886-0400] {dag.py:3696} INFO - Setting next_dagrun for dataset_produces_1 to 2023-09-27T00:00:00+00:00, run_after=2023-09-28T00:00:00+00:00
[2023-09-27T22:53:36.888-0400] {logging_mixin.py:151} INFO - [2023-09-27T22:53:36.887-0400] {dag.py:3696} INFO - Setting next_dagrun for dataset_produces_2 to None, run_after=None
[2023-09-27T22:53:36.917-0400] {processor.py:179} INFO - Processing /home/beau/airflow/py_env/lib/python3.10/site-packages/airflow/example_dags/example_datasets.py took 0.123 seconds
