[2023-09-27T22:32:53.281-0400] {processor.py:157} INFO - Started process (PID=7985) to work on /home/beau/airflow/py_env/lib/python3.10/site-packages/airflow/example_dags/example_time_delta_sensor_async.py
[2023-09-27T22:32:53.282-0400] {processor.py:829} INFO - Processing file /home/beau/airflow/py_env/lib/python3.10/site-packages/airflow/example_dags/example_time_delta_sensor_async.py for tasks to queue
[2023-09-27T22:32:53.283-0400] {logging_mixin.py:151} INFO - [2023-09-27T22:32:53.283-0400] {dagbag.py:539} INFO - Filling up the DagBag from /home/beau/airflow/py_env/lib/python3.10/site-packages/airflow/example_dags/example_time_delta_sensor_async.py
[2023-09-27T22:32:53.289-0400] {processor.py:839} INFO - DAG(s) dict_keys(['example_time_delta_sensor_async']) retrieved from /home/beau/airflow/py_env/lib/python3.10/site-packages/airflow/example_dags/example_time_delta_sensor_async.py
[2023-09-27T22:32:53.296-0400] {logging_mixin.py:151} INFO - [2023-09-27T22:32:53.296-0400] {dag.py:2915} INFO - Sync 1 DAGs
[2023-09-27T22:32:53.306-0400] {logging_mixin.py:151} INFO - [2023-09-27T22:32:53.306-0400] {dag.py:3696} INFO - Setting next_dagrun for example_time_delta_sensor_async to None, run_after=None
[2023-09-27T22:32:53.336-0400] {processor.py:179} INFO - Processing /home/beau/airflow/py_env/lib/python3.10/site-packages/airflow/example_dags/example_time_delta_sensor_async.py took 0.057 seconds
[2023-09-27T22:33:42.878-0400] {processor.py:157} INFO - Started process (PID=8746) to work on /home/beau/airflow/py_env/lib/python3.10/site-packages/airflow/example_dags/example_time_delta_sensor_async.py
[2023-09-27T22:33:42.881-0400] {processor.py:829} INFO - Processing file /home/beau/airflow/py_env/lib/python3.10/site-packages/airflow/example_dags/example_time_delta_sensor_async.py for tasks to queue
[2023-09-27T22:33:42.882-0400] {logging_mixin.py:151} INFO - [2023-09-27T22:33:42.882-0400] {dagbag.py:539} INFO - Filling up the DagBag from /home/beau/airflow/py_env/lib/python3.10/site-packages/airflow/example_dags/example_time_delta_sensor_async.py
[2023-09-27T22:33:42.887-0400] {processor.py:839} INFO - DAG(s) dict_keys(['example_time_delta_sensor_async']) retrieved from /home/beau/airflow/py_env/lib/python3.10/site-packages/airflow/example_dags/example_time_delta_sensor_async.py
[2023-09-27T22:33:42.903-0400] {logging_mixin.py:151} INFO - [2023-09-27T22:33:42.903-0400] {dag.py:2915} INFO - Sync 1 DAGs
[2023-09-27T22:33:42.914-0400] {logging_mixin.py:151} INFO - [2023-09-27T22:33:42.913-0400] {dag.py:3696} INFO - Setting next_dagrun for example_time_delta_sensor_async to None, run_after=None
[2023-09-27T22:33:42.938-0400] {processor.py:179} INFO - Processing /home/beau/airflow/py_env/lib/python3.10/site-packages/airflow/example_dags/example_time_delta_sensor_async.py took 0.064 seconds
[2023-09-27T22:34:18.826-0400] {processor.py:157} INFO - Started process (PID=8998) to work on /home/beau/airflow/py_env/lib/python3.10/site-packages/airflow/example_dags/example_time_delta_sensor_async.py
[2023-09-27T22:34:18.829-0400] {processor.py:829} INFO - Processing file /home/beau/airflow/py_env/lib/python3.10/site-packages/airflow/example_dags/example_time_delta_sensor_async.py for tasks to queue
[2023-09-27T22:34:18.830-0400] {logging_mixin.py:151} INFO - [2023-09-27T22:34:18.830-0400] {dagbag.py:539} INFO - Filling up the DagBag from /home/beau/airflow/py_env/lib/python3.10/site-packages/airflow/example_dags/example_time_delta_sensor_async.py
[2023-09-27T22:34:18.836-0400] {processor.py:839} INFO - DAG(s) dict_keys(['example_time_delta_sensor_async']) retrieved from /home/beau/airflow/py_env/lib/python3.10/site-packages/airflow/example_dags/example_time_delta_sensor_async.py
[2023-09-27T22:34:18.858-0400] {logging_mixin.py:151} INFO - [2023-09-27T22:34:18.857-0400] {dag.py:2915} INFO - Sync 1 DAGs
[2023-09-27T22:34:18.872-0400] {logging_mixin.py:151} INFO - [2023-09-27T22:34:18.872-0400] {dag.py:3696} INFO - Setting next_dagrun for example_time_delta_sensor_async to None, run_after=None
[2023-09-27T22:34:18.909-0400] {processor.py:179} INFO - Processing /home/beau/airflow/py_env/lib/python3.10/site-packages/airflow/example_dags/example_time_delta_sensor_async.py took 0.086 seconds
[2023-09-27T22:34:59.291-0400] {processor.py:157} INFO - Started process (PID=9200) to work on /home/beau/airflow/py_env/lib/python3.10/site-packages/airflow/example_dags/example_time_delta_sensor_async.py
[2023-09-27T22:34:59.295-0400] {processor.py:829} INFO - Processing file /home/beau/airflow/py_env/lib/python3.10/site-packages/airflow/example_dags/example_time_delta_sensor_async.py for tasks to queue
[2023-09-27T22:34:59.296-0400] {logging_mixin.py:151} INFO - [2023-09-27T22:34:59.296-0400] {dagbag.py:539} INFO - Filling up the DagBag from /home/beau/airflow/py_env/lib/python3.10/site-packages/airflow/example_dags/example_time_delta_sensor_async.py
[2023-09-27T22:34:59.303-0400] {processor.py:839} INFO - DAG(s) dict_keys(['example_time_delta_sensor_async']) retrieved from /home/beau/airflow/py_env/lib/python3.10/site-packages/airflow/example_dags/example_time_delta_sensor_async.py
[2023-09-27T22:34:59.324-0400] {logging_mixin.py:151} INFO - [2023-09-27T22:34:59.324-0400] {dag.py:2915} INFO - Sync 1 DAGs
[2023-09-27T22:34:59.338-0400] {logging_mixin.py:151} INFO - [2023-09-27T22:34:59.337-0400] {dag.py:3696} INFO - Setting next_dagrun for example_time_delta_sensor_async to None, run_after=None
[2023-09-27T22:34:59.365-0400] {processor.py:179} INFO - Processing /home/beau/airflow/py_env/lib/python3.10/site-packages/airflow/example_dags/example_time_delta_sensor_async.py took 0.077 seconds
[2023-09-27T22:35:49.727-0400] {processor.py:157} INFO - Started process (PID=9844) to work on /home/beau/airflow/py_env/lib/python3.10/site-packages/airflow/example_dags/example_time_delta_sensor_async.py
[2023-09-27T22:35:49.729-0400] {processor.py:829} INFO - Processing file /home/beau/airflow/py_env/lib/python3.10/site-packages/airflow/example_dags/example_time_delta_sensor_async.py for tasks to queue
[2023-09-27T22:35:49.731-0400] {logging_mixin.py:151} INFO - [2023-09-27T22:35:49.730-0400] {dagbag.py:539} INFO - Filling up the DagBag from /home/beau/airflow/py_env/lib/python3.10/site-packages/airflow/example_dags/example_time_delta_sensor_async.py
[2023-09-27T22:35:49.738-0400] {processor.py:839} INFO - DAG(s) dict_keys(['example_time_delta_sensor_async']) retrieved from /home/beau/airflow/py_env/lib/python3.10/site-packages/airflow/example_dags/example_time_delta_sensor_async.py
[2023-09-27T22:35:49.758-0400] {logging_mixin.py:151} INFO - [2023-09-27T22:35:49.757-0400] {dag.py:2915} INFO - Sync 1 DAGs
[2023-09-27T22:35:49.922-0400] {logging_mixin.py:151} INFO - [2023-09-27T22:35:49.922-0400] {dag.py:3696} INFO - Setting next_dagrun for example_time_delta_sensor_async to None, run_after=None
[2023-09-27T22:35:49.949-0400] {processor.py:179} INFO - Processing /home/beau/airflow/py_env/lib/python3.10/site-packages/airflow/example_dags/example_time_delta_sensor_async.py took 0.227 seconds
[2023-09-27T22:36:43.063-0400] {processor.py:157} INFO - Started process (PID=10482) to work on /home/beau/airflow/py_env/lib/python3.10/site-packages/airflow/example_dags/example_time_delta_sensor_async.py
[2023-09-27T22:36:43.067-0400] {processor.py:829} INFO - Processing file /home/beau/airflow/py_env/lib/python3.10/site-packages/airflow/example_dags/example_time_delta_sensor_async.py for tasks to queue
[2023-09-27T22:36:43.068-0400] {logging_mixin.py:151} INFO - [2023-09-27T22:36:43.068-0400] {dagbag.py:539} INFO - Filling up the DagBag from /home/beau/airflow/py_env/lib/python3.10/site-packages/airflow/example_dags/example_time_delta_sensor_async.py
[2023-09-27T22:36:43.073-0400] {processor.py:839} INFO - DAG(s) dict_keys(['example_time_delta_sensor_async']) retrieved from /home/beau/airflow/py_env/lib/python3.10/site-packages/airflow/example_dags/example_time_delta_sensor_async.py
[2023-09-27T22:36:43.092-0400] {logging_mixin.py:151} INFO - [2023-09-27T22:36:43.092-0400] {dag.py:2915} INFO - Sync 1 DAGs
[2023-09-27T22:36:43.105-0400] {logging_mixin.py:151} INFO - [2023-09-27T22:36:43.105-0400] {dag.py:3696} INFO - Setting next_dagrun for example_time_delta_sensor_async to None, run_after=None
[2023-09-27T22:36:43.129-0400] {processor.py:179} INFO - Processing /home/beau/airflow/py_env/lib/python3.10/site-packages/airflow/example_dags/example_time_delta_sensor_async.py took 0.069 seconds
[2023-09-27T22:37:23.116-0400] {processor.py:157} INFO - Started process (PID=10792) to work on /home/beau/airflow/py_env/lib/python3.10/site-packages/airflow/example_dags/example_time_delta_sensor_async.py
[2023-09-27T22:37:23.120-0400] {processor.py:829} INFO - Processing file /home/beau/airflow/py_env/lib/python3.10/site-packages/airflow/example_dags/example_time_delta_sensor_async.py for tasks to queue
[2023-09-27T22:37:23.121-0400] {logging_mixin.py:151} INFO - [2023-09-27T22:37:23.121-0400] {dagbag.py:539} INFO - Filling up the DagBag from /home/beau/airflow/py_env/lib/python3.10/site-packages/airflow/example_dags/example_time_delta_sensor_async.py
[2023-09-27T22:37:23.125-0400] {processor.py:839} INFO - DAG(s) dict_keys(['example_time_delta_sensor_async']) retrieved from /home/beau/airflow/py_env/lib/python3.10/site-packages/airflow/example_dags/example_time_delta_sensor_async.py
[2023-09-27T22:37:23.141-0400] {logging_mixin.py:151} INFO - [2023-09-27T22:37:23.141-0400] {dag.py:2915} INFO - Sync 1 DAGs
[2023-09-27T22:37:23.153-0400] {logging_mixin.py:151} INFO - [2023-09-27T22:37:23.152-0400] {dag.py:3696} INFO - Setting next_dagrun for example_time_delta_sensor_async to None, run_after=None
[2023-09-27T22:37:23.177-0400] {processor.py:179} INFO - Processing /home/beau/airflow/py_env/lib/python3.10/site-packages/airflow/example_dags/example_time_delta_sensor_async.py took 0.064 seconds
[2023-09-27T22:38:02.781-0400] {processor.py:157} INFO - Started process (PID=11168) to work on /home/beau/airflow/py_env/lib/python3.10/site-packages/airflow/example_dags/example_time_delta_sensor_async.py
[2023-09-27T22:38:02.783-0400] {processor.py:829} INFO - Processing file /home/beau/airflow/py_env/lib/python3.10/site-packages/airflow/example_dags/example_time_delta_sensor_async.py for tasks to queue
[2023-09-27T22:38:02.784-0400] {logging_mixin.py:151} INFO - [2023-09-27T22:38:02.783-0400] {dagbag.py:539} INFO - Filling up the DagBag from /home/beau/airflow/py_env/lib/python3.10/site-packages/airflow/example_dags/example_time_delta_sensor_async.py
[2023-09-27T22:38:02.790-0400] {processor.py:839} INFO - DAG(s) dict_keys(['example_time_delta_sensor_async']) retrieved from /home/beau/airflow/py_env/lib/python3.10/site-packages/airflow/example_dags/example_time_delta_sensor_async.py
[2023-09-27T22:38:02.809-0400] {logging_mixin.py:151} INFO - [2023-09-27T22:38:02.809-0400] {dag.py:2915} INFO - Sync 1 DAGs
[2023-09-27T22:38:02.820-0400] {logging_mixin.py:151} INFO - [2023-09-27T22:38:02.819-0400] {dag.py:3696} INFO - Setting next_dagrun for example_time_delta_sensor_async to None, run_after=None
[2023-09-27T22:38:02.850-0400] {processor.py:179} INFO - Processing /home/beau/airflow/py_env/lib/python3.10/site-packages/airflow/example_dags/example_time_delta_sensor_async.py took 0.072 seconds
[2023-09-27T22:38:42.343-0400] {processor.py:157} INFO - Started process (PID=11493) to work on /home/beau/airflow/py_env/lib/python3.10/site-packages/airflow/example_dags/example_time_delta_sensor_async.py
[2023-09-27T22:38:42.348-0400] {processor.py:829} INFO - Processing file /home/beau/airflow/py_env/lib/python3.10/site-packages/airflow/example_dags/example_time_delta_sensor_async.py for tasks to queue
[2023-09-27T22:38:42.349-0400] {logging_mixin.py:151} INFO - [2023-09-27T22:38:42.349-0400] {dagbag.py:539} INFO - Filling up the DagBag from /home/beau/airflow/py_env/lib/python3.10/site-packages/airflow/example_dags/example_time_delta_sensor_async.py
[2023-09-27T22:38:42.361-0400] {processor.py:839} INFO - DAG(s) dict_keys(['example_time_delta_sensor_async']) retrieved from /home/beau/airflow/py_env/lib/python3.10/site-packages/airflow/example_dags/example_time_delta_sensor_async.py
[2023-09-27T22:38:42.381-0400] {logging_mixin.py:151} INFO - [2023-09-27T22:38:42.381-0400] {dag.py:2915} INFO - Sync 1 DAGs
[2023-09-27T22:38:42.395-0400] {logging_mixin.py:151} INFO - [2023-09-27T22:38:42.395-0400] {dag.py:3696} INFO - Setting next_dagrun for example_time_delta_sensor_async to None, run_after=None
[2023-09-27T22:38:42.424-0400] {processor.py:179} INFO - Processing /home/beau/airflow/py_env/lib/python3.10/site-packages/airflow/example_dags/example_time_delta_sensor_async.py took 0.088 seconds
[2023-09-27T22:39:15.820-0400] {processor.py:157} INFO - Started process (PID=11787) to work on /home/beau/airflow/py_env/lib/python3.10/site-packages/airflow/example_dags/example_time_delta_sensor_async.py
[2023-09-27T22:39:15.824-0400] {processor.py:829} INFO - Processing file /home/beau/airflow/py_env/lib/python3.10/site-packages/airflow/example_dags/example_time_delta_sensor_async.py for tasks to queue
[2023-09-27T22:39:15.825-0400] {logging_mixin.py:151} INFO - [2023-09-27T22:39:15.824-0400] {dagbag.py:539} INFO - Filling up the DagBag from /home/beau/airflow/py_env/lib/python3.10/site-packages/airflow/example_dags/example_time_delta_sensor_async.py
[2023-09-27T22:39:15.832-0400] {processor.py:839} INFO - DAG(s) dict_keys(['example_time_delta_sensor_async']) retrieved from /home/beau/airflow/py_env/lib/python3.10/site-packages/airflow/example_dags/example_time_delta_sensor_async.py
[2023-09-27T22:39:15.854-0400] {logging_mixin.py:151} INFO - [2023-09-27T22:39:15.853-0400] {dag.py:2915} INFO - Sync 1 DAGs
[2023-09-27T22:39:15.866-0400] {logging_mixin.py:151} INFO - [2023-09-27T22:39:15.866-0400] {dag.py:3696} INFO - Setting next_dagrun for example_time_delta_sensor_async to None, run_after=None
[2023-09-27T22:39:15.893-0400] {processor.py:179} INFO - Processing /home/beau/airflow/py_env/lib/python3.10/site-packages/airflow/example_dags/example_time_delta_sensor_async.py took 0.077 seconds
[2023-09-27T22:39:53.685-0400] {processor.py:157} INFO - Started process (PID=12025) to work on /home/beau/airflow/py_env/lib/python3.10/site-packages/airflow/example_dags/example_time_delta_sensor_async.py
[2023-09-27T22:39:53.687-0400] {processor.py:829} INFO - Processing file /home/beau/airflow/py_env/lib/python3.10/site-packages/airflow/example_dags/example_time_delta_sensor_async.py for tasks to queue
[2023-09-27T22:39:53.688-0400] {logging_mixin.py:151} INFO - [2023-09-27T22:39:53.688-0400] {dagbag.py:539} INFO - Filling up the DagBag from /home/beau/airflow/py_env/lib/python3.10/site-packages/airflow/example_dags/example_time_delta_sensor_async.py
[2023-09-27T22:39:53.692-0400] {processor.py:839} INFO - DAG(s) dict_keys(['example_time_delta_sensor_async']) retrieved from /home/beau/airflow/py_env/lib/python3.10/site-packages/airflow/example_dags/example_time_delta_sensor_async.py
[2023-09-27T22:39:53.711-0400] {logging_mixin.py:151} INFO - [2023-09-27T22:39:53.711-0400] {dag.py:2915} INFO - Sync 1 DAGs
[2023-09-27T22:39:53.725-0400] {logging_mixin.py:151} INFO - [2023-09-27T22:39:53.724-0400] {dag.py:3696} INFO - Setting next_dagrun for example_time_delta_sensor_async to None, run_after=None
[2023-09-27T22:39:53.753-0400] {processor.py:179} INFO - Processing /home/beau/airflow/py_env/lib/python3.10/site-packages/airflow/example_dags/example_time_delta_sensor_async.py took 0.072 seconds
[2023-09-27T22:40:37.647-0400] {processor.py:157} INFO - Started process (PID=12174) to work on /home/beau/airflow/py_env/lib/python3.10/site-packages/airflow/example_dags/example_time_delta_sensor_async.py
[2023-09-27T22:40:37.652-0400] {processor.py:829} INFO - Processing file /home/beau/airflow/py_env/lib/python3.10/site-packages/airflow/example_dags/example_time_delta_sensor_async.py for tasks to queue
[2023-09-27T22:40:37.654-0400] {logging_mixin.py:151} INFO - [2023-09-27T22:40:37.654-0400] {dagbag.py:539} INFO - Filling up the DagBag from /home/beau/airflow/py_env/lib/python3.10/site-packages/airflow/example_dags/example_time_delta_sensor_async.py
[2023-09-27T22:40:37.661-0400] {processor.py:839} INFO - DAG(s) dict_keys(['example_time_delta_sensor_async']) retrieved from /home/beau/airflow/py_env/lib/python3.10/site-packages/airflow/example_dags/example_time_delta_sensor_async.py
[2023-09-27T22:40:37.679-0400] {logging_mixin.py:151} INFO - [2023-09-27T22:40:37.679-0400] {dag.py:2915} INFO - Sync 1 DAGs
[2023-09-27T22:40:37.693-0400] {logging_mixin.py:151} INFO - [2023-09-27T22:40:37.692-0400] {dag.py:3696} INFO - Setting next_dagrun for example_time_delta_sensor_async to None, run_after=None
[2023-09-27T22:40:37.717-0400] {processor.py:179} INFO - Processing /home/beau/airflow/py_env/lib/python3.10/site-packages/airflow/example_dags/example_time_delta_sensor_async.py took 0.075 seconds
[2023-09-27T22:41:16.460-0400] {processor.py:157} INFO - Started process (PID=12414) to work on /home/beau/airflow/py_env/lib/python3.10/site-packages/airflow/example_dags/example_time_delta_sensor_async.py
[2023-09-27T22:41:16.464-0400] {processor.py:829} INFO - Processing file /home/beau/airflow/py_env/lib/python3.10/site-packages/airflow/example_dags/example_time_delta_sensor_async.py for tasks to queue
[2023-09-27T22:41:16.466-0400] {logging_mixin.py:151} INFO - [2023-09-27T22:41:16.465-0400] {dagbag.py:539} INFO - Filling up the DagBag from /home/beau/airflow/py_env/lib/python3.10/site-packages/airflow/example_dags/example_time_delta_sensor_async.py
[2023-09-27T22:41:16.474-0400] {processor.py:839} INFO - DAG(s) dict_keys(['example_time_delta_sensor_async']) retrieved from /home/beau/airflow/py_env/lib/python3.10/site-packages/airflow/example_dags/example_time_delta_sensor_async.py
[2023-09-27T22:41:16.490-0400] {logging_mixin.py:151} INFO - [2023-09-27T22:41:16.490-0400] {dag.py:2915} INFO - Sync 1 DAGs
[2023-09-27T22:41:16.500-0400] {logging_mixin.py:151} INFO - [2023-09-27T22:41:16.500-0400] {dag.py:3696} INFO - Setting next_dagrun for example_time_delta_sensor_async to None, run_after=None
[2023-09-27T22:41:16.526-0400] {processor.py:179} INFO - Processing /home/beau/airflow/py_env/lib/python3.10/site-packages/airflow/example_dags/example_time_delta_sensor_async.py took 0.072 seconds
[2023-09-27T22:41:55.717-0400] {processor.py:157} INFO - Started process (PID=12678) to work on /home/beau/airflow/py_env/lib/python3.10/site-packages/airflow/example_dags/example_time_delta_sensor_async.py
[2023-09-27T22:41:55.721-0400] {processor.py:829} INFO - Processing file /home/beau/airflow/py_env/lib/python3.10/site-packages/airflow/example_dags/example_time_delta_sensor_async.py for tasks to queue
[2023-09-27T22:41:55.722-0400] {logging_mixin.py:151} INFO - [2023-09-27T22:41:55.722-0400] {dagbag.py:539} INFO - Filling up the DagBag from /home/beau/airflow/py_env/lib/python3.10/site-packages/airflow/example_dags/example_time_delta_sensor_async.py
[2023-09-27T22:41:55.731-0400] {processor.py:839} INFO - DAG(s) dict_keys(['example_time_delta_sensor_async']) retrieved from /home/beau/airflow/py_env/lib/python3.10/site-packages/airflow/example_dags/example_time_delta_sensor_async.py
[2023-09-27T22:41:55.753-0400] {logging_mixin.py:151} INFO - [2023-09-27T22:41:55.752-0400] {dag.py:2915} INFO - Sync 1 DAGs
[2023-09-27T22:41:55.766-0400] {logging_mixin.py:151} INFO - [2023-09-27T22:41:55.766-0400] {dag.py:3696} INFO - Setting next_dagrun for example_time_delta_sensor_async to None, run_after=None
[2023-09-27T22:41:55.798-0400] {processor.py:179} INFO - Processing /home/beau/airflow/py_env/lib/python3.10/site-packages/airflow/example_dags/example_time_delta_sensor_async.py took 0.091 seconds
[2023-09-27T22:42:36.521-0400] {processor.py:157} INFO - Started process (PID=12957) to work on /home/beau/airflow/py_env/lib/python3.10/site-packages/airflow/example_dags/example_time_delta_sensor_async.py
[2023-09-27T22:42:36.526-0400] {processor.py:829} INFO - Processing file /home/beau/airflow/py_env/lib/python3.10/site-packages/airflow/example_dags/example_time_delta_sensor_async.py for tasks to queue
[2023-09-27T22:42:36.527-0400] {logging_mixin.py:151} INFO - [2023-09-27T22:42:36.527-0400] {dagbag.py:539} INFO - Filling up the DagBag from /home/beau/airflow/py_env/lib/python3.10/site-packages/airflow/example_dags/example_time_delta_sensor_async.py
[2023-09-27T22:42:36.536-0400] {processor.py:839} INFO - DAG(s) dict_keys(['example_time_delta_sensor_async']) retrieved from /home/beau/airflow/py_env/lib/python3.10/site-packages/airflow/example_dags/example_time_delta_sensor_async.py
[2023-09-27T22:42:36.555-0400] {logging_mixin.py:151} INFO - [2023-09-27T22:42:36.555-0400] {dag.py:2915} INFO - Sync 1 DAGs
[2023-09-27T22:42:36.566-0400] {logging_mixin.py:151} INFO - [2023-09-27T22:42:36.566-0400] {dag.py:3696} INFO - Setting next_dagrun for example_time_delta_sensor_async to None, run_after=None
[2023-09-27T22:42:36.589-0400] {processor.py:179} INFO - Processing /home/beau/airflow/py_env/lib/python3.10/site-packages/airflow/example_dags/example_time_delta_sensor_async.py took 0.073 seconds
[2023-09-27T22:43:11.980-0400] {processor.py:157} INFO - Started process (PID=13319) to work on /home/beau/airflow/py_env/lib/python3.10/site-packages/airflow/example_dags/example_time_delta_sensor_async.py
[2023-09-27T22:43:11.984-0400] {processor.py:829} INFO - Processing file /home/beau/airflow/py_env/lib/python3.10/site-packages/airflow/example_dags/example_time_delta_sensor_async.py for tasks to queue
[2023-09-27T22:43:11.986-0400] {logging_mixin.py:151} INFO - [2023-09-27T22:43:11.986-0400] {dagbag.py:539} INFO - Filling up the DagBag from /home/beau/airflow/py_env/lib/python3.10/site-packages/airflow/example_dags/example_time_delta_sensor_async.py
[2023-09-27T22:43:11.995-0400] {processor.py:839} INFO - DAG(s) dict_keys(['example_time_delta_sensor_async']) retrieved from /home/beau/airflow/py_env/lib/python3.10/site-packages/airflow/example_dags/example_time_delta_sensor_async.py
[2023-09-27T22:43:12.017-0400] {logging_mixin.py:151} INFO - [2023-09-27T22:43:12.016-0400] {dag.py:2915} INFO - Sync 1 DAGs
[2023-09-27T22:43:12.026-0400] {logging_mixin.py:151} INFO - [2023-09-27T22:43:12.026-0400] {dag.py:3696} INFO - Setting next_dagrun for example_time_delta_sensor_async to None, run_after=None
[2023-09-27T22:43:12.052-0400] {processor.py:179} INFO - Processing /home/beau/airflow/py_env/lib/python3.10/site-packages/airflow/example_dags/example_time_delta_sensor_async.py took 0.080 seconds
[2023-09-27T22:43:50.115-0400] {processor.py:157} INFO - Started process (PID=13583) to work on /home/beau/airflow/py_env/lib/python3.10/site-packages/airflow/example_dags/example_time_delta_sensor_async.py
[2023-09-27T22:43:50.118-0400] {processor.py:829} INFO - Processing file /home/beau/airflow/py_env/lib/python3.10/site-packages/airflow/example_dags/example_time_delta_sensor_async.py for tasks to queue
[2023-09-27T22:43:50.120-0400] {logging_mixin.py:151} INFO - [2023-09-27T22:43:50.119-0400] {dagbag.py:539} INFO - Filling up the DagBag from /home/beau/airflow/py_env/lib/python3.10/site-packages/airflow/example_dags/example_time_delta_sensor_async.py
[2023-09-27T22:43:50.126-0400] {processor.py:839} INFO - DAG(s) dict_keys(['example_time_delta_sensor_async']) retrieved from /home/beau/airflow/py_env/lib/python3.10/site-packages/airflow/example_dags/example_time_delta_sensor_async.py
[2023-09-27T22:43:50.145-0400] {logging_mixin.py:151} INFO - [2023-09-27T22:43:50.145-0400] {dag.py:2915} INFO - Sync 1 DAGs
[2023-09-27T22:43:50.157-0400] {logging_mixin.py:151} INFO - [2023-09-27T22:43:50.157-0400] {dag.py:3696} INFO - Setting next_dagrun for example_time_delta_sensor_async to None, run_after=None
[2023-09-27T22:43:50.181-0400] {processor.py:179} INFO - Processing /home/beau/airflow/py_env/lib/python3.10/site-packages/airflow/example_dags/example_time_delta_sensor_async.py took 0.071 seconds
[2023-09-27T22:44:31.913-0400] {processor.py:157} INFO - Started process (PID=13887) to work on /home/beau/airflow/py_env/lib/python3.10/site-packages/airflow/example_dags/example_time_delta_sensor_async.py
[2023-09-27T22:44:31.916-0400] {processor.py:829} INFO - Processing file /home/beau/airflow/py_env/lib/python3.10/site-packages/airflow/example_dags/example_time_delta_sensor_async.py for tasks to queue
[2023-09-27T22:44:31.917-0400] {logging_mixin.py:151} INFO - [2023-09-27T22:44:31.917-0400] {dagbag.py:539} INFO - Filling up the DagBag from /home/beau/airflow/py_env/lib/python3.10/site-packages/airflow/example_dags/example_time_delta_sensor_async.py
[2023-09-27T22:44:31.923-0400] {processor.py:839} INFO - DAG(s) dict_keys(['example_time_delta_sensor_async']) retrieved from /home/beau/airflow/py_env/lib/python3.10/site-packages/airflow/example_dags/example_time_delta_sensor_async.py
[2023-09-27T22:44:31.947-0400] {logging_mixin.py:151} INFO - [2023-09-27T22:44:31.946-0400] {dag.py:2915} INFO - Sync 1 DAGs
[2023-09-27T22:44:31.958-0400] {logging_mixin.py:151} INFO - [2023-09-27T22:44:31.958-0400] {dag.py:3696} INFO - Setting next_dagrun for example_time_delta_sensor_async to None, run_after=None
[2023-09-27T22:44:31.984-0400] {processor.py:179} INFO - Processing /home/beau/airflow/py_env/lib/python3.10/site-packages/airflow/example_dags/example_time_delta_sensor_async.py took 0.074 seconds
[2023-09-27T22:45:08.652-0400] {processor.py:157} INFO - Started process (PID=14245) to work on /home/beau/airflow/py_env/lib/python3.10/site-packages/airflow/example_dags/example_time_delta_sensor_async.py
[2023-09-27T22:45:08.656-0400] {processor.py:829} INFO - Processing file /home/beau/airflow/py_env/lib/python3.10/site-packages/airflow/example_dags/example_time_delta_sensor_async.py for tasks to queue
[2023-09-27T22:45:08.657-0400] {logging_mixin.py:151} INFO - [2023-09-27T22:45:08.656-0400] {dagbag.py:539} INFO - Filling up the DagBag from /home/beau/airflow/py_env/lib/python3.10/site-packages/airflow/example_dags/example_time_delta_sensor_async.py
[2023-09-27T22:45:08.663-0400] {processor.py:839} INFO - DAG(s) dict_keys(['example_time_delta_sensor_async']) retrieved from /home/beau/airflow/py_env/lib/python3.10/site-packages/airflow/example_dags/example_time_delta_sensor_async.py
[2023-09-27T22:45:08.680-0400] {logging_mixin.py:151} INFO - [2023-09-27T22:45:08.680-0400] {dag.py:2915} INFO - Sync 1 DAGs
[2023-09-27T22:45:08.691-0400] {logging_mixin.py:151} INFO - [2023-09-27T22:45:08.690-0400] {dag.py:3696} INFO - Setting next_dagrun for example_time_delta_sensor_async to None, run_after=None
[2023-09-27T22:45:08.721-0400] {processor.py:179} INFO - Processing /home/beau/airflow/py_env/lib/python3.10/site-packages/airflow/example_dags/example_time_delta_sensor_async.py took 0.072 seconds
[2023-09-27T22:45:44.646-0400] {processor.py:157} INFO - Started process (PID=14643) to work on /home/beau/airflow/py_env/lib/python3.10/site-packages/airflow/example_dags/example_time_delta_sensor_async.py
[2023-09-27T22:45:44.650-0400] {processor.py:829} INFO - Processing file /home/beau/airflow/py_env/lib/python3.10/site-packages/airflow/example_dags/example_time_delta_sensor_async.py for tasks to queue
[2023-09-27T22:45:44.652-0400] {logging_mixin.py:151} INFO - [2023-09-27T22:45:44.651-0400] {dagbag.py:539} INFO - Filling up the DagBag from /home/beau/airflow/py_env/lib/python3.10/site-packages/airflow/example_dags/example_time_delta_sensor_async.py
[2023-09-27T22:45:44.662-0400] {processor.py:839} INFO - DAG(s) dict_keys(['example_time_delta_sensor_async']) retrieved from /home/beau/airflow/py_env/lib/python3.10/site-packages/airflow/example_dags/example_time_delta_sensor_async.py
[2023-09-27T22:45:44.691-0400] {logging_mixin.py:151} INFO - [2023-09-27T22:45:44.691-0400] {dag.py:2915} INFO - Sync 1 DAGs
[2023-09-27T22:45:44.705-0400] {logging_mixin.py:151} INFO - [2023-09-27T22:45:44.705-0400] {dag.py:3696} INFO - Setting next_dagrun for example_time_delta_sensor_async to None, run_after=None
[2023-09-27T22:45:44.733-0400] {processor.py:179} INFO - Processing /home/beau/airflow/py_env/lib/python3.10/site-packages/airflow/example_dags/example_time_delta_sensor_async.py took 0.094 seconds
[2023-09-27T22:46:25.657-0400] {processor.py:157} INFO - Started process (PID=15151) to work on /home/beau/airflow/py_env/lib/python3.10/site-packages/airflow/example_dags/example_time_delta_sensor_async.py
[2023-09-27T22:46:25.662-0400] {processor.py:829} INFO - Processing file /home/beau/airflow/py_env/lib/python3.10/site-packages/airflow/example_dags/example_time_delta_sensor_async.py for tasks to queue
[2023-09-27T22:46:25.663-0400] {logging_mixin.py:151} INFO - [2023-09-27T22:46:25.662-0400] {dagbag.py:539} INFO - Filling up the DagBag from /home/beau/airflow/py_env/lib/python3.10/site-packages/airflow/example_dags/example_time_delta_sensor_async.py
[2023-09-27T22:46:25.670-0400] {processor.py:839} INFO - DAG(s) dict_keys(['example_time_delta_sensor_async']) retrieved from /home/beau/airflow/py_env/lib/python3.10/site-packages/airflow/example_dags/example_time_delta_sensor_async.py
[2023-09-27T22:46:25.691-0400] {logging_mixin.py:151} INFO - [2023-09-27T22:46:25.691-0400] {dag.py:2915} INFO - Sync 1 DAGs
[2023-09-27T22:46:25.705-0400] {logging_mixin.py:151} INFO - [2023-09-27T22:46:25.705-0400] {dag.py:3696} INFO - Setting next_dagrun for example_time_delta_sensor_async to None, run_after=None
[2023-09-27T22:46:25.729-0400] {processor.py:179} INFO - Processing /home/beau/airflow/py_env/lib/python3.10/site-packages/airflow/example_dags/example_time_delta_sensor_async.py took 0.078 seconds
[2023-09-27T22:47:06.510-0400] {processor.py:157} INFO - Started process (PID=15696) to work on /home/beau/airflow/py_env/lib/python3.10/site-packages/airflow/example_dags/example_time_delta_sensor_async.py
[2023-09-27T22:47:06.515-0400] {processor.py:829} INFO - Processing file /home/beau/airflow/py_env/lib/python3.10/site-packages/airflow/example_dags/example_time_delta_sensor_async.py for tasks to queue
[2023-09-27T22:47:06.516-0400] {logging_mixin.py:151} INFO - [2023-09-27T22:47:06.515-0400] {dagbag.py:539} INFO - Filling up the DagBag from /home/beau/airflow/py_env/lib/python3.10/site-packages/airflow/example_dags/example_time_delta_sensor_async.py
[2023-09-27T22:47:06.521-0400] {processor.py:839} INFO - DAG(s) dict_keys(['example_time_delta_sensor_async']) retrieved from /home/beau/airflow/py_env/lib/python3.10/site-packages/airflow/example_dags/example_time_delta_sensor_async.py
[2023-09-27T22:47:06.541-0400] {logging_mixin.py:151} INFO - [2023-09-27T22:47:06.540-0400] {dag.py:2915} INFO - Sync 1 DAGs
[2023-09-27T22:47:06.550-0400] {logging_mixin.py:151} INFO - [2023-09-27T22:47:06.550-0400] {dag.py:3696} INFO - Setting next_dagrun for example_time_delta_sensor_async to None, run_after=None
[2023-09-27T22:47:06.578-0400] {processor.py:179} INFO - Processing /home/beau/airflow/py_env/lib/python3.10/site-packages/airflow/example_dags/example_time_delta_sensor_async.py took 0.071 seconds
[2023-09-27T22:47:44.103-0400] {processor.py:157} INFO - Started process (PID=16015) to work on /home/beau/airflow/py_env/lib/python3.10/site-packages/airflow/example_dags/example_time_delta_sensor_async.py
[2023-09-27T22:47:44.108-0400] {processor.py:829} INFO - Processing file /home/beau/airflow/py_env/lib/python3.10/site-packages/airflow/example_dags/example_time_delta_sensor_async.py for tasks to queue
[2023-09-27T22:47:44.109-0400] {logging_mixin.py:151} INFO - [2023-09-27T22:47:44.108-0400] {dagbag.py:539} INFO - Filling up the DagBag from /home/beau/airflow/py_env/lib/python3.10/site-packages/airflow/example_dags/example_time_delta_sensor_async.py
[2023-09-27T22:47:44.114-0400] {processor.py:839} INFO - DAG(s) dict_keys(['example_time_delta_sensor_async']) retrieved from /home/beau/airflow/py_env/lib/python3.10/site-packages/airflow/example_dags/example_time_delta_sensor_async.py
[2023-09-27T22:47:44.134-0400] {logging_mixin.py:151} INFO - [2023-09-27T22:47:44.134-0400] {dag.py:2915} INFO - Sync 1 DAGs
[2023-09-27T22:47:44.148-0400] {logging_mixin.py:151} INFO - [2023-09-27T22:47:44.147-0400] {dag.py:3696} INFO - Setting next_dagrun for example_time_delta_sensor_async to None, run_after=None
[2023-09-27T22:47:44.176-0400] {processor.py:179} INFO - Processing /home/beau/airflow/py_env/lib/python3.10/site-packages/airflow/example_dags/example_time_delta_sensor_async.py took 0.079 seconds
[2023-09-27T22:48:23.590-0400] {processor.py:157} INFO - Started process (PID=16455) to work on /home/beau/airflow/py_env/lib/python3.10/site-packages/airflow/example_dags/example_time_delta_sensor_async.py
[2023-09-27T22:48:23.595-0400] {processor.py:829} INFO - Processing file /home/beau/airflow/py_env/lib/python3.10/site-packages/airflow/example_dags/example_time_delta_sensor_async.py for tasks to queue
[2023-09-27T22:48:23.597-0400] {logging_mixin.py:151} INFO - [2023-09-27T22:48:23.596-0400] {dagbag.py:539} INFO - Filling up the DagBag from /home/beau/airflow/py_env/lib/python3.10/site-packages/airflow/example_dags/example_time_delta_sensor_async.py
[2023-09-27T22:48:23.604-0400] {processor.py:839} INFO - DAG(s) dict_keys(['example_time_delta_sensor_async']) retrieved from /home/beau/airflow/py_env/lib/python3.10/site-packages/airflow/example_dags/example_time_delta_sensor_async.py
[2023-09-27T22:48:23.625-0400] {logging_mixin.py:151} INFO - [2023-09-27T22:48:23.625-0400] {dag.py:2915} INFO - Sync 1 DAGs
[2023-09-27T22:48:23.636-0400] {logging_mixin.py:151} INFO - [2023-09-27T22:48:23.636-0400] {dag.py:3696} INFO - Setting next_dagrun for example_time_delta_sensor_async to None, run_after=None
[2023-09-27T22:48:23.663-0400] {processor.py:179} INFO - Processing /home/beau/airflow/py_env/lib/python3.10/site-packages/airflow/example_dags/example_time_delta_sensor_async.py took 0.081 seconds
[2023-09-27T22:49:03.426-0400] {processor.py:157} INFO - Started process (PID=16817) to work on /home/beau/airflow/py_env/lib/python3.10/site-packages/airflow/example_dags/example_time_delta_sensor_async.py
[2023-09-27T22:49:03.427-0400] {processor.py:829} INFO - Processing file /home/beau/airflow/py_env/lib/python3.10/site-packages/airflow/example_dags/example_time_delta_sensor_async.py for tasks to queue
[2023-09-27T22:49:03.428-0400] {logging_mixin.py:151} INFO - [2023-09-27T22:49:03.428-0400] {dagbag.py:539} INFO - Filling up the DagBag from /home/beau/airflow/py_env/lib/python3.10/site-packages/airflow/example_dags/example_time_delta_sensor_async.py
[2023-09-27T22:49:03.434-0400] {processor.py:839} INFO - DAG(s) dict_keys(['example_time_delta_sensor_async']) retrieved from /home/beau/airflow/py_env/lib/python3.10/site-packages/airflow/example_dags/example_time_delta_sensor_async.py
[2023-09-27T22:49:03.453-0400] {logging_mixin.py:151} INFO - [2023-09-27T22:49:03.453-0400] {dag.py:2915} INFO - Sync 1 DAGs
[2023-09-27T22:49:03.467-0400] {logging_mixin.py:151} INFO - [2023-09-27T22:49:03.467-0400] {dag.py:3696} INFO - Setting next_dagrun for example_time_delta_sensor_async to None, run_after=None
[2023-09-27T22:49:03.491-0400] {processor.py:179} INFO - Processing /home/beau/airflow/py_env/lib/python3.10/site-packages/airflow/example_dags/example_time_delta_sensor_async.py took 0.069 seconds
[2023-09-27T22:49:41.733-0400] {processor.py:157} INFO - Started process (PID=17055) to work on /home/beau/airflow/py_env/lib/python3.10/site-packages/airflow/example_dags/example_time_delta_sensor_async.py
[2023-09-27T22:49:41.735-0400] {processor.py:829} INFO - Processing file /home/beau/airflow/py_env/lib/python3.10/site-packages/airflow/example_dags/example_time_delta_sensor_async.py for tasks to queue
[2023-09-27T22:49:41.736-0400] {logging_mixin.py:151} INFO - [2023-09-27T22:49:41.736-0400] {dagbag.py:539} INFO - Filling up the DagBag from /home/beau/airflow/py_env/lib/python3.10/site-packages/airflow/example_dags/example_time_delta_sensor_async.py
[2023-09-27T22:49:41.741-0400] {processor.py:839} INFO - DAG(s) dict_keys(['example_time_delta_sensor_async']) retrieved from /home/beau/airflow/py_env/lib/python3.10/site-packages/airflow/example_dags/example_time_delta_sensor_async.py
[2023-09-27T22:49:41.760-0400] {logging_mixin.py:151} INFO - [2023-09-27T22:49:41.760-0400] {dag.py:2915} INFO - Sync 1 DAGs
[2023-09-27T22:49:41.773-0400] {logging_mixin.py:151} INFO - [2023-09-27T22:49:41.772-0400] {dag.py:3696} INFO - Setting next_dagrun for example_time_delta_sensor_async to None, run_after=None
[2023-09-27T22:49:41.795-0400] {processor.py:179} INFO - Processing /home/beau/airflow/py_env/lib/python3.10/site-packages/airflow/example_dags/example_time_delta_sensor_async.py took 0.066 seconds
[2023-09-27T22:50:20.918-0400] {processor.py:157} INFO - Started process (PID=17255) to work on /home/beau/airflow/py_env/lib/python3.10/site-packages/airflow/example_dags/example_time_delta_sensor_async.py
[2023-09-27T22:50:20.920-0400] {processor.py:829} INFO - Processing file /home/beau/airflow/py_env/lib/python3.10/site-packages/airflow/example_dags/example_time_delta_sensor_async.py for tasks to queue
[2023-09-27T22:50:20.921-0400] {logging_mixin.py:151} INFO - [2023-09-27T22:50:20.921-0400] {dagbag.py:539} INFO - Filling up the DagBag from /home/beau/airflow/py_env/lib/python3.10/site-packages/airflow/example_dags/example_time_delta_sensor_async.py
[2023-09-27T22:50:20.926-0400] {processor.py:839} INFO - DAG(s) dict_keys(['example_time_delta_sensor_async']) retrieved from /home/beau/airflow/py_env/lib/python3.10/site-packages/airflow/example_dags/example_time_delta_sensor_async.py
[2023-09-27T22:50:20.944-0400] {logging_mixin.py:151} INFO - [2023-09-27T22:50:20.944-0400] {dag.py:2915} INFO - Sync 1 DAGs
[2023-09-27T22:50:20.955-0400] {logging_mixin.py:151} INFO - [2023-09-27T22:50:20.955-0400] {dag.py:3696} INFO - Setting next_dagrun for example_time_delta_sensor_async to None, run_after=None
[2023-09-27T22:50:20.979-0400] {processor.py:179} INFO - Processing /home/beau/airflow/py_env/lib/python3.10/site-packages/airflow/example_dags/example_time_delta_sensor_async.py took 0.063 seconds
[2023-09-27T22:50:55.401-0400] {processor.py:157} INFO - Started process (PID=17436) to work on /home/beau/airflow/py_env/lib/python3.10/site-packages/airflow/example_dags/example_time_delta_sensor_async.py
[2023-09-27T22:50:55.406-0400] {processor.py:829} INFO - Processing file /home/beau/airflow/py_env/lib/python3.10/site-packages/airflow/example_dags/example_time_delta_sensor_async.py for tasks to queue
[2023-09-27T22:50:55.407-0400] {logging_mixin.py:151} INFO - [2023-09-27T22:50:55.407-0400] {dagbag.py:539} INFO - Filling up the DagBag from /home/beau/airflow/py_env/lib/python3.10/site-packages/airflow/example_dags/example_time_delta_sensor_async.py
[2023-09-27T22:50:55.414-0400] {processor.py:839} INFO - DAG(s) dict_keys(['example_time_delta_sensor_async']) retrieved from /home/beau/airflow/py_env/lib/python3.10/site-packages/airflow/example_dags/example_time_delta_sensor_async.py
[2023-09-27T22:50:55.434-0400] {logging_mixin.py:151} INFO - [2023-09-27T22:50:55.433-0400] {dag.py:2915} INFO - Sync 1 DAGs
[2023-09-27T22:50:55.442-0400] {logging_mixin.py:151} INFO - [2023-09-27T22:50:55.442-0400] {dag.py:3696} INFO - Setting next_dagrun for example_time_delta_sensor_async to None, run_after=None
[2023-09-27T22:50:55.466-0400] {processor.py:179} INFO - Processing /home/beau/airflow/py_env/lib/python3.10/site-packages/airflow/example_dags/example_time_delta_sensor_async.py took 0.069 seconds
[2023-09-27T22:51:33.564-0400] {processor.py:157} INFO - Started process (PID=17569) to work on /home/beau/airflow/py_env/lib/python3.10/site-packages/airflow/example_dags/example_time_delta_sensor_async.py
[2023-09-27T22:51:33.568-0400] {processor.py:829} INFO - Processing file /home/beau/airflow/py_env/lib/python3.10/site-packages/airflow/example_dags/example_time_delta_sensor_async.py for tasks to queue
[2023-09-27T22:51:33.570-0400] {logging_mixin.py:151} INFO - [2023-09-27T22:51:33.569-0400] {dagbag.py:539} INFO - Filling up the DagBag from /home/beau/airflow/py_env/lib/python3.10/site-packages/airflow/example_dags/example_time_delta_sensor_async.py
[2023-09-27T22:51:33.577-0400] {processor.py:839} INFO - DAG(s) dict_keys(['example_time_delta_sensor_async']) retrieved from /home/beau/airflow/py_env/lib/python3.10/site-packages/airflow/example_dags/example_time_delta_sensor_async.py
[2023-09-27T22:51:33.603-0400] {logging_mixin.py:151} INFO - [2023-09-27T22:51:33.602-0400] {dag.py:2915} INFO - Sync 1 DAGs
[2023-09-27T22:51:33.613-0400] {logging_mixin.py:151} INFO - [2023-09-27T22:51:33.612-0400] {dag.py:3696} INFO - Setting next_dagrun for example_time_delta_sensor_async to None, run_after=None
[2023-09-27T22:51:33.635-0400] {processor.py:179} INFO - Processing /home/beau/airflow/py_env/lib/python3.10/site-packages/airflow/example_dags/example_time_delta_sensor_async.py took 0.077 seconds
[2023-09-27T22:52:11.466-0400] {processor.py:157} INFO - Started process (PID=17757) to work on /home/beau/airflow/py_env/lib/python3.10/site-packages/airflow/example_dags/example_time_delta_sensor_async.py
[2023-09-27T22:52:11.469-0400] {processor.py:829} INFO - Processing file /home/beau/airflow/py_env/lib/python3.10/site-packages/airflow/example_dags/example_time_delta_sensor_async.py for tasks to queue
[2023-09-27T22:52:11.471-0400] {logging_mixin.py:151} INFO - [2023-09-27T22:52:11.470-0400] {dagbag.py:539} INFO - Filling up the DagBag from /home/beau/airflow/py_env/lib/python3.10/site-packages/airflow/example_dags/example_time_delta_sensor_async.py
[2023-09-27T22:52:11.475-0400] {processor.py:839} INFO - DAG(s) dict_keys(['example_time_delta_sensor_async']) retrieved from /home/beau/airflow/py_env/lib/python3.10/site-packages/airflow/example_dags/example_time_delta_sensor_async.py
[2023-09-27T22:52:11.490-0400] {logging_mixin.py:151} INFO - [2023-09-27T22:52:11.489-0400] {dag.py:2915} INFO - Sync 1 DAGs
[2023-09-27T22:52:11.498-0400] {logging_mixin.py:151} INFO - [2023-09-27T22:52:11.498-0400] {dag.py:3696} INFO - Setting next_dagrun for example_time_delta_sensor_async to None, run_after=None
[2023-09-27T22:52:11.521-0400] {processor.py:179} INFO - Processing /home/beau/airflow/py_env/lib/python3.10/site-packages/airflow/example_dags/example_time_delta_sensor_async.py took 0.060 seconds
[2023-09-27T22:52:46.289-0400] {processor.py:157} INFO - Started process (PID=17908) to work on /home/beau/airflow/py_env/lib/python3.10/site-packages/airflow/example_dags/example_time_delta_sensor_async.py
[2023-09-27T22:52:46.292-0400] {processor.py:829} INFO - Processing file /home/beau/airflow/py_env/lib/python3.10/site-packages/airflow/example_dags/example_time_delta_sensor_async.py for tasks to queue
[2023-09-27T22:52:46.293-0400] {logging_mixin.py:151} INFO - [2023-09-27T22:52:46.293-0400] {dagbag.py:539} INFO - Filling up the DagBag from /home/beau/airflow/py_env/lib/python3.10/site-packages/airflow/example_dags/example_time_delta_sensor_async.py
[2023-09-27T22:52:46.298-0400] {processor.py:839} INFO - DAG(s) dict_keys(['example_time_delta_sensor_async']) retrieved from /home/beau/airflow/py_env/lib/python3.10/site-packages/airflow/example_dags/example_time_delta_sensor_async.py
[2023-09-27T22:52:46.313-0400] {logging_mixin.py:151} INFO - [2023-09-27T22:52:46.313-0400] {dag.py:2915} INFO - Sync 1 DAGs
[2023-09-27T22:52:46.322-0400] {logging_mixin.py:151} INFO - [2023-09-27T22:52:46.322-0400] {dag.py:3696} INFO - Setting next_dagrun for example_time_delta_sensor_async to None, run_after=None
[2023-09-27T22:52:46.361-0400] {processor.py:179} INFO - Processing /home/beau/airflow/py_env/lib/python3.10/site-packages/airflow/example_dags/example_time_delta_sensor_async.py took 0.075 seconds
[2023-09-27T22:53:21.373-0400] {processor.py:157} INFO - Started process (PID=18286) to work on /home/beau/airflow/py_env/lib/python3.10/site-packages/airflow/example_dags/example_time_delta_sensor_async.py
[2023-09-27T22:53:21.376-0400] {processor.py:829} INFO - Processing file /home/beau/airflow/py_env/lib/python3.10/site-packages/airflow/example_dags/example_time_delta_sensor_async.py for tasks to queue
[2023-09-27T22:53:21.377-0400] {logging_mixin.py:151} INFO - [2023-09-27T22:53:21.376-0400] {dagbag.py:539} INFO - Filling up the DagBag from /home/beau/airflow/py_env/lib/python3.10/site-packages/airflow/example_dags/example_time_delta_sensor_async.py
[2023-09-27T22:53:21.381-0400] {processor.py:839} INFO - DAG(s) dict_keys(['example_time_delta_sensor_async']) retrieved from /home/beau/airflow/py_env/lib/python3.10/site-packages/airflow/example_dags/example_time_delta_sensor_async.py
[2023-09-27T22:53:21.396-0400] {logging_mixin.py:151} INFO - [2023-09-27T22:53:21.396-0400] {dag.py:2915} INFO - Sync 1 DAGs
[2023-09-27T22:53:21.406-0400] {logging_mixin.py:151} INFO - [2023-09-27T22:53:21.406-0400] {dag.py:3696} INFO - Setting next_dagrun for example_time_delta_sensor_async to None, run_after=None
[2023-09-27T22:53:21.429-0400] {processor.py:179} INFO - Processing /home/beau/airflow/py_env/lib/python3.10/site-packages/airflow/example_dags/example_time_delta_sensor_async.py took 0.062 seconds
[2023-09-27T22:53:57.508-0400] {processor.py:157} INFO - Started process (PID=18611) to work on /home/beau/airflow/py_env/lib/python3.10/site-packages/airflow/example_dags/example_time_delta_sensor_async.py
[2023-09-27T22:53:57.512-0400] {processor.py:829} INFO - Processing file /home/beau/airflow/py_env/lib/python3.10/site-packages/airflow/example_dags/example_time_delta_sensor_async.py for tasks to queue
[2023-09-27T22:53:57.514-0400] {logging_mixin.py:151} INFO - [2023-09-27T22:53:57.514-0400] {dagbag.py:539} INFO - Filling up the DagBag from /home/beau/airflow/py_env/lib/python3.10/site-packages/airflow/example_dags/example_time_delta_sensor_async.py
[2023-09-27T22:53:57.524-0400] {processor.py:839} INFO - DAG(s) dict_keys(['example_time_delta_sensor_async']) retrieved from /home/beau/airflow/py_env/lib/python3.10/site-packages/airflow/example_dags/example_time_delta_sensor_async.py
[2023-09-27T22:53:57.554-0400] {logging_mixin.py:151} INFO - [2023-09-27T22:53:57.554-0400] {dag.py:2915} INFO - Sync 1 DAGs
[2023-09-27T22:53:57.568-0400] {logging_mixin.py:151} INFO - [2023-09-27T22:53:57.568-0400] {dag.py:3696} INFO - Setting next_dagrun for example_time_delta_sensor_async to None, run_after=None
[2023-09-27T22:53:57.599-0400] {processor.py:179} INFO - Processing /home/beau/airflow/py_env/lib/python3.10/site-packages/airflow/example_dags/example_time_delta_sensor_async.py took 0.097 seconds
