[2023-09-27T22:33:09.046-0400] {processor.py:157} INFO - Started process (PID=8233) to work on /home/beau/airflow/py_env/lib/python3.10/site-packages/airflow/example_dags/example_params_ui_tutorial.py
[2023-09-27T22:33:09.047-0400] {processor.py:829} INFO - Processing file /home/beau/airflow/py_env/lib/python3.10/site-packages/airflow/example_dags/example_params_ui_tutorial.py for tasks to queue
[2023-09-27T22:33:09.049-0400] {logging_mixin.py:151} INFO - [2023-09-27T22:33:09.048-0400] {dagbag.py:539} INFO - Filling up the DagBag from /home/beau/airflow/py_env/lib/python3.10/site-packages/airflow/example_dags/example_params_ui_tutorial.py
[2023-09-27T22:33:09.081-0400] {processor.py:839} INFO - DAG(s) dict_keys(['example_params_ui_tutorial']) retrieved from /home/beau/airflow/py_env/lib/python3.10/site-packages/airflow/example_dags/example_params_ui_tutorial.py
[2023-09-27T22:33:09.087-0400] {logging_mixin.py:151} INFO - [2023-09-27T22:33:09.087-0400] {dag.py:2915} INFO - Sync 1 DAGs
[2023-09-27T22:33:09.098-0400] {logging_mixin.py:151} INFO - [2023-09-27T22:33:09.098-0400] {dag.py:3696} INFO - Setting next_dagrun for example_params_ui_tutorial to None, run_after=None
[2023-09-27T22:33:09.123-0400] {processor.py:179} INFO - Processing /home/beau/airflow/py_env/lib/python3.10/site-packages/airflow/example_dags/example_params_ui_tutorial.py took 0.081 seconds
[2023-09-27T22:33:56.117-0400] {processor.py:157} INFO - Started process (PID=8916) to work on /home/beau/airflow/py_env/lib/python3.10/site-packages/airflow/example_dags/example_params_ui_tutorial.py
[2023-09-27T22:33:56.119-0400] {processor.py:829} INFO - Processing file /home/beau/airflow/py_env/lib/python3.10/site-packages/airflow/example_dags/example_params_ui_tutorial.py for tasks to queue
[2023-09-27T22:33:56.120-0400] {logging_mixin.py:151} INFO - [2023-09-27T22:33:56.119-0400] {dagbag.py:539} INFO - Filling up the DagBag from /home/beau/airflow/py_env/lib/python3.10/site-packages/airflow/example_dags/example_params_ui_tutorial.py
[2023-09-27T22:33:56.151-0400] {processor.py:839} INFO - DAG(s) dict_keys(['example_params_ui_tutorial']) retrieved from /home/beau/airflow/py_env/lib/python3.10/site-packages/airflow/example_dags/example_params_ui_tutorial.py
[2023-09-27T22:33:56.191-0400] {logging_mixin.py:151} INFO - [2023-09-27T22:33:56.191-0400] {dag.py:2915} INFO - Sync 1 DAGs
[2023-09-27T22:33:56.200-0400] {logging_mixin.py:151} INFO - [2023-09-27T22:33:56.200-0400] {dag.py:3696} INFO - Setting next_dagrun for example_params_ui_tutorial to None, run_after=None
[2023-09-27T22:33:56.225-0400] {processor.py:179} INFO - Processing /home/beau/airflow/py_env/lib/python3.10/site-packages/airflow/example_dags/example_params_ui_tutorial.py took 0.112 seconds
[2023-09-27T22:34:45.384-0400] {processor.py:157} INFO - Started process (PID=9090) to work on /home/beau/airflow/py_env/lib/python3.10/site-packages/airflow/example_dags/example_params_ui_tutorial.py
[2023-09-27T22:34:45.388-0400] {processor.py:829} INFO - Processing file /home/beau/airflow/py_env/lib/python3.10/site-packages/airflow/example_dags/example_params_ui_tutorial.py for tasks to queue
[2023-09-27T22:34:45.394-0400] {logging_mixin.py:151} INFO - [2023-09-27T22:34:45.393-0400] {dagbag.py:539} INFO - Filling up the DagBag from /home/beau/airflow/py_env/lib/python3.10/site-packages/airflow/example_dags/example_params_ui_tutorial.py
[2023-09-27T22:34:45.437-0400] {processor.py:839} INFO - DAG(s) dict_keys(['example_params_ui_tutorial']) retrieved from /home/beau/airflow/py_env/lib/python3.10/site-packages/airflow/example_dags/example_params_ui_tutorial.py
[2023-09-27T22:34:45.504-0400] {logging_mixin.py:151} INFO - [2023-09-27T22:34:45.504-0400] {dag.py:2915} INFO - Sync 1 DAGs
[2023-09-27T22:34:45.518-0400] {logging_mixin.py:151} INFO - [2023-09-27T22:34:45.518-0400] {dag.py:3696} INFO - Setting next_dagrun for example_params_ui_tutorial to None, run_after=None
[2023-09-27T22:34:45.553-0400] {processor.py:179} INFO - Processing /home/beau/airflow/py_env/lib/python3.10/site-packages/airflow/example_dags/example_params_ui_tutorial.py took 0.173 seconds
[2023-09-27T22:35:31.996-0400] {processor.py:157} INFO - Started process (PID=9634) to work on /home/beau/airflow/py_env/lib/python3.10/site-packages/airflow/example_dags/example_params_ui_tutorial.py
[2023-09-27T22:35:32.000-0400] {processor.py:829} INFO - Processing file /home/beau/airflow/py_env/lib/python3.10/site-packages/airflow/example_dags/example_params_ui_tutorial.py for tasks to queue
[2023-09-27T22:35:32.002-0400] {logging_mixin.py:151} INFO - [2023-09-27T22:35:32.002-0400] {dagbag.py:539} INFO - Filling up the DagBag from /home/beau/airflow/py_env/lib/python3.10/site-packages/airflow/example_dags/example_params_ui_tutorial.py
[2023-09-27T22:35:32.037-0400] {processor.py:839} INFO - DAG(s) dict_keys(['example_params_ui_tutorial']) retrieved from /home/beau/airflow/py_env/lib/python3.10/site-packages/airflow/example_dags/example_params_ui_tutorial.py
[2023-09-27T22:35:32.085-0400] {logging_mixin.py:151} INFO - [2023-09-27T22:35:32.084-0400] {dag.py:2915} INFO - Sync 1 DAGs
[2023-09-27T22:35:32.238-0400] {logging_mixin.py:151} INFO - [2023-09-27T22:35:32.237-0400] {dag.py:3696} INFO - Setting next_dagrun for example_params_ui_tutorial to None, run_after=None
[2023-09-27T22:35:32.280-0400] {processor.py:179} INFO - Processing /home/beau/airflow/py_env/lib/python3.10/site-packages/airflow/example_dags/example_params_ui_tutorial.py took 0.288 seconds
[2023-09-27T22:36:26.201-0400] {processor.py:157} INFO - Started process (PID=10378) to work on /home/beau/airflow/py_env/lib/python3.10/site-packages/airflow/example_dags/example_params_ui_tutorial.py
[2023-09-27T22:36:26.205-0400] {processor.py:829} INFO - Processing file /home/beau/airflow/py_env/lib/python3.10/site-packages/airflow/example_dags/example_params_ui_tutorial.py for tasks to queue
[2023-09-27T22:36:26.207-0400] {logging_mixin.py:151} INFO - [2023-09-27T22:36:26.206-0400] {dagbag.py:539} INFO - Filling up the DagBag from /home/beau/airflow/py_env/lib/python3.10/site-packages/airflow/example_dags/example_params_ui_tutorial.py
[2023-09-27T22:36:26.236-0400] {processor.py:839} INFO - DAG(s) dict_keys(['example_params_ui_tutorial']) retrieved from /home/beau/airflow/py_env/lib/python3.10/site-packages/airflow/example_dags/example_params_ui_tutorial.py
[2023-09-27T22:36:26.299-0400] {logging_mixin.py:151} INFO - [2023-09-27T22:36:26.299-0400] {dag.py:2915} INFO - Sync 1 DAGs
[2023-09-27T22:36:26.312-0400] {logging_mixin.py:151} INFO - [2023-09-27T22:36:26.312-0400] {dag.py:3696} INFO - Setting next_dagrun for example_params_ui_tutorial to None, run_after=None
[2023-09-27T22:36:26.343-0400] {processor.py:179} INFO - Processing /home/beau/airflow/py_env/lib/python3.10/site-packages/airflow/example_dags/example_params_ui_tutorial.py took 0.145 seconds
[2023-09-27T22:37:11.538-0400] {processor.py:157} INFO - Started process (PID=10688) to work on /home/beau/airflow/py_env/lib/python3.10/site-packages/airflow/example_dags/example_params_ui_tutorial.py
[2023-09-27T22:37:11.542-0400] {processor.py:829} INFO - Processing file /home/beau/airflow/py_env/lib/python3.10/site-packages/airflow/example_dags/example_params_ui_tutorial.py for tasks to queue
[2023-09-27T22:37:11.544-0400] {logging_mixin.py:151} INFO - [2023-09-27T22:37:11.543-0400] {dagbag.py:539} INFO - Filling up the DagBag from /home/beau/airflow/py_env/lib/python3.10/site-packages/airflow/example_dags/example_params_ui_tutorial.py
[2023-09-27T22:37:11.598-0400] {processor.py:839} INFO - DAG(s) dict_keys(['example_params_ui_tutorial']) retrieved from /home/beau/airflow/py_env/lib/python3.10/site-packages/airflow/example_dags/example_params_ui_tutorial.py
[2023-09-27T22:37:11.653-0400] {logging_mixin.py:151} INFO - [2023-09-27T22:37:11.653-0400] {dag.py:2915} INFO - Sync 1 DAGs
[2023-09-27T22:37:11.666-0400] {logging_mixin.py:151} INFO - [2023-09-27T22:37:11.665-0400] {dag.py:3696} INFO - Setting next_dagrun for example_params_ui_tutorial to None, run_after=None
[2023-09-27T22:37:11.697-0400] {processor.py:179} INFO - Processing /home/beau/airflow/py_env/lib/python3.10/site-packages/airflow/example_dags/example_params_ui_tutorial.py took 0.166 seconds
[2023-09-27T22:38:07.029-0400] {processor.py:157} INFO - Started process (PID=11208) to work on /home/beau/airflow/py_env/lib/python3.10/site-packages/airflow/example_dags/example_params_ui_tutorial.py
[2023-09-27T22:38:07.033-0400] {processor.py:829} INFO - Processing file /home/beau/airflow/py_env/lib/python3.10/site-packages/airflow/example_dags/example_params_ui_tutorial.py for tasks to queue
[2023-09-27T22:38:07.034-0400] {logging_mixin.py:151} INFO - [2023-09-27T22:38:07.033-0400] {dagbag.py:539} INFO - Filling up the DagBag from /home/beau/airflow/py_env/lib/python3.10/site-packages/airflow/example_dags/example_params_ui_tutorial.py
[2023-09-27T22:38:07.065-0400] {processor.py:839} INFO - DAG(s) dict_keys(['example_params_ui_tutorial']) retrieved from /home/beau/airflow/py_env/lib/python3.10/site-packages/airflow/example_dags/example_params_ui_tutorial.py
[2023-09-27T22:38:07.130-0400] {logging_mixin.py:151} INFO - [2023-09-27T22:38:07.129-0400] {dag.py:2915} INFO - Sync 1 DAGs
[2023-09-27T22:38:07.145-0400] {logging_mixin.py:151} INFO - [2023-09-27T22:38:07.145-0400] {dag.py:3696} INFO - Setting next_dagrun for example_params_ui_tutorial to None, run_after=None
[2023-09-27T22:38:07.208-0400] {processor.py:179} INFO - Processing /home/beau/airflow/py_env/lib/python3.10/site-packages/airflow/example_dags/example_params_ui_tutorial.py took 0.182 seconds
[2023-09-27T22:38:46.164-0400] {processor.py:157} INFO - Started process (PID=11552) to work on /home/beau/airflow/py_env/lib/python3.10/site-packages/airflow/example_dags/example_params_ui_tutorial.py
[2023-09-27T22:38:46.167-0400] {processor.py:829} INFO - Processing file /home/beau/airflow/py_env/lib/python3.10/site-packages/airflow/example_dags/example_params_ui_tutorial.py for tasks to queue
[2023-09-27T22:38:46.168-0400] {logging_mixin.py:151} INFO - [2023-09-27T22:38:46.168-0400] {dagbag.py:539} INFO - Filling up the DagBag from /home/beau/airflow/py_env/lib/python3.10/site-packages/airflow/example_dags/example_params_ui_tutorial.py
[2023-09-27T22:38:46.198-0400] {processor.py:839} INFO - DAG(s) dict_keys(['example_params_ui_tutorial']) retrieved from /home/beau/airflow/py_env/lib/python3.10/site-packages/airflow/example_dags/example_params_ui_tutorial.py
[2023-09-27T22:38:46.250-0400] {logging_mixin.py:151} INFO - [2023-09-27T22:38:46.249-0400] {dag.py:2915} INFO - Sync 1 DAGs
[2023-09-27T22:38:46.265-0400] {logging_mixin.py:151} INFO - [2023-09-27T22:38:46.264-0400] {dag.py:3696} INFO - Setting next_dagrun for example_params_ui_tutorial to None, run_after=None
[2023-09-27T22:38:46.299-0400] {processor.py:179} INFO - Processing /home/beau/airflow/py_env/lib/python3.10/site-packages/airflow/example_dags/example_params_ui_tutorial.py took 0.138 seconds
[2023-09-27T22:39:40.161-0400] {processor.py:157} INFO - Started process (PID=11915) to work on /home/beau/airflow/py_env/lib/python3.10/site-packages/airflow/example_dags/example_params_ui_tutorial.py
[2023-09-27T22:39:40.163-0400] {processor.py:829} INFO - Processing file /home/beau/airflow/py_env/lib/python3.10/site-packages/airflow/example_dags/example_params_ui_tutorial.py for tasks to queue
[2023-09-27T22:39:40.164-0400] {logging_mixin.py:151} INFO - [2023-09-27T22:39:40.163-0400] {dagbag.py:539} INFO - Filling up the DagBag from /home/beau/airflow/py_env/lib/python3.10/site-packages/airflow/example_dags/example_params_ui_tutorial.py
[2023-09-27T22:39:40.202-0400] {processor.py:839} INFO - DAG(s) dict_keys(['example_params_ui_tutorial']) retrieved from /home/beau/airflow/py_env/lib/python3.10/site-packages/airflow/example_dags/example_params_ui_tutorial.py
[2023-09-27T22:39:40.265-0400] {logging_mixin.py:151} INFO - [2023-09-27T22:39:40.264-0400] {dag.py:2915} INFO - Sync 1 DAGs
[2023-09-27T22:39:40.280-0400] {logging_mixin.py:151} INFO - [2023-09-27T22:39:40.280-0400] {dag.py:3696} INFO - Setting next_dagrun for example_params_ui_tutorial to None, run_after=None
[2023-09-27T22:39:40.326-0400] {processor.py:179} INFO - Processing /home/beau/airflow/py_env/lib/python3.10/site-packages/airflow/example_dags/example_params_ui_tutorial.py took 0.173 seconds
[2023-09-27T22:40:21.126-0400] {processor.py:157} INFO - Started process (PID=12116) to work on /home/beau/airflow/py_env/lib/python3.10/site-packages/airflow/example_dags/example_params_ui_tutorial.py
[2023-09-27T22:40:21.130-0400] {processor.py:829} INFO - Processing file /home/beau/airflow/py_env/lib/python3.10/site-packages/airflow/example_dags/example_params_ui_tutorial.py for tasks to queue
[2023-09-27T22:40:21.131-0400] {logging_mixin.py:151} INFO - [2023-09-27T22:40:21.130-0400] {dagbag.py:539} INFO - Filling up the DagBag from /home/beau/airflow/py_env/lib/python3.10/site-packages/airflow/example_dags/example_params_ui_tutorial.py
[2023-09-27T22:40:21.162-0400] {processor.py:839} INFO - DAG(s) dict_keys(['example_params_ui_tutorial']) retrieved from /home/beau/airflow/py_env/lib/python3.10/site-packages/airflow/example_dags/example_params_ui_tutorial.py
[2023-09-27T22:40:21.212-0400] {logging_mixin.py:151} INFO - [2023-09-27T22:40:21.211-0400] {dag.py:2915} INFO - Sync 1 DAGs
[2023-09-27T22:40:21.226-0400] {logging_mixin.py:151} INFO - [2023-09-27T22:40:21.225-0400] {dag.py:3696} INFO - Setting next_dagrun for example_params_ui_tutorial to None, run_after=None
[2023-09-27T22:40:21.261-0400] {processor.py:179} INFO - Processing /home/beau/airflow/py_env/lib/python3.10/site-packages/airflow/example_dags/example_params_ui_tutorial.py took 0.141 seconds
[2023-09-27T22:41:02.369-0400] {processor.py:157} INFO - Started process (PID=12319) to work on /home/beau/airflow/py_env/lib/python3.10/site-packages/airflow/example_dags/example_params_ui_tutorial.py
[2023-09-27T22:41:02.374-0400] {processor.py:829} INFO - Processing file /home/beau/airflow/py_env/lib/python3.10/site-packages/airflow/example_dags/example_params_ui_tutorial.py for tasks to queue
[2023-09-27T22:41:02.377-0400] {logging_mixin.py:151} INFO - [2023-09-27T22:41:02.376-0400] {dagbag.py:539} INFO - Filling up the DagBag from /home/beau/airflow/py_env/lib/python3.10/site-packages/airflow/example_dags/example_params_ui_tutorial.py
[2023-09-27T22:41:02.414-0400] {processor.py:839} INFO - DAG(s) dict_keys(['example_params_ui_tutorial']) retrieved from /home/beau/airflow/py_env/lib/python3.10/site-packages/airflow/example_dags/example_params_ui_tutorial.py
[2023-09-27T22:41:02.463-0400] {logging_mixin.py:151} INFO - [2023-09-27T22:41:02.463-0400] {dag.py:2915} INFO - Sync 1 DAGs
[2023-09-27T22:41:02.474-0400] {logging_mixin.py:151} INFO - [2023-09-27T22:41:02.473-0400] {dag.py:3696} INFO - Setting next_dagrun for example_params_ui_tutorial to None, run_after=None
[2023-09-27T22:41:02.508-0400] {processor.py:179} INFO - Processing /home/beau/airflow/py_env/lib/python3.10/site-packages/airflow/example_dags/example_params_ui_tutorial.py took 0.147 seconds
[2023-09-27T22:41:41.162-0400] {processor.py:157} INFO - Started process (PID=12545) to work on /home/beau/airflow/py_env/lib/python3.10/site-packages/airflow/example_dags/example_params_ui_tutorial.py
[2023-09-27T22:41:41.166-0400] {processor.py:829} INFO - Processing file /home/beau/airflow/py_env/lib/python3.10/site-packages/airflow/example_dags/example_params_ui_tutorial.py for tasks to queue
[2023-09-27T22:41:41.167-0400] {logging_mixin.py:151} INFO - [2023-09-27T22:41:41.167-0400] {dagbag.py:539} INFO - Filling up the DagBag from /home/beau/airflow/py_env/lib/python3.10/site-packages/airflow/example_dags/example_params_ui_tutorial.py
[2023-09-27T22:41:41.193-0400] {processor.py:839} INFO - DAG(s) dict_keys(['example_params_ui_tutorial']) retrieved from /home/beau/airflow/py_env/lib/python3.10/site-packages/airflow/example_dags/example_params_ui_tutorial.py
[2023-09-27T22:41:41.249-0400] {logging_mixin.py:151} INFO - [2023-09-27T22:41:41.249-0400] {dag.py:2915} INFO - Sync 1 DAGs
[2023-09-27T22:41:41.260-0400] {logging_mixin.py:151} INFO - [2023-09-27T22:41:41.260-0400] {dag.py:3696} INFO - Setting next_dagrun for example_params_ui_tutorial to None, run_after=None
[2023-09-27T22:41:41.287-0400] {processor.py:179} INFO - Processing /home/beau/airflow/py_env/lib/python3.10/site-packages/airflow/example_dags/example_params_ui_tutorial.py took 0.128 seconds
[2023-09-27T22:42:21.439-0400] {processor.py:157} INFO - Started process (PID=12837) to work on /home/beau/airflow/py_env/lib/python3.10/site-packages/airflow/example_dags/example_params_ui_tutorial.py
[2023-09-27T22:42:21.443-0400] {processor.py:829} INFO - Processing file /home/beau/airflow/py_env/lib/python3.10/site-packages/airflow/example_dags/example_params_ui_tutorial.py for tasks to queue
[2023-09-27T22:42:21.445-0400] {logging_mixin.py:151} INFO - [2023-09-27T22:42:21.444-0400] {dagbag.py:539} INFO - Filling up the DagBag from /home/beau/airflow/py_env/lib/python3.10/site-packages/airflow/example_dags/example_params_ui_tutorial.py
[2023-09-27T22:42:21.477-0400] {processor.py:839} INFO - DAG(s) dict_keys(['example_params_ui_tutorial']) retrieved from /home/beau/airflow/py_env/lib/python3.10/site-packages/airflow/example_dags/example_params_ui_tutorial.py
[2023-09-27T22:42:21.519-0400] {logging_mixin.py:151} INFO - [2023-09-27T22:42:21.519-0400] {dag.py:2915} INFO - Sync 1 DAGs
[2023-09-27T22:42:21.532-0400] {logging_mixin.py:151} INFO - [2023-09-27T22:42:21.531-0400] {dag.py:3696} INFO - Setting next_dagrun for example_params_ui_tutorial to None, run_after=None
[2023-09-27T22:42:21.558-0400] {processor.py:179} INFO - Processing /home/beau/airflow/py_env/lib/python3.10/site-packages/airflow/example_dags/example_params_ui_tutorial.py took 0.124 seconds
[2023-09-27T22:42:59.334-0400] {processor.py:157} INFO - Started process (PID=13277) to work on /home/beau/airflow/py_env/lib/python3.10/site-packages/airflow/example_dags/example_params_ui_tutorial.py
[2023-09-27T22:42:59.336-0400] {processor.py:829} INFO - Processing file /home/beau/airflow/py_env/lib/python3.10/site-packages/airflow/example_dags/example_params_ui_tutorial.py for tasks to queue
[2023-09-27T22:42:59.337-0400] {logging_mixin.py:151} INFO - [2023-09-27T22:42:59.337-0400] {dagbag.py:539} INFO - Filling up the DagBag from /home/beau/airflow/py_env/lib/python3.10/site-packages/airflow/example_dags/example_params_ui_tutorial.py
[2023-09-27T22:42:59.365-0400] {processor.py:839} INFO - DAG(s) dict_keys(['example_params_ui_tutorial']) retrieved from /home/beau/airflow/py_env/lib/python3.10/site-packages/airflow/example_dags/example_params_ui_tutorial.py
[2023-09-27T22:42:59.405-0400] {logging_mixin.py:151} INFO - [2023-09-27T22:42:59.404-0400] {dag.py:2915} INFO - Sync 1 DAGs
[2023-09-27T22:42:59.415-0400] {logging_mixin.py:151} INFO - [2023-09-27T22:42:59.415-0400] {dag.py:3696} INFO - Setting next_dagrun for example_params_ui_tutorial to None, run_after=None
[2023-09-27T22:42:59.444-0400] {processor.py:179} INFO - Processing /home/beau/airflow/py_env/lib/python3.10/site-packages/airflow/example_dags/example_params_ui_tutorial.py took 0.114 seconds
[2023-09-27T22:43:55.152-0400] {processor.py:157} INFO - Started process (PID=13623) to work on /home/beau/airflow/py_env/lib/python3.10/site-packages/airflow/example_dags/example_params_ui_tutorial.py
[2023-09-27T22:43:55.156-0400] {processor.py:829} INFO - Processing file /home/beau/airflow/py_env/lib/python3.10/site-packages/airflow/example_dags/example_params_ui_tutorial.py for tasks to queue
[2023-09-27T22:43:55.157-0400] {logging_mixin.py:151} INFO - [2023-09-27T22:43:55.157-0400] {dagbag.py:539} INFO - Filling up the DagBag from /home/beau/airflow/py_env/lib/python3.10/site-packages/airflow/example_dags/example_params_ui_tutorial.py
[2023-09-27T22:43:55.190-0400] {processor.py:839} INFO - DAG(s) dict_keys(['example_params_ui_tutorial']) retrieved from /home/beau/airflow/py_env/lib/python3.10/site-packages/airflow/example_dags/example_params_ui_tutorial.py
[2023-09-27T22:43:55.235-0400] {logging_mixin.py:151} INFO - [2023-09-27T22:43:55.235-0400] {dag.py:2915} INFO - Sync 1 DAGs
[2023-09-27T22:43:55.246-0400] {logging_mixin.py:151} INFO - [2023-09-27T22:43:55.246-0400] {dag.py:3696} INFO - Setting next_dagrun for example_params_ui_tutorial to None, run_after=None
[2023-09-27T22:43:55.277-0400] {processor.py:179} INFO - Processing /home/beau/airflow/py_env/lib/python3.10/site-packages/airflow/example_dags/example_params_ui_tutorial.py took 0.128 seconds
[2023-09-27T22:44:36.882-0400] {processor.py:157} INFO - Started process (PID=13927) to work on /home/beau/airflow/py_env/lib/python3.10/site-packages/airflow/example_dags/example_params_ui_tutorial.py
[2023-09-27T22:44:36.885-0400] {processor.py:829} INFO - Processing file /home/beau/airflow/py_env/lib/python3.10/site-packages/airflow/example_dags/example_params_ui_tutorial.py for tasks to queue
[2023-09-27T22:44:36.886-0400] {logging_mixin.py:151} INFO - [2023-09-27T22:44:36.886-0400] {dagbag.py:539} INFO - Filling up the DagBag from /home/beau/airflow/py_env/lib/python3.10/site-packages/airflow/example_dags/example_params_ui_tutorial.py
[2023-09-27T22:44:36.919-0400] {processor.py:839} INFO - DAG(s) dict_keys(['example_params_ui_tutorial']) retrieved from /home/beau/airflow/py_env/lib/python3.10/site-packages/airflow/example_dags/example_params_ui_tutorial.py
[2023-09-27T22:44:36.966-0400] {logging_mixin.py:151} INFO - [2023-09-27T22:44:36.966-0400] {dag.py:2915} INFO - Sync 1 DAGs
[2023-09-27T22:44:36.977-0400] {logging_mixin.py:151} INFO - [2023-09-27T22:44:36.977-0400] {dag.py:3696} INFO - Setting next_dagrun for example_params_ui_tutorial to None, run_after=None
[2023-09-27T22:44:37.004-0400] {processor.py:179} INFO - Processing /home/beau/airflow/py_env/lib/python3.10/site-packages/airflow/example_dags/example_params_ui_tutorial.py took 0.125 seconds
[2023-09-27T22:45:13.332-0400] {processor.py:157} INFO - Started process (PID=14262) to work on /home/beau/airflow/py_env/lib/python3.10/site-packages/airflow/example_dags/example_params_ui_tutorial.py
[2023-09-27T22:45:13.334-0400] {processor.py:829} INFO - Processing file /home/beau/airflow/py_env/lib/python3.10/site-packages/airflow/example_dags/example_params_ui_tutorial.py for tasks to queue
[2023-09-27T22:45:13.335-0400] {logging_mixin.py:151} INFO - [2023-09-27T22:45:13.334-0400] {dagbag.py:539} INFO - Filling up the DagBag from /home/beau/airflow/py_env/lib/python3.10/site-packages/airflow/example_dags/example_params_ui_tutorial.py
[2023-09-27T22:45:13.366-0400] {processor.py:839} INFO - DAG(s) dict_keys(['example_params_ui_tutorial']) retrieved from /home/beau/airflow/py_env/lib/python3.10/site-packages/airflow/example_dags/example_params_ui_tutorial.py
[2023-09-27T22:45:13.418-0400] {logging_mixin.py:151} INFO - [2023-09-27T22:45:13.418-0400] {dag.py:2915} INFO - Sync 1 DAGs
[2023-09-27T22:45:13.432-0400] {logging_mixin.py:151} INFO - [2023-09-27T22:45:13.432-0400] {dag.py:3696} INFO - Setting next_dagrun for example_params_ui_tutorial to None, run_after=None
[2023-09-27T22:45:13.463-0400] {processor.py:179} INFO - Processing /home/beau/airflow/py_env/lib/python3.10/site-packages/airflow/example_dags/example_params_ui_tutorial.py took 0.134 seconds
[2023-09-27T22:46:10.256-0400] {processor.py:157} INFO - Started process (PID=14977) to work on /home/beau/airflow/py_env/lib/python3.10/site-packages/airflow/example_dags/example_params_ui_tutorial.py
[2023-09-27T22:46:10.259-0400] {processor.py:829} INFO - Processing file /home/beau/airflow/py_env/lib/python3.10/site-packages/airflow/example_dags/example_params_ui_tutorial.py for tasks to queue
[2023-09-27T22:46:10.260-0400] {logging_mixin.py:151} INFO - [2023-09-27T22:46:10.260-0400] {dagbag.py:539} INFO - Filling up the DagBag from /home/beau/airflow/py_env/lib/python3.10/site-packages/airflow/example_dags/example_params_ui_tutorial.py
[2023-09-27T22:46:10.290-0400] {processor.py:839} INFO - DAG(s) dict_keys(['example_params_ui_tutorial']) retrieved from /home/beau/airflow/py_env/lib/python3.10/site-packages/airflow/example_dags/example_params_ui_tutorial.py
[2023-09-27T22:46:10.329-0400] {logging_mixin.py:151} INFO - [2023-09-27T22:46:10.328-0400] {dag.py:2915} INFO - Sync 1 DAGs
[2023-09-27T22:46:10.339-0400] {logging_mixin.py:151} INFO - [2023-09-27T22:46:10.339-0400] {dag.py:3696} INFO - Setting next_dagrun for example_params_ui_tutorial to None, run_after=None
[2023-09-27T22:46:10.364-0400] {processor.py:179} INFO - Processing /home/beau/airflow/py_env/lib/python3.10/site-packages/airflow/example_dags/example_params_ui_tutorial.py took 0.115 seconds
[2023-09-27T22:46:52.052-0400] {processor.py:157} INFO - Started process (PID=15517) to work on /home/beau/airflow/py_env/lib/python3.10/site-packages/airflow/example_dags/example_params_ui_tutorial.py
[2023-09-27T22:46:52.056-0400] {processor.py:829} INFO - Processing file /home/beau/airflow/py_env/lib/python3.10/site-packages/airflow/example_dags/example_params_ui_tutorial.py for tasks to queue
[2023-09-27T22:46:52.057-0400] {logging_mixin.py:151} INFO - [2023-09-27T22:46:52.057-0400] {dagbag.py:539} INFO - Filling up the DagBag from /home/beau/airflow/py_env/lib/python3.10/site-packages/airflow/example_dags/example_params_ui_tutorial.py
[2023-09-27T22:46:52.085-0400] {processor.py:839} INFO - DAG(s) dict_keys(['example_params_ui_tutorial']) retrieved from /home/beau/airflow/py_env/lib/python3.10/site-packages/airflow/example_dags/example_params_ui_tutorial.py
[2023-09-27T22:46:52.131-0400] {logging_mixin.py:151} INFO - [2023-09-27T22:46:52.130-0400] {dag.py:2915} INFO - Sync 1 DAGs
[2023-09-27T22:46:52.144-0400] {logging_mixin.py:151} INFO - [2023-09-27T22:46:52.144-0400] {dag.py:3696} INFO - Setting next_dagrun for example_params_ui_tutorial to None, run_after=None
[2023-09-27T22:46:52.171-0400] {processor.py:179} INFO - Processing /home/beau/airflow/py_env/lib/python3.10/site-packages/airflow/example_dags/example_params_ui_tutorial.py took 0.122 seconds
[2023-09-27T22:47:31.192-0400] {processor.py:157} INFO - Started process (PID=15926) to work on /home/beau/airflow/py_env/lib/python3.10/site-packages/airflow/example_dags/example_params_ui_tutorial.py
[2023-09-27T22:47:31.197-0400] {processor.py:829} INFO - Processing file /home/beau/airflow/py_env/lib/python3.10/site-packages/airflow/example_dags/example_params_ui_tutorial.py for tasks to queue
[2023-09-27T22:47:31.199-0400] {logging_mixin.py:151} INFO - [2023-09-27T22:47:31.198-0400] {dagbag.py:539} INFO - Filling up the DagBag from /home/beau/airflow/py_env/lib/python3.10/site-packages/airflow/example_dags/example_params_ui_tutorial.py
[2023-09-27T22:47:31.229-0400] {processor.py:839} INFO - DAG(s) dict_keys(['example_params_ui_tutorial']) retrieved from /home/beau/airflow/py_env/lib/python3.10/site-packages/airflow/example_dags/example_params_ui_tutorial.py
[2023-09-27T22:47:31.268-0400] {logging_mixin.py:151} INFO - [2023-09-27T22:47:31.267-0400] {dag.py:2915} INFO - Sync 1 DAGs
[2023-09-27T22:47:31.279-0400] {logging_mixin.py:151} INFO - [2023-09-27T22:47:31.279-0400] {dag.py:3696} INFO - Setting next_dagrun for example_params_ui_tutorial to None, run_after=None
[2023-09-27T22:47:31.306-0400] {processor.py:179} INFO - Processing /home/beau/airflow/py_env/lib/python3.10/site-packages/airflow/example_dags/example_params_ui_tutorial.py took 0.119 seconds
[2023-09-27T22:48:10.582-0400] {processor.py:157} INFO - Started process (PID=16343) to work on /home/beau/airflow/py_env/lib/python3.10/site-packages/airflow/example_dags/example_params_ui_tutorial.py
[2023-09-27T22:48:10.583-0400] {processor.py:829} INFO - Processing file /home/beau/airflow/py_env/lib/python3.10/site-packages/airflow/example_dags/example_params_ui_tutorial.py for tasks to queue
[2023-09-27T22:48:10.584-0400] {logging_mixin.py:151} INFO - [2023-09-27T22:48:10.584-0400] {dagbag.py:539} INFO - Filling up the DagBag from /home/beau/airflow/py_env/lib/python3.10/site-packages/airflow/example_dags/example_params_ui_tutorial.py
[2023-09-27T22:48:10.609-0400] {processor.py:839} INFO - DAG(s) dict_keys(['example_params_ui_tutorial']) retrieved from /home/beau/airflow/py_env/lib/python3.10/site-packages/airflow/example_dags/example_params_ui_tutorial.py
[2023-09-27T22:48:10.648-0400] {logging_mixin.py:151} INFO - [2023-09-27T22:48:10.647-0400] {dag.py:2915} INFO - Sync 1 DAGs
[2023-09-27T22:48:10.658-0400] {logging_mixin.py:151} INFO - [2023-09-27T22:48:10.657-0400] {dag.py:3696} INFO - Setting next_dagrun for example_params_ui_tutorial to None, run_after=None
[2023-09-27T22:48:10.684-0400] {processor.py:179} INFO - Processing /home/beau/airflow/py_env/lib/python3.10/site-packages/airflow/example_dags/example_params_ui_tutorial.py took 0.106 seconds
[2023-09-27T22:48:51.530-0400] {processor.py:157} INFO - Started process (PID=16729) to work on /home/beau/airflow/py_env/lib/python3.10/site-packages/airflow/example_dags/example_params_ui_tutorial.py
[2023-09-27T22:48:51.534-0400] {processor.py:829} INFO - Processing file /home/beau/airflow/py_env/lib/python3.10/site-packages/airflow/example_dags/example_params_ui_tutorial.py for tasks to queue
[2023-09-27T22:48:51.535-0400] {logging_mixin.py:151} INFO - [2023-09-27T22:48:51.535-0400] {dagbag.py:539} INFO - Filling up the DagBag from /home/beau/airflow/py_env/lib/python3.10/site-packages/airflow/example_dags/example_params_ui_tutorial.py
[2023-09-27T22:48:51.567-0400] {processor.py:839} INFO - DAG(s) dict_keys(['example_params_ui_tutorial']) retrieved from /home/beau/airflow/py_env/lib/python3.10/site-packages/airflow/example_dags/example_params_ui_tutorial.py
[2023-09-27T22:48:51.615-0400] {logging_mixin.py:151} INFO - [2023-09-27T22:48:51.615-0400] {dag.py:2915} INFO - Sync 1 DAGs
[2023-09-27T22:48:51.628-0400] {logging_mixin.py:151} INFO - [2023-09-27T22:48:51.628-0400] {dag.py:3696} INFO - Setting next_dagrun for example_params_ui_tutorial to None, run_after=None
[2023-09-27T22:48:51.663-0400] {processor.py:179} INFO - Processing /home/beau/airflow/py_env/lib/python3.10/site-packages/airflow/example_dags/example_params_ui_tutorial.py took 0.137 seconds
[2023-09-27T22:49:30.486-0400] {processor.py:157} INFO - Started process (PID=17019) to work on /home/beau/airflow/py_env/lib/python3.10/site-packages/airflow/example_dags/example_params_ui_tutorial.py
[2023-09-27T22:49:30.490-0400] {processor.py:829} INFO - Processing file /home/beau/airflow/py_env/lib/python3.10/site-packages/airflow/example_dags/example_params_ui_tutorial.py for tasks to queue
[2023-09-27T22:49:30.491-0400] {logging_mixin.py:151} INFO - [2023-09-27T22:49:30.490-0400] {dagbag.py:539} INFO - Filling up the DagBag from /home/beau/airflow/py_env/lib/python3.10/site-packages/airflow/example_dags/example_params_ui_tutorial.py
[2023-09-27T22:49:30.524-0400] {processor.py:839} INFO - DAG(s) dict_keys(['example_params_ui_tutorial']) retrieved from /home/beau/airflow/py_env/lib/python3.10/site-packages/airflow/example_dags/example_params_ui_tutorial.py
[2023-09-27T22:49:30.563-0400] {logging_mixin.py:151} INFO - [2023-09-27T22:49:30.562-0400] {dag.py:2915} INFO - Sync 1 DAGs
[2023-09-27T22:49:30.575-0400] {logging_mixin.py:151} INFO - [2023-09-27T22:49:30.575-0400] {dag.py:3696} INFO - Setting next_dagrun for example_params_ui_tutorial to None, run_after=None
[2023-09-27T22:49:30.602-0400] {processor.py:179} INFO - Processing /home/beau/airflow/py_env/lib/python3.10/site-packages/airflow/example_dags/example_params_ui_tutorial.py took 0.122 seconds
[2023-09-27T22:50:27.357-0400] {processor.py:157} INFO - Started process (PID=17274) to work on /home/beau/airflow/py_env/lib/python3.10/site-packages/airflow/example_dags/example_params_ui_tutorial.py
[2023-09-27T22:50:27.359-0400] {processor.py:829} INFO - Processing file /home/beau/airflow/py_env/lib/python3.10/site-packages/airflow/example_dags/example_params_ui_tutorial.py for tasks to queue
[2023-09-27T22:50:27.360-0400] {logging_mixin.py:151} INFO - [2023-09-27T22:50:27.360-0400] {dagbag.py:539} INFO - Filling up the DagBag from /home/beau/airflow/py_env/lib/python3.10/site-packages/airflow/example_dags/example_params_ui_tutorial.py
[2023-09-27T22:50:27.392-0400] {processor.py:839} INFO - DAG(s) dict_keys(['example_params_ui_tutorial']) retrieved from /home/beau/airflow/py_env/lib/python3.10/site-packages/airflow/example_dags/example_params_ui_tutorial.py
[2023-09-27T22:50:27.428-0400] {logging_mixin.py:151} INFO - [2023-09-27T22:50:27.428-0400] {dag.py:2915} INFO - Sync 1 DAGs
[2023-09-27T22:50:27.438-0400] {logging_mixin.py:151} INFO - [2023-09-27T22:50:27.438-0400] {dag.py:3696} INFO - Setting next_dagrun for example_params_ui_tutorial to None, run_after=None
[2023-09-27T22:50:27.464-0400] {processor.py:179} INFO - Processing /home/beau/airflow/py_env/lib/python3.10/site-packages/airflow/example_dags/example_params_ui_tutorial.py took 0.111 seconds
[2023-09-27T22:51:22.072-0400] {processor.py:157} INFO - Started process (PID=17528) to work on /home/beau/airflow/py_env/lib/python3.10/site-packages/airflow/example_dags/example_params_ui_tutorial.py
[2023-09-27T22:51:22.076-0400] {processor.py:829} INFO - Processing file /home/beau/airflow/py_env/lib/python3.10/site-packages/airflow/example_dags/example_params_ui_tutorial.py for tasks to queue
[2023-09-27T22:51:22.078-0400] {logging_mixin.py:151} INFO - [2023-09-27T22:51:22.078-0400] {dagbag.py:539} INFO - Filling up the DagBag from /home/beau/airflow/py_env/lib/python3.10/site-packages/airflow/example_dags/example_params_ui_tutorial.py
[2023-09-27T22:51:22.122-0400] {processor.py:839} INFO - DAG(s) dict_keys(['example_params_ui_tutorial']) retrieved from /home/beau/airflow/py_env/lib/python3.10/site-packages/airflow/example_dags/example_params_ui_tutorial.py
[2023-09-27T22:51:22.161-0400] {logging_mixin.py:151} INFO - [2023-09-27T22:51:22.161-0400] {dag.py:2915} INFO - Sync 1 DAGs
[2023-09-27T22:51:22.172-0400] {logging_mixin.py:151} INFO - [2023-09-27T22:51:22.172-0400] {dag.py:3696} INFO - Setting next_dagrun for example_params_ui_tutorial to None, run_after=None
[2023-09-27T22:51:22.198-0400] {processor.py:179} INFO - Processing /home/beau/airflow/py_env/lib/python3.10/site-packages/airflow/example_dags/example_params_ui_tutorial.py took 0.132 seconds
[2023-09-27T22:52:18.057-0400] {processor.py:157} INFO - Started process (PID=17782) to work on /home/beau/airflow/py_env/lib/python3.10/site-packages/airflow/example_dags/example_params_ui_tutorial.py
[2023-09-27T22:52:18.062-0400] {processor.py:829} INFO - Processing file /home/beau/airflow/py_env/lib/python3.10/site-packages/airflow/example_dags/example_params_ui_tutorial.py for tasks to queue
[2023-09-27T22:52:18.063-0400] {logging_mixin.py:151} INFO - [2023-09-27T22:52:18.063-0400] {dagbag.py:539} INFO - Filling up the DagBag from /home/beau/airflow/py_env/lib/python3.10/site-packages/airflow/example_dags/example_params_ui_tutorial.py
[2023-09-27T22:52:18.095-0400] {processor.py:839} INFO - DAG(s) dict_keys(['example_params_ui_tutorial']) retrieved from /home/beau/airflow/py_env/lib/python3.10/site-packages/airflow/example_dags/example_params_ui_tutorial.py
[2023-09-27T22:52:18.130-0400] {logging_mixin.py:151} INFO - [2023-09-27T22:52:18.130-0400] {dag.py:2915} INFO - Sync 1 DAGs
[2023-09-27T22:52:18.141-0400] {logging_mixin.py:151} INFO - [2023-09-27T22:52:18.140-0400] {dag.py:3696} INFO - Setting next_dagrun for example_params_ui_tutorial to None, run_after=None
[2023-09-27T22:52:18.167-0400] {processor.py:179} INFO - Processing /home/beau/airflow/py_env/lib/python3.10/site-packages/airflow/example_dags/example_params_ui_tutorial.py took 0.117 seconds
[2023-09-27T22:53:10.070-0400] {processor.py:157} INFO - Started process (PID=18205) to work on /home/beau/airflow/py_env/lib/python3.10/site-packages/airflow/example_dags/example_params_ui_tutorial.py
[2023-09-27T22:53:10.075-0400] {processor.py:829} INFO - Processing file /home/beau/airflow/py_env/lib/python3.10/site-packages/airflow/example_dags/example_params_ui_tutorial.py for tasks to queue
[2023-09-27T22:53:10.077-0400] {logging_mixin.py:151} INFO - [2023-09-27T22:53:10.076-0400] {dagbag.py:539} INFO - Filling up the DagBag from /home/beau/airflow/py_env/lib/python3.10/site-packages/airflow/example_dags/example_params_ui_tutorial.py
[2023-09-27T22:53:10.110-0400] {processor.py:839} INFO - DAG(s) dict_keys(['example_params_ui_tutorial']) retrieved from /home/beau/airflow/py_env/lib/python3.10/site-packages/airflow/example_dags/example_params_ui_tutorial.py
[2023-09-27T22:53:10.145-0400] {logging_mixin.py:151} INFO - [2023-09-27T22:53:10.145-0400] {dag.py:2915} INFO - Sync 1 DAGs
[2023-09-27T22:53:10.157-0400] {logging_mixin.py:151} INFO - [2023-09-27T22:53:10.156-0400] {dag.py:3696} INFO - Setting next_dagrun for example_params_ui_tutorial to None, run_after=None
[2023-09-27T22:53:10.183-0400] {processor.py:179} INFO - Processing /home/beau/airflow/py_env/lib/python3.10/site-packages/airflow/example_dags/example_params_ui_tutorial.py took 0.119 seconds
[2023-09-27T22:54:03.788-0400] {processor.py:157} INFO - Started process (PID=18658) to work on /home/beau/airflow/py_env/lib/python3.10/site-packages/airflow/example_dags/example_params_ui_tutorial.py
[2023-09-27T22:54:03.792-0400] {processor.py:829} INFO - Processing file /home/beau/airflow/py_env/lib/python3.10/site-packages/airflow/example_dags/example_params_ui_tutorial.py for tasks to queue
[2023-09-27T22:54:03.793-0400] {logging_mixin.py:151} INFO - [2023-09-27T22:54:03.793-0400] {dagbag.py:539} INFO - Filling up the DagBag from /home/beau/airflow/py_env/lib/python3.10/site-packages/airflow/example_dags/example_params_ui_tutorial.py
[2023-09-27T22:54:03.824-0400] {processor.py:839} INFO - DAG(s) dict_keys(['example_params_ui_tutorial']) retrieved from /home/beau/airflow/py_env/lib/python3.10/site-packages/airflow/example_dags/example_params_ui_tutorial.py
[2023-09-27T22:54:03.864-0400] {logging_mixin.py:151} INFO - [2023-09-27T22:54:03.864-0400] {dag.py:2915} INFO - Sync 1 DAGs
[2023-09-27T22:54:03.877-0400] {logging_mixin.py:151} INFO - [2023-09-27T22:54:03.877-0400] {dag.py:3696} INFO - Setting next_dagrun for example_params_ui_tutorial to None, run_after=None
[2023-09-27T22:54:03.903-0400] {processor.py:179} INFO - Processing /home/beau/airflow/py_env/lib/python3.10/site-packages/airflow/example_dags/example_params_ui_tutorial.py took 0.119 seconds
