[2023-09-27T22:33:07.781-0400] {processor.py:157} INFO - Started process (PID=8229) to work on /home/beau/airflow/py_env/lib/python3.10/site-packages/airflow/example_dags/example_python_operator.py
[2023-09-27T22:33:07.782-0400] {processor.py:829} INFO - Processing file /home/beau/airflow/py_env/lib/python3.10/site-packages/airflow/example_dags/example_python_operator.py for tasks to queue
[2023-09-27T22:33:07.783-0400] {logging_mixin.py:151} INFO - [2023-09-27T22:33:07.783-0400] {dagbag.py:539} INFO - Filling up the DagBag from /home/beau/airflow/py_env/lib/python3.10/site-packages/airflow/example_dags/example_python_operator.py
[2023-09-27T22:33:07.889-0400] {logging_mixin.py:151} INFO - [2023-09-27T22:33:07.889-0400] {example_python_operator.py:89} WARNING - The virtalenv_python example task requires virtualenv, please install it.
[2023-09-27T22:33:07.889-0400] {processor.py:839} INFO - DAG(s) dict_keys(['example_python_operator']) retrieved from /home/beau/airflow/py_env/lib/python3.10/site-packages/airflow/example_dags/example_python_operator.py
[2023-09-27T22:33:07.896-0400] {logging_mixin.py:151} INFO - [2023-09-27T22:33:07.896-0400] {dag.py:2915} INFO - Sync 1 DAGs
[2023-09-27T22:33:07.907-0400] {logging_mixin.py:151} INFO - [2023-09-27T22:33:07.907-0400] {dag.py:3696} INFO - Setting next_dagrun for example_python_operator to None, run_after=None
[2023-09-27T22:33:07.931-0400] {processor.py:179} INFO - Processing /home/beau/airflow/py_env/lib/python3.10/site-packages/airflow/example_dags/example_python_operator.py took 0.153 seconds
[2023-09-27T22:33:55.758-0400] {processor.py:157} INFO - Started process (PID=8915) to work on /home/beau/airflow/py_env/lib/python3.10/site-packages/airflow/example_dags/example_python_operator.py
[2023-09-27T22:33:55.760-0400] {processor.py:829} INFO - Processing file /home/beau/airflow/py_env/lib/python3.10/site-packages/airflow/example_dags/example_python_operator.py for tasks to queue
[2023-09-27T22:33:55.761-0400] {logging_mixin.py:151} INFO - [2023-09-27T22:33:55.761-0400] {dagbag.py:539} INFO - Filling up the DagBag from /home/beau/airflow/py_env/lib/python3.10/site-packages/airflow/example_dags/example_python_operator.py
[2023-09-27T22:33:55.875-0400] {logging_mixin.py:151} INFO - [2023-09-27T22:33:55.875-0400] {example_python_operator.py:89} WARNING - The virtalenv_python example task requires virtualenv, please install it.
[2023-09-27T22:33:55.876-0400] {processor.py:839} INFO - DAG(s) dict_keys(['example_python_operator']) retrieved from /home/beau/airflow/py_env/lib/python3.10/site-packages/airflow/example_dags/example_python_operator.py
[2023-09-27T22:33:55.892-0400] {logging_mixin.py:151} INFO - [2023-09-27T22:33:55.892-0400] {dag.py:2915} INFO - Sync 1 DAGs
[2023-09-27T22:33:55.903-0400] {logging_mixin.py:151} INFO - [2023-09-27T22:33:55.903-0400] {dag.py:3696} INFO - Setting next_dagrun for example_python_operator to None, run_after=None
[2023-09-27T22:33:55.926-0400] {processor.py:179} INFO - Processing /home/beau/airflow/py_env/lib/python3.10/site-packages/airflow/example_dags/example_python_operator.py took 0.174 seconds
[2023-09-27T22:34:44.256-0400] {processor.py:157} INFO - Started process (PID=9089) to work on /home/beau/airflow/py_env/lib/python3.10/site-packages/airflow/example_dags/example_python_operator.py
[2023-09-27T22:34:44.261-0400] {processor.py:829} INFO - Processing file /home/beau/airflow/py_env/lib/python3.10/site-packages/airflow/example_dags/example_python_operator.py for tasks to queue
[2023-09-27T22:34:44.262-0400] {logging_mixin.py:151} INFO - [2023-09-27T22:34:44.262-0400] {dagbag.py:539} INFO - Filling up the DagBag from /home/beau/airflow/py_env/lib/python3.10/site-packages/airflow/example_dags/example_python_operator.py
[2023-09-27T22:34:44.435-0400] {logging_mixin.py:151} INFO - [2023-09-27T22:34:44.435-0400] {example_python_operator.py:89} WARNING - The virtalenv_python example task requires virtualenv, please install it.
[2023-09-27T22:34:44.436-0400] {processor.py:839} INFO - DAG(s) dict_keys(['example_python_operator']) retrieved from /home/beau/airflow/py_env/lib/python3.10/site-packages/airflow/example_dags/example_python_operator.py
[2023-09-27T22:34:44.460-0400] {logging_mixin.py:151} INFO - [2023-09-27T22:34:44.460-0400] {dag.py:2915} INFO - Sync 1 DAGs
[2023-09-27T22:34:44.471-0400] {logging_mixin.py:151} INFO - [2023-09-27T22:34:44.470-0400] {dag.py:3696} INFO - Setting next_dagrun for example_python_operator to None, run_after=None
[2023-09-27T22:34:44.504-0400] {processor.py:179} INFO - Processing /home/beau/airflow/py_env/lib/python3.10/site-packages/airflow/example_dags/example_python_operator.py took 0.255 seconds
[2023-09-27T22:35:31.275-0400] {processor.py:157} INFO - Started process (PID=9626) to work on /home/beau/airflow/py_env/lib/python3.10/site-packages/airflow/example_dags/example_python_operator.py
[2023-09-27T22:35:31.277-0400] {processor.py:829} INFO - Processing file /home/beau/airflow/py_env/lib/python3.10/site-packages/airflow/example_dags/example_python_operator.py for tasks to queue
[2023-09-27T22:35:31.278-0400] {logging_mixin.py:151} INFO - [2023-09-27T22:35:31.278-0400] {dagbag.py:539} INFO - Filling up the DagBag from /home/beau/airflow/py_env/lib/python3.10/site-packages/airflow/example_dags/example_python_operator.py
[2023-09-27T22:35:31.444-0400] {logging_mixin.py:151} INFO - [2023-09-27T22:35:31.444-0400] {example_python_operator.py:89} WARNING - The virtalenv_python example task requires virtualenv, please install it.
[2023-09-27T22:35:31.445-0400] {processor.py:839} INFO - DAG(s) dict_keys(['example_python_operator']) retrieved from /home/beau/airflow/py_env/lib/python3.10/site-packages/airflow/example_dags/example_python_operator.py
[2023-09-27T22:35:31.467-0400] {logging_mixin.py:151} INFO - [2023-09-27T22:35:31.467-0400] {dag.py:2915} INFO - Sync 1 DAGs
[2023-09-27T22:35:31.485-0400] {logging_mixin.py:151} INFO - [2023-09-27T22:35:31.485-0400] {dag.py:3696} INFO - Setting next_dagrun for example_python_operator to None, run_after=None
[2023-09-27T22:35:31.668-0400] {processor.py:179} INFO - Processing /home/beau/airflow/py_env/lib/python3.10/site-packages/airflow/example_dags/example_python_operator.py took 0.399 seconds
[2023-09-27T22:36:24.945-0400] {processor.py:157} INFO - Started process (PID=10371) to work on /home/beau/airflow/py_env/lib/python3.10/site-packages/airflow/example_dags/example_python_operator.py
[2023-09-27T22:36:24.947-0400] {processor.py:829} INFO - Processing file /home/beau/airflow/py_env/lib/python3.10/site-packages/airflow/example_dags/example_python_operator.py for tasks to queue
[2023-09-27T22:36:24.948-0400] {logging_mixin.py:151} INFO - [2023-09-27T22:36:24.947-0400] {dagbag.py:539} INFO - Filling up the DagBag from /home/beau/airflow/py_env/lib/python3.10/site-packages/airflow/example_dags/example_python_operator.py
[2023-09-27T22:36:25.080-0400] {logging_mixin.py:151} INFO - [2023-09-27T22:36:25.079-0400] {example_python_operator.py:89} WARNING - The virtalenv_python example task requires virtualenv, please install it.
[2023-09-27T22:36:25.080-0400] {processor.py:839} INFO - DAG(s) dict_keys(['example_python_operator']) retrieved from /home/beau/airflow/py_env/lib/python3.10/site-packages/airflow/example_dags/example_python_operator.py
[2023-09-27T22:36:25.098-0400] {logging_mixin.py:151} INFO - [2023-09-27T22:36:25.097-0400] {dag.py:2915} INFO - Sync 1 DAGs
[2023-09-27T22:36:25.109-0400] {logging_mixin.py:151} INFO - [2023-09-27T22:36:25.108-0400] {dag.py:3696} INFO - Setting next_dagrun for example_python_operator to None, run_after=None
[2023-09-27T22:36:25.137-0400] {processor.py:179} INFO - Processing /home/beau/airflow/py_env/lib/python3.10/site-packages/airflow/example_dags/example_python_operator.py took 0.196 seconds
[2023-09-27T22:37:10.535-0400] {processor.py:157} INFO - Started process (PID=10681) to work on /home/beau/airflow/py_env/lib/python3.10/site-packages/airflow/example_dags/example_python_operator.py
[2023-09-27T22:37:10.536-0400] {processor.py:829} INFO - Processing file /home/beau/airflow/py_env/lib/python3.10/site-packages/airflow/example_dags/example_python_operator.py for tasks to queue
[2023-09-27T22:37:10.539-0400] {logging_mixin.py:151} INFO - [2023-09-27T22:37:10.537-0400] {dagbag.py:539} INFO - Filling up the DagBag from /home/beau/airflow/py_env/lib/python3.10/site-packages/airflow/example_dags/example_python_operator.py
[2023-09-27T22:37:10.723-0400] {logging_mixin.py:151} INFO - [2023-09-27T22:37:10.723-0400] {example_python_operator.py:89} WARNING - The virtalenv_python example task requires virtualenv, please install it.
[2023-09-27T22:37:10.724-0400] {processor.py:839} INFO - DAG(s) dict_keys(['example_python_operator']) retrieved from /home/beau/airflow/py_env/lib/python3.10/site-packages/airflow/example_dags/example_python_operator.py
[2023-09-27T22:37:10.751-0400] {logging_mixin.py:151} INFO - [2023-09-27T22:37:10.751-0400] {dag.py:2915} INFO - Sync 1 DAGs
[2023-09-27T22:37:10.762-0400] {logging_mixin.py:151} INFO - [2023-09-27T22:37:10.762-0400] {dag.py:3696} INFO - Setting next_dagrun for example_python_operator to None, run_after=None
[2023-09-27T22:37:10.786-0400] {processor.py:179} INFO - Processing /home/beau/airflow/py_env/lib/python3.10/site-packages/airflow/example_dags/example_python_operator.py took 0.254 seconds
[2023-09-27T22:37:48.148-0400] {processor.py:157} INFO - Started process (PID=10990) to work on /home/beau/airflow/py_env/lib/python3.10/site-packages/airflow/example_dags/example_python_operator.py
[2023-09-27T22:37:48.152-0400] {processor.py:829} INFO - Processing file /home/beau/airflow/py_env/lib/python3.10/site-packages/airflow/example_dags/example_python_operator.py for tasks to queue
[2023-09-27T22:37:48.153-0400] {logging_mixin.py:151} INFO - [2023-09-27T22:37:48.152-0400] {dagbag.py:539} INFO - Filling up the DagBag from /home/beau/airflow/py_env/lib/python3.10/site-packages/airflow/example_dags/example_python_operator.py
[2023-09-27T22:37:48.278-0400] {logging_mixin.py:151} INFO - [2023-09-27T22:37:48.277-0400] {example_python_operator.py:89} WARNING - The virtalenv_python example task requires virtualenv, please install it.
[2023-09-27T22:37:48.278-0400] {processor.py:839} INFO - DAG(s) dict_keys(['example_python_operator']) retrieved from /home/beau/airflow/py_env/lib/python3.10/site-packages/airflow/example_dags/example_python_operator.py
[2023-09-27T22:37:48.298-0400] {logging_mixin.py:151} INFO - [2023-09-27T22:37:48.298-0400] {dag.py:2915} INFO - Sync 1 DAGs
[2023-09-27T22:37:48.310-0400] {logging_mixin.py:151} INFO - [2023-09-27T22:37:48.310-0400] {dag.py:3696} INFO - Setting next_dagrun for example_python_operator to None, run_after=None
[2023-09-27T22:37:48.337-0400] {processor.py:179} INFO - Processing /home/beau/airflow/py_env/lib/python3.10/site-packages/airflow/example_dags/example_python_operator.py took 0.191 seconds
[2023-09-27T22:38:28.508-0400] {processor.py:157} INFO - Started process (PID=11373) to work on /home/beau/airflow/py_env/lib/python3.10/site-packages/airflow/example_dags/example_python_operator.py
[2023-09-27T22:38:28.510-0400] {processor.py:829} INFO - Processing file /home/beau/airflow/py_env/lib/python3.10/site-packages/airflow/example_dags/example_python_operator.py for tasks to queue
[2023-09-27T22:38:28.512-0400] {logging_mixin.py:151} INFO - [2023-09-27T22:38:28.511-0400] {dagbag.py:539} INFO - Filling up the DagBag from /home/beau/airflow/py_env/lib/python3.10/site-packages/airflow/example_dags/example_python_operator.py
[2023-09-27T22:38:28.637-0400] {logging_mixin.py:151} INFO - [2023-09-27T22:38:28.636-0400] {example_python_operator.py:89} WARNING - The virtalenv_python example task requires virtualenv, please install it.
[2023-09-27T22:38:28.637-0400] {processor.py:839} INFO - DAG(s) dict_keys(['example_python_operator']) retrieved from /home/beau/airflow/py_env/lib/python3.10/site-packages/airflow/example_dags/example_python_operator.py
[2023-09-27T22:38:28.653-0400] {logging_mixin.py:151} INFO - [2023-09-27T22:38:28.653-0400] {dag.py:2915} INFO - Sync 1 DAGs
[2023-09-27T22:38:28.664-0400] {logging_mixin.py:151} INFO - [2023-09-27T22:38:28.663-0400] {dag.py:3696} INFO - Setting next_dagrun for example_python_operator to None, run_after=None
[2023-09-27T22:38:28.689-0400] {processor.py:179} INFO - Processing /home/beau/airflow/py_env/lib/python3.10/site-packages/airflow/example_dags/example_python_operator.py took 0.188 seconds
[2023-09-27T22:39:18.131-0400] {processor.py:157} INFO - Started process (PID=11795) to work on /home/beau/airflow/py_env/lib/python3.10/site-packages/airflow/example_dags/example_python_operator.py
[2023-09-27T22:39:18.133-0400] {processor.py:829} INFO - Processing file /home/beau/airflow/py_env/lib/python3.10/site-packages/airflow/example_dags/example_python_operator.py for tasks to queue
[2023-09-27T22:39:18.135-0400] {logging_mixin.py:151} INFO - [2023-09-27T22:39:18.134-0400] {dagbag.py:539} INFO - Filling up the DagBag from /home/beau/airflow/py_env/lib/python3.10/site-packages/airflow/example_dags/example_python_operator.py
[2023-09-27T22:39:18.286-0400] {logging_mixin.py:151} INFO - [2023-09-27T22:39:18.286-0400] {example_python_operator.py:89} WARNING - The virtalenv_python example task requires virtualenv, please install it.
[2023-09-27T22:39:18.287-0400] {processor.py:839} INFO - DAG(s) dict_keys(['example_python_operator']) retrieved from /home/beau/airflow/py_env/lib/python3.10/site-packages/airflow/example_dags/example_python_operator.py
[2023-09-27T22:39:18.304-0400] {logging_mixin.py:151} INFO - [2023-09-27T22:39:18.304-0400] {dag.py:2915} INFO - Sync 1 DAGs
[2023-09-27T22:39:18.315-0400] {logging_mixin.py:151} INFO - [2023-09-27T22:39:18.315-0400] {dag.py:3696} INFO - Setting next_dagrun for example_python_operator to None, run_after=None
[2023-09-27T22:39:18.342-0400] {processor.py:179} INFO - Processing /home/beau/airflow/py_env/lib/python3.10/site-packages/airflow/example_dags/example_python_operator.py took 0.216 seconds
[2023-09-27T22:40:00.820-0400] {processor.py:157} INFO - Started process (PID=12046) to work on /home/beau/airflow/py_env/lib/python3.10/site-packages/airflow/example_dags/example_python_operator.py
[2023-09-27T22:40:00.823-0400] {processor.py:829} INFO - Processing file /home/beau/airflow/py_env/lib/python3.10/site-packages/airflow/example_dags/example_python_operator.py for tasks to queue
[2023-09-27T22:40:00.824-0400] {logging_mixin.py:151} INFO - [2023-09-27T22:40:00.824-0400] {dagbag.py:539} INFO - Filling up the DagBag from /home/beau/airflow/py_env/lib/python3.10/site-packages/airflow/example_dags/example_python_operator.py
[2023-09-27T22:40:00.962-0400] {logging_mixin.py:151} INFO - [2023-09-27T22:40:00.962-0400] {example_python_operator.py:89} WARNING - The virtalenv_python example task requires virtualenv, please install it.
[2023-09-27T22:40:00.962-0400] {processor.py:839} INFO - DAG(s) dict_keys(['example_python_operator']) retrieved from /home/beau/airflow/py_env/lib/python3.10/site-packages/airflow/example_dags/example_python_operator.py
[2023-09-27T22:40:00.986-0400] {logging_mixin.py:151} INFO - [2023-09-27T22:40:00.985-0400] {dag.py:2915} INFO - Sync 1 DAGs
[2023-09-27T22:40:00.996-0400] {logging_mixin.py:151} INFO - [2023-09-27T22:40:00.995-0400] {dag.py:3696} INFO - Setting next_dagrun for example_python_operator to None, run_after=None
[2023-09-27T22:40:01.027-0400] {processor.py:179} INFO - Processing /home/beau/airflow/py_env/lib/python3.10/site-packages/airflow/example_dags/example_python_operator.py took 0.212 seconds
[2023-09-27T22:40:44.047-0400] {processor.py:157} INFO - Started process (PID=12198) to work on /home/beau/airflow/py_env/lib/python3.10/site-packages/airflow/example_dags/example_python_operator.py
[2023-09-27T22:40:44.051-0400] {processor.py:829} INFO - Processing file /home/beau/airflow/py_env/lib/python3.10/site-packages/airflow/example_dags/example_python_operator.py for tasks to queue
[2023-09-27T22:40:44.053-0400] {logging_mixin.py:151} INFO - [2023-09-27T22:40:44.052-0400] {dagbag.py:539} INFO - Filling up the DagBag from /home/beau/airflow/py_env/lib/python3.10/site-packages/airflow/example_dags/example_python_operator.py
[2023-09-27T22:40:44.203-0400] {logging_mixin.py:151} INFO - [2023-09-27T22:40:44.203-0400] {example_python_operator.py:89} WARNING - The virtalenv_python example task requires virtualenv, please install it.
[2023-09-27T22:40:44.204-0400] {processor.py:839} INFO - DAG(s) dict_keys(['example_python_operator']) retrieved from /home/beau/airflow/py_env/lib/python3.10/site-packages/airflow/example_dags/example_python_operator.py
[2023-09-27T22:40:44.224-0400] {logging_mixin.py:151} INFO - [2023-09-27T22:40:44.224-0400] {dag.py:2915} INFO - Sync 1 DAGs
[2023-09-27T22:40:44.237-0400] {logging_mixin.py:151} INFO - [2023-09-27T22:40:44.237-0400] {dag.py:3696} INFO - Setting next_dagrun for example_python_operator to None, run_after=None
[2023-09-27T22:40:44.268-0400] {processor.py:179} INFO - Processing /home/beau/airflow/py_env/lib/python3.10/site-packages/airflow/example_dags/example_python_operator.py took 0.224 seconds
[2023-09-27T22:41:22.021-0400] {processor.py:157} INFO - Started process (PID=12432) to work on /home/beau/airflow/py_env/lib/python3.10/site-packages/airflow/example_dags/example_python_operator.py
[2023-09-27T22:41:22.026-0400] {processor.py:829} INFO - Processing file /home/beau/airflow/py_env/lib/python3.10/site-packages/airflow/example_dags/example_python_operator.py for tasks to queue
[2023-09-27T22:41:22.027-0400] {logging_mixin.py:151} INFO - [2023-09-27T22:41:22.027-0400] {dagbag.py:539} INFO - Filling up the DagBag from /home/beau/airflow/py_env/lib/python3.10/site-packages/airflow/example_dags/example_python_operator.py
[2023-09-27T22:41:22.169-0400] {logging_mixin.py:151} INFO - [2023-09-27T22:41:22.168-0400] {example_python_operator.py:89} WARNING - The virtalenv_python example task requires virtualenv, please install it.
[2023-09-27T22:41:22.170-0400] {processor.py:839} INFO - DAG(s) dict_keys(['example_python_operator']) retrieved from /home/beau/airflow/py_env/lib/python3.10/site-packages/airflow/example_dags/example_python_operator.py
[2023-09-27T22:41:22.185-0400] {logging_mixin.py:151} INFO - [2023-09-27T22:41:22.185-0400] {dag.py:2915} INFO - Sync 1 DAGs
[2023-09-27T22:41:22.196-0400] {logging_mixin.py:151} INFO - [2023-09-27T22:41:22.196-0400] {dag.py:3696} INFO - Setting next_dagrun for example_python_operator to None, run_after=None
[2023-09-27T22:41:22.224-0400] {processor.py:179} INFO - Processing /home/beau/airflow/py_env/lib/python3.10/site-packages/airflow/example_dags/example_python_operator.py took 0.209 seconds
[2023-09-27T22:42:01.920-0400] {processor.py:157} INFO - Started process (PID=12702) to work on /home/beau/airflow/py_env/lib/python3.10/site-packages/airflow/example_dags/example_python_operator.py
[2023-09-27T22:42:01.925-0400] {processor.py:829} INFO - Processing file /home/beau/airflow/py_env/lib/python3.10/site-packages/airflow/example_dags/example_python_operator.py for tasks to queue
[2023-09-27T22:42:01.926-0400] {logging_mixin.py:151} INFO - [2023-09-27T22:42:01.926-0400] {dagbag.py:539} INFO - Filling up the DagBag from /home/beau/airflow/py_env/lib/python3.10/site-packages/airflow/example_dags/example_python_operator.py
[2023-09-27T22:42:02.067-0400] {logging_mixin.py:151} INFO - [2023-09-27T22:42:02.066-0400] {example_python_operator.py:89} WARNING - The virtalenv_python example task requires virtualenv, please install it.
[2023-09-27T22:42:02.067-0400] {processor.py:839} INFO - DAG(s) dict_keys(['example_python_operator']) retrieved from /home/beau/airflow/py_env/lib/python3.10/site-packages/airflow/example_dags/example_python_operator.py
[2023-09-27T22:42:02.087-0400] {logging_mixin.py:151} INFO - [2023-09-27T22:42:02.086-0400] {dag.py:2915} INFO - Sync 1 DAGs
[2023-09-27T22:42:02.104-0400] {logging_mixin.py:151} INFO - [2023-09-27T22:42:02.104-0400] {dag.py:3696} INFO - Setting next_dagrun for example_python_operator to None, run_after=None
[2023-09-27T22:42:02.141-0400] {processor.py:179} INFO - Processing /home/beau/airflow/py_env/lib/python3.10/site-packages/airflow/example_dags/example_python_operator.py took 0.224 seconds
[2023-09-27T22:42:42.074-0400] {processor.py:157} INFO - Started process (PID=13004) to work on /home/beau/airflow/py_env/lib/python3.10/site-packages/airflow/example_dags/example_python_operator.py
[2023-09-27T22:42:42.078-0400] {processor.py:829} INFO - Processing file /home/beau/airflow/py_env/lib/python3.10/site-packages/airflow/example_dags/example_python_operator.py for tasks to queue
[2023-09-27T22:42:42.079-0400] {logging_mixin.py:151} INFO - [2023-09-27T22:42:42.078-0400] {dagbag.py:539} INFO - Filling up the DagBag from /home/beau/airflow/py_env/lib/python3.10/site-packages/airflow/example_dags/example_python_operator.py
[2023-09-27T22:42:42.230-0400] {logging_mixin.py:151} INFO - [2023-09-27T22:42:42.230-0400] {example_python_operator.py:89} WARNING - The virtalenv_python example task requires virtualenv, please install it.
[2023-09-27T22:42:42.231-0400] {processor.py:839} INFO - DAG(s) dict_keys(['example_python_operator']) retrieved from /home/beau/airflow/py_env/lib/python3.10/site-packages/airflow/example_dags/example_python_operator.py
[2023-09-27T22:42:42.260-0400] {logging_mixin.py:151} INFO - [2023-09-27T22:42:42.260-0400] {dag.py:2915} INFO - Sync 1 DAGs
[2023-09-27T22:42:42.273-0400] {logging_mixin.py:151} INFO - [2023-09-27T22:42:42.273-0400] {dag.py:3696} INFO - Setting next_dagrun for example_python_operator to None, run_after=None
[2023-09-27T22:42:42.301-0400] {processor.py:179} INFO - Processing /home/beau/airflow/py_env/lib/python3.10/site-packages/airflow/example_dags/example_python_operator.py took 0.231 seconds
[2023-09-27T22:43:35.783-0400] {processor.py:157} INFO - Started process (PID=13428) to work on /home/beau/airflow/py_env/lib/python3.10/site-packages/airflow/example_dags/example_python_operator.py
[2023-09-27T22:43:35.786-0400] {processor.py:829} INFO - Processing file /home/beau/airflow/py_env/lib/python3.10/site-packages/airflow/example_dags/example_python_operator.py for tasks to queue
[2023-09-27T22:43:35.787-0400] {logging_mixin.py:151} INFO - [2023-09-27T22:43:35.787-0400] {dagbag.py:539} INFO - Filling up the DagBag from /home/beau/airflow/py_env/lib/python3.10/site-packages/airflow/example_dags/example_python_operator.py
[2023-09-27T22:43:35.898-0400] {logging_mixin.py:151} INFO - [2023-09-27T22:43:35.898-0400] {example_python_operator.py:89} WARNING - The virtalenv_python example task requires virtualenv, please install it.
[2023-09-27T22:43:35.899-0400] {processor.py:839} INFO - DAG(s) dict_keys(['example_python_operator']) retrieved from /home/beau/airflow/py_env/lib/python3.10/site-packages/airflow/example_dags/example_python_operator.py
[2023-09-27T22:43:35.918-0400] {logging_mixin.py:151} INFO - [2023-09-27T22:43:35.918-0400] {dag.py:2915} INFO - Sync 1 DAGs
[2023-09-27T22:43:35.930-0400] {logging_mixin.py:151} INFO - [2023-09-27T22:43:35.930-0400] {dag.py:3696} INFO - Setting next_dagrun for example_python_operator to None, run_after=None
[2023-09-27T22:43:35.956-0400] {processor.py:179} INFO - Processing /home/beau/airflow/py_env/lib/python3.10/site-packages/airflow/example_dags/example_python_operator.py took 0.176 seconds
[2023-09-27T22:44:17.321-0400] {processor.py:157} INFO - Started process (PID=13791) to work on /home/beau/airflow/py_env/lib/python3.10/site-packages/airflow/example_dags/example_python_operator.py
[2023-09-27T22:44:17.324-0400] {processor.py:829} INFO - Processing file /home/beau/airflow/py_env/lib/python3.10/site-packages/airflow/example_dags/example_python_operator.py for tasks to queue
[2023-09-27T22:44:17.325-0400] {logging_mixin.py:151} INFO - [2023-09-27T22:44:17.325-0400] {dagbag.py:539} INFO - Filling up the DagBag from /home/beau/airflow/py_env/lib/python3.10/site-packages/airflow/example_dags/example_python_operator.py
[2023-09-27T22:44:17.442-0400] {logging_mixin.py:151} INFO - [2023-09-27T22:44:17.442-0400] {example_python_operator.py:89} WARNING - The virtalenv_python example task requires virtualenv, please install it.
[2023-09-27T22:44:17.443-0400] {processor.py:839} INFO - DAG(s) dict_keys(['example_python_operator']) retrieved from /home/beau/airflow/py_env/lib/python3.10/site-packages/airflow/example_dags/example_python_operator.py
[2023-09-27T22:44:17.459-0400] {logging_mixin.py:151} INFO - [2023-09-27T22:44:17.459-0400] {dag.py:2915} INFO - Sync 1 DAGs
[2023-09-27T22:44:17.469-0400] {logging_mixin.py:151} INFO - [2023-09-27T22:44:17.469-0400] {dag.py:3696} INFO - Setting next_dagrun for example_python_operator to None, run_after=None
[2023-09-27T22:44:17.494-0400] {processor.py:179} INFO - Processing /home/beau/airflow/py_env/lib/python3.10/site-packages/airflow/example_dags/example_python_operator.py took 0.176 seconds
[2023-09-27T22:44:56.535-0400] {processor.py:157} INFO - Started process (PID=14156) to work on /home/beau/airflow/py_env/lib/python3.10/site-packages/airflow/example_dags/example_python_operator.py
[2023-09-27T22:44:56.538-0400] {processor.py:829} INFO - Processing file /home/beau/airflow/py_env/lib/python3.10/site-packages/airflow/example_dags/example_python_operator.py for tasks to queue
[2023-09-27T22:44:56.539-0400] {logging_mixin.py:151} INFO - [2023-09-27T22:44:56.539-0400] {dagbag.py:539} INFO - Filling up the DagBag from /home/beau/airflow/py_env/lib/python3.10/site-packages/airflow/example_dags/example_python_operator.py
[2023-09-27T22:44:56.702-0400] {logging_mixin.py:151} INFO - [2023-09-27T22:44:56.702-0400] {example_python_operator.py:89} WARNING - The virtalenv_python example task requires virtualenv, please install it.
[2023-09-27T22:44:56.703-0400] {processor.py:839} INFO - DAG(s) dict_keys(['example_python_operator']) retrieved from /home/beau/airflow/py_env/lib/python3.10/site-packages/airflow/example_dags/example_python_operator.py
[2023-09-27T22:44:56.720-0400] {logging_mixin.py:151} INFO - [2023-09-27T22:44:56.720-0400] {dag.py:2915} INFO - Sync 1 DAGs
[2023-09-27T22:44:56.732-0400] {logging_mixin.py:151} INFO - [2023-09-27T22:44:56.732-0400] {dag.py:3696} INFO - Setting next_dagrun for example_python_operator to None, run_after=None
[2023-09-27T22:44:56.765-0400] {processor.py:179} INFO - Processing /home/beau/airflow/py_env/lib/python3.10/site-packages/airflow/example_dags/example_python_operator.py took 0.233 seconds
[2023-09-27T22:45:51.194-0400] {processor.py:157} INFO - Started process (PID=14759) to work on /home/beau/airflow/py_env/lib/python3.10/site-packages/airflow/example_dags/example_python_operator.py
[2023-09-27T22:45:51.197-0400] {processor.py:829} INFO - Processing file /home/beau/airflow/py_env/lib/python3.10/site-packages/airflow/example_dags/example_python_operator.py for tasks to queue
[2023-09-27T22:45:51.199-0400] {logging_mixin.py:151} INFO - [2023-09-27T22:45:51.198-0400] {dagbag.py:539} INFO - Filling up the DagBag from /home/beau/airflow/py_env/lib/python3.10/site-packages/airflow/example_dags/example_python_operator.py
[2023-09-27T22:45:51.343-0400] {logging_mixin.py:151} INFO - [2023-09-27T22:45:51.343-0400] {example_python_operator.py:89} WARNING - The virtalenv_python example task requires virtualenv, please install it.
[2023-09-27T22:45:51.343-0400] {processor.py:839} INFO - DAG(s) dict_keys(['example_python_operator']) retrieved from /home/beau/airflow/py_env/lib/python3.10/site-packages/airflow/example_dags/example_python_operator.py
[2023-09-27T22:45:51.365-0400] {logging_mixin.py:151} INFO - [2023-09-27T22:45:51.365-0400] {dag.py:2915} INFO - Sync 1 DAGs
[2023-09-27T22:45:51.376-0400] {logging_mixin.py:151} INFO - [2023-09-27T22:45:51.376-0400] {dag.py:3696} INFO - Setting next_dagrun for example_python_operator to None, run_after=None
[2023-09-27T22:45:51.408-0400] {processor.py:179} INFO - Processing /home/beau/airflow/py_env/lib/python3.10/site-packages/airflow/example_dags/example_python_operator.py took 0.217 seconds
[2023-09-27T22:46:31.842-0400] {processor.py:157} INFO - Started process (PID=15204) to work on /home/beau/airflow/py_env/lib/python3.10/site-packages/airflow/example_dags/example_python_operator.py
[2023-09-27T22:46:31.846-0400] {processor.py:829} INFO - Processing file /home/beau/airflow/py_env/lib/python3.10/site-packages/airflow/example_dags/example_python_operator.py for tasks to queue
[2023-09-27T22:46:31.848-0400] {logging_mixin.py:151} INFO - [2023-09-27T22:46:31.847-0400] {dagbag.py:539} INFO - Filling up the DagBag from /home/beau/airflow/py_env/lib/python3.10/site-packages/airflow/example_dags/example_python_operator.py
[2023-09-27T22:46:31.991-0400] {logging_mixin.py:151} INFO - [2023-09-27T22:46:31.991-0400] {example_python_operator.py:89} WARNING - The virtalenv_python example task requires virtualenv, please install it.
[2023-09-27T22:46:31.992-0400] {processor.py:839} INFO - DAG(s) dict_keys(['example_python_operator']) retrieved from /home/beau/airflow/py_env/lib/python3.10/site-packages/airflow/example_dags/example_python_operator.py
[2023-09-27T22:46:32.008-0400] {logging_mixin.py:151} INFO - [2023-09-27T22:46:32.008-0400] {dag.py:2915} INFO - Sync 1 DAGs
[2023-09-27T22:46:32.018-0400] {logging_mixin.py:151} INFO - [2023-09-27T22:46:32.018-0400] {dag.py:3696} INFO - Setting next_dagrun for example_python_operator to None, run_after=None
[2023-09-27T22:46:32.044-0400] {processor.py:179} INFO - Processing /home/beau/airflow/py_env/lib/python3.10/site-packages/airflow/example_dags/example_python_operator.py took 0.208 seconds
[2023-09-27T22:47:12.423-0400] {processor.py:157} INFO - Started process (PID=15737) to work on /home/beau/airflow/py_env/lib/python3.10/site-packages/airflow/example_dags/example_python_operator.py
[2023-09-27T22:47:12.427-0400] {processor.py:829} INFO - Processing file /home/beau/airflow/py_env/lib/python3.10/site-packages/airflow/example_dags/example_python_operator.py for tasks to queue
[2023-09-27T22:47:12.428-0400] {logging_mixin.py:151} INFO - [2023-09-27T22:47:12.428-0400] {dagbag.py:539} INFO - Filling up the DagBag from /home/beau/airflow/py_env/lib/python3.10/site-packages/airflow/example_dags/example_python_operator.py
[2023-09-27T22:47:12.542-0400] {logging_mixin.py:151} INFO - [2023-09-27T22:47:12.542-0400] {example_python_operator.py:89} WARNING - The virtalenv_python example task requires virtualenv, please install it.
[2023-09-27T22:47:12.543-0400] {processor.py:839} INFO - DAG(s) dict_keys(['example_python_operator']) retrieved from /home/beau/airflow/py_env/lib/python3.10/site-packages/airflow/example_dags/example_python_operator.py
[2023-09-27T22:47:12.560-0400] {logging_mixin.py:151} INFO - [2023-09-27T22:47:12.560-0400] {dag.py:2915} INFO - Sync 1 DAGs
[2023-09-27T22:47:12.571-0400] {logging_mixin.py:151} INFO - [2023-09-27T22:47:12.571-0400] {dag.py:3696} INFO - Setting next_dagrun for example_python_operator to None, run_after=None
[2023-09-27T22:47:12.607-0400] {processor.py:179} INFO - Processing /home/beau/airflow/py_env/lib/python3.10/site-packages/airflow/example_dags/example_python_operator.py took 0.187 seconds
[2023-09-27T22:47:50.215-0400] {processor.py:157} INFO - Started process (PID=16122) to work on /home/beau/airflow/py_env/lib/python3.10/site-packages/airflow/example_dags/example_python_operator.py
[2023-09-27T22:47:50.221-0400] {processor.py:829} INFO - Processing file /home/beau/airflow/py_env/lib/python3.10/site-packages/airflow/example_dags/example_python_operator.py for tasks to queue
[2023-09-27T22:47:50.223-0400] {logging_mixin.py:151} INFO - [2023-09-27T22:47:50.222-0400] {dagbag.py:539} INFO - Filling up the DagBag from /home/beau/airflow/py_env/lib/python3.10/site-packages/airflow/example_dags/example_python_operator.py
[2023-09-27T22:47:50.326-0400] {logging_mixin.py:151} INFO - [2023-09-27T22:47:50.326-0400] {example_python_operator.py:89} WARNING - The virtalenv_python example task requires virtualenv, please install it.
[2023-09-27T22:47:50.327-0400] {processor.py:839} INFO - DAG(s) dict_keys(['example_python_operator']) retrieved from /home/beau/airflow/py_env/lib/python3.10/site-packages/airflow/example_dags/example_python_operator.py
[2023-09-27T22:47:50.348-0400] {logging_mixin.py:151} INFO - [2023-09-27T22:47:50.348-0400] {dag.py:2915} INFO - Sync 1 DAGs
[2023-09-27T22:47:50.363-0400] {logging_mixin.py:151} INFO - [2023-09-27T22:47:50.363-0400] {dag.py:3696} INFO - Setting next_dagrun for example_python_operator to None, run_after=None
[2023-09-27T22:47:50.391-0400] {processor.py:179} INFO - Processing /home/beau/airflow/py_env/lib/python3.10/site-packages/airflow/example_dags/example_python_operator.py took 0.186 seconds
[2023-09-27T22:48:30.586-0400] {processor.py:157} INFO - Started process (PID=16502) to work on /home/beau/airflow/py_env/lib/python3.10/site-packages/airflow/example_dags/example_python_operator.py
[2023-09-27T22:48:30.590-0400] {processor.py:829} INFO - Processing file /home/beau/airflow/py_env/lib/python3.10/site-packages/airflow/example_dags/example_python_operator.py for tasks to queue
[2023-09-27T22:48:30.591-0400] {logging_mixin.py:151} INFO - [2023-09-27T22:48:30.591-0400] {dagbag.py:539} INFO - Filling up the DagBag from /home/beau/airflow/py_env/lib/python3.10/site-packages/airflow/example_dags/example_python_operator.py
[2023-09-27T22:48:30.718-0400] {logging_mixin.py:151} INFO - [2023-09-27T22:48:30.717-0400] {example_python_operator.py:89} WARNING - The virtalenv_python example task requires virtualenv, please install it.
[2023-09-27T22:48:30.718-0400] {processor.py:839} INFO - DAG(s) dict_keys(['example_python_operator']) retrieved from /home/beau/airflow/py_env/lib/python3.10/site-packages/airflow/example_dags/example_python_operator.py
[2023-09-27T22:48:30.734-0400] {logging_mixin.py:151} INFO - [2023-09-27T22:48:30.734-0400] {dag.py:2915} INFO - Sync 1 DAGs
[2023-09-27T22:48:30.745-0400] {logging_mixin.py:151} INFO - [2023-09-27T22:48:30.745-0400] {dag.py:3696} INFO - Setting next_dagrun for example_python_operator to None, run_after=None
[2023-09-27T22:48:30.772-0400] {processor.py:179} INFO - Processing /home/beau/airflow/py_env/lib/python3.10/site-packages/airflow/example_dags/example_python_operator.py took 0.191 seconds
[2023-09-27T22:49:09.760-0400] {processor.py:157} INFO - Started process (PID=16859) to work on /home/beau/airflow/py_env/lib/python3.10/site-packages/airflow/example_dags/example_python_operator.py
[2023-09-27T22:49:09.765-0400] {processor.py:829} INFO - Processing file /home/beau/airflow/py_env/lib/python3.10/site-packages/airflow/example_dags/example_python_operator.py for tasks to queue
[2023-09-27T22:49:09.768-0400] {logging_mixin.py:151} INFO - [2023-09-27T22:49:09.767-0400] {dagbag.py:539} INFO - Filling up the DagBag from /home/beau/airflow/py_env/lib/python3.10/site-packages/airflow/example_dags/example_python_operator.py
[2023-09-27T22:49:09.893-0400] {logging_mixin.py:151} INFO - [2023-09-27T22:49:09.893-0400] {example_python_operator.py:89} WARNING - The virtalenv_python example task requires virtualenv, please install it.
[2023-09-27T22:49:09.894-0400] {processor.py:839} INFO - DAG(s) dict_keys(['example_python_operator']) retrieved from /home/beau/airflow/py_env/lib/python3.10/site-packages/airflow/example_dags/example_python_operator.py
[2023-09-27T22:49:09.911-0400] {logging_mixin.py:151} INFO - [2023-09-27T22:49:09.911-0400] {dag.py:2915} INFO - Sync 1 DAGs
[2023-09-27T22:49:09.921-0400] {logging_mixin.py:151} INFO - [2023-09-27T22:49:09.921-0400] {dag.py:3696} INFO - Setting next_dagrun for example_python_operator to None, run_after=None
[2023-09-27T22:49:09.949-0400] {processor.py:179} INFO - Processing /home/beau/airflow/py_env/lib/python3.10/site-packages/airflow/example_dags/example_python_operator.py took 0.197 seconds
[2023-09-27T22:49:48.215-0400] {processor.py:157} INFO - Started process (PID=17139) to work on /home/beau/airflow/py_env/lib/python3.10/site-packages/airflow/example_dags/example_python_operator.py
[2023-09-27T22:49:48.219-0400] {processor.py:829} INFO - Processing file /home/beau/airflow/py_env/lib/python3.10/site-packages/airflow/example_dags/example_python_operator.py for tasks to queue
[2023-09-27T22:49:48.220-0400] {logging_mixin.py:151} INFO - [2023-09-27T22:49:48.220-0400] {dagbag.py:539} INFO - Filling up the DagBag from /home/beau/airflow/py_env/lib/python3.10/site-packages/airflow/example_dags/example_python_operator.py
[2023-09-27T22:49:48.360-0400] {logging_mixin.py:151} INFO - [2023-09-27T22:49:48.360-0400] {example_python_operator.py:89} WARNING - The virtalenv_python example task requires virtualenv, please install it.
[2023-09-27T22:49:48.361-0400] {processor.py:839} INFO - DAG(s) dict_keys(['example_python_operator']) retrieved from /home/beau/airflow/py_env/lib/python3.10/site-packages/airflow/example_dags/example_python_operator.py
[2023-09-27T22:49:48.379-0400] {logging_mixin.py:151} INFO - [2023-09-27T22:49:48.378-0400] {dag.py:2915} INFO - Sync 1 DAGs
[2023-09-27T22:49:48.392-0400] {logging_mixin.py:151} INFO - [2023-09-27T22:49:48.392-0400] {dag.py:3696} INFO - Setting next_dagrun for example_python_operator to None, run_after=None
[2023-09-27T22:49:48.423-0400] {processor.py:179} INFO - Processing /home/beau/airflow/py_env/lib/python3.10/site-packages/airflow/example_dags/example_python_operator.py took 0.218 seconds
[2023-09-27T22:50:26.460-0400] {processor.py:157} INFO - Started process (PID=17273) to work on /home/beau/airflow/py_env/lib/python3.10/site-packages/airflow/example_dags/example_python_operator.py
[2023-09-27T22:50:26.464-0400] {processor.py:829} INFO - Processing file /home/beau/airflow/py_env/lib/python3.10/site-packages/airflow/example_dags/example_python_operator.py for tasks to queue
[2023-09-27T22:50:26.466-0400] {logging_mixin.py:151} INFO - [2023-09-27T22:50:26.465-0400] {dagbag.py:539} INFO - Filling up the DagBag from /home/beau/airflow/py_env/lib/python3.10/site-packages/airflow/example_dags/example_python_operator.py
[2023-09-27T22:50:26.576-0400] {logging_mixin.py:151} INFO - [2023-09-27T22:50:26.575-0400] {example_python_operator.py:89} WARNING - The virtalenv_python example task requires virtualenv, please install it.
[2023-09-27T22:50:26.576-0400] {processor.py:839} INFO - DAG(s) dict_keys(['example_python_operator']) retrieved from /home/beau/airflow/py_env/lib/python3.10/site-packages/airflow/example_dags/example_python_operator.py
[2023-09-27T22:50:26.592-0400] {logging_mixin.py:151} INFO - [2023-09-27T22:50:26.592-0400] {dag.py:2915} INFO - Sync 1 DAGs
[2023-09-27T22:50:26.605-0400] {logging_mixin.py:151} INFO - [2023-09-27T22:50:26.604-0400] {dag.py:3696} INFO - Setting next_dagrun for example_python_operator to None, run_after=None
[2023-09-27T22:50:26.630-0400] {processor.py:179} INFO - Processing /home/beau/airflow/py_env/lib/python3.10/site-packages/airflow/example_dags/example_python_operator.py took 0.175 seconds
[2023-09-27T22:51:20.813-0400] {processor.py:157} INFO - Started process (PID=17521) to work on /home/beau/airflow/py_env/lib/python3.10/site-packages/airflow/example_dags/example_python_operator.py
[2023-09-27T22:51:20.816-0400] {processor.py:829} INFO - Processing file /home/beau/airflow/py_env/lib/python3.10/site-packages/airflow/example_dags/example_python_operator.py for tasks to queue
[2023-09-27T22:51:20.817-0400] {logging_mixin.py:151} INFO - [2023-09-27T22:51:20.817-0400] {dagbag.py:539} INFO - Filling up the DagBag from /home/beau/airflow/py_env/lib/python3.10/site-packages/airflow/example_dags/example_python_operator.py
[2023-09-27T22:51:20.924-0400] {logging_mixin.py:151} INFO - [2023-09-27T22:51:20.924-0400] {example_python_operator.py:89} WARNING - The virtalenv_python example task requires virtualenv, please install it.
[2023-09-27T22:51:20.924-0400] {processor.py:839} INFO - DAG(s) dict_keys(['example_python_operator']) retrieved from /home/beau/airflow/py_env/lib/python3.10/site-packages/airflow/example_dags/example_python_operator.py
[2023-09-27T22:51:20.940-0400] {logging_mixin.py:151} INFO - [2023-09-27T22:51:20.939-0400] {dag.py:2915} INFO - Sync 1 DAGs
[2023-09-27T22:51:20.949-0400] {logging_mixin.py:151} INFO - [2023-09-27T22:51:20.949-0400] {dag.py:3696} INFO - Setting next_dagrun for example_python_operator to None, run_after=None
[2023-09-27T22:51:20.979-0400] {processor.py:179} INFO - Processing /home/beau/airflow/py_env/lib/python3.10/site-packages/airflow/example_dags/example_python_operator.py took 0.171 seconds
[2023-09-27T22:51:58.355-0400] {processor.py:157} INFO - Started process (PID=17714) to work on /home/beau/airflow/py_env/lib/python3.10/site-packages/airflow/example_dags/example_python_operator.py
[2023-09-27T22:51:58.359-0400] {processor.py:829} INFO - Processing file /home/beau/airflow/py_env/lib/python3.10/site-packages/airflow/example_dags/example_python_operator.py for tasks to queue
[2023-09-27T22:51:58.360-0400] {logging_mixin.py:151} INFO - [2023-09-27T22:51:58.360-0400] {dagbag.py:539} INFO - Filling up the DagBag from /home/beau/airflow/py_env/lib/python3.10/site-packages/airflow/example_dags/example_python_operator.py
[2023-09-27T22:51:58.471-0400] {logging_mixin.py:151} INFO - [2023-09-27T22:51:58.471-0400] {example_python_operator.py:89} WARNING - The virtalenv_python example task requires virtualenv, please install it.
[2023-09-27T22:51:58.472-0400] {processor.py:839} INFO - DAG(s) dict_keys(['example_python_operator']) retrieved from /home/beau/airflow/py_env/lib/python3.10/site-packages/airflow/example_dags/example_python_operator.py
[2023-09-27T22:51:58.487-0400] {logging_mixin.py:151} INFO - [2023-09-27T22:51:58.487-0400] {dag.py:2915} INFO - Sync 1 DAGs
[2023-09-27T22:51:58.499-0400] {logging_mixin.py:151} INFO - [2023-09-27T22:51:58.499-0400] {dag.py:3696} INFO - Setting next_dagrun for example_python_operator to None, run_after=None
[2023-09-27T22:51:58.524-0400] {processor.py:179} INFO - Processing /home/beau/airflow/py_env/lib/python3.10/site-packages/airflow/example_dags/example_python_operator.py took 0.174 seconds
[2023-09-27T22:52:51.474-0400] {processor.py:157} INFO - Started process (PID=18010) to work on /home/beau/airflow/py_env/lib/python3.10/site-packages/airflow/example_dags/example_python_operator.py
[2023-09-27T22:52:51.479-0400] {processor.py:829} INFO - Processing file /home/beau/airflow/py_env/lib/python3.10/site-packages/airflow/example_dags/example_python_operator.py for tasks to queue
[2023-09-27T22:52:51.481-0400] {logging_mixin.py:151} INFO - [2023-09-27T22:52:51.480-0400] {dagbag.py:539} INFO - Filling up the DagBag from /home/beau/airflow/py_env/lib/python3.10/site-packages/airflow/example_dags/example_python_operator.py
[2023-09-27T22:52:51.636-0400] {logging_mixin.py:151} INFO - [2023-09-27T22:52:51.636-0400] {example_python_operator.py:89} WARNING - The virtalenv_python example task requires virtualenv, please install it.
[2023-09-27T22:52:51.637-0400] {processor.py:839} INFO - DAG(s) dict_keys(['example_python_operator']) retrieved from /home/beau/airflow/py_env/lib/python3.10/site-packages/airflow/example_dags/example_python_operator.py
[2023-09-27T22:52:51.655-0400] {logging_mixin.py:151} INFO - [2023-09-27T22:52:51.655-0400] {dag.py:2915} INFO - Sync 1 DAGs
[2023-09-27T22:52:51.667-0400] {logging_mixin.py:151} INFO - [2023-09-27T22:52:51.667-0400] {dag.py:3696} INFO - Setting next_dagrun for example_python_operator to None, run_after=None
[2023-09-27T22:52:51.695-0400] {processor.py:179} INFO - Processing /home/beau/airflow/py_env/lib/python3.10/site-packages/airflow/example_dags/example_python_operator.py took 0.228 seconds
[2023-09-27T22:53:44.857-0400] {processor.py:157} INFO - Started process (PID=18462) to work on /home/beau/airflow/py_env/lib/python3.10/site-packages/airflow/example_dags/example_python_operator.py
[2023-09-27T22:53:44.861-0400] {processor.py:829} INFO - Processing file /home/beau/airflow/py_env/lib/python3.10/site-packages/airflow/example_dags/example_python_operator.py for tasks to queue
[2023-09-27T22:53:44.863-0400] {logging_mixin.py:151} INFO - [2023-09-27T22:53:44.862-0400] {dagbag.py:539} INFO - Filling up the DagBag from /home/beau/airflow/py_env/lib/python3.10/site-packages/airflow/example_dags/example_python_operator.py
[2023-09-27T22:53:44.970-0400] {logging_mixin.py:151} INFO - [2023-09-27T22:53:44.970-0400] {example_python_operator.py:89} WARNING - The virtalenv_python example task requires virtualenv, please install it.
[2023-09-27T22:53:44.971-0400] {processor.py:839} INFO - DAG(s) dict_keys(['example_python_operator']) retrieved from /home/beau/airflow/py_env/lib/python3.10/site-packages/airflow/example_dags/example_python_operator.py
[2023-09-27T22:53:44.986-0400] {logging_mixin.py:151} INFO - [2023-09-27T22:53:44.985-0400] {dag.py:2915} INFO - Sync 1 DAGs
[2023-09-27T22:53:44.997-0400] {logging_mixin.py:151} INFO - [2023-09-27T22:53:44.997-0400] {dag.py:3696} INFO - Setting next_dagrun for example_python_operator to None, run_after=None
[2023-09-27T22:53:45.026-0400] {processor.py:179} INFO - Processing /home/beau/airflow/py_env/lib/python3.10/site-packages/airflow/example_dags/example_python_operator.py took 0.174 seconds
