[2023-09-27T22:33:00.404-0400] {processor.py:157} INFO - Started process (PID=8120) to work on /home/beau/airflow/py_env/lib/python3.10/site-packages/airflow/example_dags/example_xcomargs.py
[2023-09-27T22:33:00.406-0400] {processor.py:829} INFO - Processing file /home/beau/airflow/py_env/lib/python3.10/site-packages/airflow/example_dags/example_xcomargs.py for tasks to queue
[2023-09-27T22:33:00.407-0400] {logging_mixin.py:151} INFO - [2023-09-27T22:33:00.406-0400] {dagbag.py:539} INFO - Filling up the DagBag from /home/beau/airflow/py_env/lib/python3.10/site-packages/airflow/example_dags/example_xcomargs.py
[2023-09-27T22:33:00.421-0400] {processor.py:839} INFO - DAG(s) dict_keys(['example_xcom_args', 'example_xcom_args_with_operators']) retrieved from /home/beau/airflow/py_env/lib/python3.10/site-packages/airflow/example_dags/example_xcomargs.py
[2023-09-27T22:33:00.431-0400] {logging_mixin.py:151} INFO - [2023-09-27T22:33:00.431-0400] {dag.py:2915} INFO - Sync 2 DAGs
[2023-09-27T22:33:00.442-0400] {logging_mixin.py:151} INFO - [2023-09-27T22:33:00.442-0400] {dag.py:3696} INFO - Setting next_dagrun for example_xcom_args to None, run_after=None
[2023-09-27T22:33:00.444-0400] {logging_mixin.py:151} INFO - [2023-09-27T22:33:00.444-0400] {dag.py:3696} INFO - Setting next_dagrun for example_xcom_args_with_operators to None, run_after=None
[2023-09-27T22:33:00.468-0400] {processor.py:179} INFO - Processing /home/beau/airflow/py_env/lib/python3.10/site-packages/airflow/example_dags/example_xcomargs.py took 0.068 seconds
[2023-09-27T22:33:48.059-0400] {processor.py:157} INFO - Started process (PID=8830) to work on /home/beau/airflow/py_env/lib/python3.10/site-packages/airflow/example_dags/example_xcomargs.py
[2023-09-27T22:33:48.063-0400] {processor.py:829} INFO - Processing file /home/beau/airflow/py_env/lib/python3.10/site-packages/airflow/example_dags/example_xcomargs.py for tasks to queue
[2023-09-27T22:33:48.065-0400] {logging_mixin.py:151} INFO - [2023-09-27T22:33:48.064-0400] {dagbag.py:539} INFO - Filling up the DagBag from /home/beau/airflow/py_env/lib/python3.10/site-packages/airflow/example_dags/example_xcomargs.py
[2023-09-27T22:33:48.076-0400] {processor.py:839} INFO - DAG(s) dict_keys(['example_xcom_args', 'example_xcom_args_with_operators']) retrieved from /home/beau/airflow/py_env/lib/python3.10/site-packages/airflow/example_dags/example_xcomargs.py
[2023-09-27T22:33:48.108-0400] {logging_mixin.py:151} INFO - [2023-09-27T22:33:48.108-0400] {dag.py:2915} INFO - Sync 2 DAGs
[2023-09-27T22:33:48.134-0400] {logging_mixin.py:151} INFO - [2023-09-27T22:33:48.133-0400] {dag.py:3696} INFO - Setting next_dagrun for example_xcom_args to None, run_after=None
[2023-09-27T22:33:48.138-0400] {logging_mixin.py:151} INFO - [2023-09-27T22:33:48.137-0400] {dag.py:3696} INFO - Setting next_dagrun for example_xcom_args_with_operators to None, run_after=None
[2023-09-27T22:33:48.203-0400] {processor.py:179} INFO - Processing /home/beau/airflow/py_env/lib/python3.10/site-packages/airflow/example_dags/example_xcomargs.py took 0.150 seconds
[2023-09-27T22:34:36.731-0400] {processor.py:157} INFO - Started process (PID=9061) to work on /home/beau/airflow/py_env/lib/python3.10/site-packages/airflow/example_dags/example_xcomargs.py
[2023-09-27T22:34:36.735-0400] {processor.py:829} INFO - Processing file /home/beau/airflow/py_env/lib/python3.10/site-packages/airflow/example_dags/example_xcomargs.py for tasks to queue
[2023-09-27T22:34:36.736-0400] {logging_mixin.py:151} INFO - [2023-09-27T22:34:36.736-0400] {dagbag.py:539} INFO - Filling up the DagBag from /home/beau/airflow/py_env/lib/python3.10/site-packages/airflow/example_dags/example_xcomargs.py
[2023-09-27T22:34:36.747-0400] {processor.py:839} INFO - DAG(s) dict_keys(['example_xcom_args_with_operators', 'example_xcom_args']) retrieved from /home/beau/airflow/py_env/lib/python3.10/site-packages/airflow/example_dags/example_xcomargs.py
[2023-09-27T22:34:36.766-0400] {logging_mixin.py:151} INFO - [2023-09-27T22:34:36.766-0400] {dag.py:2915} INFO - Sync 2 DAGs
[2023-09-27T22:34:36.778-0400] {logging_mixin.py:151} INFO - [2023-09-27T22:34:36.778-0400] {dag.py:3696} INFO - Setting next_dagrun for example_xcom_args to None, run_after=None
[2023-09-27T22:34:36.781-0400] {logging_mixin.py:151} INFO - [2023-09-27T22:34:36.781-0400] {dag.py:3696} INFO - Setting next_dagrun for example_xcom_args_with_operators to None, run_after=None
[2023-09-27T22:34:36.802-0400] {processor.py:179} INFO - Processing /home/beau/airflow/py_env/lib/python3.10/site-packages/airflow/example_dags/example_xcomargs.py took 0.074 seconds
[2023-09-27T22:35:22.627-0400] {processor.py:157} INFO - Started process (PID=9555) to work on /home/beau/airflow/py_env/lib/python3.10/site-packages/airflow/example_dags/example_xcomargs.py
[2023-09-27T22:35:22.630-0400] {processor.py:829} INFO - Processing file /home/beau/airflow/py_env/lib/python3.10/site-packages/airflow/example_dags/example_xcomargs.py for tasks to queue
[2023-09-27T22:35:22.631-0400] {logging_mixin.py:151} INFO - [2023-09-27T22:35:22.631-0400] {dagbag.py:539} INFO - Filling up the DagBag from /home/beau/airflow/py_env/lib/python3.10/site-packages/airflow/example_dags/example_xcomargs.py
[2023-09-27T22:35:22.641-0400] {processor.py:839} INFO - DAG(s) dict_keys(['example_xcom_args_with_operators', 'example_xcom_args']) retrieved from /home/beau/airflow/py_env/lib/python3.10/site-packages/airflow/example_dags/example_xcomargs.py
[2023-09-27T22:35:22.669-0400] {logging_mixin.py:151} INFO - [2023-09-27T22:35:22.668-0400] {dag.py:2915} INFO - Sync 2 DAGs
[2023-09-27T22:35:22.684-0400] {logging_mixin.py:151} INFO - [2023-09-27T22:35:22.684-0400] {dag.py:3696} INFO - Setting next_dagrun for example_xcom_args to None, run_after=None
[2023-09-27T22:35:22.686-0400] {logging_mixin.py:151} INFO - [2023-09-27T22:35:22.686-0400] {dag.py:3696} INFO - Setting next_dagrun for example_xcom_args_with_operators to None, run_after=None
[2023-09-27T22:35:22.863-0400] {processor.py:179} INFO - Processing /home/beau/airflow/py_env/lib/python3.10/site-packages/airflow/example_dags/example_xcomargs.py took 0.241 seconds
[2023-09-27T22:36:17.083-0400] {processor.py:157} INFO - Started process (PID=10300) to work on /home/beau/airflow/py_env/lib/python3.10/site-packages/airflow/example_dags/example_xcomargs.py
[2023-09-27T22:36:17.086-0400] {processor.py:829} INFO - Processing file /home/beau/airflow/py_env/lib/python3.10/site-packages/airflow/example_dags/example_xcomargs.py for tasks to queue
[2023-09-27T22:36:17.088-0400] {logging_mixin.py:151} INFO - [2023-09-27T22:36:17.087-0400] {dagbag.py:539} INFO - Filling up the DagBag from /home/beau/airflow/py_env/lib/python3.10/site-packages/airflow/example_dags/example_xcomargs.py
[2023-09-27T22:36:17.208-0400] {processor.py:839} INFO - DAG(s) dict_keys(['example_xcom_args', 'example_xcom_args_with_operators']) retrieved from /home/beau/airflow/py_env/lib/python3.10/site-packages/airflow/example_dags/example_xcomargs.py
[2023-09-27T22:36:17.220-0400] {logging_mixin.py:151} INFO - [2023-09-27T22:36:17.219-0400] {dag.py:2915} INFO - Sync 2 DAGs
[2023-09-27T22:36:17.228-0400] {logging_mixin.py:151} INFO - [2023-09-27T22:36:17.228-0400] {dag.py:3696} INFO - Setting next_dagrun for example_xcom_args to None, run_after=None
[2023-09-27T22:36:17.230-0400] {logging_mixin.py:151} INFO - [2023-09-27T22:36:17.230-0400] {dag.py:3696} INFO - Setting next_dagrun for example_xcom_args_with_operators to None, run_after=None
[2023-09-27T22:36:17.253-0400] {processor.py:179} INFO - Processing /home/beau/airflow/py_env/lib/python3.10/site-packages/airflow/example_dags/example_xcomargs.py took 0.176 seconds
[2023-09-27T22:37:02.496-0400] {processor.py:157} INFO - Started process (PID=10633) to work on /home/beau/airflow/py_env/lib/python3.10/site-packages/airflow/example_dags/example_xcomargs.py
[2023-09-27T22:37:02.500-0400] {processor.py:829} INFO - Processing file /home/beau/airflow/py_env/lib/python3.10/site-packages/airflow/example_dags/example_xcomargs.py for tasks to queue
[2023-09-27T22:37:02.502-0400] {logging_mixin.py:151} INFO - [2023-09-27T22:37:02.501-0400] {dagbag.py:539} INFO - Filling up the DagBag from /home/beau/airflow/py_env/lib/python3.10/site-packages/airflow/example_dags/example_xcomargs.py
[2023-09-27T22:37:02.515-0400] {processor.py:839} INFO - DAG(s) dict_keys(['example_xcom_args_with_operators', 'example_xcom_args']) retrieved from /home/beau/airflow/py_env/lib/python3.10/site-packages/airflow/example_dags/example_xcomargs.py
[2023-09-27T22:37:02.537-0400] {logging_mixin.py:151} INFO - [2023-09-27T22:37:02.537-0400] {dag.py:2915} INFO - Sync 2 DAGs
[2023-09-27T22:37:02.550-0400] {logging_mixin.py:151} INFO - [2023-09-27T22:37:02.549-0400] {dag.py:3696} INFO - Setting next_dagrun for example_xcom_args to None, run_after=None
[2023-09-27T22:37:02.552-0400] {logging_mixin.py:151} INFO - [2023-09-27T22:37:02.552-0400] {dag.py:3696} INFO - Setting next_dagrun for example_xcom_args_with_operators to None, run_after=None
[2023-09-27T22:37:02.585-0400] {processor.py:179} INFO - Processing /home/beau/airflow/py_env/lib/python3.10/site-packages/airflow/example_dags/example_xcomargs.py took 0.099 seconds
[2023-09-27T22:37:42.336-0400] {processor.py:157} INFO - Started process (PID=10885) to work on /home/beau/airflow/py_env/lib/python3.10/site-packages/airflow/example_dags/example_xcomargs.py
[2023-09-27T22:37:42.340-0400] {processor.py:829} INFO - Processing file /home/beau/airflow/py_env/lib/python3.10/site-packages/airflow/example_dags/example_xcomargs.py for tasks to queue
[2023-09-27T22:37:42.341-0400] {logging_mixin.py:151} INFO - [2023-09-27T22:37:42.341-0400] {dagbag.py:539} INFO - Filling up the DagBag from /home/beau/airflow/py_env/lib/python3.10/site-packages/airflow/example_dags/example_xcomargs.py
[2023-09-27T22:37:42.351-0400] {processor.py:839} INFO - DAG(s) dict_keys(['example_xcom_args', 'example_xcom_args_with_operators']) retrieved from /home/beau/airflow/py_env/lib/python3.10/site-packages/airflow/example_dags/example_xcomargs.py
[2023-09-27T22:37:42.370-0400] {logging_mixin.py:151} INFO - [2023-09-27T22:37:42.370-0400] {dag.py:2915} INFO - Sync 2 DAGs
[2023-09-27T22:37:42.381-0400] {logging_mixin.py:151} INFO - [2023-09-27T22:37:42.381-0400] {dag.py:3696} INFO - Setting next_dagrun for example_xcom_args to None, run_after=None
[2023-09-27T22:37:42.384-0400] {logging_mixin.py:151} INFO - [2023-09-27T22:37:42.384-0400] {dag.py:3696} INFO - Setting next_dagrun for example_xcom_args_with_operators to None, run_after=None
[2023-09-27T22:37:42.435-0400] {processor.py:179} INFO - Processing /home/beau/airflow/py_env/lib/python3.10/site-packages/airflow/example_dags/example_xcomargs.py took 0.101 seconds
[2023-09-27T22:38:20.946-0400] {processor.py:157} INFO - Started process (PID=11325) to work on /home/beau/airflow/py_env/lib/python3.10/site-packages/airflow/example_dags/example_xcomargs.py
[2023-09-27T22:38:20.951-0400] {processor.py:829} INFO - Processing file /home/beau/airflow/py_env/lib/python3.10/site-packages/airflow/example_dags/example_xcomargs.py for tasks to queue
[2023-09-27T22:38:20.954-0400] {logging_mixin.py:151} INFO - [2023-09-27T22:38:20.953-0400] {dagbag.py:539} INFO - Filling up the DagBag from /home/beau/airflow/py_env/lib/python3.10/site-packages/airflow/example_dags/example_xcomargs.py
[2023-09-27T22:38:20.978-0400] {processor.py:839} INFO - DAG(s) dict_keys(['example_xcom_args_with_operators', 'example_xcom_args']) retrieved from /home/beau/airflow/py_env/lib/python3.10/site-packages/airflow/example_dags/example_xcomargs.py
[2023-09-27T22:38:21.004-0400] {logging_mixin.py:151} INFO - [2023-09-27T22:38:21.004-0400] {dag.py:2915} INFO - Sync 2 DAGs
[2023-09-27T22:38:21.017-0400] {logging_mixin.py:151} INFO - [2023-09-27T22:38:21.017-0400] {dag.py:3696} INFO - Setting next_dagrun for example_xcom_args to None, run_after=None
[2023-09-27T22:38:21.021-0400] {logging_mixin.py:151} INFO - [2023-09-27T22:38:21.020-0400] {dag.py:3696} INFO - Setting next_dagrun for example_xcom_args_with_operators to None, run_after=None
[2023-09-27T22:38:21.045-0400] {processor.py:179} INFO - Processing /home/beau/airflow/py_env/lib/python3.10/site-packages/airflow/example_dags/example_xcomargs.py took 0.102 seconds
[2023-09-27T22:38:59.574-0400] {processor.py:157} INFO - Started process (PID=11682) to work on /home/beau/airflow/py_env/lib/python3.10/site-packages/airflow/example_dags/example_xcomargs.py
[2023-09-27T22:38:59.578-0400] {processor.py:829} INFO - Processing file /home/beau/airflow/py_env/lib/python3.10/site-packages/airflow/example_dags/example_xcomargs.py for tasks to queue
[2023-09-27T22:38:59.580-0400] {logging_mixin.py:151} INFO - [2023-09-27T22:38:59.579-0400] {dagbag.py:539} INFO - Filling up the DagBag from /home/beau/airflow/py_env/lib/python3.10/site-packages/airflow/example_dags/example_xcomargs.py
[2023-09-27T22:38:59.591-0400] {processor.py:839} INFO - DAG(s) dict_keys(['example_xcom_args', 'example_xcom_args_with_operators']) retrieved from /home/beau/airflow/py_env/lib/python3.10/site-packages/airflow/example_dags/example_xcomargs.py
[2023-09-27T22:38:59.608-0400] {logging_mixin.py:151} INFO - [2023-09-27T22:38:59.608-0400] {dag.py:2915} INFO - Sync 2 DAGs
[2023-09-27T22:38:59.618-0400] {logging_mixin.py:151} INFO - [2023-09-27T22:38:59.617-0400] {dag.py:3696} INFO - Setting next_dagrun for example_xcom_args to None, run_after=None
[2023-09-27T22:38:59.621-0400] {logging_mixin.py:151} INFO - [2023-09-27T22:38:59.621-0400] {dag.py:3696} INFO - Setting next_dagrun for example_xcom_args_with_operators to None, run_after=None
[2023-09-27T22:38:59.643-0400] {processor.py:179} INFO - Processing /home/beau/airflow/py_env/lib/python3.10/site-packages/airflow/example_dags/example_xcomargs.py took 0.076 seconds
[2023-09-27T22:39:36.464-0400] {processor.py:157} INFO - Started process (PID=11900) to work on /home/beau/airflow/py_env/lib/python3.10/site-packages/airflow/example_dags/example_xcomargs.py
[2023-09-27T22:39:36.466-0400] {processor.py:829} INFO - Processing file /home/beau/airflow/py_env/lib/python3.10/site-packages/airflow/example_dags/example_xcomargs.py for tasks to queue
[2023-09-27T22:39:36.467-0400] {logging_mixin.py:151} INFO - [2023-09-27T22:39:36.467-0400] {dagbag.py:539} INFO - Filling up the DagBag from /home/beau/airflow/py_env/lib/python3.10/site-packages/airflow/example_dags/example_xcomargs.py
[2023-09-27T22:39:36.478-0400] {processor.py:839} INFO - DAG(s) dict_keys(['example_xcom_args_with_operators', 'example_xcom_args']) retrieved from /home/beau/airflow/py_env/lib/python3.10/site-packages/airflow/example_dags/example_xcomargs.py
[2023-09-27T22:39:36.500-0400] {logging_mixin.py:151} INFO - [2023-09-27T22:39:36.500-0400] {dag.py:2915} INFO - Sync 2 DAGs
[2023-09-27T22:39:36.513-0400] {logging_mixin.py:151} INFO - [2023-09-27T22:39:36.513-0400] {dag.py:3696} INFO - Setting next_dagrun for example_xcom_args to None, run_after=None
[2023-09-27T22:39:36.516-0400] {logging_mixin.py:151} INFO - [2023-09-27T22:39:36.516-0400] {dag.py:3696} INFO - Setting next_dagrun for example_xcom_args_with_operators to None, run_after=None
[2023-09-27T22:39:36.542-0400] {processor.py:179} INFO - Processing /home/beau/airflow/py_env/lib/python3.10/site-packages/airflow/example_dags/example_xcomargs.py took 0.083 seconds
[2023-09-27T22:40:17.851-0400] {processor.py:157} INFO - Started process (PID=12107) to work on /home/beau/airflow/py_env/lib/python3.10/site-packages/airflow/example_dags/example_xcomargs.py
[2023-09-27T22:40:17.855-0400] {processor.py:829} INFO - Processing file /home/beau/airflow/py_env/lib/python3.10/site-packages/airflow/example_dags/example_xcomargs.py for tasks to queue
[2023-09-27T22:40:17.857-0400] {logging_mixin.py:151} INFO - [2023-09-27T22:40:17.856-0400] {dagbag.py:539} INFO - Filling up the DagBag from /home/beau/airflow/py_env/lib/python3.10/site-packages/airflow/example_dags/example_xcomargs.py
[2023-09-27T22:40:17.877-0400] {processor.py:839} INFO - DAG(s) dict_keys(['example_xcom_args', 'example_xcom_args_with_operators']) retrieved from /home/beau/airflow/py_env/lib/python3.10/site-packages/airflow/example_dags/example_xcomargs.py
[2023-09-27T22:40:17.903-0400] {logging_mixin.py:151} INFO - [2023-09-27T22:40:17.903-0400] {dag.py:2915} INFO - Sync 2 DAGs
[2023-09-27T22:40:17.916-0400] {logging_mixin.py:151} INFO - [2023-09-27T22:40:17.916-0400] {dag.py:3696} INFO - Setting next_dagrun for example_xcom_args to None, run_after=None
[2023-09-27T22:40:17.919-0400] {logging_mixin.py:151} INFO - [2023-09-27T22:40:17.919-0400] {dag.py:3696} INFO - Setting next_dagrun for example_xcom_args_with_operators to None, run_after=None
[2023-09-27T22:40:17.950-0400] {processor.py:179} INFO - Processing /home/beau/airflow/py_env/lib/python3.10/site-packages/airflow/example_dags/example_xcomargs.py took 0.102 seconds
[2023-09-27T22:40:59.473-0400] {processor.py:157} INFO - Started process (PID=12310) to work on /home/beau/airflow/py_env/lib/python3.10/site-packages/airflow/example_dags/example_xcomargs.py
[2023-09-27T22:40:59.478-0400] {processor.py:829} INFO - Processing file /home/beau/airflow/py_env/lib/python3.10/site-packages/airflow/example_dags/example_xcomargs.py for tasks to queue
[2023-09-27T22:40:59.481-0400] {logging_mixin.py:151} INFO - [2023-09-27T22:40:59.480-0400] {dagbag.py:539} INFO - Filling up the DagBag from /home/beau/airflow/py_env/lib/python3.10/site-packages/airflow/example_dags/example_xcomargs.py
[2023-09-27T22:40:59.491-0400] {processor.py:839} INFO - DAG(s) dict_keys(['example_xcom_args', 'example_xcom_args_with_operators']) retrieved from /home/beau/airflow/py_env/lib/python3.10/site-packages/airflow/example_dags/example_xcomargs.py
[2023-09-27T22:40:59.515-0400] {logging_mixin.py:151} INFO - [2023-09-27T22:40:59.515-0400] {dag.py:2915} INFO - Sync 2 DAGs
[2023-09-27T22:40:59.526-0400] {logging_mixin.py:151} INFO - [2023-09-27T22:40:59.525-0400] {dag.py:3696} INFO - Setting next_dagrun for example_xcom_args to None, run_after=None
[2023-09-27T22:40:59.532-0400] {logging_mixin.py:151} INFO - [2023-09-27T22:40:59.532-0400] {dag.py:3696} INFO - Setting next_dagrun for example_xcom_args_with_operators to None, run_after=None
[2023-09-27T22:40:59.567-0400] {processor.py:179} INFO - Processing /home/beau/airflow/py_env/lib/python3.10/site-packages/airflow/example_dags/example_xcomargs.py took 0.098 seconds
[2023-09-27T22:41:38.352-0400] {processor.py:157} INFO - Started process (PID=12513) to work on /home/beau/airflow/py_env/lib/python3.10/site-packages/airflow/example_dags/example_xcomargs.py
[2023-09-27T22:41:38.356-0400] {processor.py:829} INFO - Processing file /home/beau/airflow/py_env/lib/python3.10/site-packages/airflow/example_dags/example_xcomargs.py for tasks to queue
[2023-09-27T22:41:38.357-0400] {logging_mixin.py:151} INFO - [2023-09-27T22:41:38.357-0400] {dagbag.py:539} INFO - Filling up the DagBag from /home/beau/airflow/py_env/lib/python3.10/site-packages/airflow/example_dags/example_xcomargs.py
[2023-09-27T22:41:38.369-0400] {processor.py:839} INFO - DAG(s) dict_keys(['example_xcom_args_with_operators', 'example_xcom_args']) retrieved from /home/beau/airflow/py_env/lib/python3.10/site-packages/airflow/example_dags/example_xcomargs.py
[2023-09-27T22:41:38.392-0400] {logging_mixin.py:151} INFO - [2023-09-27T22:41:38.392-0400] {dag.py:2915} INFO - Sync 2 DAGs
[2023-09-27T22:41:38.404-0400] {logging_mixin.py:151} INFO - [2023-09-27T22:41:38.404-0400] {dag.py:3696} INFO - Setting next_dagrun for example_xcom_args to None, run_after=None
[2023-09-27T22:41:38.407-0400] {logging_mixin.py:151} INFO - [2023-09-27T22:41:38.407-0400] {dag.py:3696} INFO - Setting next_dagrun for example_xcom_args_with_operators to None, run_after=None
[2023-09-27T22:41:38.429-0400] {processor.py:179} INFO - Processing /home/beau/airflow/py_env/lib/python3.10/site-packages/airflow/example_dags/example_xcomargs.py took 0.084 seconds
[2023-09-27T22:42:17.836-0400] {processor.py:157} INFO - Started process (PID=12828) to work on /home/beau/airflow/py_env/lib/python3.10/site-packages/airflow/example_dags/example_xcomargs.py
[2023-09-27T22:42:17.839-0400] {processor.py:829} INFO - Processing file /home/beau/airflow/py_env/lib/python3.10/site-packages/airflow/example_dags/example_xcomargs.py for tasks to queue
[2023-09-27T22:42:17.840-0400] {logging_mixin.py:151} INFO - [2023-09-27T22:42:17.840-0400] {dagbag.py:539} INFO - Filling up the DagBag from /home/beau/airflow/py_env/lib/python3.10/site-packages/airflow/example_dags/example_xcomargs.py
[2023-09-27T22:42:17.848-0400] {processor.py:839} INFO - DAG(s) dict_keys(['example_xcom_args', 'example_xcom_args_with_operators']) retrieved from /home/beau/airflow/py_env/lib/python3.10/site-packages/airflow/example_dags/example_xcomargs.py
[2023-09-27T22:42:17.867-0400] {logging_mixin.py:151} INFO - [2023-09-27T22:42:17.866-0400] {dag.py:2915} INFO - Sync 2 DAGs
[2023-09-27T22:42:17.881-0400] {logging_mixin.py:151} INFO - [2023-09-27T22:42:17.881-0400] {dag.py:3696} INFO - Setting next_dagrun for example_xcom_args to None, run_after=None
[2023-09-27T22:42:17.885-0400] {logging_mixin.py:151} INFO - [2023-09-27T22:42:17.884-0400] {dag.py:3696} INFO - Setting next_dagrun for example_xcom_args_with_operators to None, run_after=None
[2023-09-27T22:42:17.909-0400] {processor.py:179} INFO - Processing /home/beau/airflow/py_env/lib/python3.10/site-packages/airflow/example_dags/example_xcomargs.py took 0.077 seconds
[2023-09-27T22:42:56.598-0400] {processor.py:157} INFO - Started process (PID=13245) to work on /home/beau/airflow/py_env/lib/python3.10/site-packages/airflow/example_dags/example_xcomargs.py
[2023-09-27T22:42:56.600-0400] {processor.py:829} INFO - Processing file /home/beau/airflow/py_env/lib/python3.10/site-packages/airflow/example_dags/example_xcomargs.py for tasks to queue
[2023-09-27T22:42:56.601-0400] {logging_mixin.py:151} INFO - [2023-09-27T22:42:56.600-0400] {dagbag.py:539} INFO - Filling up the DagBag from /home/beau/airflow/py_env/lib/python3.10/site-packages/airflow/example_dags/example_xcomargs.py
[2023-09-27T22:42:56.613-0400] {processor.py:839} INFO - DAG(s) dict_keys(['example_xcom_args_with_operators', 'example_xcom_args']) retrieved from /home/beau/airflow/py_env/lib/python3.10/site-packages/airflow/example_dags/example_xcomargs.py
[2023-09-27T22:42:56.631-0400] {logging_mixin.py:151} INFO - [2023-09-27T22:42:56.631-0400] {dag.py:2915} INFO - Sync 2 DAGs
[2023-09-27T22:42:56.642-0400] {logging_mixin.py:151} INFO - [2023-09-27T22:42:56.642-0400] {dag.py:3696} INFO - Setting next_dagrun for example_xcom_args to None, run_after=None
[2023-09-27T22:42:56.645-0400] {logging_mixin.py:151} INFO - [2023-09-27T22:42:56.645-0400] {dag.py:3696} INFO - Setting next_dagrun for example_xcom_args_with_operators to None, run_after=None
[2023-09-27T22:42:56.667-0400] {processor.py:179} INFO - Processing /home/beau/airflow/py_env/lib/python3.10/site-packages/airflow/example_dags/example_xcomargs.py took 0.073 seconds
[2023-09-27T22:43:31.789-0400] {processor.py:157} INFO - Started process (PID=13389) to work on /home/beau/airflow/py_env/lib/python3.10/site-packages/airflow/example_dags/example_xcomargs.py
[2023-09-27T22:43:31.793-0400] {processor.py:829} INFO - Processing file /home/beau/airflow/py_env/lib/python3.10/site-packages/airflow/example_dags/example_xcomargs.py for tasks to queue
[2023-09-27T22:43:31.794-0400] {logging_mixin.py:151} INFO - [2023-09-27T22:43:31.794-0400] {dagbag.py:539} INFO - Filling up the DagBag from /home/beau/airflow/py_env/lib/python3.10/site-packages/airflow/example_dags/example_xcomargs.py
[2023-09-27T22:43:31.808-0400] {processor.py:839} INFO - DAG(s) dict_keys(['example_xcom_args', 'example_xcom_args_with_operators']) retrieved from /home/beau/airflow/py_env/lib/python3.10/site-packages/airflow/example_dags/example_xcomargs.py
[2023-09-27T22:43:31.851-0400] {logging_mixin.py:151} INFO - [2023-09-27T22:43:31.851-0400] {dag.py:2915} INFO - Sync 2 DAGs
[2023-09-27T22:43:31.866-0400] {logging_mixin.py:151} INFO - [2023-09-27T22:43:31.866-0400] {dag.py:3696} INFO - Setting next_dagrun for example_xcom_args to None, run_after=None
[2023-09-27T22:43:31.869-0400] {logging_mixin.py:151} INFO - [2023-09-27T22:43:31.869-0400] {dag.py:3696} INFO - Setting next_dagrun for example_xcom_args_with_operators to None, run_after=None
[2023-09-27T22:43:31.898-0400] {processor.py:179} INFO - Processing /home/beau/airflow/py_env/lib/python3.10/site-packages/airflow/example_dags/example_xcomargs.py took 0.113 seconds
[2023-09-27T22:44:12.646-0400] {processor.py:157} INFO - Started process (PID=13752) to work on /home/beau/airflow/py_env/lib/python3.10/site-packages/airflow/example_dags/example_xcomargs.py
[2023-09-27T22:44:12.651-0400] {processor.py:829} INFO - Processing file /home/beau/airflow/py_env/lib/python3.10/site-packages/airflow/example_dags/example_xcomargs.py for tasks to queue
[2023-09-27T22:44:12.652-0400] {logging_mixin.py:151} INFO - [2023-09-27T22:44:12.652-0400] {dagbag.py:539} INFO - Filling up the DagBag from /home/beau/airflow/py_env/lib/python3.10/site-packages/airflow/example_dags/example_xcomargs.py
[2023-09-27T22:44:12.666-0400] {processor.py:839} INFO - DAG(s) dict_keys(['example_xcom_args', 'example_xcom_args_with_operators']) retrieved from /home/beau/airflow/py_env/lib/python3.10/site-packages/airflow/example_dags/example_xcomargs.py
[2023-09-27T22:44:12.684-0400] {logging_mixin.py:151} INFO - [2023-09-27T22:44:12.684-0400] {dag.py:2915} INFO - Sync 2 DAGs
[2023-09-27T22:44:12.694-0400] {logging_mixin.py:151} INFO - [2023-09-27T22:44:12.694-0400] {dag.py:3696} INFO - Setting next_dagrun for example_xcom_args to None, run_after=None
[2023-09-27T22:44:12.698-0400] {logging_mixin.py:151} INFO - [2023-09-27T22:44:12.697-0400] {dag.py:3696} INFO - Setting next_dagrun for example_xcom_args_with_operators to None, run_after=None
[2023-09-27T22:44:12.719-0400] {processor.py:179} INFO - Processing /home/beau/airflow/py_env/lib/python3.10/site-packages/airflow/example_dags/example_xcomargs.py took 0.079 seconds
[2023-09-27T22:44:52.512-0400] {processor.py:157} INFO - Started process (PID=14117) to work on /home/beau/airflow/py_env/lib/python3.10/site-packages/airflow/example_dags/example_xcomargs.py
[2023-09-27T22:44:52.516-0400] {processor.py:829} INFO - Processing file /home/beau/airflow/py_env/lib/python3.10/site-packages/airflow/example_dags/example_xcomargs.py for tasks to queue
[2023-09-27T22:44:52.517-0400] {logging_mixin.py:151} INFO - [2023-09-27T22:44:52.516-0400] {dagbag.py:539} INFO - Filling up the DagBag from /home/beau/airflow/py_env/lib/python3.10/site-packages/airflow/example_dags/example_xcomargs.py
[2023-09-27T22:44:52.524-0400] {processor.py:839} INFO - DAG(s) dict_keys(['example_xcom_args_with_operators', 'example_xcom_args']) retrieved from /home/beau/airflow/py_env/lib/python3.10/site-packages/airflow/example_dags/example_xcomargs.py
[2023-09-27T22:44:52.541-0400] {logging_mixin.py:151} INFO - [2023-09-27T22:44:52.541-0400] {dag.py:2915} INFO - Sync 2 DAGs
[2023-09-27T22:44:52.552-0400] {logging_mixin.py:151} INFO - [2023-09-27T22:44:52.552-0400] {dag.py:3696} INFO - Setting next_dagrun for example_xcom_args to None, run_after=None
[2023-09-27T22:44:52.554-0400] {logging_mixin.py:151} INFO - [2023-09-27T22:44:52.554-0400] {dag.py:3696} INFO - Setting next_dagrun for example_xcom_args_with_operators to None, run_after=None
[2023-09-27T22:44:52.579-0400] {processor.py:179} INFO - Processing /home/beau/airflow/py_env/lib/python3.10/site-packages/airflow/example_dags/example_xcomargs.py took 0.071 seconds
[2023-09-27T22:45:27.734-0400] {processor.py:157} INFO - Started process (PID=14381) to work on /home/beau/airflow/py_env/lib/python3.10/site-packages/airflow/example_dags/example_xcomargs.py
[2023-09-27T22:45:27.737-0400] {processor.py:829} INFO - Processing file /home/beau/airflow/py_env/lib/python3.10/site-packages/airflow/example_dags/example_xcomargs.py for tasks to queue
[2023-09-27T22:45:27.739-0400] {logging_mixin.py:151} INFO - [2023-09-27T22:45:27.738-0400] {dagbag.py:539} INFO - Filling up the DagBag from /home/beau/airflow/py_env/lib/python3.10/site-packages/airflow/example_dags/example_xcomargs.py
[2023-09-27T22:45:27.754-0400] {processor.py:839} INFO - DAG(s) dict_keys(['example_xcom_args_with_operators', 'example_xcom_args']) retrieved from /home/beau/airflow/py_env/lib/python3.10/site-packages/airflow/example_dags/example_xcomargs.py
[2023-09-27T22:45:27.784-0400] {logging_mixin.py:151} INFO - [2023-09-27T22:45:27.784-0400] {dag.py:2915} INFO - Sync 2 DAGs
[2023-09-27T22:45:27.796-0400] {logging_mixin.py:151} INFO - [2023-09-27T22:45:27.795-0400] {dag.py:3696} INFO - Setting next_dagrun for example_xcom_args to None, run_after=None
[2023-09-27T22:45:27.798-0400] {logging_mixin.py:151} INFO - [2023-09-27T22:45:27.798-0400] {dag.py:3696} INFO - Setting next_dagrun for example_xcom_args_with_operators to None, run_after=None
[2023-09-27T22:45:27.828-0400] {processor.py:179} INFO - Processing /home/beau/airflow/py_env/lib/python3.10/site-packages/airflow/example_dags/example_xcomargs.py took 0.100 seconds
[2023-09-27T22:46:07.092-0400] {processor.py:157} INFO - Started process (PID=14921) to work on /home/beau/airflow/py_env/lib/python3.10/site-packages/airflow/example_dags/example_xcomargs.py
[2023-09-27T22:46:07.096-0400] {processor.py:829} INFO - Processing file /home/beau/airflow/py_env/lib/python3.10/site-packages/airflow/example_dags/example_xcomargs.py for tasks to queue
[2023-09-27T22:46:07.097-0400] {logging_mixin.py:151} INFO - [2023-09-27T22:46:07.097-0400] {dagbag.py:539} INFO - Filling up the DagBag from /home/beau/airflow/py_env/lib/python3.10/site-packages/airflow/example_dags/example_xcomargs.py
[2023-09-27T22:46:07.109-0400] {processor.py:839} INFO - DAG(s) dict_keys(['example_xcom_args_with_operators', 'example_xcom_args']) retrieved from /home/beau/airflow/py_env/lib/python3.10/site-packages/airflow/example_dags/example_xcomargs.py
[2023-09-27T22:46:07.129-0400] {logging_mixin.py:151} INFO - [2023-09-27T22:46:07.129-0400] {dag.py:2915} INFO - Sync 2 DAGs
[2023-09-27T22:46:07.140-0400] {logging_mixin.py:151} INFO - [2023-09-27T22:46:07.140-0400] {dag.py:3696} INFO - Setting next_dagrun for example_xcom_args to None, run_after=None
[2023-09-27T22:46:07.143-0400] {logging_mixin.py:151} INFO - [2023-09-27T22:46:07.143-0400] {dag.py:3696} INFO - Setting next_dagrun for example_xcom_args_with_operators to None, run_after=None
[2023-09-27T22:46:07.165-0400] {processor.py:179} INFO - Processing /home/beau/airflow/py_env/lib/python3.10/site-packages/airflow/example_dags/example_xcomargs.py took 0.078 seconds
[2023-09-27T22:46:48.518-0400] {processor.py:157} INFO - Started process (PID=15479) to work on /home/beau/airflow/py_env/lib/python3.10/site-packages/airflow/example_dags/example_xcomargs.py
[2023-09-27T22:46:48.523-0400] {processor.py:829} INFO - Processing file /home/beau/airflow/py_env/lib/python3.10/site-packages/airflow/example_dags/example_xcomargs.py for tasks to queue
[2023-09-27T22:46:48.525-0400] {logging_mixin.py:151} INFO - [2023-09-27T22:46:48.524-0400] {dagbag.py:539} INFO - Filling up the DagBag from /home/beau/airflow/py_env/lib/python3.10/site-packages/airflow/example_dags/example_xcomargs.py
[2023-09-27T22:46:48.538-0400] {processor.py:839} INFO - DAG(s) dict_keys(['example_xcom_args_with_operators', 'example_xcom_args']) retrieved from /home/beau/airflow/py_env/lib/python3.10/site-packages/airflow/example_dags/example_xcomargs.py
[2023-09-27T22:46:48.560-0400] {logging_mixin.py:151} INFO - [2023-09-27T22:46:48.560-0400] {dag.py:2915} INFO - Sync 2 DAGs
[2023-09-27T22:46:48.570-0400] {logging_mixin.py:151} INFO - [2023-09-27T22:46:48.570-0400] {dag.py:3696} INFO - Setting next_dagrun for example_xcom_args to None, run_after=None
[2023-09-27T22:46:48.572-0400] {logging_mixin.py:151} INFO - [2023-09-27T22:46:48.572-0400] {dag.py:3696} INFO - Setting next_dagrun for example_xcom_args_with_operators to None, run_after=None
[2023-09-27T22:46:48.596-0400] {processor.py:179} INFO - Processing /home/beau/airflow/py_env/lib/python3.10/site-packages/airflow/example_dags/example_xcomargs.py took 0.085 seconds
[2023-09-27T22:47:28.641-0400] {processor.py:157} INFO - Started process (PID=15894) to work on /home/beau/airflow/py_env/lib/python3.10/site-packages/airflow/example_dags/example_xcomargs.py
[2023-09-27T22:47:28.646-0400] {processor.py:829} INFO - Processing file /home/beau/airflow/py_env/lib/python3.10/site-packages/airflow/example_dags/example_xcomargs.py for tasks to queue
[2023-09-27T22:47:28.648-0400] {logging_mixin.py:151} INFO - [2023-09-27T22:47:28.647-0400] {dagbag.py:539} INFO - Filling up the DagBag from /home/beau/airflow/py_env/lib/python3.10/site-packages/airflow/example_dags/example_xcomargs.py
[2023-09-27T22:47:28.660-0400] {processor.py:839} INFO - DAG(s) dict_keys(['example_xcom_args_with_operators', 'example_xcom_args']) retrieved from /home/beau/airflow/py_env/lib/python3.10/site-packages/airflow/example_dags/example_xcomargs.py
[2023-09-27T22:47:28.677-0400] {logging_mixin.py:151} INFO - [2023-09-27T22:47:28.677-0400] {dag.py:2915} INFO - Sync 2 DAGs
[2023-09-27T22:47:28.688-0400] {logging_mixin.py:151} INFO - [2023-09-27T22:47:28.687-0400] {dag.py:3696} INFO - Setting next_dagrun for example_xcom_args to None, run_after=None
[2023-09-27T22:47:28.690-0400] {logging_mixin.py:151} INFO - [2023-09-27T22:47:28.690-0400] {dag.py:3696} INFO - Setting next_dagrun for example_xcom_args_with_operators to None, run_after=None
[2023-09-27T22:47:28.714-0400] {processor.py:179} INFO - Processing /home/beau/airflow/py_env/lib/python3.10/site-packages/airflow/example_dags/example_xcomargs.py took 0.079 seconds
[2023-09-27T22:48:07.572-0400] {processor.py:157} INFO - Started process (PID=16334) to work on /home/beau/airflow/py_env/lib/python3.10/site-packages/airflow/example_dags/example_xcomargs.py
[2023-09-27T22:48:07.576-0400] {processor.py:829} INFO - Processing file /home/beau/airflow/py_env/lib/python3.10/site-packages/airflow/example_dags/example_xcomargs.py for tasks to queue
[2023-09-27T22:48:07.577-0400] {logging_mixin.py:151} INFO - [2023-09-27T22:48:07.576-0400] {dagbag.py:539} INFO - Filling up the DagBag from /home/beau/airflow/py_env/lib/python3.10/site-packages/airflow/example_dags/example_xcomargs.py
[2023-09-27T22:48:07.590-0400] {processor.py:839} INFO - DAG(s) dict_keys(['example_xcom_args_with_operators', 'example_xcom_args']) retrieved from /home/beau/airflow/py_env/lib/python3.10/site-packages/airflow/example_dags/example_xcomargs.py
[2023-09-27T22:48:07.610-0400] {logging_mixin.py:151} INFO - [2023-09-27T22:48:07.610-0400] {dag.py:2915} INFO - Sync 2 DAGs
[2023-09-27T22:48:07.621-0400] {logging_mixin.py:151} INFO - [2023-09-27T22:48:07.621-0400] {dag.py:3696} INFO - Setting next_dagrun for example_xcom_args to None, run_after=None
[2023-09-27T22:48:07.624-0400] {logging_mixin.py:151} INFO - [2023-09-27T22:48:07.624-0400] {dag.py:3696} INFO - Setting next_dagrun for example_xcom_args_with_operators to None, run_after=None
[2023-09-27T22:48:07.646-0400] {processor.py:179} INFO - Processing /home/beau/airflow/py_env/lib/python3.10/site-packages/airflow/example_dags/example_xcomargs.py took 0.079 seconds
[2023-09-27T22:48:47.829-0400] {processor.py:157} INFO - Started process (PID=16714) to work on /home/beau/airflow/py_env/lib/python3.10/site-packages/airflow/example_dags/example_xcomargs.py
[2023-09-27T22:48:47.834-0400] {processor.py:829} INFO - Processing file /home/beau/airflow/py_env/lib/python3.10/site-packages/airflow/example_dags/example_xcomargs.py for tasks to queue
[2023-09-27T22:48:47.835-0400] {logging_mixin.py:151} INFO - [2023-09-27T22:48:47.835-0400] {dagbag.py:539} INFO - Filling up the DagBag from /home/beau/airflow/py_env/lib/python3.10/site-packages/airflow/example_dags/example_xcomargs.py
[2023-09-27T22:48:47.843-0400] {processor.py:839} INFO - DAG(s) dict_keys(['example_xcom_args_with_operators', 'example_xcom_args']) retrieved from /home/beau/airflow/py_env/lib/python3.10/site-packages/airflow/example_dags/example_xcomargs.py
[2023-09-27T22:48:47.861-0400] {logging_mixin.py:151} INFO - [2023-09-27T22:48:47.860-0400] {dag.py:2915} INFO - Sync 2 DAGs
[2023-09-27T22:48:47.871-0400] {logging_mixin.py:151} INFO - [2023-09-27T22:48:47.871-0400] {dag.py:3696} INFO - Setting next_dagrun for example_xcom_args to None, run_after=None
[2023-09-27T22:48:47.874-0400] {logging_mixin.py:151} INFO - [2023-09-27T22:48:47.873-0400] {dag.py:3696} INFO - Setting next_dagrun for example_xcom_args_with_operators to None, run_after=None
[2023-09-27T22:48:47.896-0400] {processor.py:179} INFO - Processing /home/beau/airflow/py_env/lib/python3.10/site-packages/airflow/example_dags/example_xcomargs.py took 0.070 seconds
[2023-09-27T22:49:27.751-0400] {processor.py:157} INFO - Started process (PID=17010) to work on /home/beau/airflow/py_env/lib/python3.10/site-packages/airflow/example_dags/example_xcomargs.py
[2023-09-27T22:49:27.756-0400] {processor.py:829} INFO - Processing file /home/beau/airflow/py_env/lib/python3.10/site-packages/airflow/example_dags/example_xcomargs.py for tasks to queue
[2023-09-27T22:49:27.757-0400] {logging_mixin.py:151} INFO - [2023-09-27T22:49:27.757-0400] {dagbag.py:539} INFO - Filling up the DagBag from /home/beau/airflow/py_env/lib/python3.10/site-packages/airflow/example_dags/example_xcomargs.py
[2023-09-27T22:49:27.765-0400] {processor.py:839} INFO - DAG(s) dict_keys(['example_xcom_args', 'example_xcom_args_with_operators']) retrieved from /home/beau/airflow/py_env/lib/python3.10/site-packages/airflow/example_dags/example_xcomargs.py
[2023-09-27T22:49:27.783-0400] {logging_mixin.py:151} INFO - [2023-09-27T22:49:27.783-0400] {dag.py:2915} INFO - Sync 2 DAGs
[2023-09-27T22:49:27.794-0400] {logging_mixin.py:151} INFO - [2023-09-27T22:49:27.794-0400] {dag.py:3696} INFO - Setting next_dagrun for example_xcom_args to None, run_after=None
[2023-09-27T22:49:27.797-0400] {logging_mixin.py:151} INFO - [2023-09-27T22:49:27.797-0400] {dag.py:3696} INFO - Setting next_dagrun for example_xcom_args_with_operators to None, run_after=None
[2023-09-27T22:49:27.819-0400] {processor.py:179} INFO - Processing /home/beau/airflow/py_env/lib/python3.10/site-packages/airflow/example_dags/example_xcomargs.py took 0.077 seconds
[2023-09-27T22:50:04.422-0400] {processor.py:157} INFO - Started process (PID=17197) to work on /home/beau/airflow/py_env/lib/python3.10/site-packages/airflow/example_dags/example_xcomargs.py
[2023-09-27T22:50:04.426-0400] {processor.py:829} INFO - Processing file /home/beau/airflow/py_env/lib/python3.10/site-packages/airflow/example_dags/example_xcomargs.py for tasks to queue
[2023-09-27T22:50:04.428-0400] {logging_mixin.py:151} INFO - [2023-09-27T22:50:04.428-0400] {dagbag.py:539} INFO - Filling up the DagBag from /home/beau/airflow/py_env/lib/python3.10/site-packages/airflow/example_dags/example_xcomargs.py
[2023-09-27T22:50:04.447-0400] {processor.py:839} INFO - DAG(s) dict_keys(['example_xcom_args', 'example_xcom_args_with_operators']) retrieved from /home/beau/airflow/py_env/lib/python3.10/site-packages/airflow/example_dags/example_xcomargs.py
[2023-09-27T22:50:04.476-0400] {logging_mixin.py:151} INFO - [2023-09-27T22:50:04.475-0400] {dag.py:2915} INFO - Sync 2 DAGs
[2023-09-27T22:50:04.485-0400] {logging_mixin.py:151} INFO - [2023-09-27T22:50:04.485-0400] {dag.py:3696} INFO - Setting next_dagrun for example_xcom_args to None, run_after=None
[2023-09-27T22:50:04.487-0400] {logging_mixin.py:151} INFO - [2023-09-27T22:50:04.487-0400] {dag.py:3696} INFO - Setting next_dagrun for example_xcom_args_with_operators to None, run_after=None
[2023-09-27T22:50:04.511-0400] {processor.py:179} INFO - Processing /home/beau/airflow/py_env/lib/python3.10/site-packages/airflow/example_dags/example_xcomargs.py took 0.096 seconds
[2023-09-27T22:50:42.625-0400] {processor.py:157} INFO - Started process (PID=17332) to work on /home/beau/airflow/py_env/lib/python3.10/site-packages/airflow/example_dags/example_xcomargs.py
[2023-09-27T22:50:42.627-0400] {processor.py:829} INFO - Processing file /home/beau/airflow/py_env/lib/python3.10/site-packages/airflow/example_dags/example_xcomargs.py for tasks to queue
[2023-09-27T22:50:42.628-0400] {logging_mixin.py:151} INFO - [2023-09-27T22:50:42.628-0400] {dagbag.py:539} INFO - Filling up the DagBag from /home/beau/airflow/py_env/lib/python3.10/site-packages/airflow/example_dags/example_xcomargs.py
[2023-09-27T22:50:42.638-0400] {processor.py:839} INFO - DAG(s) dict_keys(['example_xcom_args_with_operators', 'example_xcom_args']) retrieved from /home/beau/airflow/py_env/lib/python3.10/site-packages/airflow/example_dags/example_xcomargs.py
[2023-09-27T22:50:42.657-0400] {logging_mixin.py:151} INFO - [2023-09-27T22:50:42.657-0400] {dag.py:2915} INFO - Sync 2 DAGs
[2023-09-27T22:50:42.667-0400] {logging_mixin.py:151} INFO - [2023-09-27T22:50:42.666-0400] {dag.py:3696} INFO - Setting next_dagrun for example_xcom_args to None, run_after=None
[2023-09-27T22:50:42.669-0400] {logging_mixin.py:151} INFO - [2023-09-27T22:50:42.669-0400] {dag.py:3696} INFO - Setting next_dagrun for example_xcom_args_with_operators to None, run_after=None
[2023-09-27T22:50:42.700-0400] {processor.py:179} INFO - Processing /home/beau/airflow/py_env/lib/python3.10/site-packages/airflow/example_dags/example_xcomargs.py took 0.079 seconds
[2023-09-27T22:51:18.512-0400] {processor.py:157} INFO - Started process (PID=17513) to work on /home/beau/airflow/py_env/lib/python3.10/site-packages/airflow/example_dags/example_xcomargs.py
[2023-09-27T22:51:18.516-0400] {processor.py:829} INFO - Processing file /home/beau/airflow/py_env/lib/python3.10/site-packages/airflow/example_dags/example_xcomargs.py for tasks to queue
[2023-09-27T22:51:18.518-0400] {logging_mixin.py:151} INFO - [2023-09-27T22:51:18.517-0400] {dagbag.py:539} INFO - Filling up the DagBag from /home/beau/airflow/py_env/lib/python3.10/site-packages/airflow/example_dags/example_xcomargs.py
[2023-09-27T22:51:18.530-0400] {processor.py:839} INFO - DAG(s) dict_keys(['example_xcom_args_with_operators', 'example_xcom_args']) retrieved from /home/beau/airflow/py_env/lib/python3.10/site-packages/airflow/example_dags/example_xcomargs.py
[2023-09-27T22:51:18.555-0400] {logging_mixin.py:151} INFO - [2023-09-27T22:51:18.555-0400] {dag.py:2915} INFO - Sync 2 DAGs
[2023-09-27T22:51:18.566-0400] {logging_mixin.py:151} INFO - [2023-09-27T22:51:18.566-0400] {dag.py:3696} INFO - Setting next_dagrun for example_xcom_args to None, run_after=None
[2023-09-27T22:51:18.569-0400] {logging_mixin.py:151} INFO - [2023-09-27T22:51:18.569-0400] {dag.py:3696} INFO - Setting next_dagrun for example_xcom_args_with_operators to None, run_after=None
[2023-09-27T22:51:18.591-0400] {processor.py:179} INFO - Processing /home/beau/airflow/py_env/lib/python3.10/site-packages/airflow/example_dags/example_xcomargs.py took 0.087 seconds
[2023-09-27T22:51:56.590-0400] {processor.py:157} INFO - Started process (PID=17706) to work on /home/beau/airflow/py_env/lib/python3.10/site-packages/airflow/example_dags/example_xcomargs.py
[2023-09-27T22:51:56.594-0400] {processor.py:829} INFO - Processing file /home/beau/airflow/py_env/lib/python3.10/site-packages/airflow/example_dags/example_xcomargs.py for tasks to queue
[2023-09-27T22:51:56.596-0400] {logging_mixin.py:151} INFO - [2023-09-27T22:51:56.595-0400] {dagbag.py:539} INFO - Filling up the DagBag from /home/beau/airflow/py_env/lib/python3.10/site-packages/airflow/example_dags/example_xcomargs.py
[2023-09-27T22:51:56.605-0400] {processor.py:839} INFO - DAG(s) dict_keys(['example_xcom_args', 'example_xcom_args_with_operators']) retrieved from /home/beau/airflow/py_env/lib/python3.10/site-packages/airflow/example_dags/example_xcomargs.py
[2023-09-27T22:51:56.621-0400] {logging_mixin.py:151} INFO - [2023-09-27T22:51:56.621-0400] {dag.py:2915} INFO - Sync 2 DAGs
[2023-09-27T22:51:56.630-0400] {logging_mixin.py:151} INFO - [2023-09-27T22:51:56.630-0400] {dag.py:3696} INFO - Setting next_dagrun for example_xcom_args to None, run_after=None
[2023-09-27T22:51:56.633-0400] {logging_mixin.py:151} INFO - [2023-09-27T22:51:56.633-0400] {dag.py:3696} INFO - Setting next_dagrun for example_xcom_args_with_operators to None, run_after=None
[2023-09-27T22:51:56.654-0400] {processor.py:179} INFO - Processing /home/beau/airflow/py_env/lib/python3.10/site-packages/airflow/example_dags/example_xcomargs.py took 0.068 seconds
[2023-09-27T22:52:33.135-0400] {processor.py:157} INFO - Started process (PID=17833) to work on /home/beau/airflow/py_env/lib/python3.10/site-packages/airflow/example_dags/example_xcomargs.py
[2023-09-27T22:52:33.139-0400] {processor.py:829} INFO - Processing file /home/beau/airflow/py_env/lib/python3.10/site-packages/airflow/example_dags/example_xcomargs.py for tasks to queue
[2023-09-27T22:52:33.141-0400] {logging_mixin.py:151} INFO - [2023-09-27T22:52:33.140-0400] {dagbag.py:539} INFO - Filling up the DagBag from /home/beau/airflow/py_env/lib/python3.10/site-packages/airflow/example_dags/example_xcomargs.py
[2023-09-27T22:52:33.155-0400] {processor.py:839} INFO - DAG(s) dict_keys(['example_xcom_args', 'example_xcom_args_with_operators']) retrieved from /home/beau/airflow/py_env/lib/python3.10/site-packages/airflow/example_dags/example_xcomargs.py
[2023-09-27T22:52:33.181-0400] {logging_mixin.py:151} INFO - [2023-09-27T22:52:33.181-0400] {dag.py:2915} INFO - Sync 2 DAGs
[2023-09-27T22:52:33.190-0400] {logging_mixin.py:151} INFO - [2023-09-27T22:52:33.190-0400] {dag.py:3696} INFO - Setting next_dagrun for example_xcom_args to None, run_after=None
[2023-09-27T22:52:33.193-0400] {logging_mixin.py:151} INFO - [2023-09-27T22:52:33.193-0400] {dag.py:3696} INFO - Setting next_dagrun for example_xcom_args_with_operators to None, run_after=None
[2023-09-27T22:52:33.217-0400] {processor.py:179} INFO - Processing /home/beau/airflow/py_env/lib/python3.10/site-packages/airflow/example_dags/example_xcomargs.py took 0.087 seconds
[2023-09-27T22:53:22.867-0400] {processor.py:157} INFO - Started process (PID=18317) to work on /home/beau/airflow/py_env/lib/python3.10/site-packages/airflow/example_dags/example_xcomargs.py
[2023-09-27T22:53:22.872-0400] {processor.py:829} INFO - Processing file /home/beau/airflow/py_env/lib/python3.10/site-packages/airflow/example_dags/example_xcomargs.py for tasks to queue
[2023-09-27T22:53:22.874-0400] {logging_mixin.py:151} INFO - [2023-09-27T22:53:22.873-0400] {dagbag.py:539} INFO - Filling up the DagBag from /home/beau/airflow/py_env/lib/python3.10/site-packages/airflow/example_dags/example_xcomargs.py
[2023-09-27T22:53:22.882-0400] {processor.py:839} INFO - DAG(s) dict_keys(['example_xcom_args_with_operators', 'example_xcom_args']) retrieved from /home/beau/airflow/py_env/lib/python3.10/site-packages/airflow/example_dags/example_xcomargs.py
[2023-09-27T22:53:22.900-0400] {logging_mixin.py:151} INFO - [2023-09-27T22:53:22.900-0400] {dag.py:2915} INFO - Sync 2 DAGs
[2023-09-27T22:53:22.909-0400] {logging_mixin.py:151} INFO - [2023-09-27T22:53:22.909-0400] {dag.py:3696} INFO - Setting next_dagrun for example_xcom_args to None, run_after=None
[2023-09-27T22:53:22.912-0400] {logging_mixin.py:151} INFO - [2023-09-27T22:53:22.912-0400] {dag.py:3696} INFO - Setting next_dagrun for example_xcom_args_with_operators to None, run_after=None
[2023-09-27T22:53:22.943-0400] {processor.py:179} INFO - Processing /home/beau/airflow/py_env/lib/python3.10/site-packages/airflow/example_dags/example_xcomargs.py took 0.081 seconds
[2023-09-27T22:53:59.108-0400] {processor.py:157} INFO - Started process (PID=18619) to work on /home/beau/airflow/py_env/lib/python3.10/site-packages/airflow/example_dags/example_xcomargs.py
[2023-09-27T22:53:59.110-0400] {processor.py:829} INFO - Processing file /home/beau/airflow/py_env/lib/python3.10/site-packages/airflow/example_dags/example_xcomargs.py for tasks to queue
[2023-09-27T22:53:59.112-0400] {logging_mixin.py:151} INFO - [2023-09-27T22:53:59.112-0400] {dagbag.py:539} INFO - Filling up the DagBag from /home/beau/airflow/py_env/lib/python3.10/site-packages/airflow/example_dags/example_xcomargs.py
[2023-09-27T22:53:59.125-0400] {processor.py:839} INFO - DAG(s) dict_keys(['example_xcom_args_with_operators', 'example_xcom_args']) retrieved from /home/beau/airflow/py_env/lib/python3.10/site-packages/airflow/example_dags/example_xcomargs.py
[2023-09-27T22:53:59.149-0400] {logging_mixin.py:151} INFO - [2023-09-27T22:53:59.149-0400] {dag.py:2915} INFO - Sync 2 DAGs
[2023-09-27T22:53:59.159-0400] {logging_mixin.py:151} INFO - [2023-09-27T22:53:59.159-0400] {dag.py:3696} INFO - Setting next_dagrun for example_xcom_args to None, run_after=None
[2023-09-27T22:53:59.163-0400] {logging_mixin.py:151} INFO - [2023-09-27T22:53:59.162-0400] {dag.py:3696} INFO - Setting next_dagrun for example_xcom_args_with_operators to None, run_after=None
[2023-09-27T22:53:59.186-0400] {processor.py:179} INFO - Processing /home/beau/airflow/py_env/lib/python3.10/site-packages/airflow/example_dags/example_xcomargs.py took 0.083 seconds
