[2023-09-27T22:33:29.551-0400] {processor.py:157} INFO - Started process (PID=8577) to work on /home/beau/airflow/py_env/lib/python3.10/site-packages/airflow/example_dags/example_dag_decorator.py
[2023-09-27T22:33:29.553-0400] {processor.py:829} INFO - Processing file /home/beau/airflow/py_env/lib/python3.10/site-packages/airflow/example_dags/example_dag_decorator.py for tasks to queue
[2023-09-27T22:33:29.556-0400] {logging_mixin.py:151} INFO - [2023-09-27T22:33:29.554-0400] {dagbag.py:539} INFO - Filling up the DagBag from /home/beau/airflow/py_env/lib/python3.10/site-packages/airflow/example_dags/example_dag_decorator.py
[2023-09-27T22:33:29.613-0400] {processor.py:839} INFO - DAG(s) dict_keys(['example_dag_decorator']) retrieved from /home/beau/airflow/py_env/lib/python3.10/site-packages/airflow/example_dags/example_dag_decorator.py
[2023-09-27T22:33:29.788-0400] {logging_mixin.py:151} INFO - [2023-09-27T22:33:29.788-0400] {security.py:708} INFO - Not syncing DAG-level permissions for DAG 'DAG:example_dag_decorator' as access control is unset.
[2023-09-27T22:33:29.789-0400] {logging_mixin.py:151} INFO - [2023-09-27T22:33:29.789-0400] {dag.py:2915} INFO - Sync 1 DAGs
[2023-09-27T22:33:29.796-0400] {logging_mixin.py:151} INFO - [2023-09-27T22:33:29.795-0400] {dag.py:3696} INFO - Setting next_dagrun for example_dag_decorator to None, run_after=None
[2023-09-27T22:33:29.820-0400] {processor.py:179} INFO - Processing /home/beau/airflow/py_env/lib/python3.10/site-packages/airflow/example_dags/example_dag_decorator.py took 0.274 seconds
[2023-09-27T22:34:24.322-0400] {processor.py:157} INFO - Started process (PID=9016) to work on /home/beau/airflow/py_env/lib/python3.10/site-packages/airflow/example_dags/example_dag_decorator.py
[2023-09-27T22:34:24.326-0400] {processor.py:829} INFO - Processing file /home/beau/airflow/py_env/lib/python3.10/site-packages/airflow/example_dags/example_dag_decorator.py for tasks to queue
[2023-09-27T22:34:24.328-0400] {logging_mixin.py:151} INFO - [2023-09-27T22:34:24.327-0400] {dagbag.py:539} INFO - Filling up the DagBag from /home/beau/airflow/py_env/lib/python3.10/site-packages/airflow/example_dags/example_dag_decorator.py
[2023-09-27T22:34:24.389-0400] {processor.py:839} INFO - DAG(s) dict_keys(['example_dag_decorator']) retrieved from /home/beau/airflow/py_env/lib/python3.10/site-packages/airflow/example_dags/example_dag_decorator.py
[2023-09-27T22:34:24.594-0400] {logging_mixin.py:151} INFO - [2023-09-27T22:34:24.594-0400] {security.py:708} INFO - Not syncing DAG-level permissions for DAG 'DAG:example_dag_decorator' as access control is unset.
[2023-09-27T22:34:24.596-0400] {logging_mixin.py:151} INFO - [2023-09-27T22:34:24.595-0400] {dag.py:2915} INFO - Sync 1 DAGs
[2023-09-27T22:34:24.606-0400] {logging_mixin.py:151} INFO - [2023-09-27T22:34:24.605-0400] {dag.py:3696} INFO - Setting next_dagrun for example_dag_decorator to None, run_after=None
[2023-09-27T22:34:24.633-0400] {processor.py:179} INFO - Processing /home/beau/airflow/py_env/lib/python3.10/site-packages/airflow/example_dags/example_dag_decorator.py took 0.317 seconds
[2023-09-27T22:35:17.205-0400] {processor.py:157} INFO - Started process (PID=9516) to work on /home/beau/airflow/py_env/lib/python3.10/site-packages/airflow/example_dags/example_dag_decorator.py
[2023-09-27T22:35:17.208-0400] {processor.py:829} INFO - Processing file /home/beau/airflow/py_env/lib/python3.10/site-packages/airflow/example_dags/example_dag_decorator.py for tasks to queue
[2023-09-27T22:35:17.209-0400] {logging_mixin.py:151} INFO - [2023-09-27T22:35:17.209-0400] {dagbag.py:539} INFO - Filling up the DagBag from /home/beau/airflow/py_env/lib/python3.10/site-packages/airflow/example_dags/example_dag_decorator.py
[2023-09-27T22:35:17.427-0400] {processor.py:839} INFO - DAG(s) dict_keys(['example_dag_decorator']) retrieved from /home/beau/airflow/py_env/lib/python3.10/site-packages/airflow/example_dags/example_dag_decorator.py
[2023-09-27T22:35:17.538-0400] {logging_mixin.py:151} INFO - [2023-09-27T22:35:17.537-0400] {security.py:708} INFO - Not syncing DAG-level permissions for DAG 'DAG:example_dag_decorator' as access control is unset.
[2023-09-27T22:35:17.538-0400] {logging_mixin.py:151} INFO - [2023-09-27T22:35:17.538-0400] {dag.py:2915} INFO - Sync 1 DAGs
[2023-09-27T22:35:17.548-0400] {logging_mixin.py:151} INFO - [2023-09-27T22:35:17.548-0400] {dag.py:3696} INFO - Setting next_dagrun for example_dag_decorator to None, run_after=None
[2023-09-27T22:35:17.576-0400] {processor.py:179} INFO - Processing /home/beau/airflow/py_env/lib/python3.10/site-packages/airflow/example_dags/example_dag_decorator.py took 0.374 seconds
[2023-09-27T22:36:14.367-0400] {processor.py:157} INFO - Started process (PID=10292) to work on /home/beau/airflow/py_env/lib/python3.10/site-packages/airflow/example_dags/example_dag_decorator.py
[2023-09-27T22:36:14.371-0400] {processor.py:829} INFO - Processing file /home/beau/airflow/py_env/lib/python3.10/site-packages/airflow/example_dags/example_dag_decorator.py for tasks to queue
[2023-09-27T22:36:14.373-0400] {logging_mixin.py:151} INFO - [2023-09-27T22:36:14.372-0400] {dagbag.py:539} INFO - Filling up the DagBag from /home/beau/airflow/py_env/lib/python3.10/site-packages/airflow/example_dags/example_dag_decorator.py
[2023-09-27T22:36:14.548-0400] {processor.py:839} INFO - DAG(s) dict_keys(['example_dag_decorator']) retrieved from /home/beau/airflow/py_env/lib/python3.10/site-packages/airflow/example_dags/example_dag_decorator.py
[2023-09-27T22:36:14.622-0400] {logging_mixin.py:151} INFO - [2023-09-27T22:36:14.622-0400] {security.py:708} INFO - Not syncing DAG-level permissions for DAG 'DAG:example_dag_decorator' as access control is unset.
[2023-09-27T22:36:14.622-0400] {logging_mixin.py:151} INFO - [2023-09-27T22:36:14.622-0400] {dag.py:2915} INFO - Sync 1 DAGs
[2023-09-27T22:36:14.631-0400] {logging_mixin.py:151} INFO - [2023-09-27T22:36:14.631-0400] {dag.py:3696} INFO - Setting next_dagrun for example_dag_decorator to None, run_after=None
[2023-09-27T22:36:14.655-0400] {processor.py:179} INFO - Processing /home/beau/airflow/py_env/lib/python3.10/site-packages/airflow/example_dags/example_dag_decorator.py took 0.297 seconds
[2023-09-27T22:37:20.180-0400] {processor.py:157} INFO - Started process (PID=10760) to work on /home/beau/airflow/py_env/lib/python3.10/site-packages/airflow/example_dags/example_dag_decorator.py
[2023-09-27T22:37:20.183-0400] {processor.py:829} INFO - Processing file /home/beau/airflow/py_env/lib/python3.10/site-packages/airflow/example_dags/example_dag_decorator.py for tasks to queue
[2023-09-27T22:37:20.184-0400] {logging_mixin.py:151} INFO - [2023-09-27T22:37:20.184-0400] {dagbag.py:539} INFO - Filling up the DagBag from /home/beau/airflow/py_env/lib/python3.10/site-packages/airflow/example_dags/example_dag_decorator.py
[2023-09-27T22:37:20.256-0400] {processor.py:839} INFO - DAG(s) dict_keys(['example_dag_decorator']) retrieved from /home/beau/airflow/py_env/lib/python3.10/site-packages/airflow/example_dags/example_dag_decorator.py
[2023-09-27T22:37:20.359-0400] {logging_mixin.py:151} INFO - [2023-09-27T22:37:20.358-0400] {security.py:708} INFO - Not syncing DAG-level permissions for DAG 'DAG:example_dag_decorator' as access control is unset.
[2023-09-27T22:37:20.359-0400] {logging_mixin.py:151} INFO - [2023-09-27T22:37:20.359-0400] {dag.py:2915} INFO - Sync 1 DAGs
[2023-09-27T22:37:20.370-0400] {logging_mixin.py:151} INFO - [2023-09-27T22:37:20.370-0400] {dag.py:3696} INFO - Setting next_dagrun for example_dag_decorator to None, run_after=None
[2023-09-27T22:37:20.398-0400] {processor.py:179} INFO - Processing /home/beau/airflow/py_env/lib/python3.10/site-packages/airflow/example_dags/example_dag_decorator.py took 0.225 seconds
[2023-09-27T22:38:18.447-0400] {processor.py:157} INFO - Started process (PID=11294) to work on /home/beau/airflow/py_env/lib/python3.10/site-packages/airflow/example_dags/example_dag_decorator.py
[2023-09-27T22:38:18.449-0400] {processor.py:829} INFO - Processing file /home/beau/airflow/py_env/lib/python3.10/site-packages/airflow/example_dags/example_dag_decorator.py for tasks to queue
[2023-09-27T22:38:18.452-0400] {logging_mixin.py:151} INFO - [2023-09-27T22:38:18.451-0400] {dagbag.py:539} INFO - Filling up the DagBag from /home/beau/airflow/py_env/lib/python3.10/site-packages/airflow/example_dags/example_dag_decorator.py
[2023-09-27T22:38:18.525-0400] {processor.py:839} INFO - DAG(s) dict_keys(['example_dag_decorator']) retrieved from /home/beau/airflow/py_env/lib/python3.10/site-packages/airflow/example_dags/example_dag_decorator.py
[2023-09-27T22:38:18.622-0400] {logging_mixin.py:151} INFO - [2023-09-27T22:38:18.622-0400] {security.py:708} INFO - Not syncing DAG-level permissions for DAG 'DAG:example_dag_decorator' as access control is unset.
[2023-09-27T22:38:18.623-0400] {logging_mixin.py:151} INFO - [2023-09-27T22:38:18.622-0400] {dag.py:2915} INFO - Sync 1 DAGs
[2023-09-27T22:38:18.631-0400] {logging_mixin.py:151} INFO - [2023-09-27T22:38:18.630-0400] {dag.py:3696} INFO - Setting next_dagrun for example_dag_decorator to None, run_after=None
[2023-09-27T22:38:18.665-0400] {processor.py:179} INFO - Processing /home/beau/airflow/py_env/lib/python3.10/site-packages/airflow/example_dags/example_dag_decorator.py took 0.221 seconds
[2023-09-27T22:39:12.790-0400] {processor.py:157} INFO - Started process (PID=11778) to work on /home/beau/airflow/py_env/lib/python3.10/site-packages/airflow/example_dags/example_dag_decorator.py
[2023-09-27T22:39:12.793-0400] {processor.py:829} INFO - Processing file /home/beau/airflow/py_env/lib/python3.10/site-packages/airflow/example_dags/example_dag_decorator.py for tasks to queue
[2023-09-27T22:39:12.794-0400] {logging_mixin.py:151} INFO - [2023-09-27T22:39:12.794-0400] {dagbag.py:539} INFO - Filling up the DagBag from /home/beau/airflow/py_env/lib/python3.10/site-packages/airflow/example_dags/example_dag_decorator.py
[2023-09-27T22:39:12.873-0400] {processor.py:839} INFO - DAG(s) dict_keys(['example_dag_decorator']) retrieved from /home/beau/airflow/py_env/lib/python3.10/site-packages/airflow/example_dags/example_dag_decorator.py
[2023-09-27T22:39:12.978-0400] {logging_mixin.py:151} INFO - [2023-09-27T22:39:12.977-0400] {security.py:708} INFO - Not syncing DAG-level permissions for DAG 'DAG:example_dag_decorator' as access control is unset.
[2023-09-27T22:39:12.978-0400] {logging_mixin.py:151} INFO - [2023-09-27T22:39:12.978-0400] {dag.py:2915} INFO - Sync 1 DAGs
[2023-09-27T22:39:12.991-0400] {logging_mixin.py:151} INFO - [2023-09-27T22:39:12.991-0400] {dag.py:3696} INFO - Setting next_dagrun for example_dag_decorator to None, run_after=None
[2023-09-27T22:39:13.024-0400] {processor.py:179} INFO - Processing /home/beau/airflow/py_env/lib/python3.10/site-packages/airflow/example_dags/example_dag_decorator.py took 0.237 seconds
[2023-09-27T22:40:12.488-0400] {processor.py:157} INFO - Started process (PID=12084) to work on /home/beau/airflow/py_env/lib/python3.10/site-packages/airflow/example_dags/example_dag_decorator.py
[2023-09-27T22:40:12.492-0400] {processor.py:829} INFO - Processing file /home/beau/airflow/py_env/lib/python3.10/site-packages/airflow/example_dags/example_dag_decorator.py for tasks to queue
[2023-09-27T22:40:12.495-0400] {logging_mixin.py:151} INFO - [2023-09-27T22:40:12.494-0400] {dagbag.py:539} INFO - Filling up the DagBag from /home/beau/airflow/py_env/lib/python3.10/site-packages/airflow/example_dags/example_dag_decorator.py
[2023-09-27T22:40:12.569-0400] {processor.py:839} INFO - DAG(s) dict_keys(['example_dag_decorator']) retrieved from /home/beau/airflow/py_env/lib/python3.10/site-packages/airflow/example_dags/example_dag_decorator.py
[2023-09-27T22:40:12.680-0400] {logging_mixin.py:151} INFO - [2023-09-27T22:40:12.679-0400] {security.py:708} INFO - Not syncing DAG-level permissions for DAG 'DAG:example_dag_decorator' as access control is unset.
[2023-09-27T22:40:12.680-0400] {logging_mixin.py:151} INFO - [2023-09-27T22:40:12.680-0400] {dag.py:2915} INFO - Sync 1 DAGs
[2023-09-27T22:40:12.691-0400] {logging_mixin.py:151} INFO - [2023-09-27T22:40:12.691-0400] {dag.py:3696} INFO - Setting next_dagrun for example_dag_decorator to None, run_after=None
[2023-09-27T22:40:12.732-0400] {processor.py:179} INFO - Processing /home/beau/airflow/py_env/lib/python3.10/site-packages/airflow/example_dags/example_dag_decorator.py took 0.248 seconds
[2023-09-27T22:41:13.693-0400] {processor.py:157} INFO - Started process (PID=12405) to work on /home/beau/airflow/py_env/lib/python3.10/site-packages/airflow/example_dags/example_dag_decorator.py
[2023-09-27T22:41:13.698-0400] {processor.py:829} INFO - Processing file /home/beau/airflow/py_env/lib/python3.10/site-packages/airflow/example_dags/example_dag_decorator.py for tasks to queue
[2023-09-27T22:41:13.699-0400] {logging_mixin.py:151} INFO - [2023-09-27T22:41:13.699-0400] {dagbag.py:539} INFO - Filling up the DagBag from /home/beau/airflow/py_env/lib/python3.10/site-packages/airflow/example_dags/example_dag_decorator.py
[2023-09-27T22:41:13.769-0400] {processor.py:839} INFO - DAG(s) dict_keys(['example_dag_decorator']) retrieved from /home/beau/airflow/py_env/lib/python3.10/site-packages/airflow/example_dags/example_dag_decorator.py
[2023-09-27T22:41:13.856-0400] {logging_mixin.py:151} INFO - [2023-09-27T22:41:13.856-0400] {security.py:708} INFO - Not syncing DAG-level permissions for DAG 'DAG:example_dag_decorator' as access control is unset.
[2023-09-27T22:41:13.856-0400] {logging_mixin.py:151} INFO - [2023-09-27T22:41:13.856-0400] {dag.py:2915} INFO - Sync 1 DAGs
[2023-09-27T22:41:13.865-0400] {logging_mixin.py:151} INFO - [2023-09-27T22:41:13.865-0400] {dag.py:3696} INFO - Setting next_dagrun for example_dag_decorator to None, run_after=None
[2023-09-27T22:41:13.898-0400] {processor.py:179} INFO - Processing /home/beau/airflow/py_env/lib/python3.10/site-packages/airflow/example_dags/example_dag_decorator.py took 0.210 seconds
[2023-09-27T22:42:12.481-0400] {processor.py:157} INFO - Started process (PID=12759) to work on /home/beau/airflow/py_env/lib/python3.10/site-packages/airflow/example_dags/example_dag_decorator.py
[2023-09-27T22:42:12.485-0400] {processor.py:829} INFO - Processing file /home/beau/airflow/py_env/lib/python3.10/site-packages/airflow/example_dags/example_dag_decorator.py for tasks to queue
[2023-09-27T22:42:12.487-0400] {logging_mixin.py:151} INFO - [2023-09-27T22:42:12.486-0400] {dagbag.py:539} INFO - Filling up the DagBag from /home/beau/airflow/py_env/lib/python3.10/site-packages/airflow/example_dags/example_dag_decorator.py
[2023-09-27T22:42:12.572-0400] {processor.py:839} INFO - DAG(s) dict_keys(['example_dag_decorator']) retrieved from /home/beau/airflow/py_env/lib/python3.10/site-packages/airflow/example_dags/example_dag_decorator.py
[2023-09-27T22:42:12.660-0400] {logging_mixin.py:151} INFO - [2023-09-27T22:42:12.660-0400] {security.py:708} INFO - Not syncing DAG-level permissions for DAG 'DAG:example_dag_decorator' as access control is unset.
[2023-09-27T22:42:12.660-0400] {logging_mixin.py:151} INFO - [2023-09-27T22:42:12.660-0400] {dag.py:2915} INFO - Sync 1 DAGs
[2023-09-27T22:42:12.670-0400] {logging_mixin.py:151} INFO - [2023-09-27T22:42:12.669-0400] {dag.py:3696} INFO - Setting next_dagrun for example_dag_decorator to None, run_after=None
[2023-09-27T22:42:12.698-0400] {processor.py:179} INFO - Processing /home/beau/airflow/py_env/lib/python3.10/site-packages/airflow/example_dags/example_dag_decorator.py took 0.221 seconds
[2023-09-27T22:43:08.410-0400] {processor.py:157} INFO - Started process (PID=13310) to work on /home/beau/airflow/py_env/lib/python3.10/site-packages/airflow/example_dags/example_dag_decorator.py
[2023-09-27T22:43:08.415-0400] {processor.py:829} INFO - Processing file /home/beau/airflow/py_env/lib/python3.10/site-packages/airflow/example_dags/example_dag_decorator.py for tasks to queue
[2023-09-27T22:43:08.417-0400] {logging_mixin.py:151} INFO - [2023-09-27T22:43:08.416-0400] {dagbag.py:539} INFO - Filling up the DagBag from /home/beau/airflow/py_env/lib/python3.10/site-packages/airflow/example_dags/example_dag_decorator.py
[2023-09-27T22:43:08.481-0400] {processor.py:839} INFO - DAG(s) dict_keys(['example_dag_decorator']) retrieved from /home/beau/airflow/py_env/lib/python3.10/site-packages/airflow/example_dags/example_dag_decorator.py
[2023-09-27T22:43:08.519-0400] {logging_mixin.py:151} INFO - [2023-09-27T22:43:08.519-0400] {dag.py:2915} INFO - Sync 1 DAGs
[2023-09-27T22:43:08.528-0400] {logging_mixin.py:151} INFO - [2023-09-27T22:43:08.528-0400] {dag.py:3696} INFO - Setting next_dagrun for example_dag_decorator to None, run_after=None
[2023-09-27T22:43:08.556-0400] {processor.py:179} INFO - Processing /home/beau/airflow/py_env/lib/python3.10/site-packages/airflow/example_dags/example_dag_decorator.py took 0.154 seconds
[2023-09-27T22:44:07.157-0400] {processor.py:157} INFO - Started process (PID=13711) to work on /home/beau/airflow/py_env/lib/python3.10/site-packages/airflow/example_dags/example_dag_decorator.py
[2023-09-27T22:44:07.160-0400] {processor.py:829} INFO - Processing file /home/beau/airflow/py_env/lib/python3.10/site-packages/airflow/example_dags/example_dag_decorator.py for tasks to queue
[2023-09-27T22:44:07.161-0400] {logging_mixin.py:151} INFO - [2023-09-27T22:44:07.160-0400] {dagbag.py:539} INFO - Filling up the DagBag from /home/beau/airflow/py_env/lib/python3.10/site-packages/airflow/example_dags/example_dag_decorator.py
[2023-09-27T22:44:07.245-0400] {processor.py:839} INFO - DAG(s) dict_keys(['example_dag_decorator']) retrieved from /home/beau/airflow/py_env/lib/python3.10/site-packages/airflow/example_dags/example_dag_decorator.py
[2023-09-27T22:44:07.391-0400] {logging_mixin.py:151} INFO - [2023-09-27T22:44:07.391-0400] {security.py:708} INFO - Not syncing DAG-level permissions for DAG 'DAG:example_dag_decorator' as access control is unset.
[2023-09-27T22:44:07.392-0400] {logging_mixin.py:151} INFO - [2023-09-27T22:44:07.392-0400] {dag.py:2915} INFO - Sync 1 DAGs
[2023-09-27T22:44:07.410-0400] {logging_mixin.py:151} INFO - [2023-09-27T22:44:07.409-0400] {dag.py:3696} INFO - Setting next_dagrun for example_dag_decorator to None, run_after=None
[2023-09-27T22:44:07.454-0400] {processor.py:179} INFO - Processing /home/beau/airflow/py_env/lib/python3.10/site-packages/airflow/example_dags/example_dag_decorator.py took 0.300 seconds
[2023-09-27T22:45:05.816-0400] {processor.py:157} INFO - Started process (PID=14233) to work on /home/beau/airflow/py_env/lib/python3.10/site-packages/airflow/example_dags/example_dag_decorator.py
[2023-09-27T22:45:05.820-0400] {processor.py:829} INFO - Processing file /home/beau/airflow/py_env/lib/python3.10/site-packages/airflow/example_dags/example_dag_decorator.py for tasks to queue
[2023-09-27T22:45:05.822-0400] {logging_mixin.py:151} INFO - [2023-09-27T22:45:05.821-0400] {dagbag.py:539} INFO - Filling up the DagBag from /home/beau/airflow/py_env/lib/python3.10/site-packages/airflow/example_dags/example_dag_decorator.py
[2023-09-27T22:45:05.890-0400] {processor.py:839} INFO - DAG(s) dict_keys(['example_dag_decorator']) retrieved from /home/beau/airflow/py_env/lib/python3.10/site-packages/airflow/example_dags/example_dag_decorator.py
[2023-09-27T22:45:05.972-0400] {logging_mixin.py:151} INFO - [2023-09-27T22:45:05.971-0400] {security.py:708} INFO - Not syncing DAG-level permissions for DAG 'DAG:example_dag_decorator' as access control is unset.
[2023-09-27T22:45:05.972-0400] {logging_mixin.py:151} INFO - [2023-09-27T22:45:05.972-0400] {dag.py:2915} INFO - Sync 1 DAGs
[2023-09-27T22:45:05.981-0400] {logging_mixin.py:151} INFO - [2023-09-27T22:45:05.981-0400] {dag.py:3696} INFO - Setting next_dagrun for example_dag_decorator to None, run_after=None
[2023-09-27T22:45:06.008-0400] {processor.py:179} INFO - Processing /home/beau/airflow/py_env/lib/python3.10/site-packages/airflow/example_dags/example_dag_decorator.py took 0.199 seconds
[2023-09-27T22:46:01.713-0400] {processor.py:157} INFO - Started process (PID=14869) to work on /home/beau/airflow/py_env/lib/python3.10/site-packages/airflow/example_dags/example_dag_decorator.py
[2023-09-27T22:46:01.718-0400] {processor.py:829} INFO - Processing file /home/beau/airflow/py_env/lib/python3.10/site-packages/airflow/example_dags/example_dag_decorator.py for tasks to queue
[2023-09-27T22:46:01.720-0400] {logging_mixin.py:151} INFO - [2023-09-27T22:46:01.719-0400] {dagbag.py:539} INFO - Filling up the DagBag from /home/beau/airflow/py_env/lib/python3.10/site-packages/airflow/example_dags/example_dag_decorator.py
[2023-09-27T22:46:01.799-0400] {processor.py:839} INFO - DAG(s) dict_keys(['example_dag_decorator']) retrieved from /home/beau/airflow/py_env/lib/python3.10/site-packages/airflow/example_dags/example_dag_decorator.py
[2023-09-27T22:46:01.880-0400] {logging_mixin.py:151} INFO - [2023-09-27T22:46:01.880-0400] {security.py:708} INFO - Not syncing DAG-level permissions for DAG 'DAG:example_dag_decorator' as access control is unset.
[2023-09-27T22:46:01.881-0400] {logging_mixin.py:151} INFO - [2023-09-27T22:46:01.880-0400] {dag.py:2915} INFO - Sync 1 DAGs
[2023-09-27T22:46:01.889-0400] {logging_mixin.py:151} INFO - [2023-09-27T22:46:01.888-0400] {dag.py:3696} INFO - Setting next_dagrun for example_dag_decorator to None, run_after=None
[2023-09-27T22:46:01.916-0400] {processor.py:179} INFO - Processing /home/beau/airflow/py_env/lib/python3.10/site-packages/airflow/example_dags/example_dag_decorator.py took 0.210 seconds
[2023-09-27T22:47:03.483-0400] {processor.py:157} INFO - Started process (PID=15658) to work on /home/beau/airflow/py_env/lib/python3.10/site-packages/airflow/example_dags/example_dag_decorator.py
[2023-09-27T22:47:03.487-0400] {processor.py:829} INFO - Processing file /home/beau/airflow/py_env/lib/python3.10/site-packages/airflow/example_dags/example_dag_decorator.py for tasks to queue
[2023-09-27T22:47:03.488-0400] {logging_mixin.py:151} INFO - [2023-09-27T22:47:03.488-0400] {dagbag.py:539} INFO - Filling up the DagBag from /home/beau/airflow/py_env/lib/python3.10/site-packages/airflow/example_dags/example_dag_decorator.py
[2023-09-27T22:47:03.546-0400] {processor.py:839} INFO - DAG(s) dict_keys(['example_dag_decorator']) retrieved from /home/beau/airflow/py_env/lib/python3.10/site-packages/airflow/example_dags/example_dag_decorator.py
[2023-09-27T22:47:03.628-0400] {logging_mixin.py:151} INFO - [2023-09-27T22:47:03.628-0400] {security.py:708} INFO - Not syncing DAG-level permissions for DAG 'DAG:example_dag_decorator' as access control is unset.
[2023-09-27T22:47:03.629-0400] {logging_mixin.py:151} INFO - [2023-09-27T22:47:03.629-0400] {dag.py:2915} INFO - Sync 1 DAGs
[2023-09-27T22:47:03.638-0400] {logging_mixin.py:151} INFO - [2023-09-27T22:47:03.637-0400] {dag.py:3696} INFO - Setting next_dagrun for example_dag_decorator to None, run_after=None
[2023-09-27T22:47:03.665-0400] {processor.py:179} INFO - Processing /home/beau/airflow/py_env/lib/python3.10/site-packages/airflow/example_dags/example_dag_decorator.py took 0.185 seconds
[2023-09-27T22:48:00.925-0400] {processor.py:157} INFO - Started process (PID=16264) to work on /home/beau/airflow/py_env/lib/python3.10/site-packages/airflow/example_dags/example_dag_decorator.py
[2023-09-27T22:48:00.930-0400] {processor.py:829} INFO - Processing file /home/beau/airflow/py_env/lib/python3.10/site-packages/airflow/example_dags/example_dag_decorator.py for tasks to queue
[2023-09-27T22:48:00.931-0400] {logging_mixin.py:151} INFO - [2023-09-27T22:48:00.931-0400] {dagbag.py:539} INFO - Filling up the DagBag from /home/beau/airflow/py_env/lib/python3.10/site-packages/airflow/example_dags/example_dag_decorator.py
[2023-09-27T22:48:01.003-0400] {processor.py:839} INFO - DAG(s) dict_keys(['example_dag_decorator']) retrieved from /home/beau/airflow/py_env/lib/python3.10/site-packages/airflow/example_dags/example_dag_decorator.py
[2023-09-27T22:48:01.089-0400] {logging_mixin.py:151} INFO - [2023-09-27T22:48:01.089-0400] {security.py:708} INFO - Not syncing DAG-level permissions for DAG 'DAG:example_dag_decorator' as access control is unset.
[2023-09-27T22:48:01.089-0400] {logging_mixin.py:151} INFO - [2023-09-27T22:48:01.089-0400] {dag.py:2915} INFO - Sync 1 DAGs
[2023-09-27T22:48:01.098-0400] {logging_mixin.py:151} INFO - [2023-09-27T22:48:01.098-0400] {dag.py:3696} INFO - Setting next_dagrun for example_dag_decorator to None, run_after=None
[2023-09-27T22:48:01.124-0400] {processor.py:179} INFO - Processing /home/beau/airflow/py_env/lib/python3.10/site-packages/airflow/example_dags/example_dag_decorator.py took 0.206 seconds
[2023-09-27T22:49:01.921-0400] {processor.py:157} INFO - Started process (PID=16809) to work on /home/beau/airflow/py_env/lib/python3.10/site-packages/airflow/example_dags/example_dag_decorator.py
[2023-09-27T22:49:01.925-0400] {processor.py:829} INFO - Processing file /home/beau/airflow/py_env/lib/python3.10/site-packages/airflow/example_dags/example_dag_decorator.py for tasks to queue
[2023-09-27T22:49:01.926-0400] {logging_mixin.py:151} INFO - [2023-09-27T22:49:01.926-0400] {dagbag.py:539} INFO - Filling up the DagBag from /home/beau/airflow/py_env/lib/python3.10/site-packages/airflow/example_dags/example_dag_decorator.py
[2023-09-27T22:49:01.986-0400] {processor.py:839} INFO - DAG(s) dict_keys(['example_dag_decorator']) retrieved from /home/beau/airflow/py_env/lib/python3.10/site-packages/airflow/example_dags/example_dag_decorator.py
[2023-09-27T22:49:02.071-0400] {logging_mixin.py:151} INFO - [2023-09-27T22:49:02.070-0400] {security.py:708} INFO - Not syncing DAG-level permissions for DAG 'DAG:example_dag_decorator' as access control is unset.
[2023-09-27T22:49:02.071-0400] {logging_mixin.py:151} INFO - [2023-09-27T22:49:02.071-0400] {dag.py:2915} INFO - Sync 1 DAGs
[2023-09-27T22:49:02.079-0400] {logging_mixin.py:151} INFO - [2023-09-27T22:49:02.079-0400] {dag.py:3696} INFO - Setting next_dagrun for example_dag_decorator to None, run_after=None
[2023-09-27T22:49:02.110-0400] {processor.py:179} INFO - Processing /home/beau/airflow/py_env/lib/python3.10/site-packages/airflow/example_dags/example_dag_decorator.py took 0.192 seconds
[2023-09-27T22:49:58.139-0400] {processor.py:157} INFO - Started process (PID=17173) to work on /home/beau/airflow/py_env/lib/python3.10/site-packages/airflow/example_dags/example_dag_decorator.py
[2023-09-27T22:49:58.141-0400] {processor.py:829} INFO - Processing file /home/beau/airflow/py_env/lib/python3.10/site-packages/airflow/example_dags/example_dag_decorator.py for tasks to queue
[2023-09-27T22:49:58.142-0400] {logging_mixin.py:151} INFO - [2023-09-27T22:49:58.142-0400] {dagbag.py:539} INFO - Filling up the DagBag from /home/beau/airflow/py_env/lib/python3.10/site-packages/airflow/example_dags/example_dag_decorator.py
[2023-09-27T22:49:58.213-0400] {processor.py:839} INFO - DAG(s) dict_keys(['example_dag_decorator']) retrieved from /home/beau/airflow/py_env/lib/python3.10/site-packages/airflow/example_dags/example_dag_decorator.py
[2023-09-27T22:49:58.316-0400] {logging_mixin.py:151} INFO - [2023-09-27T22:49:58.316-0400] {security.py:708} INFO - Not syncing DAG-level permissions for DAG 'DAG:example_dag_decorator' as access control is unset.
[2023-09-27T22:49:58.316-0400] {logging_mixin.py:151} INFO - [2023-09-27T22:49:58.316-0400] {dag.py:2915} INFO - Sync 1 DAGs
[2023-09-27T22:49:58.326-0400] {logging_mixin.py:151} INFO - [2023-09-27T22:49:58.325-0400] {dag.py:3696} INFO - Setting next_dagrun for example_dag_decorator to None, run_after=None
[2023-09-27T22:49:58.353-0400] {processor.py:179} INFO - Processing /home/beau/airflow/py_env/lib/python3.10/site-packages/airflow/example_dags/example_dag_decorator.py took 0.217 seconds
[2023-09-27T22:50:53.778-0400] {processor.py:157} INFO - Started process (PID=17428) to work on /home/beau/airflow/py_env/lib/python3.10/site-packages/airflow/example_dags/example_dag_decorator.py
[2023-09-27T22:50:53.783-0400] {processor.py:829} INFO - Processing file /home/beau/airflow/py_env/lib/python3.10/site-packages/airflow/example_dags/example_dag_decorator.py for tasks to queue
[2023-09-27T22:50:53.784-0400] {logging_mixin.py:151} INFO - [2023-09-27T22:50:53.783-0400] {dagbag.py:539} INFO - Filling up the DagBag from /home/beau/airflow/py_env/lib/python3.10/site-packages/airflow/example_dags/example_dag_decorator.py
[2023-09-27T22:50:53.840-0400] {processor.py:839} INFO - DAG(s) dict_keys(['example_dag_decorator']) retrieved from /home/beau/airflow/py_env/lib/python3.10/site-packages/airflow/example_dags/example_dag_decorator.py
[2023-09-27T22:50:53.917-0400] {logging_mixin.py:151} INFO - [2023-09-27T22:50:53.916-0400] {security.py:708} INFO - Not syncing DAG-level permissions for DAG 'DAG:example_dag_decorator' as access control is unset.
[2023-09-27T22:50:53.917-0400] {logging_mixin.py:151} INFO - [2023-09-27T22:50:53.917-0400] {dag.py:2915} INFO - Sync 1 DAGs
[2023-09-27T22:50:53.925-0400] {logging_mixin.py:151} INFO - [2023-09-27T22:50:53.925-0400] {dag.py:3696} INFO - Setting next_dagrun for example_dag_decorator to None, run_after=None
[2023-09-27T22:50:53.952-0400] {processor.py:179} INFO - Processing /home/beau/airflow/py_env/lib/python3.10/site-packages/airflow/example_dags/example_dag_decorator.py took 0.179 seconds
[2023-09-27T22:51:50.800-0400] {processor.py:157} INFO - Started process (PID=17688) to work on /home/beau/airflow/py_env/lib/python3.10/site-packages/airflow/example_dags/example_dag_decorator.py
[2023-09-27T22:51:50.805-0400] {processor.py:829} INFO - Processing file /home/beau/airflow/py_env/lib/python3.10/site-packages/airflow/example_dags/example_dag_decorator.py for tasks to queue
[2023-09-27T22:51:50.806-0400] {logging_mixin.py:151} INFO - [2023-09-27T22:51:50.806-0400] {dagbag.py:539} INFO - Filling up the DagBag from /home/beau/airflow/py_env/lib/python3.10/site-packages/airflow/example_dags/example_dag_decorator.py
[2023-09-27T22:51:50.876-0400] {processor.py:839} INFO - DAG(s) dict_keys(['example_dag_decorator']) retrieved from /home/beau/airflow/py_env/lib/python3.10/site-packages/airflow/example_dags/example_dag_decorator.py
[2023-09-27T22:51:50.948-0400] {logging_mixin.py:151} INFO - [2023-09-27T22:51:50.948-0400] {security.py:708} INFO - Not syncing DAG-level permissions for DAG 'DAG:example_dag_decorator' as access control is unset.
[2023-09-27T22:51:50.948-0400] {logging_mixin.py:151} INFO - [2023-09-27T22:51:50.948-0400] {dag.py:2915} INFO - Sync 1 DAGs
[2023-09-27T22:51:50.956-0400] {logging_mixin.py:151} INFO - [2023-09-27T22:51:50.956-0400] {dag.py:3696} INFO - Setting next_dagrun for example_dag_decorator to None, run_after=None
[2023-09-27T22:51:50.983-0400] {processor.py:179} INFO - Processing /home/beau/airflow/py_env/lib/python3.10/site-packages/airflow/example_dags/example_dag_decorator.py took 0.188 seconds
[2023-09-27T22:52:44.812-0400] {processor.py:157} INFO - Started process (PID=17875) to work on /home/beau/airflow/py_env/lib/python3.10/site-packages/airflow/example_dags/example_dag_decorator.py
[2023-09-27T22:52:44.815-0400] {processor.py:829} INFO - Processing file /home/beau/airflow/py_env/lib/python3.10/site-packages/airflow/example_dags/example_dag_decorator.py for tasks to queue
[2023-09-27T22:52:44.816-0400] {logging_mixin.py:151} INFO - [2023-09-27T22:52:44.816-0400] {dagbag.py:539} INFO - Filling up the DagBag from /home/beau/airflow/py_env/lib/python3.10/site-packages/airflow/example_dags/example_dag_decorator.py
[2023-09-27T22:52:44.869-0400] {processor.py:839} INFO - DAG(s) dict_keys(['example_dag_decorator']) retrieved from /home/beau/airflow/py_env/lib/python3.10/site-packages/airflow/example_dags/example_dag_decorator.py
[2023-09-27T22:52:44.938-0400] {logging_mixin.py:151} INFO - [2023-09-27T22:52:44.938-0400] {security.py:708} INFO - Not syncing DAG-level permissions for DAG 'DAG:example_dag_decorator' as access control is unset.
[2023-09-27T22:52:44.938-0400] {logging_mixin.py:151} INFO - [2023-09-27T22:52:44.938-0400] {dag.py:2915} INFO - Sync 1 DAGs
[2023-09-27T22:52:44.947-0400] {logging_mixin.py:151} INFO - [2023-09-27T22:52:44.947-0400] {dag.py:3696} INFO - Setting next_dagrun for example_dag_decorator to None, run_after=None
[2023-09-27T22:52:44.973-0400] {processor.py:179} INFO - Processing /home/beau/airflow/py_env/lib/python3.10/site-packages/airflow/example_dags/example_dag_decorator.py took 0.164 seconds
[2023-09-27T22:53:38.080-0400] {processor.py:157} INFO - Started process (PID=18436) to work on /home/beau/airflow/py_env/lib/python3.10/site-packages/airflow/example_dags/example_dag_decorator.py
[2023-09-27T22:53:38.084-0400] {processor.py:829} INFO - Processing file /home/beau/airflow/py_env/lib/python3.10/site-packages/airflow/example_dags/example_dag_decorator.py for tasks to queue
[2023-09-27T22:53:38.086-0400] {logging_mixin.py:151} INFO - [2023-09-27T22:53:38.085-0400] {dagbag.py:539} INFO - Filling up the DagBag from /home/beau/airflow/py_env/lib/python3.10/site-packages/airflow/example_dags/example_dag_decorator.py
[2023-09-27T22:53:38.148-0400] {processor.py:839} INFO - DAG(s) dict_keys(['example_dag_decorator']) retrieved from /home/beau/airflow/py_env/lib/python3.10/site-packages/airflow/example_dags/example_dag_decorator.py
[2023-09-27T22:53:38.221-0400] {logging_mixin.py:151} INFO - [2023-09-27T22:53:38.221-0400] {security.py:708} INFO - Not syncing DAG-level permissions for DAG 'DAG:example_dag_decorator' as access control is unset.
[2023-09-27T22:53:38.222-0400] {logging_mixin.py:151} INFO - [2023-09-27T22:53:38.221-0400] {dag.py:2915} INFO - Sync 1 DAGs
[2023-09-27T22:53:38.230-0400] {logging_mixin.py:151} INFO - [2023-09-27T22:53:38.230-0400] {dag.py:3696} INFO - Setting next_dagrun for example_dag_decorator to None, run_after=None
[2023-09-27T22:53:38.260-0400] {processor.py:179} INFO - Processing /home/beau/airflow/py_env/lib/python3.10/site-packages/airflow/example_dags/example_dag_decorator.py took 0.189 seconds
