[2023-09-27T22:33:14.161-0400] {processor.py:157} INFO - Started process (PID=8335) to work on /home/beau/airflow/py_env/lib/python3.10/site-packages/airflow/example_dags/example_task_group_decorator.py
[2023-09-27T22:33:14.163-0400] {processor.py:829} INFO - Processing file /home/beau/airflow/py_env/lib/python3.10/site-packages/airflow/example_dags/example_task_group_decorator.py for tasks to queue
[2023-09-27T22:33:14.165-0400] {logging_mixin.py:151} INFO - [2023-09-27T22:33:14.165-0400] {dagbag.py:539} INFO - Filling up the DagBag from /home/beau/airflow/py_env/lib/python3.10/site-packages/airflow/example_dags/example_task_group_decorator.py
[2023-09-27T22:33:14.182-0400] {processor.py:839} INFO - DAG(s) dict_keys(['example_task_group_decorator']) retrieved from /home/beau/airflow/py_env/lib/python3.10/site-packages/airflow/example_dags/example_task_group_decorator.py
[2023-09-27T22:33:14.205-0400] {logging_mixin.py:151} INFO - [2023-09-27T22:33:14.204-0400] {dag.py:2915} INFO - Sync 1 DAGs
[2023-09-27T22:33:14.223-0400] {logging_mixin.py:151} INFO - [2023-09-27T22:33:14.222-0400] {dag.py:3696} INFO - Setting next_dagrun for example_task_group_decorator to 2023-09-27T02:33:14.222678+00:00, run_after=2023-09-28T02:33:14.222678+00:00
[2023-09-27T22:33:14.249-0400] {processor.py:179} INFO - Processing /home/beau/airflow/py_env/lib/python3.10/site-packages/airflow/example_dags/example_task_group_decorator.py took 0.093 seconds
[2023-09-27T22:34:01.303-0400] {processor.py:157} INFO - Started process (PID=8933) to work on /home/beau/airflow/py_env/lib/python3.10/site-packages/airflow/example_dags/example_task_group_decorator.py
[2023-09-27T22:34:01.306-0400] {processor.py:829} INFO - Processing file /home/beau/airflow/py_env/lib/python3.10/site-packages/airflow/example_dags/example_task_group_decorator.py for tasks to queue
[2023-09-27T22:34:01.307-0400] {logging_mixin.py:151} INFO - [2023-09-27T22:34:01.307-0400] {dagbag.py:539} INFO - Filling up the DagBag from /home/beau/airflow/py_env/lib/python3.10/site-packages/airflow/example_dags/example_task_group_decorator.py
[2023-09-27T22:34:01.320-0400] {processor.py:839} INFO - DAG(s) dict_keys(['example_task_group_decorator']) retrieved from /home/beau/airflow/py_env/lib/python3.10/site-packages/airflow/example_dags/example_task_group_decorator.py
[2023-09-27T22:34:01.335-0400] {logging_mixin.py:151} INFO - [2023-09-27T22:34:01.335-0400] {dag.py:2915} INFO - Sync 1 DAGs
[2023-09-27T22:34:01.351-0400] {logging_mixin.py:151} INFO - [2023-09-27T22:34:01.351-0400] {dag.py:3696} INFO - Setting next_dagrun for example_task_group_decorator to 2023-09-27T02:34:01.350936+00:00, run_after=2023-09-28T02:34:01.350936+00:00
[2023-09-27T22:34:01.373-0400] {processor.py:179} INFO - Processing /home/beau/airflow/py_env/lib/python3.10/site-packages/airflow/example_dags/example_task_group_decorator.py took 0.072 seconds
[2023-09-27T22:34:50.459-0400] {processor.py:157} INFO - Started process (PID=9169) to work on /home/beau/airflow/py_env/lib/python3.10/site-packages/airflow/example_dags/example_task_group_decorator.py
[2023-09-27T22:34:50.464-0400] {processor.py:829} INFO - Processing file /home/beau/airflow/py_env/lib/python3.10/site-packages/airflow/example_dags/example_task_group_decorator.py for tasks to queue
[2023-09-27T22:34:50.466-0400] {logging_mixin.py:151} INFO - [2023-09-27T22:34:50.466-0400] {dagbag.py:539} INFO - Filling up the DagBag from /home/beau/airflow/py_env/lib/python3.10/site-packages/airflow/example_dags/example_task_group_decorator.py
[2023-09-27T22:34:50.496-0400] {processor.py:839} INFO - DAG(s) dict_keys(['example_task_group_decorator']) retrieved from /home/beau/airflow/py_env/lib/python3.10/site-packages/airflow/example_dags/example_task_group_decorator.py
[2023-09-27T22:34:50.517-0400] {logging_mixin.py:151} INFO - [2023-09-27T22:34:50.517-0400] {dag.py:2915} INFO - Sync 1 DAGs
[2023-09-27T22:34:50.547-0400] {logging_mixin.py:151} INFO - [2023-09-27T22:34:50.547-0400] {dag.py:3696} INFO - Setting next_dagrun for example_task_group_decorator to 2023-09-27T02:34:50.546933+00:00, run_after=2023-09-28T02:34:50.546933+00:00
[2023-09-27T22:34:50.583-0400] {processor.py:179} INFO - Processing /home/beau/airflow/py_env/lib/python3.10/site-packages/airflow/example_dags/example_task_group_decorator.py took 0.136 seconds
[2023-09-27T22:35:38.108-0400] {processor.py:157} INFO - Started process (PID=9674) to work on /home/beau/airflow/py_env/lib/python3.10/site-packages/airflow/example_dags/example_task_group_decorator.py
[2023-09-27T22:35:38.110-0400] {processor.py:829} INFO - Processing file /home/beau/airflow/py_env/lib/python3.10/site-packages/airflow/example_dags/example_task_group_decorator.py for tasks to queue
[2023-09-27T22:35:38.111-0400] {logging_mixin.py:151} INFO - [2023-09-27T22:35:38.111-0400] {dagbag.py:539} INFO - Filling up the DagBag from /home/beau/airflow/py_env/lib/python3.10/site-packages/airflow/example_dags/example_task_group_decorator.py
[2023-09-27T22:35:38.143-0400] {processor.py:839} INFO - DAG(s) dict_keys(['example_task_group_decorator']) retrieved from /home/beau/airflow/py_env/lib/python3.10/site-packages/airflow/example_dags/example_task_group_decorator.py
[2023-09-27T22:35:38.175-0400] {logging_mixin.py:151} INFO - [2023-09-27T22:35:38.175-0400] {dag.py:2915} INFO - Sync 1 DAGs
[2023-09-27T22:35:38.365-0400] {logging_mixin.py:151} INFO - [2023-09-27T22:35:38.364-0400] {dag.py:3696} INFO - Setting next_dagrun for example_task_group_decorator to 2023-09-27T02:35:38.364591+00:00, run_after=2023-09-28T02:35:38.364591+00:00
[2023-09-27T22:35:38.397-0400] {processor.py:179} INFO - Processing /home/beau/airflow/py_env/lib/python3.10/site-packages/airflow/example_dags/example_task_group_decorator.py took 0.296 seconds
[2023-09-27T22:36:31.361-0400] {processor.py:157} INFO - Started process (PID=10418) to work on /home/beau/airflow/py_env/lib/python3.10/site-packages/airflow/example_dags/example_task_group_decorator.py
[2023-09-27T22:36:31.365-0400] {processor.py:829} INFO - Processing file /home/beau/airflow/py_env/lib/python3.10/site-packages/airflow/example_dags/example_task_group_decorator.py for tasks to queue
[2023-09-27T22:36:31.366-0400] {logging_mixin.py:151} INFO - [2023-09-27T22:36:31.366-0400] {dagbag.py:539} INFO - Filling up the DagBag from /home/beau/airflow/py_env/lib/python3.10/site-packages/airflow/example_dags/example_task_group_decorator.py
[2023-09-27T22:36:31.383-0400] {processor.py:839} INFO - DAG(s) dict_keys(['example_task_group_decorator']) retrieved from /home/beau/airflow/py_env/lib/python3.10/site-packages/airflow/example_dags/example_task_group_decorator.py
[2023-09-27T22:36:31.406-0400] {logging_mixin.py:151} INFO - [2023-09-27T22:36:31.406-0400] {dag.py:2915} INFO - Sync 1 DAGs
[2023-09-27T22:36:31.426-0400] {logging_mixin.py:151} INFO - [2023-09-27T22:36:31.426-0400] {dag.py:3696} INFO - Setting next_dagrun for example_task_group_decorator to 2023-09-27T02:36:31.426293+00:00, run_after=2023-09-28T02:36:31.426293+00:00
[2023-09-27T22:36:31.459-0400] {processor.py:179} INFO - Processing /home/beau/airflow/py_env/lib/python3.10/site-packages/airflow/example_dags/example_task_group_decorator.py took 0.100 seconds
[2023-09-27T22:37:28.301-0400] {processor.py:157} INFO - Started process (PID=10815) to work on /home/beau/airflow/py_env/lib/python3.10/site-packages/airflow/example_dags/example_task_group_decorator.py
[2023-09-27T22:37:28.306-0400] {processor.py:829} INFO - Processing file /home/beau/airflow/py_env/lib/python3.10/site-packages/airflow/example_dags/example_task_group_decorator.py for tasks to queue
[2023-09-27T22:37:28.307-0400] {logging_mixin.py:151} INFO - [2023-09-27T22:37:28.307-0400] {dagbag.py:539} INFO - Filling up the DagBag from /home/beau/airflow/py_env/lib/python3.10/site-packages/airflow/example_dags/example_task_group_decorator.py
[2023-09-27T22:37:28.339-0400] {processor.py:839} INFO - DAG(s) dict_keys(['example_task_group_decorator']) retrieved from /home/beau/airflow/py_env/lib/python3.10/site-packages/airflow/example_dags/example_task_group_decorator.py
[2023-09-27T22:37:28.368-0400] {logging_mixin.py:151} INFO - [2023-09-27T22:37:28.367-0400] {dag.py:2915} INFO - Sync 1 DAGs
[2023-09-27T22:37:28.389-0400] {logging_mixin.py:151} INFO - [2023-09-27T22:37:28.388-0400] {dag.py:3696} INFO - Setting next_dagrun for example_task_group_decorator to 2023-09-27T02:37:28.388732+00:00, run_after=2023-09-28T02:37:28.388732+00:00
[2023-09-27T22:37:28.421-0400] {processor.py:179} INFO - Processing /home/beau/airflow/py_env/lib/python3.10/site-packages/airflow/example_dags/example_task_group_decorator.py took 0.129 seconds
[2023-09-27T22:38:12.933-0400] {processor.py:157} INFO - Started process (PID=11248) to work on /home/beau/airflow/py_env/lib/python3.10/site-packages/airflow/example_dags/example_task_group_decorator.py
[2023-09-27T22:38:12.939-0400] {processor.py:829} INFO - Processing file /home/beau/airflow/py_env/lib/python3.10/site-packages/airflow/example_dags/example_task_group_decorator.py for tasks to queue
[2023-09-27T22:38:12.940-0400] {logging_mixin.py:151} INFO - [2023-09-27T22:38:12.940-0400] {dagbag.py:539} INFO - Filling up the DagBag from /home/beau/airflow/py_env/lib/python3.10/site-packages/airflow/example_dags/example_task_group_decorator.py
[2023-09-27T22:38:12.973-0400] {processor.py:839} INFO - DAG(s) dict_keys(['example_task_group_decorator']) retrieved from /home/beau/airflow/py_env/lib/python3.10/site-packages/airflow/example_dags/example_task_group_decorator.py
[2023-09-27T22:38:13.003-0400] {logging_mixin.py:151} INFO - [2023-09-27T22:38:13.003-0400] {dag.py:2915} INFO - Sync 1 DAGs
[2023-09-27T22:38:13.028-0400] {logging_mixin.py:151} INFO - [2023-09-27T22:38:13.028-0400] {dag.py:3696} INFO - Setting next_dagrun for example_task_group_decorator to 2023-09-27T02:38:13.028326+00:00, run_after=2023-09-28T02:38:13.028326+00:00
[2023-09-27T22:38:13.060-0400] {processor.py:179} INFO - Processing /home/beau/airflow/py_env/lib/python3.10/site-packages/airflow/example_dags/example_task_group_decorator.py took 0.133 seconds
[2023-09-27T22:39:07.678-0400] {processor.py:157} INFO - Started process (PID=11755) to work on /home/beau/airflow/py_env/lib/python3.10/site-packages/airflow/example_dags/example_task_group_decorator.py
[2023-09-27T22:39:07.683-0400] {processor.py:829} INFO - Processing file /home/beau/airflow/py_env/lib/python3.10/site-packages/airflow/example_dags/example_task_group_decorator.py for tasks to queue
[2023-09-27T22:39:07.686-0400] {logging_mixin.py:151} INFO - [2023-09-27T22:39:07.685-0400] {dagbag.py:539} INFO - Filling up the DagBag from /home/beau/airflow/py_env/lib/python3.10/site-packages/airflow/example_dags/example_task_group_decorator.py
[2023-09-27T22:39:07.723-0400] {processor.py:839} INFO - DAG(s) dict_keys(['example_task_group_decorator']) retrieved from /home/beau/airflow/py_env/lib/python3.10/site-packages/airflow/example_dags/example_task_group_decorator.py
[2023-09-27T22:39:07.743-0400] {logging_mixin.py:151} INFO - [2023-09-27T22:39:07.743-0400] {dag.py:2915} INFO - Sync 1 DAGs
[2023-09-27T22:39:07.763-0400] {logging_mixin.py:151} INFO - [2023-09-27T22:39:07.763-0400] {dag.py:3696} INFO - Setting next_dagrun for example_task_group_decorator to 2023-09-27T02:39:07.763459+00:00, run_after=2023-09-28T02:39:07.763459+00:00
[2023-09-27T22:39:07.792-0400] {processor.py:179} INFO - Processing /home/beau/airflow/py_env/lib/python3.10/site-packages/airflow/example_dags/example_task_group_decorator.py took 0.126 seconds
[2023-09-27T22:40:03.845-0400] {processor.py:157} INFO - Started process (PID=12058) to work on /home/beau/airflow/py_env/lib/python3.10/site-packages/airflow/example_dags/example_task_group_decorator.py
[2023-09-27T22:40:03.849-0400] {processor.py:829} INFO - Processing file /home/beau/airflow/py_env/lib/python3.10/site-packages/airflow/example_dags/example_task_group_decorator.py for tasks to queue
[2023-09-27T22:40:03.851-0400] {logging_mixin.py:151} INFO - [2023-09-27T22:40:03.850-0400] {dagbag.py:539} INFO - Filling up the DagBag from /home/beau/airflow/py_env/lib/python3.10/site-packages/airflow/example_dags/example_task_group_decorator.py
[2023-09-27T22:40:03.872-0400] {processor.py:839} INFO - DAG(s) dict_keys(['example_task_group_decorator']) retrieved from /home/beau/airflow/py_env/lib/python3.10/site-packages/airflow/example_dags/example_task_group_decorator.py
[2023-09-27T22:40:03.900-0400] {logging_mixin.py:151} INFO - [2023-09-27T22:40:03.900-0400] {dag.py:2915} INFO - Sync 1 DAGs
[2023-09-27T22:40:03.923-0400] {logging_mixin.py:151} INFO - [2023-09-27T22:40:03.923-0400] {dag.py:3696} INFO - Setting next_dagrun for example_task_group_decorator to 2023-09-27T02:40:03.922932+00:00, run_after=2023-09-28T02:40:03.922932+00:00
[2023-09-27T22:40:03.956-0400] {processor.py:179} INFO - Processing /home/beau/airflow/py_env/lib/python3.10/site-packages/airflow/example_dags/example_task_group_decorator.py took 0.118 seconds
[2023-09-27T22:40:45.435-0400] {processor.py:157} INFO - Started process (PID=12201) to work on /home/beau/airflow/py_env/lib/python3.10/site-packages/airflow/example_dags/example_task_group_decorator.py
[2023-09-27T22:40:45.437-0400] {processor.py:829} INFO - Processing file /home/beau/airflow/py_env/lib/python3.10/site-packages/airflow/example_dags/example_task_group_decorator.py for tasks to queue
[2023-09-27T22:40:45.438-0400] {logging_mixin.py:151} INFO - [2023-09-27T22:40:45.438-0400] {dagbag.py:539} INFO - Filling up the DagBag from /home/beau/airflow/py_env/lib/python3.10/site-packages/airflow/example_dags/example_task_group_decorator.py
[2023-09-27T22:40:45.456-0400] {processor.py:839} INFO - DAG(s) dict_keys(['example_task_group_decorator']) retrieved from /home/beau/airflow/py_env/lib/python3.10/site-packages/airflow/example_dags/example_task_group_decorator.py
[2023-09-27T22:40:45.477-0400] {logging_mixin.py:151} INFO - [2023-09-27T22:40:45.477-0400] {dag.py:2915} INFO - Sync 1 DAGs
[2023-09-27T22:40:45.497-0400] {logging_mixin.py:151} INFO - [2023-09-27T22:40:45.497-0400] {dag.py:3696} INFO - Setting next_dagrun for example_task_group_decorator to 2023-09-27T02:40:45.497455+00:00, run_after=2023-09-28T02:40:45.497455+00:00
[2023-09-27T22:40:45.529-0400] {processor.py:179} INFO - Processing /home/beau/airflow/py_env/lib/python3.10/site-packages/airflow/example_dags/example_task_group_decorator.py took 0.099 seconds
[2023-09-27T22:41:44.718-0400] {processor.py:157} INFO - Started process (PID=12560) to work on /home/beau/airflow/py_env/lib/python3.10/site-packages/airflow/example_dags/example_task_group_decorator.py
[2023-09-27T22:41:44.722-0400] {processor.py:829} INFO - Processing file /home/beau/airflow/py_env/lib/python3.10/site-packages/airflow/example_dags/example_task_group_decorator.py for tasks to queue
[2023-09-27T22:41:44.723-0400] {logging_mixin.py:151} INFO - [2023-09-27T22:41:44.723-0400] {dagbag.py:539} INFO - Filling up the DagBag from /home/beau/airflow/py_env/lib/python3.10/site-packages/airflow/example_dags/example_task_group_decorator.py
[2023-09-27T22:41:44.741-0400] {processor.py:839} INFO - DAG(s) dict_keys(['example_task_group_decorator']) retrieved from /home/beau/airflow/py_env/lib/python3.10/site-packages/airflow/example_dags/example_task_group_decorator.py
[2023-09-27T22:41:44.759-0400] {logging_mixin.py:151} INFO - [2023-09-27T22:41:44.759-0400] {dag.py:2915} INFO - Sync 1 DAGs
[2023-09-27T22:41:44.780-0400] {logging_mixin.py:151} INFO - [2023-09-27T22:41:44.780-0400] {dag.py:3696} INFO - Setting next_dagrun for example_task_group_decorator to 2023-09-27T02:41:44.780038+00:00, run_after=2023-09-28T02:41:44.780038+00:00
[2023-09-27T22:41:44.817-0400] {processor.py:179} INFO - Processing /home/beau/airflow/py_env/lib/python3.10/site-packages/airflow/example_dags/example_task_group_decorator.py took 0.103 seconds
[2023-09-27T22:42:43.776-0400] {processor.py:157} INFO - Started process (PID=13029) to work on /home/beau/airflow/py_env/lib/python3.10/site-packages/airflow/example_dags/example_task_group_decorator.py
[2023-09-27T22:42:43.780-0400] {processor.py:829} INFO - Processing file /home/beau/airflow/py_env/lib/python3.10/site-packages/airflow/example_dags/example_task_group_decorator.py for tasks to queue
[2023-09-27T22:42:43.782-0400] {logging_mixin.py:151} INFO - [2023-09-27T22:42:43.781-0400] {dagbag.py:539} INFO - Filling up the DagBag from /home/beau/airflow/py_env/lib/python3.10/site-packages/airflow/example_dags/example_task_group_decorator.py
[2023-09-27T22:42:43.807-0400] {processor.py:839} INFO - DAG(s) dict_keys(['example_task_group_decorator']) retrieved from /home/beau/airflow/py_env/lib/python3.10/site-packages/airflow/example_dags/example_task_group_decorator.py
[2023-09-27T22:42:43.826-0400] {logging_mixin.py:151} INFO - [2023-09-27T22:42:43.825-0400] {dag.py:2915} INFO - Sync 1 DAGs
[2023-09-27T22:42:43.843-0400] {logging_mixin.py:151} INFO - [2023-09-27T22:42:43.843-0400] {dag.py:3696} INFO - Setting next_dagrun for example_task_group_decorator to 2023-09-27T02:42:43.842831+00:00, run_after=2023-09-28T02:42:43.842831+00:00
[2023-09-27T22:42:43.869-0400] {processor.py:179} INFO - Processing /home/beau/airflow/py_env/lib/python3.10/site-packages/airflow/example_dags/example_task_group_decorator.py took 0.104 seconds
[2023-09-27T22:43:37.552-0400] {processor.py:157} INFO - Started process (PID=13436) to work on /home/beau/airflow/py_env/lib/python3.10/site-packages/airflow/example_dags/example_task_group_decorator.py
[2023-09-27T22:43:37.557-0400] {processor.py:829} INFO - Processing file /home/beau/airflow/py_env/lib/python3.10/site-packages/airflow/example_dags/example_task_group_decorator.py for tasks to queue
[2023-09-27T22:43:37.559-0400] {logging_mixin.py:151} INFO - [2023-09-27T22:43:37.558-0400] {dagbag.py:539} INFO - Filling up the DagBag from /home/beau/airflow/py_env/lib/python3.10/site-packages/airflow/example_dags/example_task_group_decorator.py
[2023-09-27T22:43:37.579-0400] {processor.py:839} INFO - DAG(s) dict_keys(['example_task_group_decorator']) retrieved from /home/beau/airflow/py_env/lib/python3.10/site-packages/airflow/example_dags/example_task_group_decorator.py
[2023-09-27T22:43:37.599-0400] {logging_mixin.py:151} INFO - [2023-09-27T22:43:37.599-0400] {dag.py:2915} INFO - Sync 1 DAGs
[2023-09-27T22:43:37.618-0400] {logging_mixin.py:151} INFO - [2023-09-27T22:43:37.618-0400] {dag.py:3696} INFO - Setting next_dagrun for example_task_group_decorator to 2023-09-27T02:43:37.617928+00:00, run_after=2023-09-28T02:43:37.617928+00:00
[2023-09-27T22:43:37.646-0400] {processor.py:179} INFO - Processing /home/beau/airflow/py_env/lib/python3.10/site-packages/airflow/example_dags/example_task_group_decorator.py took 0.102 seconds
[2023-09-27T22:44:18.153-0400] {processor.py:157} INFO - Started process (PID=13799) to work on /home/beau/airflow/py_env/lib/python3.10/site-packages/airflow/example_dags/example_task_group_decorator.py
[2023-09-27T22:44:18.156-0400] {processor.py:829} INFO - Processing file /home/beau/airflow/py_env/lib/python3.10/site-packages/airflow/example_dags/example_task_group_decorator.py for tasks to queue
[2023-09-27T22:44:18.159-0400] {logging_mixin.py:151} INFO - [2023-09-27T22:44:18.158-0400] {dagbag.py:539} INFO - Filling up the DagBag from /home/beau/airflow/py_env/lib/python3.10/site-packages/airflow/example_dags/example_task_group_decorator.py
[2023-09-27T22:44:18.206-0400] {processor.py:839} INFO - DAG(s) dict_keys(['example_task_group_decorator']) retrieved from /home/beau/airflow/py_env/lib/python3.10/site-packages/airflow/example_dags/example_task_group_decorator.py
[2023-09-27T22:44:18.229-0400] {logging_mixin.py:151} INFO - [2023-09-27T22:44:18.229-0400] {dag.py:2915} INFO - Sync 1 DAGs
[2023-09-27T22:44:18.247-0400] {logging_mixin.py:151} INFO - [2023-09-27T22:44:18.246-0400] {dag.py:3696} INFO - Setting next_dagrun for example_task_group_decorator to 2023-09-27T02:44:18.246663+00:00, run_after=2023-09-28T02:44:18.246663+00:00
[2023-09-27T22:44:18.273-0400] {processor.py:179} INFO - Processing /home/beau/airflow/py_env/lib/python3.10/site-packages/airflow/example_dags/example_task_group_decorator.py took 0.124 seconds
[2023-09-27T22:44:59.045-0400] {processor.py:157} INFO - Started process (PID=14187) to work on /home/beau/airflow/py_env/lib/python3.10/site-packages/airflow/example_dags/example_task_group_decorator.py
[2023-09-27T22:44:59.050-0400] {processor.py:829} INFO - Processing file /home/beau/airflow/py_env/lib/python3.10/site-packages/airflow/example_dags/example_task_group_decorator.py for tasks to queue
[2023-09-27T22:44:59.051-0400] {logging_mixin.py:151} INFO - [2023-09-27T22:44:59.050-0400] {dagbag.py:539} INFO - Filling up the DagBag from /home/beau/airflow/py_env/lib/python3.10/site-packages/airflow/example_dags/example_task_group_decorator.py
[2023-09-27T22:44:59.065-0400] {processor.py:839} INFO - DAG(s) dict_keys(['example_task_group_decorator']) retrieved from /home/beau/airflow/py_env/lib/python3.10/site-packages/airflow/example_dags/example_task_group_decorator.py
[2023-09-27T22:44:59.082-0400] {logging_mixin.py:151} INFO - [2023-09-27T22:44:59.082-0400] {dag.py:2915} INFO - Sync 1 DAGs
[2023-09-27T22:44:59.100-0400] {logging_mixin.py:151} INFO - [2023-09-27T22:44:59.100-0400] {dag.py:3696} INFO - Setting next_dagrun for example_task_group_decorator to 2023-09-27T02:44:59.099910+00:00, run_after=2023-09-28T02:44:59.099910+00:00
[2023-09-27T22:44:59.123-0400] {processor.py:179} INFO - Processing /home/beau/airflow/py_env/lib/python3.10/site-packages/airflow/example_dags/example_task_group_decorator.py took 0.084 seconds
[2023-09-27T22:45:53.717-0400] {processor.py:157} INFO - Started process (PID=14790) to work on /home/beau/airflow/py_env/lib/python3.10/site-packages/airflow/example_dags/example_task_group_decorator.py
[2023-09-27T22:45:53.720-0400] {processor.py:829} INFO - Processing file /home/beau/airflow/py_env/lib/python3.10/site-packages/airflow/example_dags/example_task_group_decorator.py for tasks to queue
[2023-09-27T22:45:53.721-0400] {logging_mixin.py:151} INFO - [2023-09-27T22:45:53.721-0400] {dagbag.py:539} INFO - Filling up the DagBag from /home/beau/airflow/py_env/lib/python3.10/site-packages/airflow/example_dags/example_task_group_decorator.py
[2023-09-27T22:45:53.738-0400] {processor.py:839} INFO - DAG(s) dict_keys(['example_task_group_decorator']) retrieved from /home/beau/airflow/py_env/lib/python3.10/site-packages/airflow/example_dags/example_task_group_decorator.py
[2023-09-27T22:45:53.758-0400] {logging_mixin.py:151} INFO - [2023-09-27T22:45:53.758-0400] {dag.py:2915} INFO - Sync 1 DAGs
[2023-09-27T22:45:53.778-0400] {logging_mixin.py:151} INFO - [2023-09-27T22:45:53.778-0400] {dag.py:3696} INFO - Setting next_dagrun for example_task_group_decorator to 2023-09-27T02:45:53.777826+00:00, run_after=2023-09-28T02:45:53.777826+00:00
[2023-09-27T22:45:53.809-0400] {processor.py:179} INFO - Processing /home/beau/airflow/py_env/lib/python3.10/site-packages/airflow/example_dags/example_task_group_decorator.py took 0.098 seconds
[2023-09-27T22:46:34.277-0400] {processor.py:157} INFO - Started process (PID=15226) to work on /home/beau/airflow/py_env/lib/python3.10/site-packages/airflow/example_dags/example_task_group_decorator.py
[2023-09-27T22:46:34.281-0400] {processor.py:829} INFO - Processing file /home/beau/airflow/py_env/lib/python3.10/site-packages/airflow/example_dags/example_task_group_decorator.py for tasks to queue
[2023-09-27T22:46:34.284-0400] {logging_mixin.py:151} INFO - [2023-09-27T22:46:34.283-0400] {dagbag.py:539} INFO - Filling up the DagBag from /home/beau/airflow/py_env/lib/python3.10/site-packages/airflow/example_dags/example_task_group_decorator.py
[2023-09-27T22:46:34.305-0400] {processor.py:839} INFO - DAG(s) dict_keys(['example_task_group_decorator']) retrieved from /home/beau/airflow/py_env/lib/python3.10/site-packages/airflow/example_dags/example_task_group_decorator.py
[2023-09-27T22:46:34.325-0400] {logging_mixin.py:151} INFO - [2023-09-27T22:46:34.324-0400] {dag.py:2915} INFO - Sync 1 DAGs
[2023-09-27T22:46:34.346-0400] {logging_mixin.py:151} INFO - [2023-09-27T22:46:34.346-0400] {dag.py:3696} INFO - Setting next_dagrun for example_task_group_decorator to 2023-09-27T02:46:34.346177+00:00, run_after=2023-09-28T02:46:34.346177+00:00
[2023-09-27T22:46:34.387-0400] {processor.py:179} INFO - Processing /home/beau/airflow/py_env/lib/python3.10/site-packages/airflow/example_dags/example_task_group_decorator.py took 0.115 seconds
[2023-09-27T22:47:32.724-0400] {processor.py:157} INFO - Started process (PID=15928) to work on /home/beau/airflow/py_env/lib/python3.10/site-packages/airflow/example_dags/example_task_group_decorator.py
[2023-09-27T22:47:32.728-0400] {processor.py:829} INFO - Processing file /home/beau/airflow/py_env/lib/python3.10/site-packages/airflow/example_dags/example_task_group_decorator.py for tasks to queue
[2023-09-27T22:47:32.730-0400] {logging_mixin.py:151} INFO - [2023-09-27T22:47:32.729-0400] {dagbag.py:539} INFO - Filling up the DagBag from /home/beau/airflow/py_env/lib/python3.10/site-packages/airflow/example_dags/example_task_group_decorator.py
[2023-09-27T22:47:32.748-0400] {processor.py:839} INFO - DAG(s) dict_keys(['example_task_group_decorator']) retrieved from /home/beau/airflow/py_env/lib/python3.10/site-packages/airflow/example_dags/example_task_group_decorator.py
[2023-09-27T22:47:32.766-0400] {logging_mixin.py:151} INFO - [2023-09-27T22:47:32.766-0400] {dag.py:2915} INFO - Sync 1 DAGs
[2023-09-27T22:47:32.786-0400] {logging_mixin.py:151} INFO - [2023-09-27T22:47:32.785-0400] {dag.py:3696} INFO - Setting next_dagrun for example_task_group_decorator to 2023-09-27T02:47:32.785762+00:00, run_after=2023-09-28T02:47:32.785762+00:00
[2023-09-27T22:47:32.816-0400] {processor.py:179} INFO - Processing /home/beau/airflow/py_env/lib/python3.10/site-packages/airflow/example_dags/example_task_group_decorator.py took 0.097 seconds
[2023-09-27T22:48:32.580-0400] {processor.py:157} INFO - Started process (PID=16534) to work on /home/beau/airflow/py_env/lib/python3.10/site-packages/airflow/example_dags/example_task_group_decorator.py
[2023-09-27T22:48:32.585-0400] {processor.py:829} INFO - Processing file /home/beau/airflow/py_env/lib/python3.10/site-packages/airflow/example_dags/example_task_group_decorator.py for tasks to queue
[2023-09-27T22:48:32.586-0400] {logging_mixin.py:151} INFO - [2023-09-27T22:48:32.586-0400] {dagbag.py:539} INFO - Filling up the DagBag from /home/beau/airflow/py_env/lib/python3.10/site-packages/airflow/example_dags/example_task_group_decorator.py
[2023-09-27T22:48:32.605-0400] {processor.py:839} INFO - DAG(s) dict_keys(['example_task_group_decorator']) retrieved from /home/beau/airflow/py_env/lib/python3.10/site-packages/airflow/example_dags/example_task_group_decorator.py
[2023-09-27T22:48:32.625-0400] {logging_mixin.py:151} INFO - [2023-09-27T22:48:32.625-0400] {dag.py:2915} INFO - Sync 1 DAGs
[2023-09-27T22:48:32.642-0400] {logging_mixin.py:151} INFO - [2023-09-27T22:48:32.642-0400] {dag.py:3696} INFO - Setting next_dagrun for example_task_group_decorator to 2023-09-27T02:48:32.642245+00:00, run_after=2023-09-28T02:48:32.642245+00:00
[2023-09-27T22:48:32.668-0400] {processor.py:179} INFO - Processing /home/beau/airflow/py_env/lib/python3.10/site-packages/airflow/example_dags/example_task_group_decorator.py took 0.096 seconds
[2023-09-27T22:49:12.516-0400] {processor.py:157} INFO - Started process (PID=16917) to work on /home/beau/airflow/py_env/lib/python3.10/site-packages/airflow/example_dags/example_task_group_decorator.py
[2023-09-27T22:49:12.519-0400] {processor.py:829} INFO - Processing file /home/beau/airflow/py_env/lib/python3.10/site-packages/airflow/example_dags/example_task_group_decorator.py for tasks to queue
[2023-09-27T22:49:12.520-0400] {logging_mixin.py:151} INFO - [2023-09-27T22:49:12.520-0400] {dagbag.py:539} INFO - Filling up the DagBag from /home/beau/airflow/py_env/lib/python3.10/site-packages/airflow/example_dags/example_task_group_decorator.py
[2023-09-27T22:49:12.535-0400] {processor.py:839} INFO - DAG(s) dict_keys(['example_task_group_decorator']) retrieved from /home/beau/airflow/py_env/lib/python3.10/site-packages/airflow/example_dags/example_task_group_decorator.py
[2023-09-27T22:49:12.554-0400] {logging_mixin.py:151} INFO - [2023-09-27T22:49:12.554-0400] {dag.py:2915} INFO - Sync 1 DAGs
[2023-09-27T22:49:12.574-0400] {logging_mixin.py:151} INFO - [2023-09-27T22:49:12.574-0400] {dag.py:3696} INFO - Setting next_dagrun for example_task_group_decorator to 2023-09-27T02:49:12.574176+00:00, run_after=2023-09-28T02:49:12.574176+00:00
[2023-09-27T22:49:12.601-0400] {processor.py:179} INFO - Processing /home/beau/airflow/py_env/lib/python3.10/site-packages/airflow/example_dags/example_task_group_decorator.py took 0.088 seconds
[2023-09-27T22:50:10.511-0400] {processor.py:157} INFO - Started process (PID=17214) to work on /home/beau/airflow/py_env/lib/python3.10/site-packages/airflow/example_dags/example_task_group_decorator.py
[2023-09-27T22:50:10.514-0400] {processor.py:829} INFO - Processing file /home/beau/airflow/py_env/lib/python3.10/site-packages/airflow/example_dags/example_task_group_decorator.py for tasks to queue
[2023-09-27T22:50:10.517-0400] {logging_mixin.py:151} INFO - [2023-09-27T22:50:10.516-0400] {dagbag.py:539} INFO - Filling up the DagBag from /home/beau/airflow/py_env/lib/python3.10/site-packages/airflow/example_dags/example_task_group_decorator.py
[2023-09-27T22:50:10.540-0400] {processor.py:839} INFO - DAG(s) dict_keys(['example_task_group_decorator']) retrieved from /home/beau/airflow/py_env/lib/python3.10/site-packages/airflow/example_dags/example_task_group_decorator.py
[2023-09-27T22:50:10.558-0400] {logging_mixin.py:151} INFO - [2023-09-27T22:50:10.558-0400] {dag.py:2915} INFO - Sync 1 DAGs
[2023-09-27T22:50:10.578-0400] {logging_mixin.py:151} INFO - [2023-09-27T22:50:10.578-0400] {dag.py:3696} INFO - Setting next_dagrun for example_task_group_decorator to 2023-09-27T02:50:10.578012+00:00, run_after=2023-09-28T02:50:10.578012+00:00
[2023-09-27T22:50:10.603-0400] {processor.py:179} INFO - Processing /home/beau/airflow/py_env/lib/python3.10/site-packages/airflow/example_dags/example_task_group_decorator.py took 0.102 seconds
[2023-09-27T22:51:02.876-0400] {processor.py:157} INFO - Started process (PID=17461) to work on /home/beau/airflow/py_env/lib/python3.10/site-packages/airflow/example_dags/example_task_group_decorator.py
[2023-09-27T22:51:02.880-0400] {processor.py:829} INFO - Processing file /home/beau/airflow/py_env/lib/python3.10/site-packages/airflow/example_dags/example_task_group_decorator.py for tasks to queue
[2023-09-27T22:51:02.882-0400] {logging_mixin.py:151} INFO - [2023-09-27T22:51:02.881-0400] {dagbag.py:539} INFO - Filling up the DagBag from /home/beau/airflow/py_env/lib/python3.10/site-packages/airflow/example_dags/example_task_group_decorator.py
[2023-09-27T22:51:02.906-0400] {processor.py:839} INFO - DAG(s) dict_keys(['example_task_group_decorator']) retrieved from /home/beau/airflow/py_env/lib/python3.10/site-packages/airflow/example_dags/example_task_group_decorator.py
[2023-09-27T22:51:02.927-0400] {logging_mixin.py:151} INFO - [2023-09-27T22:51:02.927-0400] {dag.py:2915} INFO - Sync 1 DAGs
[2023-09-27T22:51:02.942-0400] {logging_mixin.py:151} INFO - [2023-09-27T22:51:02.942-0400] {dag.py:3696} INFO - Setting next_dagrun for example_task_group_decorator to 2023-09-27T02:51:02.942428+00:00, run_after=2023-09-28T02:51:02.942428+00:00
[2023-09-27T22:51:02.967-0400] {processor.py:179} INFO - Processing /home/beau/airflow/py_env/lib/python3.10/site-packages/airflow/example_dags/example_task_group_decorator.py took 0.096 seconds
[2023-09-27T22:51:59.952-0400] {processor.py:157} INFO - Started process (PID=17722) to work on /home/beau/airflow/py_env/lib/python3.10/site-packages/airflow/example_dags/example_task_group_decorator.py
[2023-09-27T22:51:59.957-0400] {processor.py:829} INFO - Processing file /home/beau/airflow/py_env/lib/python3.10/site-packages/airflow/example_dags/example_task_group_decorator.py for tasks to queue
[2023-09-27T22:51:59.959-0400] {logging_mixin.py:151} INFO - [2023-09-27T22:51:59.958-0400] {dagbag.py:539} INFO - Filling up the DagBag from /home/beau/airflow/py_env/lib/python3.10/site-packages/airflow/example_dags/example_task_group_decorator.py
[2023-09-27T22:51:59.984-0400] {processor.py:839} INFO - DAG(s) dict_keys(['example_task_group_decorator']) retrieved from /home/beau/airflow/py_env/lib/python3.10/site-packages/airflow/example_dags/example_task_group_decorator.py
[2023-09-27T22:52:00.003-0400] {logging_mixin.py:151} INFO - [2023-09-27T22:52:00.003-0400] {dag.py:2915} INFO - Sync 1 DAGs
[2023-09-27T22:52:00.021-0400] {logging_mixin.py:151} INFO - [2023-09-27T22:52:00.021-0400] {dag.py:3696} INFO - Setting next_dagrun for example_task_group_decorator to 2023-09-27T02:52:00.021219+00:00, run_after=2023-09-28T02:52:00.021219+00:00
[2023-09-27T22:52:00.046-0400] {processor.py:179} INFO - Processing /home/beau/airflow/py_env/lib/python3.10/site-packages/airflow/example_dags/example_task_group_decorator.py took 0.102 seconds
[2023-09-27T22:52:53.999-0400] {processor.py:157} INFO - Started process (PID=18077) to work on /home/beau/airflow/py_env/lib/python3.10/site-packages/airflow/example_dags/example_task_group_decorator.py
[2023-09-27T22:52:54.004-0400] {processor.py:829} INFO - Processing file /home/beau/airflow/py_env/lib/python3.10/site-packages/airflow/example_dags/example_task_group_decorator.py for tasks to queue
[2023-09-27T22:52:54.006-0400] {logging_mixin.py:151} INFO - [2023-09-27T22:52:54.005-0400] {dagbag.py:539} INFO - Filling up the DagBag from /home/beau/airflow/py_env/lib/python3.10/site-packages/airflow/example_dags/example_task_group_decorator.py
[2023-09-27T22:52:54.026-0400] {processor.py:839} INFO - DAG(s) dict_keys(['example_task_group_decorator']) retrieved from /home/beau/airflow/py_env/lib/python3.10/site-packages/airflow/example_dags/example_task_group_decorator.py
[2023-09-27T22:52:54.044-0400] {logging_mixin.py:151} INFO - [2023-09-27T22:52:54.043-0400] {dag.py:2915} INFO - Sync 1 DAGs
[2023-09-27T22:52:54.060-0400] {logging_mixin.py:151} INFO - [2023-09-27T22:52:54.060-0400] {dag.py:3696} INFO - Setting next_dagrun for example_task_group_decorator to 2023-09-27T02:52:54.059952+00:00, run_after=2023-09-28T02:52:54.059952+00:00
[2023-09-27T22:52:54.089-0400] {processor.py:179} INFO - Processing /home/beau/airflow/py_env/lib/python3.10/site-packages/airflow/example_dags/example_task_group_decorator.py took 0.096 seconds
[2023-09-27T22:53:47.261-0400] {processor.py:157} INFO - Started process (PID=18518) to work on /home/beau/airflow/py_env/lib/python3.10/site-packages/airflow/example_dags/example_task_group_decorator.py
[2023-09-27T22:53:47.264-0400] {processor.py:829} INFO - Processing file /home/beau/airflow/py_env/lib/python3.10/site-packages/airflow/example_dags/example_task_group_decorator.py for tasks to queue
[2023-09-27T22:53:47.266-0400] {logging_mixin.py:151} INFO - [2023-09-27T22:53:47.265-0400] {dagbag.py:539} INFO - Filling up the DagBag from /home/beau/airflow/py_env/lib/python3.10/site-packages/airflow/example_dags/example_task_group_decorator.py
[2023-09-27T22:53:47.280-0400] {processor.py:839} INFO - DAG(s) dict_keys(['example_task_group_decorator']) retrieved from /home/beau/airflow/py_env/lib/python3.10/site-packages/airflow/example_dags/example_task_group_decorator.py
[2023-09-27T22:53:47.299-0400] {logging_mixin.py:151} INFO - [2023-09-27T22:53:47.298-0400] {dag.py:2915} INFO - Sync 1 DAGs
[2023-09-27T22:53:47.315-0400] {logging_mixin.py:151} INFO - [2023-09-27T22:53:47.315-0400] {dag.py:3696} INFO - Setting next_dagrun for example_task_group_decorator to 2023-09-27T02:53:47.315409+00:00, run_after=2023-09-28T02:53:47.315409+00:00
[2023-09-27T22:53:47.343-0400] {processor.py:179} INFO - Processing /home/beau/airflow/py_env/lib/python3.10/site-packages/airflow/example_dags/example_task_group_decorator.py took 0.087 seconds
[2023-09-27T22:54:41.704-0400] {processor.py:157} INFO - Started process (PID=19095) to work on /home/beau/airflow/py_env/lib/python3.10/site-packages/airflow/example_dags/example_task_group_decorator.py
[2023-09-27T22:54:41.708-0400] {processor.py:829} INFO - Processing file /home/beau/airflow/py_env/lib/python3.10/site-packages/airflow/example_dags/example_task_group_decorator.py for tasks to queue
[2023-09-27T22:54:41.709-0400] {logging_mixin.py:151} INFO - [2023-09-27T22:54:41.709-0400] {dagbag.py:539} INFO - Filling up the DagBag from /home/beau/airflow/py_env/lib/python3.10/site-packages/airflow/example_dags/example_task_group_decorator.py
[2023-09-27T22:54:41.722-0400] {processor.py:839} INFO - DAG(s) dict_keys(['example_task_group_decorator']) retrieved from /home/beau/airflow/py_env/lib/python3.10/site-packages/airflow/example_dags/example_task_group_decorator.py
[2023-09-27T22:54:41.738-0400] {logging_mixin.py:151} INFO - [2023-09-27T22:54:41.738-0400] {dag.py:2915} INFO - Sync 1 DAGs
[2023-09-27T22:54:41.754-0400] {logging_mixin.py:151} INFO - [2023-09-27T22:54:41.754-0400] {dag.py:3696} INFO - Setting next_dagrun for example_task_group_decorator to 2023-09-27T02:54:41.754477+00:00, run_after=2023-09-28T02:54:41.754477+00:00
[2023-09-27T22:54:41.777-0400] {processor.py:179} INFO - Processing /home/beau/airflow/py_env/lib/python3.10/site-packages/airflow/example_dags/example_task_group_decorator.py took 0.076 seconds
[2023-09-27T22:55:37.315-0400] {processor.py:157} INFO - Started process (PID=19587) to work on /home/beau/airflow/py_env/lib/python3.10/site-packages/airflow/example_dags/example_task_group_decorator.py
[2023-09-27T22:55:37.317-0400] {processor.py:829} INFO - Processing file /home/beau/airflow/py_env/lib/python3.10/site-packages/airflow/example_dags/example_task_group_decorator.py for tasks to queue
[2023-09-27T22:55:37.318-0400] {logging_mixin.py:151} INFO - [2023-09-27T22:55:37.318-0400] {dagbag.py:539} INFO - Filling up the DagBag from /home/beau/airflow/py_env/lib/python3.10/site-packages/airflow/example_dags/example_task_group_decorator.py
[2023-09-27T22:55:37.337-0400] {processor.py:839} INFO - DAG(s) dict_keys(['example_task_group_decorator']) retrieved from /home/beau/airflow/py_env/lib/python3.10/site-packages/airflow/example_dags/example_task_group_decorator.py
[2023-09-27T22:55:37.353-0400] {logging_mixin.py:151} INFO - [2023-09-27T22:55:37.353-0400] {dag.py:2915} INFO - Sync 1 DAGs
[2023-09-27T22:55:37.369-0400] {logging_mixin.py:151} INFO - [2023-09-27T22:55:37.369-0400] {dag.py:3696} INFO - Setting next_dagrun for example_task_group_decorator to 2023-09-27T02:55:37.369354+00:00, run_after=2023-09-28T02:55:37.369354+00:00
[2023-09-27T22:55:37.391-0400] {processor.py:179} INFO - Processing /home/beau/airflow/py_env/lib/python3.10/site-packages/airflow/example_dags/example_task_group_decorator.py took 0.081 seconds
[2023-09-27T22:56:17.611-0400] {processor.py:157} INFO - Started process (PID=19924) to work on /home/beau/airflow/py_env/lib/python3.10/site-packages/airflow/example_dags/example_task_group_decorator.py
[2023-09-27T22:56:17.613-0400] {processor.py:829} INFO - Processing file /home/beau/airflow/py_env/lib/python3.10/site-packages/airflow/example_dags/example_task_group_decorator.py for tasks to queue
[2023-09-27T22:56:17.615-0400] {logging_mixin.py:151} INFO - [2023-09-27T22:56:17.614-0400] {dagbag.py:539} INFO - Filling up the DagBag from /home/beau/airflow/py_env/lib/python3.10/site-packages/airflow/example_dags/example_task_group_decorator.py
[2023-09-27T22:56:17.640-0400] {processor.py:839} INFO - DAG(s) dict_keys(['example_task_group_decorator']) retrieved from /home/beau/airflow/py_env/lib/python3.10/site-packages/airflow/example_dags/example_task_group_decorator.py
[2023-09-27T22:56:17.659-0400] {logging_mixin.py:151} INFO - [2023-09-27T22:56:17.659-0400] {dag.py:2915} INFO - Sync 1 DAGs
[2023-09-27T22:56:17.678-0400] {logging_mixin.py:151} INFO - [2023-09-27T22:56:17.678-0400] {dag.py:3696} INFO - Setting next_dagrun for example_task_group_decorator to 2023-09-27T02:56:17.678312+00:00, run_after=2023-09-28T02:56:17.678312+00:00
[2023-09-27T22:56:17.706-0400] {processor.py:179} INFO - Processing /home/beau/airflow/py_env/lib/python3.10/site-packages/airflow/example_dags/example_task_group_decorator.py took 0.102 seconds
[2023-09-27T22:57:05.519-0400] {processor.py:157} INFO - Started process (PID=20460) to work on /home/beau/airflow/py_env/lib/python3.10/site-packages/airflow/example_dags/example_task_group_decorator.py
[2023-09-27T22:57:05.520-0400] {processor.py:829} INFO - Processing file /home/beau/airflow/py_env/lib/python3.10/site-packages/airflow/example_dags/example_task_group_decorator.py for tasks to queue
[2023-09-27T22:57:05.521-0400] {logging_mixin.py:151} INFO - [2023-09-27T22:57:05.521-0400] {dagbag.py:539} INFO - Filling up the DagBag from /home/beau/airflow/py_env/lib/python3.10/site-packages/airflow/example_dags/example_task_group_decorator.py
[2023-09-27T22:57:05.537-0400] {processor.py:839} INFO - DAG(s) dict_keys(['example_task_group_decorator']) retrieved from /home/beau/airflow/py_env/lib/python3.10/site-packages/airflow/example_dags/example_task_group_decorator.py
[2023-09-27T22:57:05.558-0400] {logging_mixin.py:151} INFO - [2023-09-27T22:57:05.558-0400] {dag.py:2915} INFO - Sync 1 DAGs
[2023-09-27T22:57:05.578-0400] {logging_mixin.py:151} INFO - [2023-09-27T22:57:05.578-0400] {dag.py:3696} INFO - Setting next_dagrun for example_task_group_decorator to 2023-09-27T02:57:05.577875+00:00, run_after=2023-09-28T02:57:05.577875+00:00
[2023-09-27T22:57:05.608-0400] {processor.py:179} INFO - Processing /home/beau/airflow/py_env/lib/python3.10/site-packages/airflow/example_dags/example_task_group_decorator.py took 0.092 seconds
[2023-09-27T22:57:56.941-0400] {processor.py:157} INFO - Started process (PID=20990) to work on /home/beau/airflow/py_env/lib/python3.10/site-packages/airflow/example_dags/example_task_group_decorator.py
[2023-09-27T22:57:56.946-0400] {processor.py:829} INFO - Processing file /home/beau/airflow/py_env/lib/python3.10/site-packages/airflow/example_dags/example_task_group_decorator.py for tasks to queue
[2023-09-27T22:57:56.948-0400] {logging_mixin.py:151} INFO - [2023-09-27T22:57:56.947-0400] {dagbag.py:539} INFO - Filling up the DagBag from /home/beau/airflow/py_env/lib/python3.10/site-packages/airflow/example_dags/example_task_group_decorator.py
[2023-09-27T22:57:56.971-0400] {processor.py:839} INFO - DAG(s) dict_keys(['example_task_group_decorator']) retrieved from /home/beau/airflow/py_env/lib/python3.10/site-packages/airflow/example_dags/example_task_group_decorator.py
[2023-09-27T22:57:56.991-0400] {logging_mixin.py:151} INFO - [2023-09-27T22:57:56.991-0400] {dag.py:2915} INFO - Sync 1 DAGs
[2023-09-27T22:57:57.009-0400] {logging_mixin.py:151} INFO - [2023-09-27T22:57:57.009-0400] {dag.py:3696} INFO - Setting next_dagrun for example_task_group_decorator to 2023-09-27T02:57:57.009151+00:00, run_after=2023-09-28T02:57:57.009151+00:00
[2023-09-27T22:57:57.038-0400] {processor.py:179} INFO - Processing /home/beau/airflow/py_env/lib/python3.10/site-packages/airflow/example_dags/example_task_group_decorator.py took 0.106 seconds
[2023-09-27T22:58:51.500-0400] {processor.py:157} INFO - Started process (PID=21473) to work on /home/beau/airflow/py_env/lib/python3.10/site-packages/airflow/example_dags/example_task_group_decorator.py
[2023-09-27T22:58:51.503-0400] {processor.py:829} INFO - Processing file /home/beau/airflow/py_env/lib/python3.10/site-packages/airflow/example_dags/example_task_group_decorator.py for tasks to queue
[2023-09-27T22:58:51.504-0400] {logging_mixin.py:151} INFO - [2023-09-27T22:58:51.504-0400] {dagbag.py:539} INFO - Filling up the DagBag from /home/beau/airflow/py_env/lib/python3.10/site-packages/airflow/example_dags/example_task_group_decorator.py
[2023-09-27T22:58:51.520-0400] {processor.py:839} INFO - DAG(s) dict_keys(['example_task_group_decorator']) retrieved from /home/beau/airflow/py_env/lib/python3.10/site-packages/airflow/example_dags/example_task_group_decorator.py
[2023-09-27T22:58:51.538-0400] {logging_mixin.py:151} INFO - [2023-09-27T22:58:51.537-0400] {dag.py:2915} INFO - Sync 1 DAGs
[2023-09-27T22:58:51.555-0400] {logging_mixin.py:151} INFO - [2023-09-27T22:58:51.554-0400] {dag.py:3696} INFO - Setting next_dagrun for example_task_group_decorator to 2023-09-27T02:58:51.554639+00:00, run_after=2023-09-28T02:58:51.554639+00:00
[2023-09-27T22:58:51.579-0400] {processor.py:179} INFO - Processing /home/beau/airflow/py_env/lib/python3.10/site-packages/airflow/example_dags/example_task_group_decorator.py took 0.082 seconds
[2023-09-27T22:59:45.131-0400] {processor.py:157} INFO - Started process (PID=21768) to work on /home/beau/airflow/py_env/lib/python3.10/site-packages/airflow/example_dags/example_task_group_decorator.py
[2023-09-27T22:59:45.135-0400] {processor.py:829} INFO - Processing file /home/beau/airflow/py_env/lib/python3.10/site-packages/airflow/example_dags/example_task_group_decorator.py for tasks to queue
[2023-09-27T22:59:45.138-0400] {logging_mixin.py:151} INFO - [2023-09-27T22:59:45.137-0400] {dagbag.py:539} INFO - Filling up the DagBag from /home/beau/airflow/py_env/lib/python3.10/site-packages/airflow/example_dags/example_task_group_decorator.py
[2023-09-27T22:59:45.169-0400] {processor.py:839} INFO - DAG(s) dict_keys(['example_task_group_decorator']) retrieved from /home/beau/airflow/py_env/lib/python3.10/site-packages/airflow/example_dags/example_task_group_decorator.py
[2023-09-27T22:59:45.188-0400] {logging_mixin.py:151} INFO - [2023-09-27T22:59:45.188-0400] {dag.py:2915} INFO - Sync 1 DAGs
[2023-09-27T22:59:45.213-0400] {logging_mixin.py:151} INFO - [2023-09-27T22:59:45.213-0400] {dag.py:3696} INFO - Setting next_dagrun for example_task_group_decorator to 2023-09-27T02:59:45.212816+00:00, run_after=2023-09-28T02:59:45.212816+00:00
[2023-09-27T22:59:45.242-0400] {processor.py:179} INFO - Processing /home/beau/airflow/py_env/lib/python3.10/site-packages/airflow/example_dags/example_task_group_decorator.py took 0.123 seconds
[2023-09-27T23:00:42.944-0400] {processor.py:157} INFO - Started process (PID=22028) to work on /home/beau/airflow/py_env/lib/python3.10/site-packages/airflow/example_dags/example_task_group_decorator.py
[2023-09-27T23:00:42.949-0400] {processor.py:829} INFO - Processing file /home/beau/airflow/py_env/lib/python3.10/site-packages/airflow/example_dags/example_task_group_decorator.py for tasks to queue
[2023-09-27T23:00:42.951-0400] {logging_mixin.py:151} INFO - [2023-09-27T23:00:42.950-0400] {dagbag.py:539} INFO - Filling up the DagBag from /home/beau/airflow/py_env/lib/python3.10/site-packages/airflow/example_dags/example_task_group_decorator.py
[2023-09-27T23:00:42.973-0400] {processor.py:839} INFO - DAG(s) dict_keys(['example_task_group_decorator']) retrieved from /home/beau/airflow/py_env/lib/python3.10/site-packages/airflow/example_dags/example_task_group_decorator.py
[2023-09-27T23:00:42.988-0400] {logging_mixin.py:151} INFO - [2023-09-27T23:00:42.988-0400] {dag.py:2915} INFO - Sync 1 DAGs
[2023-09-27T23:00:43.003-0400] {logging_mixin.py:151} INFO - [2023-09-27T23:00:43.003-0400] {dag.py:3696} INFO - Setting next_dagrun for example_task_group_decorator to 2023-09-27T03:00:43.002988+00:00, run_after=2023-09-28T03:00:43.002988+00:00
[2023-09-27T23:00:43.032-0400] {processor.py:179} INFO - Processing /home/beau/airflow/py_env/lib/python3.10/site-packages/airflow/example_dags/example_task_group_decorator.py took 0.095 seconds
[2023-09-27T23:01:32.356-0400] {processor.py:157} INFO - Started process (PID=22266) to work on /home/beau/airflow/py_env/lib/python3.10/site-packages/airflow/example_dags/example_task_group_decorator.py
[2023-09-27T23:01:32.361-0400] {processor.py:829} INFO - Processing file /home/beau/airflow/py_env/lib/python3.10/site-packages/airflow/example_dags/example_task_group_decorator.py for tasks to queue
[2023-09-27T23:01:32.363-0400] {logging_mixin.py:151} INFO - [2023-09-27T23:01:32.362-0400] {dagbag.py:539} INFO - Filling up the DagBag from /home/beau/airflow/py_env/lib/python3.10/site-packages/airflow/example_dags/example_task_group_decorator.py
[2023-09-27T23:01:32.384-0400] {processor.py:839} INFO - DAG(s) dict_keys(['example_task_group_decorator']) retrieved from /home/beau/airflow/py_env/lib/python3.10/site-packages/airflow/example_dags/example_task_group_decorator.py
[2023-09-27T23:01:32.399-0400] {logging_mixin.py:151} INFO - [2023-09-27T23:01:32.399-0400] {dag.py:2915} INFO - Sync 1 DAGs
[2023-09-27T23:01:32.414-0400] {logging_mixin.py:151} INFO - [2023-09-27T23:01:32.414-0400] {dag.py:3696} INFO - Setting next_dagrun for example_task_group_decorator to 2023-09-27T03:01:32.414290+00:00, run_after=2023-09-28T03:01:32.414290+00:00
[2023-09-27T23:01:32.441-0400] {processor.py:179} INFO - Processing /home/beau/airflow/py_env/lib/python3.10/site-packages/airflow/example_dags/example_task_group_decorator.py took 0.092 seconds
[2023-09-27T23:02:26.445-0400] {processor.py:157} INFO - Started process (PID=22512) to work on /home/beau/airflow/py_env/lib/python3.10/site-packages/airflow/example_dags/example_task_group_decorator.py
[2023-09-27T23:02:26.448-0400] {processor.py:829} INFO - Processing file /home/beau/airflow/py_env/lib/python3.10/site-packages/airflow/example_dags/example_task_group_decorator.py for tasks to queue
[2023-09-27T23:02:26.449-0400] {logging_mixin.py:151} INFO - [2023-09-27T23:02:26.449-0400] {dagbag.py:539} INFO - Filling up the DagBag from /home/beau/airflow/py_env/lib/python3.10/site-packages/airflow/example_dags/example_task_group_decorator.py
[2023-09-27T23:02:26.472-0400] {processor.py:839} INFO - DAG(s) dict_keys(['example_task_group_decorator']) retrieved from /home/beau/airflow/py_env/lib/python3.10/site-packages/airflow/example_dags/example_task_group_decorator.py
[2023-09-27T23:02:26.490-0400] {logging_mixin.py:151} INFO - [2023-09-27T23:02:26.490-0400] {dag.py:2915} INFO - Sync 1 DAGs
[2023-09-27T23:02:26.507-0400] {logging_mixin.py:151} INFO - [2023-09-27T23:02:26.507-0400] {dag.py:3696} INFO - Setting next_dagrun for example_task_group_decorator to 2023-09-27T03:02:26.506824+00:00, run_after=2023-09-28T03:02:26.506824+00:00
[2023-09-27T23:02:26.543-0400] {processor.py:179} INFO - Processing /home/beau/airflow/py_env/lib/python3.10/site-packages/airflow/example_dags/example_task_group_decorator.py took 0.106 seconds
[2023-09-27T23:03:13.636-0400] {processor.py:157} INFO - Started process (PID=22798) to work on /home/beau/airflow/py_env/lib/python3.10/site-packages/airflow/example_dags/example_task_group_decorator.py
[2023-09-27T23:03:13.640-0400] {processor.py:829} INFO - Processing file /home/beau/airflow/py_env/lib/python3.10/site-packages/airflow/example_dags/example_task_group_decorator.py for tasks to queue
[2023-09-27T23:03:13.642-0400] {logging_mixin.py:151} INFO - [2023-09-27T23:03:13.641-0400] {dagbag.py:539} INFO - Filling up the DagBag from /home/beau/airflow/py_env/lib/python3.10/site-packages/airflow/example_dags/example_task_group_decorator.py
[2023-09-27T23:03:13.665-0400] {processor.py:839} INFO - DAG(s) dict_keys(['example_task_group_decorator']) retrieved from /home/beau/airflow/py_env/lib/python3.10/site-packages/airflow/example_dags/example_task_group_decorator.py
[2023-09-27T23:03:13.686-0400] {logging_mixin.py:151} INFO - [2023-09-27T23:03:13.686-0400] {dag.py:2915} INFO - Sync 1 DAGs
[2023-09-27T23:03:13.704-0400] {logging_mixin.py:151} INFO - [2023-09-27T23:03:13.704-0400] {dag.py:3696} INFO - Setting next_dagrun for example_task_group_decorator to 2023-09-27T03:03:13.704299+00:00, run_after=2023-09-28T03:03:13.704299+00:00
[2023-09-27T23:03:13.732-0400] {processor.py:179} INFO - Processing /home/beau/airflow/py_env/lib/python3.10/site-packages/airflow/example_dags/example_task_group_decorator.py took 0.101 seconds
[2023-09-27T23:04:05.708-0400] {processor.py:157} INFO - Started process (PID=23292) to work on /home/beau/airflow/py_env/lib/python3.10/site-packages/airflow/example_dags/example_task_group_decorator.py
[2023-09-27T23:04:05.711-0400] {processor.py:829} INFO - Processing file /home/beau/airflow/py_env/lib/python3.10/site-packages/airflow/example_dags/example_task_group_decorator.py for tasks to queue
[2023-09-27T23:04:05.712-0400] {logging_mixin.py:151} INFO - [2023-09-27T23:04:05.712-0400] {dagbag.py:539} INFO - Filling up the DagBag from /home/beau/airflow/py_env/lib/python3.10/site-packages/airflow/example_dags/example_task_group_decorator.py
[2023-09-27T23:04:05.731-0400] {processor.py:839} INFO - DAG(s) dict_keys(['example_task_group_decorator']) retrieved from /home/beau/airflow/py_env/lib/python3.10/site-packages/airflow/example_dags/example_task_group_decorator.py
[2023-09-27T23:04:05.746-0400] {logging_mixin.py:151} INFO - [2023-09-27T23:04:05.746-0400] {dag.py:2915} INFO - Sync 1 DAGs
[2023-09-27T23:04:05.761-0400] {logging_mixin.py:151} INFO - [2023-09-27T23:04:05.761-0400] {dag.py:3696} INFO - Setting next_dagrun for example_task_group_decorator to 2023-09-27T03:04:05.761286+00:00, run_after=2023-09-28T03:04:05.761286+00:00
[2023-09-27T23:04:05.784-0400] {processor.py:179} INFO - Processing /home/beau/airflow/py_env/lib/python3.10/site-packages/airflow/example_dags/example_task_group_decorator.py took 0.083 seconds
[2023-09-27T23:04:59.295-0400] {processor.py:157} INFO - Started process (PID=23540) to work on /home/beau/airflow/py_env/lib/python3.10/site-packages/airflow/example_dags/example_task_group_decorator.py
[2023-09-27T23:04:59.298-0400] {processor.py:829} INFO - Processing file /home/beau/airflow/py_env/lib/python3.10/site-packages/airflow/example_dags/example_task_group_decorator.py for tasks to queue
[2023-09-27T23:04:59.300-0400] {logging_mixin.py:151} INFO - [2023-09-27T23:04:59.299-0400] {dagbag.py:539} INFO - Filling up the DagBag from /home/beau/airflow/py_env/lib/python3.10/site-packages/airflow/example_dags/example_task_group_decorator.py
[2023-09-27T23:04:59.319-0400] {processor.py:839} INFO - DAG(s) dict_keys(['example_task_group_decorator']) retrieved from /home/beau/airflow/py_env/lib/python3.10/site-packages/airflow/example_dags/example_task_group_decorator.py
[2023-09-27T23:04:59.340-0400] {logging_mixin.py:151} INFO - [2023-09-27T23:04:59.340-0400] {dag.py:2915} INFO - Sync 1 DAGs
[2023-09-27T23:04:59.359-0400] {logging_mixin.py:151} INFO - [2023-09-27T23:04:59.359-0400] {dag.py:3696} INFO - Setting next_dagrun for example_task_group_decorator to 2023-09-27T03:04:59.359391+00:00, run_after=2023-09-28T03:04:59.359391+00:00
[2023-09-27T23:04:59.388-0400] {processor.py:179} INFO - Processing /home/beau/airflow/py_env/lib/python3.10/site-packages/airflow/example_dags/example_task_group_decorator.py took 0.098 seconds
[2023-09-27T23:05:56.071-0400] {processor.py:157} INFO - Started process (PID=23793) to work on /home/beau/airflow/py_env/lib/python3.10/site-packages/airflow/example_dags/example_task_group_decorator.py
[2023-09-27T23:05:56.074-0400] {processor.py:829} INFO - Processing file /home/beau/airflow/py_env/lib/python3.10/site-packages/airflow/example_dags/example_task_group_decorator.py for tasks to queue
[2023-09-27T23:05:56.077-0400] {logging_mixin.py:151} INFO - [2023-09-27T23:05:56.076-0400] {dagbag.py:539} INFO - Filling up the DagBag from /home/beau/airflow/py_env/lib/python3.10/site-packages/airflow/example_dags/example_task_group_decorator.py
[2023-09-27T23:05:56.107-0400] {processor.py:839} INFO - DAG(s) dict_keys(['example_task_group_decorator']) retrieved from /home/beau/airflow/py_env/lib/python3.10/site-packages/airflow/example_dags/example_task_group_decorator.py
[2023-09-27T23:05:56.131-0400] {logging_mixin.py:151} INFO - [2023-09-27T23:05:56.131-0400] {dag.py:2915} INFO - Sync 1 DAGs
[2023-09-27T23:05:56.156-0400] {logging_mixin.py:151} INFO - [2023-09-27T23:05:56.155-0400] {dag.py:3696} INFO - Setting next_dagrun for example_task_group_decorator to 2023-09-27T03:05:56.155230+00:00, run_after=2023-09-28T03:05:56.155230+00:00
[2023-09-27T23:05:56.185-0400] {processor.py:179} INFO - Processing /home/beau/airflow/py_env/lib/python3.10/site-packages/airflow/example_dags/example_task_group_decorator.py took 0.123 seconds
[2023-09-27T23:06:56.027-0400] {processor.py:157} INFO - Started process (PID=24055) to work on /home/beau/airflow/py_env/lib/python3.10/site-packages/airflow/example_dags/example_task_group_decorator.py
[2023-09-27T23:06:56.034-0400] {processor.py:829} INFO - Processing file /home/beau/airflow/py_env/lib/python3.10/site-packages/airflow/example_dags/example_task_group_decorator.py for tasks to queue
[2023-09-27T23:06:56.037-0400] {logging_mixin.py:151} INFO - [2023-09-27T23:06:56.036-0400] {dagbag.py:539} INFO - Filling up the DagBag from /home/beau/airflow/py_env/lib/python3.10/site-packages/airflow/example_dags/example_task_group_decorator.py
[2023-09-27T23:06:56.071-0400] {processor.py:839} INFO - DAG(s) dict_keys(['example_task_group_decorator']) retrieved from /home/beau/airflow/py_env/lib/python3.10/site-packages/airflow/example_dags/example_task_group_decorator.py
[2023-09-27T23:06:56.093-0400] {logging_mixin.py:151} INFO - [2023-09-27T23:06:56.093-0400] {dag.py:2915} INFO - Sync 1 DAGs
[2023-09-27T23:06:56.121-0400] {logging_mixin.py:151} INFO - [2023-09-27T23:06:56.121-0400] {dag.py:3696} INFO - Setting next_dagrun for example_task_group_decorator to 2023-09-27T03:06:56.120729+00:00, run_after=2023-09-28T03:06:56.120729+00:00
[2023-09-27T23:06:56.151-0400] {processor.py:179} INFO - Processing /home/beau/airflow/py_env/lib/python3.10/site-packages/airflow/example_dags/example_task_group_decorator.py took 0.130 seconds
[2023-09-27T23:07:36.870-0400] {processor.py:157} INFO - Started process (PID=24190) to work on /home/beau/airflow/py_env/lib/python3.10/site-packages/airflow/example_dags/example_task_group_decorator.py
[2023-09-27T23:07:36.874-0400] {processor.py:829} INFO - Processing file /home/beau/airflow/py_env/lib/python3.10/site-packages/airflow/example_dags/example_task_group_decorator.py for tasks to queue
[2023-09-27T23:07:36.876-0400] {logging_mixin.py:151} INFO - [2023-09-27T23:07:36.875-0400] {dagbag.py:539} INFO - Filling up the DagBag from /home/beau/airflow/py_env/lib/python3.10/site-packages/airflow/example_dags/example_task_group_decorator.py
[2023-09-27T23:07:36.902-0400] {processor.py:839} INFO - DAG(s) dict_keys(['example_task_group_decorator']) retrieved from /home/beau/airflow/py_env/lib/python3.10/site-packages/airflow/example_dags/example_task_group_decorator.py
[2023-09-27T23:07:36.924-0400] {logging_mixin.py:151} INFO - [2023-09-27T23:07:36.924-0400] {dag.py:2915} INFO - Sync 1 DAGs
[2023-09-27T23:07:36.943-0400] {logging_mixin.py:151} INFO - [2023-09-27T23:07:36.943-0400] {dag.py:3696} INFO - Setting next_dagrun for example_task_group_decorator to 2023-09-27T03:07:36.942754+00:00, run_after=2023-09-28T03:07:36.942754+00:00
[2023-09-27T23:07:36.974-0400] {processor.py:179} INFO - Processing /home/beau/airflow/py_env/lib/python3.10/site-packages/airflow/example_dags/example_task_group_decorator.py took 0.114 seconds
[2023-09-27T23:08:19.887-0400] {processor.py:157} INFO - Started process (PID=24460) to work on /home/beau/airflow/py_env/lib/python3.10/site-packages/airflow/example_dags/example_task_group_decorator.py
[2023-09-27T23:08:19.891-0400] {processor.py:829} INFO - Processing file /home/beau/airflow/py_env/lib/python3.10/site-packages/airflow/example_dags/example_task_group_decorator.py for tasks to queue
[2023-09-27T23:08:19.893-0400] {logging_mixin.py:151} INFO - [2023-09-27T23:08:19.892-0400] {dagbag.py:539} INFO - Filling up the DagBag from /home/beau/airflow/py_env/lib/python3.10/site-packages/airflow/example_dags/example_task_group_decorator.py
[2023-09-27T23:08:19.918-0400] {processor.py:839} INFO - DAG(s) dict_keys(['example_task_group_decorator']) retrieved from /home/beau/airflow/py_env/lib/python3.10/site-packages/airflow/example_dags/example_task_group_decorator.py
[2023-09-27T23:08:19.938-0400] {logging_mixin.py:151} INFO - [2023-09-27T23:08:19.937-0400] {dag.py:2915} INFO - Sync 1 DAGs
[2023-09-27T23:08:19.959-0400] {logging_mixin.py:151} INFO - [2023-09-27T23:08:19.959-0400] {dag.py:3696} INFO - Setting next_dagrun for example_task_group_decorator to 2023-09-27T03:08:19.959099+00:00, run_after=2023-09-28T03:08:19.959099+00:00
[2023-09-27T23:08:19.987-0400] {processor.py:179} INFO - Processing /home/beau/airflow/py_env/lib/python3.10/site-packages/airflow/example_dags/example_task_group_decorator.py took 0.111 seconds
[2023-09-27T23:09:17.729-0400] {processor.py:157} INFO - Started process (PID=24763) to work on /home/beau/airflow/py_env/lib/python3.10/site-packages/airflow/example_dags/example_task_group_decorator.py
[2023-09-27T23:09:17.733-0400] {processor.py:829} INFO - Processing file /home/beau/airflow/py_env/lib/python3.10/site-packages/airflow/example_dags/example_task_group_decorator.py for tasks to queue
[2023-09-27T23:09:17.734-0400] {logging_mixin.py:151} INFO - [2023-09-27T23:09:17.734-0400] {dagbag.py:539} INFO - Filling up the DagBag from /home/beau/airflow/py_env/lib/python3.10/site-packages/airflow/example_dags/example_task_group_decorator.py
[2023-09-27T23:09:17.748-0400] {processor.py:839} INFO - DAG(s) dict_keys(['example_task_group_decorator']) retrieved from /home/beau/airflow/py_env/lib/python3.10/site-packages/airflow/example_dags/example_task_group_decorator.py
[2023-09-27T23:09:17.763-0400] {logging_mixin.py:151} INFO - [2023-09-27T23:09:17.763-0400] {dag.py:2915} INFO - Sync 1 DAGs
[2023-09-27T23:09:17.779-0400] {logging_mixin.py:151} INFO - [2023-09-27T23:09:17.778-0400] {dag.py:3696} INFO - Setting next_dagrun for example_task_group_decorator to 2023-09-27T03:09:17.778734+00:00, run_after=2023-09-28T03:09:17.778734+00:00
[2023-09-27T23:09:17.805-0400] {processor.py:179} INFO - Processing /home/beau/airflow/py_env/lib/python3.10/site-packages/airflow/example_dags/example_task_group_decorator.py took 0.081 seconds
[2023-09-27T23:10:12.335-0400] {processor.py:157} INFO - Started process (PID=25010) to work on /home/beau/airflow/py_env/lib/python3.10/site-packages/airflow/example_dags/example_task_group_decorator.py
[2023-09-27T23:10:12.340-0400] {processor.py:829} INFO - Processing file /home/beau/airflow/py_env/lib/python3.10/site-packages/airflow/example_dags/example_task_group_decorator.py for tasks to queue
[2023-09-27T23:10:12.343-0400] {logging_mixin.py:151} INFO - [2023-09-27T23:10:12.342-0400] {dagbag.py:539} INFO - Filling up the DagBag from /home/beau/airflow/py_env/lib/python3.10/site-packages/airflow/example_dags/example_task_group_decorator.py
[2023-09-27T23:10:12.379-0400] {processor.py:839} INFO - DAG(s) dict_keys(['example_task_group_decorator']) retrieved from /home/beau/airflow/py_env/lib/python3.10/site-packages/airflow/example_dags/example_task_group_decorator.py
[2023-09-27T23:10:12.394-0400] {logging_mixin.py:151} INFO - [2023-09-27T23:10:12.394-0400] {dag.py:2915} INFO - Sync 1 DAGs
[2023-09-27T23:10:12.410-0400] {logging_mixin.py:151} INFO - [2023-09-27T23:10:12.409-0400] {dag.py:3696} INFO - Setting next_dagrun for example_task_group_decorator to 2023-09-27T03:10:12.409596+00:00, run_after=2023-09-28T03:10:12.409596+00:00
[2023-09-27T23:10:12.433-0400] {processor.py:179} INFO - Processing /home/beau/airflow/py_env/lib/python3.10/site-packages/airflow/example_dags/example_task_group_decorator.py took 0.104 seconds
[2023-09-27T23:10:54.310-0400] {processor.py:157} INFO - Started process (PID=25212) to work on /home/beau/airflow/py_env/lib/python3.10/site-packages/airflow/example_dags/example_task_group_decorator.py
[2023-09-27T23:10:54.315-0400] {processor.py:829} INFO - Processing file /home/beau/airflow/py_env/lib/python3.10/site-packages/airflow/example_dags/example_task_group_decorator.py for tasks to queue
[2023-09-27T23:10:54.317-0400] {logging_mixin.py:151} INFO - [2023-09-27T23:10:54.316-0400] {dagbag.py:539} INFO - Filling up the DagBag from /home/beau/airflow/py_env/lib/python3.10/site-packages/airflow/example_dags/example_task_group_decorator.py
[2023-09-27T23:10:54.337-0400] {processor.py:839} INFO - DAG(s) dict_keys(['example_task_group_decorator']) retrieved from /home/beau/airflow/py_env/lib/python3.10/site-packages/airflow/example_dags/example_task_group_decorator.py
[2023-09-27T23:10:54.354-0400] {logging_mixin.py:151} INFO - [2023-09-27T23:10:54.354-0400] {dag.py:2915} INFO - Sync 1 DAGs
[2023-09-27T23:10:54.370-0400] {logging_mixin.py:151} INFO - [2023-09-27T23:10:54.370-0400] {dag.py:3696} INFO - Setting next_dagrun for example_task_group_decorator to 2023-09-27T03:10:54.369845+00:00, run_after=2023-09-28T03:10:54.369845+00:00
[2023-09-27T23:10:54.402-0400] {processor.py:179} INFO - Processing /home/beau/airflow/py_env/lib/python3.10/site-packages/airflow/example_dags/example_task_group_decorator.py took 0.098 seconds
[2023-09-27T23:11:50.296-0400] {processor.py:157} INFO - Started process (PID=25489) to work on /home/beau/airflow/py_env/lib/python3.10/site-packages/airflow/example_dags/example_task_group_decorator.py
[2023-09-27T23:11:50.301-0400] {processor.py:829} INFO - Processing file /home/beau/airflow/py_env/lib/python3.10/site-packages/airflow/example_dags/example_task_group_decorator.py for tasks to queue
[2023-09-27T23:11:50.302-0400] {logging_mixin.py:151} INFO - [2023-09-27T23:11:50.302-0400] {dagbag.py:539} INFO - Filling up the DagBag from /home/beau/airflow/py_env/lib/python3.10/site-packages/airflow/example_dags/example_task_group_decorator.py
[2023-09-27T23:11:50.320-0400] {processor.py:839} INFO - DAG(s) dict_keys(['example_task_group_decorator']) retrieved from /home/beau/airflow/py_env/lib/python3.10/site-packages/airflow/example_dags/example_task_group_decorator.py
[2023-09-27T23:11:50.336-0400] {logging_mixin.py:151} INFO - [2023-09-27T23:11:50.335-0400] {dag.py:2915} INFO - Sync 1 DAGs
[2023-09-27T23:11:50.351-0400] {logging_mixin.py:151} INFO - [2023-09-27T23:11:50.350-0400] {dag.py:3696} INFO - Setting next_dagrun for example_task_group_decorator to 2023-09-27T03:11:50.350639+00:00, run_after=2023-09-28T03:11:50.350639+00:00
[2023-09-27T23:11:50.373-0400] {processor.py:179} INFO - Processing /home/beau/airflow/py_env/lib/python3.10/site-packages/airflow/example_dags/example_task_group_decorator.py took 0.082 seconds
[2023-09-27T23:12:47.328-0400] {processor.py:157} INFO - Started process (PID=25710) to work on /home/beau/airflow/py_env/lib/python3.10/site-packages/airflow/example_dags/example_task_group_decorator.py
[2023-09-27T23:12:47.333-0400] {processor.py:829} INFO - Processing file /home/beau/airflow/py_env/lib/python3.10/site-packages/airflow/example_dags/example_task_group_decorator.py for tasks to queue
[2023-09-27T23:12:47.334-0400] {logging_mixin.py:151} INFO - [2023-09-27T23:12:47.334-0400] {dagbag.py:539} INFO - Filling up the DagBag from /home/beau/airflow/py_env/lib/python3.10/site-packages/airflow/example_dags/example_task_group_decorator.py
[2023-09-27T23:12:47.348-0400] {processor.py:839} INFO - DAG(s) dict_keys(['example_task_group_decorator']) retrieved from /home/beau/airflow/py_env/lib/python3.10/site-packages/airflow/example_dags/example_task_group_decorator.py
[2023-09-27T23:12:47.364-0400] {logging_mixin.py:151} INFO - [2023-09-27T23:12:47.364-0400] {dag.py:2915} INFO - Sync 1 DAGs
[2023-09-27T23:12:47.381-0400] {logging_mixin.py:151} INFO - [2023-09-27T23:12:47.381-0400] {dag.py:3696} INFO - Setting next_dagrun for example_task_group_decorator to 2023-09-27T03:12:47.381049+00:00, run_after=2023-09-28T03:12:47.381049+00:00
[2023-09-27T23:12:47.412-0400] {processor.py:179} INFO - Processing /home/beau/airflow/py_env/lib/python3.10/site-packages/airflow/example_dags/example_task_group_decorator.py took 0.090 seconds
[2023-09-27T23:13:41.448-0400] {processor.py:157} INFO - Started process (PID=25992) to work on /home/beau/airflow/py_env/lib/python3.10/site-packages/airflow/example_dags/example_task_group_decorator.py
[2023-09-27T23:13:41.451-0400] {processor.py:829} INFO - Processing file /home/beau/airflow/py_env/lib/python3.10/site-packages/airflow/example_dags/example_task_group_decorator.py for tasks to queue
[2023-09-27T23:13:41.452-0400] {logging_mixin.py:151} INFO - [2023-09-27T23:13:41.452-0400] {dagbag.py:539} INFO - Filling up the DagBag from /home/beau/airflow/py_env/lib/python3.10/site-packages/airflow/example_dags/example_task_group_decorator.py
[2023-09-27T23:13:41.467-0400] {processor.py:839} INFO - DAG(s) dict_keys(['example_task_group_decorator']) retrieved from /home/beau/airflow/py_env/lib/python3.10/site-packages/airflow/example_dags/example_task_group_decorator.py
[2023-09-27T23:13:41.485-0400] {logging_mixin.py:151} INFO - [2023-09-27T23:13:41.485-0400] {dag.py:2915} INFO - Sync 1 DAGs
[2023-09-27T23:13:41.503-0400] {logging_mixin.py:151} INFO - [2023-09-27T23:13:41.503-0400] {dag.py:3696} INFO - Setting next_dagrun for example_task_group_decorator to 2023-09-27T03:13:41.503163+00:00, run_after=2023-09-28T03:13:41.503163+00:00
[2023-09-27T23:13:41.529-0400] {processor.py:179} INFO - Processing /home/beau/airflow/py_env/lib/python3.10/site-packages/airflow/example_dags/example_task_group_decorator.py took 0.085 seconds
[2023-09-27T23:14:33.871-0400] {processor.py:157} INFO - Started process (PID=26237) to work on /home/beau/airflow/py_env/lib/python3.10/site-packages/airflow/example_dags/example_task_group_decorator.py
[2023-09-27T23:14:33.873-0400] {processor.py:829} INFO - Processing file /home/beau/airflow/py_env/lib/python3.10/site-packages/airflow/example_dags/example_task_group_decorator.py for tasks to queue
[2023-09-27T23:14:33.874-0400] {logging_mixin.py:151} INFO - [2023-09-27T23:14:33.874-0400] {dagbag.py:539} INFO - Filling up the DagBag from /home/beau/airflow/py_env/lib/python3.10/site-packages/airflow/example_dags/example_task_group_decorator.py
[2023-09-27T23:14:33.891-0400] {processor.py:839} INFO - DAG(s) dict_keys(['example_task_group_decorator']) retrieved from /home/beau/airflow/py_env/lib/python3.10/site-packages/airflow/example_dags/example_task_group_decorator.py
[2023-09-27T23:14:33.913-0400] {logging_mixin.py:151} INFO - [2023-09-27T23:14:33.913-0400] {dag.py:2915} INFO - Sync 1 DAGs
[2023-09-27T23:14:33.932-0400] {logging_mixin.py:151} INFO - [2023-09-27T23:14:33.932-0400] {dag.py:3696} INFO - Setting next_dagrun for example_task_group_decorator to 2023-09-27T03:14:33.932472+00:00, run_after=2023-09-28T03:14:33.932472+00:00
[2023-09-27T23:14:33.959-0400] {processor.py:179} INFO - Processing /home/beau/airflow/py_env/lib/python3.10/site-packages/airflow/example_dags/example_task_group_decorator.py took 0.092 seconds
[2023-09-27T23:15:28.879-0400] {processor.py:157} INFO - Started process (PID=26486) to work on /home/beau/airflow/py_env/lib/python3.10/site-packages/airflow/example_dags/example_task_group_decorator.py
[2023-09-27T23:15:28.881-0400] {processor.py:829} INFO - Processing file /home/beau/airflow/py_env/lib/python3.10/site-packages/airflow/example_dags/example_task_group_decorator.py for tasks to queue
[2023-09-27T23:15:28.882-0400] {logging_mixin.py:151} INFO - [2023-09-27T23:15:28.881-0400] {dagbag.py:539} INFO - Filling up the DagBag from /home/beau/airflow/py_env/lib/python3.10/site-packages/airflow/example_dags/example_task_group_decorator.py
[2023-09-27T23:15:28.899-0400] {processor.py:839} INFO - DAG(s) dict_keys(['example_task_group_decorator']) retrieved from /home/beau/airflow/py_env/lib/python3.10/site-packages/airflow/example_dags/example_task_group_decorator.py
[2023-09-27T23:15:28.918-0400] {logging_mixin.py:151} INFO - [2023-09-27T23:15:28.917-0400] {dag.py:2915} INFO - Sync 1 DAGs
[2023-09-27T23:15:28.935-0400] {logging_mixin.py:151} INFO - [2023-09-27T23:15:28.934-0400] {dag.py:3696} INFO - Setting next_dagrun for example_task_group_decorator to 2023-09-27T03:15:28.934770+00:00, run_after=2023-09-28T03:15:28.934770+00:00
[2023-09-27T23:15:28.967-0400] {processor.py:179} INFO - Processing /home/beau/airflow/py_env/lib/python3.10/site-packages/airflow/example_dags/example_task_group_decorator.py took 0.092 seconds
[2023-09-27T23:16:26.160-0400] {processor.py:157} INFO - Started process (PID=26740) to work on /home/beau/airflow/py_env/lib/python3.10/site-packages/airflow/example_dags/example_task_group_decorator.py
[2023-09-27T23:16:26.164-0400] {processor.py:829} INFO - Processing file /home/beau/airflow/py_env/lib/python3.10/site-packages/airflow/example_dags/example_task_group_decorator.py for tasks to queue
[2023-09-27T23:16:26.166-0400] {logging_mixin.py:151} INFO - [2023-09-27T23:16:26.165-0400] {dagbag.py:539} INFO - Filling up the DagBag from /home/beau/airflow/py_env/lib/python3.10/site-packages/airflow/example_dags/example_task_group_decorator.py
[2023-09-27T23:16:26.189-0400] {processor.py:839} INFO - DAG(s) dict_keys(['example_task_group_decorator']) retrieved from /home/beau/airflow/py_env/lib/python3.10/site-packages/airflow/example_dags/example_task_group_decorator.py
[2023-09-27T23:16:26.210-0400] {logging_mixin.py:151} INFO - [2023-09-27T23:16:26.210-0400] {dag.py:2915} INFO - Sync 1 DAGs
[2023-09-27T23:16:26.228-0400] {logging_mixin.py:151} INFO - [2023-09-27T23:16:26.227-0400] {dag.py:3696} INFO - Setting next_dagrun for example_task_group_decorator to 2023-09-27T03:16:26.227773+00:00, run_after=2023-09-28T03:16:26.227773+00:00
[2023-09-27T23:16:26.254-0400] {processor.py:179} INFO - Processing /home/beau/airflow/py_env/lib/python3.10/site-packages/airflow/example_dags/example_task_group_decorator.py took 0.101 seconds
[2023-09-27T23:17:20.633-0400] {processor.py:157} INFO - Started process (PID=27016) to work on /home/beau/airflow/py_env/lib/python3.10/site-packages/airflow/example_dags/example_task_group_decorator.py
[2023-09-27T23:17:20.637-0400] {processor.py:829} INFO - Processing file /home/beau/airflow/py_env/lib/python3.10/site-packages/airflow/example_dags/example_task_group_decorator.py for tasks to queue
[2023-09-27T23:17:20.638-0400] {logging_mixin.py:151} INFO - [2023-09-27T23:17:20.637-0400] {dagbag.py:539} INFO - Filling up the DagBag from /home/beau/airflow/py_env/lib/python3.10/site-packages/airflow/example_dags/example_task_group_decorator.py
[2023-09-27T23:17:20.655-0400] {processor.py:839} INFO - DAG(s) dict_keys(['example_task_group_decorator']) retrieved from /home/beau/airflow/py_env/lib/python3.10/site-packages/airflow/example_dags/example_task_group_decorator.py
[2023-09-27T23:17:20.673-0400] {logging_mixin.py:151} INFO - [2023-09-27T23:17:20.672-0400] {dag.py:2915} INFO - Sync 1 DAGs
[2023-09-27T23:17:20.690-0400] {logging_mixin.py:151} INFO - [2023-09-27T23:17:20.689-0400] {dag.py:3696} INFO - Setting next_dagrun for example_task_group_decorator to 2023-09-27T03:17:20.689788+00:00, run_after=2023-09-28T03:17:20.689788+00:00
[2023-09-27T23:17:20.719-0400] {processor.py:179} INFO - Processing /home/beau/airflow/py_env/lib/python3.10/site-packages/airflow/example_dags/example_task_group_decorator.py took 0.089 seconds
[2023-09-27T23:18:15.801-0400] {processor.py:157} INFO - Started process (PID=27328) to work on /home/beau/airflow/py_env/lib/python3.10/site-packages/airflow/example_dags/example_task_group_decorator.py
[2023-09-27T23:18:15.805-0400] {processor.py:829} INFO - Processing file /home/beau/airflow/py_env/lib/python3.10/site-packages/airflow/example_dags/example_task_group_decorator.py for tasks to queue
[2023-09-27T23:18:15.807-0400] {logging_mixin.py:151} INFO - [2023-09-27T23:18:15.806-0400] {dagbag.py:539} INFO - Filling up the DagBag from /home/beau/airflow/py_env/lib/python3.10/site-packages/airflow/example_dags/example_task_group_decorator.py
[2023-09-27T23:18:15.822-0400] {processor.py:839} INFO - DAG(s) dict_keys(['example_task_group_decorator']) retrieved from /home/beau/airflow/py_env/lib/python3.10/site-packages/airflow/example_dags/example_task_group_decorator.py
[2023-09-27T23:18:15.837-0400] {logging_mixin.py:151} INFO - [2023-09-27T23:18:15.837-0400] {dag.py:2915} INFO - Sync 1 DAGs
[2023-09-27T23:18:15.853-0400] {logging_mixin.py:151} INFO - [2023-09-27T23:18:15.853-0400] {dag.py:3696} INFO - Setting next_dagrun for example_task_group_decorator to 2023-09-27T03:18:15.852990+00:00, run_after=2023-09-28T03:18:15.852990+00:00
[2023-09-27T23:18:15.875-0400] {processor.py:179} INFO - Processing /home/beau/airflow/py_env/lib/python3.10/site-packages/airflow/example_dags/example_task_group_decorator.py took 0.079 seconds
[2023-09-27T23:19:07.776-0400] {processor.py:157} INFO - Started process (PID=27804) to work on /home/beau/airflow/py_env/lib/python3.10/site-packages/airflow/example_dags/example_task_group_decorator.py
[2023-09-27T23:19:07.781-0400] {processor.py:829} INFO - Processing file /home/beau/airflow/py_env/lib/python3.10/site-packages/airflow/example_dags/example_task_group_decorator.py for tasks to queue
[2023-09-27T23:19:07.783-0400] {logging_mixin.py:151} INFO - [2023-09-27T23:19:07.782-0400] {dagbag.py:539} INFO - Filling up the DagBag from /home/beau/airflow/py_env/lib/python3.10/site-packages/airflow/example_dags/example_task_group_decorator.py
[2023-09-27T23:19:07.806-0400] {processor.py:839} INFO - DAG(s) dict_keys(['example_task_group_decorator']) retrieved from /home/beau/airflow/py_env/lib/python3.10/site-packages/airflow/example_dags/example_task_group_decorator.py
[2023-09-27T23:19:07.824-0400] {logging_mixin.py:151} INFO - [2023-09-27T23:19:07.824-0400] {dag.py:2915} INFO - Sync 1 DAGs
[2023-09-27T23:19:07.840-0400] {logging_mixin.py:151} INFO - [2023-09-27T23:19:07.840-0400] {dag.py:3696} INFO - Setting next_dagrun for example_task_group_decorator to 2023-09-27T03:19:07.840450+00:00, run_after=2023-09-28T03:19:07.840450+00:00
[2023-09-27T23:19:07.869-0400] {processor.py:179} INFO - Processing /home/beau/airflow/py_env/lib/python3.10/site-packages/airflow/example_dags/example_task_group_decorator.py took 0.100 seconds
[2023-09-27T23:20:02.764-0400] {processor.py:157} INFO - Started process (PID=28377) to work on /home/beau/airflow/py_env/lib/python3.10/site-packages/airflow/example_dags/example_task_group_decorator.py
[2023-09-27T23:20:02.768-0400] {processor.py:829} INFO - Processing file /home/beau/airflow/py_env/lib/python3.10/site-packages/airflow/example_dags/example_task_group_decorator.py for tasks to queue
[2023-09-27T23:20:02.769-0400] {logging_mixin.py:151} INFO - [2023-09-27T23:20:02.768-0400] {dagbag.py:539} INFO - Filling up the DagBag from /home/beau/airflow/py_env/lib/python3.10/site-packages/airflow/example_dags/example_task_group_decorator.py
[2023-09-27T23:20:02.782-0400] {processor.py:839} INFO - DAG(s) dict_keys(['example_task_group_decorator']) retrieved from /home/beau/airflow/py_env/lib/python3.10/site-packages/airflow/example_dags/example_task_group_decorator.py
[2023-09-27T23:20:02.798-0400] {logging_mixin.py:151} INFO - [2023-09-27T23:20:02.797-0400] {dag.py:2915} INFO - Sync 1 DAGs
[2023-09-27T23:20:02.812-0400] {logging_mixin.py:151} INFO - [2023-09-27T23:20:02.812-0400] {dag.py:3696} INFO - Setting next_dagrun for example_task_group_decorator to 2023-09-27T03:20:02.812165+00:00, run_after=2023-09-28T03:20:02.812165+00:00
[2023-09-27T23:20:02.834-0400] {processor.py:179} INFO - Processing /home/beau/airflow/py_env/lib/python3.10/site-packages/airflow/example_dags/example_task_group_decorator.py took 0.073 seconds
[2023-09-27T23:21:00.750-0400] {processor.py:157} INFO - Started process (PID=28958) to work on /home/beau/airflow/py_env/lib/python3.10/site-packages/airflow/example_dags/example_task_group_decorator.py
[2023-09-27T23:21:00.755-0400] {processor.py:829} INFO - Processing file /home/beau/airflow/py_env/lib/python3.10/site-packages/airflow/example_dags/example_task_group_decorator.py for tasks to queue
[2023-09-27T23:21:00.758-0400] {logging_mixin.py:151} INFO - [2023-09-27T23:21:00.757-0400] {dagbag.py:539} INFO - Filling up the DagBag from /home/beau/airflow/py_env/lib/python3.10/site-packages/airflow/example_dags/example_task_group_decorator.py
[2023-09-27T23:21:00.793-0400] {processor.py:839} INFO - DAG(s) dict_keys(['example_task_group_decorator']) retrieved from /home/beau/airflow/py_env/lib/python3.10/site-packages/airflow/example_dags/example_task_group_decorator.py
[2023-09-27T23:21:00.818-0400] {logging_mixin.py:151} INFO - [2023-09-27T23:21:00.817-0400] {dag.py:2915} INFO - Sync 1 DAGs
[2023-09-27T23:21:00.845-0400] {logging_mixin.py:151} INFO - [2023-09-27T23:21:00.845-0400] {dag.py:3696} INFO - Setting next_dagrun for example_task_group_decorator to 2023-09-27T03:21:00.844977+00:00, run_after=2023-09-28T03:21:00.844977+00:00
[2023-09-27T23:21:00.873-0400] {processor.py:179} INFO - Processing /home/beau/airflow/py_env/lib/python3.10/site-packages/airflow/example_dags/example_task_group_decorator.py took 0.129 seconds
[2023-09-27T23:21:38.218-0400] {processor.py:157} INFO - Started process (PID=29248) to work on /home/beau/airflow/py_env/lib/python3.10/site-packages/airflow/example_dags/example_task_group_decorator.py
[2023-09-27T23:21:38.222-0400] {processor.py:829} INFO - Processing file /home/beau/airflow/py_env/lib/python3.10/site-packages/airflow/example_dags/example_task_group_decorator.py for tasks to queue
[2023-09-27T23:21:38.224-0400] {logging_mixin.py:151} INFO - [2023-09-27T23:21:38.223-0400] {dagbag.py:539} INFO - Filling up the DagBag from /home/beau/airflow/py_env/lib/python3.10/site-packages/airflow/example_dags/example_task_group_decorator.py
[2023-09-27T23:21:38.249-0400] {processor.py:839} INFO - DAG(s) dict_keys(['example_task_group_decorator']) retrieved from /home/beau/airflow/py_env/lib/python3.10/site-packages/airflow/example_dags/example_task_group_decorator.py
[2023-09-27T23:21:38.268-0400] {logging_mixin.py:151} INFO - [2023-09-27T23:21:38.268-0400] {dag.py:2915} INFO - Sync 1 DAGs
[2023-09-27T23:21:38.283-0400] {logging_mixin.py:151} INFO - [2023-09-27T23:21:38.283-0400] {dag.py:3696} INFO - Setting next_dagrun for example_task_group_decorator to 2023-09-27T03:21:38.283375+00:00, run_after=2023-09-28T03:21:38.283375+00:00
[2023-09-27T23:21:38.307-0400] {processor.py:179} INFO - Processing /home/beau/airflow/py_env/lib/python3.10/site-packages/airflow/example_dags/example_task_group_decorator.py took 0.095 seconds
[2023-09-27T23:22:36.432-0400] {processor.py:157} INFO - Started process (PID=29556) to work on /home/beau/airflow/py_env/lib/python3.10/site-packages/airflow/example_dags/example_task_group_decorator.py
[2023-09-27T23:22:36.434-0400] {processor.py:829} INFO - Processing file /home/beau/airflow/py_env/lib/python3.10/site-packages/airflow/example_dags/example_task_group_decorator.py for tasks to queue
[2023-09-27T23:22:36.436-0400] {logging_mixin.py:151} INFO - [2023-09-27T23:22:36.435-0400] {dagbag.py:539} INFO - Filling up the DagBag from /home/beau/airflow/py_env/lib/python3.10/site-packages/airflow/example_dags/example_task_group_decorator.py
[2023-09-27T23:22:36.457-0400] {processor.py:839} INFO - DAG(s) dict_keys(['example_task_group_decorator']) retrieved from /home/beau/airflow/py_env/lib/python3.10/site-packages/airflow/example_dags/example_task_group_decorator.py
[2023-09-27T23:22:36.473-0400] {logging_mixin.py:151} INFO - [2023-09-27T23:22:36.472-0400] {dag.py:2915} INFO - Sync 1 DAGs
[2023-09-27T23:22:36.488-0400] {logging_mixin.py:151} INFO - [2023-09-27T23:22:36.488-0400] {dag.py:3696} INFO - Setting next_dagrun for example_task_group_decorator to 2023-09-27T03:22:36.488145+00:00, run_after=2023-09-28T03:22:36.488145+00:00
[2023-09-27T23:22:36.511-0400] {processor.py:179} INFO - Processing /home/beau/airflow/py_env/lib/python3.10/site-packages/airflow/example_dags/example_task_group_decorator.py took 0.084 seconds
[2023-09-27T23:23:18.242-0400] {processor.py:157} INFO - Started process (PID=29996) to work on /home/beau/airflow/py_env/lib/python3.10/site-packages/airflow/example_dags/example_task_group_decorator.py
[2023-09-27T23:23:18.246-0400] {processor.py:829} INFO - Processing file /home/beau/airflow/py_env/lib/python3.10/site-packages/airflow/example_dags/example_task_group_decorator.py for tasks to queue
[2023-09-27T23:23:18.248-0400] {logging_mixin.py:151} INFO - [2023-09-27T23:23:18.247-0400] {dagbag.py:539} INFO - Filling up the DagBag from /home/beau/airflow/py_env/lib/python3.10/site-packages/airflow/example_dags/example_task_group_decorator.py
[2023-09-27T23:23:18.268-0400] {processor.py:839} INFO - DAG(s) dict_keys(['example_task_group_decorator']) retrieved from /home/beau/airflow/py_env/lib/python3.10/site-packages/airflow/example_dags/example_task_group_decorator.py
[2023-09-27T23:23:18.288-0400] {logging_mixin.py:151} INFO - [2023-09-27T23:23:18.288-0400] {dag.py:2915} INFO - Sync 1 DAGs
[2023-09-27T23:23:18.305-0400] {logging_mixin.py:151} INFO - [2023-09-27T23:23:18.305-0400] {dag.py:3696} INFO - Setting next_dagrun for example_task_group_decorator to 2023-09-27T03:23:18.305324+00:00, run_after=2023-09-28T03:23:18.305324+00:00
[2023-09-27T23:23:18.335-0400] {processor.py:179} INFO - Processing /home/beau/airflow/py_env/lib/python3.10/site-packages/airflow/example_dags/example_task_group_decorator.py took 0.097 seconds
