[2023-09-27T22:32:55.515-0400] {processor.py:157} INFO - Started process (PID=8020) to work on /home/beau/airflow/py_env/lib/python3.10/site-packages/airflow/example_dags/example_sensors.py
[2023-09-27T22:32:55.516-0400] {processor.py:829} INFO - Processing file /home/beau/airflow/py_env/lib/python3.10/site-packages/airflow/example_dags/example_sensors.py for tasks to queue
[2023-09-27T22:32:55.517-0400] {logging_mixin.py:151} INFO - [2023-09-27T22:32:55.517-0400] {dagbag.py:539} INFO - Filling up the DagBag from /home/beau/airflow/py_env/lib/python3.10/site-packages/airflow/example_dags/example_sensors.py
[2023-09-27T22:32:55.527-0400] {processor.py:839} INFO - DAG(s) dict_keys(['example_sensors']) retrieved from /home/beau/airflow/py_env/lib/python3.10/site-packages/airflow/example_dags/example_sensors.py
[2023-09-27T22:32:55.534-0400] {logging_mixin.py:151} INFO - [2023-09-27T22:32:55.534-0400] {dag.py:2915} INFO - Sync 1 DAGs
[2023-09-27T22:32:55.543-0400] {logging_mixin.py:151} INFO - [2023-09-27T22:32:55.543-0400] {dag.py:3696} INFO - Setting next_dagrun for example_sensors to None, run_after=None
[2023-09-27T22:32:55.570-0400] {processor.py:179} INFO - Processing /home/beau/airflow/py_env/lib/python3.10/site-packages/airflow/example_dags/example_sensors.py took 0.058 seconds
[2023-09-27T22:33:44.065-0400] {processor.py:157} INFO - Started process (PID=8750) to work on /home/beau/airflow/py_env/lib/python3.10/site-packages/airflow/example_dags/example_sensors.py
[2023-09-27T22:33:44.070-0400] {processor.py:829} INFO - Processing file /home/beau/airflow/py_env/lib/python3.10/site-packages/airflow/example_dags/example_sensors.py for tasks to queue
[2023-09-27T22:33:44.071-0400] {logging_mixin.py:151} INFO - [2023-09-27T22:33:44.071-0400] {dagbag.py:539} INFO - Filling up the DagBag from /home/beau/airflow/py_env/lib/python3.10/site-packages/airflow/example_dags/example_sensors.py
[2023-09-27T22:33:44.085-0400] {processor.py:839} INFO - DAG(s) dict_keys(['example_sensors']) retrieved from /home/beau/airflow/py_env/lib/python3.10/site-packages/airflow/example_dags/example_sensors.py
[2023-09-27T22:33:44.108-0400] {logging_mixin.py:151} INFO - [2023-09-27T22:33:44.107-0400] {dag.py:2915} INFO - Sync 1 DAGs
[2023-09-27T22:33:44.118-0400] {logging_mixin.py:151} INFO - [2023-09-27T22:33:44.118-0400] {dag.py:3696} INFO - Setting next_dagrun for example_sensors to None, run_after=None
[2023-09-27T22:33:44.143-0400] {processor.py:179} INFO - Processing /home/beau/airflow/py_env/lib/python3.10/site-packages/airflow/example_dags/example_sensors.py took 0.083 seconds
[2023-09-27T22:34:19.144-0400] {processor.py:157} INFO - Started process (PID=8999) to work on /home/beau/airflow/py_env/lib/python3.10/site-packages/airflow/example_dags/example_sensors.py
[2023-09-27T22:34:19.146-0400] {processor.py:829} INFO - Processing file /home/beau/airflow/py_env/lib/python3.10/site-packages/airflow/example_dags/example_sensors.py for tasks to queue
[2023-09-27T22:34:19.147-0400] {logging_mixin.py:151} INFO - [2023-09-27T22:34:19.147-0400] {dagbag.py:539} INFO - Filling up the DagBag from /home/beau/airflow/py_env/lib/python3.10/site-packages/airflow/example_dags/example_sensors.py
[2023-09-27T22:34:19.156-0400] {processor.py:839} INFO - DAG(s) dict_keys(['example_sensors']) retrieved from /home/beau/airflow/py_env/lib/python3.10/site-packages/airflow/example_dags/example_sensors.py
[2023-09-27T22:34:19.175-0400] {logging_mixin.py:151} INFO - [2023-09-27T22:34:19.175-0400] {dag.py:2915} INFO - Sync 1 DAGs
[2023-09-27T22:34:19.185-0400] {logging_mixin.py:151} INFO - [2023-09-27T22:34:19.185-0400] {dag.py:3696} INFO - Setting next_dagrun for example_sensors to None, run_after=None
[2023-09-27T22:34:19.218-0400] {processor.py:179} INFO - Processing /home/beau/airflow/py_env/lib/python3.10/site-packages/airflow/example_dags/example_sensors.py took 0.077 seconds
[2023-09-27T22:35:00.431-0400] {processor.py:157} INFO - Started process (PID=9227) to work on /home/beau/airflow/py_env/lib/python3.10/site-packages/airflow/example_dags/example_sensors.py
[2023-09-27T22:35:00.434-0400] {processor.py:829} INFO - Processing file /home/beau/airflow/py_env/lib/python3.10/site-packages/airflow/example_dags/example_sensors.py for tasks to queue
[2023-09-27T22:35:00.436-0400] {logging_mixin.py:151} INFO - [2023-09-27T22:35:00.435-0400] {dagbag.py:539} INFO - Filling up the DagBag from /home/beau/airflow/py_env/lib/python3.10/site-packages/airflow/example_dags/example_sensors.py
[2023-09-27T22:35:00.446-0400] {processor.py:839} INFO - DAG(s) dict_keys(['example_sensors']) retrieved from /home/beau/airflow/py_env/lib/python3.10/site-packages/airflow/example_dags/example_sensors.py
[2023-09-27T22:35:00.473-0400] {logging_mixin.py:151} INFO - [2023-09-27T22:35:00.473-0400] {dag.py:2915} INFO - Sync 1 DAGs
[2023-09-27T22:35:00.485-0400] {logging_mixin.py:151} INFO - [2023-09-27T22:35:00.484-0400] {dag.py:3696} INFO - Setting next_dagrun for example_sensors to None, run_after=None
[2023-09-27T22:35:00.509-0400] {processor.py:179} INFO - Processing /home/beau/airflow/py_env/lib/python3.10/site-packages/airflow/example_dags/example_sensors.py took 0.082 seconds
[2023-09-27T22:35:51.072-0400] {processor.py:157} INFO - Started process (PID=9883) to work on /home/beau/airflow/py_env/lib/python3.10/site-packages/airflow/example_dags/example_sensors.py
[2023-09-27T22:35:51.076-0400] {processor.py:829} INFO - Processing file /home/beau/airflow/py_env/lib/python3.10/site-packages/airflow/example_dags/example_sensors.py for tasks to queue
[2023-09-27T22:35:51.077-0400] {logging_mixin.py:151} INFO - [2023-09-27T22:35:51.077-0400] {dagbag.py:539} INFO - Filling up the DagBag from /home/beau/airflow/py_env/lib/python3.10/site-packages/airflow/example_dags/example_sensors.py
[2023-09-27T22:35:51.086-0400] {processor.py:839} INFO - DAG(s) dict_keys(['example_sensors']) retrieved from /home/beau/airflow/py_env/lib/python3.10/site-packages/airflow/example_dags/example_sensors.py
[2023-09-27T22:35:51.212-0400] {logging_mixin.py:151} INFO - [2023-09-27T22:35:51.212-0400] {dag.py:2915} INFO - Sync 1 DAGs
[2023-09-27T22:35:51.221-0400] {logging_mixin.py:151} INFO - [2023-09-27T22:35:51.221-0400] {dag.py:3696} INFO - Setting next_dagrun for example_sensors to None, run_after=None
[2023-09-27T22:35:51.246-0400] {processor.py:179} INFO - Processing /home/beau/airflow/py_env/lib/python3.10/site-packages/airflow/example_dags/example_sensors.py took 0.176 seconds
[2023-09-27T22:36:44.228-0400] {processor.py:157} INFO - Started process (PID=10483) to work on /home/beau/airflow/py_env/lib/python3.10/site-packages/airflow/example_dags/example_sensors.py
[2023-09-27T22:36:44.232-0400] {processor.py:829} INFO - Processing file /home/beau/airflow/py_env/lib/python3.10/site-packages/airflow/example_dags/example_sensors.py for tasks to queue
[2023-09-27T22:36:44.234-0400] {logging_mixin.py:151} INFO - [2023-09-27T22:36:44.233-0400] {dagbag.py:539} INFO - Filling up the DagBag from /home/beau/airflow/py_env/lib/python3.10/site-packages/airflow/example_dags/example_sensors.py
[2023-09-27T22:36:44.250-0400] {processor.py:839} INFO - DAG(s) dict_keys(['example_sensors']) retrieved from /home/beau/airflow/py_env/lib/python3.10/site-packages/airflow/example_dags/example_sensors.py
[2023-09-27T22:36:44.274-0400] {logging_mixin.py:151} INFO - [2023-09-27T22:36:44.274-0400] {dag.py:2915} INFO - Sync 1 DAGs
[2023-09-27T22:36:44.287-0400] {logging_mixin.py:151} INFO - [2023-09-27T22:36:44.287-0400] {dag.py:3696} INFO - Setting next_dagrun for example_sensors to None, run_after=None
[2023-09-27T22:36:44.321-0400] {processor.py:179} INFO - Processing /home/beau/airflow/py_env/lib/python3.10/site-packages/airflow/example_dags/example_sensors.py took 0.099 seconds
[2023-09-27T22:37:24.265-0400] {processor.py:157} INFO - Started process (PID=10799) to work on /home/beau/airflow/py_env/lib/python3.10/site-packages/airflow/example_dags/example_sensors.py
[2023-09-27T22:37:24.270-0400] {processor.py:829} INFO - Processing file /home/beau/airflow/py_env/lib/python3.10/site-packages/airflow/example_dags/example_sensors.py for tasks to queue
[2023-09-27T22:37:24.271-0400] {logging_mixin.py:151} INFO - [2023-09-27T22:37:24.271-0400] {dagbag.py:539} INFO - Filling up the DagBag from /home/beau/airflow/py_env/lib/python3.10/site-packages/airflow/example_dags/example_sensors.py
[2023-09-27T22:37:24.283-0400] {processor.py:839} INFO - DAG(s) dict_keys(['example_sensors']) retrieved from /home/beau/airflow/py_env/lib/python3.10/site-packages/airflow/example_dags/example_sensors.py
[2023-09-27T22:37:24.301-0400] {logging_mixin.py:151} INFO - [2023-09-27T22:37:24.301-0400] {dag.py:2915} INFO - Sync 1 DAGs
[2023-09-27T22:37:24.311-0400] {logging_mixin.py:151} INFO - [2023-09-27T22:37:24.311-0400] {dag.py:3696} INFO - Setting next_dagrun for example_sensors to None, run_after=None
[2023-09-27T22:37:24.335-0400] {processor.py:179} INFO - Processing /home/beau/airflow/py_env/lib/python3.10/site-packages/airflow/example_dags/example_sensors.py took 0.075 seconds
[2023-09-27T22:38:03.153-0400] {processor.py:157} INFO - Started process (PID=11169) to work on /home/beau/airflow/py_env/lib/python3.10/site-packages/airflow/example_dags/example_sensors.py
[2023-09-27T22:38:03.157-0400] {processor.py:829} INFO - Processing file /home/beau/airflow/py_env/lib/python3.10/site-packages/airflow/example_dags/example_sensors.py for tasks to queue
[2023-09-27T22:38:03.158-0400] {logging_mixin.py:151} INFO - [2023-09-27T22:38:03.157-0400] {dagbag.py:539} INFO - Filling up the DagBag from /home/beau/airflow/py_env/lib/python3.10/site-packages/airflow/example_dags/example_sensors.py
[2023-09-27T22:38:03.168-0400] {processor.py:839} INFO - DAG(s) dict_keys(['example_sensors']) retrieved from /home/beau/airflow/py_env/lib/python3.10/site-packages/airflow/example_dags/example_sensors.py
[2023-09-27T22:38:03.192-0400] {logging_mixin.py:151} INFO - [2023-09-27T22:38:03.192-0400] {dag.py:2915} INFO - Sync 1 DAGs
[2023-09-27T22:38:03.203-0400] {logging_mixin.py:151} INFO - [2023-09-27T22:38:03.203-0400] {dag.py:3696} INFO - Setting next_dagrun for example_sensors to None, run_after=None
[2023-09-27T22:38:03.235-0400] {processor.py:179} INFO - Processing /home/beau/airflow/py_env/lib/python3.10/site-packages/airflow/example_dags/example_sensors.py took 0.086 seconds
[2023-09-27T22:38:43.494-0400] {processor.py:157} INFO - Started process (PID=11494) to work on /home/beau/airflow/py_env/lib/python3.10/site-packages/airflow/example_dags/example_sensors.py
[2023-09-27T22:38:43.496-0400] {processor.py:829} INFO - Processing file /home/beau/airflow/py_env/lib/python3.10/site-packages/airflow/example_dags/example_sensors.py for tasks to queue
[2023-09-27T22:38:43.497-0400] {logging_mixin.py:151} INFO - [2023-09-27T22:38:43.497-0400] {dagbag.py:539} INFO - Filling up the DagBag from /home/beau/airflow/py_env/lib/python3.10/site-packages/airflow/example_dags/example_sensors.py
[2023-09-27T22:38:43.510-0400] {processor.py:839} INFO - DAG(s) dict_keys(['example_sensors']) retrieved from /home/beau/airflow/py_env/lib/python3.10/site-packages/airflow/example_dags/example_sensors.py
[2023-09-27T22:38:43.529-0400] {logging_mixin.py:151} INFO - [2023-09-27T22:38:43.529-0400] {dag.py:2915} INFO - Sync 1 DAGs
[2023-09-27T22:38:43.538-0400] {logging_mixin.py:151} INFO - [2023-09-27T22:38:43.538-0400] {dag.py:3696} INFO - Setting next_dagrun for example_sensors to None, run_after=None
[2023-09-27T22:38:43.564-0400] {processor.py:179} INFO - Processing /home/beau/airflow/py_env/lib/python3.10/site-packages/airflow/example_dags/example_sensors.py took 0.076 seconds
[2023-09-27T22:39:16.990-0400] {processor.py:157} INFO - Started process (PID=11788) to work on /home/beau/airflow/py_env/lib/python3.10/site-packages/airflow/example_dags/example_sensors.py
[2023-09-27T22:39:16.994-0400] {processor.py:829} INFO - Processing file /home/beau/airflow/py_env/lib/python3.10/site-packages/airflow/example_dags/example_sensors.py for tasks to queue
[2023-09-27T22:39:16.996-0400] {logging_mixin.py:151} INFO - [2023-09-27T22:39:16.995-0400] {dagbag.py:539} INFO - Filling up the DagBag from /home/beau/airflow/py_env/lib/python3.10/site-packages/airflow/example_dags/example_sensors.py
[2023-09-27T22:39:17.007-0400] {processor.py:839} INFO - DAG(s) dict_keys(['example_sensors']) retrieved from /home/beau/airflow/py_env/lib/python3.10/site-packages/airflow/example_dags/example_sensors.py
[2023-09-27T22:39:17.031-0400] {logging_mixin.py:151} INFO - [2023-09-27T22:39:17.031-0400] {dag.py:2915} INFO - Sync 1 DAGs
[2023-09-27T22:39:17.043-0400] {logging_mixin.py:151} INFO - [2023-09-27T22:39:17.043-0400] {dag.py:3696} INFO - Setting next_dagrun for example_sensors to None, run_after=None
[2023-09-27T22:39:17.077-0400] {processor.py:179} INFO - Processing /home/beau/airflow/py_env/lib/python3.10/site-packages/airflow/example_dags/example_sensors.py took 0.090 seconds
[2023-09-27T22:39:54.847-0400] {processor.py:157} INFO - Started process (PID=12026) to work on /home/beau/airflow/py_env/lib/python3.10/site-packages/airflow/example_dags/example_sensors.py
[2023-09-27T22:39:54.851-0400] {processor.py:829} INFO - Processing file /home/beau/airflow/py_env/lib/python3.10/site-packages/airflow/example_dags/example_sensors.py for tasks to queue
[2023-09-27T22:39:54.853-0400] {logging_mixin.py:151} INFO - [2023-09-27T22:39:54.852-0400] {dagbag.py:539} INFO - Filling up the DagBag from /home/beau/airflow/py_env/lib/python3.10/site-packages/airflow/example_dags/example_sensors.py
[2023-09-27T22:39:54.866-0400] {processor.py:839} INFO - DAG(s) dict_keys(['example_sensors']) retrieved from /home/beau/airflow/py_env/lib/python3.10/site-packages/airflow/example_dags/example_sensors.py
[2023-09-27T22:39:54.896-0400] {logging_mixin.py:151} INFO - [2023-09-27T22:39:54.895-0400] {dag.py:2915} INFO - Sync 1 DAGs
[2023-09-27T22:39:54.910-0400] {logging_mixin.py:151} INFO - [2023-09-27T22:39:54.910-0400] {dag.py:3696} INFO - Setting next_dagrun for example_sensors to None, run_after=None
[2023-09-27T22:39:54.944-0400] {processor.py:179} INFO - Processing /home/beau/airflow/py_env/lib/python3.10/site-packages/airflow/example_dags/example_sensors.py took 0.105 seconds
[2023-09-27T22:40:38.777-0400] {processor.py:157} INFO - Started process (PID=12175) to work on /home/beau/airflow/py_env/lib/python3.10/site-packages/airflow/example_dags/example_sensors.py
[2023-09-27T22:40:38.781-0400] {processor.py:829} INFO - Processing file /home/beau/airflow/py_env/lib/python3.10/site-packages/airflow/example_dags/example_sensors.py for tasks to queue
[2023-09-27T22:40:38.783-0400] {logging_mixin.py:151} INFO - [2023-09-27T22:40:38.782-0400] {dagbag.py:539} INFO - Filling up the DagBag from /home/beau/airflow/py_env/lib/python3.10/site-packages/airflow/example_dags/example_sensors.py
[2023-09-27T22:40:38.802-0400] {processor.py:839} INFO - DAG(s) dict_keys(['example_sensors']) retrieved from /home/beau/airflow/py_env/lib/python3.10/site-packages/airflow/example_dags/example_sensors.py
[2023-09-27T22:40:38.833-0400] {logging_mixin.py:151} INFO - [2023-09-27T22:40:38.833-0400] {dag.py:2915} INFO - Sync 1 DAGs
[2023-09-27T22:40:38.847-0400] {logging_mixin.py:151} INFO - [2023-09-27T22:40:38.847-0400] {dag.py:3696} INFO - Setting next_dagrun for example_sensors to None, run_after=None
[2023-09-27T22:40:38.879-0400] {processor.py:179} INFO - Processing /home/beau/airflow/py_env/lib/python3.10/site-packages/airflow/example_dags/example_sensors.py took 0.109 seconds
[2023-09-27T22:41:17.608-0400] {processor.py:157} INFO - Started process (PID=12418) to work on /home/beau/airflow/py_env/lib/python3.10/site-packages/airflow/example_dags/example_sensors.py
[2023-09-27T22:41:17.612-0400] {processor.py:829} INFO - Processing file /home/beau/airflow/py_env/lib/python3.10/site-packages/airflow/example_dags/example_sensors.py for tasks to queue
[2023-09-27T22:41:17.613-0400] {logging_mixin.py:151} INFO - [2023-09-27T22:41:17.613-0400] {dagbag.py:539} INFO - Filling up the DagBag from /home/beau/airflow/py_env/lib/python3.10/site-packages/airflow/example_dags/example_sensors.py
[2023-09-27T22:41:17.628-0400] {processor.py:839} INFO - DAG(s) dict_keys(['example_sensors']) retrieved from /home/beau/airflow/py_env/lib/python3.10/site-packages/airflow/example_dags/example_sensors.py
[2023-09-27T22:41:17.650-0400] {logging_mixin.py:151} INFO - [2023-09-27T22:41:17.649-0400] {dag.py:2915} INFO - Sync 1 DAGs
[2023-09-27T22:41:17.662-0400] {logging_mixin.py:151} INFO - [2023-09-27T22:41:17.661-0400] {dag.py:3696} INFO - Setting next_dagrun for example_sensors to None, run_after=None
[2023-09-27T22:41:17.685-0400] {processor.py:179} INFO - Processing /home/beau/airflow/py_env/lib/python3.10/site-packages/airflow/example_dags/example_sensors.py took 0.084 seconds
[2023-09-27T22:41:56.768-0400] {processor.py:157} INFO - Started process (PID=12685) to work on /home/beau/airflow/py_env/lib/python3.10/site-packages/airflow/example_dags/example_sensors.py
[2023-09-27T22:41:56.772-0400] {processor.py:829} INFO - Processing file /home/beau/airflow/py_env/lib/python3.10/site-packages/airflow/example_dags/example_sensors.py for tasks to queue
[2023-09-27T22:41:56.772-0400] {logging_mixin.py:151} INFO - [2023-09-27T22:41:56.772-0400] {dagbag.py:539} INFO - Filling up the DagBag from /home/beau/airflow/py_env/lib/python3.10/site-packages/airflow/example_dags/example_sensors.py
[2023-09-27T22:41:56.784-0400] {processor.py:839} INFO - DAG(s) dict_keys(['example_sensors']) retrieved from /home/beau/airflow/py_env/lib/python3.10/site-packages/airflow/example_dags/example_sensors.py
[2023-09-27T22:41:56.806-0400] {logging_mixin.py:151} INFO - [2023-09-27T22:41:56.806-0400] {dag.py:2915} INFO - Sync 1 DAGs
[2023-09-27T22:41:56.821-0400] {logging_mixin.py:151} INFO - [2023-09-27T22:41:56.821-0400] {dag.py:3696} INFO - Setting next_dagrun for example_sensors to None, run_after=None
[2023-09-27T22:41:56.856-0400] {processor.py:179} INFO - Processing /home/beau/airflow/py_env/lib/python3.10/site-packages/airflow/example_dags/example_sensors.py took 0.092 seconds
[2023-09-27T22:42:36.724-0400] {processor.py:157} INFO - Started process (PID=12958) to work on /home/beau/airflow/py_env/lib/python3.10/site-packages/airflow/example_dags/example_sensors.py
[2023-09-27T22:42:36.729-0400] {processor.py:829} INFO - Processing file /home/beau/airflow/py_env/lib/python3.10/site-packages/airflow/example_dags/example_sensors.py for tasks to queue
[2023-09-27T22:42:36.730-0400] {logging_mixin.py:151} INFO - [2023-09-27T22:42:36.730-0400] {dagbag.py:539} INFO - Filling up the DagBag from /home/beau/airflow/py_env/lib/python3.10/site-packages/airflow/example_dags/example_sensors.py
[2023-09-27T22:42:36.742-0400] {processor.py:839} INFO - DAG(s) dict_keys(['example_sensors']) retrieved from /home/beau/airflow/py_env/lib/python3.10/site-packages/airflow/example_dags/example_sensors.py
[2023-09-27T22:42:36.766-0400] {logging_mixin.py:151} INFO - [2023-09-27T22:42:36.766-0400] {dag.py:2915} INFO - Sync 1 DAGs
[2023-09-27T22:42:36.777-0400] {logging_mixin.py:151} INFO - [2023-09-27T22:42:36.777-0400] {dag.py:3696} INFO - Setting next_dagrun for example_sensors to None, run_after=None
[2023-09-27T22:42:36.801-0400] {processor.py:179} INFO - Processing /home/beau/airflow/py_env/lib/python3.10/site-packages/airflow/example_dags/example_sensors.py took 0.087 seconds
[2023-09-27T22:43:13.129-0400] {processor.py:157} INFO - Started process (PID=13326) to work on /home/beau/airflow/py_env/lib/python3.10/site-packages/airflow/example_dags/example_sensors.py
[2023-09-27T22:43:13.133-0400] {processor.py:829} INFO - Processing file /home/beau/airflow/py_env/lib/python3.10/site-packages/airflow/example_dags/example_sensors.py for tasks to queue
[2023-09-27T22:43:13.136-0400] {logging_mixin.py:151} INFO - [2023-09-27T22:43:13.135-0400] {dagbag.py:539} INFO - Filling up the DagBag from /home/beau/airflow/py_env/lib/python3.10/site-packages/airflow/example_dags/example_sensors.py
[2023-09-27T22:43:13.169-0400] {processor.py:839} INFO - DAG(s) dict_keys(['example_sensors']) retrieved from /home/beau/airflow/py_env/lib/python3.10/site-packages/airflow/example_dags/example_sensors.py
[2023-09-27T22:43:13.198-0400] {logging_mixin.py:151} INFO - [2023-09-27T22:43:13.198-0400] {dag.py:2915} INFO - Sync 1 DAGs
[2023-09-27T22:43:13.211-0400] {logging_mixin.py:151} INFO - [2023-09-27T22:43:13.210-0400] {dag.py:3696} INFO - Setting next_dagrun for example_sensors to None, run_after=None
[2023-09-27T22:43:13.242-0400] {processor.py:179} INFO - Processing /home/beau/airflow/py_env/lib/python3.10/site-packages/airflow/example_dags/example_sensors.py took 0.123 seconds
[2023-09-27T22:43:51.289-0400] {processor.py:157} INFO - Started process (PID=13584) to work on /home/beau/airflow/py_env/lib/python3.10/site-packages/airflow/example_dags/example_sensors.py
[2023-09-27T22:43:51.293-0400] {processor.py:829} INFO - Processing file /home/beau/airflow/py_env/lib/python3.10/site-packages/airflow/example_dags/example_sensors.py for tasks to queue
[2023-09-27T22:43:51.294-0400] {logging_mixin.py:151} INFO - [2023-09-27T22:43:51.293-0400] {dagbag.py:539} INFO - Filling up the DagBag from /home/beau/airflow/py_env/lib/python3.10/site-packages/airflow/example_dags/example_sensors.py
[2023-09-27T22:43:51.310-0400] {processor.py:839} INFO - DAG(s) dict_keys(['example_sensors']) retrieved from /home/beau/airflow/py_env/lib/python3.10/site-packages/airflow/example_dags/example_sensors.py
[2023-09-27T22:43:51.335-0400] {logging_mixin.py:151} INFO - [2023-09-27T22:43:51.335-0400] {dag.py:2915} INFO - Sync 1 DAGs
[2023-09-27T22:43:51.349-0400] {logging_mixin.py:151} INFO - [2023-09-27T22:43:51.349-0400] {dag.py:3696} INFO - Setting next_dagrun for example_sensors to None, run_after=None
[2023-09-27T22:43:51.383-0400] {processor.py:179} INFO - Processing /home/beau/airflow/py_env/lib/python3.10/site-packages/airflow/example_dags/example_sensors.py took 0.099 seconds
[2023-09-27T22:44:33.072-0400] {processor.py:157} INFO - Started process (PID=13917) to work on /home/beau/airflow/py_env/lib/python3.10/site-packages/airflow/example_dags/example_sensors.py
[2023-09-27T22:44:33.076-0400] {processor.py:829} INFO - Processing file /home/beau/airflow/py_env/lib/python3.10/site-packages/airflow/example_dags/example_sensors.py for tasks to queue
[2023-09-27T22:44:33.077-0400] {logging_mixin.py:151} INFO - [2023-09-27T22:44:33.076-0400] {dagbag.py:539} INFO - Filling up the DagBag from /home/beau/airflow/py_env/lib/python3.10/site-packages/airflow/example_dags/example_sensors.py
[2023-09-27T22:44:33.091-0400] {processor.py:839} INFO - DAG(s) dict_keys(['example_sensors']) retrieved from /home/beau/airflow/py_env/lib/python3.10/site-packages/airflow/example_dags/example_sensors.py
[2023-09-27T22:44:33.119-0400] {logging_mixin.py:151} INFO - [2023-09-27T22:44:33.118-0400] {dag.py:2915} INFO - Sync 1 DAGs
[2023-09-27T22:44:33.131-0400] {logging_mixin.py:151} INFO - [2023-09-27T22:44:33.131-0400] {dag.py:3696} INFO - Setting next_dagrun for example_sensors to None, run_after=None
[2023-09-27T22:44:33.163-0400] {processor.py:179} INFO - Processing /home/beau/airflow/py_env/lib/python3.10/site-packages/airflow/example_dags/example_sensors.py took 0.096 seconds
[2023-09-27T22:45:09.399-0400] {processor.py:157} INFO - Started process (PID=14246) to work on /home/beau/airflow/py_env/lib/python3.10/site-packages/airflow/example_dags/example_sensors.py
[2023-09-27T22:45:09.404-0400] {processor.py:829} INFO - Processing file /home/beau/airflow/py_env/lib/python3.10/site-packages/airflow/example_dags/example_sensors.py for tasks to queue
[2023-09-27T22:45:09.406-0400] {logging_mixin.py:151} INFO - [2023-09-27T22:45:09.405-0400] {dagbag.py:539} INFO - Filling up the DagBag from /home/beau/airflow/py_env/lib/python3.10/site-packages/airflow/example_dags/example_sensors.py
[2023-09-27T22:45:09.424-0400] {processor.py:839} INFO - DAG(s) dict_keys(['example_sensors']) retrieved from /home/beau/airflow/py_env/lib/python3.10/site-packages/airflow/example_dags/example_sensors.py
[2023-09-27T22:45:09.446-0400] {logging_mixin.py:151} INFO - [2023-09-27T22:45:09.446-0400] {dag.py:2915} INFO - Sync 1 DAGs
[2023-09-27T22:45:09.456-0400] {logging_mixin.py:151} INFO - [2023-09-27T22:45:09.456-0400] {dag.py:3696} INFO - Setting next_dagrun for example_sensors to None, run_after=None
[2023-09-27T22:45:09.488-0400] {processor.py:179} INFO - Processing /home/beau/airflow/py_env/lib/python3.10/site-packages/airflow/example_dags/example_sensors.py took 0.098 seconds
[2023-09-27T22:45:45.811-0400] {processor.py:157} INFO - Started process (PID=14682) to work on /home/beau/airflow/py_env/lib/python3.10/site-packages/airflow/example_dags/example_sensors.py
[2023-09-27T22:45:45.816-0400] {processor.py:829} INFO - Processing file /home/beau/airflow/py_env/lib/python3.10/site-packages/airflow/example_dags/example_sensors.py for tasks to queue
[2023-09-27T22:45:45.817-0400] {logging_mixin.py:151} INFO - [2023-09-27T22:45:45.817-0400] {dagbag.py:539} INFO - Filling up the DagBag from /home/beau/airflow/py_env/lib/python3.10/site-packages/airflow/example_dags/example_sensors.py
[2023-09-27T22:45:45.830-0400] {processor.py:839} INFO - DAG(s) dict_keys(['example_sensors']) retrieved from /home/beau/airflow/py_env/lib/python3.10/site-packages/airflow/example_dags/example_sensors.py
[2023-09-27T22:45:45.855-0400] {logging_mixin.py:151} INFO - [2023-09-27T22:45:45.854-0400] {dag.py:2915} INFO - Sync 1 DAGs
[2023-09-27T22:45:45.866-0400] {logging_mixin.py:151} INFO - [2023-09-27T22:45:45.866-0400] {dag.py:3696} INFO - Setting next_dagrun for example_sensors to None, run_after=None
[2023-09-27T22:45:45.907-0400] {processor.py:179} INFO - Processing /home/beau/airflow/py_env/lib/python3.10/site-packages/airflow/example_dags/example_sensors.py took 0.103 seconds
[2023-09-27T22:46:26.810-0400] {processor.py:157} INFO - Started process (PID=15152) to work on /home/beau/airflow/py_env/lib/python3.10/site-packages/airflow/example_dags/example_sensors.py
[2023-09-27T22:46:26.815-0400] {processor.py:829} INFO - Processing file /home/beau/airflow/py_env/lib/python3.10/site-packages/airflow/example_dags/example_sensors.py for tasks to queue
[2023-09-27T22:46:26.816-0400] {logging_mixin.py:151} INFO - [2023-09-27T22:46:26.816-0400] {dagbag.py:539} INFO - Filling up the DagBag from /home/beau/airflow/py_env/lib/python3.10/site-packages/airflow/example_dags/example_sensors.py
[2023-09-27T22:46:26.830-0400] {processor.py:839} INFO - DAG(s) dict_keys(['example_sensors']) retrieved from /home/beau/airflow/py_env/lib/python3.10/site-packages/airflow/example_dags/example_sensors.py
[2023-09-27T22:46:26.848-0400] {logging_mixin.py:151} INFO - [2023-09-27T22:46:26.848-0400] {dag.py:2915} INFO - Sync 1 DAGs
[2023-09-27T22:46:26.859-0400] {logging_mixin.py:151} INFO - [2023-09-27T22:46:26.859-0400] {dag.py:3696} INFO - Setting next_dagrun for example_sensors to None, run_after=None
[2023-09-27T22:46:26.883-0400] {processor.py:179} INFO - Processing /home/beau/airflow/py_env/lib/python3.10/site-packages/airflow/example_dags/example_sensors.py took 0.079 seconds
[2023-09-27T22:47:07.675-0400] {processor.py:157} INFO - Started process (PID=15697) to work on /home/beau/airflow/py_env/lib/python3.10/site-packages/airflow/example_dags/example_sensors.py
[2023-09-27T22:47:07.680-0400] {processor.py:829} INFO - Processing file /home/beau/airflow/py_env/lib/python3.10/site-packages/airflow/example_dags/example_sensors.py for tasks to queue
[2023-09-27T22:47:07.681-0400] {logging_mixin.py:151} INFO - [2023-09-27T22:47:07.680-0400] {dagbag.py:539} INFO - Filling up the DagBag from /home/beau/airflow/py_env/lib/python3.10/site-packages/airflow/example_dags/example_sensors.py
[2023-09-27T22:47:07.693-0400] {processor.py:839} INFO - DAG(s) dict_keys(['example_sensors']) retrieved from /home/beau/airflow/py_env/lib/python3.10/site-packages/airflow/example_dags/example_sensors.py
[2023-09-27T22:47:07.712-0400] {logging_mixin.py:151} INFO - [2023-09-27T22:47:07.711-0400] {dag.py:2915} INFO - Sync 1 DAGs
[2023-09-27T22:47:07.723-0400] {logging_mixin.py:151} INFO - [2023-09-27T22:47:07.723-0400] {dag.py:3696} INFO - Setting next_dagrun for example_sensors to None, run_after=None
[2023-09-27T22:47:07.748-0400] {processor.py:179} INFO - Processing /home/beau/airflow/py_env/lib/python3.10/site-packages/airflow/example_dags/example_sensors.py took 0.077 seconds
[2023-09-27T22:47:44.620-0400] {processor.py:157} INFO - Started process (PID=16016) to work on /home/beau/airflow/py_env/lib/python3.10/site-packages/airflow/example_dags/example_sensors.py
[2023-09-27T22:47:44.624-0400] {processor.py:829} INFO - Processing file /home/beau/airflow/py_env/lib/python3.10/site-packages/airflow/example_dags/example_sensors.py for tasks to queue
[2023-09-27T22:47:44.625-0400] {logging_mixin.py:151} INFO - [2023-09-27T22:47:44.625-0400] {dagbag.py:539} INFO - Filling up the DagBag from /home/beau/airflow/py_env/lib/python3.10/site-packages/airflow/example_dags/example_sensors.py
[2023-09-27T22:47:44.636-0400] {processor.py:839} INFO - DAG(s) dict_keys(['example_sensors']) retrieved from /home/beau/airflow/py_env/lib/python3.10/site-packages/airflow/example_dags/example_sensors.py
[2023-09-27T22:47:44.658-0400] {logging_mixin.py:151} INFO - [2023-09-27T22:47:44.658-0400] {dag.py:2915} INFO - Sync 1 DAGs
[2023-09-27T22:47:44.671-0400] {logging_mixin.py:151} INFO - [2023-09-27T22:47:44.671-0400] {dag.py:3696} INFO - Setting next_dagrun for example_sensors to None, run_after=None
[2023-09-27T22:47:44.700-0400] {processor.py:179} INFO - Processing /home/beau/airflow/py_env/lib/python3.10/site-packages/airflow/example_dags/example_sensors.py took 0.083 seconds
[2023-09-27T22:48:24.740-0400] {processor.py:157} INFO - Started process (PID=16462) to work on /home/beau/airflow/py_env/lib/python3.10/site-packages/airflow/example_dags/example_sensors.py
[2023-09-27T22:48:24.745-0400] {processor.py:829} INFO - Processing file /home/beau/airflow/py_env/lib/python3.10/site-packages/airflow/example_dags/example_sensors.py for tasks to queue
[2023-09-27T22:48:24.747-0400] {logging_mixin.py:151} INFO - [2023-09-27T22:48:24.746-0400] {dagbag.py:539} INFO - Filling up the DagBag from /home/beau/airflow/py_env/lib/python3.10/site-packages/airflow/example_dags/example_sensors.py
[2023-09-27T22:48:24.761-0400] {processor.py:839} INFO - DAG(s) dict_keys(['example_sensors']) retrieved from /home/beau/airflow/py_env/lib/python3.10/site-packages/airflow/example_dags/example_sensors.py
[2023-09-27T22:48:24.779-0400] {logging_mixin.py:151} INFO - [2023-09-27T22:48:24.779-0400] {dag.py:2915} INFO - Sync 1 DAGs
[2023-09-27T22:48:24.788-0400] {logging_mixin.py:151} INFO - [2023-09-27T22:48:24.788-0400] {dag.py:3696} INFO - Setting next_dagrun for example_sensors to None, run_after=None
[2023-09-27T22:48:24.814-0400] {processor.py:179} INFO - Processing /home/beau/airflow/py_env/lib/python3.10/site-packages/airflow/example_dags/example_sensors.py took 0.079 seconds
[2023-09-27T22:49:04.593-0400] {processor.py:157} INFO - Started process (PID=16818) to work on /home/beau/airflow/py_env/lib/python3.10/site-packages/airflow/example_dags/example_sensors.py
[2023-09-27T22:49:04.597-0400] {processor.py:829} INFO - Processing file /home/beau/airflow/py_env/lib/python3.10/site-packages/airflow/example_dags/example_sensors.py for tasks to queue
[2023-09-27T22:49:04.599-0400] {logging_mixin.py:151} INFO - [2023-09-27T22:49:04.598-0400] {dagbag.py:539} INFO - Filling up the DagBag from /home/beau/airflow/py_env/lib/python3.10/site-packages/airflow/example_dags/example_sensors.py
[2023-09-27T22:49:04.613-0400] {processor.py:839} INFO - DAG(s) dict_keys(['example_sensors']) retrieved from /home/beau/airflow/py_env/lib/python3.10/site-packages/airflow/example_dags/example_sensors.py
[2023-09-27T22:49:04.639-0400] {logging_mixin.py:151} INFO - [2023-09-27T22:49:04.639-0400] {dag.py:2915} INFO - Sync 1 DAGs
[2023-09-27T22:49:04.653-0400] {logging_mixin.py:151} INFO - [2023-09-27T22:49:04.652-0400] {dag.py:3696} INFO - Setting next_dagrun for example_sensors to None, run_after=None
[2023-09-27T22:49:04.687-0400] {processor.py:179} INFO - Processing /home/beau/airflow/py_env/lib/python3.10/site-packages/airflow/example_dags/example_sensors.py took 0.101 seconds
[2023-09-27T22:49:42.909-0400] {processor.py:157} INFO - Started process (PID=17062) to work on /home/beau/airflow/py_env/lib/python3.10/site-packages/airflow/example_dags/example_sensors.py
[2023-09-27T22:49:42.916-0400] {processor.py:829} INFO - Processing file /home/beau/airflow/py_env/lib/python3.10/site-packages/airflow/example_dags/example_sensors.py for tasks to queue
[2023-09-27T22:49:42.918-0400] {logging_mixin.py:151} INFO - [2023-09-27T22:49:42.917-0400] {dagbag.py:539} INFO - Filling up the DagBag from /home/beau/airflow/py_env/lib/python3.10/site-packages/airflow/example_dags/example_sensors.py
[2023-09-27T22:49:42.937-0400] {processor.py:839} INFO - DAG(s) dict_keys(['example_sensors']) retrieved from /home/beau/airflow/py_env/lib/python3.10/site-packages/airflow/example_dags/example_sensors.py
[2023-09-27T22:49:42.960-0400] {logging_mixin.py:151} INFO - [2023-09-27T22:49:42.960-0400] {dag.py:2915} INFO - Sync 1 DAGs
[2023-09-27T22:49:42.971-0400] {logging_mixin.py:151} INFO - [2023-09-27T22:49:42.971-0400] {dag.py:3696} INFO - Setting next_dagrun for example_sensors to None, run_after=None
[2023-09-27T22:49:42.995-0400] {processor.py:179} INFO - Processing /home/beau/airflow/py_env/lib/python3.10/site-packages/airflow/example_dags/example_sensors.py took 0.095 seconds
[2023-09-27T22:50:21.275-0400] {processor.py:157} INFO - Started process (PID=17256) to work on /home/beau/airflow/py_env/lib/python3.10/site-packages/airflow/example_dags/example_sensors.py
[2023-09-27T22:50:21.277-0400] {processor.py:829} INFO - Processing file /home/beau/airflow/py_env/lib/python3.10/site-packages/airflow/example_dags/example_sensors.py for tasks to queue
[2023-09-27T22:50:21.279-0400] {logging_mixin.py:151} INFO - [2023-09-27T22:50:21.278-0400] {dagbag.py:539} INFO - Filling up the DagBag from /home/beau/airflow/py_env/lib/python3.10/site-packages/airflow/example_dags/example_sensors.py
[2023-09-27T22:50:21.293-0400] {processor.py:839} INFO - DAG(s) dict_keys(['example_sensors']) retrieved from /home/beau/airflow/py_env/lib/python3.10/site-packages/airflow/example_dags/example_sensors.py
[2023-09-27T22:50:21.313-0400] {logging_mixin.py:151} INFO - [2023-09-27T22:50:21.313-0400] {dag.py:2915} INFO - Sync 1 DAGs
[2023-09-27T22:50:21.322-0400] {logging_mixin.py:151} INFO - [2023-09-27T22:50:21.322-0400] {dag.py:3696} INFO - Setting next_dagrun for example_sensors to None, run_after=None
[2023-09-27T22:50:21.346-0400] {processor.py:179} INFO - Processing /home/beau/airflow/py_env/lib/python3.10/site-packages/airflow/example_dags/example_sensors.py took 0.075 seconds
[2023-09-27T22:50:56.572-0400] {processor.py:157} INFO - Started process (PID=17437) to work on /home/beau/airflow/py_env/lib/python3.10/site-packages/airflow/example_dags/example_sensors.py
[2023-09-27T22:50:56.577-0400] {processor.py:829} INFO - Processing file /home/beau/airflow/py_env/lib/python3.10/site-packages/airflow/example_dags/example_sensors.py for tasks to queue
[2023-09-27T22:50:56.578-0400] {logging_mixin.py:151} INFO - [2023-09-27T22:50:56.578-0400] {dagbag.py:539} INFO - Filling up the DagBag from /home/beau/airflow/py_env/lib/python3.10/site-packages/airflow/example_dags/example_sensors.py
[2023-09-27T22:50:56.589-0400] {processor.py:839} INFO - DAG(s) dict_keys(['example_sensors']) retrieved from /home/beau/airflow/py_env/lib/python3.10/site-packages/airflow/example_dags/example_sensors.py
[2023-09-27T22:50:56.606-0400] {logging_mixin.py:151} INFO - [2023-09-27T22:50:56.605-0400] {dag.py:2915} INFO - Sync 1 DAGs
[2023-09-27T22:50:56.614-0400] {logging_mixin.py:151} INFO - [2023-09-27T22:50:56.614-0400] {dag.py:3696} INFO - Setting next_dagrun for example_sensors to None, run_after=None
[2023-09-27T22:50:56.638-0400] {processor.py:179} INFO - Processing /home/beau/airflow/py_env/lib/python3.10/site-packages/airflow/example_dags/example_sensors.py took 0.071 seconds
[2023-09-27T22:51:34.110-0400] {processor.py:157} INFO - Started process (PID=17570) to work on /home/beau/airflow/py_env/lib/python3.10/site-packages/airflow/example_dags/example_sensors.py
[2023-09-27T22:51:34.114-0400] {processor.py:829} INFO - Processing file /home/beau/airflow/py_env/lib/python3.10/site-packages/airflow/example_dags/example_sensors.py for tasks to queue
[2023-09-27T22:51:34.116-0400] {logging_mixin.py:151} INFO - [2023-09-27T22:51:34.115-0400] {dagbag.py:539} INFO - Filling up the DagBag from /home/beau/airflow/py_env/lib/python3.10/site-packages/airflow/example_dags/example_sensors.py
[2023-09-27T22:51:34.131-0400] {processor.py:839} INFO - DAG(s) dict_keys(['example_sensors']) retrieved from /home/beau/airflow/py_env/lib/python3.10/site-packages/airflow/example_dags/example_sensors.py
[2023-09-27T22:51:34.147-0400] {logging_mixin.py:151} INFO - [2023-09-27T22:51:34.147-0400] {dag.py:2915} INFO - Sync 1 DAGs
[2023-09-27T22:51:34.156-0400] {logging_mixin.py:151} INFO - [2023-09-27T22:51:34.156-0400] {dag.py:3696} INFO - Setting next_dagrun for example_sensors to None, run_after=None
[2023-09-27T22:51:34.179-0400] {processor.py:179} INFO - Processing /home/beau/airflow/py_env/lib/python3.10/site-packages/airflow/example_dags/example_sensors.py took 0.076 seconds
[2023-09-27T22:52:12.646-0400] {processor.py:157} INFO - Started process (PID=17764) to work on /home/beau/airflow/py_env/lib/python3.10/site-packages/airflow/example_dags/example_sensors.py
[2023-09-27T22:52:12.648-0400] {processor.py:829} INFO - Processing file /home/beau/airflow/py_env/lib/python3.10/site-packages/airflow/example_dags/example_sensors.py for tasks to queue
[2023-09-27T22:52:12.650-0400] {logging_mixin.py:151} INFO - [2023-09-27T22:52:12.649-0400] {dagbag.py:539} INFO - Filling up the DagBag from /home/beau/airflow/py_env/lib/python3.10/site-packages/airflow/example_dags/example_sensors.py
[2023-09-27T22:52:12.667-0400] {processor.py:839} INFO - DAG(s) dict_keys(['example_sensors']) retrieved from /home/beau/airflow/py_env/lib/python3.10/site-packages/airflow/example_dags/example_sensors.py
[2023-09-27T22:52:12.690-0400] {logging_mixin.py:151} INFO - [2023-09-27T22:52:12.690-0400] {dag.py:2915} INFO - Sync 1 DAGs
[2023-09-27T22:52:12.699-0400] {logging_mixin.py:151} INFO - [2023-09-27T22:52:12.698-0400] {dag.py:3696} INFO - Setting next_dagrun for example_sensors to None, run_after=None
[2023-09-27T22:52:12.722-0400] {processor.py:179} INFO - Processing /home/beau/airflow/py_env/lib/python3.10/site-packages/airflow/example_dags/example_sensors.py took 0.082 seconds
[2023-09-27T22:52:47.369-0400] {processor.py:157} INFO - Started process (PID=17969) to work on /home/beau/airflow/py_env/lib/python3.10/site-packages/airflow/example_dags/example_sensors.py
[2023-09-27T22:52:47.374-0400] {processor.py:829} INFO - Processing file /home/beau/airflow/py_env/lib/python3.10/site-packages/airflow/example_dags/example_sensors.py for tasks to queue
[2023-09-27T22:52:47.376-0400] {logging_mixin.py:151} INFO - [2023-09-27T22:52:47.375-0400] {dagbag.py:539} INFO - Filling up the DagBag from /home/beau/airflow/py_env/lib/python3.10/site-packages/airflow/example_dags/example_sensors.py
[2023-09-27T22:52:47.399-0400] {processor.py:839} INFO - DAG(s) dict_keys(['example_sensors']) retrieved from /home/beau/airflow/py_env/lib/python3.10/site-packages/airflow/example_dags/example_sensors.py
[2023-09-27T22:52:47.422-0400] {logging_mixin.py:151} INFO - [2023-09-27T22:52:47.422-0400] {dag.py:2915} INFO - Sync 1 DAGs
[2023-09-27T22:52:47.434-0400] {logging_mixin.py:151} INFO - [2023-09-27T22:52:47.434-0400] {dag.py:3696} INFO - Setting next_dagrun for example_sensors to None, run_after=None
[2023-09-27T22:52:47.464-0400] {processor.py:179} INFO - Processing /home/beau/airflow/py_env/lib/python3.10/site-packages/airflow/example_dags/example_sensors.py took 0.101 seconds
[2023-09-27T22:53:22.541-0400] {processor.py:157} INFO - Started process (PID=18316) to work on /home/beau/airflow/py_env/lib/python3.10/site-packages/airflow/example_dags/example_sensors.py
[2023-09-27T22:53:22.546-0400] {processor.py:829} INFO - Processing file /home/beau/airflow/py_env/lib/python3.10/site-packages/airflow/example_dags/example_sensors.py for tasks to queue
[2023-09-27T22:53:22.547-0400] {logging_mixin.py:151} INFO - [2023-09-27T22:53:22.547-0400] {dagbag.py:539} INFO - Filling up the DagBag from /home/beau/airflow/py_env/lib/python3.10/site-packages/airflow/example_dags/example_sensors.py
[2023-09-27T22:53:22.556-0400] {processor.py:839} INFO - DAG(s) dict_keys(['example_sensors']) retrieved from /home/beau/airflow/py_env/lib/python3.10/site-packages/airflow/example_dags/example_sensors.py
[2023-09-27T22:53:22.578-0400] {logging_mixin.py:151} INFO - [2023-09-27T22:53:22.577-0400] {dag.py:2915} INFO - Sync 1 DAGs
[2023-09-27T22:53:22.587-0400] {logging_mixin.py:151} INFO - [2023-09-27T22:53:22.587-0400] {dag.py:3696} INFO - Setting next_dagrun for example_sensors to None, run_after=None
[2023-09-27T22:53:22.618-0400] {processor.py:179} INFO - Processing /home/beau/airflow/py_env/lib/python3.10/site-packages/airflow/example_dags/example_sensors.py took 0.084 seconds
[2023-09-27T22:53:58.579-0400] {processor.py:157} INFO - Started process (PID=18618) to work on /home/beau/airflow/py_env/lib/python3.10/site-packages/airflow/example_dags/example_sensors.py
[2023-09-27T22:53:58.583-0400] {processor.py:829} INFO - Processing file /home/beau/airflow/py_env/lib/python3.10/site-packages/airflow/example_dags/example_sensors.py for tasks to queue
[2023-09-27T22:53:58.585-0400] {logging_mixin.py:151} INFO - [2023-09-27T22:53:58.584-0400] {dagbag.py:539} INFO - Filling up the DagBag from /home/beau/airflow/py_env/lib/python3.10/site-packages/airflow/example_dags/example_sensors.py
[2023-09-27T22:53:58.597-0400] {processor.py:839} INFO - DAG(s) dict_keys(['example_sensors']) retrieved from /home/beau/airflow/py_env/lib/python3.10/site-packages/airflow/example_dags/example_sensors.py
[2023-09-27T22:53:58.614-0400] {logging_mixin.py:151} INFO - [2023-09-27T22:53:58.613-0400] {dag.py:2915} INFO - Sync 1 DAGs
[2023-09-27T22:53:58.623-0400] {logging_mixin.py:151} INFO - [2023-09-27T22:53:58.623-0400] {dag.py:3696} INFO - Setting next_dagrun for example_sensors to None, run_after=None
[2023-09-27T22:53:58.649-0400] {processor.py:179} INFO - Processing /home/beau/airflow/py_env/lib/python3.10/site-packages/airflow/example_dags/example_sensors.py took 0.076 seconds
