[2023-09-27T22:32:58.507-0400] {processor.py:157} INFO - Started process (PID=8093) to work on /home/beau/airflow/py_env/lib/python3.10/site-packages/airflow/example_dags/example_trigger_controller_dag.py
[2023-09-27T22:32:58.508-0400] {processor.py:829} INFO - Processing file /home/beau/airflow/py_env/lib/python3.10/site-packages/airflow/example_dags/example_trigger_controller_dag.py for tasks to queue
[2023-09-27T22:32:58.510-0400] {logging_mixin.py:151} INFO - [2023-09-27T22:32:58.509-0400] {dagbag.py:539} INFO - Filling up the DagBag from /home/beau/airflow/py_env/lib/python3.10/site-packages/airflow/example_dags/example_trigger_controller_dag.py
[2023-09-27T22:32:58.520-0400] {processor.py:839} INFO - DAG(s) dict_keys(['example_trigger_controller_dag']) retrieved from /home/beau/airflow/py_env/lib/python3.10/site-packages/airflow/example_dags/example_trigger_controller_dag.py
[2023-09-27T22:32:58.530-0400] {logging_mixin.py:151} INFO - [2023-09-27T22:32:58.530-0400] {dag.py:2915} INFO - Sync 1 DAGs
[2023-09-27T22:32:58.546-0400] {logging_mixin.py:151} INFO - [2023-09-27T22:32:58.546-0400] {dag.py:3696} INFO - Setting next_dagrun for example_trigger_controller_dag to 2021-01-01T00:00:00+00:00, run_after=2021-01-01T00:00:00+00:00
[2023-09-27T22:32:58.575-0400] {processor.py:179} INFO - Processing /home/beau/airflow/py_env/lib/python3.10/site-packages/airflow/example_dags/example_trigger_controller_dag.py took 0.073 seconds
[2023-09-27T22:33:45.974-0400] {processor.py:157} INFO - Started process (PID=8784) to work on /home/beau/airflow/py_env/lib/python3.10/site-packages/airflow/example_dags/example_trigger_controller_dag.py
[2023-09-27T22:33:45.976-0400] {processor.py:829} INFO - Processing file /home/beau/airflow/py_env/lib/python3.10/site-packages/airflow/example_dags/example_trigger_controller_dag.py for tasks to queue
[2023-09-27T22:33:45.977-0400] {logging_mixin.py:151} INFO - [2023-09-27T22:33:45.977-0400] {dagbag.py:539} INFO - Filling up the DagBag from /home/beau/airflow/py_env/lib/python3.10/site-packages/airflow/example_dags/example_trigger_controller_dag.py
[2023-09-27T22:33:45.984-0400] {processor.py:839} INFO - DAG(s) dict_keys(['example_trigger_controller_dag']) retrieved from /home/beau/airflow/py_env/lib/python3.10/site-packages/airflow/example_dags/example_trigger_controller_dag.py
[2023-09-27T22:33:46.005-0400] {logging_mixin.py:151} INFO - [2023-09-27T22:33:46.005-0400] {dag.py:2915} INFO - Sync 1 DAGs
[2023-09-27T22:33:46.021-0400] {logging_mixin.py:151} INFO - [2023-09-27T22:33:46.020-0400] {dag.py:3696} INFO - Setting next_dagrun for example_trigger_controller_dag to 2021-01-01T00:00:00+00:00, run_after=2021-01-01T00:00:00+00:00
[2023-09-27T22:33:46.056-0400] {processor.py:179} INFO - Processing /home/beau/airflow/py_env/lib/python3.10/site-packages/airflow/example_dags/example_trigger_controller_dag.py took 0.087 seconds
[2023-09-27T22:34:22.718-0400] {processor.py:157} INFO - Started process (PID=9011) to work on /home/beau/airflow/py_env/lib/python3.10/site-packages/airflow/example_dags/example_trigger_controller_dag.py
[2023-09-27T22:34:22.719-0400] {processor.py:829} INFO - Processing file /home/beau/airflow/py_env/lib/python3.10/site-packages/airflow/example_dags/example_trigger_controller_dag.py for tasks to queue
[2023-09-27T22:34:22.721-0400] {logging_mixin.py:151} INFO - [2023-09-27T22:34:22.720-0400] {dagbag.py:539} INFO - Filling up the DagBag from /home/beau/airflow/py_env/lib/python3.10/site-packages/airflow/example_dags/example_trigger_controller_dag.py
[2023-09-27T22:34:22.726-0400] {processor.py:839} INFO - DAG(s) dict_keys(['example_trigger_controller_dag']) retrieved from /home/beau/airflow/py_env/lib/python3.10/site-packages/airflow/example_dags/example_trigger_controller_dag.py
[2023-09-27T22:34:22.742-0400] {logging_mixin.py:151} INFO - [2023-09-27T22:34:22.742-0400] {dag.py:2915} INFO - Sync 1 DAGs
[2023-09-27T22:34:22.761-0400] {logging_mixin.py:151} INFO - [2023-09-27T22:34:22.761-0400] {dag.py:3696} INFO - Setting next_dagrun for example_trigger_controller_dag to 2021-01-01T00:00:00+00:00, run_after=2021-01-01T00:00:00+00:00
[2023-09-27T22:34:22.784-0400] {processor.py:179} INFO - Processing /home/beau/airflow/py_env/lib/python3.10/site-packages/airflow/example_dags/example_trigger_controller_dag.py took 0.073 seconds
[2023-09-27T22:35:03.144-0400] {processor.py:157} INFO - Started process (PID=9239) to work on /home/beau/airflow/py_env/lib/python3.10/site-packages/airflow/example_dags/example_trigger_controller_dag.py
[2023-09-27T22:35:03.148-0400] {processor.py:829} INFO - Processing file /home/beau/airflow/py_env/lib/python3.10/site-packages/airflow/example_dags/example_trigger_controller_dag.py for tasks to queue
[2023-09-27T22:35:03.150-0400] {logging_mixin.py:151} INFO - [2023-09-27T22:35:03.149-0400] {dagbag.py:539} INFO - Filling up the DagBag from /home/beau/airflow/py_env/lib/python3.10/site-packages/airflow/example_dags/example_trigger_controller_dag.py
[2023-09-27T22:35:03.158-0400] {processor.py:839} INFO - DAG(s) dict_keys(['example_trigger_controller_dag']) retrieved from /home/beau/airflow/py_env/lib/python3.10/site-packages/airflow/example_dags/example_trigger_controller_dag.py
[2023-09-27T22:35:03.179-0400] {logging_mixin.py:151} INFO - [2023-09-27T22:35:03.179-0400] {dag.py:2915} INFO - Sync 1 DAGs
[2023-09-27T22:35:03.205-0400] {logging_mixin.py:151} INFO - [2023-09-27T22:35:03.205-0400] {dag.py:3696} INFO - Setting next_dagrun for example_trigger_controller_dag to 2021-01-01T00:00:00+00:00, run_after=2021-01-01T00:00:00+00:00
[2023-09-27T22:35:03.237-0400] {processor.py:179} INFO - Processing /home/beau/airflow/py_env/lib/python3.10/site-packages/airflow/example_dags/example_trigger_controller_dag.py took 0.097 seconds
[2023-09-27T22:35:54.836-0400] {processor.py:157} INFO - Started process (PID=9950) to work on /home/beau/airflow/py_env/lib/python3.10/site-packages/airflow/example_dags/example_trigger_controller_dag.py
[2023-09-27T22:35:54.839-0400] {processor.py:829} INFO - Processing file /home/beau/airflow/py_env/lib/python3.10/site-packages/airflow/example_dags/example_trigger_controller_dag.py for tasks to queue
[2023-09-27T22:35:54.840-0400] {logging_mixin.py:151} INFO - [2023-09-27T22:35:54.839-0400] {dagbag.py:539} INFO - Filling up the DagBag from /home/beau/airflow/py_env/lib/python3.10/site-packages/airflow/example_dags/example_trigger_controller_dag.py
[2023-09-27T22:35:54.844-0400] {processor.py:839} INFO - DAG(s) dict_keys(['example_trigger_controller_dag']) retrieved from /home/beau/airflow/py_env/lib/python3.10/site-packages/airflow/example_dags/example_trigger_controller_dag.py
[2023-09-27T22:35:54.860-0400] {logging_mixin.py:151} INFO - [2023-09-27T22:35:54.860-0400] {dag.py:2915} INFO - Sync 1 DAGs
[2023-09-27T22:35:55.001-0400] {logging_mixin.py:151} INFO - [2023-09-27T22:35:55.001-0400] {dag.py:3696} INFO - Setting next_dagrun for example_trigger_controller_dag to 2021-01-01T00:00:00+00:00, run_after=2021-01-01T00:00:00+00:00
[2023-09-27T22:35:55.027-0400] {processor.py:179} INFO - Processing /home/beau/airflow/py_env/lib/python3.10/site-packages/airflow/example_dags/example_trigger_controller_dag.py took 0.194 seconds
[2023-09-27T22:36:46.989-0400] {processor.py:157} INFO - Started process (PID=10552) to work on /home/beau/airflow/py_env/lib/python3.10/site-packages/airflow/example_dags/example_trigger_controller_dag.py
[2023-09-27T22:36:46.993-0400] {processor.py:829} INFO - Processing file /home/beau/airflow/py_env/lib/python3.10/site-packages/airflow/example_dags/example_trigger_controller_dag.py for tasks to queue
[2023-09-27T22:36:46.994-0400] {logging_mixin.py:151} INFO - [2023-09-27T22:36:46.993-0400] {dagbag.py:539} INFO - Filling up the DagBag from /home/beau/airflow/py_env/lib/python3.10/site-packages/airflow/example_dags/example_trigger_controller_dag.py
[2023-09-27T22:36:47.001-0400] {processor.py:839} INFO - DAG(s) dict_keys(['example_trigger_controller_dag']) retrieved from /home/beau/airflow/py_env/lib/python3.10/site-packages/airflow/example_dags/example_trigger_controller_dag.py
[2023-09-27T22:36:47.020-0400] {logging_mixin.py:151} INFO - [2023-09-27T22:36:47.019-0400] {dag.py:2915} INFO - Sync 1 DAGs
[2023-09-27T22:36:47.040-0400] {logging_mixin.py:151} INFO - [2023-09-27T22:36:47.040-0400] {dag.py:3696} INFO - Setting next_dagrun for example_trigger_controller_dag to 2021-01-01T00:00:00+00:00, run_after=2021-01-01T00:00:00+00:00
[2023-09-27T22:36:47.075-0400] {processor.py:179} INFO - Processing /home/beau/airflow/py_env/lib/python3.10/site-packages/airflow/example_dags/example_trigger_controller_dag.py took 0.090 seconds
[2023-09-27T22:37:27.118-0400] {processor.py:157} INFO - Started process (PID=10808) to work on /home/beau/airflow/py_env/lib/python3.10/site-packages/airflow/example_dags/example_trigger_controller_dag.py
[2023-09-27T22:37:27.122-0400] {processor.py:829} INFO - Processing file /home/beau/airflow/py_env/lib/python3.10/site-packages/airflow/example_dags/example_trigger_controller_dag.py for tasks to queue
[2023-09-27T22:37:27.123-0400] {logging_mixin.py:151} INFO - [2023-09-27T22:37:27.123-0400] {dagbag.py:539} INFO - Filling up the DagBag from /home/beau/airflow/py_env/lib/python3.10/site-packages/airflow/example_dags/example_trigger_controller_dag.py
[2023-09-27T22:37:27.127-0400] {processor.py:839} INFO - DAG(s) dict_keys(['example_trigger_controller_dag']) retrieved from /home/beau/airflow/py_env/lib/python3.10/site-packages/airflow/example_dags/example_trigger_controller_dag.py
[2023-09-27T22:37:27.145-0400] {logging_mixin.py:151} INFO - [2023-09-27T22:37:27.145-0400] {dag.py:2915} INFO - Sync 1 DAGs
[2023-09-27T22:37:27.164-0400] {logging_mixin.py:151} INFO - [2023-09-27T22:37:27.164-0400] {dag.py:3696} INFO - Setting next_dagrun for example_trigger_controller_dag to 2021-01-01T00:00:00+00:00, run_after=2021-01-01T00:00:00+00:00
[2023-09-27T22:37:27.197-0400] {processor.py:179} INFO - Processing /home/beau/airflow/py_env/lib/python3.10/site-packages/airflow/example_dags/example_trigger_controller_dag.py took 0.084 seconds
[2023-09-27T22:38:05.794-0400] {processor.py:157} INFO - Started process (PID=11201) to work on /home/beau/airflow/py_env/lib/python3.10/site-packages/airflow/example_dags/example_trigger_controller_dag.py
[2023-09-27T22:38:05.798-0400] {processor.py:829} INFO - Processing file /home/beau/airflow/py_env/lib/python3.10/site-packages/airflow/example_dags/example_trigger_controller_dag.py for tasks to queue
[2023-09-27T22:38:05.800-0400] {logging_mixin.py:151} INFO - [2023-09-27T22:38:05.799-0400] {dagbag.py:539} INFO - Filling up the DagBag from /home/beau/airflow/py_env/lib/python3.10/site-packages/airflow/example_dags/example_trigger_controller_dag.py
[2023-09-27T22:38:05.807-0400] {processor.py:839} INFO - DAG(s) dict_keys(['example_trigger_controller_dag']) retrieved from /home/beau/airflow/py_env/lib/python3.10/site-packages/airflow/example_dags/example_trigger_controller_dag.py
[2023-09-27T22:38:05.829-0400] {logging_mixin.py:151} INFO - [2023-09-27T22:38:05.828-0400] {dag.py:2915} INFO - Sync 1 DAGs
[2023-09-27T22:38:05.848-0400] {logging_mixin.py:151} INFO - [2023-09-27T22:38:05.848-0400] {dag.py:3696} INFO - Setting next_dagrun for example_trigger_controller_dag to 2021-01-01T00:00:00+00:00, run_after=2021-01-01T00:00:00+00:00
[2023-09-27T22:38:05.883-0400] {processor.py:179} INFO - Processing /home/beau/airflow/py_env/lib/python3.10/site-packages/airflow/example_dags/example_trigger_controller_dag.py took 0.098 seconds
[2023-09-27T22:38:45.026-0400] {processor.py:157} INFO - Started process (PID=11503) to work on /home/beau/airflow/py_env/lib/python3.10/site-packages/airflow/example_dags/example_trigger_controller_dag.py
[2023-09-27T22:38:45.030-0400] {processor.py:829} INFO - Processing file /home/beau/airflow/py_env/lib/python3.10/site-packages/airflow/example_dags/example_trigger_controller_dag.py for tasks to queue
[2023-09-27T22:38:45.032-0400] {logging_mixin.py:151} INFO - [2023-09-27T22:38:45.031-0400] {dagbag.py:539} INFO - Filling up the DagBag from /home/beau/airflow/py_env/lib/python3.10/site-packages/airflow/example_dags/example_trigger_controller_dag.py
[2023-09-27T22:38:45.038-0400] {processor.py:839} INFO - DAG(s) dict_keys(['example_trigger_controller_dag']) retrieved from /home/beau/airflow/py_env/lib/python3.10/site-packages/airflow/example_dags/example_trigger_controller_dag.py
[2023-09-27T22:38:45.056-0400] {logging_mixin.py:151} INFO - [2023-09-27T22:38:45.055-0400] {dag.py:2915} INFO - Sync 1 DAGs
[2023-09-27T22:38:45.076-0400] {logging_mixin.py:151} INFO - [2023-09-27T22:38:45.076-0400] {dag.py:3696} INFO - Setting next_dagrun for example_trigger_controller_dag to 2021-01-01T00:00:00+00:00, run_after=2021-01-01T00:00:00+00:00
[2023-09-27T22:38:45.104-0400] {processor.py:179} INFO - Processing /home/beau/airflow/py_env/lib/python3.10/site-packages/airflow/example_dags/example_trigger_controller_dag.py took 0.085 seconds
[2023-09-27T22:39:34.382-0400] {processor.py:157} INFO - Started process (PID=11898) to work on /home/beau/airflow/py_env/lib/python3.10/site-packages/airflow/example_dags/example_trigger_controller_dag.py
[2023-09-27T22:39:34.383-0400] {processor.py:829} INFO - Processing file /home/beau/airflow/py_env/lib/python3.10/site-packages/airflow/example_dags/example_trigger_controller_dag.py for tasks to queue
[2023-09-27T22:39:34.384-0400] {logging_mixin.py:151} INFO - [2023-09-27T22:39:34.384-0400] {dagbag.py:539} INFO - Filling up the DagBag from /home/beau/airflow/py_env/lib/python3.10/site-packages/airflow/example_dags/example_trigger_controller_dag.py
[2023-09-27T22:39:34.392-0400] {processor.py:839} INFO - DAG(s) dict_keys(['example_trigger_controller_dag']) retrieved from /home/beau/airflow/py_env/lib/python3.10/site-packages/airflow/example_dags/example_trigger_controller_dag.py
[2023-09-27T22:39:34.411-0400] {logging_mixin.py:151} INFO - [2023-09-27T22:39:34.411-0400] {dag.py:2915} INFO - Sync 1 DAGs
[2023-09-27T22:39:34.432-0400] {logging_mixin.py:151} INFO - [2023-09-27T22:39:34.432-0400] {dag.py:3696} INFO - Setting next_dagrun for example_trigger_controller_dag to 2021-01-01T00:00:00+00:00, run_after=2021-01-01T00:00:00+00:00
[2023-09-27T22:39:34.465-0400] {processor.py:179} INFO - Processing /home/beau/airflow/py_env/lib/python3.10/site-packages/airflow/example_dags/example_trigger_controller_dag.py took 0.086 seconds
[2023-09-27T22:40:16.372-0400] {processor.py:157} INFO - Started process (PID=12099) to work on /home/beau/airflow/py_env/lib/python3.10/site-packages/airflow/example_dags/example_trigger_controller_dag.py
[2023-09-27T22:40:16.377-0400] {processor.py:829} INFO - Processing file /home/beau/airflow/py_env/lib/python3.10/site-packages/airflow/example_dags/example_trigger_controller_dag.py for tasks to queue
[2023-09-27T22:40:16.378-0400] {logging_mixin.py:151} INFO - [2023-09-27T22:40:16.378-0400] {dagbag.py:539} INFO - Filling up the DagBag from /home/beau/airflow/py_env/lib/python3.10/site-packages/airflow/example_dags/example_trigger_controller_dag.py
[2023-09-27T22:40:16.385-0400] {processor.py:839} INFO - DAG(s) dict_keys(['example_trigger_controller_dag']) retrieved from /home/beau/airflow/py_env/lib/python3.10/site-packages/airflow/example_dags/example_trigger_controller_dag.py
[2023-09-27T22:40:16.403-0400] {logging_mixin.py:151} INFO - [2023-09-27T22:40:16.403-0400] {dag.py:2915} INFO - Sync 1 DAGs
[2023-09-27T22:40:16.423-0400] {logging_mixin.py:151} INFO - [2023-09-27T22:40:16.423-0400] {dag.py:3696} INFO - Setting next_dagrun for example_trigger_controller_dag to 2021-01-01T00:00:00+00:00, run_after=2021-01-01T00:00:00+00:00
[2023-09-27T22:40:16.454-0400] {processor.py:179} INFO - Processing /home/beau/airflow/py_env/lib/python3.10/site-packages/airflow/example_dags/example_trigger_controller_dag.py took 0.086 seconds
[2023-09-27T22:40:57.052-0400] {processor.py:157} INFO - Started process (PID=12302) to work on /home/beau/airflow/py_env/lib/python3.10/site-packages/airflow/example_dags/example_trigger_controller_dag.py
[2023-09-27T22:40:57.056-0400] {processor.py:829} INFO - Processing file /home/beau/airflow/py_env/lib/python3.10/site-packages/airflow/example_dags/example_trigger_controller_dag.py for tasks to queue
[2023-09-27T22:40:57.057-0400] {logging_mixin.py:151} INFO - [2023-09-27T22:40:57.056-0400] {dagbag.py:539} INFO - Filling up the DagBag from /home/beau/airflow/py_env/lib/python3.10/site-packages/airflow/example_dags/example_trigger_controller_dag.py
[2023-09-27T22:40:57.062-0400] {processor.py:839} INFO - DAG(s) dict_keys(['example_trigger_controller_dag']) retrieved from /home/beau/airflow/py_env/lib/python3.10/site-packages/airflow/example_dags/example_trigger_controller_dag.py
[2023-09-27T22:40:57.080-0400] {logging_mixin.py:151} INFO - [2023-09-27T22:40:57.080-0400] {dag.py:2915} INFO - Sync 1 DAGs
[2023-09-27T22:40:57.100-0400] {logging_mixin.py:151} INFO - [2023-09-27T22:40:57.100-0400] {dag.py:3696} INFO - Setting next_dagrun for example_trigger_controller_dag to 2021-01-01T00:00:00+00:00, run_after=2021-01-01T00:00:00+00:00
[2023-09-27T22:40:57.124-0400] {processor.py:179} INFO - Processing /home/beau/airflow/py_env/lib/python3.10/site-packages/airflow/example_dags/example_trigger_controller_dag.py took 0.075 seconds
[2023-09-27T22:41:36.005-0400] {processor.py:157} INFO - Started process (PID=12505) to work on /home/beau/airflow/py_env/lib/python3.10/site-packages/airflow/example_dags/example_trigger_controller_dag.py
[2023-09-27T22:41:36.009-0400] {processor.py:829} INFO - Processing file /home/beau/airflow/py_env/lib/python3.10/site-packages/airflow/example_dags/example_trigger_controller_dag.py for tasks to queue
[2023-09-27T22:41:36.010-0400] {logging_mixin.py:151} INFO - [2023-09-27T22:41:36.009-0400] {dagbag.py:539} INFO - Filling up the DagBag from /home/beau/airflow/py_env/lib/python3.10/site-packages/airflow/example_dags/example_trigger_controller_dag.py
[2023-09-27T22:41:36.015-0400] {processor.py:839} INFO - DAG(s) dict_keys(['example_trigger_controller_dag']) retrieved from /home/beau/airflow/py_env/lib/python3.10/site-packages/airflow/example_dags/example_trigger_controller_dag.py
[2023-09-27T22:41:36.031-0400] {logging_mixin.py:151} INFO - [2023-09-27T22:41:36.031-0400] {dag.py:2915} INFO - Sync 1 DAGs
[2023-09-27T22:41:36.050-0400] {logging_mixin.py:151} INFO - [2023-09-27T22:41:36.050-0400] {dag.py:3696} INFO - Setting next_dagrun for example_trigger_controller_dag to 2021-01-01T00:00:00+00:00, run_after=2021-01-01T00:00:00+00:00
[2023-09-27T22:41:36.074-0400] {processor.py:179} INFO - Processing /home/beau/airflow/py_env/lib/python3.10/site-packages/airflow/example_dags/example_trigger_controller_dag.py took 0.072 seconds
[2023-09-27T22:42:16.073-0400] {processor.py:157} INFO - Started process (PID=12797) to work on /home/beau/airflow/py_env/lib/python3.10/site-packages/airflow/example_dags/example_trigger_controller_dag.py
[2023-09-27T22:42:16.078-0400] {processor.py:829} INFO - Processing file /home/beau/airflow/py_env/lib/python3.10/site-packages/airflow/example_dags/example_trigger_controller_dag.py for tasks to queue
[2023-09-27T22:42:16.080-0400] {logging_mixin.py:151} INFO - [2023-09-27T22:42:16.079-0400] {dagbag.py:539} INFO - Filling up the DagBag from /home/beau/airflow/py_env/lib/python3.10/site-packages/airflow/example_dags/example_trigger_controller_dag.py
[2023-09-27T22:42:16.088-0400] {processor.py:839} INFO - DAG(s) dict_keys(['example_trigger_controller_dag']) retrieved from /home/beau/airflow/py_env/lib/python3.10/site-packages/airflow/example_dags/example_trigger_controller_dag.py
[2023-09-27T22:42:16.104-0400] {logging_mixin.py:151} INFO - [2023-09-27T22:42:16.104-0400] {dag.py:2915} INFO - Sync 1 DAGs
[2023-09-27T22:42:16.122-0400] {logging_mixin.py:151} INFO - [2023-09-27T22:42:16.122-0400] {dag.py:3696} INFO - Setting next_dagrun for example_trigger_controller_dag to 2021-01-01T00:00:00+00:00, run_after=2021-01-01T00:00:00+00:00
[2023-09-27T22:42:16.145-0400] {processor.py:179} INFO - Processing /home/beau/airflow/py_env/lib/python3.10/site-packages/airflow/example_dags/example_trigger_controller_dag.py took 0.079 seconds
[2023-09-27T22:42:54.178-0400] {processor.py:157} INFO - Started process (PID=13237) to work on /home/beau/airflow/py_env/lib/python3.10/site-packages/airflow/example_dags/example_trigger_controller_dag.py
[2023-09-27T22:42:54.182-0400] {processor.py:829} INFO - Processing file /home/beau/airflow/py_env/lib/python3.10/site-packages/airflow/example_dags/example_trigger_controller_dag.py for tasks to queue
[2023-09-27T22:42:54.183-0400] {logging_mixin.py:151} INFO - [2023-09-27T22:42:54.183-0400] {dagbag.py:539} INFO - Filling up the DagBag from /home/beau/airflow/py_env/lib/python3.10/site-packages/airflow/example_dags/example_trigger_controller_dag.py
[2023-09-27T22:42:54.188-0400] {processor.py:839} INFO - DAG(s) dict_keys(['example_trigger_controller_dag']) retrieved from /home/beau/airflow/py_env/lib/python3.10/site-packages/airflow/example_dags/example_trigger_controller_dag.py
[2023-09-27T22:42:54.207-0400] {logging_mixin.py:151} INFO - [2023-09-27T22:42:54.207-0400] {dag.py:2915} INFO - Sync 1 DAGs
[2023-09-27T22:42:54.227-0400] {logging_mixin.py:151} INFO - [2023-09-27T22:42:54.226-0400] {dag.py:3696} INFO - Setting next_dagrun for example_trigger_controller_dag to 2021-01-01T00:00:00+00:00, run_after=2021-01-01T00:00:00+00:00
[2023-09-27T22:42:54.251-0400] {processor.py:179} INFO - Processing /home/beau/airflow/py_env/lib/python3.10/site-packages/airflow/example_dags/example_trigger_controller_dag.py took 0.076 seconds
[2023-09-27T22:43:29.941-0400] {processor.py:157} INFO - Started process (PID=13387) to work on /home/beau/airflow/py_env/lib/python3.10/site-packages/airflow/example_dags/example_trigger_controller_dag.py
[2023-09-27T22:43:29.944-0400] {processor.py:829} INFO - Processing file /home/beau/airflow/py_env/lib/python3.10/site-packages/airflow/example_dags/example_trigger_controller_dag.py for tasks to queue
[2023-09-27T22:43:29.945-0400] {logging_mixin.py:151} INFO - [2023-09-27T22:43:29.945-0400] {dagbag.py:539} INFO - Filling up the DagBag from /home/beau/airflow/py_env/lib/python3.10/site-packages/airflow/example_dags/example_trigger_controller_dag.py
[2023-09-27T22:43:29.960-0400] {processor.py:839} INFO - DAG(s) dict_keys(['example_trigger_controller_dag']) retrieved from /home/beau/airflow/py_env/lib/python3.10/site-packages/airflow/example_dags/example_trigger_controller_dag.py
[2023-09-27T22:43:29.991-0400] {logging_mixin.py:151} INFO - [2023-09-27T22:43:29.990-0400] {dag.py:2915} INFO - Sync 1 DAGs
[2023-09-27T22:43:30.012-0400] {logging_mixin.py:151} INFO - [2023-09-27T22:43:30.012-0400] {dag.py:3696} INFO - Setting next_dagrun for example_trigger_controller_dag to 2021-01-01T00:00:00+00:00, run_after=2021-01-01T00:00:00+00:00
[2023-09-27T22:43:30.039-0400] {processor.py:179} INFO - Processing /home/beau/airflow/py_env/lib/python3.10/site-packages/airflow/example_dags/example_trigger_controller_dag.py took 0.102 seconds
[2023-09-27T22:44:10.335-0400] {processor.py:157} INFO - Started process (PID=13721) to work on /home/beau/airflow/py_env/lib/python3.10/site-packages/airflow/example_dags/example_trigger_controller_dag.py
[2023-09-27T22:44:10.338-0400] {processor.py:829} INFO - Processing file /home/beau/airflow/py_env/lib/python3.10/site-packages/airflow/example_dags/example_trigger_controller_dag.py for tasks to queue
[2023-09-27T22:44:10.340-0400] {logging_mixin.py:151} INFO - [2023-09-27T22:44:10.339-0400] {dagbag.py:539} INFO - Filling up the DagBag from /home/beau/airflow/py_env/lib/python3.10/site-packages/airflow/example_dags/example_trigger_controller_dag.py
[2023-09-27T22:44:10.351-0400] {processor.py:839} INFO - DAG(s) dict_keys(['example_trigger_controller_dag']) retrieved from /home/beau/airflow/py_env/lib/python3.10/site-packages/airflow/example_dags/example_trigger_controller_dag.py
[2023-09-27T22:44:10.373-0400] {logging_mixin.py:151} INFO - [2023-09-27T22:44:10.373-0400] {dag.py:2915} INFO - Sync 1 DAGs
[2023-09-27T22:44:10.392-0400] {logging_mixin.py:151} INFO - [2023-09-27T22:44:10.392-0400] {dag.py:3696} INFO - Setting next_dagrun for example_trigger_controller_dag to 2021-01-01T00:00:00+00:00, run_after=2021-01-01T00:00:00+00:00
[2023-09-27T22:44:10.420-0400] {processor.py:179} INFO - Processing /home/beau/airflow/py_env/lib/python3.10/site-packages/airflow/example_dags/example_trigger_controller_dag.py took 0.093 seconds
[2023-09-27T22:44:50.227-0400] {processor.py:157} INFO - Started process (PID=14109) to work on /home/beau/airflow/py_env/lib/python3.10/site-packages/airflow/example_dags/example_trigger_controller_dag.py
[2023-09-27T22:44:50.231-0400] {processor.py:829} INFO - Processing file /home/beau/airflow/py_env/lib/python3.10/site-packages/airflow/example_dags/example_trigger_controller_dag.py for tasks to queue
[2023-09-27T22:44:50.233-0400] {logging_mixin.py:151} INFO - [2023-09-27T22:44:50.232-0400] {dagbag.py:539} INFO - Filling up the DagBag from /home/beau/airflow/py_env/lib/python3.10/site-packages/airflow/example_dags/example_trigger_controller_dag.py
[2023-09-27T22:44:50.243-0400] {processor.py:839} INFO - DAG(s) dict_keys(['example_trigger_controller_dag']) retrieved from /home/beau/airflow/py_env/lib/python3.10/site-packages/airflow/example_dags/example_trigger_controller_dag.py
[2023-09-27T22:44:50.264-0400] {logging_mixin.py:151} INFO - [2023-09-27T22:44:50.264-0400] {dag.py:2915} INFO - Sync 1 DAGs
[2023-09-27T22:44:50.281-0400] {logging_mixin.py:151} INFO - [2023-09-27T22:44:50.281-0400] {dag.py:3696} INFO - Setting next_dagrun for example_trigger_controller_dag to 2021-01-01T00:00:00+00:00, run_after=2021-01-01T00:00:00+00:00
[2023-09-27T22:44:50.306-0400] {processor.py:179} INFO - Processing /home/beau/airflow/py_env/lib/python3.10/site-packages/airflow/example_dags/example_trigger_controller_dag.py took 0.086 seconds
[2023-09-27T22:45:25.397-0400] {processor.py:157} INFO - Started process (PID=14350) to work on /home/beau/airflow/py_env/lib/python3.10/site-packages/airflow/example_dags/example_trigger_controller_dag.py
[2023-09-27T22:45:25.401-0400] {processor.py:829} INFO - Processing file /home/beau/airflow/py_env/lib/python3.10/site-packages/airflow/example_dags/example_trigger_controller_dag.py for tasks to queue
[2023-09-27T22:45:25.402-0400] {logging_mixin.py:151} INFO - [2023-09-27T22:45:25.401-0400] {dagbag.py:539} INFO - Filling up the DagBag from /home/beau/airflow/py_env/lib/python3.10/site-packages/airflow/example_dags/example_trigger_controller_dag.py
[2023-09-27T22:45:25.407-0400] {processor.py:839} INFO - DAG(s) dict_keys(['example_trigger_controller_dag']) retrieved from /home/beau/airflow/py_env/lib/python3.10/site-packages/airflow/example_dags/example_trigger_controller_dag.py
[2023-09-27T22:45:25.425-0400] {logging_mixin.py:151} INFO - [2023-09-27T22:45:25.424-0400] {dag.py:2915} INFO - Sync 1 DAGs
[2023-09-27T22:45:25.443-0400] {logging_mixin.py:151} INFO - [2023-09-27T22:45:25.443-0400] {dag.py:3696} INFO - Setting next_dagrun for example_trigger_controller_dag to 2021-01-01T00:00:00+00:00, run_after=2021-01-01T00:00:00+00:00
[2023-09-27T22:45:25.468-0400] {processor.py:179} INFO - Processing /home/beau/airflow/py_env/lib/python3.10/site-packages/airflow/example_dags/example_trigger_controller_dag.py took 0.074 seconds
[2023-09-27T22:46:05.493-0400] {processor.py:157} INFO - Started process (PID=14913) to work on /home/beau/airflow/py_env/lib/python3.10/site-packages/airflow/example_dags/example_trigger_controller_dag.py
[2023-09-27T22:46:05.498-0400] {processor.py:829} INFO - Processing file /home/beau/airflow/py_env/lib/python3.10/site-packages/airflow/example_dags/example_trigger_controller_dag.py for tasks to queue
[2023-09-27T22:46:05.499-0400] {logging_mixin.py:151} INFO - [2023-09-27T22:46:05.498-0400] {dagbag.py:539} INFO - Filling up the DagBag from /home/beau/airflow/py_env/lib/python3.10/site-packages/airflow/example_dags/example_trigger_controller_dag.py
[2023-09-27T22:46:05.506-0400] {processor.py:839} INFO - DAG(s) dict_keys(['example_trigger_controller_dag']) retrieved from /home/beau/airflow/py_env/lib/python3.10/site-packages/airflow/example_dags/example_trigger_controller_dag.py
[2023-09-27T22:46:05.527-0400] {logging_mixin.py:151} INFO - [2023-09-27T22:46:05.527-0400] {dag.py:2915} INFO - Sync 1 DAGs
[2023-09-27T22:46:05.545-0400] {logging_mixin.py:151} INFO - [2023-09-27T22:46:05.545-0400] {dag.py:3696} INFO - Setting next_dagrun for example_trigger_controller_dag to 2021-01-01T00:00:00+00:00, run_after=2021-01-01T00:00:00+00:00
[2023-09-27T22:46:05.570-0400] {processor.py:179} INFO - Processing /home/beau/airflow/py_env/lib/python3.10/site-packages/airflow/example_dags/example_trigger_controller_dag.py took 0.084 seconds
[2023-09-27T22:46:46.538-0400] {processor.py:157} INFO - Started process (PID=15433) to work on /home/beau/airflow/py_env/lib/python3.10/site-packages/airflow/example_dags/example_trigger_controller_dag.py
[2023-09-27T22:46:46.543-0400] {processor.py:829} INFO - Processing file /home/beau/airflow/py_env/lib/python3.10/site-packages/airflow/example_dags/example_trigger_controller_dag.py for tasks to queue
[2023-09-27T22:46:46.544-0400] {logging_mixin.py:151} INFO - [2023-09-27T22:46:46.544-0400] {dagbag.py:539} INFO - Filling up the DagBag from /home/beau/airflow/py_env/lib/python3.10/site-packages/airflow/example_dags/example_trigger_controller_dag.py
[2023-09-27T22:46:46.552-0400] {processor.py:839} INFO - DAG(s) dict_keys(['example_trigger_controller_dag']) retrieved from /home/beau/airflow/py_env/lib/python3.10/site-packages/airflow/example_dags/example_trigger_controller_dag.py
[2023-09-27T22:46:46.578-0400] {logging_mixin.py:151} INFO - [2023-09-27T22:46:46.578-0400] {dag.py:2915} INFO - Sync 1 DAGs
[2023-09-27T22:46:46.598-0400] {logging_mixin.py:151} INFO - [2023-09-27T22:46:46.598-0400] {dag.py:3696} INFO - Setting next_dagrun for example_trigger_controller_dag to 2021-01-01T00:00:00+00:00, run_after=2021-01-01T00:00:00+00:00
[2023-09-27T22:46:46.631-0400] {processor.py:179} INFO - Processing /home/beau/airflow/py_env/lib/python3.10/site-packages/airflow/example_dags/example_trigger_controller_dag.py took 0.102 seconds
[2023-09-27T22:47:26.323-0400] {processor.py:157} INFO - Started process (PID=15886) to work on /home/beau/airflow/py_env/lib/python3.10/site-packages/airflow/example_dags/example_trigger_controller_dag.py
[2023-09-27T22:47:26.327-0400] {processor.py:829} INFO - Processing file /home/beau/airflow/py_env/lib/python3.10/site-packages/airflow/example_dags/example_trigger_controller_dag.py for tasks to queue
[2023-09-27T22:47:26.328-0400] {logging_mixin.py:151} INFO - [2023-09-27T22:47:26.328-0400] {dagbag.py:539} INFO - Filling up the DagBag from /home/beau/airflow/py_env/lib/python3.10/site-packages/airflow/example_dags/example_trigger_controller_dag.py
[2023-09-27T22:47:26.335-0400] {processor.py:839} INFO - DAG(s) dict_keys(['example_trigger_controller_dag']) retrieved from /home/beau/airflow/py_env/lib/python3.10/site-packages/airflow/example_dags/example_trigger_controller_dag.py
[2023-09-27T22:47:26.353-0400] {logging_mixin.py:151} INFO - [2023-09-27T22:47:26.353-0400] {dag.py:2915} INFO - Sync 1 DAGs
[2023-09-27T22:47:26.372-0400] {logging_mixin.py:151} INFO - [2023-09-27T22:47:26.372-0400] {dag.py:3696} INFO - Setting next_dagrun for example_trigger_controller_dag to 2021-01-01T00:00:00+00:00, run_after=2021-01-01T00:00:00+00:00
[2023-09-27T22:47:26.401-0400] {processor.py:179} INFO - Processing /home/beau/airflow/py_env/lib/python3.10/site-packages/airflow/example_dags/example_trigger_controller_dag.py took 0.080 seconds
[2023-09-27T22:48:05.777-0400] {processor.py:157} INFO - Started process (PID=16303) to work on /home/beau/airflow/py_env/lib/python3.10/site-packages/airflow/example_dags/example_trigger_controller_dag.py
[2023-09-27T22:48:05.781-0400] {processor.py:829} INFO - Processing file /home/beau/airflow/py_env/lib/python3.10/site-packages/airflow/example_dags/example_trigger_controller_dag.py for tasks to queue
[2023-09-27T22:48:05.782-0400] {logging_mixin.py:151} INFO - [2023-09-27T22:48:05.782-0400] {dagbag.py:539} INFO - Filling up the DagBag from /home/beau/airflow/py_env/lib/python3.10/site-packages/airflow/example_dags/example_trigger_controller_dag.py
[2023-09-27T22:48:05.789-0400] {processor.py:839} INFO - DAG(s) dict_keys(['example_trigger_controller_dag']) retrieved from /home/beau/airflow/py_env/lib/python3.10/site-packages/airflow/example_dags/example_trigger_controller_dag.py
[2023-09-27T22:48:05.831-0400] {logging_mixin.py:151} INFO - [2023-09-27T22:48:05.831-0400] {dag.py:2915} INFO - Sync 1 DAGs
[2023-09-27T22:48:05.860-0400] {logging_mixin.py:151} INFO - [2023-09-27T22:48:05.860-0400] {dag.py:3696} INFO - Setting next_dagrun for example_trigger_controller_dag to 2021-01-01T00:00:00+00:00, run_after=2021-01-01T00:00:00+00:00
[2023-09-27T22:48:05.889-0400] {processor.py:179} INFO - Processing /home/beau/airflow/py_env/lib/python3.10/site-packages/airflow/example_dags/example_trigger_controller_dag.py took 0.116 seconds
[2023-09-27T22:48:45.756-0400] {processor.py:157} INFO - Started process (PID=16623) to work on /home/beau/airflow/py_env/lib/python3.10/site-packages/airflow/example_dags/example_trigger_controller_dag.py
[2023-09-27T22:48:45.760-0400] {processor.py:829} INFO - Processing file /home/beau/airflow/py_env/lib/python3.10/site-packages/airflow/example_dags/example_trigger_controller_dag.py for tasks to queue
[2023-09-27T22:48:45.761-0400] {logging_mixin.py:151} INFO - [2023-09-27T22:48:45.761-0400] {dagbag.py:539} INFO - Filling up the DagBag from /home/beau/airflow/py_env/lib/python3.10/site-packages/airflow/example_dags/example_trigger_controller_dag.py
[2023-09-27T22:48:45.766-0400] {processor.py:839} INFO - DAG(s) dict_keys(['example_trigger_controller_dag']) retrieved from /home/beau/airflow/py_env/lib/python3.10/site-packages/airflow/example_dags/example_trigger_controller_dag.py
[2023-09-27T22:48:45.782-0400] {logging_mixin.py:151} INFO - [2023-09-27T22:48:45.782-0400] {dag.py:2915} INFO - Sync 1 DAGs
[2023-09-27T22:48:45.800-0400] {logging_mixin.py:151} INFO - [2023-09-27T22:48:45.799-0400] {dag.py:3696} INFO - Setting next_dagrun for example_trigger_controller_dag to 2021-01-01T00:00:00+00:00, run_after=2021-01-01T00:00:00+00:00
[2023-09-27T22:48:45.828-0400] {processor.py:179} INFO - Processing /home/beau/airflow/py_env/lib/python3.10/site-packages/airflow/example_dags/example_trigger_controller_dag.py took 0.075 seconds
[2023-09-27T22:49:25.333-0400] {processor.py:157} INFO - Started process (PID=17002) to work on /home/beau/airflow/py_env/lib/python3.10/site-packages/airflow/example_dags/example_trigger_controller_dag.py
[2023-09-27T22:49:25.335-0400] {processor.py:829} INFO - Processing file /home/beau/airflow/py_env/lib/python3.10/site-packages/airflow/example_dags/example_trigger_controller_dag.py for tasks to queue
[2023-09-27T22:49:25.337-0400] {logging_mixin.py:151} INFO - [2023-09-27T22:49:25.336-0400] {dagbag.py:539} INFO - Filling up the DagBag from /home/beau/airflow/py_env/lib/python3.10/site-packages/airflow/example_dags/example_trigger_controller_dag.py
[2023-09-27T22:49:25.346-0400] {processor.py:839} INFO - DAG(s) dict_keys(['example_trigger_controller_dag']) retrieved from /home/beau/airflow/py_env/lib/python3.10/site-packages/airflow/example_dags/example_trigger_controller_dag.py
[2023-09-27T22:49:25.366-0400] {logging_mixin.py:151} INFO - [2023-09-27T22:49:25.366-0400] {dag.py:2915} INFO - Sync 1 DAGs
[2023-09-27T22:49:25.383-0400] {logging_mixin.py:151} INFO - [2023-09-27T22:49:25.383-0400] {dag.py:3696} INFO - Setting next_dagrun for example_trigger_controller_dag to 2021-01-01T00:00:00+00:00, run_after=2021-01-01T00:00:00+00:00
[2023-09-27T22:49:25.408-0400] {processor.py:179} INFO - Processing /home/beau/airflow/py_env/lib/python3.10/site-packages/airflow/example_dags/example_trigger_controller_dag.py took 0.081 seconds
[2023-09-27T22:50:02.810-0400] {processor.py:157} INFO - Started process (PID=17189) to work on /home/beau/airflow/py_env/lib/python3.10/site-packages/airflow/example_dags/example_trigger_controller_dag.py
[2023-09-27T22:50:02.815-0400] {processor.py:829} INFO - Processing file /home/beau/airflow/py_env/lib/python3.10/site-packages/airflow/example_dags/example_trigger_controller_dag.py for tasks to queue
[2023-09-27T22:50:02.816-0400] {logging_mixin.py:151} INFO - [2023-09-27T22:50:02.816-0400] {dagbag.py:539} INFO - Filling up the DagBag from /home/beau/airflow/py_env/lib/python3.10/site-packages/airflow/example_dags/example_trigger_controller_dag.py
[2023-09-27T22:50:02.826-0400] {processor.py:839} INFO - DAG(s) dict_keys(['example_trigger_controller_dag']) retrieved from /home/beau/airflow/py_env/lib/python3.10/site-packages/airflow/example_dags/example_trigger_controller_dag.py
[2023-09-27T22:50:02.842-0400] {logging_mixin.py:151} INFO - [2023-09-27T22:50:02.842-0400] {dag.py:2915} INFO - Sync 1 DAGs
[2023-09-27T22:50:02.858-0400] {logging_mixin.py:151} INFO - [2023-09-27T22:50:02.858-0400] {dag.py:3696} INFO - Setting next_dagrun for example_trigger_controller_dag to 2021-01-01T00:00:00+00:00, run_after=2021-01-01T00:00:00+00:00
[2023-09-27T22:50:02.886-0400] {processor.py:179} INFO - Processing /home/beau/airflow/py_env/lib/python3.10/site-packages/airflow/example_dags/example_trigger_controller_dag.py took 0.082 seconds
[2023-09-27T22:50:41.704-0400] {processor.py:157} INFO - Started process (PID=17324) to work on /home/beau/airflow/py_env/lib/python3.10/site-packages/airflow/example_dags/example_trigger_controller_dag.py
[2023-09-27T22:50:41.708-0400] {processor.py:829} INFO - Processing file /home/beau/airflow/py_env/lib/python3.10/site-packages/airflow/example_dags/example_trigger_controller_dag.py for tasks to queue
[2023-09-27T22:50:41.709-0400] {logging_mixin.py:151} INFO - [2023-09-27T22:50:41.708-0400] {dagbag.py:539} INFO - Filling up the DagBag from /home/beau/airflow/py_env/lib/python3.10/site-packages/airflow/example_dags/example_trigger_controller_dag.py
[2023-09-27T22:50:41.715-0400] {processor.py:839} INFO - DAG(s) dict_keys(['example_trigger_controller_dag']) retrieved from /home/beau/airflow/py_env/lib/python3.10/site-packages/airflow/example_dags/example_trigger_controller_dag.py
[2023-09-27T22:50:41.733-0400] {logging_mixin.py:151} INFO - [2023-09-27T22:50:41.733-0400] {dag.py:2915} INFO - Sync 1 DAGs
[2023-09-27T22:50:41.749-0400] {logging_mixin.py:151} INFO - [2023-09-27T22:50:41.748-0400] {dag.py:3696} INFO - Setting next_dagrun for example_trigger_controller_dag to 2021-01-01T00:00:00+00:00, run_after=2021-01-01T00:00:00+00:00
[2023-09-27T22:50:41.781-0400] {processor.py:179} INFO - Processing /home/beau/airflow/py_env/lib/python3.10/site-packages/airflow/example_dags/example_trigger_controller_dag.py took 0.081 seconds
[2023-09-27T22:51:16.874-0400] {processor.py:157} INFO - Started process (PID=17511) to work on /home/beau/airflow/py_env/lib/python3.10/site-packages/airflow/example_dags/example_trigger_controller_dag.py
[2023-09-27T22:51:16.878-0400] {processor.py:829} INFO - Processing file /home/beau/airflow/py_env/lib/python3.10/site-packages/airflow/example_dags/example_trigger_controller_dag.py for tasks to queue
[2023-09-27T22:51:16.880-0400] {logging_mixin.py:151} INFO - [2023-09-27T22:51:16.879-0400] {dagbag.py:539} INFO - Filling up the DagBag from /home/beau/airflow/py_env/lib/python3.10/site-packages/airflow/example_dags/example_trigger_controller_dag.py
[2023-09-27T22:51:16.887-0400] {processor.py:839} INFO - DAG(s) dict_keys(['example_trigger_controller_dag']) retrieved from /home/beau/airflow/py_env/lib/python3.10/site-packages/airflow/example_dags/example_trigger_controller_dag.py
[2023-09-27T22:51:16.907-0400] {logging_mixin.py:151} INFO - [2023-09-27T22:51:16.907-0400] {dag.py:2915} INFO - Sync 1 DAGs
[2023-09-27T22:51:16.922-0400] {logging_mixin.py:151} INFO - [2023-09-27T22:51:16.922-0400] {dag.py:3696} INFO - Setting next_dagrun for example_trigger_controller_dag to 2021-01-01T00:00:00+00:00, run_after=2021-01-01T00:00:00+00:00
[2023-09-27T22:51:16.945-0400] {processor.py:179} INFO - Processing /home/beau/airflow/py_env/lib/python3.10/site-packages/airflow/example_dags/example_trigger_controller_dag.py took 0.075 seconds
[2023-09-27T22:51:54.798-0400] {processor.py:157} INFO - Started process (PID=17698) to work on /home/beau/airflow/py_env/lib/python3.10/site-packages/airflow/example_dags/example_trigger_controller_dag.py
[2023-09-27T22:51:54.802-0400] {processor.py:829} INFO - Processing file /home/beau/airflow/py_env/lib/python3.10/site-packages/airflow/example_dags/example_trigger_controller_dag.py for tasks to queue
[2023-09-27T22:51:54.803-0400] {logging_mixin.py:151} INFO - [2023-09-27T22:51:54.803-0400] {dagbag.py:539} INFO - Filling up the DagBag from /home/beau/airflow/py_env/lib/python3.10/site-packages/airflow/example_dags/example_trigger_controller_dag.py
[2023-09-27T22:51:54.810-0400] {processor.py:839} INFO - DAG(s) dict_keys(['example_trigger_controller_dag']) retrieved from /home/beau/airflow/py_env/lib/python3.10/site-packages/airflow/example_dags/example_trigger_controller_dag.py
[2023-09-27T22:51:54.828-0400] {logging_mixin.py:151} INFO - [2023-09-27T22:51:54.828-0400] {dag.py:2915} INFO - Sync 1 DAGs
[2023-09-27T22:51:54.843-0400] {logging_mixin.py:151} INFO - [2023-09-27T22:51:54.843-0400] {dag.py:3696} INFO - Setting next_dagrun for example_trigger_controller_dag to 2021-01-01T00:00:00+00:00, run_after=2021-01-01T00:00:00+00:00
[2023-09-27T22:51:54.865-0400] {processor.py:179} INFO - Processing /home/beau/airflow/py_env/lib/python3.10/site-packages/airflow/example_dags/example_trigger_controller_dag.py took 0.072 seconds
[2023-09-27T22:52:30.816-0400] {processor.py:157} INFO - Started process (PID=17825) to work on /home/beau/airflow/py_env/lib/python3.10/site-packages/airflow/example_dags/example_trigger_controller_dag.py
[2023-09-27T22:52:30.821-0400] {processor.py:829} INFO - Processing file /home/beau/airflow/py_env/lib/python3.10/site-packages/airflow/example_dags/example_trigger_controller_dag.py for tasks to queue
[2023-09-27T22:52:30.823-0400] {logging_mixin.py:151} INFO - [2023-09-27T22:52:30.823-0400] {dagbag.py:539} INFO - Filling up the DagBag from /home/beau/airflow/py_env/lib/python3.10/site-packages/airflow/example_dags/example_trigger_controller_dag.py
[2023-09-27T22:52:30.832-0400] {processor.py:839} INFO - DAG(s) dict_keys(['example_trigger_controller_dag']) retrieved from /home/beau/airflow/py_env/lib/python3.10/site-packages/airflow/example_dags/example_trigger_controller_dag.py
[2023-09-27T22:52:30.850-0400] {logging_mixin.py:151} INFO - [2023-09-27T22:52:30.850-0400] {dag.py:2915} INFO - Sync 1 DAGs
[2023-09-27T22:52:30.865-0400] {logging_mixin.py:151} INFO - [2023-09-27T22:52:30.865-0400] {dag.py:3696} INFO - Setting next_dagrun for example_trigger_controller_dag to 2021-01-01T00:00:00+00:00, run_after=2021-01-01T00:00:00+00:00
[2023-09-27T22:52:30.887-0400] {processor.py:179} INFO - Processing /home/beau/airflow/py_env/lib/python3.10/site-packages/airflow/example_dags/example_trigger_controller_dag.py took 0.079 seconds
[2023-09-27T22:53:06.830-0400] {processor.py:157} INFO - Started process (PID=18166) to work on /home/beau/airflow/py_env/lib/python3.10/site-packages/airflow/example_dags/example_trigger_controller_dag.py
[2023-09-27T22:53:06.834-0400] {processor.py:829} INFO - Processing file /home/beau/airflow/py_env/lib/python3.10/site-packages/airflow/example_dags/example_trigger_controller_dag.py for tasks to queue
[2023-09-27T22:53:06.836-0400] {logging_mixin.py:151} INFO - [2023-09-27T22:53:06.835-0400] {dagbag.py:539} INFO - Filling up the DagBag from /home/beau/airflow/py_env/lib/python3.10/site-packages/airflow/example_dags/example_trigger_controller_dag.py
[2023-09-27T22:53:06.845-0400] {processor.py:839} INFO - DAG(s) dict_keys(['example_trigger_controller_dag']) retrieved from /home/beau/airflow/py_env/lib/python3.10/site-packages/airflow/example_dags/example_trigger_controller_dag.py
[2023-09-27T22:53:06.869-0400] {logging_mixin.py:151} INFO - [2023-09-27T22:53:06.868-0400] {dag.py:2915} INFO - Sync 1 DAGs
[2023-09-27T22:53:06.892-0400] {logging_mixin.py:151} INFO - [2023-09-27T22:53:06.891-0400] {dag.py:3696} INFO - Setting next_dagrun for example_trigger_controller_dag to 2021-01-01T00:00:00+00:00, run_after=2021-01-01T00:00:00+00:00
[2023-09-27T22:53:06.928-0400] {processor.py:179} INFO - Processing /home/beau/airflow/py_env/lib/python3.10/site-packages/airflow/example_dags/example_trigger_controller_dag.py took 0.104 seconds
[2023-09-27T22:53:41.945-0400] {processor.py:157} INFO - Started process (PID=18452) to work on /home/beau/airflow/py_env/lib/python3.10/site-packages/airflow/example_dags/example_trigger_controller_dag.py
[2023-09-27T22:53:41.950-0400] {processor.py:829} INFO - Processing file /home/beau/airflow/py_env/lib/python3.10/site-packages/airflow/example_dags/example_trigger_controller_dag.py for tasks to queue
[2023-09-27T22:53:41.952-0400] {logging_mixin.py:151} INFO - [2023-09-27T22:53:41.951-0400] {dagbag.py:539} INFO - Filling up the DagBag from /home/beau/airflow/py_env/lib/python3.10/site-packages/airflow/example_dags/example_trigger_controller_dag.py
[2023-09-27T22:53:41.961-0400] {processor.py:839} INFO - DAG(s) dict_keys(['example_trigger_controller_dag']) retrieved from /home/beau/airflow/py_env/lib/python3.10/site-packages/airflow/example_dags/example_trigger_controller_dag.py
[2023-09-27T22:53:41.980-0400] {logging_mixin.py:151} INFO - [2023-09-27T22:53:41.980-0400] {dag.py:2915} INFO - Sync 1 DAGs
[2023-09-27T22:53:41.996-0400] {logging_mixin.py:151} INFO - [2023-09-27T22:53:41.996-0400] {dag.py:3696} INFO - Setting next_dagrun for example_trigger_controller_dag to 2021-01-01T00:00:00+00:00, run_after=2021-01-01T00:00:00+00:00
[2023-09-27T22:53:42.019-0400] {processor.py:179} INFO - Processing /home/beau/airflow/py_env/lib/python3.10/site-packages/airflow/example_dags/example_trigger_controller_dag.py took 0.082 seconds
