[2023-09-27T22:33:36.974-0400] {processor.py:157} INFO - Started process (PID=8690) to work on /home/beau/airflow/py_env/lib/python3.10/site-packages/airflow/example_dags/example_bash_operator.py
[2023-09-27T22:33:36.976-0400] {processor.py:829} INFO - Processing file /home/beau/airflow/py_env/lib/python3.10/site-packages/airflow/example_dags/example_bash_operator.py for tasks to queue
[2023-09-27T22:33:36.977-0400] {logging_mixin.py:151} INFO - [2023-09-27T22:33:36.977-0400] {dagbag.py:539} INFO - Filling up the DagBag from /home/beau/airflow/py_env/lib/python3.10/site-packages/airflow/example_dags/example_bash_operator.py
[2023-09-27T22:33:36.996-0400] {processor.py:839} INFO - DAG(s) dict_keys(['example_bash_operator']) retrieved from /home/beau/airflow/py_env/lib/python3.10/site-packages/airflow/example_dags/example_bash_operator.py
[2023-09-27T22:33:37.018-0400] {logging_mixin.py:151} INFO - [2023-09-27T22:33:37.018-0400] {dag.py:2915} INFO - Sync 1 DAGs
[2023-09-27T22:33:37.038-0400] {logging_mixin.py:151} INFO - [2023-09-27T22:33:37.037-0400] {dag.py:3696} INFO - Setting next_dagrun for example_bash_operator to 2023-09-27T00:00:00+00:00, run_after=2023-09-28T00:00:00+00:00
[2023-09-27T22:33:37.064-0400] {processor.py:179} INFO - Processing /home/beau/airflow/py_env/lib/python3.10/site-packages/airflow/example_dags/example_bash_operator.py took 0.097 seconds
[2023-09-27T22:34:31.602-0400] {processor.py:157} INFO - Started process (PID=9041) to work on /home/beau/airflow/py_env/lib/python3.10/site-packages/airflow/example_dags/example_bash_operator.py
[2023-09-27T22:34:31.606-0400] {processor.py:829} INFO - Processing file /home/beau/airflow/py_env/lib/python3.10/site-packages/airflow/example_dags/example_bash_operator.py for tasks to queue
[2023-09-27T22:34:31.607-0400] {logging_mixin.py:151} INFO - [2023-09-27T22:34:31.607-0400] {dagbag.py:539} INFO - Filling up the DagBag from /home/beau/airflow/py_env/lib/python3.10/site-packages/airflow/example_dags/example_bash_operator.py
[2023-09-27T22:34:31.627-0400] {processor.py:839} INFO - DAG(s) dict_keys(['example_bash_operator']) retrieved from /home/beau/airflow/py_env/lib/python3.10/site-packages/airflow/example_dags/example_bash_operator.py
[2023-09-27T22:34:31.654-0400] {logging_mixin.py:151} INFO - [2023-09-27T22:34:31.653-0400] {dag.py:2915} INFO - Sync 1 DAGs
[2023-09-27T22:34:31.673-0400] {logging_mixin.py:151} INFO - [2023-09-27T22:34:31.673-0400] {dag.py:3696} INFO - Setting next_dagrun for example_bash_operator to 2023-09-27T00:00:00+00:00, run_after=2023-09-28T00:00:00+00:00
[2023-09-27T22:34:31.699-0400] {processor.py:179} INFO - Processing /home/beau/airflow/py_env/lib/python3.10/site-packages/airflow/example_dags/example_bash_operator.py took 0.102 seconds
[2023-09-27T22:35:44.146-0400] {processor.py:157} INFO - Started process (PID=9743) to work on /home/beau/airflow/py_env/lib/python3.10/site-packages/airflow/example_dags/example_bash_operator.py
[2023-09-27T22:35:44.151-0400] {processor.py:829} INFO - Processing file /home/beau/airflow/py_env/lib/python3.10/site-packages/airflow/example_dags/example_bash_operator.py for tasks to queue
[2023-09-27T22:35:44.153-0400] {logging_mixin.py:151} INFO - [2023-09-27T22:35:44.152-0400] {dagbag.py:539} INFO - Filling up the DagBag from /home/beau/airflow/py_env/lib/python3.10/site-packages/airflow/example_dags/example_bash_operator.py
[2023-09-27T22:35:44.168-0400] {processor.py:839} INFO - DAG(s) dict_keys(['example_bash_operator']) retrieved from /home/beau/airflow/py_env/lib/python3.10/site-packages/airflow/example_dags/example_bash_operator.py
[2023-09-27T22:35:44.190-0400] {logging_mixin.py:151} INFO - [2023-09-27T22:35:44.189-0400] {dag.py:2915} INFO - Sync 1 DAGs
[2023-09-27T22:35:44.309-0400] {logging_mixin.py:151} INFO - [2023-09-27T22:35:44.309-0400] {dag.py:3696} INFO - Setting next_dagrun for example_bash_operator to 2023-09-27T00:00:00+00:00, run_after=2023-09-28T00:00:00+00:00
[2023-09-27T22:35:44.334-0400] {processor.py:179} INFO - Processing /home/beau/airflow/py_env/lib/python3.10/site-packages/airflow/example_dags/example_bash_operator.py took 0.192 seconds
[2023-09-27T22:36:38.932-0400] {processor.py:157} INFO - Started process (PID=10466) to work on /home/beau/airflow/py_env/lib/python3.10/site-packages/airflow/example_dags/example_bash_operator.py
[2023-09-27T22:36:38.936-0400] {processor.py:829} INFO - Processing file /home/beau/airflow/py_env/lib/python3.10/site-packages/airflow/example_dags/example_bash_operator.py for tasks to queue
[2023-09-27T22:36:38.939-0400] {logging_mixin.py:151} INFO - [2023-09-27T22:36:38.938-0400] {dagbag.py:539} INFO - Filling up the DagBag from /home/beau/airflow/py_env/lib/python3.10/site-packages/airflow/example_dags/example_bash_operator.py
[2023-09-27T22:36:38.958-0400] {processor.py:839} INFO - DAG(s) dict_keys(['example_bash_operator']) retrieved from /home/beau/airflow/py_env/lib/python3.10/site-packages/airflow/example_dags/example_bash_operator.py
[2023-09-27T22:36:38.987-0400] {logging_mixin.py:151} INFO - [2023-09-27T22:36:38.987-0400] {dag.py:2915} INFO - Sync 1 DAGs
[2023-09-27T22:36:39.010-0400] {logging_mixin.py:151} INFO - [2023-09-27T22:36:39.010-0400] {dag.py:3696} INFO - Setting next_dagrun for example_bash_operator to 2023-09-27T00:00:00+00:00, run_after=2023-09-28T00:00:00+00:00
[2023-09-27T22:36:39.042-0400] {processor.py:179} INFO - Processing /home/beau/airflow/py_env/lib/python3.10/site-packages/airflow/example_dags/example_bash_operator.py took 0.117 seconds
[2023-09-27T22:37:39.644-0400] {processor.py:157} INFO - Started process (PID=10873) to work on /home/beau/airflow/py_env/lib/python3.10/site-packages/airflow/example_dags/example_bash_operator.py
[2023-09-27T22:37:39.648-0400] {processor.py:829} INFO - Processing file /home/beau/airflow/py_env/lib/python3.10/site-packages/airflow/example_dags/example_bash_operator.py for tasks to queue
[2023-09-27T22:37:39.650-0400] {logging_mixin.py:151} INFO - [2023-09-27T22:37:39.649-0400] {dagbag.py:539} INFO - Filling up the DagBag from /home/beau/airflow/py_env/lib/python3.10/site-packages/airflow/example_dags/example_bash_operator.py
[2023-09-27T22:37:39.669-0400] {processor.py:839} INFO - DAG(s) dict_keys(['example_bash_operator']) retrieved from /home/beau/airflow/py_env/lib/python3.10/site-packages/airflow/example_dags/example_bash_operator.py
[2023-09-27T22:37:39.694-0400] {logging_mixin.py:151} INFO - [2023-09-27T22:37:39.693-0400] {dag.py:2915} INFO - Sync 1 DAGs
[2023-09-27T22:37:39.715-0400] {logging_mixin.py:151} INFO - [2023-09-27T22:37:39.715-0400] {dag.py:3696} INFO - Setting next_dagrun for example_bash_operator to 2023-09-27T00:00:00+00:00, run_after=2023-09-28T00:00:00+00:00
[2023-09-27T22:37:39.742-0400] {processor.py:179} INFO - Processing /home/beau/airflow/py_env/lib/python3.10/site-packages/airflow/example_dags/example_bash_operator.py took 0.103 seconds
[2023-09-27T22:38:38.892-0400] {processor.py:157} INFO - Started process (PID=11454) to work on /home/beau/airflow/py_env/lib/python3.10/site-packages/airflow/example_dags/example_bash_operator.py
[2023-09-27T22:38:38.897-0400] {processor.py:829} INFO - Processing file /home/beau/airflow/py_env/lib/python3.10/site-packages/airflow/example_dags/example_bash_operator.py for tasks to queue
[2023-09-27T22:38:38.899-0400] {logging_mixin.py:151} INFO - [2023-09-27T22:38:38.898-0400] {dagbag.py:539} INFO - Filling up the DagBag from /home/beau/airflow/py_env/lib/python3.10/site-packages/airflow/example_dags/example_bash_operator.py
[2023-09-27T22:38:38.919-0400] {processor.py:839} INFO - DAG(s) dict_keys(['example_bash_operator']) retrieved from /home/beau/airflow/py_env/lib/python3.10/site-packages/airflow/example_dags/example_bash_operator.py
[2023-09-27T22:38:38.941-0400] {logging_mixin.py:151} INFO - [2023-09-27T22:38:38.941-0400] {dag.py:2915} INFO - Sync 1 DAGs
[2023-09-27T22:38:38.961-0400] {logging_mixin.py:151} INFO - [2023-09-27T22:38:38.961-0400] {dag.py:3696} INFO - Setting next_dagrun for example_bash_operator to 2023-09-27T00:00:00+00:00, run_after=2023-09-28T00:00:00+00:00
[2023-09-27T22:38:38.988-0400] {processor.py:179} INFO - Processing /home/beau/airflow/py_env/lib/python3.10/site-packages/airflow/example_dags/example_bash_operator.py took 0.102 seconds
[2023-09-27T22:39:29.938-0400] {processor.py:157} INFO - Started process (PID=11882) to work on /home/beau/airflow/py_env/lib/python3.10/site-packages/airflow/example_dags/example_bash_operator.py
[2023-09-27T22:39:29.942-0400] {processor.py:829} INFO - Processing file /home/beau/airflow/py_env/lib/python3.10/site-packages/airflow/example_dags/example_bash_operator.py for tasks to queue
[2023-09-27T22:39:29.944-0400] {logging_mixin.py:151} INFO - [2023-09-27T22:39:29.944-0400] {dagbag.py:539} INFO - Filling up the DagBag from /home/beau/airflow/py_env/lib/python3.10/site-packages/airflow/example_dags/example_bash_operator.py
[2023-09-27T22:39:29.960-0400] {processor.py:839} INFO - DAG(s) dict_keys(['example_bash_operator']) retrieved from /home/beau/airflow/py_env/lib/python3.10/site-packages/airflow/example_dags/example_bash_operator.py
[2023-09-27T22:39:29.987-0400] {logging_mixin.py:151} INFO - [2023-09-27T22:39:29.987-0400] {dag.py:2915} INFO - Sync 1 DAGs
[2023-09-27T22:39:30.009-0400] {logging_mixin.py:151} INFO - [2023-09-27T22:39:30.009-0400] {dag.py:3696} INFO - Setting next_dagrun for example_bash_operator to 2023-09-27T00:00:00+00:00, run_after=2023-09-28T00:00:00+00:00
[2023-09-27T22:39:30.044-0400] {processor.py:179} INFO - Processing /home/beau/airflow/py_env/lib/python3.10/site-packages/airflow/example_dags/example_bash_operator.py took 0.113 seconds
[2023-09-27T22:40:33.462-0400] {processor.py:157} INFO - Started process (PID=12158) to work on /home/beau/airflow/py_env/lib/python3.10/site-packages/airflow/example_dags/example_bash_operator.py
[2023-09-27T22:40:33.466-0400] {processor.py:829} INFO - Processing file /home/beau/airflow/py_env/lib/python3.10/site-packages/airflow/example_dags/example_bash_operator.py for tasks to queue
[2023-09-27T22:40:33.468-0400] {logging_mixin.py:151} INFO - [2023-09-27T22:40:33.467-0400] {dagbag.py:539} INFO - Filling up the DagBag from /home/beau/airflow/py_env/lib/python3.10/site-packages/airflow/example_dags/example_bash_operator.py
[2023-09-27T22:40:33.483-0400] {processor.py:839} INFO - DAG(s) dict_keys(['example_bash_operator']) retrieved from /home/beau/airflow/py_env/lib/python3.10/site-packages/airflow/example_dags/example_bash_operator.py
[2023-09-27T22:40:33.518-0400] {logging_mixin.py:151} INFO - [2023-09-27T22:40:33.517-0400] {dag.py:2915} INFO - Sync 1 DAGs
[2023-09-27T22:40:33.536-0400] {logging_mixin.py:151} INFO - [2023-09-27T22:40:33.536-0400] {dag.py:3696} INFO - Setting next_dagrun for example_bash_operator to 2023-09-27T00:00:00+00:00, run_after=2023-09-28T00:00:00+00:00
[2023-09-27T22:40:33.561-0400] {processor.py:179} INFO - Processing /home/beau/airflow/py_env/lib/python3.10/site-packages/airflow/example_dags/example_bash_operator.py took 0.103 seconds
[2023-09-27T22:41:32.069-0400] {processor.py:157} INFO - Started process (PID=12472) to work on /home/beau/airflow/py_env/lib/python3.10/site-packages/airflow/example_dags/example_bash_operator.py
[2023-09-27T22:41:32.074-0400] {processor.py:829} INFO - Processing file /home/beau/airflow/py_env/lib/python3.10/site-packages/airflow/example_dags/example_bash_operator.py for tasks to queue
[2023-09-27T22:41:32.076-0400] {logging_mixin.py:151} INFO - [2023-09-27T22:41:32.075-0400] {dagbag.py:539} INFO - Filling up the DagBag from /home/beau/airflow/py_env/lib/python3.10/site-packages/airflow/example_dags/example_bash_operator.py
[2023-09-27T22:41:32.089-0400] {processor.py:839} INFO - DAG(s) dict_keys(['example_bash_operator']) retrieved from /home/beau/airflow/py_env/lib/python3.10/site-packages/airflow/example_dags/example_bash_operator.py
[2023-09-27T22:41:32.115-0400] {logging_mixin.py:151} INFO - [2023-09-27T22:41:32.115-0400] {dag.py:2915} INFO - Sync 1 DAGs
[2023-09-27T22:41:32.133-0400] {logging_mixin.py:151} INFO - [2023-09-27T22:41:32.133-0400] {dag.py:3696} INFO - Setting next_dagrun for example_bash_operator to 2023-09-27T00:00:00+00:00, run_after=2023-09-28T00:00:00+00:00
[2023-09-27T22:41:32.162-0400] {processor.py:179} INFO - Processing /home/beau/airflow/py_env/lib/python3.10/site-packages/airflow/example_dags/example_bash_operator.py took 0.101 seconds
[2023-09-27T22:42:33.036-0400] {processor.py:157} INFO - Started process (PID=12947) to work on /home/beau/airflow/py_env/lib/python3.10/site-packages/airflow/example_dags/example_bash_operator.py
[2023-09-27T22:42:33.039-0400] {processor.py:829} INFO - Processing file /home/beau/airflow/py_env/lib/python3.10/site-packages/airflow/example_dags/example_bash_operator.py for tasks to queue
[2023-09-27T22:42:33.040-0400] {logging_mixin.py:151} INFO - [2023-09-27T22:42:33.040-0400] {dagbag.py:539} INFO - Filling up the DagBag from /home/beau/airflow/py_env/lib/python3.10/site-packages/airflow/example_dags/example_bash_operator.py
[2023-09-27T22:42:33.051-0400] {processor.py:839} INFO - DAG(s) dict_keys(['example_bash_operator']) retrieved from /home/beau/airflow/py_env/lib/python3.10/site-packages/airflow/example_dags/example_bash_operator.py
[2023-09-27T22:42:33.073-0400] {logging_mixin.py:151} INFO - [2023-09-27T22:42:33.073-0400] {dag.py:2915} INFO - Sync 1 DAGs
[2023-09-27T22:42:33.091-0400] {logging_mixin.py:151} INFO - [2023-09-27T22:42:33.091-0400] {dag.py:3696} INFO - Setting next_dagrun for example_bash_operator to 2023-09-27T00:00:00+00:00, run_after=2023-09-28T00:00:00+00:00
[2023-09-27T22:42:33.120-0400] {processor.py:179} INFO - Processing /home/beau/airflow/py_env/lib/python3.10/site-packages/airflow/example_dags/example_bash_operator.py took 0.087 seconds
[2023-09-27T22:43:25.244-0400] {processor.py:157} INFO - Started process (PID=13371) to work on /home/beau/airflow/py_env/lib/python3.10/site-packages/airflow/example_dags/example_bash_operator.py
[2023-09-27T22:43:25.249-0400] {processor.py:829} INFO - Processing file /home/beau/airflow/py_env/lib/python3.10/site-packages/airflow/example_dags/example_bash_operator.py for tasks to queue
[2023-09-27T22:43:25.251-0400] {logging_mixin.py:151} INFO - [2023-09-27T22:43:25.250-0400] {dagbag.py:539} INFO - Filling up the DagBag from /home/beau/airflow/py_env/lib/python3.10/site-packages/airflow/example_dags/example_bash_operator.py
[2023-09-27T22:43:25.269-0400] {processor.py:839} INFO - DAG(s) dict_keys(['example_bash_operator']) retrieved from /home/beau/airflow/py_env/lib/python3.10/site-packages/airflow/example_dags/example_bash_operator.py
[2023-09-27T22:43:25.290-0400] {logging_mixin.py:151} INFO - [2023-09-27T22:43:25.290-0400] {dag.py:2915} INFO - Sync 1 DAGs
[2023-09-27T22:43:25.309-0400] {logging_mixin.py:151} INFO - [2023-09-27T22:43:25.309-0400] {dag.py:3696} INFO - Setting next_dagrun for example_bash_operator to 2023-09-27T00:00:00+00:00, run_after=2023-09-28T00:00:00+00:00
[2023-09-27T22:43:25.337-0400] {processor.py:179} INFO - Processing /home/beau/airflow/py_env/lib/python3.10/site-packages/airflow/example_dags/example_bash_operator.py took 0.098 seconds
[2023-09-27T22:44:28.082-0400] {processor.py:157} INFO - Started process (PID=13877) to work on /home/beau/airflow/py_env/lib/python3.10/site-packages/airflow/example_dags/example_bash_operator.py
[2023-09-27T22:44:28.085-0400] {processor.py:829} INFO - Processing file /home/beau/airflow/py_env/lib/python3.10/site-packages/airflow/example_dags/example_bash_operator.py for tasks to queue
[2023-09-27T22:44:28.087-0400] {logging_mixin.py:151} INFO - [2023-09-27T22:44:28.086-0400] {dagbag.py:539} INFO - Filling up the DagBag from /home/beau/airflow/py_env/lib/python3.10/site-packages/airflow/example_dags/example_bash_operator.py
[2023-09-27T22:44:28.102-0400] {processor.py:839} INFO - DAG(s) dict_keys(['example_bash_operator']) retrieved from /home/beau/airflow/py_env/lib/python3.10/site-packages/airflow/example_dags/example_bash_operator.py
[2023-09-27T22:44:28.129-0400] {logging_mixin.py:151} INFO - [2023-09-27T22:44:28.129-0400] {dag.py:2915} INFO - Sync 1 DAGs
[2023-09-27T22:44:28.146-0400] {logging_mixin.py:151} INFO - [2023-09-27T22:44:28.146-0400] {dag.py:3696} INFO - Setting next_dagrun for example_bash_operator to 2023-09-27T00:00:00+00:00, run_after=2023-09-28T00:00:00+00:00
[2023-09-27T22:44:28.175-0400] {processor.py:179} INFO - Processing /home/beau/airflow/py_env/lib/python3.10/site-packages/airflow/example_dags/example_bash_operator.py took 0.097 seconds
[2023-09-27T22:45:21.426-0400] {processor.py:157} INFO - Started process (PID=14311) to work on /home/beau/airflow/py_env/lib/python3.10/site-packages/airflow/example_dags/example_bash_operator.py
[2023-09-27T22:45:21.431-0400] {processor.py:829} INFO - Processing file /home/beau/airflow/py_env/lib/python3.10/site-packages/airflow/example_dags/example_bash_operator.py for tasks to queue
[2023-09-27T22:45:21.433-0400] {logging_mixin.py:151} INFO - [2023-09-27T22:45:21.432-0400] {dagbag.py:539} INFO - Filling up the DagBag from /home/beau/airflow/py_env/lib/python3.10/site-packages/airflow/example_dags/example_bash_operator.py
[2023-09-27T22:45:21.453-0400] {processor.py:839} INFO - DAG(s) dict_keys(['example_bash_operator']) retrieved from /home/beau/airflow/py_env/lib/python3.10/site-packages/airflow/example_dags/example_bash_operator.py
[2023-09-27T22:45:21.481-0400] {logging_mixin.py:151} INFO - [2023-09-27T22:45:21.481-0400] {dag.py:2915} INFO - Sync 1 DAGs
[2023-09-27T22:45:21.504-0400] {logging_mixin.py:151} INFO - [2023-09-27T22:45:21.504-0400] {dag.py:3696} INFO - Setting next_dagrun for example_bash_operator to 2023-09-27T00:00:00+00:00, run_after=2023-09-28T00:00:00+00:00
[2023-09-27T22:45:21.532-0400] {processor.py:179} INFO - Processing /home/beau/airflow/py_env/lib/python3.10/site-packages/airflow/example_dags/example_bash_operator.py took 0.117 seconds
[2023-09-27T22:46:21.695-0400] {processor.py:157} INFO - Started process (PID=15112) to work on /home/beau/airflow/py_env/lib/python3.10/site-packages/airflow/example_dags/example_bash_operator.py
[2023-09-27T22:46:21.700-0400] {processor.py:829} INFO - Processing file /home/beau/airflow/py_env/lib/python3.10/site-packages/airflow/example_dags/example_bash_operator.py for tasks to queue
[2023-09-27T22:46:21.701-0400] {logging_mixin.py:151} INFO - [2023-09-27T22:46:21.701-0400] {dagbag.py:539} INFO - Filling up the DagBag from /home/beau/airflow/py_env/lib/python3.10/site-packages/airflow/example_dags/example_bash_operator.py
[2023-09-27T22:46:21.719-0400] {processor.py:839} INFO - DAG(s) dict_keys(['example_bash_operator']) retrieved from /home/beau/airflow/py_env/lib/python3.10/site-packages/airflow/example_dags/example_bash_operator.py
[2023-09-27T22:46:21.743-0400] {logging_mixin.py:151} INFO - [2023-09-27T22:46:21.743-0400] {dag.py:2915} INFO - Sync 1 DAGs
[2023-09-27T22:46:21.762-0400] {logging_mixin.py:151} INFO - [2023-09-27T22:46:21.762-0400] {dag.py:3696} INFO - Setting next_dagrun for example_bash_operator to 2023-09-27T00:00:00+00:00, run_after=2023-09-28T00:00:00+00:00
[2023-09-27T22:46:21.790-0400] {processor.py:179} INFO - Processing /home/beau/airflow/py_env/lib/python3.10/site-packages/airflow/example_dags/example_bash_operator.py took 0.105 seconds
[2023-09-27T22:47:21.428-0400] {processor.py:157} INFO - Started process (PID=15846) to work on /home/beau/airflow/py_env/lib/python3.10/site-packages/airflow/example_dags/example_bash_operator.py
[2023-09-27T22:47:21.431-0400] {processor.py:829} INFO - Processing file /home/beau/airflow/py_env/lib/python3.10/site-packages/airflow/example_dags/example_bash_operator.py for tasks to queue
[2023-09-27T22:47:21.433-0400] {logging_mixin.py:151} INFO - [2023-09-27T22:47:21.432-0400] {dagbag.py:539} INFO - Filling up the DagBag from /home/beau/airflow/py_env/lib/python3.10/site-packages/airflow/example_dags/example_bash_operator.py
[2023-09-27T22:47:21.443-0400] {processor.py:839} INFO - DAG(s) dict_keys(['example_bash_operator']) retrieved from /home/beau/airflow/py_env/lib/python3.10/site-packages/airflow/example_dags/example_bash_operator.py
[2023-09-27T22:47:21.468-0400] {logging_mixin.py:151} INFO - [2023-09-27T22:47:21.468-0400] {dag.py:2915} INFO - Sync 1 DAGs
[2023-09-27T22:47:21.488-0400] {logging_mixin.py:151} INFO - [2023-09-27T22:47:21.488-0400] {dag.py:3696} INFO - Setting next_dagrun for example_bash_operator to 2023-09-27T00:00:00+00:00, run_after=2023-09-28T00:00:00+00:00
[2023-09-27T22:47:21.518-0400] {processor.py:179} INFO - Processing /home/beau/airflow/py_env/lib/python3.10/site-packages/airflow/example_dags/example_bash_operator.py took 0.094 seconds
[2023-09-27T22:48:21.516-0400] {processor.py:157} INFO - Started process (PID=16446) to work on /home/beau/airflow/py_env/lib/python3.10/site-packages/airflow/example_dags/example_bash_operator.py
[2023-09-27T22:48:21.519-0400] {processor.py:829} INFO - Processing file /home/beau/airflow/py_env/lib/python3.10/site-packages/airflow/example_dags/example_bash_operator.py for tasks to queue
[2023-09-27T22:48:21.520-0400] {logging_mixin.py:151} INFO - [2023-09-27T22:48:21.520-0400] {dagbag.py:539} INFO - Filling up the DagBag from /home/beau/airflow/py_env/lib/python3.10/site-packages/airflow/example_dags/example_bash_operator.py
[2023-09-27T22:48:21.532-0400] {processor.py:839} INFO - DAG(s) dict_keys(['example_bash_operator']) retrieved from /home/beau/airflow/py_env/lib/python3.10/site-packages/airflow/example_dags/example_bash_operator.py
[2023-09-27T22:48:21.556-0400] {logging_mixin.py:151} INFO - [2023-09-27T22:48:21.555-0400] {dag.py:2915} INFO - Sync 1 DAGs
[2023-09-27T22:48:21.586-0400] {logging_mixin.py:151} INFO - [2023-09-27T22:48:21.586-0400] {dag.py:3696} INFO - Setting next_dagrun for example_bash_operator to 2023-09-27T00:00:00+00:00, run_after=2023-09-28T00:00:00+00:00
[2023-09-27T22:48:21.613-0400] {processor.py:179} INFO - Processing /home/beau/airflow/py_env/lib/python3.10/site-packages/airflow/example_dags/example_bash_operator.py took 0.101 seconds
[2023-09-27T22:49:20.162-0400] {processor.py:157} INFO - Started process (PID=16982) to work on /home/beau/airflow/py_env/lib/python3.10/site-packages/airflow/example_dags/example_bash_operator.py
[2023-09-27T22:49:20.164-0400] {processor.py:829} INFO - Processing file /home/beau/airflow/py_env/lib/python3.10/site-packages/airflow/example_dags/example_bash_operator.py for tasks to queue
[2023-09-27T22:49:20.165-0400] {logging_mixin.py:151} INFO - [2023-09-27T22:49:20.165-0400] {dagbag.py:539} INFO - Filling up the DagBag from /home/beau/airflow/py_env/lib/python3.10/site-packages/airflow/example_dags/example_bash_operator.py
[2023-09-27T22:49:20.178-0400] {processor.py:839} INFO - DAG(s) dict_keys(['example_bash_operator']) retrieved from /home/beau/airflow/py_env/lib/python3.10/site-packages/airflow/example_dags/example_bash_operator.py
[2023-09-27T22:49:20.202-0400] {logging_mixin.py:151} INFO - [2023-09-27T22:49:20.202-0400] {dag.py:2915} INFO - Sync 1 DAGs
[2023-09-27T22:49:20.221-0400] {logging_mixin.py:151} INFO - [2023-09-27T22:49:20.220-0400] {dag.py:3696} INFO - Setting next_dagrun for example_bash_operator to 2023-09-27T00:00:00+00:00, run_after=2023-09-28T00:00:00+00:00
[2023-09-27T22:49:20.253-0400] {processor.py:179} INFO - Processing /home/beau/airflow/py_env/lib/python3.10/site-packages/airflow/example_dags/example_bash_operator.py took 0.094 seconds
[2023-09-27T22:50:17.280-0400] {processor.py:157} INFO - Started process (PID=17240) to work on /home/beau/airflow/py_env/lib/python3.10/site-packages/airflow/example_dags/example_bash_operator.py
[2023-09-27T22:50:17.285-0400] {processor.py:829} INFO - Processing file /home/beau/airflow/py_env/lib/python3.10/site-packages/airflow/example_dags/example_bash_operator.py for tasks to queue
[2023-09-27T22:50:17.287-0400] {logging_mixin.py:151} INFO - [2023-09-27T22:50:17.286-0400] {dagbag.py:539} INFO - Filling up the DagBag from /home/beau/airflow/py_env/lib/python3.10/site-packages/airflow/example_dags/example_bash_operator.py
[2023-09-27T22:50:17.306-0400] {processor.py:839} INFO - DAG(s) dict_keys(['example_bash_operator']) retrieved from /home/beau/airflow/py_env/lib/python3.10/site-packages/airflow/example_dags/example_bash_operator.py
[2023-09-27T22:50:17.327-0400] {logging_mixin.py:151} INFO - [2023-09-27T22:50:17.327-0400] {dag.py:2915} INFO - Sync 1 DAGs
[2023-09-27T22:50:17.344-0400] {logging_mixin.py:151} INFO - [2023-09-27T22:50:17.344-0400] {dag.py:3696} INFO - Setting next_dagrun for example_bash_operator to 2023-09-27T00:00:00+00:00, run_after=2023-09-28T00:00:00+00:00
[2023-09-27T22:50:17.370-0400] {processor.py:179} INFO - Processing /home/beau/airflow/py_env/lib/python3.10/site-packages/airflow/example_dags/example_bash_operator.py took 0.100 seconds
[2023-09-27T22:51:11.628-0400] {processor.py:157} INFO - Started process (PID=17493) to work on /home/beau/airflow/py_env/lib/python3.10/site-packages/airflow/example_dags/example_bash_operator.py
[2023-09-27T22:51:11.629-0400] {processor.py:829} INFO - Processing file /home/beau/airflow/py_env/lib/python3.10/site-packages/airflow/example_dags/example_bash_operator.py for tasks to queue
[2023-09-27T22:51:11.630-0400] {logging_mixin.py:151} INFO - [2023-09-27T22:51:11.630-0400] {dagbag.py:539} INFO - Filling up the DagBag from /home/beau/airflow/py_env/lib/python3.10/site-packages/airflow/example_dags/example_bash_operator.py
[2023-09-27T22:51:11.640-0400] {processor.py:839} INFO - DAG(s) dict_keys(['example_bash_operator']) retrieved from /home/beau/airflow/py_env/lib/python3.10/site-packages/airflow/example_dags/example_bash_operator.py
[2023-09-27T22:51:11.659-0400] {logging_mixin.py:151} INFO - [2023-09-27T22:51:11.659-0400] {dag.py:2915} INFO - Sync 1 DAGs
[2023-09-27T22:51:11.675-0400] {logging_mixin.py:151} INFO - [2023-09-27T22:51:11.675-0400] {dag.py:3696} INFO - Setting next_dagrun for example_bash_operator to 2023-09-27T00:00:00+00:00, run_after=2023-09-28T00:00:00+00:00
[2023-09-27T22:51:11.700-0400] {processor.py:179} INFO - Processing /home/beau/airflow/py_env/lib/python3.10/site-packages/airflow/example_dags/example_bash_operator.py took 0.075 seconds
[2023-09-27T22:52:07.900-0400] {processor.py:157} INFO - Started process (PID=17748) to work on /home/beau/airflow/py_env/lib/python3.10/site-packages/airflow/example_dags/example_bash_operator.py
[2023-09-27T22:52:07.905-0400] {processor.py:829} INFO - Processing file /home/beau/airflow/py_env/lib/python3.10/site-packages/airflow/example_dags/example_bash_operator.py for tasks to queue
[2023-09-27T22:52:07.908-0400] {logging_mixin.py:151} INFO - [2023-09-27T22:52:07.907-0400] {dagbag.py:539} INFO - Filling up the DagBag from /home/beau/airflow/py_env/lib/python3.10/site-packages/airflow/example_dags/example_bash_operator.py
[2023-09-27T22:52:07.927-0400] {processor.py:839} INFO - DAG(s) dict_keys(['example_bash_operator']) retrieved from /home/beau/airflow/py_env/lib/python3.10/site-packages/airflow/example_dags/example_bash_operator.py
[2023-09-27T22:52:07.955-0400] {logging_mixin.py:151} INFO - [2023-09-27T22:52:07.954-0400] {dag.py:2915} INFO - Sync 1 DAGs
[2023-09-27T22:52:07.971-0400] {logging_mixin.py:151} INFO - [2023-09-27T22:52:07.970-0400] {dag.py:3696} INFO - Setting next_dagrun for example_bash_operator to 2023-09-27T00:00:00+00:00, run_after=2023-09-28T00:00:00+00:00
[2023-09-27T22:52:07.996-0400] {processor.py:179} INFO - Processing /home/beau/airflow/py_env/lib/python3.10/site-packages/airflow/example_dags/example_bash_operator.py took 0.106 seconds
[2023-09-27T22:53:01.587-0400] {processor.py:157} INFO - Started process (PID=18126) to work on /home/beau/airflow/py_env/lib/python3.10/site-packages/airflow/example_dags/example_bash_operator.py
[2023-09-27T22:53:01.591-0400] {processor.py:829} INFO - Processing file /home/beau/airflow/py_env/lib/python3.10/site-packages/airflow/example_dags/example_bash_operator.py for tasks to queue
[2023-09-27T22:53:01.592-0400] {logging_mixin.py:151} INFO - [2023-09-27T22:53:01.592-0400] {dagbag.py:539} INFO - Filling up the DagBag from /home/beau/airflow/py_env/lib/python3.10/site-packages/airflow/example_dags/example_bash_operator.py
[2023-09-27T22:53:01.607-0400] {processor.py:839} INFO - DAG(s) dict_keys(['example_bash_operator']) retrieved from /home/beau/airflow/py_env/lib/python3.10/site-packages/airflow/example_dags/example_bash_operator.py
[2023-09-27T22:53:01.638-0400] {logging_mixin.py:151} INFO - [2023-09-27T22:53:01.637-0400] {dag.py:2915} INFO - Sync 1 DAGs
[2023-09-27T22:53:01.655-0400] {logging_mixin.py:151} INFO - [2023-09-27T22:53:01.654-0400] {dag.py:3696} INFO - Setting next_dagrun for example_bash_operator to 2023-09-27T00:00:00+00:00, run_after=2023-09-28T00:00:00+00:00
[2023-09-27T22:53:01.681-0400] {processor.py:179} INFO - Processing /home/beau/airflow/py_env/lib/python3.10/site-packages/airflow/example_dags/example_bash_operator.py took 0.098 seconds
[2023-09-27T22:53:53.834-0400] {processor.py:157} INFO - Started process (PID=18579) to work on /home/beau/airflow/py_env/lib/python3.10/site-packages/airflow/example_dags/example_bash_operator.py
[2023-09-27T22:53:53.838-0400] {processor.py:829} INFO - Processing file /home/beau/airflow/py_env/lib/python3.10/site-packages/airflow/example_dags/example_bash_operator.py for tasks to queue
[2023-09-27T22:53:53.841-0400] {logging_mixin.py:151} INFO - [2023-09-27T22:53:53.840-0400] {dagbag.py:539} INFO - Filling up the DagBag from /home/beau/airflow/py_env/lib/python3.10/site-packages/airflow/example_dags/example_bash_operator.py
[2023-09-27T22:53:53.866-0400] {processor.py:839} INFO - DAG(s) dict_keys(['example_bash_operator']) retrieved from /home/beau/airflow/py_env/lib/python3.10/site-packages/airflow/example_dags/example_bash_operator.py
[2023-09-27T22:53:53.891-0400] {logging_mixin.py:151} INFO - [2023-09-27T22:53:53.891-0400] {dag.py:2915} INFO - Sync 1 DAGs
[2023-09-27T22:53:53.908-0400] {logging_mixin.py:151} INFO - [2023-09-27T22:53:53.908-0400] {dag.py:3696} INFO - Setting next_dagrun for example_bash_operator to 2023-09-27T00:00:00+00:00, run_after=2023-09-28T00:00:00+00:00
[2023-09-27T22:53:53.947-0400] {processor.py:179} INFO - Processing /home/beau/airflow/py_env/lib/python3.10/site-packages/airflow/example_dags/example_bash_operator.py took 0.117 seconds
