[2023-09-27T22:33:16.669-0400] {processor.py:157} INFO - Started process (PID=8370) to work on /home/beau/airflow/py_env/lib/python3.10/site-packages/airflow/example_dags/example_short_circuit_operator.py
[2023-09-27T22:33:16.670-0400] {processor.py:829} INFO - Processing file /home/beau/airflow/py_env/lib/python3.10/site-packages/airflow/example_dags/example_short_circuit_operator.py for tasks to queue
[2023-09-27T22:33:16.671-0400] {logging_mixin.py:151} INFO - [2023-09-27T22:33:16.671-0400] {dagbag.py:539} INFO - Filling up the DagBag from /home/beau/airflow/py_env/lib/python3.10/site-packages/airflow/example_dags/example_short_circuit_operator.py
[2023-09-27T22:33:16.679-0400] {processor.py:839} INFO - DAG(s) dict_keys(['example_short_circuit_operator']) retrieved from /home/beau/airflow/py_env/lib/python3.10/site-packages/airflow/example_dags/example_short_circuit_operator.py
[2023-09-27T22:33:16.698-0400] {logging_mixin.py:151} INFO - [2023-09-27T22:33:16.698-0400] {dag.py:2915} INFO - Sync 1 DAGs
[2023-09-27T22:33:16.715-0400] {logging_mixin.py:151} INFO - [2023-09-27T22:33:16.715-0400] {dag.py:3696} INFO - Setting next_dagrun for example_short_circuit_operator to 2023-09-27T02:33:16.714878+00:00, run_after=2023-09-28T02:33:16.714878+00:00
[2023-09-27T22:33:16.744-0400] {processor.py:179} INFO - Processing /home/beau/airflow/py_env/lib/python3.10/site-packages/airflow/example_dags/example_short_circuit_operator.py took 0.077 seconds
[2023-09-27T22:34:04.788-0400] {processor.py:157} INFO - Started process (PID=8948) to work on /home/beau/airflow/py_env/lib/python3.10/site-packages/airflow/example_dags/example_short_circuit_operator.py
[2023-09-27T22:34:04.793-0400] {processor.py:829} INFO - Processing file /home/beau/airflow/py_env/lib/python3.10/site-packages/airflow/example_dags/example_short_circuit_operator.py for tasks to queue
[2023-09-27T22:34:04.795-0400] {logging_mixin.py:151} INFO - [2023-09-27T22:34:04.794-0400] {dagbag.py:539} INFO - Filling up the DagBag from /home/beau/airflow/py_env/lib/python3.10/site-packages/airflow/example_dags/example_short_circuit_operator.py
[2023-09-27T22:34:04.809-0400] {processor.py:839} INFO - DAG(s) dict_keys(['example_short_circuit_operator']) retrieved from /home/beau/airflow/py_env/lib/python3.10/site-packages/airflow/example_dags/example_short_circuit_operator.py
[2023-09-27T22:34:04.824-0400] {logging_mixin.py:151} INFO - [2023-09-27T22:34:04.824-0400] {dag.py:2915} INFO - Sync 1 DAGs
[2023-09-27T22:34:04.840-0400] {logging_mixin.py:151} INFO - [2023-09-27T22:34:04.840-0400] {dag.py:3696} INFO - Setting next_dagrun for example_short_circuit_operator to 2023-09-27T02:34:04.839837+00:00, run_after=2023-09-28T02:34:04.839837+00:00
[2023-09-27T22:34:04.865-0400] {processor.py:179} INFO - Processing /home/beau/airflow/py_env/lib/python3.10/site-packages/airflow/example_dags/example_short_circuit_operator.py took 0.082 seconds
[2023-09-27T22:34:54.279-0400] {processor.py:157} INFO - Started process (PID=9184) to work on /home/beau/airflow/py_env/lib/python3.10/site-packages/airflow/example_dags/example_short_circuit_operator.py
[2023-09-27T22:34:54.283-0400] {processor.py:829} INFO - Processing file /home/beau/airflow/py_env/lib/python3.10/site-packages/airflow/example_dags/example_short_circuit_operator.py for tasks to queue
[2023-09-27T22:34:54.284-0400] {logging_mixin.py:151} INFO - [2023-09-27T22:34:54.284-0400] {dagbag.py:539} INFO - Filling up the DagBag from /home/beau/airflow/py_env/lib/python3.10/site-packages/airflow/example_dags/example_short_circuit_operator.py
[2023-09-27T22:34:54.296-0400] {processor.py:839} INFO - DAG(s) dict_keys(['example_short_circuit_operator']) retrieved from /home/beau/airflow/py_env/lib/python3.10/site-packages/airflow/example_dags/example_short_circuit_operator.py
[2023-09-27T22:34:54.317-0400] {logging_mixin.py:151} INFO - [2023-09-27T22:34:54.316-0400] {dag.py:2915} INFO - Sync 1 DAGs
[2023-09-27T22:34:54.342-0400] {logging_mixin.py:151} INFO - [2023-09-27T22:34:54.342-0400] {dag.py:3696} INFO - Setting next_dagrun for example_short_circuit_operator to 2023-09-27T02:34:54.342595+00:00, run_after=2023-09-28T02:34:54.342595+00:00
[2023-09-27T22:34:54.376-0400] {processor.py:179} INFO - Processing /home/beau/airflow/py_env/lib/python3.10/site-packages/airflow/example_dags/example_short_circuit_operator.py took 0.100 seconds
[2023-09-27T22:35:58.671-0400] {processor.py:157} INFO - Started process (PID=10048) to work on /home/beau/airflow/py_env/lib/python3.10/site-packages/airflow/example_dags/example_short_circuit_operator.py
[2023-09-27T22:35:58.675-0400] {processor.py:829} INFO - Processing file /home/beau/airflow/py_env/lib/python3.10/site-packages/airflow/example_dags/example_short_circuit_operator.py for tasks to queue
[2023-09-27T22:35:58.676-0400] {logging_mixin.py:151} INFO - [2023-09-27T22:35:58.676-0400] {dagbag.py:539} INFO - Filling up the DagBag from /home/beau/airflow/py_env/lib/python3.10/site-packages/airflow/example_dags/example_short_circuit_operator.py
[2023-09-27T22:35:58.684-0400] {processor.py:839} INFO - DAG(s) dict_keys(['example_short_circuit_operator']) retrieved from /home/beau/airflow/py_env/lib/python3.10/site-packages/airflow/example_dags/example_short_circuit_operator.py
[2023-09-27T22:35:58.703-0400] {logging_mixin.py:151} INFO - [2023-09-27T22:35:58.703-0400] {dag.py:2915} INFO - Sync 1 DAGs
[2023-09-27T22:35:58.843-0400] {logging_mixin.py:151} INFO - [2023-09-27T22:35:58.843-0400] {dag.py:3696} INFO - Setting next_dagrun for example_short_circuit_operator to 2023-09-27T02:35:58.843219+00:00, run_after=2023-09-28T02:35:58.843219+00:00
[2023-09-27T22:35:58.872-0400] {processor.py:179} INFO - Processing /home/beau/airflow/py_env/lib/python3.10/site-packages/airflow/example_dags/example_short_circuit_operator.py took 0.203 seconds
[2023-09-27T22:36:49.984-0400] {processor.py:157} INFO - Started process (PID=10564) to work on /home/beau/airflow/py_env/lib/python3.10/site-packages/airflow/example_dags/example_short_circuit_operator.py
[2023-09-27T22:36:49.985-0400] {processor.py:829} INFO - Processing file /home/beau/airflow/py_env/lib/python3.10/site-packages/airflow/example_dags/example_short_circuit_operator.py for tasks to queue
[2023-09-27T22:36:49.986-0400] {logging_mixin.py:151} INFO - [2023-09-27T22:36:49.986-0400] {dagbag.py:539} INFO - Filling up the DagBag from /home/beau/airflow/py_env/lib/python3.10/site-packages/airflow/example_dags/example_short_circuit_operator.py
[2023-09-27T22:36:49.997-0400] {processor.py:839} INFO - DAG(s) dict_keys(['example_short_circuit_operator']) retrieved from /home/beau/airflow/py_env/lib/python3.10/site-packages/airflow/example_dags/example_short_circuit_operator.py
[2023-09-27T22:36:50.015-0400] {logging_mixin.py:151} INFO - [2023-09-27T22:36:50.015-0400] {dag.py:2915} INFO - Sync 1 DAGs
[2023-09-27T22:36:50.034-0400] {logging_mixin.py:151} INFO - [2023-09-27T22:36:50.034-0400] {dag.py:3696} INFO - Setting next_dagrun for example_short_circuit_operator to 2023-09-27T02:36:50.034304+00:00, run_after=2023-09-28T02:36:50.034304+00:00
[2023-09-27T22:36:50.063-0400] {processor.py:179} INFO - Processing /home/beau/airflow/py_env/lib/python3.10/site-packages/airflow/example_dags/example_short_circuit_operator.py took 0.083 seconds
[2023-09-27T22:37:31.056-0400] {processor.py:157} INFO - Started process (PID=10824) to work on /home/beau/airflow/py_env/lib/python3.10/site-packages/airflow/example_dags/example_short_circuit_operator.py
[2023-09-27T22:37:31.060-0400] {processor.py:829} INFO - Processing file /home/beau/airflow/py_env/lib/python3.10/site-packages/airflow/example_dags/example_short_circuit_operator.py for tasks to queue
[2023-09-27T22:37:31.061-0400] {logging_mixin.py:151} INFO - [2023-09-27T22:37:31.061-0400] {dagbag.py:539} INFO - Filling up the DagBag from /home/beau/airflow/py_env/lib/python3.10/site-packages/airflow/example_dags/example_short_circuit_operator.py
[2023-09-27T22:37:31.071-0400] {processor.py:839} INFO - DAG(s) dict_keys(['example_short_circuit_operator']) retrieved from /home/beau/airflow/py_env/lib/python3.10/site-packages/airflow/example_dags/example_short_circuit_operator.py
[2023-09-27T22:37:31.089-0400] {logging_mixin.py:151} INFO - [2023-09-27T22:37:31.089-0400] {dag.py:2915} INFO - Sync 1 DAGs
[2023-09-27T22:37:31.107-0400] {logging_mixin.py:151} INFO - [2023-09-27T22:37:31.107-0400] {dag.py:3696} INFO - Setting next_dagrun for example_short_circuit_operator to 2023-09-27T02:37:31.107466+00:00, run_after=2023-09-28T02:37:31.107466+00:00
[2023-09-27T22:37:31.134-0400] {processor.py:179} INFO - Processing /home/beau/airflow/py_env/lib/python3.10/site-packages/airflow/example_dags/example_short_circuit_operator.py took 0.087 seconds
[2023-09-27T22:38:30.137-0400] {processor.py:157} INFO - Started process (PID=11381) to work on /home/beau/airflow/py_env/lib/python3.10/site-packages/airflow/example_dags/example_short_circuit_operator.py
[2023-09-27T22:38:30.141-0400] {processor.py:829} INFO - Processing file /home/beau/airflow/py_env/lib/python3.10/site-packages/airflow/example_dags/example_short_circuit_operator.py for tasks to queue
[2023-09-27T22:38:30.142-0400] {logging_mixin.py:151} INFO - [2023-09-27T22:38:30.142-0400] {dagbag.py:539} INFO - Filling up the DagBag from /home/beau/airflow/py_env/lib/python3.10/site-packages/airflow/example_dags/example_short_circuit_operator.py
[2023-09-27T22:38:30.152-0400] {processor.py:839} INFO - DAG(s) dict_keys(['example_short_circuit_operator']) retrieved from /home/beau/airflow/py_env/lib/python3.10/site-packages/airflow/example_dags/example_short_circuit_operator.py
[2023-09-27T22:38:30.170-0400] {logging_mixin.py:151} INFO - [2023-09-27T22:38:30.170-0400] {dag.py:2915} INFO - Sync 1 DAGs
[2023-09-27T22:38:30.191-0400] {logging_mixin.py:151} INFO - [2023-09-27T22:38:30.190-0400] {dag.py:3696} INFO - Setting next_dagrun for example_short_circuit_operator to 2023-09-27T02:38:30.190710+00:00, run_after=2023-09-28T02:38:30.190710+00:00
[2023-09-27T22:38:30.226-0400] {processor.py:179} INFO - Processing /home/beau/airflow/py_env/lib/python3.10/site-packages/airflow/example_dags/example_short_circuit_operator.py took 0.091 seconds
[2023-09-27T22:39:20.381-0400] {processor.py:157} INFO - Started process (PID=11826) to work on /home/beau/airflow/py_env/lib/python3.10/site-packages/airflow/example_dags/example_short_circuit_operator.py
[2023-09-27T22:39:20.385-0400] {processor.py:829} INFO - Processing file /home/beau/airflow/py_env/lib/python3.10/site-packages/airflow/example_dags/example_short_circuit_operator.py for tasks to queue
[2023-09-27T22:39:20.386-0400] {logging_mixin.py:151} INFO - [2023-09-27T22:39:20.386-0400] {dagbag.py:539} INFO - Filling up the DagBag from /home/beau/airflow/py_env/lib/python3.10/site-packages/airflow/example_dags/example_short_circuit_operator.py
[2023-09-27T22:39:20.394-0400] {processor.py:839} INFO - DAG(s) dict_keys(['example_short_circuit_operator']) retrieved from /home/beau/airflow/py_env/lib/python3.10/site-packages/airflow/example_dags/example_short_circuit_operator.py
[2023-09-27T22:39:20.414-0400] {logging_mixin.py:151} INFO - [2023-09-27T22:39:20.413-0400] {dag.py:2915} INFO - Sync 1 DAGs
[2023-09-27T22:39:20.433-0400] {logging_mixin.py:151} INFO - [2023-09-27T22:39:20.433-0400] {dag.py:3696} INFO - Setting next_dagrun for example_short_circuit_operator to 2023-09-27T02:39:20.433499+00:00, run_after=2023-09-28T02:39:20.433499+00:00
[2023-09-27T22:39:20.459-0400] {processor.py:179} INFO - Processing /home/beau/airflow/py_env/lib/python3.10/site-packages/airflow/example_dags/example_short_circuit_operator.py took 0.083 seconds
[2023-09-27T22:40:07.150-0400] {processor.py:157} INFO - Started process (PID=12067) to work on /home/beau/airflow/py_env/lib/python3.10/site-packages/airflow/example_dags/example_short_circuit_operator.py
[2023-09-27T22:40:07.154-0400] {processor.py:829} INFO - Processing file /home/beau/airflow/py_env/lib/python3.10/site-packages/airflow/example_dags/example_short_circuit_operator.py for tasks to queue
[2023-09-27T22:40:07.155-0400] {logging_mixin.py:151} INFO - [2023-09-27T22:40:07.154-0400] {dagbag.py:539} INFO - Filling up the DagBag from /home/beau/airflow/py_env/lib/python3.10/site-packages/airflow/example_dags/example_short_circuit_operator.py
[2023-09-27T22:40:07.166-0400] {processor.py:839} INFO - DAG(s) dict_keys(['example_short_circuit_operator']) retrieved from /home/beau/airflow/py_env/lib/python3.10/site-packages/airflow/example_dags/example_short_circuit_operator.py
[2023-09-27T22:40:07.188-0400] {logging_mixin.py:151} INFO - [2023-09-27T22:40:07.187-0400] {dag.py:2915} INFO - Sync 1 DAGs
[2023-09-27T22:40:07.209-0400] {logging_mixin.py:151} INFO - [2023-09-27T22:40:07.209-0400] {dag.py:3696} INFO - Setting next_dagrun for example_short_circuit_operator to 2023-09-27T02:40:07.209277+00:00, run_after=2023-09-28T02:40:07.209277+00:00
[2023-09-27T22:40:07.244-0400] {processor.py:179} INFO - Processing /home/beau/airflow/py_env/lib/python3.10/site-packages/airflow/example_dags/example_short_circuit_operator.py took 0.100 seconds
[2023-09-27T22:41:06.883-0400] {processor.py:157} INFO - Started process (PID=12335) to work on /home/beau/airflow/py_env/lib/python3.10/site-packages/airflow/example_dags/example_short_circuit_operator.py
[2023-09-27T22:41:06.887-0400] {processor.py:829} INFO - Processing file /home/beau/airflow/py_env/lib/python3.10/site-packages/airflow/example_dags/example_short_circuit_operator.py for tasks to queue
[2023-09-27T22:41:06.888-0400] {logging_mixin.py:151} INFO - [2023-09-27T22:41:06.888-0400] {dagbag.py:539} INFO - Filling up the DagBag from /home/beau/airflow/py_env/lib/python3.10/site-packages/airflow/example_dags/example_short_circuit_operator.py
[2023-09-27T22:41:06.899-0400] {processor.py:839} INFO - DAG(s) dict_keys(['example_short_circuit_operator']) retrieved from /home/beau/airflow/py_env/lib/python3.10/site-packages/airflow/example_dags/example_short_circuit_operator.py
[2023-09-27T22:41:06.919-0400] {logging_mixin.py:151} INFO - [2023-09-27T22:41:06.919-0400] {dag.py:2915} INFO - Sync 1 DAGs
[2023-09-27T22:41:06.938-0400] {logging_mixin.py:151} INFO - [2023-09-27T22:41:06.938-0400] {dag.py:3696} INFO - Setting next_dagrun for example_short_circuit_operator to 2023-09-27T02:41:06.938050+00:00, run_after=2023-09-28T02:41:06.938050+00:00
[2023-09-27T22:41:06.969-0400] {processor.py:179} INFO - Processing /home/beau/airflow/py_env/lib/python3.10/site-packages/airflow/example_dags/example_short_circuit_operator.py took 0.090 seconds
[2023-09-27T22:42:06.280-0400] {processor.py:157} INFO - Started process (PID=12718) to work on /home/beau/airflow/py_env/lib/python3.10/site-packages/airflow/example_dags/example_short_circuit_operator.py
[2023-09-27T22:42:06.284-0400] {processor.py:829} INFO - Processing file /home/beau/airflow/py_env/lib/python3.10/site-packages/airflow/example_dags/example_short_circuit_operator.py for tasks to queue
[2023-09-27T22:42:06.286-0400] {logging_mixin.py:151} INFO - [2023-09-27T22:42:06.285-0400] {dagbag.py:539} INFO - Filling up the DagBag from /home/beau/airflow/py_env/lib/python3.10/site-packages/airflow/example_dags/example_short_circuit_operator.py
[2023-09-27T22:42:06.299-0400] {processor.py:839} INFO - DAG(s) dict_keys(['example_short_circuit_operator']) retrieved from /home/beau/airflow/py_env/lib/python3.10/site-packages/airflow/example_dags/example_short_circuit_operator.py
[2023-09-27T22:42:06.321-0400] {logging_mixin.py:151} INFO - [2023-09-27T22:42:06.320-0400] {dag.py:2915} INFO - Sync 1 DAGs
[2023-09-27T22:42:06.343-0400] {logging_mixin.py:151} INFO - [2023-09-27T22:42:06.343-0400] {dag.py:3696} INFO - Setting next_dagrun for example_short_circuit_operator to 2023-09-27T02:42:06.342943+00:00, run_after=2023-09-28T02:42:06.342943+00:00
[2023-09-27T22:42:06.372-0400] {processor.py:179} INFO - Processing /home/beau/airflow/py_env/lib/python3.10/site-packages/airflow/example_dags/example_short_circuit_operator.py took 0.098 seconds
[2023-09-27T22:43:02.997-0400] {processor.py:157} INFO - Started process (PID=13286) to work on /home/beau/airflow/py_env/lib/python3.10/site-packages/airflow/example_dags/example_short_circuit_operator.py
[2023-09-27T22:43:02.999-0400] {processor.py:829} INFO - Processing file /home/beau/airflow/py_env/lib/python3.10/site-packages/airflow/example_dags/example_short_circuit_operator.py for tasks to queue
[2023-09-27T22:43:02.999-0400] {logging_mixin.py:151} INFO - [2023-09-27T22:43:02.999-0400] {dagbag.py:539} INFO - Filling up the DagBag from /home/beau/airflow/py_env/lib/python3.10/site-packages/airflow/example_dags/example_short_circuit_operator.py
[2023-09-27T22:43:03.012-0400] {processor.py:839} INFO - DAG(s) dict_keys(['example_short_circuit_operator']) retrieved from /home/beau/airflow/py_env/lib/python3.10/site-packages/airflow/example_dags/example_short_circuit_operator.py
[2023-09-27T22:43:03.043-0400] {logging_mixin.py:151} INFO - [2023-09-27T22:43:03.043-0400] {dag.py:2915} INFO - Sync 1 DAGs
[2023-09-27T22:43:03.061-0400] {logging_mixin.py:151} INFO - [2023-09-27T22:43:03.060-0400] {dag.py:3696} INFO - Setting next_dagrun for example_short_circuit_operator to 2023-09-27T02:43:03.060812+00:00, run_after=2023-09-28T02:43:03.060812+00:00
[2023-09-27T22:43:03.091-0400] {processor.py:179} INFO - Processing /home/beau/airflow/py_env/lib/python3.10/site-packages/airflow/example_dags/example_short_circuit_operator.py took 0.097 seconds
[2023-09-27T22:44:00.159-0400] {processor.py:157} INFO - Started process (PID=13663) to work on /home/beau/airflow/py_env/lib/python3.10/site-packages/airflow/example_dags/example_short_circuit_operator.py
[2023-09-27T22:44:00.164-0400] {processor.py:829} INFO - Processing file /home/beau/airflow/py_env/lib/python3.10/site-packages/airflow/example_dags/example_short_circuit_operator.py for tasks to queue
[2023-09-27T22:44:00.165-0400] {logging_mixin.py:151} INFO - [2023-09-27T22:44:00.165-0400] {dagbag.py:539} INFO - Filling up the DagBag from /home/beau/airflow/py_env/lib/python3.10/site-packages/airflow/example_dags/example_short_circuit_operator.py
[2023-09-27T22:44:00.175-0400] {processor.py:839} INFO - DAG(s) dict_keys(['example_short_circuit_operator']) retrieved from /home/beau/airflow/py_env/lib/python3.10/site-packages/airflow/example_dags/example_short_circuit_operator.py
[2023-09-27T22:44:00.194-0400] {logging_mixin.py:151} INFO - [2023-09-27T22:44:00.194-0400] {dag.py:2915} INFO - Sync 1 DAGs
[2023-09-27T22:44:00.214-0400] {logging_mixin.py:151} INFO - [2023-09-27T22:44:00.214-0400] {dag.py:3696} INFO - Setting next_dagrun for example_short_circuit_operator to 2023-09-27T02:44:00.214027+00:00, run_after=2023-09-28T02:44:00.214027+00:00
[2023-09-27T22:44:00.240-0400] {processor.py:179} INFO - Processing /home/beau/airflow/py_env/lib/python3.10/site-packages/airflow/example_dags/example_short_circuit_operator.py took 0.084 seconds
[2023-09-27T22:44:59.227-0400] {processor.py:157} INFO - Started process (PID=14188) to work on /home/beau/airflow/py_env/lib/python3.10/site-packages/airflow/example_dags/example_short_circuit_operator.py
[2023-09-27T22:44:59.231-0400] {processor.py:829} INFO - Processing file /home/beau/airflow/py_env/lib/python3.10/site-packages/airflow/example_dags/example_short_circuit_operator.py for tasks to queue
[2023-09-27T22:44:59.232-0400] {logging_mixin.py:151} INFO - [2023-09-27T22:44:59.232-0400] {dagbag.py:539} INFO - Filling up the DagBag from /home/beau/airflow/py_env/lib/python3.10/site-packages/airflow/example_dags/example_short_circuit_operator.py
[2023-09-27T22:44:59.243-0400] {processor.py:839} INFO - DAG(s) dict_keys(['example_short_circuit_operator']) retrieved from /home/beau/airflow/py_env/lib/python3.10/site-packages/airflow/example_dags/example_short_circuit_operator.py
[2023-09-27T22:44:59.265-0400] {logging_mixin.py:151} INFO - [2023-09-27T22:44:59.265-0400] {dag.py:2915} INFO - Sync 1 DAGs
[2023-09-27T22:44:59.282-0400] {logging_mixin.py:151} INFO - [2023-09-27T22:44:59.282-0400] {dag.py:3696} INFO - Setting next_dagrun for example_short_circuit_operator to 2023-09-27T02:44:59.282369+00:00, run_after=2023-09-28T02:44:59.282369+00:00
[2023-09-27T22:44:59.306-0400] {processor.py:179} INFO - Processing /home/beau/airflow/py_env/lib/python3.10/site-packages/airflow/example_dags/example_short_circuit_operator.py took 0.085 seconds
[2023-09-27T22:45:54.197-0400] {processor.py:157} INFO - Started process (PID=14797) to work on /home/beau/airflow/py_env/lib/python3.10/site-packages/airflow/example_dags/example_short_circuit_operator.py
[2023-09-27T22:45:54.201-0400] {processor.py:829} INFO - Processing file /home/beau/airflow/py_env/lib/python3.10/site-packages/airflow/example_dags/example_short_circuit_operator.py for tasks to queue
[2023-09-27T22:45:54.202-0400] {logging_mixin.py:151} INFO - [2023-09-27T22:45:54.202-0400] {dagbag.py:539} INFO - Filling up the DagBag from /home/beau/airflow/py_env/lib/python3.10/site-packages/airflow/example_dags/example_short_circuit_operator.py
[2023-09-27T22:45:54.211-0400] {processor.py:839} INFO - DAG(s) dict_keys(['example_short_circuit_operator']) retrieved from /home/beau/airflow/py_env/lib/python3.10/site-packages/airflow/example_dags/example_short_circuit_operator.py
[2023-09-27T22:45:54.234-0400] {logging_mixin.py:151} INFO - [2023-09-27T22:45:54.234-0400] {dag.py:2915} INFO - Sync 1 DAGs
[2023-09-27T22:45:54.252-0400] {logging_mixin.py:151} INFO - [2023-09-27T22:45:54.252-0400] {dag.py:3696} INFO - Setting next_dagrun for example_short_circuit_operator to 2023-09-27T02:45:54.252567+00:00, run_after=2023-09-28T02:45:54.252567+00:00
[2023-09-27T22:45:54.278-0400] {processor.py:179} INFO - Processing /home/beau/airflow/py_env/lib/python3.10/site-packages/airflow/example_dags/example_short_circuit_operator.py took 0.087 seconds
[2023-09-27T22:46:56.041-0400] {processor.py:157} INFO - Started process (PID=15610) to work on /home/beau/airflow/py_env/lib/python3.10/site-packages/airflow/example_dags/example_short_circuit_operator.py
[2023-09-27T22:46:56.044-0400] {processor.py:829} INFO - Processing file /home/beau/airflow/py_env/lib/python3.10/site-packages/airflow/example_dags/example_short_circuit_operator.py for tasks to queue
[2023-09-27T22:46:56.046-0400] {logging_mixin.py:151} INFO - [2023-09-27T22:46:56.045-0400] {dagbag.py:539} INFO - Filling up the DagBag from /home/beau/airflow/py_env/lib/python3.10/site-packages/airflow/example_dags/example_short_circuit_operator.py
[2023-09-27T22:46:56.054-0400] {processor.py:839} INFO - DAG(s) dict_keys(['example_short_circuit_operator']) retrieved from /home/beau/airflow/py_env/lib/python3.10/site-packages/airflow/example_dags/example_short_circuit_operator.py
[2023-09-27T22:46:56.070-0400] {logging_mixin.py:151} INFO - [2023-09-27T22:46:56.070-0400] {dag.py:2915} INFO - Sync 1 DAGs
[2023-09-27T22:46:56.087-0400] {logging_mixin.py:151} INFO - [2023-09-27T22:46:56.087-0400] {dag.py:3696} INFO - Setting next_dagrun for example_short_circuit_operator to 2023-09-27T02:46:56.087331+00:00, run_after=2023-09-28T02:46:56.087331+00:00
[2023-09-27T22:46:56.116-0400] {processor.py:179} INFO - Processing /home/beau/airflow/py_env/lib/python3.10/site-packages/airflow/example_dags/example_short_circuit_operator.py took 0.079 seconds
[2023-09-27T22:47:53.109-0400] {processor.py:157} INFO - Started process (PID=16216) to work on /home/beau/airflow/py_env/lib/python3.10/site-packages/airflow/example_dags/example_short_circuit_operator.py
[2023-09-27T22:47:53.113-0400] {processor.py:829} INFO - Processing file /home/beau/airflow/py_env/lib/python3.10/site-packages/airflow/example_dags/example_short_circuit_operator.py for tasks to queue
[2023-09-27T22:47:53.114-0400] {logging_mixin.py:151} INFO - [2023-09-27T22:47:53.114-0400] {dagbag.py:539} INFO - Filling up the DagBag from /home/beau/airflow/py_env/lib/python3.10/site-packages/airflow/example_dags/example_short_circuit_operator.py
[2023-09-27T22:47:53.122-0400] {processor.py:839} INFO - DAG(s) dict_keys(['example_short_circuit_operator']) retrieved from /home/beau/airflow/py_env/lib/python3.10/site-packages/airflow/example_dags/example_short_circuit_operator.py
[2023-09-27T22:47:53.139-0400] {logging_mixin.py:151} INFO - [2023-09-27T22:47:53.139-0400] {dag.py:2915} INFO - Sync 1 DAGs
[2023-09-27T22:47:53.156-0400] {logging_mixin.py:151} INFO - [2023-09-27T22:47:53.156-0400] {dag.py:3696} INFO - Setting next_dagrun for example_short_circuit_operator to 2023-09-27T02:47:53.156254+00:00, run_after=2023-09-28T02:47:53.156254+00:00
[2023-09-27T22:47:53.181-0400] {processor.py:179} INFO - Processing /home/beau/airflow/py_env/lib/python3.10/site-packages/airflow/example_dags/example_short_circuit_operator.py took 0.075 seconds
[2023-09-27T22:48:54.158-0400] {processor.py:157} INFO - Started process (PID=16761) to work on /home/beau/airflow/py_env/lib/python3.10/site-packages/airflow/example_dags/example_short_circuit_operator.py
[2023-09-27T22:48:54.160-0400] {processor.py:829} INFO - Processing file /home/beau/airflow/py_env/lib/python3.10/site-packages/airflow/example_dags/example_short_circuit_operator.py for tasks to queue
[2023-09-27T22:48:54.161-0400] {logging_mixin.py:151} INFO - [2023-09-27T22:48:54.160-0400] {dagbag.py:539} INFO - Filling up the DagBag from /home/beau/airflow/py_env/lib/python3.10/site-packages/airflow/example_dags/example_short_circuit_operator.py
[2023-09-27T22:48:54.171-0400] {processor.py:839} INFO - DAG(s) dict_keys(['example_short_circuit_operator']) retrieved from /home/beau/airflow/py_env/lib/python3.10/site-packages/airflow/example_dags/example_short_circuit_operator.py
[2023-09-27T22:48:54.189-0400] {logging_mixin.py:151} INFO - [2023-09-27T22:48:54.189-0400] {dag.py:2915} INFO - Sync 1 DAGs
[2023-09-27T22:48:54.208-0400] {logging_mixin.py:151} INFO - [2023-09-27T22:48:54.208-0400] {dag.py:3696} INFO - Setting next_dagrun for example_short_circuit_operator to 2023-09-27T02:48:54.208106+00:00, run_after=2023-09-28T02:48:54.208106+00:00
[2023-09-27T22:48:54.237-0400] {processor.py:179} INFO - Processing /home/beau/airflow/py_env/lib/python3.10/site-packages/airflow/example_dags/example_short_circuit_operator.py took 0.083 seconds
[2023-09-27T22:49:51.219-0400] {processor.py:157} INFO - Started process (PID=17148) to work on /home/beau/airflow/py_env/lib/python3.10/site-packages/airflow/example_dags/example_short_circuit_operator.py
[2023-09-27T22:49:51.222-0400] {processor.py:829} INFO - Processing file /home/beau/airflow/py_env/lib/python3.10/site-packages/airflow/example_dags/example_short_circuit_operator.py for tasks to queue
[2023-09-27T22:49:51.223-0400] {logging_mixin.py:151} INFO - [2023-09-27T22:49:51.223-0400] {dagbag.py:539} INFO - Filling up the DagBag from /home/beau/airflow/py_env/lib/python3.10/site-packages/airflow/example_dags/example_short_circuit_operator.py
[2023-09-27T22:49:51.238-0400] {processor.py:839} INFO - DAG(s) dict_keys(['example_short_circuit_operator']) retrieved from /home/beau/airflow/py_env/lib/python3.10/site-packages/airflow/example_dags/example_short_circuit_operator.py
[2023-09-27T22:49:51.261-0400] {logging_mixin.py:151} INFO - [2023-09-27T22:49:51.261-0400] {dag.py:2915} INFO - Sync 1 DAGs
[2023-09-27T22:49:51.282-0400] {logging_mixin.py:151} INFO - [2023-09-27T22:49:51.282-0400] {dag.py:3696} INFO - Setting next_dagrun for example_short_circuit_operator to 2023-09-27T02:49:51.281875+00:00, run_after=2023-09-28T02:49:51.281875+00:00
[2023-09-27T22:49:51.311-0400] {processor.py:179} INFO - Processing /home/beau/airflow/py_env/lib/python3.10/site-packages/airflow/example_dags/example_short_circuit_operator.py took 0.098 seconds
[2023-09-27T22:50:47.065-0400] {processor.py:157} INFO - Started process (PID=17368) to work on /home/beau/airflow/py_env/lib/python3.10/site-packages/airflow/example_dags/example_short_circuit_operator.py
[2023-09-27T22:50:47.070-0400] {processor.py:829} INFO - Processing file /home/beau/airflow/py_env/lib/python3.10/site-packages/airflow/example_dags/example_short_circuit_operator.py for tasks to queue
[2023-09-27T22:50:47.071-0400] {logging_mixin.py:151} INFO - [2023-09-27T22:50:47.071-0400] {dagbag.py:539} INFO - Filling up the DagBag from /home/beau/airflow/py_env/lib/python3.10/site-packages/airflow/example_dags/example_short_circuit_operator.py
[2023-09-27T22:50:47.081-0400] {processor.py:839} INFO - DAG(s) dict_keys(['example_short_circuit_operator']) retrieved from /home/beau/airflow/py_env/lib/python3.10/site-packages/airflow/example_dags/example_short_circuit_operator.py
[2023-09-27T22:50:47.096-0400] {logging_mixin.py:151} INFO - [2023-09-27T22:50:47.096-0400] {dag.py:2915} INFO - Sync 1 DAGs
[2023-09-27T22:50:47.111-0400] {logging_mixin.py:151} INFO - [2023-09-27T22:50:47.111-0400] {dag.py:3696} INFO - Setting next_dagrun for example_short_circuit_operator to 2023-09-27T02:50:47.111298+00:00, run_after=2023-09-28T02:50:47.111298+00:00
[2023-09-27T22:50:47.136-0400] {processor.py:179} INFO - Processing /home/beau/airflow/py_env/lib/python3.10/site-packages/airflow/example_dags/example_short_circuit_operator.py took 0.076 seconds
[2023-09-27T22:51:43.091-0400] {processor.py:157} INFO - Started process (PID=17603) to work on /home/beau/airflow/py_env/lib/python3.10/site-packages/airflow/example_dags/example_short_circuit_operator.py
[2023-09-27T22:51:43.096-0400] {processor.py:829} INFO - Processing file /home/beau/airflow/py_env/lib/python3.10/site-packages/airflow/example_dags/example_short_circuit_operator.py for tasks to queue
[2023-09-27T22:51:43.098-0400] {logging_mixin.py:151} INFO - [2023-09-27T22:51:43.097-0400] {dagbag.py:539} INFO - Filling up the DagBag from /home/beau/airflow/py_env/lib/python3.10/site-packages/airflow/example_dags/example_short_circuit_operator.py
[2023-09-27T22:51:43.112-0400] {processor.py:839} INFO - DAG(s) dict_keys(['example_short_circuit_operator']) retrieved from /home/beau/airflow/py_env/lib/python3.10/site-packages/airflow/example_dags/example_short_circuit_operator.py
[2023-09-27T22:51:43.136-0400] {logging_mixin.py:151} INFO - [2023-09-27T22:51:43.135-0400] {dag.py:2915} INFO - Sync 1 DAGs
[2023-09-27T22:51:43.151-0400] {logging_mixin.py:151} INFO - [2023-09-27T22:51:43.151-0400] {dag.py:3696} INFO - Setting next_dagrun for example_short_circuit_operator to 2023-09-27T02:51:43.151481+00:00, run_after=2023-09-28T02:51:43.151481+00:00
[2023-09-27T22:51:43.177-0400] {processor.py:179} INFO - Processing /home/beau/airflow/py_env/lib/python3.10/site-packages/airflow/example_dags/example_short_circuit_operator.py took 0.093 seconds
[2023-09-27T22:52:38.408-0400] {processor.py:157} INFO - Started process (PID=17853) to work on /home/beau/airflow/py_env/lib/python3.10/site-packages/airflow/example_dags/example_short_circuit_operator.py
[2023-09-27T22:52:38.412-0400] {processor.py:829} INFO - Processing file /home/beau/airflow/py_env/lib/python3.10/site-packages/airflow/example_dags/example_short_circuit_operator.py for tasks to queue
[2023-09-27T22:52:38.413-0400] {logging_mixin.py:151} INFO - [2023-09-27T22:52:38.413-0400] {dagbag.py:539} INFO - Filling up the DagBag from /home/beau/airflow/py_env/lib/python3.10/site-packages/airflow/example_dags/example_short_circuit_operator.py
[2023-09-27T22:52:38.423-0400] {processor.py:839} INFO - DAG(s) dict_keys(['example_short_circuit_operator']) retrieved from /home/beau/airflow/py_env/lib/python3.10/site-packages/airflow/example_dags/example_short_circuit_operator.py
[2023-09-27T22:52:38.445-0400] {logging_mixin.py:151} INFO - [2023-09-27T22:52:38.444-0400] {dag.py:2915} INFO - Sync 1 DAGs
[2023-09-27T22:52:38.464-0400] {logging_mixin.py:151} INFO - [2023-09-27T22:52:38.463-0400] {dag.py:3696} INFO - Setting next_dagrun for example_short_circuit_operator to 2023-09-27T02:52:38.463626+00:00, run_after=2023-09-28T02:52:38.463626+00:00
[2023-09-27T22:52:38.491-0400] {processor.py:179} INFO - Processing /home/beau/airflow/py_env/lib/python3.10/site-packages/airflow/example_dags/example_short_circuit_operator.py took 0.090 seconds
[2023-09-27T22:53:29.707-0400] {processor.py:157} INFO - Started process (PID=18365) to work on /home/beau/airflow/py_env/lib/python3.10/site-packages/airflow/example_dags/example_short_circuit_operator.py
[2023-09-27T22:53:29.709-0400] {processor.py:829} INFO - Processing file /home/beau/airflow/py_env/lib/python3.10/site-packages/airflow/example_dags/example_short_circuit_operator.py for tasks to queue
[2023-09-27T22:53:29.710-0400] {logging_mixin.py:151} INFO - [2023-09-27T22:53:29.710-0400] {dagbag.py:539} INFO - Filling up the DagBag from /home/beau/airflow/py_env/lib/python3.10/site-packages/airflow/example_dags/example_short_circuit_operator.py
[2023-09-27T22:53:29.719-0400] {processor.py:839} INFO - DAG(s) dict_keys(['example_short_circuit_operator']) retrieved from /home/beau/airflow/py_env/lib/python3.10/site-packages/airflow/example_dags/example_short_circuit_operator.py
[2023-09-27T22:53:29.735-0400] {logging_mixin.py:151} INFO - [2023-09-27T22:53:29.735-0400] {dag.py:2915} INFO - Sync 1 DAGs
[2023-09-27T22:53:29.750-0400] {logging_mixin.py:151} INFO - [2023-09-27T22:53:29.750-0400] {dag.py:3696} INFO - Setting next_dagrun for example_short_circuit_operator to 2023-09-27T02:53:29.750629+00:00, run_after=2023-09-28T02:53:29.750629+00:00
[2023-09-27T22:53:29.772-0400] {processor.py:179} INFO - Processing /home/beau/airflow/py_env/lib/python3.10/site-packages/airflow/example_dags/example_short_circuit_operator.py took 0.070 seconds
