[2023-09-27T22:33:38.902-0400] {processor.py:157} INFO - Started process (PID=8733) to work on /home/beau/airflow/py_env/lib/python3.10/site-packages/airflow/example_dags/example_nested_branch_dag.py
[2023-09-27T22:33:38.904-0400] {processor.py:829} INFO - Processing file /home/beau/airflow/py_env/lib/python3.10/site-packages/airflow/example_dags/example_nested_branch_dag.py for tasks to queue
[2023-09-27T22:33:38.905-0400] {logging_mixin.py:151} INFO - [2023-09-27T22:33:38.904-0400] {dagbag.py:539} INFO - Filling up the DagBag from /home/beau/airflow/py_env/lib/python3.10/site-packages/airflow/example_dags/example_nested_branch_dag.py
[2023-09-27T22:33:38.919-0400] {processor.py:839} INFO - DAG(s) dict_keys(['example_nested_branch_dag']) retrieved from /home/beau/airflow/py_env/lib/python3.10/site-packages/airflow/example_dags/example_nested_branch_dag.py
[2023-09-27T22:33:38.933-0400] {logging_mixin.py:151} INFO - [2023-09-27T22:33:38.933-0400] {dag.py:2915} INFO - Sync 1 DAGs
[2023-09-27T22:33:38.950-0400] {logging_mixin.py:151} INFO - [2023-09-27T22:33:38.950-0400] {dag.py:3696} INFO - Setting next_dagrun for example_nested_branch_dag to 2023-09-27T00:00:00+00:00, run_after=2023-09-28T00:00:00+00:00
[2023-09-27T22:33:38.978-0400] {processor.py:179} INFO - Processing /home/beau/airflow/py_env/lib/python3.10/site-packages/airflow/example_dags/example_nested_branch_dag.py took 0.083 seconds
[2023-09-27T22:34:34.002-0400] {processor.py:157} INFO - Started process (PID=9049) to work on /home/beau/airflow/py_env/lib/python3.10/site-packages/airflow/example_dags/example_nested_branch_dag.py
[2023-09-27T22:34:34.006-0400] {processor.py:829} INFO - Processing file /home/beau/airflow/py_env/lib/python3.10/site-packages/airflow/example_dags/example_nested_branch_dag.py for tasks to queue
[2023-09-27T22:34:34.007-0400] {logging_mixin.py:151} INFO - [2023-09-27T22:34:34.006-0400] {dagbag.py:539} INFO - Filling up the DagBag from /home/beau/airflow/py_env/lib/python3.10/site-packages/airflow/example_dags/example_nested_branch_dag.py
[2023-09-27T22:34:34.018-0400] {processor.py:839} INFO - DAG(s) dict_keys(['example_nested_branch_dag']) retrieved from /home/beau/airflow/py_env/lib/python3.10/site-packages/airflow/example_dags/example_nested_branch_dag.py
[2023-09-27T22:34:34.037-0400] {logging_mixin.py:151} INFO - [2023-09-27T22:34:34.036-0400] {dag.py:2915} INFO - Sync 1 DAGs
[2023-09-27T22:34:34.056-0400] {logging_mixin.py:151} INFO - [2023-09-27T22:34:34.056-0400] {dag.py:3696} INFO - Setting next_dagrun for example_nested_branch_dag to 2023-09-27T00:00:00+00:00, run_after=2023-09-28T00:00:00+00:00
[2023-09-27T22:34:34.081-0400] {processor.py:179} INFO - Processing /home/beau/airflow/py_env/lib/python3.10/site-packages/airflow/example_dags/example_nested_branch_dag.py took 0.083 seconds
[2023-09-27T22:35:45.866-0400] {processor.py:157} INFO - Started process (PID=9776) to work on /home/beau/airflow/py_env/lib/python3.10/site-packages/airflow/example_dags/example_nested_branch_dag.py
[2023-09-27T22:35:45.870-0400] {processor.py:829} INFO - Processing file /home/beau/airflow/py_env/lib/python3.10/site-packages/airflow/example_dags/example_nested_branch_dag.py for tasks to queue
[2023-09-27T22:35:45.871-0400] {logging_mixin.py:151} INFO - [2023-09-27T22:35:45.871-0400] {dagbag.py:539} INFO - Filling up the DagBag from /home/beau/airflow/py_env/lib/python3.10/site-packages/airflow/example_dags/example_nested_branch_dag.py
[2023-09-27T22:35:45.882-0400] {processor.py:839} INFO - DAG(s) dict_keys(['example_nested_branch_dag']) retrieved from /home/beau/airflow/py_env/lib/python3.10/site-packages/airflow/example_dags/example_nested_branch_dag.py
[2023-09-27T22:35:45.901-0400] {logging_mixin.py:151} INFO - [2023-09-27T22:35:45.900-0400] {dag.py:2915} INFO - Sync 1 DAGs
[2023-09-27T22:35:46.050-0400] {logging_mixin.py:151} INFO - [2023-09-27T22:35:46.050-0400] {dag.py:3696} INFO - Setting next_dagrun for example_nested_branch_dag to 2023-09-27T00:00:00+00:00, run_after=2023-09-28T00:00:00+00:00
[2023-09-27T22:35:46.076-0400] {processor.py:179} INFO - Processing /home/beau/airflow/py_env/lib/python3.10/site-packages/airflow/example_dags/example_nested_branch_dag.py took 0.214 seconds
[2023-09-27T22:36:59.830-0400] {processor.py:157} INFO - Started process (PID=10624) to work on /home/beau/airflow/py_env/lib/python3.10/site-packages/airflow/example_dags/example_nested_branch_dag.py
[2023-09-27T22:36:59.833-0400] {processor.py:829} INFO - Processing file /home/beau/airflow/py_env/lib/python3.10/site-packages/airflow/example_dags/example_nested_branch_dag.py for tasks to queue
[2023-09-27T22:36:59.834-0400] {logging_mixin.py:151} INFO - [2023-09-27T22:36:59.834-0400] {dagbag.py:539} INFO - Filling up the DagBag from /home/beau/airflow/py_env/lib/python3.10/site-packages/airflow/example_dags/example_nested_branch_dag.py
[2023-09-27T22:36:59.852-0400] {processor.py:839} INFO - DAG(s) dict_keys(['example_nested_branch_dag']) retrieved from /home/beau/airflow/py_env/lib/python3.10/site-packages/airflow/example_dags/example_nested_branch_dag.py
[2023-09-27T22:36:59.873-0400] {logging_mixin.py:151} INFO - [2023-09-27T22:36:59.873-0400] {dag.py:2915} INFO - Sync 1 DAGs
[2023-09-27T22:36:59.899-0400] {logging_mixin.py:151} INFO - [2023-09-27T22:36:59.898-0400] {dag.py:3696} INFO - Setting next_dagrun for example_nested_branch_dag to 2023-09-27T00:00:00+00:00, run_after=2023-09-28T00:00:00+00:00
[2023-09-27T22:36:59.930-0400] {processor.py:179} INFO - Processing /home/beau/airflow/py_env/lib/python3.10/site-packages/airflow/example_dags/example_nested_branch_dag.py took 0.111 seconds
[2023-09-27T22:37:57.881-0400] {processor.py:157} INFO - Started process (PID=11129) to work on /home/beau/airflow/py_env/lib/python3.10/site-packages/airflow/example_dags/example_nested_branch_dag.py
[2023-09-27T22:37:57.886-0400] {processor.py:829} INFO - Processing file /home/beau/airflow/py_env/lib/python3.10/site-packages/airflow/example_dags/example_nested_branch_dag.py for tasks to queue
[2023-09-27T22:37:57.889-0400] {logging_mixin.py:151} INFO - [2023-09-27T22:37:57.888-0400] {dagbag.py:539} INFO - Filling up the DagBag from /home/beau/airflow/py_env/lib/python3.10/site-packages/airflow/example_dags/example_nested_branch_dag.py
[2023-09-27T22:37:57.914-0400] {processor.py:839} INFO - DAG(s) dict_keys(['example_nested_branch_dag']) retrieved from /home/beau/airflow/py_env/lib/python3.10/site-packages/airflow/example_dags/example_nested_branch_dag.py
[2023-09-27T22:37:57.958-0400] {logging_mixin.py:151} INFO - [2023-09-27T22:37:57.957-0400] {dag.py:2915} INFO - Sync 1 DAGs
[2023-09-27T22:37:57.987-0400] {logging_mixin.py:151} INFO - [2023-09-27T22:37:57.987-0400] {dag.py:3696} INFO - Setting next_dagrun for example_nested_branch_dag to 2023-09-27T00:00:00+00:00, run_after=2023-09-28T00:00:00+00:00
[2023-09-27T22:37:58.019-0400] {processor.py:179} INFO - Processing /home/beau/airflow/py_env/lib/python3.10/site-packages/airflow/example_dags/example_nested_branch_dag.py took 0.144 seconds
[2023-09-27T22:38:56.024-0400] {processor.py:157} INFO - Started process (PID=11673) to work on /home/beau/airflow/py_env/lib/python3.10/site-packages/airflow/example_dags/example_nested_branch_dag.py
[2023-09-27T22:38:56.028-0400] {processor.py:829} INFO - Processing file /home/beau/airflow/py_env/lib/python3.10/site-packages/airflow/example_dags/example_nested_branch_dag.py for tasks to queue
[2023-09-27T22:38:56.029-0400] {logging_mixin.py:151} INFO - [2023-09-27T22:38:56.028-0400] {dagbag.py:539} INFO - Filling up the DagBag from /home/beau/airflow/py_env/lib/python3.10/site-packages/airflow/example_dags/example_nested_branch_dag.py
[2023-09-27T22:38:56.039-0400] {processor.py:839} INFO - DAG(s) dict_keys(['example_nested_branch_dag']) retrieved from /home/beau/airflow/py_env/lib/python3.10/site-packages/airflow/example_dags/example_nested_branch_dag.py
[2023-09-27T22:38:56.058-0400] {logging_mixin.py:151} INFO - [2023-09-27T22:38:56.057-0400] {dag.py:2915} INFO - Sync 1 DAGs
[2023-09-27T22:38:56.077-0400] {logging_mixin.py:151} INFO - [2023-09-27T22:38:56.076-0400] {dag.py:3696} INFO - Setting next_dagrun for example_nested_branch_dag to 2023-09-27T00:00:00+00:00, run_after=2023-09-28T00:00:00+00:00
[2023-09-27T22:38:56.101-0400] {processor.py:179} INFO - Processing /home/beau/airflow/py_env/lib/python3.10/site-packages/airflow/example_dags/example_nested_branch_dag.py took 0.081 seconds
[2023-09-27T22:39:49.350-0400] {processor.py:157} INFO - Started process (PID=12009) to work on /home/beau/airflow/py_env/lib/python3.10/site-packages/airflow/example_dags/example_nested_branch_dag.py
[2023-09-27T22:39:49.356-0400] {processor.py:829} INFO - Processing file /home/beau/airflow/py_env/lib/python3.10/site-packages/airflow/example_dags/example_nested_branch_dag.py for tasks to queue
[2023-09-27T22:39:49.358-0400] {logging_mixin.py:151} INFO - [2023-09-27T22:39:49.357-0400] {dagbag.py:539} INFO - Filling up the DagBag from /home/beau/airflow/py_env/lib/python3.10/site-packages/airflow/example_dags/example_nested_branch_dag.py
[2023-09-27T22:39:49.367-0400] {processor.py:839} INFO - DAG(s) dict_keys(['example_nested_branch_dag']) retrieved from /home/beau/airflow/py_env/lib/python3.10/site-packages/airflow/example_dags/example_nested_branch_dag.py
[2023-09-27T22:39:49.390-0400] {logging_mixin.py:151} INFO - [2023-09-27T22:39:49.390-0400] {dag.py:2915} INFO - Sync 1 DAGs
[2023-09-27T22:39:49.413-0400] {logging_mixin.py:151} INFO - [2023-09-27T22:39:49.413-0400] {dag.py:3696} INFO - Setting next_dagrun for example_nested_branch_dag to 2023-09-27T00:00:00+00:00, run_after=2023-09-28T00:00:00+00:00
[2023-09-27T22:39:49.448-0400] {processor.py:179} INFO - Processing /home/beau/airflow/py_env/lib/python3.10/site-packages/airflow/example_dags/example_nested_branch_dag.py took 0.104 seconds
[2023-09-27T22:40:52.793-0400] {processor.py:157} INFO - Started process (PID=12286) to work on /home/beau/airflow/py_env/lib/python3.10/site-packages/airflow/example_dags/example_nested_branch_dag.py
[2023-09-27T22:40:52.798-0400] {processor.py:829} INFO - Processing file /home/beau/airflow/py_env/lib/python3.10/site-packages/airflow/example_dags/example_nested_branch_dag.py for tasks to queue
[2023-09-27T22:40:52.800-0400] {logging_mixin.py:151} INFO - [2023-09-27T22:40:52.799-0400] {dagbag.py:539} INFO - Filling up the DagBag from /home/beau/airflow/py_env/lib/python3.10/site-packages/airflow/example_dags/example_nested_branch_dag.py
[2023-09-27T22:40:52.813-0400] {processor.py:839} INFO - DAG(s) dict_keys(['example_nested_branch_dag']) retrieved from /home/beau/airflow/py_env/lib/python3.10/site-packages/airflow/example_dags/example_nested_branch_dag.py
[2023-09-27T22:40:52.830-0400] {logging_mixin.py:151} INFO - [2023-09-27T22:40:52.830-0400] {dag.py:2915} INFO - Sync 1 DAGs
[2023-09-27T22:40:52.848-0400] {logging_mixin.py:151} INFO - [2023-09-27T22:40:52.848-0400] {dag.py:3696} INFO - Setting next_dagrun for example_nested_branch_dag to 2023-09-27T00:00:00+00:00, run_after=2023-09-28T00:00:00+00:00
[2023-09-27T22:40:52.876-0400] {processor.py:179} INFO - Processing /home/beau/airflow/py_env/lib/python3.10/site-packages/airflow/example_dags/example_nested_branch_dag.py took 0.091 seconds
[2023-09-27T22:41:51.583-0400] {processor.py:157} INFO - Started process (PID=12668) to work on /home/beau/airflow/py_env/lib/python3.10/site-packages/airflow/example_dags/example_nested_branch_dag.py
[2023-09-27T22:41:51.586-0400] {processor.py:829} INFO - Processing file /home/beau/airflow/py_env/lib/python3.10/site-packages/airflow/example_dags/example_nested_branch_dag.py for tasks to queue
[2023-09-27T22:41:51.587-0400] {logging_mixin.py:151} INFO - [2023-09-27T22:41:51.587-0400] {dagbag.py:539} INFO - Filling up the DagBag from /home/beau/airflow/py_env/lib/python3.10/site-packages/airflow/example_dags/example_nested_branch_dag.py
[2023-09-27T22:41:51.599-0400] {processor.py:839} INFO - DAG(s) dict_keys(['example_nested_branch_dag']) retrieved from /home/beau/airflow/py_env/lib/python3.10/site-packages/airflow/example_dags/example_nested_branch_dag.py
[2023-09-27T22:41:51.619-0400] {logging_mixin.py:151} INFO - [2023-09-27T22:41:51.618-0400] {dag.py:2915} INFO - Sync 1 DAGs
[2023-09-27T22:41:51.640-0400] {logging_mixin.py:151} INFO - [2023-09-27T22:41:51.640-0400] {dag.py:3696} INFO - Setting next_dagrun for example_nested_branch_dag to 2023-09-27T00:00:00+00:00, run_after=2023-09-28T00:00:00+00:00
[2023-09-27T22:41:51.673-0400] {processor.py:179} INFO - Processing /home/beau/airflow/py_env/lib/python3.10/site-packages/airflow/example_dags/example_nested_branch_dag.py took 0.095 seconds
[2023-09-27T22:42:50.175-0400] {processor.py:157} INFO - Started process (PID=13137) to work on /home/beau/airflow/py_env/lib/python3.10/site-packages/airflow/example_dags/example_nested_branch_dag.py
[2023-09-27T22:42:50.178-0400] {processor.py:829} INFO - Processing file /home/beau/airflow/py_env/lib/python3.10/site-packages/airflow/example_dags/example_nested_branch_dag.py for tasks to queue
[2023-09-27T22:42:50.179-0400] {logging_mixin.py:151} INFO - [2023-09-27T22:42:50.179-0400] {dagbag.py:539} INFO - Filling up the DagBag from /home/beau/airflow/py_env/lib/python3.10/site-packages/airflow/example_dags/example_nested_branch_dag.py
[2023-09-27T22:42:50.191-0400] {processor.py:839} INFO - DAG(s) dict_keys(['example_nested_branch_dag']) retrieved from /home/beau/airflow/py_env/lib/python3.10/site-packages/airflow/example_dags/example_nested_branch_dag.py
[2023-09-27T22:42:50.209-0400] {logging_mixin.py:151} INFO - [2023-09-27T22:42:50.209-0400] {dag.py:2915} INFO - Sync 1 DAGs
[2023-09-27T22:42:50.227-0400] {logging_mixin.py:151} INFO - [2023-09-27T22:42:50.227-0400] {dag.py:3696} INFO - Setting next_dagrun for example_nested_branch_dag to 2023-09-27T00:00:00+00:00, run_after=2023-09-28T00:00:00+00:00
[2023-09-27T22:42:50.253-0400] {processor.py:179} INFO - Processing /home/beau/airflow/py_env/lib/python3.10/site-packages/airflow/example_dags/example_nested_branch_dag.py took 0.081 seconds
[2023-09-27T22:43:45.848-0400] {processor.py:157} INFO - Started process (PID=13484) to work on /home/beau/airflow/py_env/lib/python3.10/site-packages/airflow/example_dags/example_nested_branch_dag.py
[2023-09-27T22:43:45.852-0400] {processor.py:829} INFO - Processing file /home/beau/airflow/py_env/lib/python3.10/site-packages/airflow/example_dags/example_nested_branch_dag.py for tasks to queue
[2023-09-27T22:43:45.853-0400] {logging_mixin.py:151} INFO - [2023-09-27T22:43:45.852-0400] {dagbag.py:539} INFO - Filling up the DagBag from /home/beau/airflow/py_env/lib/python3.10/site-packages/airflow/example_dags/example_nested_branch_dag.py
[2023-09-27T22:43:45.862-0400] {processor.py:839} INFO - DAG(s) dict_keys(['example_nested_branch_dag']) retrieved from /home/beau/airflow/py_env/lib/python3.10/site-packages/airflow/example_dags/example_nested_branch_dag.py
[2023-09-27T22:43:45.881-0400] {logging_mixin.py:151} INFO - [2023-09-27T22:43:45.881-0400] {dag.py:2915} INFO - Sync 1 DAGs
[2023-09-27T22:43:45.905-0400] {logging_mixin.py:151} INFO - [2023-09-27T22:43:45.905-0400] {dag.py:3696} INFO - Setting next_dagrun for example_nested_branch_dag to 2023-09-27T00:00:00+00:00, run_after=2023-09-28T00:00:00+00:00
[2023-09-27T22:43:45.933-0400] {processor.py:179} INFO - Processing /home/beau/airflow/py_env/lib/python3.10/site-packages/airflow/example_dags/example_nested_branch_dag.py took 0.088 seconds
[2023-09-27T22:44:46.003-0400] {processor.py:157} INFO - Started process (PID=14008) to work on /home/beau/airflow/py_env/lib/python3.10/site-packages/airflow/example_dags/example_nested_branch_dag.py
[2023-09-27T22:44:46.007-0400] {processor.py:829} INFO - Processing file /home/beau/airflow/py_env/lib/python3.10/site-packages/airflow/example_dags/example_nested_branch_dag.py for tasks to queue
[2023-09-27T22:44:46.008-0400] {logging_mixin.py:151} INFO - [2023-09-27T22:44:46.008-0400] {dagbag.py:539} INFO - Filling up the DagBag from /home/beau/airflow/py_env/lib/python3.10/site-packages/airflow/example_dags/example_nested_branch_dag.py
[2023-09-27T22:44:46.021-0400] {processor.py:839} INFO - DAG(s) dict_keys(['example_nested_branch_dag']) retrieved from /home/beau/airflow/py_env/lib/python3.10/site-packages/airflow/example_dags/example_nested_branch_dag.py
[2023-09-27T22:44:46.042-0400] {logging_mixin.py:151} INFO - [2023-09-27T22:44:46.042-0400] {dag.py:2915} INFO - Sync 1 DAGs
[2023-09-27T22:44:46.068-0400] {logging_mixin.py:151} INFO - [2023-09-27T22:44:46.067-0400] {dag.py:3696} INFO - Setting next_dagrun for example_nested_branch_dag to 2023-09-27T00:00:00+00:00, run_after=2023-09-28T00:00:00+00:00
[2023-09-27T22:44:46.096-0400] {processor.py:179} INFO - Processing /home/beau/airflow/py_env/lib/python3.10/site-packages/airflow/example_dags/example_nested_branch_dag.py took 0.097 seconds
[2023-09-27T22:45:39.954-0400] {processor.py:157} INFO - Started process (PID=14555) to work on /home/beau/airflow/py_env/lib/python3.10/site-packages/airflow/example_dags/example_nested_branch_dag.py
[2023-09-27T22:45:39.960-0400] {processor.py:829} INFO - Processing file /home/beau/airflow/py_env/lib/python3.10/site-packages/airflow/example_dags/example_nested_branch_dag.py for tasks to queue
[2023-09-27T22:45:39.962-0400] {logging_mixin.py:151} INFO - [2023-09-27T22:45:39.961-0400] {dagbag.py:539} INFO - Filling up the DagBag from /home/beau/airflow/py_env/lib/python3.10/site-packages/airflow/example_dags/example_nested_branch_dag.py
[2023-09-27T22:45:39.973-0400] {processor.py:839} INFO - DAG(s) dict_keys(['example_nested_branch_dag']) retrieved from /home/beau/airflow/py_env/lib/python3.10/site-packages/airflow/example_dags/example_nested_branch_dag.py
[2023-09-27T22:45:39.990-0400] {logging_mixin.py:151} INFO - [2023-09-27T22:45:39.990-0400] {dag.py:2915} INFO - Sync 1 DAGs
[2023-09-27T22:45:40.010-0400] {logging_mixin.py:151} INFO - [2023-09-27T22:45:40.009-0400] {dag.py:3696} INFO - Setting next_dagrun for example_nested_branch_dag to 2023-09-27T00:00:00+00:00, run_after=2023-09-28T00:00:00+00:00
[2023-09-27T22:45:40.033-0400] {processor.py:179} INFO - Processing /home/beau/airflow/py_env/lib/python3.10/site-packages/airflow/example_dags/example_nested_branch_dag.py took 0.086 seconds
[2023-09-27T22:46:42.073-0400] {processor.py:157} INFO - Started process (PID=15348) to work on /home/beau/airflow/py_env/lib/python3.10/site-packages/airflow/example_dags/example_nested_branch_dag.py
[2023-09-27T22:46:42.077-0400] {processor.py:829} INFO - Processing file /home/beau/airflow/py_env/lib/python3.10/site-packages/airflow/example_dags/example_nested_branch_dag.py for tasks to queue
[2023-09-27T22:46:42.079-0400] {logging_mixin.py:151} INFO - [2023-09-27T22:46:42.078-0400] {dagbag.py:539} INFO - Filling up the DagBag from /home/beau/airflow/py_env/lib/python3.10/site-packages/airflow/example_dags/example_nested_branch_dag.py
[2023-09-27T22:46:42.093-0400] {processor.py:839} INFO - DAG(s) dict_keys(['example_nested_branch_dag']) retrieved from /home/beau/airflow/py_env/lib/python3.10/site-packages/airflow/example_dags/example_nested_branch_dag.py
[2023-09-27T22:46:42.112-0400] {logging_mixin.py:151} INFO - [2023-09-27T22:46:42.111-0400] {dag.py:2915} INFO - Sync 1 DAGs
[2023-09-27T22:46:42.130-0400] {logging_mixin.py:151} INFO - [2023-09-27T22:46:42.130-0400] {dag.py:3696} INFO - Setting next_dagrun for example_nested_branch_dag to 2023-09-27T00:00:00+00:00, run_after=2023-09-28T00:00:00+00:00
[2023-09-27T22:46:42.158-0400] {processor.py:179} INFO - Processing /home/beau/airflow/py_env/lib/python3.10/site-packages/airflow/example_dags/example_nested_branch_dag.py took 0.090 seconds
[2023-09-27T22:47:41.533-0400] {processor.py:157} INFO - Started process (PID=16006) to work on /home/beau/airflow/py_env/lib/python3.10/site-packages/airflow/example_dags/example_nested_branch_dag.py
[2023-09-27T22:47:41.537-0400] {processor.py:829} INFO - Processing file /home/beau/airflow/py_env/lib/python3.10/site-packages/airflow/example_dags/example_nested_branch_dag.py for tasks to queue
[2023-09-27T22:47:41.538-0400] {logging_mixin.py:151} INFO - [2023-09-27T22:47:41.537-0400] {dagbag.py:539} INFO - Filling up the DagBag from /home/beau/airflow/py_env/lib/python3.10/site-packages/airflow/example_dags/example_nested_branch_dag.py
[2023-09-27T22:47:41.553-0400] {processor.py:839} INFO - DAG(s) dict_keys(['example_nested_branch_dag']) retrieved from /home/beau/airflow/py_env/lib/python3.10/site-packages/airflow/example_dags/example_nested_branch_dag.py
[2023-09-27T22:47:41.571-0400] {logging_mixin.py:151} INFO - [2023-09-27T22:47:41.570-0400] {dag.py:2915} INFO - Sync 1 DAGs
[2023-09-27T22:47:41.591-0400] {logging_mixin.py:151} INFO - [2023-09-27T22:47:41.590-0400] {dag.py:3696} INFO - Setting next_dagrun for example_nested_branch_dag to 2023-09-27T00:00:00+00:00, run_after=2023-09-28T00:00:00+00:00
[2023-09-27T22:47:41.620-0400] {processor.py:179} INFO - Processing /home/beau/airflow/py_env/lib/python3.10/site-packages/airflow/example_dags/example_nested_branch_dag.py took 0.091 seconds
[2023-09-27T22:48:42.235-0400] {processor.py:157} INFO - Started process (PID=16612) to work on /home/beau/airflow/py_env/lib/python3.10/site-packages/airflow/example_dags/example_nested_branch_dag.py
[2023-09-27T22:48:42.240-0400] {processor.py:829} INFO - Processing file /home/beau/airflow/py_env/lib/python3.10/site-packages/airflow/example_dags/example_nested_branch_dag.py for tasks to queue
[2023-09-27T22:48:42.242-0400] {logging_mixin.py:151} INFO - [2023-09-27T22:48:42.241-0400] {dagbag.py:539} INFO - Filling up the DagBag from /home/beau/airflow/py_env/lib/python3.10/site-packages/airflow/example_dags/example_nested_branch_dag.py
[2023-09-27T22:48:42.257-0400] {processor.py:839} INFO - DAG(s) dict_keys(['example_nested_branch_dag']) retrieved from /home/beau/airflow/py_env/lib/python3.10/site-packages/airflow/example_dags/example_nested_branch_dag.py
[2023-09-27T22:48:42.282-0400] {logging_mixin.py:151} INFO - [2023-09-27T22:48:42.282-0400] {dag.py:2915} INFO - Sync 1 DAGs
[2023-09-27T22:48:42.309-0400] {logging_mixin.py:151} INFO - [2023-09-27T22:48:42.309-0400] {dag.py:3696} INFO - Setting next_dagrun for example_nested_branch_dag to 2023-09-27T00:00:00+00:00, run_after=2023-09-28T00:00:00+00:00
[2023-09-27T22:48:42.339-0400] {processor.py:179} INFO - Processing /home/beau/airflow/py_env/lib/python3.10/site-packages/airflow/example_dags/example_nested_branch_dag.py took 0.112 seconds
[2023-09-27T22:49:39.340-0400] {processor.py:157} INFO - Started process (PID=17046) to work on /home/beau/airflow/py_env/lib/python3.10/site-packages/airflow/example_dags/example_nested_branch_dag.py
[2023-09-27T22:49:39.345-0400] {processor.py:829} INFO - Processing file /home/beau/airflow/py_env/lib/python3.10/site-packages/airflow/example_dags/example_nested_branch_dag.py for tasks to queue
[2023-09-27T22:49:39.347-0400] {logging_mixin.py:151} INFO - [2023-09-27T22:49:39.347-0400] {dagbag.py:539} INFO - Filling up the DagBag from /home/beau/airflow/py_env/lib/python3.10/site-packages/airflow/example_dags/example_nested_branch_dag.py
[2023-09-27T22:49:39.368-0400] {processor.py:839} INFO - DAG(s) dict_keys(['example_nested_branch_dag']) retrieved from /home/beau/airflow/py_env/lib/python3.10/site-packages/airflow/example_dags/example_nested_branch_dag.py
[2023-09-27T22:49:39.384-0400] {logging_mixin.py:151} INFO - [2023-09-27T22:49:39.384-0400] {dag.py:2915} INFO - Sync 1 DAGs
[2023-09-27T22:49:39.403-0400] {logging_mixin.py:151} INFO - [2023-09-27T22:49:39.403-0400] {dag.py:3696} INFO - Setting next_dagrun for example_nested_branch_dag to 2023-09-27T00:00:00+00:00, run_after=2023-09-28T00:00:00+00:00
[2023-09-27T22:49:39.432-0400] {processor.py:179} INFO - Processing /home/beau/airflow/py_env/lib/python3.10/site-packages/airflow/example_dags/example_nested_branch_dag.py took 0.100 seconds
[2023-09-27T22:50:36.258-0400] {processor.py:157} INFO - Started process (PID=17307) to work on /home/beau/airflow/py_env/lib/python3.10/site-packages/airflow/example_dags/example_nested_branch_dag.py
[2023-09-27T22:50:36.261-0400] {processor.py:829} INFO - Processing file /home/beau/airflow/py_env/lib/python3.10/site-packages/airflow/example_dags/example_nested_branch_dag.py for tasks to queue
[2023-09-27T22:50:36.263-0400] {logging_mixin.py:151} INFO - [2023-09-27T22:50:36.262-0400] {dagbag.py:539} INFO - Filling up the DagBag from /home/beau/airflow/py_env/lib/python3.10/site-packages/airflow/example_dags/example_nested_branch_dag.py
[2023-09-27T22:50:36.274-0400] {processor.py:839} INFO - DAG(s) dict_keys(['example_nested_branch_dag']) retrieved from /home/beau/airflow/py_env/lib/python3.10/site-packages/airflow/example_dags/example_nested_branch_dag.py
[2023-09-27T22:50:36.289-0400] {logging_mixin.py:151} INFO - [2023-09-27T22:50:36.289-0400] {dag.py:2915} INFO - Sync 1 DAGs
[2023-09-27T22:50:36.306-0400] {logging_mixin.py:151} INFO - [2023-09-27T22:50:36.305-0400] {dag.py:3696} INFO - Setting next_dagrun for example_nested_branch_dag to 2023-09-27T00:00:00+00:00, run_after=2023-09-28T00:00:00+00:00
[2023-09-27T22:50:36.329-0400] {processor.py:179} INFO - Processing /home/beau/airflow/py_env/lib/python3.10/site-packages/airflow/example_dags/example_nested_branch_dag.py took 0.075 seconds
[2023-09-27T22:51:30.110-0400] {processor.py:157} INFO - Started process (PID=17554) to work on /home/beau/airflow/py_env/lib/python3.10/site-packages/airflow/example_dags/example_nested_branch_dag.py
[2023-09-27T22:51:30.112-0400] {processor.py:829} INFO - Processing file /home/beau/airflow/py_env/lib/python3.10/site-packages/airflow/example_dags/example_nested_branch_dag.py for tasks to queue
[2023-09-27T22:51:30.113-0400] {logging_mixin.py:151} INFO - [2023-09-27T22:51:30.113-0400] {dagbag.py:539} INFO - Filling up the DagBag from /home/beau/airflow/py_env/lib/python3.10/site-packages/airflow/example_dags/example_nested_branch_dag.py
[2023-09-27T22:51:30.129-0400] {processor.py:839} INFO - DAG(s) dict_keys(['example_nested_branch_dag']) retrieved from /home/beau/airflow/py_env/lib/python3.10/site-packages/airflow/example_dags/example_nested_branch_dag.py
[2023-09-27T22:51:30.145-0400] {logging_mixin.py:151} INFO - [2023-09-27T22:51:30.145-0400] {dag.py:2915} INFO - Sync 1 DAGs
[2023-09-27T22:51:30.161-0400] {logging_mixin.py:151} INFO - [2023-09-27T22:51:30.161-0400] {dag.py:3696} INFO - Setting next_dagrun for example_nested_branch_dag to 2023-09-27T00:00:00+00:00, run_after=2023-09-28T00:00:00+00:00
[2023-09-27T22:51:30.185-0400] {processor.py:179} INFO - Processing /home/beau/airflow/py_env/lib/python3.10/site-packages/airflow/example_dags/example_nested_branch_dag.py took 0.080 seconds
[2023-09-27T22:52:26.819-0400] {processor.py:157} INFO - Started process (PID=17814) to work on /home/beau/airflow/py_env/lib/python3.10/site-packages/airflow/example_dags/example_nested_branch_dag.py
[2023-09-27T22:52:26.821-0400] {processor.py:829} INFO - Processing file /home/beau/airflow/py_env/lib/python3.10/site-packages/airflow/example_dags/example_nested_branch_dag.py for tasks to queue
[2023-09-27T22:52:26.823-0400] {logging_mixin.py:151} INFO - [2023-09-27T22:52:26.822-0400] {dagbag.py:539} INFO - Filling up the DagBag from /home/beau/airflow/py_env/lib/python3.10/site-packages/airflow/example_dags/example_nested_branch_dag.py
[2023-09-27T22:52:26.838-0400] {processor.py:839} INFO - DAG(s) dict_keys(['example_nested_branch_dag']) retrieved from /home/beau/airflow/py_env/lib/python3.10/site-packages/airflow/example_dags/example_nested_branch_dag.py
[2023-09-27T22:52:26.857-0400] {logging_mixin.py:151} INFO - [2023-09-27T22:52:26.857-0400] {dag.py:2915} INFO - Sync 1 DAGs
[2023-09-27T22:52:26.878-0400] {logging_mixin.py:151} INFO - [2023-09-27T22:52:26.877-0400] {dag.py:3696} INFO - Setting next_dagrun for example_nested_branch_dag to 2023-09-27T00:00:00+00:00, run_after=2023-09-28T00:00:00+00:00
[2023-09-27T22:52:26.901-0400] {processor.py:179} INFO - Processing /home/beau/airflow/py_env/lib/python3.10/site-packages/airflow/example_dags/example_nested_branch_dag.py took 0.088 seconds
[2023-09-27T22:53:17.931-0400] {processor.py:157} INFO - Started process (PID=18277) to work on /home/beau/airflow/py_env/lib/python3.10/site-packages/airflow/example_dags/example_nested_branch_dag.py
[2023-09-27T22:53:17.933-0400] {processor.py:829} INFO - Processing file /home/beau/airflow/py_env/lib/python3.10/site-packages/airflow/example_dags/example_nested_branch_dag.py for tasks to queue
[2023-09-27T22:53:17.935-0400] {logging_mixin.py:151} INFO - [2023-09-27T22:53:17.934-0400] {dagbag.py:539} INFO - Filling up the DagBag from /home/beau/airflow/py_env/lib/python3.10/site-packages/airflow/example_dags/example_nested_branch_dag.py
[2023-09-27T22:53:17.952-0400] {processor.py:839} INFO - DAG(s) dict_keys(['example_nested_branch_dag']) retrieved from /home/beau/airflow/py_env/lib/python3.10/site-packages/airflow/example_dags/example_nested_branch_dag.py
[2023-09-27T22:53:17.974-0400] {logging_mixin.py:151} INFO - [2023-09-27T22:53:17.974-0400] {dag.py:2915} INFO - Sync 1 DAGs
[2023-09-27T22:53:17.991-0400] {logging_mixin.py:151} INFO - [2023-09-27T22:53:17.991-0400] {dag.py:3696} INFO - Setting next_dagrun for example_nested_branch_dag to 2023-09-27T00:00:00+00:00, run_after=2023-09-28T00:00:00+00:00
[2023-09-27T22:53:18.016-0400] {processor.py:179} INFO - Processing /home/beau/airflow/py_env/lib/python3.10/site-packages/airflow/example_dags/example_nested_branch_dag.py took 0.091 seconds
[2023-09-27T22:54:11.859-0400] {processor.py:157} INFO - Started process (PID=18780) to work on /home/beau/airflow/py_env/lib/python3.10/site-packages/airflow/example_dags/example_nested_branch_dag.py
[2023-09-27T22:54:11.863-0400] {processor.py:829} INFO - Processing file /home/beau/airflow/py_env/lib/python3.10/site-packages/airflow/example_dags/example_nested_branch_dag.py for tasks to queue
[2023-09-27T22:54:11.864-0400] {logging_mixin.py:151} INFO - [2023-09-27T22:54:11.864-0400] {dagbag.py:539} INFO - Filling up the DagBag from /home/beau/airflow/py_env/lib/python3.10/site-packages/airflow/example_dags/example_nested_branch_dag.py
[2023-09-27T22:54:11.881-0400] {processor.py:839} INFO - DAG(s) dict_keys(['example_nested_branch_dag']) retrieved from /home/beau/airflow/py_env/lib/python3.10/site-packages/airflow/example_dags/example_nested_branch_dag.py
[2023-09-27T22:54:11.920-0400] {logging_mixin.py:151} INFO - [2023-09-27T22:54:11.920-0400] {dag.py:2915} INFO - Sync 1 DAGs
[2023-09-27T22:54:11.950-0400] {logging_mixin.py:151} INFO - [2023-09-27T22:54:11.949-0400] {dag.py:3696} INFO - Setting next_dagrun for example_nested_branch_dag to 2023-09-27T00:00:00+00:00, run_after=2023-09-28T00:00:00+00:00
[2023-09-27T22:54:11.976-0400] {processor.py:179} INFO - Processing /home/beau/airflow/py_env/lib/python3.10/site-packages/airflow/example_dags/example_nested_branch_dag.py took 0.122 seconds
[2023-09-27T22:55:06.327-0400] {processor.py:157} INFO - Started process (PID=19335) to work on /home/beau/airflow/py_env/lib/python3.10/site-packages/airflow/example_dags/example_nested_branch_dag.py
[2023-09-27T22:55:06.329-0400] {processor.py:829} INFO - Processing file /home/beau/airflow/py_env/lib/python3.10/site-packages/airflow/example_dags/example_nested_branch_dag.py for tasks to queue
[2023-09-27T22:55:06.330-0400] {logging_mixin.py:151} INFO - [2023-09-27T22:55:06.330-0400] {dagbag.py:539} INFO - Filling up the DagBag from /home/beau/airflow/py_env/lib/python3.10/site-packages/airflow/example_dags/example_nested_branch_dag.py
[2023-09-27T22:55:06.345-0400] {processor.py:839} INFO - DAG(s) dict_keys(['example_nested_branch_dag']) retrieved from /home/beau/airflow/py_env/lib/python3.10/site-packages/airflow/example_dags/example_nested_branch_dag.py
[2023-09-27T22:55:06.364-0400] {logging_mixin.py:151} INFO - [2023-09-27T22:55:06.364-0400] {dag.py:2915} INFO - Sync 1 DAGs
[2023-09-27T22:55:06.383-0400] {logging_mixin.py:151} INFO - [2023-09-27T22:55:06.383-0400] {dag.py:3696} INFO - Setting next_dagrun for example_nested_branch_dag to 2023-09-27T00:00:00+00:00, run_after=2023-09-28T00:00:00+00:00
[2023-09-27T22:55:06.411-0400] {processor.py:179} INFO - Processing /home/beau/airflow/py_env/lib/python3.10/site-packages/airflow/example_dags/example_nested_branch_dag.py took 0.089 seconds
[2023-09-27T22:56:05.527-0400] {processor.py:157} INFO - Started process (PID=19798) to work on /home/beau/airflow/py_env/lib/python3.10/site-packages/airflow/example_dags/example_nested_branch_dag.py
[2023-09-27T22:56:05.532-0400] {processor.py:829} INFO - Processing file /home/beau/airflow/py_env/lib/python3.10/site-packages/airflow/example_dags/example_nested_branch_dag.py for tasks to queue
[2023-09-27T22:56:05.533-0400] {logging_mixin.py:151} INFO - [2023-09-27T22:56:05.533-0400] {dagbag.py:539} INFO - Filling up the DagBag from /home/beau/airflow/py_env/lib/python3.10/site-packages/airflow/example_dags/example_nested_branch_dag.py
[2023-09-27T22:56:05.546-0400] {processor.py:839} INFO - DAG(s) dict_keys(['example_nested_branch_dag']) retrieved from /home/beau/airflow/py_env/lib/python3.10/site-packages/airflow/example_dags/example_nested_branch_dag.py
[2023-09-27T22:56:05.566-0400] {logging_mixin.py:151} INFO - [2023-09-27T22:56:05.566-0400] {dag.py:2915} INFO - Sync 1 DAGs
[2023-09-27T22:56:05.584-0400] {logging_mixin.py:151} INFO - [2023-09-27T22:56:05.584-0400] {dag.py:3696} INFO - Setting next_dagrun for example_nested_branch_dag to 2023-09-27T00:00:00+00:00, run_after=2023-09-28T00:00:00+00:00
[2023-09-27T22:56:05.618-0400] {processor.py:179} INFO - Processing /home/beau/airflow/py_env/lib/python3.10/site-packages/airflow/example_dags/example_nested_branch_dag.py took 0.097 seconds
[2023-09-27T22:56:57.734-0400] {processor.py:157} INFO - Started process (PID=20388) to work on /home/beau/airflow/py_env/lib/python3.10/site-packages/airflow/example_dags/example_nested_branch_dag.py
[2023-09-27T22:56:57.740-0400] {processor.py:829} INFO - Processing file /home/beau/airflow/py_env/lib/python3.10/site-packages/airflow/example_dags/example_nested_branch_dag.py for tasks to queue
[2023-09-27T22:56:57.743-0400] {logging_mixin.py:151} INFO - [2023-09-27T22:56:57.742-0400] {dagbag.py:539} INFO - Filling up the DagBag from /home/beau/airflow/py_env/lib/python3.10/site-packages/airflow/example_dags/example_nested_branch_dag.py
[2023-09-27T22:56:57.764-0400] {processor.py:839} INFO - DAG(s) dict_keys(['example_nested_branch_dag']) retrieved from /home/beau/airflow/py_env/lib/python3.10/site-packages/airflow/example_dags/example_nested_branch_dag.py
[2023-09-27T22:56:57.784-0400] {logging_mixin.py:151} INFO - [2023-09-27T22:56:57.783-0400] {dag.py:2915} INFO - Sync 1 DAGs
[2023-09-27T22:56:57.800-0400] {logging_mixin.py:151} INFO - [2023-09-27T22:56:57.800-0400] {dag.py:3696} INFO - Setting next_dagrun for example_nested_branch_dag to 2023-09-27T00:00:00+00:00, run_after=2023-09-28T00:00:00+00:00
[2023-09-27T22:56:57.828-0400] {processor.py:179} INFO - Processing /home/beau/airflow/py_env/lib/python3.10/site-packages/airflow/example_dags/example_nested_branch_dag.py took 0.105 seconds
[2023-09-27T22:57:47.512-0400] {processor.py:157} INFO - Started process (PID=20851) to work on /home/beau/airflow/py_env/lib/python3.10/site-packages/airflow/example_dags/example_nested_branch_dag.py
[2023-09-27T22:57:47.516-0400] {processor.py:829} INFO - Processing file /home/beau/airflow/py_env/lib/python3.10/site-packages/airflow/example_dags/example_nested_branch_dag.py for tasks to queue
[2023-09-27T22:57:47.517-0400] {logging_mixin.py:151} INFO - [2023-09-27T22:57:47.517-0400] {dagbag.py:539} INFO - Filling up the DagBag from /home/beau/airflow/py_env/lib/python3.10/site-packages/airflow/example_dags/example_nested_branch_dag.py
[2023-09-27T22:57:47.526-0400] {processor.py:839} INFO - DAG(s) dict_keys(['example_nested_branch_dag']) retrieved from /home/beau/airflow/py_env/lib/python3.10/site-packages/airflow/example_dags/example_nested_branch_dag.py
[2023-09-27T22:57:47.542-0400] {logging_mixin.py:151} INFO - [2023-09-27T22:57:47.542-0400] {dag.py:2915} INFO - Sync 1 DAGs
[2023-09-27T22:57:47.558-0400] {logging_mixin.py:151} INFO - [2023-09-27T22:57:47.558-0400] {dag.py:3696} INFO - Setting next_dagrun for example_nested_branch_dag to 2023-09-27T00:00:00+00:00, run_after=2023-09-28T00:00:00+00:00
[2023-09-27T22:57:47.581-0400] {processor.py:179} INFO - Processing /home/beau/airflow/py_env/lib/python3.10/site-packages/airflow/example_dags/example_nested_branch_dag.py took 0.073 seconds
[2023-09-27T22:58:40.024-0400] {processor.py:157} INFO - Started process (PID=21325) to work on /home/beau/airflow/py_env/lib/python3.10/site-packages/airflow/example_dags/example_nested_branch_dag.py
[2023-09-27T22:58:40.027-0400] {processor.py:829} INFO - Processing file /home/beau/airflow/py_env/lib/python3.10/site-packages/airflow/example_dags/example_nested_branch_dag.py for tasks to queue
[2023-09-27T22:58:40.029-0400] {logging_mixin.py:151} INFO - [2023-09-27T22:58:40.028-0400] {dagbag.py:539} INFO - Filling up the DagBag from /home/beau/airflow/py_env/lib/python3.10/site-packages/airflow/example_dags/example_nested_branch_dag.py
[2023-09-27T22:58:40.039-0400] {processor.py:839} INFO - DAG(s) dict_keys(['example_nested_branch_dag']) retrieved from /home/beau/airflow/py_env/lib/python3.10/site-packages/airflow/example_dags/example_nested_branch_dag.py
[2023-09-27T22:58:40.059-0400] {logging_mixin.py:151} INFO - [2023-09-27T22:58:40.059-0400] {dag.py:2915} INFO - Sync 1 DAGs
[2023-09-27T22:58:40.079-0400] {logging_mixin.py:151} INFO - [2023-09-27T22:58:40.079-0400] {dag.py:3696} INFO - Setting next_dagrun for example_nested_branch_dag to 2023-09-27T00:00:00+00:00, run_after=2023-09-28T00:00:00+00:00
[2023-09-27T22:58:40.112-0400] {processor.py:179} INFO - Processing /home/beau/airflow/py_env/lib/python3.10/site-packages/airflow/example_dags/example_nested_branch_dag.py took 0.092 seconds
[2023-09-27T22:59:33.818-0400] {processor.py:157} INFO - Started process (PID=21733) to work on /home/beau/airflow/py_env/lib/python3.10/site-packages/airflow/example_dags/example_nested_branch_dag.py
[2023-09-27T22:59:33.820-0400] {processor.py:829} INFO - Processing file /home/beau/airflow/py_env/lib/python3.10/site-packages/airflow/example_dags/example_nested_branch_dag.py for tasks to queue
[2023-09-27T22:59:33.820-0400] {logging_mixin.py:151} INFO - [2023-09-27T22:59:33.820-0400] {dagbag.py:539} INFO - Filling up the DagBag from /home/beau/airflow/py_env/lib/python3.10/site-packages/airflow/example_dags/example_nested_branch_dag.py
[2023-09-27T22:59:33.830-0400] {processor.py:839} INFO - DAG(s) dict_keys(['example_nested_branch_dag']) retrieved from /home/beau/airflow/py_env/lib/python3.10/site-packages/airflow/example_dags/example_nested_branch_dag.py
[2023-09-27T22:59:33.847-0400] {logging_mixin.py:151} INFO - [2023-09-27T22:59:33.846-0400] {dag.py:2915} INFO - Sync 1 DAGs
[2023-09-27T22:59:33.865-0400] {logging_mixin.py:151} INFO - [2023-09-27T22:59:33.865-0400] {dag.py:3696} INFO - Setting next_dagrun for example_nested_branch_dag to 2023-09-27T00:00:00+00:00, run_after=2023-09-28T00:00:00+00:00
[2023-09-27T22:59:33.892-0400] {processor.py:179} INFO - Processing /home/beau/airflow/py_env/lib/python3.10/site-packages/airflow/example_dags/example_nested_branch_dag.py took 0.079 seconds
[2023-09-27T23:00:30.184-0400] {processor.py:157} INFO - Started process (PID=21986) to work on /home/beau/airflow/py_env/lib/python3.10/site-packages/airflow/example_dags/example_nested_branch_dag.py
[2023-09-27T23:00:30.188-0400] {processor.py:829} INFO - Processing file /home/beau/airflow/py_env/lib/python3.10/site-packages/airflow/example_dags/example_nested_branch_dag.py for tasks to queue
[2023-09-27T23:00:30.190-0400] {logging_mixin.py:151} INFO - [2023-09-27T23:00:30.189-0400] {dagbag.py:539} INFO - Filling up the DagBag from /home/beau/airflow/py_env/lib/python3.10/site-packages/airflow/example_dags/example_nested_branch_dag.py
[2023-09-27T23:00:30.206-0400] {processor.py:839} INFO - DAG(s) dict_keys(['example_nested_branch_dag']) retrieved from /home/beau/airflow/py_env/lib/python3.10/site-packages/airflow/example_dags/example_nested_branch_dag.py
[2023-09-27T23:00:30.222-0400] {logging_mixin.py:151} INFO - [2023-09-27T23:00:30.221-0400] {dag.py:2915} INFO - Sync 1 DAGs
[2023-09-27T23:00:30.238-0400] {logging_mixin.py:151} INFO - [2023-09-27T23:00:30.238-0400] {dag.py:3696} INFO - Setting next_dagrun for example_nested_branch_dag to 2023-09-27T00:00:00+00:00, run_after=2023-09-28T00:00:00+00:00
[2023-09-27T23:00:30.260-0400] {processor.py:179} INFO - Processing /home/beau/airflow/py_env/lib/python3.10/site-packages/airflow/example_dags/example_nested_branch_dag.py took 0.082 seconds
[2023-09-27T23:01:20.812-0400] {processor.py:157} INFO - Started process (PID=22225) to work on /home/beau/airflow/py_env/lib/python3.10/site-packages/airflow/example_dags/example_nested_branch_dag.py
[2023-09-27T23:01:20.817-0400] {processor.py:829} INFO - Processing file /home/beau/airflow/py_env/lib/python3.10/site-packages/airflow/example_dags/example_nested_branch_dag.py for tasks to queue
[2023-09-27T23:01:20.818-0400] {logging_mixin.py:151} INFO - [2023-09-27T23:01:20.817-0400] {dagbag.py:539} INFO - Filling up the DagBag from /home/beau/airflow/py_env/lib/python3.10/site-packages/airflow/example_dags/example_nested_branch_dag.py
[2023-09-27T23:01:20.826-0400] {processor.py:839} INFO - DAG(s) dict_keys(['example_nested_branch_dag']) retrieved from /home/beau/airflow/py_env/lib/python3.10/site-packages/airflow/example_dags/example_nested_branch_dag.py
[2023-09-27T23:01:20.841-0400] {logging_mixin.py:151} INFO - [2023-09-27T23:01:20.841-0400] {dag.py:2915} INFO - Sync 1 DAGs
[2023-09-27T23:01:20.857-0400] {logging_mixin.py:151} INFO - [2023-09-27T23:01:20.857-0400] {dag.py:3696} INFO - Setting next_dagrun for example_nested_branch_dag to 2023-09-27T00:00:00+00:00, run_after=2023-09-28T00:00:00+00:00
[2023-09-27T23:01:20.880-0400] {processor.py:179} INFO - Processing /home/beau/airflow/py_env/lib/python3.10/site-packages/airflow/example_dags/example_nested_branch_dag.py took 0.072 seconds
[2023-09-27T23:02:16.252-0400] {processor.py:157} INFO - Started process (PID=22477) to work on /home/beau/airflow/py_env/lib/python3.10/site-packages/airflow/example_dags/example_nested_branch_dag.py
[2023-09-27T23:02:16.258-0400] {processor.py:829} INFO - Processing file /home/beau/airflow/py_env/lib/python3.10/site-packages/airflow/example_dags/example_nested_branch_dag.py for tasks to queue
[2023-09-27T23:02:16.261-0400] {logging_mixin.py:151} INFO - [2023-09-27T23:02:16.260-0400] {dagbag.py:539} INFO - Filling up the DagBag from /home/beau/airflow/py_env/lib/python3.10/site-packages/airflow/example_dags/example_nested_branch_dag.py
[2023-09-27T23:02:16.282-0400] {processor.py:839} INFO - DAG(s) dict_keys(['example_nested_branch_dag']) retrieved from /home/beau/airflow/py_env/lib/python3.10/site-packages/airflow/example_dags/example_nested_branch_dag.py
[2023-09-27T23:02:16.309-0400] {logging_mixin.py:151} INFO - [2023-09-27T23:02:16.309-0400] {dag.py:2915} INFO - Sync 1 DAGs
[2023-09-27T23:02:16.325-0400] {logging_mixin.py:151} INFO - [2023-09-27T23:02:16.325-0400] {dag.py:3696} INFO - Setting next_dagrun for example_nested_branch_dag to 2023-09-27T00:00:00+00:00, run_after=2023-09-28T00:00:00+00:00
[2023-09-27T23:02:16.350-0400] {processor.py:179} INFO - Processing /home/beau/airflow/py_env/lib/python3.10/site-packages/airflow/example_dags/example_nested_branch_dag.py took 0.107 seconds
[2023-09-27T23:03:04.471-0400] {processor.py:157} INFO - Started process (PID=22771) to work on /home/beau/airflow/py_env/lib/python3.10/site-packages/airflow/example_dags/example_nested_branch_dag.py
[2023-09-27T23:03:04.477-0400] {processor.py:829} INFO - Processing file /home/beau/airflow/py_env/lib/python3.10/site-packages/airflow/example_dags/example_nested_branch_dag.py for tasks to queue
[2023-09-27T23:03:04.481-0400] {logging_mixin.py:151} INFO - [2023-09-27T23:03:04.479-0400] {dagbag.py:539} INFO - Filling up the DagBag from /home/beau/airflow/py_env/lib/python3.10/site-packages/airflow/example_dags/example_nested_branch_dag.py
[2023-09-27T23:03:04.515-0400] {processor.py:839} INFO - DAG(s) dict_keys(['example_nested_branch_dag']) retrieved from /home/beau/airflow/py_env/lib/python3.10/site-packages/airflow/example_dags/example_nested_branch_dag.py
[2023-09-27T23:03:04.541-0400] {logging_mixin.py:151} INFO - [2023-09-27T23:03:04.541-0400] {dag.py:2915} INFO - Sync 1 DAGs
[2023-09-27T23:03:04.565-0400] {logging_mixin.py:151} INFO - [2023-09-27T23:03:04.564-0400] {dag.py:3696} INFO - Setting next_dagrun for example_nested_branch_dag to 2023-09-27T00:00:00+00:00, run_after=2023-09-28T00:00:00+00:00
[2023-09-27T23:03:04.591-0400] {processor.py:179} INFO - Processing /home/beau/airflow/py_env/lib/python3.10/site-packages/airflow/example_dags/example_nested_branch_dag.py took 0.131 seconds
[2023-09-27T23:03:55.060-0400] {processor.py:157} INFO - Started process (PID=23130) to work on /home/beau/airflow/py_env/lib/python3.10/site-packages/airflow/example_dags/example_nested_branch_dag.py
[2023-09-27T23:03:55.062-0400] {processor.py:829} INFO - Processing file /home/beau/airflow/py_env/lib/python3.10/site-packages/airflow/example_dags/example_nested_branch_dag.py for tasks to queue
[2023-09-27T23:03:55.063-0400] {logging_mixin.py:151} INFO - [2023-09-27T23:03:55.063-0400] {dagbag.py:539} INFO - Filling up the DagBag from /home/beau/airflow/py_env/lib/python3.10/site-packages/airflow/example_dags/example_nested_branch_dag.py
[2023-09-27T23:03:55.072-0400] {processor.py:839} INFO - DAG(s) dict_keys(['example_nested_branch_dag']) retrieved from /home/beau/airflow/py_env/lib/python3.10/site-packages/airflow/example_dags/example_nested_branch_dag.py
[2023-09-27T23:03:55.090-0400] {logging_mixin.py:151} INFO - [2023-09-27T23:03:55.090-0400] {dag.py:2915} INFO - Sync 1 DAGs
[2023-09-27T23:03:55.109-0400] {logging_mixin.py:151} INFO - [2023-09-27T23:03:55.108-0400] {dag.py:3696} INFO - Setting next_dagrun for example_nested_branch_dag to 2023-09-27T00:00:00+00:00, run_after=2023-09-28T00:00:00+00:00
[2023-09-27T23:03:55.136-0400] {processor.py:179} INFO - Processing /home/beau/airflow/py_env/lib/python3.10/site-packages/airflow/example_dags/example_nested_branch_dag.py took 0.080 seconds
[2023-09-27T23:04:49.486-0400] {processor.py:157} INFO - Started process (PID=23505) to work on /home/beau/airflow/py_env/lib/python3.10/site-packages/airflow/example_dags/example_nested_branch_dag.py
[2023-09-27T23:04:49.488-0400] {processor.py:829} INFO - Processing file /home/beau/airflow/py_env/lib/python3.10/site-packages/airflow/example_dags/example_nested_branch_dag.py for tasks to queue
[2023-09-27T23:04:49.489-0400] {logging_mixin.py:151} INFO - [2023-09-27T23:04:49.488-0400] {dagbag.py:539} INFO - Filling up the DagBag from /home/beau/airflow/py_env/lib/python3.10/site-packages/airflow/example_dags/example_nested_branch_dag.py
[2023-09-27T23:04:49.500-0400] {processor.py:839} INFO - DAG(s) dict_keys(['example_nested_branch_dag']) retrieved from /home/beau/airflow/py_env/lib/python3.10/site-packages/airflow/example_dags/example_nested_branch_dag.py
[2023-09-27T23:04:49.517-0400] {logging_mixin.py:151} INFO - [2023-09-27T23:04:49.517-0400] {dag.py:2915} INFO - Sync 1 DAGs
[2023-09-27T23:04:49.535-0400] {logging_mixin.py:151} INFO - [2023-09-27T23:04:49.535-0400] {dag.py:3696} INFO - Setting next_dagrun for example_nested_branch_dag to 2023-09-27T00:00:00+00:00, run_after=2023-09-28T00:00:00+00:00
[2023-09-27T23:04:49.563-0400] {processor.py:179} INFO - Processing /home/beau/airflow/py_env/lib/python3.10/site-packages/airflow/example_dags/example_nested_branch_dag.py took 0.081 seconds
[2023-09-27T23:05:43.955-0400] {processor.py:157} INFO - Started process (PID=23691) to work on /home/beau/airflow/py_env/lib/python3.10/site-packages/airflow/example_dags/example_nested_branch_dag.py
[2023-09-27T23:05:43.959-0400] {processor.py:829} INFO - Processing file /home/beau/airflow/py_env/lib/python3.10/site-packages/airflow/example_dags/example_nested_branch_dag.py for tasks to queue
[2023-09-27T23:05:43.962-0400] {logging_mixin.py:151} INFO - [2023-09-27T23:05:43.961-0400] {dagbag.py:539} INFO - Filling up the DagBag from /home/beau/airflow/py_env/lib/python3.10/site-packages/airflow/example_dags/example_nested_branch_dag.py
[2023-09-27T23:05:43.983-0400] {processor.py:839} INFO - DAG(s) dict_keys(['example_nested_branch_dag']) retrieved from /home/beau/airflow/py_env/lib/python3.10/site-packages/airflow/example_dags/example_nested_branch_dag.py
[2023-09-27T23:05:44.006-0400] {logging_mixin.py:151} INFO - [2023-09-27T23:05:44.006-0400] {dag.py:2915} INFO - Sync 1 DAGs
[2023-09-27T23:05:44.026-0400] {logging_mixin.py:151} INFO - [2023-09-27T23:05:44.026-0400] {dag.py:3696} INFO - Setting next_dagrun for example_nested_branch_dag to 2023-09-27T00:00:00+00:00, run_after=2023-09-28T00:00:00+00:00
[2023-09-27T23:05:44.053-0400] {processor.py:179} INFO - Processing /home/beau/airflow/py_env/lib/python3.10/site-packages/airflow/example_dags/example_nested_branch_dag.py took 0.106 seconds
[2023-09-27T23:06:44.988-0400] {processor.py:157} INFO - Started process (PID=23959) to work on /home/beau/airflow/py_env/lib/python3.10/site-packages/airflow/example_dags/example_nested_branch_dag.py
[2023-09-27T23:06:44.991-0400] {processor.py:829} INFO - Processing file /home/beau/airflow/py_env/lib/python3.10/site-packages/airflow/example_dags/example_nested_branch_dag.py for tasks to queue
[2023-09-27T23:06:44.992-0400] {logging_mixin.py:151} INFO - [2023-09-27T23:06:44.992-0400] {dagbag.py:539} INFO - Filling up the DagBag from /home/beau/airflow/py_env/lib/python3.10/site-packages/airflow/example_dags/example_nested_branch_dag.py
[2023-09-27T23:06:45.002-0400] {processor.py:839} INFO - DAG(s) dict_keys(['example_nested_branch_dag']) retrieved from /home/beau/airflow/py_env/lib/python3.10/site-packages/airflow/example_dags/example_nested_branch_dag.py
[2023-09-27T23:06:45.020-0400] {logging_mixin.py:151} INFO - [2023-09-27T23:06:45.020-0400] {dag.py:2915} INFO - Sync 1 DAGs
[2023-09-27T23:06:45.041-0400] {logging_mixin.py:151} INFO - [2023-09-27T23:06:45.041-0400] {dag.py:3696} INFO - Setting next_dagrun for example_nested_branch_dag to 2023-09-27T00:00:00+00:00, run_after=2023-09-28T00:00:00+00:00
[2023-09-27T23:06:45.063-0400] {processor.py:179} INFO - Processing /home/beau/airflow/py_env/lib/python3.10/site-packages/airflow/example_dags/example_nested_branch_dag.py took 0.080 seconds
[2023-09-27T23:07:45.031-0400] {processor.py:157} INFO - Started process (PID=24222) to work on /home/beau/airflow/py_env/lib/python3.10/site-packages/airflow/example_dags/example_nested_branch_dag.py
[2023-09-27T23:07:45.036-0400] {processor.py:829} INFO - Processing file /home/beau/airflow/py_env/lib/python3.10/site-packages/airflow/example_dags/example_nested_branch_dag.py for tasks to queue
[2023-09-27T23:07:45.038-0400] {logging_mixin.py:151} INFO - [2023-09-27T23:07:45.037-0400] {dagbag.py:539} INFO - Filling up the DagBag from /home/beau/airflow/py_env/lib/python3.10/site-packages/airflow/example_dags/example_nested_branch_dag.py
[2023-09-27T23:07:45.053-0400] {processor.py:839} INFO - DAG(s) dict_keys(['example_nested_branch_dag']) retrieved from /home/beau/airflow/py_env/lib/python3.10/site-packages/airflow/example_dags/example_nested_branch_dag.py
[2023-09-27T23:07:45.078-0400] {logging_mixin.py:151} INFO - [2023-09-27T23:07:45.078-0400] {dag.py:2915} INFO - Sync 1 DAGs
[2023-09-27T23:07:45.102-0400] {logging_mixin.py:151} INFO - [2023-09-27T23:07:45.102-0400] {dag.py:3696} INFO - Setting next_dagrun for example_nested_branch_dag to 2023-09-27T00:00:00+00:00, run_after=2023-09-28T00:00:00+00:00
[2023-09-27T23:07:45.133-0400] {processor.py:179} INFO - Processing /home/beau/airflow/py_env/lib/python3.10/site-packages/airflow/example_dags/example_nested_branch_dag.py took 0.105 seconds
[2023-09-27T23:08:47.541-0400] {processor.py:157} INFO - Started process (PID=24599) to work on /home/beau/airflow/py_env/lib/python3.10/site-packages/airflow/example_dags/example_nested_branch_dag.py
[2023-09-27T23:08:47.547-0400] {processor.py:829} INFO - Processing file /home/beau/airflow/py_env/lib/python3.10/site-packages/airflow/example_dags/example_nested_branch_dag.py for tasks to queue
[2023-09-27T23:08:47.550-0400] {logging_mixin.py:151} INFO - [2023-09-27T23:08:47.549-0400] {dagbag.py:539} INFO - Filling up the DagBag from /home/beau/airflow/py_env/lib/python3.10/site-packages/airflow/example_dags/example_nested_branch_dag.py
[2023-09-27T23:08:47.566-0400] {processor.py:839} INFO - DAG(s) dict_keys(['example_nested_branch_dag']) retrieved from /home/beau/airflow/py_env/lib/python3.10/site-packages/airflow/example_dags/example_nested_branch_dag.py
[2023-09-27T23:08:47.589-0400] {logging_mixin.py:151} INFO - [2023-09-27T23:08:47.589-0400] {dag.py:2915} INFO - Sync 1 DAGs
[2023-09-27T23:08:47.613-0400] {logging_mixin.py:151} INFO - [2023-09-27T23:08:47.612-0400] {dag.py:3696} INFO - Setting next_dagrun for example_nested_branch_dag to 2023-09-27T00:00:00+00:00, run_after=2023-09-28T00:00:00+00:00
[2023-09-27T23:08:47.642-0400] {processor.py:179} INFO - Processing /home/beau/airflow/py_env/lib/python3.10/site-packages/airflow/example_dags/example_nested_branch_dag.py took 0.112 seconds
[2023-09-27T23:09:43.222-0400] {processor.py:157} INFO - Started process (PID=24849) to work on /home/beau/airflow/py_env/lib/python3.10/site-packages/airflow/example_dags/example_nested_branch_dag.py
[2023-09-27T23:09:43.226-0400] {processor.py:829} INFO - Processing file /home/beau/airflow/py_env/lib/python3.10/site-packages/airflow/example_dags/example_nested_branch_dag.py for tasks to queue
[2023-09-27T23:09:43.228-0400] {logging_mixin.py:151} INFO - [2023-09-27T23:09:43.227-0400] {dagbag.py:539} INFO - Filling up the DagBag from /home/beau/airflow/py_env/lib/python3.10/site-packages/airflow/example_dags/example_nested_branch_dag.py
[2023-09-27T23:09:43.240-0400] {processor.py:839} INFO - DAG(s) dict_keys(['example_nested_branch_dag']) retrieved from /home/beau/airflow/py_env/lib/python3.10/site-packages/airflow/example_dags/example_nested_branch_dag.py
[2023-09-27T23:09:43.262-0400] {logging_mixin.py:151} INFO - [2023-09-27T23:09:43.261-0400] {dag.py:2915} INFO - Sync 1 DAGs
[2023-09-27T23:09:43.282-0400] {logging_mixin.py:151} INFO - [2023-09-27T23:09:43.282-0400] {dag.py:3696} INFO - Setting next_dagrun for example_nested_branch_dag to 2023-09-27T00:00:00+00:00, run_after=2023-09-28T00:00:00+00:00
[2023-09-27T23:09:43.308-0400] {processor.py:179} INFO - Processing /home/beau/airflow/py_env/lib/python3.10/site-packages/airflow/example_dags/example_nested_branch_dag.py took 0.092 seconds
[2023-09-27T23:10:41.588-0400] {processor.py:157} INFO - Started process (PID=25110) to work on /home/beau/airflow/py_env/lib/python3.10/site-packages/airflow/example_dags/example_nested_branch_dag.py
[2023-09-27T23:10:41.593-0400] {processor.py:829} INFO - Processing file /home/beau/airflow/py_env/lib/python3.10/site-packages/airflow/example_dags/example_nested_branch_dag.py for tasks to queue
[2023-09-27T23:10:41.594-0400] {logging_mixin.py:151} INFO - [2023-09-27T23:10:41.594-0400] {dagbag.py:539} INFO - Filling up the DagBag from /home/beau/airflow/py_env/lib/python3.10/site-packages/airflow/example_dags/example_nested_branch_dag.py
[2023-09-27T23:10:41.614-0400] {processor.py:839} INFO - DAG(s) dict_keys(['example_nested_branch_dag']) retrieved from /home/beau/airflow/py_env/lib/python3.10/site-packages/airflow/example_dags/example_nested_branch_dag.py
[2023-09-27T23:10:41.644-0400] {logging_mixin.py:151} INFO - [2023-09-27T23:10:41.644-0400] {dag.py:2915} INFO - Sync 1 DAGs
[2023-09-27T23:10:41.660-0400] {logging_mixin.py:151} INFO - [2023-09-27T23:10:41.660-0400] {dag.py:3696} INFO - Setting next_dagrun for example_nested_branch_dag to 2023-09-27T00:00:00+00:00, run_after=2023-09-28T00:00:00+00:00
[2023-09-27T23:10:41.685-0400] {processor.py:179} INFO - Processing /home/beau/airflow/py_env/lib/python3.10/site-packages/airflow/example_dags/example_nested_branch_dag.py took 0.102 seconds
[2023-09-27T23:11:39.816-0400] {processor.py:157} INFO - Started process (PID=25394) to work on /home/beau/airflow/py_env/lib/python3.10/site-packages/airflow/example_dags/example_nested_branch_dag.py
[2023-09-27T23:11:39.820-0400] {processor.py:829} INFO - Processing file /home/beau/airflow/py_env/lib/python3.10/site-packages/airflow/example_dags/example_nested_branch_dag.py for tasks to queue
[2023-09-27T23:11:39.821-0400] {logging_mixin.py:151} INFO - [2023-09-27T23:11:39.821-0400] {dagbag.py:539} INFO - Filling up the DagBag from /home/beau/airflow/py_env/lib/python3.10/site-packages/airflow/example_dags/example_nested_branch_dag.py
[2023-09-27T23:11:39.836-0400] {processor.py:839} INFO - DAG(s) dict_keys(['example_nested_branch_dag']) retrieved from /home/beau/airflow/py_env/lib/python3.10/site-packages/airflow/example_dags/example_nested_branch_dag.py
[2023-09-27T23:11:39.854-0400] {logging_mixin.py:151} INFO - [2023-09-27T23:11:39.854-0400] {dag.py:2915} INFO - Sync 1 DAGs
[2023-09-27T23:11:39.872-0400] {logging_mixin.py:151} INFO - [2023-09-27T23:11:39.872-0400] {dag.py:3696} INFO - Setting next_dagrun for example_nested_branch_dag to 2023-09-27T00:00:00+00:00, run_after=2023-09-28T00:00:00+00:00
[2023-09-27T23:11:39.894-0400] {processor.py:179} INFO - Processing /home/beau/airflow/py_env/lib/python3.10/site-packages/airflow/example_dags/example_nested_branch_dag.py took 0.083 seconds
[2023-09-27T23:12:37.174-0400] {processor.py:157} INFO - Started process (PID=25649) to work on /home/beau/airflow/py_env/lib/python3.10/site-packages/airflow/example_dags/example_nested_branch_dag.py
[2023-09-27T23:12:37.178-0400] {processor.py:829} INFO - Processing file /home/beau/airflow/py_env/lib/python3.10/site-packages/airflow/example_dags/example_nested_branch_dag.py for tasks to queue
[2023-09-27T23:12:37.179-0400] {logging_mixin.py:151} INFO - [2023-09-27T23:12:37.178-0400] {dagbag.py:539} INFO - Filling up the DagBag from /home/beau/airflow/py_env/lib/python3.10/site-packages/airflow/example_dags/example_nested_branch_dag.py
[2023-09-27T23:12:37.192-0400] {processor.py:839} INFO - DAG(s) dict_keys(['example_nested_branch_dag']) retrieved from /home/beau/airflow/py_env/lib/python3.10/site-packages/airflow/example_dags/example_nested_branch_dag.py
[2023-09-27T23:12:37.209-0400] {logging_mixin.py:151} INFO - [2023-09-27T23:12:37.208-0400] {dag.py:2915} INFO - Sync 1 DAGs
[2023-09-27T23:12:37.225-0400] {logging_mixin.py:151} INFO - [2023-09-27T23:12:37.225-0400] {dag.py:3696} INFO - Setting next_dagrun for example_nested_branch_dag to 2023-09-27T00:00:00+00:00, run_after=2023-09-28T00:00:00+00:00
[2023-09-27T23:12:37.248-0400] {processor.py:179} INFO - Processing /home/beau/airflow/py_env/lib/python3.10/site-packages/airflow/example_dags/example_nested_branch_dag.py took 0.079 seconds
[2023-09-27T23:13:30.812-0400] {processor.py:157} INFO - Started process (PID=25958) to work on /home/beau/airflow/py_env/lib/python3.10/site-packages/airflow/example_dags/example_nested_branch_dag.py
[2023-09-27T23:13:30.814-0400] {processor.py:829} INFO - Processing file /home/beau/airflow/py_env/lib/python3.10/site-packages/airflow/example_dags/example_nested_branch_dag.py for tasks to queue
[2023-09-27T23:13:30.815-0400] {logging_mixin.py:151} INFO - [2023-09-27T23:13:30.814-0400] {dagbag.py:539} INFO - Filling up the DagBag from /home/beau/airflow/py_env/lib/python3.10/site-packages/airflow/example_dags/example_nested_branch_dag.py
[2023-09-27T23:13:30.827-0400] {processor.py:839} INFO - DAG(s) dict_keys(['example_nested_branch_dag']) retrieved from /home/beau/airflow/py_env/lib/python3.10/site-packages/airflow/example_dags/example_nested_branch_dag.py
[2023-09-27T23:13:30.843-0400] {logging_mixin.py:151} INFO - [2023-09-27T23:13:30.843-0400] {dag.py:2915} INFO - Sync 1 DAGs
[2023-09-27T23:13:30.861-0400] {logging_mixin.py:151} INFO - [2023-09-27T23:13:30.861-0400] {dag.py:3696} INFO - Setting next_dagrun for example_nested_branch_dag to 2023-09-27T00:00:00+00:00, run_after=2023-09-28T00:00:00+00:00
[2023-09-27T23:13:30.888-0400] {processor.py:179} INFO - Processing /home/beau/airflow/py_env/lib/python3.10/site-packages/airflow/example_dags/example_nested_branch_dag.py took 0.081 seconds
[2023-09-27T23:14:23.574-0400] {processor.py:157} INFO - Started process (PID=26197) to work on /home/beau/airflow/py_env/lib/python3.10/site-packages/airflow/example_dags/example_nested_branch_dag.py
[2023-09-27T23:14:23.578-0400] {processor.py:829} INFO - Processing file /home/beau/airflow/py_env/lib/python3.10/site-packages/airflow/example_dags/example_nested_branch_dag.py for tasks to queue
[2023-09-27T23:14:23.581-0400] {logging_mixin.py:151} INFO - [2023-09-27T23:14:23.580-0400] {dagbag.py:539} INFO - Filling up the DagBag from /home/beau/airflow/py_env/lib/python3.10/site-packages/airflow/example_dags/example_nested_branch_dag.py
[2023-09-27T23:14:23.597-0400] {processor.py:839} INFO - DAG(s) dict_keys(['example_nested_branch_dag']) retrieved from /home/beau/airflow/py_env/lib/python3.10/site-packages/airflow/example_dags/example_nested_branch_dag.py
[2023-09-27T23:14:23.614-0400] {logging_mixin.py:151} INFO - [2023-09-27T23:14:23.614-0400] {dag.py:2915} INFO - Sync 1 DAGs
[2023-09-27T23:14:23.631-0400] {logging_mixin.py:151} INFO - [2023-09-27T23:14:23.631-0400] {dag.py:3696} INFO - Setting next_dagrun for example_nested_branch_dag to 2023-09-27T00:00:00+00:00, run_after=2023-09-28T00:00:00+00:00
[2023-09-27T23:14:23.658-0400] {processor.py:179} INFO - Processing /home/beau/airflow/py_env/lib/python3.10/site-packages/airflow/example_dags/example_nested_branch_dag.py took 0.089 seconds
[2023-09-27T23:15:17.557-0400] {processor.py:157} INFO - Started process (PID=26445) to work on /home/beau/airflow/py_env/lib/python3.10/site-packages/airflow/example_dags/example_nested_branch_dag.py
[2023-09-27T23:15:17.561-0400] {processor.py:829} INFO - Processing file /home/beau/airflow/py_env/lib/python3.10/site-packages/airflow/example_dags/example_nested_branch_dag.py for tasks to queue
[2023-09-27T23:15:17.564-0400] {logging_mixin.py:151} INFO - [2023-09-27T23:15:17.563-0400] {dagbag.py:539} INFO - Filling up the DagBag from /home/beau/airflow/py_env/lib/python3.10/site-packages/airflow/example_dags/example_nested_branch_dag.py
[2023-09-27T23:15:17.574-0400] {processor.py:839} INFO - DAG(s) dict_keys(['example_nested_branch_dag']) retrieved from /home/beau/airflow/py_env/lib/python3.10/site-packages/airflow/example_dags/example_nested_branch_dag.py
[2023-09-27T23:15:17.593-0400] {logging_mixin.py:151} INFO - [2023-09-27T23:15:17.593-0400] {dag.py:2915} INFO - Sync 1 DAGs
[2023-09-27T23:15:17.619-0400] {logging_mixin.py:151} INFO - [2023-09-27T23:15:17.619-0400] {dag.py:3696} INFO - Setting next_dagrun for example_nested_branch_dag to 2023-09-27T00:00:00+00:00, run_after=2023-09-28T00:00:00+00:00
[2023-09-27T23:15:17.644-0400] {processor.py:179} INFO - Processing /home/beau/airflow/py_env/lib/python3.10/site-packages/airflow/example_dags/example_nested_branch_dag.py took 0.090 seconds
[2023-09-27T23:16:15.286-0400] {processor.py:157} INFO - Started process (PID=26706) to work on /home/beau/airflow/py_env/lib/python3.10/site-packages/airflow/example_dags/example_nested_branch_dag.py
[2023-09-27T23:16:15.290-0400] {processor.py:829} INFO - Processing file /home/beau/airflow/py_env/lib/python3.10/site-packages/airflow/example_dags/example_nested_branch_dag.py for tasks to queue
[2023-09-27T23:16:15.292-0400] {logging_mixin.py:151} INFO - [2023-09-27T23:16:15.291-0400] {dagbag.py:539} INFO - Filling up the DagBag from /home/beau/airflow/py_env/lib/python3.10/site-packages/airflow/example_dags/example_nested_branch_dag.py
[2023-09-27T23:16:15.304-0400] {processor.py:839} INFO - DAG(s) dict_keys(['example_nested_branch_dag']) retrieved from /home/beau/airflow/py_env/lib/python3.10/site-packages/airflow/example_dags/example_nested_branch_dag.py
[2023-09-27T23:16:15.326-0400] {logging_mixin.py:151} INFO - [2023-09-27T23:16:15.325-0400] {dag.py:2915} INFO - Sync 1 DAGs
[2023-09-27T23:16:15.344-0400] {logging_mixin.py:151} INFO - [2023-09-27T23:16:15.344-0400] {dag.py:3696} INFO - Setting next_dagrun for example_nested_branch_dag to 2023-09-27T00:00:00+00:00, run_after=2023-09-28T00:00:00+00:00
[2023-09-27T23:16:15.371-0400] {processor.py:179} INFO - Processing /home/beau/airflow/py_env/lib/python3.10/site-packages/airflow/example_dags/example_nested_branch_dag.py took 0.092 seconds
[2023-09-27T23:17:10.251-0400] {processor.py:157} INFO - Started process (PID=26979) to work on /home/beau/airflow/py_env/lib/python3.10/site-packages/airflow/example_dags/example_nested_branch_dag.py
[2023-09-27T23:17:10.256-0400] {processor.py:829} INFO - Processing file /home/beau/airflow/py_env/lib/python3.10/site-packages/airflow/example_dags/example_nested_branch_dag.py for tasks to queue
[2023-09-27T23:17:10.258-0400] {logging_mixin.py:151} INFO - [2023-09-27T23:17:10.257-0400] {dagbag.py:539} INFO - Filling up the DagBag from /home/beau/airflow/py_env/lib/python3.10/site-packages/airflow/example_dags/example_nested_branch_dag.py
[2023-09-27T23:17:10.275-0400] {processor.py:839} INFO - DAG(s) dict_keys(['example_nested_branch_dag']) retrieved from /home/beau/airflow/py_env/lib/python3.10/site-packages/airflow/example_dags/example_nested_branch_dag.py
[2023-09-27T23:17:10.292-0400] {logging_mixin.py:151} INFO - [2023-09-27T23:17:10.292-0400] {dag.py:2915} INFO - Sync 1 DAGs
[2023-09-27T23:17:10.310-0400] {logging_mixin.py:151} INFO - [2023-09-27T23:17:10.310-0400] {dag.py:3696} INFO - Setting next_dagrun for example_nested_branch_dag to 2023-09-27T00:00:00+00:00, run_after=2023-09-28T00:00:00+00:00
[2023-09-27T23:17:10.339-0400] {processor.py:179} INFO - Processing /home/beau/airflow/py_env/lib/python3.10/site-packages/airflow/example_dags/example_nested_branch_dag.py took 0.096 seconds
[2023-09-27T23:18:06.051-0400] {processor.py:157} INFO - Started process (PID=27295) to work on /home/beau/airflow/py_env/lib/python3.10/site-packages/airflow/example_dags/example_nested_branch_dag.py
[2023-09-27T23:18:06.056-0400] {processor.py:829} INFO - Processing file /home/beau/airflow/py_env/lib/python3.10/site-packages/airflow/example_dags/example_nested_branch_dag.py for tasks to queue
[2023-09-27T23:18:06.057-0400] {logging_mixin.py:151} INFO - [2023-09-27T23:18:06.057-0400] {dagbag.py:539} INFO - Filling up the DagBag from /home/beau/airflow/py_env/lib/python3.10/site-packages/airflow/example_dags/example_nested_branch_dag.py
[2023-09-27T23:18:06.072-0400] {processor.py:839} INFO - DAG(s) dict_keys(['example_nested_branch_dag']) retrieved from /home/beau/airflow/py_env/lib/python3.10/site-packages/airflow/example_dags/example_nested_branch_dag.py
[2023-09-27T23:18:06.089-0400] {logging_mixin.py:151} INFO - [2023-09-27T23:18:06.088-0400] {dag.py:2915} INFO - Sync 1 DAGs
[2023-09-27T23:18:06.105-0400] {logging_mixin.py:151} INFO - [2023-09-27T23:18:06.105-0400] {dag.py:3696} INFO - Setting next_dagrun for example_nested_branch_dag to 2023-09-27T00:00:00+00:00, run_after=2023-09-28T00:00:00+00:00
[2023-09-27T23:18:06.127-0400] {processor.py:179} INFO - Processing /home/beau/airflow/py_env/lib/python3.10/site-packages/airflow/example_dags/example_nested_branch_dag.py took 0.086 seconds
[2023-09-27T23:18:57.792-0400] {processor.py:157} INFO - Started process (PID=27704) to work on /home/beau/airflow/py_env/lib/python3.10/site-packages/airflow/example_dags/example_nested_branch_dag.py
[2023-09-27T23:18:57.796-0400] {processor.py:829} INFO - Processing file /home/beau/airflow/py_env/lib/python3.10/site-packages/airflow/example_dags/example_nested_branch_dag.py for tasks to queue
[2023-09-27T23:18:57.798-0400] {logging_mixin.py:151} INFO - [2023-09-27T23:18:57.798-0400] {dagbag.py:539} INFO - Filling up the DagBag from /home/beau/airflow/py_env/lib/python3.10/site-packages/airflow/example_dags/example_nested_branch_dag.py
[2023-09-27T23:18:57.815-0400] {processor.py:839} INFO - DAG(s) dict_keys(['example_nested_branch_dag']) retrieved from /home/beau/airflow/py_env/lib/python3.10/site-packages/airflow/example_dags/example_nested_branch_dag.py
[2023-09-27T23:18:57.834-0400] {logging_mixin.py:151} INFO - [2023-09-27T23:18:57.833-0400] {dag.py:2915} INFO - Sync 1 DAGs
[2023-09-27T23:18:57.856-0400] {logging_mixin.py:151} INFO - [2023-09-27T23:18:57.856-0400] {dag.py:3696} INFO - Setting next_dagrun for example_nested_branch_dag to 2023-09-27T00:00:00+00:00, run_after=2023-09-28T00:00:00+00:00
[2023-09-27T23:18:57.885-0400] {processor.py:179} INFO - Processing /home/beau/airflow/py_env/lib/python3.10/site-packages/airflow/example_dags/example_nested_branch_dag.py took 0.101 seconds
[2023-09-27T23:19:53.694-0400] {processor.py:157} INFO - Started process (PID=28290) to work on /home/beau/airflow/py_env/lib/python3.10/site-packages/airflow/example_dags/example_nested_branch_dag.py
[2023-09-27T23:19:53.698-0400] {processor.py:829} INFO - Processing file /home/beau/airflow/py_env/lib/python3.10/site-packages/airflow/example_dags/example_nested_branch_dag.py for tasks to queue
[2023-09-27T23:19:53.700-0400] {logging_mixin.py:151} INFO - [2023-09-27T23:19:53.699-0400] {dagbag.py:539} INFO - Filling up the DagBag from /home/beau/airflow/py_env/lib/python3.10/site-packages/airflow/example_dags/example_nested_branch_dag.py
[2023-09-27T23:19:53.715-0400] {processor.py:839} INFO - DAG(s) dict_keys(['example_nested_branch_dag']) retrieved from /home/beau/airflow/py_env/lib/python3.10/site-packages/airflow/example_dags/example_nested_branch_dag.py
[2023-09-27T23:19:53.729-0400] {logging_mixin.py:151} INFO - [2023-09-27T23:19:53.729-0400] {dag.py:2915} INFO - Sync 1 DAGs
[2023-09-27T23:19:53.745-0400] {logging_mixin.py:151} INFO - [2023-09-27T23:19:53.745-0400] {dag.py:3696} INFO - Setting next_dagrun for example_nested_branch_dag to 2023-09-27T00:00:00+00:00, run_after=2023-09-28T00:00:00+00:00
[2023-09-27T23:19:53.768-0400] {processor.py:179} INFO - Processing /home/beau/airflow/py_env/lib/python3.10/site-packages/airflow/example_dags/example_nested_branch_dag.py took 0.080 seconds
[2023-09-27T23:20:49.857-0400] {processor.py:157} INFO - Started process (PID=28872) to work on /home/beau/airflow/py_env/lib/python3.10/site-packages/airflow/example_dags/example_nested_branch_dag.py
[2023-09-27T23:20:49.859-0400] {processor.py:829} INFO - Processing file /home/beau/airflow/py_env/lib/python3.10/site-packages/airflow/example_dags/example_nested_branch_dag.py for tasks to queue
[2023-09-27T23:20:49.861-0400] {logging_mixin.py:151} INFO - [2023-09-27T23:20:49.860-0400] {dagbag.py:539} INFO - Filling up the DagBag from /home/beau/airflow/py_env/lib/python3.10/site-packages/airflow/example_dags/example_nested_branch_dag.py
[2023-09-27T23:20:49.870-0400] {processor.py:839} INFO - DAG(s) dict_keys(['example_nested_branch_dag']) retrieved from /home/beau/airflow/py_env/lib/python3.10/site-packages/airflow/example_dags/example_nested_branch_dag.py
[2023-09-27T23:20:49.886-0400] {logging_mixin.py:151} INFO - [2023-09-27T23:20:49.885-0400] {dag.py:2915} INFO - Sync 1 DAGs
[2023-09-27T23:20:49.908-0400] {logging_mixin.py:151} INFO - [2023-09-27T23:20:49.908-0400] {dag.py:3696} INFO - Setting next_dagrun for example_nested_branch_dag to 2023-09-27T00:00:00+00:00, run_after=2023-09-28T00:00:00+00:00
[2023-09-27T23:20:49.934-0400] {processor.py:179} INFO - Processing /home/beau/airflow/py_env/lib/python3.10/site-packages/airflow/example_dags/example_nested_branch_dag.py took 0.082 seconds
[2023-09-27T23:21:46.833-0400] {processor.py:157} INFO - Started process (PID=29320) to work on /home/beau/airflow/py_env/lib/python3.10/site-packages/airflow/example_dags/example_nested_branch_dag.py
[2023-09-27T23:21:46.838-0400] {processor.py:829} INFO - Processing file /home/beau/airflow/py_env/lib/python3.10/site-packages/airflow/example_dags/example_nested_branch_dag.py for tasks to queue
[2023-09-27T23:21:46.839-0400] {logging_mixin.py:151} INFO - [2023-09-27T23:21:46.839-0400] {dagbag.py:539} INFO - Filling up the DagBag from /home/beau/airflow/py_env/lib/python3.10/site-packages/airflow/example_dags/example_nested_branch_dag.py
[2023-09-27T23:21:46.856-0400] {processor.py:839} INFO - DAG(s) dict_keys(['example_nested_branch_dag']) retrieved from /home/beau/airflow/py_env/lib/python3.10/site-packages/airflow/example_dags/example_nested_branch_dag.py
[2023-09-27T23:21:46.877-0400] {logging_mixin.py:151} INFO - [2023-09-27T23:21:46.877-0400] {dag.py:2915} INFO - Sync 1 DAGs
[2023-09-27T23:21:46.903-0400] {logging_mixin.py:151} INFO - [2023-09-27T23:21:46.903-0400] {dag.py:3696} INFO - Setting next_dagrun for example_nested_branch_dag to 2023-09-27T00:00:00+00:00, run_after=2023-09-28T00:00:00+00:00
[2023-09-27T23:21:46.933-0400] {processor.py:179} INFO - Processing /home/beau/airflow/py_env/lib/python3.10/site-packages/airflow/example_dags/example_nested_branch_dag.py took 0.106 seconds
[2023-09-27T23:22:46.580-0400] {processor.py:157} INFO - Started process (PID=29590) to work on /home/beau/airflow/py_env/lib/python3.10/site-packages/airflow/example_dags/example_nested_branch_dag.py
[2023-09-27T23:22:46.585-0400] {processor.py:829} INFO - Processing file /home/beau/airflow/py_env/lib/python3.10/site-packages/airflow/example_dags/example_nested_branch_dag.py for tasks to queue
[2023-09-27T23:22:46.586-0400] {logging_mixin.py:151} INFO - [2023-09-27T23:22:46.586-0400] {dagbag.py:539} INFO - Filling up the DagBag from /home/beau/airflow/py_env/lib/python3.10/site-packages/airflow/example_dags/example_nested_branch_dag.py
[2023-09-27T23:22:46.596-0400] {processor.py:839} INFO - DAG(s) dict_keys(['example_nested_branch_dag']) retrieved from /home/beau/airflow/py_env/lib/python3.10/site-packages/airflow/example_dags/example_nested_branch_dag.py
[2023-09-27T23:22:46.611-0400] {logging_mixin.py:151} INFO - [2023-09-27T23:22:46.611-0400] {dag.py:2915} INFO - Sync 1 DAGs
[2023-09-27T23:22:46.627-0400] {logging_mixin.py:151} INFO - [2023-09-27T23:22:46.627-0400] {dag.py:3696} INFO - Setting next_dagrun for example_nested_branch_dag to 2023-09-27T00:00:00+00:00, run_after=2023-09-28T00:00:00+00:00
[2023-09-27T23:22:46.650-0400] {processor.py:179} INFO - Processing /home/beau/airflow/py_env/lib/python3.10/site-packages/airflow/example_dags/example_nested_branch_dag.py took 0.078 seconds
[2023-09-27T23:23:44.136-0400] {processor.py:157} INFO - Started process (PID=30202) to work on /home/beau/airflow/py_env/lib/python3.10/site-packages/airflow/example_dags/example_nested_branch_dag.py
[2023-09-27T23:23:44.141-0400] {processor.py:829} INFO - Processing file /home/beau/airflow/py_env/lib/python3.10/site-packages/airflow/example_dags/example_nested_branch_dag.py for tasks to queue
[2023-09-27T23:23:44.142-0400] {logging_mixin.py:151} INFO - [2023-09-27T23:23:44.141-0400] {dagbag.py:539} INFO - Filling up the DagBag from /home/beau/airflow/py_env/lib/python3.10/site-packages/airflow/example_dags/example_nested_branch_dag.py
[2023-09-27T23:23:44.153-0400] {processor.py:839} INFO - DAG(s) dict_keys(['example_nested_branch_dag']) retrieved from /home/beau/airflow/py_env/lib/python3.10/site-packages/airflow/example_dags/example_nested_branch_dag.py
[2023-09-27T23:23:44.170-0400] {logging_mixin.py:151} INFO - [2023-09-27T23:23:44.170-0400] {dag.py:2915} INFO - Sync 1 DAGs
[2023-09-27T23:23:44.188-0400] {logging_mixin.py:151} INFO - [2023-09-27T23:23:44.188-0400] {dag.py:3696} INFO - Setting next_dagrun for example_nested_branch_dag to 2023-09-27T00:00:00+00:00, run_after=2023-09-28T00:00:00+00:00
[2023-09-27T23:23:44.210-0400] {processor.py:179} INFO - Processing /home/beau/airflow/py_env/lib/python3.10/site-packages/airflow/example_dags/example_nested_branch_dag.py took 0.081 seconds
