[2023-09-27T22:33:12.955-0400] {processor.py:157} INFO - Started process (PID=8334) to work on /home/beau/airflow/py_env/lib/python3.10/site-packages/airflow/example_dags/example_trigger_target_dag.py
[2023-09-27T22:33:12.959-0400] {processor.py:829} INFO - Processing file /home/beau/airflow/py_env/lib/python3.10/site-packages/airflow/example_dags/example_trigger_target_dag.py for tasks to queue
[2023-09-27T22:33:12.961-0400] {logging_mixin.py:151} INFO - [2023-09-27T22:33:12.960-0400] {dagbag.py:539} INFO - Filling up the DagBag from /home/beau/airflow/py_env/lib/python3.10/site-packages/airflow/example_dags/example_trigger_target_dag.py
[2023-09-27T22:33:12.971-0400] {processor.py:839} INFO - DAG(s) dict_keys(['example_trigger_target_dag']) retrieved from /home/beau/airflow/py_env/lib/python3.10/site-packages/airflow/example_dags/example_trigger_target_dag.py
[2023-09-27T22:33:12.994-0400] {logging_mixin.py:151} INFO - [2023-09-27T22:33:12.994-0400] {dag.py:2915} INFO - Sync 1 DAGs
[2023-09-27T22:33:13.004-0400] {logging_mixin.py:151} INFO - [2023-09-27T22:33:13.004-0400] {dag.py:3696} INFO - Setting next_dagrun for example_trigger_target_dag to None, run_after=None
[2023-09-27T22:33:13.031-0400] {processor.py:179} INFO - Processing /home/beau/airflow/py_env/lib/python3.10/site-packages/airflow/example_dags/example_trigger_target_dag.py took 0.086 seconds
[2023-09-27T22:34:00.164-0400] {processor.py:157} INFO - Started process (PID=8932) to work on /home/beau/airflow/py_env/lib/python3.10/site-packages/airflow/example_dags/example_trigger_target_dag.py
[2023-09-27T22:34:00.169-0400] {processor.py:829} INFO - Processing file /home/beau/airflow/py_env/lib/python3.10/site-packages/airflow/example_dags/example_trigger_target_dag.py for tasks to queue
[2023-09-27T22:34:00.171-0400] {logging_mixin.py:151} INFO - [2023-09-27T22:34:00.170-0400] {dagbag.py:539} INFO - Filling up the DagBag from /home/beau/airflow/py_env/lib/python3.10/site-packages/airflow/example_dags/example_trigger_target_dag.py
[2023-09-27T22:34:00.182-0400] {processor.py:839} INFO - DAG(s) dict_keys(['example_trigger_target_dag']) retrieved from /home/beau/airflow/py_env/lib/python3.10/site-packages/airflow/example_dags/example_trigger_target_dag.py
[2023-09-27T22:34:00.200-0400] {logging_mixin.py:151} INFO - [2023-09-27T22:34:00.200-0400] {dag.py:2915} INFO - Sync 1 DAGs
[2023-09-27T22:34:00.213-0400] {logging_mixin.py:151} INFO - [2023-09-27T22:34:00.212-0400] {dag.py:3696} INFO - Setting next_dagrun for example_trigger_target_dag to None, run_after=None
[2023-09-27T22:34:00.238-0400] {processor.py:179} INFO - Processing /home/beau/airflow/py_env/lib/python3.10/site-packages/airflow/example_dags/example_trigger_target_dag.py took 0.081 seconds
[2023-09-27T22:34:49.278-0400] {processor.py:157} INFO - Started process (PID=9168) to work on /home/beau/airflow/py_env/lib/python3.10/site-packages/airflow/example_dags/example_trigger_target_dag.py
[2023-09-27T22:34:49.282-0400] {processor.py:829} INFO - Processing file /home/beau/airflow/py_env/lib/python3.10/site-packages/airflow/example_dags/example_trigger_target_dag.py for tasks to queue
[2023-09-27T22:34:49.283-0400] {logging_mixin.py:151} INFO - [2023-09-27T22:34:49.283-0400] {dagbag.py:539} INFO - Filling up the DagBag from /home/beau/airflow/py_env/lib/python3.10/site-packages/airflow/example_dags/example_trigger_target_dag.py
[2023-09-27T22:34:49.292-0400] {processor.py:839} INFO - DAG(s) dict_keys(['example_trigger_target_dag']) retrieved from /home/beau/airflow/py_env/lib/python3.10/site-packages/airflow/example_dags/example_trigger_target_dag.py
[2023-09-27T22:34:49.312-0400] {logging_mixin.py:151} INFO - [2023-09-27T22:34:49.312-0400] {dag.py:2915} INFO - Sync 1 DAGs
[2023-09-27T22:34:49.325-0400] {logging_mixin.py:151} INFO - [2023-09-27T22:34:49.325-0400] {dag.py:3696} INFO - Setting next_dagrun for example_trigger_target_dag to None, run_after=None
[2023-09-27T22:34:49.351-0400] {processor.py:179} INFO - Processing /home/beau/airflow/py_env/lib/python3.10/site-packages/airflow/example_dags/example_trigger_target_dag.py took 0.077 seconds
[2023-09-27T22:35:37.392-0400] {processor.py:157} INFO - Started process (PID=9673) to work on /home/beau/airflow/py_env/lib/python3.10/site-packages/airflow/example_dags/example_trigger_target_dag.py
[2023-09-27T22:35:37.397-0400] {processor.py:829} INFO - Processing file /home/beau/airflow/py_env/lib/python3.10/site-packages/airflow/example_dags/example_trigger_target_dag.py for tasks to queue
[2023-09-27T22:35:37.399-0400] {logging_mixin.py:151} INFO - [2023-09-27T22:35:37.398-0400] {dagbag.py:539} INFO - Filling up the DagBag from /home/beau/airflow/py_env/lib/python3.10/site-packages/airflow/example_dags/example_trigger_target_dag.py
[2023-09-27T22:35:37.415-0400] {processor.py:839} INFO - DAG(s) dict_keys(['example_trigger_target_dag']) retrieved from /home/beau/airflow/py_env/lib/python3.10/site-packages/airflow/example_dags/example_trigger_target_dag.py
[2023-09-27T22:35:37.438-0400] {logging_mixin.py:151} INFO - [2023-09-27T22:35:37.438-0400] {dag.py:2915} INFO - Sync 1 DAGs
[2023-09-27T22:35:37.577-0400] {logging_mixin.py:151} INFO - [2023-09-27T22:35:37.577-0400] {dag.py:3696} INFO - Setting next_dagrun for example_trigger_target_dag to None, run_after=None
[2023-09-27T22:35:37.601-0400] {processor.py:179} INFO - Processing /home/beau/airflow/py_env/lib/python3.10/site-packages/airflow/example_dags/example_trigger_target_dag.py took 0.218 seconds
[2023-09-27T22:36:30.201-0400] {processor.py:157} INFO - Started process (PID=10411) to work on /home/beau/airflow/py_env/lib/python3.10/site-packages/airflow/example_dags/example_trigger_target_dag.py
[2023-09-27T22:36:30.206-0400] {processor.py:829} INFO - Processing file /home/beau/airflow/py_env/lib/python3.10/site-packages/airflow/example_dags/example_trigger_target_dag.py for tasks to queue
[2023-09-27T22:36:30.207-0400] {logging_mixin.py:151} INFO - [2023-09-27T22:36:30.207-0400] {dagbag.py:539} INFO - Filling up the DagBag from /home/beau/airflow/py_env/lib/python3.10/site-packages/airflow/example_dags/example_trigger_target_dag.py
[2023-09-27T22:36:30.215-0400] {processor.py:839} INFO - DAG(s) dict_keys(['example_trigger_target_dag']) retrieved from /home/beau/airflow/py_env/lib/python3.10/site-packages/airflow/example_dags/example_trigger_target_dag.py
[2023-09-27T22:36:30.234-0400] {logging_mixin.py:151} INFO - [2023-09-27T22:36:30.234-0400] {dag.py:2915} INFO - Sync 1 DAGs
[2023-09-27T22:36:30.249-0400] {logging_mixin.py:151} INFO - [2023-09-27T22:36:30.248-0400] {dag.py:3696} INFO - Setting next_dagrun for example_trigger_target_dag to None, run_after=None
[2023-09-27T22:36:30.284-0400] {processor.py:179} INFO - Processing /home/beau/airflow/py_env/lib/python3.10/site-packages/airflow/example_dags/example_trigger_target_dag.py took 0.086 seconds
[2023-09-27T22:37:16.330-0400] {processor.py:157} INFO - Started process (PID=10727) to work on /home/beau/airflow/py_env/lib/python3.10/site-packages/airflow/example_dags/example_trigger_target_dag.py
[2023-09-27T22:37:16.333-0400] {processor.py:829} INFO - Processing file /home/beau/airflow/py_env/lib/python3.10/site-packages/airflow/example_dags/example_trigger_target_dag.py for tasks to queue
[2023-09-27T22:37:16.334-0400] {logging_mixin.py:151} INFO - [2023-09-27T22:37:16.334-0400] {dagbag.py:539} INFO - Filling up the DagBag from /home/beau/airflow/py_env/lib/python3.10/site-packages/airflow/example_dags/example_trigger_target_dag.py
[2023-09-27T22:37:16.341-0400] {processor.py:839} INFO - DAG(s) dict_keys(['example_trigger_target_dag']) retrieved from /home/beau/airflow/py_env/lib/python3.10/site-packages/airflow/example_dags/example_trigger_target_dag.py
[2023-09-27T22:37:16.356-0400] {logging_mixin.py:151} INFO - [2023-09-27T22:37:16.356-0400] {dag.py:2915} INFO - Sync 1 DAGs
[2023-09-27T22:37:16.367-0400] {logging_mixin.py:151} INFO - [2023-09-27T22:37:16.367-0400] {dag.py:3696} INFO - Setting next_dagrun for example_trigger_target_dag to None, run_after=None
[2023-09-27T22:37:16.394-0400] {processor.py:179} INFO - Processing /home/beau/airflow/py_env/lib/python3.10/site-packages/airflow/example_dags/example_trigger_target_dag.py took 0.067 seconds
[2023-09-27T22:38:11.782-0400] {processor.py:157} INFO - Started process (PID=11247) to work on /home/beau/airflow/py_env/lib/python3.10/site-packages/airflow/example_dags/example_trigger_target_dag.py
[2023-09-27T22:38:11.786-0400] {processor.py:829} INFO - Processing file /home/beau/airflow/py_env/lib/python3.10/site-packages/airflow/example_dags/example_trigger_target_dag.py for tasks to queue
[2023-09-27T22:38:11.788-0400] {logging_mixin.py:151} INFO - [2023-09-27T22:38:11.787-0400] {dagbag.py:539} INFO - Filling up the DagBag from /home/beau/airflow/py_env/lib/python3.10/site-packages/airflow/example_dags/example_trigger_target_dag.py
[2023-09-27T22:38:11.795-0400] {processor.py:839} INFO - DAG(s) dict_keys(['example_trigger_target_dag']) retrieved from /home/beau/airflow/py_env/lib/python3.10/site-packages/airflow/example_dags/example_trigger_target_dag.py
[2023-09-27T22:38:11.813-0400] {logging_mixin.py:151} INFO - [2023-09-27T22:38:11.813-0400] {dag.py:2915} INFO - Sync 1 DAGs
[2023-09-27T22:38:11.826-0400] {logging_mixin.py:151} INFO - [2023-09-27T22:38:11.826-0400] {dag.py:3696} INFO - Setting next_dagrun for example_trigger_target_dag to None, run_after=None
[2023-09-27T22:38:11.854-0400] {processor.py:179} INFO - Processing /home/beau/airflow/py_env/lib/python3.10/site-packages/airflow/example_dags/example_trigger_target_dag.py took 0.075 seconds
[2023-09-27T22:39:06.525-0400] {processor.py:157} INFO - Started process (PID=11754) to work on /home/beau/airflow/py_env/lib/python3.10/site-packages/airflow/example_dags/example_trigger_target_dag.py
[2023-09-27T22:39:06.530-0400] {processor.py:829} INFO - Processing file /home/beau/airflow/py_env/lib/python3.10/site-packages/airflow/example_dags/example_trigger_target_dag.py for tasks to queue
[2023-09-27T22:39:06.531-0400] {logging_mixin.py:151} INFO - [2023-09-27T22:39:06.530-0400] {dagbag.py:539} INFO - Filling up the DagBag from /home/beau/airflow/py_env/lib/python3.10/site-packages/airflow/example_dags/example_trigger_target_dag.py
[2023-09-27T22:39:06.537-0400] {processor.py:839} INFO - DAG(s) dict_keys(['example_trigger_target_dag']) retrieved from /home/beau/airflow/py_env/lib/python3.10/site-packages/airflow/example_dags/example_trigger_target_dag.py
[2023-09-27T22:39:06.553-0400] {logging_mixin.py:151} INFO - [2023-09-27T22:39:06.552-0400] {dag.py:2915} INFO - Sync 1 DAGs
[2023-09-27T22:39:06.562-0400] {logging_mixin.py:151} INFO - [2023-09-27T22:39:06.562-0400] {dag.py:3696} INFO - Setting next_dagrun for example_trigger_target_dag to None, run_after=None
[2023-09-27T22:39:06.591-0400] {processor.py:179} INFO - Processing /home/beau/airflow/py_env/lib/python3.10/site-packages/airflow/example_dags/example_trigger_target_dag.py took 0.069 seconds
[2023-09-27T22:40:03.462-0400] {processor.py:157} INFO - Started process (PID=12057) to work on /home/beau/airflow/py_env/lib/python3.10/site-packages/airflow/example_dags/example_trigger_target_dag.py
[2023-09-27T22:40:03.467-0400] {processor.py:829} INFO - Processing file /home/beau/airflow/py_env/lib/python3.10/site-packages/airflow/example_dags/example_trigger_target_dag.py for tasks to queue
[2023-09-27T22:40:03.468-0400] {logging_mixin.py:151} INFO - [2023-09-27T22:40:03.467-0400] {dagbag.py:539} INFO - Filling up the DagBag from /home/beau/airflow/py_env/lib/python3.10/site-packages/airflow/example_dags/example_trigger_target_dag.py
[2023-09-27T22:40:03.474-0400] {processor.py:839} INFO - DAG(s) dict_keys(['example_trigger_target_dag']) retrieved from /home/beau/airflow/py_env/lib/python3.10/site-packages/airflow/example_dags/example_trigger_target_dag.py
[2023-09-27T22:40:03.492-0400] {logging_mixin.py:151} INFO - [2023-09-27T22:40:03.492-0400] {dag.py:2915} INFO - Sync 1 DAGs
[2023-09-27T22:40:03.505-0400] {logging_mixin.py:151} INFO - [2023-09-27T22:40:03.504-0400] {dag.py:3696} INFO - Setting next_dagrun for example_trigger_target_dag to None, run_after=None
[2023-09-27T22:40:03.529-0400] {processor.py:179} INFO - Processing /home/beau/airflow/py_env/lib/python3.10/site-packages/airflow/example_dags/example_trigger_target_dag.py took 0.070 seconds
[2023-09-27T22:40:45.012-0400] {processor.py:157} INFO - Started process (PID=12200) to work on /home/beau/airflow/py_env/lib/python3.10/site-packages/airflow/example_dags/example_trigger_target_dag.py
[2023-09-27T22:40:45.015-0400] {processor.py:829} INFO - Processing file /home/beau/airflow/py_env/lib/python3.10/site-packages/airflow/example_dags/example_trigger_target_dag.py for tasks to queue
[2023-09-27T22:40:45.017-0400] {logging_mixin.py:151} INFO - [2023-09-27T22:40:45.017-0400] {dagbag.py:539} INFO - Filling up the DagBag from /home/beau/airflow/py_env/lib/python3.10/site-packages/airflow/example_dags/example_trigger_target_dag.py
[2023-09-27T22:40:45.025-0400] {processor.py:839} INFO - DAG(s) dict_keys(['example_trigger_target_dag']) retrieved from /home/beau/airflow/py_env/lib/python3.10/site-packages/airflow/example_dags/example_trigger_target_dag.py
[2023-09-27T22:40:45.045-0400] {logging_mixin.py:151} INFO - [2023-09-27T22:40:45.045-0400] {dag.py:2915} INFO - Sync 1 DAGs
[2023-09-27T22:40:45.059-0400] {logging_mixin.py:151} INFO - [2023-09-27T22:40:45.059-0400] {dag.py:3696} INFO - Setting next_dagrun for example_trigger_target_dag to None, run_after=None
[2023-09-27T22:40:45.094-0400] {processor.py:179} INFO - Processing /home/beau/airflow/py_env/lib/python3.10/site-packages/airflow/example_dags/example_trigger_target_dag.py took 0.085 seconds
[2023-09-27T22:41:43.568-0400] {processor.py:157} INFO - Started process (PID=12553) to work on /home/beau/airflow/py_env/lib/python3.10/site-packages/airflow/example_dags/example_trigger_target_dag.py
[2023-09-27T22:41:43.571-0400] {processor.py:829} INFO - Processing file /home/beau/airflow/py_env/lib/python3.10/site-packages/airflow/example_dags/example_trigger_target_dag.py for tasks to queue
[2023-09-27T22:41:43.573-0400] {logging_mixin.py:151} INFO - [2023-09-27T22:41:43.572-0400] {dagbag.py:539} INFO - Filling up the DagBag from /home/beau/airflow/py_env/lib/python3.10/site-packages/airflow/example_dags/example_trigger_target_dag.py
[2023-09-27T22:41:43.581-0400] {processor.py:839} INFO - DAG(s) dict_keys(['example_trigger_target_dag']) retrieved from /home/beau/airflow/py_env/lib/python3.10/site-packages/airflow/example_dags/example_trigger_target_dag.py
[2023-09-27T22:41:43.602-0400] {logging_mixin.py:151} INFO - [2023-09-27T22:41:43.601-0400] {dag.py:2915} INFO - Sync 1 DAGs
[2023-09-27T22:41:43.619-0400] {logging_mixin.py:151} INFO - [2023-09-27T22:41:43.618-0400] {dag.py:3696} INFO - Setting next_dagrun for example_trigger_target_dag to None, run_after=None
[2023-09-27T22:41:43.644-0400] {processor.py:179} INFO - Processing /home/beau/airflow/py_env/lib/python3.10/site-packages/airflow/example_dags/example_trigger_target_dag.py took 0.080 seconds
[2023-09-27T22:42:22.987-0400] {processor.py:157} INFO - Started process (PID=12868) to work on /home/beau/airflow/py_env/lib/python3.10/site-packages/airflow/example_dags/example_trigger_target_dag.py
[2023-09-27T22:42:22.988-0400] {processor.py:829} INFO - Processing file /home/beau/airflow/py_env/lib/python3.10/site-packages/airflow/example_dags/example_trigger_target_dag.py for tasks to queue
[2023-09-27T22:42:22.989-0400] {logging_mixin.py:151} INFO - [2023-09-27T22:42:22.989-0400] {dagbag.py:539} INFO - Filling up the DagBag from /home/beau/airflow/py_env/lib/python3.10/site-packages/airflow/example_dags/example_trigger_target_dag.py
[2023-09-27T22:42:22.994-0400] {processor.py:839} INFO - DAG(s) dict_keys(['example_trigger_target_dag']) retrieved from /home/beau/airflow/py_env/lib/python3.10/site-packages/airflow/example_dags/example_trigger_target_dag.py
[2023-09-27T22:42:23.010-0400] {logging_mixin.py:151} INFO - [2023-09-27T22:42:23.010-0400] {dag.py:2915} INFO - Sync 1 DAGs
[2023-09-27T22:42:23.022-0400] {logging_mixin.py:151} INFO - [2023-09-27T22:42:23.022-0400] {dag.py:3696} INFO - Setting next_dagrun for example_trigger_target_dag to None, run_after=None
[2023-09-27T22:42:23.046-0400] {processor.py:179} INFO - Processing /home/beau/airflow/py_env/lib/python3.10/site-packages/airflow/example_dags/example_trigger_target_dag.py took 0.063 seconds
[2023-09-27T22:43:17.235-0400] {processor.py:157} INFO - Started process (PID=13337) to work on /home/beau/airflow/py_env/lib/python3.10/site-packages/airflow/example_dags/example_trigger_target_dag.py
[2023-09-27T22:43:17.239-0400] {processor.py:829} INFO - Processing file /home/beau/airflow/py_env/lib/python3.10/site-packages/airflow/example_dags/example_trigger_target_dag.py for tasks to queue
[2023-09-27T22:43:17.240-0400] {logging_mixin.py:151} INFO - [2023-09-27T22:43:17.240-0400] {dagbag.py:539} INFO - Filling up the DagBag from /home/beau/airflow/py_env/lib/python3.10/site-packages/airflow/example_dags/example_trigger_target_dag.py
[2023-09-27T22:43:17.249-0400] {processor.py:839} INFO - DAG(s) dict_keys(['example_trigger_target_dag']) retrieved from /home/beau/airflow/py_env/lib/python3.10/site-packages/airflow/example_dags/example_trigger_target_dag.py
[2023-09-27T22:43:17.267-0400] {logging_mixin.py:151} INFO - [2023-09-27T22:43:17.267-0400] {dag.py:2915} INFO - Sync 1 DAGs
[2023-09-27T22:43:17.277-0400] {logging_mixin.py:151} INFO - [2023-09-27T22:43:17.277-0400] {dag.py:3696} INFO - Setting next_dagrun for example_trigger_target_dag to None, run_after=None
[2023-09-27T22:43:17.302-0400] {processor.py:179} INFO - Processing /home/beau/airflow/py_env/lib/python3.10/site-packages/airflow/example_dags/example_trigger_target_dag.py took 0.072 seconds
[2023-09-27T22:43:57.870-0400] {processor.py:157} INFO - Started process (PID=13655) to work on /home/beau/airflow/py_env/lib/python3.10/site-packages/airflow/example_dags/example_trigger_target_dag.py
[2023-09-27T22:43:57.875-0400] {processor.py:829} INFO - Processing file /home/beau/airflow/py_env/lib/python3.10/site-packages/airflow/example_dags/example_trigger_target_dag.py for tasks to queue
[2023-09-27T22:43:57.876-0400] {logging_mixin.py:151} INFO - [2023-09-27T22:43:57.876-0400] {dagbag.py:539} INFO - Filling up the DagBag from /home/beau/airflow/py_env/lib/python3.10/site-packages/airflow/example_dags/example_trigger_target_dag.py
[2023-09-27T22:43:57.888-0400] {processor.py:839} INFO - DAG(s) dict_keys(['example_trigger_target_dag']) retrieved from /home/beau/airflow/py_env/lib/python3.10/site-packages/airflow/example_dags/example_trigger_target_dag.py
[2023-09-27T22:43:57.912-0400] {logging_mixin.py:151} INFO - [2023-09-27T22:43:57.912-0400] {dag.py:2915} INFO - Sync 1 DAGs
[2023-09-27T22:43:57.923-0400] {logging_mixin.py:151} INFO - [2023-09-27T22:43:57.923-0400] {dag.py:3696} INFO - Setting next_dagrun for example_trigger_target_dag to None, run_after=None
[2023-09-27T22:43:57.947-0400] {processor.py:179} INFO - Processing /home/beau/airflow/py_env/lib/python3.10/site-packages/airflow/example_dags/example_trigger_target_dag.py took 0.083 seconds
[2023-09-27T22:44:38.627-0400] {processor.py:157} INFO - Started process (PID=13959) to work on /home/beau/airflow/py_env/lib/python3.10/site-packages/airflow/example_dags/example_trigger_target_dag.py
[2023-09-27T22:44:38.631-0400] {processor.py:829} INFO - Processing file /home/beau/airflow/py_env/lib/python3.10/site-packages/airflow/example_dags/example_trigger_target_dag.py for tasks to queue
[2023-09-27T22:44:38.633-0400] {logging_mixin.py:151} INFO - [2023-09-27T22:44:38.632-0400] {dagbag.py:539} INFO - Filling up the DagBag from /home/beau/airflow/py_env/lib/python3.10/site-packages/airflow/example_dags/example_trigger_target_dag.py
[2023-09-27T22:44:38.645-0400] {processor.py:839} INFO - DAG(s) dict_keys(['example_trigger_target_dag']) retrieved from /home/beau/airflow/py_env/lib/python3.10/site-packages/airflow/example_dags/example_trigger_target_dag.py
[2023-09-27T22:44:38.679-0400] {logging_mixin.py:151} INFO - [2023-09-27T22:44:38.679-0400] {dag.py:2915} INFO - Sync 1 DAGs
[2023-09-27T22:44:38.692-0400] {logging_mixin.py:151} INFO - [2023-09-27T22:44:38.692-0400] {dag.py:3696} INFO - Setting next_dagrun for example_trigger_target_dag to None, run_after=None
[2023-09-27T22:44:38.724-0400] {processor.py:179} INFO - Processing /home/beau/airflow/py_env/lib/python3.10/site-packages/airflow/example_dags/example_trigger_target_dag.py took 0.103 seconds
[2023-09-27T22:45:31.804-0400] {processor.py:157} INFO - Started process (PID=14391) to work on /home/beau/airflow/py_env/lib/python3.10/site-packages/airflow/example_dags/example_trigger_target_dag.py
[2023-09-27T22:45:31.808-0400] {processor.py:829} INFO - Processing file /home/beau/airflow/py_env/lib/python3.10/site-packages/airflow/example_dags/example_trigger_target_dag.py for tasks to queue
[2023-09-27T22:45:31.809-0400] {logging_mixin.py:151} INFO - [2023-09-27T22:45:31.809-0400] {dagbag.py:539} INFO - Filling up the DagBag from /home/beau/airflow/py_env/lib/python3.10/site-packages/airflow/example_dags/example_trigger_target_dag.py
[2023-09-27T22:45:31.815-0400] {processor.py:839} INFO - DAG(s) dict_keys(['example_trigger_target_dag']) retrieved from /home/beau/airflow/py_env/lib/python3.10/site-packages/airflow/example_dags/example_trigger_target_dag.py
[2023-09-27T22:45:31.832-0400] {logging_mixin.py:151} INFO - [2023-09-27T22:45:31.832-0400] {dag.py:2915} INFO - Sync 1 DAGs
[2023-09-27T22:45:31.845-0400] {logging_mixin.py:151} INFO - [2023-09-27T22:45:31.845-0400] {dag.py:3696} INFO - Setting next_dagrun for example_trigger_target_dag to None, run_after=None
[2023-09-27T22:45:31.874-0400] {processor.py:179} INFO - Processing /home/beau/airflow/py_env/lib/python3.10/site-packages/airflow/example_dags/example_trigger_target_dag.py took 0.075 seconds
[2023-09-27T22:46:13.540-0400] {processor.py:157} INFO - Started process (PID=15004) to work on /home/beau/airflow/py_env/lib/python3.10/site-packages/airflow/example_dags/example_trigger_target_dag.py
[2023-09-27T22:46:13.544-0400] {processor.py:829} INFO - Processing file /home/beau/airflow/py_env/lib/python3.10/site-packages/airflow/example_dags/example_trigger_target_dag.py for tasks to queue
[2023-09-27T22:46:13.545-0400] {logging_mixin.py:151} INFO - [2023-09-27T22:46:13.545-0400] {dagbag.py:539} INFO - Filling up the DagBag from /home/beau/airflow/py_env/lib/python3.10/site-packages/airflow/example_dags/example_trigger_target_dag.py
[2023-09-27T22:46:13.554-0400] {processor.py:839} INFO - DAG(s) dict_keys(['example_trigger_target_dag']) retrieved from /home/beau/airflow/py_env/lib/python3.10/site-packages/airflow/example_dags/example_trigger_target_dag.py
[2023-09-27T22:46:13.578-0400] {logging_mixin.py:151} INFO - [2023-09-27T22:46:13.578-0400] {dag.py:2915} INFO - Sync 1 DAGs
[2023-09-27T22:46:13.593-0400] {logging_mixin.py:151} INFO - [2023-09-27T22:46:13.593-0400] {dag.py:3696} INFO - Setting next_dagrun for example_trigger_target_dag to None, run_after=None
[2023-09-27T22:46:13.618-0400] {processor.py:179} INFO - Processing /home/beau/airflow/py_env/lib/python3.10/site-packages/airflow/example_dags/example_trigger_target_dag.py took 0.084 seconds
[2023-09-27T22:46:54.892-0400] {processor.py:157} INFO - Started process (PID=15574) to work on /home/beau/airflow/py_env/lib/python3.10/site-packages/airflow/example_dags/example_trigger_target_dag.py
[2023-09-27T22:46:54.896-0400] {processor.py:829} INFO - Processing file /home/beau/airflow/py_env/lib/python3.10/site-packages/airflow/example_dags/example_trigger_target_dag.py for tasks to queue
[2023-09-27T22:46:54.898-0400] {logging_mixin.py:151} INFO - [2023-09-27T22:46:54.897-0400] {dagbag.py:539} INFO - Filling up the DagBag from /home/beau/airflow/py_env/lib/python3.10/site-packages/airflow/example_dags/example_trigger_target_dag.py
[2023-09-27T22:46:54.903-0400] {processor.py:839} INFO - DAG(s) dict_keys(['example_trigger_target_dag']) retrieved from /home/beau/airflow/py_env/lib/python3.10/site-packages/airflow/example_dags/example_trigger_target_dag.py
[2023-09-27T22:46:54.937-0400] {logging_mixin.py:151} INFO - [2023-09-27T22:46:54.937-0400] {dag.py:2915} INFO - Sync 1 DAGs
[2023-09-27T22:46:54.948-0400] {logging_mixin.py:151} INFO - [2023-09-27T22:46:54.948-0400] {dag.py:3696} INFO - Setting next_dagrun for example_trigger_target_dag to None, run_after=None
[2023-09-27T22:46:54.975-0400] {processor.py:179} INFO - Processing /home/beau/airflow/py_env/lib/python3.10/site-packages/airflow/example_dags/example_trigger_target_dag.py took 0.087 seconds
[2023-09-27T22:47:51.956-0400] {processor.py:157} INFO - Started process (PID=16194) to work on /home/beau/airflow/py_env/lib/python3.10/site-packages/airflow/example_dags/example_trigger_target_dag.py
[2023-09-27T22:47:51.960-0400] {processor.py:829} INFO - Processing file /home/beau/airflow/py_env/lib/python3.10/site-packages/airflow/example_dags/example_trigger_target_dag.py for tasks to queue
[2023-09-27T22:47:51.961-0400] {logging_mixin.py:151} INFO - [2023-09-27T22:47:51.960-0400] {dagbag.py:539} INFO - Filling up the DagBag from /home/beau/airflow/py_env/lib/python3.10/site-packages/airflow/example_dags/example_trigger_target_dag.py
[2023-09-27T22:47:51.969-0400] {processor.py:839} INFO - DAG(s) dict_keys(['example_trigger_target_dag']) retrieved from /home/beau/airflow/py_env/lib/python3.10/site-packages/airflow/example_dags/example_trigger_target_dag.py
[2023-09-27T22:47:51.989-0400] {logging_mixin.py:151} INFO - [2023-09-27T22:47:51.989-0400] {dag.py:2915} INFO - Sync 1 DAGs
[2023-09-27T22:47:51.999-0400] {logging_mixin.py:151} INFO - [2023-09-27T22:47:51.999-0400] {dag.py:3696} INFO - Setting next_dagrun for example_trigger_target_dag to None, run_after=None
[2023-09-27T22:47:52.023-0400] {processor.py:179} INFO - Processing /home/beau/airflow/py_env/lib/python3.10/site-packages/airflow/example_dags/example_trigger_target_dag.py took 0.072 seconds
[2023-09-27T22:48:32.268-0400] {processor.py:157} INFO - Started process (PID=16533) to work on /home/beau/airflow/py_env/lib/python3.10/site-packages/airflow/example_dags/example_trigger_target_dag.py
[2023-09-27T22:48:32.272-0400] {processor.py:829} INFO - Processing file /home/beau/airflow/py_env/lib/python3.10/site-packages/airflow/example_dags/example_trigger_target_dag.py for tasks to queue
[2023-09-27T22:48:32.273-0400] {logging_mixin.py:151} INFO - [2023-09-27T22:48:32.273-0400] {dagbag.py:539} INFO - Filling up the DagBag from /home/beau/airflow/py_env/lib/python3.10/site-packages/airflow/example_dags/example_trigger_target_dag.py
[2023-09-27T22:48:32.279-0400] {processor.py:839} INFO - DAG(s) dict_keys(['example_trigger_target_dag']) retrieved from /home/beau/airflow/py_env/lib/python3.10/site-packages/airflow/example_dags/example_trigger_target_dag.py
[2023-09-27T22:48:32.294-0400] {logging_mixin.py:151} INFO - [2023-09-27T22:48:32.294-0400] {dag.py:2915} INFO - Sync 1 DAGs
[2023-09-27T22:48:32.304-0400] {logging_mixin.py:151} INFO - [2023-09-27T22:48:32.303-0400] {dag.py:3696} INFO - Setting next_dagrun for example_trigger_target_dag to None, run_after=None
[2023-09-27T22:48:32.329-0400] {processor.py:179} INFO - Processing /home/beau/airflow/py_env/lib/python3.10/site-packages/airflow/example_dags/example_trigger_target_dag.py took 0.064 seconds
[2023-09-27T22:49:11.373-0400] {processor.py:157} INFO - Started process (PID=16901) to work on /home/beau/airflow/py_env/lib/python3.10/site-packages/airflow/example_dags/example_trigger_target_dag.py
[2023-09-27T22:49:11.377-0400] {processor.py:829} INFO - Processing file /home/beau/airflow/py_env/lib/python3.10/site-packages/airflow/example_dags/example_trigger_target_dag.py for tasks to queue
[2023-09-27T22:49:11.378-0400] {logging_mixin.py:151} INFO - [2023-09-27T22:49:11.377-0400] {dagbag.py:539} INFO - Filling up the DagBag from /home/beau/airflow/py_env/lib/python3.10/site-packages/airflow/example_dags/example_trigger_target_dag.py
[2023-09-27T22:49:11.384-0400] {processor.py:839} INFO - DAG(s) dict_keys(['example_trigger_target_dag']) retrieved from /home/beau/airflow/py_env/lib/python3.10/site-packages/airflow/example_dags/example_trigger_target_dag.py
[2023-09-27T22:49:11.400-0400] {logging_mixin.py:151} INFO - [2023-09-27T22:49:11.399-0400] {dag.py:2915} INFO - Sync 1 DAGs
[2023-09-27T22:49:11.411-0400] {logging_mixin.py:151} INFO - [2023-09-27T22:49:11.411-0400] {dag.py:3696} INFO - Setting next_dagrun for example_trigger_target_dag to None, run_after=None
[2023-09-27T22:49:11.445-0400] {processor.py:179} INFO - Processing /home/beau/airflow/py_env/lib/python3.10/site-packages/airflow/example_dags/example_trigger_target_dag.py took 0.075 seconds
[2023-09-27T22:50:09.352-0400] {processor.py:157} INFO - Started process (PID=17213) to work on /home/beau/airflow/py_env/lib/python3.10/site-packages/airflow/example_dags/example_trigger_target_dag.py
[2023-09-27T22:50:09.356-0400] {processor.py:829} INFO - Processing file /home/beau/airflow/py_env/lib/python3.10/site-packages/airflow/example_dags/example_trigger_target_dag.py for tasks to queue
[2023-09-27T22:50:09.357-0400] {logging_mixin.py:151} INFO - [2023-09-27T22:50:09.357-0400] {dagbag.py:539} INFO - Filling up the DagBag from /home/beau/airflow/py_env/lib/python3.10/site-packages/airflow/example_dags/example_trigger_target_dag.py
[2023-09-27T22:50:09.366-0400] {processor.py:839} INFO - DAG(s) dict_keys(['example_trigger_target_dag']) retrieved from /home/beau/airflow/py_env/lib/python3.10/site-packages/airflow/example_dags/example_trigger_target_dag.py
[2023-09-27T22:50:09.383-0400] {logging_mixin.py:151} INFO - [2023-09-27T22:50:09.382-0400] {dag.py:2915} INFO - Sync 1 DAGs
[2023-09-27T22:50:09.393-0400] {logging_mixin.py:151} INFO - [2023-09-27T22:50:09.393-0400] {dag.py:3696} INFO - Setting next_dagrun for example_trigger_target_dag to None, run_after=None
[2023-09-27T22:50:09.416-0400] {processor.py:179} INFO - Processing /home/beau/airflow/py_env/lib/python3.10/site-packages/airflow/example_dags/example_trigger_target_dag.py took 0.068 seconds
[2023-09-27T22:51:02.471-0400] {processor.py:157} INFO - Started process (PID=17460) to work on /home/beau/airflow/py_env/lib/python3.10/site-packages/airflow/example_dags/example_trigger_target_dag.py
[2023-09-27T22:51:02.473-0400] {processor.py:829} INFO - Processing file /home/beau/airflow/py_env/lib/python3.10/site-packages/airflow/example_dags/example_trigger_target_dag.py for tasks to queue
[2023-09-27T22:51:02.475-0400] {logging_mixin.py:151} INFO - [2023-09-27T22:51:02.474-0400] {dagbag.py:539} INFO - Filling up the DagBag from /home/beau/airflow/py_env/lib/python3.10/site-packages/airflow/example_dags/example_trigger_target_dag.py
[2023-09-27T22:51:02.485-0400] {processor.py:839} INFO - DAG(s) dict_keys(['example_trigger_target_dag']) retrieved from /home/beau/airflow/py_env/lib/python3.10/site-packages/airflow/example_dags/example_trigger_target_dag.py
[2023-09-27T22:51:02.502-0400] {logging_mixin.py:151} INFO - [2023-09-27T22:51:02.502-0400] {dag.py:2915} INFO - Sync 1 DAGs
[2023-09-27T22:51:02.512-0400] {logging_mixin.py:151} INFO - [2023-09-27T22:51:02.512-0400] {dag.py:3696} INFO - Setting next_dagrun for example_trigger_target_dag to None, run_after=None
[2023-09-27T22:51:02.535-0400] {processor.py:179} INFO - Processing /home/beau/airflow/py_env/lib/python3.10/site-packages/airflow/example_dags/example_trigger_target_dag.py took 0.072 seconds
[2023-09-27T22:51:59.612-0400] {processor.py:157} INFO - Started process (PID=17715) to work on /home/beau/airflow/py_env/lib/python3.10/site-packages/airflow/example_dags/example_trigger_target_dag.py
[2023-09-27T22:51:59.616-0400] {processor.py:829} INFO - Processing file /home/beau/airflow/py_env/lib/python3.10/site-packages/airflow/example_dags/example_trigger_target_dag.py for tasks to queue
[2023-09-27T22:51:59.618-0400] {logging_mixin.py:151} INFO - [2023-09-27T22:51:59.617-0400] {dagbag.py:539} INFO - Filling up the DagBag from /home/beau/airflow/py_env/lib/python3.10/site-packages/airflow/example_dags/example_trigger_target_dag.py
[2023-09-27T22:51:59.627-0400] {processor.py:839} INFO - DAG(s) dict_keys(['example_trigger_target_dag']) retrieved from /home/beau/airflow/py_env/lib/python3.10/site-packages/airflow/example_dags/example_trigger_target_dag.py
[2023-09-27T22:51:59.649-0400] {logging_mixin.py:151} INFO - [2023-09-27T22:51:59.649-0400] {dag.py:2915} INFO - Sync 1 DAGs
[2023-09-27T22:51:59.659-0400] {logging_mixin.py:151} INFO - [2023-09-27T22:51:59.658-0400] {dag.py:3696} INFO - Setting next_dagrun for example_trigger_target_dag to None, run_after=None
[2023-09-27T22:51:59.681-0400] {processor.py:179} INFO - Processing /home/beau/airflow/py_env/lib/python3.10/site-packages/airflow/example_dags/example_trigger_target_dag.py took 0.074 seconds
[2023-09-27T22:52:52.840-0400] {processor.py:157} INFO - Started process (PID=18070) to work on /home/beau/airflow/py_env/lib/python3.10/site-packages/airflow/example_dags/example_trigger_target_dag.py
[2023-09-27T22:52:52.844-0400] {processor.py:829} INFO - Processing file /home/beau/airflow/py_env/lib/python3.10/site-packages/airflow/example_dags/example_trigger_target_dag.py for tasks to queue
[2023-09-27T22:52:52.846-0400] {logging_mixin.py:151} INFO - [2023-09-27T22:52:52.845-0400] {dagbag.py:539} INFO - Filling up the DagBag from /home/beau/airflow/py_env/lib/python3.10/site-packages/airflow/example_dags/example_trigger_target_dag.py
[2023-09-27T22:52:52.854-0400] {processor.py:839} INFO - DAG(s) dict_keys(['example_trigger_target_dag']) retrieved from /home/beau/airflow/py_env/lib/python3.10/site-packages/airflow/example_dags/example_trigger_target_dag.py
[2023-09-27T22:52:52.872-0400] {logging_mixin.py:151} INFO - [2023-09-27T22:52:52.872-0400] {dag.py:2915} INFO - Sync 1 DAGs
[2023-09-27T22:52:52.883-0400] {logging_mixin.py:151} INFO - [2023-09-27T22:52:52.882-0400] {dag.py:3696} INFO - Setting next_dagrun for example_trigger_target_dag to None, run_after=None
[2023-09-27T22:52:52.910-0400] {processor.py:179} INFO - Processing /home/beau/airflow/py_env/lib/python3.10/site-packages/airflow/example_dags/example_trigger_target_dag.py took 0.074 seconds
[2023-09-27T22:53:46.104-0400] {processor.py:157} INFO - Started process (PID=18492) to work on /home/beau/airflow/py_env/lib/python3.10/site-packages/airflow/example_dags/example_trigger_target_dag.py
[2023-09-27T22:53:46.108-0400] {processor.py:829} INFO - Processing file /home/beau/airflow/py_env/lib/python3.10/site-packages/airflow/example_dags/example_trigger_target_dag.py for tasks to queue
[2023-09-27T22:53:46.109-0400] {logging_mixin.py:151} INFO - [2023-09-27T22:53:46.108-0400] {dagbag.py:539} INFO - Filling up the DagBag from /home/beau/airflow/py_env/lib/python3.10/site-packages/airflow/example_dags/example_trigger_target_dag.py
[2023-09-27T22:53:46.116-0400] {processor.py:839} INFO - DAG(s) dict_keys(['example_trigger_target_dag']) retrieved from /home/beau/airflow/py_env/lib/python3.10/site-packages/airflow/example_dags/example_trigger_target_dag.py
[2023-09-27T22:53:46.136-0400] {logging_mixin.py:151} INFO - [2023-09-27T22:53:46.136-0400] {dag.py:2915} INFO - Sync 1 DAGs
[2023-09-27T22:53:46.148-0400] {logging_mixin.py:151} INFO - [2023-09-27T22:53:46.147-0400] {dag.py:3696} INFO - Setting next_dagrun for example_trigger_target_dag to None, run_after=None
[2023-09-27T22:53:46.177-0400] {processor.py:179} INFO - Processing /home/beau/airflow/py_env/lib/python3.10/site-packages/airflow/example_dags/example_trigger_target_dag.py took 0.076 seconds
