[2023-09-27T22:33:22.089-0400] {processor.py:157} INFO - Started process (PID=8456) to work on /home/beau/airflow/py_env/lib/python3.10/site-packages/airflow/example_dags/example_branch_labels.py
[2023-09-27T22:33:22.090-0400] {processor.py:829} INFO - Processing file /home/beau/airflow/py_env/lib/python3.10/site-packages/airflow/example_dags/example_branch_labels.py for tasks to queue
[2023-09-27T22:33:22.091-0400] {logging_mixin.py:151} INFO - [2023-09-27T22:33:22.090-0400] {dagbag.py:539} INFO - Filling up the DagBag from /home/beau/airflow/py_env/lib/python3.10/site-packages/airflow/example_dags/example_branch_labels.py
[2023-09-27T22:33:22.100-0400] {processor.py:839} INFO - DAG(s) dict_keys(['example_branch_labels']) retrieved from /home/beau/airflow/py_env/lib/python3.10/site-packages/airflow/example_dags/example_branch_labels.py
[2023-09-27T22:33:22.119-0400] {logging_mixin.py:151} INFO - [2023-09-27T22:33:22.118-0400] {dag.py:2915} INFO - Sync 1 DAGs
[2023-09-27T22:33:22.136-0400] {logging_mixin.py:151} INFO - [2023-09-27T22:33:22.136-0400] {dag.py:3696} INFO - Setting next_dagrun for example_branch_labels to 2023-09-27T00:00:00+00:00, run_after=2023-09-28T00:00:00+00:00
[2023-09-27T22:33:22.161-0400] {processor.py:179} INFO - Processing /home/beau/airflow/py_env/lib/python3.10/site-packages/airflow/example_dags/example_branch_labels.py took 0.076 seconds
[2023-09-27T22:34:11.037-0400] {processor.py:157} INFO - Started process (PID=8969) to work on /home/beau/airflow/py_env/lib/python3.10/site-packages/airflow/example_dags/example_branch_labels.py
[2023-09-27T22:34:11.038-0400] {processor.py:829} INFO - Processing file /home/beau/airflow/py_env/lib/python3.10/site-packages/airflow/example_dags/example_branch_labels.py for tasks to queue
[2023-09-27T22:34:11.039-0400] {logging_mixin.py:151} INFO - [2023-09-27T22:34:11.039-0400] {dagbag.py:539} INFO - Filling up the DagBag from /home/beau/airflow/py_env/lib/python3.10/site-packages/airflow/example_dags/example_branch_labels.py
[2023-09-27T22:34:11.048-0400] {processor.py:839} INFO - DAG(s) dict_keys(['example_branch_labels']) retrieved from /home/beau/airflow/py_env/lib/python3.10/site-packages/airflow/example_dags/example_branch_labels.py
[2023-09-27T22:34:11.065-0400] {logging_mixin.py:151} INFO - [2023-09-27T22:34:11.065-0400] {dag.py:2915} INFO - Sync 1 DAGs
[2023-09-27T22:34:11.083-0400] {logging_mixin.py:151} INFO - [2023-09-27T22:34:11.083-0400] {dag.py:3696} INFO - Setting next_dagrun for example_branch_labels to 2023-09-27T00:00:00+00:00, run_after=2023-09-28T00:00:00+00:00
[2023-09-27T22:34:11.108-0400] {processor.py:179} INFO - Processing /home/beau/airflow/py_env/lib/python3.10/site-packages/airflow/example_dags/example_branch_labels.py took 0.075 seconds
[2023-09-27T22:35:08.209-0400] {processor.py:157} INFO - Started process (PID=9339) to work on /home/beau/airflow/py_env/lib/python3.10/site-packages/airflow/example_dags/example_branch_labels.py
[2023-09-27T22:35:08.211-0400] {processor.py:829} INFO - Processing file /home/beau/airflow/py_env/lib/python3.10/site-packages/airflow/example_dags/example_branch_labels.py for tasks to queue
[2023-09-27T22:35:08.212-0400] {logging_mixin.py:151} INFO - [2023-09-27T22:35:08.212-0400] {dagbag.py:539} INFO - Filling up the DagBag from /home/beau/airflow/py_env/lib/python3.10/site-packages/airflow/example_dags/example_branch_labels.py
[2023-09-27T22:35:08.226-0400] {processor.py:839} INFO - DAG(s) dict_keys(['example_branch_labels']) retrieved from /home/beau/airflow/py_env/lib/python3.10/site-packages/airflow/example_dags/example_branch_labels.py
[2023-09-27T22:35:08.257-0400] {logging_mixin.py:151} INFO - [2023-09-27T22:35:08.257-0400] {dag.py:2915} INFO - Sync 1 DAGs
[2023-09-27T22:35:08.294-0400] {logging_mixin.py:151} INFO - [2023-09-27T22:35:08.294-0400] {dag.py:3696} INFO - Setting next_dagrun for example_branch_labels to 2023-09-27T00:00:00+00:00, run_after=2023-09-28T00:00:00+00:00
[2023-09-27T22:35:08.344-0400] {processor.py:179} INFO - Processing /home/beau/airflow/py_env/lib/python3.10/site-packages/airflow/example_dags/example_branch_labels.py took 0.139 seconds
[2023-09-27T22:36:05.213-0400] {processor.py:157} INFO - Started process (PID=10155) to work on /home/beau/airflow/py_env/lib/python3.10/site-packages/airflow/example_dags/example_branch_labels.py
[2023-09-27T22:36:05.219-0400] {processor.py:829} INFO - Processing file /home/beau/airflow/py_env/lib/python3.10/site-packages/airflow/example_dags/example_branch_labels.py for tasks to queue
[2023-09-27T22:36:05.222-0400] {logging_mixin.py:151} INFO - [2023-09-27T22:36:05.221-0400] {dagbag.py:539} INFO - Filling up the DagBag from /home/beau/airflow/py_env/lib/python3.10/site-packages/airflow/example_dags/example_branch_labels.py
[2023-09-27T22:36:05.235-0400] {processor.py:839} INFO - DAG(s) dict_keys(['example_branch_labels']) retrieved from /home/beau/airflow/py_env/lib/python3.10/site-packages/airflow/example_dags/example_branch_labels.py
[2023-09-27T22:36:05.359-0400] {logging_mixin.py:151} INFO - [2023-09-27T22:36:05.359-0400] {dag.py:2915} INFO - Sync 1 DAGs
[2023-09-27T22:36:05.375-0400] {logging_mixin.py:151} INFO - [2023-09-27T22:36:05.375-0400] {dag.py:3696} INFO - Setting next_dagrun for example_branch_labels to 2023-09-27T00:00:00+00:00, run_after=2023-09-28T00:00:00+00:00
[2023-09-27T22:36:05.398-0400] {processor.py:179} INFO - Processing /home/beau/airflow/py_env/lib/python3.10/site-packages/airflow/example_dags/example_branch_labels.py took 0.196 seconds
[2023-09-27T22:36:55.597-0400] {processor.py:157} INFO - Started process (PID=10608) to work on /home/beau/airflow/py_env/lib/python3.10/site-packages/airflow/example_dags/example_branch_labels.py
[2023-09-27T22:36:55.601-0400] {processor.py:829} INFO - Processing file /home/beau/airflow/py_env/lib/python3.10/site-packages/airflow/example_dags/example_branch_labels.py for tasks to queue
[2023-09-27T22:36:55.602-0400] {logging_mixin.py:151} INFO - [2023-09-27T22:36:55.601-0400] {dagbag.py:539} INFO - Filling up the DagBag from /home/beau/airflow/py_env/lib/python3.10/site-packages/airflow/example_dags/example_branch_labels.py
[2023-09-27T22:36:55.610-0400] {processor.py:839} INFO - DAG(s) dict_keys(['example_branch_labels']) retrieved from /home/beau/airflow/py_env/lib/python3.10/site-packages/airflow/example_dags/example_branch_labels.py
[2023-09-27T22:36:55.631-0400] {logging_mixin.py:151} INFO - [2023-09-27T22:36:55.631-0400] {dag.py:2915} INFO - Sync 1 DAGs
[2023-09-27T22:36:55.654-0400] {logging_mixin.py:151} INFO - [2023-09-27T22:36:55.653-0400] {dag.py:3696} INFO - Setting next_dagrun for example_branch_labels to 2023-09-27T00:00:00+00:00, run_after=2023-09-28T00:00:00+00:00
[2023-09-27T22:36:55.690-0400] {processor.py:179} INFO - Processing /home/beau/airflow/py_env/lib/python3.10/site-packages/airflow/example_dags/example_branch_labels.py took 0.099 seconds
[2023-09-27T22:37:52.893-0400] {processor.py:157} INFO - Started process (PID=11090) to work on /home/beau/airflow/py_env/lib/python3.10/site-packages/airflow/example_dags/example_branch_labels.py
[2023-09-27T22:37:52.897-0400] {processor.py:829} INFO - Processing file /home/beau/airflow/py_env/lib/python3.10/site-packages/airflow/example_dags/example_branch_labels.py for tasks to queue
[2023-09-27T22:37:52.898-0400] {logging_mixin.py:151} INFO - [2023-09-27T22:37:52.898-0400] {dagbag.py:539} INFO - Filling up the DagBag from /home/beau/airflow/py_env/lib/python3.10/site-packages/airflow/example_dags/example_branch_labels.py
[2023-09-27T22:37:52.906-0400] {processor.py:839} INFO - DAG(s) dict_keys(['example_branch_labels']) retrieved from /home/beau/airflow/py_env/lib/python3.10/site-packages/airflow/example_dags/example_branch_labels.py
[2023-09-27T22:37:52.929-0400] {logging_mixin.py:151} INFO - [2023-09-27T22:37:52.928-0400] {dag.py:2915} INFO - Sync 1 DAGs
[2023-09-27T22:37:52.957-0400] {logging_mixin.py:151} INFO - [2023-09-27T22:37:52.957-0400] {dag.py:3696} INFO - Setting next_dagrun for example_branch_labels to 2023-09-27T00:00:00+00:00, run_after=2023-09-28T00:00:00+00:00
[2023-09-27T22:37:52.985-0400] {processor.py:179} INFO - Processing /home/beau/airflow/py_env/lib/python3.10/site-packages/airflow/example_dags/example_branch_labels.py took 0.099 seconds
[2023-09-27T22:38:52.182-0400] {processor.py:157} INFO - Started process (PID=11634) to work on /home/beau/airflow/py_env/lib/python3.10/site-packages/airflow/example_dags/example_branch_labels.py
[2023-09-27T22:38:52.187-0400] {processor.py:829} INFO - Processing file /home/beau/airflow/py_env/lib/python3.10/site-packages/airflow/example_dags/example_branch_labels.py for tasks to queue
[2023-09-27T22:38:52.189-0400] {logging_mixin.py:151} INFO - [2023-09-27T22:38:52.188-0400] {dagbag.py:539} INFO - Filling up the DagBag from /home/beau/airflow/py_env/lib/python3.10/site-packages/airflow/example_dags/example_branch_labels.py
[2023-09-27T22:38:52.206-0400] {processor.py:839} INFO - DAG(s) dict_keys(['example_branch_labels']) retrieved from /home/beau/airflow/py_env/lib/python3.10/site-packages/airflow/example_dags/example_branch_labels.py
[2023-09-27T22:38:52.250-0400] {logging_mixin.py:151} INFO - [2023-09-27T22:38:52.249-0400] {dag.py:2915} INFO - Sync 1 DAGs
[2023-09-27T22:38:52.275-0400] {logging_mixin.py:151} INFO - [2023-09-27T22:38:52.275-0400] {dag.py:3696} INFO - Setting next_dagrun for example_branch_labels to 2023-09-27T00:00:00+00:00, run_after=2023-09-28T00:00:00+00:00
[2023-09-27T22:38:52.301-0400] {processor.py:179} INFO - Processing /home/beau/airflow/py_env/lib/python3.10/site-packages/airflow/example_dags/example_branch_labels.py took 0.127 seconds
[2023-09-27T22:39:45.166-0400] {processor.py:157} INFO - Started process (PID=11933) to work on /home/beau/airflow/py_env/lib/python3.10/site-packages/airflow/example_dags/example_branch_labels.py
[2023-09-27T22:39:45.171-0400] {processor.py:829} INFO - Processing file /home/beau/airflow/py_env/lib/python3.10/site-packages/airflow/example_dags/example_branch_labels.py for tasks to queue
[2023-09-27T22:39:45.173-0400] {logging_mixin.py:151} INFO - [2023-09-27T22:39:45.172-0400] {dagbag.py:539} INFO - Filling up the DagBag from /home/beau/airflow/py_env/lib/python3.10/site-packages/airflow/example_dags/example_branch_labels.py
[2023-09-27T22:39:45.184-0400] {processor.py:839} INFO - DAG(s) dict_keys(['example_branch_labels']) retrieved from /home/beau/airflow/py_env/lib/python3.10/site-packages/airflow/example_dags/example_branch_labels.py
[2023-09-27T22:39:45.206-0400] {logging_mixin.py:151} INFO - [2023-09-27T22:39:45.206-0400] {dag.py:2915} INFO - Sync 1 DAGs
[2023-09-27T22:39:45.229-0400] {logging_mixin.py:151} INFO - [2023-09-27T22:39:45.229-0400] {dag.py:3696} INFO - Setting next_dagrun for example_branch_labels to 2023-09-27T00:00:00+00:00, run_after=2023-09-28T00:00:00+00:00
[2023-09-27T22:39:45.259-0400] {processor.py:179} INFO - Processing /home/beau/airflow/py_env/lib/python3.10/site-packages/airflow/example_dags/example_branch_labels.py took 0.097 seconds
[2023-09-27T22:40:49.142-0400] {processor.py:157} INFO - Started process (PID=12276) to work on /home/beau/airflow/py_env/lib/python3.10/site-packages/airflow/example_dags/example_branch_labels.py
[2023-09-27T22:40:49.146-0400] {processor.py:829} INFO - Processing file /home/beau/airflow/py_env/lib/python3.10/site-packages/airflow/example_dags/example_branch_labels.py for tasks to queue
[2023-09-27T22:40:49.148-0400] {logging_mixin.py:151} INFO - [2023-09-27T22:40:49.147-0400] {dagbag.py:539} INFO - Filling up the DagBag from /home/beau/airflow/py_env/lib/python3.10/site-packages/airflow/example_dags/example_branch_labels.py
[2023-09-27T22:40:49.158-0400] {processor.py:839} INFO - DAG(s) dict_keys(['example_branch_labels']) retrieved from /home/beau/airflow/py_env/lib/python3.10/site-packages/airflow/example_dags/example_branch_labels.py
[2023-09-27T22:40:49.178-0400] {logging_mixin.py:151} INFO - [2023-09-27T22:40:49.178-0400] {dag.py:2915} INFO - Sync 1 DAGs
[2023-09-27T22:40:49.203-0400] {logging_mixin.py:151} INFO - [2023-09-27T22:40:49.203-0400] {dag.py:3696} INFO - Setting next_dagrun for example_branch_labels to 2023-09-27T00:00:00+00:00, run_after=2023-09-28T00:00:00+00:00
[2023-09-27T22:40:49.235-0400] {processor.py:179} INFO - Processing /home/beau/airflow/py_env/lib/python3.10/site-packages/airflow/example_dags/example_branch_labels.py took 0.098 seconds
[2023-09-27T22:41:47.601-0400] {processor.py:157} INFO - Started process (PID=12652) to work on /home/beau/airflow/py_env/lib/python3.10/site-packages/airflow/example_dags/example_branch_labels.py
[2023-09-27T22:41:47.606-0400] {processor.py:829} INFO - Processing file /home/beau/airflow/py_env/lib/python3.10/site-packages/airflow/example_dags/example_branch_labels.py for tasks to queue
[2023-09-27T22:41:47.608-0400] {logging_mixin.py:151} INFO - [2023-09-27T22:41:47.607-0400] {dagbag.py:539} INFO - Filling up the DagBag from /home/beau/airflow/py_env/lib/python3.10/site-packages/airflow/example_dags/example_branch_labels.py
[2023-09-27T22:41:47.619-0400] {processor.py:839} INFO - DAG(s) dict_keys(['example_branch_labels']) retrieved from /home/beau/airflow/py_env/lib/python3.10/site-packages/airflow/example_dags/example_branch_labels.py
[2023-09-27T22:41:47.635-0400] {logging_mixin.py:151} INFO - [2023-09-27T22:41:47.635-0400] {dag.py:2915} INFO - Sync 1 DAGs
[2023-09-27T22:41:47.653-0400] {logging_mixin.py:151} INFO - [2023-09-27T22:41:47.652-0400] {dag.py:3696} INFO - Setting next_dagrun for example_branch_labels to 2023-09-27T00:00:00+00:00, run_after=2023-09-28T00:00:00+00:00
[2023-09-27T22:41:47.675-0400] {processor.py:179} INFO - Processing /home/beau/airflow/py_env/lib/python3.10/site-packages/airflow/example_dags/example_branch_labels.py took 0.079 seconds
[2023-09-27T22:42:45.697-0400] {processor.py:157} INFO - Started process (PID=13059) to work on /home/beau/airflow/py_env/lib/python3.10/site-packages/airflow/example_dags/example_branch_labels.py
[2023-09-27T22:42:45.700-0400] {processor.py:829} INFO - Processing file /home/beau/airflow/py_env/lib/python3.10/site-packages/airflow/example_dags/example_branch_labels.py for tasks to queue
[2023-09-27T22:42:45.701-0400] {logging_mixin.py:151} INFO - [2023-09-27T22:42:45.701-0400] {dagbag.py:539} INFO - Filling up the DagBag from /home/beau/airflow/py_env/lib/python3.10/site-packages/airflow/example_dags/example_branch_labels.py
[2023-09-27T22:42:45.709-0400] {processor.py:839} INFO - DAG(s) dict_keys(['example_branch_labels']) retrieved from /home/beau/airflow/py_env/lib/python3.10/site-packages/airflow/example_dags/example_branch_labels.py
[2023-09-27T22:42:45.725-0400] {logging_mixin.py:151} INFO - [2023-09-27T22:42:45.725-0400] {dag.py:2915} INFO - Sync 1 DAGs
[2023-09-27T22:42:45.744-0400] {logging_mixin.py:151} INFO - [2023-09-27T22:42:45.743-0400] {dag.py:3696} INFO - Setting next_dagrun for example_branch_labels to 2023-09-27T00:00:00+00:00, run_after=2023-09-28T00:00:00+00:00
[2023-09-27T22:42:45.768-0400] {processor.py:179} INFO - Processing /home/beau/airflow/py_env/lib/python3.10/site-packages/airflow/example_dags/example_branch_labels.py took 0.076 seconds
[2023-09-27T22:43:41.057-0400] {processor.py:157} INFO - Started process (PID=13468) to work on /home/beau/airflow/py_env/lib/python3.10/site-packages/airflow/example_dags/example_branch_labels.py
[2023-09-27T22:43:41.062-0400] {processor.py:829} INFO - Processing file /home/beau/airflow/py_env/lib/python3.10/site-packages/airflow/example_dags/example_branch_labels.py for tasks to queue
[2023-09-27T22:43:41.064-0400] {logging_mixin.py:151} INFO - [2023-09-27T22:43:41.063-0400] {dagbag.py:539} INFO - Filling up the DagBag from /home/beau/airflow/py_env/lib/python3.10/site-packages/airflow/example_dags/example_branch_labels.py
[2023-09-27T22:43:41.081-0400] {processor.py:839} INFO - DAG(s) dict_keys(['example_branch_labels']) retrieved from /home/beau/airflow/py_env/lib/python3.10/site-packages/airflow/example_dags/example_branch_labels.py
[2023-09-27T22:43:41.113-0400] {logging_mixin.py:151} INFO - [2023-09-27T22:43:41.113-0400] {dag.py:2915} INFO - Sync 1 DAGs
[2023-09-27T22:43:41.134-0400] {logging_mixin.py:151} INFO - [2023-09-27T22:43:41.134-0400] {dag.py:3696} INFO - Setting next_dagrun for example_branch_labels to 2023-09-27T00:00:00+00:00, run_after=2023-09-28T00:00:00+00:00
[2023-09-27T22:43:41.165-0400] {processor.py:179} INFO - Processing /home/beau/airflow/py_env/lib/python3.10/site-packages/airflow/example_dags/example_branch_labels.py took 0.116 seconds
[2023-09-27T22:44:43.358-0400] {processor.py:157} INFO - Started process (PID=13998) to work on /home/beau/airflow/py_env/lib/python3.10/site-packages/airflow/example_dags/example_branch_labels.py
[2023-09-27T22:44:43.362-0400] {processor.py:829} INFO - Processing file /home/beau/airflow/py_env/lib/python3.10/site-packages/airflow/example_dags/example_branch_labels.py for tasks to queue
[2023-09-27T22:44:43.364-0400] {logging_mixin.py:151} INFO - [2023-09-27T22:44:43.363-0400] {dagbag.py:539} INFO - Filling up the DagBag from /home/beau/airflow/py_env/lib/python3.10/site-packages/airflow/example_dags/example_branch_labels.py
[2023-09-27T22:44:43.379-0400] {processor.py:839} INFO - DAG(s) dict_keys(['example_branch_labels']) retrieved from /home/beau/airflow/py_env/lib/python3.10/site-packages/airflow/example_dags/example_branch_labels.py
[2023-09-27T22:44:43.400-0400] {logging_mixin.py:151} INFO - [2023-09-27T22:44:43.399-0400] {dag.py:2915} INFO - Sync 1 DAGs
[2023-09-27T22:44:43.418-0400] {logging_mixin.py:151} INFO - [2023-09-27T22:44:43.418-0400] {dag.py:3696} INFO - Setting next_dagrun for example_branch_labels to 2023-09-27T00:00:00+00:00, run_after=2023-09-28T00:00:00+00:00
[2023-09-27T22:44:43.448-0400] {processor.py:179} INFO - Processing /home/beau/airflow/py_env/lib/python3.10/site-packages/airflow/example_dags/example_branch_labels.py took 0.100 seconds
[2023-09-27T22:45:35.819-0400] {processor.py:157} INFO - Started process (PID=14430) to work on /home/beau/airflow/py_env/lib/python3.10/site-packages/airflow/example_dags/example_branch_labels.py
[2023-09-27T22:45:35.823-0400] {processor.py:829} INFO - Processing file /home/beau/airflow/py_env/lib/python3.10/site-packages/airflow/example_dags/example_branch_labels.py for tasks to queue
[2023-09-27T22:45:35.825-0400] {logging_mixin.py:151} INFO - [2023-09-27T22:45:35.824-0400] {dagbag.py:539} INFO - Filling up the DagBag from /home/beau/airflow/py_env/lib/python3.10/site-packages/airflow/example_dags/example_branch_labels.py
[2023-09-27T22:45:35.834-0400] {processor.py:839} INFO - DAG(s) dict_keys(['example_branch_labels']) retrieved from /home/beau/airflow/py_env/lib/python3.10/site-packages/airflow/example_dags/example_branch_labels.py
[2023-09-27T22:45:35.854-0400] {logging_mixin.py:151} INFO - [2023-09-27T22:45:35.854-0400] {dag.py:2915} INFO - Sync 1 DAGs
[2023-09-27T22:45:35.875-0400] {logging_mixin.py:151} INFO - [2023-09-27T22:45:35.874-0400] {dag.py:3696} INFO - Setting next_dagrun for example_branch_labels to 2023-09-27T00:00:00+00:00, run_after=2023-09-28T00:00:00+00:00
[2023-09-27T22:45:35.898-0400] {processor.py:179} INFO - Processing /home/beau/airflow/py_env/lib/python3.10/site-packages/airflow/example_dags/example_branch_labels.py took 0.087 seconds
[2023-09-27T22:46:38.248-0400] {processor.py:157} INFO - Started process (PID=15277) to work on /home/beau/airflow/py_env/lib/python3.10/site-packages/airflow/example_dags/example_branch_labels.py
[2023-09-27T22:46:38.251-0400] {processor.py:829} INFO - Processing file /home/beau/airflow/py_env/lib/python3.10/site-packages/airflow/example_dags/example_branch_labels.py for tasks to queue
[2023-09-27T22:46:38.252-0400] {logging_mixin.py:151} INFO - [2023-09-27T22:46:38.252-0400] {dagbag.py:539} INFO - Filling up the DagBag from /home/beau/airflow/py_env/lib/python3.10/site-packages/airflow/example_dags/example_branch_labels.py
[2023-09-27T22:46:38.261-0400] {processor.py:839} INFO - DAG(s) dict_keys(['example_branch_labels']) retrieved from /home/beau/airflow/py_env/lib/python3.10/site-packages/airflow/example_dags/example_branch_labels.py
[2023-09-27T22:46:38.283-0400] {logging_mixin.py:151} INFO - [2023-09-27T22:46:38.283-0400] {dag.py:2915} INFO - Sync 1 DAGs
[2023-09-27T22:46:38.311-0400] {logging_mixin.py:151} INFO - [2023-09-27T22:46:38.311-0400] {dag.py:3696} INFO - Setting next_dagrun for example_branch_labels to 2023-09-27T00:00:00+00:00, run_after=2023-09-28T00:00:00+00:00
[2023-09-27T22:46:38.339-0400] {processor.py:179} INFO - Processing /home/beau/airflow/py_env/lib/python3.10/site-packages/airflow/example_dags/example_branch_labels.py took 0.095 seconds
[2023-09-27T22:47:37.418-0400] {processor.py:157} INFO - Started process (PID=15967) to work on /home/beau/airflow/py_env/lib/python3.10/site-packages/airflow/example_dags/example_branch_labels.py
[2023-09-27T22:47:37.423-0400] {processor.py:829} INFO - Processing file /home/beau/airflow/py_env/lib/python3.10/site-packages/airflow/example_dags/example_branch_labels.py for tasks to queue
[2023-09-27T22:47:37.424-0400] {logging_mixin.py:151} INFO - [2023-09-27T22:47:37.424-0400] {dagbag.py:539} INFO - Filling up the DagBag from /home/beau/airflow/py_env/lib/python3.10/site-packages/airflow/example_dags/example_branch_labels.py
[2023-09-27T22:47:37.440-0400] {processor.py:839} INFO - DAG(s) dict_keys(['example_branch_labels']) retrieved from /home/beau/airflow/py_env/lib/python3.10/site-packages/airflow/example_dags/example_branch_labels.py
[2023-09-27T22:47:37.463-0400] {logging_mixin.py:151} INFO - [2023-09-27T22:47:37.462-0400] {dag.py:2915} INFO - Sync 1 DAGs
[2023-09-27T22:47:37.484-0400] {logging_mixin.py:151} INFO - [2023-09-27T22:47:37.484-0400] {dag.py:3696} INFO - Setting next_dagrun for example_branch_labels to 2023-09-27T00:00:00+00:00, run_after=2023-09-28T00:00:00+00:00
[2023-09-27T22:47:37.512-0400] {processor.py:179} INFO - Processing /home/beau/airflow/py_env/lib/python3.10/site-packages/airflow/example_dags/example_branch_labels.py took 0.103 seconds
[2023-09-27T22:48:37.396-0400] {processor.py:157} INFO - Started process (PID=16573) to work on /home/beau/airflow/py_env/lib/python3.10/site-packages/airflow/example_dags/example_branch_labels.py
[2023-09-27T22:48:37.400-0400] {processor.py:829} INFO - Processing file /home/beau/airflow/py_env/lib/python3.10/site-packages/airflow/example_dags/example_branch_labels.py for tasks to queue
[2023-09-27T22:48:37.401-0400] {logging_mixin.py:151} INFO - [2023-09-27T22:48:37.401-0400] {dagbag.py:539} INFO - Filling up the DagBag from /home/beau/airflow/py_env/lib/python3.10/site-packages/airflow/example_dags/example_branch_labels.py
[2023-09-27T22:48:37.413-0400] {processor.py:839} INFO - DAG(s) dict_keys(['example_branch_labels']) retrieved from /home/beau/airflow/py_env/lib/python3.10/site-packages/airflow/example_dags/example_branch_labels.py
[2023-09-27T22:48:37.431-0400] {logging_mixin.py:151} INFO - [2023-09-27T22:48:37.431-0400] {dag.py:2915} INFO - Sync 1 DAGs
[2023-09-27T22:48:37.449-0400] {logging_mixin.py:151} INFO - [2023-09-27T22:48:37.449-0400] {dag.py:3696} INFO - Setting next_dagrun for example_branch_labels to 2023-09-27T00:00:00+00:00, run_after=2023-09-28T00:00:00+00:00
[2023-09-27T22:48:37.481-0400] {processor.py:179} INFO - Processing /home/beau/airflow/py_env/lib/python3.10/site-packages/airflow/example_dags/example_branch_labels.py took 0.091 seconds
[2023-09-27T22:49:34.483-0400] {processor.py:157} INFO - Started process (PID=17030) to work on /home/beau/airflow/py_env/lib/python3.10/site-packages/airflow/example_dags/example_branch_labels.py
[2023-09-27T22:49:34.488-0400] {processor.py:829} INFO - Processing file /home/beau/airflow/py_env/lib/python3.10/site-packages/airflow/example_dags/example_branch_labels.py for tasks to queue
[2023-09-27T22:49:34.490-0400] {logging_mixin.py:151} INFO - [2023-09-27T22:49:34.489-0400] {dagbag.py:539} INFO - Filling up the DagBag from /home/beau/airflow/py_env/lib/python3.10/site-packages/airflow/example_dags/example_branch_labels.py
[2023-09-27T22:49:34.504-0400] {processor.py:839} INFO - DAG(s) dict_keys(['example_branch_labels']) retrieved from /home/beau/airflow/py_env/lib/python3.10/site-packages/airflow/example_dags/example_branch_labels.py
[2023-09-27T22:49:34.522-0400] {logging_mixin.py:151} INFO - [2023-09-27T22:49:34.522-0400] {dag.py:2915} INFO - Sync 1 DAGs
[2023-09-27T22:49:34.540-0400] {logging_mixin.py:151} INFO - [2023-09-27T22:49:34.540-0400] {dag.py:3696} INFO - Setting next_dagrun for example_branch_labels to 2023-09-27T00:00:00+00:00, run_after=2023-09-28T00:00:00+00:00
[2023-09-27T22:49:34.565-0400] {processor.py:179} INFO - Processing /home/beau/airflow/py_env/lib/python3.10/site-packages/airflow/example_dags/example_branch_labels.py took 0.088 seconds
[2023-09-27T22:50:31.719-0400] {processor.py:157} INFO - Started process (PID=17290) to work on /home/beau/airflow/py_env/lib/python3.10/site-packages/airflow/example_dags/example_branch_labels.py
[2023-09-27T22:50:31.723-0400] {processor.py:829} INFO - Processing file /home/beau/airflow/py_env/lib/python3.10/site-packages/airflow/example_dags/example_branch_labels.py for tasks to queue
[2023-09-27T22:50:31.725-0400] {logging_mixin.py:151} INFO - [2023-09-27T22:50:31.724-0400] {dagbag.py:539} INFO - Filling up the DagBag from /home/beau/airflow/py_env/lib/python3.10/site-packages/airflow/example_dags/example_branch_labels.py
[2023-09-27T22:50:31.739-0400] {processor.py:839} INFO - DAG(s) dict_keys(['example_branch_labels']) retrieved from /home/beau/airflow/py_env/lib/python3.10/site-packages/airflow/example_dags/example_branch_labels.py
[2023-09-27T22:50:31.753-0400] {logging_mixin.py:151} INFO - [2023-09-27T22:50:31.753-0400] {dag.py:2915} INFO - Sync 1 DAGs
[2023-09-27T22:50:31.770-0400] {logging_mixin.py:151} INFO - [2023-09-27T22:50:31.770-0400] {dag.py:3696} INFO - Setting next_dagrun for example_branch_labels to 2023-09-27T00:00:00+00:00, run_after=2023-09-28T00:00:00+00:00
[2023-09-27T22:50:31.793-0400] {processor.py:179} INFO - Processing /home/beau/airflow/py_env/lib/python3.10/site-packages/airflow/example_dags/example_branch_labels.py took 0.081 seconds
[2023-09-27T22:51:25.887-0400] {processor.py:157} INFO - Started process (PID=17538) to work on /home/beau/airflow/py_env/lib/python3.10/site-packages/airflow/example_dags/example_branch_labels.py
[2023-09-27T22:51:25.892-0400] {processor.py:829} INFO - Processing file /home/beau/airflow/py_env/lib/python3.10/site-packages/airflow/example_dags/example_branch_labels.py for tasks to queue
[2023-09-27T22:51:25.894-0400] {logging_mixin.py:151} INFO - [2023-09-27T22:51:25.893-0400] {dagbag.py:539} INFO - Filling up the DagBag from /home/beau/airflow/py_env/lib/python3.10/site-packages/airflow/example_dags/example_branch_labels.py
[2023-09-27T22:51:25.909-0400] {processor.py:839} INFO - DAG(s) dict_keys(['example_branch_labels']) retrieved from /home/beau/airflow/py_env/lib/python3.10/site-packages/airflow/example_dags/example_branch_labels.py
[2023-09-27T22:51:25.925-0400] {logging_mixin.py:151} INFO - [2023-09-27T22:51:25.925-0400] {dag.py:2915} INFO - Sync 1 DAGs
[2023-09-27T22:51:25.945-0400] {logging_mixin.py:151} INFO - [2023-09-27T22:51:25.944-0400] {dag.py:3696} INFO - Setting next_dagrun for example_branch_labels to 2023-09-27T00:00:00+00:00, run_after=2023-09-28T00:00:00+00:00
[2023-09-27T22:51:25.978-0400] {processor.py:179} INFO - Processing /home/beau/airflow/py_env/lib/python3.10/site-packages/airflow/example_dags/example_branch_labels.py took 0.098 seconds
[2023-09-27T22:52:22.793-0400] {processor.py:157} INFO - Started process (PID=17798) to work on /home/beau/airflow/py_env/lib/python3.10/site-packages/airflow/example_dags/example_branch_labels.py
[2023-09-27T22:52:22.796-0400] {processor.py:829} INFO - Processing file /home/beau/airflow/py_env/lib/python3.10/site-packages/airflow/example_dags/example_branch_labels.py for tasks to queue
[2023-09-27T22:52:22.797-0400] {logging_mixin.py:151} INFO - [2023-09-27T22:52:22.797-0400] {dagbag.py:539} INFO - Filling up the DagBag from /home/beau/airflow/py_env/lib/python3.10/site-packages/airflow/example_dags/example_branch_labels.py
[2023-09-27T22:52:22.807-0400] {processor.py:839} INFO - DAG(s) dict_keys(['example_branch_labels']) retrieved from /home/beau/airflow/py_env/lib/python3.10/site-packages/airflow/example_dags/example_branch_labels.py
[2023-09-27T22:52:22.826-0400] {logging_mixin.py:151} INFO - [2023-09-27T22:52:22.826-0400] {dag.py:2915} INFO - Sync 1 DAGs
[2023-09-27T22:52:22.842-0400] {logging_mixin.py:151} INFO - [2023-09-27T22:52:22.842-0400] {dag.py:3696} INFO - Setting next_dagrun for example_branch_labels to 2023-09-27T00:00:00+00:00, run_after=2023-09-28T00:00:00+00:00
[2023-09-27T22:52:22.864-0400] {processor.py:179} INFO - Processing /home/beau/airflow/py_env/lib/python3.10/site-packages/airflow/example_dags/example_branch_labels.py took 0.075 seconds
[2023-09-27T22:53:14.441-0400] {processor.py:157} INFO - Started process (PID=18238) to work on /home/beau/airflow/py_env/lib/python3.10/site-packages/airflow/example_dags/example_branch_labels.py
[2023-09-27T22:53:14.447-0400] {processor.py:829} INFO - Processing file /home/beau/airflow/py_env/lib/python3.10/site-packages/airflow/example_dags/example_branch_labels.py for tasks to queue
[2023-09-27T22:53:14.449-0400] {logging_mixin.py:151} INFO - [2023-09-27T22:53:14.448-0400] {dagbag.py:539} INFO - Filling up the DagBag from /home/beau/airflow/py_env/lib/python3.10/site-packages/airflow/example_dags/example_branch_labels.py
[2023-09-27T22:53:14.471-0400] {processor.py:839} INFO - DAG(s) dict_keys(['example_branch_labels']) retrieved from /home/beau/airflow/py_env/lib/python3.10/site-packages/airflow/example_dags/example_branch_labels.py
[2023-09-27T22:53:14.499-0400] {logging_mixin.py:151} INFO - [2023-09-27T22:53:14.499-0400] {dag.py:2915} INFO - Sync 1 DAGs
[2023-09-27T22:53:14.523-0400] {logging_mixin.py:151} INFO - [2023-09-27T22:53:14.523-0400] {dag.py:3696} INFO - Setting next_dagrun for example_branch_labels to 2023-09-27T00:00:00+00:00, run_after=2023-09-28T00:00:00+00:00
[2023-09-27T22:53:14.546-0400] {processor.py:179} INFO - Processing /home/beau/airflow/py_env/lib/python3.10/site-packages/airflow/example_dags/example_branch_labels.py took 0.114 seconds
[2023-09-27T22:54:07.726-0400] {processor.py:157} INFO - Started process (PID=18691) to work on /home/beau/airflow/py_env/lib/python3.10/site-packages/airflow/example_dags/example_branch_labels.py
[2023-09-27T22:54:07.730-0400] {processor.py:829} INFO - Processing file /home/beau/airflow/py_env/lib/python3.10/site-packages/airflow/example_dags/example_branch_labels.py for tasks to queue
[2023-09-27T22:54:07.732-0400] {logging_mixin.py:151} INFO - [2023-09-27T22:54:07.731-0400] {dagbag.py:539} INFO - Filling up the DagBag from /home/beau/airflow/py_env/lib/python3.10/site-packages/airflow/example_dags/example_branch_labels.py
[2023-09-27T22:54:07.744-0400] {processor.py:839} INFO - DAG(s) dict_keys(['example_branch_labels']) retrieved from /home/beau/airflow/py_env/lib/python3.10/site-packages/airflow/example_dags/example_branch_labels.py
[2023-09-27T22:54:07.763-0400] {logging_mixin.py:151} INFO - [2023-09-27T22:54:07.763-0400] {dag.py:2915} INFO - Sync 1 DAGs
[2023-09-27T22:54:07.783-0400] {logging_mixin.py:151} INFO - [2023-09-27T22:54:07.783-0400] {dag.py:3696} INFO - Setting next_dagrun for example_branch_labels to 2023-09-27T00:00:00+00:00, run_after=2023-09-28T00:00:00+00:00
[2023-09-27T22:54:07.807-0400] {processor.py:179} INFO - Processing /home/beau/airflow/py_env/lib/python3.10/site-packages/airflow/example_dags/example_branch_labels.py took 0.087 seconds
[2023-09-27T22:55:02.318-0400] {processor.py:157} INFO - Started process (PID=19319) to work on /home/beau/airflow/py_env/lib/python3.10/site-packages/airflow/example_dags/example_branch_labels.py
[2023-09-27T22:55:02.323-0400] {processor.py:829} INFO - Processing file /home/beau/airflow/py_env/lib/python3.10/site-packages/airflow/example_dags/example_branch_labels.py for tasks to queue
[2023-09-27T22:55:02.324-0400] {logging_mixin.py:151} INFO - [2023-09-27T22:55:02.324-0400] {dagbag.py:539} INFO - Filling up the DagBag from /home/beau/airflow/py_env/lib/python3.10/site-packages/airflow/example_dags/example_branch_labels.py
[2023-09-27T22:55:02.336-0400] {processor.py:839} INFO - DAG(s) dict_keys(['example_branch_labels']) retrieved from /home/beau/airflow/py_env/lib/python3.10/site-packages/airflow/example_dags/example_branch_labels.py
[2023-09-27T22:55:02.353-0400] {logging_mixin.py:151} INFO - [2023-09-27T22:55:02.353-0400] {dag.py:2915} INFO - Sync 1 DAGs
[2023-09-27T22:55:02.369-0400] {logging_mixin.py:151} INFO - [2023-09-27T22:55:02.369-0400] {dag.py:3696} INFO - Setting next_dagrun for example_branch_labels to 2023-09-27T00:00:00+00:00, run_after=2023-09-28T00:00:00+00:00
[2023-09-27T22:55:02.400-0400] {processor.py:179} INFO - Processing /home/beau/airflow/py_env/lib/python3.10/site-packages/airflow/example_dags/example_branch_labels.py took 0.087 seconds
[2023-09-27T22:56:01.308-0400] {processor.py:157} INFO - Started process (PID=19728) to work on /home/beau/airflow/py_env/lib/python3.10/site-packages/airflow/example_dags/example_branch_labels.py
[2023-09-27T22:56:01.312-0400] {processor.py:829} INFO - Processing file /home/beau/airflow/py_env/lib/python3.10/site-packages/airflow/example_dags/example_branch_labels.py for tasks to queue
[2023-09-27T22:56:01.313-0400] {logging_mixin.py:151} INFO - [2023-09-27T22:56:01.312-0400] {dagbag.py:539} INFO - Filling up the DagBag from /home/beau/airflow/py_env/lib/python3.10/site-packages/airflow/example_dags/example_branch_labels.py
[2023-09-27T22:56:01.320-0400] {processor.py:839} INFO - DAG(s) dict_keys(['example_branch_labels']) retrieved from /home/beau/airflow/py_env/lib/python3.10/site-packages/airflow/example_dags/example_branch_labels.py
[2023-09-27T22:56:01.338-0400] {logging_mixin.py:151} INFO - [2023-09-27T22:56:01.337-0400] {dag.py:2915} INFO - Sync 1 DAGs
[2023-09-27T22:56:01.356-0400] {logging_mixin.py:151} INFO - [2023-09-27T22:56:01.356-0400] {dag.py:3696} INFO - Setting next_dagrun for example_branch_labels to 2023-09-27T00:00:00+00:00, run_after=2023-09-28T00:00:00+00:00
[2023-09-27T22:56:01.379-0400] {processor.py:179} INFO - Processing /home/beau/airflow/py_env/lib/python3.10/site-packages/airflow/example_dags/example_branch_labels.py took 0.074 seconds
[2023-09-27T22:56:53.674-0400] {processor.py:157} INFO - Started process (PID=20349) to work on /home/beau/airflow/py_env/lib/python3.10/site-packages/airflow/example_dags/example_branch_labels.py
[2023-09-27T22:56:53.678-0400] {processor.py:829} INFO - Processing file /home/beau/airflow/py_env/lib/python3.10/site-packages/airflow/example_dags/example_branch_labels.py for tasks to queue
[2023-09-27T22:56:53.680-0400] {logging_mixin.py:151} INFO - [2023-09-27T22:56:53.679-0400] {dagbag.py:539} INFO - Filling up the DagBag from /home/beau/airflow/py_env/lib/python3.10/site-packages/airflow/example_dags/example_branch_labels.py
[2023-09-27T22:56:53.691-0400] {processor.py:839} INFO - DAG(s) dict_keys(['example_branch_labels']) retrieved from /home/beau/airflow/py_env/lib/python3.10/site-packages/airflow/example_dags/example_branch_labels.py
[2023-09-27T22:56:53.718-0400] {logging_mixin.py:151} INFO - [2023-09-27T22:56:53.717-0400] {dag.py:2915} INFO - Sync 1 DAGs
[2023-09-27T22:56:53.745-0400] {logging_mixin.py:151} INFO - [2023-09-27T22:56:53.745-0400] {dag.py:3696} INFO - Setting next_dagrun for example_branch_labels to 2023-09-27T00:00:00+00:00, run_after=2023-09-28T00:00:00+00:00
[2023-09-27T22:56:53.770-0400] {processor.py:179} INFO - Processing /home/beau/airflow/py_env/lib/python3.10/site-packages/airflow/example_dags/example_branch_labels.py took 0.100 seconds
[2023-09-27T22:57:44.454-0400] {processor.py:157} INFO - Started process (PID=20756) to work on /home/beau/airflow/py_env/lib/python3.10/site-packages/airflow/example_dags/example_branch_labels.py
[2023-09-27T22:57:44.459-0400] {processor.py:829} INFO - Processing file /home/beau/airflow/py_env/lib/python3.10/site-packages/airflow/example_dags/example_branch_labels.py for tasks to queue
[2023-09-27T22:57:44.461-0400] {logging_mixin.py:151} INFO - [2023-09-27T22:57:44.460-0400] {dagbag.py:539} INFO - Filling up the DagBag from /home/beau/airflow/py_env/lib/python3.10/site-packages/airflow/example_dags/example_branch_labels.py
[2023-09-27T22:57:44.478-0400] {processor.py:839} INFO - DAG(s) dict_keys(['example_branch_labels']) retrieved from /home/beau/airflow/py_env/lib/python3.10/site-packages/airflow/example_dags/example_branch_labels.py
[2023-09-27T22:57:44.496-0400] {logging_mixin.py:151} INFO - [2023-09-27T22:57:44.496-0400] {dag.py:2915} INFO - Sync 1 DAGs
[2023-09-27T22:57:44.515-0400] {logging_mixin.py:151} INFO - [2023-09-27T22:57:44.515-0400] {dag.py:3696} INFO - Setting next_dagrun for example_branch_labels to 2023-09-27T00:00:00+00:00, run_after=2023-09-28T00:00:00+00:00
[2023-09-27T22:57:44.543-0400] {processor.py:179} INFO - Processing /home/beau/airflow/py_env/lib/python3.10/site-packages/airflow/example_dags/example_branch_labels.py took 0.097 seconds
[2023-09-27T22:58:35.958-0400] {processor.py:157} INFO - Started process (PID=21286) to work on /home/beau/airflow/py_env/lib/python3.10/site-packages/airflow/example_dags/example_branch_labels.py
[2023-09-27T22:58:35.963-0400] {processor.py:829} INFO - Processing file /home/beau/airflow/py_env/lib/python3.10/site-packages/airflow/example_dags/example_branch_labels.py for tasks to queue
[2023-09-27T22:58:35.965-0400] {logging_mixin.py:151} INFO - [2023-09-27T22:58:35.964-0400] {dagbag.py:539} INFO - Filling up the DagBag from /home/beau/airflow/py_env/lib/python3.10/site-packages/airflow/example_dags/example_branch_labels.py
[2023-09-27T22:58:35.979-0400] {processor.py:839} INFO - DAG(s) dict_keys(['example_branch_labels']) retrieved from /home/beau/airflow/py_env/lib/python3.10/site-packages/airflow/example_dags/example_branch_labels.py
[2023-09-27T22:58:35.996-0400] {logging_mixin.py:151} INFO - [2023-09-27T22:58:35.996-0400] {dag.py:2915} INFO - Sync 1 DAGs
[2023-09-27T22:58:36.013-0400] {logging_mixin.py:151} INFO - [2023-09-27T22:58:36.012-0400] {dag.py:3696} INFO - Setting next_dagrun for example_branch_labels to 2023-09-27T00:00:00+00:00, run_after=2023-09-28T00:00:00+00:00
[2023-09-27T22:58:36.034-0400] {processor.py:179} INFO - Processing /home/beau/airflow/py_env/lib/python3.10/site-packages/airflow/example_dags/example_branch_labels.py took 0.084 seconds
[2023-09-27T22:59:30.740-0400] {processor.py:157} INFO - Started process (PID=21723) to work on /home/beau/airflow/py_env/lib/python3.10/site-packages/airflow/example_dags/example_branch_labels.py
[2023-09-27T22:59:30.743-0400] {processor.py:829} INFO - Processing file /home/beau/airflow/py_env/lib/python3.10/site-packages/airflow/example_dags/example_branch_labels.py for tasks to queue
[2023-09-27T22:59:30.744-0400] {logging_mixin.py:151} INFO - [2023-09-27T22:59:30.744-0400] {dagbag.py:539} INFO - Filling up the DagBag from /home/beau/airflow/py_env/lib/python3.10/site-packages/airflow/example_dags/example_branch_labels.py
[2023-09-27T22:59:30.752-0400] {processor.py:839} INFO - DAG(s) dict_keys(['example_branch_labels']) retrieved from /home/beau/airflow/py_env/lib/python3.10/site-packages/airflow/example_dags/example_branch_labels.py
[2023-09-27T22:59:30.768-0400] {logging_mixin.py:151} INFO - [2023-09-27T22:59:30.768-0400] {dag.py:2915} INFO - Sync 1 DAGs
[2023-09-27T22:59:30.784-0400] {logging_mixin.py:151} INFO - [2023-09-27T22:59:30.784-0400] {dag.py:3696} INFO - Setting next_dagrun for example_branch_labels to 2023-09-27T00:00:00+00:00, run_after=2023-09-28T00:00:00+00:00
[2023-09-27T22:59:30.808-0400] {processor.py:179} INFO - Processing /home/beau/airflow/py_env/lib/python3.10/site-packages/airflow/example_dags/example_branch_labels.py took 0.071 seconds
[2023-09-27T23:00:25.930-0400] {processor.py:157} INFO - Started process (PID=21970) to work on /home/beau/airflow/py_env/lib/python3.10/site-packages/airflow/example_dags/example_branch_labels.py
[2023-09-27T23:00:25.935-0400] {processor.py:829} INFO - Processing file /home/beau/airflow/py_env/lib/python3.10/site-packages/airflow/example_dags/example_branch_labels.py for tasks to queue
[2023-09-27T23:00:25.936-0400] {logging_mixin.py:151} INFO - [2023-09-27T23:00:25.935-0400] {dagbag.py:539} INFO - Filling up the DagBag from /home/beau/airflow/py_env/lib/python3.10/site-packages/airflow/example_dags/example_branch_labels.py
[2023-09-27T23:00:25.943-0400] {processor.py:839} INFO - DAG(s) dict_keys(['example_branch_labels']) retrieved from /home/beau/airflow/py_env/lib/python3.10/site-packages/airflow/example_dags/example_branch_labels.py
[2023-09-27T23:00:25.961-0400] {logging_mixin.py:151} INFO - [2023-09-27T23:00:25.961-0400] {dag.py:2915} INFO - Sync 1 DAGs
[2023-09-27T23:00:25.984-0400] {logging_mixin.py:151} INFO - [2023-09-27T23:00:25.983-0400] {dag.py:3696} INFO - Setting next_dagrun for example_branch_labels to 2023-09-27T00:00:00+00:00, run_after=2023-09-28T00:00:00+00:00
[2023-09-27T23:00:26.009-0400] {processor.py:179} INFO - Processing /home/beau/airflow/py_env/lib/python3.10/site-packages/airflow/example_dags/example_branch_labels.py took 0.081 seconds
[2023-09-27T23:01:17.903-0400] {processor.py:157} INFO - Started process (PID=22215) to work on /home/beau/airflow/py_env/lib/python3.10/site-packages/airflow/example_dags/example_branch_labels.py
[2023-09-27T23:01:17.909-0400] {processor.py:829} INFO - Processing file /home/beau/airflow/py_env/lib/python3.10/site-packages/airflow/example_dags/example_branch_labels.py for tasks to queue
[2023-09-27T23:01:17.911-0400] {logging_mixin.py:151} INFO - [2023-09-27T23:01:17.910-0400] {dagbag.py:539} INFO - Filling up the DagBag from /home/beau/airflow/py_env/lib/python3.10/site-packages/airflow/example_dags/example_branch_labels.py
[2023-09-27T23:01:17.932-0400] {processor.py:839} INFO - DAG(s) dict_keys(['example_branch_labels']) retrieved from /home/beau/airflow/py_env/lib/python3.10/site-packages/airflow/example_dags/example_branch_labels.py
[2023-09-27T23:01:17.954-0400] {logging_mixin.py:151} INFO - [2023-09-27T23:01:17.954-0400] {dag.py:2915} INFO - Sync 1 DAGs
[2023-09-27T23:01:17.971-0400] {logging_mixin.py:151} INFO - [2023-09-27T23:01:17.971-0400] {dag.py:3696} INFO - Setting next_dagrun for example_branch_labels to 2023-09-27T00:00:00+00:00, run_after=2023-09-28T00:00:00+00:00
[2023-09-27T23:01:17.999-0400] {processor.py:179} INFO - Processing /home/beau/airflow/py_env/lib/python3.10/site-packages/airflow/example_dags/example_branch_labels.py took 0.105 seconds
[2023-09-27T23:02:11.394-0400] {processor.py:157} INFO - Started process (PID=22461) to work on /home/beau/airflow/py_env/lib/python3.10/site-packages/airflow/example_dags/example_branch_labels.py
[2023-09-27T23:02:11.399-0400] {processor.py:829} INFO - Processing file /home/beau/airflow/py_env/lib/python3.10/site-packages/airflow/example_dags/example_branch_labels.py for tasks to queue
[2023-09-27T23:02:11.401-0400] {logging_mixin.py:151} INFO - [2023-09-27T23:02:11.400-0400] {dagbag.py:539} INFO - Filling up the DagBag from /home/beau/airflow/py_env/lib/python3.10/site-packages/airflow/example_dags/example_branch_labels.py
[2023-09-27T23:02:11.408-0400] {processor.py:839} INFO - DAG(s) dict_keys(['example_branch_labels']) retrieved from /home/beau/airflow/py_env/lib/python3.10/site-packages/airflow/example_dags/example_branch_labels.py
[2023-09-27T23:02:11.425-0400] {logging_mixin.py:151} INFO - [2023-09-27T23:02:11.424-0400] {dag.py:2915} INFO - Sync 1 DAGs
[2023-09-27T23:02:11.442-0400] {logging_mixin.py:151} INFO - [2023-09-27T23:02:11.441-0400] {dag.py:3696} INFO - Setting next_dagrun for example_branch_labels to 2023-09-27T00:00:00+00:00, run_after=2023-09-28T00:00:00+00:00
[2023-09-27T23:02:11.467-0400] {processor.py:179} INFO - Processing /home/beau/airflow/py_env/lib/python3.10/site-packages/airflow/example_dags/example_branch_labels.py took 0.080 seconds
[2023-09-27T23:03:00.389-0400] {processor.py:157} INFO - Started process (PID=22755) to work on /home/beau/airflow/py_env/lib/python3.10/site-packages/airflow/example_dags/example_branch_labels.py
[2023-09-27T23:03:00.395-0400] {processor.py:829} INFO - Processing file /home/beau/airflow/py_env/lib/python3.10/site-packages/airflow/example_dags/example_branch_labels.py for tasks to queue
[2023-09-27T23:03:00.398-0400] {logging_mixin.py:151} INFO - [2023-09-27T23:03:00.397-0400] {dagbag.py:539} INFO - Filling up the DagBag from /home/beau/airflow/py_env/lib/python3.10/site-packages/airflow/example_dags/example_branch_labels.py
[2023-09-27T23:03:00.417-0400] {processor.py:839} INFO - DAG(s) dict_keys(['example_branch_labels']) retrieved from /home/beau/airflow/py_env/lib/python3.10/site-packages/airflow/example_dags/example_branch_labels.py
[2023-09-27T23:03:00.443-0400] {logging_mixin.py:151} INFO - [2023-09-27T23:03:00.443-0400] {dag.py:2915} INFO - Sync 1 DAGs
[2023-09-27T23:03:00.463-0400] {logging_mixin.py:151} INFO - [2023-09-27T23:03:00.463-0400] {dag.py:3696} INFO - Setting next_dagrun for example_branch_labels to 2023-09-27T00:00:00+00:00, run_after=2023-09-28T00:00:00+00:00
[2023-09-27T23:03:00.486-0400] {processor.py:179} INFO - Processing /home/beau/airflow/py_env/lib/python3.10/site-packages/airflow/example_dags/example_branch_labels.py took 0.106 seconds
[2023-09-27T23:03:50.225-0400] {processor.py:157} INFO - Started process (PID=23111) to work on /home/beau/airflow/py_env/lib/python3.10/site-packages/airflow/example_dags/example_branch_labels.py
[2023-09-27T23:03:50.229-0400] {processor.py:829} INFO - Processing file /home/beau/airflow/py_env/lib/python3.10/site-packages/airflow/example_dags/example_branch_labels.py for tasks to queue
[2023-09-27T23:03:50.231-0400] {logging_mixin.py:151} INFO - [2023-09-27T23:03:50.230-0400] {dagbag.py:539} INFO - Filling up the DagBag from /home/beau/airflow/py_env/lib/python3.10/site-packages/airflow/example_dags/example_branch_labels.py
[2023-09-27T23:03:50.244-0400] {processor.py:839} INFO - DAG(s) dict_keys(['example_branch_labels']) retrieved from /home/beau/airflow/py_env/lib/python3.10/site-packages/airflow/example_dags/example_branch_labels.py
[2023-09-27T23:03:50.260-0400] {logging_mixin.py:151} INFO - [2023-09-27T23:03:50.259-0400] {dag.py:2915} INFO - Sync 1 DAGs
[2023-09-27T23:03:50.276-0400] {logging_mixin.py:151} INFO - [2023-09-27T23:03:50.276-0400] {dag.py:3696} INFO - Setting next_dagrun for example_branch_labels to 2023-09-27T00:00:00+00:00, run_after=2023-09-28T00:00:00+00:00
[2023-09-27T23:03:50.302-0400] {processor.py:179} INFO - Processing /home/beau/airflow/py_env/lib/python3.10/site-packages/airflow/example_dags/example_branch_labels.py took 0.083 seconds
[2023-09-27T23:04:46.649-0400] {processor.py:157} INFO - Started process (PID=23429) to work on /home/beau/airflow/py_env/lib/python3.10/site-packages/airflow/example_dags/example_branch_labels.py
[2023-09-27T23:04:46.653-0400] {processor.py:829} INFO - Processing file /home/beau/airflow/py_env/lib/python3.10/site-packages/airflow/example_dags/example_branch_labels.py for tasks to queue
[2023-09-27T23:04:46.654-0400] {logging_mixin.py:151} INFO - [2023-09-27T23:04:46.654-0400] {dagbag.py:539} INFO - Filling up the DagBag from /home/beau/airflow/py_env/lib/python3.10/site-packages/airflow/example_dags/example_branch_labels.py
[2023-09-27T23:04:46.668-0400] {processor.py:839} INFO - DAG(s) dict_keys(['example_branch_labels']) retrieved from /home/beau/airflow/py_env/lib/python3.10/site-packages/airflow/example_dags/example_branch_labels.py
[2023-09-27T23:04:46.691-0400] {logging_mixin.py:151} INFO - [2023-09-27T23:04:46.690-0400] {dag.py:2915} INFO - Sync 1 DAGs
[2023-09-27T23:04:46.715-0400] {logging_mixin.py:151} INFO - [2023-09-27T23:04:46.715-0400] {dag.py:3696} INFO - Setting next_dagrun for example_branch_labels to 2023-09-27T00:00:00+00:00, run_after=2023-09-28T00:00:00+00:00
[2023-09-27T23:04:46.742-0400] {processor.py:179} INFO - Processing /home/beau/airflow/py_env/lib/python3.10/site-packages/airflow/example_dags/example_branch_labels.py took 0.103 seconds
[2023-09-27T23:05:39.348-0400] {processor.py:157} INFO - Started process (PID=23675) to work on /home/beau/airflow/py_env/lib/python3.10/site-packages/airflow/example_dags/example_branch_labels.py
[2023-09-27T23:05:39.351-0400] {processor.py:829} INFO - Processing file /home/beau/airflow/py_env/lib/python3.10/site-packages/airflow/example_dags/example_branch_labels.py for tasks to queue
[2023-09-27T23:05:39.353-0400] {logging_mixin.py:151} INFO - [2023-09-27T23:05:39.352-0400] {dagbag.py:539} INFO - Filling up the DagBag from /home/beau/airflow/py_env/lib/python3.10/site-packages/airflow/example_dags/example_branch_labels.py
[2023-09-27T23:05:39.364-0400] {processor.py:839} INFO - DAG(s) dict_keys(['example_branch_labels']) retrieved from /home/beau/airflow/py_env/lib/python3.10/site-packages/airflow/example_dags/example_branch_labels.py
[2023-09-27T23:05:39.381-0400] {logging_mixin.py:151} INFO - [2023-09-27T23:05:39.381-0400] {dag.py:2915} INFO - Sync 1 DAGs
[2023-09-27T23:05:39.400-0400] {logging_mixin.py:151} INFO - [2023-09-27T23:05:39.400-0400] {dag.py:3696} INFO - Setting next_dagrun for example_branch_labels to 2023-09-27T00:00:00+00:00, run_after=2023-09-28T00:00:00+00:00
[2023-09-27T23:05:39.424-0400] {processor.py:179} INFO - Processing /home/beau/airflow/py_env/lib/python3.10/site-packages/airflow/example_dags/example_branch_labels.py took 0.084 seconds
[2023-09-27T23:06:40.715-0400] {processor.py:157} INFO - Started process (PID=23943) to work on /home/beau/airflow/py_env/lib/python3.10/site-packages/airflow/example_dags/example_branch_labels.py
[2023-09-27T23:06:40.721-0400] {processor.py:829} INFO - Processing file /home/beau/airflow/py_env/lib/python3.10/site-packages/airflow/example_dags/example_branch_labels.py for tasks to queue
[2023-09-27T23:06:40.723-0400] {logging_mixin.py:151} INFO - [2023-09-27T23:06:40.722-0400] {dagbag.py:539} INFO - Filling up the DagBag from /home/beau/airflow/py_env/lib/python3.10/site-packages/airflow/example_dags/example_branch_labels.py
[2023-09-27T23:06:40.740-0400] {processor.py:839} INFO - DAG(s) dict_keys(['example_branch_labels']) retrieved from /home/beau/airflow/py_env/lib/python3.10/site-packages/airflow/example_dags/example_branch_labels.py
[2023-09-27T23:06:40.757-0400] {logging_mixin.py:151} INFO - [2023-09-27T23:06:40.757-0400] {dag.py:2915} INFO - Sync 1 DAGs
[2023-09-27T23:06:40.777-0400] {logging_mixin.py:151} INFO - [2023-09-27T23:06:40.777-0400] {dag.py:3696} INFO - Setting next_dagrun for example_branch_labels to 2023-09-27T00:00:00+00:00, run_after=2023-09-28T00:00:00+00:00
[2023-09-27T23:06:40.806-0400] {processor.py:179} INFO - Processing /home/beau/airflow/py_env/lib/python3.10/site-packages/airflow/example_dags/example_branch_labels.py took 0.098 seconds
[2023-09-27T23:07:40.277-0400] {processor.py:157} INFO - Started process (PID=24206) to work on /home/beau/airflow/py_env/lib/python3.10/site-packages/airflow/example_dags/example_branch_labels.py
[2023-09-27T23:07:40.281-0400] {processor.py:829} INFO - Processing file /home/beau/airflow/py_env/lib/python3.10/site-packages/airflow/example_dags/example_branch_labels.py for tasks to queue
[2023-09-27T23:07:40.282-0400] {logging_mixin.py:151} INFO - [2023-09-27T23:07:40.282-0400] {dagbag.py:539} INFO - Filling up the DagBag from /home/beau/airflow/py_env/lib/python3.10/site-packages/airflow/example_dags/example_branch_labels.py
[2023-09-27T23:07:40.295-0400] {processor.py:839} INFO - DAG(s) dict_keys(['example_branch_labels']) retrieved from /home/beau/airflow/py_env/lib/python3.10/site-packages/airflow/example_dags/example_branch_labels.py
[2023-09-27T23:07:40.318-0400] {logging_mixin.py:151} INFO - [2023-09-27T23:07:40.315-0400] {dag.py:2915} INFO - Sync 1 DAGs
[2023-09-27T23:07:40.344-0400] {logging_mixin.py:151} INFO - [2023-09-27T23:07:40.343-0400] {dag.py:3696} INFO - Setting next_dagrun for example_branch_labels to 2023-09-27T00:00:00+00:00, run_after=2023-09-28T00:00:00+00:00
[2023-09-27T23:07:40.377-0400] {processor.py:179} INFO - Processing /home/beau/airflow/py_env/lib/python3.10/site-packages/airflow/example_dags/example_branch_labels.py took 0.103 seconds
[2023-09-27T23:08:43.656-0400] {processor.py:157} INFO - Started process (PID=24560) to work on /home/beau/airflow/py_env/lib/python3.10/site-packages/airflow/example_dags/example_branch_labels.py
[2023-09-27T23:08:43.659-0400] {processor.py:829} INFO - Processing file /home/beau/airflow/py_env/lib/python3.10/site-packages/airflow/example_dags/example_branch_labels.py for tasks to queue
[2023-09-27T23:08:43.660-0400] {logging_mixin.py:151} INFO - [2023-09-27T23:08:43.660-0400] {dagbag.py:539} INFO - Filling up the DagBag from /home/beau/airflow/py_env/lib/python3.10/site-packages/airflow/example_dags/example_branch_labels.py
[2023-09-27T23:08:43.669-0400] {processor.py:839} INFO - DAG(s) dict_keys(['example_branch_labels']) retrieved from /home/beau/airflow/py_env/lib/python3.10/site-packages/airflow/example_dags/example_branch_labels.py
[2023-09-27T23:08:43.686-0400] {logging_mixin.py:151} INFO - [2023-09-27T23:08:43.686-0400] {dag.py:2915} INFO - Sync 1 DAGs
[2023-09-27T23:08:43.707-0400] {logging_mixin.py:151} INFO - [2023-09-27T23:08:43.707-0400] {dag.py:3696} INFO - Setting next_dagrun for example_branch_labels to 2023-09-27T00:00:00+00:00, run_after=2023-09-28T00:00:00+00:00
[2023-09-27T23:08:43.733-0400] {processor.py:179} INFO - Processing /home/beau/airflow/py_env/lib/python3.10/site-packages/airflow/example_dags/example_branch_labels.py took 0.081 seconds
[2023-09-27T23:09:39.457-0400] {processor.py:157} INFO - Started process (PID=24839) to work on /home/beau/airflow/py_env/lib/python3.10/site-packages/airflow/example_dags/example_branch_labels.py
[2023-09-27T23:09:39.461-0400] {processor.py:829} INFO - Processing file /home/beau/airflow/py_env/lib/python3.10/site-packages/airflow/example_dags/example_branch_labels.py for tasks to queue
[2023-09-27T23:09:39.463-0400] {logging_mixin.py:151} INFO - [2023-09-27T23:09:39.462-0400] {dagbag.py:539} INFO - Filling up the DagBag from /home/beau/airflow/py_env/lib/python3.10/site-packages/airflow/example_dags/example_branch_labels.py
[2023-09-27T23:09:39.471-0400] {processor.py:839} INFO - DAG(s) dict_keys(['example_branch_labels']) retrieved from /home/beau/airflow/py_env/lib/python3.10/site-packages/airflow/example_dags/example_branch_labels.py
[2023-09-27T23:09:39.486-0400] {logging_mixin.py:151} INFO - [2023-09-27T23:09:39.486-0400] {dag.py:2915} INFO - Sync 1 DAGs
[2023-09-27T23:09:39.502-0400] {logging_mixin.py:151} INFO - [2023-09-27T23:09:39.502-0400] {dag.py:3696} INFO - Setting next_dagrun for example_branch_labels to 2023-09-27T00:00:00+00:00, run_after=2023-09-28T00:00:00+00:00
[2023-09-27T23:09:39.525-0400] {processor.py:179} INFO - Processing /home/beau/airflow/py_env/lib/python3.10/site-packages/airflow/example_dags/example_branch_labels.py took 0.072 seconds
[2023-09-27T23:10:36.752-0400] {processor.py:157} INFO - Started process (PID=25094) to work on /home/beau/airflow/py_env/lib/python3.10/site-packages/airflow/example_dags/example_branch_labels.py
[2023-09-27T23:10:36.758-0400] {processor.py:829} INFO - Processing file /home/beau/airflow/py_env/lib/python3.10/site-packages/airflow/example_dags/example_branch_labels.py for tasks to queue
[2023-09-27T23:10:36.761-0400] {logging_mixin.py:151} INFO - [2023-09-27T23:10:36.760-0400] {dagbag.py:539} INFO - Filling up the DagBag from /home/beau/airflow/py_env/lib/python3.10/site-packages/airflow/example_dags/example_branch_labels.py
[2023-09-27T23:10:36.775-0400] {processor.py:839} INFO - DAG(s) dict_keys(['example_branch_labels']) retrieved from /home/beau/airflow/py_env/lib/python3.10/site-packages/airflow/example_dags/example_branch_labels.py
[2023-09-27T23:10:36.796-0400] {logging_mixin.py:151} INFO - [2023-09-27T23:10:36.796-0400] {dag.py:2915} INFO - Sync 1 DAGs
[2023-09-27T23:10:36.812-0400] {logging_mixin.py:151} INFO - [2023-09-27T23:10:36.812-0400] {dag.py:3696} INFO - Setting next_dagrun for example_branch_labels to 2023-09-27T00:00:00+00:00, run_after=2023-09-28T00:00:00+00:00
[2023-09-27T23:10:36.838-0400] {processor.py:179} INFO - Processing /home/beau/airflow/py_env/lib/python3.10/site-packages/airflow/example_dags/example_branch_labels.py took 0.096 seconds
[2023-09-27T23:11:35.950-0400] {processor.py:157} INFO - Started process (PID=25378) to work on /home/beau/airflow/py_env/lib/python3.10/site-packages/airflow/example_dags/example_branch_labels.py
[2023-09-27T23:11:35.954-0400] {processor.py:829} INFO - Processing file /home/beau/airflow/py_env/lib/python3.10/site-packages/airflow/example_dags/example_branch_labels.py for tasks to queue
[2023-09-27T23:11:35.955-0400] {logging_mixin.py:151} INFO - [2023-09-27T23:11:35.955-0400] {dagbag.py:539} INFO - Filling up the DagBag from /home/beau/airflow/py_env/lib/python3.10/site-packages/airflow/example_dags/example_branch_labels.py
[2023-09-27T23:11:35.962-0400] {processor.py:839} INFO - DAG(s) dict_keys(['example_branch_labels']) retrieved from /home/beau/airflow/py_env/lib/python3.10/site-packages/airflow/example_dags/example_branch_labels.py
[2023-09-27T23:11:35.980-0400] {logging_mixin.py:151} INFO - [2023-09-27T23:11:35.979-0400] {dag.py:2915} INFO - Sync 1 DAGs
[2023-09-27T23:11:35.999-0400] {logging_mixin.py:151} INFO - [2023-09-27T23:11:35.998-0400] {dag.py:3696} INFO - Setting next_dagrun for example_branch_labels to 2023-09-27T00:00:00+00:00, run_after=2023-09-28T00:00:00+00:00
[2023-09-27T23:11:36.024-0400] {processor.py:179} INFO - Processing /home/beau/airflow/py_env/lib/python3.10/site-packages/airflow/example_dags/example_branch_labels.py took 0.078 seconds
[2023-09-27T23:12:33.201-0400] {processor.py:157} INFO - Started process (PID=25633) to work on /home/beau/airflow/py_env/lib/python3.10/site-packages/airflow/example_dags/example_branch_labels.py
[2023-09-27T23:12:33.206-0400] {processor.py:829} INFO - Processing file /home/beau/airflow/py_env/lib/python3.10/site-packages/airflow/example_dags/example_branch_labels.py for tasks to queue
[2023-09-27T23:12:33.208-0400] {logging_mixin.py:151} INFO - [2023-09-27T23:12:33.207-0400] {dagbag.py:539} INFO - Filling up the DagBag from /home/beau/airflow/py_env/lib/python3.10/site-packages/airflow/example_dags/example_branch_labels.py
[2023-09-27T23:12:33.217-0400] {processor.py:839} INFO - DAG(s) dict_keys(['example_branch_labels']) retrieved from /home/beau/airflow/py_env/lib/python3.10/site-packages/airflow/example_dags/example_branch_labels.py
[2023-09-27T23:12:33.239-0400] {logging_mixin.py:151} INFO - [2023-09-27T23:12:33.238-0400] {dag.py:2915} INFO - Sync 1 DAGs
[2023-09-27T23:12:33.257-0400] {logging_mixin.py:151} INFO - [2023-09-27T23:12:33.257-0400] {dag.py:3696} INFO - Setting next_dagrun for example_branch_labels to 2023-09-27T00:00:00+00:00, run_after=2023-09-28T00:00:00+00:00
[2023-09-27T23:12:33.279-0400] {processor.py:179} INFO - Processing /home/beau/airflow/py_env/lib/python3.10/site-packages/airflow/example_dags/example_branch_labels.py took 0.084 seconds
[2023-09-27T23:13:26.732-0400] {processor.py:157} INFO - Started process (PID=25942) to work on /home/beau/airflow/py_env/lib/python3.10/site-packages/airflow/example_dags/example_branch_labels.py
[2023-09-27T23:13:26.733-0400] {processor.py:829} INFO - Processing file /home/beau/airflow/py_env/lib/python3.10/site-packages/airflow/example_dags/example_branch_labels.py for tasks to queue
[2023-09-27T23:13:26.734-0400] {logging_mixin.py:151} INFO - [2023-09-27T23:13:26.734-0400] {dagbag.py:539} INFO - Filling up the DagBag from /home/beau/airflow/py_env/lib/python3.10/site-packages/airflow/example_dags/example_branch_labels.py
[2023-09-27T23:13:26.746-0400] {processor.py:839} INFO - DAG(s) dict_keys(['example_branch_labels']) retrieved from /home/beau/airflow/py_env/lib/python3.10/site-packages/airflow/example_dags/example_branch_labels.py
[2023-09-27T23:13:26.767-0400] {logging_mixin.py:151} INFO - [2023-09-27T23:13:26.766-0400] {dag.py:2915} INFO - Sync 1 DAGs
[2023-09-27T23:13:26.787-0400] {logging_mixin.py:151} INFO - [2023-09-27T23:13:26.787-0400] {dag.py:3696} INFO - Setting next_dagrun for example_branch_labels to 2023-09-27T00:00:00+00:00, run_after=2023-09-28T00:00:00+00:00
[2023-09-27T23:13:26.811-0400] {processor.py:179} INFO - Processing /home/beau/airflow/py_env/lib/python3.10/site-packages/airflow/example_dags/example_branch_labels.py took 0.082 seconds
[2023-09-27T23:14:18.721-0400] {processor.py:157} INFO - Started process (PID=26181) to work on /home/beau/airflow/py_env/lib/python3.10/site-packages/airflow/example_dags/example_branch_labels.py
[2023-09-27T23:14:18.723-0400] {processor.py:829} INFO - Processing file /home/beau/airflow/py_env/lib/python3.10/site-packages/airflow/example_dags/example_branch_labels.py for tasks to queue
[2023-09-27T23:14:18.724-0400] {logging_mixin.py:151} INFO - [2023-09-27T23:14:18.724-0400] {dagbag.py:539} INFO - Filling up the DagBag from /home/beau/airflow/py_env/lib/python3.10/site-packages/airflow/example_dags/example_branch_labels.py
[2023-09-27T23:14:18.731-0400] {processor.py:839} INFO - DAG(s) dict_keys(['example_branch_labels']) retrieved from /home/beau/airflow/py_env/lib/python3.10/site-packages/airflow/example_dags/example_branch_labels.py
[2023-09-27T23:14:18.747-0400] {logging_mixin.py:151} INFO - [2023-09-27T23:14:18.747-0400] {dag.py:2915} INFO - Sync 1 DAGs
[2023-09-27T23:14:18.765-0400] {logging_mixin.py:151} INFO - [2023-09-27T23:14:18.764-0400] {dag.py:3696} INFO - Setting next_dagrun for example_branch_labels to 2023-09-27T00:00:00+00:00, run_after=2023-09-28T00:00:00+00:00
[2023-09-27T23:14:18.788-0400] {processor.py:179} INFO - Processing /home/beau/airflow/py_env/lib/python3.10/site-packages/airflow/example_dags/example_branch_labels.py took 0.071 seconds
[2023-09-27T23:15:13.432-0400] {processor.py:157} INFO - Started process (PID=26435) to work on /home/beau/airflow/py_env/lib/python3.10/site-packages/airflow/example_dags/example_branch_labels.py
[2023-09-27T23:15:13.434-0400] {processor.py:829} INFO - Processing file /home/beau/airflow/py_env/lib/python3.10/site-packages/airflow/example_dags/example_branch_labels.py for tasks to queue
[2023-09-27T23:15:13.436-0400] {logging_mixin.py:151} INFO - [2023-09-27T23:15:13.435-0400] {dagbag.py:539} INFO - Filling up the DagBag from /home/beau/airflow/py_env/lib/python3.10/site-packages/airflow/example_dags/example_branch_labels.py
[2023-09-27T23:15:13.448-0400] {processor.py:839} INFO - DAG(s) dict_keys(['example_branch_labels']) retrieved from /home/beau/airflow/py_env/lib/python3.10/site-packages/airflow/example_dags/example_branch_labels.py
[2023-09-27T23:15:13.466-0400] {logging_mixin.py:151} INFO - [2023-09-27T23:15:13.466-0400] {dag.py:2915} INFO - Sync 1 DAGs
[2023-09-27T23:15:13.483-0400] {logging_mixin.py:151} INFO - [2023-09-27T23:15:13.483-0400] {dag.py:3696} INFO - Setting next_dagrun for example_branch_labels to 2023-09-27T00:00:00+00:00, run_after=2023-09-28T00:00:00+00:00
[2023-09-27T23:15:13.524-0400] {processor.py:179} INFO - Processing /home/beau/airflow/py_env/lib/python3.10/site-packages/airflow/example_dags/example_branch_labels.py took 0.097 seconds
[2023-09-27T23:16:11.607-0400] {processor.py:157} INFO - Started process (PID=26690) to work on /home/beau/airflow/py_env/lib/python3.10/site-packages/airflow/example_dags/example_branch_labels.py
[2023-09-27T23:16:11.610-0400] {processor.py:829} INFO - Processing file /home/beau/airflow/py_env/lib/python3.10/site-packages/airflow/example_dags/example_branch_labels.py for tasks to queue
[2023-09-27T23:16:11.612-0400] {logging_mixin.py:151} INFO - [2023-09-27T23:16:11.611-0400] {dagbag.py:539} INFO - Filling up the DagBag from /home/beau/airflow/py_env/lib/python3.10/site-packages/airflow/example_dags/example_branch_labels.py
[2023-09-27T23:16:11.618-0400] {processor.py:839} INFO - DAG(s) dict_keys(['example_branch_labels']) retrieved from /home/beau/airflow/py_env/lib/python3.10/site-packages/airflow/example_dags/example_branch_labels.py
[2023-09-27T23:16:11.637-0400] {logging_mixin.py:151} INFO - [2023-09-27T23:16:11.636-0400] {dag.py:2915} INFO - Sync 1 DAGs
[2023-09-27T23:16:11.657-0400] {logging_mixin.py:151} INFO - [2023-09-27T23:16:11.657-0400] {dag.py:3696} INFO - Setting next_dagrun for example_branch_labels to 2023-09-27T00:00:00+00:00, run_after=2023-09-28T00:00:00+00:00
[2023-09-27T23:16:11.687-0400] {processor.py:179} INFO - Processing /home/beau/airflow/py_env/lib/python3.10/site-packages/airflow/example_dags/example_branch_labels.py took 0.083 seconds
[2023-09-27T23:17:06.140-0400] {processor.py:157} INFO - Started process (PID=26969) to work on /home/beau/airflow/py_env/lib/python3.10/site-packages/airflow/example_dags/example_branch_labels.py
[2023-09-27T23:17:06.145-0400] {processor.py:829} INFO - Processing file /home/beau/airflow/py_env/lib/python3.10/site-packages/airflow/example_dags/example_branch_labels.py for tasks to queue
[2023-09-27T23:17:06.146-0400] {logging_mixin.py:151} INFO - [2023-09-27T23:17:06.146-0400] {dagbag.py:539} INFO - Filling up the DagBag from /home/beau/airflow/py_env/lib/python3.10/site-packages/airflow/example_dags/example_branch_labels.py
[2023-09-27T23:17:06.158-0400] {processor.py:839} INFO - DAG(s) dict_keys(['example_branch_labels']) retrieved from /home/beau/airflow/py_env/lib/python3.10/site-packages/airflow/example_dags/example_branch_labels.py
[2023-09-27T23:17:06.182-0400] {logging_mixin.py:151} INFO - [2023-09-27T23:17:06.182-0400] {dag.py:2915} INFO - Sync 1 DAGs
[2023-09-27T23:17:06.200-0400] {logging_mixin.py:151} INFO - [2023-09-27T23:17:06.200-0400] {dag.py:3696} INFO - Setting next_dagrun for example_branch_labels to 2023-09-27T00:00:00+00:00, run_after=2023-09-28T00:00:00+00:00
[2023-09-27T23:17:06.226-0400] {processor.py:179} INFO - Processing /home/beau/airflow/py_env/lib/python3.10/site-packages/airflow/example_dags/example_branch_labels.py took 0.091 seconds
[2023-09-27T23:18:02.259-0400] {processor.py:157} INFO - Started process (PID=27279) to work on /home/beau/airflow/py_env/lib/python3.10/site-packages/airflow/example_dags/example_branch_labels.py
[2023-09-27T23:18:02.263-0400] {processor.py:829} INFO - Processing file /home/beau/airflow/py_env/lib/python3.10/site-packages/airflow/example_dags/example_branch_labels.py for tasks to queue
[2023-09-27T23:18:02.265-0400] {logging_mixin.py:151} INFO - [2023-09-27T23:18:02.264-0400] {dagbag.py:539} INFO - Filling up the DagBag from /home/beau/airflow/py_env/lib/python3.10/site-packages/airflow/example_dags/example_branch_labels.py
[2023-09-27T23:18:02.276-0400] {processor.py:839} INFO - DAG(s) dict_keys(['example_branch_labels']) retrieved from /home/beau/airflow/py_env/lib/python3.10/site-packages/airflow/example_dags/example_branch_labels.py
[2023-09-27T23:18:02.293-0400] {logging_mixin.py:151} INFO - [2023-09-27T23:18:02.292-0400] {dag.py:2915} INFO - Sync 1 DAGs
[2023-09-27T23:18:02.311-0400] {logging_mixin.py:151} INFO - [2023-09-27T23:18:02.311-0400] {dag.py:3696} INFO - Setting next_dagrun for example_branch_labels to 2023-09-27T00:00:00+00:00, run_after=2023-09-28T00:00:00+00:00
[2023-09-27T23:18:02.335-0400] {processor.py:179} INFO - Processing /home/beau/airflow/py_env/lib/python3.10/site-packages/airflow/example_dags/example_branch_labels.py took 0.080 seconds
[2023-09-27T23:18:53.082-0400] {processor.py:157} INFO - Started process (PID=27665) to work on /home/beau/airflow/py_env/lib/python3.10/site-packages/airflow/example_dags/example_branch_labels.py
[2023-09-27T23:18:53.085-0400] {processor.py:829} INFO - Processing file /home/beau/airflow/py_env/lib/python3.10/site-packages/airflow/example_dags/example_branch_labels.py for tasks to queue
[2023-09-27T23:18:53.086-0400] {logging_mixin.py:151} INFO - [2023-09-27T23:18:53.086-0400] {dagbag.py:539} INFO - Filling up the DagBag from /home/beau/airflow/py_env/lib/python3.10/site-packages/airflow/example_dags/example_branch_labels.py
[2023-09-27T23:18:53.094-0400] {processor.py:839} INFO - DAG(s) dict_keys(['example_branch_labels']) retrieved from /home/beau/airflow/py_env/lib/python3.10/site-packages/airflow/example_dags/example_branch_labels.py
[2023-09-27T23:18:53.111-0400] {logging_mixin.py:151} INFO - [2023-09-27T23:18:53.111-0400] {dag.py:2915} INFO - Sync 1 DAGs
[2023-09-27T23:18:53.131-0400] {logging_mixin.py:151} INFO - [2023-09-27T23:18:53.131-0400] {dag.py:3696} INFO - Setting next_dagrun for example_branch_labels to 2023-09-27T00:00:00+00:00, run_after=2023-09-28T00:00:00+00:00
[2023-09-27T23:18:53.155-0400] {processor.py:179} INFO - Processing /home/beau/airflow/py_env/lib/python3.10/site-packages/airflow/example_dags/example_branch_labels.py took 0.076 seconds
[2023-09-27T23:19:49.330-0400] {processor.py:157} INFO - Started process (PID=28195) to work on /home/beau/airflow/py_env/lib/python3.10/site-packages/airflow/example_dags/example_branch_labels.py
[2023-09-27T23:19:49.334-0400] {processor.py:829} INFO - Processing file /home/beau/airflow/py_env/lib/python3.10/site-packages/airflow/example_dags/example_branch_labels.py for tasks to queue
[2023-09-27T23:19:49.336-0400] {logging_mixin.py:151} INFO - [2023-09-27T23:19:49.335-0400] {dagbag.py:539} INFO - Filling up the DagBag from /home/beau/airflow/py_env/lib/python3.10/site-packages/airflow/example_dags/example_branch_labels.py
[2023-09-27T23:19:49.346-0400] {processor.py:839} INFO - DAG(s) dict_keys(['example_branch_labels']) retrieved from /home/beau/airflow/py_env/lib/python3.10/site-packages/airflow/example_dags/example_branch_labels.py
[2023-09-27T23:19:49.366-0400] {logging_mixin.py:151} INFO - [2023-09-27T23:19:49.365-0400] {dag.py:2915} INFO - Sync 1 DAGs
[2023-09-27T23:19:49.382-0400] {logging_mixin.py:151} INFO - [2023-09-27T23:19:49.382-0400] {dag.py:3696} INFO - Setting next_dagrun for example_branch_labels to 2023-09-27T00:00:00+00:00, run_after=2023-09-28T00:00:00+00:00
[2023-09-27T23:19:49.405-0400] {processor.py:179} INFO - Processing /home/beau/airflow/py_env/lib/python3.10/site-packages/airflow/example_dags/example_branch_labels.py took 0.083 seconds
[2023-09-27T23:20:45.706-0400] {processor.py:157} INFO - Started process (PID=28779) to work on /home/beau/airflow/py_env/lib/python3.10/site-packages/airflow/example_dags/example_branch_labels.py
[2023-09-27T23:20:45.710-0400] {processor.py:829} INFO - Processing file /home/beau/airflow/py_env/lib/python3.10/site-packages/airflow/example_dags/example_branch_labels.py for tasks to queue
[2023-09-27T23:20:45.711-0400] {logging_mixin.py:151} INFO - [2023-09-27T23:20:45.711-0400] {dagbag.py:539} INFO - Filling up the DagBag from /home/beau/airflow/py_env/lib/python3.10/site-packages/airflow/example_dags/example_branch_labels.py
[2023-09-27T23:20:45.723-0400] {processor.py:839} INFO - DAG(s) dict_keys(['example_branch_labels']) retrieved from /home/beau/airflow/py_env/lib/python3.10/site-packages/airflow/example_dags/example_branch_labels.py
[2023-09-27T23:20:45.738-0400] {logging_mixin.py:151} INFO - [2023-09-27T23:20:45.737-0400] {dag.py:2915} INFO - Sync 1 DAGs
[2023-09-27T23:20:45.755-0400] {logging_mixin.py:151} INFO - [2023-09-27T23:20:45.755-0400] {dag.py:3696} INFO - Setting next_dagrun for example_branch_labels to 2023-09-27T00:00:00+00:00, run_after=2023-09-28T00:00:00+00:00
[2023-09-27T23:20:45.776-0400] {processor.py:179} INFO - Processing /home/beau/airflow/py_env/lib/python3.10/site-packages/airflow/example_dags/example_branch_labels.py took 0.077 seconds
[2023-09-27T23:21:42.901-0400] {processor.py:157} INFO - Started process (PID=29287) to work on /home/beau/airflow/py_env/lib/python3.10/site-packages/airflow/example_dags/example_branch_labels.py
[2023-09-27T23:21:42.906-0400] {processor.py:829} INFO - Processing file /home/beau/airflow/py_env/lib/python3.10/site-packages/airflow/example_dags/example_branch_labels.py for tasks to queue
[2023-09-27T23:21:42.907-0400] {logging_mixin.py:151} INFO - [2023-09-27T23:21:42.906-0400] {dagbag.py:539} INFO - Filling up the DagBag from /home/beau/airflow/py_env/lib/python3.10/site-packages/airflow/example_dags/example_branch_labels.py
[2023-09-27T23:21:42.918-0400] {processor.py:839} INFO - DAG(s) dict_keys(['example_branch_labels']) retrieved from /home/beau/airflow/py_env/lib/python3.10/site-packages/airflow/example_dags/example_branch_labels.py
[2023-09-27T23:21:42.938-0400] {logging_mixin.py:151} INFO - [2023-09-27T23:21:42.937-0400] {dag.py:2915} INFO - Sync 1 DAGs
[2023-09-27T23:21:42.957-0400] {logging_mixin.py:151} INFO - [2023-09-27T23:21:42.957-0400] {dag.py:3696} INFO - Setting next_dagrun for example_branch_labels to 2023-09-27T00:00:00+00:00, run_after=2023-09-28T00:00:00+00:00
[2023-09-27T23:21:42.989-0400] {processor.py:179} INFO - Processing /home/beau/airflow/py_env/lib/python3.10/site-packages/airflow/example_dags/example_branch_labels.py took 0.092 seconds
[2023-09-27T23:22:42.184-0400] {processor.py:157} INFO - Started process (PID=29573) to work on /home/beau/airflow/py_env/lib/python3.10/site-packages/airflow/example_dags/example_branch_labels.py
[2023-09-27T23:22:42.186-0400] {processor.py:829} INFO - Processing file /home/beau/airflow/py_env/lib/python3.10/site-packages/airflow/example_dags/example_branch_labels.py for tasks to queue
[2023-09-27T23:22:42.187-0400] {logging_mixin.py:151} INFO - [2023-09-27T23:22:42.187-0400] {dagbag.py:539} INFO - Filling up the DagBag from /home/beau/airflow/py_env/lib/python3.10/site-packages/airflow/example_dags/example_branch_labels.py
[2023-09-27T23:22:42.196-0400] {processor.py:839} INFO - DAG(s) dict_keys(['example_branch_labels']) retrieved from /home/beau/airflow/py_env/lib/python3.10/site-packages/airflow/example_dags/example_branch_labels.py
[2023-09-27T23:22:42.220-0400] {logging_mixin.py:151} INFO - [2023-09-27T23:22:42.220-0400] {dag.py:2915} INFO - Sync 1 DAGs
[2023-09-27T23:22:42.245-0400] {logging_mixin.py:151} INFO - [2023-09-27T23:22:42.245-0400] {dag.py:3696} INFO - Setting next_dagrun for example_branch_labels to 2023-09-27T00:00:00+00:00, run_after=2023-09-28T00:00:00+00:00
[2023-09-27T23:22:42.271-0400] {processor.py:179} INFO - Processing /home/beau/airflow/py_env/lib/python3.10/site-packages/airflow/example_dags/example_branch_labels.py took 0.094 seconds
[2023-09-27T23:23:40.131-0400] {processor.py:157} INFO - Started process (PID=30163) to work on /home/beau/airflow/py_env/lib/python3.10/site-packages/airflow/example_dags/example_branch_labels.py
[2023-09-27T23:23:40.136-0400] {processor.py:829} INFO - Processing file /home/beau/airflow/py_env/lib/python3.10/site-packages/airflow/example_dags/example_branch_labels.py for tasks to queue
[2023-09-27T23:23:40.138-0400] {logging_mixin.py:151} INFO - [2023-09-27T23:23:40.137-0400] {dagbag.py:539} INFO - Filling up the DagBag from /home/beau/airflow/py_env/lib/python3.10/site-packages/airflow/example_dags/example_branch_labels.py
[2023-09-27T23:23:40.152-0400] {processor.py:839} INFO - DAG(s) dict_keys(['example_branch_labels']) retrieved from /home/beau/airflow/py_env/lib/python3.10/site-packages/airflow/example_dags/example_branch_labels.py
[2023-09-27T23:23:40.177-0400] {logging_mixin.py:151} INFO - [2023-09-27T23:23:40.177-0400] {dag.py:2915} INFO - Sync 1 DAGs
[2023-09-27T23:23:40.199-0400] {logging_mixin.py:151} INFO - [2023-09-27T23:23:40.199-0400] {dag.py:3696} INFO - Setting next_dagrun for example_branch_labels to 2023-09-27T00:00:00+00:00, run_after=2023-09-28T00:00:00+00:00
[2023-09-27T23:23:40.227-0400] {processor.py:179} INFO - Processing /home/beau/airflow/py_env/lib/python3.10/site-packages/airflow/example_dags/example_branch_labels.py took 0.103 seconds
