[2023-09-27T22:33:32.041-0400] {processor.py:157} INFO - Started process (PID=8613) to work on /home/beau/airflow/py_env/lib/python3.10/site-packages/airflow/example_dags/example_latest_only.py
[2023-09-27T22:33:32.042-0400] {processor.py:829} INFO - Processing file /home/beau/airflow/py_env/lib/python3.10/site-packages/airflow/example_dags/example_latest_only.py for tasks to queue
[2023-09-27T22:33:32.042-0400] {logging_mixin.py:151} INFO - [2023-09-27T22:33:32.042-0400] {dagbag.py:539} INFO - Filling up the DagBag from /home/beau/airflow/py_env/lib/python3.10/site-packages/airflow/example_dags/example_latest_only.py
[2023-09-27T22:33:32.050-0400] {processor.py:839} INFO - DAG(s) dict_keys(['latest_only']) retrieved from /home/beau/airflow/py_env/lib/python3.10/site-packages/airflow/example_dags/example_latest_only.py
[2023-09-27T22:33:32.066-0400] {logging_mixin.py:151} INFO - [2023-09-27T22:33:32.066-0400] {dag.py:2915} INFO - Sync 1 DAGs
[2023-09-27T22:33:32.085-0400] {logging_mixin.py:151} INFO - [2023-09-27T22:33:32.084-0400] {dag.py:3696} INFO - Setting next_dagrun for latest_only to 2023-09-27T22:33:32.084685+00:00, run_after=2023-09-28T02:33:32.084685+00:00
[2023-09-27T22:33:32.108-0400] {processor.py:179} INFO - Processing /home/beau/airflow/py_env/lib/python3.10/site-packages/airflow/example_dags/example_latest_only.py took 0.070 seconds
[2023-09-27T22:34:26.585-0400] {processor.py:157} INFO - Started process (PID=9024) to work on /home/beau/airflow/py_env/lib/python3.10/site-packages/airflow/example_dags/example_latest_only.py
[2023-09-27T22:34:26.589-0400] {processor.py:829} INFO - Processing file /home/beau/airflow/py_env/lib/python3.10/site-packages/airflow/example_dags/example_latest_only.py for tasks to queue
[2023-09-27T22:34:26.590-0400] {logging_mixin.py:151} INFO - [2023-09-27T22:34:26.590-0400] {dagbag.py:539} INFO - Filling up the DagBag from /home/beau/airflow/py_env/lib/python3.10/site-packages/airflow/example_dags/example_latest_only.py
[2023-09-27T22:34:26.598-0400] {processor.py:839} INFO - DAG(s) dict_keys(['latest_only']) retrieved from /home/beau/airflow/py_env/lib/python3.10/site-packages/airflow/example_dags/example_latest_only.py
[2023-09-27T22:34:26.617-0400] {logging_mixin.py:151} INFO - [2023-09-27T22:34:26.617-0400] {dag.py:2915} INFO - Sync 1 DAGs
[2023-09-27T22:34:26.641-0400] {logging_mixin.py:151} INFO - [2023-09-27T22:34:26.640-0400] {dag.py:3696} INFO - Setting next_dagrun for latest_only to 2023-09-27T22:34:26.640621+00:00, run_after=2023-09-28T02:34:26.640621+00:00
[2023-09-27T22:34:26.672-0400] {processor.py:179} INFO - Processing /home/beau/airflow/py_env/lib/python3.10/site-packages/airflow/example_dags/example_latest_only.py took 0.093 seconds
[2023-09-27T22:35:20.031-0400] {processor.py:157} INFO - Started process (PID=9547) to work on /home/beau/airflow/py_env/lib/python3.10/site-packages/airflow/example_dags/example_latest_only.py
[2023-09-27T22:35:20.033-0400] {processor.py:829} INFO - Processing file /home/beau/airflow/py_env/lib/python3.10/site-packages/airflow/example_dags/example_latest_only.py for tasks to queue
[2023-09-27T22:35:20.035-0400] {logging_mixin.py:151} INFO - [2023-09-27T22:35:20.034-0400] {dagbag.py:539} INFO - Filling up the DagBag from /home/beau/airflow/py_env/lib/python3.10/site-packages/airflow/example_dags/example_latest_only.py
[2023-09-27T22:35:20.046-0400] {processor.py:839} INFO - DAG(s) dict_keys(['latest_only']) retrieved from /home/beau/airflow/py_env/lib/python3.10/site-packages/airflow/example_dags/example_latest_only.py
[2023-09-27T22:35:20.064-0400] {logging_mixin.py:151} INFO - [2023-09-27T22:35:20.064-0400] {dag.py:2915} INFO - Sync 1 DAGs
[2023-09-27T22:35:20.087-0400] {logging_mixin.py:151} INFO - [2023-09-27T22:35:20.086-0400] {dag.py:3696} INFO - Setting next_dagrun for latest_only to 2023-09-27T22:35:20.086678+00:00, run_after=2023-09-28T02:35:20.086678+00:00
[2023-09-27T22:35:20.257-0400] {processor.py:179} INFO - Processing /home/beau/airflow/py_env/lib/python3.10/site-packages/airflow/example_dags/example_latest_only.py took 0.233 seconds
[2023-09-27T22:36:33.612-0400] {processor.py:157} INFO - Started process (PID=10426) to work on /home/beau/airflow/py_env/lib/python3.10/site-packages/airflow/example_dags/example_latest_only.py
[2023-09-27T22:36:33.616-0400] {processor.py:829} INFO - Processing file /home/beau/airflow/py_env/lib/python3.10/site-packages/airflow/example_dags/example_latest_only.py for tasks to queue
[2023-09-27T22:36:33.618-0400] {logging_mixin.py:151} INFO - [2023-09-27T22:36:33.617-0400] {dagbag.py:539} INFO - Filling up the DagBag from /home/beau/airflow/py_env/lib/python3.10/site-packages/airflow/example_dags/example_latest_only.py
[2023-09-27T22:36:33.628-0400] {processor.py:839} INFO - DAG(s) dict_keys(['latest_only']) retrieved from /home/beau/airflow/py_env/lib/python3.10/site-packages/airflow/example_dags/example_latest_only.py
[2023-09-27T22:36:33.646-0400] {logging_mixin.py:151} INFO - [2023-09-27T22:36:33.646-0400] {dag.py:2915} INFO - Sync 1 DAGs
[2023-09-27T22:36:33.667-0400] {logging_mixin.py:151} INFO - [2023-09-27T22:36:33.666-0400] {dag.py:3696} INFO - Setting next_dagrun for latest_only to 2023-09-27T22:36:33.666711+00:00, run_after=2023-09-28T02:36:33.666711+00:00
[2023-09-27T22:36:33.704-0400] {processor.py:179} INFO - Processing /home/beau/airflow/py_env/lib/python3.10/site-packages/airflow/example_dags/example_latest_only.py took 0.097 seconds
[2023-09-27T22:37:34.151-0400] {processor.py:157} INFO - Started process (PID=10833) to work on /home/beau/airflow/py_env/lib/python3.10/site-packages/airflow/example_dags/example_latest_only.py
[2023-09-27T22:37:34.154-0400] {processor.py:829} INFO - Processing file /home/beau/airflow/py_env/lib/python3.10/site-packages/airflow/example_dags/example_latest_only.py for tasks to queue
[2023-09-27T22:37:34.155-0400] {logging_mixin.py:151} INFO - [2023-09-27T22:37:34.155-0400] {dagbag.py:539} INFO - Filling up the DagBag from /home/beau/airflow/py_env/lib/python3.10/site-packages/airflow/example_dags/example_latest_only.py
[2023-09-27T22:37:34.161-0400] {processor.py:839} INFO - DAG(s) dict_keys(['latest_only']) retrieved from /home/beau/airflow/py_env/lib/python3.10/site-packages/airflow/example_dags/example_latest_only.py
[2023-09-27T22:37:34.178-0400] {logging_mixin.py:151} INFO - [2023-09-27T22:37:34.178-0400] {dag.py:2915} INFO - Sync 1 DAGs
[2023-09-27T22:37:34.199-0400] {logging_mixin.py:151} INFO - [2023-09-27T22:37:34.199-0400] {dag.py:3696} INFO - Setting next_dagrun for latest_only to 2023-09-27T22:37:34.199280+00:00, run_after=2023-09-28T02:37:34.199280+00:00
[2023-09-27T22:37:34.226-0400] {processor.py:179} INFO - Processing /home/beau/airflow/py_env/lib/python3.10/site-packages/airflow/example_dags/example_latest_only.py took 0.080 seconds
[2023-09-27T22:38:33.802-0400] {processor.py:157} INFO - Started process (PID=11414) to work on /home/beau/airflow/py_env/lib/python3.10/site-packages/airflow/example_dags/example_latest_only.py
[2023-09-27T22:38:33.803-0400] {processor.py:829} INFO - Processing file /home/beau/airflow/py_env/lib/python3.10/site-packages/airflow/example_dags/example_latest_only.py for tasks to queue
[2023-09-27T22:38:33.804-0400] {logging_mixin.py:151} INFO - [2023-09-27T22:38:33.804-0400] {dagbag.py:539} INFO - Filling up the DagBag from /home/beau/airflow/py_env/lib/python3.10/site-packages/airflow/example_dags/example_latest_only.py
[2023-09-27T22:38:33.811-0400] {processor.py:839} INFO - DAG(s) dict_keys(['latest_only']) retrieved from /home/beau/airflow/py_env/lib/python3.10/site-packages/airflow/example_dags/example_latest_only.py
[2023-09-27T22:38:33.825-0400] {logging_mixin.py:151} INFO - [2023-09-27T22:38:33.825-0400] {dag.py:2915} INFO - Sync 1 DAGs
[2023-09-27T22:38:33.844-0400] {logging_mixin.py:151} INFO - [2023-09-27T22:38:33.844-0400] {dag.py:3696} INFO - Setting next_dagrun for latest_only to 2023-09-27T22:38:33.844075+00:00, run_after=2023-09-28T02:38:33.844075+00:00
[2023-09-27T22:38:33.868-0400] {processor.py:179} INFO - Processing /home/beau/airflow/py_env/lib/python3.10/site-packages/airflow/example_dags/example_latest_only.py took 0.069 seconds
[2023-09-27T22:39:24.285-0400] {processor.py:157} INFO - Started process (PID=11839) to work on /home/beau/airflow/py_env/lib/python3.10/site-packages/airflow/example_dags/example_latest_only.py
[2023-09-27T22:39:24.289-0400] {processor.py:829} INFO - Processing file /home/beau/airflow/py_env/lib/python3.10/site-packages/airflow/example_dags/example_latest_only.py for tasks to queue
[2023-09-27T22:39:24.290-0400] {logging_mixin.py:151} INFO - [2023-09-27T22:39:24.289-0400] {dagbag.py:539} INFO - Filling up the DagBag from /home/beau/airflow/py_env/lib/python3.10/site-packages/airflow/example_dags/example_latest_only.py
[2023-09-27T22:39:24.298-0400] {processor.py:839} INFO - DAG(s) dict_keys(['latest_only']) retrieved from /home/beau/airflow/py_env/lib/python3.10/site-packages/airflow/example_dags/example_latest_only.py
[2023-09-27T22:39:24.314-0400] {logging_mixin.py:151} INFO - [2023-09-27T22:39:24.314-0400] {dag.py:2915} INFO - Sync 1 DAGs
[2023-09-27T22:39:24.333-0400] {logging_mixin.py:151} INFO - [2023-09-27T22:39:24.332-0400] {dag.py:3696} INFO - Setting next_dagrun for latest_only to 2023-09-27T22:39:24.332489+00:00, run_after=2023-09-28T02:39:24.332489+00:00
[2023-09-27T22:39:24.360-0400] {processor.py:179} INFO - Processing /home/beau/airflow/py_env/lib/python3.10/site-packages/airflow/example_dags/example_latest_only.py took 0.080 seconds
[2023-09-27T22:40:28.302-0400] {processor.py:157} INFO - Started process (PID=12141) to work on /home/beau/airflow/py_env/lib/python3.10/site-packages/airflow/example_dags/example_latest_only.py
[2023-09-27T22:40:28.306-0400] {processor.py:829} INFO - Processing file /home/beau/airflow/py_env/lib/python3.10/site-packages/airflow/example_dags/example_latest_only.py for tasks to queue
[2023-09-27T22:40:28.308-0400] {logging_mixin.py:151} INFO - [2023-09-27T22:40:28.307-0400] {dagbag.py:539} INFO - Filling up the DagBag from /home/beau/airflow/py_env/lib/python3.10/site-packages/airflow/example_dags/example_latest_only.py
[2023-09-27T22:40:28.318-0400] {processor.py:839} INFO - DAG(s) dict_keys(['latest_only']) retrieved from /home/beau/airflow/py_env/lib/python3.10/site-packages/airflow/example_dags/example_latest_only.py
[2023-09-27T22:40:28.336-0400] {logging_mixin.py:151} INFO - [2023-09-27T22:40:28.336-0400] {dag.py:2915} INFO - Sync 1 DAGs
[2023-09-27T22:40:28.353-0400] {logging_mixin.py:151} INFO - [2023-09-27T22:40:28.353-0400] {dag.py:3696} INFO - Setting next_dagrun for latest_only to 2023-09-27T22:40:28.353410+00:00, run_after=2023-09-28T02:40:28.353410+00:00
[2023-09-27T22:40:28.379-0400] {processor.py:179} INFO - Processing /home/beau/airflow/py_env/lib/python3.10/site-packages/airflow/example_dags/example_latest_only.py took 0.082 seconds
[2023-09-27T22:41:26.896-0400] {processor.py:157} INFO - Started process (PID=12449) to work on /home/beau/airflow/py_env/lib/python3.10/site-packages/airflow/example_dags/example_latest_only.py
[2023-09-27T22:41:26.900-0400] {processor.py:829} INFO - Processing file /home/beau/airflow/py_env/lib/python3.10/site-packages/airflow/example_dags/example_latest_only.py for tasks to queue
[2023-09-27T22:41:26.902-0400] {logging_mixin.py:151} INFO - [2023-09-27T22:41:26.901-0400] {dagbag.py:539} INFO - Filling up the DagBag from /home/beau/airflow/py_env/lib/python3.10/site-packages/airflow/example_dags/example_latest_only.py
[2023-09-27T22:41:26.908-0400] {processor.py:839} INFO - DAG(s) dict_keys(['latest_only']) retrieved from /home/beau/airflow/py_env/lib/python3.10/site-packages/airflow/example_dags/example_latest_only.py
[2023-09-27T22:41:26.926-0400] {logging_mixin.py:151} INFO - [2023-09-27T22:41:26.926-0400] {dag.py:2915} INFO - Sync 1 DAGs
[2023-09-27T22:41:26.944-0400] {logging_mixin.py:151} INFO - [2023-09-27T22:41:26.944-0400] {dag.py:3696} INFO - Setting next_dagrun for latest_only to 2023-09-27T22:41:26.944521+00:00, run_after=2023-09-28T02:41:26.944521+00:00
[2023-09-27T22:41:26.969-0400] {processor.py:179} INFO - Processing /home/beau/airflow/py_env/lib/python3.10/site-packages/airflow/example_dags/example_latest_only.py took 0.076 seconds
[2023-09-27T22:42:27.522-0400] {processor.py:157} INFO - Started process (PID=12884) to work on /home/beau/airflow/py_env/lib/python3.10/site-packages/airflow/example_dags/example_latest_only.py
[2023-09-27T22:42:27.527-0400] {processor.py:829} INFO - Processing file /home/beau/airflow/py_env/lib/python3.10/site-packages/airflow/example_dags/example_latest_only.py for tasks to queue
[2023-09-27T22:42:27.528-0400] {logging_mixin.py:151} INFO - [2023-09-27T22:42:27.528-0400] {dagbag.py:539} INFO - Filling up the DagBag from /home/beau/airflow/py_env/lib/python3.10/site-packages/airflow/example_dags/example_latest_only.py
[2023-09-27T22:42:27.539-0400] {processor.py:839} INFO - DAG(s) dict_keys(['latest_only']) retrieved from /home/beau/airflow/py_env/lib/python3.10/site-packages/airflow/example_dags/example_latest_only.py
[2023-09-27T22:42:27.564-0400] {logging_mixin.py:151} INFO - [2023-09-27T22:42:27.564-0400] {dag.py:2915} INFO - Sync 1 DAGs
[2023-09-27T22:42:27.581-0400] {logging_mixin.py:151} INFO - [2023-09-27T22:42:27.581-0400] {dag.py:3696} INFO - Setting next_dagrun for latest_only to 2023-09-27T22:42:27.581478+00:00, run_after=2023-09-28T02:42:27.581478+00:00
[2023-09-27T22:42:27.606-0400] {processor.py:179} INFO - Processing /home/beau/airflow/py_env/lib/python3.10/site-packages/airflow/example_dags/example_latest_only.py took 0.090 seconds
[2023-09-27T22:43:20.082-0400] {processor.py:157} INFO - Started process (PID=13350) to work on /home/beau/airflow/py_env/lib/python3.10/site-packages/airflow/example_dags/example_latest_only.py
[2023-09-27T22:43:20.085-0400] {processor.py:829} INFO - Processing file /home/beau/airflow/py_env/lib/python3.10/site-packages/airflow/example_dags/example_latest_only.py for tasks to queue
[2023-09-27T22:43:20.086-0400] {logging_mixin.py:151} INFO - [2023-09-27T22:43:20.086-0400] {dagbag.py:539} INFO - Filling up the DagBag from /home/beau/airflow/py_env/lib/python3.10/site-packages/airflow/example_dags/example_latest_only.py
[2023-09-27T22:43:20.092-0400] {processor.py:839} INFO - DAG(s) dict_keys(['latest_only']) retrieved from /home/beau/airflow/py_env/lib/python3.10/site-packages/airflow/example_dags/example_latest_only.py
[2023-09-27T22:43:20.109-0400] {logging_mixin.py:151} INFO - [2023-09-27T22:43:20.108-0400] {dag.py:2915} INFO - Sync 1 DAGs
[2023-09-27T22:43:20.126-0400] {logging_mixin.py:151} INFO - [2023-09-27T22:43:20.126-0400] {dag.py:3696} INFO - Setting next_dagrun for latest_only to 2023-09-27T22:43:20.126160+00:00, run_after=2023-09-28T02:43:20.126160+00:00
[2023-09-27T22:43:20.152-0400] {processor.py:179} INFO - Processing /home/beau/airflow/py_env/lib/python3.10/site-packages/airflow/example_dags/example_latest_only.py took 0.074 seconds
[2023-09-27T22:44:21.830-0400] {processor.py:157} INFO - Started process (PID=13808) to work on /home/beau/airflow/py_env/lib/python3.10/site-packages/airflow/example_dags/example_latest_only.py
[2023-09-27T22:44:21.835-0400] {processor.py:829} INFO - Processing file /home/beau/airflow/py_env/lib/python3.10/site-packages/airflow/example_dags/example_latest_only.py for tasks to queue
[2023-09-27T22:44:21.836-0400] {logging_mixin.py:151} INFO - [2023-09-27T22:44:21.836-0400] {dagbag.py:539} INFO - Filling up the DagBag from /home/beau/airflow/py_env/lib/python3.10/site-packages/airflow/example_dags/example_latest_only.py
[2023-09-27T22:44:21.847-0400] {processor.py:839} INFO - DAG(s) dict_keys(['latest_only']) retrieved from /home/beau/airflow/py_env/lib/python3.10/site-packages/airflow/example_dags/example_latest_only.py
[2023-09-27T22:44:21.861-0400] {logging_mixin.py:151} INFO - [2023-09-27T22:44:21.861-0400] {dag.py:2915} INFO - Sync 1 DAGs
[2023-09-27T22:44:21.878-0400] {logging_mixin.py:151} INFO - [2023-09-27T22:44:21.878-0400] {dag.py:3696} INFO - Setting next_dagrun for latest_only to 2023-09-27T22:44:21.878171+00:00, run_after=2023-09-28T02:44:21.878171+00:00
[2023-09-27T22:44:21.901-0400] {processor.py:179} INFO - Processing /home/beau/airflow/py_env/lib/python3.10/site-packages/airflow/example_dags/example_latest_only.py took 0.077 seconds
[2023-09-27T22:45:16.275-0400] {processor.py:157} INFO - Started process (PID=14271) to work on /home/beau/airflow/py_env/lib/python3.10/site-packages/airflow/example_dags/example_latest_only.py
[2023-09-27T22:45:16.278-0400] {processor.py:829} INFO - Processing file /home/beau/airflow/py_env/lib/python3.10/site-packages/airflow/example_dags/example_latest_only.py for tasks to queue
[2023-09-27T22:45:16.280-0400] {logging_mixin.py:151} INFO - [2023-09-27T22:45:16.279-0400] {dagbag.py:539} INFO - Filling up the DagBag from /home/beau/airflow/py_env/lib/python3.10/site-packages/airflow/example_dags/example_latest_only.py
[2023-09-27T22:45:16.291-0400] {processor.py:839} INFO - DAG(s) dict_keys(['latest_only']) retrieved from /home/beau/airflow/py_env/lib/python3.10/site-packages/airflow/example_dags/example_latest_only.py
[2023-09-27T22:45:16.309-0400] {logging_mixin.py:151} INFO - [2023-09-27T22:45:16.309-0400] {dag.py:2915} INFO - Sync 1 DAGs
[2023-09-27T22:45:16.327-0400] {logging_mixin.py:151} INFO - [2023-09-27T22:45:16.327-0400] {dag.py:3696} INFO - Setting next_dagrun for latest_only to 2023-09-27T22:45:16.327095+00:00, run_after=2023-09-28T02:45:16.327095+00:00
[2023-09-27T22:45:16.349-0400] {processor.py:179} INFO - Processing /home/beau/airflow/py_env/lib/python3.10/site-packages/airflow/example_dags/example_latest_only.py took 0.079 seconds
[2023-09-27T22:46:16.999-0400] {processor.py:157} INFO - Started process (PID=15060) to work on /home/beau/airflow/py_env/lib/python3.10/site-packages/airflow/example_dags/example_latest_only.py
[2023-09-27T22:46:17.003-0400] {processor.py:829} INFO - Processing file /home/beau/airflow/py_env/lib/python3.10/site-packages/airflow/example_dags/example_latest_only.py for tasks to queue
[2023-09-27T22:46:17.005-0400] {logging_mixin.py:151} INFO - [2023-09-27T22:46:17.004-0400] {dagbag.py:539} INFO - Filling up the DagBag from /home/beau/airflow/py_env/lib/python3.10/site-packages/airflow/example_dags/example_latest_only.py
[2023-09-27T22:46:17.016-0400] {processor.py:839} INFO - DAG(s) dict_keys(['latest_only']) retrieved from /home/beau/airflow/py_env/lib/python3.10/site-packages/airflow/example_dags/example_latest_only.py
[2023-09-27T22:46:17.043-0400] {logging_mixin.py:151} INFO - [2023-09-27T22:46:17.043-0400] {dag.py:2915} INFO - Sync 1 DAGs
[2023-09-27T22:46:17.062-0400] {logging_mixin.py:151} INFO - [2023-09-27T22:46:17.062-0400] {dag.py:3696} INFO - Setting next_dagrun for latest_only to 2023-09-27T22:46:17.062423+00:00, run_after=2023-09-28T02:46:17.062423+00:00
[2023-09-27T22:46:17.092-0400] {processor.py:179} INFO - Processing /home/beau/airflow/py_env/lib/python3.10/site-packages/airflow/example_dags/example_latest_only.py took 0.099 seconds
[2023-09-27T22:47:16.730-0400] {processor.py:157} INFO - Started process (PID=15794) to work on /home/beau/airflow/py_env/lib/python3.10/site-packages/airflow/example_dags/example_latest_only.py
[2023-09-27T22:47:16.734-0400] {processor.py:829} INFO - Processing file /home/beau/airflow/py_env/lib/python3.10/site-packages/airflow/example_dags/example_latest_only.py for tasks to queue
[2023-09-27T22:47:16.735-0400] {logging_mixin.py:151} INFO - [2023-09-27T22:47:16.735-0400] {dagbag.py:539} INFO - Filling up the DagBag from /home/beau/airflow/py_env/lib/python3.10/site-packages/airflow/example_dags/example_latest_only.py
[2023-09-27T22:47:16.745-0400] {processor.py:839} INFO - DAG(s) dict_keys(['latest_only']) retrieved from /home/beau/airflow/py_env/lib/python3.10/site-packages/airflow/example_dags/example_latest_only.py
[2023-09-27T22:47:16.760-0400] {logging_mixin.py:151} INFO - [2023-09-27T22:47:16.760-0400] {dag.py:2915} INFO - Sync 1 DAGs
[2023-09-27T22:47:16.777-0400] {logging_mixin.py:151} INFO - [2023-09-27T22:47:16.776-0400] {dag.py:3696} INFO - Setting next_dagrun for latest_only to 2023-09-27T22:47:16.776779+00:00, run_after=2023-09-28T02:47:16.776779+00:00
[2023-09-27T22:47:16.804-0400] {processor.py:179} INFO - Processing /home/beau/airflow/py_env/lib/python3.10/site-packages/airflow/example_dags/example_latest_only.py took 0.079 seconds
[2023-09-27T22:48:15.720-0400] {processor.py:157} INFO - Started process (PID=16383) to work on /home/beau/airflow/py_env/lib/python3.10/site-packages/airflow/example_dags/example_latest_only.py
[2023-09-27T22:48:15.724-0400] {processor.py:829} INFO - Processing file /home/beau/airflow/py_env/lib/python3.10/site-packages/airflow/example_dags/example_latest_only.py for tasks to queue
[2023-09-27T22:48:15.727-0400] {logging_mixin.py:151} INFO - [2023-09-27T22:48:15.726-0400] {dagbag.py:539} INFO - Filling up the DagBag from /home/beau/airflow/py_env/lib/python3.10/site-packages/airflow/example_dags/example_latest_only.py
[2023-09-27T22:48:15.737-0400] {processor.py:839} INFO - DAG(s) dict_keys(['latest_only']) retrieved from /home/beau/airflow/py_env/lib/python3.10/site-packages/airflow/example_dags/example_latest_only.py
[2023-09-27T22:48:15.758-0400] {logging_mixin.py:151} INFO - [2023-09-27T22:48:15.758-0400] {dag.py:2915} INFO - Sync 1 DAGs
[2023-09-27T22:48:15.776-0400] {logging_mixin.py:151} INFO - [2023-09-27T22:48:15.775-0400] {dag.py:3696} INFO - Setting next_dagrun for latest_only to 2023-09-27T22:48:15.775630+00:00, run_after=2023-09-28T02:48:15.775630+00:00
[2023-09-27T22:48:15.806-0400] {processor.py:179} INFO - Processing /home/beau/airflow/py_env/lib/python3.10/site-packages/airflow/example_dags/example_latest_only.py took 0.096 seconds
[2023-09-27T22:49:15.000-0400] {processor.py:157} INFO - Started process (PID=16950) to work on /home/beau/airflow/py_env/lib/python3.10/site-packages/airflow/example_dags/example_latest_only.py
[2023-09-27T22:49:15.004-0400] {processor.py:829} INFO - Processing file /home/beau/airflow/py_env/lib/python3.10/site-packages/airflow/example_dags/example_latest_only.py for tasks to queue
[2023-09-27T22:49:15.005-0400] {logging_mixin.py:151} INFO - [2023-09-27T22:49:15.005-0400] {dagbag.py:539} INFO - Filling up the DagBag from /home/beau/airflow/py_env/lib/python3.10/site-packages/airflow/example_dags/example_latest_only.py
[2023-09-27T22:49:15.020-0400] {processor.py:839} INFO - DAG(s) dict_keys(['latest_only']) retrieved from /home/beau/airflow/py_env/lib/python3.10/site-packages/airflow/example_dags/example_latest_only.py
[2023-09-27T22:49:15.045-0400] {logging_mixin.py:151} INFO - [2023-09-27T22:49:15.045-0400] {dag.py:2915} INFO - Sync 1 DAGs
[2023-09-27T22:49:15.065-0400] {logging_mixin.py:151} INFO - [2023-09-27T22:49:15.064-0400] {dag.py:3696} INFO - Setting next_dagrun for latest_only to 2023-09-27T22:49:15.064755+00:00, run_after=2023-09-28T02:49:15.064755+00:00
[2023-09-27T22:49:15.092-0400] {processor.py:179} INFO - Processing /home/beau/airflow/py_env/lib/python3.10/site-packages/airflow/example_dags/example_latest_only.py took 0.095 seconds
[2023-09-27T22:50:13.353-0400] {processor.py:157} INFO - Started process (PID=17223) to work on /home/beau/airflow/py_env/lib/python3.10/site-packages/airflow/example_dags/example_latest_only.py
[2023-09-27T22:50:13.356-0400] {processor.py:829} INFO - Processing file /home/beau/airflow/py_env/lib/python3.10/site-packages/airflow/example_dags/example_latest_only.py for tasks to queue
[2023-09-27T22:50:13.359-0400] {logging_mixin.py:151} INFO - [2023-09-27T22:50:13.358-0400] {dagbag.py:539} INFO - Filling up the DagBag from /home/beau/airflow/py_env/lib/python3.10/site-packages/airflow/example_dags/example_latest_only.py
[2023-09-27T22:50:13.367-0400] {processor.py:839} INFO - DAG(s) dict_keys(['latest_only']) retrieved from /home/beau/airflow/py_env/lib/python3.10/site-packages/airflow/example_dags/example_latest_only.py
[2023-09-27T22:50:13.382-0400] {logging_mixin.py:151} INFO - [2023-09-27T22:50:13.382-0400] {dag.py:2915} INFO - Sync 1 DAGs
[2023-09-27T22:50:13.402-0400] {logging_mixin.py:151} INFO - [2023-09-27T22:50:13.402-0400] {dag.py:3696} INFO - Setting next_dagrun for latest_only to 2023-09-27T22:50:13.402499+00:00, run_after=2023-09-28T02:50:13.402499+00:00
[2023-09-27T22:50:13.437-0400] {processor.py:179} INFO - Processing /home/beau/airflow/py_env/lib/python3.10/site-packages/airflow/example_dags/example_latest_only.py took 0.090 seconds
[2023-09-27T22:51:06.609-0400] {processor.py:157} INFO - Started process (PID=17470) to work on /home/beau/airflow/py_env/lib/python3.10/site-packages/airflow/example_dags/example_latest_only.py
[2023-09-27T22:51:06.613-0400] {processor.py:829} INFO - Processing file /home/beau/airflow/py_env/lib/python3.10/site-packages/airflow/example_dags/example_latest_only.py for tasks to queue
[2023-09-27T22:51:06.614-0400] {logging_mixin.py:151} INFO - [2023-09-27T22:51:06.614-0400] {dagbag.py:539} INFO - Filling up the DagBag from /home/beau/airflow/py_env/lib/python3.10/site-packages/airflow/example_dags/example_latest_only.py
[2023-09-27T22:51:06.625-0400] {processor.py:839} INFO - DAG(s) dict_keys(['latest_only']) retrieved from /home/beau/airflow/py_env/lib/python3.10/site-packages/airflow/example_dags/example_latest_only.py
[2023-09-27T22:51:06.646-0400] {logging_mixin.py:151} INFO - [2023-09-27T22:51:06.645-0400] {dag.py:2915} INFO - Sync 1 DAGs
[2023-09-27T22:51:06.667-0400] {logging_mixin.py:151} INFO - [2023-09-27T22:51:06.667-0400] {dag.py:3696} INFO - Setting next_dagrun for latest_only to 2023-09-27T22:51:06.667343+00:00, run_after=2023-09-28T02:51:06.667343+00:00
[2023-09-27T22:51:06.694-0400] {processor.py:179} INFO - Processing /home/beau/airflow/py_env/lib/python3.10/site-packages/airflow/example_dags/example_latest_only.py took 0.093 seconds
[2023-09-27T22:52:03.577-0400] {processor.py:157} INFO - Started process (PID=17731) to work on /home/beau/airflow/py_env/lib/python3.10/site-packages/airflow/example_dags/example_latest_only.py
[2023-09-27T22:52:03.582-0400] {processor.py:829} INFO - Processing file /home/beau/airflow/py_env/lib/python3.10/site-packages/airflow/example_dags/example_latest_only.py for tasks to queue
[2023-09-27T22:52:03.583-0400] {logging_mixin.py:151} INFO - [2023-09-27T22:52:03.583-0400] {dagbag.py:539} INFO - Filling up the DagBag from /home/beau/airflow/py_env/lib/python3.10/site-packages/airflow/example_dags/example_latest_only.py
[2023-09-27T22:52:03.593-0400] {processor.py:839} INFO - DAG(s) dict_keys(['latest_only']) retrieved from /home/beau/airflow/py_env/lib/python3.10/site-packages/airflow/example_dags/example_latest_only.py
[2023-09-27T22:52:03.610-0400] {logging_mixin.py:151} INFO - [2023-09-27T22:52:03.609-0400] {dag.py:2915} INFO - Sync 1 DAGs
[2023-09-27T22:52:03.625-0400] {logging_mixin.py:151} INFO - [2023-09-27T22:52:03.624-0400] {dag.py:3696} INFO - Setting next_dagrun for latest_only to 2023-09-27T22:52:03.624813+00:00, run_after=2023-09-28T02:52:03.624813+00:00
[2023-09-27T22:52:03.647-0400] {processor.py:179} INFO - Processing /home/beau/airflow/py_env/lib/python3.10/site-packages/airflow/example_dags/example_latest_only.py took 0.076 seconds
[2023-09-27T22:52:56.828-0400] {processor.py:157} INFO - Started process (PID=18109) to work on /home/beau/airflow/py_env/lib/python3.10/site-packages/airflow/example_dags/example_latest_only.py
[2023-09-27T22:52:56.830-0400] {processor.py:829} INFO - Processing file /home/beau/airflow/py_env/lib/python3.10/site-packages/airflow/example_dags/example_latest_only.py for tasks to queue
[2023-09-27T22:52:56.831-0400] {logging_mixin.py:151} INFO - [2023-09-27T22:52:56.830-0400] {dagbag.py:539} INFO - Filling up the DagBag from /home/beau/airflow/py_env/lib/python3.10/site-packages/airflow/example_dags/example_latest_only.py
[2023-09-27T22:52:56.839-0400] {processor.py:839} INFO - DAG(s) dict_keys(['latest_only']) retrieved from /home/beau/airflow/py_env/lib/python3.10/site-packages/airflow/example_dags/example_latest_only.py
[2023-09-27T22:52:56.855-0400] {logging_mixin.py:151} INFO - [2023-09-27T22:52:56.855-0400] {dag.py:2915} INFO - Sync 1 DAGs
[2023-09-27T22:52:56.875-0400] {logging_mixin.py:151} INFO - [2023-09-27T22:52:56.875-0400] {dag.py:3696} INFO - Setting next_dagrun for latest_only to 2023-09-27T22:52:56.875168+00:00, run_after=2023-09-28T02:52:56.875168+00:00
[2023-09-27T22:52:56.899-0400] {processor.py:179} INFO - Processing /home/beau/airflow/py_env/lib/python3.10/site-packages/airflow/example_dags/example_latest_only.py took 0.075 seconds
[2023-09-27T22:53:48.684-0400] {processor.py:157} INFO - Started process (PID=18562) to work on /home/beau/airflow/py_env/lib/python3.10/site-packages/airflow/example_dags/example_latest_only.py
[2023-09-27T22:53:48.687-0400] {processor.py:829} INFO - Processing file /home/beau/airflow/py_env/lib/python3.10/site-packages/airflow/example_dags/example_latest_only.py for tasks to queue
[2023-09-27T22:53:48.688-0400] {logging_mixin.py:151} INFO - [2023-09-27T22:53:48.688-0400] {dagbag.py:539} INFO - Filling up the DagBag from /home/beau/airflow/py_env/lib/python3.10/site-packages/airflow/example_dags/example_latest_only.py
[2023-09-27T22:53:48.695-0400] {processor.py:839} INFO - DAG(s) dict_keys(['latest_only']) retrieved from /home/beau/airflow/py_env/lib/python3.10/site-packages/airflow/example_dags/example_latest_only.py
[2023-09-27T22:53:48.709-0400] {logging_mixin.py:151} INFO - [2023-09-27T22:53:48.709-0400] {dag.py:2915} INFO - Sync 1 DAGs
[2023-09-27T22:53:48.726-0400] {logging_mixin.py:151} INFO - [2023-09-27T22:53:48.726-0400] {dag.py:3696} INFO - Setting next_dagrun for latest_only to 2023-09-27T22:53:48.726153+00:00, run_after=2023-09-28T02:53:48.726153+00:00
[2023-09-27T22:53:48.752-0400] {processor.py:179} INFO - Processing /home/beau/airflow/py_env/lib/python3.10/site-packages/airflow/example_dags/example_latest_only.py took 0.072 seconds
