[2023-09-27T22:32:59.257-0400] {processor.py:157} INFO - Started process (PID=8094) to work on /home/beau/airflow/py_env/lib/python3.10/site-packages/airflow/example_dags/example_setup_teardown.py
[2023-09-27T22:32:59.259-0400] {processor.py:829} INFO - Processing file /home/beau/airflow/py_env/lib/python3.10/site-packages/airflow/example_dags/example_setup_teardown.py for tasks to queue
[2023-09-27T22:32:59.260-0400] {logging_mixin.py:151} INFO - [2023-09-27T22:32:59.259-0400] {dagbag.py:539} INFO - Filling up the DagBag from /home/beau/airflow/py_env/lib/python3.10/site-packages/airflow/example_dags/example_setup_teardown.py
[2023-09-27T22:32:59.277-0400] {processor.py:839} INFO - DAG(s) dict_keys(['example_setup_teardown']) retrieved from /home/beau/airflow/py_env/lib/python3.10/site-packages/airflow/example_dags/example_setup_teardown.py
[2023-09-27T22:32:59.286-0400] {logging_mixin.py:151} INFO - [2023-09-27T22:32:59.286-0400] {dag.py:2915} INFO - Sync 1 DAGs
[2023-09-27T22:32:59.302-0400] {logging_mixin.py:151} INFO - [2023-09-27T22:32:59.302-0400] {dag.py:3696} INFO - Setting next_dagrun for example_setup_teardown to 2023-09-27T02:32:59.302523+00:00, run_after=2023-09-28T02:32:59.302523+00:00
[2023-09-27T22:32:59.330-0400] {processor.py:179} INFO - Processing /home/beau/airflow/py_env/lib/python3.10/site-packages/airflow/example_dags/example_setup_teardown.py took 0.079 seconds
[2023-09-27T22:33:47.122-0400] {processor.py:157} INFO - Started process (PID=8823) to work on /home/beau/airflow/py_env/lib/python3.10/site-packages/airflow/example_dags/example_setup_teardown.py
[2023-09-27T22:33:47.123-0400] {processor.py:829} INFO - Processing file /home/beau/airflow/py_env/lib/python3.10/site-packages/airflow/example_dags/example_setup_teardown.py for tasks to queue
[2023-09-27T22:33:47.125-0400] {logging_mixin.py:151} INFO - [2023-09-27T22:33:47.124-0400] {dagbag.py:539} INFO - Filling up the DagBag from /home/beau/airflow/py_env/lib/python3.10/site-packages/airflow/example_dags/example_setup_teardown.py
[2023-09-27T22:33:47.136-0400] {processor.py:839} INFO - DAG(s) dict_keys(['example_setup_teardown']) retrieved from /home/beau/airflow/py_env/lib/python3.10/site-packages/airflow/example_dags/example_setup_teardown.py
[2023-09-27T22:33:47.161-0400] {logging_mixin.py:151} INFO - [2023-09-27T22:33:47.161-0400] {dag.py:2915} INFO - Sync 1 DAGs
[2023-09-27T22:33:47.179-0400] {logging_mixin.py:151} INFO - [2023-09-27T22:33:47.179-0400] {dag.py:3696} INFO - Setting next_dagrun for example_setup_teardown to 2023-09-27T02:33:47.179260+00:00, run_after=2023-09-28T02:33:47.179260+00:00
[2023-09-27T22:33:47.206-0400] {processor.py:179} INFO - Processing /home/beau/airflow/py_env/lib/python3.10/site-packages/airflow/example_dags/example_setup_teardown.py took 0.087 seconds
[2023-09-27T22:34:36.223-0400] {processor.py:157} INFO - Started process (PID=9057) to work on /home/beau/airflow/py_env/lib/python3.10/site-packages/airflow/example_dags/example_setup_teardown.py
[2023-09-27T22:34:36.228-0400] {processor.py:829} INFO - Processing file /home/beau/airflow/py_env/lib/python3.10/site-packages/airflow/example_dags/example_setup_teardown.py for tasks to queue
[2023-09-27T22:34:36.229-0400] {logging_mixin.py:151} INFO - [2023-09-27T22:34:36.228-0400] {dagbag.py:539} INFO - Filling up the DagBag from /home/beau/airflow/py_env/lib/python3.10/site-packages/airflow/example_dags/example_setup_teardown.py
[2023-09-27T22:34:36.242-0400] {processor.py:839} INFO - DAG(s) dict_keys(['example_setup_teardown']) retrieved from /home/beau/airflow/py_env/lib/python3.10/site-packages/airflow/example_dags/example_setup_teardown.py
[2023-09-27T22:34:36.258-0400] {logging_mixin.py:151} INFO - [2023-09-27T22:34:36.258-0400] {dag.py:2915} INFO - Sync 1 DAGs
[2023-09-27T22:34:36.274-0400] {logging_mixin.py:151} INFO - [2023-09-27T22:34:36.274-0400] {dag.py:3696} INFO - Setting next_dagrun for example_setup_teardown to 2023-09-27T02:34:36.274443+00:00, run_after=2023-09-28T02:34:36.274443+00:00
[2023-09-27T22:34:36.300-0400] {processor.py:179} INFO - Processing /home/beau/airflow/py_env/lib/python3.10/site-packages/airflow/example_dags/example_setup_teardown.py took 0.082 seconds
[2023-09-27T22:35:21.266-0400] {processor.py:157} INFO - Started process (PID=9548) to work on /home/beau/airflow/py_env/lib/python3.10/site-packages/airflow/example_dags/example_setup_teardown.py
[2023-09-27T22:35:21.270-0400] {processor.py:829} INFO - Processing file /home/beau/airflow/py_env/lib/python3.10/site-packages/airflow/example_dags/example_setup_teardown.py for tasks to queue
[2023-09-27T22:35:21.271-0400] {logging_mixin.py:151} INFO - [2023-09-27T22:35:21.270-0400] {dagbag.py:539} INFO - Filling up the DagBag from /home/beau/airflow/py_env/lib/python3.10/site-packages/airflow/example_dags/example_setup_teardown.py
[2023-09-27T22:35:21.280-0400] {processor.py:839} INFO - DAG(s) dict_keys(['example_setup_teardown']) retrieved from /home/beau/airflow/py_env/lib/python3.10/site-packages/airflow/example_dags/example_setup_teardown.py
[2023-09-27T22:35:21.297-0400] {logging_mixin.py:151} INFO - [2023-09-27T22:35:21.296-0400] {dag.py:2915} INFO - Sync 1 DAGs
[2023-09-27T22:35:21.317-0400] {logging_mixin.py:151} INFO - [2023-09-27T22:35:21.317-0400] {dag.py:3696} INFO - Setting next_dagrun for example_setup_teardown to 2023-09-27T02:35:21.317228+00:00, run_after=2023-09-28T02:35:21.317228+00:00
[2023-09-27T22:35:21.469-0400] {processor.py:179} INFO - Processing /home/beau/airflow/py_env/lib/python3.10/site-packages/airflow/example_dags/example_setup_teardown.py took 0.207 seconds
[2023-09-27T22:36:15.822-0400] {processor.py:157} INFO - Started process (PID=10293) to work on /home/beau/airflow/py_env/lib/python3.10/site-packages/airflow/example_dags/example_setup_teardown.py
[2023-09-27T22:36:15.824-0400] {processor.py:829} INFO - Processing file /home/beau/airflow/py_env/lib/python3.10/site-packages/airflow/example_dags/example_setup_teardown.py for tasks to queue
[2023-09-27T22:36:15.826-0400] {logging_mixin.py:151} INFO - [2023-09-27T22:36:15.825-0400] {dagbag.py:539} INFO - Filling up the DagBag from /home/beau/airflow/py_env/lib/python3.10/site-packages/airflow/example_dags/example_setup_teardown.py
[2023-09-27T22:36:15.943-0400] {processor.py:839} INFO - DAG(s) dict_keys(['example_setup_teardown']) retrieved from /home/beau/airflow/py_env/lib/python3.10/site-packages/airflow/example_dags/example_setup_teardown.py
[2023-09-27T22:36:15.953-0400] {logging_mixin.py:151} INFO - [2023-09-27T22:36:15.953-0400] {dag.py:2915} INFO - Sync 1 DAGs
[2023-09-27T22:36:15.967-0400] {logging_mixin.py:151} INFO - [2023-09-27T22:36:15.967-0400] {dag.py:3696} INFO - Setting next_dagrun for example_setup_teardown to 2023-09-27T02:36:15.967682+00:00, run_after=2023-09-28T02:36:15.967682+00:00
[2023-09-27T22:36:15.992-0400] {processor.py:179} INFO - Processing /home/beau/airflow/py_env/lib/python3.10/site-packages/airflow/example_dags/example_setup_teardown.py took 0.174 seconds
[2023-09-27T22:37:01.320-0400] {processor.py:157} INFO - Started process (PID=10626) to work on /home/beau/airflow/py_env/lib/python3.10/site-packages/airflow/example_dags/example_setup_teardown.py
[2023-09-27T22:37:01.324-0400] {processor.py:829} INFO - Processing file /home/beau/airflow/py_env/lib/python3.10/site-packages/airflow/example_dags/example_setup_teardown.py for tasks to queue
[2023-09-27T22:37:01.326-0400] {logging_mixin.py:151} INFO - [2023-09-27T22:37:01.325-0400] {dagbag.py:539} INFO - Filling up the DagBag from /home/beau/airflow/py_env/lib/python3.10/site-packages/airflow/example_dags/example_setup_teardown.py
[2023-09-27T22:37:01.336-0400] {processor.py:839} INFO - DAG(s) dict_keys(['example_setup_teardown']) retrieved from /home/beau/airflow/py_env/lib/python3.10/site-packages/airflow/example_dags/example_setup_teardown.py
[2023-09-27T22:37:01.354-0400] {logging_mixin.py:151} INFO - [2023-09-27T22:37:01.354-0400] {dag.py:2915} INFO - Sync 1 DAGs
[2023-09-27T22:37:01.372-0400] {logging_mixin.py:151} INFO - [2023-09-27T22:37:01.372-0400] {dag.py:3696} INFO - Setting next_dagrun for example_setup_teardown to 2023-09-27T02:37:01.371816+00:00, run_after=2023-09-28T02:37:01.371816+00:00
[2023-09-27T22:37:01.396-0400] {processor.py:179} INFO - Processing /home/beau/airflow/py_env/lib/python3.10/site-packages/airflow/example_dags/example_setup_teardown.py took 0.083 seconds
[2023-09-27T22:37:41.201-0400] {processor.py:157} INFO - Started process (PID=10881) to work on /home/beau/airflow/py_env/lib/python3.10/site-packages/airflow/example_dags/example_setup_teardown.py
[2023-09-27T22:37:41.205-0400] {processor.py:829} INFO - Processing file /home/beau/airflow/py_env/lib/python3.10/site-packages/airflow/example_dags/example_setup_teardown.py for tasks to queue
[2023-09-27T22:37:41.206-0400] {logging_mixin.py:151} INFO - [2023-09-27T22:37:41.206-0400] {dagbag.py:539} INFO - Filling up the DagBag from /home/beau/airflow/py_env/lib/python3.10/site-packages/airflow/example_dags/example_setup_teardown.py
[2023-09-27T22:37:41.215-0400] {processor.py:839} INFO - DAG(s) dict_keys(['example_setup_teardown']) retrieved from /home/beau/airflow/py_env/lib/python3.10/site-packages/airflow/example_dags/example_setup_teardown.py
[2023-09-27T22:37:41.233-0400] {logging_mixin.py:151} INFO - [2023-09-27T22:37:41.233-0400] {dag.py:2915} INFO - Sync 1 DAGs
[2023-09-27T22:37:41.250-0400] {logging_mixin.py:151} INFO - [2023-09-27T22:37:41.250-0400] {dag.py:3696} INFO - Setting next_dagrun for example_setup_teardown to 2023-09-27T02:37:41.249896+00:00, run_after=2023-09-28T02:37:41.249896+00:00
[2023-09-27T22:37:41.283-0400] {processor.py:179} INFO - Processing /home/beau/airflow/py_env/lib/python3.10/site-packages/airflow/example_dags/example_setup_teardown.py took 0.086 seconds
[2023-09-27T22:38:19.807-0400] {processor.py:157} INFO - Started process (PID=11295) to work on /home/beau/airflow/py_env/lib/python3.10/site-packages/airflow/example_dags/example_setup_teardown.py
[2023-09-27T22:38:19.811-0400] {processor.py:829} INFO - Processing file /home/beau/airflow/py_env/lib/python3.10/site-packages/airflow/example_dags/example_setup_teardown.py for tasks to queue
[2023-09-27T22:38:19.812-0400] {logging_mixin.py:151} INFO - [2023-09-27T22:38:19.812-0400] {dagbag.py:539} INFO - Filling up the DagBag from /home/beau/airflow/py_env/lib/python3.10/site-packages/airflow/example_dags/example_setup_teardown.py
[2023-09-27T22:38:19.820-0400] {processor.py:839} INFO - DAG(s) dict_keys(['example_setup_teardown']) retrieved from /home/beau/airflow/py_env/lib/python3.10/site-packages/airflow/example_dags/example_setup_teardown.py
[2023-09-27T22:38:19.837-0400] {logging_mixin.py:151} INFO - [2023-09-27T22:38:19.836-0400] {dag.py:2915} INFO - Sync 1 DAGs
[2023-09-27T22:38:19.855-0400] {logging_mixin.py:151} INFO - [2023-09-27T22:38:19.855-0400] {dag.py:3696} INFO - Setting next_dagrun for example_setup_teardown to 2023-09-27T02:38:19.855278+00:00, run_after=2023-09-28T02:38:19.855278+00:00
[2023-09-27T22:38:19.880-0400] {processor.py:179} INFO - Processing /home/beau/airflow/py_env/lib/python3.10/site-packages/airflow/example_dags/example_setup_teardown.py took 0.076 seconds
[2023-09-27T22:38:58.416-0400] {processor.py:157} INFO - Started process (PID=11681) to work on /home/beau/airflow/py_env/lib/python3.10/site-packages/airflow/example_dags/example_setup_teardown.py
[2023-09-27T22:38:58.420-0400] {processor.py:829} INFO - Processing file /home/beau/airflow/py_env/lib/python3.10/site-packages/airflow/example_dags/example_setup_teardown.py for tasks to queue
[2023-09-27T22:38:58.421-0400] {logging_mixin.py:151} INFO - [2023-09-27T22:38:58.420-0400] {dagbag.py:539} INFO - Filling up the DagBag from /home/beau/airflow/py_env/lib/python3.10/site-packages/airflow/example_dags/example_setup_teardown.py
[2023-09-27T22:38:58.428-0400] {processor.py:839} INFO - DAG(s) dict_keys(['example_setup_teardown']) retrieved from /home/beau/airflow/py_env/lib/python3.10/site-packages/airflow/example_dags/example_setup_teardown.py
[2023-09-27T22:38:58.443-0400] {logging_mixin.py:151} INFO - [2023-09-27T22:38:58.443-0400] {dag.py:2915} INFO - Sync 1 DAGs
[2023-09-27T22:38:58.460-0400] {logging_mixin.py:151} INFO - [2023-09-27T22:38:58.460-0400] {dag.py:3696} INFO - Setting next_dagrun for example_setup_teardown to 2023-09-27T02:38:58.459968+00:00, run_after=2023-09-28T02:38:58.459968+00:00
[2023-09-27T22:38:58.482-0400] {processor.py:179} INFO - Processing /home/beau/airflow/py_env/lib/python3.10/site-packages/airflow/example_dags/example_setup_teardown.py took 0.069 seconds
[2023-09-27T22:39:35.536-0400] {processor.py:157} INFO - Started process (PID=11899) to work on /home/beau/airflow/py_env/lib/python3.10/site-packages/airflow/example_dags/example_setup_teardown.py
[2023-09-27T22:39:35.538-0400] {processor.py:829} INFO - Processing file /home/beau/airflow/py_env/lib/python3.10/site-packages/airflow/example_dags/example_setup_teardown.py for tasks to queue
[2023-09-27T22:39:35.539-0400] {logging_mixin.py:151} INFO - [2023-09-27T22:39:35.538-0400] {dagbag.py:539} INFO - Filling up the DagBag from /home/beau/airflow/py_env/lib/python3.10/site-packages/airflow/example_dags/example_setup_teardown.py
[2023-09-27T22:39:35.553-0400] {processor.py:839} INFO - DAG(s) dict_keys(['example_setup_teardown']) retrieved from /home/beau/airflow/py_env/lib/python3.10/site-packages/airflow/example_dags/example_setup_teardown.py
[2023-09-27T22:39:35.574-0400] {logging_mixin.py:151} INFO - [2023-09-27T22:39:35.573-0400] {dag.py:2915} INFO - Sync 1 DAGs
[2023-09-27T22:39:35.597-0400] {logging_mixin.py:151} INFO - [2023-09-27T22:39:35.596-0400] {dag.py:3696} INFO - Setting next_dagrun for example_setup_teardown to 2023-09-27T02:39:35.596797+00:00, run_after=2023-09-28T02:39:35.596797+00:00
[2023-09-27T22:39:35.629-0400] {processor.py:179} INFO - Processing /home/beau/airflow/py_env/lib/python3.10/site-packages/airflow/example_dags/example_setup_teardown.py took 0.098 seconds
[2023-09-27T22:40:17.512-0400] {processor.py:157} INFO - Started process (PID=12100) to work on /home/beau/airflow/py_env/lib/python3.10/site-packages/airflow/example_dags/example_setup_teardown.py
[2023-09-27T22:40:17.516-0400] {processor.py:829} INFO - Processing file /home/beau/airflow/py_env/lib/python3.10/site-packages/airflow/example_dags/example_setup_teardown.py for tasks to queue
[2023-09-27T22:40:17.517-0400] {logging_mixin.py:151} INFO - [2023-09-27T22:40:17.516-0400] {dagbag.py:539} INFO - Filling up the DagBag from /home/beau/airflow/py_env/lib/python3.10/site-packages/airflow/example_dags/example_setup_teardown.py
[2023-09-27T22:40:17.528-0400] {processor.py:839} INFO - DAG(s) dict_keys(['example_setup_teardown']) retrieved from /home/beau/airflow/py_env/lib/python3.10/site-packages/airflow/example_dags/example_setup_teardown.py
[2023-09-27T22:40:17.551-0400] {logging_mixin.py:151} INFO - [2023-09-27T22:40:17.550-0400] {dag.py:2915} INFO - Sync 1 DAGs
[2023-09-27T22:40:17.572-0400] {logging_mixin.py:151} INFO - [2023-09-27T22:40:17.572-0400] {dag.py:3696} INFO - Setting next_dagrun for example_setup_teardown to 2023-09-27T02:40:17.572212+00:00, run_after=2023-09-28T02:40:17.572212+00:00
[2023-09-27T22:40:17.605-0400] {processor.py:179} INFO - Processing /home/beau/airflow/py_env/lib/python3.10/site-packages/airflow/example_dags/example_setup_teardown.py took 0.099 seconds
[2023-09-27T22:40:58.222-0400] {processor.py:157} INFO - Started process (PID=12303) to work on /home/beau/airflow/py_env/lib/python3.10/site-packages/airflow/example_dags/example_setup_teardown.py
[2023-09-27T22:40:58.226-0400] {processor.py:829} INFO - Processing file /home/beau/airflow/py_env/lib/python3.10/site-packages/airflow/example_dags/example_setup_teardown.py for tasks to queue
[2023-09-27T22:40:58.229-0400] {logging_mixin.py:151} INFO - [2023-09-27T22:40:58.228-0400] {dagbag.py:539} INFO - Filling up the DagBag from /home/beau/airflow/py_env/lib/python3.10/site-packages/airflow/example_dags/example_setup_teardown.py
[2023-09-27T22:40:58.239-0400] {processor.py:839} INFO - DAG(s) dict_keys(['example_setup_teardown']) retrieved from /home/beau/airflow/py_env/lib/python3.10/site-packages/airflow/example_dags/example_setup_teardown.py
[2023-09-27T22:40:58.257-0400] {logging_mixin.py:151} INFO - [2023-09-27T22:40:58.257-0400] {dag.py:2915} INFO - Sync 1 DAGs
[2023-09-27T22:40:58.283-0400] {logging_mixin.py:151} INFO - [2023-09-27T22:40:58.283-0400] {dag.py:3696} INFO - Setting next_dagrun for example_setup_teardown to 2023-09-27T02:40:58.282856+00:00, run_after=2023-09-28T02:40:58.282856+00:00
[2023-09-27T22:40:58.321-0400] {processor.py:179} INFO - Processing /home/beau/airflow/py_env/lib/python3.10/site-packages/airflow/example_dags/example_setup_teardown.py took 0.103 seconds
[2023-09-27T22:41:37.176-0400] {processor.py:157} INFO - Started process (PID=12512) to work on /home/beau/airflow/py_env/lib/python3.10/site-packages/airflow/example_dags/example_setup_teardown.py
[2023-09-27T22:41:37.180-0400] {processor.py:829} INFO - Processing file /home/beau/airflow/py_env/lib/python3.10/site-packages/airflow/example_dags/example_setup_teardown.py for tasks to queue
[2023-09-27T22:41:37.182-0400] {logging_mixin.py:151} INFO - [2023-09-27T22:41:37.181-0400] {dagbag.py:539} INFO - Filling up the DagBag from /home/beau/airflow/py_env/lib/python3.10/site-packages/airflow/example_dags/example_setup_teardown.py
[2023-09-27T22:41:37.189-0400] {processor.py:839} INFO - DAG(s) dict_keys(['example_setup_teardown']) retrieved from /home/beau/airflow/py_env/lib/python3.10/site-packages/airflow/example_dags/example_setup_teardown.py
[2023-09-27T22:41:37.204-0400] {logging_mixin.py:151} INFO - [2023-09-27T22:41:37.204-0400] {dag.py:2915} INFO - Sync 1 DAGs
[2023-09-27T22:41:37.224-0400] {logging_mixin.py:151} INFO - [2023-09-27T22:41:37.224-0400] {dag.py:3696} INFO - Setting next_dagrun for example_setup_teardown to 2023-09-27T02:41:37.224242+00:00, run_after=2023-09-28T02:41:37.224242+00:00
[2023-09-27T22:41:37.249-0400] {processor.py:179} INFO - Processing /home/beau/airflow/py_env/lib/python3.10/site-packages/airflow/example_dags/example_setup_teardown.py took 0.079 seconds
[2023-09-27T22:42:17.222-0400] {processor.py:157} INFO - Started process (PID=12798) to work on /home/beau/airflow/py_env/lib/python3.10/site-packages/airflow/example_dags/example_setup_teardown.py
[2023-09-27T22:42:17.227-0400] {processor.py:829} INFO - Processing file /home/beau/airflow/py_env/lib/python3.10/site-packages/airflow/example_dags/example_setup_teardown.py for tasks to queue
[2023-09-27T22:42:17.228-0400] {logging_mixin.py:151} INFO - [2023-09-27T22:42:17.227-0400] {dagbag.py:539} INFO - Filling up the DagBag from /home/beau/airflow/py_env/lib/python3.10/site-packages/airflow/example_dags/example_setup_teardown.py
[2023-09-27T22:42:17.237-0400] {processor.py:839} INFO - DAG(s) dict_keys(['example_setup_teardown']) retrieved from /home/beau/airflow/py_env/lib/python3.10/site-packages/airflow/example_dags/example_setup_teardown.py
[2023-09-27T22:42:17.255-0400] {logging_mixin.py:151} INFO - [2023-09-27T22:42:17.255-0400] {dag.py:2915} INFO - Sync 1 DAGs
[2023-09-27T22:42:17.273-0400] {logging_mixin.py:151} INFO - [2023-09-27T22:42:17.272-0400] {dag.py:3696} INFO - Setting next_dagrun for example_setup_teardown to 2023-09-27T02:42:17.272765+00:00, run_after=2023-09-28T02:42:17.272765+00:00
[2023-09-27T22:42:17.296-0400] {processor.py:179} INFO - Processing /home/beau/airflow/py_env/lib/python3.10/site-packages/airflow/example_dags/example_setup_teardown.py took 0.081 seconds
[2023-09-27T22:42:55.333-0400] {processor.py:157} INFO - Started process (PID=13238) to work on /home/beau/airflow/py_env/lib/python3.10/site-packages/airflow/example_dags/example_setup_teardown.py
[2023-09-27T22:42:55.338-0400] {processor.py:829} INFO - Processing file /home/beau/airflow/py_env/lib/python3.10/site-packages/airflow/example_dags/example_setup_teardown.py for tasks to queue
[2023-09-27T22:42:55.341-0400] {logging_mixin.py:151} INFO - [2023-09-27T22:42:55.340-0400] {dagbag.py:539} INFO - Filling up the DagBag from /home/beau/airflow/py_env/lib/python3.10/site-packages/airflow/example_dags/example_setup_teardown.py
[2023-09-27T22:42:55.363-0400] {processor.py:839} INFO - DAG(s) dict_keys(['example_setup_teardown']) retrieved from /home/beau/airflow/py_env/lib/python3.10/site-packages/airflow/example_dags/example_setup_teardown.py
[2023-09-27T22:42:55.391-0400] {logging_mixin.py:151} INFO - [2023-09-27T22:42:55.391-0400] {dag.py:2915} INFO - Sync 1 DAGs
[2023-09-27T22:42:55.410-0400] {logging_mixin.py:151} INFO - [2023-09-27T22:42:55.409-0400] {dag.py:3696} INFO - Setting next_dagrun for example_setup_teardown to 2023-09-27T02:42:55.409644+00:00, run_after=2023-09-28T02:42:55.409644+00:00
[2023-09-27T22:42:55.436-0400] {processor.py:179} INFO - Processing /home/beau/airflow/py_env/lib/python3.10/site-packages/airflow/example_dags/example_setup_teardown.py took 0.111 seconds
[2023-09-27T22:43:30.536-0400] {processor.py:157} INFO - Started process (PID=13388) to work on /home/beau/airflow/py_env/lib/python3.10/site-packages/airflow/example_dags/example_setup_teardown.py
[2023-09-27T22:43:30.541-0400] {processor.py:829} INFO - Processing file /home/beau/airflow/py_env/lib/python3.10/site-packages/airflow/example_dags/example_setup_teardown.py for tasks to queue
[2023-09-27T22:43:30.543-0400] {logging_mixin.py:151} INFO - [2023-09-27T22:43:30.542-0400] {dagbag.py:539} INFO - Filling up the DagBag from /home/beau/airflow/py_env/lib/python3.10/site-packages/airflow/example_dags/example_setup_teardown.py
[2023-09-27T22:43:30.559-0400] {processor.py:839} INFO - DAG(s) dict_keys(['example_setup_teardown']) retrieved from /home/beau/airflow/py_env/lib/python3.10/site-packages/airflow/example_dags/example_setup_teardown.py
[2023-09-27T22:43:30.583-0400] {logging_mixin.py:151} INFO - [2023-09-27T22:43:30.583-0400] {dag.py:2915} INFO - Sync 1 DAGs
[2023-09-27T22:43:30.600-0400] {logging_mixin.py:151} INFO - [2023-09-27T22:43:30.599-0400] {dag.py:3696} INFO - Setting next_dagrun for example_setup_teardown to 2023-09-27T02:43:30.599733+00:00, run_after=2023-09-28T02:43:30.599733+00:00
[2023-09-27T22:43:30.627-0400] {processor.py:179} INFO - Processing /home/beau/airflow/py_env/lib/python3.10/site-packages/airflow/example_dags/example_setup_teardown.py took 0.097 seconds
[2023-09-27T22:44:11.597-0400] {processor.py:157} INFO - Started process (PID=13728) to work on /home/beau/airflow/py_env/lib/python3.10/site-packages/airflow/example_dags/example_setup_teardown.py
[2023-09-27T22:44:11.601-0400] {processor.py:829} INFO - Processing file /home/beau/airflow/py_env/lib/python3.10/site-packages/airflow/example_dags/example_setup_teardown.py for tasks to queue
[2023-09-27T22:44:11.602-0400] {logging_mixin.py:151} INFO - [2023-09-27T22:44:11.602-0400] {dagbag.py:539} INFO - Filling up the DagBag from /home/beau/airflow/py_env/lib/python3.10/site-packages/airflow/example_dags/example_setup_teardown.py
[2023-09-27T22:44:11.610-0400] {processor.py:839} INFO - DAG(s) dict_keys(['example_setup_teardown']) retrieved from /home/beau/airflow/py_env/lib/python3.10/site-packages/airflow/example_dags/example_setup_teardown.py
[2023-09-27T22:44:11.626-0400] {logging_mixin.py:151} INFO - [2023-09-27T22:44:11.626-0400] {dag.py:2915} INFO - Sync 1 DAGs
[2023-09-27T22:44:11.644-0400] {logging_mixin.py:151} INFO - [2023-09-27T22:44:11.644-0400] {dag.py:3696} INFO - Setting next_dagrun for example_setup_teardown to 2023-09-27T02:44:11.643915+00:00, run_after=2023-09-28T02:44:11.643915+00:00
[2023-09-27T22:44:11.669-0400] {processor.py:179} INFO - Processing /home/beau/airflow/py_env/lib/python3.10/site-packages/airflow/example_dags/example_setup_teardown.py took 0.075 seconds
[2023-09-27T22:44:51.370-0400] {processor.py:157} INFO - Started process (PID=14110) to work on /home/beau/airflow/py_env/lib/python3.10/site-packages/airflow/example_dags/example_setup_teardown.py
[2023-09-27T22:44:51.373-0400] {processor.py:829} INFO - Processing file /home/beau/airflow/py_env/lib/python3.10/site-packages/airflow/example_dags/example_setup_teardown.py for tasks to queue
[2023-09-27T22:44:51.374-0400] {logging_mixin.py:151} INFO - [2023-09-27T22:44:51.374-0400] {dagbag.py:539} INFO - Filling up the DagBag from /home/beau/airflow/py_env/lib/python3.10/site-packages/airflow/example_dags/example_setup_teardown.py
[2023-09-27T22:44:51.385-0400] {processor.py:839} INFO - DAG(s) dict_keys(['example_setup_teardown']) retrieved from /home/beau/airflow/py_env/lib/python3.10/site-packages/airflow/example_dags/example_setup_teardown.py
[2023-09-27T22:44:51.402-0400] {logging_mixin.py:151} INFO - [2023-09-27T22:44:51.402-0400] {dag.py:2915} INFO - Sync 1 DAGs
[2023-09-27T22:44:51.421-0400] {logging_mixin.py:151} INFO - [2023-09-27T22:44:51.420-0400] {dag.py:3696} INFO - Setting next_dagrun for example_setup_teardown to 2023-09-27T02:44:51.420733+00:00, run_after=2023-09-28T02:44:51.420733+00:00
[2023-09-27T22:44:51.445-0400] {processor.py:179} INFO - Processing /home/beau/airflow/py_env/lib/python3.10/site-packages/airflow/example_dags/example_setup_teardown.py took 0.078 seconds
[2023-09-27T22:45:26.572-0400] {processor.py:157} INFO - Started process (PID=14351) to work on /home/beau/airflow/py_env/lib/python3.10/site-packages/airflow/example_dags/example_setup_teardown.py
[2023-09-27T22:45:26.577-0400] {processor.py:829} INFO - Processing file /home/beau/airflow/py_env/lib/python3.10/site-packages/airflow/example_dags/example_setup_teardown.py for tasks to queue
[2023-09-27T22:45:26.578-0400] {logging_mixin.py:151} INFO - [2023-09-27T22:45:26.578-0400] {dagbag.py:539} INFO - Filling up the DagBag from /home/beau/airflow/py_env/lib/python3.10/site-packages/airflow/example_dags/example_setup_teardown.py
[2023-09-27T22:45:26.590-0400] {processor.py:839} INFO - DAG(s) dict_keys(['example_setup_teardown']) retrieved from /home/beau/airflow/py_env/lib/python3.10/site-packages/airflow/example_dags/example_setup_teardown.py
[2023-09-27T22:45:26.606-0400] {logging_mixin.py:151} INFO - [2023-09-27T22:45:26.606-0400] {dag.py:2915} INFO - Sync 1 DAGs
[2023-09-27T22:45:26.625-0400] {logging_mixin.py:151} INFO - [2023-09-27T22:45:26.625-0400] {dag.py:3696} INFO - Setting next_dagrun for example_setup_teardown to 2023-09-27T02:45:26.625499+00:00, run_after=2023-09-28T02:45:26.625499+00:00
[2023-09-27T22:45:26.649-0400] {processor.py:179} INFO - Processing /home/beau/airflow/py_env/lib/python3.10/site-packages/airflow/example_dags/example_setup_teardown.py took 0.084 seconds
[2023-09-27T22:46:06.637-0400] {processor.py:157} INFO - Started process (PID=14920) to work on /home/beau/airflow/py_env/lib/python3.10/site-packages/airflow/example_dags/example_setup_teardown.py
[2023-09-27T22:46:06.639-0400] {processor.py:829} INFO - Processing file /home/beau/airflow/py_env/lib/python3.10/site-packages/airflow/example_dags/example_setup_teardown.py for tasks to queue
[2023-09-27T22:46:06.640-0400] {logging_mixin.py:151} INFO - [2023-09-27T22:46:06.640-0400] {dagbag.py:539} INFO - Filling up the DagBag from /home/beau/airflow/py_env/lib/python3.10/site-packages/airflow/example_dags/example_setup_teardown.py
[2023-09-27T22:46:06.650-0400] {processor.py:839} INFO - DAG(s) dict_keys(['example_setup_teardown']) retrieved from /home/beau/airflow/py_env/lib/python3.10/site-packages/airflow/example_dags/example_setup_teardown.py
[2023-09-27T22:46:06.669-0400] {logging_mixin.py:151} INFO - [2023-09-27T22:46:06.668-0400] {dag.py:2915} INFO - Sync 1 DAGs
[2023-09-27T22:46:06.685-0400] {logging_mixin.py:151} INFO - [2023-09-27T22:46:06.685-0400] {dag.py:3696} INFO - Setting next_dagrun for example_setup_teardown to 2023-09-27T02:46:06.685431+00:00, run_after=2023-09-28T02:46:06.685431+00:00
[2023-09-27T22:46:06.715-0400] {processor.py:179} INFO - Processing /home/beau/airflow/py_env/lib/python3.10/site-packages/airflow/example_dags/example_setup_teardown.py took 0.084 seconds
[2023-09-27T22:46:47.804-0400] {processor.py:157} INFO - Started process (PID=15478) to work on /home/beau/airflow/py_env/lib/python3.10/site-packages/airflow/example_dags/example_setup_teardown.py
[2023-09-27T22:46:47.809-0400] {processor.py:829} INFO - Processing file /home/beau/airflow/py_env/lib/python3.10/site-packages/airflow/example_dags/example_setup_teardown.py for tasks to queue
[2023-09-27T22:46:47.810-0400] {logging_mixin.py:151} INFO - [2023-09-27T22:46:47.809-0400] {dagbag.py:539} INFO - Filling up the DagBag from /home/beau/airflow/py_env/lib/python3.10/site-packages/airflow/example_dags/example_setup_teardown.py
[2023-09-27T22:46:47.821-0400] {processor.py:839} INFO - DAG(s) dict_keys(['example_setup_teardown']) retrieved from /home/beau/airflow/py_env/lib/python3.10/site-packages/airflow/example_dags/example_setup_teardown.py
[2023-09-27T22:46:47.837-0400] {logging_mixin.py:151} INFO - [2023-09-27T22:46:47.837-0400] {dag.py:2915} INFO - Sync 1 DAGs
[2023-09-27T22:46:47.854-0400] {logging_mixin.py:151} INFO - [2023-09-27T22:46:47.854-0400] {dag.py:3696} INFO - Setting next_dagrun for example_setup_teardown to 2023-09-27T02:46:47.854272+00:00, run_after=2023-09-28T02:46:47.854272+00:00
[2023-09-27T22:46:47.880-0400] {processor.py:179} INFO - Processing /home/beau/airflow/py_env/lib/python3.10/site-packages/airflow/example_dags/example_setup_teardown.py took 0.080 seconds
[2023-09-27T22:47:27.492-0400] {processor.py:157} INFO - Started process (PID=15887) to work on /home/beau/airflow/py_env/lib/python3.10/site-packages/airflow/example_dags/example_setup_teardown.py
[2023-09-27T22:47:27.497-0400] {processor.py:829} INFO - Processing file /home/beau/airflow/py_env/lib/python3.10/site-packages/airflow/example_dags/example_setup_teardown.py for tasks to queue
[2023-09-27T22:47:27.499-0400] {logging_mixin.py:151} INFO - [2023-09-27T22:47:27.498-0400] {dagbag.py:539} INFO - Filling up the DagBag from /home/beau/airflow/py_env/lib/python3.10/site-packages/airflow/example_dags/example_setup_teardown.py
[2023-09-27T22:47:27.515-0400] {processor.py:839} INFO - DAG(s) dict_keys(['example_setup_teardown']) retrieved from /home/beau/airflow/py_env/lib/python3.10/site-packages/airflow/example_dags/example_setup_teardown.py
[2023-09-27T22:47:27.530-0400] {logging_mixin.py:151} INFO - [2023-09-27T22:47:27.530-0400] {dag.py:2915} INFO - Sync 1 DAGs
[2023-09-27T22:47:27.547-0400] {logging_mixin.py:151} INFO - [2023-09-27T22:47:27.547-0400] {dag.py:3696} INFO - Setting next_dagrun for example_setup_teardown to 2023-09-27T02:47:27.547169+00:00, run_after=2023-09-28T02:47:27.547169+00:00
[2023-09-27T22:47:27.569-0400] {processor.py:179} INFO - Processing /home/beau/airflow/py_env/lib/python3.10/site-packages/airflow/example_dags/example_setup_teardown.py took 0.083 seconds
[2023-09-27T22:48:06.296-0400] {processor.py:157} INFO - Started process (PID=16327) to work on /home/beau/airflow/py_env/lib/python3.10/site-packages/airflow/example_dags/example_setup_teardown.py
[2023-09-27T22:48:06.300-0400] {processor.py:829} INFO - Processing file /home/beau/airflow/py_env/lib/python3.10/site-packages/airflow/example_dags/example_setup_teardown.py for tasks to queue
[2023-09-27T22:48:06.301-0400] {logging_mixin.py:151} INFO - [2023-09-27T22:48:06.301-0400] {dagbag.py:539} INFO - Filling up the DagBag from /home/beau/airflow/py_env/lib/python3.10/site-packages/airflow/example_dags/example_setup_teardown.py
[2023-09-27T22:48:06.313-0400] {processor.py:839} INFO - DAG(s) dict_keys(['example_setup_teardown']) retrieved from /home/beau/airflow/py_env/lib/python3.10/site-packages/airflow/example_dags/example_setup_teardown.py
[2023-09-27T22:48:06.341-0400] {logging_mixin.py:151} INFO - [2023-09-27T22:48:06.341-0400] {dag.py:2915} INFO - Sync 1 DAGs
[2023-09-27T22:48:06.361-0400] {logging_mixin.py:151} INFO - [2023-09-27T22:48:06.361-0400] {dag.py:3696} INFO - Setting next_dagrun for example_setup_teardown to 2023-09-27T02:48:06.361203+00:00, run_after=2023-09-28T02:48:06.361203+00:00
[2023-09-27T22:48:06.392-0400] {processor.py:179} INFO - Processing /home/beau/airflow/py_env/lib/python3.10/site-packages/airflow/example_dags/example_setup_teardown.py took 0.099 seconds
[2023-09-27T22:48:46.904-0400] {processor.py:157} INFO - Started process (PID=16655) to work on /home/beau/airflow/py_env/lib/python3.10/site-packages/airflow/example_dags/example_setup_teardown.py
[2023-09-27T22:48:46.908-0400] {processor.py:829} INFO - Processing file /home/beau/airflow/py_env/lib/python3.10/site-packages/airflow/example_dags/example_setup_teardown.py for tasks to queue
[2023-09-27T22:48:46.910-0400] {logging_mixin.py:151} INFO - [2023-09-27T22:48:46.909-0400] {dagbag.py:539} INFO - Filling up the DagBag from /home/beau/airflow/py_env/lib/python3.10/site-packages/airflow/example_dags/example_setup_teardown.py
[2023-09-27T22:48:46.921-0400] {processor.py:839} INFO - DAG(s) dict_keys(['example_setup_teardown']) retrieved from /home/beau/airflow/py_env/lib/python3.10/site-packages/airflow/example_dags/example_setup_teardown.py
[2023-09-27T22:48:46.938-0400] {logging_mixin.py:151} INFO - [2023-09-27T22:48:46.938-0400] {dag.py:2915} INFO - Sync 1 DAGs
[2023-09-27T22:48:46.961-0400] {logging_mixin.py:151} INFO - [2023-09-27T22:48:46.960-0400] {dag.py:3696} INFO - Setting next_dagrun for example_setup_teardown to 2023-09-27T02:48:46.960679+00:00, run_after=2023-09-28T02:48:46.960679+00:00
[2023-09-27T22:48:46.993-0400] {processor.py:179} INFO - Processing /home/beau/airflow/py_env/lib/python3.10/site-packages/airflow/example_dags/example_setup_teardown.py took 0.093 seconds
[2023-09-27T22:49:26.484-0400] {processor.py:157} INFO - Started process (PID=17003) to work on /home/beau/airflow/py_env/lib/python3.10/site-packages/airflow/example_dags/example_setup_teardown.py
[2023-09-27T22:49:26.486-0400] {processor.py:829} INFO - Processing file /home/beau/airflow/py_env/lib/python3.10/site-packages/airflow/example_dags/example_setup_teardown.py for tasks to queue
[2023-09-27T22:49:26.488-0400] {logging_mixin.py:151} INFO - [2023-09-27T22:49:26.487-0400] {dagbag.py:539} INFO - Filling up the DagBag from /home/beau/airflow/py_env/lib/python3.10/site-packages/airflow/example_dags/example_setup_teardown.py
[2023-09-27T22:49:26.504-0400] {processor.py:839} INFO - DAG(s) dict_keys(['example_setup_teardown']) retrieved from /home/beau/airflow/py_env/lib/python3.10/site-packages/airflow/example_dags/example_setup_teardown.py
[2023-09-27T22:49:26.530-0400] {logging_mixin.py:151} INFO - [2023-09-27T22:49:26.530-0400] {dag.py:2915} INFO - Sync 1 DAGs
[2023-09-27T22:49:26.547-0400] {logging_mixin.py:151} INFO - [2023-09-27T22:49:26.547-0400] {dag.py:3696} INFO - Setting next_dagrun for example_setup_teardown to 2023-09-27T02:49:26.546819+00:00, run_after=2023-09-28T02:49:26.546819+00:00
[2023-09-27T22:49:26.576-0400] {processor.py:179} INFO - Processing /home/beau/airflow/py_env/lib/python3.10/site-packages/airflow/example_dags/example_setup_teardown.py took 0.099 seconds
[2023-09-27T22:50:03.942-0400] {processor.py:157} INFO - Started process (PID=17196) to work on /home/beau/airflow/py_env/lib/python3.10/site-packages/airflow/example_dags/example_setup_teardown.py
[2023-09-27T22:50:03.946-0400] {processor.py:829} INFO - Processing file /home/beau/airflow/py_env/lib/python3.10/site-packages/airflow/example_dags/example_setup_teardown.py for tasks to queue
[2023-09-27T22:50:03.947-0400] {logging_mixin.py:151} INFO - [2023-09-27T22:50:03.947-0400] {dagbag.py:539} INFO - Filling up the DagBag from /home/beau/airflow/py_env/lib/python3.10/site-packages/airflow/example_dags/example_setup_teardown.py
[2023-09-27T22:50:03.954-0400] {processor.py:839} INFO - DAG(s) dict_keys(['example_setup_teardown']) retrieved from /home/beau/airflow/py_env/lib/python3.10/site-packages/airflow/example_dags/example_setup_teardown.py
[2023-09-27T22:50:03.989-0400] {logging_mixin.py:151} INFO - [2023-09-27T22:50:03.988-0400] {dag.py:2915} INFO - Sync 1 DAGs
[2023-09-27T22:50:04.003-0400] {logging_mixin.py:151} INFO - [2023-09-27T22:50:04.003-0400] {dag.py:3696} INFO - Setting next_dagrun for example_setup_teardown to 2023-09-27T02:50:04.003556+00:00, run_after=2023-09-28T02:50:04.003556+00:00
[2023-09-27T22:50:04.033-0400] {processor.py:179} INFO - Processing /home/beau/airflow/py_env/lib/python3.10/site-packages/airflow/example_dags/example_setup_teardown.py took 0.094 seconds
[2023-09-27T22:50:42.171-0400] {processor.py:157} INFO - Started process (PID=17325) to work on /home/beau/airflow/py_env/lib/python3.10/site-packages/airflow/example_dags/example_setup_teardown.py
[2023-09-27T22:50:42.173-0400] {processor.py:829} INFO - Processing file /home/beau/airflow/py_env/lib/python3.10/site-packages/airflow/example_dags/example_setup_teardown.py for tasks to queue
[2023-09-27T22:50:42.175-0400] {logging_mixin.py:151} INFO - [2023-09-27T22:50:42.174-0400] {dagbag.py:539} INFO - Filling up the DagBag from /home/beau/airflow/py_env/lib/python3.10/site-packages/airflow/example_dags/example_setup_teardown.py
[2023-09-27T22:50:42.188-0400] {processor.py:839} INFO - DAG(s) dict_keys(['example_setup_teardown']) retrieved from /home/beau/airflow/py_env/lib/python3.10/site-packages/airflow/example_dags/example_setup_teardown.py
[2023-09-27T22:50:42.205-0400] {logging_mixin.py:151} INFO - [2023-09-27T22:50:42.205-0400] {dag.py:2915} INFO - Sync 1 DAGs
[2023-09-27T22:50:42.221-0400] {logging_mixin.py:151} INFO - [2023-09-27T22:50:42.221-0400] {dag.py:3696} INFO - Setting next_dagrun for example_setup_teardown to 2023-09-27T02:50:42.221419+00:00, run_after=2023-09-28T02:50:42.221419+00:00
[2023-09-27T22:50:42.244-0400] {processor.py:179} INFO - Processing /home/beau/airflow/py_env/lib/python3.10/site-packages/airflow/example_dags/example_setup_teardown.py took 0.080 seconds
[2023-09-27T22:51:18.016-0400] {processor.py:157} INFO - Started process (PID=17512) to work on /home/beau/airflow/py_env/lib/python3.10/site-packages/airflow/example_dags/example_setup_teardown.py
[2023-09-27T22:51:18.021-0400] {processor.py:829} INFO - Processing file /home/beau/airflow/py_env/lib/python3.10/site-packages/airflow/example_dags/example_setup_teardown.py for tasks to queue
[2023-09-27T22:51:18.022-0400] {logging_mixin.py:151} INFO - [2023-09-27T22:51:18.022-0400] {dagbag.py:539} INFO - Filling up the DagBag from /home/beau/airflow/py_env/lib/python3.10/site-packages/airflow/example_dags/example_setup_teardown.py
[2023-09-27T22:51:18.033-0400] {processor.py:839} INFO - DAG(s) dict_keys(['example_setup_teardown']) retrieved from /home/beau/airflow/py_env/lib/python3.10/site-packages/airflow/example_dags/example_setup_teardown.py
[2023-09-27T22:51:18.050-0400] {logging_mixin.py:151} INFO - [2023-09-27T22:51:18.050-0400] {dag.py:2915} INFO - Sync 1 DAGs
[2023-09-27T22:51:18.066-0400] {logging_mixin.py:151} INFO - [2023-09-27T22:51:18.065-0400] {dag.py:3696} INFO - Setting next_dagrun for example_setup_teardown to 2023-09-27T02:51:18.065629+00:00, run_after=2023-09-28T02:51:18.065629+00:00
[2023-09-27T22:51:18.087-0400] {processor.py:179} INFO - Processing /home/beau/airflow/py_env/lib/python3.10/site-packages/airflow/example_dags/example_setup_teardown.py took 0.075 seconds
[2023-09-27T22:51:55.967-0400] {processor.py:157} INFO - Started process (PID=17705) to work on /home/beau/airflow/py_env/lib/python3.10/site-packages/airflow/example_dags/example_setup_teardown.py
[2023-09-27T22:51:55.973-0400] {processor.py:829} INFO - Processing file /home/beau/airflow/py_env/lib/python3.10/site-packages/airflow/example_dags/example_setup_teardown.py for tasks to queue
[2023-09-27T22:51:55.975-0400] {logging_mixin.py:151} INFO - [2023-09-27T22:51:55.974-0400] {dagbag.py:539} INFO - Filling up the DagBag from /home/beau/airflow/py_env/lib/python3.10/site-packages/airflow/example_dags/example_setup_teardown.py
[2023-09-27T22:51:55.995-0400] {processor.py:839} INFO - DAG(s) dict_keys(['example_setup_teardown']) retrieved from /home/beau/airflow/py_env/lib/python3.10/site-packages/airflow/example_dags/example_setup_teardown.py
[2023-09-27T22:51:56.030-0400] {logging_mixin.py:151} INFO - [2023-09-27T22:51:56.030-0400] {dag.py:2915} INFO - Sync 1 DAGs
[2023-09-27T22:51:56.045-0400] {logging_mixin.py:151} INFO - [2023-09-27T22:51:56.045-0400] {dag.py:3696} INFO - Setting next_dagrun for example_setup_teardown to 2023-09-27T02:51:56.044895+00:00, run_after=2023-09-28T02:51:56.044895+00:00
[2023-09-27T22:51:56.071-0400] {processor.py:179} INFO - Processing /home/beau/airflow/py_env/lib/python3.10/site-packages/airflow/example_dags/example_setup_teardown.py took 0.112 seconds
[2023-09-27T22:52:31.981-0400] {processor.py:157} INFO - Started process (PID=17832) to work on /home/beau/airflow/py_env/lib/python3.10/site-packages/airflow/example_dags/example_setup_teardown.py
[2023-09-27T22:52:31.986-0400] {processor.py:829} INFO - Processing file /home/beau/airflow/py_env/lib/python3.10/site-packages/airflow/example_dags/example_setup_teardown.py for tasks to queue
[2023-09-27T22:52:31.987-0400] {logging_mixin.py:151} INFO - [2023-09-27T22:52:31.987-0400] {dagbag.py:539} INFO - Filling up the DagBag from /home/beau/airflow/py_env/lib/python3.10/site-packages/airflow/example_dags/example_setup_teardown.py
[2023-09-27T22:52:32.002-0400] {processor.py:839} INFO - DAG(s) dict_keys(['example_setup_teardown']) retrieved from /home/beau/airflow/py_env/lib/python3.10/site-packages/airflow/example_dags/example_setup_teardown.py
[2023-09-27T22:52:32.025-0400] {logging_mixin.py:151} INFO - [2023-09-27T22:52:32.025-0400] {dag.py:2915} INFO - Sync 1 DAGs
[2023-09-27T22:52:32.040-0400] {logging_mixin.py:151} INFO - [2023-09-27T22:52:32.040-0400] {dag.py:3696} INFO - Setting next_dagrun for example_setup_teardown to 2023-09-27T02:52:32.040290+00:00, run_after=2023-09-28T02:52:32.040290+00:00
[2023-09-27T22:52:32.066-0400] {processor.py:179} INFO - Processing /home/beau/airflow/py_env/lib/python3.10/site-packages/airflow/example_dags/example_setup_teardown.py took 0.092 seconds
[2023-09-27T22:53:07.140-0400] {processor.py:157} INFO - Started process (PID=18190) to work on /home/beau/airflow/py_env/lib/python3.10/site-packages/airflow/example_dags/example_setup_teardown.py
[2023-09-27T22:53:07.144-0400] {processor.py:829} INFO - Processing file /home/beau/airflow/py_env/lib/python3.10/site-packages/airflow/example_dags/example_setup_teardown.py for tasks to queue
[2023-09-27T22:53:07.145-0400] {logging_mixin.py:151} INFO - [2023-09-27T22:53:07.144-0400] {dagbag.py:539} INFO - Filling up the DagBag from /home/beau/airflow/py_env/lib/python3.10/site-packages/airflow/example_dags/example_setup_teardown.py
[2023-09-27T22:53:07.155-0400] {processor.py:839} INFO - DAG(s) dict_keys(['example_setup_teardown']) retrieved from /home/beau/airflow/py_env/lib/python3.10/site-packages/airflow/example_dags/example_setup_teardown.py
[2023-09-27T22:53:07.174-0400] {logging_mixin.py:151} INFO - [2023-09-27T22:53:07.174-0400] {dag.py:2915} INFO - Sync 1 DAGs
[2023-09-27T22:53:07.195-0400] {logging_mixin.py:151} INFO - [2023-09-27T22:53:07.195-0400] {dag.py:3696} INFO - Setting next_dagrun for example_setup_teardown to 2023-09-27T02:53:07.195262+00:00, run_after=2023-09-28T02:53:07.195262+00:00
[2023-09-27T22:53:07.224-0400] {processor.py:179} INFO - Processing /home/beau/airflow/py_env/lib/python3.10/site-packages/airflow/example_dags/example_setup_teardown.py took 0.088 seconds
[2023-09-27T22:53:43.068-0400] {processor.py:157} INFO - Started process (PID=18453) to work on /home/beau/airflow/py_env/lib/python3.10/site-packages/airflow/example_dags/example_setup_teardown.py
[2023-09-27T22:53:43.071-0400] {processor.py:829} INFO - Processing file /home/beau/airflow/py_env/lib/python3.10/site-packages/airflow/example_dags/example_setup_teardown.py for tasks to queue
[2023-09-27T22:53:43.072-0400] {logging_mixin.py:151} INFO - [2023-09-27T22:53:43.072-0400] {dagbag.py:539} INFO - Filling up the DagBag from /home/beau/airflow/py_env/lib/python3.10/site-packages/airflow/example_dags/example_setup_teardown.py
[2023-09-27T22:53:43.079-0400] {processor.py:839} INFO - DAG(s) dict_keys(['example_setup_teardown']) retrieved from /home/beau/airflow/py_env/lib/python3.10/site-packages/airflow/example_dags/example_setup_teardown.py
[2023-09-27T22:53:43.093-0400] {logging_mixin.py:151} INFO - [2023-09-27T22:53:43.093-0400] {dag.py:2915} INFO - Sync 1 DAGs
[2023-09-27T22:53:43.109-0400] {logging_mixin.py:151} INFO - [2023-09-27T22:53:43.109-0400] {dag.py:3696} INFO - Setting next_dagrun for example_setup_teardown to 2023-09-27T02:53:43.109530+00:00, run_after=2023-09-28T02:53:43.109530+00:00
[2023-09-27T22:53:43.133-0400] {processor.py:179} INFO - Processing /home/beau/airflow/py_env/lib/python3.10/site-packages/airflow/example_dags/example_setup_teardown.py took 0.069 seconds
