[2023-09-27T22:33:03.800-0400] {processor.py:157} INFO - Started process (PID=8193) to work on /home/beau/airflow/py_env/lib/python3.10/site-packages/airflow/example_dags/example_skip_dag.py
[2023-09-27T22:33:03.801-0400] {processor.py:829} INFO - Processing file /home/beau/airflow/py_env/lib/python3.10/site-packages/airflow/example_dags/example_skip_dag.py for tasks to queue
[2023-09-27T22:33:03.803-0400] {logging_mixin.py:151} INFO - [2023-09-27T22:33:03.802-0400] {dagbag.py:539} INFO - Filling up the DagBag from /home/beau/airflow/py_env/lib/python3.10/site-packages/airflow/example_dags/example_skip_dag.py
[2023-09-27T22:33:03.814-0400] {processor.py:839} INFO - DAG(s) dict_keys(['example_skip_dag']) retrieved from /home/beau/airflow/py_env/lib/python3.10/site-packages/airflow/example_dags/example_skip_dag.py
[2023-09-27T22:33:03.824-0400] {logging_mixin.py:151} INFO - [2023-09-27T22:33:03.823-0400] {dag.py:2915} INFO - Sync 1 DAGs
[2023-09-27T22:33:03.839-0400] {logging_mixin.py:151} INFO - [2023-09-27T22:33:03.839-0400] {dag.py:3696} INFO - Setting next_dagrun for example_skip_dag to 2023-09-27T02:33:03.839162+00:00, run_after=2023-09-28T02:33:03.839162+00:00
[2023-09-27T22:33:03.865-0400] {processor.py:179} INFO - Processing /home/beau/airflow/py_env/lib/python3.10/site-packages/airflow/example_dags/example_skip_dag.py took 0.073 seconds
[2023-09-27T22:33:51.727-0400] {processor.py:157} INFO - Started process (PID=8899) to work on /home/beau/airflow/py_env/lib/python3.10/site-packages/airflow/example_dags/example_skip_dag.py
[2023-09-27T22:33:51.730-0400] {processor.py:829} INFO - Processing file /home/beau/airflow/py_env/lib/python3.10/site-packages/airflow/example_dags/example_skip_dag.py for tasks to queue
[2023-09-27T22:33:51.731-0400] {logging_mixin.py:151} INFO - [2023-09-27T22:33:51.731-0400] {dagbag.py:539} INFO - Filling up the DagBag from /home/beau/airflow/py_env/lib/python3.10/site-packages/airflow/example_dags/example_skip_dag.py
[2023-09-27T22:33:51.738-0400] {processor.py:839} INFO - DAG(s) dict_keys(['example_skip_dag']) retrieved from /home/beau/airflow/py_env/lib/python3.10/site-packages/airflow/example_dags/example_skip_dag.py
[2023-09-27T22:33:51.753-0400] {logging_mixin.py:151} INFO - [2023-09-27T22:33:51.753-0400] {dag.py:2915} INFO - Sync 1 DAGs
[2023-09-27T22:33:51.771-0400] {logging_mixin.py:151} INFO - [2023-09-27T22:33:51.770-0400] {dag.py:3696} INFO - Setting next_dagrun for example_skip_dag to 2023-09-27T02:33:51.770745+00:00, run_after=2023-09-28T02:33:51.770745+00:00
[2023-09-27T22:33:51.797-0400] {processor.py:179} INFO - Processing /home/beau/airflow/py_env/lib/python3.10/site-packages/airflow/example_dags/example_skip_dag.py took 0.073 seconds
[2023-09-27T22:34:40.196-0400] {processor.py:157} INFO - Started process (PID=9073) to work on /home/beau/airflow/py_env/lib/python3.10/site-packages/airflow/example_dags/example_skip_dag.py
[2023-09-27T22:34:40.198-0400] {processor.py:829} INFO - Processing file /home/beau/airflow/py_env/lib/python3.10/site-packages/airflow/example_dags/example_skip_dag.py for tasks to queue
[2023-09-27T22:34:40.199-0400] {logging_mixin.py:151} INFO - [2023-09-27T22:34:40.198-0400] {dagbag.py:539} INFO - Filling up the DagBag from /home/beau/airflow/py_env/lib/python3.10/site-packages/airflow/example_dags/example_skip_dag.py
[2023-09-27T22:34:40.207-0400] {processor.py:839} INFO - DAG(s) dict_keys(['example_skip_dag']) retrieved from /home/beau/airflow/py_env/lib/python3.10/site-packages/airflow/example_dags/example_skip_dag.py
[2023-09-27T22:34:40.227-0400] {logging_mixin.py:151} INFO - [2023-09-27T22:34:40.227-0400] {dag.py:2915} INFO - Sync 1 DAGs
[2023-09-27T22:34:40.249-0400] {logging_mixin.py:151} INFO - [2023-09-27T22:34:40.249-0400] {dag.py:3696} INFO - Setting next_dagrun for example_skip_dag to 2023-09-27T02:34:40.249175+00:00, run_after=2023-09-28T02:34:40.249175+00:00
[2023-09-27T22:34:40.289-0400] {processor.py:179} INFO - Processing /home/beau/airflow/py_env/lib/python3.10/site-packages/airflow/example_dags/example_skip_dag.py took 0.096 seconds
[2023-09-27T22:35:26.628-0400] {processor.py:157} INFO - Started process (PID=9593) to work on /home/beau/airflow/py_env/lib/python3.10/site-packages/airflow/example_dags/example_skip_dag.py
[2023-09-27T22:35:26.631-0400] {processor.py:829} INFO - Processing file /home/beau/airflow/py_env/lib/python3.10/site-packages/airflow/example_dags/example_skip_dag.py for tasks to queue
[2023-09-27T22:35:26.633-0400] {logging_mixin.py:151} INFO - [2023-09-27T22:35:26.632-0400] {dagbag.py:539} INFO - Filling up the DagBag from /home/beau/airflow/py_env/lib/python3.10/site-packages/airflow/example_dags/example_skip_dag.py
[2023-09-27T22:35:26.641-0400] {processor.py:839} INFO - DAG(s) dict_keys(['example_skip_dag']) retrieved from /home/beau/airflow/py_env/lib/python3.10/site-packages/airflow/example_dags/example_skip_dag.py
[2023-09-27T22:35:26.663-0400] {logging_mixin.py:151} INFO - [2023-09-27T22:35:26.663-0400] {dag.py:2915} INFO - Sync 1 DAGs
[2023-09-27T22:35:26.689-0400] {logging_mixin.py:151} INFO - [2023-09-27T22:35:26.689-0400] {dag.py:3696} INFO - Setting next_dagrun for example_skip_dag to 2023-09-27T02:35:26.688777+00:00, run_after=2023-09-28T02:35:26.688777+00:00
[2023-09-27T22:35:26.862-0400] {processor.py:179} INFO - Processing /home/beau/airflow/py_env/lib/python3.10/site-packages/airflow/example_dags/example_skip_dag.py took 0.239 seconds
[2023-09-27T22:36:19.842-0400] {processor.py:157} INFO - Started process (PID=10332) to work on /home/beau/airflow/py_env/lib/python3.10/site-packages/airflow/example_dags/example_skip_dag.py
[2023-09-27T22:36:19.845-0400] {processor.py:829} INFO - Processing file /home/beau/airflow/py_env/lib/python3.10/site-packages/airflow/example_dags/example_skip_dag.py for tasks to queue
[2023-09-27T22:36:19.847-0400] {logging_mixin.py:151} INFO - [2023-09-27T22:36:19.846-0400] {dagbag.py:539} INFO - Filling up the DagBag from /home/beau/airflow/py_env/lib/python3.10/site-packages/airflow/example_dags/example_skip_dag.py
[2023-09-27T22:36:19.967-0400] {processor.py:839} INFO - DAG(s) dict_keys(['example_skip_dag']) retrieved from /home/beau/airflow/py_env/lib/python3.10/site-packages/airflow/example_dags/example_skip_dag.py
[2023-09-27T22:36:19.980-0400] {logging_mixin.py:151} INFO - [2023-09-27T22:36:19.980-0400] {dag.py:2915} INFO - Sync 1 DAGs
[2023-09-27T22:36:19.995-0400] {logging_mixin.py:151} INFO - [2023-09-27T22:36:19.995-0400] {dag.py:3696} INFO - Setting next_dagrun for example_skip_dag to 2023-09-27T02:36:19.995449+00:00, run_after=2023-09-28T02:36:19.995449+00:00
[2023-09-27T22:36:20.017-0400] {processor.py:179} INFO - Processing /home/beau/airflow/py_env/lib/python3.10/site-packages/airflow/example_dags/example_skip_dag.py took 0.182 seconds
[2023-09-27T22:37:06.247-0400] {processor.py:157} INFO - Started process (PID=10642) to work on /home/beau/airflow/py_env/lib/python3.10/site-packages/airflow/example_dags/example_skip_dag.py
[2023-09-27T22:37:06.252-0400] {processor.py:829} INFO - Processing file /home/beau/airflow/py_env/lib/python3.10/site-packages/airflow/example_dags/example_skip_dag.py for tasks to queue
[2023-09-27T22:37:06.253-0400] {logging_mixin.py:151} INFO - [2023-09-27T22:37:06.253-0400] {dagbag.py:539} INFO - Filling up the DagBag from /home/beau/airflow/py_env/lib/python3.10/site-packages/airflow/example_dags/example_skip_dag.py
[2023-09-27T22:37:06.264-0400] {processor.py:839} INFO - DAG(s) dict_keys(['example_skip_dag']) retrieved from /home/beau/airflow/py_env/lib/python3.10/site-packages/airflow/example_dags/example_skip_dag.py
[2023-09-27T22:37:06.284-0400] {logging_mixin.py:151} INFO - [2023-09-27T22:37:06.283-0400] {dag.py:2915} INFO - Sync 1 DAGs
[2023-09-27T22:37:06.303-0400] {logging_mixin.py:151} INFO - [2023-09-27T22:37:06.303-0400] {dag.py:3696} INFO - Setting next_dagrun for example_skip_dag to 2023-09-27T02:37:06.303392+00:00, run_after=2023-09-28T02:37:06.303392+00:00
[2023-09-27T22:37:06.338-0400] {processor.py:179} INFO - Processing /home/beau/airflow/py_env/lib/python3.10/site-packages/airflow/example_dags/example_skip_dag.py took 0.098 seconds
[2023-09-27T22:37:44.869-0400] {processor.py:157} INFO - Started process (PID=10920) to work on /home/beau/airflow/py_env/lib/python3.10/site-packages/airflow/example_dags/example_skip_dag.py
[2023-09-27T22:37:44.873-0400] {processor.py:829} INFO - Processing file /home/beau/airflow/py_env/lib/python3.10/site-packages/airflow/example_dags/example_skip_dag.py for tasks to queue
[2023-09-27T22:37:44.875-0400] {logging_mixin.py:151} INFO - [2023-09-27T22:37:44.874-0400] {dagbag.py:539} INFO - Filling up the DagBag from /home/beau/airflow/py_env/lib/python3.10/site-packages/airflow/example_dags/example_skip_dag.py
[2023-09-27T22:37:44.883-0400] {processor.py:839} INFO - DAG(s) dict_keys(['example_skip_dag']) retrieved from /home/beau/airflow/py_env/lib/python3.10/site-packages/airflow/example_dags/example_skip_dag.py
[2023-09-27T22:37:44.900-0400] {logging_mixin.py:151} INFO - [2023-09-27T22:37:44.899-0400] {dag.py:2915} INFO - Sync 1 DAGs
[2023-09-27T22:37:44.920-0400] {logging_mixin.py:151} INFO - [2023-09-27T22:37:44.919-0400] {dag.py:3696} INFO - Setting next_dagrun for example_skip_dag to 2023-09-27T02:37:44.919682+00:00, run_after=2023-09-28T02:37:44.919682+00:00
[2023-09-27T22:37:44.945-0400] {processor.py:179} INFO - Processing /home/beau/airflow/py_env/lib/python3.10/site-packages/airflow/example_dags/example_skip_dag.py took 0.079 seconds
[2023-09-27T22:38:23.827-0400] {processor.py:157} INFO - Started process (PID=11334) to work on /home/beau/airflow/py_env/lib/python3.10/site-packages/airflow/example_dags/example_skip_dag.py
[2023-09-27T22:38:23.831-0400] {processor.py:829} INFO - Processing file /home/beau/airflow/py_env/lib/python3.10/site-packages/airflow/example_dags/example_skip_dag.py for tasks to queue
[2023-09-27T22:38:23.833-0400] {logging_mixin.py:151} INFO - [2023-09-27T22:38:23.832-0400] {dagbag.py:539} INFO - Filling up the DagBag from /home/beau/airflow/py_env/lib/python3.10/site-packages/airflow/example_dags/example_skip_dag.py
[2023-09-27T22:38:23.845-0400] {processor.py:839} INFO - DAG(s) dict_keys(['example_skip_dag']) retrieved from /home/beau/airflow/py_env/lib/python3.10/site-packages/airflow/example_dags/example_skip_dag.py
[2023-09-27T22:38:23.865-0400] {logging_mixin.py:151} INFO - [2023-09-27T22:38:23.865-0400] {dag.py:2915} INFO - Sync 1 DAGs
[2023-09-27T22:38:23.883-0400] {logging_mixin.py:151} INFO - [2023-09-27T22:38:23.883-0400] {dag.py:3696} INFO - Setting next_dagrun for example_skip_dag to 2023-09-27T02:38:23.882834+00:00, run_after=2023-09-28T02:38:23.882834+00:00
[2023-09-27T22:38:23.907-0400] {processor.py:179} INFO - Processing /home/beau/airflow/py_env/lib/python3.10/site-packages/airflow/example_dags/example_skip_dag.py took 0.087 seconds
[2023-09-27T22:39:02.464-0400] {processor.py:157} INFO - Started process (PID=11714) to work on /home/beau/airflow/py_env/lib/python3.10/site-packages/airflow/example_dags/example_skip_dag.py
[2023-09-27T22:39:02.467-0400] {processor.py:829} INFO - Processing file /home/beau/airflow/py_env/lib/python3.10/site-packages/airflow/example_dags/example_skip_dag.py for tasks to queue
[2023-09-27T22:39:02.468-0400] {logging_mixin.py:151} INFO - [2023-09-27T22:39:02.468-0400] {dagbag.py:539} INFO - Filling up the DagBag from /home/beau/airflow/py_env/lib/python3.10/site-packages/airflow/example_dags/example_skip_dag.py
[2023-09-27T22:39:02.478-0400] {processor.py:839} INFO - DAG(s) dict_keys(['example_skip_dag']) retrieved from /home/beau/airflow/py_env/lib/python3.10/site-packages/airflow/example_dags/example_skip_dag.py
[2023-09-27T22:39:02.500-0400] {logging_mixin.py:151} INFO - [2023-09-27T22:39:02.499-0400] {dag.py:2915} INFO - Sync 1 DAGs
[2023-09-27T22:39:02.523-0400] {logging_mixin.py:151} INFO - [2023-09-27T22:39:02.523-0400] {dag.py:3696} INFO - Setting next_dagrun for example_skip_dag to 2023-09-27T02:39:02.523458+00:00, run_after=2023-09-28T02:39:02.523458+00:00
[2023-09-27T22:39:02.548-0400] {processor.py:179} INFO - Processing /home/beau/airflow/py_env/lib/python3.10/site-packages/airflow/example_dags/example_skip_dag.py took 0.088 seconds
[2023-09-27T22:39:56.091-0400] {processor.py:157} INFO - Started process (PID=12033) to work on /home/beau/airflow/py_env/lib/python3.10/site-packages/airflow/example_dags/example_skip_dag.py
[2023-09-27T22:39:56.094-0400] {processor.py:829} INFO - Processing file /home/beau/airflow/py_env/lib/python3.10/site-packages/airflow/example_dags/example_skip_dag.py for tasks to queue
[2023-09-27T22:39:56.096-0400] {logging_mixin.py:151} INFO - [2023-09-27T22:39:56.095-0400] {dagbag.py:539} INFO - Filling up the DagBag from /home/beau/airflow/py_env/lib/python3.10/site-packages/airflow/example_dags/example_skip_dag.py
[2023-09-27T22:39:56.106-0400] {processor.py:839} INFO - DAG(s) dict_keys(['example_skip_dag']) retrieved from /home/beau/airflow/py_env/lib/python3.10/site-packages/airflow/example_dags/example_skip_dag.py
[2023-09-27T22:39:56.125-0400] {logging_mixin.py:151} INFO - [2023-09-27T22:39:56.125-0400] {dag.py:2915} INFO - Sync 1 DAGs
[2023-09-27T22:39:56.145-0400] {logging_mixin.py:151} INFO - [2023-09-27T22:39:56.145-0400] {dag.py:3696} INFO - Setting next_dagrun for example_skip_dag to 2023-09-27T02:39:56.145459+00:00, run_after=2023-09-28T02:39:56.145459+00:00
[2023-09-27T22:39:56.181-0400] {processor.py:179} INFO - Processing /home/beau/airflow/py_env/lib/python3.10/site-packages/airflow/example_dags/example_skip_dag.py took 0.093 seconds
[2023-09-27T22:40:40.065-0400] {processor.py:157} INFO - Started process (PID=12182) to work on /home/beau/airflow/py_env/lib/python3.10/site-packages/airflow/example_dags/example_skip_dag.py
[2023-09-27T22:40:40.069-0400] {processor.py:829} INFO - Processing file /home/beau/airflow/py_env/lib/python3.10/site-packages/airflow/example_dags/example_skip_dag.py for tasks to queue
[2023-09-27T22:40:40.071-0400] {logging_mixin.py:151} INFO - [2023-09-27T22:40:40.070-0400] {dagbag.py:539} INFO - Filling up the DagBag from /home/beau/airflow/py_env/lib/python3.10/site-packages/airflow/example_dags/example_skip_dag.py
[2023-09-27T22:40:40.081-0400] {processor.py:839} INFO - DAG(s) dict_keys(['example_skip_dag']) retrieved from /home/beau/airflow/py_env/lib/python3.10/site-packages/airflow/example_dags/example_skip_dag.py
[2023-09-27T22:40:40.101-0400] {logging_mixin.py:151} INFO - [2023-09-27T22:40:40.101-0400] {dag.py:2915} INFO - Sync 1 DAGs
[2023-09-27T22:40:40.123-0400] {logging_mixin.py:151} INFO - [2023-09-27T22:40:40.123-0400] {dag.py:3696} INFO - Setting next_dagrun for example_skip_dag to 2023-09-27T02:40:40.122989+00:00, run_after=2023-09-28T02:40:40.122989+00:00
[2023-09-27T22:40:40.150-0400] {processor.py:179} INFO - Processing /home/beau/airflow/py_env/lib/python3.10/site-packages/airflow/example_dags/example_skip_dag.py took 0.089 seconds
[2023-09-27T22:41:18.755-0400] {processor.py:157} INFO - Started process (PID=12422) to work on /home/beau/airflow/py_env/lib/python3.10/site-packages/airflow/example_dags/example_skip_dag.py
[2023-09-27T22:41:18.760-0400] {processor.py:829} INFO - Processing file /home/beau/airflow/py_env/lib/python3.10/site-packages/airflow/example_dags/example_skip_dag.py for tasks to queue
[2023-09-27T22:41:18.761-0400] {logging_mixin.py:151} INFO - [2023-09-27T22:41:18.760-0400] {dagbag.py:539} INFO - Filling up the DagBag from /home/beau/airflow/py_env/lib/python3.10/site-packages/airflow/example_dags/example_skip_dag.py
[2023-09-27T22:41:18.770-0400] {processor.py:839} INFO - DAG(s) dict_keys(['example_skip_dag']) retrieved from /home/beau/airflow/py_env/lib/python3.10/site-packages/airflow/example_dags/example_skip_dag.py
[2023-09-27T22:41:18.790-0400] {logging_mixin.py:151} INFO - [2023-09-27T22:41:18.789-0400] {dag.py:2915} INFO - Sync 1 DAGs
[2023-09-27T22:41:18.807-0400] {logging_mixin.py:151} INFO - [2023-09-27T22:41:18.807-0400] {dag.py:3696} INFO - Setting next_dagrun for example_skip_dag to 2023-09-27T02:41:18.807274+00:00, run_after=2023-09-28T02:41:18.807274+00:00
[2023-09-27T22:41:18.833-0400] {processor.py:179} INFO - Processing /home/beau/airflow/py_env/lib/python3.10/site-packages/airflow/example_dags/example_skip_dag.py took 0.086 seconds
[2023-09-27T22:41:57.920-0400] {processor.py:157} INFO - Started process (PID=12686) to work on /home/beau/airflow/py_env/lib/python3.10/site-packages/airflow/example_dags/example_skip_dag.py
[2023-09-27T22:41:57.924-0400] {processor.py:829} INFO - Processing file /home/beau/airflow/py_env/lib/python3.10/site-packages/airflow/example_dags/example_skip_dag.py for tasks to queue
[2023-09-27T22:41:57.926-0400] {logging_mixin.py:151} INFO - [2023-09-27T22:41:57.926-0400] {dagbag.py:539} INFO - Filling up the DagBag from /home/beau/airflow/py_env/lib/python3.10/site-packages/airflow/example_dags/example_skip_dag.py
[2023-09-27T22:41:57.934-0400] {processor.py:839} INFO - DAG(s) dict_keys(['example_skip_dag']) retrieved from /home/beau/airflow/py_env/lib/python3.10/site-packages/airflow/example_dags/example_skip_dag.py
[2023-09-27T22:41:57.952-0400] {logging_mixin.py:151} INFO - [2023-09-27T22:41:57.952-0400] {dag.py:2915} INFO - Sync 1 DAGs
[2023-09-27T22:41:57.973-0400] {logging_mixin.py:151} INFO - [2023-09-27T22:41:57.973-0400] {dag.py:3696} INFO - Setting next_dagrun for example_skip_dag to 2023-09-27T02:41:57.973220+00:00, run_after=2023-09-28T02:41:57.973220+00:00
[2023-09-27T22:41:58.012-0400] {processor.py:179} INFO - Processing /home/beau/airflow/py_env/lib/python3.10/site-packages/airflow/example_dags/example_skip_dag.py took 0.095 seconds
[2023-09-27T22:42:37.878-0400] {processor.py:157} INFO - Started process (PID=12965) to work on /home/beau/airflow/py_env/lib/python3.10/site-packages/airflow/example_dags/example_skip_dag.py
[2023-09-27T22:42:37.880-0400] {processor.py:829} INFO - Processing file /home/beau/airflow/py_env/lib/python3.10/site-packages/airflow/example_dags/example_skip_dag.py for tasks to queue
[2023-09-27T22:42:37.881-0400] {logging_mixin.py:151} INFO - [2023-09-27T22:42:37.881-0400] {dagbag.py:539} INFO - Filling up the DagBag from /home/beau/airflow/py_env/lib/python3.10/site-packages/airflow/example_dags/example_skip_dag.py
[2023-09-27T22:42:37.893-0400] {processor.py:839} INFO - DAG(s) dict_keys(['example_skip_dag']) retrieved from /home/beau/airflow/py_env/lib/python3.10/site-packages/airflow/example_dags/example_skip_dag.py
[2023-09-27T22:42:37.909-0400] {logging_mixin.py:151} INFO - [2023-09-27T22:42:37.909-0400] {dag.py:2915} INFO - Sync 1 DAGs
[2023-09-27T22:42:37.931-0400] {logging_mixin.py:151} INFO - [2023-09-27T22:42:37.931-0400] {dag.py:3696} INFO - Setting next_dagrun for example_skip_dag to 2023-09-27T02:42:37.930928+00:00, run_after=2023-09-28T02:42:37.930928+00:00
[2023-09-27T22:42:37.954-0400] {processor.py:179} INFO - Processing /home/beau/airflow/py_env/lib/python3.10/site-packages/airflow/example_dags/example_skip_dag.py took 0.081 seconds
[2023-09-27T22:43:14.412-0400] {processor.py:157} INFO - Started process (PID=13327) to work on /home/beau/airflow/py_env/lib/python3.10/site-packages/airflow/example_dags/example_skip_dag.py
[2023-09-27T22:43:14.416-0400] {processor.py:829} INFO - Processing file /home/beau/airflow/py_env/lib/python3.10/site-packages/airflow/example_dags/example_skip_dag.py for tasks to queue
[2023-09-27T22:43:14.418-0400] {logging_mixin.py:151} INFO - [2023-09-27T22:43:14.417-0400] {dagbag.py:539} INFO - Filling up the DagBag from /home/beau/airflow/py_env/lib/python3.10/site-packages/airflow/example_dags/example_skip_dag.py
[2023-09-27T22:43:14.431-0400] {processor.py:839} INFO - DAG(s) dict_keys(['example_skip_dag']) retrieved from /home/beau/airflow/py_env/lib/python3.10/site-packages/airflow/example_dags/example_skip_dag.py
[2023-09-27T22:43:14.449-0400] {logging_mixin.py:151} INFO - [2023-09-27T22:43:14.449-0400] {dag.py:2915} INFO - Sync 1 DAGs
[2023-09-27T22:43:14.467-0400] {logging_mixin.py:151} INFO - [2023-09-27T22:43:14.466-0400] {dag.py:3696} INFO - Setting next_dagrun for example_skip_dag to 2023-09-27T02:43:14.466588+00:00, run_after=2023-09-28T02:43:14.466588+00:00
[2023-09-27T22:43:14.499-0400] {processor.py:179} INFO - Processing /home/beau/airflow/py_env/lib/python3.10/site-packages/airflow/example_dags/example_skip_dag.py took 0.092 seconds
[2023-09-27T22:43:52.750-0400] {processor.py:157} INFO - Started process (PID=13615) to work on /home/beau/airflow/py_env/lib/python3.10/site-packages/airflow/example_dags/example_skip_dag.py
[2023-09-27T22:43:52.754-0400] {processor.py:829} INFO - Processing file /home/beau/airflow/py_env/lib/python3.10/site-packages/airflow/example_dags/example_skip_dag.py for tasks to queue
[2023-09-27T22:43:52.755-0400] {logging_mixin.py:151} INFO - [2023-09-27T22:43:52.754-0400] {dagbag.py:539} INFO - Filling up the DagBag from /home/beau/airflow/py_env/lib/python3.10/site-packages/airflow/example_dags/example_skip_dag.py
[2023-09-27T22:43:52.762-0400] {processor.py:839} INFO - DAG(s) dict_keys(['example_skip_dag']) retrieved from /home/beau/airflow/py_env/lib/python3.10/site-packages/airflow/example_dags/example_skip_dag.py
[2023-09-27T22:43:52.778-0400] {logging_mixin.py:151} INFO - [2023-09-27T22:43:52.778-0400] {dag.py:2915} INFO - Sync 1 DAGs
[2023-09-27T22:43:52.796-0400] {logging_mixin.py:151} INFO - [2023-09-27T22:43:52.795-0400] {dag.py:3696} INFO - Setting next_dagrun for example_skip_dag to 2023-09-27T02:43:52.795711+00:00, run_after=2023-09-28T02:43:52.795711+00:00
[2023-09-27T22:43:52.821-0400] {processor.py:179} INFO - Processing /home/beau/airflow/py_env/lib/python3.10/site-packages/airflow/example_dags/example_skip_dag.py took 0.078 seconds
[2023-09-27T22:44:34.602-0400] {processor.py:157} INFO - Started process (PID=13925) to work on /home/beau/airflow/py_env/lib/python3.10/site-packages/airflow/example_dags/example_skip_dag.py
[2023-09-27T22:44:34.605-0400] {processor.py:829} INFO - Processing file /home/beau/airflow/py_env/lib/python3.10/site-packages/airflow/example_dags/example_skip_dag.py for tasks to queue
[2023-09-27T22:44:34.606-0400] {logging_mixin.py:151} INFO - [2023-09-27T22:44:34.606-0400] {dagbag.py:539} INFO - Filling up the DagBag from /home/beau/airflow/py_env/lib/python3.10/site-packages/airflow/example_dags/example_skip_dag.py
[2023-09-27T22:44:34.613-0400] {processor.py:839} INFO - DAG(s) dict_keys(['example_skip_dag']) retrieved from /home/beau/airflow/py_env/lib/python3.10/site-packages/airflow/example_dags/example_skip_dag.py
[2023-09-27T22:44:34.629-0400] {logging_mixin.py:151} INFO - [2023-09-27T22:44:34.629-0400] {dag.py:2915} INFO - Sync 1 DAGs
[2023-09-27T22:44:34.647-0400] {logging_mixin.py:151} INFO - [2023-09-27T22:44:34.647-0400] {dag.py:3696} INFO - Setting next_dagrun for example_skip_dag to 2023-09-27T02:44:34.647043+00:00, run_after=2023-09-28T02:44:34.647043+00:00
[2023-09-27T22:44:34.671-0400] {processor.py:179} INFO - Processing /home/beau/airflow/py_env/lib/python3.10/site-packages/airflow/example_dags/example_skip_dag.py took 0.072 seconds
[2023-09-27T22:45:10.953-0400] {processor.py:157} INFO - Started process (PID=14254) to work on /home/beau/airflow/py_env/lib/python3.10/site-packages/airflow/example_dags/example_skip_dag.py
[2023-09-27T22:45:10.956-0400] {processor.py:829} INFO - Processing file /home/beau/airflow/py_env/lib/python3.10/site-packages/airflow/example_dags/example_skip_dag.py for tasks to queue
[2023-09-27T22:45:10.959-0400] {logging_mixin.py:151} INFO - [2023-09-27T22:45:10.957-0400] {dagbag.py:539} INFO - Filling up the DagBag from /home/beau/airflow/py_env/lib/python3.10/site-packages/airflow/example_dags/example_skip_dag.py
[2023-09-27T22:45:10.976-0400] {processor.py:839} INFO - DAG(s) dict_keys(['example_skip_dag']) retrieved from /home/beau/airflow/py_env/lib/python3.10/site-packages/airflow/example_dags/example_skip_dag.py
[2023-09-27T22:45:11.001-0400] {logging_mixin.py:151} INFO - [2023-09-27T22:45:11.001-0400] {dag.py:2915} INFO - Sync 1 DAGs
[2023-09-27T22:45:11.022-0400] {logging_mixin.py:151} INFO - [2023-09-27T22:45:11.021-0400] {dag.py:3696} INFO - Setting next_dagrun for example_skip_dag to 2023-09-27T02:45:11.021787+00:00, run_after=2023-09-28T02:45:11.021787+00:00
[2023-09-27T22:45:11.056-0400] {processor.py:179} INFO - Processing /home/beau/airflow/py_env/lib/python3.10/site-packages/airflow/example_dags/example_skip_dag.py took 0.106 seconds
[2023-09-27T22:45:47.529-0400] {processor.py:157} INFO - Started process (PID=14690) to work on /home/beau/airflow/py_env/lib/python3.10/site-packages/airflow/example_dags/example_skip_dag.py
[2023-09-27T22:45:47.533-0400] {processor.py:829} INFO - Processing file /home/beau/airflow/py_env/lib/python3.10/site-packages/airflow/example_dags/example_skip_dag.py for tasks to queue
[2023-09-27T22:45:47.535-0400] {logging_mixin.py:151} INFO - [2023-09-27T22:45:47.534-0400] {dagbag.py:539} INFO - Filling up the DagBag from /home/beau/airflow/py_env/lib/python3.10/site-packages/airflow/example_dags/example_skip_dag.py
[2023-09-27T22:45:47.544-0400] {processor.py:839} INFO - DAG(s) dict_keys(['example_skip_dag']) retrieved from /home/beau/airflow/py_env/lib/python3.10/site-packages/airflow/example_dags/example_skip_dag.py
[2023-09-27T22:45:47.567-0400] {logging_mixin.py:151} INFO - [2023-09-27T22:45:47.567-0400] {dag.py:2915} INFO - Sync 1 DAGs
[2023-09-27T22:45:47.588-0400] {logging_mixin.py:151} INFO - [2023-09-27T22:45:47.588-0400] {dag.py:3696} INFO - Setting next_dagrun for example_skip_dag to 2023-09-27T02:45:47.588418+00:00, run_after=2023-09-28T02:45:47.588418+00:00
[2023-09-27T22:45:47.620-0400] {processor.py:179} INFO - Processing /home/beau/airflow/py_env/lib/python3.10/site-packages/airflow/example_dags/example_skip_dag.py took 0.098 seconds
[2023-09-27T22:46:29.115-0400] {processor.py:157} INFO - Started process (PID=15172) to work on /home/beau/airflow/py_env/lib/python3.10/site-packages/airflow/example_dags/example_skip_dag.py
[2023-09-27T22:46:29.119-0400] {processor.py:829} INFO - Processing file /home/beau/airflow/py_env/lib/python3.10/site-packages/airflow/example_dags/example_skip_dag.py for tasks to queue
[2023-09-27T22:46:29.120-0400] {logging_mixin.py:151} INFO - [2023-09-27T22:46:29.120-0400] {dagbag.py:539} INFO - Filling up the DagBag from /home/beau/airflow/py_env/lib/python3.10/site-packages/airflow/example_dags/example_skip_dag.py
[2023-09-27T22:46:29.132-0400] {processor.py:839} INFO - DAG(s) dict_keys(['example_skip_dag']) retrieved from /home/beau/airflow/py_env/lib/python3.10/site-packages/airflow/example_dags/example_skip_dag.py
[2023-09-27T22:46:29.153-0400] {logging_mixin.py:151} INFO - [2023-09-27T22:46:29.153-0400] {dag.py:2915} INFO - Sync 1 DAGs
[2023-09-27T22:46:29.172-0400] {logging_mixin.py:151} INFO - [2023-09-27T22:46:29.172-0400] {dag.py:3696} INFO - Setting next_dagrun for example_skip_dag to 2023-09-27T02:46:29.171867+00:00, run_after=2023-09-28T02:46:29.171867+00:00
[2023-09-27T22:46:29.201-0400] {processor.py:179} INFO - Processing /home/beau/airflow/py_env/lib/python3.10/site-packages/airflow/example_dags/example_skip_dag.py took 0.091 seconds
[2023-09-27T22:47:09.270-0400] {processor.py:157} INFO - Started process (PID=15705) to work on /home/beau/airflow/py_env/lib/python3.10/site-packages/airflow/example_dags/example_skip_dag.py
[2023-09-27T22:47:09.271-0400] {processor.py:829} INFO - Processing file /home/beau/airflow/py_env/lib/python3.10/site-packages/airflow/example_dags/example_skip_dag.py for tasks to queue
[2023-09-27T22:47:09.272-0400] {logging_mixin.py:151} INFO - [2023-09-27T22:47:09.272-0400] {dagbag.py:539} INFO - Filling up the DagBag from /home/beau/airflow/py_env/lib/python3.10/site-packages/airflow/example_dags/example_skip_dag.py
[2023-09-27T22:47:09.280-0400] {processor.py:839} INFO - DAG(s) dict_keys(['example_skip_dag']) retrieved from /home/beau/airflow/py_env/lib/python3.10/site-packages/airflow/example_dags/example_skip_dag.py
[2023-09-27T22:47:09.297-0400] {logging_mixin.py:151} INFO - [2023-09-27T22:47:09.296-0400] {dag.py:2915} INFO - Sync 1 DAGs
[2023-09-27T22:47:09.314-0400] {logging_mixin.py:151} INFO - [2023-09-27T22:47:09.314-0400] {dag.py:3696} INFO - Setting next_dagrun for example_skip_dag to 2023-09-27T02:47:09.314431+00:00, run_after=2023-09-28T02:47:09.314431+00:00
[2023-09-27T22:47:09.339-0400] {processor.py:179} INFO - Processing /home/beau/airflow/py_env/lib/python3.10/site-packages/airflow/example_dags/example_skip_dag.py took 0.072 seconds
[2023-09-27T22:47:46.769-0400] {processor.py:157} INFO - Started process (PID=16072) to work on /home/beau/airflow/py_env/lib/python3.10/site-packages/airflow/example_dags/example_skip_dag.py
[2023-09-27T22:47:46.773-0400] {processor.py:829} INFO - Processing file /home/beau/airflow/py_env/lib/python3.10/site-packages/airflow/example_dags/example_skip_dag.py for tasks to queue
[2023-09-27T22:47:46.774-0400] {logging_mixin.py:151} INFO - [2023-09-27T22:47:46.773-0400] {dagbag.py:539} INFO - Filling up the DagBag from /home/beau/airflow/py_env/lib/python3.10/site-packages/airflow/example_dags/example_skip_dag.py
[2023-09-27T22:47:46.793-0400] {processor.py:839} INFO - DAG(s) dict_keys(['example_skip_dag']) retrieved from /home/beau/airflow/py_env/lib/python3.10/site-packages/airflow/example_dags/example_skip_dag.py
[2023-09-27T22:47:46.817-0400] {logging_mixin.py:151} INFO - [2023-09-27T22:47:46.817-0400] {dag.py:2915} INFO - Sync 1 DAGs
[2023-09-27T22:47:46.834-0400] {logging_mixin.py:151} INFO - [2023-09-27T22:47:46.834-0400] {dag.py:3696} INFO - Setting next_dagrun for example_skip_dag to 2023-09-27T02:47:46.834543+00:00, run_after=2023-09-28T02:47:46.834543+00:00
[2023-09-27T22:47:46.863-0400] {processor.py:179} INFO - Processing /home/beau/airflow/py_env/lib/python3.10/site-packages/airflow/example_dags/example_skip_dag.py took 0.097 seconds
[2023-09-27T22:48:26.998-0400] {processor.py:157} INFO - Started process (PID=16493) to work on /home/beau/airflow/py_env/lib/python3.10/site-packages/airflow/example_dags/example_skip_dag.py
[2023-09-27T22:48:27.004-0400] {processor.py:829} INFO - Processing file /home/beau/airflow/py_env/lib/python3.10/site-packages/airflow/example_dags/example_skip_dag.py for tasks to queue
[2023-09-27T22:48:27.006-0400] {logging_mixin.py:151} INFO - [2023-09-27T22:48:27.006-0400] {dagbag.py:539} INFO - Filling up the DagBag from /home/beau/airflow/py_env/lib/python3.10/site-packages/airflow/example_dags/example_skip_dag.py
[2023-09-27T22:48:27.018-0400] {processor.py:839} INFO - DAG(s) dict_keys(['example_skip_dag']) retrieved from /home/beau/airflow/py_env/lib/python3.10/site-packages/airflow/example_dags/example_skip_dag.py
[2023-09-27T22:48:27.041-0400] {logging_mixin.py:151} INFO - [2023-09-27T22:48:27.040-0400] {dag.py:2915} INFO - Sync 1 DAGs
[2023-09-27T22:48:27.058-0400] {logging_mixin.py:151} INFO - [2023-09-27T22:48:27.058-0400] {dag.py:3696} INFO - Setting next_dagrun for example_skip_dag to 2023-09-27T02:48:27.057850+00:00, run_after=2023-09-28T02:48:27.057850+00:00
[2023-09-27T22:48:27.090-0400] {processor.py:179} INFO - Processing /home/beau/airflow/py_env/lib/python3.10/site-packages/airflow/example_dags/example_skip_dag.py took 0.104 seconds
[2023-09-27T22:49:07.087-0400] {processor.py:157} INFO - Started process (PID=16849) to work on /home/beau/airflow/py_env/lib/python3.10/site-packages/airflow/example_dags/example_skip_dag.py
[2023-09-27T22:49:07.088-0400] {processor.py:829} INFO - Processing file /home/beau/airflow/py_env/lib/python3.10/site-packages/airflow/example_dags/example_skip_dag.py for tasks to queue
[2023-09-27T22:49:07.089-0400] {logging_mixin.py:151} INFO - [2023-09-27T22:49:07.089-0400] {dagbag.py:539} INFO - Filling up the DagBag from /home/beau/airflow/py_env/lib/python3.10/site-packages/airflow/example_dags/example_skip_dag.py
[2023-09-27T22:49:07.100-0400] {processor.py:839} INFO - DAG(s) dict_keys(['example_skip_dag']) retrieved from /home/beau/airflow/py_env/lib/python3.10/site-packages/airflow/example_dags/example_skip_dag.py
[2023-09-27T22:49:07.118-0400] {logging_mixin.py:151} INFO - [2023-09-27T22:49:07.118-0400] {dag.py:2915} INFO - Sync 1 DAGs
[2023-09-27T22:49:07.144-0400] {logging_mixin.py:151} INFO - [2023-09-27T22:49:07.143-0400] {dag.py:3696} INFO - Setting next_dagrun for example_skip_dag to 2023-09-27T02:49:07.143646+00:00, run_after=2023-09-28T02:49:07.143646+00:00
[2023-09-27T22:49:07.174-0400] {processor.py:179} INFO - Processing /home/beau/airflow/py_env/lib/python3.10/site-packages/airflow/example_dags/example_skip_dag.py took 0.092 seconds
[2023-09-27T22:49:44.903-0400] {processor.py:157} INFO - Started process (PID=17070) to work on /home/beau/airflow/py_env/lib/python3.10/site-packages/airflow/example_dags/example_skip_dag.py
[2023-09-27T22:49:44.908-0400] {processor.py:829} INFO - Processing file /home/beau/airflow/py_env/lib/python3.10/site-packages/airflow/example_dags/example_skip_dag.py for tasks to queue
[2023-09-27T22:49:44.910-0400] {logging_mixin.py:151} INFO - [2023-09-27T22:49:44.909-0400] {dagbag.py:539} INFO - Filling up the DagBag from /home/beau/airflow/py_env/lib/python3.10/site-packages/airflow/example_dags/example_skip_dag.py
[2023-09-27T22:49:44.920-0400] {processor.py:839} INFO - DAG(s) dict_keys(['example_skip_dag']) retrieved from /home/beau/airflow/py_env/lib/python3.10/site-packages/airflow/example_dags/example_skip_dag.py
[2023-09-27T22:49:44.936-0400] {logging_mixin.py:151} INFO - [2023-09-27T22:49:44.935-0400] {dag.py:2915} INFO - Sync 1 DAGs
[2023-09-27T22:49:44.952-0400] {logging_mixin.py:151} INFO - [2023-09-27T22:49:44.952-0400] {dag.py:3696} INFO - Setting next_dagrun for example_skip_dag to 2023-09-27T02:49:44.952458+00:00, run_after=2023-09-28T02:49:44.952458+00:00
[2023-09-27T22:49:44.976-0400] {processor.py:179} INFO - Processing /home/beau/airflow/py_env/lib/python3.10/site-packages/airflow/example_dags/example_skip_dag.py took 0.080 seconds
[2023-09-27T22:50:23.738-0400] {processor.py:157} INFO - Started process (PID=17264) to work on /home/beau/airflow/py_env/lib/python3.10/site-packages/airflow/example_dags/example_skip_dag.py
[2023-09-27T22:50:23.744-0400] {processor.py:829} INFO - Processing file /home/beau/airflow/py_env/lib/python3.10/site-packages/airflow/example_dags/example_skip_dag.py for tasks to queue
[2023-09-27T22:50:23.746-0400] {logging_mixin.py:151} INFO - [2023-09-27T22:50:23.745-0400] {dagbag.py:539} INFO - Filling up the DagBag from /home/beau/airflow/py_env/lib/python3.10/site-packages/airflow/example_dags/example_skip_dag.py
[2023-09-27T22:50:23.763-0400] {processor.py:839} INFO - DAG(s) dict_keys(['example_skip_dag']) retrieved from /home/beau/airflow/py_env/lib/python3.10/site-packages/airflow/example_dags/example_skip_dag.py
[2023-09-27T22:50:23.787-0400] {logging_mixin.py:151} INFO - [2023-09-27T22:50:23.787-0400] {dag.py:2915} INFO - Sync 1 DAGs
[2023-09-27T22:50:23.817-0400] {logging_mixin.py:151} INFO - [2023-09-27T22:50:23.817-0400] {dag.py:3696} INFO - Setting next_dagrun for example_skip_dag to 2023-09-27T02:50:23.816987+00:00, run_after=2023-09-28T02:50:23.816987+00:00
[2023-09-27T22:50:23.848-0400] {processor.py:179} INFO - Processing /home/beau/airflow/py_env/lib/python3.10/site-packages/airflow/example_dags/example_skip_dag.py took 0.117 seconds
[2023-09-27T22:50:58.893-0400] {processor.py:157} INFO - Started process (PID=17445) to work on /home/beau/airflow/py_env/lib/python3.10/site-packages/airflow/example_dags/example_skip_dag.py
[2023-09-27T22:50:58.897-0400] {processor.py:829} INFO - Processing file /home/beau/airflow/py_env/lib/python3.10/site-packages/airflow/example_dags/example_skip_dag.py for tasks to queue
[2023-09-27T22:50:58.898-0400] {logging_mixin.py:151} INFO - [2023-09-27T22:50:58.898-0400] {dagbag.py:539} INFO - Filling up the DagBag from /home/beau/airflow/py_env/lib/python3.10/site-packages/airflow/example_dags/example_skip_dag.py
[2023-09-27T22:50:58.911-0400] {processor.py:839} INFO - DAG(s) dict_keys(['example_skip_dag']) retrieved from /home/beau/airflow/py_env/lib/python3.10/site-packages/airflow/example_dags/example_skip_dag.py
[2023-09-27T22:50:58.935-0400] {logging_mixin.py:151} INFO - [2023-09-27T22:50:58.934-0400] {dag.py:2915} INFO - Sync 1 DAGs
[2023-09-27T22:50:58.950-0400] {logging_mixin.py:151} INFO - [2023-09-27T22:50:58.949-0400] {dag.py:3696} INFO - Setting next_dagrun for example_skip_dag to 2023-09-27T02:50:58.949737+00:00, run_after=2023-09-28T02:50:58.949737+00:00
[2023-09-27T22:50:58.973-0400] {processor.py:179} INFO - Processing /home/beau/airflow/py_env/lib/python3.10/site-packages/airflow/example_dags/example_skip_dag.py took 0.089 seconds
[2023-09-27T22:51:37.401-0400] {processor.py:157} INFO - Started process (PID=17579) to work on /home/beau/airflow/py_env/lib/python3.10/site-packages/airflow/example_dags/example_skip_dag.py
[2023-09-27T22:51:37.405-0400] {processor.py:829} INFO - Processing file /home/beau/airflow/py_env/lib/python3.10/site-packages/airflow/example_dags/example_skip_dag.py for tasks to queue
[2023-09-27T22:51:37.407-0400] {logging_mixin.py:151} INFO - [2023-09-27T22:51:37.407-0400] {dagbag.py:539} INFO - Filling up the DagBag from /home/beau/airflow/py_env/lib/python3.10/site-packages/airflow/example_dags/example_skip_dag.py
[2023-09-27T22:51:37.426-0400] {processor.py:839} INFO - DAG(s) dict_keys(['example_skip_dag']) retrieved from /home/beau/airflow/py_env/lib/python3.10/site-packages/airflow/example_dags/example_skip_dag.py
[2023-09-27T22:51:37.457-0400] {logging_mixin.py:151} INFO - [2023-09-27T22:51:37.457-0400] {dag.py:2915} INFO - Sync 1 DAGs
[2023-09-27T22:51:37.475-0400] {logging_mixin.py:151} INFO - [2023-09-27T22:51:37.475-0400] {dag.py:3696} INFO - Setting next_dagrun for example_skip_dag to 2023-09-27T02:51:37.475091+00:00, run_after=2023-09-28T02:51:37.475091+00:00
[2023-09-27T22:51:37.498-0400] {processor.py:179} INFO - Processing /home/beau/airflow/py_env/lib/python3.10/site-packages/airflow/example_dags/example_skip_dag.py took 0.102 seconds
[2023-09-27T22:52:15.454-0400] {processor.py:157} INFO - Started process (PID=17773) to work on /home/beau/airflow/py_env/lib/python3.10/site-packages/airflow/example_dags/example_skip_dag.py
[2023-09-27T22:52:15.456-0400] {processor.py:829} INFO - Processing file /home/beau/airflow/py_env/lib/python3.10/site-packages/airflow/example_dags/example_skip_dag.py for tasks to queue
[2023-09-27T22:52:15.458-0400] {logging_mixin.py:151} INFO - [2023-09-27T22:52:15.457-0400] {dagbag.py:539} INFO - Filling up the DagBag from /home/beau/airflow/py_env/lib/python3.10/site-packages/airflow/example_dags/example_skip_dag.py
[2023-09-27T22:52:15.467-0400] {processor.py:839} INFO - DAG(s) dict_keys(['example_skip_dag']) retrieved from /home/beau/airflow/py_env/lib/python3.10/site-packages/airflow/example_dags/example_skip_dag.py
[2023-09-27T22:52:15.481-0400] {logging_mixin.py:151} INFO - [2023-09-27T22:52:15.481-0400] {dag.py:2915} INFO - Sync 1 DAGs
[2023-09-27T22:52:15.496-0400] {logging_mixin.py:151} INFO - [2023-09-27T22:52:15.496-0400] {dag.py:3696} INFO - Setting next_dagrun for example_skip_dag to 2023-09-27T02:52:15.496528+00:00, run_after=2023-09-28T02:52:15.496528+00:00
[2023-09-27T22:52:15.518-0400] {processor.py:179} INFO - Processing /home/beau/airflow/py_env/lib/python3.10/site-packages/airflow/example_dags/example_skip_dag.py took 0.069 seconds
[2023-09-27T22:52:51.128-0400] {processor.py:157} INFO - Started process (PID=17990) to work on /home/beau/airflow/py_env/lib/python3.10/site-packages/airflow/example_dags/example_skip_dag.py
[2023-09-27T22:52:51.132-0400] {processor.py:829} INFO - Processing file /home/beau/airflow/py_env/lib/python3.10/site-packages/airflow/example_dags/example_skip_dag.py for tasks to queue
[2023-09-27T22:52:51.133-0400] {logging_mixin.py:151} INFO - [2023-09-27T22:52:51.133-0400] {dagbag.py:539} INFO - Filling up the DagBag from /home/beau/airflow/py_env/lib/python3.10/site-packages/airflow/example_dags/example_skip_dag.py
[2023-09-27T22:52:51.144-0400] {processor.py:839} INFO - DAG(s) dict_keys(['example_skip_dag']) retrieved from /home/beau/airflow/py_env/lib/python3.10/site-packages/airflow/example_dags/example_skip_dag.py
[2023-09-27T22:52:51.167-0400] {logging_mixin.py:151} INFO - [2023-09-27T22:52:51.167-0400] {dag.py:2915} INFO - Sync 1 DAGs
[2023-09-27T22:52:51.192-0400] {logging_mixin.py:151} INFO - [2023-09-27T22:52:51.192-0400] {dag.py:3696} INFO - Setting next_dagrun for example_skip_dag to 2023-09-27T02:52:51.192190+00:00, run_after=2023-09-28T02:52:51.192190+00:00
[2023-09-27T22:52:51.226-0400] {processor.py:179} INFO - Processing /home/beau/airflow/py_env/lib/python3.10/site-packages/airflow/example_dags/example_skip_dag.py took 0.102 seconds
[2023-09-27T22:53:43.539-0400] {processor.py:157} INFO - Started process (PID=18457) to work on /home/beau/airflow/py_env/lib/python3.10/site-packages/airflow/example_dags/example_skip_dag.py
[2023-09-27T22:53:43.541-0400] {processor.py:829} INFO - Processing file /home/beau/airflow/py_env/lib/python3.10/site-packages/airflow/example_dags/example_skip_dag.py for tasks to queue
[2023-09-27T22:53:43.542-0400] {logging_mixin.py:151} INFO - [2023-09-27T22:53:43.541-0400] {dagbag.py:539} INFO - Filling up the DagBag from /home/beau/airflow/py_env/lib/python3.10/site-packages/airflow/example_dags/example_skip_dag.py
[2023-09-27T22:53:43.551-0400] {processor.py:839} INFO - DAG(s) dict_keys(['example_skip_dag']) retrieved from /home/beau/airflow/py_env/lib/python3.10/site-packages/airflow/example_dags/example_skip_dag.py
[2023-09-27T22:53:43.568-0400] {logging_mixin.py:151} INFO - [2023-09-27T22:53:43.567-0400] {dag.py:2915} INFO - Sync 1 DAGs
[2023-09-27T22:53:43.586-0400] {logging_mixin.py:151} INFO - [2023-09-27T22:53:43.586-0400] {dag.py:3696} INFO - Setting next_dagrun for example_skip_dag to 2023-09-27T02:53:43.586408+00:00, run_after=2023-09-28T02:53:43.586408+00:00
[2023-09-27T22:53:43.610-0400] {processor.py:179} INFO - Processing /home/beau/airflow/py_env/lib/python3.10/site-packages/airflow/example_dags/example_skip_dag.py took 0.074 seconds
