[2023-09-27T22:33:11.786-0400] {processor.py:157} INFO - Started process (PID=8292) to work on /home/beau/airflow/py_env/lib/python3.10/site-packages/airflow/example_dags/example_params_trigger_ui.py
[2023-09-27T22:33:11.788-0400] {processor.py:829} INFO - Processing file /home/beau/airflow/py_env/lib/python3.10/site-packages/airflow/example_dags/example_params_trigger_ui.py for tasks to queue
[2023-09-27T22:33:11.789-0400] {logging_mixin.py:151} INFO - [2023-09-27T22:33:11.789-0400] {dagbag.py:539} INFO - Filling up the DagBag from /home/beau/airflow/py_env/lib/python3.10/site-packages/airflow/example_dags/example_params_trigger_ui.py
[2023-09-27T22:33:11.808-0400] {processor.py:839} INFO - DAG(s) dict_keys(['example_params_trigger_ui']) retrieved from /home/beau/airflow/py_env/lib/python3.10/site-packages/airflow/example_dags/example_params_trigger_ui.py
[2023-09-27T22:33:11.815-0400] {logging_mixin.py:151} INFO - [2023-09-27T22:33:11.815-0400] {dag.py:2915} INFO - Sync 1 DAGs
[2023-09-27T22:33:11.829-0400] {logging_mixin.py:151} INFO - [2023-09-27T22:33:11.829-0400] {dag.py:3696} INFO - Setting next_dagrun for example_params_trigger_ui to None, run_after=None
[2023-09-27T22:33:11.857-0400] {processor.py:179} INFO - Processing /home/beau/airflow/py_env/lib/python3.10/site-packages/airflow/example_dags/example_params_trigger_ui.py took 0.075 seconds
[2023-09-27T22:33:59.683-0400] {processor.py:157} INFO - Started process (PID=8931) to work on /home/beau/airflow/py_env/lib/python3.10/site-packages/airflow/example_dags/example_params_trigger_ui.py
[2023-09-27T22:33:59.688-0400] {processor.py:829} INFO - Processing file /home/beau/airflow/py_env/lib/python3.10/site-packages/airflow/example_dags/example_params_trigger_ui.py for tasks to queue
[2023-09-27T22:33:59.690-0400] {logging_mixin.py:151} INFO - [2023-09-27T22:33:59.689-0400] {dagbag.py:539} INFO - Filling up the DagBag from /home/beau/airflow/py_env/lib/python3.10/site-packages/airflow/example_dags/example_params_trigger_ui.py
[2023-09-27T22:33:59.722-0400] {processor.py:839} INFO - DAG(s) dict_keys(['example_params_trigger_ui']) retrieved from /home/beau/airflow/py_env/lib/python3.10/site-packages/airflow/example_dags/example_params_trigger_ui.py
[2023-09-27T22:33:59.758-0400] {logging_mixin.py:151} INFO - [2023-09-27T22:33:59.758-0400] {dag.py:2915} INFO - Sync 1 DAGs
[2023-09-27T22:33:59.770-0400] {logging_mixin.py:151} INFO - [2023-09-27T22:33:59.770-0400] {dag.py:3696} INFO - Setting next_dagrun for example_params_trigger_ui to None, run_after=None
[2023-09-27T22:33:59.795-0400] {processor.py:179} INFO - Processing /home/beau/airflow/py_env/lib/python3.10/site-packages/airflow/example_dags/example_params_trigger_ui.py took 0.118 seconds
[2023-09-27T22:34:48.029-0400] {processor.py:157} INFO - Started process (PID=9161) to work on /home/beau/airflow/py_env/lib/python3.10/site-packages/airflow/example_dags/example_params_trigger_ui.py
[2023-09-27T22:34:48.034-0400] {processor.py:829} INFO - Processing file /home/beau/airflow/py_env/lib/python3.10/site-packages/airflow/example_dags/example_params_trigger_ui.py for tasks to queue
[2023-09-27T22:34:48.037-0400] {logging_mixin.py:151} INFO - [2023-09-27T22:34:48.036-0400] {dagbag.py:539} INFO - Filling up the DagBag from /home/beau/airflow/py_env/lib/python3.10/site-packages/airflow/example_dags/example_params_trigger_ui.py
[2023-09-27T22:34:48.074-0400] {processor.py:839} INFO - DAG(s) dict_keys(['example_params_trigger_ui']) retrieved from /home/beau/airflow/py_env/lib/python3.10/site-packages/airflow/example_dags/example_params_trigger_ui.py
[2023-09-27T22:34:48.122-0400] {logging_mixin.py:151} INFO - [2023-09-27T22:34:48.122-0400] {dag.py:2915} INFO - Sync 1 DAGs
[2023-09-27T22:34:48.134-0400] {logging_mixin.py:151} INFO - [2023-09-27T22:34:48.133-0400] {dag.py:3696} INFO - Setting next_dagrun for example_params_trigger_ui to None, run_after=None
[2023-09-27T22:34:48.166-0400] {processor.py:179} INFO - Processing /home/beau/airflow/py_env/lib/python3.10/site-packages/airflow/example_dags/example_params_trigger_ui.py took 0.147 seconds
[2023-09-27T22:35:36.069-0400] {processor.py:157} INFO - Started process (PID=9667) to work on /home/beau/airflow/py_env/lib/python3.10/site-packages/airflow/example_dags/example_params_trigger_ui.py
[2023-09-27T22:35:36.074-0400] {processor.py:829} INFO - Processing file /home/beau/airflow/py_env/lib/python3.10/site-packages/airflow/example_dags/example_params_trigger_ui.py for tasks to queue
[2023-09-27T22:35:36.076-0400] {logging_mixin.py:151} INFO - [2023-09-27T22:35:36.075-0400] {dagbag.py:539} INFO - Filling up the DagBag from /home/beau/airflow/py_env/lib/python3.10/site-packages/airflow/example_dags/example_params_trigger_ui.py
[2023-09-27T22:35:36.101-0400] {processor.py:839} INFO - DAG(s) dict_keys(['example_params_trigger_ui']) retrieved from /home/beau/airflow/py_env/lib/python3.10/site-packages/airflow/example_dags/example_params_trigger_ui.py
[2023-09-27T22:35:36.165-0400] {logging_mixin.py:151} INFO - [2023-09-27T22:35:36.164-0400] {dag.py:2915} INFO - Sync 1 DAGs
[2023-09-27T22:35:36.317-0400] {logging_mixin.py:151} INFO - [2023-09-27T22:35:36.317-0400] {dag.py:3696} INFO - Setting next_dagrun for example_params_trigger_ui to None, run_after=None
[2023-09-27T22:35:36.348-0400] {processor.py:179} INFO - Processing /home/beau/airflow/py_env/lib/python3.10/site-packages/airflow/example_dags/example_params_trigger_ui.py took 0.283 seconds
[2023-09-27T22:36:29.748-0400] {processor.py:157} INFO - Started process (PID=10410) to work on /home/beau/airflow/py_env/lib/python3.10/site-packages/airflow/example_dags/example_params_trigger_ui.py
[2023-09-27T22:36:29.750-0400] {processor.py:829} INFO - Processing file /home/beau/airflow/py_env/lib/python3.10/site-packages/airflow/example_dags/example_params_trigger_ui.py for tasks to queue
[2023-09-27T22:36:29.751-0400] {logging_mixin.py:151} INFO - [2023-09-27T22:36:29.751-0400] {dagbag.py:539} INFO - Filling up the DagBag from /home/beau/airflow/py_env/lib/python3.10/site-packages/airflow/example_dags/example_params_trigger_ui.py
[2023-09-27T22:36:29.780-0400] {processor.py:839} INFO - DAG(s) dict_keys(['example_params_trigger_ui']) retrieved from /home/beau/airflow/py_env/lib/python3.10/site-packages/airflow/example_dags/example_params_trigger_ui.py
[2023-09-27T22:36:29.841-0400] {logging_mixin.py:151} INFO - [2023-09-27T22:36:29.840-0400] {dag.py:2915} INFO - Sync 1 DAGs
[2023-09-27T22:36:29.854-0400] {logging_mixin.py:151} INFO - [2023-09-27T22:36:29.852-0400] {dag.py:3696} INFO - Setting next_dagrun for example_params_trigger_ui to None, run_after=None
[2023-09-27T22:36:29.884-0400] {processor.py:179} INFO - Processing /home/beau/airflow/py_env/lib/python3.10/site-packages/airflow/example_dags/example_params_trigger_ui.py took 0.140 seconds
[2023-09-27T22:37:15.100-0400] {processor.py:157} INFO - Started process (PID=10720) to work on /home/beau/airflow/py_env/lib/python3.10/site-packages/airflow/example_dags/example_params_trigger_ui.py
[2023-09-27T22:37:15.104-0400] {processor.py:829} INFO - Processing file /home/beau/airflow/py_env/lib/python3.10/site-packages/airflow/example_dags/example_params_trigger_ui.py for tasks to queue
[2023-09-27T22:37:15.106-0400] {logging_mixin.py:151} INFO - [2023-09-27T22:37:15.105-0400] {dagbag.py:539} INFO - Filling up the DagBag from /home/beau/airflow/py_env/lib/python3.10/site-packages/airflow/example_dags/example_params_trigger_ui.py
[2023-09-27T22:37:15.131-0400] {processor.py:839} INFO - DAG(s) dict_keys(['example_params_trigger_ui']) retrieved from /home/beau/airflow/py_env/lib/python3.10/site-packages/airflow/example_dags/example_params_trigger_ui.py
[2023-09-27T22:37:15.174-0400] {logging_mixin.py:151} INFO - [2023-09-27T22:37:15.173-0400] {dag.py:2915} INFO - Sync 1 DAGs
[2023-09-27T22:37:15.185-0400] {logging_mixin.py:151} INFO - [2023-09-27T22:37:15.185-0400] {dag.py:3696} INFO - Setting next_dagrun for example_params_trigger_ui to None, run_after=None
[2023-09-27T22:37:15.214-0400] {processor.py:179} INFO - Processing /home/beau/airflow/py_env/lib/python3.10/site-packages/airflow/example_dags/example_params_trigger_ui.py took 0.118 seconds
[2023-09-27T22:38:10.594-0400] {processor.py:157} INFO - Started process (PID=11240) to work on /home/beau/airflow/py_env/lib/python3.10/site-packages/airflow/example_dags/example_params_trigger_ui.py
[2023-09-27T22:38:10.599-0400] {processor.py:829} INFO - Processing file /home/beau/airflow/py_env/lib/python3.10/site-packages/airflow/example_dags/example_params_trigger_ui.py for tasks to queue
[2023-09-27T22:38:10.600-0400] {logging_mixin.py:151} INFO - [2023-09-27T22:38:10.599-0400] {dagbag.py:539} INFO - Filling up the DagBag from /home/beau/airflow/py_env/lib/python3.10/site-packages/airflow/example_dags/example_params_trigger_ui.py
[2023-09-27T22:38:10.617-0400] {processor.py:839} INFO - DAG(s) dict_keys(['example_params_trigger_ui']) retrieved from /home/beau/airflow/py_env/lib/python3.10/site-packages/airflow/example_dags/example_params_trigger_ui.py
[2023-09-27T22:38:10.666-0400] {logging_mixin.py:151} INFO - [2023-09-27T22:38:10.666-0400] {dag.py:2915} INFO - Sync 1 DAGs
[2023-09-27T22:38:10.684-0400] {logging_mixin.py:151} INFO - [2023-09-27T22:38:10.683-0400] {dag.py:3696} INFO - Setting next_dagrun for example_params_trigger_ui to None, run_after=None
[2023-09-27T22:38:10.722-0400] {processor.py:179} INFO - Processing /home/beau/airflow/py_env/lib/python3.10/site-packages/airflow/example_dags/example_params_trigger_ui.py took 0.136 seconds
[2023-09-27T22:39:05.248-0400] {processor.py:157} INFO - Started process (PID=11724) to work on /home/beau/airflow/py_env/lib/python3.10/site-packages/airflow/example_dags/example_params_trigger_ui.py
[2023-09-27T22:39:05.251-0400] {processor.py:829} INFO - Processing file /home/beau/airflow/py_env/lib/python3.10/site-packages/airflow/example_dags/example_params_trigger_ui.py for tasks to queue
[2023-09-27T22:39:05.252-0400] {logging_mixin.py:151} INFO - [2023-09-27T22:39:05.251-0400] {dagbag.py:539} INFO - Filling up the DagBag from /home/beau/airflow/py_env/lib/python3.10/site-packages/airflow/example_dags/example_params_trigger_ui.py
[2023-09-27T22:39:05.269-0400] {processor.py:839} INFO - DAG(s) dict_keys(['example_params_trigger_ui']) retrieved from /home/beau/airflow/py_env/lib/python3.10/site-packages/airflow/example_dags/example_params_trigger_ui.py
[2023-09-27T22:39:05.307-0400] {logging_mixin.py:151} INFO - [2023-09-27T22:39:05.307-0400] {dag.py:2915} INFO - Sync 1 DAGs
[2023-09-27T22:39:05.318-0400] {logging_mixin.py:151} INFO - [2023-09-27T22:39:05.317-0400] {dag.py:3696} INFO - Setting next_dagrun for example_params_trigger_ui to None, run_after=None
[2023-09-27T22:39:05.348-0400] {processor.py:179} INFO - Processing /home/beau/airflow/py_env/lib/python3.10/site-packages/airflow/example_dags/example_params_trigger_ui.py took 0.104 seconds
[2023-09-27T22:40:02.172-0400] {processor.py:157} INFO - Started process (PID=12050) to work on /home/beau/airflow/py_env/lib/python3.10/site-packages/airflow/example_dags/example_params_trigger_ui.py
[2023-09-27T22:40:02.176-0400] {processor.py:829} INFO - Processing file /home/beau/airflow/py_env/lib/python3.10/site-packages/airflow/example_dags/example_params_trigger_ui.py for tasks to queue
[2023-09-27T22:40:02.177-0400] {logging_mixin.py:151} INFO - [2023-09-27T22:40:02.177-0400] {dagbag.py:539} INFO - Filling up the DagBag from /home/beau/airflow/py_env/lib/python3.10/site-packages/airflow/example_dags/example_params_trigger_ui.py
[2023-09-27T22:40:02.195-0400] {processor.py:839} INFO - DAG(s) dict_keys(['example_params_trigger_ui']) retrieved from /home/beau/airflow/py_env/lib/python3.10/site-packages/airflow/example_dags/example_params_trigger_ui.py
[2023-09-27T22:40:02.244-0400] {logging_mixin.py:151} INFO - [2023-09-27T22:40:02.244-0400] {dag.py:2915} INFO - Sync 1 DAGs
[2023-09-27T22:40:02.259-0400] {logging_mixin.py:151} INFO - [2023-09-27T22:40:02.259-0400] {dag.py:3696} INFO - Setting next_dagrun for example_params_trigger_ui to None, run_after=None
[2023-09-27T22:40:02.290-0400] {processor.py:179} INFO - Processing /home/beau/airflow/py_env/lib/python3.10/site-packages/airflow/example_dags/example_params_trigger_ui.py took 0.121 seconds
[2023-09-27T22:40:44.530-0400] {processor.py:157} INFO - Started process (PID=12199) to work on /home/beau/airflow/py_env/lib/python3.10/site-packages/airflow/example_dags/example_params_trigger_ui.py
[2023-09-27T22:40:44.533-0400] {processor.py:829} INFO - Processing file /home/beau/airflow/py_env/lib/python3.10/site-packages/airflow/example_dags/example_params_trigger_ui.py for tasks to queue
[2023-09-27T22:40:44.535-0400] {logging_mixin.py:151} INFO - [2023-09-27T22:40:44.534-0400] {dagbag.py:539} INFO - Filling up the DagBag from /home/beau/airflow/py_env/lib/python3.10/site-packages/airflow/example_dags/example_params_trigger_ui.py
[2023-09-27T22:40:44.555-0400] {processor.py:839} INFO - DAG(s) dict_keys(['example_params_trigger_ui']) retrieved from /home/beau/airflow/py_env/lib/python3.10/site-packages/airflow/example_dags/example_params_trigger_ui.py
[2023-09-27T22:40:44.600-0400] {logging_mixin.py:151} INFO - [2023-09-27T22:40:44.600-0400] {dag.py:2915} INFO - Sync 1 DAGs
[2023-09-27T22:40:44.613-0400] {logging_mixin.py:151} INFO - [2023-09-27T22:40:44.613-0400] {dag.py:3696} INFO - Setting next_dagrun for example_params_trigger_ui to None, run_after=None
[2023-09-27T22:40:44.645-0400] {processor.py:179} INFO - Processing /home/beau/airflow/py_env/lib/python3.10/site-packages/airflow/example_dags/example_params_trigger_ui.py took 0.118 seconds
[2023-09-27T22:41:23.412-0400] {processor.py:157} INFO - Started process (PID=12439) to work on /home/beau/airflow/py_env/lib/python3.10/site-packages/airflow/example_dags/example_params_trigger_ui.py
[2023-09-27T22:41:23.417-0400] {processor.py:829} INFO - Processing file /home/beau/airflow/py_env/lib/python3.10/site-packages/airflow/example_dags/example_params_trigger_ui.py for tasks to queue
[2023-09-27T22:41:23.421-0400] {logging_mixin.py:151} INFO - [2023-09-27T22:41:23.419-0400] {dagbag.py:539} INFO - Filling up the DagBag from /home/beau/airflow/py_env/lib/python3.10/site-packages/airflow/example_dags/example_params_trigger_ui.py
[2023-09-27T22:41:23.459-0400] {processor.py:839} INFO - DAG(s) dict_keys(['example_params_trigger_ui']) retrieved from /home/beau/airflow/py_env/lib/python3.10/site-packages/airflow/example_dags/example_params_trigger_ui.py
[2023-09-27T22:41:23.508-0400] {logging_mixin.py:151} INFO - [2023-09-27T22:41:23.508-0400] {dag.py:2915} INFO - Sync 1 DAGs
[2023-09-27T22:41:23.519-0400] {logging_mixin.py:151} INFO - [2023-09-27T22:41:23.519-0400] {dag.py:3696} INFO - Setting next_dagrun for example_params_trigger_ui to None, run_after=None
[2023-09-27T22:41:23.548-0400] {processor.py:179} INFO - Processing /home/beau/airflow/py_env/lib/python3.10/site-packages/airflow/example_dags/example_params_trigger_ui.py took 0.147 seconds
[2023-09-27T22:42:04.547-0400] {processor.py:157} INFO - Started process (PID=12710) to work on /home/beau/airflow/py_env/lib/python3.10/site-packages/airflow/example_dags/example_params_trigger_ui.py
[2023-09-27T22:42:04.551-0400] {processor.py:829} INFO - Processing file /home/beau/airflow/py_env/lib/python3.10/site-packages/airflow/example_dags/example_params_trigger_ui.py for tasks to queue
[2023-09-27T22:42:04.552-0400] {logging_mixin.py:151} INFO - [2023-09-27T22:42:04.552-0400] {dagbag.py:539} INFO - Filling up the DagBag from /home/beau/airflow/py_env/lib/python3.10/site-packages/airflow/example_dags/example_params_trigger_ui.py
[2023-09-27T22:42:04.575-0400] {processor.py:839} INFO - DAG(s) dict_keys(['example_params_trigger_ui']) retrieved from /home/beau/airflow/py_env/lib/python3.10/site-packages/airflow/example_dags/example_params_trigger_ui.py
[2023-09-27T22:42:04.615-0400] {logging_mixin.py:151} INFO - [2023-09-27T22:42:04.615-0400] {dag.py:2915} INFO - Sync 1 DAGs
[2023-09-27T22:42:04.627-0400] {logging_mixin.py:151} INFO - [2023-09-27T22:42:04.627-0400] {dag.py:3696} INFO - Setting next_dagrun for example_params_trigger_ui to None, run_after=None
[2023-09-27T22:42:04.659-0400] {processor.py:179} INFO - Processing /home/beau/airflow/py_env/lib/python3.10/site-packages/airflow/example_dags/example_params_trigger_ui.py took 0.118 seconds
[2023-09-27T22:43:00.615-0400] {processor.py:157} INFO - Started process (PID=13278) to work on /home/beau/airflow/py_env/lib/python3.10/site-packages/airflow/example_dags/example_params_trigger_ui.py
[2023-09-27T22:43:00.619-0400] {processor.py:829} INFO - Processing file /home/beau/airflow/py_env/lib/python3.10/site-packages/airflow/example_dags/example_params_trigger_ui.py for tasks to queue
[2023-09-27T22:43:00.621-0400] {logging_mixin.py:151} INFO - [2023-09-27T22:43:00.620-0400] {dagbag.py:539} INFO - Filling up the DagBag from /home/beau/airflow/py_env/lib/python3.10/site-packages/airflow/example_dags/example_params_trigger_ui.py
[2023-09-27T22:43:00.639-0400] {processor.py:839} INFO - DAG(s) dict_keys(['example_params_trigger_ui']) retrieved from /home/beau/airflow/py_env/lib/python3.10/site-packages/airflow/example_dags/example_params_trigger_ui.py
[2023-09-27T22:43:00.676-0400] {logging_mixin.py:151} INFO - [2023-09-27T22:43:00.676-0400] {dag.py:2915} INFO - Sync 1 DAGs
[2023-09-27T22:43:00.686-0400] {logging_mixin.py:151} INFO - [2023-09-27T22:43:00.685-0400] {dag.py:3696} INFO - Setting next_dagrun for example_params_trigger_ui to None, run_after=None
[2023-09-27T22:43:00.711-0400] {processor.py:179} INFO - Processing /home/beau/airflow/py_env/lib/python3.10/site-packages/airflow/example_dags/example_params_trigger_ui.py took 0.100 seconds
[2023-09-27T22:43:56.754-0400] {processor.py:157} INFO - Started process (PID=13631) to work on /home/beau/airflow/py_env/lib/python3.10/site-packages/airflow/example_dags/example_params_trigger_ui.py
[2023-09-27T22:43:56.759-0400] {processor.py:829} INFO - Processing file /home/beau/airflow/py_env/lib/python3.10/site-packages/airflow/example_dags/example_params_trigger_ui.py for tasks to queue
[2023-09-27T22:43:56.761-0400] {logging_mixin.py:151} INFO - [2023-09-27T22:43:56.760-0400] {dagbag.py:539} INFO - Filling up the DagBag from /home/beau/airflow/py_env/lib/python3.10/site-packages/airflow/example_dags/example_params_trigger_ui.py
[2023-09-27T22:43:56.781-0400] {processor.py:839} INFO - DAG(s) dict_keys(['example_params_trigger_ui']) retrieved from /home/beau/airflow/py_env/lib/python3.10/site-packages/airflow/example_dags/example_params_trigger_ui.py
[2023-09-27T22:43:56.823-0400] {logging_mixin.py:151} INFO - [2023-09-27T22:43:56.822-0400] {dag.py:2915} INFO - Sync 1 DAGs
[2023-09-27T22:43:56.833-0400] {logging_mixin.py:151} INFO - [2023-09-27T22:43:56.832-0400] {dag.py:3696} INFO - Setting next_dagrun for example_params_trigger_ui to None, run_after=None
[2023-09-27T22:43:56.864-0400] {processor.py:179} INFO - Processing /home/beau/airflow/py_env/lib/python3.10/site-packages/airflow/example_dags/example_params_trigger_ui.py took 0.117 seconds
[2023-09-27T22:44:38.276-0400] {processor.py:157} INFO - Started process (PID=13958) to work on /home/beau/airflow/py_env/lib/python3.10/site-packages/airflow/example_dags/example_params_trigger_ui.py
[2023-09-27T22:44:38.280-0400] {processor.py:829} INFO - Processing file /home/beau/airflow/py_env/lib/python3.10/site-packages/airflow/example_dags/example_params_trigger_ui.py for tasks to queue
[2023-09-27T22:44:38.281-0400] {logging_mixin.py:151} INFO - [2023-09-27T22:44:38.281-0400] {dagbag.py:539} INFO - Filling up the DagBag from /home/beau/airflow/py_env/lib/python3.10/site-packages/airflow/example_dags/example_params_trigger_ui.py
[2023-09-27T22:44:38.296-0400] {processor.py:839} INFO - DAG(s) dict_keys(['example_params_trigger_ui']) retrieved from /home/beau/airflow/py_env/lib/python3.10/site-packages/airflow/example_dags/example_params_trigger_ui.py
[2023-09-27T22:44:38.352-0400] {logging_mixin.py:151} INFO - [2023-09-27T22:44:38.352-0400] {dag.py:2915} INFO - Sync 1 DAGs
[2023-09-27T22:44:38.362-0400] {logging_mixin.py:151} INFO - [2023-09-27T22:44:38.362-0400] {dag.py:3696} INFO - Setting next_dagrun for example_params_trigger_ui to None, run_after=None
[2023-09-27T22:44:38.388-0400] {processor.py:179} INFO - Processing /home/beau/airflow/py_env/lib/python3.10/site-packages/airflow/example_dags/example_params_trigger_ui.py took 0.116 seconds
[2023-09-27T22:45:30.550-0400] {processor.py:157} INFO - Started process (PID=14390) to work on /home/beau/airflow/py_env/lib/python3.10/site-packages/airflow/example_dags/example_params_trigger_ui.py
[2023-09-27T22:45:30.552-0400] {processor.py:829} INFO - Processing file /home/beau/airflow/py_env/lib/python3.10/site-packages/airflow/example_dags/example_params_trigger_ui.py for tasks to queue
[2023-09-27T22:45:30.554-0400] {logging_mixin.py:151} INFO - [2023-09-27T22:45:30.553-0400] {dagbag.py:539} INFO - Filling up the DagBag from /home/beau/airflow/py_env/lib/python3.10/site-packages/airflow/example_dags/example_params_trigger_ui.py
[2023-09-27T22:45:30.571-0400] {processor.py:839} INFO - DAG(s) dict_keys(['example_params_trigger_ui']) retrieved from /home/beau/airflow/py_env/lib/python3.10/site-packages/airflow/example_dags/example_params_trigger_ui.py
[2023-09-27T22:45:30.614-0400] {logging_mixin.py:151} INFO - [2023-09-27T22:45:30.614-0400] {dag.py:2915} INFO - Sync 1 DAGs
[2023-09-27T22:45:30.626-0400] {logging_mixin.py:151} INFO - [2023-09-27T22:45:30.626-0400] {dag.py:3696} INFO - Setting next_dagrun for example_params_trigger_ui to None, run_after=None
[2023-09-27T22:45:30.657-0400] {processor.py:179} INFO - Processing /home/beau/airflow/py_env/lib/python3.10/site-packages/airflow/example_dags/example_params_trigger_ui.py took 0.110 seconds
[2023-09-27T22:46:12.249-0400] {processor.py:157} INFO - Started process (PID=14997) to work on /home/beau/airflow/py_env/lib/python3.10/site-packages/airflow/example_dags/example_params_trigger_ui.py
[2023-09-27T22:46:12.253-0400] {processor.py:829} INFO - Processing file /home/beau/airflow/py_env/lib/python3.10/site-packages/airflow/example_dags/example_params_trigger_ui.py for tasks to queue
[2023-09-27T22:46:12.255-0400] {logging_mixin.py:151} INFO - [2023-09-27T22:46:12.254-0400] {dagbag.py:539} INFO - Filling up the DagBag from /home/beau/airflow/py_env/lib/python3.10/site-packages/airflow/example_dags/example_params_trigger_ui.py
[2023-09-27T22:46:12.276-0400] {processor.py:839} INFO - DAG(s) dict_keys(['example_params_trigger_ui']) retrieved from /home/beau/airflow/py_env/lib/python3.10/site-packages/airflow/example_dags/example_params_trigger_ui.py
[2023-09-27T22:46:12.312-0400] {logging_mixin.py:151} INFO - [2023-09-27T22:46:12.312-0400] {dag.py:2915} INFO - Sync 1 DAGs
[2023-09-27T22:46:12.323-0400] {logging_mixin.py:151} INFO - [2023-09-27T22:46:12.323-0400] {dag.py:3696} INFO - Setting next_dagrun for example_params_trigger_ui to None, run_after=None
[2023-09-27T22:46:12.348-0400] {processor.py:179} INFO - Processing /home/beau/airflow/py_env/lib/python3.10/site-packages/airflow/example_dags/example_params_trigger_ui.py took 0.104 seconds
[2023-09-27T22:46:53.683-0400] {processor.py:157} INFO - Started process (PID=15519) to work on /home/beau/airflow/py_env/lib/python3.10/site-packages/airflow/example_dags/example_params_trigger_ui.py
[2023-09-27T22:46:53.686-0400] {processor.py:829} INFO - Processing file /home/beau/airflow/py_env/lib/python3.10/site-packages/airflow/example_dags/example_params_trigger_ui.py for tasks to queue
[2023-09-27T22:46:53.688-0400] {logging_mixin.py:151} INFO - [2023-09-27T22:46:53.687-0400] {dagbag.py:539} INFO - Filling up the DagBag from /home/beau/airflow/py_env/lib/python3.10/site-packages/airflow/example_dags/example_params_trigger_ui.py
[2023-09-27T22:46:53.708-0400] {processor.py:839} INFO - DAG(s) dict_keys(['example_params_trigger_ui']) retrieved from /home/beau/airflow/py_env/lib/python3.10/site-packages/airflow/example_dags/example_params_trigger_ui.py
[2023-09-27T22:46:53.745-0400] {logging_mixin.py:151} INFO - [2023-09-27T22:46:53.745-0400] {dag.py:2915} INFO - Sync 1 DAGs
[2023-09-27T22:46:53.757-0400] {logging_mixin.py:151} INFO - [2023-09-27T22:46:53.756-0400] {dag.py:3696} INFO - Setting next_dagrun for example_params_trigger_ui to None, run_after=None
[2023-09-27T22:46:53.787-0400] {processor.py:179} INFO - Processing /home/beau/airflow/py_env/lib/python3.10/site-packages/airflow/example_dags/example_params_trigger_ui.py took 0.108 seconds
[2023-09-27T22:47:50.784-0400] {processor.py:157} INFO - Started process (PID=16146) to work on /home/beau/airflow/py_env/lib/python3.10/site-packages/airflow/example_dags/example_params_trigger_ui.py
[2023-09-27T22:47:50.788-0400] {processor.py:829} INFO - Processing file /home/beau/airflow/py_env/lib/python3.10/site-packages/airflow/example_dags/example_params_trigger_ui.py for tasks to queue
[2023-09-27T22:47:50.789-0400] {logging_mixin.py:151} INFO - [2023-09-27T22:47:50.789-0400] {dagbag.py:539} INFO - Filling up the DagBag from /home/beau/airflow/py_env/lib/python3.10/site-packages/airflow/example_dags/example_params_trigger_ui.py
[2023-09-27T22:47:50.808-0400] {processor.py:839} INFO - DAG(s) dict_keys(['example_params_trigger_ui']) retrieved from /home/beau/airflow/py_env/lib/python3.10/site-packages/airflow/example_dags/example_params_trigger_ui.py
[2023-09-27T22:47:50.859-0400] {logging_mixin.py:151} INFO - [2023-09-27T22:47:50.859-0400] {dag.py:2915} INFO - Sync 1 DAGs
[2023-09-27T22:47:50.873-0400] {logging_mixin.py:151} INFO - [2023-09-27T22:47:50.873-0400] {dag.py:3696} INFO - Setting next_dagrun for example_params_trigger_ui to None, run_after=None
[2023-09-27T22:47:50.901-0400] {processor.py:179} INFO - Processing /home/beau/airflow/py_env/lib/python3.10/site-packages/airflow/example_dags/example_params_trigger_ui.py took 0.121 seconds
[2023-09-27T22:48:31.842-0400] {processor.py:157} INFO - Started process (PID=16532) to work on /home/beau/airflow/py_env/lib/python3.10/site-packages/airflow/example_dags/example_params_trigger_ui.py
[2023-09-27T22:48:31.846-0400] {processor.py:829} INFO - Processing file /home/beau/airflow/py_env/lib/python3.10/site-packages/airflow/example_dags/example_params_trigger_ui.py for tasks to queue
[2023-09-27T22:48:31.848-0400] {logging_mixin.py:151} INFO - [2023-09-27T22:48:31.847-0400] {dagbag.py:539} INFO - Filling up the DagBag from /home/beau/airflow/py_env/lib/python3.10/site-packages/airflow/example_dags/example_params_trigger_ui.py
[2023-09-27T22:48:31.869-0400] {processor.py:839} INFO - DAG(s) dict_keys(['example_params_trigger_ui']) retrieved from /home/beau/airflow/py_env/lib/python3.10/site-packages/airflow/example_dags/example_params_trigger_ui.py
[2023-09-27T22:48:31.910-0400] {logging_mixin.py:151} INFO - [2023-09-27T22:48:31.909-0400] {dag.py:2915} INFO - Sync 1 DAGs
[2023-09-27T22:48:31.919-0400] {logging_mixin.py:151} INFO - [2023-09-27T22:48:31.919-0400] {dag.py:3696} INFO - Setting next_dagrun for example_params_trigger_ui to None, run_after=None
[2023-09-27T22:48:31.948-0400] {processor.py:179} INFO - Processing /home/beau/airflow/py_env/lib/python3.10/site-packages/airflow/example_dags/example_params_trigger_ui.py took 0.110 seconds
[2023-09-27T22:49:11.079-0400] {processor.py:157} INFO - Started process (PID=16900) to work on /home/beau/airflow/py_env/lib/python3.10/site-packages/airflow/example_dags/example_params_trigger_ui.py
[2023-09-27T22:49:11.083-0400] {processor.py:829} INFO - Processing file /home/beau/airflow/py_env/lib/python3.10/site-packages/airflow/example_dags/example_params_trigger_ui.py for tasks to queue
[2023-09-27T22:49:11.084-0400] {logging_mixin.py:151} INFO - [2023-09-27T22:49:11.083-0400] {dagbag.py:539} INFO - Filling up the DagBag from /home/beau/airflow/py_env/lib/python3.10/site-packages/airflow/example_dags/example_params_trigger_ui.py
[2023-09-27T22:49:11.101-0400] {processor.py:839} INFO - DAG(s) dict_keys(['example_params_trigger_ui']) retrieved from /home/beau/airflow/py_env/lib/python3.10/site-packages/airflow/example_dags/example_params_trigger_ui.py
[2023-09-27T22:49:11.140-0400] {logging_mixin.py:151} INFO - [2023-09-27T22:49:11.139-0400] {dag.py:2915} INFO - Sync 1 DAGs
[2023-09-27T22:49:11.151-0400] {logging_mixin.py:151} INFO - [2023-09-27T22:49:11.151-0400] {dag.py:3696} INFO - Setting next_dagrun for example_params_trigger_ui to None, run_after=None
[2023-09-27T22:49:11.177-0400] {processor.py:179} INFO - Processing /home/beau/airflow/py_env/lib/python3.10/site-packages/airflow/example_dags/example_params_trigger_ui.py took 0.101 seconds
[2023-09-27T22:50:08.089-0400] {processor.py:157} INFO - Started process (PID=17206) to work on /home/beau/airflow/py_env/lib/python3.10/site-packages/airflow/example_dags/example_params_trigger_ui.py
[2023-09-27T22:50:08.093-0400] {processor.py:829} INFO - Processing file /home/beau/airflow/py_env/lib/python3.10/site-packages/airflow/example_dags/example_params_trigger_ui.py for tasks to queue
[2023-09-27T22:50:08.095-0400] {logging_mixin.py:151} INFO - [2023-09-27T22:50:08.094-0400] {dagbag.py:539} INFO - Filling up the DagBag from /home/beau/airflow/py_env/lib/python3.10/site-packages/airflow/example_dags/example_params_trigger_ui.py
[2023-09-27T22:50:08.116-0400] {processor.py:839} INFO - DAG(s) dict_keys(['example_params_trigger_ui']) retrieved from /home/beau/airflow/py_env/lib/python3.10/site-packages/airflow/example_dags/example_params_trigger_ui.py
[2023-09-27T22:50:08.159-0400] {logging_mixin.py:151} INFO - [2023-09-27T22:50:08.159-0400] {dag.py:2915} INFO - Sync 1 DAGs
[2023-09-27T22:50:08.168-0400] {logging_mixin.py:151} INFO - [2023-09-27T22:50:08.168-0400] {dag.py:3696} INFO - Setting next_dagrun for example_params_trigger_ui to None, run_after=None
[2023-09-27T22:50:08.208-0400] {processor.py:179} INFO - Processing /home/beau/airflow/py_env/lib/python3.10/site-packages/airflow/example_dags/example_params_trigger_ui.py took 0.125 seconds
[2023-09-27T22:51:01.188-0400] {processor.py:157} INFO - Started process (PID=17453) to work on /home/beau/airflow/py_env/lib/python3.10/site-packages/airflow/example_dags/example_params_trigger_ui.py
[2023-09-27T22:51:01.192-0400] {processor.py:829} INFO - Processing file /home/beau/airflow/py_env/lib/python3.10/site-packages/airflow/example_dags/example_params_trigger_ui.py for tasks to queue
[2023-09-27T22:51:01.193-0400] {logging_mixin.py:151} INFO - [2023-09-27T22:51:01.193-0400] {dagbag.py:539} INFO - Filling up the DagBag from /home/beau/airflow/py_env/lib/python3.10/site-packages/airflow/example_dags/example_params_trigger_ui.py
[2023-09-27T22:51:01.210-0400] {processor.py:839} INFO - DAG(s) dict_keys(['example_params_trigger_ui']) retrieved from /home/beau/airflow/py_env/lib/python3.10/site-packages/airflow/example_dags/example_params_trigger_ui.py
[2023-09-27T22:51:01.243-0400] {logging_mixin.py:151} INFO - [2023-09-27T22:51:01.243-0400] {dag.py:2915} INFO - Sync 1 DAGs
[2023-09-27T22:51:01.252-0400] {logging_mixin.py:151} INFO - [2023-09-27T22:51:01.252-0400] {dag.py:3696} INFO - Setting next_dagrun for example_params_trigger_ui to None, run_after=None
[2023-09-27T22:51:01.280-0400] {processor.py:179} INFO - Processing /home/beau/airflow/py_env/lib/python3.10/site-packages/airflow/example_dags/example_params_trigger_ui.py took 0.097 seconds
[2023-09-27T22:51:42.767-0400] {processor.py:157} INFO - Started process (PID=17596) to work on /home/beau/airflow/py_env/lib/python3.10/site-packages/airflow/example_dags/example_params_trigger_ui.py
[2023-09-27T22:51:42.771-0400] {processor.py:829} INFO - Processing file /home/beau/airflow/py_env/lib/python3.10/site-packages/airflow/example_dags/example_params_trigger_ui.py for tasks to queue
[2023-09-27T22:51:42.773-0400] {logging_mixin.py:151} INFO - [2023-09-27T22:51:42.772-0400] {dagbag.py:539} INFO - Filling up the DagBag from /home/beau/airflow/py_env/lib/python3.10/site-packages/airflow/example_dags/example_params_trigger_ui.py
[2023-09-27T22:51:42.794-0400] {processor.py:839} INFO - DAG(s) dict_keys(['example_params_trigger_ui']) retrieved from /home/beau/airflow/py_env/lib/python3.10/site-packages/airflow/example_dags/example_params_trigger_ui.py
[2023-09-27T22:51:42.830-0400] {logging_mixin.py:151} INFO - [2023-09-27T22:51:42.830-0400] {dag.py:2915} INFO - Sync 1 DAGs
[2023-09-27T22:51:42.842-0400] {logging_mixin.py:151} INFO - [2023-09-27T22:51:42.842-0400] {dag.py:3696} INFO - Setting next_dagrun for example_params_trigger_ui to None, run_after=None
[2023-09-27T22:51:42.870-0400] {processor.py:179} INFO - Processing /home/beau/airflow/py_env/lib/python3.10/site-packages/airflow/example_dags/example_params_trigger_ui.py took 0.109 seconds
[2023-09-27T22:52:37.142-0400] {processor.py:157} INFO - Started process (PID=17849) to work on /home/beau/airflow/py_env/lib/python3.10/site-packages/airflow/example_dags/example_params_trigger_ui.py
[2023-09-27T22:52:37.146-0400] {processor.py:829} INFO - Processing file /home/beau/airflow/py_env/lib/python3.10/site-packages/airflow/example_dags/example_params_trigger_ui.py for tasks to queue
[2023-09-27T22:52:37.148-0400] {logging_mixin.py:151} INFO - [2023-09-27T22:52:37.147-0400] {dagbag.py:539} INFO - Filling up the DagBag from /home/beau/airflow/py_env/lib/python3.10/site-packages/airflow/example_dags/example_params_trigger_ui.py
[2023-09-27T22:52:37.169-0400] {processor.py:839} INFO - DAG(s) dict_keys(['example_params_trigger_ui']) retrieved from /home/beau/airflow/py_env/lib/python3.10/site-packages/airflow/example_dags/example_params_trigger_ui.py
[2023-09-27T22:52:37.203-0400] {logging_mixin.py:151} INFO - [2023-09-27T22:52:37.202-0400] {dag.py:2915} INFO - Sync 1 DAGs
[2023-09-27T22:52:37.211-0400] {logging_mixin.py:151} INFO - [2023-09-27T22:52:37.211-0400] {dag.py:3696} INFO - Setting next_dagrun for example_params_trigger_ui to None, run_after=None
[2023-09-27T22:52:37.240-0400] {processor.py:179} INFO - Processing /home/beau/airflow/py_env/lib/python3.10/site-packages/airflow/example_dags/example_params_trigger_ui.py took 0.103 seconds
[2023-09-27T22:53:29.203-0400] {processor.py:157} INFO - Started process (PID=18364) to work on /home/beau/airflow/py_env/lib/python3.10/site-packages/airflow/example_dags/example_params_trigger_ui.py
[2023-09-27T22:53:29.207-0400] {processor.py:829} INFO - Processing file /home/beau/airflow/py_env/lib/python3.10/site-packages/airflow/example_dags/example_params_trigger_ui.py for tasks to queue
[2023-09-27T22:53:29.208-0400] {logging_mixin.py:151} INFO - [2023-09-27T22:53:29.207-0400] {dagbag.py:539} INFO - Filling up the DagBag from /home/beau/airflow/py_env/lib/python3.10/site-packages/airflow/example_dags/example_params_trigger_ui.py
[2023-09-27T22:53:29.229-0400] {processor.py:839} INFO - DAG(s) dict_keys(['example_params_trigger_ui']) retrieved from /home/beau/airflow/py_env/lib/python3.10/site-packages/airflow/example_dags/example_params_trigger_ui.py
[2023-09-27T22:53:29.264-0400] {logging_mixin.py:151} INFO - [2023-09-27T22:53:29.264-0400] {dag.py:2915} INFO - Sync 1 DAGs
[2023-09-27T22:53:29.273-0400] {logging_mixin.py:151} INFO - [2023-09-27T22:53:29.273-0400] {dag.py:3696} INFO - Setting next_dagrun for example_params_trigger_ui to None, run_after=None
[2023-09-27T22:53:29.300-0400] {processor.py:179} INFO - Processing /home/beau/airflow/py_env/lib/python3.10/site-packages/airflow/example_dags/example_params_trigger_ui.py took 0.102 seconds
