[2023-09-27T22:33:24.410-0400] {processor.py:157} INFO - Started process (PID=8500) to work on /home/beau/airflow/py_env/lib/python3.10/site-packages/airflow/example_dags/example_kubernetes_executor.py
[2023-09-27T22:33:24.412-0400] {processor.py:829} INFO - Processing file /home/beau/airflow/py_env/lib/python3.10/site-packages/airflow/example_dags/example_kubernetes_executor.py for tasks to queue
[2023-09-27T22:33:24.413-0400] {logging_mixin.py:151} INFO - [2023-09-27T22:33:24.413-0400] {dagbag.py:539} INFO - Filling up the DagBag from /home/beau/airflow/py_env/lib/python3.10/site-packages/airflow/example_dags/example_kubernetes_executor.py
[2023-09-27T22:33:24.437-0400] {processor.py:839} INFO - DAG(s) dict_keys(['example_kubernetes_executor']) retrieved from /home/beau/airflow/py_env/lib/python3.10/site-packages/airflow/example_dags/example_kubernetes_executor.py
[2023-09-27T22:33:24.477-0400] {logging_mixin.py:151} INFO - [2023-09-27T22:33:24.477-0400] {dag.py:2915} INFO - Sync 1 DAGs
[2023-09-27T22:33:24.494-0400] {logging_mixin.py:151} INFO - [2023-09-27T22:33:24.494-0400] {dag.py:3696} INFO - Setting next_dagrun for example_kubernetes_executor to None, run_after=None
[2023-09-27T22:33:24.553-0400] {processor.py:179} INFO - Processing /home/beau/airflow/py_env/lib/python3.10/site-packages/airflow/example_dags/example_kubernetes_executor.py took 0.148 seconds
[2023-09-27T22:34:13.421-0400] {processor.py:157} INFO - Started process (PID=8980) to work on /home/beau/airflow/py_env/lib/python3.10/site-packages/airflow/example_dags/example_kubernetes_executor.py
[2023-09-27T22:34:13.425-0400] {processor.py:829} INFO - Processing file /home/beau/airflow/py_env/lib/python3.10/site-packages/airflow/example_dags/example_kubernetes_executor.py for tasks to queue
[2023-09-27T22:34:13.426-0400] {logging_mixin.py:151} INFO - [2023-09-27T22:34:13.426-0400] {dagbag.py:539} INFO - Filling up the DagBag from /home/beau/airflow/py_env/lib/python3.10/site-packages/airflow/example_dags/example_kubernetes_executor.py
[2023-09-27T22:34:13.437-0400] {processor.py:839} INFO - DAG(s) dict_keys(['example_kubernetes_executor']) retrieved from /home/beau/airflow/py_env/lib/python3.10/site-packages/airflow/example_dags/example_kubernetes_executor.py
[2023-09-27T22:34:13.464-0400] {logging_mixin.py:151} INFO - [2023-09-27T22:34:13.464-0400] {dag.py:2915} INFO - Sync 1 DAGs
[2023-09-27T22:34:13.474-0400] {logging_mixin.py:151} INFO - [2023-09-27T22:34:13.473-0400] {dag.py:3696} INFO - Setting next_dagrun for example_kubernetes_executor to None, run_after=None
[2023-09-27T22:34:13.496-0400] {processor.py:179} INFO - Processing /home/beau/airflow/py_env/lib/python3.10/site-packages/airflow/example_dags/example_kubernetes_executor.py took 0.078 seconds
[2023-09-27T22:35:10.827-0400] {processor.py:157} INFO - Started process (PID=9410) to work on /home/beau/airflow/py_env/lib/python3.10/site-packages/airflow/example_dags/example_kubernetes_executor.py
[2023-09-27T22:35:10.830-0400] {processor.py:829} INFO - Processing file /home/beau/airflow/py_env/lib/python3.10/site-packages/airflow/example_dags/example_kubernetes_executor.py for tasks to queue
[2023-09-27T22:35:10.832-0400] {logging_mixin.py:151} INFO - [2023-09-27T22:35:10.832-0400] {dagbag.py:539} INFO - Filling up the DagBag from /home/beau/airflow/py_env/lib/python3.10/site-packages/airflow/example_dags/example_kubernetes_executor.py
[2023-09-27T22:35:10.862-0400] {processor.py:839} INFO - DAG(s) dict_keys(['example_kubernetes_executor']) retrieved from /home/beau/airflow/py_env/lib/python3.10/site-packages/airflow/example_dags/example_kubernetes_executor.py
[2023-09-27T22:35:10.911-0400] {logging_mixin.py:151} INFO - [2023-09-27T22:35:10.911-0400] {dag.py:2915} INFO - Sync 1 DAGs
[2023-09-27T22:35:11.072-0400] {logging_mixin.py:151} INFO - [2023-09-27T22:35:11.072-0400] {dag.py:3696} INFO - Setting next_dagrun for example_kubernetes_executor to None, run_after=None
[2023-09-27T22:35:11.106-0400] {processor.py:179} INFO - Processing /home/beau/airflow/py_env/lib/python3.10/site-packages/airflow/example_dags/example_kubernetes_executor.py took 0.290 seconds
[2023-09-27T22:36:07.935-0400] {processor.py:157} INFO - Started process (PID=10163) to work on /home/beau/airflow/py_env/lib/python3.10/site-packages/airflow/example_dags/example_kubernetes_executor.py
[2023-09-27T22:36:07.939-0400] {processor.py:829} INFO - Processing file /home/beau/airflow/py_env/lib/python3.10/site-packages/airflow/example_dags/example_kubernetes_executor.py for tasks to queue
[2023-09-27T22:36:07.940-0400] {logging_mixin.py:151} INFO - [2023-09-27T22:36:07.940-0400] {dagbag.py:539} INFO - Filling up the DagBag from /home/beau/airflow/py_env/lib/python3.10/site-packages/airflow/example_dags/example_kubernetes_executor.py
[2023-09-27T22:36:07.957-0400] {processor.py:839} INFO - DAG(s) dict_keys(['example_kubernetes_executor']) retrieved from /home/beau/airflow/py_env/lib/python3.10/site-packages/airflow/example_dags/example_kubernetes_executor.py
[2023-09-27T22:36:08.091-0400] {logging_mixin.py:151} INFO - [2023-09-27T22:36:08.090-0400] {dag.py:2915} INFO - Sync 1 DAGs
[2023-09-27T22:36:08.100-0400] {logging_mixin.py:151} INFO - [2023-09-27T22:36:08.100-0400] {dag.py:3696} INFO - Setting next_dagrun for example_kubernetes_executor to None, run_after=None
[2023-09-27T22:36:08.122-0400] {processor.py:179} INFO - Processing /home/beau/airflow/py_env/lib/python3.10/site-packages/airflow/example_dags/example_kubernetes_executor.py took 0.191 seconds
[2023-09-27T22:36:57.320-0400] {processor.py:157} INFO - Started process (PID=10616) to work on /home/beau/airflow/py_env/lib/python3.10/site-packages/airflow/example_dags/example_kubernetes_executor.py
[2023-09-27T22:36:57.324-0400] {processor.py:829} INFO - Processing file /home/beau/airflow/py_env/lib/python3.10/site-packages/airflow/example_dags/example_kubernetes_executor.py for tasks to queue
[2023-09-27T22:36:57.325-0400] {logging_mixin.py:151} INFO - [2023-09-27T22:36:57.324-0400] {dagbag.py:539} INFO - Filling up the DagBag from /home/beau/airflow/py_env/lib/python3.10/site-packages/airflow/example_dags/example_kubernetes_executor.py
[2023-09-27T22:36:57.346-0400] {processor.py:839} INFO - DAG(s) dict_keys(['example_kubernetes_executor']) retrieved from /home/beau/airflow/py_env/lib/python3.10/site-packages/airflow/example_dags/example_kubernetes_executor.py
[2023-09-27T22:36:57.387-0400] {logging_mixin.py:151} INFO - [2023-09-27T22:36:57.386-0400] {dag.py:2915} INFO - Sync 1 DAGs
[2023-09-27T22:36:57.400-0400] {logging_mixin.py:151} INFO - [2023-09-27T22:36:57.399-0400] {dag.py:3696} INFO - Setting next_dagrun for example_kubernetes_executor to None, run_after=None
[2023-09-27T22:36:57.432-0400] {processor.py:179} INFO - Processing /home/beau/airflow/py_env/lib/python3.10/site-packages/airflow/example_dags/example_kubernetes_executor.py took 0.116 seconds
[2023-09-27T22:37:55.397-0400] {processor.py:157} INFO - Started process (PID=11121) to work on /home/beau/airflow/py_env/lib/python3.10/site-packages/airflow/example_dags/example_kubernetes_executor.py
[2023-09-27T22:37:55.400-0400] {processor.py:829} INFO - Processing file /home/beau/airflow/py_env/lib/python3.10/site-packages/airflow/example_dags/example_kubernetes_executor.py for tasks to queue
[2023-09-27T22:37:55.402-0400] {logging_mixin.py:151} INFO - [2023-09-27T22:37:55.401-0400] {dagbag.py:539} INFO - Filling up the DagBag from /home/beau/airflow/py_env/lib/python3.10/site-packages/airflow/example_dags/example_kubernetes_executor.py
[2023-09-27T22:37:55.419-0400] {processor.py:839} INFO - DAG(s) dict_keys(['example_kubernetes_executor']) retrieved from /home/beau/airflow/py_env/lib/python3.10/site-packages/airflow/example_dags/example_kubernetes_executor.py
[2023-09-27T22:37:55.459-0400] {logging_mixin.py:151} INFO - [2023-09-27T22:37:55.459-0400] {dag.py:2915} INFO - Sync 1 DAGs
[2023-09-27T22:37:55.473-0400] {logging_mixin.py:151} INFO - [2023-09-27T22:37:55.472-0400] {dag.py:3696} INFO - Setting next_dagrun for example_kubernetes_executor to None, run_after=None
[2023-09-27T22:37:55.502-0400] {processor.py:179} INFO - Processing /home/beau/airflow/py_env/lib/python3.10/site-packages/airflow/example_dags/example_kubernetes_executor.py took 0.109 seconds
[2023-09-27T22:38:53.634-0400] {processor.py:157} INFO - Started process (PID=11642) to work on /home/beau/airflow/py_env/lib/python3.10/site-packages/airflow/example_dags/example_kubernetes_executor.py
[2023-09-27T22:38:53.637-0400] {processor.py:829} INFO - Processing file /home/beau/airflow/py_env/lib/python3.10/site-packages/airflow/example_dags/example_kubernetes_executor.py for tasks to queue
[2023-09-27T22:38:53.638-0400] {logging_mixin.py:151} INFO - [2023-09-27T22:38:53.638-0400] {dagbag.py:539} INFO - Filling up the DagBag from /home/beau/airflow/py_env/lib/python3.10/site-packages/airflow/example_dags/example_kubernetes_executor.py
[2023-09-27T22:38:53.650-0400] {processor.py:839} INFO - DAG(s) dict_keys(['example_kubernetes_executor']) retrieved from /home/beau/airflow/py_env/lib/python3.10/site-packages/airflow/example_dags/example_kubernetes_executor.py
[2023-09-27T22:38:53.684-0400] {logging_mixin.py:151} INFO - [2023-09-27T22:38:53.684-0400] {dag.py:2915} INFO - Sync 1 DAGs
[2023-09-27T22:38:53.694-0400] {logging_mixin.py:151} INFO - [2023-09-27T22:38:53.694-0400] {dag.py:3696} INFO - Setting next_dagrun for example_kubernetes_executor to None, run_after=None
[2023-09-27T22:38:53.724-0400] {processor.py:179} INFO - Processing /home/beau/airflow/py_env/lib/python3.10/site-packages/airflow/example_dags/example_kubernetes_executor.py took 0.093 seconds
[2023-09-27T22:39:46.803-0400] {processor.py:157} INFO - Started process (PID=11966) to work on /home/beau/airflow/py_env/lib/python3.10/site-packages/airflow/example_dags/example_kubernetes_executor.py
[2023-09-27T22:39:46.808-0400] {processor.py:829} INFO - Processing file /home/beau/airflow/py_env/lib/python3.10/site-packages/airflow/example_dags/example_kubernetes_executor.py for tasks to queue
[2023-09-27T22:39:46.810-0400] {logging_mixin.py:151} INFO - [2023-09-27T22:39:46.809-0400] {dagbag.py:539} INFO - Filling up the DagBag from /home/beau/airflow/py_env/lib/python3.10/site-packages/airflow/example_dags/example_kubernetes_executor.py
[2023-09-27T22:39:46.830-0400] {processor.py:839} INFO - DAG(s) dict_keys(['example_kubernetes_executor']) retrieved from /home/beau/airflow/py_env/lib/python3.10/site-packages/airflow/example_dags/example_kubernetes_executor.py
[2023-09-27T22:39:46.877-0400] {logging_mixin.py:151} INFO - [2023-09-27T22:39:46.876-0400] {dag.py:2915} INFO - Sync 1 DAGs
[2023-09-27T22:39:46.891-0400] {logging_mixin.py:151} INFO - [2023-09-27T22:39:46.891-0400] {dag.py:3696} INFO - Setting next_dagrun for example_kubernetes_executor to None, run_after=None
[2023-09-27T22:39:46.921-0400] {processor.py:179} INFO - Processing /home/beau/airflow/py_env/lib/python3.10/site-packages/airflow/example_dags/example_kubernetes_executor.py took 0.126 seconds
[2023-09-27T22:40:50.394-0400] {processor.py:157} INFO - Started process (PID=12278) to work on /home/beau/airflow/py_env/lib/python3.10/site-packages/airflow/example_dags/example_kubernetes_executor.py
[2023-09-27T22:40:50.398-0400] {processor.py:829} INFO - Processing file /home/beau/airflow/py_env/lib/python3.10/site-packages/airflow/example_dags/example_kubernetes_executor.py for tasks to queue
[2023-09-27T22:40:50.401-0400] {logging_mixin.py:151} INFO - [2023-09-27T22:40:50.399-0400] {dagbag.py:539} INFO - Filling up the DagBag from /home/beau/airflow/py_env/lib/python3.10/site-packages/airflow/example_dags/example_kubernetes_executor.py
[2023-09-27T22:40:50.417-0400] {processor.py:839} INFO - DAG(s) dict_keys(['example_kubernetes_executor']) retrieved from /home/beau/airflow/py_env/lib/python3.10/site-packages/airflow/example_dags/example_kubernetes_executor.py
[2023-09-27T22:40:50.446-0400] {logging_mixin.py:151} INFO - [2023-09-27T22:40:50.446-0400] {dag.py:2915} INFO - Sync 1 DAGs
[2023-09-27T22:40:50.458-0400] {logging_mixin.py:151} INFO - [2023-09-27T22:40:50.457-0400] {dag.py:3696} INFO - Setting next_dagrun for example_kubernetes_executor to None, run_after=None
[2023-09-27T22:40:50.485-0400] {processor.py:179} INFO - Processing /home/beau/airflow/py_env/lib/python3.10/site-packages/airflow/example_dags/example_kubernetes_executor.py took 0.097 seconds
[2023-09-27T22:41:49.869-0400] {processor.py:157} INFO - Started process (PID=12660) to work on /home/beau/airflow/py_env/lib/python3.10/site-packages/airflow/example_dags/example_kubernetes_executor.py
[2023-09-27T22:41:49.873-0400] {processor.py:829} INFO - Processing file /home/beau/airflow/py_env/lib/python3.10/site-packages/airflow/example_dags/example_kubernetes_executor.py for tasks to queue
[2023-09-27T22:41:49.874-0400] {logging_mixin.py:151} INFO - [2023-09-27T22:41:49.874-0400] {dagbag.py:539} INFO - Filling up the DagBag from /home/beau/airflow/py_env/lib/python3.10/site-packages/airflow/example_dags/example_kubernetes_executor.py
[2023-09-27T22:41:49.887-0400] {processor.py:839} INFO - DAG(s) dict_keys(['example_kubernetes_executor']) retrieved from /home/beau/airflow/py_env/lib/python3.10/site-packages/airflow/example_dags/example_kubernetes_executor.py
[2023-09-27T22:41:49.918-0400] {logging_mixin.py:151} INFO - [2023-09-27T22:41:49.918-0400] {dag.py:2915} INFO - Sync 1 DAGs
[2023-09-27T22:41:49.929-0400] {logging_mixin.py:151} INFO - [2023-09-27T22:41:49.929-0400] {dag.py:3696} INFO - Setting next_dagrun for example_kubernetes_executor to None, run_after=None
[2023-09-27T22:41:49.956-0400] {processor.py:179} INFO - Processing /home/beau/airflow/py_env/lib/python3.10/site-packages/airflow/example_dags/example_kubernetes_executor.py took 0.090 seconds
[2023-09-27T22:42:47.926-0400] {processor.py:157} INFO - Started process (PID=13106) to work on /home/beau/airflow/py_env/lib/python3.10/site-packages/airflow/example_dags/example_kubernetes_executor.py
[2023-09-27T22:42:47.930-0400] {processor.py:829} INFO - Processing file /home/beau/airflow/py_env/lib/python3.10/site-packages/airflow/example_dags/example_kubernetes_executor.py for tasks to queue
[2023-09-27T22:42:47.931-0400] {logging_mixin.py:151} INFO - [2023-09-27T22:42:47.931-0400] {dagbag.py:539} INFO - Filling up the DagBag from /home/beau/airflow/py_env/lib/python3.10/site-packages/airflow/example_dags/example_kubernetes_executor.py
[2023-09-27T22:42:47.949-0400] {processor.py:839} INFO - DAG(s) dict_keys(['example_kubernetes_executor']) retrieved from /home/beau/airflow/py_env/lib/python3.10/site-packages/airflow/example_dags/example_kubernetes_executor.py
[2023-09-27T22:42:47.981-0400] {logging_mixin.py:151} INFO - [2023-09-27T22:42:47.981-0400] {dag.py:2915} INFO - Sync 1 DAGs
[2023-09-27T22:42:47.995-0400] {logging_mixin.py:151} INFO - [2023-09-27T22:42:47.995-0400] {dag.py:3696} INFO - Setting next_dagrun for example_kubernetes_executor to None, run_after=None
[2023-09-27T22:42:48.023-0400] {processor.py:179} INFO - Processing /home/beau/airflow/py_env/lib/python3.10/site-packages/airflow/example_dags/example_kubernetes_executor.py took 0.102 seconds
[2023-09-27T22:43:43.476-0400] {processor.py:157} INFO - Started process (PID=13476) to work on /home/beau/airflow/py_env/lib/python3.10/site-packages/airflow/example_dags/example_kubernetes_executor.py
[2023-09-27T22:43:43.479-0400] {processor.py:829} INFO - Processing file /home/beau/airflow/py_env/lib/python3.10/site-packages/airflow/example_dags/example_kubernetes_executor.py for tasks to queue
[2023-09-27T22:43:43.480-0400] {logging_mixin.py:151} INFO - [2023-09-27T22:43:43.480-0400] {dagbag.py:539} INFO - Filling up the DagBag from /home/beau/airflow/py_env/lib/python3.10/site-packages/airflow/example_dags/example_kubernetes_executor.py
[2023-09-27T22:43:43.506-0400] {processor.py:839} INFO - DAG(s) dict_keys(['example_kubernetes_executor']) retrieved from /home/beau/airflow/py_env/lib/python3.10/site-packages/airflow/example_dags/example_kubernetes_executor.py
[2023-09-27T22:43:43.536-0400] {logging_mixin.py:151} INFO - [2023-09-27T22:43:43.536-0400] {dag.py:2915} INFO - Sync 1 DAGs
[2023-09-27T22:43:43.547-0400] {logging_mixin.py:151} INFO - [2023-09-27T22:43:43.547-0400] {dag.py:3696} INFO - Setting next_dagrun for example_kubernetes_executor to None, run_after=None
[2023-09-27T22:43:43.570-0400] {processor.py:179} INFO - Processing /home/beau/airflow/py_env/lib/python3.10/site-packages/airflow/example_dags/example_kubernetes_executor.py took 0.101 seconds
[2023-09-27T22:44:45.076-0400] {processor.py:157} INFO - Started process (PID=14006) to work on /home/beau/airflow/py_env/lib/python3.10/site-packages/airflow/example_dags/example_kubernetes_executor.py
[2023-09-27T22:44:45.080-0400] {processor.py:829} INFO - Processing file /home/beau/airflow/py_env/lib/python3.10/site-packages/airflow/example_dags/example_kubernetes_executor.py for tasks to queue
[2023-09-27T22:44:45.081-0400] {logging_mixin.py:151} INFO - [2023-09-27T22:44:45.080-0400] {dagbag.py:539} INFO - Filling up the DagBag from /home/beau/airflow/py_env/lib/python3.10/site-packages/airflow/example_dags/example_kubernetes_executor.py
[2023-09-27T22:44:45.093-0400] {processor.py:839} INFO - DAG(s) dict_keys(['example_kubernetes_executor']) retrieved from /home/beau/airflow/py_env/lib/python3.10/site-packages/airflow/example_dags/example_kubernetes_executor.py
[2023-09-27T22:44:45.123-0400] {logging_mixin.py:151} INFO - [2023-09-27T22:44:45.123-0400] {dag.py:2915} INFO - Sync 1 DAGs
[2023-09-27T22:44:45.132-0400] {logging_mixin.py:151} INFO - [2023-09-27T22:44:45.132-0400] {dag.py:3696} INFO - Setting next_dagrun for example_kubernetes_executor to None, run_after=None
[2023-09-27T22:44:45.161-0400] {processor.py:179} INFO - Processing /home/beau/airflow/py_env/lib/python3.10/site-packages/airflow/example_dags/example_kubernetes_executor.py took 0.088 seconds
[2023-09-27T22:45:38.098-0400] {processor.py:157} INFO - Started process (PID=14490) to work on /home/beau/airflow/py_env/lib/python3.10/site-packages/airflow/example_dags/example_kubernetes_executor.py
[2023-09-27T22:45:38.101-0400] {processor.py:829} INFO - Processing file /home/beau/airflow/py_env/lib/python3.10/site-packages/airflow/example_dags/example_kubernetes_executor.py for tasks to queue
[2023-09-27T22:45:38.102-0400] {logging_mixin.py:151} INFO - [2023-09-27T22:45:38.102-0400] {dagbag.py:539} INFO - Filling up the DagBag from /home/beau/airflow/py_env/lib/python3.10/site-packages/airflow/example_dags/example_kubernetes_executor.py
[2023-09-27T22:45:38.127-0400] {processor.py:839} INFO - DAG(s) dict_keys(['example_kubernetes_executor']) retrieved from /home/beau/airflow/py_env/lib/python3.10/site-packages/airflow/example_dags/example_kubernetes_executor.py
[2023-09-27T22:45:38.165-0400] {logging_mixin.py:151} INFO - [2023-09-27T22:45:38.164-0400] {dag.py:2915} INFO - Sync 1 DAGs
[2023-09-27T22:45:38.178-0400] {logging_mixin.py:151} INFO - [2023-09-27T22:45:38.178-0400] {dag.py:3696} INFO - Setting next_dagrun for example_kubernetes_executor to None, run_after=None
[2023-09-27T22:45:38.206-0400] {processor.py:179} INFO - Processing /home/beau/airflow/py_env/lib/python3.10/site-packages/airflow/example_dags/example_kubernetes_executor.py took 0.112 seconds
[2023-09-27T22:46:39.645-0400] {processor.py:157} INFO - Started process (PID=15318) to work on /home/beau/airflow/py_env/lib/python3.10/site-packages/airflow/example_dags/example_kubernetes_executor.py
[2023-09-27T22:46:39.647-0400] {processor.py:829} INFO - Processing file /home/beau/airflow/py_env/lib/python3.10/site-packages/airflow/example_dags/example_kubernetes_executor.py for tasks to queue
[2023-09-27T22:46:39.648-0400] {logging_mixin.py:151} INFO - [2023-09-27T22:46:39.647-0400] {dagbag.py:539} INFO - Filling up the DagBag from /home/beau/airflow/py_env/lib/python3.10/site-packages/airflow/example_dags/example_kubernetes_executor.py
[2023-09-27T22:46:39.661-0400] {processor.py:839} INFO - DAG(s) dict_keys(['example_kubernetes_executor']) retrieved from /home/beau/airflow/py_env/lib/python3.10/site-packages/airflow/example_dags/example_kubernetes_executor.py
[2023-09-27T22:46:39.700-0400] {logging_mixin.py:151} INFO - [2023-09-27T22:46:39.699-0400] {dag.py:2915} INFO - Sync 1 DAGs
[2023-09-27T22:46:39.712-0400] {logging_mixin.py:151} INFO - [2023-09-27T22:46:39.711-0400] {dag.py:3696} INFO - Setting next_dagrun for example_kubernetes_executor to None, run_after=None
[2023-09-27T22:46:39.741-0400] {processor.py:179} INFO - Processing /home/beau/airflow/py_env/lib/python3.10/site-packages/airflow/example_dags/example_kubernetes_executor.py took 0.100 seconds
[2023-09-27T22:47:39.822-0400] {processor.py:157} INFO - Started process (PID=15975) to work on /home/beau/airflow/py_env/lib/python3.10/site-packages/airflow/example_dags/example_kubernetes_executor.py
[2023-09-27T22:47:39.826-0400] {processor.py:829} INFO - Processing file /home/beau/airflow/py_env/lib/python3.10/site-packages/airflow/example_dags/example_kubernetes_executor.py for tasks to queue
[2023-09-27T22:47:39.828-0400] {logging_mixin.py:151} INFO - [2023-09-27T22:47:39.827-0400] {dagbag.py:539} INFO - Filling up the DagBag from /home/beau/airflow/py_env/lib/python3.10/site-packages/airflow/example_dags/example_kubernetes_executor.py
[2023-09-27T22:47:39.848-0400] {processor.py:839} INFO - DAG(s) dict_keys(['example_kubernetes_executor']) retrieved from /home/beau/airflow/py_env/lib/python3.10/site-packages/airflow/example_dags/example_kubernetes_executor.py
[2023-09-27T22:47:39.879-0400] {logging_mixin.py:151} INFO - [2023-09-27T22:47:39.878-0400] {dag.py:2915} INFO - Sync 1 DAGs
[2023-09-27T22:47:39.888-0400] {logging_mixin.py:151} INFO - [2023-09-27T22:47:39.888-0400] {dag.py:3696} INFO - Setting next_dagrun for example_kubernetes_executor to None, run_after=None
[2023-09-27T22:47:39.916-0400] {processor.py:179} INFO - Processing /home/beau/airflow/py_env/lib/python3.10/site-packages/airflow/example_dags/example_kubernetes_executor.py took 0.099 seconds
[2023-09-27T22:48:39.806-0400] {processor.py:157} INFO - Started process (PID=16581) to work on /home/beau/airflow/py_env/lib/python3.10/site-packages/airflow/example_dags/example_kubernetes_executor.py
[2023-09-27T22:48:39.810-0400] {processor.py:829} INFO - Processing file /home/beau/airflow/py_env/lib/python3.10/site-packages/airflow/example_dags/example_kubernetes_executor.py for tasks to queue
[2023-09-27T22:48:39.811-0400] {logging_mixin.py:151} INFO - [2023-09-27T22:48:39.811-0400] {dagbag.py:539} INFO - Filling up the DagBag from /home/beau/airflow/py_env/lib/python3.10/site-packages/airflow/example_dags/example_kubernetes_executor.py
[2023-09-27T22:48:39.825-0400] {processor.py:839} INFO - DAG(s) dict_keys(['example_kubernetes_executor']) retrieved from /home/beau/airflow/py_env/lib/python3.10/site-packages/airflow/example_dags/example_kubernetes_executor.py
[2023-09-27T22:48:39.857-0400] {logging_mixin.py:151} INFO - [2023-09-27T22:48:39.857-0400] {dag.py:2915} INFO - Sync 1 DAGs
[2023-09-27T22:48:39.869-0400] {logging_mixin.py:151} INFO - [2023-09-27T22:48:39.868-0400] {dag.py:3696} INFO - Setting next_dagrun for example_kubernetes_executor to None, run_after=None
[2023-09-27T22:48:39.900-0400] {processor.py:179} INFO - Processing /home/beau/airflow/py_env/lib/python3.10/site-packages/airflow/example_dags/example_kubernetes_executor.py took 0.098 seconds
[2023-09-27T22:49:36.808-0400] {processor.py:157} INFO - Started process (PID=17038) to work on /home/beau/airflow/py_env/lib/python3.10/site-packages/airflow/example_dags/example_kubernetes_executor.py
[2023-09-27T22:49:36.812-0400] {processor.py:829} INFO - Processing file /home/beau/airflow/py_env/lib/python3.10/site-packages/airflow/example_dags/example_kubernetes_executor.py for tasks to queue
[2023-09-27T22:49:36.814-0400] {logging_mixin.py:151} INFO - [2023-09-27T22:49:36.814-0400] {dagbag.py:539} INFO - Filling up the DagBag from /home/beau/airflow/py_env/lib/python3.10/site-packages/airflow/example_dags/example_kubernetes_executor.py
[2023-09-27T22:49:36.830-0400] {processor.py:839} INFO - DAG(s) dict_keys(['example_kubernetes_executor']) retrieved from /home/beau/airflow/py_env/lib/python3.10/site-packages/airflow/example_dags/example_kubernetes_executor.py
[2023-09-27T22:49:36.863-0400] {logging_mixin.py:151} INFO - [2023-09-27T22:49:36.863-0400] {dag.py:2915} INFO - Sync 1 DAGs
[2023-09-27T22:49:36.873-0400] {logging_mixin.py:151} INFO - [2023-09-27T22:49:36.873-0400] {dag.py:3696} INFO - Setting next_dagrun for example_kubernetes_executor to None, run_after=None
[2023-09-27T22:49:36.902-0400] {processor.py:179} INFO - Processing /home/beau/airflow/py_env/lib/python3.10/site-packages/airflow/example_dags/example_kubernetes_executor.py took 0.100 seconds
[2023-09-27T22:50:34.037-0400] {processor.py:157} INFO - Started process (PID=17299) to work on /home/beau/airflow/py_env/lib/python3.10/site-packages/airflow/example_dags/example_kubernetes_executor.py
[2023-09-27T22:50:34.042-0400] {processor.py:829} INFO - Processing file /home/beau/airflow/py_env/lib/python3.10/site-packages/airflow/example_dags/example_kubernetes_executor.py for tasks to queue
[2023-09-27T22:50:34.043-0400] {logging_mixin.py:151} INFO - [2023-09-27T22:50:34.043-0400] {dagbag.py:539} INFO - Filling up the DagBag from /home/beau/airflow/py_env/lib/python3.10/site-packages/airflow/example_dags/example_kubernetes_executor.py
[2023-09-27T22:50:34.066-0400] {processor.py:839} INFO - DAG(s) dict_keys(['example_kubernetes_executor']) retrieved from /home/beau/airflow/py_env/lib/python3.10/site-packages/airflow/example_dags/example_kubernetes_executor.py
[2023-09-27T22:50:34.098-0400] {logging_mixin.py:151} INFO - [2023-09-27T22:50:34.098-0400] {dag.py:2915} INFO - Sync 1 DAGs
[2023-09-27T22:50:34.107-0400] {logging_mixin.py:151} INFO - [2023-09-27T22:50:34.107-0400] {dag.py:3696} INFO - Setting next_dagrun for example_kubernetes_executor to None, run_after=None
[2023-09-27T22:50:34.131-0400] {processor.py:179} INFO - Processing /home/beau/airflow/py_env/lib/python3.10/site-packages/airflow/example_dags/example_kubernetes_executor.py took 0.103 seconds
[2023-09-27T22:51:27.927-0400] {processor.py:157} INFO - Started process (PID=17546) to work on /home/beau/airflow/py_env/lib/python3.10/site-packages/airflow/example_dags/example_kubernetes_executor.py
[2023-09-27T22:51:27.931-0400] {processor.py:829} INFO - Processing file /home/beau/airflow/py_env/lib/python3.10/site-packages/airflow/example_dags/example_kubernetes_executor.py for tasks to queue
[2023-09-27T22:51:27.932-0400] {logging_mixin.py:151} INFO - [2023-09-27T22:51:27.932-0400] {dagbag.py:539} INFO - Filling up the DagBag from /home/beau/airflow/py_env/lib/python3.10/site-packages/airflow/example_dags/example_kubernetes_executor.py
[2023-09-27T22:51:27.943-0400] {processor.py:839} INFO - DAG(s) dict_keys(['example_kubernetes_executor']) retrieved from /home/beau/airflow/py_env/lib/python3.10/site-packages/airflow/example_dags/example_kubernetes_executor.py
[2023-09-27T22:51:27.969-0400] {logging_mixin.py:151} INFO - [2023-09-27T22:51:27.969-0400] {dag.py:2915} INFO - Sync 1 DAGs
[2023-09-27T22:51:27.979-0400] {logging_mixin.py:151} INFO - [2023-09-27T22:51:27.979-0400] {dag.py:3696} INFO - Setting next_dagrun for example_kubernetes_executor to None, run_after=None
[2023-09-27T22:51:28.005-0400] {processor.py:179} INFO - Processing /home/beau/airflow/py_env/lib/python3.10/site-packages/airflow/example_dags/example_kubernetes_executor.py took 0.081 seconds
[2023-09-27T22:52:25.080-0400] {processor.py:157} INFO - Started process (PID=17806) to work on /home/beau/airflow/py_env/lib/python3.10/site-packages/airflow/example_dags/example_kubernetes_executor.py
[2023-09-27T22:52:25.084-0400] {processor.py:829} INFO - Processing file /home/beau/airflow/py_env/lib/python3.10/site-packages/airflow/example_dags/example_kubernetes_executor.py for tasks to queue
[2023-09-27T22:52:25.085-0400] {logging_mixin.py:151} INFO - [2023-09-27T22:52:25.085-0400] {dagbag.py:539} INFO - Filling up the DagBag from /home/beau/airflow/py_env/lib/python3.10/site-packages/airflow/example_dags/example_kubernetes_executor.py
[2023-09-27T22:52:25.099-0400] {processor.py:839} INFO - DAG(s) dict_keys(['example_kubernetes_executor']) retrieved from /home/beau/airflow/py_env/lib/python3.10/site-packages/airflow/example_dags/example_kubernetes_executor.py
[2023-09-27T22:52:25.124-0400] {logging_mixin.py:151} INFO - [2023-09-27T22:52:25.124-0400] {dag.py:2915} INFO - Sync 1 DAGs
[2023-09-27T22:52:25.133-0400] {logging_mixin.py:151} INFO - [2023-09-27T22:52:25.133-0400] {dag.py:3696} INFO - Setting next_dagrun for example_kubernetes_executor to None, run_after=None
[2023-09-27T22:52:25.156-0400] {processor.py:179} INFO - Processing /home/beau/airflow/py_env/lib/python3.10/site-packages/airflow/example_dags/example_kubernetes_executor.py took 0.081 seconds
[2023-09-27T22:53:16.984-0400] {processor.py:157} INFO - Started process (PID=18252) to work on /home/beau/airflow/py_env/lib/python3.10/site-packages/airflow/example_dags/example_kubernetes_executor.py
[2023-09-27T22:53:16.988-0400] {processor.py:829} INFO - Processing file /home/beau/airflow/py_env/lib/python3.10/site-packages/airflow/example_dags/example_kubernetes_executor.py for tasks to queue
[2023-09-27T22:53:16.990-0400] {logging_mixin.py:151} INFO - [2023-09-27T22:53:16.990-0400] {dagbag.py:539} INFO - Filling up the DagBag from /home/beau/airflow/py_env/lib/python3.10/site-packages/airflow/example_dags/example_kubernetes_executor.py
[2023-09-27T22:53:17.011-0400] {processor.py:839} INFO - DAG(s) dict_keys(['example_kubernetes_executor']) retrieved from /home/beau/airflow/py_env/lib/python3.10/site-packages/airflow/example_dags/example_kubernetes_executor.py
[2023-09-27T22:53:17.041-0400] {logging_mixin.py:151} INFO - [2023-09-27T22:53:17.041-0400] {dag.py:2915} INFO - Sync 1 DAGs
[2023-09-27T22:53:17.053-0400] {logging_mixin.py:151} INFO - [2023-09-27T22:53:17.052-0400] {dag.py:3696} INFO - Setting next_dagrun for example_kubernetes_executor to None, run_after=None
[2023-09-27T22:53:17.083-0400] {processor.py:179} INFO - Processing /home/beau/airflow/py_env/lib/python3.10/site-packages/airflow/example_dags/example_kubernetes_executor.py took 0.106 seconds
[2023-09-27T22:54:09.446-0400] {processor.py:157} INFO - Started process (PID=18699) to work on /home/beau/airflow/py_env/lib/python3.10/site-packages/airflow/example_dags/example_kubernetes_executor.py
[2023-09-27T22:54:09.450-0400] {processor.py:829} INFO - Processing file /home/beau/airflow/py_env/lib/python3.10/site-packages/airflow/example_dags/example_kubernetes_executor.py for tasks to queue
[2023-09-27T22:54:09.452-0400] {logging_mixin.py:151} INFO - [2023-09-27T22:54:09.451-0400] {dagbag.py:539} INFO - Filling up the DagBag from /home/beau/airflow/py_env/lib/python3.10/site-packages/airflow/example_dags/example_kubernetes_executor.py
[2023-09-27T22:54:09.470-0400] {processor.py:839} INFO - DAG(s) dict_keys(['example_kubernetes_executor']) retrieved from /home/beau/airflow/py_env/lib/python3.10/site-packages/airflow/example_dags/example_kubernetes_executor.py
[2023-09-27T22:54:09.497-0400] {logging_mixin.py:151} INFO - [2023-09-27T22:54:09.496-0400] {dag.py:2915} INFO - Sync 1 DAGs
[2023-09-27T22:54:09.507-0400] {logging_mixin.py:151} INFO - [2023-09-27T22:54:09.507-0400] {dag.py:3696} INFO - Setting next_dagrun for example_kubernetes_executor to None, run_after=None
[2023-09-27T22:54:09.532-0400] {processor.py:179} INFO - Processing /home/beau/airflow/py_env/lib/python3.10/site-packages/airflow/example_dags/example_kubernetes_executor.py took 0.092 seconds
[2023-09-27T22:55:04.587-0400] {processor.py:157} INFO - Started process (PID=19327) to work on /home/beau/airflow/py_env/lib/python3.10/site-packages/airflow/example_dags/example_kubernetes_executor.py
[2023-09-27T22:55:04.588-0400] {processor.py:829} INFO - Processing file /home/beau/airflow/py_env/lib/python3.10/site-packages/airflow/example_dags/example_kubernetes_executor.py for tasks to queue
[2023-09-27T22:55:04.590-0400] {logging_mixin.py:151} INFO - [2023-09-27T22:55:04.589-0400] {dagbag.py:539} INFO - Filling up the DagBag from /home/beau/airflow/py_env/lib/python3.10/site-packages/airflow/example_dags/example_kubernetes_executor.py
[2023-09-27T22:55:04.602-0400] {processor.py:839} INFO - DAG(s) dict_keys(['example_kubernetes_executor']) retrieved from /home/beau/airflow/py_env/lib/python3.10/site-packages/airflow/example_dags/example_kubernetes_executor.py
[2023-09-27T22:55:04.633-0400] {logging_mixin.py:151} INFO - [2023-09-27T22:55:04.633-0400] {dag.py:2915} INFO - Sync 1 DAGs
[2023-09-27T22:55:04.643-0400] {logging_mixin.py:151} INFO - [2023-09-27T22:55:04.643-0400] {dag.py:3696} INFO - Setting next_dagrun for example_kubernetes_executor to None, run_after=None
[2023-09-27T22:55:04.674-0400] {processor.py:179} INFO - Processing /home/beau/airflow/py_env/lib/python3.10/site-packages/airflow/example_dags/example_kubernetes_executor.py took 0.092 seconds
[2023-09-27T22:56:03.107-0400] {processor.py:157} INFO - Started process (PID=19733) to work on /home/beau/airflow/py_env/lib/python3.10/site-packages/airflow/example_dags/example_kubernetes_executor.py
[2023-09-27T22:56:03.112-0400] {processor.py:829} INFO - Processing file /home/beau/airflow/py_env/lib/python3.10/site-packages/airflow/example_dags/example_kubernetes_executor.py for tasks to queue
[2023-09-27T22:56:03.114-0400] {logging_mixin.py:151} INFO - [2023-09-27T22:56:03.113-0400] {dagbag.py:539} INFO - Filling up the DagBag from /home/beau/airflow/py_env/lib/python3.10/site-packages/airflow/example_dags/example_kubernetes_executor.py
[2023-09-27T22:56:03.136-0400] {processor.py:839} INFO - DAG(s) dict_keys(['example_kubernetes_executor']) retrieved from /home/beau/airflow/py_env/lib/python3.10/site-packages/airflow/example_dags/example_kubernetes_executor.py
[2023-09-27T22:56:03.166-0400] {logging_mixin.py:151} INFO - [2023-09-27T22:56:03.166-0400] {dag.py:2915} INFO - Sync 1 DAGs
[2023-09-27T22:56:03.176-0400] {logging_mixin.py:151} INFO - [2023-09-27T22:56:03.176-0400] {dag.py:3696} INFO - Setting next_dagrun for example_kubernetes_executor to None, run_after=None
[2023-09-27T22:56:03.203-0400] {processor.py:179} INFO - Processing /home/beau/airflow/py_env/lib/python3.10/site-packages/airflow/example_dags/example_kubernetes_executor.py took 0.105 seconds
[2023-09-27T22:56:55.207-0400] {processor.py:157} INFO - Started process (PID=20357) to work on /home/beau/airflow/py_env/lib/python3.10/site-packages/airflow/example_dags/example_kubernetes_executor.py
[2023-09-27T22:56:55.211-0400] {processor.py:829} INFO - Processing file /home/beau/airflow/py_env/lib/python3.10/site-packages/airflow/example_dags/example_kubernetes_executor.py for tasks to queue
[2023-09-27T22:56:55.213-0400] {logging_mixin.py:151} INFO - [2023-09-27T22:56:55.212-0400] {dagbag.py:539} INFO - Filling up the DagBag from /home/beau/airflow/py_env/lib/python3.10/site-packages/airflow/example_dags/example_kubernetes_executor.py
[2023-09-27T22:56:55.226-0400] {processor.py:839} INFO - DAG(s) dict_keys(['example_kubernetes_executor']) retrieved from /home/beau/airflow/py_env/lib/python3.10/site-packages/airflow/example_dags/example_kubernetes_executor.py
[2023-09-27T22:56:55.255-0400] {logging_mixin.py:151} INFO - [2023-09-27T22:56:55.255-0400] {dag.py:2915} INFO - Sync 1 DAGs
[2023-09-27T22:56:55.267-0400] {logging_mixin.py:151} INFO - [2023-09-27T22:56:55.267-0400] {dag.py:3696} INFO - Setting next_dagrun for example_kubernetes_executor to None, run_after=None
[2023-09-27T22:56:55.297-0400] {processor.py:179} INFO - Processing /home/beau/airflow/py_env/lib/python3.10/site-packages/airflow/example_dags/example_kubernetes_executor.py took 0.096 seconds
[2023-09-27T22:57:46.270-0400] {processor.py:157} INFO - Started process (PID=20764) to work on /home/beau/airflow/py_env/lib/python3.10/site-packages/airflow/example_dags/example_kubernetes_executor.py
[2023-09-27T22:57:46.275-0400] {processor.py:829} INFO - Processing file /home/beau/airflow/py_env/lib/python3.10/site-packages/airflow/example_dags/example_kubernetes_executor.py for tasks to queue
[2023-09-27T22:57:46.278-0400] {logging_mixin.py:151} INFO - [2023-09-27T22:57:46.277-0400] {dagbag.py:539} INFO - Filling up the DagBag from /home/beau/airflow/py_env/lib/python3.10/site-packages/airflow/example_dags/example_kubernetes_executor.py
[2023-09-27T22:57:46.299-0400] {processor.py:839} INFO - DAG(s) dict_keys(['example_kubernetes_executor']) retrieved from /home/beau/airflow/py_env/lib/python3.10/site-packages/airflow/example_dags/example_kubernetes_executor.py
[2023-09-27T22:57:46.344-0400] {logging_mixin.py:151} INFO - [2023-09-27T22:57:46.344-0400] {dag.py:2915} INFO - Sync 1 DAGs
[2023-09-27T22:57:46.358-0400] {logging_mixin.py:151} INFO - [2023-09-27T22:57:46.358-0400] {dag.py:3696} INFO - Setting next_dagrun for example_kubernetes_executor to None, run_after=None
[2023-09-27T22:57:46.398-0400] {processor.py:179} INFO - Processing /home/beau/airflow/py_env/lib/python3.10/site-packages/airflow/example_dags/example_kubernetes_executor.py took 0.136 seconds
[2023-09-27T22:58:38.248-0400] {processor.py:157} INFO - Started process (PID=21317) to work on /home/beau/airflow/py_env/lib/python3.10/site-packages/airflow/example_dags/example_kubernetes_executor.py
[2023-09-27T22:58:38.253-0400] {processor.py:829} INFO - Processing file /home/beau/airflow/py_env/lib/python3.10/site-packages/airflow/example_dags/example_kubernetes_executor.py for tasks to queue
[2023-09-27T22:58:38.254-0400] {logging_mixin.py:151} INFO - [2023-09-27T22:58:38.254-0400] {dagbag.py:539} INFO - Filling up the DagBag from /home/beau/airflow/py_env/lib/python3.10/site-packages/airflow/example_dags/example_kubernetes_executor.py
[2023-09-27T22:58:38.277-0400] {processor.py:839} INFO - DAG(s) dict_keys(['example_kubernetes_executor']) retrieved from /home/beau/airflow/py_env/lib/python3.10/site-packages/airflow/example_dags/example_kubernetes_executor.py
[2023-09-27T22:58:38.313-0400] {logging_mixin.py:151} INFO - [2023-09-27T22:58:38.312-0400] {dag.py:2915} INFO - Sync 1 DAGs
[2023-09-27T22:58:38.321-0400] {logging_mixin.py:151} INFO - [2023-09-27T22:58:38.321-0400] {dag.py:3696} INFO - Setting next_dagrun for example_kubernetes_executor to None, run_after=None
[2023-09-27T22:58:38.349-0400] {processor.py:179} INFO - Processing /home/beau/airflow/py_env/lib/python3.10/site-packages/airflow/example_dags/example_kubernetes_executor.py took 0.107 seconds
[2023-09-27T22:59:33.066-0400] {processor.py:157} INFO - Started process (PID=21726) to work on /home/beau/airflow/py_env/lib/python3.10/site-packages/airflow/example_dags/example_kubernetes_executor.py
[2023-09-27T22:59:33.069-0400] {processor.py:829} INFO - Processing file /home/beau/airflow/py_env/lib/python3.10/site-packages/airflow/example_dags/example_kubernetes_executor.py for tasks to queue
[2023-09-27T22:59:33.070-0400] {logging_mixin.py:151} INFO - [2023-09-27T22:59:33.070-0400] {dagbag.py:539} INFO - Filling up the DagBag from /home/beau/airflow/py_env/lib/python3.10/site-packages/airflow/example_dags/example_kubernetes_executor.py
[2023-09-27T22:59:33.092-0400] {processor.py:839} INFO - DAG(s) dict_keys(['example_kubernetes_executor']) retrieved from /home/beau/airflow/py_env/lib/python3.10/site-packages/airflow/example_dags/example_kubernetes_executor.py
[2023-09-27T22:59:33.124-0400] {logging_mixin.py:151} INFO - [2023-09-27T22:59:33.124-0400] {dag.py:2915} INFO - Sync 1 DAGs
[2023-09-27T22:59:33.137-0400] {logging_mixin.py:151} INFO - [2023-09-27T22:59:33.137-0400] {dag.py:3696} INFO - Setting next_dagrun for example_kubernetes_executor to None, run_after=None
[2023-09-27T22:59:33.160-0400] {processor.py:179} INFO - Processing /home/beau/airflow/py_env/lib/python3.10/site-packages/airflow/example_dags/example_kubernetes_executor.py took 0.100 seconds
[2023-09-27T23:00:27.872-0400] {processor.py:157} INFO - Started process (PID=21978) to work on /home/beau/airflow/py_env/lib/python3.10/site-packages/airflow/example_dags/example_kubernetes_executor.py
[2023-09-27T23:00:27.876-0400] {processor.py:829} INFO - Processing file /home/beau/airflow/py_env/lib/python3.10/site-packages/airflow/example_dags/example_kubernetes_executor.py for tasks to queue
[2023-09-27T23:00:27.877-0400] {logging_mixin.py:151} INFO - [2023-09-27T23:00:27.876-0400] {dagbag.py:539} INFO - Filling up the DagBag from /home/beau/airflow/py_env/lib/python3.10/site-packages/airflow/example_dags/example_kubernetes_executor.py
[2023-09-27T23:00:27.888-0400] {processor.py:839} INFO - DAG(s) dict_keys(['example_kubernetes_executor']) retrieved from /home/beau/airflow/py_env/lib/python3.10/site-packages/airflow/example_dags/example_kubernetes_executor.py
[2023-09-27T23:00:27.914-0400] {logging_mixin.py:151} INFO - [2023-09-27T23:00:27.914-0400] {dag.py:2915} INFO - Sync 1 DAGs
[2023-09-27T23:00:27.923-0400] {logging_mixin.py:151} INFO - [2023-09-27T23:00:27.923-0400] {dag.py:3696} INFO - Setting next_dagrun for example_kubernetes_executor to None, run_after=None
[2023-09-27T23:00:27.946-0400] {processor.py:179} INFO - Processing /home/beau/airflow/py_env/lib/python3.10/site-packages/airflow/example_dags/example_kubernetes_executor.py took 0.076 seconds
[2023-09-27T23:01:19.412-0400] {processor.py:157} INFO - Started process (PID=22217) to work on /home/beau/airflow/py_env/lib/python3.10/site-packages/airflow/example_dags/example_kubernetes_executor.py
[2023-09-27T23:01:19.415-0400] {processor.py:829} INFO - Processing file /home/beau/airflow/py_env/lib/python3.10/site-packages/airflow/example_dags/example_kubernetes_executor.py for tasks to queue
[2023-09-27T23:01:19.417-0400] {logging_mixin.py:151} INFO - [2023-09-27T23:01:19.417-0400] {dagbag.py:539} INFO - Filling up the DagBag from /home/beau/airflow/py_env/lib/python3.10/site-packages/airflow/example_dags/example_kubernetes_executor.py
[2023-09-27T23:01:19.441-0400] {processor.py:839} INFO - DAG(s) dict_keys(['example_kubernetes_executor']) retrieved from /home/beau/airflow/py_env/lib/python3.10/site-packages/airflow/example_dags/example_kubernetes_executor.py
[2023-09-27T23:01:19.468-0400] {logging_mixin.py:151} INFO - [2023-09-27T23:01:19.468-0400] {dag.py:2915} INFO - Sync 1 DAGs
[2023-09-27T23:01:19.482-0400] {logging_mixin.py:151} INFO - [2023-09-27T23:01:19.482-0400] {dag.py:3696} INFO - Setting next_dagrun for example_kubernetes_executor to None, run_after=None
[2023-09-27T23:01:19.506-0400] {processor.py:179} INFO - Processing /home/beau/airflow/py_env/lib/python3.10/site-packages/airflow/example_dags/example_kubernetes_executor.py took 0.097 seconds
[2023-09-27T23:02:13.702-0400] {processor.py:157} INFO - Started process (PID=22469) to work on /home/beau/airflow/py_env/lib/python3.10/site-packages/airflow/example_dags/example_kubernetes_executor.py
[2023-09-27T23:02:13.707-0400] {processor.py:829} INFO - Processing file /home/beau/airflow/py_env/lib/python3.10/site-packages/airflow/example_dags/example_kubernetes_executor.py for tasks to queue
[2023-09-27T23:02:13.708-0400] {logging_mixin.py:151} INFO - [2023-09-27T23:02:13.708-0400] {dagbag.py:539} INFO - Filling up the DagBag from /home/beau/airflow/py_env/lib/python3.10/site-packages/airflow/example_dags/example_kubernetes_executor.py
[2023-09-27T23:02:13.730-0400] {processor.py:839} INFO - DAG(s) dict_keys(['example_kubernetes_executor']) retrieved from /home/beau/airflow/py_env/lib/python3.10/site-packages/airflow/example_dags/example_kubernetes_executor.py
[2023-09-27T23:02:13.764-0400] {logging_mixin.py:151} INFO - [2023-09-27T23:02:13.764-0400] {dag.py:2915} INFO - Sync 1 DAGs
[2023-09-27T23:02:13.774-0400] {logging_mixin.py:151} INFO - [2023-09-27T23:02:13.774-0400] {dag.py:3696} INFO - Setting next_dagrun for example_kubernetes_executor to None, run_after=None
[2023-09-27T23:02:13.799-0400] {processor.py:179} INFO - Processing /home/beau/airflow/py_env/lib/python3.10/site-packages/airflow/example_dags/example_kubernetes_executor.py took 0.102 seconds
[2023-09-27T23:03:02.802-0400] {processor.py:157} INFO - Started process (PID=22763) to work on /home/beau/airflow/py_env/lib/python3.10/site-packages/airflow/example_dags/example_kubernetes_executor.py
[2023-09-27T23:03:02.807-0400] {processor.py:829} INFO - Processing file /home/beau/airflow/py_env/lib/python3.10/site-packages/airflow/example_dags/example_kubernetes_executor.py for tasks to queue
[2023-09-27T23:03:02.809-0400] {logging_mixin.py:151} INFO - [2023-09-27T23:03:02.808-0400] {dagbag.py:539} INFO - Filling up the DagBag from /home/beau/airflow/py_env/lib/python3.10/site-packages/airflow/example_dags/example_kubernetes_executor.py
[2023-09-27T23:03:02.829-0400] {processor.py:839} INFO - DAG(s) dict_keys(['example_kubernetes_executor']) retrieved from /home/beau/airflow/py_env/lib/python3.10/site-packages/airflow/example_dags/example_kubernetes_executor.py
[2023-09-27T23:03:02.856-0400] {logging_mixin.py:151} INFO - [2023-09-27T23:03:02.856-0400] {dag.py:2915} INFO - Sync 1 DAGs
[2023-09-27T23:03:02.866-0400] {logging_mixin.py:151} INFO - [2023-09-27T23:03:02.866-0400] {dag.py:3696} INFO - Setting next_dagrun for example_kubernetes_executor to None, run_after=None
[2023-09-27T23:03:02.895-0400] {processor.py:179} INFO - Processing /home/beau/airflow/py_env/lib/python3.10/site-packages/airflow/example_dags/example_kubernetes_executor.py took 0.099 seconds
[2023-09-27T23:03:52.558-0400] {processor.py:157} INFO - Started process (PID=23119) to work on /home/beau/airflow/py_env/lib/python3.10/site-packages/airflow/example_dags/example_kubernetes_executor.py
[2023-09-27T23:03:52.562-0400] {processor.py:829} INFO - Processing file /home/beau/airflow/py_env/lib/python3.10/site-packages/airflow/example_dags/example_kubernetes_executor.py for tasks to queue
[2023-09-27T23:03:52.564-0400] {logging_mixin.py:151} INFO - [2023-09-27T23:03:52.563-0400] {dagbag.py:539} INFO - Filling up the DagBag from /home/beau/airflow/py_env/lib/python3.10/site-packages/airflow/example_dags/example_kubernetes_executor.py
[2023-09-27T23:03:52.585-0400] {processor.py:839} INFO - DAG(s) dict_keys(['example_kubernetes_executor']) retrieved from /home/beau/airflow/py_env/lib/python3.10/site-packages/airflow/example_dags/example_kubernetes_executor.py
[2023-09-27T23:03:52.616-0400] {logging_mixin.py:151} INFO - [2023-09-27T23:03:52.616-0400] {dag.py:2915} INFO - Sync 1 DAGs
[2023-09-27T23:03:52.624-0400] {logging_mixin.py:151} INFO - [2023-09-27T23:03:52.624-0400] {dag.py:3696} INFO - Setting next_dagrun for example_kubernetes_executor to None, run_after=None
[2023-09-27T23:03:52.650-0400] {processor.py:179} INFO - Processing /home/beau/airflow/py_env/lib/python3.10/site-packages/airflow/example_dags/example_kubernetes_executor.py took 0.100 seconds
[2023-09-27T23:04:48.304-0400] {processor.py:157} INFO - Started process (PID=23462) to work on /home/beau/airflow/py_env/lib/python3.10/site-packages/airflow/example_dags/example_kubernetes_executor.py
[2023-09-27T23:04:48.308-0400] {processor.py:829} INFO - Processing file /home/beau/airflow/py_env/lib/python3.10/site-packages/airflow/example_dags/example_kubernetes_executor.py for tasks to queue
[2023-09-27T23:04:48.310-0400] {logging_mixin.py:151} INFO - [2023-09-27T23:04:48.309-0400] {dagbag.py:539} INFO - Filling up the DagBag from /home/beau/airflow/py_env/lib/python3.10/site-packages/airflow/example_dags/example_kubernetes_executor.py
[2023-09-27T23:04:48.332-0400] {processor.py:839} INFO - DAG(s) dict_keys(['example_kubernetes_executor']) retrieved from /home/beau/airflow/py_env/lib/python3.10/site-packages/airflow/example_dags/example_kubernetes_executor.py
[2023-09-27T23:04:48.363-0400] {logging_mixin.py:151} INFO - [2023-09-27T23:04:48.363-0400] {dag.py:2915} INFO - Sync 1 DAGs
[2023-09-27T23:04:48.373-0400] {logging_mixin.py:151} INFO - [2023-09-27T23:04:48.373-0400] {dag.py:3696} INFO - Setting next_dagrun for example_kubernetes_executor to None, run_after=None
[2023-09-27T23:04:48.401-0400] {processor.py:179} INFO - Processing /home/beau/airflow/py_env/lib/python3.10/site-packages/airflow/example_dags/example_kubernetes_executor.py took 0.104 seconds
[2023-09-27T23:05:41.377-0400] {processor.py:157} INFO - Started process (PID=23683) to work on /home/beau/airflow/py_env/lib/python3.10/site-packages/airflow/example_dags/example_kubernetes_executor.py
[2023-09-27T23:05:41.381-0400] {processor.py:829} INFO - Processing file /home/beau/airflow/py_env/lib/python3.10/site-packages/airflow/example_dags/example_kubernetes_executor.py for tasks to queue
[2023-09-27T23:05:41.383-0400] {logging_mixin.py:151} INFO - [2023-09-27T23:05:41.382-0400] {dagbag.py:539} INFO - Filling up the DagBag from /home/beau/airflow/py_env/lib/python3.10/site-packages/airflow/example_dags/example_kubernetes_executor.py
[2023-09-27T23:05:41.400-0400] {processor.py:839} INFO - DAG(s) dict_keys(['example_kubernetes_executor']) retrieved from /home/beau/airflow/py_env/lib/python3.10/site-packages/airflow/example_dags/example_kubernetes_executor.py
[2023-09-27T23:05:41.432-0400] {logging_mixin.py:151} INFO - [2023-09-27T23:05:41.431-0400] {dag.py:2915} INFO - Sync 1 DAGs
[2023-09-27T23:05:41.442-0400] {logging_mixin.py:151} INFO - [2023-09-27T23:05:41.442-0400] {dag.py:3696} INFO - Setting next_dagrun for example_kubernetes_executor to None, run_after=None
[2023-09-27T23:05:41.471-0400] {processor.py:179} INFO - Processing /home/beau/airflow/py_env/lib/python3.10/site-packages/airflow/example_dags/example_kubernetes_executor.py took 0.099 seconds
[2023-09-27T23:06:42.479-0400] {processor.py:157} INFO - Started process (PID=23948) to work on /home/beau/airflow/py_env/lib/python3.10/site-packages/airflow/example_dags/example_kubernetes_executor.py
[2023-09-27T23:06:42.482-0400] {processor.py:829} INFO - Processing file /home/beau/airflow/py_env/lib/python3.10/site-packages/airflow/example_dags/example_kubernetes_executor.py for tasks to queue
[2023-09-27T23:06:42.483-0400] {logging_mixin.py:151} INFO - [2023-09-27T23:06:42.483-0400] {dagbag.py:539} INFO - Filling up the DagBag from /home/beau/airflow/py_env/lib/python3.10/site-packages/airflow/example_dags/example_kubernetes_executor.py
[2023-09-27T23:06:42.498-0400] {processor.py:839} INFO - DAG(s) dict_keys(['example_kubernetes_executor']) retrieved from /home/beau/airflow/py_env/lib/python3.10/site-packages/airflow/example_dags/example_kubernetes_executor.py
[2023-09-27T23:06:42.536-0400] {logging_mixin.py:151} INFO - [2023-09-27T23:06:42.536-0400] {dag.py:2915} INFO - Sync 1 DAGs
[2023-09-27T23:06:42.547-0400] {logging_mixin.py:151} INFO - [2023-09-27T23:06:42.547-0400] {dag.py:3696} INFO - Setting next_dagrun for example_kubernetes_executor to None, run_after=None
[2023-09-27T23:06:42.577-0400] {processor.py:179} INFO - Processing /home/beau/airflow/py_env/lib/python3.10/site-packages/airflow/example_dags/example_kubernetes_executor.py took 0.102 seconds
[2023-09-27T23:07:42.507-0400] {processor.py:157} INFO - Started process (PID=24214) to work on /home/beau/airflow/py_env/lib/python3.10/site-packages/airflow/example_dags/example_kubernetes_executor.py
[2023-09-27T23:07:42.509-0400] {processor.py:829} INFO - Processing file /home/beau/airflow/py_env/lib/python3.10/site-packages/airflow/example_dags/example_kubernetes_executor.py for tasks to queue
[2023-09-27T23:07:42.511-0400] {logging_mixin.py:151} INFO - [2023-09-27T23:07:42.510-0400] {dagbag.py:539} INFO - Filling up the DagBag from /home/beau/airflow/py_env/lib/python3.10/site-packages/airflow/example_dags/example_kubernetes_executor.py
[2023-09-27T23:07:42.529-0400] {processor.py:839} INFO - DAG(s) dict_keys(['example_kubernetes_executor']) retrieved from /home/beau/airflow/py_env/lib/python3.10/site-packages/airflow/example_dags/example_kubernetes_executor.py
[2023-09-27T23:07:42.573-0400] {logging_mixin.py:151} INFO - [2023-09-27T23:07:42.573-0400] {dag.py:2915} INFO - Sync 1 DAGs
[2023-09-27T23:07:42.592-0400] {logging_mixin.py:151} INFO - [2023-09-27T23:07:42.592-0400] {dag.py:3696} INFO - Setting next_dagrun for example_kubernetes_executor to None, run_after=None
[2023-09-27T23:07:42.630-0400] {processor.py:179} INFO - Processing /home/beau/airflow/py_env/lib/python3.10/site-packages/airflow/example_dags/example_kubernetes_executor.py took 0.133 seconds
[2023-09-27T23:08:45.941-0400] {processor.py:157} INFO - Started process (PID=24568) to work on /home/beau/airflow/py_env/lib/python3.10/site-packages/airflow/example_dags/example_kubernetes_executor.py
[2023-09-27T23:08:45.946-0400] {processor.py:829} INFO - Processing file /home/beau/airflow/py_env/lib/python3.10/site-packages/airflow/example_dags/example_kubernetes_executor.py for tasks to queue
[2023-09-27T23:08:45.948-0400] {logging_mixin.py:151} INFO - [2023-09-27T23:08:45.947-0400] {dagbag.py:539} INFO - Filling up the DagBag from /home/beau/airflow/py_env/lib/python3.10/site-packages/airflow/example_dags/example_kubernetes_executor.py
[2023-09-27T23:08:45.966-0400] {processor.py:839} INFO - DAG(s) dict_keys(['example_kubernetes_executor']) retrieved from /home/beau/airflow/py_env/lib/python3.10/site-packages/airflow/example_dags/example_kubernetes_executor.py
[2023-09-27T23:08:45.999-0400] {logging_mixin.py:151} INFO - [2023-09-27T23:08:45.999-0400] {dag.py:2915} INFO - Sync 1 DAGs
[2023-09-27T23:08:46.010-0400] {logging_mixin.py:151} INFO - [2023-09-27T23:08:46.010-0400] {dag.py:3696} INFO - Setting next_dagrun for example_kubernetes_executor to None, run_after=None
[2023-09-27T23:08:46.037-0400] {processor.py:179} INFO - Processing /home/beau/airflow/py_env/lib/python3.10/site-packages/airflow/example_dags/example_kubernetes_executor.py took 0.102 seconds
[2023-09-27T23:09:40.808-0400] {processor.py:157} INFO - Started process (PID=24844) to work on /home/beau/airflow/py_env/lib/python3.10/site-packages/airflow/example_dags/example_kubernetes_executor.py
[2023-09-27T23:09:40.811-0400] {processor.py:829} INFO - Processing file /home/beau/airflow/py_env/lib/python3.10/site-packages/airflow/example_dags/example_kubernetes_executor.py for tasks to queue
[2023-09-27T23:09:40.812-0400] {logging_mixin.py:151} INFO - [2023-09-27T23:09:40.812-0400] {dagbag.py:539} INFO - Filling up the DagBag from /home/beau/airflow/py_env/lib/python3.10/site-packages/airflow/example_dags/example_kubernetes_executor.py
[2023-09-27T23:09:40.834-0400] {processor.py:839} INFO - DAG(s) dict_keys(['example_kubernetes_executor']) retrieved from /home/beau/airflow/py_env/lib/python3.10/site-packages/airflow/example_dags/example_kubernetes_executor.py
[2023-09-27T23:09:40.870-0400] {logging_mixin.py:151} INFO - [2023-09-27T23:09:40.869-0400] {dag.py:2915} INFO - Sync 1 DAGs
[2023-09-27T23:09:40.880-0400] {logging_mixin.py:151} INFO - [2023-09-27T23:09:40.880-0400] {dag.py:3696} INFO - Setting next_dagrun for example_kubernetes_executor to None, run_after=None
[2023-09-27T23:09:40.903-0400] {processor.py:179} INFO - Processing /home/beau/airflow/py_env/lib/python3.10/site-packages/airflow/example_dags/example_kubernetes_executor.py took 0.106 seconds
[2023-09-27T23:10:39.168-0400] {processor.py:157} INFO - Started process (PID=25102) to work on /home/beau/airflow/py_env/lib/python3.10/site-packages/airflow/example_dags/example_kubernetes_executor.py
[2023-09-27T23:10:39.172-0400] {processor.py:829} INFO - Processing file /home/beau/airflow/py_env/lib/python3.10/site-packages/airflow/example_dags/example_kubernetes_executor.py for tasks to queue
[2023-09-27T23:10:39.173-0400] {logging_mixin.py:151} INFO - [2023-09-27T23:10:39.173-0400] {dagbag.py:539} INFO - Filling up the DagBag from /home/beau/airflow/py_env/lib/python3.10/site-packages/airflow/example_dags/example_kubernetes_executor.py
[2023-09-27T23:10:39.185-0400] {processor.py:839} INFO - DAG(s) dict_keys(['example_kubernetes_executor']) retrieved from /home/beau/airflow/py_env/lib/python3.10/site-packages/airflow/example_dags/example_kubernetes_executor.py
[2023-09-27T23:10:39.211-0400] {logging_mixin.py:151} INFO - [2023-09-27T23:10:39.211-0400] {dag.py:2915} INFO - Sync 1 DAGs
[2023-09-27T23:10:39.220-0400] {logging_mixin.py:151} INFO - [2023-09-27T23:10:39.220-0400] {dag.py:3696} INFO - Setting next_dagrun for example_kubernetes_executor to None, run_after=None
[2023-09-27T23:10:39.244-0400] {processor.py:179} INFO - Processing /home/beau/airflow/py_env/lib/python3.10/site-packages/airflow/example_dags/example_kubernetes_executor.py took 0.079 seconds
[2023-09-27T23:11:37.522-0400] {processor.py:157} INFO - Started process (PID=25386) to work on /home/beau/airflow/py_env/lib/python3.10/site-packages/airflow/example_dags/example_kubernetes_executor.py
[2023-09-27T23:11:37.527-0400] {processor.py:829} INFO - Processing file /home/beau/airflow/py_env/lib/python3.10/site-packages/airflow/example_dags/example_kubernetes_executor.py for tasks to queue
[2023-09-27T23:11:37.528-0400] {logging_mixin.py:151} INFO - [2023-09-27T23:11:37.528-0400] {dagbag.py:539} INFO - Filling up the DagBag from /home/beau/airflow/py_env/lib/python3.10/site-packages/airflow/example_dags/example_kubernetes_executor.py
[2023-09-27T23:11:37.547-0400] {processor.py:839} INFO - DAG(s) dict_keys(['example_kubernetes_executor']) retrieved from /home/beau/airflow/py_env/lib/python3.10/site-packages/airflow/example_dags/example_kubernetes_executor.py
[2023-09-27T23:11:37.573-0400] {logging_mixin.py:151} INFO - [2023-09-27T23:11:37.573-0400] {dag.py:2915} INFO - Sync 1 DAGs
[2023-09-27T23:11:37.582-0400] {logging_mixin.py:151} INFO - [2023-09-27T23:11:37.582-0400] {dag.py:3696} INFO - Setting next_dagrun for example_kubernetes_executor to None, run_after=None
[2023-09-27T23:11:37.610-0400] {processor.py:179} INFO - Processing /home/beau/airflow/py_env/lib/python3.10/site-packages/airflow/example_dags/example_kubernetes_executor.py took 0.093 seconds
[2023-09-27T23:12:34.751-0400] {processor.py:157} INFO - Started process (PID=25641) to work on /home/beau/airflow/py_env/lib/python3.10/site-packages/airflow/example_dags/example_kubernetes_executor.py
[2023-09-27T23:12:34.756-0400] {processor.py:829} INFO - Processing file /home/beau/airflow/py_env/lib/python3.10/site-packages/airflow/example_dags/example_kubernetes_executor.py for tasks to queue
[2023-09-27T23:12:34.757-0400] {logging_mixin.py:151} INFO - [2023-09-27T23:12:34.757-0400] {dagbag.py:539} INFO - Filling up the DagBag from /home/beau/airflow/py_env/lib/python3.10/site-packages/airflow/example_dags/example_kubernetes_executor.py
[2023-09-27T23:12:34.779-0400] {processor.py:839} INFO - DAG(s) dict_keys(['example_kubernetes_executor']) retrieved from /home/beau/airflow/py_env/lib/python3.10/site-packages/airflow/example_dags/example_kubernetes_executor.py
[2023-09-27T23:12:34.816-0400] {logging_mixin.py:151} INFO - [2023-09-27T23:12:34.815-0400] {dag.py:2915} INFO - Sync 1 DAGs
[2023-09-27T23:12:34.825-0400] {logging_mixin.py:151} INFO - [2023-09-27T23:12:34.825-0400] {dag.py:3696} INFO - Setting next_dagrun for example_kubernetes_executor to None, run_after=None
[2023-09-27T23:12:34.850-0400] {processor.py:179} INFO - Processing /home/beau/airflow/py_env/lib/python3.10/site-packages/airflow/example_dags/example_kubernetes_executor.py took 0.105 seconds
[2023-09-27T23:13:28.518-0400] {processor.py:157} INFO - Started process (PID=25950) to work on /home/beau/airflow/py_env/lib/python3.10/site-packages/airflow/example_dags/example_kubernetes_executor.py
[2023-09-27T23:13:28.522-0400] {processor.py:829} INFO - Processing file /home/beau/airflow/py_env/lib/python3.10/site-packages/airflow/example_dags/example_kubernetes_executor.py for tasks to queue
[2023-09-27T23:13:28.523-0400] {logging_mixin.py:151} INFO - [2023-09-27T23:13:28.522-0400] {dagbag.py:539} INFO - Filling up the DagBag from /home/beau/airflow/py_env/lib/python3.10/site-packages/airflow/example_dags/example_kubernetes_executor.py
[2023-09-27T23:13:28.534-0400] {processor.py:839} INFO - DAG(s) dict_keys(['example_kubernetes_executor']) retrieved from /home/beau/airflow/py_env/lib/python3.10/site-packages/airflow/example_dags/example_kubernetes_executor.py
[2023-09-27T23:13:28.563-0400] {logging_mixin.py:151} INFO - [2023-09-27T23:13:28.563-0400] {dag.py:2915} INFO - Sync 1 DAGs
[2023-09-27T23:13:28.574-0400] {logging_mixin.py:151} INFO - [2023-09-27T23:13:28.574-0400] {dag.py:3696} INFO - Setting next_dagrun for example_kubernetes_executor to None, run_after=None
[2023-09-27T23:13:28.600-0400] {processor.py:179} INFO - Processing /home/beau/airflow/py_env/lib/python3.10/site-packages/airflow/example_dags/example_kubernetes_executor.py took 0.084 seconds
[2023-09-27T23:14:21.033-0400] {processor.py:157} INFO - Started process (PID=26189) to work on /home/beau/airflow/py_env/lib/python3.10/site-packages/airflow/example_dags/example_kubernetes_executor.py
[2023-09-27T23:14:21.038-0400] {processor.py:829} INFO - Processing file /home/beau/airflow/py_env/lib/python3.10/site-packages/airflow/example_dags/example_kubernetes_executor.py for tasks to queue
[2023-09-27T23:14:21.039-0400] {logging_mixin.py:151} INFO - [2023-09-27T23:14:21.039-0400] {dagbag.py:539} INFO - Filling up the DagBag from /home/beau/airflow/py_env/lib/python3.10/site-packages/airflow/example_dags/example_kubernetes_executor.py
[2023-09-27T23:14:21.058-0400] {processor.py:839} INFO - DAG(s) dict_keys(['example_kubernetes_executor']) retrieved from /home/beau/airflow/py_env/lib/python3.10/site-packages/airflow/example_dags/example_kubernetes_executor.py
[2023-09-27T23:14:21.085-0400] {logging_mixin.py:151} INFO - [2023-09-27T23:14:21.085-0400] {dag.py:2915} INFO - Sync 1 DAGs
[2023-09-27T23:14:21.093-0400] {logging_mixin.py:151} INFO - [2023-09-27T23:14:21.093-0400] {dag.py:3696} INFO - Setting next_dagrun for example_kubernetes_executor to None, run_after=None
[2023-09-27T23:14:21.124-0400] {processor.py:179} INFO - Processing /home/beau/airflow/py_env/lib/python3.10/site-packages/airflow/example_dags/example_kubernetes_executor.py took 0.095 seconds
[2023-09-27T23:15:15.018-0400] {processor.py:157} INFO - Started process (PID=26437) to work on /home/beau/airflow/py_env/lib/python3.10/site-packages/airflow/example_dags/example_kubernetes_executor.py
[2023-09-27T23:15:15.023-0400] {processor.py:829} INFO - Processing file /home/beau/airflow/py_env/lib/python3.10/site-packages/airflow/example_dags/example_kubernetes_executor.py for tasks to queue
[2023-09-27T23:15:15.024-0400] {logging_mixin.py:151} INFO - [2023-09-27T23:15:15.024-0400] {dagbag.py:539} INFO - Filling up the DagBag from /home/beau/airflow/py_env/lib/python3.10/site-packages/airflow/example_dags/example_kubernetes_executor.py
[2023-09-27T23:15:15.042-0400] {processor.py:839} INFO - DAG(s) dict_keys(['example_kubernetes_executor']) retrieved from /home/beau/airflow/py_env/lib/python3.10/site-packages/airflow/example_dags/example_kubernetes_executor.py
[2023-09-27T23:15:15.070-0400] {logging_mixin.py:151} INFO - [2023-09-27T23:15:15.070-0400] {dag.py:2915} INFO - Sync 1 DAGs
[2023-09-27T23:15:15.079-0400] {logging_mixin.py:151} INFO - [2023-09-27T23:15:15.079-0400] {dag.py:3696} INFO - Setting next_dagrun for example_kubernetes_executor to None, run_after=None
[2023-09-27T23:15:15.105-0400] {processor.py:179} INFO - Processing /home/beau/airflow/py_env/lib/python3.10/site-packages/airflow/example_dags/example_kubernetes_executor.py took 0.093 seconds
[2023-09-27T23:16:13.183-0400] {processor.py:157} INFO - Started process (PID=26698) to work on /home/beau/airflow/py_env/lib/python3.10/site-packages/airflow/example_dags/example_kubernetes_executor.py
[2023-09-27T23:16:13.187-0400] {processor.py:829} INFO - Processing file /home/beau/airflow/py_env/lib/python3.10/site-packages/airflow/example_dags/example_kubernetes_executor.py for tasks to queue
[2023-09-27T23:16:13.189-0400] {logging_mixin.py:151} INFO - [2023-09-27T23:16:13.188-0400] {dagbag.py:539} INFO - Filling up the DagBag from /home/beau/airflow/py_env/lib/python3.10/site-packages/airflow/example_dags/example_kubernetes_executor.py
[2023-09-27T23:16:13.209-0400] {processor.py:839} INFO - DAG(s) dict_keys(['example_kubernetes_executor']) retrieved from /home/beau/airflow/py_env/lib/python3.10/site-packages/airflow/example_dags/example_kubernetes_executor.py
[2023-09-27T23:16:13.243-0400] {logging_mixin.py:151} INFO - [2023-09-27T23:16:13.243-0400] {dag.py:2915} INFO - Sync 1 DAGs
[2023-09-27T23:16:13.253-0400] {logging_mixin.py:151} INFO - [2023-09-27T23:16:13.253-0400] {dag.py:3696} INFO - Setting next_dagrun for example_kubernetes_executor to None, run_after=None
[2023-09-27T23:16:13.281-0400] {processor.py:179} INFO - Processing /home/beau/airflow/py_env/lib/python3.10/site-packages/airflow/example_dags/example_kubernetes_executor.py took 0.103 seconds
[2023-09-27T23:17:08.449-0400] {processor.py:157} INFO - Started process (PID=26977) to work on /home/beau/airflow/py_env/lib/python3.10/site-packages/airflow/example_dags/example_kubernetes_executor.py
[2023-09-27T23:17:08.451-0400] {processor.py:829} INFO - Processing file /home/beau/airflow/py_env/lib/python3.10/site-packages/airflow/example_dags/example_kubernetes_executor.py for tasks to queue
[2023-09-27T23:17:08.452-0400] {logging_mixin.py:151} INFO - [2023-09-27T23:17:08.452-0400] {dagbag.py:539} INFO - Filling up the DagBag from /home/beau/airflow/py_env/lib/python3.10/site-packages/airflow/example_dags/example_kubernetes_executor.py
[2023-09-27T23:17:08.474-0400] {processor.py:839} INFO - DAG(s) dict_keys(['example_kubernetes_executor']) retrieved from /home/beau/airflow/py_env/lib/python3.10/site-packages/airflow/example_dags/example_kubernetes_executor.py
[2023-09-27T23:17:08.504-0400] {logging_mixin.py:151} INFO - [2023-09-27T23:17:08.504-0400] {dag.py:2915} INFO - Sync 1 DAGs
[2023-09-27T23:17:08.515-0400] {logging_mixin.py:151} INFO - [2023-09-27T23:17:08.515-0400] {dag.py:3696} INFO - Setting next_dagrun for example_kubernetes_executor to None, run_after=None
[2023-09-27T23:17:08.541-0400] {processor.py:179} INFO - Processing /home/beau/airflow/py_env/lib/python3.10/site-packages/airflow/example_dags/example_kubernetes_executor.py took 0.100 seconds
[2023-09-27T23:18:04.691-0400] {processor.py:157} INFO - Started process (PID=27287) to work on /home/beau/airflow/py_env/lib/python3.10/site-packages/airflow/example_dags/example_kubernetes_executor.py
[2023-09-27T23:18:04.693-0400] {processor.py:829} INFO - Processing file /home/beau/airflow/py_env/lib/python3.10/site-packages/airflow/example_dags/example_kubernetes_executor.py for tasks to queue
[2023-09-27T23:18:04.694-0400] {logging_mixin.py:151} INFO - [2023-09-27T23:18:04.694-0400] {dagbag.py:539} INFO - Filling up the DagBag from /home/beau/airflow/py_env/lib/python3.10/site-packages/airflow/example_dags/example_kubernetes_executor.py
[2023-09-27T23:18:04.712-0400] {processor.py:839} INFO - DAG(s) dict_keys(['example_kubernetes_executor']) retrieved from /home/beau/airflow/py_env/lib/python3.10/site-packages/airflow/example_dags/example_kubernetes_executor.py
[2023-09-27T23:18:04.742-0400] {logging_mixin.py:151} INFO - [2023-09-27T23:18:04.742-0400] {dag.py:2915} INFO - Sync 1 DAGs
[2023-09-27T23:18:04.752-0400] {logging_mixin.py:151} INFO - [2023-09-27T23:18:04.751-0400] {dag.py:3696} INFO - Setting next_dagrun for example_kubernetes_executor to None, run_after=None
[2023-09-27T23:18:04.781-0400] {processor.py:179} INFO - Processing /home/beau/airflow/py_env/lib/python3.10/site-packages/airflow/example_dags/example_kubernetes_executor.py took 0.094 seconds
[2023-09-27T23:18:55.396-0400] {processor.py:157} INFO - Started process (PID=27673) to work on /home/beau/airflow/py_env/lib/python3.10/site-packages/airflow/example_dags/example_kubernetes_executor.py
[2023-09-27T23:18:55.398-0400] {processor.py:829} INFO - Processing file /home/beau/airflow/py_env/lib/python3.10/site-packages/airflow/example_dags/example_kubernetes_executor.py for tasks to queue
[2023-09-27T23:18:55.399-0400] {logging_mixin.py:151} INFO - [2023-09-27T23:18:55.399-0400] {dagbag.py:539} INFO - Filling up the DagBag from /home/beau/airflow/py_env/lib/python3.10/site-packages/airflow/example_dags/example_kubernetes_executor.py
[2023-09-27T23:18:55.417-0400] {processor.py:839} INFO - DAG(s) dict_keys(['example_kubernetes_executor']) retrieved from /home/beau/airflow/py_env/lib/python3.10/site-packages/airflow/example_dags/example_kubernetes_executor.py
[2023-09-27T23:18:55.442-0400] {logging_mixin.py:151} INFO - [2023-09-27T23:18:55.442-0400] {dag.py:2915} INFO - Sync 1 DAGs
[2023-09-27T23:18:55.452-0400] {logging_mixin.py:151} INFO - [2023-09-27T23:18:55.452-0400] {dag.py:3696} INFO - Setting next_dagrun for example_kubernetes_executor to None, run_after=None
[2023-09-27T23:18:55.481-0400] {processor.py:179} INFO - Processing /home/beau/airflow/py_env/lib/python3.10/site-packages/airflow/example_dags/example_kubernetes_executor.py took 0.092 seconds
[2023-09-27T23:19:51.733-0400] {processor.py:157} INFO - Started process (PID=28250) to work on /home/beau/airflow/py_env/lib/python3.10/site-packages/airflow/example_dags/example_kubernetes_executor.py
[2023-09-27T23:19:51.738-0400] {processor.py:829} INFO - Processing file /home/beau/airflow/py_env/lib/python3.10/site-packages/airflow/example_dags/example_kubernetes_executor.py for tasks to queue
[2023-09-27T23:19:51.740-0400] {logging_mixin.py:151} INFO - [2023-09-27T23:19:51.739-0400] {dagbag.py:539} INFO - Filling up the DagBag from /home/beau/airflow/py_env/lib/python3.10/site-packages/airflow/example_dags/example_kubernetes_executor.py
[2023-09-27T23:19:51.759-0400] {processor.py:839} INFO - DAG(s) dict_keys(['example_kubernetes_executor']) retrieved from /home/beau/airflow/py_env/lib/python3.10/site-packages/airflow/example_dags/example_kubernetes_executor.py
[2023-09-27T23:19:51.784-0400] {logging_mixin.py:151} INFO - [2023-09-27T23:19:51.784-0400] {dag.py:2915} INFO - Sync 1 DAGs
[2023-09-27T23:19:51.793-0400] {logging_mixin.py:151} INFO - [2023-09-27T23:19:51.793-0400] {dag.py:3696} INFO - Setting next_dagrun for example_kubernetes_executor to None, run_after=None
[2023-09-27T23:19:51.823-0400] {processor.py:179} INFO - Processing /home/beau/airflow/py_env/lib/python3.10/site-packages/airflow/example_dags/example_kubernetes_executor.py took 0.096 seconds
[2023-09-27T23:20:47.920-0400] {processor.py:157} INFO - Started process (PID=28787) to work on /home/beau/airflow/py_env/lib/python3.10/site-packages/airflow/example_dags/example_kubernetes_executor.py
[2023-09-27T23:20:47.924-0400] {processor.py:829} INFO - Processing file /home/beau/airflow/py_env/lib/python3.10/site-packages/airflow/example_dags/example_kubernetes_executor.py for tasks to queue
[2023-09-27T23:20:47.925-0400] {logging_mixin.py:151} INFO - [2023-09-27T23:20:47.925-0400] {dagbag.py:539} INFO - Filling up the DagBag from /home/beau/airflow/py_env/lib/python3.10/site-packages/airflow/example_dags/example_kubernetes_executor.py
[2023-09-27T23:20:47.944-0400] {processor.py:839} INFO - DAG(s) dict_keys(['example_kubernetes_executor']) retrieved from /home/beau/airflow/py_env/lib/python3.10/site-packages/airflow/example_dags/example_kubernetes_executor.py
[2023-09-27T23:20:47.972-0400] {logging_mixin.py:151} INFO - [2023-09-27T23:20:47.971-0400] {dag.py:2915} INFO - Sync 1 DAGs
[2023-09-27T23:20:47.980-0400] {logging_mixin.py:151} INFO - [2023-09-27T23:20:47.980-0400] {dag.py:3696} INFO - Setting next_dagrun for example_kubernetes_executor to None, run_after=None
[2023-09-27T23:20:48.007-0400] {processor.py:179} INFO - Processing /home/beau/airflow/py_env/lib/python3.10/site-packages/airflow/example_dags/example_kubernetes_executor.py took 0.093 seconds
[2023-09-27T23:21:44.772-0400] {processor.py:157} INFO - Started process (PID=29295) to work on /home/beau/airflow/py_env/lib/python3.10/site-packages/airflow/example_dags/example_kubernetes_executor.py
[2023-09-27T23:21:44.776-0400] {processor.py:829} INFO - Processing file /home/beau/airflow/py_env/lib/python3.10/site-packages/airflow/example_dags/example_kubernetes_executor.py for tasks to queue
[2023-09-27T23:21:44.777-0400] {logging_mixin.py:151} INFO - [2023-09-27T23:21:44.777-0400] {dagbag.py:539} INFO - Filling up the DagBag from /home/beau/airflow/py_env/lib/python3.10/site-packages/airflow/example_dags/example_kubernetes_executor.py
[2023-09-27T23:21:44.790-0400] {processor.py:839} INFO - DAG(s) dict_keys(['example_kubernetes_executor']) retrieved from /home/beau/airflow/py_env/lib/python3.10/site-packages/airflow/example_dags/example_kubernetes_executor.py
[2023-09-27T23:21:44.823-0400] {logging_mixin.py:151} INFO - [2023-09-27T23:21:44.823-0400] {dag.py:2915} INFO - Sync 1 DAGs
[2023-09-27T23:21:44.838-0400] {logging_mixin.py:151} INFO - [2023-09-27T23:21:44.838-0400] {dag.py:3696} INFO - Setting next_dagrun for example_kubernetes_executor to None, run_after=None
[2023-09-27T23:21:44.867-0400] {processor.py:179} INFO - Processing /home/beau/airflow/py_env/lib/python3.10/site-packages/airflow/example_dags/example_kubernetes_executor.py took 0.097 seconds
[2023-09-27T23:22:44.499-0400] {processor.py:157} INFO - Started process (PID=29581) to work on /home/beau/airflow/py_env/lib/python3.10/site-packages/airflow/example_dags/example_kubernetes_executor.py
[2023-09-27T23:22:44.501-0400] {processor.py:829} INFO - Processing file /home/beau/airflow/py_env/lib/python3.10/site-packages/airflow/example_dags/example_kubernetes_executor.py for tasks to queue
[2023-09-27T23:22:44.502-0400] {logging_mixin.py:151} INFO - [2023-09-27T23:22:44.502-0400] {dagbag.py:539} INFO - Filling up the DagBag from /home/beau/airflow/py_env/lib/python3.10/site-packages/airflow/example_dags/example_kubernetes_executor.py
[2023-09-27T23:22:44.520-0400] {processor.py:839} INFO - DAG(s) dict_keys(['example_kubernetes_executor']) retrieved from /home/beau/airflow/py_env/lib/python3.10/site-packages/airflow/example_dags/example_kubernetes_executor.py
[2023-09-27T23:22:44.547-0400] {logging_mixin.py:151} INFO - [2023-09-27T23:22:44.547-0400] {dag.py:2915} INFO - Sync 1 DAGs
[2023-09-27T23:22:44.557-0400] {logging_mixin.py:151} INFO - [2023-09-27T23:22:44.556-0400] {dag.py:3696} INFO - Setting next_dagrun for example_kubernetes_executor to None, run_after=None
[2023-09-27T23:22:44.580-0400] {processor.py:179} INFO - Processing /home/beau/airflow/py_env/lib/python3.10/site-packages/airflow/example_dags/example_kubernetes_executor.py took 0.087 seconds
[2023-09-27T23:23:42.545-0400] {processor.py:157} INFO - Started process (PID=30194) to work on /home/beau/airflow/py_env/lib/python3.10/site-packages/airflow/example_dags/example_kubernetes_executor.py
[2023-09-27T23:23:42.549-0400] {processor.py:829} INFO - Processing file /home/beau/airflow/py_env/lib/python3.10/site-packages/airflow/example_dags/example_kubernetes_executor.py for tasks to queue
[2023-09-27T23:23:42.550-0400] {logging_mixin.py:151} INFO - [2023-09-27T23:23:42.550-0400] {dagbag.py:539} INFO - Filling up the DagBag from /home/beau/airflow/py_env/lib/python3.10/site-packages/airflow/example_dags/example_kubernetes_executor.py
[2023-09-27T23:23:42.563-0400] {processor.py:839} INFO - DAG(s) dict_keys(['example_kubernetes_executor']) retrieved from /home/beau/airflow/py_env/lib/python3.10/site-packages/airflow/example_dags/example_kubernetes_executor.py
[2023-09-27T23:23:42.601-0400] {logging_mixin.py:151} INFO - [2023-09-27T23:23:42.601-0400] {dag.py:2915} INFO - Sync 1 DAGs
[2023-09-27T23:23:42.612-0400] {logging_mixin.py:151} INFO - [2023-09-27T23:23:42.611-0400] {dag.py:3696} INFO - Setting next_dagrun for example_kubernetes_executor to None, run_after=None
[2023-09-27T23:23:42.639-0400] {processor.py:179} INFO - Processing /home/beau/airflow/py_env/lib/python3.10/site-packages/airflow/example_dags/example_kubernetes_executor.py took 0.101 seconds
