[2023-09-27T22:33:27.253-0400] {processor.py:157} INFO - Started process (PID=8534) to work on /home/beau/airflow/py_env/lib/python3.10/site-packages/airflow/example_dags/example_local_kubernetes_executor.py
[2023-09-27T22:33:27.255-0400] {processor.py:829} INFO - Processing file /home/beau/airflow/py_env/lib/python3.10/site-packages/airflow/example_dags/example_local_kubernetes_executor.py for tasks to queue
[2023-09-27T22:33:27.256-0400] {logging_mixin.py:151} INFO - [2023-09-27T22:33:27.256-0400] {dagbag.py:539} INFO - Filling up the DagBag from /home/beau/airflow/py_env/lib/python3.10/site-packages/airflow/example_dags/example_local_kubernetes_executor.py
[2023-09-27T22:33:27.267-0400] {processor.py:839} INFO - DAG(s) dict_keys(['example_local_kubernetes_executor']) retrieved from /home/beau/airflow/py_env/lib/python3.10/site-packages/airflow/example_dags/example_local_kubernetes_executor.py
[2023-09-27T22:33:27.295-0400] {logging_mixin.py:151} INFO - [2023-09-27T22:33:27.295-0400] {dag.py:2915} INFO - Sync 1 DAGs
[2023-09-27T22:33:27.304-0400] {logging_mixin.py:151} INFO - [2023-09-27T22:33:27.304-0400] {dag.py:3696} INFO - Setting next_dagrun for example_local_kubernetes_executor to None, run_after=None
[2023-09-27T22:33:27.326-0400] {processor.py:179} INFO - Processing /home/beau/airflow/py_env/lib/python3.10/site-packages/airflow/example_dags/example_local_kubernetes_executor.py took 0.080 seconds
[2023-09-27T22:34:15.290-0400] {processor.py:157} INFO - Started process (PID=8983) to work on /home/beau/airflow/py_env/lib/python3.10/site-packages/airflow/example_dags/example_local_kubernetes_executor.py
[2023-09-27T22:34:15.293-0400] {processor.py:829} INFO - Processing file /home/beau/airflow/py_env/lib/python3.10/site-packages/airflow/example_dags/example_local_kubernetes_executor.py for tasks to queue
[2023-09-27T22:34:15.294-0400] {logging_mixin.py:151} INFO - [2023-09-27T22:34:15.294-0400] {dagbag.py:539} INFO - Filling up the DagBag from /home/beau/airflow/py_env/lib/python3.10/site-packages/airflow/example_dags/example_local_kubernetes_executor.py
[2023-09-27T22:34:15.302-0400] {processor.py:839} INFO - DAG(s) dict_keys(['example_local_kubernetes_executor']) retrieved from /home/beau/airflow/py_env/lib/python3.10/site-packages/airflow/example_dags/example_local_kubernetes_executor.py
[2023-09-27T22:34:15.333-0400] {logging_mixin.py:151} INFO - [2023-09-27T22:34:15.333-0400] {dag.py:2915} INFO - Sync 1 DAGs
[2023-09-27T22:34:15.345-0400] {logging_mixin.py:151} INFO - [2023-09-27T22:34:15.345-0400] {dag.py:3696} INFO - Setting next_dagrun for example_local_kubernetes_executor to None, run_after=None
[2023-09-27T22:34:15.373-0400] {processor.py:179} INFO - Processing /home/beau/airflow/py_env/lib/python3.10/site-packages/airflow/example_dags/example_local_kubernetes_executor.py took 0.087 seconds
[2023-09-27T22:35:14.934-0400] {processor.py:157} INFO - Started process (PID=9473) to work on /home/beau/airflow/py_env/lib/python3.10/site-packages/airflow/example_dags/example_local_kubernetes_executor.py
[2023-09-27T22:35:14.938-0400] {processor.py:829} INFO - Processing file /home/beau/airflow/py_env/lib/python3.10/site-packages/airflow/example_dags/example_local_kubernetes_executor.py for tasks to queue
[2023-09-27T22:35:14.939-0400] {logging_mixin.py:151} INFO - [2023-09-27T22:35:14.938-0400] {dagbag.py:539} INFO - Filling up the DagBag from /home/beau/airflow/py_env/lib/python3.10/site-packages/airflow/example_dags/example_local_kubernetes_executor.py
[2023-09-27T22:35:14.950-0400] {processor.py:839} INFO - DAG(s) dict_keys(['example_local_kubernetes_executor']) retrieved from /home/beau/airflow/py_env/lib/python3.10/site-packages/airflow/example_dags/example_local_kubernetes_executor.py
[2023-09-27T22:35:14.987-0400] {logging_mixin.py:151} INFO - [2023-09-27T22:35:14.987-0400] {dag.py:2915} INFO - Sync 1 DAGs
[2023-09-27T22:35:15.125-0400] {logging_mixin.py:151} INFO - [2023-09-27T22:35:15.125-0400] {dag.py:3696} INFO - Setting next_dagrun for example_local_kubernetes_executor to None, run_after=None
[2023-09-27T22:35:15.155-0400] {processor.py:179} INFO - Processing /home/beau/airflow/py_env/lib/python3.10/site-packages/airflow/example_dags/example_local_kubernetes_executor.py took 0.228 seconds
[2023-09-27T22:36:11.652-0400] {processor.py:157} INFO - Started process (PID=10258) to work on /home/beau/airflow/py_env/lib/python3.10/site-packages/airflow/example_dags/example_local_kubernetes_executor.py
[2023-09-27T22:36:11.656-0400] {processor.py:829} INFO - Processing file /home/beau/airflow/py_env/lib/python3.10/site-packages/airflow/example_dags/example_local_kubernetes_executor.py for tasks to queue
[2023-09-27T22:36:11.659-0400] {logging_mixin.py:151} INFO - [2023-09-27T22:36:11.657-0400] {dagbag.py:539} INFO - Filling up the DagBag from /home/beau/airflow/py_env/lib/python3.10/site-packages/airflow/example_dags/example_local_kubernetes_executor.py
[2023-09-27T22:36:11.676-0400] {processor.py:839} INFO - DAG(s) dict_keys(['example_local_kubernetes_executor']) retrieved from /home/beau/airflow/py_env/lib/python3.10/site-packages/airflow/example_dags/example_local_kubernetes_executor.py
[2023-09-27T22:36:11.822-0400] {logging_mixin.py:151} INFO - [2023-09-27T22:36:11.822-0400] {dag.py:2915} INFO - Sync 1 DAGs
[2023-09-27T22:36:11.830-0400] {logging_mixin.py:151} INFO - [2023-09-27T22:36:11.830-0400] {dag.py:3696} INFO - Setting next_dagrun for example_local_kubernetes_executor to None, run_after=None
[2023-09-27T22:36:11.853-0400] {processor.py:179} INFO - Processing /home/beau/airflow/py_env/lib/python3.10/site-packages/airflow/example_dags/example_local_kubernetes_executor.py took 0.206 seconds
[2023-09-27T22:37:17.762-0400] {processor.py:157} INFO - Started process (PID=10752) to work on /home/beau/airflow/py_env/lib/python3.10/site-packages/airflow/example_dags/example_local_kubernetes_executor.py
[2023-09-27T22:37:17.766-0400] {processor.py:829} INFO - Processing file /home/beau/airflow/py_env/lib/python3.10/site-packages/airflow/example_dags/example_local_kubernetes_executor.py for tasks to queue
[2023-09-27T22:37:17.767-0400] {logging_mixin.py:151} INFO - [2023-09-27T22:37:17.766-0400] {dagbag.py:539} INFO - Filling up the DagBag from /home/beau/airflow/py_env/lib/python3.10/site-packages/airflow/example_dags/example_local_kubernetes_executor.py
[2023-09-27T22:37:17.777-0400] {processor.py:839} INFO - DAG(s) dict_keys(['example_local_kubernetes_executor']) retrieved from /home/beau/airflow/py_env/lib/python3.10/site-packages/airflow/example_dags/example_local_kubernetes_executor.py
[2023-09-27T22:37:17.812-0400] {logging_mixin.py:151} INFO - [2023-09-27T22:37:17.811-0400] {dag.py:2915} INFO - Sync 1 DAGs
[2023-09-27T22:37:17.822-0400] {logging_mixin.py:151} INFO - [2023-09-27T22:37:17.822-0400] {dag.py:3696} INFO - Setting next_dagrun for example_local_kubernetes_executor to None, run_after=None
[2023-09-27T22:37:17.856-0400] {processor.py:179} INFO - Processing /home/beau/airflow/py_env/lib/python3.10/site-packages/airflow/example_dags/example_local_kubernetes_executor.py took 0.101 seconds
[2023-09-27T22:38:15.928-0400] {processor.py:157} INFO - Started process (PID=11286) to work on /home/beau/airflow/py_env/lib/python3.10/site-packages/airflow/example_dags/example_local_kubernetes_executor.py
[2023-09-27T22:38:15.932-0400] {processor.py:829} INFO - Processing file /home/beau/airflow/py_env/lib/python3.10/site-packages/airflow/example_dags/example_local_kubernetes_executor.py for tasks to queue
[2023-09-27T22:38:15.935-0400] {logging_mixin.py:151} INFO - [2023-09-27T22:38:15.934-0400] {dagbag.py:539} INFO - Filling up the DagBag from /home/beau/airflow/py_env/lib/python3.10/site-packages/airflow/example_dags/example_local_kubernetes_executor.py
[2023-09-27T22:38:15.945-0400] {processor.py:839} INFO - DAG(s) dict_keys(['example_local_kubernetes_executor']) retrieved from /home/beau/airflow/py_env/lib/python3.10/site-packages/airflow/example_dags/example_local_kubernetes_executor.py
[2023-09-27T22:38:15.988-0400] {logging_mixin.py:151} INFO - [2023-09-27T22:38:15.988-0400] {dag.py:2915} INFO - Sync 1 DAGs
[2023-09-27T22:38:16.005-0400] {logging_mixin.py:151} INFO - [2023-09-27T22:38:16.005-0400] {dag.py:3696} INFO - Setting next_dagrun for example_local_kubernetes_executor to None, run_after=None
[2023-09-27T22:38:16.044-0400] {processor.py:179} INFO - Processing /home/beau/airflow/py_env/lib/python3.10/site-packages/airflow/example_dags/example_local_kubernetes_executor.py took 0.119 seconds
[2023-09-27T22:39:10.550-0400] {processor.py:157} INFO - Started process (PID=11770) to work on /home/beau/airflow/py_env/lib/python3.10/site-packages/airflow/example_dags/example_local_kubernetes_executor.py
[2023-09-27T22:39:10.555-0400] {processor.py:829} INFO - Processing file /home/beau/airflow/py_env/lib/python3.10/site-packages/airflow/example_dags/example_local_kubernetes_executor.py for tasks to queue
[2023-09-27T22:39:10.557-0400] {logging_mixin.py:151} INFO - [2023-09-27T22:39:10.556-0400] {dagbag.py:539} INFO - Filling up the DagBag from /home/beau/airflow/py_env/lib/python3.10/site-packages/airflow/example_dags/example_local_kubernetes_executor.py
[2023-09-27T22:39:10.572-0400] {processor.py:839} INFO - DAG(s) dict_keys(['example_local_kubernetes_executor']) retrieved from /home/beau/airflow/py_env/lib/python3.10/site-packages/airflow/example_dags/example_local_kubernetes_executor.py
[2023-09-27T22:39:10.607-0400] {logging_mixin.py:151} INFO - [2023-09-27T22:39:10.606-0400] {dag.py:2915} INFO - Sync 1 DAGs
[2023-09-27T22:39:10.619-0400] {logging_mixin.py:151} INFO - [2023-09-27T22:39:10.619-0400] {dag.py:3696} INFO - Setting next_dagrun for example_local_kubernetes_executor to None, run_after=None
[2023-09-27T22:39:10.645-0400] {processor.py:179} INFO - Processing /home/beau/airflow/py_env/lib/python3.10/site-packages/airflow/example_dags/example_local_kubernetes_executor.py took 0.102 seconds
[2023-09-27T22:40:09.973-0400] {processor.py:157} INFO - Started process (PID=12076) to work on /home/beau/airflow/py_env/lib/python3.10/site-packages/airflow/example_dags/example_local_kubernetes_executor.py
[2023-09-27T22:40:09.979-0400] {processor.py:829} INFO - Processing file /home/beau/airflow/py_env/lib/python3.10/site-packages/airflow/example_dags/example_local_kubernetes_executor.py for tasks to queue
[2023-09-27T22:40:09.982-0400] {logging_mixin.py:151} INFO - [2023-09-27T22:40:09.981-0400] {dagbag.py:539} INFO - Filling up the DagBag from /home/beau/airflow/py_env/lib/python3.10/site-packages/airflow/example_dags/example_local_kubernetes_executor.py
[2023-09-27T22:40:09.999-0400] {processor.py:839} INFO - DAG(s) dict_keys(['example_local_kubernetes_executor']) retrieved from /home/beau/airflow/py_env/lib/python3.10/site-packages/airflow/example_dags/example_local_kubernetes_executor.py
[2023-09-27T22:40:10.035-0400] {logging_mixin.py:151} INFO - [2023-09-27T22:40:10.035-0400] {dag.py:2915} INFO - Sync 1 DAGs
[2023-09-27T22:40:10.047-0400] {logging_mixin.py:151} INFO - [2023-09-27T22:40:10.047-0400] {dag.py:3696} INFO - Setting next_dagrun for example_local_kubernetes_executor to None, run_after=None
[2023-09-27T22:40:10.076-0400] {processor.py:179} INFO - Processing /home/beau/airflow/py_env/lib/python3.10/site-packages/airflow/example_dags/example_local_kubernetes_executor.py took 0.112 seconds
[2023-09-27T22:41:11.293-0400] {processor.py:157} INFO - Started process (PID=12374) to work on /home/beau/airflow/py_env/lib/python3.10/site-packages/airflow/example_dags/example_local_kubernetes_executor.py
[2023-09-27T22:41:11.297-0400] {processor.py:829} INFO - Processing file /home/beau/airflow/py_env/lib/python3.10/site-packages/airflow/example_dags/example_local_kubernetes_executor.py for tasks to queue
[2023-09-27T22:41:11.299-0400] {logging_mixin.py:151} INFO - [2023-09-27T22:41:11.298-0400] {dagbag.py:539} INFO - Filling up the DagBag from /home/beau/airflow/py_env/lib/python3.10/site-packages/airflow/example_dags/example_local_kubernetes_executor.py
[2023-09-27T22:41:11.309-0400] {processor.py:839} INFO - DAG(s) dict_keys(['example_local_kubernetes_executor']) retrieved from /home/beau/airflow/py_env/lib/python3.10/site-packages/airflow/example_dags/example_local_kubernetes_executor.py
[2023-09-27T22:41:11.338-0400] {logging_mixin.py:151} INFO - [2023-09-27T22:41:11.338-0400] {dag.py:2915} INFO - Sync 1 DAGs
[2023-09-27T22:41:11.349-0400] {logging_mixin.py:151} INFO - [2023-09-27T22:41:11.349-0400] {dag.py:3696} INFO - Setting next_dagrun for example_local_kubernetes_executor to None, run_after=None
[2023-09-27T22:41:11.378-0400] {processor.py:179} INFO - Processing /home/beau/airflow/py_env/lib/python3.10/site-packages/airflow/example_dags/example_local_kubernetes_executor.py took 0.089 seconds
[2023-09-27T22:42:10.758-0400] {processor.py:157} INFO - Started process (PID=12757) to work on /home/beau/airflow/py_env/lib/python3.10/site-packages/airflow/example_dags/example_local_kubernetes_executor.py
[2023-09-27T22:42:10.761-0400] {processor.py:829} INFO - Processing file /home/beau/airflow/py_env/lib/python3.10/site-packages/airflow/example_dags/example_local_kubernetes_executor.py for tasks to queue
[2023-09-27T22:42:10.762-0400] {logging_mixin.py:151} INFO - [2023-09-27T22:42:10.762-0400] {dagbag.py:539} INFO - Filling up the DagBag from /home/beau/airflow/py_env/lib/python3.10/site-packages/airflow/example_dags/example_local_kubernetes_executor.py
[2023-09-27T22:42:10.771-0400] {processor.py:839} INFO - DAG(s) dict_keys(['example_local_kubernetes_executor']) retrieved from /home/beau/airflow/py_env/lib/python3.10/site-packages/airflow/example_dags/example_local_kubernetes_executor.py
[2023-09-27T22:42:10.801-0400] {logging_mixin.py:151} INFO - [2023-09-27T22:42:10.801-0400] {dag.py:2915} INFO - Sync 1 DAGs
[2023-09-27T22:42:10.815-0400] {logging_mixin.py:151} INFO - [2023-09-27T22:42:10.815-0400] {dag.py:3696} INFO - Setting next_dagrun for example_local_kubernetes_executor to None, run_after=None
[2023-09-27T22:42:10.845-0400] {processor.py:179} INFO - Processing /home/beau/airflow/py_env/lib/python3.10/site-packages/airflow/example_dags/example_local_kubernetes_executor.py took 0.090 seconds
[2023-09-27T22:43:06.919-0400] {processor.py:157} INFO - Started process (PID=13302) to work on /home/beau/airflow/py_env/lib/python3.10/site-packages/airflow/example_dags/example_local_kubernetes_executor.py
[2023-09-27T22:43:06.923-0400] {processor.py:829} INFO - Processing file /home/beau/airflow/py_env/lib/python3.10/site-packages/airflow/example_dags/example_local_kubernetes_executor.py for tasks to queue
[2023-09-27T22:43:06.924-0400] {logging_mixin.py:151} INFO - [2023-09-27T22:43:06.924-0400] {dagbag.py:539} INFO - Filling up the DagBag from /home/beau/airflow/py_env/lib/python3.10/site-packages/airflow/example_dags/example_local_kubernetes_executor.py
[2023-09-27T22:43:06.936-0400] {processor.py:839} INFO - DAG(s) dict_keys(['example_local_kubernetes_executor']) retrieved from /home/beau/airflow/py_env/lib/python3.10/site-packages/airflow/example_dags/example_local_kubernetes_executor.py
[2023-09-27T22:43:06.962-0400] {logging_mixin.py:151} INFO - [2023-09-27T22:43:06.962-0400] {dag.py:2915} INFO - Sync 1 DAGs
[2023-09-27T22:43:06.972-0400] {logging_mixin.py:151} INFO - [2023-09-27T22:43:06.972-0400] {dag.py:3696} INFO - Setting next_dagrun for example_local_kubernetes_executor to None, run_after=None
[2023-09-27T22:43:06.995-0400] {processor.py:179} INFO - Processing /home/beau/airflow/py_env/lib/python3.10/site-packages/airflow/example_dags/example_local_kubernetes_executor.py took 0.081 seconds
[2023-09-27T22:44:05.509-0400] {processor.py:157} INFO - Started process (PID=13703) to work on /home/beau/airflow/py_env/lib/python3.10/site-packages/airflow/example_dags/example_local_kubernetes_executor.py
[2023-09-27T22:44:05.514-0400] {processor.py:829} INFO - Processing file /home/beau/airflow/py_env/lib/python3.10/site-packages/airflow/example_dags/example_local_kubernetes_executor.py for tasks to queue
[2023-09-27T22:44:05.517-0400] {logging_mixin.py:151} INFO - [2023-09-27T22:44:05.516-0400] {dagbag.py:539} INFO - Filling up the DagBag from /home/beau/airflow/py_env/lib/python3.10/site-packages/airflow/example_dags/example_local_kubernetes_executor.py
[2023-09-27T22:44:05.529-0400] {processor.py:839} INFO - DAG(s) dict_keys(['example_local_kubernetes_executor']) retrieved from /home/beau/airflow/py_env/lib/python3.10/site-packages/airflow/example_dags/example_local_kubernetes_executor.py
[2023-09-27T22:44:05.562-0400] {logging_mixin.py:151} INFO - [2023-09-27T22:44:05.561-0400] {dag.py:2915} INFO - Sync 1 DAGs
[2023-09-27T22:44:05.575-0400] {logging_mixin.py:151} INFO - [2023-09-27T22:44:05.575-0400] {dag.py:3696} INFO - Setting next_dagrun for example_local_kubernetes_executor to None, run_after=None
[2023-09-27T22:44:05.611-0400] {processor.py:179} INFO - Processing /home/beau/airflow/py_env/lib/python3.10/site-packages/airflow/example_dags/example_local_kubernetes_executor.py took 0.108 seconds
[2023-09-27T22:45:03.996-0400] {processor.py:157} INFO - Started process (PID=14228) to work on /home/beau/airflow/py_env/lib/python3.10/site-packages/airflow/example_dags/example_local_kubernetes_executor.py
[2023-09-27T22:45:04.000-0400] {processor.py:829} INFO - Processing file /home/beau/airflow/py_env/lib/python3.10/site-packages/airflow/example_dags/example_local_kubernetes_executor.py for tasks to queue
[2023-09-27T22:45:04.001-0400] {logging_mixin.py:151} INFO - [2023-09-27T22:45:04.001-0400] {dagbag.py:539} INFO - Filling up the DagBag from /home/beau/airflow/py_env/lib/python3.10/site-packages/airflow/example_dags/example_local_kubernetes_executor.py
[2023-09-27T22:45:04.011-0400] {processor.py:839} INFO - DAG(s) dict_keys(['example_local_kubernetes_executor']) retrieved from /home/beau/airflow/py_env/lib/python3.10/site-packages/airflow/example_dags/example_local_kubernetes_executor.py
[2023-09-27T22:45:04.048-0400] {logging_mixin.py:151} INFO - [2023-09-27T22:45:04.048-0400] {dag.py:2915} INFO - Sync 1 DAGs
[2023-09-27T22:45:04.061-0400] {logging_mixin.py:151} INFO - [2023-09-27T22:45:04.061-0400] {dag.py:3696} INFO - Setting next_dagrun for example_local_kubernetes_executor to None, run_after=None
[2023-09-27T22:45:04.089-0400] {processor.py:179} INFO - Processing /home/beau/airflow/py_env/lib/python3.10/site-packages/airflow/example_dags/example_local_kubernetes_executor.py took 0.100 seconds
[2023-09-27T22:46:00.098-0400] {processor.py:157} INFO - Started process (PID=14858) to work on /home/beau/airflow/py_env/lib/python3.10/site-packages/airflow/example_dags/example_local_kubernetes_executor.py
[2023-09-27T22:46:00.100-0400] {processor.py:829} INFO - Processing file /home/beau/airflow/py_env/lib/python3.10/site-packages/airflow/example_dags/example_local_kubernetes_executor.py for tasks to queue
[2023-09-27T22:46:00.101-0400] {logging_mixin.py:151} INFO - [2023-09-27T22:46:00.100-0400] {dagbag.py:539} INFO - Filling up the DagBag from /home/beau/airflow/py_env/lib/python3.10/site-packages/airflow/example_dags/example_local_kubernetes_executor.py
[2023-09-27T22:46:00.108-0400] {processor.py:839} INFO - DAG(s) dict_keys(['example_local_kubernetes_executor']) retrieved from /home/beau/airflow/py_env/lib/python3.10/site-packages/airflow/example_dags/example_local_kubernetes_executor.py
[2023-09-27T22:46:00.136-0400] {logging_mixin.py:151} INFO - [2023-09-27T22:46:00.135-0400] {dag.py:2915} INFO - Sync 1 DAGs
[2023-09-27T22:46:00.146-0400] {logging_mixin.py:151} INFO - [2023-09-27T22:46:00.146-0400] {dag.py:3696} INFO - Setting next_dagrun for example_local_kubernetes_executor to None, run_after=None
[2023-09-27T22:46:00.171-0400] {processor.py:179} INFO - Processing /home/beau/airflow/py_env/lib/python3.10/site-packages/airflow/example_dags/example_local_kubernetes_executor.py took 0.079 seconds
[2023-09-27T22:47:01.077-0400] {processor.py:157} INFO - Started process (PID=15650) to work on /home/beau/airflow/py_env/lib/python3.10/site-packages/airflow/example_dags/example_local_kubernetes_executor.py
[2023-09-27T22:47:01.081-0400] {processor.py:829} INFO - Processing file /home/beau/airflow/py_env/lib/python3.10/site-packages/airflow/example_dags/example_local_kubernetes_executor.py for tasks to queue
[2023-09-27T22:47:01.083-0400] {logging_mixin.py:151} INFO - [2023-09-27T22:47:01.082-0400] {dagbag.py:539} INFO - Filling up the DagBag from /home/beau/airflow/py_env/lib/python3.10/site-packages/airflow/example_dags/example_local_kubernetes_executor.py
[2023-09-27T22:47:01.092-0400] {processor.py:839} INFO - DAG(s) dict_keys(['example_local_kubernetes_executor']) retrieved from /home/beau/airflow/py_env/lib/python3.10/site-packages/airflow/example_dags/example_local_kubernetes_executor.py
[2023-09-27T22:47:01.120-0400] {logging_mixin.py:151} INFO - [2023-09-27T22:47:01.119-0400] {dag.py:2915} INFO - Sync 1 DAGs
[2023-09-27T22:47:01.130-0400] {logging_mixin.py:151} INFO - [2023-09-27T22:47:01.130-0400] {dag.py:3696} INFO - Setting next_dagrun for example_local_kubernetes_executor to None, run_after=None
[2023-09-27T22:47:01.155-0400] {processor.py:179} INFO - Processing /home/beau/airflow/py_env/lib/python3.10/site-packages/airflow/example_dags/example_local_kubernetes_executor.py took 0.086 seconds
[2023-09-27T22:47:58.393-0400] {processor.py:157} INFO - Started process (PID=16256) to work on /home/beau/airflow/py_env/lib/python3.10/site-packages/airflow/example_dags/example_local_kubernetes_executor.py
[2023-09-27T22:47:58.397-0400] {processor.py:829} INFO - Processing file /home/beau/airflow/py_env/lib/python3.10/site-packages/airflow/example_dags/example_local_kubernetes_executor.py for tasks to queue
[2023-09-27T22:47:58.399-0400] {logging_mixin.py:151} INFO - [2023-09-27T22:47:58.398-0400] {dagbag.py:539} INFO - Filling up the DagBag from /home/beau/airflow/py_env/lib/python3.10/site-packages/airflow/example_dags/example_local_kubernetes_executor.py
[2023-09-27T22:47:58.411-0400] {processor.py:839} INFO - DAG(s) dict_keys(['example_local_kubernetes_executor']) retrieved from /home/beau/airflow/py_env/lib/python3.10/site-packages/airflow/example_dags/example_local_kubernetes_executor.py
[2023-09-27T22:47:58.461-0400] {logging_mixin.py:151} INFO - [2023-09-27T22:47:58.461-0400] {dag.py:2915} INFO - Sync 1 DAGs
[2023-09-27T22:47:58.472-0400] {logging_mixin.py:151} INFO - [2023-09-27T22:47:58.471-0400] {dag.py:3696} INFO - Setting next_dagrun for example_local_kubernetes_executor to None, run_after=None
[2023-09-27T22:47:58.500-0400] {processor.py:179} INFO - Processing /home/beau/airflow/py_env/lib/python3.10/site-packages/airflow/example_dags/example_local_kubernetes_executor.py took 0.111 seconds
[2023-09-27T22:48:59.427-0400] {processor.py:157} INFO - Started process (PID=16778) to work on /home/beau/airflow/py_env/lib/python3.10/site-packages/airflow/example_dags/example_local_kubernetes_executor.py
[2023-09-27T22:48:59.431-0400] {processor.py:829} INFO - Processing file /home/beau/airflow/py_env/lib/python3.10/site-packages/airflow/example_dags/example_local_kubernetes_executor.py for tasks to queue
[2023-09-27T22:48:59.432-0400] {logging_mixin.py:151} INFO - [2023-09-27T22:48:59.432-0400] {dagbag.py:539} INFO - Filling up the DagBag from /home/beau/airflow/py_env/lib/python3.10/site-packages/airflow/example_dags/example_local_kubernetes_executor.py
[2023-09-27T22:48:59.443-0400] {processor.py:839} INFO - DAG(s) dict_keys(['example_local_kubernetes_executor']) retrieved from /home/beau/airflow/py_env/lib/python3.10/site-packages/airflow/example_dags/example_local_kubernetes_executor.py
[2023-09-27T22:48:59.539-0400] {logging_mixin.py:151} INFO - [2023-09-27T22:48:59.538-0400] {dag.py:2915} INFO - Sync 1 DAGs
[2023-09-27T22:48:59.565-0400] {logging_mixin.py:151} INFO - [2023-09-27T22:48:59.564-0400] {dag.py:3696} INFO - Setting next_dagrun for example_local_kubernetes_executor to None, run_after=None
[2023-09-27T22:48:59.606-0400] {processor.py:179} INFO - Processing /home/beau/airflow/py_env/lib/python3.10/site-packages/airflow/example_dags/example_local_kubernetes_executor.py took 0.184 seconds
[2023-09-27T22:49:56.367-0400] {processor.py:157} INFO - Started process (PID=17165) to work on /home/beau/airflow/py_env/lib/python3.10/site-packages/airflow/example_dags/example_local_kubernetes_executor.py
[2023-09-27T22:49:56.369-0400] {processor.py:829} INFO - Processing file /home/beau/airflow/py_env/lib/python3.10/site-packages/airflow/example_dags/example_local_kubernetes_executor.py for tasks to queue
[2023-09-27T22:49:56.370-0400] {logging_mixin.py:151} INFO - [2023-09-27T22:49:56.370-0400] {dagbag.py:539} INFO - Filling up the DagBag from /home/beau/airflow/py_env/lib/python3.10/site-packages/airflow/example_dags/example_local_kubernetes_executor.py
[2023-09-27T22:49:56.378-0400] {processor.py:839} INFO - DAG(s) dict_keys(['example_local_kubernetes_executor']) retrieved from /home/beau/airflow/py_env/lib/python3.10/site-packages/airflow/example_dags/example_local_kubernetes_executor.py
[2023-09-27T22:49:56.405-0400] {logging_mixin.py:151} INFO - [2023-09-27T22:49:56.405-0400] {dag.py:2915} INFO - Sync 1 DAGs
[2023-09-27T22:49:56.416-0400] {logging_mixin.py:151} INFO - [2023-09-27T22:49:56.416-0400] {dag.py:3696} INFO - Setting next_dagrun for example_local_kubernetes_executor to None, run_after=None
[2023-09-27T22:49:56.457-0400] {processor.py:179} INFO - Processing /home/beau/airflow/py_env/lib/python3.10/site-packages/airflow/example_dags/example_local_kubernetes_executor.py took 0.093 seconds
[2023-09-27T22:50:52.100-0400] {processor.py:157} INFO - Started process (PID=17420) to work on /home/beau/airflow/py_env/lib/python3.10/site-packages/airflow/example_dags/example_local_kubernetes_executor.py
[2023-09-27T22:50:52.102-0400] {processor.py:829} INFO - Processing file /home/beau/airflow/py_env/lib/python3.10/site-packages/airflow/example_dags/example_local_kubernetes_executor.py for tasks to queue
[2023-09-27T22:50:52.104-0400] {logging_mixin.py:151} INFO - [2023-09-27T22:50:52.103-0400] {dagbag.py:539} INFO - Filling up the DagBag from /home/beau/airflow/py_env/lib/python3.10/site-packages/airflow/example_dags/example_local_kubernetes_executor.py
[2023-09-27T22:50:52.118-0400] {processor.py:839} INFO - DAG(s) dict_keys(['example_local_kubernetes_executor']) retrieved from /home/beau/airflow/py_env/lib/python3.10/site-packages/airflow/example_dags/example_local_kubernetes_executor.py
[2023-09-27T22:50:52.154-0400] {logging_mixin.py:151} INFO - [2023-09-27T22:50:52.154-0400] {dag.py:2915} INFO - Sync 1 DAGs
[2023-09-27T22:50:52.165-0400] {logging_mixin.py:151} INFO - [2023-09-27T22:50:52.165-0400] {dag.py:3696} INFO - Setting next_dagrun for example_local_kubernetes_executor to None, run_after=None
[2023-09-27T22:50:52.190-0400] {processor.py:179} INFO - Processing /home/beau/airflow/py_env/lib/python3.10/site-packages/airflow/example_dags/example_local_kubernetes_executor.py took 0.096 seconds
[2023-09-27T22:51:48.387-0400] {processor.py:157} INFO - Started process (PID=17680) to work on /home/beau/airflow/py_env/lib/python3.10/site-packages/airflow/example_dags/example_local_kubernetes_executor.py
[2023-09-27T22:51:48.391-0400] {processor.py:829} INFO - Processing file /home/beau/airflow/py_env/lib/python3.10/site-packages/airflow/example_dags/example_local_kubernetes_executor.py for tasks to queue
[2023-09-27T22:51:48.392-0400] {logging_mixin.py:151} INFO - [2023-09-27T22:51:48.392-0400] {dagbag.py:539} INFO - Filling up the DagBag from /home/beau/airflow/py_env/lib/python3.10/site-packages/airflow/example_dags/example_local_kubernetes_executor.py
[2023-09-27T22:51:48.404-0400] {processor.py:839} INFO - DAG(s) dict_keys(['example_local_kubernetes_executor']) retrieved from /home/beau/airflow/py_env/lib/python3.10/site-packages/airflow/example_dags/example_local_kubernetes_executor.py
[2023-09-27T22:51:48.434-0400] {logging_mixin.py:151} INFO - [2023-09-27T22:51:48.434-0400] {dag.py:2915} INFO - Sync 1 DAGs
[2023-09-27T22:51:48.444-0400] {logging_mixin.py:151} INFO - [2023-09-27T22:51:48.444-0400] {dag.py:3696} INFO - Setting next_dagrun for example_local_kubernetes_executor to None, run_after=None
[2023-09-27T22:51:48.472-0400] {processor.py:179} INFO - Processing /home/beau/airflow/py_env/lib/python3.10/site-packages/airflow/example_dags/example_local_kubernetes_executor.py took 0.094 seconds
[2023-09-27T22:52:43.457-0400] {processor.py:157} INFO - Started process (PID=17873) to work on /home/beau/airflow/py_env/lib/python3.10/site-packages/airflow/example_dags/example_local_kubernetes_executor.py
[2023-09-27T22:52:43.462-0400] {processor.py:829} INFO - Processing file /home/beau/airflow/py_env/lib/python3.10/site-packages/airflow/example_dags/example_local_kubernetes_executor.py for tasks to queue
[2023-09-27T22:52:43.463-0400] {logging_mixin.py:151} INFO - [2023-09-27T22:52:43.463-0400] {dagbag.py:539} INFO - Filling up the DagBag from /home/beau/airflow/py_env/lib/python3.10/site-packages/airflow/example_dags/example_local_kubernetes_executor.py
[2023-09-27T22:52:43.475-0400] {processor.py:839} INFO - DAG(s) dict_keys(['example_local_kubernetes_executor']) retrieved from /home/beau/airflow/py_env/lib/python3.10/site-packages/airflow/example_dags/example_local_kubernetes_executor.py
[2023-09-27T22:52:43.516-0400] {logging_mixin.py:151} INFO - [2023-09-27T22:52:43.516-0400] {dag.py:2915} INFO - Sync 1 DAGs
[2023-09-27T22:52:43.527-0400] {logging_mixin.py:151} INFO - [2023-09-27T22:52:43.527-0400] {dag.py:3696} INFO - Setting next_dagrun for example_local_kubernetes_executor to None, run_after=None
[2023-09-27T22:52:43.553-0400] {processor.py:179} INFO - Processing /home/beau/airflow/py_env/lib/python3.10/site-packages/airflow/example_dags/example_local_kubernetes_executor.py took 0.101 seconds
[2023-09-27T22:53:35.657-0400] {processor.py:157} INFO - Started process (PID=18405) to work on /home/beau/airflow/py_env/lib/python3.10/site-packages/airflow/example_dags/example_local_kubernetes_executor.py
[2023-09-27T22:53:35.661-0400] {processor.py:829} INFO - Processing file /home/beau/airflow/py_env/lib/python3.10/site-packages/airflow/example_dags/example_local_kubernetes_executor.py for tasks to queue
[2023-09-27T22:53:35.663-0400] {logging_mixin.py:151} INFO - [2023-09-27T22:53:35.662-0400] {dagbag.py:539} INFO - Filling up the DagBag from /home/beau/airflow/py_env/lib/python3.10/site-packages/airflow/example_dags/example_local_kubernetes_executor.py
[2023-09-27T22:53:35.673-0400] {processor.py:839} INFO - DAG(s) dict_keys(['example_local_kubernetes_executor']) retrieved from /home/beau/airflow/py_env/lib/python3.10/site-packages/airflow/example_dags/example_local_kubernetes_executor.py
[2023-09-27T22:53:35.700-0400] {logging_mixin.py:151} INFO - [2023-09-27T22:53:35.700-0400] {dag.py:2915} INFO - Sync 1 DAGs
[2023-09-27T22:53:35.710-0400] {logging_mixin.py:151} INFO - [2023-09-27T22:53:35.710-0400] {dag.py:3696} INFO - Setting next_dagrun for example_local_kubernetes_executor to None, run_after=None
[2023-09-27T22:53:35.732-0400] {processor.py:179} INFO - Processing /home/beau/airflow/py_env/lib/python3.10/site-packages/airflow/example_dags/example_local_kubernetes_executor.py took 0.084 seconds
[2023-09-27T22:54:29.071-0400] {processor.py:157} INFO - Started process (PID=19003) to work on /home/beau/airflow/py_env/lib/python3.10/site-packages/airflow/example_dags/example_local_kubernetes_executor.py
[2023-09-27T22:54:29.075-0400] {processor.py:829} INFO - Processing file /home/beau/airflow/py_env/lib/python3.10/site-packages/airflow/example_dags/example_local_kubernetes_executor.py for tasks to queue
[2023-09-27T22:54:29.076-0400] {logging_mixin.py:151} INFO - [2023-09-27T22:54:29.075-0400] {dagbag.py:539} INFO - Filling up the DagBag from /home/beau/airflow/py_env/lib/python3.10/site-packages/airflow/example_dags/example_local_kubernetes_executor.py
[2023-09-27T22:54:29.084-0400] {processor.py:839} INFO - DAG(s) dict_keys(['example_local_kubernetes_executor']) retrieved from /home/beau/airflow/py_env/lib/python3.10/site-packages/airflow/example_dags/example_local_kubernetes_executor.py
[2023-09-27T22:54:29.114-0400] {logging_mixin.py:151} INFO - [2023-09-27T22:54:29.114-0400] {dag.py:2915} INFO - Sync 1 DAGs
[2023-09-27T22:54:29.126-0400] {logging_mixin.py:151} INFO - [2023-09-27T22:54:29.126-0400] {dag.py:3696} INFO - Setting next_dagrun for example_local_kubernetes_executor to None, run_after=None
[2023-09-27T22:54:29.150-0400] {processor.py:179} INFO - Processing /home/beau/airflow/py_env/lib/python3.10/site-packages/airflow/example_dags/example_local_kubernetes_executor.py took 0.083 seconds
[2023-09-27T22:55:24.143-0400] {processor.py:157} INFO - Started process (PID=19417) to work on /home/beau/airflow/py_env/lib/python3.10/site-packages/airflow/example_dags/example_local_kubernetes_executor.py
[2023-09-27T22:55:24.145-0400] {processor.py:829} INFO - Processing file /home/beau/airflow/py_env/lib/python3.10/site-packages/airflow/example_dags/example_local_kubernetes_executor.py for tasks to queue
[2023-09-27T22:55:24.147-0400] {logging_mixin.py:151} INFO - [2023-09-27T22:55:24.146-0400] {dagbag.py:539} INFO - Filling up the DagBag from /home/beau/airflow/py_env/lib/python3.10/site-packages/airflow/example_dags/example_local_kubernetes_executor.py
[2023-09-27T22:55:24.159-0400] {processor.py:839} INFO - DAG(s) dict_keys(['example_local_kubernetes_executor']) retrieved from /home/beau/airflow/py_env/lib/python3.10/site-packages/airflow/example_dags/example_local_kubernetes_executor.py
[2023-09-27T22:55:24.183-0400] {logging_mixin.py:151} INFO - [2023-09-27T22:55:24.183-0400] {dag.py:2915} INFO - Sync 1 DAGs
[2023-09-27T22:55:24.193-0400] {logging_mixin.py:151} INFO - [2023-09-27T22:55:24.193-0400] {dag.py:3696} INFO - Setting next_dagrun for example_local_kubernetes_executor to None, run_after=None
[2023-09-27T22:55:24.232-0400] {processor.py:179} INFO - Processing /home/beau/airflow/py_env/lib/python3.10/site-packages/airflow/example_dags/example_local_kubernetes_executor.py took 0.095 seconds
[2023-09-27T22:56:23.994-0400] {processor.py:157} INFO - Started process (PID=20043) to work on /home/beau/airflow/py_env/lib/python3.10/site-packages/airflow/example_dags/example_local_kubernetes_executor.py
[2023-09-27T22:56:23.998-0400] {processor.py:829} INFO - Processing file /home/beau/airflow/py_env/lib/python3.10/site-packages/airflow/example_dags/example_local_kubernetes_executor.py for tasks to queue
[2023-09-27T22:56:23.999-0400] {logging_mixin.py:151} INFO - [2023-09-27T22:56:23.998-0400] {dagbag.py:539} INFO - Filling up the DagBag from /home/beau/airflow/py_env/lib/python3.10/site-packages/airflow/example_dags/example_local_kubernetes_executor.py
[2023-09-27T22:56:24.005-0400] {processor.py:839} INFO - DAG(s) dict_keys(['example_local_kubernetes_executor']) retrieved from /home/beau/airflow/py_env/lib/python3.10/site-packages/airflow/example_dags/example_local_kubernetes_executor.py
[2023-09-27T22:56:24.029-0400] {logging_mixin.py:151} INFO - [2023-09-27T22:56:24.029-0400] {dag.py:2915} INFO - Sync 1 DAGs
[2023-09-27T22:56:24.038-0400] {logging_mixin.py:151} INFO - [2023-09-27T22:56:24.038-0400] {dag.py:3696} INFO - Setting next_dagrun for example_local_kubernetes_executor to None, run_after=None
[2023-09-27T22:56:24.061-0400] {processor.py:179} INFO - Processing /home/beau/airflow/py_env/lib/python3.10/site-packages/airflow/example_dags/example_local_kubernetes_executor.py took 0.069 seconds
[2023-09-27T22:57:11.693-0400] {processor.py:157} INFO - Started process (PID=20507) to work on /home/beau/airflow/py_env/lib/python3.10/site-packages/airflow/example_dags/example_local_kubernetes_executor.py
[2023-09-27T22:57:11.697-0400] {processor.py:829} INFO - Processing file /home/beau/airflow/py_env/lib/python3.10/site-packages/airflow/example_dags/example_local_kubernetes_executor.py for tasks to queue
[2023-09-27T22:57:11.698-0400] {logging_mixin.py:151} INFO - [2023-09-27T22:57:11.698-0400] {dagbag.py:539} INFO - Filling up the DagBag from /home/beau/airflow/py_env/lib/python3.10/site-packages/airflow/example_dags/example_local_kubernetes_executor.py
[2023-09-27T22:57:11.706-0400] {processor.py:839} INFO - DAG(s) dict_keys(['example_local_kubernetes_executor']) retrieved from /home/beau/airflow/py_env/lib/python3.10/site-packages/airflow/example_dags/example_local_kubernetes_executor.py
[2023-09-27T22:57:11.736-0400] {logging_mixin.py:151} INFO - [2023-09-27T22:57:11.736-0400] {dag.py:2915} INFO - Sync 1 DAGs
[2023-09-27T22:57:11.747-0400] {logging_mixin.py:151} INFO - [2023-09-27T22:57:11.747-0400] {dag.py:3696} INFO - Setting next_dagrun for example_local_kubernetes_executor to None, run_after=None
[2023-09-27T22:57:11.773-0400] {processor.py:179} INFO - Processing /home/beau/airflow/py_env/lib/python3.10/site-packages/airflow/example_dags/example_local_kubernetes_executor.py took 0.083 seconds
[2023-09-27T22:58:02.281-0400] {processor.py:157} INFO - Started process (PID=21031) to work on /home/beau/airflow/py_env/lib/python3.10/site-packages/airflow/example_dags/example_local_kubernetes_executor.py
[2023-09-27T22:58:02.285-0400] {processor.py:829} INFO - Processing file /home/beau/airflow/py_env/lib/python3.10/site-packages/airflow/example_dags/example_local_kubernetes_executor.py for tasks to queue
[2023-09-27T22:58:02.286-0400] {logging_mixin.py:151} INFO - [2023-09-27T22:58:02.285-0400] {dagbag.py:539} INFO - Filling up the DagBag from /home/beau/airflow/py_env/lib/python3.10/site-packages/airflow/example_dags/example_local_kubernetes_executor.py
[2023-09-27T22:58:02.292-0400] {processor.py:839} INFO - DAG(s) dict_keys(['example_local_kubernetes_executor']) retrieved from /home/beau/airflow/py_env/lib/python3.10/site-packages/airflow/example_dags/example_local_kubernetes_executor.py
[2023-09-27T22:58:02.318-0400] {logging_mixin.py:151} INFO - [2023-09-27T22:58:02.318-0400] {dag.py:2915} INFO - Sync 1 DAGs
[2023-09-27T22:58:02.327-0400] {logging_mixin.py:151} INFO - [2023-09-27T22:58:02.327-0400] {dag.py:3696} INFO - Setting next_dagrun for example_local_kubernetes_executor to None, run_after=None
[2023-09-27T22:58:02.351-0400] {processor.py:179} INFO - Processing /home/beau/airflow/py_env/lib/python3.10/site-packages/airflow/example_dags/example_local_kubernetes_executor.py took 0.073 seconds
[2023-09-27T22:58:57.782-0400] {processor.py:157} INFO - Started process (PID=21514) to work on /home/beau/airflow/py_env/lib/python3.10/site-packages/airflow/example_dags/example_local_kubernetes_executor.py
[2023-09-27T22:58:57.786-0400] {processor.py:829} INFO - Processing file /home/beau/airflow/py_env/lib/python3.10/site-packages/airflow/example_dags/example_local_kubernetes_executor.py for tasks to queue
[2023-09-27T22:58:57.787-0400] {logging_mixin.py:151} INFO - [2023-09-27T22:58:57.787-0400] {dagbag.py:539} INFO - Filling up the DagBag from /home/beau/airflow/py_env/lib/python3.10/site-packages/airflow/example_dags/example_local_kubernetes_executor.py
[2023-09-27T22:58:57.798-0400] {processor.py:839} INFO - DAG(s) dict_keys(['example_local_kubernetes_executor']) retrieved from /home/beau/airflow/py_env/lib/python3.10/site-packages/airflow/example_dags/example_local_kubernetes_executor.py
[2023-09-27T22:58:57.827-0400] {logging_mixin.py:151} INFO - [2023-09-27T22:58:57.826-0400] {dag.py:2915} INFO - Sync 1 DAGs
[2023-09-27T22:58:57.836-0400] {logging_mixin.py:151} INFO - [2023-09-27T22:58:57.835-0400] {dag.py:3696} INFO - Setting next_dagrun for example_local_kubernetes_executor to None, run_after=None
[2023-09-27T22:58:57.857-0400] {processor.py:179} INFO - Processing /home/beau/airflow/py_env/lib/python3.10/site-packages/airflow/example_dags/example_local_kubernetes_executor.py took 0.080 seconds
[2023-09-27T22:59:51.651-0400] {processor.py:157} INFO - Started process (PID=21852) to work on /home/beau/airflow/py_env/lib/python3.10/site-packages/airflow/example_dags/example_local_kubernetes_executor.py
[2023-09-27T22:59:51.655-0400] {processor.py:829} INFO - Processing file /home/beau/airflow/py_env/lib/python3.10/site-packages/airflow/example_dags/example_local_kubernetes_executor.py for tasks to queue
[2023-09-27T22:59:51.657-0400] {logging_mixin.py:151} INFO - [2023-09-27T22:59:51.656-0400] {dagbag.py:539} INFO - Filling up the DagBag from /home/beau/airflow/py_env/lib/python3.10/site-packages/airflow/example_dags/example_local_kubernetes_executor.py
[2023-09-27T22:59:51.669-0400] {processor.py:839} INFO - DAG(s) dict_keys(['example_local_kubernetes_executor']) retrieved from /home/beau/airflow/py_env/lib/python3.10/site-packages/airflow/example_dags/example_local_kubernetes_executor.py
[2023-09-27T22:59:51.702-0400] {logging_mixin.py:151} INFO - [2023-09-27T22:59:51.702-0400] {dag.py:2915} INFO - Sync 1 DAGs
[2023-09-27T22:59:51.712-0400] {logging_mixin.py:151} INFO - [2023-09-27T22:59:51.712-0400] {dag.py:3696} INFO - Setting next_dagrun for example_local_kubernetes_executor to None, run_after=None
[2023-09-27T22:59:51.743-0400] {processor.py:179} INFO - Processing /home/beau/airflow/py_env/lib/python3.10/site-packages/airflow/example_dags/example_local_kubernetes_executor.py took 0.098 seconds
[2023-09-27T23:00:47.873-0400] {processor.py:157} INFO - Started process (PID=22071) to work on /home/beau/airflow/py_env/lib/python3.10/site-packages/airflow/example_dags/example_local_kubernetes_executor.py
[2023-09-27T23:00:47.878-0400] {processor.py:829} INFO - Processing file /home/beau/airflow/py_env/lib/python3.10/site-packages/airflow/example_dags/example_local_kubernetes_executor.py for tasks to queue
[2023-09-27T23:00:47.880-0400] {logging_mixin.py:151} INFO - [2023-09-27T23:00:47.879-0400] {dagbag.py:539} INFO - Filling up the DagBag from /home/beau/airflow/py_env/lib/python3.10/site-packages/airflow/example_dags/example_local_kubernetes_executor.py
[2023-09-27T23:00:47.891-0400] {processor.py:839} INFO - DAG(s) dict_keys(['example_local_kubernetes_executor']) retrieved from /home/beau/airflow/py_env/lib/python3.10/site-packages/airflow/example_dags/example_local_kubernetes_executor.py
[2023-09-27T23:00:47.914-0400] {logging_mixin.py:151} INFO - [2023-09-27T23:00:47.914-0400] {dag.py:2915} INFO - Sync 1 DAGs
[2023-09-27T23:00:47.923-0400] {logging_mixin.py:151} INFO - [2023-09-27T23:00:47.923-0400] {dag.py:3696} INFO - Setting next_dagrun for example_local_kubernetes_executor to None, run_after=None
[2023-09-27T23:00:47.953-0400] {processor.py:179} INFO - Processing /home/beau/airflow/py_env/lib/python3.10/site-packages/airflow/example_dags/example_local_kubernetes_executor.py took 0.087 seconds
[2023-09-27T23:01:38.183-0400] {processor.py:157} INFO - Started process (PID=22284) to work on /home/beau/airflow/py_env/lib/python3.10/site-packages/airflow/example_dags/example_local_kubernetes_executor.py
[2023-09-27T23:01:38.187-0400] {processor.py:829} INFO - Processing file /home/beau/airflow/py_env/lib/python3.10/site-packages/airflow/example_dags/example_local_kubernetes_executor.py for tasks to queue
[2023-09-27T23:01:38.188-0400] {logging_mixin.py:151} INFO - [2023-09-27T23:01:38.188-0400] {dagbag.py:539} INFO - Filling up the DagBag from /home/beau/airflow/py_env/lib/python3.10/site-packages/airflow/example_dags/example_local_kubernetes_executor.py
[2023-09-27T23:01:38.199-0400] {processor.py:839} INFO - DAG(s) dict_keys(['example_local_kubernetes_executor']) retrieved from /home/beau/airflow/py_env/lib/python3.10/site-packages/airflow/example_dags/example_local_kubernetes_executor.py
[2023-09-27T23:01:38.230-0400] {logging_mixin.py:151} INFO - [2023-09-27T23:01:38.230-0400] {dag.py:2915} INFO - Sync 1 DAGs
[2023-09-27T23:01:38.240-0400] {logging_mixin.py:151} INFO - [2023-09-27T23:01:38.240-0400] {dag.py:3696} INFO - Setting next_dagrun for example_local_kubernetes_executor to None, run_after=None
[2023-09-27T23:01:38.269-0400] {processor.py:179} INFO - Processing /home/beau/airflow/py_env/lib/python3.10/site-packages/airflow/example_dags/example_local_kubernetes_executor.py took 0.091 seconds
[2023-09-27T23:02:32.006-0400] {processor.py:157} INFO - Started process (PID=22530) to work on /home/beau/airflow/py_env/lib/python3.10/site-packages/airflow/example_dags/example_local_kubernetes_executor.py
[2023-09-27T23:02:32.012-0400] {processor.py:829} INFO - Processing file /home/beau/airflow/py_env/lib/python3.10/site-packages/airflow/example_dags/example_local_kubernetes_executor.py for tasks to queue
[2023-09-27T23:02:32.015-0400] {logging_mixin.py:151} INFO - [2023-09-27T23:02:32.013-0400] {dagbag.py:539} INFO - Filling up the DagBag from /home/beau/airflow/py_env/lib/python3.10/site-packages/airflow/example_dags/example_local_kubernetes_executor.py
[2023-09-27T23:02:32.033-0400] {processor.py:839} INFO - DAG(s) dict_keys(['example_local_kubernetes_executor']) retrieved from /home/beau/airflow/py_env/lib/python3.10/site-packages/airflow/example_dags/example_local_kubernetes_executor.py
[2023-09-27T23:02:32.070-0400] {logging_mixin.py:151} INFO - [2023-09-27T23:02:32.070-0400] {dag.py:2915} INFO - Sync 1 DAGs
[2023-09-27T23:02:32.081-0400] {logging_mixin.py:151} INFO - [2023-09-27T23:02:32.081-0400] {dag.py:3696} INFO - Setting next_dagrun for example_local_kubernetes_executor to None, run_after=None
[2023-09-27T23:02:32.109-0400] {processor.py:179} INFO - Processing /home/beau/airflow/py_env/lib/python3.10/site-packages/airflow/example_dags/example_local_kubernetes_executor.py took 0.109 seconds
[2023-09-27T23:03:18.903-0400] {processor.py:157} INFO - Started process (PID=22816) to work on /home/beau/airflow/py_env/lib/python3.10/site-packages/airflow/example_dags/example_local_kubernetes_executor.py
[2023-09-27T23:03:18.906-0400] {processor.py:829} INFO - Processing file /home/beau/airflow/py_env/lib/python3.10/site-packages/airflow/example_dags/example_local_kubernetes_executor.py for tasks to queue
[2023-09-27T23:03:18.908-0400] {logging_mixin.py:151} INFO - [2023-09-27T23:03:18.907-0400] {dagbag.py:539} INFO - Filling up the DagBag from /home/beau/airflow/py_env/lib/python3.10/site-packages/airflow/example_dags/example_local_kubernetes_executor.py
[2023-09-27T23:03:18.922-0400] {processor.py:839} INFO - DAG(s) dict_keys(['example_local_kubernetes_executor']) retrieved from /home/beau/airflow/py_env/lib/python3.10/site-packages/airflow/example_dags/example_local_kubernetes_executor.py
[2023-09-27T23:03:18.947-0400] {logging_mixin.py:151} INFO - [2023-09-27T23:03:18.947-0400] {dag.py:2915} INFO - Sync 1 DAGs
[2023-09-27T23:03:18.958-0400] {logging_mixin.py:151} INFO - [2023-09-27T23:03:18.958-0400] {dag.py:3696} INFO - Setting next_dagrun for example_local_kubernetes_executor to None, run_after=None
[2023-09-27T23:03:18.988-0400] {processor.py:179} INFO - Processing /home/beau/airflow/py_env/lib/python3.10/site-packages/airflow/example_dags/example_local_kubernetes_executor.py took 0.092 seconds
[2023-09-27T23:04:11.952-0400] {processor.py:157} INFO - Started process (PID=23310) to work on /home/beau/airflow/py_env/lib/python3.10/site-packages/airflow/example_dags/example_local_kubernetes_executor.py
[2023-09-27T23:04:11.956-0400] {processor.py:829} INFO - Processing file /home/beau/airflow/py_env/lib/python3.10/site-packages/airflow/example_dags/example_local_kubernetes_executor.py for tasks to queue
[2023-09-27T23:04:11.958-0400] {logging_mixin.py:151} INFO - [2023-09-27T23:04:11.957-0400] {dagbag.py:539} INFO - Filling up the DagBag from /home/beau/airflow/py_env/lib/python3.10/site-packages/airflow/example_dags/example_local_kubernetes_executor.py
[2023-09-27T23:04:11.967-0400] {processor.py:839} INFO - DAG(s) dict_keys(['example_local_kubernetes_executor']) retrieved from /home/beau/airflow/py_env/lib/python3.10/site-packages/airflow/example_dags/example_local_kubernetes_executor.py
[2023-09-27T23:04:11.994-0400] {logging_mixin.py:151} INFO - [2023-09-27T23:04:11.994-0400] {dag.py:2915} INFO - Sync 1 DAGs
[2023-09-27T23:04:12.005-0400] {logging_mixin.py:151} INFO - [2023-09-27T23:04:12.005-0400] {dag.py:3696} INFO - Setting next_dagrun for example_local_kubernetes_executor to None, run_after=None
[2023-09-27T23:04:12.029-0400] {processor.py:179} INFO - Processing /home/beau/airflow/py_env/lib/python3.10/site-packages/airflow/example_dags/example_local_kubernetes_executor.py took 0.081 seconds
[2023-09-27T23:05:06.402-0400] {processor.py:157} INFO - Started process (PID=23564) to work on /home/beau/airflow/py_env/lib/python3.10/site-packages/airflow/example_dags/example_local_kubernetes_executor.py
[2023-09-27T23:05:06.408-0400] {processor.py:829} INFO - Processing file /home/beau/airflow/py_env/lib/python3.10/site-packages/airflow/example_dags/example_local_kubernetes_executor.py for tasks to queue
[2023-09-27T23:05:06.410-0400] {logging_mixin.py:151} INFO - [2023-09-27T23:05:06.409-0400] {dagbag.py:539} INFO - Filling up the DagBag from /home/beau/airflow/py_env/lib/python3.10/site-packages/airflow/example_dags/example_local_kubernetes_executor.py
[2023-09-27T23:05:06.427-0400] {processor.py:839} INFO - DAG(s) dict_keys(['example_local_kubernetes_executor']) retrieved from /home/beau/airflow/py_env/lib/python3.10/site-packages/airflow/example_dags/example_local_kubernetes_executor.py
[2023-09-27T23:05:06.469-0400] {logging_mixin.py:151} INFO - [2023-09-27T23:05:06.469-0400] {dag.py:2915} INFO - Sync 1 DAGs
[2023-09-27T23:05:06.482-0400] {logging_mixin.py:151} INFO - [2023-09-27T23:05:06.482-0400] {dag.py:3696} INFO - Setting next_dagrun for example_local_kubernetes_executor to None, run_after=None
[2023-09-27T23:05:06.514-0400] {processor.py:179} INFO - Processing /home/beau/airflow/py_env/lib/python3.10/site-packages/airflow/example_dags/example_local_kubernetes_executor.py took 0.119 seconds
[2023-09-27T23:06:01.884-0400] {processor.py:157} INFO - Started process (PID=23811) to work on /home/beau/airflow/py_env/lib/python3.10/site-packages/airflow/example_dags/example_local_kubernetes_executor.py
[2023-09-27T23:06:01.888-0400] {processor.py:829} INFO - Processing file /home/beau/airflow/py_env/lib/python3.10/site-packages/airflow/example_dags/example_local_kubernetes_executor.py for tasks to queue
[2023-09-27T23:06:01.889-0400] {logging_mixin.py:151} INFO - [2023-09-27T23:06:01.889-0400] {dagbag.py:539} INFO - Filling up the DagBag from /home/beau/airflow/py_env/lib/python3.10/site-packages/airflow/example_dags/example_local_kubernetes_executor.py
[2023-09-27T23:06:01.899-0400] {processor.py:839} INFO - DAG(s) dict_keys(['example_local_kubernetes_executor']) retrieved from /home/beau/airflow/py_env/lib/python3.10/site-packages/airflow/example_dags/example_local_kubernetes_executor.py
[2023-09-27T23:06:01.931-0400] {logging_mixin.py:151} INFO - [2023-09-27T23:06:01.930-0400] {dag.py:2915} INFO - Sync 1 DAGs
[2023-09-27T23:06:01.941-0400] {logging_mixin.py:151} INFO - [2023-09-27T23:06:01.941-0400] {dag.py:3696} INFO - Setting next_dagrun for example_local_kubernetes_executor to None, run_after=None
[2023-09-27T23:06:01.969-0400] {processor.py:179} INFO - Processing /home/beau/airflow/py_env/lib/python3.10/site-packages/airflow/example_dags/example_local_kubernetes_executor.py took 0.093 seconds
[2023-09-27T23:07:03.346-0400] {processor.py:157} INFO - Started process (PID=24080) to work on /home/beau/airflow/py_env/lib/python3.10/site-packages/airflow/example_dags/example_local_kubernetes_executor.py
[2023-09-27T23:07:03.350-0400] {processor.py:829} INFO - Processing file /home/beau/airflow/py_env/lib/python3.10/site-packages/airflow/example_dags/example_local_kubernetes_executor.py for tasks to queue
[2023-09-27T23:07:03.351-0400] {logging_mixin.py:151} INFO - [2023-09-27T23:07:03.351-0400] {dagbag.py:539} INFO - Filling up the DagBag from /home/beau/airflow/py_env/lib/python3.10/site-packages/airflow/example_dags/example_local_kubernetes_executor.py
[2023-09-27T23:07:03.360-0400] {processor.py:839} INFO - DAG(s) dict_keys(['example_local_kubernetes_executor']) retrieved from /home/beau/airflow/py_env/lib/python3.10/site-packages/airflow/example_dags/example_local_kubernetes_executor.py
[2023-09-27T23:07:03.388-0400] {logging_mixin.py:151} INFO - [2023-09-27T23:07:03.388-0400] {dag.py:2915} INFO - Sync 1 DAGs
[2023-09-27T23:07:03.399-0400] {logging_mixin.py:151} INFO - [2023-09-27T23:07:03.399-0400] {dag.py:3696} INFO - Setting next_dagrun for example_local_kubernetes_executor to None, run_after=None
[2023-09-27T23:07:03.423-0400] {processor.py:179} INFO - Processing /home/beau/airflow/py_env/lib/python3.10/site-packages/airflow/example_dags/example_local_kubernetes_executor.py took 0.081 seconds
[2023-09-27T23:08:04.596-0400] {processor.py:157} INFO - Started process (PID=24410) to work on /home/beau/airflow/py_env/lib/python3.10/site-packages/airflow/example_dags/example_local_kubernetes_executor.py
[2023-09-27T23:08:04.600-0400] {processor.py:829} INFO - Processing file /home/beau/airflow/py_env/lib/python3.10/site-packages/airflow/example_dags/example_local_kubernetes_executor.py for tasks to queue
[2023-09-27T23:08:04.601-0400] {logging_mixin.py:151} INFO - [2023-09-27T23:08:04.601-0400] {dagbag.py:539} INFO - Filling up the DagBag from /home/beau/airflow/py_env/lib/python3.10/site-packages/airflow/example_dags/example_local_kubernetes_executor.py
[2023-09-27T23:08:04.611-0400] {processor.py:839} INFO - DAG(s) dict_keys(['example_local_kubernetes_executor']) retrieved from /home/beau/airflow/py_env/lib/python3.10/site-packages/airflow/example_dags/example_local_kubernetes_executor.py
[2023-09-27T23:08:04.649-0400] {logging_mixin.py:151} INFO - [2023-09-27T23:08:04.648-0400] {dag.py:2915} INFO - Sync 1 DAGs
[2023-09-27T23:08:04.665-0400] {logging_mixin.py:151} INFO - [2023-09-27T23:08:04.664-0400] {dag.py:3696} INFO - Setting next_dagrun for example_local_kubernetes_executor to None, run_after=None
[2023-09-27T23:08:04.701-0400] {processor.py:179} INFO - Processing /home/beau/airflow/py_env/lib/python3.10/site-packages/airflow/example_dags/example_local_kubernetes_executor.py took 0.111 seconds
[2023-09-27T23:09:05.104-0400] {processor.py:157} INFO - Started process (PID=24721) to work on /home/beau/airflow/py_env/lib/python3.10/site-packages/airflow/example_dags/example_local_kubernetes_executor.py
[2023-09-27T23:09:05.109-0400] {processor.py:829} INFO - Processing file /home/beau/airflow/py_env/lib/python3.10/site-packages/airflow/example_dags/example_local_kubernetes_executor.py for tasks to queue
[2023-09-27T23:09:05.111-0400] {logging_mixin.py:151} INFO - [2023-09-27T23:09:05.111-0400] {dagbag.py:539} INFO - Filling up the DagBag from /home/beau/airflow/py_env/lib/python3.10/site-packages/airflow/example_dags/example_local_kubernetes_executor.py
[2023-09-27T23:09:05.128-0400] {processor.py:839} INFO - DAG(s) dict_keys(['example_local_kubernetes_executor']) retrieved from /home/beau/airflow/py_env/lib/python3.10/site-packages/airflow/example_dags/example_local_kubernetes_executor.py
[2023-09-27T23:09:05.164-0400] {logging_mixin.py:151} INFO - [2023-09-27T23:09:05.164-0400] {dag.py:2915} INFO - Sync 1 DAGs
[2023-09-27T23:09:05.175-0400] {logging_mixin.py:151} INFO - [2023-09-27T23:09:05.175-0400] {dag.py:3696} INFO - Setting next_dagrun for example_local_kubernetes_executor to None, run_after=None
[2023-09-27T23:09:05.202-0400] {processor.py:179} INFO - Processing /home/beau/airflow/py_env/lib/python3.10/site-packages/airflow/example_dags/example_local_kubernetes_executor.py took 0.105 seconds
[2023-09-27T23:10:00.064-0400] {processor.py:157} INFO - Started process (PID=24968) to work on /home/beau/airflow/py_env/lib/python3.10/site-packages/airflow/example_dags/example_local_kubernetes_executor.py
[2023-09-27T23:10:00.067-0400] {processor.py:829} INFO - Processing file /home/beau/airflow/py_env/lib/python3.10/site-packages/airflow/example_dags/example_local_kubernetes_executor.py for tasks to queue
[2023-09-27T23:10:00.068-0400] {logging_mixin.py:151} INFO - [2023-09-27T23:10:00.067-0400] {dagbag.py:539} INFO - Filling up the DagBag from /home/beau/airflow/py_env/lib/python3.10/site-packages/airflow/example_dags/example_local_kubernetes_executor.py
[2023-09-27T23:10:00.080-0400] {processor.py:839} INFO - DAG(s) dict_keys(['example_local_kubernetes_executor']) retrieved from /home/beau/airflow/py_env/lib/python3.10/site-packages/airflow/example_dags/example_local_kubernetes_executor.py
[2023-09-27T23:10:00.120-0400] {logging_mixin.py:151} INFO - [2023-09-27T23:10:00.120-0400] {dag.py:2915} INFO - Sync 1 DAGs
[2023-09-27T23:10:00.132-0400] {logging_mixin.py:151} INFO - [2023-09-27T23:10:00.132-0400] {dag.py:3696} INFO - Setting next_dagrun for example_local_kubernetes_executor to None, run_after=None
[2023-09-27T23:10:00.166-0400] {processor.py:179} INFO - Processing /home/beau/airflow/py_env/lib/python3.10/site-packages/airflow/example_dags/example_local_kubernetes_executor.py took 0.105 seconds
[2023-09-27T23:11:01.009-0400] {processor.py:157} INFO - Started process (PID=25237) to work on /home/beau/airflow/py_env/lib/python3.10/site-packages/airflow/example_dags/example_local_kubernetes_executor.py
[2023-09-27T23:11:01.014-0400] {processor.py:829} INFO - Processing file /home/beau/airflow/py_env/lib/python3.10/site-packages/airflow/example_dags/example_local_kubernetes_executor.py for tasks to queue
[2023-09-27T23:11:01.016-0400] {logging_mixin.py:151} INFO - [2023-09-27T23:11:01.015-0400] {dagbag.py:539} INFO - Filling up the DagBag from /home/beau/airflow/py_env/lib/python3.10/site-packages/airflow/example_dags/example_local_kubernetes_executor.py
[2023-09-27T23:11:01.024-0400] {processor.py:839} INFO - DAG(s) dict_keys(['example_local_kubernetes_executor']) retrieved from /home/beau/airflow/py_env/lib/python3.10/site-packages/airflow/example_dags/example_local_kubernetes_executor.py
[2023-09-27T23:11:01.051-0400] {logging_mixin.py:151} INFO - [2023-09-27T23:11:01.051-0400] {dag.py:2915} INFO - Sync 1 DAGs
[2023-09-27T23:11:01.062-0400] {logging_mixin.py:151} INFO - [2023-09-27T23:11:01.061-0400] {dag.py:3696} INFO - Setting next_dagrun for example_local_kubernetes_executor to None, run_after=None
[2023-09-27T23:11:01.083-0400] {processor.py:179} INFO - Processing /home/beau/airflow/py_env/lib/python3.10/site-packages/airflow/example_dags/example_local_kubernetes_executor.py took 0.080 seconds
[2023-09-27T23:11:57.393-0400] {processor.py:157} INFO - Started process (PID=25514) to work on /home/beau/airflow/py_env/lib/python3.10/site-packages/airflow/example_dags/example_local_kubernetes_executor.py
[2023-09-27T23:11:57.397-0400] {processor.py:829} INFO - Processing file /home/beau/airflow/py_env/lib/python3.10/site-packages/airflow/example_dags/example_local_kubernetes_executor.py for tasks to queue
[2023-09-27T23:11:57.398-0400] {logging_mixin.py:151} INFO - [2023-09-27T23:11:57.398-0400] {dagbag.py:539} INFO - Filling up the DagBag from /home/beau/airflow/py_env/lib/python3.10/site-packages/airflow/example_dags/example_local_kubernetes_executor.py
[2023-09-27T23:11:57.404-0400] {processor.py:839} INFO - DAG(s) dict_keys(['example_local_kubernetes_executor']) retrieved from /home/beau/airflow/py_env/lib/python3.10/site-packages/airflow/example_dags/example_local_kubernetes_executor.py
[2023-09-27T23:11:57.428-0400] {logging_mixin.py:151} INFO - [2023-09-27T23:11:57.428-0400] {dag.py:2915} INFO - Sync 1 DAGs
[2023-09-27T23:11:57.437-0400] {logging_mixin.py:151} INFO - [2023-09-27T23:11:57.437-0400] {dag.py:3696} INFO - Setting next_dagrun for example_local_kubernetes_executor to None, run_after=None
[2023-09-27T23:11:57.460-0400] {processor.py:179} INFO - Processing /home/beau/airflow/py_env/lib/python3.10/site-packages/airflow/example_dags/example_local_kubernetes_executor.py took 0.073 seconds
[2023-09-27T23:12:54.659-0400] {processor.py:157} INFO - Started process (PID=25831) to work on /home/beau/airflow/py_env/lib/python3.10/site-packages/airflow/example_dags/example_local_kubernetes_executor.py
[2023-09-27T23:12:54.663-0400] {processor.py:829} INFO - Processing file /home/beau/airflow/py_env/lib/python3.10/site-packages/airflow/example_dags/example_local_kubernetes_executor.py for tasks to queue
[2023-09-27T23:12:54.665-0400] {logging_mixin.py:151} INFO - [2023-09-27T23:12:54.664-0400] {dagbag.py:539} INFO - Filling up the DagBag from /home/beau/airflow/py_env/lib/python3.10/site-packages/airflow/example_dags/example_local_kubernetes_executor.py
[2023-09-27T23:12:54.679-0400] {processor.py:839} INFO - DAG(s) dict_keys(['example_local_kubernetes_executor']) retrieved from /home/beau/airflow/py_env/lib/python3.10/site-packages/airflow/example_dags/example_local_kubernetes_executor.py
[2023-09-27T23:12:54.710-0400] {logging_mixin.py:151} INFO - [2023-09-27T23:12:54.710-0400] {dag.py:2915} INFO - Sync 1 DAGs
[2023-09-27T23:12:54.720-0400] {logging_mixin.py:151} INFO - [2023-09-27T23:12:54.720-0400] {dag.py:3696} INFO - Setting next_dagrun for example_local_kubernetes_executor to None, run_after=None
[2023-09-27T23:12:54.758-0400] {processor.py:179} INFO - Processing /home/beau/airflow/py_env/lib/python3.10/site-packages/airflow/example_dags/example_local_kubernetes_executor.py took 0.108 seconds
[2023-09-27T23:13:47.444-0400] {processor.py:157} INFO - Started process (PID=26017) to work on /home/beau/airflow/py_env/lib/python3.10/site-packages/airflow/example_dags/example_local_kubernetes_executor.py
[2023-09-27T23:13:47.447-0400] {processor.py:829} INFO - Processing file /home/beau/airflow/py_env/lib/python3.10/site-packages/airflow/example_dags/example_local_kubernetes_executor.py for tasks to queue
[2023-09-27T23:13:47.448-0400] {logging_mixin.py:151} INFO - [2023-09-27T23:13:47.448-0400] {dagbag.py:539} INFO - Filling up the DagBag from /home/beau/airflow/py_env/lib/python3.10/site-packages/airflow/example_dags/example_local_kubernetes_executor.py
[2023-09-27T23:13:47.455-0400] {processor.py:839} INFO - DAG(s) dict_keys(['example_local_kubernetes_executor']) retrieved from /home/beau/airflow/py_env/lib/python3.10/site-packages/airflow/example_dags/example_local_kubernetes_executor.py
[2023-09-27T23:13:47.483-0400] {logging_mixin.py:151} INFO - [2023-09-27T23:13:47.483-0400] {dag.py:2915} INFO - Sync 1 DAGs
[2023-09-27T23:13:47.494-0400] {logging_mixin.py:151} INFO - [2023-09-27T23:13:47.494-0400] {dag.py:3696} INFO - Setting next_dagrun for example_local_kubernetes_executor to None, run_after=None
[2023-09-27T23:13:47.517-0400] {processor.py:179} INFO - Processing /home/beau/airflow/py_env/lib/python3.10/site-packages/airflow/example_dags/example_local_kubernetes_executor.py took 0.076 seconds
[2023-09-27T23:14:41.216-0400] {processor.py:157} INFO - Started process (PID=26262) to work on /home/beau/airflow/py_env/lib/python3.10/site-packages/airflow/example_dags/example_local_kubernetes_executor.py
[2023-09-27T23:14:41.222-0400] {processor.py:829} INFO - Processing file /home/beau/airflow/py_env/lib/python3.10/site-packages/airflow/example_dags/example_local_kubernetes_executor.py for tasks to queue
[2023-09-27T23:14:41.224-0400] {logging_mixin.py:151} INFO - [2023-09-27T23:14:41.224-0400] {dagbag.py:539} INFO - Filling up the DagBag from /home/beau/airflow/py_env/lib/python3.10/site-packages/airflow/example_dags/example_local_kubernetes_executor.py
[2023-09-27T23:14:41.235-0400] {processor.py:839} INFO - DAG(s) dict_keys(['example_local_kubernetes_executor']) retrieved from /home/beau/airflow/py_env/lib/python3.10/site-packages/airflow/example_dags/example_local_kubernetes_executor.py
[2023-09-27T23:14:41.268-0400] {logging_mixin.py:151} INFO - [2023-09-27T23:14:41.268-0400] {dag.py:2915} INFO - Sync 1 DAGs
[2023-09-27T23:14:41.277-0400] {logging_mixin.py:151} INFO - [2023-09-27T23:14:41.277-0400] {dag.py:3696} INFO - Setting next_dagrun for example_local_kubernetes_executor to None, run_after=None
[2023-09-27T23:14:41.306-0400] {processor.py:179} INFO - Processing /home/beau/airflow/py_env/lib/python3.10/site-packages/airflow/example_dags/example_local_kubernetes_executor.py took 0.100 seconds
[2023-09-27T23:15:35.741-0400] {processor.py:157} INFO - Started process (PID=26511) to work on /home/beau/airflow/py_env/lib/python3.10/site-packages/airflow/example_dags/example_local_kubernetes_executor.py
[2023-09-27T23:15:35.745-0400] {processor.py:829} INFO - Processing file /home/beau/airflow/py_env/lib/python3.10/site-packages/airflow/example_dags/example_local_kubernetes_executor.py for tasks to queue
[2023-09-27T23:15:35.746-0400] {logging_mixin.py:151} INFO - [2023-09-27T23:15:35.745-0400] {dagbag.py:539} INFO - Filling up the DagBag from /home/beau/airflow/py_env/lib/python3.10/site-packages/airflow/example_dags/example_local_kubernetes_executor.py
[2023-09-27T23:15:35.756-0400] {processor.py:839} INFO - DAG(s) dict_keys(['example_local_kubernetes_executor']) retrieved from /home/beau/airflow/py_env/lib/python3.10/site-packages/airflow/example_dags/example_local_kubernetes_executor.py
[2023-09-27T23:15:35.785-0400] {logging_mixin.py:151} INFO - [2023-09-27T23:15:35.785-0400] {dag.py:2915} INFO - Sync 1 DAGs
[2023-09-27T23:15:35.794-0400] {logging_mixin.py:151} INFO - [2023-09-27T23:15:35.794-0400] {dag.py:3696} INFO - Setting next_dagrun for example_local_kubernetes_executor to None, run_after=None
[2023-09-27T23:15:35.816-0400] {processor.py:179} INFO - Processing /home/beau/airflow/py_env/lib/python3.10/site-packages/airflow/example_dags/example_local_kubernetes_executor.py took 0.079 seconds
[2023-09-27T23:16:32.707-0400] {processor.py:157} INFO - Started process (PID=26765) to work on /home/beau/airflow/py_env/lib/python3.10/site-packages/airflow/example_dags/example_local_kubernetes_executor.py
[2023-09-27T23:16:32.712-0400] {processor.py:829} INFO - Processing file /home/beau/airflow/py_env/lib/python3.10/site-packages/airflow/example_dags/example_local_kubernetes_executor.py for tasks to queue
[2023-09-27T23:16:32.712-0400] {logging_mixin.py:151} INFO - [2023-09-27T23:16:32.712-0400] {dagbag.py:539} INFO - Filling up the DagBag from /home/beau/airflow/py_env/lib/python3.10/site-packages/airflow/example_dags/example_local_kubernetes_executor.py
[2023-09-27T23:16:32.719-0400] {processor.py:839} INFO - DAG(s) dict_keys(['example_local_kubernetes_executor']) retrieved from /home/beau/airflow/py_env/lib/python3.10/site-packages/airflow/example_dags/example_local_kubernetes_executor.py
[2023-09-27T23:16:32.743-0400] {logging_mixin.py:151} INFO - [2023-09-27T23:16:32.743-0400] {dag.py:2915} INFO - Sync 1 DAGs
[2023-09-27T23:16:32.753-0400] {logging_mixin.py:151} INFO - [2023-09-27T23:16:32.753-0400] {dag.py:3696} INFO - Setting next_dagrun for example_local_kubernetes_executor to None, run_after=None
[2023-09-27T23:16:32.779-0400] {processor.py:179} INFO - Processing /home/beau/airflow/py_env/lib/python3.10/site-packages/airflow/example_dags/example_local_kubernetes_executor.py took 0.076 seconds
[2023-09-27T23:17:28.083-0400] {processor.py:157} INFO - Started process (PID=27044) to work on /home/beau/airflow/py_env/lib/python3.10/site-packages/airflow/example_dags/example_local_kubernetes_executor.py
[2023-09-27T23:17:28.085-0400] {processor.py:829} INFO - Processing file /home/beau/airflow/py_env/lib/python3.10/site-packages/airflow/example_dags/example_local_kubernetes_executor.py for tasks to queue
[2023-09-27T23:17:28.086-0400] {logging_mixin.py:151} INFO - [2023-09-27T23:17:28.085-0400] {dagbag.py:539} INFO - Filling up the DagBag from /home/beau/airflow/py_env/lib/python3.10/site-packages/airflow/example_dags/example_local_kubernetes_executor.py
[2023-09-27T23:17:28.092-0400] {processor.py:839} INFO - DAG(s) dict_keys(['example_local_kubernetes_executor']) retrieved from /home/beau/airflow/py_env/lib/python3.10/site-packages/airflow/example_dags/example_local_kubernetes_executor.py
[2023-09-27T23:17:28.136-0400] {logging_mixin.py:151} INFO - [2023-09-27T23:17:28.136-0400] {dag.py:2915} INFO - Sync 1 DAGs
[2023-09-27T23:17:28.145-0400] {logging_mixin.py:151} INFO - [2023-09-27T23:17:28.145-0400] {dag.py:3696} INFO - Setting next_dagrun for example_local_kubernetes_executor to None, run_after=None
[2023-09-27T23:17:28.173-0400] {processor.py:179} INFO - Processing /home/beau/airflow/py_env/lib/python3.10/site-packages/airflow/example_dags/example_local_kubernetes_executor.py took 0.093 seconds
[2023-09-27T23:18:21.527-0400] {processor.py:157} INFO - Started process (PID=27347) to work on /home/beau/airflow/py_env/lib/python3.10/site-packages/airflow/example_dags/example_local_kubernetes_executor.py
[2023-09-27T23:18:21.531-0400] {processor.py:829} INFO - Processing file /home/beau/airflow/py_env/lib/python3.10/site-packages/airflow/example_dags/example_local_kubernetes_executor.py for tasks to queue
[2023-09-27T23:18:21.533-0400] {logging_mixin.py:151} INFO - [2023-09-27T23:18:21.532-0400] {dagbag.py:539} INFO - Filling up the DagBag from /home/beau/airflow/py_env/lib/python3.10/site-packages/airflow/example_dags/example_local_kubernetes_executor.py
[2023-09-27T23:18:21.544-0400] {processor.py:839} INFO - DAG(s) dict_keys(['example_local_kubernetes_executor']) retrieved from /home/beau/airflow/py_env/lib/python3.10/site-packages/airflow/example_dags/example_local_kubernetes_executor.py
[2023-09-27T23:18:21.571-0400] {logging_mixin.py:151} INFO - [2023-09-27T23:18:21.571-0400] {dag.py:2915} INFO - Sync 1 DAGs
[2023-09-27T23:18:21.580-0400] {logging_mixin.py:151} INFO - [2023-09-27T23:18:21.580-0400] {dag.py:3696} INFO - Setting next_dagrun for example_local_kubernetes_executor to None, run_after=None
[2023-09-27T23:18:21.603-0400] {processor.py:179} INFO - Processing /home/beau/airflow/py_env/lib/python3.10/site-packages/airflow/example_dags/example_local_kubernetes_executor.py took 0.081 seconds
[2023-09-27T23:19:14.474-0400] {processor.py:157} INFO - Started process (PID=27879) to work on /home/beau/airflow/py_env/lib/python3.10/site-packages/airflow/example_dags/example_local_kubernetes_executor.py
[2023-09-27T23:19:14.478-0400] {processor.py:829} INFO - Processing file /home/beau/airflow/py_env/lib/python3.10/site-packages/airflow/example_dags/example_local_kubernetes_executor.py for tasks to queue
[2023-09-27T23:19:14.479-0400] {logging_mixin.py:151} INFO - [2023-09-27T23:19:14.478-0400] {dagbag.py:539} INFO - Filling up the DagBag from /home/beau/airflow/py_env/lib/python3.10/site-packages/airflow/example_dags/example_local_kubernetes_executor.py
[2023-09-27T23:19:14.489-0400] {processor.py:839} INFO - DAG(s) dict_keys(['example_local_kubernetes_executor']) retrieved from /home/beau/airflow/py_env/lib/python3.10/site-packages/airflow/example_dags/example_local_kubernetes_executor.py
[2023-09-27T23:19:14.520-0400] {logging_mixin.py:151} INFO - [2023-09-27T23:19:14.520-0400] {dag.py:2915} INFO - Sync 1 DAGs
[2023-09-27T23:19:14.536-0400] {logging_mixin.py:151} INFO - [2023-09-27T23:19:14.536-0400] {dag.py:3696} INFO - Setting next_dagrun for example_local_kubernetes_executor to None, run_after=None
[2023-09-27T23:19:14.575-0400] {processor.py:179} INFO - Processing /home/beau/airflow/py_env/lib/python3.10/site-packages/airflow/example_dags/example_local_kubernetes_executor.py took 0.104 seconds
[2023-09-27T23:20:09.996-0400] {processor.py:157} INFO - Started process (PID=28475) to work on /home/beau/airflow/py_env/lib/python3.10/site-packages/airflow/example_dags/example_local_kubernetes_executor.py
[2023-09-27T23:20:10.002-0400] {processor.py:829} INFO - Processing file /home/beau/airflow/py_env/lib/python3.10/site-packages/airflow/example_dags/example_local_kubernetes_executor.py for tasks to queue
[2023-09-27T23:20:10.004-0400] {logging_mixin.py:151} INFO - [2023-09-27T23:20:10.003-0400] {dagbag.py:539} INFO - Filling up the DagBag from /home/beau/airflow/py_env/lib/python3.10/site-packages/airflow/example_dags/example_local_kubernetes_executor.py
[2023-09-27T23:20:10.011-0400] {processor.py:839} INFO - DAG(s) dict_keys(['example_local_kubernetes_executor']) retrieved from /home/beau/airflow/py_env/lib/python3.10/site-packages/airflow/example_dags/example_local_kubernetes_executor.py
[2023-09-27T23:20:10.043-0400] {logging_mixin.py:151} INFO - [2023-09-27T23:20:10.043-0400] {dag.py:2915} INFO - Sync 1 DAGs
[2023-09-27T23:20:10.058-0400] {logging_mixin.py:151} INFO - [2023-09-27T23:20:10.058-0400] {dag.py:3696} INFO - Setting next_dagrun for example_local_kubernetes_executor to None, run_after=None
[2023-09-27T23:20:10.087-0400] {processor.py:179} INFO - Processing /home/beau/airflow/py_env/lib/python3.10/site-packages/airflow/example_dags/example_local_kubernetes_executor.py took 0.098 seconds
[2023-09-27T23:21:08.432-0400] {processor.py:157} INFO - Started process (PID=29006) to work on /home/beau/airflow/py_env/lib/python3.10/site-packages/airflow/example_dags/example_local_kubernetes_executor.py
[2023-09-27T23:21:08.436-0400] {processor.py:829} INFO - Processing file /home/beau/airflow/py_env/lib/python3.10/site-packages/airflow/example_dags/example_local_kubernetes_executor.py for tasks to queue
[2023-09-27T23:21:08.438-0400] {logging_mixin.py:151} INFO - [2023-09-27T23:21:08.437-0400] {dagbag.py:539} INFO - Filling up the DagBag from /home/beau/airflow/py_env/lib/python3.10/site-packages/airflow/example_dags/example_local_kubernetes_executor.py
[2023-09-27T23:21:08.450-0400] {processor.py:839} INFO - DAG(s) dict_keys(['example_local_kubernetes_executor']) retrieved from /home/beau/airflow/py_env/lib/python3.10/site-packages/airflow/example_dags/example_local_kubernetes_executor.py
[2023-09-27T23:21:08.477-0400] {logging_mixin.py:151} INFO - [2023-09-27T23:21:08.477-0400] {dag.py:2915} INFO - Sync 1 DAGs
[2023-09-27T23:21:08.486-0400] {logging_mixin.py:151} INFO - [2023-09-27T23:21:08.486-0400] {dag.py:3696} INFO - Setting next_dagrun for example_local_kubernetes_executor to None, run_after=None
[2023-09-27T23:21:08.509-0400] {processor.py:179} INFO - Processing /home/beau/airflow/py_env/lib/python3.10/site-packages/airflow/example_dags/example_local_kubernetes_executor.py took 0.083 seconds
[2023-09-27T23:22:04.466-0400] {processor.py:157} INFO - Started process (PID=29446) to work on /home/beau/airflow/py_env/lib/python3.10/site-packages/airflow/example_dags/example_local_kubernetes_executor.py
[2023-09-27T23:22:04.470-0400] {processor.py:829} INFO - Processing file /home/beau/airflow/py_env/lib/python3.10/site-packages/airflow/example_dags/example_local_kubernetes_executor.py for tasks to queue
[2023-09-27T23:22:04.471-0400] {logging_mixin.py:151} INFO - [2023-09-27T23:22:04.471-0400] {dagbag.py:539} INFO - Filling up the DagBag from /home/beau/airflow/py_env/lib/python3.10/site-packages/airflow/example_dags/example_local_kubernetes_executor.py
[2023-09-27T23:22:04.485-0400] {processor.py:839} INFO - DAG(s) dict_keys(['example_local_kubernetes_executor']) retrieved from /home/beau/airflow/py_env/lib/python3.10/site-packages/airflow/example_dags/example_local_kubernetes_executor.py
[2023-09-27T23:22:04.520-0400] {logging_mixin.py:151} INFO - [2023-09-27T23:22:04.519-0400] {dag.py:2915} INFO - Sync 1 DAGs
[2023-09-27T23:22:04.535-0400] {logging_mixin.py:151} INFO - [2023-09-27T23:22:04.535-0400] {dag.py:3696} INFO - Setting next_dagrun for example_local_kubernetes_executor to None, run_after=None
[2023-09-27T23:22:04.578-0400] {processor.py:179} INFO - Processing /home/beau/airflow/py_env/lib/python3.10/site-packages/airflow/example_dags/example_local_kubernetes_executor.py took 0.120 seconds
[2023-09-27T23:23:04.744-0400] {processor.py:157} INFO - Started process (PID=29881) to work on /home/beau/airflow/py_env/lib/python3.10/site-packages/airflow/example_dags/example_local_kubernetes_executor.py
[2023-09-27T23:23:04.749-0400] {processor.py:829} INFO - Processing file /home/beau/airflow/py_env/lib/python3.10/site-packages/airflow/example_dags/example_local_kubernetes_executor.py for tasks to queue
[2023-09-27T23:23:04.751-0400] {logging_mixin.py:151} INFO - [2023-09-27T23:23:04.750-0400] {dagbag.py:539} INFO - Filling up the DagBag from /home/beau/airflow/py_env/lib/python3.10/site-packages/airflow/example_dags/example_local_kubernetes_executor.py
[2023-09-27T23:23:04.762-0400] {processor.py:839} INFO - DAG(s) dict_keys(['example_local_kubernetes_executor']) retrieved from /home/beau/airflow/py_env/lib/python3.10/site-packages/airflow/example_dags/example_local_kubernetes_executor.py
[2023-09-27T23:23:04.795-0400] {logging_mixin.py:151} INFO - [2023-09-27T23:23:04.795-0400] {dag.py:2915} INFO - Sync 1 DAGs
[2023-09-27T23:23:04.807-0400] {logging_mixin.py:151} INFO - [2023-09-27T23:23:04.807-0400] {dag.py:3696} INFO - Setting next_dagrun for example_local_kubernetes_executor to None, run_after=None
[2023-09-27T23:23:04.834-0400] {processor.py:179} INFO - Processing /home/beau/airflow/py_env/lib/python3.10/site-packages/airflow/example_dags/example_local_kubernetes_executor.py took 0.096 seconds
[2023-09-27T23:24:01.952-0400] {processor.py:157} INFO - Started process (PID=30367) to work on /home/beau/airflow/py_env/lib/python3.10/site-packages/airflow/example_dags/example_local_kubernetes_executor.py
[2023-09-27T23:24:01.957-0400] {processor.py:829} INFO - Processing file /home/beau/airflow/py_env/lib/python3.10/site-packages/airflow/example_dags/example_local_kubernetes_executor.py for tasks to queue
[2023-09-27T23:24:01.958-0400] {logging_mixin.py:151} INFO - [2023-09-27T23:24:01.958-0400] {dagbag.py:539} INFO - Filling up the DagBag from /home/beau/airflow/py_env/lib/python3.10/site-packages/airflow/example_dags/example_local_kubernetes_executor.py
[2023-09-27T23:24:01.970-0400] {processor.py:839} INFO - DAG(s) dict_keys(['example_local_kubernetes_executor']) retrieved from /home/beau/airflow/py_env/lib/python3.10/site-packages/airflow/example_dags/example_local_kubernetes_executor.py
[2023-09-27T23:24:01.995-0400] {logging_mixin.py:151} INFO - [2023-09-27T23:24:01.994-0400] {dag.py:2915} INFO - Sync 1 DAGs
[2023-09-27T23:24:02.003-0400] {logging_mixin.py:151} INFO - [2023-09-27T23:24:02.003-0400] {dag.py:3696} INFO - Setting next_dagrun for example_local_kubernetes_executor to None, run_after=None
[2023-09-27T23:24:02.026-0400] {processor.py:179} INFO - Processing /home/beau/airflow/py_env/lib/python3.10/site-packages/airflow/example_dags/example_local_kubernetes_executor.py took 0.080 seconds
