[2023-09-27T22:33:14.388-0400] {processor.py:157} INFO - Started process (PID=8336) to work on /home/beau/airflow/py_env/lib/python3.10/site-packages/airflow/example_dags/example_task_group.py
[2023-09-27T22:33:14.389-0400] {processor.py:829} INFO - Processing file /home/beau/airflow/py_env/lib/python3.10/site-packages/airflow/example_dags/example_task_group.py for tasks to queue
[2023-09-27T22:33:14.390-0400] {logging_mixin.py:151} INFO - [2023-09-27T22:33:14.390-0400] {dagbag.py:539} INFO - Filling up the DagBag from /home/beau/airflow/py_env/lib/python3.10/site-packages/airflow/example_dags/example_task_group.py
[2023-09-27T22:33:14.397-0400] {processor.py:839} INFO - DAG(s) dict_keys(['example_task_group']) retrieved from /home/beau/airflow/py_env/lib/python3.10/site-packages/airflow/example_dags/example_task_group.py
[2023-09-27T22:33:14.419-0400] {logging_mixin.py:151} INFO - [2023-09-27T22:33:14.419-0400] {dag.py:2915} INFO - Sync 1 DAGs
[2023-09-27T22:33:14.439-0400] {logging_mixin.py:151} INFO - [2023-09-27T22:33:14.439-0400] {dag.py:3696} INFO - Setting next_dagrun for example_task_group to 2023-09-27T02:33:14.439372+00:00, run_after=2023-09-28T02:33:14.439372+00:00
[2023-09-27T22:33:14.465-0400] {processor.py:179} INFO - Processing /home/beau/airflow/py_env/lib/python3.10/site-packages/airflow/example_dags/example_task_group.py took 0.080 seconds
[2023-09-27T22:34:02.478-0400] {processor.py:157} INFO - Started process (PID=8940) to work on /home/beau/airflow/py_env/lib/python3.10/site-packages/airflow/example_dags/example_task_group.py
[2023-09-27T22:34:02.481-0400] {processor.py:829} INFO - Processing file /home/beau/airflow/py_env/lib/python3.10/site-packages/airflow/example_dags/example_task_group.py for tasks to queue
[2023-09-27T22:34:02.482-0400] {logging_mixin.py:151} INFO - [2023-09-27T22:34:02.482-0400] {dagbag.py:539} INFO - Filling up the DagBag from /home/beau/airflow/py_env/lib/python3.10/site-packages/airflow/example_dags/example_task_group.py
[2023-09-27T22:34:02.497-0400] {processor.py:839} INFO - DAG(s) dict_keys(['example_task_group']) retrieved from /home/beau/airflow/py_env/lib/python3.10/site-packages/airflow/example_dags/example_task_group.py
[2023-09-27T22:34:02.513-0400] {logging_mixin.py:151} INFO - [2023-09-27T22:34:02.513-0400] {dag.py:2915} INFO - Sync 1 DAGs
[2023-09-27T22:34:02.529-0400] {logging_mixin.py:151} INFO - [2023-09-27T22:34:02.529-0400] {dag.py:3696} INFO - Setting next_dagrun for example_task_group to 2023-09-27T02:34:02.528884+00:00, run_after=2023-09-28T02:34:02.528884+00:00
[2023-09-27T22:34:02.551-0400] {processor.py:179} INFO - Processing /home/beau/airflow/py_env/lib/python3.10/site-packages/airflow/example_dags/example_task_group.py took 0.081 seconds
[2023-09-27T22:34:51.729-0400] {processor.py:157} INFO - Started process (PID=9176) to work on /home/beau/airflow/py_env/lib/python3.10/site-packages/airflow/example_dags/example_task_group.py
[2023-09-27T22:34:51.733-0400] {processor.py:829} INFO - Processing file /home/beau/airflow/py_env/lib/python3.10/site-packages/airflow/example_dags/example_task_group.py for tasks to queue
[2023-09-27T22:34:51.734-0400] {logging_mixin.py:151} INFO - [2023-09-27T22:34:51.734-0400] {dagbag.py:539} INFO - Filling up the DagBag from /home/beau/airflow/py_env/lib/python3.10/site-packages/airflow/example_dags/example_task_group.py
[2023-09-27T22:34:51.747-0400] {processor.py:839} INFO - DAG(s) dict_keys(['example_task_group']) retrieved from /home/beau/airflow/py_env/lib/python3.10/site-packages/airflow/example_dags/example_task_group.py
[2023-09-27T22:34:51.766-0400] {logging_mixin.py:151} INFO - [2023-09-27T22:34:51.766-0400] {dag.py:2915} INFO - Sync 1 DAGs
[2023-09-27T22:34:51.793-0400] {logging_mixin.py:151} INFO - [2023-09-27T22:34:51.793-0400] {dag.py:3696} INFO - Setting next_dagrun for example_task_group to 2023-09-27T02:34:51.793043+00:00, run_after=2023-09-28T02:34:51.793043+00:00
[2023-09-27T22:34:51.823-0400] {processor.py:179} INFO - Processing /home/beau/airflow/py_env/lib/python3.10/site-packages/airflow/example_dags/example_task_group.py took 0.099 seconds
[2023-09-27T22:35:56.077-0400] {processor.py:157} INFO - Started process (PID=9982) to work on /home/beau/airflow/py_env/lib/python3.10/site-packages/airflow/example_dags/example_task_group.py
[2023-09-27T22:35:56.079-0400] {processor.py:829} INFO - Processing file /home/beau/airflow/py_env/lib/python3.10/site-packages/airflow/example_dags/example_task_group.py for tasks to queue
[2023-09-27T22:35:56.080-0400] {logging_mixin.py:151} INFO - [2023-09-27T22:35:56.079-0400] {dagbag.py:539} INFO - Filling up the DagBag from /home/beau/airflow/py_env/lib/python3.10/site-packages/airflow/example_dags/example_task_group.py
[2023-09-27T22:35:56.088-0400] {processor.py:839} INFO - DAG(s) dict_keys(['example_task_group']) retrieved from /home/beau/airflow/py_env/lib/python3.10/site-packages/airflow/example_dags/example_task_group.py
[2023-09-27T22:35:56.104-0400] {logging_mixin.py:151} INFO - [2023-09-27T22:35:56.104-0400] {dag.py:2915} INFO - Sync 1 DAGs
[2023-09-27T22:35:56.229-0400] {logging_mixin.py:151} INFO - [2023-09-27T22:35:56.229-0400] {dag.py:3696} INFO - Setting next_dagrun for example_task_group to 2023-09-27T02:35:56.229491+00:00, run_after=2023-09-28T02:35:56.229491+00:00
[2023-09-27T22:35:56.255-0400] {processor.py:179} INFO - Processing /home/beau/airflow/py_env/lib/python3.10/site-packages/airflow/example_dags/example_task_group.py took 0.181 seconds
[2023-09-27T22:36:47.594-0400] {processor.py:157} INFO - Started process (PID=10556) to work on /home/beau/airflow/py_env/lib/python3.10/site-packages/airflow/example_dags/example_task_group.py
[2023-09-27T22:36:47.596-0400] {processor.py:829} INFO - Processing file /home/beau/airflow/py_env/lib/python3.10/site-packages/airflow/example_dags/example_task_group.py for tasks to queue
[2023-09-27T22:36:47.598-0400] {logging_mixin.py:151} INFO - [2023-09-27T22:36:47.597-0400] {dagbag.py:539} INFO - Filling up the DagBag from /home/beau/airflow/py_env/lib/python3.10/site-packages/airflow/example_dags/example_task_group.py
[2023-09-27T22:36:47.609-0400] {processor.py:839} INFO - DAG(s) dict_keys(['example_task_group']) retrieved from /home/beau/airflow/py_env/lib/python3.10/site-packages/airflow/example_dags/example_task_group.py
[2023-09-27T22:36:47.633-0400] {logging_mixin.py:151} INFO - [2023-09-27T22:36:47.632-0400] {dag.py:2915} INFO - Sync 1 DAGs
[2023-09-27T22:36:47.655-0400] {logging_mixin.py:151} INFO - [2023-09-27T22:36:47.655-0400] {dag.py:3696} INFO - Setting next_dagrun for example_task_group to 2023-09-27T02:36:47.654940+00:00, run_after=2023-09-28T02:36:47.654940+00:00
[2023-09-27T22:36:47.685-0400] {processor.py:179} INFO - Processing /home/beau/airflow/py_env/lib/python3.10/site-packages/airflow/example_dags/example_task_group.py took 0.094 seconds
[2023-09-27T22:37:29.561-0400] {processor.py:157} INFO - Started process (PID=10816) to work on /home/beau/airflow/py_env/lib/python3.10/site-packages/airflow/example_dags/example_task_group.py
[2023-09-27T22:37:29.563-0400] {processor.py:829} INFO - Processing file /home/beau/airflow/py_env/lib/python3.10/site-packages/airflow/example_dags/example_task_group.py for tasks to queue
[2023-09-27T22:37:29.564-0400] {logging_mixin.py:151} INFO - [2023-09-27T22:37:29.564-0400] {dagbag.py:539} INFO - Filling up the DagBag from /home/beau/airflow/py_env/lib/python3.10/site-packages/airflow/example_dags/example_task_group.py
[2023-09-27T22:37:29.573-0400] {processor.py:839} INFO - DAG(s) dict_keys(['example_task_group']) retrieved from /home/beau/airflow/py_env/lib/python3.10/site-packages/airflow/example_dags/example_task_group.py
[2023-09-27T22:37:29.591-0400] {logging_mixin.py:151} INFO - [2023-09-27T22:37:29.590-0400] {dag.py:2915} INFO - Sync 1 DAGs
[2023-09-27T22:37:29.609-0400] {logging_mixin.py:151} INFO - [2023-09-27T22:37:29.609-0400] {dag.py:3696} INFO - Setting next_dagrun for example_task_group to 2023-09-27T02:37:29.608995+00:00, run_after=2023-09-28T02:37:29.608995+00:00
[2023-09-27T22:37:29.638-0400] {processor.py:179} INFO - Processing /home/beau/airflow/py_env/lib/python3.10/site-packages/airflow/example_dags/example_task_group.py took 0.080 seconds
[2023-09-27T22:38:13.430-0400] {processor.py:157} INFO - Started process (PID=11255) to work on /home/beau/airflow/py_env/lib/python3.10/site-packages/airflow/example_dags/example_task_group.py
[2023-09-27T22:38:13.433-0400] {processor.py:829} INFO - Processing file /home/beau/airflow/py_env/lib/python3.10/site-packages/airflow/example_dags/example_task_group.py for tasks to queue
[2023-09-27T22:38:13.436-0400] {logging_mixin.py:151} INFO - [2023-09-27T22:38:13.435-0400] {dagbag.py:539} INFO - Filling up the DagBag from /home/beau/airflow/py_env/lib/python3.10/site-packages/airflow/example_dags/example_task_group.py
[2023-09-27T22:38:13.447-0400] {processor.py:839} INFO - DAG(s) dict_keys(['example_task_group']) retrieved from /home/beau/airflow/py_env/lib/python3.10/site-packages/airflow/example_dags/example_task_group.py
[2023-09-27T22:38:13.479-0400] {logging_mixin.py:151} INFO - [2023-09-27T22:38:13.478-0400] {dag.py:2915} INFO - Sync 1 DAGs
[2023-09-27T22:38:13.510-0400] {logging_mixin.py:151} INFO - [2023-09-27T22:38:13.510-0400] {dag.py:3696} INFO - Setting next_dagrun for example_task_group to 2023-09-27T02:38:13.509878+00:00, run_after=2023-09-28T02:38:13.509878+00:00
[2023-09-27T22:38:13.544-0400] {processor.py:179} INFO - Processing /home/beau/airflow/py_env/lib/python3.10/site-packages/airflow/example_dags/example_task_group.py took 0.118 seconds
[2023-09-27T22:39:08.914-0400] {processor.py:157} INFO - Started process (PID=11762) to work on /home/beau/airflow/py_env/lib/python3.10/site-packages/airflow/example_dags/example_task_group.py
[2023-09-27T22:39:08.918-0400] {processor.py:829} INFO - Processing file /home/beau/airflow/py_env/lib/python3.10/site-packages/airflow/example_dags/example_task_group.py for tasks to queue
[2023-09-27T22:39:08.919-0400] {logging_mixin.py:151} INFO - [2023-09-27T22:39:08.918-0400] {dagbag.py:539} INFO - Filling up the DagBag from /home/beau/airflow/py_env/lib/python3.10/site-packages/airflow/example_dags/example_task_group.py
[2023-09-27T22:39:08.928-0400] {processor.py:839} INFO - DAG(s) dict_keys(['example_task_group']) retrieved from /home/beau/airflow/py_env/lib/python3.10/site-packages/airflow/example_dags/example_task_group.py
[2023-09-27T22:39:08.948-0400] {logging_mixin.py:151} INFO - [2023-09-27T22:39:08.947-0400] {dag.py:2915} INFO - Sync 1 DAGs
[2023-09-27T22:39:08.964-0400] {logging_mixin.py:151} INFO - [2023-09-27T22:39:08.963-0400] {dag.py:3696} INFO - Setting next_dagrun for example_task_group to 2023-09-27T02:39:08.963697+00:00, run_after=2023-09-28T02:39:08.963697+00:00
[2023-09-27T22:39:08.987-0400] {processor.py:179} INFO - Processing /home/beau/airflow/py_env/lib/python3.10/site-packages/airflow/example_dags/example_task_group.py took 0.079 seconds
[2023-09-27T22:40:04.633-0400] {processor.py:157} INFO - Started process (PID=12059) to work on /home/beau/airflow/py_env/lib/python3.10/site-packages/airflow/example_dags/example_task_group.py
[2023-09-27T22:40:04.637-0400] {processor.py:829} INFO - Processing file /home/beau/airflow/py_env/lib/python3.10/site-packages/airflow/example_dags/example_task_group.py for tasks to queue
[2023-09-27T22:40:04.638-0400] {logging_mixin.py:151} INFO - [2023-09-27T22:40:04.638-0400] {dagbag.py:539} INFO - Filling up the DagBag from /home/beau/airflow/py_env/lib/python3.10/site-packages/airflow/example_dags/example_task_group.py
[2023-09-27T22:40:04.652-0400] {processor.py:839} INFO - DAG(s) dict_keys(['example_task_group']) retrieved from /home/beau/airflow/py_env/lib/python3.10/site-packages/airflow/example_dags/example_task_group.py
[2023-09-27T22:40:04.677-0400] {logging_mixin.py:151} INFO - [2023-09-27T22:40:04.677-0400] {dag.py:2915} INFO - Sync 1 DAGs
[2023-09-27T22:40:04.701-0400] {logging_mixin.py:151} INFO - [2023-09-27T22:40:04.701-0400] {dag.py:3696} INFO - Setting next_dagrun for example_task_group to 2023-09-27T02:40:04.701345+00:00, run_after=2023-09-28T02:40:04.701345+00:00
[2023-09-27T22:40:04.728-0400] {processor.py:179} INFO - Processing /home/beau/airflow/py_env/lib/python3.10/site-packages/airflow/example_dags/example_task_group.py took 0.101 seconds
[2023-09-27T22:40:46.693-0400] {processor.py:157} INFO - Started process (PID=12233) to work on /home/beau/airflow/py_env/lib/python3.10/site-packages/airflow/example_dags/example_task_group.py
[2023-09-27T22:40:46.696-0400] {processor.py:829} INFO - Processing file /home/beau/airflow/py_env/lib/python3.10/site-packages/airflow/example_dags/example_task_group.py for tasks to queue
[2023-09-27T22:40:46.698-0400] {logging_mixin.py:151} INFO - [2023-09-27T22:40:46.697-0400] {dagbag.py:539} INFO - Filling up the DagBag from /home/beau/airflow/py_env/lib/python3.10/site-packages/airflow/example_dags/example_task_group.py
[2023-09-27T22:40:46.709-0400] {processor.py:839} INFO - DAG(s) dict_keys(['example_task_group']) retrieved from /home/beau/airflow/py_env/lib/python3.10/site-packages/airflow/example_dags/example_task_group.py
[2023-09-27T22:40:46.728-0400] {logging_mixin.py:151} INFO - [2023-09-27T22:40:46.728-0400] {dag.py:2915} INFO - Sync 1 DAGs
[2023-09-27T22:40:46.755-0400] {logging_mixin.py:151} INFO - [2023-09-27T22:40:46.755-0400] {dag.py:3696} INFO - Setting next_dagrun for example_task_group to 2023-09-27T02:40:46.755072+00:00, run_after=2023-09-28T02:40:46.755072+00:00
[2023-09-27T22:40:46.789-0400] {processor.py:179} INFO - Processing /home/beau/airflow/py_env/lib/python3.10/site-packages/airflow/example_dags/example_task_group.py took 0.100 seconds
[2023-09-27T22:41:45.560-0400] {processor.py:157} INFO - Started process (PID=12561) to work on /home/beau/airflow/py_env/lib/python3.10/site-packages/airflow/example_dags/example_task_group.py
[2023-09-27T22:41:45.564-0400] {processor.py:829} INFO - Processing file /home/beau/airflow/py_env/lib/python3.10/site-packages/airflow/example_dags/example_task_group.py for tasks to queue
[2023-09-27T22:41:45.565-0400] {logging_mixin.py:151} INFO - [2023-09-27T22:41:45.565-0400] {dagbag.py:539} INFO - Filling up the DagBag from /home/beau/airflow/py_env/lib/python3.10/site-packages/airflow/example_dags/example_task_group.py
[2023-09-27T22:41:45.579-0400] {processor.py:839} INFO - DAG(s) dict_keys(['example_task_group']) retrieved from /home/beau/airflow/py_env/lib/python3.10/site-packages/airflow/example_dags/example_task_group.py
[2023-09-27T22:41:45.594-0400] {logging_mixin.py:151} INFO - [2023-09-27T22:41:45.593-0400] {dag.py:2915} INFO - Sync 1 DAGs
[2023-09-27T22:41:45.611-0400] {logging_mixin.py:151} INFO - [2023-09-27T22:41:45.610-0400] {dag.py:3696} INFO - Setting next_dagrun for example_task_group to 2023-09-27T02:41:45.610648+00:00, run_after=2023-09-28T02:41:45.610648+00:00
[2023-09-27T22:41:45.636-0400] {processor.py:179} INFO - Processing /home/beau/airflow/py_env/lib/python3.10/site-packages/airflow/example_dags/example_task_group.py took 0.082 seconds
[2023-09-27T22:42:44.456-0400] {processor.py:157} INFO - Started process (PID=13036) to work on /home/beau/airflow/py_env/lib/python3.10/site-packages/airflow/example_dags/example_task_group.py
[2023-09-27T22:42:44.459-0400] {processor.py:829} INFO - Processing file /home/beau/airflow/py_env/lib/python3.10/site-packages/airflow/example_dags/example_task_group.py for tasks to queue
[2023-09-27T22:42:44.460-0400] {logging_mixin.py:151} INFO - [2023-09-27T22:42:44.460-0400] {dagbag.py:539} INFO - Filling up the DagBag from /home/beau/airflow/py_env/lib/python3.10/site-packages/airflow/example_dags/example_task_group.py
[2023-09-27T22:42:44.467-0400] {processor.py:839} INFO - DAG(s) dict_keys(['example_task_group']) retrieved from /home/beau/airflow/py_env/lib/python3.10/site-packages/airflow/example_dags/example_task_group.py
[2023-09-27T22:42:44.483-0400] {logging_mixin.py:151} INFO - [2023-09-27T22:42:44.483-0400] {dag.py:2915} INFO - Sync 1 DAGs
[2023-09-27T22:42:44.500-0400] {logging_mixin.py:151} INFO - [2023-09-27T22:42:44.500-0400] {dag.py:3696} INFO - Setting next_dagrun for example_task_group to 2023-09-27T02:42:44.500159+00:00, run_after=2023-09-28T02:42:44.500159+00:00
[2023-09-27T22:42:44.524-0400] {processor.py:179} INFO - Processing /home/beau/airflow/py_env/lib/python3.10/site-packages/airflow/example_dags/example_task_group.py took 0.071 seconds
[2023-09-27T22:43:38.827-0400] {processor.py:157} INFO - Started process (PID=13460) to work on /home/beau/airflow/py_env/lib/python3.10/site-packages/airflow/example_dags/example_task_group.py
[2023-09-27T22:43:38.830-0400] {processor.py:829} INFO - Processing file /home/beau/airflow/py_env/lib/python3.10/site-packages/airflow/example_dags/example_task_group.py for tasks to queue
[2023-09-27T22:43:38.831-0400] {logging_mixin.py:151} INFO - [2023-09-27T22:43:38.831-0400] {dagbag.py:539} INFO - Filling up the DagBag from /home/beau/airflow/py_env/lib/python3.10/site-packages/airflow/example_dags/example_task_group.py
[2023-09-27T22:43:38.839-0400] {processor.py:839} INFO - DAG(s) dict_keys(['example_task_group']) retrieved from /home/beau/airflow/py_env/lib/python3.10/site-packages/airflow/example_dags/example_task_group.py
[2023-09-27T22:43:38.856-0400] {logging_mixin.py:151} INFO - [2023-09-27T22:43:38.855-0400] {dag.py:2915} INFO - Sync 1 DAGs
[2023-09-27T22:43:38.876-0400] {logging_mixin.py:151} INFO - [2023-09-27T22:43:38.875-0400] {dag.py:3696} INFO - Setting next_dagrun for example_task_group to 2023-09-27T02:43:38.875583+00:00, run_after=2023-09-28T02:43:38.875583+00:00
[2023-09-27T22:43:38.904-0400] {processor.py:179} INFO - Processing /home/beau/airflow/py_env/lib/python3.10/site-packages/airflow/example_dags/example_task_group.py took 0.084 seconds
[2023-09-27T22:44:39.914-0400] {processor.py:157} INFO - Started process (PID=13966) to work on /home/beau/airflow/py_env/lib/python3.10/site-packages/airflow/example_dags/example_task_group.py
[2023-09-27T22:44:39.917-0400] {processor.py:829} INFO - Processing file /home/beau/airflow/py_env/lib/python3.10/site-packages/airflow/example_dags/example_task_group.py for tasks to queue
[2023-09-27T22:44:39.919-0400] {logging_mixin.py:151} INFO - [2023-09-27T22:44:39.918-0400] {dagbag.py:539} INFO - Filling up the DagBag from /home/beau/airflow/py_env/lib/python3.10/site-packages/airflow/example_dags/example_task_group.py
[2023-09-27T22:44:39.927-0400] {processor.py:839} INFO - DAG(s) dict_keys(['example_task_group']) retrieved from /home/beau/airflow/py_env/lib/python3.10/site-packages/airflow/example_dags/example_task_group.py
[2023-09-27T22:44:39.942-0400] {logging_mixin.py:151} INFO - [2023-09-27T22:44:39.942-0400] {dag.py:2915} INFO - Sync 1 DAGs
[2023-09-27T22:44:39.961-0400] {logging_mixin.py:151} INFO - [2023-09-27T22:44:39.961-0400] {dag.py:3696} INFO - Setting next_dagrun for example_task_group to 2023-09-27T02:44:39.961335+00:00, run_after=2023-09-28T02:44:39.961335+00:00
[2023-09-27T22:44:39.987-0400] {processor.py:179} INFO - Processing /home/beau/airflow/py_env/lib/python3.10/site-packages/airflow/example_dags/example_task_group.py took 0.076 seconds
[2023-09-27T22:45:32.966-0400] {processor.py:157} INFO - Started process (PID=14398) to work on /home/beau/airflow/py_env/lib/python3.10/site-packages/airflow/example_dags/example_task_group.py
[2023-09-27T22:45:32.978-0400] {processor.py:829} INFO - Processing file /home/beau/airflow/py_env/lib/python3.10/site-packages/airflow/example_dags/example_task_group.py for tasks to queue
[2023-09-27T22:45:32.980-0400] {logging_mixin.py:151} INFO - [2023-09-27T22:45:32.979-0400] {dagbag.py:539} INFO - Filling up the DagBag from /home/beau/airflow/py_env/lib/python3.10/site-packages/airflow/example_dags/example_task_group.py
[2023-09-27T22:45:32.999-0400] {processor.py:839} INFO - DAG(s) dict_keys(['example_task_group']) retrieved from /home/beau/airflow/py_env/lib/python3.10/site-packages/airflow/example_dags/example_task_group.py
[2023-09-27T22:45:33.034-0400] {logging_mixin.py:151} INFO - [2023-09-27T22:45:33.033-0400] {dag.py:2915} INFO - Sync 1 DAGs
[2023-09-27T22:45:33.067-0400] {logging_mixin.py:151} INFO - [2023-09-27T22:45:33.066-0400] {dag.py:3696} INFO - Setting next_dagrun for example_task_group to 2023-09-27T02:45:33.066606+00:00, run_after=2023-09-28T02:45:33.066606+00:00
[2023-09-27T22:45:33.098-0400] {processor.py:179} INFO - Processing /home/beau/airflow/py_env/lib/python3.10/site-packages/airflow/example_dags/example_task_group.py took 0.142 seconds
[2023-09-27T22:46:35.528-0400] {processor.py:157} INFO - Started process (PID=15254) to work on /home/beau/airflow/py_env/lib/python3.10/site-packages/airflow/example_dags/example_task_group.py
[2023-09-27T22:46:35.531-0400] {processor.py:829} INFO - Processing file /home/beau/airflow/py_env/lib/python3.10/site-packages/airflow/example_dags/example_task_group.py for tasks to queue
[2023-09-27T22:46:35.532-0400] {logging_mixin.py:151} INFO - [2023-09-27T22:46:35.532-0400] {dagbag.py:539} INFO - Filling up the DagBag from /home/beau/airflow/py_env/lib/python3.10/site-packages/airflow/example_dags/example_task_group.py
[2023-09-27T22:46:35.540-0400] {processor.py:839} INFO - DAG(s) dict_keys(['example_task_group']) retrieved from /home/beau/airflow/py_env/lib/python3.10/site-packages/airflow/example_dags/example_task_group.py
[2023-09-27T22:46:35.563-0400] {logging_mixin.py:151} INFO - [2023-09-27T22:46:35.563-0400] {dag.py:2915} INFO - Sync 1 DAGs
[2023-09-27T22:46:35.582-0400] {logging_mixin.py:151} INFO - [2023-09-27T22:46:35.581-0400] {dag.py:3696} INFO - Setting next_dagrun for example_task_group to 2023-09-27T02:46:35.581824+00:00, run_after=2023-09-28T02:46:35.581824+00:00
[2023-09-27T22:46:35.607-0400] {processor.py:179} INFO - Processing /home/beau/airflow/py_env/lib/python3.10/site-packages/airflow/example_dags/example_task_group.py took 0.084 seconds
[2023-09-27T22:47:33.958-0400] {processor.py:157} INFO - Started process (PID=15935) to work on /home/beau/airflow/py_env/lib/python3.10/site-packages/airflow/example_dags/example_task_group.py
[2023-09-27T22:47:33.962-0400] {processor.py:829} INFO - Processing file /home/beau/airflow/py_env/lib/python3.10/site-packages/airflow/example_dags/example_task_group.py for tasks to queue
[2023-09-27T22:47:33.963-0400] {logging_mixin.py:151} INFO - [2023-09-27T22:47:33.963-0400] {dagbag.py:539} INFO - Filling up the DagBag from /home/beau/airflow/py_env/lib/python3.10/site-packages/airflow/example_dags/example_task_group.py
[2023-09-27T22:47:33.971-0400] {processor.py:839} INFO - DAG(s) dict_keys(['example_task_group']) retrieved from /home/beau/airflow/py_env/lib/python3.10/site-packages/airflow/example_dags/example_task_group.py
[2023-09-27T22:47:33.987-0400] {logging_mixin.py:151} INFO - [2023-09-27T22:47:33.987-0400] {dag.py:2915} INFO - Sync 1 DAGs
[2023-09-27T22:47:34.004-0400] {logging_mixin.py:151} INFO - [2023-09-27T22:47:34.004-0400] {dag.py:3696} INFO - Setting next_dagrun for example_task_group to 2023-09-27T02:47:34.003971+00:00, run_after=2023-09-28T02:47:34.003971+00:00
[2023-09-27T22:47:34.031-0400] {processor.py:179} INFO - Processing /home/beau/airflow/py_env/lib/python3.10/site-packages/airflow/example_dags/example_task_group.py took 0.076 seconds
[2023-09-27T22:48:33.859-0400] {processor.py:157} INFO - Started process (PID=16538) to work on /home/beau/airflow/py_env/lib/python3.10/site-packages/airflow/example_dags/example_task_group.py
[2023-09-27T22:48:33.863-0400] {processor.py:829} INFO - Processing file /home/beau/airflow/py_env/lib/python3.10/site-packages/airflow/example_dags/example_task_group.py for tasks to queue
[2023-09-27T22:48:33.865-0400] {logging_mixin.py:151} INFO - [2023-09-27T22:48:33.864-0400] {dagbag.py:539} INFO - Filling up the DagBag from /home/beau/airflow/py_env/lib/python3.10/site-packages/airflow/example_dags/example_task_group.py
[2023-09-27T22:48:33.877-0400] {processor.py:839} INFO - DAG(s) dict_keys(['example_task_group']) retrieved from /home/beau/airflow/py_env/lib/python3.10/site-packages/airflow/example_dags/example_task_group.py
[2023-09-27T22:48:33.896-0400] {logging_mixin.py:151} INFO - [2023-09-27T22:48:33.896-0400] {dag.py:2915} INFO - Sync 1 DAGs
[2023-09-27T22:48:33.915-0400] {logging_mixin.py:151} INFO - [2023-09-27T22:48:33.915-0400] {dag.py:3696} INFO - Setting next_dagrun for example_task_group to 2023-09-27T02:48:33.915011+00:00, run_after=2023-09-28T02:48:33.915011+00:00
[2023-09-27T22:48:33.942-0400] {processor.py:179} INFO - Processing /home/beau/airflow/py_env/lib/python3.10/site-packages/airflow/example_dags/example_task_group.py took 0.088 seconds
[2023-09-27T22:49:31.739-0400] {processor.py:157} INFO - Started process (PID=17020) to work on /home/beau/airflow/py_env/lib/python3.10/site-packages/airflow/example_dags/example_task_group.py
[2023-09-27T22:49:31.744-0400] {processor.py:829} INFO - Processing file /home/beau/airflow/py_env/lib/python3.10/site-packages/airflow/example_dags/example_task_group.py for tasks to queue
[2023-09-27T22:49:31.746-0400] {logging_mixin.py:151} INFO - [2023-09-27T22:49:31.745-0400] {dagbag.py:539} INFO - Filling up the DagBag from /home/beau/airflow/py_env/lib/python3.10/site-packages/airflow/example_dags/example_task_group.py
[2023-09-27T22:49:31.757-0400] {processor.py:839} INFO - DAG(s) dict_keys(['example_task_group']) retrieved from /home/beau/airflow/py_env/lib/python3.10/site-packages/airflow/example_dags/example_task_group.py
[2023-09-27T22:49:31.774-0400] {logging_mixin.py:151} INFO - [2023-09-27T22:49:31.774-0400] {dag.py:2915} INFO - Sync 1 DAGs
[2023-09-27T22:49:31.792-0400] {logging_mixin.py:151} INFO - [2023-09-27T22:49:31.792-0400] {dag.py:3696} INFO - Setting next_dagrun for example_task_group to 2023-09-27T02:49:31.792380+00:00, run_after=2023-09-28T02:49:31.792380+00:00
[2023-09-27T22:49:31.816-0400] {processor.py:179} INFO - Processing /home/beau/airflow/py_env/lib/python3.10/site-packages/airflow/example_dags/example_task_group.py took 0.085 seconds
[2023-09-27T22:50:28.643-0400] {processor.py:157} INFO - Started process (PID=17281) to work on /home/beau/airflow/py_env/lib/python3.10/site-packages/airflow/example_dags/example_task_group.py
[2023-09-27T22:50:28.645-0400] {processor.py:829} INFO - Processing file /home/beau/airflow/py_env/lib/python3.10/site-packages/airflow/example_dags/example_task_group.py for tasks to queue
[2023-09-27T22:50:28.646-0400] {logging_mixin.py:151} INFO - [2023-09-27T22:50:28.646-0400] {dagbag.py:539} INFO - Filling up the DagBag from /home/beau/airflow/py_env/lib/python3.10/site-packages/airflow/example_dags/example_task_group.py
[2023-09-27T22:50:28.658-0400] {processor.py:839} INFO - DAG(s) dict_keys(['example_task_group']) retrieved from /home/beau/airflow/py_env/lib/python3.10/site-packages/airflow/example_dags/example_task_group.py
[2023-09-27T22:50:28.674-0400] {logging_mixin.py:151} INFO - [2023-09-27T22:50:28.674-0400] {dag.py:2915} INFO - Sync 1 DAGs
[2023-09-27T22:50:28.690-0400] {logging_mixin.py:151} INFO - [2023-09-27T22:50:28.690-0400] {dag.py:3696} INFO - Setting next_dagrun for example_task_group to 2023-09-27T02:50:28.690101+00:00, run_after=2023-09-28T02:50:28.690101+00:00
[2023-09-27T22:50:28.716-0400] {processor.py:179} INFO - Processing /home/beau/airflow/py_env/lib/python3.10/site-packages/airflow/example_dags/example_task_group.py took 0.078 seconds
[2023-09-27T22:51:23.342-0400] {processor.py:157} INFO - Started process (PID=17529) to work on /home/beau/airflow/py_env/lib/python3.10/site-packages/airflow/example_dags/example_task_group.py
[2023-09-27T22:51:23.345-0400] {processor.py:829} INFO - Processing file /home/beau/airflow/py_env/lib/python3.10/site-packages/airflow/example_dags/example_task_group.py for tasks to queue
[2023-09-27T22:51:23.346-0400] {logging_mixin.py:151} INFO - [2023-09-27T22:51:23.346-0400] {dagbag.py:539} INFO - Filling up the DagBag from /home/beau/airflow/py_env/lib/python3.10/site-packages/airflow/example_dags/example_task_group.py
[2023-09-27T22:51:23.353-0400] {processor.py:839} INFO - DAG(s) dict_keys(['example_task_group']) retrieved from /home/beau/airflow/py_env/lib/python3.10/site-packages/airflow/example_dags/example_task_group.py
[2023-09-27T22:51:23.368-0400] {logging_mixin.py:151} INFO - [2023-09-27T22:51:23.368-0400] {dag.py:2915} INFO - Sync 1 DAGs
[2023-09-27T22:51:23.384-0400] {logging_mixin.py:151} INFO - [2023-09-27T22:51:23.384-0400] {dag.py:3696} INFO - Setting next_dagrun for example_task_group to 2023-09-27T02:51:23.383901+00:00, run_after=2023-09-28T02:51:23.383901+00:00
[2023-09-27T22:51:23.409-0400] {processor.py:179} INFO - Processing /home/beau/airflow/py_env/lib/python3.10/site-packages/airflow/example_dags/example_task_group.py took 0.074 seconds
[2023-09-27T22:52:19.328-0400] {processor.py:157} INFO - Started process (PID=17789) to work on /home/beau/airflow/py_env/lib/python3.10/site-packages/airflow/example_dags/example_task_group.py
[2023-09-27T22:52:19.332-0400] {processor.py:829} INFO - Processing file /home/beau/airflow/py_env/lib/python3.10/site-packages/airflow/example_dags/example_task_group.py for tasks to queue
[2023-09-27T22:52:19.334-0400] {logging_mixin.py:151} INFO - [2023-09-27T22:52:19.333-0400] {dagbag.py:539} INFO - Filling up the DagBag from /home/beau/airflow/py_env/lib/python3.10/site-packages/airflow/example_dags/example_task_group.py
[2023-09-27T22:52:19.341-0400] {processor.py:839} INFO - DAG(s) dict_keys(['example_task_group']) retrieved from /home/beau/airflow/py_env/lib/python3.10/site-packages/airflow/example_dags/example_task_group.py
[2023-09-27T22:52:19.357-0400] {logging_mixin.py:151} INFO - [2023-09-27T22:52:19.357-0400] {dag.py:2915} INFO - Sync 1 DAGs
[2023-09-27T22:52:19.375-0400] {logging_mixin.py:151} INFO - [2023-09-27T22:52:19.375-0400] {dag.py:3696} INFO - Setting next_dagrun for example_task_group to 2023-09-27T02:52:19.374916+00:00, run_after=2023-09-28T02:52:19.374916+00:00
[2023-09-27T22:52:19.401-0400] {processor.py:179} INFO - Processing /home/beau/airflow/py_env/lib/python3.10/site-packages/airflow/example_dags/example_task_group.py took 0.079 seconds
[2023-09-27T22:53:11.338-0400] {processor.py:157} INFO - Started process (PID=18206) to work on /home/beau/airflow/py_env/lib/python3.10/site-packages/airflow/example_dags/example_task_group.py
[2023-09-27T22:53:11.340-0400] {processor.py:829} INFO - Processing file /home/beau/airflow/py_env/lib/python3.10/site-packages/airflow/example_dags/example_task_group.py for tasks to queue
[2023-09-27T22:53:11.342-0400] {logging_mixin.py:151} INFO - [2023-09-27T22:53:11.341-0400] {dagbag.py:539} INFO - Filling up the DagBag from /home/beau/airflow/py_env/lib/python3.10/site-packages/airflow/example_dags/example_task_group.py
[2023-09-27T22:53:11.357-0400] {processor.py:839} INFO - DAG(s) dict_keys(['example_task_group']) retrieved from /home/beau/airflow/py_env/lib/python3.10/site-packages/airflow/example_dags/example_task_group.py
[2023-09-27T22:53:11.375-0400] {logging_mixin.py:151} INFO - [2023-09-27T22:53:11.375-0400] {dag.py:2915} INFO - Sync 1 DAGs
[2023-09-27T22:53:11.392-0400] {logging_mixin.py:151} INFO - [2023-09-27T22:53:11.392-0400] {dag.py:3696} INFO - Setting next_dagrun for example_task_group to 2023-09-27T02:53:11.392414+00:00, run_after=2023-09-28T02:53:11.392414+00:00
[2023-09-27T22:53:11.417-0400] {processor.py:179} INFO - Processing /home/beau/airflow/py_env/lib/python3.10/site-packages/airflow/example_dags/example_task_group.py took 0.085 seconds
[2023-09-27T22:54:04.273-0400] {processor.py:157} INFO - Started process (PID=18659) to work on /home/beau/airflow/py_env/lib/python3.10/site-packages/airflow/example_dags/example_task_group.py
[2023-09-27T22:54:04.277-0400] {processor.py:829} INFO - Processing file /home/beau/airflow/py_env/lib/python3.10/site-packages/airflow/example_dags/example_task_group.py for tasks to queue
[2023-09-27T22:54:04.278-0400] {logging_mixin.py:151} INFO - [2023-09-27T22:54:04.278-0400] {dagbag.py:539} INFO - Filling up the DagBag from /home/beau/airflow/py_env/lib/python3.10/site-packages/airflow/example_dags/example_task_group.py
[2023-09-27T22:54:04.289-0400] {processor.py:839} INFO - DAG(s) dict_keys(['example_task_group']) retrieved from /home/beau/airflow/py_env/lib/python3.10/site-packages/airflow/example_dags/example_task_group.py
[2023-09-27T22:54:04.307-0400] {logging_mixin.py:151} INFO - [2023-09-27T22:54:04.307-0400] {dag.py:2915} INFO - Sync 1 DAGs
[2023-09-27T22:54:04.324-0400] {logging_mixin.py:151} INFO - [2023-09-27T22:54:04.323-0400] {dag.py:3696} INFO - Setting next_dagrun for example_task_group to 2023-09-27T02:54:04.323718+00:00, run_after=2023-09-28T02:54:04.323718+00:00
[2023-09-27T22:54:04.362-0400] {processor.py:179} INFO - Processing /home/beau/airflow/py_env/lib/python3.10/site-packages/airflow/example_dags/example_task_group.py took 0.094 seconds
[2023-09-27T22:54:59.696-0400] {processor.py:157} INFO - Started process (PID=19310) to work on /home/beau/airflow/py_env/lib/python3.10/site-packages/airflow/example_dags/example_task_group.py
[2023-09-27T22:54:59.700-0400] {processor.py:829} INFO - Processing file /home/beau/airflow/py_env/lib/python3.10/site-packages/airflow/example_dags/example_task_group.py for tasks to queue
[2023-09-27T22:54:59.701-0400] {logging_mixin.py:151} INFO - [2023-09-27T22:54:59.700-0400] {dagbag.py:539} INFO - Filling up the DagBag from /home/beau/airflow/py_env/lib/python3.10/site-packages/airflow/example_dags/example_task_group.py
[2023-09-27T22:54:59.714-0400] {processor.py:839} INFO - DAG(s) dict_keys(['example_task_group']) retrieved from /home/beau/airflow/py_env/lib/python3.10/site-packages/airflow/example_dags/example_task_group.py
[2023-09-27T22:54:59.740-0400] {logging_mixin.py:151} INFO - [2023-09-27T22:54:59.740-0400] {dag.py:2915} INFO - Sync 1 DAGs
[2023-09-27T22:54:59.757-0400] {logging_mixin.py:151} INFO - [2023-09-27T22:54:59.757-0400] {dag.py:3696} INFO - Setting next_dagrun for example_task_group to 2023-09-27T02:54:59.757573+00:00, run_after=2023-09-28T02:54:59.757573+00:00
[2023-09-27T22:54:59.786-0400] {processor.py:179} INFO - Processing /home/beau/airflow/py_env/lib/python3.10/site-packages/airflow/example_dags/example_task_group.py took 0.093 seconds
[2023-09-27T22:55:59.073-0400] {processor.py:157} INFO - Started process (PID=19722) to work on /home/beau/airflow/py_env/lib/python3.10/site-packages/airflow/example_dags/example_task_group.py
[2023-09-27T22:55:59.075-0400] {processor.py:829} INFO - Processing file /home/beau/airflow/py_env/lib/python3.10/site-packages/airflow/example_dags/example_task_group.py for tasks to queue
[2023-09-27T22:55:59.076-0400] {logging_mixin.py:151} INFO - [2023-09-27T22:55:59.076-0400] {dagbag.py:539} INFO - Filling up the DagBag from /home/beau/airflow/py_env/lib/python3.10/site-packages/airflow/example_dags/example_task_group.py
[2023-09-27T22:55:59.083-0400] {processor.py:839} INFO - DAG(s) dict_keys(['example_task_group']) retrieved from /home/beau/airflow/py_env/lib/python3.10/site-packages/airflow/example_dags/example_task_group.py
[2023-09-27T22:55:59.100-0400] {logging_mixin.py:151} INFO - [2023-09-27T22:55:59.100-0400] {dag.py:2915} INFO - Sync 1 DAGs
[2023-09-27T22:55:59.118-0400] {logging_mixin.py:151} INFO - [2023-09-27T22:55:59.118-0400] {dag.py:3696} INFO - Setting next_dagrun for example_task_group to 2023-09-27T02:55:59.118463+00:00, run_after=2023-09-28T02:55:59.118463+00:00
[2023-09-27T22:55:59.146-0400] {processor.py:179} INFO - Processing /home/beau/airflow/py_env/lib/python3.10/site-packages/airflow/example_dags/example_task_group.py took 0.077 seconds
[2023-09-27T22:56:51.200-0400] {processor.py:157} INFO - Started process (PID=20337) to work on /home/beau/airflow/py_env/lib/python3.10/site-packages/airflow/example_dags/example_task_group.py
[2023-09-27T22:56:51.204-0400] {processor.py:829} INFO - Processing file /home/beau/airflow/py_env/lib/python3.10/site-packages/airflow/example_dags/example_task_group.py for tasks to queue
[2023-09-27T22:56:51.206-0400] {logging_mixin.py:151} INFO - [2023-09-27T22:56:51.205-0400] {dagbag.py:539} INFO - Filling up the DagBag from /home/beau/airflow/py_env/lib/python3.10/site-packages/airflow/example_dags/example_task_group.py
[2023-09-27T22:56:51.220-0400] {processor.py:839} INFO - DAG(s) dict_keys(['example_task_group']) retrieved from /home/beau/airflow/py_env/lib/python3.10/site-packages/airflow/example_dags/example_task_group.py
[2023-09-27T22:56:51.240-0400] {logging_mixin.py:151} INFO - [2023-09-27T22:56:51.240-0400] {dag.py:2915} INFO - Sync 1 DAGs
[2023-09-27T22:56:51.260-0400] {logging_mixin.py:151} INFO - [2023-09-27T22:56:51.260-0400] {dag.py:3696} INFO - Setting next_dagrun for example_task_group to 2023-09-27T02:56:51.260541+00:00, run_after=2023-09-28T02:56:51.260541+00:00
[2023-09-27T22:56:51.288-0400] {processor.py:179} INFO - Processing /home/beau/airflow/py_env/lib/python3.10/site-packages/airflow/example_dags/example_task_group.py took 0.093 seconds
[2023-09-27T22:57:41.838-0400] {processor.py:157} INFO - Started process (PID=20747) to work on /home/beau/airflow/py_env/lib/python3.10/site-packages/airflow/example_dags/example_task_group.py
[2023-09-27T22:57:41.841-0400] {processor.py:829} INFO - Processing file /home/beau/airflow/py_env/lib/python3.10/site-packages/airflow/example_dags/example_task_group.py for tasks to queue
[2023-09-27T22:57:41.843-0400] {logging_mixin.py:151} INFO - [2023-09-27T22:57:41.842-0400] {dagbag.py:539} INFO - Filling up the DagBag from /home/beau/airflow/py_env/lib/python3.10/site-packages/airflow/example_dags/example_task_group.py
[2023-09-27T22:57:41.851-0400] {processor.py:839} INFO - DAG(s) dict_keys(['example_task_group']) retrieved from /home/beau/airflow/py_env/lib/python3.10/site-packages/airflow/example_dags/example_task_group.py
[2023-09-27T22:57:41.867-0400] {logging_mixin.py:151} INFO - [2023-09-27T22:57:41.867-0400] {dag.py:2915} INFO - Sync 1 DAGs
[2023-09-27T22:57:41.887-0400] {logging_mixin.py:151} INFO - [2023-09-27T22:57:41.887-0400] {dag.py:3696} INFO - Setting next_dagrun for example_task_group to 2023-09-27T02:57:41.887049+00:00, run_after=2023-09-28T02:57:41.887049+00:00
[2023-09-27T22:57:41.912-0400] {processor.py:179} INFO - Processing /home/beau/airflow/py_env/lib/python3.10/site-packages/airflow/example_dags/example_task_group.py took 0.078 seconds
[2023-09-27T22:58:32.837-0400] {processor.py:157} INFO - Started process (PID=21277) to work on /home/beau/airflow/py_env/lib/python3.10/site-packages/airflow/example_dags/example_task_group.py
[2023-09-27T22:58:32.841-0400] {processor.py:829} INFO - Processing file /home/beau/airflow/py_env/lib/python3.10/site-packages/airflow/example_dags/example_task_group.py for tasks to queue
[2023-09-27T22:58:32.842-0400] {logging_mixin.py:151} INFO - [2023-09-27T22:58:32.842-0400] {dagbag.py:539} INFO - Filling up the DagBag from /home/beau/airflow/py_env/lib/python3.10/site-packages/airflow/example_dags/example_task_group.py
[2023-09-27T22:58:32.850-0400] {processor.py:839} INFO - DAG(s) dict_keys(['example_task_group']) retrieved from /home/beau/airflow/py_env/lib/python3.10/site-packages/airflow/example_dags/example_task_group.py
[2023-09-27T22:58:32.866-0400] {logging_mixin.py:151} INFO - [2023-09-27T22:58:32.866-0400] {dag.py:2915} INFO - Sync 1 DAGs
[2023-09-27T22:58:32.882-0400] {logging_mixin.py:151} INFO - [2023-09-27T22:58:32.882-0400] {dag.py:3696} INFO - Setting next_dagrun for example_task_group to 2023-09-27T02:58:32.882302+00:00, run_after=2023-09-28T02:58:32.882302+00:00
[2023-09-27T22:58:32.906-0400] {processor.py:179} INFO - Processing /home/beau/airflow/py_env/lib/python3.10/site-packages/airflow/example_dags/example_task_group.py took 0.072 seconds
[2023-09-27T22:59:27.888-0400] {processor.py:157} INFO - Started process (PID=21708) to work on /home/beau/airflow/py_env/lib/python3.10/site-packages/airflow/example_dags/example_task_group.py
[2023-09-27T22:59:27.891-0400] {processor.py:829} INFO - Processing file /home/beau/airflow/py_env/lib/python3.10/site-packages/airflow/example_dags/example_task_group.py for tasks to queue
[2023-09-27T22:59:27.893-0400] {logging_mixin.py:151} INFO - [2023-09-27T22:59:27.892-0400] {dagbag.py:539} INFO - Filling up the DagBag from /home/beau/airflow/py_env/lib/python3.10/site-packages/airflow/example_dags/example_task_group.py
[2023-09-27T22:59:27.903-0400] {processor.py:839} INFO - DAG(s) dict_keys(['example_task_group']) retrieved from /home/beau/airflow/py_env/lib/python3.10/site-packages/airflow/example_dags/example_task_group.py
[2023-09-27T22:59:27.922-0400] {logging_mixin.py:151} INFO - [2023-09-27T22:59:27.922-0400] {dag.py:2915} INFO - Sync 1 DAGs
[2023-09-27T22:59:27.940-0400] {logging_mixin.py:151} INFO - [2023-09-27T22:59:27.940-0400] {dag.py:3696} INFO - Setting next_dagrun for example_task_group to 2023-09-27T02:59:27.940128+00:00, run_after=2023-09-28T02:59:27.940128+00:00
[2023-09-27T22:59:27.965-0400] {processor.py:179} INFO - Processing /home/beau/airflow/py_env/lib/python3.10/site-packages/airflow/example_dags/example_task_group.py took 0.082 seconds
[2023-09-27T23:00:22.728-0400] {processor.py:157} INFO - Started process (PID=21961) to work on /home/beau/airflow/py_env/lib/python3.10/site-packages/airflow/example_dags/example_task_group.py
[2023-09-27T23:00:22.731-0400] {processor.py:829} INFO - Processing file /home/beau/airflow/py_env/lib/python3.10/site-packages/airflow/example_dags/example_task_group.py for tasks to queue
[2023-09-27T23:00:22.734-0400] {logging_mixin.py:151} INFO - [2023-09-27T23:00:22.733-0400] {dagbag.py:539} INFO - Filling up the DagBag from /home/beau/airflow/py_env/lib/python3.10/site-packages/airflow/example_dags/example_task_group.py
[2023-09-27T23:00:22.744-0400] {processor.py:839} INFO - DAG(s) dict_keys(['example_task_group']) retrieved from /home/beau/airflow/py_env/lib/python3.10/site-packages/airflow/example_dags/example_task_group.py
[2023-09-27T23:00:22.764-0400] {logging_mixin.py:151} INFO - [2023-09-27T23:00:22.763-0400] {dag.py:2915} INFO - Sync 1 DAGs
[2023-09-27T23:00:22.786-0400] {logging_mixin.py:151} INFO - [2023-09-27T23:00:22.786-0400] {dag.py:3696} INFO - Setting next_dagrun for example_task_group to 2023-09-27T03:00:22.785683+00:00, run_after=2023-09-28T03:00:22.785683+00:00
[2023-09-27T23:00:22.811-0400] {processor.py:179} INFO - Processing /home/beau/airflow/py_env/lib/python3.10/site-packages/airflow/example_dags/example_task_group.py took 0.089 seconds
[2023-09-27T23:01:14.449-0400] {processor.py:157} INFO - Started process (PID=22200) to work on /home/beau/airflow/py_env/lib/python3.10/site-packages/airflow/example_dags/example_task_group.py
[2023-09-27T23:01:14.454-0400] {processor.py:829} INFO - Processing file /home/beau/airflow/py_env/lib/python3.10/site-packages/airflow/example_dags/example_task_group.py for tasks to queue
[2023-09-27T23:01:14.455-0400] {logging_mixin.py:151} INFO - [2023-09-27T23:01:14.455-0400] {dagbag.py:539} INFO - Filling up the DagBag from /home/beau/airflow/py_env/lib/python3.10/site-packages/airflow/example_dags/example_task_group.py
[2023-09-27T23:01:14.462-0400] {processor.py:839} INFO - DAG(s) dict_keys(['example_task_group']) retrieved from /home/beau/airflow/py_env/lib/python3.10/site-packages/airflow/example_dags/example_task_group.py
[2023-09-27T23:01:14.476-0400] {logging_mixin.py:151} INFO - [2023-09-27T23:01:14.476-0400] {dag.py:2915} INFO - Sync 1 DAGs
[2023-09-27T23:01:14.491-0400] {logging_mixin.py:151} INFO - [2023-09-27T23:01:14.491-0400] {dag.py:3696} INFO - Setting next_dagrun for example_task_group to 2023-09-27T03:01:14.491551+00:00, run_after=2023-09-28T03:01:14.491551+00:00
[2023-09-27T23:01:14.517-0400] {processor.py:179} INFO - Processing /home/beau/airflow/py_env/lib/python3.10/site-packages/airflow/example_dags/example_task_group.py took 0.072 seconds
[2023-09-27T23:02:07.726-0400] {processor.py:157} INFO - Started process (PID=22446) to work on /home/beau/airflow/py_env/lib/python3.10/site-packages/airflow/example_dags/example_task_group.py
[2023-09-27T23:02:07.731-0400] {processor.py:829} INFO - Processing file /home/beau/airflow/py_env/lib/python3.10/site-packages/airflow/example_dags/example_task_group.py for tasks to queue
[2023-09-27T23:02:07.732-0400] {logging_mixin.py:151} INFO - [2023-09-27T23:02:07.732-0400] {dagbag.py:539} INFO - Filling up the DagBag from /home/beau/airflow/py_env/lib/python3.10/site-packages/airflow/example_dags/example_task_group.py
[2023-09-27T23:02:07.747-0400] {processor.py:839} INFO - DAG(s) dict_keys(['example_task_group']) retrieved from /home/beau/airflow/py_env/lib/python3.10/site-packages/airflow/example_dags/example_task_group.py
[2023-09-27T23:02:07.774-0400] {logging_mixin.py:151} INFO - [2023-09-27T23:02:07.773-0400] {dag.py:2915} INFO - Sync 1 DAGs
[2023-09-27T23:02:07.789-0400] {logging_mixin.py:151} INFO - [2023-09-27T23:02:07.789-0400] {dag.py:3696} INFO - Setting next_dagrun for example_task_group to 2023-09-27T03:02:07.789259+00:00, run_after=2023-09-28T03:02:07.789259+00:00
[2023-09-27T23:02:07.817-0400] {processor.py:179} INFO - Processing /home/beau/airflow/py_env/lib/python3.10/site-packages/airflow/example_dags/example_task_group.py took 0.097 seconds
[2023-09-27T23:02:57.308-0400] {processor.py:157} INFO - Started process (PID=22746) to work on /home/beau/airflow/py_env/lib/python3.10/site-packages/airflow/example_dags/example_task_group.py
[2023-09-27T23:02:57.312-0400] {processor.py:829} INFO - Processing file /home/beau/airflow/py_env/lib/python3.10/site-packages/airflow/example_dags/example_task_group.py for tasks to queue
[2023-09-27T23:02:57.314-0400] {logging_mixin.py:151} INFO - [2023-09-27T23:02:57.313-0400] {dagbag.py:539} INFO - Filling up the DagBag from /home/beau/airflow/py_env/lib/python3.10/site-packages/airflow/example_dags/example_task_group.py
[2023-09-27T23:02:57.323-0400] {processor.py:839} INFO - DAG(s) dict_keys(['example_task_group']) retrieved from /home/beau/airflow/py_env/lib/python3.10/site-packages/airflow/example_dags/example_task_group.py
[2023-09-27T23:02:57.337-0400] {logging_mixin.py:151} INFO - [2023-09-27T23:02:57.337-0400] {dag.py:2915} INFO - Sync 1 DAGs
[2023-09-27T23:02:57.352-0400] {logging_mixin.py:151} INFO - [2023-09-27T23:02:57.352-0400] {dag.py:3696} INFO - Setting next_dagrun for example_task_group to 2023-09-27T03:02:57.352360+00:00, run_after=2023-09-28T03:02:57.352360+00:00
[2023-09-27T23:02:57.376-0400] {processor.py:179} INFO - Processing /home/beau/airflow/py_env/lib/python3.10/site-packages/airflow/example_dags/example_task_group.py took 0.072 seconds
[2023-09-27T23:03:47.345-0400] {processor.py:157} INFO - Started process (PID=23040) to work on /home/beau/airflow/py_env/lib/python3.10/site-packages/airflow/example_dags/example_task_group.py
[2023-09-27T23:03:47.349-0400] {processor.py:829} INFO - Processing file /home/beau/airflow/py_env/lib/python3.10/site-packages/airflow/example_dags/example_task_group.py for tasks to queue
[2023-09-27T23:03:47.350-0400] {logging_mixin.py:151} INFO - [2023-09-27T23:03:47.349-0400] {dagbag.py:539} INFO - Filling up the DagBag from /home/beau/airflow/py_env/lib/python3.10/site-packages/airflow/example_dags/example_task_group.py
[2023-09-27T23:03:47.358-0400] {processor.py:839} INFO - DAG(s) dict_keys(['example_task_group']) retrieved from /home/beau/airflow/py_env/lib/python3.10/site-packages/airflow/example_dags/example_task_group.py
[2023-09-27T23:03:47.377-0400] {logging_mixin.py:151} INFO - [2023-09-27T23:03:47.377-0400] {dag.py:2915} INFO - Sync 1 DAGs
[2023-09-27T23:03:47.399-0400] {logging_mixin.py:151} INFO - [2023-09-27T23:03:47.399-0400] {dag.py:3696} INFO - Setting next_dagrun for example_task_group to 2023-09-27T03:03:47.399378+00:00, run_after=2023-09-28T03:03:47.399378+00:00
[2023-09-27T23:03:47.432-0400] {processor.py:179} INFO - Processing /home/beau/airflow/py_env/lib/python3.10/site-packages/airflow/example_dags/example_task_group.py took 0.091 seconds
[2023-09-27T23:04:43.181-0400] {processor.py:157} INFO - Started process (PID=23420) to work on /home/beau/airflow/py_env/lib/python3.10/site-packages/airflow/example_dags/example_task_group.py
[2023-09-27T23:04:43.186-0400] {processor.py:829} INFO - Processing file /home/beau/airflow/py_env/lib/python3.10/site-packages/airflow/example_dags/example_task_group.py for tasks to queue
[2023-09-27T23:04:43.188-0400] {logging_mixin.py:151} INFO - [2023-09-27T23:04:43.187-0400] {dagbag.py:539} INFO - Filling up the DagBag from /home/beau/airflow/py_env/lib/python3.10/site-packages/airflow/example_dags/example_task_group.py
[2023-09-27T23:04:43.200-0400] {processor.py:839} INFO - DAG(s) dict_keys(['example_task_group']) retrieved from /home/beau/airflow/py_env/lib/python3.10/site-packages/airflow/example_dags/example_task_group.py
[2023-09-27T23:04:43.217-0400] {logging_mixin.py:151} INFO - [2023-09-27T23:04:43.216-0400] {dag.py:2915} INFO - Sync 1 DAGs
[2023-09-27T23:04:43.234-0400] {logging_mixin.py:151} INFO - [2023-09-27T23:04:43.234-0400] {dag.py:3696} INFO - Setting next_dagrun for example_task_group to 2023-09-27T03:04:43.234247+00:00, run_after=2023-09-28T03:04:43.234247+00:00
[2023-09-27T23:04:43.257-0400] {processor.py:179} INFO - Processing /home/beau/airflow/py_env/lib/python3.10/site-packages/airflow/example_dags/example_task_group.py took 0.082 seconds
[2023-09-27T23:05:36.596-0400] {processor.py:157} INFO - Started process (PID=23666) to work on /home/beau/airflow/py_env/lib/python3.10/site-packages/airflow/example_dags/example_task_group.py
[2023-09-27T23:05:36.600-0400] {processor.py:829} INFO - Processing file /home/beau/airflow/py_env/lib/python3.10/site-packages/airflow/example_dags/example_task_group.py for tasks to queue
[2023-09-27T23:05:36.602-0400] {logging_mixin.py:151} INFO - [2023-09-27T23:05:36.601-0400] {dagbag.py:539} INFO - Filling up the DagBag from /home/beau/airflow/py_env/lib/python3.10/site-packages/airflow/example_dags/example_task_group.py
[2023-09-27T23:05:36.617-0400] {processor.py:839} INFO - DAG(s) dict_keys(['example_task_group']) retrieved from /home/beau/airflow/py_env/lib/python3.10/site-packages/airflow/example_dags/example_task_group.py
[2023-09-27T23:05:36.638-0400] {logging_mixin.py:151} INFO - [2023-09-27T23:05:36.638-0400] {dag.py:2915} INFO - Sync 1 DAGs
[2023-09-27T23:05:36.656-0400] {logging_mixin.py:151} INFO - [2023-09-27T23:05:36.656-0400] {dag.py:3696} INFO - Setting next_dagrun for example_task_group to 2023-09-27T03:05:36.656227+00:00, run_after=2023-09-28T03:05:36.656227+00:00
[2023-09-27T23:05:36.688-0400] {processor.py:179} INFO - Processing /home/beau/airflow/py_env/lib/python3.10/site-packages/airflow/example_dags/example_task_group.py took 0.098 seconds
[2023-09-27T23:06:37.329-0400] {processor.py:157} INFO - Started process (PID=23928) to work on /home/beau/airflow/py_env/lib/python3.10/site-packages/airflow/example_dags/example_task_group.py
[2023-09-27T23:06:37.333-0400] {processor.py:829} INFO - Processing file /home/beau/airflow/py_env/lib/python3.10/site-packages/airflow/example_dags/example_task_group.py for tasks to queue
[2023-09-27T23:06:37.334-0400] {logging_mixin.py:151} INFO - [2023-09-27T23:06:37.334-0400] {dagbag.py:539} INFO - Filling up the DagBag from /home/beau/airflow/py_env/lib/python3.10/site-packages/airflow/example_dags/example_task_group.py
[2023-09-27T23:06:37.346-0400] {processor.py:839} INFO - DAG(s) dict_keys(['example_task_group']) retrieved from /home/beau/airflow/py_env/lib/python3.10/site-packages/airflow/example_dags/example_task_group.py
[2023-09-27T23:06:37.366-0400] {logging_mixin.py:151} INFO - [2023-09-27T23:06:37.365-0400] {dag.py:2915} INFO - Sync 1 DAGs
[2023-09-27T23:06:37.388-0400] {logging_mixin.py:151} INFO - [2023-09-27T23:06:37.387-0400] {dag.py:3696} INFO - Setting next_dagrun for example_task_group to 2023-09-27T03:06:37.387545+00:00, run_after=2023-09-28T03:06:37.387545+00:00
[2023-09-27T23:06:37.434-0400] {processor.py:179} INFO - Processing /home/beau/airflow/py_env/lib/python3.10/site-packages/airflow/example_dags/example_task_group.py took 0.110 seconds
[2023-09-27T23:07:38.091-0400] {processor.py:157} INFO - Started process (PID=24197) to work on /home/beau/airflow/py_env/lib/python3.10/site-packages/airflow/example_dags/example_task_group.py
[2023-09-27T23:07:38.095-0400] {processor.py:829} INFO - Processing file /home/beau/airflow/py_env/lib/python3.10/site-packages/airflow/example_dags/example_task_group.py for tasks to queue
[2023-09-27T23:07:38.096-0400] {logging_mixin.py:151} INFO - [2023-09-27T23:07:38.095-0400] {dagbag.py:539} INFO - Filling up the DagBag from /home/beau/airflow/py_env/lib/python3.10/site-packages/airflow/example_dags/example_task_group.py
[2023-09-27T23:07:38.105-0400] {processor.py:839} INFO - DAG(s) dict_keys(['example_task_group']) retrieved from /home/beau/airflow/py_env/lib/python3.10/site-packages/airflow/example_dags/example_task_group.py
[2023-09-27T23:07:38.123-0400] {logging_mixin.py:151} INFO - [2023-09-27T23:07:38.122-0400] {dag.py:2915} INFO - Sync 1 DAGs
[2023-09-27T23:07:38.140-0400] {logging_mixin.py:151} INFO - [2023-09-27T23:07:38.140-0400] {dag.py:3696} INFO - Setting next_dagrun for example_task_group to 2023-09-27T03:07:38.140383+00:00, run_after=2023-09-28T03:07:38.140383+00:00
[2023-09-27T23:07:38.164-0400] {processor.py:179} INFO - Processing /home/beau/airflow/py_env/lib/python3.10/site-packages/airflow/example_dags/example_task_group.py took 0.077 seconds
[2023-09-27T23:08:20.429-0400] {processor.py:157} INFO - Started process (PID=24461) to work on /home/beau/airflow/py_env/lib/python3.10/site-packages/airflow/example_dags/example_task_group.py
[2023-09-27T23:08:20.433-0400] {processor.py:829} INFO - Processing file /home/beau/airflow/py_env/lib/python3.10/site-packages/airflow/example_dags/example_task_group.py for tasks to queue
[2023-09-27T23:08:20.434-0400] {logging_mixin.py:151} INFO - [2023-09-27T23:08:20.434-0400] {dagbag.py:539} INFO - Filling up the DagBag from /home/beau/airflow/py_env/lib/python3.10/site-packages/airflow/example_dags/example_task_group.py
[2023-09-27T23:08:20.445-0400] {processor.py:839} INFO - DAG(s) dict_keys(['example_task_group']) retrieved from /home/beau/airflow/py_env/lib/python3.10/site-packages/airflow/example_dags/example_task_group.py
[2023-09-27T23:08:20.465-0400] {logging_mixin.py:151} INFO - [2023-09-27T23:08:20.465-0400] {dag.py:2915} INFO - Sync 1 DAGs
[2023-09-27T23:08:20.491-0400] {logging_mixin.py:151} INFO - [2023-09-27T23:08:20.490-0400] {dag.py:3696} INFO - Setting next_dagrun for example_task_group to 2023-09-27T03:08:20.490417+00:00, run_after=2023-09-28T03:08:20.490417+00:00
[2023-09-27T23:08:20.526-0400] {processor.py:179} INFO - Processing /home/beau/airflow/py_env/lib/python3.10/site-packages/airflow/example_dags/example_task_group.py took 0.103 seconds
[2023-09-27T23:09:18.877-0400] {processor.py:157} INFO - Started process (PID=24770) to work on /home/beau/airflow/py_env/lib/python3.10/site-packages/airflow/example_dags/example_task_group.py
[2023-09-27T23:09:18.881-0400] {processor.py:829} INFO - Processing file /home/beau/airflow/py_env/lib/python3.10/site-packages/airflow/example_dags/example_task_group.py for tasks to queue
[2023-09-27T23:09:18.882-0400] {logging_mixin.py:151} INFO - [2023-09-27T23:09:18.881-0400] {dagbag.py:539} INFO - Filling up the DagBag from /home/beau/airflow/py_env/lib/python3.10/site-packages/airflow/example_dags/example_task_group.py
[2023-09-27T23:09:18.889-0400] {processor.py:839} INFO - DAG(s) dict_keys(['example_task_group']) retrieved from /home/beau/airflow/py_env/lib/python3.10/site-packages/airflow/example_dags/example_task_group.py
[2023-09-27T23:09:18.903-0400] {logging_mixin.py:151} INFO - [2023-09-27T23:09:18.903-0400] {dag.py:2915} INFO - Sync 1 DAGs
[2023-09-27T23:09:18.919-0400] {logging_mixin.py:151} INFO - [2023-09-27T23:09:18.918-0400] {dag.py:3696} INFO - Setting next_dagrun for example_task_group to 2023-09-27T03:09:18.918779+00:00, run_after=2023-09-28T03:09:18.918779+00:00
[2023-09-27T23:09:18.942-0400] {processor.py:179} INFO - Processing /home/beau/airflow/py_env/lib/python3.10/site-packages/airflow/example_dags/example_task_group.py took 0.068 seconds
[2023-09-27T23:10:13.610-0400] {processor.py:157} INFO - Started process (PID=25017) to work on /home/beau/airflow/py_env/lib/python3.10/site-packages/airflow/example_dags/example_task_group.py
[2023-09-27T23:10:13.615-0400] {processor.py:829} INFO - Processing file /home/beau/airflow/py_env/lib/python3.10/site-packages/airflow/example_dags/example_task_group.py for tasks to queue
[2023-09-27T23:10:13.617-0400] {logging_mixin.py:151} INFO - [2023-09-27T23:10:13.616-0400] {dagbag.py:539} INFO - Filling up the DagBag from /home/beau/airflow/py_env/lib/python3.10/site-packages/airflow/example_dags/example_task_group.py
[2023-09-27T23:10:13.630-0400] {processor.py:839} INFO - DAG(s) dict_keys(['example_task_group']) retrieved from /home/beau/airflow/py_env/lib/python3.10/site-packages/airflow/example_dags/example_task_group.py
[2023-09-27T23:10:13.644-0400] {logging_mixin.py:151} INFO - [2023-09-27T23:10:13.644-0400] {dag.py:2915} INFO - Sync 1 DAGs
[2023-09-27T23:10:13.659-0400] {logging_mixin.py:151} INFO - [2023-09-27T23:10:13.659-0400] {dag.py:3696} INFO - Setting next_dagrun for example_task_group to 2023-09-27T03:10:13.659558+00:00, run_after=2023-09-28T03:10:13.659558+00:00
[2023-09-27T23:10:13.682-0400] {processor.py:179} INFO - Processing /home/beau/airflow/py_env/lib/python3.10/site-packages/airflow/example_dags/example_task_group.py took 0.078 seconds
[2023-09-27T23:10:55.589-0400] {processor.py:157} INFO - Started process (PID=25219) to work on /home/beau/airflow/py_env/lib/python3.10/site-packages/airflow/example_dags/example_task_group.py
[2023-09-27T23:10:55.593-0400] {processor.py:829} INFO - Processing file /home/beau/airflow/py_env/lib/python3.10/site-packages/airflow/example_dags/example_task_group.py for tasks to queue
[2023-09-27T23:10:55.595-0400] {logging_mixin.py:151} INFO - [2023-09-27T23:10:55.594-0400] {dagbag.py:539} INFO - Filling up the DagBag from /home/beau/airflow/py_env/lib/python3.10/site-packages/airflow/example_dags/example_task_group.py
[2023-09-27T23:10:55.614-0400] {processor.py:839} INFO - DAG(s) dict_keys(['example_task_group']) retrieved from /home/beau/airflow/py_env/lib/python3.10/site-packages/airflow/example_dags/example_task_group.py
[2023-09-27T23:10:55.630-0400] {logging_mixin.py:151} INFO - [2023-09-27T23:10:55.630-0400] {dag.py:2915} INFO - Sync 1 DAGs
[2023-09-27T23:10:55.647-0400] {logging_mixin.py:151} INFO - [2023-09-27T23:10:55.647-0400] {dag.py:3696} INFO - Setting next_dagrun for example_task_group to 2023-09-27T03:10:55.646952+00:00, run_after=2023-09-28T03:10:55.646952+00:00
[2023-09-27T23:10:55.677-0400] {processor.py:179} INFO - Processing /home/beau/airflow/py_env/lib/python3.10/site-packages/airflow/example_dags/example_task_group.py took 0.098 seconds
[2023-09-27T23:11:50.902-0400] {processor.py:157} INFO - Started process (PID=25490) to work on /home/beau/airflow/py_env/lib/python3.10/site-packages/airflow/example_dags/example_task_group.py
[2023-09-27T23:11:50.907-0400] {processor.py:829} INFO - Processing file /home/beau/airflow/py_env/lib/python3.10/site-packages/airflow/example_dags/example_task_group.py for tasks to queue
[2023-09-27T23:11:50.909-0400] {logging_mixin.py:151} INFO - [2023-09-27T23:11:50.908-0400] {dagbag.py:539} INFO - Filling up the DagBag from /home/beau/airflow/py_env/lib/python3.10/site-packages/airflow/example_dags/example_task_group.py
[2023-09-27T23:11:50.923-0400] {processor.py:839} INFO - DAG(s) dict_keys(['example_task_group']) retrieved from /home/beau/airflow/py_env/lib/python3.10/site-packages/airflow/example_dags/example_task_group.py
[2023-09-27T23:11:50.944-0400] {logging_mixin.py:151} INFO - [2023-09-27T23:11:50.943-0400] {dag.py:2915} INFO - Sync 1 DAGs
[2023-09-27T23:11:50.961-0400] {logging_mixin.py:151} INFO - [2023-09-27T23:11:50.960-0400] {dag.py:3696} INFO - Setting next_dagrun for example_task_group to 2023-09-27T03:11:50.960780+00:00, run_after=2023-09-28T03:11:50.960780+00:00
[2023-09-27T23:11:50.989-0400] {processor.py:179} INFO - Processing /home/beau/airflow/py_env/lib/python3.10/site-packages/airflow/example_dags/example_task_group.py took 0.096 seconds
[2023-09-27T23:12:47.926-0400] {processor.py:157} INFO - Started process (PID=25711) to work on /home/beau/airflow/py_env/lib/python3.10/site-packages/airflow/example_dags/example_task_group.py
[2023-09-27T23:12:47.930-0400] {processor.py:829} INFO - Processing file /home/beau/airflow/py_env/lib/python3.10/site-packages/airflow/example_dags/example_task_group.py for tasks to queue
[2023-09-27T23:12:47.931-0400] {logging_mixin.py:151} INFO - [2023-09-27T23:12:47.931-0400] {dagbag.py:539} INFO - Filling up the DagBag from /home/beau/airflow/py_env/lib/python3.10/site-packages/airflow/example_dags/example_task_group.py
[2023-09-27T23:12:47.942-0400] {processor.py:839} INFO - DAG(s) dict_keys(['example_task_group']) retrieved from /home/beau/airflow/py_env/lib/python3.10/site-packages/airflow/example_dags/example_task_group.py
[2023-09-27T23:12:47.965-0400] {logging_mixin.py:151} INFO - [2023-09-27T23:12:47.964-0400] {dag.py:2915} INFO - Sync 1 DAGs
[2023-09-27T23:12:47.986-0400] {logging_mixin.py:151} INFO - [2023-09-27T23:12:47.986-0400] {dag.py:3696} INFO - Setting next_dagrun for example_task_group to 2023-09-27T03:12:47.985981+00:00, run_after=2023-09-28T03:12:47.985981+00:00
[2023-09-27T23:12:48.016-0400] {processor.py:179} INFO - Processing /home/beau/airflow/py_env/lib/python3.10/site-packages/airflow/example_dags/example_task_group.py took 0.097 seconds
[2023-09-27T23:13:42.300-0400] {processor.py:157} INFO - Started process (PID=25999) to work on /home/beau/airflow/py_env/lib/python3.10/site-packages/airflow/example_dags/example_task_group.py
[2023-09-27T23:13:42.301-0400] {processor.py:829} INFO - Processing file /home/beau/airflow/py_env/lib/python3.10/site-packages/airflow/example_dags/example_task_group.py for tasks to queue
[2023-09-27T23:13:42.302-0400] {logging_mixin.py:151} INFO - [2023-09-27T23:13:42.302-0400] {dagbag.py:539} INFO - Filling up the DagBag from /home/beau/airflow/py_env/lib/python3.10/site-packages/airflow/example_dags/example_task_group.py
[2023-09-27T23:13:42.311-0400] {processor.py:839} INFO - DAG(s) dict_keys(['example_task_group']) retrieved from /home/beau/airflow/py_env/lib/python3.10/site-packages/airflow/example_dags/example_task_group.py
[2023-09-27T23:13:42.327-0400] {logging_mixin.py:151} INFO - [2023-09-27T23:13:42.327-0400] {dag.py:2915} INFO - Sync 1 DAGs
[2023-09-27T23:13:42.345-0400] {logging_mixin.py:151} INFO - [2023-09-27T23:13:42.345-0400] {dag.py:3696} INFO - Setting next_dagrun for example_task_group to 2023-09-27T03:13:42.345005+00:00, run_after=2023-09-28T03:13:42.345005+00:00
[2023-09-27T23:13:42.370-0400] {processor.py:179} INFO - Processing /home/beau/airflow/py_env/lib/python3.10/site-packages/airflow/example_dags/example_task_group.py took 0.073 seconds
[2023-09-27T23:14:35.044-0400] {processor.py:157} INFO - Started process (PID=26238) to work on /home/beau/airflow/py_env/lib/python3.10/site-packages/airflow/example_dags/example_task_group.py
[2023-09-27T23:14:35.047-0400] {processor.py:829} INFO - Processing file /home/beau/airflow/py_env/lib/python3.10/site-packages/airflow/example_dags/example_task_group.py for tasks to queue
[2023-09-27T23:14:35.048-0400] {logging_mixin.py:151} INFO - [2023-09-27T23:14:35.048-0400] {dagbag.py:539} INFO - Filling up the DagBag from /home/beau/airflow/py_env/lib/python3.10/site-packages/airflow/example_dags/example_task_group.py
[2023-09-27T23:14:35.062-0400] {processor.py:839} INFO - DAG(s) dict_keys(['example_task_group']) retrieved from /home/beau/airflow/py_env/lib/python3.10/site-packages/airflow/example_dags/example_task_group.py
[2023-09-27T23:14:35.077-0400] {logging_mixin.py:151} INFO - [2023-09-27T23:14:35.077-0400] {dag.py:2915} INFO - Sync 1 DAGs
[2023-09-27T23:14:35.092-0400] {logging_mixin.py:151} INFO - [2023-09-27T23:14:35.092-0400] {dag.py:3696} INFO - Setting next_dagrun for example_task_group to 2023-09-27T03:14:35.092121+00:00, run_after=2023-09-28T03:14:35.092121+00:00
[2023-09-27T23:14:35.115-0400] {processor.py:179} INFO - Processing /home/beau/airflow/py_env/lib/python3.10/site-packages/airflow/example_dags/example_task_group.py took 0.076 seconds
[2023-09-27T23:15:29.834-0400] {processor.py:157} INFO - Started process (PID=26487) to work on /home/beau/airflow/py_env/lib/python3.10/site-packages/airflow/example_dags/example_task_group.py
[2023-09-27T23:15:29.837-0400] {processor.py:829} INFO - Processing file /home/beau/airflow/py_env/lib/python3.10/site-packages/airflow/example_dags/example_task_group.py for tasks to queue
[2023-09-27T23:15:29.838-0400] {logging_mixin.py:151} INFO - [2023-09-27T23:15:29.838-0400] {dagbag.py:539} INFO - Filling up the DagBag from /home/beau/airflow/py_env/lib/python3.10/site-packages/airflow/example_dags/example_task_group.py
[2023-09-27T23:15:29.849-0400] {processor.py:839} INFO - DAG(s) dict_keys(['example_task_group']) retrieved from /home/beau/airflow/py_env/lib/python3.10/site-packages/airflow/example_dags/example_task_group.py
[2023-09-27T23:15:29.867-0400] {logging_mixin.py:151} INFO - [2023-09-27T23:15:29.867-0400] {dag.py:2915} INFO - Sync 1 DAGs
[2023-09-27T23:15:29.883-0400] {logging_mixin.py:151} INFO - [2023-09-27T23:15:29.883-0400] {dag.py:3696} INFO - Setting next_dagrun for example_task_group to 2023-09-27T03:15:29.883193+00:00, run_after=2023-09-28T03:15:29.883193+00:00
[2023-09-27T23:15:29.907-0400] {processor.py:179} INFO - Processing /home/beau/airflow/py_env/lib/python3.10/site-packages/airflow/example_dags/example_task_group.py took 0.077 seconds
[2023-09-27T23:16:27.430-0400] {processor.py:157} INFO - Started process (PID=26747) to work on /home/beau/airflow/py_env/lib/python3.10/site-packages/airflow/example_dags/example_task_group.py
[2023-09-27T23:16:27.434-0400] {processor.py:829} INFO - Processing file /home/beau/airflow/py_env/lib/python3.10/site-packages/airflow/example_dags/example_task_group.py for tasks to queue
[2023-09-27T23:16:27.436-0400] {logging_mixin.py:151} INFO - [2023-09-27T23:16:27.435-0400] {dagbag.py:539} INFO - Filling up the DagBag from /home/beau/airflow/py_env/lib/python3.10/site-packages/airflow/example_dags/example_task_group.py
[2023-09-27T23:16:27.456-0400] {processor.py:839} INFO - DAG(s) dict_keys(['example_task_group']) retrieved from /home/beau/airflow/py_env/lib/python3.10/site-packages/airflow/example_dags/example_task_group.py
[2023-09-27T23:16:27.486-0400] {logging_mixin.py:151} INFO - [2023-09-27T23:16:27.485-0400] {dag.py:2915} INFO - Sync 1 DAGs
[2023-09-27T23:16:27.508-0400] {logging_mixin.py:151} INFO - [2023-09-27T23:16:27.508-0400] {dag.py:3696} INFO - Setting next_dagrun for example_task_group to 2023-09-27T03:16:27.507913+00:00, run_after=2023-09-28T03:16:27.507913+00:00
[2023-09-27T23:16:27.537-0400] {processor.py:179} INFO - Processing /home/beau/airflow/py_env/lib/python3.10/site-packages/airflow/example_dags/example_task_group.py took 0.114 seconds
[2023-09-27T23:17:21.566-0400] {processor.py:157} INFO - Started process (PID=27020) to work on /home/beau/airflow/py_env/lib/python3.10/site-packages/airflow/example_dags/example_task_group.py
[2023-09-27T23:17:21.570-0400] {processor.py:829} INFO - Processing file /home/beau/airflow/py_env/lib/python3.10/site-packages/airflow/example_dags/example_task_group.py for tasks to queue
[2023-09-27T23:17:21.571-0400] {logging_mixin.py:151} INFO - [2023-09-27T23:17:21.571-0400] {dagbag.py:539} INFO - Filling up the DagBag from /home/beau/airflow/py_env/lib/python3.10/site-packages/airflow/example_dags/example_task_group.py
[2023-09-27T23:17:21.582-0400] {processor.py:839} INFO - DAG(s) dict_keys(['example_task_group']) retrieved from /home/beau/airflow/py_env/lib/python3.10/site-packages/airflow/example_dags/example_task_group.py
[2023-09-27T23:17:21.598-0400] {logging_mixin.py:151} INFO - [2023-09-27T23:17:21.598-0400] {dag.py:2915} INFO - Sync 1 DAGs
[2023-09-27T23:17:21.615-0400] {logging_mixin.py:151} INFO - [2023-09-27T23:17:21.614-0400] {dag.py:3696} INFO - Setting next_dagrun for example_task_group to 2023-09-27T03:17:21.614643+00:00, run_after=2023-09-28T03:17:21.614643+00:00
[2023-09-27T23:17:21.640-0400] {processor.py:179} INFO - Processing /home/beau/airflow/py_env/lib/python3.10/site-packages/airflow/example_dags/example_task_group.py took 0.078 seconds
[2023-09-27T23:18:16.366-0400] {processor.py:157} INFO - Started process (PID=27329) to work on /home/beau/airflow/py_env/lib/python3.10/site-packages/airflow/example_dags/example_task_group.py
[2023-09-27T23:18:16.370-0400] {processor.py:829} INFO - Processing file /home/beau/airflow/py_env/lib/python3.10/site-packages/airflow/example_dags/example_task_group.py for tasks to queue
[2023-09-27T23:18:16.371-0400] {logging_mixin.py:151} INFO - [2023-09-27T23:18:16.370-0400] {dagbag.py:539} INFO - Filling up the DagBag from /home/beau/airflow/py_env/lib/python3.10/site-packages/airflow/example_dags/example_task_group.py
[2023-09-27T23:18:16.382-0400] {processor.py:839} INFO - DAG(s) dict_keys(['example_task_group']) retrieved from /home/beau/airflow/py_env/lib/python3.10/site-packages/airflow/example_dags/example_task_group.py
[2023-09-27T23:18:16.401-0400] {logging_mixin.py:151} INFO - [2023-09-27T23:18:16.401-0400] {dag.py:2915} INFO - Sync 1 DAGs
[2023-09-27T23:18:16.418-0400] {logging_mixin.py:151} INFO - [2023-09-27T23:18:16.418-0400] {dag.py:3696} INFO - Setting next_dagrun for example_task_group to 2023-09-27T03:18:16.417871+00:00, run_after=2023-09-28T03:18:16.417871+00:00
[2023-09-27T23:18:16.441-0400] {processor.py:179} INFO - Processing /home/beau/airflow/py_env/lib/python3.10/site-packages/airflow/example_dags/example_task_group.py took 0.080 seconds
[2023-09-27T23:19:08.328-0400] {processor.py:157} INFO - Started process (PID=27805) to work on /home/beau/airflow/py_env/lib/python3.10/site-packages/airflow/example_dags/example_task_group.py
[2023-09-27T23:19:08.333-0400] {processor.py:829} INFO - Processing file /home/beau/airflow/py_env/lib/python3.10/site-packages/airflow/example_dags/example_task_group.py for tasks to queue
[2023-09-27T23:19:08.334-0400] {logging_mixin.py:151} INFO - [2023-09-27T23:19:08.334-0400] {dagbag.py:539} INFO - Filling up the DagBag from /home/beau/airflow/py_env/lib/python3.10/site-packages/airflow/example_dags/example_task_group.py
[2023-09-27T23:19:08.349-0400] {processor.py:839} INFO - DAG(s) dict_keys(['example_task_group']) retrieved from /home/beau/airflow/py_env/lib/python3.10/site-packages/airflow/example_dags/example_task_group.py
[2023-09-27T23:19:08.363-0400] {logging_mixin.py:151} INFO - [2023-09-27T23:19:08.362-0400] {dag.py:2915} INFO - Sync 1 DAGs
[2023-09-27T23:19:08.378-0400] {logging_mixin.py:151} INFO - [2023-09-27T23:19:08.378-0400] {dag.py:3696} INFO - Setting next_dagrun for example_task_group to 2023-09-27T03:19:08.378496+00:00, run_after=2023-09-28T03:19:08.378496+00:00
[2023-09-27T23:19:08.402-0400] {processor.py:179} INFO - Processing /home/beau/airflow/py_env/lib/python3.10/site-packages/airflow/example_dags/example_task_group.py took 0.081 seconds
[2023-09-27T23:20:03.925-0400] {processor.py:157} INFO - Started process (PID=28410) to work on /home/beau/airflow/py_env/lib/python3.10/site-packages/airflow/example_dags/example_task_group.py
[2023-09-27T23:20:03.930-0400] {processor.py:829} INFO - Processing file /home/beau/airflow/py_env/lib/python3.10/site-packages/airflow/example_dags/example_task_group.py for tasks to queue
[2023-09-27T23:20:03.931-0400] {logging_mixin.py:151} INFO - [2023-09-27T23:20:03.931-0400] {dagbag.py:539} INFO - Filling up the DagBag from /home/beau/airflow/py_env/lib/python3.10/site-packages/airflow/example_dags/example_task_group.py
[2023-09-27T23:20:03.944-0400] {processor.py:839} INFO - DAG(s) dict_keys(['example_task_group']) retrieved from /home/beau/airflow/py_env/lib/python3.10/site-packages/airflow/example_dags/example_task_group.py
[2023-09-27T23:20:03.969-0400] {logging_mixin.py:151} INFO - [2023-09-27T23:20:03.969-0400] {dag.py:2915} INFO - Sync 1 DAGs
[2023-09-27T23:20:03.990-0400] {logging_mixin.py:151} INFO - [2023-09-27T23:20:03.990-0400] {dag.py:3696} INFO - Setting next_dagrun for example_task_group to 2023-09-27T03:20:03.990242+00:00, run_after=2023-09-28T03:20:03.990242+00:00
[2023-09-27T23:20:04.018-0400] {processor.py:179} INFO - Processing /home/beau/airflow/py_env/lib/python3.10/site-packages/airflow/example_dags/example_task_group.py took 0.098 seconds
[2023-09-27T23:21:02.015-0400] {processor.py:157} INFO - Started process (PID=28959) to work on /home/beau/airflow/py_env/lib/python3.10/site-packages/airflow/example_dags/example_task_group.py
[2023-09-27T23:21:02.021-0400] {processor.py:829} INFO - Processing file /home/beau/airflow/py_env/lib/python3.10/site-packages/airflow/example_dags/example_task_group.py for tasks to queue
[2023-09-27T23:21:02.023-0400] {logging_mixin.py:151} INFO - [2023-09-27T23:21:02.022-0400] {dagbag.py:539} INFO - Filling up the DagBag from /home/beau/airflow/py_env/lib/python3.10/site-packages/airflow/example_dags/example_task_group.py
[2023-09-27T23:21:02.040-0400] {processor.py:839} INFO - DAG(s) dict_keys(['example_task_group']) retrieved from /home/beau/airflow/py_env/lib/python3.10/site-packages/airflow/example_dags/example_task_group.py
[2023-09-27T23:21:02.057-0400] {logging_mixin.py:151} INFO - [2023-09-27T23:21:02.056-0400] {dag.py:2915} INFO - Sync 1 DAGs
[2023-09-27T23:21:02.073-0400] {logging_mixin.py:151} INFO - [2023-09-27T23:21:02.073-0400] {dag.py:3696} INFO - Setting next_dagrun for example_task_group to 2023-09-27T03:21:02.073458+00:00, run_after=2023-09-28T03:21:02.073458+00:00
[2023-09-27T23:21:02.101-0400] {processor.py:179} INFO - Processing /home/beau/airflow/py_env/lib/python3.10/site-packages/airflow/example_dags/example_task_group.py took 0.096 seconds
[2023-09-27T23:21:58.201-0400] {processor.py:157} INFO - Started process (PID=29421) to work on /home/beau/airflow/py_env/lib/python3.10/site-packages/airflow/example_dags/example_task_group.py
[2023-09-27T23:21:58.205-0400] {processor.py:829} INFO - Processing file /home/beau/airflow/py_env/lib/python3.10/site-packages/airflow/example_dags/example_task_group.py for tasks to queue
[2023-09-27T23:21:58.206-0400] {logging_mixin.py:151} INFO - [2023-09-27T23:21:58.205-0400] {dagbag.py:539} INFO - Filling up the DagBag from /home/beau/airflow/py_env/lib/python3.10/site-packages/airflow/example_dags/example_task_group.py
[2023-09-27T23:21:58.215-0400] {processor.py:839} INFO - DAG(s) dict_keys(['example_task_group']) retrieved from /home/beau/airflow/py_env/lib/python3.10/site-packages/airflow/example_dags/example_task_group.py
[2023-09-27T23:21:58.232-0400] {logging_mixin.py:151} INFO - [2023-09-27T23:21:58.231-0400] {dag.py:2915} INFO - Sync 1 DAGs
[2023-09-27T23:21:58.250-0400] {logging_mixin.py:151} INFO - [2023-09-27T23:21:58.250-0400] {dag.py:3696} INFO - Setting next_dagrun for example_task_group to 2023-09-27T03:21:58.249838+00:00, run_after=2023-09-28T03:21:58.249838+00:00
[2023-09-27T23:21:58.273-0400] {processor.py:179} INFO - Processing /home/beau/airflow/py_env/lib/python3.10/site-packages/airflow/example_dags/example_task_group.py took 0.075 seconds
[2023-09-27T23:22:37.592-0400] {processor.py:157} INFO - Started process (PID=29557) to work on /home/beau/airflow/py_env/lib/python3.10/site-packages/airflow/example_dags/example_task_group.py
[2023-09-27T23:22:37.595-0400] {processor.py:829} INFO - Processing file /home/beau/airflow/py_env/lib/python3.10/site-packages/airflow/example_dags/example_task_group.py for tasks to queue
[2023-09-27T23:22:37.596-0400] {logging_mixin.py:151} INFO - [2023-09-27T23:22:37.596-0400] {dagbag.py:539} INFO - Filling up the DagBag from /home/beau/airflow/py_env/lib/python3.10/site-packages/airflow/example_dags/example_task_group.py
[2023-09-27T23:22:37.613-0400] {processor.py:839} INFO - DAG(s) dict_keys(['example_task_group']) retrieved from /home/beau/airflow/py_env/lib/python3.10/site-packages/airflow/example_dags/example_task_group.py
[2023-09-27T23:22:37.631-0400] {logging_mixin.py:151} INFO - [2023-09-27T23:22:37.630-0400] {dag.py:2915} INFO - Sync 1 DAGs
[2023-09-27T23:22:37.646-0400] {logging_mixin.py:151} INFO - [2023-09-27T23:22:37.646-0400] {dag.py:3696} INFO - Setting next_dagrun for example_task_group to 2023-09-27T03:22:37.646117+00:00, run_after=2023-09-28T03:22:37.646117+00:00
[2023-09-27T23:22:37.669-0400] {processor.py:179} INFO - Processing /home/beau/airflow/py_env/lib/python3.10/site-packages/airflow/example_dags/example_task_group.py took 0.084 seconds
[2023-09-27T23:23:19.500-0400] {processor.py:157} INFO - Started process (PID=30000) to work on /home/beau/airflow/py_env/lib/python3.10/site-packages/airflow/example_dags/example_task_group.py
[2023-09-27T23:23:19.503-0400] {processor.py:829} INFO - Processing file /home/beau/airflow/py_env/lib/python3.10/site-packages/airflow/example_dags/example_task_group.py for tasks to queue
[2023-09-27T23:23:19.505-0400] {logging_mixin.py:151} INFO - [2023-09-27T23:23:19.504-0400] {dagbag.py:539} INFO - Filling up the DagBag from /home/beau/airflow/py_env/lib/python3.10/site-packages/airflow/example_dags/example_task_group.py
[2023-09-27T23:23:19.515-0400] {processor.py:839} INFO - DAG(s) dict_keys(['example_task_group']) retrieved from /home/beau/airflow/py_env/lib/python3.10/site-packages/airflow/example_dags/example_task_group.py
[2023-09-27T23:23:19.530-0400] {logging_mixin.py:151} INFO - [2023-09-27T23:23:19.530-0400] {dag.py:2915} INFO - Sync 1 DAGs
[2023-09-27T23:23:19.547-0400] {logging_mixin.py:151} INFO - [2023-09-27T23:23:19.546-0400] {dag.py:3696} INFO - Setting next_dagrun for example_task_group to 2023-09-27T03:23:19.546750+00:00, run_after=2023-09-28T03:23:19.546750+00:00
[2023-09-27T23:23:19.569-0400] {processor.py:179} INFO - Processing /home/beau/airflow/py_env/lib/python3.10/site-packages/airflow/example_dags/example_task_group.py took 0.073 seconds
