[2023-09-27T22:33:11.312-0400] {processor.py:157} INFO - Started process (PID=8243) to work on /home/beau/airflow/py_env/lib/python3.10/site-packages/airflow/example_dags/tutorial_dag.py
[2023-09-27T22:33:11.313-0400] {processor.py:829} INFO - Processing file /home/beau/airflow/py_env/lib/python3.10/site-packages/airflow/example_dags/tutorial_dag.py for tasks to queue
[2023-09-27T22:33:11.314-0400] {logging_mixin.py:151} INFO - [2023-09-27T22:33:11.314-0400] {dagbag.py:539} INFO - Filling up the DagBag from /home/beau/airflow/py_env/lib/python3.10/site-packages/airflow/example_dags/tutorial_dag.py
[2023-09-27T22:33:11.335-0400] {processor.py:839} INFO - DAG(s) dict_keys(['tutorial_dag']) retrieved from /home/beau/airflow/py_env/lib/python3.10/site-packages/airflow/example_dags/tutorial_dag.py
[2023-09-27T22:33:11.356-0400] {logging_mixin.py:151} INFO - [2023-09-27T22:33:11.355-0400] {dag.py:2915} INFO - Sync 1 DAGs
[2023-09-27T22:33:11.372-0400] {logging_mixin.py:151} INFO - [2023-09-27T22:33:11.372-0400] {dag.py:3696} INFO - Setting next_dagrun for tutorial_dag to None, run_after=None
[2023-09-27T22:33:11.412-0400] {processor.py:179} INFO - Processing /home/beau/airflow/py_env/lib/python3.10/site-packages/airflow/example_dags/tutorial_dag.py took 0.103 seconds
[2023-09-27T22:33:58.510-0400] {processor.py:157} INFO - Started process (PID=8924) to work on /home/beau/airflow/py_env/lib/python3.10/site-packages/airflow/example_dags/tutorial_dag.py
[2023-09-27T22:33:58.515-0400] {processor.py:829} INFO - Processing file /home/beau/airflow/py_env/lib/python3.10/site-packages/airflow/example_dags/tutorial_dag.py for tasks to queue
[2023-09-27T22:33:58.517-0400] {logging_mixin.py:151} INFO - [2023-09-27T22:33:58.516-0400] {dagbag.py:539} INFO - Filling up the DagBag from /home/beau/airflow/py_env/lib/python3.10/site-packages/airflow/example_dags/tutorial_dag.py
[2023-09-27T22:33:58.527-0400] {processor.py:839} INFO - DAG(s) dict_keys(['tutorial_dag']) retrieved from /home/beau/airflow/py_env/lib/python3.10/site-packages/airflow/example_dags/tutorial_dag.py
[2023-09-27T22:33:58.553-0400] {logging_mixin.py:151} INFO - [2023-09-27T22:33:58.553-0400] {dag.py:2915} INFO - Sync 1 DAGs
[2023-09-27T22:33:58.562-0400] {logging_mixin.py:151} INFO - [2023-09-27T22:33:58.562-0400] {dag.py:3696} INFO - Setting next_dagrun for tutorial_dag to None, run_after=None
[2023-09-27T22:33:58.587-0400] {processor.py:179} INFO - Processing /home/beau/airflow/py_env/lib/python3.10/site-packages/airflow/example_dags/tutorial_dag.py took 0.084 seconds
[2023-09-27T22:34:46.870-0400] {processor.py:157} INFO - Started process (PID=9160) to work on /home/beau/airflow/py_env/lib/python3.10/site-packages/airflow/example_dags/tutorial_dag.py
[2023-09-27T22:34:46.873-0400] {processor.py:829} INFO - Processing file /home/beau/airflow/py_env/lib/python3.10/site-packages/airflow/example_dags/tutorial_dag.py for tasks to queue
[2023-09-27T22:34:46.875-0400] {logging_mixin.py:151} INFO - [2023-09-27T22:34:46.875-0400] {dagbag.py:539} INFO - Filling up the DagBag from /home/beau/airflow/py_env/lib/python3.10/site-packages/airflow/example_dags/tutorial_dag.py
[2023-09-27T22:34:46.884-0400] {processor.py:839} INFO - DAG(s) dict_keys(['tutorial_dag']) retrieved from /home/beau/airflow/py_env/lib/python3.10/site-packages/airflow/example_dags/tutorial_dag.py
[2023-09-27T22:34:46.902-0400] {logging_mixin.py:151} INFO - [2023-09-27T22:34:46.902-0400] {dag.py:2915} INFO - Sync 1 DAGs
[2023-09-27T22:34:46.917-0400] {logging_mixin.py:151} INFO - [2023-09-27T22:34:46.917-0400] {dag.py:3696} INFO - Setting next_dagrun for tutorial_dag to None, run_after=None
[2023-09-27T22:34:46.950-0400] {processor.py:179} INFO - Processing /home/beau/airflow/py_env/lib/python3.10/site-packages/airflow/example_dags/tutorial_dag.py took 0.083 seconds
[2023-09-27T22:35:34.721-0400] {processor.py:157} INFO - Started process (PID=9665) to work on /home/beau/airflow/py_env/lib/python3.10/site-packages/airflow/example_dags/tutorial_dag.py
[2023-09-27T22:35:34.723-0400] {processor.py:829} INFO - Processing file /home/beau/airflow/py_env/lib/python3.10/site-packages/airflow/example_dags/tutorial_dag.py for tasks to queue
[2023-09-27T22:35:34.725-0400] {logging_mixin.py:151} INFO - [2023-09-27T22:35:34.724-0400] {dagbag.py:539} INFO - Filling up the DagBag from /home/beau/airflow/py_env/lib/python3.10/site-packages/airflow/example_dags/tutorial_dag.py
[2023-09-27T22:35:34.730-0400] {processor.py:839} INFO - DAG(s) dict_keys(['tutorial_dag']) retrieved from /home/beau/airflow/py_env/lib/python3.10/site-packages/airflow/example_dags/tutorial_dag.py
[2023-09-27T22:35:34.750-0400] {logging_mixin.py:151} INFO - [2023-09-27T22:35:34.749-0400] {dag.py:2915} INFO - Sync 1 DAGs
[2023-09-27T22:35:34.764-0400] {logging_mixin.py:151} INFO - [2023-09-27T22:35:34.764-0400] {dag.py:3696} INFO - Setting next_dagrun for tutorial_dag to None, run_after=None
[2023-09-27T22:35:34.917-0400] {processor.py:179} INFO - Processing /home/beau/airflow/py_env/lib/python3.10/site-packages/airflow/example_dags/tutorial_dag.py took 0.200 seconds
[2023-09-27T22:36:28.599-0400] {processor.py:157} INFO - Started process (PID=10386) to work on /home/beau/airflow/py_env/lib/python3.10/site-packages/airflow/example_dags/tutorial_dag.py
[2023-09-27T22:36:28.601-0400] {processor.py:829} INFO - Processing file /home/beau/airflow/py_env/lib/python3.10/site-packages/airflow/example_dags/tutorial_dag.py for tasks to queue
[2023-09-27T22:36:28.605-0400] {logging_mixin.py:151} INFO - [2023-09-27T22:36:28.602-0400] {dagbag.py:539} INFO - Filling up the DagBag from /home/beau/airflow/py_env/lib/python3.10/site-packages/airflow/example_dags/tutorial_dag.py
[2023-09-27T22:36:28.614-0400] {processor.py:839} INFO - DAG(s) dict_keys(['tutorial_dag']) retrieved from /home/beau/airflow/py_env/lib/python3.10/site-packages/airflow/example_dags/tutorial_dag.py
[2023-09-27T22:36:28.645-0400] {logging_mixin.py:151} INFO - [2023-09-27T22:36:28.645-0400] {dag.py:2915} INFO - Sync 1 DAGs
[2023-09-27T22:36:28.662-0400] {logging_mixin.py:151} INFO - [2023-09-27T22:36:28.662-0400] {dag.py:3696} INFO - Setting next_dagrun for tutorial_dag to None, run_after=None
[2023-09-27T22:36:28.693-0400] {processor.py:179} INFO - Processing /home/beau/airflow/py_env/lib/python3.10/site-packages/airflow/example_dags/tutorial_dag.py took 0.101 seconds
[2023-09-27T22:37:13.929-0400] {processor.py:157} INFO - Started process (PID=10719) to work on /home/beau/airflow/py_env/lib/python3.10/site-packages/airflow/example_dags/tutorial_dag.py
[2023-09-27T22:37:13.932-0400] {processor.py:829} INFO - Processing file /home/beau/airflow/py_env/lib/python3.10/site-packages/airflow/example_dags/tutorial_dag.py for tasks to queue
[2023-09-27T22:37:13.933-0400] {logging_mixin.py:151} INFO - [2023-09-27T22:37:13.933-0400] {dagbag.py:539} INFO - Filling up the DagBag from /home/beau/airflow/py_env/lib/python3.10/site-packages/airflow/example_dags/tutorial_dag.py
[2023-09-27T22:37:13.939-0400] {processor.py:839} INFO - DAG(s) dict_keys(['tutorial_dag']) retrieved from /home/beau/airflow/py_env/lib/python3.10/site-packages/airflow/example_dags/tutorial_dag.py
[2023-09-27T22:37:13.957-0400] {logging_mixin.py:151} INFO - [2023-09-27T22:37:13.957-0400] {dag.py:2915} INFO - Sync 1 DAGs
[2023-09-27T22:37:13.969-0400] {logging_mixin.py:151} INFO - [2023-09-27T22:37:13.969-0400] {dag.py:3696} INFO - Setting next_dagrun for tutorial_dag to None, run_after=None
[2023-09-27T22:37:13.995-0400] {processor.py:179} INFO - Processing /home/beau/airflow/py_env/lib/python3.10/site-packages/airflow/example_dags/tutorial_dag.py took 0.069 seconds
[2023-09-27T22:38:09.430-0400] {processor.py:157} INFO - Started process (PID=11239) to work on /home/beau/airflow/py_env/lib/python3.10/site-packages/airflow/example_dags/tutorial_dag.py
[2023-09-27T22:38:09.433-0400] {processor.py:829} INFO - Processing file /home/beau/airflow/py_env/lib/python3.10/site-packages/airflow/example_dags/tutorial_dag.py for tasks to queue
[2023-09-27T22:38:09.435-0400] {logging_mixin.py:151} INFO - [2023-09-27T22:38:09.434-0400] {dagbag.py:539} INFO - Filling up the DagBag from /home/beau/airflow/py_env/lib/python3.10/site-packages/airflow/example_dags/tutorial_dag.py
[2023-09-27T22:38:09.443-0400] {processor.py:839} INFO - DAG(s) dict_keys(['tutorial_dag']) retrieved from /home/beau/airflow/py_env/lib/python3.10/site-packages/airflow/example_dags/tutorial_dag.py
[2023-09-27T22:38:09.463-0400] {logging_mixin.py:151} INFO - [2023-09-27T22:38:09.463-0400] {dag.py:2915} INFO - Sync 1 DAGs
[2023-09-27T22:38:09.480-0400] {logging_mixin.py:151} INFO - [2023-09-27T22:38:09.480-0400] {dag.py:3696} INFO - Setting next_dagrun for tutorial_dag to None, run_after=None
[2023-09-27T22:38:09.514-0400] {processor.py:179} INFO - Processing /home/beau/airflow/py_env/lib/python3.10/site-packages/airflow/example_dags/tutorial_dag.py took 0.087 seconds
[2023-09-27T22:38:48.568-0400] {processor.py:157} INFO - Started process (PID=11595) to work on /home/beau/airflow/py_env/lib/python3.10/site-packages/airflow/example_dags/tutorial_dag.py
[2023-09-27T22:38:48.572-0400] {processor.py:829} INFO - Processing file /home/beau/airflow/py_env/lib/python3.10/site-packages/airflow/example_dags/tutorial_dag.py for tasks to queue
[2023-09-27T22:38:48.574-0400] {logging_mixin.py:151} INFO - [2023-09-27T22:38:48.573-0400] {dagbag.py:539} INFO - Filling up the DagBag from /home/beau/airflow/py_env/lib/python3.10/site-packages/airflow/example_dags/tutorial_dag.py
[2023-09-27T22:38:48.584-0400] {processor.py:839} INFO - DAG(s) dict_keys(['tutorial_dag']) retrieved from /home/beau/airflow/py_env/lib/python3.10/site-packages/airflow/example_dags/tutorial_dag.py
[2023-09-27T22:38:48.610-0400] {logging_mixin.py:151} INFO - [2023-09-27T22:38:48.610-0400] {dag.py:2915} INFO - Sync 1 DAGs
[2023-09-27T22:38:48.620-0400] {logging_mixin.py:151} INFO - [2023-09-27T22:38:48.620-0400] {dag.py:3696} INFO - Setting next_dagrun for tutorial_dag to None, run_after=None
[2023-09-27T22:38:48.644-0400] {processor.py:179} INFO - Processing /home/beau/airflow/py_env/lib/python3.10/site-packages/airflow/example_dags/tutorial_dag.py took 0.083 seconds
[2023-09-27T22:39:41.612-0400] {processor.py:157} INFO - Started process (PID=11923) to work on /home/beau/airflow/py_env/lib/python3.10/site-packages/airflow/example_dags/tutorial_dag.py
[2023-09-27T22:39:41.616-0400] {processor.py:829} INFO - Processing file /home/beau/airflow/py_env/lib/python3.10/site-packages/airflow/example_dags/tutorial_dag.py for tasks to queue
[2023-09-27T22:39:41.617-0400] {logging_mixin.py:151} INFO - [2023-09-27T22:39:41.616-0400] {dagbag.py:539} INFO - Filling up the DagBag from /home/beau/airflow/py_env/lib/python3.10/site-packages/airflow/example_dags/tutorial_dag.py
[2023-09-27T22:39:41.625-0400] {processor.py:839} INFO - DAG(s) dict_keys(['tutorial_dag']) retrieved from /home/beau/airflow/py_env/lib/python3.10/site-packages/airflow/example_dags/tutorial_dag.py
[2023-09-27T22:39:41.646-0400] {logging_mixin.py:151} INFO - [2023-09-27T22:39:41.645-0400] {dag.py:2915} INFO - Sync 1 DAGs
[2023-09-27T22:39:41.659-0400] {logging_mixin.py:151} INFO - [2023-09-27T22:39:41.659-0400] {dag.py:3696} INFO - Setting next_dagrun for tutorial_dag to None, run_after=None
[2023-09-27T22:39:41.685-0400] {processor.py:179} INFO - Processing /home/beau/airflow/py_env/lib/python3.10/site-packages/airflow/example_dags/tutorial_dag.py took 0.076 seconds
[2023-09-27T22:40:23.122-0400] {processor.py:157} INFO - Started process (PID=12124) to work on /home/beau/airflow/py_env/lib/python3.10/site-packages/airflow/example_dags/tutorial_dag.py
[2023-09-27T22:40:23.124-0400] {processor.py:829} INFO - Processing file /home/beau/airflow/py_env/lib/python3.10/site-packages/airflow/example_dags/tutorial_dag.py for tasks to queue
[2023-09-27T22:40:23.125-0400] {logging_mixin.py:151} INFO - [2023-09-27T22:40:23.125-0400] {dagbag.py:539} INFO - Filling up the DagBag from /home/beau/airflow/py_env/lib/python3.10/site-packages/airflow/example_dags/tutorial_dag.py
[2023-09-27T22:40:23.130-0400] {processor.py:839} INFO - DAG(s) dict_keys(['tutorial_dag']) retrieved from /home/beau/airflow/py_env/lib/python3.10/site-packages/airflow/example_dags/tutorial_dag.py
[2023-09-27T22:40:23.162-0400] {logging_mixin.py:151} INFO - [2023-09-27T22:40:23.162-0400] {dag.py:2915} INFO - Sync 1 DAGs
[2023-09-27T22:40:23.175-0400] {logging_mixin.py:151} INFO - [2023-09-27T22:40:23.175-0400] {dag.py:3696} INFO - Setting next_dagrun for tutorial_dag to None, run_after=None
[2023-09-27T22:40:23.199-0400] {processor.py:179} INFO - Processing /home/beau/airflow/py_env/lib/python3.10/site-packages/airflow/example_dags/tutorial_dag.py took 0.080 seconds
[2023-09-27T22:41:04.845-0400] {processor.py:157} INFO - Started process (PID=12327) to work on /home/beau/airflow/py_env/lib/python3.10/site-packages/airflow/example_dags/tutorial_dag.py
[2023-09-27T22:41:04.850-0400] {processor.py:829} INFO - Processing file /home/beau/airflow/py_env/lib/python3.10/site-packages/airflow/example_dags/tutorial_dag.py for tasks to queue
[2023-09-27T22:41:04.852-0400] {logging_mixin.py:151} INFO - [2023-09-27T22:41:04.851-0400] {dagbag.py:539} INFO - Filling up the DagBag from /home/beau/airflow/py_env/lib/python3.10/site-packages/airflow/example_dags/tutorial_dag.py
[2023-09-27T22:41:04.870-0400] {processor.py:839} INFO - DAG(s) dict_keys(['tutorial_dag']) retrieved from /home/beau/airflow/py_env/lib/python3.10/site-packages/airflow/example_dags/tutorial_dag.py
[2023-09-27T22:41:04.890-0400] {logging_mixin.py:151} INFO - [2023-09-27T22:41:04.890-0400] {dag.py:2915} INFO - Sync 1 DAGs
[2023-09-27T22:41:04.905-0400] {logging_mixin.py:151} INFO - [2023-09-27T22:41:04.905-0400] {dag.py:3696} INFO - Setting next_dagrun for tutorial_dag to None, run_after=None
[2023-09-27T22:41:04.939-0400] {processor.py:179} INFO - Processing /home/beau/airflow/py_env/lib/python3.10/site-packages/airflow/example_dags/tutorial_dag.py took 0.102 seconds
[2023-09-27T22:42:03.280-0400] {processor.py:157} INFO - Started process (PID=12709) to work on /home/beau/airflow/py_env/lib/python3.10/site-packages/airflow/example_dags/tutorial_dag.py
[2023-09-27T22:42:03.286-0400] {processor.py:829} INFO - Processing file /home/beau/airflow/py_env/lib/python3.10/site-packages/airflow/example_dags/tutorial_dag.py for tasks to queue
[2023-09-27T22:42:03.288-0400] {logging_mixin.py:151} INFO - [2023-09-27T22:42:03.287-0400] {dagbag.py:539} INFO - Filling up the DagBag from /home/beau/airflow/py_env/lib/python3.10/site-packages/airflow/example_dags/tutorial_dag.py
[2023-09-27T22:42:03.301-0400] {processor.py:839} INFO - DAG(s) dict_keys(['tutorial_dag']) retrieved from /home/beau/airflow/py_env/lib/python3.10/site-packages/airflow/example_dags/tutorial_dag.py
[2023-09-27T22:42:03.327-0400] {logging_mixin.py:151} INFO - [2023-09-27T22:42:03.327-0400] {dag.py:2915} INFO - Sync 1 DAGs
[2023-09-27T22:42:03.341-0400] {logging_mixin.py:151} INFO - [2023-09-27T22:42:03.341-0400] {dag.py:3696} INFO - Setting next_dagrun for tutorial_dag to None, run_after=None
[2023-09-27T22:42:03.378-0400] {processor.py:179} INFO - Processing /home/beau/airflow/py_env/lib/python3.10/site-packages/airflow/example_dags/tutorial_dag.py took 0.104 seconds
[2023-09-27T22:42:43.427-0400] {processor.py:157} INFO - Started process (PID=13028) to work on /home/beau/airflow/py_env/lib/python3.10/site-packages/airflow/example_dags/tutorial_dag.py
[2023-09-27T22:42:43.431-0400] {processor.py:829} INFO - Processing file /home/beau/airflow/py_env/lib/python3.10/site-packages/airflow/example_dags/tutorial_dag.py for tasks to queue
[2023-09-27T22:42:43.432-0400] {logging_mixin.py:151} INFO - [2023-09-27T22:42:43.431-0400] {dagbag.py:539} INFO - Filling up the DagBag from /home/beau/airflow/py_env/lib/python3.10/site-packages/airflow/example_dags/tutorial_dag.py
[2023-09-27T22:42:43.437-0400] {processor.py:839} INFO - DAG(s) dict_keys(['tutorial_dag']) retrieved from /home/beau/airflow/py_env/lib/python3.10/site-packages/airflow/example_dags/tutorial_dag.py
[2023-09-27T22:42:43.454-0400] {logging_mixin.py:151} INFO - [2023-09-27T22:42:43.454-0400] {dag.py:2915} INFO - Sync 1 DAGs
[2023-09-27T22:42:43.466-0400] {logging_mixin.py:151} INFO - [2023-09-27T22:42:43.466-0400] {dag.py:3696} INFO - Setting next_dagrun for tutorial_dag to None, run_after=None
[2023-09-27T22:42:43.490-0400] {processor.py:179} INFO - Processing /home/beau/airflow/py_env/lib/python3.10/site-packages/airflow/example_dags/tutorial_dag.py took 0.067 seconds
[2023-09-27T22:43:37.044-0400] {processor.py:157} INFO - Started process (PID=13435) to work on /home/beau/airflow/py_env/lib/python3.10/site-packages/airflow/example_dags/tutorial_dag.py
[2023-09-27T22:43:37.048-0400] {processor.py:829} INFO - Processing file /home/beau/airflow/py_env/lib/python3.10/site-packages/airflow/example_dags/tutorial_dag.py for tasks to queue
[2023-09-27T22:43:37.050-0400] {logging_mixin.py:151} INFO - [2023-09-27T22:43:37.049-0400] {dagbag.py:539} INFO - Filling up the DagBag from /home/beau/airflow/py_env/lib/python3.10/site-packages/airflow/example_dags/tutorial_dag.py
[2023-09-27T22:43:37.058-0400] {processor.py:839} INFO - DAG(s) dict_keys(['tutorial_dag']) retrieved from /home/beau/airflow/py_env/lib/python3.10/site-packages/airflow/example_dags/tutorial_dag.py
[2023-09-27T22:43:37.073-0400] {logging_mixin.py:151} INFO - [2023-09-27T22:43:37.073-0400] {dag.py:2915} INFO - Sync 1 DAGs
[2023-09-27T22:43:37.083-0400] {logging_mixin.py:151} INFO - [2023-09-27T22:43:37.083-0400] {dag.py:3696} INFO - Setting next_dagrun for tutorial_dag to None, run_after=None
[2023-09-27T22:43:37.109-0400] {processor.py:179} INFO - Processing /home/beau/airflow/py_env/lib/python3.10/site-packages/airflow/example_dags/tutorial_dag.py took 0.071 seconds
[2023-09-27T22:44:17.803-0400] {processor.py:157} INFO - Started process (PID=13798) to work on /home/beau/airflow/py_env/lib/python3.10/site-packages/airflow/example_dags/tutorial_dag.py
[2023-09-27T22:44:17.806-0400] {processor.py:829} INFO - Processing file /home/beau/airflow/py_env/lib/python3.10/site-packages/airflow/example_dags/tutorial_dag.py for tasks to queue
[2023-09-27T22:44:17.807-0400] {logging_mixin.py:151} INFO - [2023-09-27T22:44:17.807-0400] {dagbag.py:539} INFO - Filling up the DagBag from /home/beau/airflow/py_env/lib/python3.10/site-packages/airflow/example_dags/tutorial_dag.py
[2023-09-27T22:44:17.814-0400] {processor.py:839} INFO - DAG(s) dict_keys(['tutorial_dag']) retrieved from /home/beau/airflow/py_env/lib/python3.10/site-packages/airflow/example_dags/tutorial_dag.py
[2023-09-27T22:44:17.831-0400] {logging_mixin.py:151} INFO - [2023-09-27T22:44:17.831-0400] {dag.py:2915} INFO - Sync 1 DAGs
[2023-09-27T22:44:17.841-0400] {logging_mixin.py:151} INFO - [2023-09-27T22:44:17.841-0400] {dag.py:3696} INFO - Setting next_dagrun for tutorial_dag to None, run_after=None
[2023-09-27T22:44:17.869-0400] {processor.py:179} INFO - Processing /home/beau/airflow/py_env/lib/python3.10/site-packages/airflow/example_dags/tutorial_dag.py took 0.070 seconds
[2023-09-27T22:44:57.885-0400] {processor.py:157} INFO - Started process (PID=14180) to work on /home/beau/airflow/py_env/lib/python3.10/site-packages/airflow/example_dags/tutorial_dag.py
[2023-09-27T22:44:57.889-0400] {processor.py:829} INFO - Processing file /home/beau/airflow/py_env/lib/python3.10/site-packages/airflow/example_dags/tutorial_dag.py for tasks to queue
[2023-09-27T22:44:57.891-0400] {logging_mixin.py:151} INFO - [2023-09-27T22:44:57.890-0400] {dagbag.py:539} INFO - Filling up the DagBag from /home/beau/airflow/py_env/lib/python3.10/site-packages/airflow/example_dags/tutorial_dag.py
[2023-09-27T22:44:57.899-0400] {processor.py:839} INFO - DAG(s) dict_keys(['tutorial_dag']) retrieved from /home/beau/airflow/py_env/lib/python3.10/site-packages/airflow/example_dags/tutorial_dag.py
[2023-09-27T22:44:57.917-0400] {logging_mixin.py:151} INFO - [2023-09-27T22:44:57.917-0400] {dag.py:2915} INFO - Sync 1 DAGs
[2023-09-27T22:44:57.926-0400] {logging_mixin.py:151} INFO - [2023-09-27T22:44:57.926-0400] {dag.py:3696} INFO - Setting next_dagrun for tutorial_dag to None, run_after=None
[2023-09-27T22:44:57.967-0400] {processor.py:179} INFO - Processing /home/beau/airflow/py_env/lib/python3.10/site-packages/airflow/example_dags/tutorial_dag.py took 0.087 seconds
[2023-09-27T22:45:52.576-0400] {processor.py:157} INFO - Started process (PID=14766) to work on /home/beau/airflow/py_env/lib/python3.10/site-packages/airflow/example_dags/tutorial_dag.py
[2023-09-27T22:45:52.579-0400] {processor.py:829} INFO - Processing file /home/beau/airflow/py_env/lib/python3.10/site-packages/airflow/example_dags/tutorial_dag.py for tasks to queue
[2023-09-27T22:45:52.580-0400] {logging_mixin.py:151} INFO - [2023-09-27T22:45:52.580-0400] {dagbag.py:539} INFO - Filling up the DagBag from /home/beau/airflow/py_env/lib/python3.10/site-packages/airflow/example_dags/tutorial_dag.py
[2023-09-27T22:45:52.586-0400] {processor.py:839} INFO - DAG(s) dict_keys(['tutorial_dag']) retrieved from /home/beau/airflow/py_env/lib/python3.10/site-packages/airflow/example_dags/tutorial_dag.py
[2023-09-27T22:45:52.603-0400] {logging_mixin.py:151} INFO - [2023-09-27T22:45:52.603-0400] {dag.py:2915} INFO - Sync 1 DAGs
[2023-09-27T22:45:52.617-0400] {logging_mixin.py:151} INFO - [2023-09-27T22:45:52.617-0400] {dag.py:3696} INFO - Setting next_dagrun for tutorial_dag to None, run_after=None
[2023-09-27T22:45:52.641-0400] {processor.py:179} INFO - Processing /home/beau/airflow/py_env/lib/python3.10/site-packages/airflow/example_dags/tutorial_dag.py took 0.069 seconds
[2023-09-27T22:46:33.110-0400] {processor.py:157} INFO - Started process (PID=15220) to work on /home/beau/airflow/py_env/lib/python3.10/site-packages/airflow/example_dags/tutorial_dag.py
[2023-09-27T22:46:33.116-0400] {processor.py:829} INFO - Processing file /home/beau/airflow/py_env/lib/python3.10/site-packages/airflow/example_dags/tutorial_dag.py for tasks to queue
[2023-09-27T22:46:33.119-0400] {logging_mixin.py:151} INFO - [2023-09-27T22:46:33.117-0400] {dagbag.py:539} INFO - Filling up the DagBag from /home/beau/airflow/py_env/lib/python3.10/site-packages/airflow/example_dags/tutorial_dag.py
[2023-09-27T22:46:33.130-0400] {processor.py:839} INFO - DAG(s) dict_keys(['tutorial_dag']) retrieved from /home/beau/airflow/py_env/lib/python3.10/site-packages/airflow/example_dags/tutorial_dag.py
[2023-09-27T22:46:33.152-0400] {logging_mixin.py:151} INFO - [2023-09-27T22:46:33.152-0400] {dag.py:2915} INFO - Sync 1 DAGs
[2023-09-27T22:46:33.163-0400] {logging_mixin.py:151} INFO - [2023-09-27T22:46:33.163-0400] {dag.py:3696} INFO - Setting next_dagrun for tutorial_dag to None, run_after=None
[2023-09-27T22:46:33.187-0400] {processor.py:179} INFO - Processing /home/beau/airflow/py_env/lib/python3.10/site-packages/airflow/example_dags/tutorial_dag.py took 0.087 seconds
[2023-09-27T22:47:13.659-0400] {processor.py:157} INFO - Started process (PID=15743) to work on /home/beau/airflow/py_env/lib/python3.10/site-packages/airflow/example_dags/tutorial_dag.py
[2023-09-27T22:47:13.663-0400] {processor.py:829} INFO - Processing file /home/beau/airflow/py_env/lib/python3.10/site-packages/airflow/example_dags/tutorial_dag.py for tasks to queue
[2023-09-27T22:47:13.664-0400] {logging_mixin.py:151} INFO - [2023-09-27T22:47:13.664-0400] {dagbag.py:539} INFO - Filling up the DagBag from /home/beau/airflow/py_env/lib/python3.10/site-packages/airflow/example_dags/tutorial_dag.py
[2023-09-27T22:47:13.672-0400] {processor.py:839} INFO - DAG(s) dict_keys(['tutorial_dag']) retrieved from /home/beau/airflow/py_env/lib/python3.10/site-packages/airflow/example_dags/tutorial_dag.py
[2023-09-27T22:47:13.690-0400] {logging_mixin.py:151} INFO - [2023-09-27T22:47:13.689-0400] {dag.py:2915} INFO - Sync 1 DAGs
[2023-09-27T22:47:13.702-0400] {logging_mixin.py:151} INFO - [2023-09-27T22:47:13.701-0400] {dag.py:3696} INFO - Setting next_dagrun for tutorial_dag to None, run_after=None
[2023-09-27T22:47:13.727-0400] {processor.py:179} INFO - Processing /home/beau/airflow/py_env/lib/python3.10/site-packages/airflow/example_dags/tutorial_dag.py took 0.072 seconds
[2023-09-27T22:48:12.255-0400] {processor.py:157} INFO - Started process (PID=16374) to work on /home/beau/airflow/py_env/lib/python3.10/site-packages/airflow/example_dags/tutorial_dag.py
[2023-09-27T22:48:12.259-0400] {processor.py:829} INFO - Processing file /home/beau/airflow/py_env/lib/python3.10/site-packages/airflow/example_dags/tutorial_dag.py for tasks to queue
[2023-09-27T22:48:12.260-0400] {logging_mixin.py:151} INFO - [2023-09-27T22:48:12.260-0400] {dagbag.py:539} INFO - Filling up the DagBag from /home/beau/airflow/py_env/lib/python3.10/site-packages/airflow/example_dags/tutorial_dag.py
[2023-09-27T22:48:12.266-0400] {processor.py:839} INFO - DAG(s) dict_keys(['tutorial_dag']) retrieved from /home/beau/airflow/py_env/lib/python3.10/site-packages/airflow/example_dags/tutorial_dag.py
[2023-09-27T22:48:12.285-0400] {logging_mixin.py:151} INFO - [2023-09-27T22:48:12.284-0400] {dag.py:2915} INFO - Sync 1 DAGs
[2023-09-27T22:48:12.296-0400] {logging_mixin.py:151} INFO - [2023-09-27T22:48:12.295-0400] {dag.py:3696} INFO - Setting next_dagrun for tutorial_dag to None, run_after=None
[2023-09-27T22:48:12.325-0400] {processor.py:179} INFO - Processing /home/beau/airflow/py_env/lib/python3.10/site-packages/airflow/example_dags/tutorial_dag.py took 0.076 seconds
[2023-09-27T22:48:52.985-0400] {processor.py:157} INFO - Started process (PID=16754) to work on /home/beau/airflow/py_env/lib/python3.10/site-packages/airflow/example_dags/tutorial_dag.py
[2023-09-27T22:48:52.989-0400] {processor.py:829} INFO - Processing file /home/beau/airflow/py_env/lib/python3.10/site-packages/airflow/example_dags/tutorial_dag.py for tasks to queue
[2023-09-27T22:48:52.990-0400] {logging_mixin.py:151} INFO - [2023-09-27T22:48:52.990-0400] {dagbag.py:539} INFO - Filling up the DagBag from /home/beau/airflow/py_env/lib/python3.10/site-packages/airflow/example_dags/tutorial_dag.py
[2023-09-27T22:48:52.995-0400] {processor.py:839} INFO - DAG(s) dict_keys(['tutorial_dag']) retrieved from /home/beau/airflow/py_env/lib/python3.10/site-packages/airflow/example_dags/tutorial_dag.py
[2023-09-27T22:48:53.011-0400] {logging_mixin.py:151} INFO - [2023-09-27T22:48:53.011-0400] {dag.py:2915} INFO - Sync 1 DAGs
[2023-09-27T22:48:53.021-0400] {logging_mixin.py:151} INFO - [2023-09-27T22:48:53.021-0400] {dag.py:3696} INFO - Setting next_dagrun for tutorial_dag to None, run_after=None
[2023-09-27T22:48:53.045-0400] {processor.py:179} INFO - Processing /home/beau/airflow/py_env/lib/python3.10/site-packages/airflow/example_dags/tutorial_dag.py took 0.063 seconds
[2023-09-27T22:49:50.072-0400] {processor.py:157} INFO - Started process (PID=17147) to work on /home/beau/airflow/py_env/lib/python3.10/site-packages/airflow/example_dags/tutorial_dag.py
[2023-09-27T22:49:50.074-0400] {processor.py:829} INFO - Processing file /home/beau/airflow/py_env/lib/python3.10/site-packages/airflow/example_dags/tutorial_dag.py for tasks to queue
[2023-09-27T22:49:50.076-0400] {logging_mixin.py:151} INFO - [2023-09-27T22:49:50.075-0400] {dagbag.py:539} INFO - Filling up the DagBag from /home/beau/airflow/py_env/lib/python3.10/site-packages/airflow/example_dags/tutorial_dag.py
[2023-09-27T22:49:50.086-0400] {processor.py:839} INFO - DAG(s) dict_keys(['tutorial_dag']) retrieved from /home/beau/airflow/py_env/lib/python3.10/site-packages/airflow/example_dags/tutorial_dag.py
[2023-09-27T22:49:50.106-0400] {logging_mixin.py:151} INFO - [2023-09-27T22:49:50.106-0400] {dag.py:2915} INFO - Sync 1 DAGs
[2023-09-27T22:49:50.116-0400] {logging_mixin.py:151} INFO - [2023-09-27T22:49:50.116-0400] {dag.py:3696} INFO - Setting next_dagrun for tutorial_dag to None, run_after=None
[2023-09-27T22:49:50.139-0400] {processor.py:179} INFO - Processing /home/beau/airflow/py_env/lib/python3.10/site-packages/airflow/example_dags/tutorial_dag.py took 0.073 seconds
[2023-09-27T22:50:45.919-0400] {processor.py:157} INFO - Started process (PID=17342) to work on /home/beau/airflow/py_env/lib/python3.10/site-packages/airflow/example_dags/tutorial_dag.py
[2023-09-27T22:50:45.922-0400] {processor.py:829} INFO - Processing file /home/beau/airflow/py_env/lib/python3.10/site-packages/airflow/example_dags/tutorial_dag.py for tasks to queue
[2023-09-27T22:50:45.923-0400] {logging_mixin.py:151} INFO - [2023-09-27T22:50:45.923-0400] {dagbag.py:539} INFO - Filling up the DagBag from /home/beau/airflow/py_env/lib/python3.10/site-packages/airflow/example_dags/tutorial_dag.py
[2023-09-27T22:50:45.934-0400] {processor.py:839} INFO - DAG(s) dict_keys(['tutorial_dag']) retrieved from /home/beau/airflow/py_env/lib/python3.10/site-packages/airflow/example_dags/tutorial_dag.py
[2023-09-27T22:50:45.950-0400] {logging_mixin.py:151} INFO - [2023-09-27T22:50:45.950-0400] {dag.py:2915} INFO - Sync 1 DAGs
[2023-09-27T22:50:45.960-0400] {logging_mixin.py:151} INFO - [2023-09-27T22:50:45.960-0400] {dag.py:3696} INFO - Setting next_dagrun for tutorial_dag to None, run_after=None
[2023-09-27T22:50:45.983-0400] {processor.py:179} INFO - Processing /home/beau/airflow/py_env/lib/python3.10/site-packages/airflow/example_dags/tutorial_dag.py took 0.071 seconds
[2023-09-27T22:51:41.578-0400] {processor.py:157} INFO - Started process (PID=17595) to work on /home/beau/airflow/py_env/lib/python3.10/site-packages/airflow/example_dags/tutorial_dag.py
[2023-09-27T22:51:41.582-0400] {processor.py:829} INFO - Processing file /home/beau/airflow/py_env/lib/python3.10/site-packages/airflow/example_dags/tutorial_dag.py for tasks to queue
[2023-09-27T22:51:41.583-0400] {logging_mixin.py:151} INFO - [2023-09-27T22:51:41.583-0400] {dagbag.py:539} INFO - Filling up the DagBag from /home/beau/airflow/py_env/lib/python3.10/site-packages/airflow/example_dags/tutorial_dag.py
[2023-09-27T22:51:41.588-0400] {processor.py:839} INFO - DAG(s) dict_keys(['tutorial_dag']) retrieved from /home/beau/airflow/py_env/lib/python3.10/site-packages/airflow/example_dags/tutorial_dag.py
[2023-09-27T22:51:41.602-0400] {logging_mixin.py:151} INFO - [2023-09-27T22:51:41.602-0400] {dag.py:2915} INFO - Sync 1 DAGs
[2023-09-27T22:51:41.611-0400] {logging_mixin.py:151} INFO - [2023-09-27T22:51:41.611-0400] {dag.py:3696} INFO - Setting next_dagrun for tutorial_dag to None, run_after=None
[2023-09-27T22:51:41.634-0400] {processor.py:179} INFO - Processing /home/beau/airflow/py_env/lib/python3.10/site-packages/airflow/example_dags/tutorial_dag.py took 0.058 seconds
[2023-09-27T22:52:35.980-0400] {processor.py:157} INFO - Started process (PID=17842) to work on /home/beau/airflow/py_env/lib/python3.10/site-packages/airflow/example_dags/tutorial_dag.py
[2023-09-27T22:52:35.982-0400] {processor.py:829} INFO - Processing file /home/beau/airflow/py_env/lib/python3.10/site-packages/airflow/example_dags/tutorial_dag.py for tasks to queue
[2023-09-27T22:52:35.984-0400] {logging_mixin.py:151} INFO - [2023-09-27T22:52:35.983-0400] {dagbag.py:539} INFO - Filling up the DagBag from /home/beau/airflow/py_env/lib/python3.10/site-packages/airflow/example_dags/tutorial_dag.py
[2023-09-27T22:52:35.994-0400] {processor.py:839} INFO - DAG(s) dict_keys(['tutorial_dag']) retrieved from /home/beau/airflow/py_env/lib/python3.10/site-packages/airflow/example_dags/tutorial_dag.py
[2023-09-27T22:52:36.015-0400] {logging_mixin.py:151} INFO - [2023-09-27T22:52:36.015-0400] {dag.py:2915} INFO - Sync 1 DAGs
[2023-09-27T22:52:36.026-0400] {logging_mixin.py:151} INFO - [2023-09-27T22:52:36.026-0400] {dag.py:3696} INFO - Setting next_dagrun for tutorial_dag to None, run_after=None
[2023-09-27T22:52:36.050-0400] {processor.py:179} INFO - Processing /home/beau/airflow/py_env/lib/python3.10/site-packages/airflow/example_dags/tutorial_dag.py took 0.077 seconds
[2023-09-27T22:53:28.031-0400] {processor.py:157} INFO - Started process (PID=18357) to work on /home/beau/airflow/py_env/lib/python3.10/site-packages/airflow/example_dags/tutorial_dag.py
[2023-09-27T22:53:28.035-0400] {processor.py:829} INFO - Processing file /home/beau/airflow/py_env/lib/python3.10/site-packages/airflow/example_dags/tutorial_dag.py for tasks to queue
[2023-09-27T22:53:28.036-0400] {logging_mixin.py:151} INFO - [2023-09-27T22:53:28.036-0400] {dagbag.py:539} INFO - Filling up the DagBag from /home/beau/airflow/py_env/lib/python3.10/site-packages/airflow/example_dags/tutorial_dag.py
[2023-09-27T22:53:28.041-0400] {processor.py:839} INFO - DAG(s) dict_keys(['tutorial_dag']) retrieved from /home/beau/airflow/py_env/lib/python3.10/site-packages/airflow/example_dags/tutorial_dag.py
[2023-09-27T22:53:28.056-0400] {logging_mixin.py:151} INFO - [2023-09-27T22:53:28.055-0400] {dag.py:2915} INFO - Sync 1 DAGs
[2023-09-27T22:53:28.065-0400] {logging_mixin.py:151} INFO - [2023-09-27T22:53:28.065-0400] {dag.py:3696} INFO - Setting next_dagrun for tutorial_dag to None, run_after=None
[2023-09-27T22:53:28.091-0400] {processor.py:179} INFO - Processing /home/beau/airflow/py_env/lib/python3.10/site-packages/airflow/example_dags/tutorial_dag.py took 0.065 seconds
