[2023-09-27T22:32:56.060-0400] {processor.py:157} INFO - Started process (PID=8062) to work on /home/beau/airflow/py_env/lib/python3.10/site-packages/airflow/example_dags/tutorial_taskflow_api_virtualenv.py
[2023-09-27T22:32:56.061-0400] {processor.py:829} INFO - Processing file /home/beau/airflow/py_env/lib/python3.10/site-packages/airflow/example_dags/tutorial_taskflow_api_virtualenv.py for tasks to queue
[2023-09-27T22:32:56.061-0400] {logging_mixin.py:151} INFO - [2023-09-27T22:32:56.061-0400] {dagbag.py:539} INFO - Filling up the DagBag from /home/beau/airflow/py_env/lib/python3.10/site-packages/airflow/example_dags/tutorial_taskflow_api_virtualenv.py
[2023-09-27T22:32:56.152-0400] {logging_mixin.py:151} INFO - [2023-09-27T22:32:56.152-0400] {tutorial_taskflow_api_virtualenv.py:29} WARNING - The tutorial_taskflow_api_virtualenv example DAG requires virtualenv, please install it.
[2023-09-27T22:32:56.152-0400] {processor.py:841} WARNING - No viable dags retrieved from /home/beau/airflow/py_env/lib/python3.10/site-packages/airflow/example_dags/tutorial_taskflow_api_virtualenv.py
[2023-09-27T22:32:56.161-0400] {processor.py:179} INFO - Processing /home/beau/airflow/py_env/lib/python3.10/site-packages/airflow/example_dags/tutorial_taskflow_api_virtualenv.py took 0.104 seconds
[2023-09-27T22:33:44.235-0400] {processor.py:157} INFO - Started process (PID=8751) to work on /home/beau/airflow/py_env/lib/python3.10/site-packages/airflow/example_dags/tutorial_taskflow_api_virtualenv.py
[2023-09-27T22:33:44.239-0400] {processor.py:829} INFO - Processing file /home/beau/airflow/py_env/lib/python3.10/site-packages/airflow/example_dags/tutorial_taskflow_api_virtualenv.py for tasks to queue
[2023-09-27T22:33:44.240-0400] {logging_mixin.py:151} INFO - [2023-09-27T22:33:44.240-0400] {dagbag.py:539} INFO - Filling up the DagBag from /home/beau/airflow/py_env/lib/python3.10/site-packages/airflow/example_dags/tutorial_taskflow_api_virtualenv.py
[2023-09-27T22:33:44.358-0400] {logging_mixin.py:151} INFO - [2023-09-27T22:33:44.358-0400] {tutorial_taskflow_api_virtualenv.py:29} WARNING - The tutorial_taskflow_api_virtualenv example DAG requires virtualenv, please install it.
[2023-09-27T22:33:44.358-0400] {processor.py:841} WARNING - No viable dags retrieved from /home/beau/airflow/py_env/lib/python3.10/site-packages/airflow/example_dags/tutorial_taskflow_api_virtualenv.py
[2023-09-27T22:33:44.372-0400] {processor.py:179} INFO - Processing /home/beau/airflow/py_env/lib/python3.10/site-packages/airflow/example_dags/tutorial_taskflow_api_virtualenv.py took 0.139 seconds
[2023-09-27T22:34:20.319-0400] {processor.py:157} INFO - Started process (PID=9003) to work on /home/beau/airflow/py_env/lib/python3.10/site-packages/airflow/example_dags/tutorial_taskflow_api_virtualenv.py
[2023-09-27T22:34:20.321-0400] {processor.py:829} INFO - Processing file /home/beau/airflow/py_env/lib/python3.10/site-packages/airflow/example_dags/tutorial_taskflow_api_virtualenv.py for tasks to queue
[2023-09-27T22:34:20.322-0400] {logging_mixin.py:151} INFO - [2023-09-27T22:34:20.321-0400] {dagbag.py:539} INFO - Filling up the DagBag from /home/beau/airflow/py_env/lib/python3.10/site-packages/airflow/example_dags/tutorial_taskflow_api_virtualenv.py
[2023-09-27T22:34:20.424-0400] {logging_mixin.py:151} INFO - [2023-09-27T22:34:20.424-0400] {tutorial_taskflow_api_virtualenv.py:29} WARNING - The tutorial_taskflow_api_virtualenv example DAG requires virtualenv, please install it.
[2023-09-27T22:34:20.425-0400] {processor.py:841} WARNING - No viable dags retrieved from /home/beau/airflow/py_env/lib/python3.10/site-packages/airflow/example_dags/tutorial_taskflow_api_virtualenv.py
[2023-09-27T22:34:20.435-0400] {processor.py:179} INFO - Processing /home/beau/airflow/py_env/lib/python3.10/site-packages/airflow/example_dags/tutorial_taskflow_api_virtualenv.py took 0.119 seconds
[2023-09-27T22:35:00.647-0400] {processor.py:157} INFO - Started process (PID=9231) to work on /home/beau/airflow/py_env/lib/python3.10/site-packages/airflow/example_dags/tutorial_taskflow_api_virtualenv.py
[2023-09-27T22:35:00.651-0400] {processor.py:829} INFO - Processing file /home/beau/airflow/py_env/lib/python3.10/site-packages/airflow/example_dags/tutorial_taskflow_api_virtualenv.py for tasks to queue
[2023-09-27T22:35:00.653-0400] {logging_mixin.py:151} INFO - [2023-09-27T22:35:00.652-0400] {dagbag.py:539} INFO - Filling up the DagBag from /home/beau/airflow/py_env/lib/python3.10/site-packages/airflow/example_dags/tutorial_taskflow_api_virtualenv.py
[2023-09-27T22:35:00.778-0400] {logging_mixin.py:151} INFO - [2023-09-27T22:35:00.778-0400] {tutorial_taskflow_api_virtualenv.py:29} WARNING - The tutorial_taskflow_api_virtualenv example DAG requires virtualenv, please install it.
[2023-09-27T22:35:00.778-0400] {processor.py:841} WARNING - No viable dags retrieved from /home/beau/airflow/py_env/lib/python3.10/site-packages/airflow/example_dags/tutorial_taskflow_api_virtualenv.py
[2023-09-27T22:35:00.791-0400] {processor.py:179} INFO - Processing /home/beau/airflow/py_env/lib/python3.10/site-packages/airflow/example_dags/tutorial_taskflow_api_virtualenv.py took 0.147 seconds
[2023-09-27T22:35:52.336-0400] {processor.py:157} INFO - Started process (PID=9919) to work on /home/beau/airflow/py_env/lib/python3.10/site-packages/airflow/example_dags/tutorial_taskflow_api_virtualenv.py
[2023-09-27T22:35:52.341-0400] {processor.py:829} INFO - Processing file /home/beau/airflow/py_env/lib/python3.10/site-packages/airflow/example_dags/tutorial_taskflow_api_virtualenv.py for tasks to queue
[2023-09-27T22:35:52.342-0400] {logging_mixin.py:151} INFO - [2023-09-27T22:35:52.342-0400] {dagbag.py:539} INFO - Filling up the DagBag from /home/beau/airflow/py_env/lib/python3.10/site-packages/airflow/example_dags/tutorial_taskflow_api_virtualenv.py
[2023-09-27T22:35:52.454-0400] {logging_mixin.py:151} INFO - [2023-09-27T22:35:52.453-0400] {tutorial_taskflow_api_virtualenv.py:29} WARNING - The tutorial_taskflow_api_virtualenv example DAG requires virtualenv, please install it.
[2023-09-27T22:35:52.454-0400] {processor.py:841} WARNING - No viable dags retrieved from /home/beau/airflow/py_env/lib/python3.10/site-packages/airflow/example_dags/tutorial_taskflow_api_virtualenv.py
[2023-09-27T22:35:52.463-0400] {processor.py:179} INFO - Processing /home/beau/airflow/py_env/lib/python3.10/site-packages/airflow/example_dags/tutorial_taskflow_api_virtualenv.py took 0.134 seconds
[2023-09-27T22:36:44.629-0400] {processor.py:157} INFO - Started process (PID=10484) to work on /home/beau/airflow/py_env/lib/python3.10/site-packages/airflow/example_dags/tutorial_taskflow_api_virtualenv.py
[2023-09-27T22:36:44.631-0400] {processor.py:829} INFO - Processing file /home/beau/airflow/py_env/lib/python3.10/site-packages/airflow/example_dags/tutorial_taskflow_api_virtualenv.py for tasks to queue
[2023-09-27T22:36:44.634-0400] {logging_mixin.py:151} INFO - [2023-09-27T22:36:44.633-0400] {dagbag.py:539} INFO - Filling up the DagBag from /home/beau/airflow/py_env/lib/python3.10/site-packages/airflow/example_dags/tutorial_taskflow_api_virtualenv.py
[2023-09-27T22:36:44.777-0400] {logging_mixin.py:151} INFO - [2023-09-27T22:36:44.777-0400] {tutorial_taskflow_api_virtualenv.py:29} WARNING - The tutorial_taskflow_api_virtualenv example DAG requires virtualenv, please install it.
[2023-09-27T22:36:44.777-0400] {processor.py:841} WARNING - No viable dags retrieved from /home/beau/airflow/py_env/lib/python3.10/site-packages/airflow/example_dags/tutorial_taskflow_api_virtualenv.py
[2023-09-27T22:36:44.790-0400] {processor.py:179} INFO - Processing /home/beau/airflow/py_env/lib/python3.10/site-packages/airflow/example_dags/tutorial_taskflow_api_virtualenv.py took 0.167 seconds
[2023-09-27T22:37:25.401-0400] {processor.py:157} INFO - Started process (PID=10800) to work on /home/beau/airflow/py_env/lib/python3.10/site-packages/airflow/example_dags/tutorial_taskflow_api_virtualenv.py
[2023-09-27T22:37:25.405-0400] {processor.py:829} INFO - Processing file /home/beau/airflow/py_env/lib/python3.10/site-packages/airflow/example_dags/tutorial_taskflow_api_virtualenv.py for tasks to queue
[2023-09-27T22:37:25.407-0400] {logging_mixin.py:151} INFO - [2023-09-27T22:37:25.406-0400] {dagbag.py:539} INFO - Filling up the DagBag from /home/beau/airflow/py_env/lib/python3.10/site-packages/airflow/example_dags/tutorial_taskflow_api_virtualenv.py
[2023-09-27T22:37:25.580-0400] {logging_mixin.py:151} INFO - [2023-09-27T22:37:25.580-0400] {tutorial_taskflow_api_virtualenv.py:29} WARNING - The tutorial_taskflow_api_virtualenv example DAG requires virtualenv, please install it.
[2023-09-27T22:37:25.581-0400] {processor.py:841} WARNING - No viable dags retrieved from /home/beau/airflow/py_env/lib/python3.10/site-packages/airflow/example_dags/tutorial_taskflow_api_virtualenv.py
[2023-09-27T22:37:25.597-0400] {processor.py:179} INFO - Processing /home/beau/airflow/py_env/lib/python3.10/site-packages/airflow/example_dags/tutorial_taskflow_api_virtualenv.py took 0.199 seconds
[2023-09-27T22:38:03.386-0400] {processor.py:157} INFO - Started process (PID=11170) to work on /home/beau/airflow/py_env/lib/python3.10/site-packages/airflow/example_dags/tutorial_taskflow_api_virtualenv.py
[2023-09-27T22:38:03.390-0400] {processor.py:829} INFO - Processing file /home/beau/airflow/py_env/lib/python3.10/site-packages/airflow/example_dags/tutorial_taskflow_api_virtualenv.py for tasks to queue
[2023-09-27T22:38:03.391-0400] {logging_mixin.py:151} INFO - [2023-09-27T22:38:03.390-0400] {dagbag.py:539} INFO - Filling up the DagBag from /home/beau/airflow/py_env/lib/python3.10/site-packages/airflow/example_dags/tutorial_taskflow_api_virtualenv.py
[2023-09-27T22:38:03.547-0400] {logging_mixin.py:151} INFO - [2023-09-27T22:38:03.547-0400] {tutorial_taskflow_api_virtualenv.py:29} WARNING - The tutorial_taskflow_api_virtualenv example DAG requires virtualenv, please install it.
[2023-09-27T22:38:03.547-0400] {processor.py:841} WARNING - No viable dags retrieved from /home/beau/airflow/py_env/lib/python3.10/site-packages/airflow/example_dags/tutorial_taskflow_api_virtualenv.py
[2023-09-27T22:38:03.564-0400] {processor.py:179} INFO - Processing /home/beau/airflow/py_env/lib/python3.10/site-packages/airflow/example_dags/tutorial_taskflow_api_virtualenv.py took 0.182 seconds
[2023-09-27T22:38:44.595-0400] {processor.py:157} INFO - Started process (PID=11501) to work on /home/beau/airflow/py_env/lib/python3.10/site-packages/airflow/example_dags/tutorial_taskflow_api_virtualenv.py
[2023-09-27T22:38:44.599-0400] {processor.py:829} INFO - Processing file /home/beau/airflow/py_env/lib/python3.10/site-packages/airflow/example_dags/tutorial_taskflow_api_virtualenv.py for tasks to queue
[2023-09-27T22:38:44.601-0400] {logging_mixin.py:151} INFO - [2023-09-27T22:38:44.600-0400] {dagbag.py:539} INFO - Filling up the DagBag from /home/beau/airflow/py_env/lib/python3.10/site-packages/airflow/example_dags/tutorial_taskflow_api_virtualenv.py
[2023-09-27T22:38:44.708-0400] {logging_mixin.py:151} INFO - [2023-09-27T22:38:44.708-0400] {tutorial_taskflow_api_virtualenv.py:29} WARNING - The tutorial_taskflow_api_virtualenv example DAG requires virtualenv, please install it.
[2023-09-27T22:38:44.709-0400] {processor.py:841} WARNING - No viable dags retrieved from /home/beau/airflow/py_env/lib/python3.10/site-packages/airflow/example_dags/tutorial_taskflow_api_virtualenv.py
[2023-09-27T22:38:44.718-0400] {processor.py:179} INFO - Processing /home/beau/airflow/py_env/lib/python3.10/site-packages/airflow/example_dags/tutorial_taskflow_api_virtualenv.py took 0.128 seconds
[2023-09-27T22:39:32.474-0400] {processor.py:157} INFO - Started process (PID=11890) to work on /home/beau/airflow/py_env/lib/python3.10/site-packages/airflow/example_dags/tutorial_taskflow_api_virtualenv.py
[2023-09-27T22:39:32.478-0400] {processor.py:829} INFO - Processing file /home/beau/airflow/py_env/lib/python3.10/site-packages/airflow/example_dags/tutorial_taskflow_api_virtualenv.py for tasks to queue
[2023-09-27T22:39:32.480-0400] {logging_mixin.py:151} INFO - [2023-09-27T22:39:32.479-0400] {dagbag.py:539} INFO - Filling up the DagBag from /home/beau/airflow/py_env/lib/python3.10/site-packages/airflow/example_dags/tutorial_taskflow_api_virtualenv.py
[2023-09-27T22:39:32.631-0400] {logging_mixin.py:151} INFO - [2023-09-27T22:39:32.630-0400] {tutorial_taskflow_api_virtualenv.py:29} WARNING - The tutorial_taskflow_api_virtualenv example DAG requires virtualenv, please install it.
[2023-09-27T22:39:32.631-0400] {processor.py:841} WARNING - No viable dags retrieved from /home/beau/airflow/py_env/lib/python3.10/site-packages/airflow/example_dags/tutorial_taskflow_api_virtualenv.py
[2023-09-27T22:39:32.643-0400] {processor.py:179} INFO - Processing /home/beau/airflow/py_env/lib/python3.10/site-packages/airflow/example_dags/tutorial_taskflow_api_virtualenv.py took 0.174 seconds
[2023-09-27T22:40:13.868-0400] {processor.py:157} INFO - Started process (PID=12091) to work on /home/beau/airflow/py_env/lib/python3.10/site-packages/airflow/example_dags/tutorial_taskflow_api_virtualenv.py
[2023-09-27T22:40:13.872-0400] {processor.py:829} INFO - Processing file /home/beau/airflow/py_env/lib/python3.10/site-packages/airflow/example_dags/tutorial_taskflow_api_virtualenv.py for tasks to queue
[2023-09-27T22:40:13.873-0400] {logging_mixin.py:151} INFO - [2023-09-27T22:40:13.872-0400] {dagbag.py:539} INFO - Filling up the DagBag from /home/beau/airflow/py_env/lib/python3.10/site-packages/airflow/example_dags/tutorial_taskflow_api_virtualenv.py
[2023-09-27T22:40:14.005-0400] {logging_mixin.py:151} INFO - [2023-09-27T22:40:14.005-0400] {tutorial_taskflow_api_virtualenv.py:29} WARNING - The tutorial_taskflow_api_virtualenv example DAG requires virtualenv, please install it.
[2023-09-27T22:40:14.006-0400] {processor.py:841} WARNING - No viable dags retrieved from /home/beau/airflow/py_env/lib/python3.10/site-packages/airflow/example_dags/tutorial_taskflow_api_virtualenv.py
[2023-09-27T22:40:14.019-0400] {processor.py:179} INFO - Processing /home/beau/airflow/py_env/lib/python3.10/site-packages/airflow/example_dags/tutorial_taskflow_api_virtualenv.py took 0.156 seconds
[2023-09-27T22:40:54.555-0400] {processor.py:157} INFO - Started process (PID=12294) to work on /home/beau/airflow/py_env/lib/python3.10/site-packages/airflow/example_dags/tutorial_taskflow_api_virtualenv.py
[2023-09-27T22:40:54.559-0400] {processor.py:829} INFO - Processing file /home/beau/airflow/py_env/lib/python3.10/site-packages/airflow/example_dags/tutorial_taskflow_api_virtualenv.py for tasks to queue
[2023-09-27T22:40:54.560-0400] {logging_mixin.py:151} INFO - [2023-09-27T22:40:54.560-0400] {dagbag.py:539} INFO - Filling up the DagBag from /home/beau/airflow/py_env/lib/python3.10/site-packages/airflow/example_dags/tutorial_taskflow_api_virtualenv.py
[2023-09-27T22:40:54.700-0400] {logging_mixin.py:151} INFO - [2023-09-27T22:40:54.700-0400] {tutorial_taskflow_api_virtualenv.py:29} WARNING - The tutorial_taskflow_api_virtualenv example DAG requires virtualenv, please install it.
[2023-09-27T22:40:54.700-0400] {processor.py:841} WARNING - No viable dags retrieved from /home/beau/airflow/py_env/lib/python3.10/site-packages/airflow/example_dags/tutorial_taskflow_api_virtualenv.py
[2023-09-27T22:40:54.711-0400] {processor.py:179} INFO - Processing /home/beau/airflow/py_env/lib/python3.10/site-packages/airflow/example_dags/tutorial_taskflow_api_virtualenv.py took 0.160 seconds
[2023-09-27T22:41:34.482-0400] {processor.py:157} INFO - Started process (PID=12480) to work on /home/beau/airflow/py_env/lib/python3.10/site-packages/airflow/example_dags/tutorial_taskflow_api_virtualenv.py
[2023-09-27T22:41:34.486-0400] {processor.py:829} INFO - Processing file /home/beau/airflow/py_env/lib/python3.10/site-packages/airflow/example_dags/tutorial_taskflow_api_virtualenv.py for tasks to queue
[2023-09-27T22:41:34.487-0400] {logging_mixin.py:151} INFO - [2023-09-27T22:41:34.487-0400] {dagbag.py:539} INFO - Filling up the DagBag from /home/beau/airflow/py_env/lib/python3.10/site-packages/airflow/example_dags/tutorial_taskflow_api_virtualenv.py
[2023-09-27T22:41:34.631-0400] {logging_mixin.py:151} INFO - [2023-09-27T22:41:34.631-0400] {tutorial_taskflow_api_virtualenv.py:29} WARNING - The tutorial_taskflow_api_virtualenv example DAG requires virtualenv, please install it.
[2023-09-27T22:41:34.632-0400] {processor.py:841} WARNING - No viable dags retrieved from /home/beau/airflow/py_env/lib/python3.10/site-packages/airflow/example_dags/tutorial_taskflow_api_virtualenv.py
[2023-09-27T22:41:34.641-0400] {processor.py:179} INFO - Processing /home/beau/airflow/py_env/lib/python3.10/site-packages/airflow/example_dags/tutorial_taskflow_api_virtualenv.py took 0.164 seconds
[2023-09-27T22:42:13.838-0400] {processor.py:157} INFO - Started process (PID=12789) to work on /home/beau/airflow/py_env/lib/python3.10/site-packages/airflow/example_dags/tutorial_taskflow_api_virtualenv.py
[2023-09-27T22:42:13.842-0400] {processor.py:829} INFO - Processing file /home/beau/airflow/py_env/lib/python3.10/site-packages/airflow/example_dags/tutorial_taskflow_api_virtualenv.py for tasks to queue
[2023-09-27T22:42:13.843-0400] {logging_mixin.py:151} INFO - [2023-09-27T22:42:13.842-0400] {dagbag.py:539} INFO - Filling up the DagBag from /home/beau/airflow/py_env/lib/python3.10/site-packages/airflow/example_dags/tutorial_taskflow_api_virtualenv.py
[2023-09-27T22:42:13.962-0400] {logging_mixin.py:151} INFO - [2023-09-27T22:42:13.961-0400] {tutorial_taskflow_api_virtualenv.py:29} WARNING - The tutorial_taskflow_api_virtualenv example DAG requires virtualenv, please install it.
[2023-09-27T22:42:13.962-0400] {processor.py:841} WARNING - No viable dags retrieved from /home/beau/airflow/py_env/lib/python3.10/site-packages/airflow/example_dags/tutorial_taskflow_api_virtualenv.py
[2023-09-27T22:42:13.972-0400] {processor.py:179} INFO - Processing /home/beau/airflow/py_env/lib/python3.10/site-packages/airflow/example_dags/tutorial_taskflow_api_virtualenv.py took 0.138 seconds
[2023-09-27T22:42:51.851-0400] {processor.py:157} INFO - Started process (PID=13205) to work on /home/beau/airflow/py_env/lib/python3.10/site-packages/airflow/example_dags/tutorial_taskflow_api_virtualenv.py
[2023-09-27T22:42:51.855-0400] {processor.py:829} INFO - Processing file /home/beau/airflow/py_env/lib/python3.10/site-packages/airflow/example_dags/tutorial_taskflow_api_virtualenv.py for tasks to queue
[2023-09-27T22:42:51.857-0400] {logging_mixin.py:151} INFO - [2023-09-27T22:42:51.856-0400] {dagbag.py:539} INFO - Filling up the DagBag from /home/beau/airflow/py_env/lib/python3.10/site-packages/airflow/example_dags/tutorial_taskflow_api_virtualenv.py
[2023-09-27T22:42:51.969-0400] {logging_mixin.py:151} INFO - [2023-09-27T22:42:51.969-0400] {tutorial_taskflow_api_virtualenv.py:29} WARNING - The tutorial_taskflow_api_virtualenv example DAG requires virtualenv, please install it.
[2023-09-27T22:42:51.969-0400] {processor.py:841} WARNING - No viable dags retrieved from /home/beau/airflow/py_env/lib/python3.10/site-packages/airflow/example_dags/tutorial_taskflow_api_virtualenv.py
[2023-09-27T22:42:51.981-0400] {processor.py:179} INFO - Processing /home/beau/airflow/py_env/lib/python3.10/site-packages/airflow/example_dags/tutorial_taskflow_api_virtualenv.py took 0.133 seconds
[2023-09-27T22:43:27.539-0400] {processor.py:157} INFO - Started process (PID=13379) to work on /home/beau/airflow/py_env/lib/python3.10/site-packages/airflow/example_dags/tutorial_taskflow_api_virtualenv.py
[2023-09-27T22:43:27.544-0400] {processor.py:829} INFO - Processing file /home/beau/airflow/py_env/lib/python3.10/site-packages/airflow/example_dags/tutorial_taskflow_api_virtualenv.py for tasks to queue
[2023-09-27T22:43:27.546-0400] {logging_mixin.py:151} INFO - [2023-09-27T22:43:27.545-0400] {dagbag.py:539} INFO - Filling up the DagBag from /home/beau/airflow/py_env/lib/python3.10/site-packages/airflow/example_dags/tutorial_taskflow_api_virtualenv.py
[2023-09-27T22:43:27.698-0400] {logging_mixin.py:151} INFO - [2023-09-27T22:43:27.698-0400] {tutorial_taskflow_api_virtualenv.py:29} WARNING - The tutorial_taskflow_api_virtualenv example DAG requires virtualenv, please install it.
[2023-09-27T22:43:27.698-0400] {processor.py:841} WARNING - No viable dags retrieved from /home/beau/airflow/py_env/lib/python3.10/site-packages/airflow/example_dags/tutorial_taskflow_api_virtualenv.py
[2023-09-27T22:43:27.708-0400] {processor.py:179} INFO - Processing /home/beau/airflow/py_env/lib/python3.10/site-packages/airflow/example_dags/tutorial_taskflow_api_virtualenv.py took 0.176 seconds
[2023-09-27T22:44:07.901-0400] {processor.py:157} INFO - Started process (PID=13713) to work on /home/beau/airflow/py_env/lib/python3.10/site-packages/airflow/example_dags/tutorial_taskflow_api_virtualenv.py
[2023-09-27T22:44:07.902-0400] {processor.py:829} INFO - Processing file /home/beau/airflow/py_env/lib/python3.10/site-packages/airflow/example_dags/tutorial_taskflow_api_virtualenv.py for tasks to queue
[2023-09-27T22:44:07.903-0400] {logging_mixin.py:151} INFO - [2023-09-27T22:44:07.903-0400] {dagbag.py:539} INFO - Filling up the DagBag from /home/beau/airflow/py_env/lib/python3.10/site-packages/airflow/example_dags/tutorial_taskflow_api_virtualenv.py
[2023-09-27T22:44:08.037-0400] {logging_mixin.py:151} INFO - [2023-09-27T22:44:08.037-0400] {tutorial_taskflow_api_virtualenv.py:29} WARNING - The tutorial_taskflow_api_virtualenv example DAG requires virtualenv, please install it.
[2023-09-27T22:44:08.037-0400] {processor.py:841} WARNING - No viable dags retrieved from /home/beau/airflow/py_env/lib/python3.10/site-packages/airflow/example_dags/tutorial_taskflow_api_virtualenv.py
[2023-09-27T22:44:08.052-0400] {processor.py:179} INFO - Processing /home/beau/airflow/py_env/lib/python3.10/site-packages/airflow/example_dags/tutorial_taskflow_api_virtualenv.py took 0.157 seconds
[2023-09-27T22:44:48.434-0400] {processor.py:157} INFO - Started process (PID=14101) to work on /home/beau/airflow/py_env/lib/python3.10/site-packages/airflow/example_dags/tutorial_taskflow_api_virtualenv.py
[2023-09-27T22:44:48.438-0400] {processor.py:829} INFO - Processing file /home/beau/airflow/py_env/lib/python3.10/site-packages/airflow/example_dags/tutorial_taskflow_api_virtualenv.py for tasks to queue
[2023-09-27T22:44:48.439-0400] {logging_mixin.py:151} INFO - [2023-09-27T22:44:48.439-0400] {dagbag.py:539} INFO - Filling up the DagBag from /home/beau/airflow/py_env/lib/python3.10/site-packages/airflow/example_dags/tutorial_taskflow_api_virtualenv.py
[2023-09-27T22:44:48.549-0400] {logging_mixin.py:151} INFO - [2023-09-27T22:44:48.548-0400] {tutorial_taskflow_api_virtualenv.py:29} WARNING - The tutorial_taskflow_api_virtualenv example DAG requires virtualenv, please install it.
[2023-09-27T22:44:48.549-0400] {processor.py:841} WARNING - No viable dags retrieved from /home/beau/airflow/py_env/lib/python3.10/site-packages/airflow/example_dags/tutorial_taskflow_api_virtualenv.py
[2023-09-27T22:44:48.559-0400] {processor.py:179} INFO - Processing /home/beau/airflow/py_env/lib/python3.10/site-packages/airflow/example_dags/tutorial_taskflow_api_virtualenv.py took 0.130 seconds
[2023-09-27T22:45:23.792-0400] {processor.py:157} INFO - Started process (PID=14342) to work on /home/beau/airflow/py_env/lib/python3.10/site-packages/airflow/example_dags/tutorial_taskflow_api_virtualenv.py
[2023-09-27T22:45:23.795-0400] {processor.py:829} INFO - Processing file /home/beau/airflow/py_env/lib/python3.10/site-packages/airflow/example_dags/tutorial_taskflow_api_virtualenv.py for tasks to queue
[2023-09-27T22:45:23.797-0400] {logging_mixin.py:151} INFO - [2023-09-27T22:45:23.797-0400] {dagbag.py:539} INFO - Filling up the DagBag from /home/beau/airflow/py_env/lib/python3.10/site-packages/airflow/example_dags/tutorial_taskflow_api_virtualenv.py
[2023-09-27T22:45:23.914-0400] {logging_mixin.py:151} INFO - [2023-09-27T22:45:23.914-0400] {tutorial_taskflow_api_virtualenv.py:29} WARNING - The tutorial_taskflow_api_virtualenv example DAG requires virtualenv, please install it.
[2023-09-27T22:45:23.914-0400] {processor.py:841} WARNING - No viable dags retrieved from /home/beau/airflow/py_env/lib/python3.10/site-packages/airflow/example_dags/tutorial_taskflow_api_virtualenv.py
[2023-09-27T22:45:23.925-0400] {processor.py:179} INFO - Processing /home/beau/airflow/py_env/lib/python3.10/site-packages/airflow/example_dags/tutorial_taskflow_api_virtualenv.py took 0.137 seconds
[2023-09-27T22:46:03.103-0400] {processor.py:157} INFO - Started process (PID=14870) to work on /home/beau/airflow/py_env/lib/python3.10/site-packages/airflow/example_dags/tutorial_taskflow_api_virtualenv.py
[2023-09-27T22:46:03.107-0400] {processor.py:829} INFO - Processing file /home/beau/airflow/py_env/lib/python3.10/site-packages/airflow/example_dags/tutorial_taskflow_api_virtualenv.py for tasks to queue
[2023-09-27T22:46:03.109-0400] {logging_mixin.py:151} INFO - [2023-09-27T22:46:03.108-0400] {dagbag.py:539} INFO - Filling up the DagBag from /home/beau/airflow/py_env/lib/python3.10/site-packages/airflow/example_dags/tutorial_taskflow_api_virtualenv.py
[2023-09-27T22:46:03.219-0400] {logging_mixin.py:151} INFO - [2023-09-27T22:46:03.219-0400] {tutorial_taskflow_api_virtualenv.py:29} WARNING - The tutorial_taskflow_api_virtualenv example DAG requires virtualenv, please install it.
[2023-09-27T22:46:03.220-0400] {processor.py:841} WARNING - No viable dags retrieved from /home/beau/airflow/py_env/lib/python3.10/site-packages/airflow/example_dags/tutorial_taskflow_api_virtualenv.py
[2023-09-27T22:46:03.230-0400] {processor.py:179} INFO - Processing /home/beau/airflow/py_env/lib/python3.10/site-packages/airflow/example_dags/tutorial_taskflow_api_virtualenv.py took 0.131 seconds
[2023-09-27T22:46:44.498-0400] {processor.py:157} INFO - Started process (PID=15388) to work on /home/beau/airflow/py_env/lib/python3.10/site-packages/airflow/example_dags/tutorial_taskflow_api_virtualenv.py
[2023-09-27T22:46:44.501-0400] {processor.py:829} INFO - Processing file /home/beau/airflow/py_env/lib/python3.10/site-packages/airflow/example_dags/tutorial_taskflow_api_virtualenv.py for tasks to queue
[2023-09-27T22:46:44.502-0400] {logging_mixin.py:151} INFO - [2023-09-27T22:46:44.502-0400] {dagbag.py:539} INFO - Filling up the DagBag from /home/beau/airflow/py_env/lib/python3.10/site-packages/airflow/example_dags/tutorial_taskflow_api_virtualenv.py
[2023-09-27T22:46:44.616-0400] {logging_mixin.py:151} INFO - [2023-09-27T22:46:44.616-0400] {tutorial_taskflow_api_virtualenv.py:29} WARNING - The tutorial_taskflow_api_virtualenv example DAG requires virtualenv, please install it.
[2023-09-27T22:46:44.617-0400] {processor.py:841} WARNING - No viable dags retrieved from /home/beau/airflow/py_env/lib/python3.10/site-packages/airflow/example_dags/tutorial_taskflow_api_virtualenv.py
[2023-09-27T22:46:44.627-0400] {processor.py:179} INFO - Processing /home/beau/airflow/py_env/lib/python3.10/site-packages/airflow/example_dags/tutorial_taskflow_api_virtualenv.py took 0.132 seconds
[2023-09-27T22:47:24.760-0400] {processor.py:157} INFO - Started process (PID=15855) to work on /home/beau/airflow/py_env/lib/python3.10/site-packages/airflow/example_dags/tutorial_taskflow_api_virtualenv.py
[2023-09-27T22:47:24.764-0400] {processor.py:829} INFO - Processing file /home/beau/airflow/py_env/lib/python3.10/site-packages/airflow/example_dags/tutorial_taskflow_api_virtualenv.py for tasks to queue
[2023-09-27T22:47:24.766-0400] {logging_mixin.py:151} INFO - [2023-09-27T22:47:24.766-0400] {dagbag.py:539} INFO - Filling up the DagBag from /home/beau/airflow/py_env/lib/python3.10/site-packages/airflow/example_dags/tutorial_taskflow_api_virtualenv.py
[2023-09-27T22:47:24.879-0400] {logging_mixin.py:151} INFO - [2023-09-27T22:47:24.879-0400] {tutorial_taskflow_api_virtualenv.py:29} WARNING - The tutorial_taskflow_api_virtualenv example DAG requires virtualenv, please install it.
[2023-09-27T22:47:24.880-0400] {processor.py:841} WARNING - No viable dags retrieved from /home/beau/airflow/py_env/lib/python3.10/site-packages/airflow/example_dags/tutorial_taskflow_api_virtualenv.py
[2023-09-27T22:47:24.890-0400] {processor.py:179} INFO - Processing /home/beau/airflow/py_env/lib/python3.10/site-packages/airflow/example_dags/tutorial_taskflow_api_virtualenv.py took 0.136 seconds
[2023-09-27T22:48:03.281-0400] {processor.py:157} INFO - Started process (PID=16295) to work on /home/beau/airflow/py_env/lib/python3.10/site-packages/airflow/example_dags/tutorial_taskflow_api_virtualenv.py
[2023-09-27T22:48:03.285-0400] {processor.py:829} INFO - Processing file /home/beau/airflow/py_env/lib/python3.10/site-packages/airflow/example_dags/tutorial_taskflow_api_virtualenv.py for tasks to queue
[2023-09-27T22:48:03.287-0400] {logging_mixin.py:151} INFO - [2023-09-27T22:48:03.286-0400] {dagbag.py:539} INFO - Filling up the DagBag from /home/beau/airflow/py_env/lib/python3.10/site-packages/airflow/example_dags/tutorial_taskflow_api_virtualenv.py
[2023-09-27T22:48:03.408-0400] {logging_mixin.py:151} INFO - [2023-09-27T22:48:03.408-0400] {tutorial_taskflow_api_virtualenv.py:29} WARNING - The tutorial_taskflow_api_virtualenv example DAG requires virtualenv, please install it.
[2023-09-27T22:48:03.408-0400] {processor.py:841} WARNING - No viable dags retrieved from /home/beau/airflow/py_env/lib/python3.10/site-packages/airflow/example_dags/tutorial_taskflow_api_virtualenv.py
[2023-09-27T22:48:03.419-0400] {processor.py:179} INFO - Processing /home/beau/airflow/py_env/lib/python3.10/site-packages/airflow/example_dags/tutorial_taskflow_api_virtualenv.py took 0.145 seconds
[2023-09-27T22:48:43.985-0400] {processor.py:157} INFO - Started process (PID=16621) to work on /home/beau/airflow/py_env/lib/python3.10/site-packages/airflow/example_dags/tutorial_taskflow_api_virtualenv.py
[2023-09-27T22:48:43.989-0400] {processor.py:829} INFO - Processing file /home/beau/airflow/py_env/lib/python3.10/site-packages/airflow/example_dags/tutorial_taskflow_api_virtualenv.py for tasks to queue
[2023-09-27T22:48:43.991-0400] {logging_mixin.py:151} INFO - [2023-09-27T22:48:43.990-0400] {dagbag.py:539} INFO - Filling up the DagBag from /home/beau/airflow/py_env/lib/python3.10/site-packages/airflow/example_dags/tutorial_taskflow_api_virtualenv.py
[2023-09-27T22:48:44.151-0400] {logging_mixin.py:151} INFO - [2023-09-27T22:48:44.150-0400] {tutorial_taskflow_api_virtualenv.py:29} WARNING - The tutorial_taskflow_api_virtualenv example DAG requires virtualenv, please install it.
[2023-09-27T22:48:44.151-0400] {processor.py:841} WARNING - No viable dags retrieved from /home/beau/airflow/py_env/lib/python3.10/site-packages/airflow/example_dags/tutorial_taskflow_api_virtualenv.py
[2023-09-27T22:48:44.162-0400] {processor.py:179} INFO - Processing /home/beau/airflow/py_env/lib/python3.10/site-packages/airflow/example_dags/tutorial_taskflow_api_virtualenv.py took 0.181 seconds
[2023-09-27T22:49:23.570-0400] {processor.py:157} INFO - Started process (PID=16994) to work on /home/beau/airflow/py_env/lib/python3.10/site-packages/airflow/example_dags/tutorial_taskflow_api_virtualenv.py
[2023-09-27T22:49:23.575-0400] {processor.py:829} INFO - Processing file /home/beau/airflow/py_env/lib/python3.10/site-packages/airflow/example_dags/tutorial_taskflow_api_virtualenv.py for tasks to queue
[2023-09-27T22:49:23.577-0400] {logging_mixin.py:151} INFO - [2023-09-27T22:49:23.576-0400] {dagbag.py:539} INFO - Filling up the DagBag from /home/beau/airflow/py_env/lib/python3.10/site-packages/airflow/example_dags/tutorial_taskflow_api_virtualenv.py
[2023-09-27T22:49:23.685-0400] {logging_mixin.py:151} INFO - [2023-09-27T22:49:23.685-0400] {tutorial_taskflow_api_virtualenv.py:29} WARNING - The tutorial_taskflow_api_virtualenv example DAG requires virtualenv, please install it.
[2023-09-27T22:49:23.685-0400] {processor.py:841} WARNING - No viable dags retrieved from /home/beau/airflow/py_env/lib/python3.10/site-packages/airflow/example_dags/tutorial_taskflow_api_virtualenv.py
[2023-09-27T22:49:23.696-0400] {processor.py:179} INFO - Processing /home/beau/airflow/py_env/lib/python3.10/site-packages/airflow/example_dags/tutorial_taskflow_api_virtualenv.py took 0.131 seconds
[2023-09-27T22:50:00.394-0400] {processor.py:157} INFO - Started process (PID=17181) to work on /home/beau/airflow/py_env/lib/python3.10/site-packages/airflow/example_dags/tutorial_taskflow_api_virtualenv.py
[2023-09-27T22:50:00.396-0400] {processor.py:829} INFO - Processing file /home/beau/airflow/py_env/lib/python3.10/site-packages/airflow/example_dags/tutorial_taskflow_api_virtualenv.py for tasks to queue
[2023-09-27T22:50:00.397-0400] {logging_mixin.py:151} INFO - [2023-09-27T22:50:00.397-0400] {dagbag.py:539} INFO - Filling up the DagBag from /home/beau/airflow/py_env/lib/python3.10/site-packages/airflow/example_dags/tutorial_taskflow_api_virtualenv.py
[2023-09-27T22:50:00.514-0400] {logging_mixin.py:151} INFO - [2023-09-27T22:50:00.513-0400] {tutorial_taskflow_api_virtualenv.py:29} WARNING - The tutorial_taskflow_api_virtualenv example DAG requires virtualenv, please install it.
[2023-09-27T22:50:00.514-0400] {processor.py:841} WARNING - No viable dags retrieved from /home/beau/airflow/py_env/lib/python3.10/site-packages/airflow/example_dags/tutorial_taskflow_api_virtualenv.py
[2023-09-27T22:50:00.535-0400] {processor.py:179} INFO - Processing /home/beau/airflow/py_env/lib/python3.10/site-packages/airflow/example_dags/tutorial_taskflow_api_virtualenv.py took 0.148 seconds
[2023-09-27T22:50:39.314-0400] {processor.py:157} INFO - Started process (PID=17316) to work on /home/beau/airflow/py_env/lib/python3.10/site-packages/airflow/example_dags/tutorial_taskflow_api_virtualenv.py
[2023-09-27T22:50:39.319-0400] {processor.py:829} INFO - Processing file /home/beau/airflow/py_env/lib/python3.10/site-packages/airflow/example_dags/tutorial_taskflow_api_virtualenv.py for tasks to queue
[2023-09-27T22:50:39.320-0400] {logging_mixin.py:151} INFO - [2023-09-27T22:50:39.320-0400] {dagbag.py:539} INFO - Filling up the DagBag from /home/beau/airflow/py_env/lib/python3.10/site-packages/airflow/example_dags/tutorial_taskflow_api_virtualenv.py
[2023-09-27T22:50:39.444-0400] {logging_mixin.py:151} INFO - [2023-09-27T22:50:39.443-0400] {tutorial_taskflow_api_virtualenv.py:29} WARNING - The tutorial_taskflow_api_virtualenv example DAG requires virtualenv, please install it.
[2023-09-27T22:50:39.444-0400] {processor.py:841} WARNING - No viable dags retrieved from /home/beau/airflow/py_env/lib/python3.10/site-packages/airflow/example_dags/tutorial_taskflow_api_virtualenv.py
[2023-09-27T22:50:39.456-0400] {processor.py:179} INFO - Processing /home/beau/airflow/py_env/lib/python3.10/site-packages/airflow/example_dags/tutorial_taskflow_api_virtualenv.py took 0.147 seconds
[2023-09-27T22:51:14.502-0400] {processor.py:157} INFO - Started process (PID=17503) to work on /home/beau/airflow/py_env/lib/python3.10/site-packages/airflow/example_dags/tutorial_taskflow_api_virtualenv.py
[2023-09-27T22:51:14.503-0400] {processor.py:829} INFO - Processing file /home/beau/airflow/py_env/lib/python3.10/site-packages/airflow/example_dags/tutorial_taskflow_api_virtualenv.py for tasks to queue
[2023-09-27T22:51:14.504-0400] {logging_mixin.py:151} INFO - [2023-09-27T22:51:14.504-0400] {dagbag.py:539} INFO - Filling up the DagBag from /home/beau/airflow/py_env/lib/python3.10/site-packages/airflow/example_dags/tutorial_taskflow_api_virtualenv.py
[2023-09-27T22:51:14.623-0400] {logging_mixin.py:151} INFO - [2023-09-27T22:51:14.623-0400] {tutorial_taskflow_api_virtualenv.py:29} WARNING - The tutorial_taskflow_api_virtualenv example DAG requires virtualenv, please install it.
[2023-09-27T22:51:14.623-0400] {processor.py:841} WARNING - No viable dags retrieved from /home/beau/airflow/py_env/lib/python3.10/site-packages/airflow/example_dags/tutorial_taskflow_api_virtualenv.py
[2023-09-27T22:51:14.633-0400] {processor.py:179} INFO - Processing /home/beau/airflow/py_env/lib/python3.10/site-packages/airflow/example_dags/tutorial_taskflow_api_virtualenv.py took 0.135 seconds
[2023-09-27T22:51:53.194-0400] {processor.py:157} INFO - Started process (PID=17696) to work on /home/beau/airflow/py_env/lib/python3.10/site-packages/airflow/example_dags/tutorial_taskflow_api_virtualenv.py
[2023-09-27T22:51:53.199-0400] {processor.py:829} INFO - Processing file /home/beau/airflow/py_env/lib/python3.10/site-packages/airflow/example_dags/tutorial_taskflow_api_virtualenv.py for tasks to queue
[2023-09-27T22:51:53.200-0400] {logging_mixin.py:151} INFO - [2023-09-27T22:51:53.199-0400] {dagbag.py:539} INFO - Filling up the DagBag from /home/beau/airflow/py_env/lib/python3.10/site-packages/airflow/example_dags/tutorial_taskflow_api_virtualenv.py
[2023-09-27T22:51:53.319-0400] {logging_mixin.py:151} INFO - [2023-09-27T22:51:53.319-0400] {tutorial_taskflow_api_virtualenv.py:29} WARNING - The tutorial_taskflow_api_virtualenv example DAG requires virtualenv, please install it.
[2023-09-27T22:51:53.319-0400] {processor.py:841} WARNING - No viable dags retrieved from /home/beau/airflow/py_env/lib/python3.10/site-packages/airflow/example_dags/tutorial_taskflow_api_virtualenv.py
[2023-09-27T22:51:53.328-0400] {processor.py:179} INFO - Processing /home/beau/airflow/py_env/lib/python3.10/site-packages/airflow/example_dags/tutorial_taskflow_api_virtualenv.py took 0.138 seconds
[2023-09-27T22:52:28.754-0400] {processor.py:157} INFO - Started process (PID=17820) to work on /home/beau/airflow/py_env/lib/python3.10/site-packages/airflow/example_dags/tutorial_taskflow_api_virtualenv.py
[2023-09-27T22:52:28.756-0400] {processor.py:829} INFO - Processing file /home/beau/airflow/py_env/lib/python3.10/site-packages/airflow/example_dags/tutorial_taskflow_api_virtualenv.py for tasks to queue
[2023-09-27T22:52:28.757-0400] {logging_mixin.py:151} INFO - [2023-09-27T22:52:28.756-0400] {dagbag.py:539} INFO - Filling up the DagBag from /home/beau/airflow/py_env/lib/python3.10/site-packages/airflow/example_dags/tutorial_taskflow_api_virtualenv.py
[2023-09-27T22:52:28.859-0400] {logging_mixin.py:151} INFO - [2023-09-27T22:52:28.858-0400] {tutorial_taskflow_api_virtualenv.py:29} WARNING - The tutorial_taskflow_api_virtualenv example DAG requires virtualenv, please install it.
[2023-09-27T22:52:28.859-0400] {processor.py:841} WARNING - No viable dags retrieved from /home/beau/airflow/py_env/lib/python3.10/site-packages/airflow/example_dags/tutorial_taskflow_api_virtualenv.py
[2023-09-27T22:52:28.868-0400] {processor.py:179} INFO - Processing /home/beau/airflow/py_env/lib/python3.10/site-packages/airflow/example_dags/tutorial_taskflow_api_virtualenv.py took 0.119 seconds
[2023-09-27T22:53:04.296-0400] {processor.py:157} INFO - Started process (PID=18158) to work on /home/beau/airflow/py_env/lib/python3.10/site-packages/airflow/example_dags/tutorial_taskflow_api_virtualenv.py
[2023-09-27T22:53:04.302-0400] {processor.py:829} INFO - Processing file /home/beau/airflow/py_env/lib/python3.10/site-packages/airflow/example_dags/tutorial_taskflow_api_virtualenv.py for tasks to queue
[2023-09-27T22:53:04.304-0400] {logging_mixin.py:151} INFO - [2023-09-27T22:53:04.303-0400] {dagbag.py:539} INFO - Filling up the DagBag from /home/beau/airflow/py_env/lib/python3.10/site-packages/airflow/example_dags/tutorial_taskflow_api_virtualenv.py
[2023-09-27T22:53:04.444-0400] {logging_mixin.py:151} INFO - [2023-09-27T22:53:04.444-0400] {tutorial_taskflow_api_virtualenv.py:29} WARNING - The tutorial_taskflow_api_virtualenv example DAG requires virtualenv, please install it.
[2023-09-27T22:53:04.444-0400] {processor.py:841} WARNING - No viable dags retrieved from /home/beau/airflow/py_env/lib/python3.10/site-packages/airflow/example_dags/tutorial_taskflow_api_virtualenv.py
[2023-09-27T22:53:04.454-0400] {processor.py:179} INFO - Processing /home/beau/airflow/py_env/lib/python3.10/site-packages/airflow/example_dags/tutorial_taskflow_api_virtualenv.py took 0.164 seconds
[2023-09-27T22:53:39.530-0400] {processor.py:157} INFO - Started process (PID=18444) to work on /home/beau/airflow/py_env/lib/python3.10/site-packages/airflow/example_dags/tutorial_taskflow_api_virtualenv.py
[2023-09-27T22:53:39.534-0400] {processor.py:829} INFO - Processing file /home/beau/airflow/py_env/lib/python3.10/site-packages/airflow/example_dags/tutorial_taskflow_api_virtualenv.py for tasks to queue
[2023-09-27T22:53:39.536-0400] {logging_mixin.py:151} INFO - [2023-09-27T22:53:39.536-0400] {dagbag.py:539} INFO - Filling up the DagBag from /home/beau/airflow/py_env/lib/python3.10/site-packages/airflow/example_dags/tutorial_taskflow_api_virtualenv.py
[2023-09-27T22:53:39.637-0400] {logging_mixin.py:151} INFO - [2023-09-27T22:53:39.637-0400] {tutorial_taskflow_api_virtualenv.py:29} WARNING - The tutorial_taskflow_api_virtualenv example DAG requires virtualenv, please install it.
[2023-09-27T22:53:39.637-0400] {processor.py:841} WARNING - No viable dags retrieved from /home/beau/airflow/py_env/lib/python3.10/site-packages/airflow/example_dags/tutorial_taskflow_api_virtualenv.py
[2023-09-27T22:53:39.647-0400] {processor.py:179} INFO - Processing /home/beau/airflow/py_env/lib/python3.10/site-packages/airflow/example_dags/tutorial_taskflow_api_virtualenv.py took 0.123 seconds
