[2023-09-27T22:33:10.177-0400] {processor.py:157} INFO - Started process (PID=8242) to work on /home/beau/airflow/py_env/lib/python3.10/site-packages/airflow/example_dags/tutorial_taskflow_api.py
[2023-09-27T22:33:10.178-0400] {processor.py:829} INFO - Processing file /home/beau/airflow/py_env/lib/python3.10/site-packages/airflow/example_dags/tutorial_taskflow_api.py for tasks to queue
[2023-09-27T22:33:10.179-0400] {logging_mixin.py:151} INFO - [2023-09-27T22:33:10.179-0400] {dagbag.py:539} INFO - Filling up the DagBag from /home/beau/airflow/py_env/lib/python3.10/site-packages/airflow/example_dags/tutorial_taskflow_api.py
[2023-09-27T22:33:10.185-0400] {processor.py:839} INFO - DAG(s) dict_keys(['tutorial_taskflow_api']) retrieved from /home/beau/airflow/py_env/lib/python3.10/site-packages/airflow/example_dags/tutorial_taskflow_api.py
[2023-09-27T22:33:10.193-0400] {logging_mixin.py:151} INFO - [2023-09-27T22:33:10.193-0400] {dag.py:2915} INFO - Sync 1 DAGs
[2023-09-27T22:33:10.207-0400] {logging_mixin.py:151} INFO - [2023-09-27T22:33:10.207-0400] {dag.py:3696} INFO - Setting next_dagrun for tutorial_taskflow_api to None, run_after=None
[2023-09-27T22:33:10.233-0400] {processor.py:179} INFO - Processing /home/beau/airflow/py_env/lib/python3.10/site-packages/airflow/example_dags/tutorial_taskflow_api.py took 0.059 seconds
[2023-09-27T22:33:57.374-0400] {processor.py:157} INFO - Started process (PID=8923) to work on /home/beau/airflow/py_env/lib/python3.10/site-packages/airflow/example_dags/tutorial_taskflow_api.py
[2023-09-27T22:33:57.375-0400] {processor.py:829} INFO - Processing file /home/beau/airflow/py_env/lib/python3.10/site-packages/airflow/example_dags/tutorial_taskflow_api.py for tasks to queue
[2023-09-27T22:33:57.376-0400] {logging_mixin.py:151} INFO - [2023-09-27T22:33:57.376-0400] {dagbag.py:539} INFO - Filling up the DagBag from /home/beau/airflow/py_env/lib/python3.10/site-packages/airflow/example_dags/tutorial_taskflow_api.py
[2023-09-27T22:33:57.382-0400] {processor.py:839} INFO - DAG(s) dict_keys(['tutorial_taskflow_api']) retrieved from /home/beau/airflow/py_env/lib/python3.10/site-packages/airflow/example_dags/tutorial_taskflow_api.py
[2023-09-27T22:33:57.397-0400] {logging_mixin.py:151} INFO - [2023-09-27T22:33:57.397-0400] {dag.py:2915} INFO - Sync 1 DAGs
[2023-09-27T22:33:57.407-0400] {logging_mixin.py:151} INFO - [2023-09-27T22:33:57.407-0400] {dag.py:3696} INFO - Setting next_dagrun for tutorial_taskflow_api to None, run_after=None
[2023-09-27T22:33:57.431-0400] {processor.py:179} INFO - Processing /home/beau/airflow/py_env/lib/python3.10/site-packages/airflow/example_dags/tutorial_taskflow_api.py took 0.060 seconds
[2023-09-27T22:34:46.649-0400] {processor.py:157} INFO - Started process (PID=9159) to work on /home/beau/airflow/py_env/lib/python3.10/site-packages/airflow/example_dags/tutorial_taskflow_api.py
[2023-09-27T22:34:46.652-0400] {processor.py:829} INFO - Processing file /home/beau/airflow/py_env/lib/python3.10/site-packages/airflow/example_dags/tutorial_taskflow_api.py for tasks to queue
[2023-09-27T22:34:46.653-0400] {logging_mixin.py:151} INFO - [2023-09-27T22:34:46.653-0400] {dagbag.py:539} INFO - Filling up the DagBag from /home/beau/airflow/py_env/lib/python3.10/site-packages/airflow/example_dags/tutorial_taskflow_api.py
[2023-09-27T22:34:46.663-0400] {processor.py:839} INFO - DAG(s) dict_keys(['tutorial_taskflow_api']) retrieved from /home/beau/airflow/py_env/lib/python3.10/site-packages/airflow/example_dags/tutorial_taskflow_api.py
[2023-09-27T22:34:46.682-0400] {logging_mixin.py:151} INFO - [2023-09-27T22:34:46.682-0400] {dag.py:2915} INFO - Sync 1 DAGs
[2023-09-27T22:34:46.696-0400] {logging_mixin.py:151} INFO - [2023-09-27T22:34:46.696-0400] {dag.py:3696} INFO - Setting next_dagrun for tutorial_taskflow_api to None, run_after=None
[2023-09-27T22:34:46.720-0400] {processor.py:179} INFO - Processing /home/beau/airflow/py_env/lib/python3.10/site-packages/airflow/example_dags/tutorial_taskflow_api.py took 0.074 seconds
[2023-09-27T22:35:33.371-0400] {processor.py:157} INFO - Started process (PID=9658) to work on /home/beau/airflow/py_env/lib/python3.10/site-packages/airflow/example_dags/tutorial_taskflow_api.py
[2023-09-27T22:35:33.373-0400] {processor.py:829} INFO - Processing file /home/beau/airflow/py_env/lib/python3.10/site-packages/airflow/example_dags/tutorial_taskflow_api.py for tasks to queue
[2023-09-27T22:35:33.375-0400] {logging_mixin.py:151} INFO - [2023-09-27T22:35:33.374-0400] {dagbag.py:539} INFO - Filling up the DagBag from /home/beau/airflow/py_env/lib/python3.10/site-packages/airflow/example_dags/tutorial_taskflow_api.py
[2023-09-27T22:35:33.381-0400] {processor.py:839} INFO - DAG(s) dict_keys(['tutorial_taskflow_api']) retrieved from /home/beau/airflow/py_env/lib/python3.10/site-packages/airflow/example_dags/tutorial_taskflow_api.py
[2023-09-27T22:35:33.398-0400] {logging_mixin.py:151} INFO - [2023-09-27T22:35:33.397-0400] {dag.py:2915} INFO - Sync 1 DAGs
[2023-09-27T22:35:33.411-0400] {logging_mixin.py:151} INFO - [2023-09-27T22:35:33.411-0400] {dag.py:3696} INFO - Setting next_dagrun for tutorial_taskflow_api to None, run_after=None
[2023-09-27T22:35:33.582-0400] {processor.py:179} INFO - Processing /home/beau/airflow/py_env/lib/python3.10/site-packages/airflow/example_dags/tutorial_taskflow_api.py took 0.214 seconds
[2023-09-27T22:36:27.446-0400] {processor.py:157} INFO - Started process (PID=10379) to work on /home/beau/airflow/py_env/lib/python3.10/site-packages/airflow/example_dags/tutorial_taskflow_api.py
[2023-09-27T22:36:27.449-0400] {processor.py:829} INFO - Processing file /home/beau/airflow/py_env/lib/python3.10/site-packages/airflow/example_dags/tutorial_taskflow_api.py for tasks to queue
[2023-09-27T22:36:27.450-0400] {logging_mixin.py:151} INFO - [2023-09-27T22:36:27.450-0400] {dagbag.py:539} INFO - Filling up the DagBag from /home/beau/airflow/py_env/lib/python3.10/site-packages/airflow/example_dags/tutorial_taskflow_api.py
[2023-09-27T22:36:27.465-0400] {processor.py:839} INFO - DAG(s) dict_keys(['tutorial_taskflow_api']) retrieved from /home/beau/airflow/py_env/lib/python3.10/site-packages/airflow/example_dags/tutorial_taskflow_api.py
[2023-09-27T22:36:27.485-0400] {logging_mixin.py:151} INFO - [2023-09-27T22:36:27.485-0400] {dag.py:2915} INFO - Sync 1 DAGs
[2023-09-27T22:36:27.499-0400] {logging_mixin.py:151} INFO - [2023-09-27T22:36:27.499-0400] {dag.py:3696} INFO - Setting next_dagrun for tutorial_taskflow_api to None, run_after=None
[2023-09-27T22:36:27.534-0400] {processor.py:179} INFO - Processing /home/beau/airflow/py_env/lib/python3.10/site-packages/airflow/example_dags/tutorial_taskflow_api.py took 0.092 seconds
[2023-09-27T22:37:12.792-0400] {processor.py:157} INFO - Started process (PID=10712) to work on /home/beau/airflow/py_env/lib/python3.10/site-packages/airflow/example_dags/tutorial_taskflow_api.py
[2023-09-27T22:37:12.795-0400] {processor.py:829} INFO - Processing file /home/beau/airflow/py_env/lib/python3.10/site-packages/airflow/example_dags/tutorial_taskflow_api.py for tasks to queue
[2023-09-27T22:37:12.797-0400] {logging_mixin.py:151} INFO - [2023-09-27T22:37:12.796-0400] {dagbag.py:539} INFO - Filling up the DagBag from /home/beau/airflow/py_env/lib/python3.10/site-packages/airflow/example_dags/tutorial_taskflow_api.py
[2023-09-27T22:37:12.803-0400] {processor.py:839} INFO - DAG(s) dict_keys(['tutorial_taskflow_api']) retrieved from /home/beau/airflow/py_env/lib/python3.10/site-packages/airflow/example_dags/tutorial_taskflow_api.py
[2023-09-27T22:37:12.822-0400] {logging_mixin.py:151} INFO - [2023-09-27T22:37:12.821-0400] {dag.py:2915} INFO - Sync 1 DAGs
[2023-09-27T22:37:12.834-0400] {logging_mixin.py:151} INFO - [2023-09-27T22:37:12.834-0400] {dag.py:3696} INFO - Setting next_dagrun for tutorial_taskflow_api to None, run_after=None
[2023-09-27T22:37:12.862-0400] {processor.py:179} INFO - Processing /home/beau/airflow/py_env/lib/python3.10/site-packages/airflow/example_dags/tutorial_taskflow_api.py took 0.073 seconds
[2023-09-27T22:38:08.273-0400] {processor.py:157} INFO - Started process (PID=11209) to work on /home/beau/airflow/py_env/lib/python3.10/site-packages/airflow/example_dags/tutorial_taskflow_api.py
[2023-09-27T22:38:08.276-0400] {processor.py:829} INFO - Processing file /home/beau/airflow/py_env/lib/python3.10/site-packages/airflow/example_dags/tutorial_taskflow_api.py for tasks to queue
[2023-09-27T22:38:08.277-0400] {logging_mixin.py:151} INFO - [2023-09-27T22:38:08.277-0400] {dagbag.py:539} INFO - Filling up the DagBag from /home/beau/airflow/py_env/lib/python3.10/site-packages/airflow/example_dags/tutorial_taskflow_api.py
[2023-09-27T22:38:08.284-0400] {processor.py:839} INFO - DAG(s) dict_keys(['tutorial_taskflow_api']) retrieved from /home/beau/airflow/py_env/lib/python3.10/site-packages/airflow/example_dags/tutorial_taskflow_api.py
[2023-09-27T22:38:08.307-0400] {logging_mixin.py:151} INFO - [2023-09-27T22:38:08.307-0400] {dag.py:2915} INFO - Sync 1 DAGs
[2023-09-27T22:38:08.326-0400] {logging_mixin.py:151} INFO - [2023-09-27T22:38:08.326-0400] {dag.py:3696} INFO - Setting next_dagrun for tutorial_taskflow_api to None, run_after=None
[2023-09-27T22:38:08.358-0400] {processor.py:179} INFO - Processing /home/beau/airflow/py_env/lib/python3.10/site-packages/airflow/example_dags/tutorial_taskflow_api.py took 0.090 seconds
[2023-09-27T22:38:47.411-0400] {processor.py:157} INFO - Started process (PID=11594) to work on /home/beau/airflow/py_env/lib/python3.10/site-packages/airflow/example_dags/tutorial_taskflow_api.py
[2023-09-27T22:38:47.414-0400] {processor.py:829} INFO - Processing file /home/beau/airflow/py_env/lib/python3.10/site-packages/airflow/example_dags/tutorial_taskflow_api.py for tasks to queue
[2023-09-27T22:38:47.415-0400] {logging_mixin.py:151} INFO - [2023-09-27T22:38:47.415-0400] {dagbag.py:539} INFO - Filling up the DagBag from /home/beau/airflow/py_env/lib/python3.10/site-packages/airflow/example_dags/tutorial_taskflow_api.py
[2023-09-27T22:38:47.423-0400] {processor.py:839} INFO - DAG(s) dict_keys(['tutorial_taskflow_api']) retrieved from /home/beau/airflow/py_env/lib/python3.10/site-packages/airflow/example_dags/tutorial_taskflow_api.py
[2023-09-27T22:38:47.442-0400] {logging_mixin.py:151} INFO - [2023-09-27T22:38:47.441-0400] {dag.py:2915} INFO - Sync 1 DAGs
[2023-09-27T22:38:47.453-0400] {logging_mixin.py:151} INFO - [2023-09-27T22:38:47.453-0400] {dag.py:3696} INFO - Setting next_dagrun for tutorial_taskflow_api to None, run_after=None
[2023-09-27T22:38:47.485-0400] {processor.py:179} INFO - Processing /home/beau/airflow/py_env/lib/python3.10/site-packages/airflow/example_dags/tutorial_taskflow_api.py took 0.080 seconds
[2023-09-27T22:39:41.416-0400] {processor.py:157} INFO - Started process (PID=11919) to work on /home/beau/airflow/py_env/lib/python3.10/site-packages/airflow/example_dags/tutorial_taskflow_api.py
[2023-09-27T22:39:41.418-0400] {processor.py:829} INFO - Processing file /home/beau/airflow/py_env/lib/python3.10/site-packages/airflow/example_dags/tutorial_taskflow_api.py for tasks to queue
[2023-09-27T22:39:41.419-0400] {logging_mixin.py:151} INFO - [2023-09-27T22:39:41.419-0400] {dagbag.py:539} INFO - Filling up the DagBag from /home/beau/airflow/py_env/lib/python3.10/site-packages/airflow/example_dags/tutorial_taskflow_api.py
[2023-09-27T22:39:41.429-0400] {processor.py:839} INFO - DAG(s) dict_keys(['tutorial_taskflow_api']) retrieved from /home/beau/airflow/py_env/lib/python3.10/site-packages/airflow/example_dags/tutorial_taskflow_api.py
[2023-09-27T22:39:41.450-0400] {logging_mixin.py:151} INFO - [2023-09-27T22:39:41.449-0400] {dag.py:2915} INFO - Sync 1 DAGs
[2023-09-27T22:39:41.464-0400] {logging_mixin.py:151} INFO - [2023-09-27T22:39:41.464-0400] {dag.py:3696} INFO - Setting next_dagrun for tutorial_taskflow_api to None, run_after=None
[2023-09-27T22:39:41.496-0400] {processor.py:179} INFO - Processing /home/beau/airflow/py_env/lib/python3.10/site-packages/airflow/example_dags/tutorial_taskflow_api.py took 0.085 seconds
[2023-09-27T22:40:22.365-0400] {processor.py:157} INFO - Started process (PID=12120) to work on /home/beau/airflow/py_env/lib/python3.10/site-packages/airflow/example_dags/tutorial_taskflow_api.py
[2023-09-27T22:40:22.368-0400] {processor.py:829} INFO - Processing file /home/beau/airflow/py_env/lib/python3.10/site-packages/airflow/example_dags/tutorial_taskflow_api.py for tasks to queue
[2023-09-27T22:40:22.369-0400] {logging_mixin.py:151} INFO - [2023-09-27T22:40:22.368-0400] {dagbag.py:539} INFO - Filling up the DagBag from /home/beau/airflow/py_env/lib/python3.10/site-packages/airflow/example_dags/tutorial_taskflow_api.py
[2023-09-27T22:40:22.378-0400] {processor.py:839} INFO - DAG(s) dict_keys(['tutorial_taskflow_api']) retrieved from /home/beau/airflow/py_env/lib/python3.10/site-packages/airflow/example_dags/tutorial_taskflow_api.py
[2023-09-27T22:40:22.399-0400] {logging_mixin.py:151} INFO - [2023-09-27T22:40:22.398-0400] {dag.py:2915} INFO - Sync 1 DAGs
[2023-09-27T22:40:22.412-0400] {logging_mixin.py:151} INFO - [2023-09-27T22:40:22.412-0400] {dag.py:3696} INFO - Setting next_dagrun for tutorial_taskflow_api to None, run_after=None
[2023-09-27T22:40:22.436-0400] {processor.py:179} INFO - Processing /home/beau/airflow/py_env/lib/python3.10/site-packages/airflow/example_dags/tutorial_taskflow_api.py took 0.076 seconds
[2023-09-27T22:41:03.622-0400] {processor.py:157} INFO - Started process (PID=12326) to work on /home/beau/airflow/py_env/lib/python3.10/site-packages/airflow/example_dags/tutorial_taskflow_api.py
[2023-09-27T22:41:03.627-0400] {processor.py:829} INFO - Processing file /home/beau/airflow/py_env/lib/python3.10/site-packages/airflow/example_dags/tutorial_taskflow_api.py for tasks to queue
[2023-09-27T22:41:03.631-0400] {logging_mixin.py:151} INFO - [2023-09-27T22:41:03.630-0400] {dagbag.py:539} INFO - Filling up the DagBag from /home/beau/airflow/py_env/lib/python3.10/site-packages/airflow/example_dags/tutorial_taskflow_api.py
[2023-09-27T22:41:03.642-0400] {processor.py:839} INFO - DAG(s) dict_keys(['tutorial_taskflow_api']) retrieved from /home/beau/airflow/py_env/lib/python3.10/site-packages/airflow/example_dags/tutorial_taskflow_api.py
[2023-09-27T22:41:03.666-0400] {logging_mixin.py:151} INFO - [2023-09-27T22:41:03.666-0400] {dag.py:2915} INFO - Sync 1 DAGs
[2023-09-27T22:41:03.680-0400] {logging_mixin.py:151} INFO - [2023-09-27T22:41:03.679-0400] {dag.py:3696} INFO - Setting next_dagrun for tutorial_taskflow_api to None, run_after=None
[2023-09-27T22:41:03.712-0400] {processor.py:179} INFO - Processing /home/beau/airflow/py_env/lib/python3.10/site-packages/airflow/example_dags/tutorial_taskflow_api.py took 0.098 seconds
[2023-09-27T22:41:42.436-0400] {processor.py:157} INFO - Started process (PID=12552) to work on /home/beau/airflow/py_env/lib/python3.10/site-packages/airflow/example_dags/tutorial_taskflow_api.py
[2023-09-27T22:41:42.441-0400] {processor.py:829} INFO - Processing file /home/beau/airflow/py_env/lib/python3.10/site-packages/airflow/example_dags/tutorial_taskflow_api.py for tasks to queue
[2023-09-27T22:41:42.442-0400] {logging_mixin.py:151} INFO - [2023-09-27T22:41:42.442-0400] {dagbag.py:539} INFO - Filling up the DagBag from /home/beau/airflow/py_env/lib/python3.10/site-packages/airflow/example_dags/tutorial_taskflow_api.py
[2023-09-27T22:41:42.453-0400] {processor.py:839} INFO - DAG(s) dict_keys(['tutorial_taskflow_api']) retrieved from /home/beau/airflow/py_env/lib/python3.10/site-packages/airflow/example_dags/tutorial_taskflow_api.py
[2023-09-27T22:41:42.471-0400] {logging_mixin.py:151} INFO - [2023-09-27T22:41:42.471-0400] {dag.py:2915} INFO - Sync 1 DAGs
[2023-09-27T22:41:42.482-0400] {logging_mixin.py:151} INFO - [2023-09-27T22:41:42.481-0400] {dag.py:3696} INFO - Setting next_dagrun for tutorial_taskflow_api to None, run_after=None
[2023-09-27T22:41:42.507-0400] {processor.py:179} INFO - Processing /home/beau/airflow/py_env/lib/python3.10/site-packages/airflow/example_dags/tutorial_taskflow_api.py took 0.075 seconds
[2023-09-27T22:42:22.700-0400] {processor.py:157} INFO - Started process (PID=12844) to work on /home/beau/airflow/py_env/lib/python3.10/site-packages/airflow/example_dags/tutorial_taskflow_api.py
[2023-09-27T22:42:22.704-0400] {processor.py:829} INFO - Processing file /home/beau/airflow/py_env/lib/python3.10/site-packages/airflow/example_dags/tutorial_taskflow_api.py for tasks to queue
[2023-09-27T22:42:22.705-0400] {logging_mixin.py:151} INFO - [2023-09-27T22:42:22.705-0400] {dagbag.py:539} INFO - Filling up the DagBag from /home/beau/airflow/py_env/lib/python3.10/site-packages/airflow/example_dags/tutorial_taskflow_api.py
[2023-09-27T22:42:22.711-0400] {processor.py:839} INFO - DAG(s) dict_keys(['tutorial_taskflow_api']) retrieved from /home/beau/airflow/py_env/lib/python3.10/site-packages/airflow/example_dags/tutorial_taskflow_api.py
[2023-09-27T22:42:22.729-0400] {logging_mixin.py:151} INFO - [2023-09-27T22:42:22.729-0400] {dag.py:2915} INFO - Sync 1 DAGs
[2023-09-27T22:42:22.747-0400] {logging_mixin.py:151} INFO - [2023-09-27T22:42:22.747-0400] {dag.py:3696} INFO - Setting next_dagrun for tutorial_taskflow_api to None, run_after=None
[2023-09-27T22:42:22.777-0400] {processor.py:179} INFO - Processing /home/beau/airflow/py_env/lib/python3.10/site-packages/airflow/example_dags/tutorial_taskflow_api.py took 0.080 seconds
[2023-09-27T22:43:16.080-0400] {processor.py:157} INFO - Started process (PID=13336) to work on /home/beau/airflow/py_env/lib/python3.10/site-packages/airflow/example_dags/tutorial_taskflow_api.py
[2023-09-27T22:43:16.082-0400] {processor.py:829} INFO - Processing file /home/beau/airflow/py_env/lib/python3.10/site-packages/airflow/example_dags/tutorial_taskflow_api.py for tasks to queue
[2023-09-27T22:43:16.083-0400] {logging_mixin.py:151} INFO - [2023-09-27T22:43:16.082-0400] {dagbag.py:539} INFO - Filling up the DagBag from /home/beau/airflow/py_env/lib/python3.10/site-packages/airflow/example_dags/tutorial_taskflow_api.py
[2023-09-27T22:43:16.089-0400] {processor.py:839} INFO - DAG(s) dict_keys(['tutorial_taskflow_api']) retrieved from /home/beau/airflow/py_env/lib/python3.10/site-packages/airflow/example_dags/tutorial_taskflow_api.py
[2023-09-27T22:43:16.104-0400] {logging_mixin.py:151} INFO - [2023-09-27T22:43:16.104-0400] {dag.py:2915} INFO - Sync 1 DAGs
[2023-09-27T22:43:16.115-0400] {logging_mixin.py:151} INFO - [2023-09-27T22:43:16.114-0400] {dag.py:3696} INFO - Setting next_dagrun for tutorial_taskflow_api to None, run_after=None
[2023-09-27T22:43:16.138-0400] {processor.py:179} INFO - Processing /home/beau/airflow/py_env/lib/python3.10/site-packages/airflow/example_dags/tutorial_taskflow_api.py took 0.062 seconds
[2023-09-27T22:43:56.390-0400] {processor.py:157} INFO - Started process (PID=13630) to work on /home/beau/airflow/py_env/lib/python3.10/site-packages/airflow/example_dags/tutorial_taskflow_api.py
[2023-09-27T22:43:56.393-0400] {processor.py:829} INFO - Processing file /home/beau/airflow/py_env/lib/python3.10/site-packages/airflow/example_dags/tutorial_taskflow_api.py for tasks to queue
[2023-09-27T22:43:56.395-0400] {logging_mixin.py:151} INFO - [2023-09-27T22:43:56.394-0400] {dagbag.py:539} INFO - Filling up the DagBag from /home/beau/airflow/py_env/lib/python3.10/site-packages/airflow/example_dags/tutorial_taskflow_api.py
[2023-09-27T22:43:56.403-0400] {processor.py:839} INFO - DAG(s) dict_keys(['tutorial_taskflow_api']) retrieved from /home/beau/airflow/py_env/lib/python3.10/site-packages/airflow/example_dags/tutorial_taskflow_api.py
[2023-09-27T22:43:56.423-0400] {logging_mixin.py:151} INFO - [2023-09-27T22:43:56.423-0400] {dag.py:2915} INFO - Sync 1 DAGs
[2023-09-27T22:43:56.437-0400] {logging_mixin.py:151} INFO - [2023-09-27T22:43:56.437-0400] {dag.py:3696} INFO - Setting next_dagrun for tutorial_taskflow_api to None, run_after=None
[2023-09-27T22:43:56.462-0400] {processor.py:179} INFO - Processing /home/beau/airflow/py_env/lib/python3.10/site-packages/airflow/example_dags/tutorial_taskflow_api.py took 0.076 seconds
[2023-09-27T22:44:38.118-0400] {processor.py:157} INFO - Started process (PID=13957) to work on /home/beau/airflow/py_env/lib/python3.10/site-packages/airflow/example_dags/tutorial_taskflow_api.py
[2023-09-27T22:44:38.121-0400] {processor.py:829} INFO - Processing file /home/beau/airflow/py_env/lib/python3.10/site-packages/airflow/example_dags/tutorial_taskflow_api.py for tasks to queue
[2023-09-27T22:44:38.122-0400] {logging_mixin.py:151} INFO - [2023-09-27T22:44:38.122-0400] {dagbag.py:539} INFO - Filling up the DagBag from /home/beau/airflow/py_env/lib/python3.10/site-packages/airflow/example_dags/tutorial_taskflow_api.py
[2023-09-27T22:44:38.128-0400] {processor.py:839} INFO - DAG(s) dict_keys(['tutorial_taskflow_api']) retrieved from /home/beau/airflow/py_env/lib/python3.10/site-packages/airflow/example_dags/tutorial_taskflow_api.py
[2023-09-27T22:44:38.143-0400] {logging_mixin.py:151} INFO - [2023-09-27T22:44:38.143-0400] {dag.py:2915} INFO - Sync 1 DAGs
[2023-09-27T22:44:38.154-0400] {logging_mixin.py:151} INFO - [2023-09-27T22:44:38.153-0400] {dag.py:3696} INFO - Setting next_dagrun for tutorial_taskflow_api to None, run_after=None
[2023-09-27T22:44:38.179-0400] {processor.py:179} INFO - Processing /home/beau/airflow/py_env/lib/python3.10/site-packages/airflow/example_dags/tutorial_taskflow_api.py took 0.065 seconds
[2023-09-27T22:45:29.804-0400] {processor.py:157} INFO - Started process (PID=14383) to work on /home/beau/airflow/py_env/lib/python3.10/site-packages/airflow/example_dags/tutorial_taskflow_api.py
[2023-09-27T22:45:29.808-0400] {processor.py:829} INFO - Processing file /home/beau/airflow/py_env/lib/python3.10/site-packages/airflow/example_dags/tutorial_taskflow_api.py for tasks to queue
[2023-09-27T22:45:29.809-0400] {logging_mixin.py:151} INFO - [2023-09-27T22:45:29.809-0400] {dagbag.py:539} INFO - Filling up the DagBag from /home/beau/airflow/py_env/lib/python3.10/site-packages/airflow/example_dags/tutorial_taskflow_api.py
[2023-09-27T22:45:29.817-0400] {processor.py:839} INFO - DAG(s) dict_keys(['tutorial_taskflow_api']) retrieved from /home/beau/airflow/py_env/lib/python3.10/site-packages/airflow/example_dags/tutorial_taskflow_api.py
[2023-09-27T22:45:29.838-0400] {logging_mixin.py:151} INFO - [2023-09-27T22:45:29.838-0400] {dag.py:2915} INFO - Sync 1 DAGs
[2023-09-27T22:45:29.853-0400] {logging_mixin.py:151} INFO - [2023-09-27T22:45:29.852-0400] {dag.py:3696} INFO - Setting next_dagrun for tutorial_taskflow_api to None, run_after=None
[2023-09-27T22:45:29.882-0400] {processor.py:179} INFO - Processing /home/beau/airflow/py_env/lib/python3.10/site-packages/airflow/example_dags/tutorial_taskflow_api.py took 0.084 seconds
[2023-09-27T22:46:11.535-0400] {processor.py:157} INFO - Started process (PID=14993) to work on /home/beau/airflow/py_env/lib/python3.10/site-packages/airflow/example_dags/tutorial_taskflow_api.py
[2023-09-27T22:46:11.539-0400] {processor.py:829} INFO - Processing file /home/beau/airflow/py_env/lib/python3.10/site-packages/airflow/example_dags/tutorial_taskflow_api.py for tasks to queue
[2023-09-27T22:46:11.541-0400] {logging_mixin.py:151} INFO - [2023-09-27T22:46:11.540-0400] {dagbag.py:539} INFO - Filling up the DagBag from /home/beau/airflow/py_env/lib/python3.10/site-packages/airflow/example_dags/tutorial_taskflow_api.py
[2023-09-27T22:46:11.550-0400] {processor.py:839} INFO - DAG(s) dict_keys(['tutorial_taskflow_api']) retrieved from /home/beau/airflow/py_env/lib/python3.10/site-packages/airflow/example_dags/tutorial_taskflow_api.py
[2023-09-27T22:46:11.567-0400] {logging_mixin.py:151} INFO - [2023-09-27T22:46:11.567-0400] {dag.py:2915} INFO - Sync 1 DAGs
[2023-09-27T22:46:11.578-0400] {logging_mixin.py:151} INFO - [2023-09-27T22:46:11.578-0400] {dag.py:3696} INFO - Setting next_dagrun for tutorial_taskflow_api to None, run_after=None
[2023-09-27T22:46:11.606-0400] {processor.py:179} INFO - Processing /home/beau/airflow/py_env/lib/python3.10/site-packages/airflow/example_dags/tutorial_taskflow_api.py took 0.075 seconds
[2023-09-27T22:46:53.337-0400] {processor.py:157} INFO - Started process (PID=15518) to work on /home/beau/airflow/py_env/lib/python3.10/site-packages/airflow/example_dags/tutorial_taskflow_api.py
[2023-09-27T22:46:53.339-0400] {processor.py:829} INFO - Processing file /home/beau/airflow/py_env/lib/python3.10/site-packages/airflow/example_dags/tutorial_taskflow_api.py for tasks to queue
[2023-09-27T22:46:53.341-0400] {logging_mixin.py:151} INFO - [2023-09-27T22:46:53.340-0400] {dagbag.py:539} INFO - Filling up the DagBag from /home/beau/airflow/py_env/lib/python3.10/site-packages/airflow/example_dags/tutorial_taskflow_api.py
[2023-09-27T22:46:53.350-0400] {processor.py:839} INFO - DAG(s) dict_keys(['tutorial_taskflow_api']) retrieved from /home/beau/airflow/py_env/lib/python3.10/site-packages/airflow/example_dags/tutorial_taskflow_api.py
[2023-09-27T22:46:53.366-0400] {logging_mixin.py:151} INFO - [2023-09-27T22:46:53.365-0400] {dag.py:2915} INFO - Sync 1 DAGs
[2023-09-27T22:46:53.380-0400] {logging_mixin.py:151} INFO - [2023-09-27T22:46:53.379-0400] {dag.py:3696} INFO - Setting next_dagrun for tutorial_taskflow_api to None, run_after=None
[2023-09-27T22:46:53.404-0400] {processor.py:179} INFO - Processing /home/beau/airflow/py_env/lib/python3.10/site-packages/airflow/example_dags/tutorial_taskflow_api.py took 0.074 seconds
[2023-09-27T22:47:31.567-0400] {processor.py:157} INFO - Started process (PID=15927) to work on /home/beau/airflow/py_env/lib/python3.10/site-packages/airflow/example_dags/tutorial_taskflow_api.py
[2023-09-27T22:47:31.570-0400] {processor.py:829} INFO - Processing file /home/beau/airflow/py_env/lib/python3.10/site-packages/airflow/example_dags/tutorial_taskflow_api.py for tasks to queue
[2023-09-27T22:47:31.571-0400] {logging_mixin.py:151} INFO - [2023-09-27T22:47:31.571-0400] {dagbag.py:539} INFO - Filling up the DagBag from /home/beau/airflow/py_env/lib/python3.10/site-packages/airflow/example_dags/tutorial_taskflow_api.py
[2023-09-27T22:47:31.578-0400] {processor.py:839} INFO - DAG(s) dict_keys(['tutorial_taskflow_api']) retrieved from /home/beau/airflow/py_env/lib/python3.10/site-packages/airflow/example_dags/tutorial_taskflow_api.py
[2023-09-27T22:47:31.598-0400] {logging_mixin.py:151} INFO - [2023-09-27T22:47:31.598-0400] {dag.py:2915} INFO - Sync 1 DAGs
[2023-09-27T22:47:31.609-0400] {logging_mixin.py:151} INFO - [2023-09-27T22:47:31.609-0400] {dag.py:3696} INFO - Setting next_dagrun for tutorial_taskflow_api to None, run_after=None
[2023-09-27T22:47:31.640-0400] {processor.py:179} INFO - Processing /home/beau/airflow/py_env/lib/python3.10/site-packages/airflow/example_dags/tutorial_taskflow_api.py took 0.077 seconds
[2023-09-27T22:48:11.551-0400] {processor.py:157} INFO - Started process (PID=16367) to work on /home/beau/airflow/py_env/lib/python3.10/site-packages/airflow/example_dags/tutorial_taskflow_api.py
[2023-09-27T22:48:11.554-0400] {processor.py:829} INFO - Processing file /home/beau/airflow/py_env/lib/python3.10/site-packages/airflow/example_dags/tutorial_taskflow_api.py for tasks to queue
[2023-09-27T22:48:11.555-0400] {logging_mixin.py:151} INFO - [2023-09-27T22:48:11.555-0400] {dagbag.py:539} INFO - Filling up the DagBag from /home/beau/airflow/py_env/lib/python3.10/site-packages/airflow/example_dags/tutorial_taskflow_api.py
[2023-09-27T22:48:11.568-0400] {processor.py:839} INFO - DAG(s) dict_keys(['tutorial_taskflow_api']) retrieved from /home/beau/airflow/py_env/lib/python3.10/site-packages/airflow/example_dags/tutorial_taskflow_api.py
[2023-09-27T22:48:11.593-0400] {logging_mixin.py:151} INFO - [2023-09-27T22:48:11.592-0400] {dag.py:2915} INFO - Sync 1 DAGs
[2023-09-27T22:48:11.609-0400] {logging_mixin.py:151} INFO - [2023-09-27T22:48:11.609-0400] {dag.py:3696} INFO - Setting next_dagrun for tutorial_taskflow_api to None, run_after=None
[2023-09-27T22:48:11.642-0400] {processor.py:179} INFO - Processing /home/beau/airflow/py_env/lib/python3.10/site-packages/airflow/example_dags/tutorial_taskflow_api.py took 0.096 seconds
[2023-09-27T22:48:52.772-0400] {processor.py:157} INFO - Started process (PID=16753) to work on /home/beau/airflow/py_env/lib/python3.10/site-packages/airflow/example_dags/tutorial_taskflow_api.py
[2023-09-27T22:48:52.776-0400] {processor.py:829} INFO - Processing file /home/beau/airflow/py_env/lib/python3.10/site-packages/airflow/example_dags/tutorial_taskflow_api.py for tasks to queue
[2023-09-27T22:48:52.777-0400] {logging_mixin.py:151} INFO - [2023-09-27T22:48:52.777-0400] {dagbag.py:539} INFO - Filling up the DagBag from /home/beau/airflow/py_env/lib/python3.10/site-packages/airflow/example_dags/tutorial_taskflow_api.py
[2023-09-27T22:48:52.783-0400] {processor.py:839} INFO - DAG(s) dict_keys(['tutorial_taskflow_api']) retrieved from /home/beau/airflow/py_env/lib/python3.10/site-packages/airflow/example_dags/tutorial_taskflow_api.py
[2023-09-27T22:48:52.803-0400] {logging_mixin.py:151} INFO - [2023-09-27T22:48:52.802-0400] {dag.py:2915} INFO - Sync 1 DAGs
[2023-09-27T22:48:52.814-0400] {logging_mixin.py:151} INFO - [2023-09-27T22:48:52.814-0400] {dag.py:3696} INFO - Setting next_dagrun for tutorial_taskflow_api to None, run_after=None
[2023-09-27T22:48:52.843-0400] {processor.py:179} INFO - Processing /home/beau/airflow/py_env/lib/python3.10/site-packages/airflow/example_dags/tutorial_taskflow_api.py took 0.075 seconds
[2023-09-27T22:49:49.567-0400] {processor.py:157} INFO - Started process (PID=17146) to work on /home/beau/airflow/py_env/lib/python3.10/site-packages/airflow/example_dags/tutorial_taskflow_api.py
[2023-09-27T22:49:49.572-0400] {processor.py:829} INFO - Processing file /home/beau/airflow/py_env/lib/python3.10/site-packages/airflow/example_dags/tutorial_taskflow_api.py for tasks to queue
[2023-09-27T22:49:49.573-0400] {logging_mixin.py:151} INFO - [2023-09-27T22:49:49.573-0400] {dagbag.py:539} INFO - Filling up the DagBag from /home/beau/airflow/py_env/lib/python3.10/site-packages/airflow/example_dags/tutorial_taskflow_api.py
[2023-09-27T22:49:49.585-0400] {processor.py:839} INFO - DAG(s) dict_keys(['tutorial_taskflow_api']) retrieved from /home/beau/airflow/py_env/lib/python3.10/site-packages/airflow/example_dags/tutorial_taskflow_api.py
[2023-09-27T22:49:49.606-0400] {logging_mixin.py:151} INFO - [2023-09-27T22:49:49.605-0400] {dag.py:2915} INFO - Sync 1 DAGs
[2023-09-27T22:49:49.617-0400] {logging_mixin.py:151} INFO - [2023-09-27T22:49:49.617-0400] {dag.py:3696} INFO - Setting next_dagrun for tutorial_taskflow_api to None, run_after=None
[2023-09-27T22:49:49.640-0400] {processor.py:179} INFO - Processing /home/beau/airflow/py_env/lib/python3.10/site-packages/airflow/example_dags/tutorial_taskflow_api.py took 0.080 seconds
[2023-09-27T22:50:45.271-0400] {processor.py:157} INFO - Started process (PID=17341) to work on /home/beau/airflow/py_env/lib/python3.10/site-packages/airflow/example_dags/tutorial_taskflow_api.py
[2023-09-27T22:50:45.275-0400] {processor.py:829} INFO - Processing file /home/beau/airflow/py_env/lib/python3.10/site-packages/airflow/example_dags/tutorial_taskflow_api.py for tasks to queue
[2023-09-27T22:50:45.277-0400] {logging_mixin.py:151} INFO - [2023-09-27T22:50:45.276-0400] {dagbag.py:539} INFO - Filling up the DagBag from /home/beau/airflow/py_env/lib/python3.10/site-packages/airflow/example_dags/tutorial_taskflow_api.py
[2023-09-27T22:50:45.291-0400] {processor.py:839} INFO - DAG(s) dict_keys(['tutorial_taskflow_api']) retrieved from /home/beau/airflow/py_env/lib/python3.10/site-packages/airflow/example_dags/tutorial_taskflow_api.py
[2023-09-27T22:50:45.311-0400] {logging_mixin.py:151} INFO - [2023-09-27T22:50:45.311-0400] {dag.py:2915} INFO - Sync 1 DAGs
[2023-09-27T22:50:45.320-0400] {logging_mixin.py:151} INFO - [2023-09-27T22:50:45.320-0400] {dag.py:3696} INFO - Setting next_dagrun for tutorial_taskflow_api to None, run_after=None
[2023-09-27T22:50:45.344-0400] {processor.py:179} INFO - Processing /home/beau/airflow/py_env/lib/python3.10/site-packages/airflow/example_dags/tutorial_taskflow_api.py took 0.082 seconds
[2023-09-27T22:51:40.440-0400] {processor.py:157} INFO - Started process (PID=17588) to work on /home/beau/airflow/py_env/lib/python3.10/site-packages/airflow/example_dags/tutorial_taskflow_api.py
[2023-09-27T22:51:40.443-0400] {processor.py:829} INFO - Processing file /home/beau/airflow/py_env/lib/python3.10/site-packages/airflow/example_dags/tutorial_taskflow_api.py for tasks to queue
[2023-09-27T22:51:40.445-0400] {logging_mixin.py:151} INFO - [2023-09-27T22:51:40.444-0400] {dagbag.py:539} INFO - Filling up the DagBag from /home/beau/airflow/py_env/lib/python3.10/site-packages/airflow/example_dags/tutorial_taskflow_api.py
[2023-09-27T22:51:40.454-0400] {processor.py:839} INFO - DAG(s) dict_keys(['tutorial_taskflow_api']) retrieved from /home/beau/airflow/py_env/lib/python3.10/site-packages/airflow/example_dags/tutorial_taskflow_api.py
[2023-09-27T22:51:40.472-0400] {logging_mixin.py:151} INFO - [2023-09-27T22:51:40.472-0400] {dag.py:2915} INFO - Sync 1 DAGs
[2023-09-27T22:51:40.483-0400] {logging_mixin.py:151} INFO - [2023-09-27T22:51:40.483-0400] {dag.py:3696} INFO - Setting next_dagrun for tutorial_taskflow_api to None, run_after=None
[2023-09-27T22:51:40.506-0400] {processor.py:179} INFO - Processing /home/beau/airflow/py_env/lib/python3.10/site-packages/airflow/example_dags/tutorial_taskflow_api.py took 0.071 seconds
[2023-09-27T22:52:35.558-0400] {processor.py:157} INFO - Started process (PID=17841) to work on /home/beau/airflow/py_env/lib/python3.10/site-packages/airflow/example_dags/tutorial_taskflow_api.py
[2023-09-27T22:52:35.560-0400] {processor.py:829} INFO - Processing file /home/beau/airflow/py_env/lib/python3.10/site-packages/airflow/example_dags/tutorial_taskflow_api.py for tasks to queue
[2023-09-27T22:52:35.562-0400] {logging_mixin.py:151} INFO - [2023-09-27T22:52:35.561-0400] {dagbag.py:539} INFO - Filling up the DagBag from /home/beau/airflow/py_env/lib/python3.10/site-packages/airflow/example_dags/tutorial_taskflow_api.py
[2023-09-27T22:52:35.570-0400] {processor.py:839} INFO - DAG(s) dict_keys(['tutorial_taskflow_api']) retrieved from /home/beau/airflow/py_env/lib/python3.10/site-packages/airflow/example_dags/tutorial_taskflow_api.py
[2023-09-27T22:52:35.588-0400] {logging_mixin.py:151} INFO - [2023-09-27T22:52:35.587-0400] {dag.py:2915} INFO - Sync 1 DAGs
[2023-09-27T22:52:35.597-0400] {logging_mixin.py:151} INFO - [2023-09-27T22:52:35.596-0400] {dag.py:3696} INFO - Setting next_dagrun for tutorial_taskflow_api to None, run_after=None
[2023-09-27T22:52:35.619-0400] {processor.py:179} INFO - Processing /home/beau/airflow/py_env/lib/python3.10/site-packages/airflow/example_dags/tutorial_taskflow_api.py took 0.065 seconds
[2023-09-27T22:53:27.687-0400] {processor.py:157} INFO - Started process (PID=18356) to work on /home/beau/airflow/py_env/lib/python3.10/site-packages/airflow/example_dags/tutorial_taskflow_api.py
[2023-09-27T22:53:27.691-0400] {processor.py:829} INFO - Processing file /home/beau/airflow/py_env/lib/python3.10/site-packages/airflow/example_dags/tutorial_taskflow_api.py for tasks to queue
[2023-09-27T22:53:27.692-0400] {logging_mixin.py:151} INFO - [2023-09-27T22:53:27.692-0400] {dagbag.py:539} INFO - Filling up the DagBag from /home/beau/airflow/py_env/lib/python3.10/site-packages/airflow/example_dags/tutorial_taskflow_api.py
[2023-09-27T22:53:27.703-0400] {processor.py:839} INFO - DAG(s) dict_keys(['tutorial_taskflow_api']) retrieved from /home/beau/airflow/py_env/lib/python3.10/site-packages/airflow/example_dags/tutorial_taskflow_api.py
[2023-09-27T22:53:27.718-0400] {logging_mixin.py:151} INFO - [2023-09-27T22:53:27.718-0400] {dag.py:2915} INFO - Sync 1 DAGs
[2023-09-27T22:53:27.728-0400] {logging_mixin.py:151} INFO - [2023-09-27T22:53:27.728-0400] {dag.py:3696} INFO - Setting next_dagrun for tutorial_taskflow_api to None, run_after=None
[2023-09-27T22:53:27.752-0400] {processor.py:179} INFO - Processing /home/beau/airflow/py_env/lib/python3.10/site-packages/airflow/example_dags/tutorial_taskflow_api.py took 0.070 seconds
[2023-09-27T22:54:21.164-0400] {processor.py:157} INFO - Started process (PID=18931) to work on /home/beau/airflow/py_env/lib/python3.10/site-packages/airflow/example_dags/tutorial_taskflow_api.py
[2023-09-27T22:54:21.168-0400] {processor.py:829} INFO - Processing file /home/beau/airflow/py_env/lib/python3.10/site-packages/airflow/example_dags/tutorial_taskflow_api.py for tasks to queue
[2023-09-27T22:54:21.169-0400] {logging_mixin.py:151} INFO - [2023-09-27T22:54:21.169-0400] {dagbag.py:539} INFO - Filling up the DagBag from /home/beau/airflow/py_env/lib/python3.10/site-packages/airflow/example_dags/tutorial_taskflow_api.py
[2023-09-27T22:54:21.179-0400] {processor.py:839} INFO - DAG(s) dict_keys(['tutorial_taskflow_api']) retrieved from /home/beau/airflow/py_env/lib/python3.10/site-packages/airflow/example_dags/tutorial_taskflow_api.py
[2023-09-27T22:54:21.197-0400] {logging_mixin.py:151} INFO - [2023-09-27T22:54:21.196-0400] {dag.py:2915} INFO - Sync 1 DAGs
[2023-09-27T22:54:21.207-0400] {logging_mixin.py:151} INFO - [2023-09-27T22:54:21.207-0400] {dag.py:3696} INFO - Setting next_dagrun for tutorial_taskflow_api to None, run_after=None
[2023-09-27T22:54:21.230-0400] {processor.py:179} INFO - Processing /home/beau/airflow/py_env/lib/python3.10/site-packages/airflow/example_dags/tutorial_taskflow_api.py took 0.072 seconds
[2023-09-27T22:55:15.990-0400] {processor.py:157} INFO - Started process (PID=19368) to work on /home/beau/airflow/py_env/lib/python3.10/site-packages/airflow/example_dags/tutorial_taskflow_api.py
[2023-09-27T22:55:15.994-0400] {processor.py:829} INFO - Processing file /home/beau/airflow/py_env/lib/python3.10/site-packages/airflow/example_dags/tutorial_taskflow_api.py for tasks to queue
[2023-09-27T22:55:15.994-0400] {logging_mixin.py:151} INFO - [2023-09-27T22:55:15.994-0400] {dagbag.py:539} INFO - Filling up the DagBag from /home/beau/airflow/py_env/lib/python3.10/site-packages/airflow/example_dags/tutorial_taskflow_api.py
[2023-09-27T22:55:16.000-0400] {processor.py:839} INFO - DAG(s) dict_keys(['tutorial_taskflow_api']) retrieved from /home/beau/airflow/py_env/lib/python3.10/site-packages/airflow/example_dags/tutorial_taskflow_api.py
[2023-09-27T22:55:16.014-0400] {logging_mixin.py:151} INFO - [2023-09-27T22:55:16.014-0400] {dag.py:2915} INFO - Sync 1 DAGs
[2023-09-27T22:55:16.023-0400] {logging_mixin.py:151} INFO - [2023-09-27T22:55:16.023-0400] {dag.py:3696} INFO - Setting next_dagrun for tutorial_taskflow_api to None, run_after=None
[2023-09-27T22:55:16.049-0400] {processor.py:179} INFO - Processing /home/beau/airflow/py_env/lib/python3.10/site-packages/airflow/example_dags/tutorial_taskflow_api.py took 0.062 seconds
[2023-09-27T22:55:57.454-0400] {processor.py:157} INFO - Started process (PID=19714) to work on /home/beau/airflow/py_env/lib/python3.10/site-packages/airflow/example_dags/tutorial_taskflow_api.py
[2023-09-27T22:55:57.457-0400] {processor.py:829} INFO - Processing file /home/beau/airflow/py_env/lib/python3.10/site-packages/airflow/example_dags/tutorial_taskflow_api.py for tasks to queue
[2023-09-27T22:55:57.459-0400] {logging_mixin.py:151} INFO - [2023-09-27T22:55:57.459-0400] {dagbag.py:539} INFO - Filling up the DagBag from /home/beau/airflow/py_env/lib/python3.10/site-packages/airflow/example_dags/tutorial_taskflow_api.py
[2023-09-27T22:55:57.466-0400] {processor.py:839} INFO - DAG(s) dict_keys(['tutorial_taskflow_api']) retrieved from /home/beau/airflow/py_env/lib/python3.10/site-packages/airflow/example_dags/tutorial_taskflow_api.py
[2023-09-27T22:55:57.483-0400] {logging_mixin.py:151} INFO - [2023-09-27T22:55:57.483-0400] {dag.py:2915} INFO - Sync 1 DAGs
[2023-09-27T22:55:57.496-0400] {logging_mixin.py:151} INFO - [2023-09-27T22:55:57.496-0400] {dag.py:3696} INFO - Setting next_dagrun for tutorial_taskflow_api to None, run_after=None
[2023-09-27T22:55:57.519-0400] {processor.py:179} INFO - Processing /home/beau/airflow/py_env/lib/python3.10/site-packages/airflow/example_dags/tutorial_taskflow_api.py took 0.067 seconds
[2023-09-27T22:56:35.599-0400] {processor.py:157} INFO - Started process (PID=20154) to work on /home/beau/airflow/py_env/lib/python3.10/site-packages/airflow/example_dags/tutorial_taskflow_api.py
[2023-09-27T22:56:35.603-0400] {processor.py:829} INFO - Processing file /home/beau/airflow/py_env/lib/python3.10/site-packages/airflow/example_dags/tutorial_taskflow_api.py for tasks to queue
[2023-09-27T22:56:35.604-0400] {logging_mixin.py:151} INFO - [2023-09-27T22:56:35.604-0400] {dagbag.py:539} INFO - Filling up the DagBag from /home/beau/airflow/py_env/lib/python3.10/site-packages/airflow/example_dags/tutorial_taskflow_api.py
[2023-09-27T22:56:35.613-0400] {processor.py:839} INFO - DAG(s) dict_keys(['tutorial_taskflow_api']) retrieved from /home/beau/airflow/py_env/lib/python3.10/site-packages/airflow/example_dags/tutorial_taskflow_api.py
[2023-09-27T22:56:35.634-0400] {logging_mixin.py:151} INFO - [2023-09-27T22:56:35.633-0400] {dag.py:2915} INFO - Sync 1 DAGs
[2023-09-27T22:56:35.644-0400] {logging_mixin.py:151} INFO - [2023-09-27T22:56:35.644-0400] {dag.py:3696} INFO - Setting next_dagrun for tutorial_taskflow_api to None, run_after=None
[2023-09-27T22:56:35.670-0400] {processor.py:179} INFO - Processing /home/beau/airflow/py_env/lib/python3.10/site-packages/airflow/example_dags/tutorial_taskflow_api.py took 0.077 seconds
[2023-09-27T22:57:21.834-0400] {processor.py:157} INFO - Started process (PID=20587) to work on /home/beau/airflow/py_env/lib/python3.10/site-packages/airflow/example_dags/tutorial_taskflow_api.py
[2023-09-27T22:57:21.838-0400] {processor.py:829} INFO - Processing file /home/beau/airflow/py_env/lib/python3.10/site-packages/airflow/example_dags/tutorial_taskflow_api.py for tasks to queue
[2023-09-27T22:57:21.839-0400] {logging_mixin.py:151} INFO - [2023-09-27T22:57:21.838-0400] {dagbag.py:539} INFO - Filling up the DagBag from /home/beau/airflow/py_env/lib/python3.10/site-packages/airflow/example_dags/tutorial_taskflow_api.py
[2023-09-27T22:57:21.846-0400] {processor.py:839} INFO - DAG(s) dict_keys(['tutorial_taskflow_api']) retrieved from /home/beau/airflow/py_env/lib/python3.10/site-packages/airflow/example_dags/tutorial_taskflow_api.py
[2023-09-27T22:57:21.862-0400] {logging_mixin.py:151} INFO - [2023-09-27T22:57:21.861-0400] {dag.py:2915} INFO - Sync 1 DAGs
[2023-09-27T22:57:21.872-0400] {logging_mixin.py:151} INFO - [2023-09-27T22:57:21.872-0400] {dag.py:3696} INFO - Setting next_dagrun for tutorial_taskflow_api to None, run_after=None
[2023-09-27T22:57:21.898-0400] {processor.py:179} INFO - Processing /home/beau/airflow/py_env/lib/python3.10/site-packages/airflow/example_dags/tutorial_taskflow_api.py took 0.067 seconds
[2023-09-27T22:58:12.444-0400] {processor.py:157} INFO - Started process (PID=21117) to work on /home/beau/airflow/py_env/lib/python3.10/site-packages/airflow/example_dags/tutorial_taskflow_api.py
[2023-09-27T22:58:12.447-0400] {processor.py:829} INFO - Processing file /home/beau/airflow/py_env/lib/python3.10/site-packages/airflow/example_dags/tutorial_taskflow_api.py for tasks to queue
[2023-09-27T22:58:12.448-0400] {logging_mixin.py:151} INFO - [2023-09-27T22:58:12.448-0400] {dagbag.py:539} INFO - Filling up the DagBag from /home/beau/airflow/py_env/lib/python3.10/site-packages/airflow/example_dags/tutorial_taskflow_api.py
[2023-09-27T22:58:12.454-0400] {processor.py:839} INFO - DAG(s) dict_keys(['tutorial_taskflow_api']) retrieved from /home/beau/airflow/py_env/lib/python3.10/site-packages/airflow/example_dags/tutorial_taskflow_api.py
[2023-09-27T22:58:12.469-0400] {logging_mixin.py:151} INFO - [2023-09-27T22:58:12.469-0400] {dag.py:2915} INFO - Sync 1 DAGs
[2023-09-27T22:58:12.479-0400] {logging_mixin.py:151} INFO - [2023-09-27T22:58:12.479-0400] {dag.py:3696} INFO - Setting next_dagrun for tutorial_taskflow_api to None, run_after=None
[2023-09-27T22:58:12.502-0400] {processor.py:179} INFO - Processing /home/beau/airflow/py_env/lib/python3.10/site-packages/airflow/example_dags/tutorial_taskflow_api.py took 0.063 seconds
[2023-09-27T22:59:08.397-0400] {processor.py:157} INFO - Started process (PID=21618) to work on /home/beau/airflow/py_env/lib/python3.10/site-packages/airflow/example_dags/tutorial_taskflow_api.py
[2023-09-27T22:59:08.401-0400] {processor.py:829} INFO - Processing file /home/beau/airflow/py_env/lib/python3.10/site-packages/airflow/example_dags/tutorial_taskflow_api.py for tasks to queue
[2023-09-27T22:59:08.402-0400] {logging_mixin.py:151} INFO - [2023-09-27T22:59:08.401-0400] {dagbag.py:539} INFO - Filling up the DagBag from /home/beau/airflow/py_env/lib/python3.10/site-packages/airflow/example_dags/tutorial_taskflow_api.py
[2023-09-27T22:59:08.408-0400] {processor.py:839} INFO - DAG(s) dict_keys(['tutorial_taskflow_api']) retrieved from /home/beau/airflow/py_env/lib/python3.10/site-packages/airflow/example_dags/tutorial_taskflow_api.py
[2023-09-27T22:59:08.424-0400] {logging_mixin.py:151} INFO - [2023-09-27T22:59:08.424-0400] {dag.py:2915} INFO - Sync 1 DAGs
[2023-09-27T22:59:08.434-0400] {logging_mixin.py:151} INFO - [2023-09-27T22:59:08.433-0400] {dag.py:3696} INFO - Setting next_dagrun for tutorial_taskflow_api to None, run_after=None
[2023-09-27T22:59:08.457-0400] {processor.py:179} INFO - Processing /home/beau/airflow/py_env/lib/python3.10/site-packages/airflow/example_dags/tutorial_taskflow_api.py took 0.063 seconds
[2023-09-27T23:00:03.824-0400] {processor.py:157} INFO - Started process (PID=21894) to work on /home/beau/airflow/py_env/lib/python3.10/site-packages/airflow/example_dags/tutorial_taskflow_api.py
[2023-09-27T23:00:03.828-0400] {processor.py:829} INFO - Processing file /home/beau/airflow/py_env/lib/python3.10/site-packages/airflow/example_dags/tutorial_taskflow_api.py for tasks to queue
[2023-09-27T23:00:03.830-0400] {logging_mixin.py:151} INFO - [2023-09-27T23:00:03.829-0400] {dagbag.py:539} INFO - Filling up the DagBag from /home/beau/airflow/py_env/lib/python3.10/site-packages/airflow/example_dags/tutorial_taskflow_api.py
[2023-09-27T23:00:03.848-0400] {processor.py:839} INFO - DAG(s) dict_keys(['tutorial_taskflow_api']) retrieved from /home/beau/airflow/py_env/lib/python3.10/site-packages/airflow/example_dags/tutorial_taskflow_api.py
[2023-09-27T23:00:03.870-0400] {logging_mixin.py:151} INFO - [2023-09-27T23:00:03.870-0400] {dag.py:2915} INFO - Sync 1 DAGs
[2023-09-27T23:00:03.883-0400] {logging_mixin.py:151} INFO - [2023-09-27T23:00:03.883-0400] {dag.py:3696} INFO - Setting next_dagrun for tutorial_taskflow_api to None, run_after=None
[2023-09-27T23:00:03.907-0400] {processor.py:179} INFO - Processing /home/beau/airflow/py_env/lib/python3.10/site-packages/airflow/example_dags/tutorial_taskflow_api.py took 0.092 seconds
[2023-09-27T23:00:56.533-0400] {processor.py:157} INFO - Started process (PID=22140) to work on /home/beau/airflow/py_env/lib/python3.10/site-packages/airflow/example_dags/tutorial_taskflow_api.py
[2023-09-27T23:00:56.538-0400] {processor.py:829} INFO - Processing file /home/beau/airflow/py_env/lib/python3.10/site-packages/airflow/example_dags/tutorial_taskflow_api.py for tasks to queue
[2023-09-27T23:00:56.540-0400] {logging_mixin.py:151} INFO - [2023-09-27T23:00:56.539-0400] {dagbag.py:539} INFO - Filling up the DagBag from /home/beau/airflow/py_env/lib/python3.10/site-packages/airflow/example_dags/tutorial_taskflow_api.py
[2023-09-27T23:00:56.551-0400] {processor.py:839} INFO - DAG(s) dict_keys(['tutorial_taskflow_api']) retrieved from /home/beau/airflow/py_env/lib/python3.10/site-packages/airflow/example_dags/tutorial_taskflow_api.py
[2023-09-27T23:00:56.576-0400] {logging_mixin.py:151} INFO - [2023-09-27T23:00:56.576-0400] {dag.py:2915} INFO - Sync 1 DAGs
[2023-09-27T23:00:56.585-0400] {logging_mixin.py:151} INFO - [2023-09-27T23:00:56.585-0400] {dag.py:3696} INFO - Setting next_dagrun for tutorial_taskflow_api to None, run_after=None
[2023-09-27T23:00:56.607-0400] {processor.py:179} INFO - Processing /home/beau/airflow/py_env/lib/python3.10/site-packages/airflow/example_dags/tutorial_taskflow_api.py took 0.082 seconds
[2023-09-27T23:01:49.040-0400] {processor.py:157} INFO - Started process (PID=22382) to work on /home/beau/airflow/py_env/lib/python3.10/site-packages/airflow/example_dags/tutorial_taskflow_api.py
[2023-09-27T23:01:49.042-0400] {processor.py:829} INFO - Processing file /home/beau/airflow/py_env/lib/python3.10/site-packages/airflow/example_dags/tutorial_taskflow_api.py for tasks to queue
[2023-09-27T23:01:49.044-0400] {logging_mixin.py:151} INFO - [2023-09-27T23:01:49.043-0400] {dagbag.py:539} INFO - Filling up the DagBag from /home/beau/airflow/py_env/lib/python3.10/site-packages/airflow/example_dags/tutorial_taskflow_api.py
[2023-09-27T23:01:49.052-0400] {processor.py:839} INFO - DAG(s) dict_keys(['tutorial_taskflow_api']) retrieved from /home/beau/airflow/py_env/lib/python3.10/site-packages/airflow/example_dags/tutorial_taskflow_api.py
[2023-09-27T23:01:49.070-0400] {logging_mixin.py:151} INFO - [2023-09-27T23:01:49.070-0400] {dag.py:2915} INFO - Sync 1 DAGs
[2023-09-27T23:01:49.081-0400] {logging_mixin.py:151} INFO - [2023-09-27T23:01:49.081-0400] {dag.py:3696} INFO - Setting next_dagrun for tutorial_taskflow_api to None, run_after=None
[2023-09-27T23:01:49.106-0400] {processor.py:179} INFO - Processing /home/beau/airflow/py_env/lib/python3.10/site-packages/airflow/example_dags/tutorial_taskflow_api.py took 0.071 seconds
[2023-09-27T23:02:43.713-0400] {processor.py:157} INFO - Started process (PID=22572) to work on /home/beau/airflow/py_env/lib/python3.10/site-packages/airflow/example_dags/tutorial_taskflow_api.py
[2023-09-27T23:02:43.716-0400] {processor.py:829} INFO - Processing file /home/beau/airflow/py_env/lib/python3.10/site-packages/airflow/example_dags/tutorial_taskflow_api.py for tasks to queue
[2023-09-27T23:02:43.717-0400] {logging_mixin.py:151} INFO - [2023-09-27T23:02:43.717-0400] {dagbag.py:539} INFO - Filling up the DagBag from /home/beau/airflow/py_env/lib/python3.10/site-packages/airflow/example_dags/tutorial_taskflow_api.py
[2023-09-27T23:02:43.727-0400] {processor.py:839} INFO - DAG(s) dict_keys(['tutorial_taskflow_api']) retrieved from /home/beau/airflow/py_env/lib/python3.10/site-packages/airflow/example_dags/tutorial_taskflow_api.py
[2023-09-27T23:02:43.744-0400] {logging_mixin.py:151} INFO - [2023-09-27T23:02:43.744-0400] {dag.py:2915} INFO - Sync 1 DAGs
[2023-09-27T23:02:43.753-0400] {logging_mixin.py:151} INFO - [2023-09-27T23:02:43.753-0400] {dag.py:3696} INFO - Setting next_dagrun for tutorial_taskflow_api to None, run_after=None
[2023-09-27T23:02:43.776-0400] {processor.py:179} INFO - Processing /home/beau/airflow/py_env/lib/python3.10/site-packages/airflow/example_dags/tutorial_taskflow_api.py took 0.067 seconds
[2023-09-27T23:03:30.479-0400] {processor.py:157} INFO - Started process (PID=22858) to work on /home/beau/airflow/py_env/lib/python3.10/site-packages/airflow/example_dags/tutorial_taskflow_api.py
[2023-09-27T23:03:30.483-0400] {processor.py:829} INFO - Processing file /home/beau/airflow/py_env/lib/python3.10/site-packages/airflow/example_dags/tutorial_taskflow_api.py for tasks to queue
[2023-09-27T23:03:30.484-0400] {logging_mixin.py:151} INFO - [2023-09-27T23:03:30.483-0400] {dagbag.py:539} INFO - Filling up the DagBag from /home/beau/airflow/py_env/lib/python3.10/site-packages/airflow/example_dags/tutorial_taskflow_api.py
[2023-09-27T23:03:30.493-0400] {processor.py:839} INFO - DAG(s) dict_keys(['tutorial_taskflow_api']) retrieved from /home/beau/airflow/py_env/lib/python3.10/site-packages/airflow/example_dags/tutorial_taskflow_api.py
[2023-09-27T23:03:30.512-0400] {logging_mixin.py:151} INFO - [2023-09-27T23:03:30.511-0400] {dag.py:2915} INFO - Sync 1 DAGs
[2023-09-27T23:03:30.523-0400] {logging_mixin.py:151} INFO - [2023-09-27T23:03:30.523-0400] {dag.py:3696} INFO - Setting next_dagrun for tutorial_taskflow_api to None, run_after=None
[2023-09-27T23:03:30.549-0400] {processor.py:179} INFO - Processing /home/beau/airflow/py_env/lib/python3.10/site-packages/airflow/example_dags/tutorial_taskflow_api.py took 0.074 seconds
[2023-09-27T23:04:24.209-0400] {processor.py:157} INFO - Started process (PID=23353) to work on /home/beau/airflow/py_env/lib/python3.10/site-packages/airflow/example_dags/tutorial_taskflow_api.py
[2023-09-27T23:04:24.214-0400] {processor.py:829} INFO - Processing file /home/beau/airflow/py_env/lib/python3.10/site-packages/airflow/example_dags/tutorial_taskflow_api.py for tasks to queue
[2023-09-27T23:04:24.216-0400] {logging_mixin.py:151} INFO - [2023-09-27T23:04:24.215-0400] {dagbag.py:539} INFO - Filling up the DagBag from /home/beau/airflow/py_env/lib/python3.10/site-packages/airflow/example_dags/tutorial_taskflow_api.py
[2023-09-27T23:04:24.226-0400] {processor.py:839} INFO - DAG(s) dict_keys(['tutorial_taskflow_api']) retrieved from /home/beau/airflow/py_env/lib/python3.10/site-packages/airflow/example_dags/tutorial_taskflow_api.py
[2023-09-27T23:04:24.240-0400] {logging_mixin.py:151} INFO - [2023-09-27T23:04:24.240-0400] {dag.py:2915} INFO - Sync 1 DAGs
[2023-09-27T23:04:24.249-0400] {logging_mixin.py:151} INFO - [2023-09-27T23:04:24.249-0400] {dag.py:3696} INFO - Setting next_dagrun for tutorial_taskflow_api to None, run_after=None
[2023-09-27T23:04:24.274-0400] {processor.py:179} INFO - Processing /home/beau/airflow/py_env/lib/python3.10/site-packages/airflow/example_dags/tutorial_taskflow_api.py took 0.071 seconds
[2023-09-27T23:05:17.271-0400] {processor.py:157} INFO - Started process (PID=23599) to work on /home/beau/airflow/py_env/lib/python3.10/site-packages/airflow/example_dags/tutorial_taskflow_api.py
[2023-09-27T23:05:17.275-0400] {processor.py:829} INFO - Processing file /home/beau/airflow/py_env/lib/python3.10/site-packages/airflow/example_dags/tutorial_taskflow_api.py for tasks to queue
[2023-09-27T23:05:17.277-0400] {logging_mixin.py:151} INFO - [2023-09-27T23:05:17.276-0400] {dagbag.py:539} INFO - Filling up the DagBag from /home/beau/airflow/py_env/lib/python3.10/site-packages/airflow/example_dags/tutorial_taskflow_api.py
[2023-09-27T23:05:17.286-0400] {processor.py:839} INFO - DAG(s) dict_keys(['tutorial_taskflow_api']) retrieved from /home/beau/airflow/py_env/lib/python3.10/site-packages/airflow/example_dags/tutorial_taskflow_api.py
[2023-09-27T23:05:17.304-0400] {logging_mixin.py:151} INFO - [2023-09-27T23:05:17.304-0400] {dag.py:2915} INFO - Sync 1 DAGs
[2023-09-27T23:05:17.318-0400] {logging_mixin.py:151} INFO - [2023-09-27T23:05:17.318-0400] {dag.py:3696} INFO - Setting next_dagrun for tutorial_taskflow_api to None, run_after=None
[2023-09-27T23:05:17.342-0400] {processor.py:179} INFO - Processing /home/beau/airflow/py_env/lib/python3.10/site-packages/airflow/example_dags/tutorial_taskflow_api.py took 0.081 seconds
[2023-09-27T23:06:13.301-0400] {processor.py:157} INFO - Started process (PID=23852) to work on /home/beau/airflow/py_env/lib/python3.10/site-packages/airflow/example_dags/tutorial_taskflow_api.py
[2023-09-27T23:06:13.305-0400] {processor.py:829} INFO - Processing file /home/beau/airflow/py_env/lib/python3.10/site-packages/airflow/example_dags/tutorial_taskflow_api.py for tasks to queue
[2023-09-27T23:06:13.306-0400] {logging_mixin.py:151} INFO - [2023-09-27T23:06:13.306-0400] {dagbag.py:539} INFO - Filling up the DagBag from /home/beau/airflow/py_env/lib/python3.10/site-packages/airflow/example_dags/tutorial_taskflow_api.py
[2023-09-27T23:06:13.316-0400] {processor.py:839} INFO - DAG(s) dict_keys(['tutorial_taskflow_api']) retrieved from /home/beau/airflow/py_env/lib/python3.10/site-packages/airflow/example_dags/tutorial_taskflow_api.py
[2023-09-27T23:06:13.334-0400] {logging_mixin.py:151} INFO - [2023-09-27T23:06:13.333-0400] {dag.py:2915} INFO - Sync 1 DAGs
[2023-09-27T23:06:13.343-0400] {logging_mixin.py:151} INFO - [2023-09-27T23:06:13.343-0400] {dag.py:3696} INFO - Setting next_dagrun for tutorial_taskflow_api to None, run_after=None
[2023-09-27T23:06:13.371-0400] {processor.py:179} INFO - Processing /home/beau/airflow/py_env/lib/python3.10/site-packages/airflow/example_dags/tutorial_taskflow_api.py took 0.076 seconds
[2023-09-27T23:06:53.585-0400] {processor.py:157} INFO - Started process (PID=24047) to work on /home/beau/airflow/py_env/lib/python3.10/site-packages/airflow/example_dags/tutorial_taskflow_api.py
[2023-09-27T23:06:53.589-0400] {processor.py:829} INFO - Processing file /home/beau/airflow/py_env/lib/python3.10/site-packages/airflow/example_dags/tutorial_taskflow_api.py for tasks to queue
[2023-09-27T23:06:53.591-0400] {logging_mixin.py:151} INFO - [2023-09-27T23:06:53.590-0400] {dagbag.py:539} INFO - Filling up the DagBag from /home/beau/airflow/py_env/lib/python3.10/site-packages/airflow/example_dags/tutorial_taskflow_api.py
[2023-09-27T23:06:53.606-0400] {processor.py:839} INFO - DAG(s) dict_keys(['tutorial_taskflow_api']) retrieved from /home/beau/airflow/py_env/lib/python3.10/site-packages/airflow/example_dags/tutorial_taskflow_api.py
[2023-09-27T23:06:53.627-0400] {logging_mixin.py:151} INFO - [2023-09-27T23:06:53.626-0400] {dag.py:2915} INFO - Sync 1 DAGs
[2023-09-27T23:06:53.641-0400] {logging_mixin.py:151} INFO - [2023-09-27T23:06:53.640-0400] {dag.py:3696} INFO - Setting next_dagrun for tutorial_taskflow_api to None, run_after=None
[2023-09-27T23:06:53.664-0400] {processor.py:179} INFO - Processing /home/beau/airflow/py_env/lib/python3.10/site-packages/airflow/example_dags/tutorial_taskflow_api.py took 0.087 seconds
[2023-09-27T23:07:34.548-0400] {processor.py:157} INFO - Started process (PID=24188) to work on /home/beau/airflow/py_env/lib/python3.10/site-packages/airflow/example_dags/tutorial_taskflow_api.py
[2023-09-27T23:07:34.552-0400] {processor.py:829} INFO - Processing file /home/beau/airflow/py_env/lib/python3.10/site-packages/airflow/example_dags/tutorial_taskflow_api.py for tasks to queue
[2023-09-27T23:07:34.556-0400] {logging_mixin.py:151} INFO - [2023-09-27T23:07:34.555-0400] {dagbag.py:539} INFO - Filling up the DagBag from /home/beau/airflow/py_env/lib/python3.10/site-packages/airflow/example_dags/tutorial_taskflow_api.py
[2023-09-27T23:07:34.564-0400] {processor.py:839} INFO - DAG(s) dict_keys(['tutorial_taskflow_api']) retrieved from /home/beau/airflow/py_env/lib/python3.10/site-packages/airflow/example_dags/tutorial_taskflow_api.py
[2023-09-27T23:07:34.584-0400] {logging_mixin.py:151} INFO - [2023-09-27T23:07:34.584-0400] {dag.py:2915} INFO - Sync 1 DAGs
[2023-09-27T23:07:34.600-0400] {logging_mixin.py:151} INFO - [2023-09-27T23:07:34.600-0400] {dag.py:3696} INFO - Setting next_dagrun for tutorial_taskflow_api to None, run_after=None
[2023-09-27T23:07:34.641-0400] {processor.py:179} INFO - Processing /home/beau/airflow/py_env/lib/python3.10/site-packages/airflow/example_dags/tutorial_taskflow_api.py took 0.096 seconds
[2023-09-27T23:08:16.415-0400] {processor.py:157} INFO - Started process (PID=24445) to work on /home/beau/airflow/py_env/lib/python3.10/site-packages/airflow/example_dags/tutorial_taskflow_api.py
[2023-09-27T23:08:16.420-0400] {processor.py:829} INFO - Processing file /home/beau/airflow/py_env/lib/python3.10/site-packages/airflow/example_dags/tutorial_taskflow_api.py for tasks to queue
[2023-09-27T23:08:16.421-0400] {logging_mixin.py:151} INFO - [2023-09-27T23:08:16.421-0400] {dagbag.py:539} INFO - Filling up the DagBag from /home/beau/airflow/py_env/lib/python3.10/site-packages/airflow/example_dags/tutorial_taskflow_api.py
[2023-09-27T23:08:16.428-0400] {processor.py:839} INFO - DAG(s) dict_keys(['tutorial_taskflow_api']) retrieved from /home/beau/airflow/py_env/lib/python3.10/site-packages/airflow/example_dags/tutorial_taskflow_api.py
[2023-09-27T23:08:16.445-0400] {logging_mixin.py:151} INFO - [2023-09-27T23:08:16.445-0400] {dag.py:2915} INFO - Sync 1 DAGs
[2023-09-27T23:08:16.458-0400] {logging_mixin.py:151} INFO - [2023-09-27T23:08:16.457-0400] {dag.py:3696} INFO - Setting next_dagrun for tutorial_taskflow_api to None, run_after=None
[2023-09-27T23:08:16.481-0400] {processor.py:179} INFO - Processing /home/beau/airflow/py_env/lib/python3.10/site-packages/airflow/example_dags/tutorial_taskflow_api.py took 0.069 seconds
[2023-09-27T23:08:56.849-0400] {processor.py:157} INFO - Started process (PID=24695) to work on /home/beau/airflow/py_env/lib/python3.10/site-packages/airflow/example_dags/tutorial_taskflow_api.py
[2023-09-27T23:08:56.853-0400] {processor.py:829} INFO - Processing file /home/beau/airflow/py_env/lib/python3.10/site-packages/airflow/example_dags/tutorial_taskflow_api.py for tasks to queue
[2023-09-27T23:08:56.855-0400] {logging_mixin.py:151} INFO - [2023-09-27T23:08:56.854-0400] {dagbag.py:539} INFO - Filling up the DagBag from /home/beau/airflow/py_env/lib/python3.10/site-packages/airflow/example_dags/tutorial_taskflow_api.py
[2023-09-27T23:08:56.864-0400] {processor.py:839} INFO - DAG(s) dict_keys(['tutorial_taskflow_api']) retrieved from /home/beau/airflow/py_env/lib/python3.10/site-packages/airflow/example_dags/tutorial_taskflow_api.py
[2023-09-27T23:08:56.884-0400] {logging_mixin.py:151} INFO - [2023-09-27T23:08:56.884-0400] {dag.py:2915} INFO - Sync 1 DAGs
[2023-09-27T23:08:56.894-0400] {logging_mixin.py:151} INFO - [2023-09-27T23:08:56.894-0400] {dag.py:3696} INFO - Setting next_dagrun for tutorial_taskflow_api to None, run_after=None
[2023-09-27T23:08:56.917-0400] {processor.py:179} INFO - Processing /home/beau/airflow/py_env/lib/python3.10/site-packages/airflow/example_dags/tutorial_taskflow_api.py took 0.076 seconds
[2023-09-27T23:09:51.730-0400] {processor.py:157} INFO - Started process (PID=24942) to work on /home/beau/airflow/py_env/lib/python3.10/site-packages/airflow/example_dags/tutorial_taskflow_api.py
[2023-09-27T23:09:51.736-0400] {processor.py:829} INFO - Processing file /home/beau/airflow/py_env/lib/python3.10/site-packages/airflow/example_dags/tutorial_taskflow_api.py for tasks to queue
[2023-09-27T23:09:51.740-0400] {logging_mixin.py:151} INFO - [2023-09-27T23:09:51.739-0400] {dagbag.py:539} INFO - Filling up the DagBag from /home/beau/airflow/py_env/lib/python3.10/site-packages/airflow/example_dags/tutorial_taskflow_api.py
[2023-09-27T23:09:51.749-0400] {processor.py:839} INFO - DAG(s) dict_keys(['tutorial_taskflow_api']) retrieved from /home/beau/airflow/py_env/lib/python3.10/site-packages/airflow/example_dags/tutorial_taskflow_api.py
[2023-09-27T23:09:51.769-0400] {logging_mixin.py:151} INFO - [2023-09-27T23:09:51.769-0400] {dag.py:2915} INFO - Sync 1 DAGs
[2023-09-27T23:09:51.781-0400] {logging_mixin.py:151} INFO - [2023-09-27T23:09:51.780-0400] {dag.py:3696} INFO - Setting next_dagrun for tutorial_taskflow_api to None, run_after=None
[2023-09-27T23:09:51.804-0400] {processor.py:179} INFO - Processing /home/beau/airflow/py_env/lib/python3.10/site-packages/airflow/example_dags/tutorial_taskflow_api.py took 0.084 seconds
[2023-09-27T23:10:31.123-0400] {processor.py:157} INFO - Started process (PID=25076) to work on /home/beau/airflow/py_env/lib/python3.10/site-packages/airflow/example_dags/tutorial_taskflow_api.py
[2023-09-27T23:10:31.127-0400] {processor.py:829} INFO - Processing file /home/beau/airflow/py_env/lib/python3.10/site-packages/airflow/example_dags/tutorial_taskflow_api.py for tasks to queue
[2023-09-27T23:10:31.128-0400] {logging_mixin.py:151} INFO - [2023-09-27T23:10:31.127-0400] {dagbag.py:539} INFO - Filling up the DagBag from /home/beau/airflow/py_env/lib/python3.10/site-packages/airflow/example_dags/tutorial_taskflow_api.py
[2023-09-27T23:10:31.135-0400] {processor.py:839} INFO - DAG(s) dict_keys(['tutorial_taskflow_api']) retrieved from /home/beau/airflow/py_env/lib/python3.10/site-packages/airflow/example_dags/tutorial_taskflow_api.py
[2023-09-27T23:10:31.154-0400] {logging_mixin.py:151} INFO - [2023-09-27T23:10:31.154-0400] {dag.py:2915} INFO - Sync 1 DAGs
[2023-09-27T23:10:31.167-0400] {logging_mixin.py:151} INFO - [2023-09-27T23:10:31.166-0400] {dag.py:3696} INFO - Setting next_dagrun for tutorial_taskflow_api to None, run_after=None
[2023-09-27T23:10:31.190-0400] {processor.py:179} INFO - Processing /home/beau/airflow/py_env/lib/python3.10/site-packages/airflow/example_dags/tutorial_taskflow_api.py took 0.070 seconds
[2023-09-27T23:11:12.031-0400] {processor.py:157} INFO - Started process (PID=25295) to work on /home/beau/airflow/py_env/lib/python3.10/site-packages/airflow/example_dags/tutorial_taskflow_api.py
[2023-09-27T23:11:12.035-0400] {processor.py:829} INFO - Processing file /home/beau/airflow/py_env/lib/python3.10/site-packages/airflow/example_dags/tutorial_taskflow_api.py for tasks to queue
[2023-09-27T23:11:12.037-0400] {logging_mixin.py:151} INFO - [2023-09-27T23:11:12.037-0400] {dagbag.py:539} INFO - Filling up the DagBag from /home/beau/airflow/py_env/lib/python3.10/site-packages/airflow/example_dags/tutorial_taskflow_api.py
[2023-09-27T23:11:12.050-0400] {processor.py:839} INFO - DAG(s) dict_keys(['tutorial_taskflow_api']) retrieved from /home/beau/airflow/py_env/lib/python3.10/site-packages/airflow/example_dags/tutorial_taskflow_api.py
[2023-09-27T23:11:12.076-0400] {logging_mixin.py:151} INFO - [2023-09-27T23:11:12.076-0400] {dag.py:2915} INFO - Sync 1 DAGs
[2023-09-27T23:11:12.087-0400] {logging_mixin.py:151} INFO - [2023-09-27T23:11:12.087-0400] {dag.py:3696} INFO - Setting next_dagrun for tutorial_taskflow_api to None, run_after=None
[2023-09-27T23:11:12.117-0400] {processor.py:179} INFO - Processing /home/beau/airflow/py_env/lib/python3.10/site-packages/airflow/example_dags/tutorial_taskflow_api.py took 0.093 seconds
[2023-09-27T23:12:08.835-0400] {processor.py:157} INFO - Started process (PID=25552) to work on /home/beau/airflow/py_env/lib/python3.10/site-packages/airflow/example_dags/tutorial_taskflow_api.py
[2023-09-27T23:12:08.838-0400] {processor.py:829} INFO - Processing file /home/beau/airflow/py_env/lib/python3.10/site-packages/airflow/example_dags/tutorial_taskflow_api.py for tasks to queue
[2023-09-27T23:12:08.839-0400] {logging_mixin.py:151} INFO - [2023-09-27T23:12:08.839-0400] {dagbag.py:539} INFO - Filling up the DagBag from /home/beau/airflow/py_env/lib/python3.10/site-packages/airflow/example_dags/tutorial_taskflow_api.py
[2023-09-27T23:12:08.847-0400] {processor.py:839} INFO - DAG(s) dict_keys(['tutorial_taskflow_api']) retrieved from /home/beau/airflow/py_env/lib/python3.10/site-packages/airflow/example_dags/tutorial_taskflow_api.py
[2023-09-27T23:12:08.864-0400] {logging_mixin.py:151} INFO - [2023-09-27T23:12:08.864-0400] {dag.py:2915} INFO - Sync 1 DAGs
[2023-09-27T23:12:08.874-0400] {logging_mixin.py:151} INFO - [2023-09-27T23:12:08.874-0400] {dag.py:3696} INFO - Setting next_dagrun for tutorial_taskflow_api to None, run_after=None
[2023-09-27T23:12:08.899-0400] {processor.py:179} INFO - Processing /home/beau/airflow/py_env/lib/python3.10/site-packages/airflow/example_dags/tutorial_taskflow_api.py took 0.068 seconds
[2023-09-27T23:12:46.858-0400] {processor.py:157} INFO - Started process (PID=25683) to work on /home/beau/airflow/py_env/lib/python3.10/site-packages/airflow/example_dags/tutorial_taskflow_api.py
[2023-09-27T23:12:46.862-0400] {processor.py:829} INFO - Processing file /home/beau/airflow/py_env/lib/python3.10/site-packages/airflow/example_dags/tutorial_taskflow_api.py for tasks to queue
[2023-09-27T23:12:46.864-0400] {logging_mixin.py:151} INFO - [2023-09-27T23:12:46.863-0400] {dagbag.py:539} INFO - Filling up the DagBag from /home/beau/airflow/py_env/lib/python3.10/site-packages/airflow/example_dags/tutorial_taskflow_api.py
[2023-09-27T23:12:46.875-0400] {processor.py:839} INFO - DAG(s) dict_keys(['tutorial_taskflow_api']) retrieved from /home/beau/airflow/py_env/lib/python3.10/site-packages/airflow/example_dags/tutorial_taskflow_api.py
[2023-09-27T23:12:46.897-0400] {logging_mixin.py:151} INFO - [2023-09-27T23:12:46.897-0400] {dag.py:2915} INFO - Sync 1 DAGs
[2023-09-27T23:12:46.909-0400] {logging_mixin.py:151} INFO - [2023-09-27T23:12:46.909-0400] {dag.py:3696} INFO - Setting next_dagrun for tutorial_taskflow_api to None, run_after=None
[2023-09-27T23:12:46.951-0400] {processor.py:179} INFO - Processing /home/beau/airflow/py_env/lib/python3.10/site-packages/airflow/example_dags/tutorial_taskflow_api.py took 0.099 seconds
[2023-09-27T23:13:40.314-0400] {processor.py:157} INFO - Started process (PID=25991) to work on /home/beau/airflow/py_env/lib/python3.10/site-packages/airflow/example_dags/tutorial_taskflow_api.py
[2023-09-27T23:13:40.315-0400] {processor.py:829} INFO - Processing file /home/beau/airflow/py_env/lib/python3.10/site-packages/airflow/example_dags/tutorial_taskflow_api.py for tasks to queue
[2023-09-27T23:13:40.316-0400] {logging_mixin.py:151} INFO - [2023-09-27T23:13:40.316-0400] {dagbag.py:539} INFO - Filling up the DagBag from /home/beau/airflow/py_env/lib/python3.10/site-packages/airflow/example_dags/tutorial_taskflow_api.py
[2023-09-27T23:13:40.323-0400] {processor.py:839} INFO - DAG(s) dict_keys(['tutorial_taskflow_api']) retrieved from /home/beau/airflow/py_env/lib/python3.10/site-packages/airflow/example_dags/tutorial_taskflow_api.py
[2023-09-27T23:13:40.339-0400] {logging_mixin.py:151} INFO - [2023-09-27T23:13:40.338-0400] {dag.py:2915} INFO - Sync 1 DAGs
[2023-09-27T23:13:40.349-0400] {logging_mixin.py:151} INFO - [2023-09-27T23:13:40.349-0400] {dag.py:3696} INFO - Setting next_dagrun for tutorial_taskflow_api to None, run_after=None
[2023-09-27T23:13:40.372-0400] {processor.py:179} INFO - Processing /home/beau/airflow/py_env/lib/python3.10/site-packages/airflow/example_dags/tutorial_taskflow_api.py took 0.062 seconds
[2023-09-27T23:14:32.901-0400] {processor.py:157} INFO - Started process (PID=26230) to work on /home/beau/airflow/py_env/lib/python3.10/site-packages/airflow/example_dags/tutorial_taskflow_api.py
[2023-09-27T23:14:32.906-0400] {processor.py:829} INFO - Processing file /home/beau/airflow/py_env/lib/python3.10/site-packages/airflow/example_dags/tutorial_taskflow_api.py for tasks to queue
[2023-09-27T23:14:32.908-0400] {logging_mixin.py:151} INFO - [2023-09-27T23:14:32.908-0400] {dagbag.py:539} INFO - Filling up the DagBag from /home/beau/airflow/py_env/lib/python3.10/site-packages/airflow/example_dags/tutorial_taskflow_api.py
[2023-09-27T23:14:32.922-0400] {processor.py:839} INFO - DAG(s) dict_keys(['tutorial_taskflow_api']) retrieved from /home/beau/airflow/py_env/lib/python3.10/site-packages/airflow/example_dags/tutorial_taskflow_api.py
[2023-09-27T23:14:32.939-0400] {logging_mixin.py:151} INFO - [2023-09-27T23:14:32.939-0400] {dag.py:2915} INFO - Sync 1 DAGs
[2023-09-27T23:14:32.950-0400] {logging_mixin.py:151} INFO - [2023-09-27T23:14:32.950-0400] {dag.py:3696} INFO - Setting next_dagrun for tutorial_taskflow_api to None, run_after=None
[2023-09-27T23:14:32.973-0400] {processor.py:179} INFO - Processing /home/beau/airflow/py_env/lib/python3.10/site-packages/airflow/example_dags/tutorial_taskflow_api.py took 0.079 seconds
[2023-09-27T23:15:27.743-0400] {processor.py:157} INFO - Started process (PID=26485) to work on /home/beau/airflow/py_env/lib/python3.10/site-packages/airflow/example_dags/tutorial_taskflow_api.py
[2023-09-27T23:15:27.748-0400] {processor.py:829} INFO - Processing file /home/beau/airflow/py_env/lib/python3.10/site-packages/airflow/example_dags/tutorial_taskflow_api.py for tasks to queue
[2023-09-27T23:15:27.749-0400] {logging_mixin.py:151} INFO - [2023-09-27T23:15:27.749-0400] {dagbag.py:539} INFO - Filling up the DagBag from /home/beau/airflow/py_env/lib/python3.10/site-packages/airflow/example_dags/tutorial_taskflow_api.py
[2023-09-27T23:15:27.762-0400] {processor.py:839} INFO - DAG(s) dict_keys(['tutorial_taskflow_api']) retrieved from /home/beau/airflow/py_env/lib/python3.10/site-packages/airflow/example_dags/tutorial_taskflow_api.py
[2023-09-27T23:15:27.777-0400] {logging_mixin.py:151} INFO - [2023-09-27T23:15:27.776-0400] {dag.py:2915} INFO - Sync 1 DAGs
[2023-09-27T23:15:27.787-0400] {logging_mixin.py:151} INFO - [2023-09-27T23:15:27.786-0400] {dag.py:3696} INFO - Setting next_dagrun for tutorial_taskflow_api to None, run_after=None
[2023-09-27T23:15:27.809-0400] {processor.py:179} INFO - Processing /home/beau/airflow/py_env/lib/python3.10/site-packages/airflow/example_dags/tutorial_taskflow_api.py took 0.073 seconds
[2023-09-27T23:16:06.424-0400] {processor.py:157} INFO - Started process (PID=26673) to work on /home/beau/airflow/py_env/lib/python3.10/site-packages/airflow/example_dags/tutorial_taskflow_api.py
[2023-09-27T23:16:06.429-0400] {processor.py:829} INFO - Processing file /home/beau/airflow/py_env/lib/python3.10/site-packages/airflow/example_dags/tutorial_taskflow_api.py for tasks to queue
[2023-09-27T23:16:06.431-0400] {logging_mixin.py:151} INFO - [2023-09-27T23:16:06.430-0400] {dagbag.py:539} INFO - Filling up the DagBag from /home/beau/airflow/py_env/lib/python3.10/site-packages/airflow/example_dags/tutorial_taskflow_api.py
[2023-09-27T23:16:06.445-0400] {processor.py:839} INFO - DAG(s) dict_keys(['tutorial_taskflow_api']) retrieved from /home/beau/airflow/py_env/lib/python3.10/site-packages/airflow/example_dags/tutorial_taskflow_api.py
[2023-09-27T23:16:06.461-0400] {logging_mixin.py:151} INFO - [2023-09-27T23:16:06.461-0400] {dag.py:2915} INFO - Sync 1 DAGs
[2023-09-27T23:16:06.471-0400] {logging_mixin.py:151} INFO - [2023-09-27T23:16:06.471-0400] {dag.py:3696} INFO - Setting next_dagrun for tutorial_taskflow_api to None, run_after=None
[2023-09-27T23:16:06.494-0400] {processor.py:179} INFO - Processing /home/beau/airflow/py_env/lib/python3.10/site-packages/airflow/example_dags/tutorial_taskflow_api.py took 0.078 seconds
[2023-09-27T23:17:01.234-0400] {processor.py:157} INFO - Started process (PID=26949) to work on /home/beau/airflow/py_env/lib/python3.10/site-packages/airflow/example_dags/tutorial_taskflow_api.py
[2023-09-27T23:17:01.239-0400] {processor.py:829} INFO - Processing file /home/beau/airflow/py_env/lib/python3.10/site-packages/airflow/example_dags/tutorial_taskflow_api.py for tasks to queue
[2023-09-27T23:17:01.240-0400] {logging_mixin.py:151} INFO - [2023-09-27T23:17:01.240-0400] {dagbag.py:539} INFO - Filling up the DagBag from /home/beau/airflow/py_env/lib/python3.10/site-packages/airflow/example_dags/tutorial_taskflow_api.py
[2023-09-27T23:17:01.252-0400] {processor.py:839} INFO - DAG(s) dict_keys(['tutorial_taskflow_api']) retrieved from /home/beau/airflow/py_env/lib/python3.10/site-packages/airflow/example_dags/tutorial_taskflow_api.py
[2023-09-27T23:17:01.269-0400] {logging_mixin.py:151} INFO - [2023-09-27T23:17:01.269-0400] {dag.py:2915} INFO - Sync 1 DAGs
[2023-09-27T23:17:01.281-0400] {logging_mixin.py:151} INFO - [2023-09-27T23:17:01.281-0400] {dag.py:3696} INFO - Setting next_dagrun for tutorial_taskflow_api to None, run_after=None
[2023-09-27T23:17:01.305-0400] {processor.py:179} INFO - Processing /home/beau/airflow/py_env/lib/python3.10/site-packages/airflow/example_dags/tutorial_taskflow_api.py took 0.076 seconds
[2023-09-27T23:17:58.133-0400] {processor.py:157} INFO - Started process (PID=27268) to work on /home/beau/airflow/py_env/lib/python3.10/site-packages/airflow/example_dags/tutorial_taskflow_api.py
[2023-09-27T23:17:58.138-0400] {processor.py:829} INFO - Processing file /home/beau/airflow/py_env/lib/python3.10/site-packages/airflow/example_dags/tutorial_taskflow_api.py for tasks to queue
[2023-09-27T23:17:58.139-0400] {logging_mixin.py:151} INFO - [2023-09-27T23:17:58.139-0400] {dagbag.py:539} INFO - Filling up the DagBag from /home/beau/airflow/py_env/lib/python3.10/site-packages/airflow/example_dags/tutorial_taskflow_api.py
[2023-09-27T23:17:58.145-0400] {processor.py:839} INFO - DAG(s) dict_keys(['tutorial_taskflow_api']) retrieved from /home/beau/airflow/py_env/lib/python3.10/site-packages/airflow/example_dags/tutorial_taskflow_api.py
[2023-09-27T23:17:58.160-0400] {logging_mixin.py:151} INFO - [2023-09-27T23:17:58.160-0400] {dag.py:2915} INFO - Sync 1 DAGs
[2023-09-27T23:17:58.169-0400] {logging_mixin.py:151} INFO - [2023-09-27T23:17:58.169-0400] {dag.py:3696} INFO - Setting next_dagrun for tutorial_taskflow_api to None, run_after=None
[2023-09-27T23:17:58.193-0400] {processor.py:179} INFO - Processing /home/beau/airflow/py_env/lib/python3.10/site-packages/airflow/example_dags/tutorial_taskflow_api.py took 0.065 seconds
[2023-09-27T23:18:49.714-0400] {processor.py:157} INFO - Started process (PID=27631) to work on /home/beau/airflow/py_env/lib/python3.10/site-packages/airflow/example_dags/tutorial_taskflow_api.py
[2023-09-27T23:18:49.720-0400] {processor.py:829} INFO - Processing file /home/beau/airflow/py_env/lib/python3.10/site-packages/airflow/example_dags/tutorial_taskflow_api.py for tasks to queue
[2023-09-27T23:18:49.723-0400] {logging_mixin.py:151} INFO - [2023-09-27T23:18:49.722-0400] {dagbag.py:539} INFO - Filling up the DagBag from /home/beau/airflow/py_env/lib/python3.10/site-packages/airflow/example_dags/tutorial_taskflow_api.py
[2023-09-27T23:18:49.742-0400] {processor.py:839} INFO - DAG(s) dict_keys(['tutorial_taskflow_api']) retrieved from /home/beau/airflow/py_env/lib/python3.10/site-packages/airflow/example_dags/tutorial_taskflow_api.py
[2023-09-27T23:18:49.770-0400] {logging_mixin.py:151} INFO - [2023-09-27T23:18:49.770-0400] {dag.py:2915} INFO - Sync 1 DAGs
[2023-09-27T23:18:49.782-0400] {logging_mixin.py:151} INFO - [2023-09-27T23:18:49.782-0400] {dag.py:3696} INFO - Setting next_dagrun for tutorial_taskflow_api to None, run_after=None
[2023-09-27T23:18:49.812-0400] {processor.py:179} INFO - Processing /home/beau/airflow/py_env/lib/python3.10/site-packages/airflow/example_dags/tutorial_taskflow_api.py took 0.104 seconds
[2023-09-27T23:19:44.130-0400] {processor.py:157} INFO - Started process (PID=28118) to work on /home/beau/airflow/py_env/lib/python3.10/site-packages/airflow/example_dags/tutorial_taskflow_api.py
[2023-09-27T23:19:44.134-0400] {processor.py:829} INFO - Processing file /home/beau/airflow/py_env/lib/python3.10/site-packages/airflow/example_dags/tutorial_taskflow_api.py for tasks to queue
[2023-09-27T23:19:44.136-0400] {logging_mixin.py:151} INFO - [2023-09-27T23:19:44.135-0400] {dagbag.py:539} INFO - Filling up the DagBag from /home/beau/airflow/py_env/lib/python3.10/site-packages/airflow/example_dags/tutorial_taskflow_api.py
[2023-09-27T23:19:44.142-0400] {processor.py:839} INFO - DAG(s) dict_keys(['tutorial_taskflow_api']) retrieved from /home/beau/airflow/py_env/lib/python3.10/site-packages/airflow/example_dags/tutorial_taskflow_api.py
[2023-09-27T23:19:44.155-0400] {logging_mixin.py:151} INFO - [2023-09-27T23:19:44.155-0400] {dag.py:2915} INFO - Sync 1 DAGs
[2023-09-27T23:19:44.164-0400] {logging_mixin.py:151} INFO - [2023-09-27T23:19:44.164-0400] {dag.py:3696} INFO - Setting next_dagrun for tutorial_taskflow_api to None, run_after=None
[2023-09-27T23:19:44.194-0400] {processor.py:179} INFO - Processing /home/beau/airflow/py_env/lib/python3.10/site-packages/airflow/example_dags/tutorial_taskflow_api.py took 0.069 seconds
[2023-09-27T23:20:41.125-0400] {processor.py:157} INFO - Started process (PID=28739) to work on /home/beau/airflow/py_env/lib/python3.10/site-packages/airflow/example_dags/tutorial_taskflow_api.py
[2023-09-27T23:20:41.129-0400] {processor.py:829} INFO - Processing file /home/beau/airflow/py_env/lib/python3.10/site-packages/airflow/example_dags/tutorial_taskflow_api.py for tasks to queue
[2023-09-27T23:20:41.130-0400] {logging_mixin.py:151} INFO - [2023-09-27T23:20:41.130-0400] {dagbag.py:539} INFO - Filling up the DagBag from /home/beau/airflow/py_env/lib/python3.10/site-packages/airflow/example_dags/tutorial_taskflow_api.py
[2023-09-27T23:20:41.138-0400] {processor.py:839} INFO - DAG(s) dict_keys(['tutorial_taskflow_api']) retrieved from /home/beau/airflow/py_env/lib/python3.10/site-packages/airflow/example_dags/tutorial_taskflow_api.py
[2023-09-27T23:20:41.155-0400] {logging_mixin.py:151} INFO - [2023-09-27T23:20:41.155-0400] {dag.py:2915} INFO - Sync 1 DAGs
[2023-09-27T23:20:41.164-0400] {logging_mixin.py:151} INFO - [2023-09-27T23:20:41.163-0400] {dag.py:3696} INFO - Setting next_dagrun for tutorial_taskflow_api to None, run_after=None
[2023-09-27T23:20:41.186-0400] {processor.py:179} INFO - Processing /home/beau/airflow/py_env/lib/python3.10/site-packages/airflow/example_dags/tutorial_taskflow_api.py took 0.065 seconds
[2023-09-27T23:21:19.568-0400] {processor.py:157} INFO - Started process (PID=29111) to work on /home/beau/airflow/py_env/lib/python3.10/site-packages/airflow/example_dags/tutorial_taskflow_api.py
[2023-09-27T23:21:19.572-0400] {processor.py:829} INFO - Processing file /home/beau/airflow/py_env/lib/python3.10/site-packages/airflow/example_dags/tutorial_taskflow_api.py for tasks to queue
[2023-09-27T23:21:19.573-0400] {logging_mixin.py:151} INFO - [2023-09-27T23:21:19.573-0400] {dagbag.py:539} INFO - Filling up the DagBag from /home/beau/airflow/py_env/lib/python3.10/site-packages/airflow/example_dags/tutorial_taskflow_api.py
[2023-09-27T23:21:19.579-0400] {processor.py:839} INFO - DAG(s) dict_keys(['tutorial_taskflow_api']) retrieved from /home/beau/airflow/py_env/lib/python3.10/site-packages/airflow/example_dags/tutorial_taskflow_api.py
[2023-09-27T23:21:19.594-0400] {logging_mixin.py:151} INFO - [2023-09-27T23:21:19.594-0400] {dag.py:2915} INFO - Sync 1 DAGs
[2023-09-27T23:21:19.606-0400] {logging_mixin.py:151} INFO - [2023-09-27T23:21:19.606-0400] {dag.py:3696} INFO - Setting next_dagrun for tutorial_taskflow_api to None, run_after=None
[2023-09-27T23:21:19.639-0400] {processor.py:179} INFO - Processing /home/beau/airflow/py_env/lib/python3.10/site-packages/airflow/example_dags/tutorial_taskflow_api.py took 0.075 seconds
[2023-09-27T23:22:15.994-0400] {processor.py:157} INFO - Started process (PID=29481) to work on /home/beau/airflow/py_env/lib/python3.10/site-packages/airflow/example_dags/tutorial_taskflow_api.py
[2023-09-27T23:22:15.996-0400] {processor.py:829} INFO - Processing file /home/beau/airflow/py_env/lib/python3.10/site-packages/airflow/example_dags/tutorial_taskflow_api.py for tasks to queue
[2023-09-27T23:22:15.997-0400] {logging_mixin.py:151} INFO - [2023-09-27T23:22:15.997-0400] {dagbag.py:539} INFO - Filling up the DagBag from /home/beau/airflow/py_env/lib/python3.10/site-packages/airflow/example_dags/tutorial_taskflow_api.py
[2023-09-27T23:22:16.014-0400] {processor.py:839} INFO - DAG(s) dict_keys(['tutorial_taskflow_api']) retrieved from /home/beau/airflow/py_env/lib/python3.10/site-packages/airflow/example_dags/tutorial_taskflow_api.py
[2023-09-27T23:22:16.038-0400] {logging_mixin.py:151} INFO - [2023-09-27T23:22:16.038-0400] {dag.py:2915} INFO - Sync 1 DAGs
[2023-09-27T23:22:16.049-0400] {logging_mixin.py:151} INFO - [2023-09-27T23:22:16.048-0400] {dag.py:3696} INFO - Setting next_dagrun for tutorial_taskflow_api to None, run_after=None
[2023-09-27T23:22:16.076-0400] {processor.py:179} INFO - Processing /home/beau/airflow/py_env/lib/python3.10/site-packages/airflow/example_dags/tutorial_taskflow_api.py took 0.085 seconds
[2023-09-27T23:22:56.625-0400] {processor.py:157} INFO - Started process (PID=29790) to work on /home/beau/airflow/py_env/lib/python3.10/site-packages/airflow/example_dags/tutorial_taskflow_api.py
[2023-09-27T23:22:56.630-0400] {processor.py:829} INFO - Processing file /home/beau/airflow/py_env/lib/python3.10/site-packages/airflow/example_dags/tutorial_taskflow_api.py for tasks to queue
[2023-09-27T23:22:56.631-0400] {logging_mixin.py:151} INFO - [2023-09-27T23:22:56.631-0400] {dagbag.py:539} INFO - Filling up the DagBag from /home/beau/airflow/py_env/lib/python3.10/site-packages/airflow/example_dags/tutorial_taskflow_api.py
[2023-09-27T23:22:56.642-0400] {processor.py:839} INFO - DAG(s) dict_keys(['tutorial_taskflow_api']) retrieved from /home/beau/airflow/py_env/lib/python3.10/site-packages/airflow/example_dags/tutorial_taskflow_api.py
[2023-09-27T23:22:56.661-0400] {logging_mixin.py:151} INFO - [2023-09-27T23:22:56.660-0400] {dag.py:2915} INFO - Sync 1 DAGs
[2023-09-27T23:22:56.670-0400] {logging_mixin.py:151} INFO - [2023-09-27T23:22:56.670-0400] {dag.py:3696} INFO - Setting next_dagrun for tutorial_taskflow_api to None, run_after=None
[2023-09-27T23:22:56.699-0400] {processor.py:179} INFO - Processing /home/beau/airflow/py_env/lib/python3.10/site-packages/airflow/example_dags/tutorial_taskflow_api.py took 0.079 seconds
[2023-09-27T23:23:36.572-0400] {processor.py:157} INFO - Started process (PID=30130) to work on /home/beau/airflow/py_env/lib/python3.10/site-packages/airflow/example_dags/tutorial_taskflow_api.py
[2023-09-27T23:23:36.577-0400] {processor.py:829} INFO - Processing file /home/beau/airflow/py_env/lib/python3.10/site-packages/airflow/example_dags/tutorial_taskflow_api.py for tasks to queue
[2023-09-27T23:23:36.579-0400] {logging_mixin.py:151} INFO - [2023-09-27T23:23:36.578-0400] {dagbag.py:539} INFO - Filling up the DagBag from /home/beau/airflow/py_env/lib/python3.10/site-packages/airflow/example_dags/tutorial_taskflow_api.py
[2023-09-27T23:23:36.589-0400] {processor.py:839} INFO - DAG(s) dict_keys(['tutorial_taskflow_api']) retrieved from /home/beau/airflow/py_env/lib/python3.10/site-packages/airflow/example_dags/tutorial_taskflow_api.py
[2023-09-27T23:23:36.612-0400] {logging_mixin.py:151} INFO - [2023-09-27T23:23:36.612-0400] {dag.py:2915} INFO - Sync 1 DAGs
[2023-09-27T23:23:36.622-0400] {logging_mixin.py:151} INFO - [2023-09-27T23:23:36.622-0400] {dag.py:3696} INFO - Setting next_dagrun for tutorial_taskflow_api to None, run_after=None
[2023-09-27T23:23:36.646-0400] {processor.py:179} INFO - Processing /home/beau/airflow/py_env/lib/python3.10/site-packages/airflow/example_dags/tutorial_taskflow_api.py took 0.083 seconds
