[2023-09-23T09:06:30.276-0400] {processor.py:157} INFO - Started process (PID=11416) to work on /home/beau/airflow/py_env/lib/python3.10/site-packages/airflow/example_dags/example_task_group_decorator.py
[2023-09-23T09:06:30.277-0400] {processor.py:829} INFO - Processing file /home/beau/airflow/py_env/lib/python3.10/site-packages/airflow/example_dags/example_task_group_decorator.py for tasks to queue
[2023-09-23T09:06:30.278-0400] {logging_mixin.py:151} INFO - [2023-09-23T09:06:30.278-0400] {dagbag.py:539} INFO - Filling up the DagBag from /home/beau/airflow/py_env/lib/python3.10/site-packages/airflow/example_dags/example_task_group_decorator.py
[2023-09-23T09:06:30.298-0400] {processor.py:839} INFO - DAG(s) dict_keys(['example_task_group_decorator']) retrieved from /home/beau/airflow/py_env/lib/python3.10/site-packages/airflow/example_dags/example_task_group_decorator.py
[2023-09-23T09:06:30.402-0400] {logging_mixin.py:151} INFO - [2023-09-23T09:06:30.401-0400] {manager.py:499} INFO - Created Permission View: %s
[2023-09-23T09:06:30.417-0400] {logging_mixin.py:151} INFO - [2023-09-23T09:06:30.417-0400] {manager.py:499} INFO - Created Permission View: %s
[2023-09-23T09:06:30.429-0400] {logging_mixin.py:151} INFO - [2023-09-23T09:06:30.428-0400] {manager.py:499} INFO - Created Permission View: %s
[2023-09-23T09:06:30.429-0400] {logging_mixin.py:151} INFO - [2023-09-23T09:06:30.429-0400] {security.py:708} INFO - Not syncing DAG-level permissions for DAG 'DAG:example_task_group_decorator' as access control is unset.
[2023-09-23T09:06:30.430-0400] {logging_mixin.py:151} INFO - [2023-09-23T09:06:30.430-0400] {dag.py:2915} INFO - Sync 1 DAGs
[2023-09-23T09:06:30.439-0400] {logging_mixin.py:151} INFO - [2023-09-23T09:06:30.438-0400] {dag.py:2937} INFO - Creating ORM DAG for example_task_group_decorator
[2023-09-23T09:06:30.445-0400] {logging_mixin.py:151} INFO - [2023-09-23T09:06:30.445-0400] {dag.py:3696} INFO - Setting next_dagrun for example_task_group_decorator to 2023-09-22T13:06:30.444963+00:00, run_after=2023-09-23T13:06:30.444963+00:00
[2023-09-23T09:06:30.469-0400] {processor.py:179} INFO - Processing /home/beau/airflow/py_env/lib/python3.10/site-packages/airflow/example_dags/example_task_group_decorator.py took 0.201 seconds
[2023-09-23T09:07:19.001-0400] {processor.py:157} INFO - Started process (PID=11917) to work on /home/beau/airflow/py_env/lib/python3.10/site-packages/airflow/example_dags/example_task_group_decorator.py
[2023-09-23T09:07:19.005-0400] {processor.py:829} INFO - Processing file /home/beau/airflow/py_env/lib/python3.10/site-packages/airflow/example_dags/example_task_group_decorator.py for tasks to queue
[2023-09-23T09:07:19.006-0400] {logging_mixin.py:151} INFO - [2023-09-23T09:07:19.006-0400] {dagbag.py:539} INFO - Filling up the DagBag from /home/beau/airflow/py_env/lib/python3.10/site-packages/airflow/example_dags/example_task_group_decorator.py
[2023-09-23T09:07:19.024-0400] {processor.py:839} INFO - DAG(s) dict_keys(['example_task_group_decorator']) retrieved from /home/beau/airflow/py_env/lib/python3.10/site-packages/airflow/example_dags/example_task_group_decorator.py
[2023-09-23T09:07:19.043-0400] {logging_mixin.py:151} INFO - [2023-09-23T09:07:19.043-0400] {dag.py:2915} INFO - Sync 1 DAGs
[2023-09-23T09:07:19.064-0400] {logging_mixin.py:151} INFO - [2023-09-23T09:07:19.064-0400] {dag.py:3696} INFO - Setting next_dagrun for example_task_group_decorator to 2023-09-22T13:07:19.064232+00:00, run_after=2023-09-23T13:07:19.064232+00:00
[2023-09-23T09:07:19.091-0400] {processor.py:179} INFO - Processing /home/beau/airflow/py_env/lib/python3.10/site-packages/airflow/example_dags/example_task_group_decorator.py took 0.098 seconds
[2023-09-23T09:08:05.946-0400] {processor.py:157} INFO - Started process (PID=12098) to work on /home/beau/airflow/py_env/lib/python3.10/site-packages/airflow/example_dags/example_task_group_decorator.py
[2023-09-23T09:08:05.949-0400] {processor.py:829} INFO - Processing file /home/beau/airflow/py_env/lib/python3.10/site-packages/airflow/example_dags/example_task_group_decorator.py for tasks to queue
[2023-09-23T09:08:05.951-0400] {logging_mixin.py:151} INFO - [2023-09-23T09:08:05.950-0400] {dagbag.py:539} INFO - Filling up the DagBag from /home/beau/airflow/py_env/lib/python3.10/site-packages/airflow/example_dags/example_task_group_decorator.py
[2023-09-23T09:08:05.970-0400] {processor.py:839} INFO - DAG(s) dict_keys(['example_task_group_decorator']) retrieved from /home/beau/airflow/py_env/lib/python3.10/site-packages/airflow/example_dags/example_task_group_decorator.py
[2023-09-23T09:08:05.991-0400] {logging_mixin.py:151} INFO - [2023-09-23T09:08:05.991-0400] {dag.py:2915} INFO - Sync 1 DAGs
[2023-09-23T09:08:06.010-0400] {logging_mixin.py:151} INFO - [2023-09-23T09:08:06.010-0400] {dag.py:3696} INFO - Setting next_dagrun for example_task_group_decorator to 2023-09-22T13:08:06.010427+00:00, run_after=2023-09-23T13:08:06.010427+00:00
[2023-09-23T09:08:06.039-0400] {processor.py:179} INFO - Processing /home/beau/airflow/py_env/lib/python3.10/site-packages/airflow/example_dags/example_task_group_decorator.py took 0.097 seconds
[2023-09-23T09:08:57.294-0400] {processor.py:157} INFO - Started process (PID=12600) to work on /home/beau/airflow/py_env/lib/python3.10/site-packages/airflow/example_dags/example_task_group_decorator.py
[2023-09-23T09:08:57.297-0400] {processor.py:829} INFO - Processing file /home/beau/airflow/py_env/lib/python3.10/site-packages/airflow/example_dags/example_task_group_decorator.py for tasks to queue
[2023-09-23T09:08:57.299-0400] {logging_mixin.py:151} INFO - [2023-09-23T09:08:57.298-0400] {dagbag.py:539} INFO - Filling up the DagBag from /home/beau/airflow/py_env/lib/python3.10/site-packages/airflow/example_dags/example_task_group_decorator.py
[2023-09-23T09:08:57.324-0400] {processor.py:839} INFO - DAG(s) dict_keys(['example_task_group_decorator']) retrieved from /home/beau/airflow/py_env/lib/python3.10/site-packages/airflow/example_dags/example_task_group_decorator.py
[2023-09-23T09:08:57.349-0400] {logging_mixin.py:151} INFO - [2023-09-23T09:08:57.349-0400] {dag.py:2915} INFO - Sync 1 DAGs
[2023-09-23T09:08:57.366-0400] {logging_mixin.py:151} INFO - [2023-09-23T09:08:57.366-0400] {dag.py:3696} INFO - Setting next_dagrun for example_task_group_decorator to 2023-09-22T13:08:57.366533+00:00, run_after=2023-09-23T13:08:57.366533+00:00
[2023-09-23T09:08:57.395-0400] {processor.py:179} INFO - Processing /home/beau/airflow/py_env/lib/python3.10/site-packages/airflow/example_dags/example_task_group_decorator.py took 0.106 seconds
[2023-09-23T09:09:45.365-0400] {processor.py:157} INFO - Started process (PID=12846) to work on /home/beau/airflow/py_env/lib/python3.10/site-packages/airflow/example_dags/example_task_group_decorator.py
[2023-09-23T09:09:45.371-0400] {processor.py:829} INFO - Processing file /home/beau/airflow/py_env/lib/python3.10/site-packages/airflow/example_dags/example_task_group_decorator.py for tasks to queue
[2023-09-23T09:09:45.374-0400] {logging_mixin.py:151} INFO - [2023-09-23T09:09:45.373-0400] {dagbag.py:539} INFO - Filling up the DagBag from /home/beau/airflow/py_env/lib/python3.10/site-packages/airflow/example_dags/example_task_group_decorator.py
[2023-09-23T09:09:45.417-0400] {processor.py:839} INFO - DAG(s) dict_keys(['example_task_group_decorator']) retrieved from /home/beau/airflow/py_env/lib/python3.10/site-packages/airflow/example_dags/example_task_group_decorator.py
[2023-09-23T09:09:45.441-0400] {logging_mixin.py:151} INFO - [2023-09-23T09:09:45.441-0400] {dag.py:2915} INFO - Sync 1 DAGs
[2023-09-23T09:09:45.460-0400] {logging_mixin.py:151} INFO - [2023-09-23T09:09:45.460-0400] {dag.py:3696} INFO - Setting next_dagrun for example_task_group_decorator to 2023-09-22T13:09:45.460442+00:00, run_after=2023-09-23T13:09:45.460442+00:00
[2023-09-23T09:09:45.499-0400] {processor.py:179} INFO - Processing /home/beau/airflow/py_env/lib/python3.10/site-packages/airflow/example_dags/example_task_group_decorator.py took 0.142 seconds
[2023-09-23T09:10:32.259-0400] {processor.py:157} INFO - Started process (PID=13092) to work on /home/beau/airflow/py_env/lib/python3.10/site-packages/airflow/example_dags/example_task_group_decorator.py
[2023-09-23T09:10:32.263-0400] {processor.py:829} INFO - Processing file /home/beau/airflow/py_env/lib/python3.10/site-packages/airflow/example_dags/example_task_group_decorator.py for tasks to queue
[2023-09-23T09:10:32.264-0400] {logging_mixin.py:151} INFO - [2023-09-23T09:10:32.264-0400] {dagbag.py:539} INFO - Filling up the DagBag from /home/beau/airflow/py_env/lib/python3.10/site-packages/airflow/example_dags/example_task_group_decorator.py
[2023-09-23T09:10:32.283-0400] {processor.py:839} INFO - DAG(s) dict_keys(['example_task_group_decorator']) retrieved from /home/beau/airflow/py_env/lib/python3.10/site-packages/airflow/example_dags/example_task_group_decorator.py
[2023-09-23T09:10:32.300-0400] {logging_mixin.py:151} INFO - [2023-09-23T09:10:32.299-0400] {dag.py:2915} INFO - Sync 1 DAGs
[2023-09-23T09:10:32.316-0400] {logging_mixin.py:151} INFO - [2023-09-23T09:10:32.315-0400] {dag.py:3696} INFO - Setting next_dagrun for example_task_group_decorator to 2023-09-22T13:10:32.315801+00:00, run_after=2023-09-23T13:10:32.315801+00:00
[2023-09-23T09:10:32.337-0400] {processor.py:179} INFO - Processing /home/beau/airflow/py_env/lib/python3.10/site-packages/airflow/example_dags/example_task_group_decorator.py took 0.082 seconds
[2023-09-23T09:11:21.959-0400] {processor.py:157} INFO - Started process (PID=13577) to work on /home/beau/airflow/py_env/lib/python3.10/site-packages/airflow/example_dags/example_task_group_decorator.py
[2023-09-23T09:11:21.963-0400] {processor.py:829} INFO - Processing file /home/beau/airflow/py_env/lib/python3.10/site-packages/airflow/example_dags/example_task_group_decorator.py for tasks to queue
[2023-09-23T09:11:21.965-0400] {logging_mixin.py:151} INFO - [2023-09-23T09:11:21.964-0400] {dagbag.py:539} INFO - Filling up the DagBag from /home/beau/airflow/py_env/lib/python3.10/site-packages/airflow/example_dags/example_task_group_decorator.py
[2023-09-23T09:11:21.987-0400] {processor.py:839} INFO - DAG(s) dict_keys(['example_task_group_decorator']) retrieved from /home/beau/airflow/py_env/lib/python3.10/site-packages/airflow/example_dags/example_task_group_decorator.py
[2023-09-23T09:11:22.002-0400] {logging_mixin.py:151} INFO - [2023-09-23T09:11:22.002-0400] {dag.py:2915} INFO - Sync 1 DAGs
[2023-09-23T09:11:22.016-0400] {logging_mixin.py:151} INFO - [2023-09-23T09:11:22.016-0400] {dag.py:3696} INFO - Setting next_dagrun for example_task_group_decorator to 2023-09-22T13:11:22.016639+00:00, run_after=2023-09-23T13:11:22.016639+00:00
[2023-09-23T09:11:22.042-0400] {processor.py:179} INFO - Processing /home/beau/airflow/py_env/lib/python3.10/site-packages/airflow/example_dags/example_task_group_decorator.py took 0.088 seconds
[2023-09-23T09:12:10.684-0400] {processor.py:157} INFO - Started process (PID=13882) to work on /home/beau/airflow/py_env/lib/python3.10/site-packages/airflow/example_dags/example_task_group_decorator.py
[2023-09-23T09:12:10.687-0400] {processor.py:829} INFO - Processing file /home/beau/airflow/py_env/lib/python3.10/site-packages/airflow/example_dags/example_task_group_decorator.py for tasks to queue
[2023-09-23T09:12:10.688-0400] {logging_mixin.py:151} INFO - [2023-09-23T09:12:10.687-0400] {dagbag.py:539} INFO - Filling up the DagBag from /home/beau/airflow/py_env/lib/python3.10/site-packages/airflow/example_dags/example_task_group_decorator.py
[2023-09-23T09:12:10.702-0400] {processor.py:839} INFO - DAG(s) dict_keys(['example_task_group_decorator']) retrieved from /home/beau/airflow/py_env/lib/python3.10/site-packages/airflow/example_dags/example_task_group_decorator.py
[2023-09-23T09:12:10.717-0400] {logging_mixin.py:151} INFO - [2023-09-23T09:12:10.717-0400] {dag.py:2915} INFO - Sync 1 DAGs
[2023-09-23T09:12:10.731-0400] {logging_mixin.py:151} INFO - [2023-09-23T09:12:10.731-0400] {dag.py:3696} INFO - Setting next_dagrun for example_task_group_decorator to 2023-09-22T13:12:10.730919+00:00, run_after=2023-09-23T13:12:10.730919+00:00
[2023-09-23T09:12:10.755-0400] {processor.py:179} INFO - Processing /home/beau/airflow/py_env/lib/python3.10/site-packages/airflow/example_dags/example_task_group_decorator.py took 0.074 seconds
[2023-09-23T09:13:00.839-0400] {processor.py:157} INFO - Started process (PID=14381) to work on /home/beau/airflow/py_env/lib/python3.10/site-packages/airflow/example_dags/example_task_group_decorator.py
[2023-09-23T09:13:00.841-0400] {processor.py:829} INFO - Processing file /home/beau/airflow/py_env/lib/python3.10/site-packages/airflow/example_dags/example_task_group_decorator.py for tasks to queue
[2023-09-23T09:13:00.842-0400] {logging_mixin.py:151} INFO - [2023-09-23T09:13:00.841-0400] {dagbag.py:539} INFO - Filling up the DagBag from /home/beau/airflow/py_env/lib/python3.10/site-packages/airflow/example_dags/example_task_group_decorator.py
[2023-09-23T09:13:00.856-0400] {processor.py:839} INFO - DAG(s) dict_keys(['example_task_group_decorator']) retrieved from /home/beau/airflow/py_env/lib/python3.10/site-packages/airflow/example_dags/example_task_group_decorator.py
[2023-09-23T09:13:00.875-0400] {logging_mixin.py:151} INFO - [2023-09-23T09:13:00.875-0400] {dag.py:2915} INFO - Sync 1 DAGs
[2023-09-23T09:13:00.898-0400] {logging_mixin.py:151} INFO - [2023-09-23T09:13:00.898-0400] {dag.py:3696} INFO - Setting next_dagrun for example_task_group_decorator to 2023-09-22T13:13:00.898026+00:00, run_after=2023-09-23T13:13:00.898026+00:00
[2023-09-23T09:13:00.922-0400] {processor.py:179} INFO - Processing /home/beau/airflow/py_env/lib/python3.10/site-packages/airflow/example_dags/example_task_group_decorator.py took 0.086 seconds
[2023-09-23T09:13:51.682-0400] {processor.py:157} INFO - Started process (PID=14866) to work on /home/beau/airflow/py_env/lib/python3.10/site-packages/airflow/example_dags/example_task_group_decorator.py
[2023-09-23T09:13:51.686-0400] {processor.py:829} INFO - Processing file /home/beau/airflow/py_env/lib/python3.10/site-packages/airflow/example_dags/example_task_group_decorator.py for tasks to queue
[2023-09-23T09:13:51.688-0400] {logging_mixin.py:151} INFO - [2023-09-23T09:13:51.687-0400] {dagbag.py:539} INFO - Filling up the DagBag from /home/beau/airflow/py_env/lib/python3.10/site-packages/airflow/example_dags/example_task_group_decorator.py
[2023-09-23T09:13:51.706-0400] {processor.py:839} INFO - DAG(s) dict_keys(['example_task_group_decorator']) retrieved from /home/beau/airflow/py_env/lib/python3.10/site-packages/airflow/example_dags/example_task_group_decorator.py
[2023-09-23T09:13:51.728-0400] {logging_mixin.py:151} INFO - [2023-09-23T09:13:51.728-0400] {dag.py:2915} INFO - Sync 1 DAGs
[2023-09-23T09:13:51.748-0400] {logging_mixin.py:151} INFO - [2023-09-23T09:13:51.747-0400] {dag.py:3696} INFO - Setting next_dagrun for example_task_group_decorator to 2023-09-22T13:13:51.747748+00:00, run_after=2023-09-23T13:13:51.747748+00:00
[2023-09-23T09:13:51.776-0400] {processor.py:179} INFO - Processing /home/beau/airflow/py_env/lib/python3.10/site-packages/airflow/example_dags/example_task_group_decorator.py took 0.099 seconds
[2023-09-23T09:14:37.147-0400] {processor.py:157} INFO - Started process (PID=15231) to work on /home/beau/airflow/py_env/lib/python3.10/site-packages/airflow/example_dags/example_task_group_decorator.py
[2023-09-23T09:14:37.149-0400] {processor.py:829} INFO - Processing file /home/beau/airflow/py_env/lib/python3.10/site-packages/airflow/example_dags/example_task_group_decorator.py for tasks to queue
[2023-09-23T09:14:37.150-0400] {logging_mixin.py:151} INFO - [2023-09-23T09:14:37.150-0400] {dagbag.py:539} INFO - Filling up the DagBag from /home/beau/airflow/py_env/lib/python3.10/site-packages/airflow/example_dags/example_task_group_decorator.py
[2023-09-23T09:14:37.163-0400] {processor.py:839} INFO - DAG(s) dict_keys(['example_task_group_decorator']) retrieved from /home/beau/airflow/py_env/lib/python3.10/site-packages/airflow/example_dags/example_task_group_decorator.py
[2023-09-23T09:14:37.179-0400] {logging_mixin.py:151} INFO - [2023-09-23T09:14:37.179-0400] {dag.py:2915} INFO - Sync 1 DAGs
[2023-09-23T09:14:37.194-0400] {logging_mixin.py:151} INFO - [2023-09-23T09:14:37.193-0400] {dag.py:3696} INFO - Setting next_dagrun for example_task_group_decorator to 2023-09-22T13:14:37.193695+00:00, run_after=2023-09-23T13:14:37.193695+00:00
[2023-09-23T09:14:37.218-0400] {processor.py:179} INFO - Processing /home/beau/airflow/py_env/lib/python3.10/site-packages/airflow/example_dags/example_task_group_decorator.py took 0.076 seconds
[2023-09-23T09:15:27.625-0400] {processor.py:157} INFO - Started process (PID=15486) to work on /home/beau/airflow/py_env/lib/python3.10/site-packages/airflow/example_dags/example_task_group_decorator.py
[2023-09-23T09:15:27.627-0400] {processor.py:829} INFO - Processing file /home/beau/airflow/py_env/lib/python3.10/site-packages/airflow/example_dags/example_task_group_decorator.py for tasks to queue
[2023-09-23T09:15:27.629-0400] {logging_mixin.py:151} INFO - [2023-09-23T09:15:27.628-0400] {dagbag.py:539} INFO - Filling up the DagBag from /home/beau/airflow/py_env/lib/python3.10/site-packages/airflow/example_dags/example_task_group_decorator.py
[2023-09-23T09:15:27.648-0400] {processor.py:839} INFO - DAG(s) dict_keys(['example_task_group_decorator']) retrieved from /home/beau/airflow/py_env/lib/python3.10/site-packages/airflow/example_dags/example_task_group_decorator.py
[2023-09-23T09:15:27.669-0400] {logging_mixin.py:151} INFO - [2023-09-23T09:15:27.668-0400] {dag.py:2915} INFO - Sync 1 DAGs
[2023-09-23T09:15:27.695-0400] {logging_mixin.py:151} INFO - [2023-09-23T09:15:27.695-0400] {dag.py:3696} INFO - Setting next_dagrun for example_task_group_decorator to 2023-09-22T13:15:27.694502+00:00, run_after=2023-09-23T13:15:27.694502+00:00
[2023-09-23T09:15:27.724-0400] {processor.py:179} INFO - Processing /home/beau/airflow/py_env/lib/python3.10/site-packages/airflow/example_dags/example_task_group_decorator.py took 0.102 seconds
[2023-09-23T09:17:30.860-0400] {processor.py:157} INFO - Started process (PID=16840) to work on /home/beau/airflow/py_env/lib/python3.10/site-packages/airflow/example_dags/example_task_group_decorator.py
[2023-09-23T09:17:30.864-0400] {processor.py:829} INFO - Processing file /home/beau/airflow/py_env/lib/python3.10/site-packages/airflow/example_dags/example_task_group_decorator.py for tasks to queue
[2023-09-23T09:17:30.866-0400] {logging_mixin.py:151} INFO - [2023-09-23T09:17:30.865-0400] {dagbag.py:539} INFO - Filling up the DagBag from /home/beau/airflow/py_env/lib/python3.10/site-packages/airflow/example_dags/example_task_group_decorator.py
[2023-09-23T09:17:30.893-0400] {processor.py:839} INFO - DAG(s) dict_keys(['example_task_group_decorator']) retrieved from /home/beau/airflow/py_env/lib/python3.10/site-packages/airflow/example_dags/example_task_group_decorator.py
[2023-09-23T09:17:30.906-0400] {logging_mixin.py:151} INFO - [2023-09-23T09:17:30.906-0400] {dag.py:2915} INFO - Sync 1 DAGs
[2023-09-23T09:17:30.925-0400] {logging_mixin.py:151} INFO - [2023-09-23T09:17:30.924-0400] {dag.py:3696} INFO - Setting next_dagrun for example_task_group_decorator to 2023-09-22T13:17:30.924708+00:00, run_after=2023-09-23T13:17:30.924708+00:00
[2023-09-23T09:17:30.954-0400] {processor.py:179} INFO - Processing /home/beau/airflow/py_env/lib/python3.10/site-packages/airflow/example_dags/example_task_group_decorator.py took 0.099 seconds
[2023-09-23T09:18:18.000-0400] {processor.py:157} INFO - Started process (PID=17104) to work on /home/beau/airflow/py_env/lib/python3.10/site-packages/airflow/example_dags/example_task_group_decorator.py
[2023-09-23T09:18:18.002-0400] {processor.py:829} INFO - Processing file /home/beau/airflow/py_env/lib/python3.10/site-packages/airflow/example_dags/example_task_group_decorator.py for tasks to queue
[2023-09-23T09:18:18.004-0400] {logging_mixin.py:151} INFO - [2023-09-23T09:18:18.003-0400] {dagbag.py:539} INFO - Filling up the DagBag from /home/beau/airflow/py_env/lib/python3.10/site-packages/airflow/example_dags/example_task_group_decorator.py
[2023-09-23T09:18:18.025-0400] {processor.py:839} INFO - DAG(s) dict_keys(['example_task_group_decorator']) retrieved from /home/beau/airflow/py_env/lib/python3.10/site-packages/airflow/example_dags/example_task_group_decorator.py
[2023-09-23T09:18:18.040-0400] {logging_mixin.py:151} INFO - [2023-09-23T09:18:18.040-0400] {dag.py:2915} INFO - Sync 1 DAGs
[2023-09-23T09:18:18.056-0400] {logging_mixin.py:151} INFO - [2023-09-23T09:18:18.056-0400] {dag.py:3696} INFO - Setting next_dagrun for example_task_group_decorator to 2023-09-22T13:18:18.055857+00:00, run_after=2023-09-23T13:18:18.055857+00:00
[2023-09-23T09:18:18.078-0400] {processor.py:179} INFO - Processing /home/beau/airflow/py_env/lib/python3.10/site-packages/airflow/example_dags/example_task_group_decorator.py took 0.086 seconds
[2023-09-23T09:19:05.840-0400] {processor.py:157} INFO - Started process (PID=17300) to work on /home/beau/airflow/py_env/lib/python3.10/site-packages/airflow/example_dags/example_task_group_decorator.py
[2023-09-23T09:19:05.844-0400] {processor.py:829} INFO - Processing file /home/beau/airflow/py_env/lib/python3.10/site-packages/airflow/example_dags/example_task_group_decorator.py for tasks to queue
[2023-09-23T09:19:05.845-0400] {logging_mixin.py:151} INFO - [2023-09-23T09:19:05.844-0400] {dagbag.py:539} INFO - Filling up the DagBag from /home/beau/airflow/py_env/lib/python3.10/site-packages/airflow/example_dags/example_task_group_decorator.py
[2023-09-23T09:19:05.864-0400] {processor.py:839} INFO - DAG(s) dict_keys(['example_task_group_decorator']) retrieved from /home/beau/airflow/py_env/lib/python3.10/site-packages/airflow/example_dags/example_task_group_decorator.py
[2023-09-23T09:19:05.879-0400] {logging_mixin.py:151} INFO - [2023-09-23T09:19:05.878-0400] {dag.py:2915} INFO - Sync 1 DAGs
[2023-09-23T09:19:05.893-0400] {logging_mixin.py:151} INFO - [2023-09-23T09:19:05.893-0400] {dag.py:3696} INFO - Setting next_dagrun for example_task_group_decorator to 2023-09-22T13:19:05.893563+00:00, run_after=2023-09-23T13:19:05.893563+00:00
[2023-09-23T09:19:05.915-0400] {processor.py:179} INFO - Processing /home/beau/airflow/py_env/lib/python3.10/site-packages/airflow/example_dags/example_task_group_decorator.py took 0.079 seconds
[2023-09-23T09:19:58.852-0400] {processor.py:157} INFO - Started process (PID=17583) to work on /home/beau/airflow/py_env/lib/python3.10/site-packages/airflow/example_dags/example_task_group_decorator.py
[2023-09-23T09:19:58.856-0400] {processor.py:829} INFO - Processing file /home/beau/airflow/py_env/lib/python3.10/site-packages/airflow/example_dags/example_task_group_decorator.py for tasks to queue
[2023-09-23T09:19:58.857-0400] {logging_mixin.py:151} INFO - [2023-09-23T09:19:58.857-0400] {dagbag.py:539} INFO - Filling up the DagBag from /home/beau/airflow/py_env/lib/python3.10/site-packages/airflow/example_dags/example_task_group_decorator.py
[2023-09-23T09:19:58.871-0400] {processor.py:839} INFO - DAG(s) dict_keys(['example_task_group_decorator']) retrieved from /home/beau/airflow/py_env/lib/python3.10/site-packages/airflow/example_dags/example_task_group_decorator.py
[2023-09-23T09:19:58.888-0400] {logging_mixin.py:151} INFO - [2023-09-23T09:19:58.888-0400] {dag.py:2915} INFO - Sync 1 DAGs
[2023-09-23T09:19:58.904-0400] {logging_mixin.py:151} INFO - [2023-09-23T09:19:58.904-0400] {dag.py:3696} INFO - Setting next_dagrun for example_task_group_decorator to 2023-09-22T13:19:58.904405+00:00, run_after=2023-09-23T13:19:58.904405+00:00
[2023-09-23T09:19:58.927-0400] {processor.py:179} INFO - Processing /home/beau/airflow/py_env/lib/python3.10/site-packages/airflow/example_dags/example_task_group_decorator.py took 0.078 seconds
[2023-09-23T09:20:54.552-0400] {processor.py:157} INFO - Started process (PID=17877) to work on /home/beau/airflow/py_env/lib/python3.10/site-packages/airflow/example_dags/example_task_group_decorator.py
[2023-09-23T09:20:54.556-0400] {processor.py:829} INFO - Processing file /home/beau/airflow/py_env/lib/python3.10/site-packages/airflow/example_dags/example_task_group_decorator.py for tasks to queue
[2023-09-23T09:20:54.557-0400] {logging_mixin.py:151} INFO - [2023-09-23T09:20:54.556-0400] {dagbag.py:539} INFO - Filling up the DagBag from /home/beau/airflow/py_env/lib/python3.10/site-packages/airflow/example_dags/example_task_group_decorator.py
[2023-09-23T09:20:54.577-0400] {processor.py:839} INFO - DAG(s) dict_keys(['example_task_group_decorator']) retrieved from /home/beau/airflow/py_env/lib/python3.10/site-packages/airflow/example_dags/example_task_group_decorator.py
[2023-09-23T09:20:54.604-0400] {logging_mixin.py:151} INFO - [2023-09-23T09:20:54.603-0400] {dag.py:2915} INFO - Sync 1 DAGs
[2023-09-23T09:20:54.625-0400] {logging_mixin.py:151} INFO - [2023-09-23T09:20:54.625-0400] {dag.py:3696} INFO - Setting next_dagrun for example_task_group_decorator to 2023-09-22T13:20:54.625243+00:00, run_after=2023-09-23T13:20:54.625243+00:00
[2023-09-23T09:20:54.659-0400] {processor.py:179} INFO - Processing /home/beau/airflow/py_env/lib/python3.10/site-packages/airflow/example_dags/example_task_group_decorator.py took 0.112 seconds
[2023-09-23T09:23:49.259-0400] {processor.py:157} INFO - Started process (PID=19327) to work on /home/beau/airflow/py_env/lib/python3.10/site-packages/airflow/example_dags/example_task_group_decorator.py
[2023-09-23T09:23:49.263-0400] {processor.py:829} INFO - Processing file /home/beau/airflow/py_env/lib/python3.10/site-packages/airflow/example_dags/example_task_group_decorator.py for tasks to queue
[2023-09-23T09:23:49.263-0400] {logging_mixin.py:151} INFO - [2023-09-23T09:23:49.263-0400] {dagbag.py:539} INFO - Filling up the DagBag from /home/beau/airflow/py_env/lib/python3.10/site-packages/airflow/example_dags/example_task_group_decorator.py
[2023-09-23T09:23:49.281-0400] {processor.py:839} INFO - DAG(s) dict_keys(['example_task_group_decorator']) retrieved from /home/beau/airflow/py_env/lib/python3.10/site-packages/airflow/example_dags/example_task_group_decorator.py
[2023-09-23T09:23:49.291-0400] {logging_mixin.py:151} INFO - [2023-09-23T09:23:49.291-0400] {dag.py:2915} INFO - Sync 1 DAGs
[2023-09-23T09:23:49.315-0400] {logging_mixin.py:151} INFO - [2023-09-23T09:23:49.315-0400] {dag.py:3696} INFO - Setting next_dagrun for example_task_group_decorator to 2023-09-22T13:23:49.315569+00:00, run_after=2023-09-23T13:23:49.315569+00:00
[2023-09-23T09:23:49.350-0400] {processor.py:179} INFO - Processing /home/beau/airflow/py_env/lib/python3.10/site-packages/airflow/example_dags/example_task_group_decorator.py took 0.096 seconds
[2023-09-23T09:24:36.145-0400] {processor.py:157} INFO - Started process (PID=19615) to work on /home/beau/airflow/py_env/lib/python3.10/site-packages/airflow/example_dags/example_task_group_decorator.py
[2023-09-23T09:24:36.149-0400] {processor.py:829} INFO - Processing file /home/beau/airflow/py_env/lib/python3.10/site-packages/airflow/example_dags/example_task_group_decorator.py for tasks to queue
[2023-09-23T09:24:36.150-0400] {logging_mixin.py:151} INFO - [2023-09-23T09:24:36.150-0400] {dagbag.py:539} INFO - Filling up the DagBag from /home/beau/airflow/py_env/lib/python3.10/site-packages/airflow/example_dags/example_task_group_decorator.py
[2023-09-23T09:24:36.170-0400] {processor.py:839} INFO - DAG(s) dict_keys(['example_task_group_decorator']) retrieved from /home/beau/airflow/py_env/lib/python3.10/site-packages/airflow/example_dags/example_task_group_decorator.py
[2023-09-23T09:24:36.187-0400] {logging_mixin.py:151} INFO - [2023-09-23T09:24:36.187-0400] {dag.py:2915} INFO - Sync 1 DAGs
[2023-09-23T09:24:36.205-0400] {logging_mixin.py:151} INFO - [2023-09-23T09:24:36.205-0400] {dag.py:3696} INFO - Setting next_dagrun for example_task_group_decorator to 2023-09-22T13:24:36.205365+00:00, run_after=2023-09-23T13:24:36.205365+00:00
[2023-09-23T09:24:36.230-0400] {processor.py:179} INFO - Processing /home/beau/airflow/py_env/lib/python3.10/site-packages/airflow/example_dags/example_task_group_decorator.py took 0.090 seconds
[2023-09-23T09:25:23.873-0400] {processor.py:157} INFO - Started process (PID=19807) to work on /home/beau/airflow/py_env/lib/python3.10/site-packages/airflow/example_dags/example_task_group_decorator.py
[2023-09-23T09:25:23.875-0400] {processor.py:829} INFO - Processing file /home/beau/airflow/py_env/lib/python3.10/site-packages/airflow/example_dags/example_task_group_decorator.py for tasks to queue
[2023-09-23T09:25:23.875-0400] {logging_mixin.py:151} INFO - [2023-09-23T09:25:23.875-0400] {dagbag.py:539} INFO - Filling up the DagBag from /home/beau/airflow/py_env/lib/python3.10/site-packages/airflow/example_dags/example_task_group_decorator.py
[2023-09-23T09:25:23.889-0400] {processor.py:839} INFO - DAG(s) dict_keys(['example_task_group_decorator']) retrieved from /home/beau/airflow/py_env/lib/python3.10/site-packages/airflow/example_dags/example_task_group_decorator.py
[2023-09-23T09:25:23.907-0400] {logging_mixin.py:151} INFO - [2023-09-23T09:25:23.907-0400] {dag.py:2915} INFO - Sync 1 DAGs
[2023-09-23T09:25:23.923-0400] {logging_mixin.py:151} INFO - [2023-09-23T09:25:23.923-0400] {dag.py:3696} INFO - Setting next_dagrun for example_task_group_decorator to 2023-09-22T13:25:23.923364+00:00, run_after=2023-09-23T13:25:23.923364+00:00
[2023-09-23T09:25:23.945-0400] {processor.py:179} INFO - Processing /home/beau/airflow/py_env/lib/python3.10/site-packages/airflow/example_dags/example_task_group_decorator.py took 0.075 seconds
[2023-09-23T09:26:15.776-0400] {processor.py:157} INFO - Started process (PID=20105) to work on /home/beau/airflow/py_env/lib/python3.10/site-packages/airflow/example_dags/example_task_group_decorator.py
[2023-09-23T09:26:15.778-0400] {processor.py:829} INFO - Processing file /home/beau/airflow/py_env/lib/python3.10/site-packages/airflow/example_dags/example_task_group_decorator.py for tasks to queue
[2023-09-23T09:26:15.779-0400] {logging_mixin.py:151} INFO - [2023-09-23T09:26:15.779-0400] {dagbag.py:539} INFO - Filling up the DagBag from /home/beau/airflow/py_env/lib/python3.10/site-packages/airflow/example_dags/example_task_group_decorator.py
[2023-09-23T09:26:15.814-0400] {processor.py:839} INFO - DAG(s) dict_keys(['example_task_group_decorator']) retrieved from /home/beau/airflow/py_env/lib/python3.10/site-packages/airflow/example_dags/example_task_group_decorator.py
[2023-09-23T09:26:15.831-0400] {logging_mixin.py:151} INFO - [2023-09-23T09:26:15.831-0400] {dag.py:2915} INFO - Sync 1 DAGs
[2023-09-23T09:26:15.847-0400] {logging_mixin.py:151} INFO - [2023-09-23T09:26:15.847-0400] {dag.py:3696} INFO - Setting next_dagrun for example_task_group_decorator to 2023-09-22T13:26:15.847319+00:00, run_after=2023-09-23T13:26:15.847319+00:00
[2023-09-23T09:26:15.873-0400] {processor.py:179} INFO - Processing /home/beau/airflow/py_env/lib/python3.10/site-packages/airflow/example_dags/example_task_group_decorator.py took 0.100 seconds
[2023-09-23T09:30:55.465-0400] {processor.py:157} INFO - Started process (PID=22447) to work on /home/beau/airflow/py_env/lib/python3.10/site-packages/airflow/example_dags/example_task_group_decorator.py
[2023-09-23T09:30:55.470-0400] {processor.py:829} INFO - Processing file /home/beau/airflow/py_env/lib/python3.10/site-packages/airflow/example_dags/example_task_group_decorator.py for tasks to queue
[2023-09-23T09:30:55.471-0400] {logging_mixin.py:151} INFO - [2023-09-23T09:30:55.471-0400] {dagbag.py:539} INFO - Filling up the DagBag from /home/beau/airflow/py_env/lib/python3.10/site-packages/airflow/example_dags/example_task_group_decorator.py
[2023-09-23T09:30:55.486-0400] {processor.py:839} INFO - DAG(s) dict_keys(['example_task_group_decorator']) retrieved from /home/beau/airflow/py_env/lib/python3.10/site-packages/airflow/example_dags/example_task_group_decorator.py
[2023-09-23T09:30:55.493-0400] {logging_mixin.py:151} INFO - [2023-09-23T09:30:55.493-0400] {dag.py:2915} INFO - Sync 1 DAGs
[2023-09-23T09:30:55.511-0400] {logging_mixin.py:151} INFO - [2023-09-23T09:30:55.511-0400] {dag.py:3696} INFO - Setting next_dagrun for example_task_group_decorator to 2023-09-22T13:30:55.510905+00:00, run_after=2023-09-23T13:30:55.510905+00:00
[2023-09-23T09:30:55.533-0400] {processor.py:179} INFO - Processing /home/beau/airflow/py_env/lib/python3.10/site-packages/airflow/example_dags/example_task_group_decorator.py took 0.070 seconds
[2023-09-23T09:36:57.443-0400] {processor.py:157} INFO - Started process (PID=1063) to work on /home/beau/airflow/py_env/lib/python3.10/site-packages/airflow/example_dags/example_task_group_decorator.py
[2023-09-23T09:36:57.448-0400] {processor.py:829} INFO - Processing file /home/beau/airflow/py_env/lib/python3.10/site-packages/airflow/example_dags/example_task_group_decorator.py for tasks to queue
[2023-09-23T09:36:57.449-0400] {logging_mixin.py:151} INFO - [2023-09-23T09:36:57.449-0400] {dagbag.py:539} INFO - Filling up the DagBag from /home/beau/airflow/py_env/lib/python3.10/site-packages/airflow/example_dags/example_task_group_decorator.py
[2023-09-23T09:36:57.472-0400] {processor.py:839} INFO - DAG(s) dict_keys(['example_task_group_decorator']) retrieved from /home/beau/airflow/py_env/lib/python3.10/site-packages/airflow/example_dags/example_task_group_decorator.py
[2023-09-23T09:36:57.482-0400] {logging_mixin.py:151} INFO - [2023-09-23T09:36:57.481-0400] {dag.py:2915} INFO - Sync 1 DAGs
[2023-09-23T09:36:57.496-0400] {logging_mixin.py:151} INFO - [2023-09-23T09:36:57.496-0400] {dag.py:3696} INFO - Setting next_dagrun for example_task_group_decorator to 2023-09-22T13:36:57.496616+00:00, run_after=2023-09-23T13:36:57.496616+00:00
[2023-09-23T09:36:57.517-0400] {processor.py:179} INFO - Processing /home/beau/airflow/py_env/lib/python3.10/site-packages/airflow/example_dags/example_task_group_decorator.py took 0.082 seconds
[2023-09-23T09:37:42.782-0400] {processor.py:157} INFO - Started process (PID=1695) to work on /home/beau/airflow/py_env/lib/python3.10/site-packages/airflow/example_dags/example_task_group_decorator.py
[2023-09-23T09:37:42.787-0400] {processor.py:829} INFO - Processing file /home/beau/airflow/py_env/lib/python3.10/site-packages/airflow/example_dags/example_task_group_decorator.py for tasks to queue
[2023-09-23T09:37:42.788-0400] {logging_mixin.py:151} INFO - [2023-09-23T09:37:42.788-0400] {dagbag.py:539} INFO - Filling up the DagBag from /home/beau/airflow/py_env/lib/python3.10/site-packages/airflow/example_dags/example_task_group_decorator.py
[2023-09-23T09:37:42.808-0400] {processor.py:839} INFO - DAG(s) dict_keys(['example_task_group_decorator']) retrieved from /home/beau/airflow/py_env/lib/python3.10/site-packages/airflow/example_dags/example_task_group_decorator.py
[2023-09-23T09:37:42.823-0400] {logging_mixin.py:151} INFO - [2023-09-23T09:37:42.822-0400] {dag.py:2915} INFO - Sync 1 DAGs
[2023-09-23T09:37:42.842-0400] {logging_mixin.py:151} INFO - [2023-09-23T09:37:42.841-0400] {dag.py:3696} INFO - Setting next_dagrun for example_task_group_decorator to 2023-09-22T13:37:42.841618+00:00, run_after=2023-09-23T13:37:42.841618+00:00
[2023-09-23T09:37:42.871-0400] {processor.py:179} INFO - Processing /home/beau/airflow/py_env/lib/python3.10/site-packages/airflow/example_dags/example_task_group_decorator.py took 0.093 seconds
[2023-09-23T09:38:32.087-0400] {processor.py:157} INFO - Started process (PID=2230) to work on /home/beau/airflow/py_env/lib/python3.10/site-packages/airflow/example_dags/example_task_group_decorator.py
[2023-09-23T09:38:32.089-0400] {processor.py:829} INFO - Processing file /home/beau/airflow/py_env/lib/python3.10/site-packages/airflow/example_dags/example_task_group_decorator.py for tasks to queue
[2023-09-23T09:38:32.090-0400] {logging_mixin.py:151} INFO - [2023-09-23T09:38:32.089-0400] {dagbag.py:539} INFO - Filling up the DagBag from /home/beau/airflow/py_env/lib/python3.10/site-packages/airflow/example_dags/example_task_group_decorator.py
[2023-09-23T09:38:32.102-0400] {processor.py:839} INFO - DAG(s) dict_keys(['example_task_group_decorator']) retrieved from /home/beau/airflow/py_env/lib/python3.10/site-packages/airflow/example_dags/example_task_group_decorator.py
[2023-09-23T09:38:32.118-0400] {logging_mixin.py:151} INFO - [2023-09-23T09:38:32.118-0400] {dag.py:2915} INFO - Sync 1 DAGs
[2023-09-23T09:38:32.132-0400] {logging_mixin.py:151} INFO - [2023-09-23T09:38:32.132-0400] {dag.py:3696} INFO - Setting next_dagrun for example_task_group_decorator to 2023-09-22T13:38:32.132129+00:00, run_after=2023-09-23T13:38:32.132129+00:00
[2023-09-23T09:38:32.156-0400] {processor.py:179} INFO - Processing /home/beau/airflow/py_env/lib/python3.10/site-packages/airflow/example_dags/example_task_group_decorator.py took 0.072 seconds
[2023-09-23T09:39:20.082-0400] {processor.py:157} INFO - Started process (PID=2684) to work on /home/beau/airflow/py_env/lib/python3.10/site-packages/airflow/example_dags/example_task_group_decorator.py
[2023-09-23T09:39:20.085-0400] {processor.py:829} INFO - Processing file /home/beau/airflow/py_env/lib/python3.10/site-packages/airflow/example_dags/example_task_group_decorator.py for tasks to queue
[2023-09-23T09:39:20.086-0400] {logging_mixin.py:151} INFO - [2023-09-23T09:39:20.086-0400] {dagbag.py:539} INFO - Filling up the DagBag from /home/beau/airflow/py_env/lib/python3.10/site-packages/airflow/example_dags/example_task_group_decorator.py
[2023-09-23T09:39:20.103-0400] {processor.py:839} INFO - DAG(s) dict_keys(['example_task_group_decorator']) retrieved from /home/beau/airflow/py_env/lib/python3.10/site-packages/airflow/example_dags/example_task_group_decorator.py
[2023-09-23T09:39:20.119-0400] {logging_mixin.py:151} INFO - [2023-09-23T09:39:20.119-0400] {dag.py:2915} INFO - Sync 1 DAGs
[2023-09-23T09:39:20.136-0400] {logging_mixin.py:151} INFO - [2023-09-23T09:39:20.135-0400] {dag.py:3696} INFO - Setting next_dagrun for example_task_group_decorator to 2023-09-22T13:39:20.135665+00:00, run_after=2023-09-23T13:39:20.135665+00:00
[2023-09-23T09:39:20.159-0400] {processor.py:179} INFO - Processing /home/beau/airflow/py_env/lib/python3.10/site-packages/airflow/example_dags/example_task_group_decorator.py took 0.080 seconds
[2023-09-23T09:40:07.648-0400] {processor.py:157} INFO - Started process (PID=3401) to work on /home/beau/airflow/py_env/lib/python3.10/site-packages/airflow/example_dags/example_task_group_decorator.py
[2023-09-23T09:40:07.651-0400] {processor.py:829} INFO - Processing file /home/beau/airflow/py_env/lib/python3.10/site-packages/airflow/example_dags/example_task_group_decorator.py for tasks to queue
[2023-09-23T09:40:07.652-0400] {logging_mixin.py:151} INFO - [2023-09-23T09:40:07.652-0400] {dagbag.py:539} INFO - Filling up the DagBag from /home/beau/airflow/py_env/lib/python3.10/site-packages/airflow/example_dags/example_task_group_decorator.py
[2023-09-23T09:40:07.668-0400] {processor.py:839} INFO - DAG(s) dict_keys(['example_task_group_decorator']) retrieved from /home/beau/airflow/py_env/lib/python3.10/site-packages/airflow/example_dags/example_task_group_decorator.py
[2023-09-23T09:40:07.684-0400] {logging_mixin.py:151} INFO - [2023-09-23T09:40:07.684-0400] {dag.py:2915} INFO - Sync 1 DAGs
[2023-09-23T09:40:07.699-0400] {logging_mixin.py:151} INFO - [2023-09-23T09:40:07.699-0400] {dag.py:3696} INFO - Setting next_dagrun for example_task_group_decorator to 2023-09-22T13:40:07.699263+00:00, run_after=2023-09-23T13:40:07.699263+00:00
[2023-09-23T09:40:07.720-0400] {processor.py:179} INFO - Processing /home/beau/airflow/py_env/lib/python3.10/site-packages/airflow/example_dags/example_task_group_decorator.py took 0.078 seconds
