[2023-09-23T09:06:06.294-0400] {processor.py:157} INFO - Started process (PID=11158) to work on /home/beau/airflow/py_env/lib/python3.10/site-packages/airflow/example_dags/example_sensors.py
[2023-09-23T09:06:06.296-0400] {processor.py:829} INFO - Processing file /home/beau/airflow/py_env/lib/python3.10/site-packages/airflow/example_dags/example_sensors.py for tasks to queue
[2023-09-23T09:06:06.297-0400] {logging_mixin.py:151} INFO - [2023-09-23T09:06:06.297-0400] {dagbag.py:539} INFO - Filling up the DagBag from /home/beau/airflow/py_env/lib/python3.10/site-packages/airflow/example_dags/example_sensors.py
[2023-09-23T09:06:06.324-0400] {processor.py:839} INFO - DAG(s) dict_keys(['example_sensors']) retrieved from /home/beau/airflow/py_env/lib/python3.10/site-packages/airflow/example_dags/example_sensors.py
[2023-09-23T09:06:06.702-0400] {logging_mixin.py:151} INFO - [2023-09-23T09:06:06.702-0400] {manager.py:499} INFO - Created Permission View: %s
[2023-09-23T09:06:06.783-0400] {logging_mixin.py:151} INFO - [2023-09-23T09:06:06.783-0400] {manager.py:499} INFO - Created Permission View: %s
[2023-09-23T09:06:06.804-0400] {logging_mixin.py:151} INFO - [2023-09-23T09:06:06.804-0400] {manager.py:499} INFO - Created Permission View: %s
[2023-09-23T09:06:06.805-0400] {logging_mixin.py:151} INFO - [2023-09-23T09:06:06.804-0400] {security.py:708} INFO - Not syncing DAG-level permissions for DAG 'DAG:example_sensors' as access control is unset.
[2023-09-23T09:06:06.805-0400] {logging_mixin.py:151} INFO - [2023-09-23T09:06:06.805-0400] {dag.py:2915} INFO - Sync 1 DAGs
[2023-09-23T09:06:06.816-0400] {logging_mixin.py:151} INFO - [2023-09-23T09:06:06.816-0400] {dag.py:2937} INFO - Creating ORM DAG for example_sensors
[2023-09-23T09:06:06.817-0400] {logging_mixin.py:151} INFO - [2023-09-23T09:06:06.817-0400] {dag.py:3696} INFO - Setting next_dagrun for example_sensors to None, run_after=None
[2023-09-23T09:06:06.861-0400] {processor.py:179} INFO - Processing /home/beau/airflow/py_env/lib/python3.10/site-packages/airflow/example_dags/example_sensors.py took 0.573 seconds
[2023-09-23T09:07:00.863-0400] {processor.py:157} INFO - Started process (PID=11725) to work on /home/beau/airflow/py_env/lib/python3.10/site-packages/airflow/example_dags/example_sensors.py
[2023-09-23T09:07:00.865-0400] {processor.py:829} INFO - Processing file /home/beau/airflow/py_env/lib/python3.10/site-packages/airflow/example_dags/example_sensors.py for tasks to queue
[2023-09-23T09:07:00.867-0400] {logging_mixin.py:151} INFO - [2023-09-23T09:07:00.866-0400] {dagbag.py:539} INFO - Filling up the DagBag from /home/beau/airflow/py_env/lib/python3.10/site-packages/airflow/example_dags/example_sensors.py
[2023-09-23T09:07:00.882-0400] {processor.py:839} INFO - DAG(s) dict_keys(['example_sensors']) retrieved from /home/beau/airflow/py_env/lib/python3.10/site-packages/airflow/example_dags/example_sensors.py
[2023-09-23T09:07:00.901-0400] {logging_mixin.py:151} INFO - [2023-09-23T09:07:00.900-0400] {dag.py:2915} INFO - Sync 1 DAGs
[2023-09-23T09:07:00.909-0400] {logging_mixin.py:151} INFO - [2023-09-23T09:07:00.909-0400] {dag.py:3696} INFO - Setting next_dagrun for example_sensors to None, run_after=None
[2023-09-23T09:07:00.931-0400] {processor.py:179} INFO - Processing /home/beau/airflow/py_env/lib/python3.10/site-packages/airflow/example_dags/example_sensors.py took 0.072 seconds
[2023-09-23T09:07:38.105-0400] {processor.py:157} INFO - Started process (PID=11990) to work on /home/beau/airflow/py_env/lib/python3.10/site-packages/airflow/example_dags/example_sensors.py
[2023-09-23T09:07:38.109-0400] {processor.py:829} INFO - Processing file /home/beau/airflow/py_env/lib/python3.10/site-packages/airflow/example_dags/example_sensors.py for tasks to queue
[2023-09-23T09:07:38.110-0400] {logging_mixin.py:151} INFO - [2023-09-23T09:07:38.110-0400] {dagbag.py:539} INFO - Filling up the DagBag from /home/beau/airflow/py_env/lib/python3.10/site-packages/airflow/example_dags/example_sensors.py
[2023-09-23T09:07:38.123-0400] {processor.py:839} INFO - DAG(s) dict_keys(['example_sensors']) retrieved from /home/beau/airflow/py_env/lib/python3.10/site-packages/airflow/example_dags/example_sensors.py
[2023-09-23T09:07:38.146-0400] {logging_mixin.py:151} INFO - [2023-09-23T09:07:38.146-0400] {dag.py:2915} INFO - Sync 1 DAGs
[2023-09-23T09:07:38.155-0400] {logging_mixin.py:151} INFO - [2023-09-23T09:07:38.155-0400] {dag.py:3696} INFO - Setting next_dagrun for example_sensors to None, run_after=None
[2023-09-23T09:07:38.177-0400] {processor.py:179} INFO - Processing /home/beau/airflow/py_env/lib/python3.10/site-packages/airflow/example_dags/example_sensors.py took 0.078 seconds
[2023-09-23T09:08:13.408-0400] {processor.py:157} INFO - Started process (PID=12189) to work on /home/beau/airflow/py_env/lib/python3.10/site-packages/airflow/example_dags/example_sensors.py
[2023-09-23T09:08:13.411-0400] {processor.py:829} INFO - Processing file /home/beau/airflow/py_env/lib/python3.10/site-packages/airflow/example_dags/example_sensors.py for tasks to queue
[2023-09-23T09:08:13.413-0400] {logging_mixin.py:151} INFO - [2023-09-23T09:08:13.412-0400] {dagbag.py:539} INFO - Filling up the DagBag from /home/beau/airflow/py_env/lib/python3.10/site-packages/airflow/example_dags/example_sensors.py
[2023-09-23T09:08:13.423-0400] {processor.py:839} INFO - DAG(s) dict_keys(['example_sensors']) retrieved from /home/beau/airflow/py_env/lib/python3.10/site-packages/airflow/example_dags/example_sensors.py
[2023-09-23T09:08:13.442-0400] {logging_mixin.py:151} INFO - [2023-09-23T09:08:13.442-0400] {dag.py:2915} INFO - Sync 1 DAGs
[2023-09-23T09:08:13.453-0400] {logging_mixin.py:151} INFO - [2023-09-23T09:08:13.453-0400] {dag.py:3696} INFO - Setting next_dagrun for example_sensors to None, run_after=None
[2023-09-23T09:08:13.479-0400] {processor.py:179} INFO - Processing /home/beau/airflow/py_env/lib/python3.10/site-packages/airflow/example_dags/example_sensors.py took 0.074 seconds
[2023-09-23T09:08:47.287-0400] {processor.py:157} INFO - Started process (PID=12471) to work on /home/beau/airflow/py_env/lib/python3.10/site-packages/airflow/example_dags/example_sensors.py
[2023-09-23T09:08:47.289-0400] {processor.py:829} INFO - Processing file /home/beau/airflow/py_env/lib/python3.10/site-packages/airflow/example_dags/example_sensors.py for tasks to queue
[2023-09-23T09:08:47.290-0400] {logging_mixin.py:151} INFO - [2023-09-23T09:08:47.290-0400] {dagbag.py:539} INFO - Filling up the DagBag from /home/beau/airflow/py_env/lib/python3.10/site-packages/airflow/example_dags/example_sensors.py
[2023-09-23T09:08:47.304-0400] {processor.py:839} INFO - DAG(s) dict_keys(['example_sensors']) retrieved from /home/beau/airflow/py_env/lib/python3.10/site-packages/airflow/example_dags/example_sensors.py
[2023-09-23T09:08:47.324-0400] {logging_mixin.py:151} INFO - [2023-09-23T09:08:47.324-0400] {dag.py:2915} INFO - Sync 1 DAGs
[2023-09-23T09:08:47.335-0400] {logging_mixin.py:151} INFO - [2023-09-23T09:08:47.335-0400] {dag.py:3696} INFO - Setting next_dagrun for example_sensors to None, run_after=None
[2023-09-23T09:08:47.363-0400] {processor.py:179} INFO - Processing /home/beau/airflow/py_env/lib/python3.10/site-packages/airflow/example_dags/example_sensors.py took 0.078 seconds
[2023-09-23T09:09:20.834-0400] {processor.py:157} INFO - Started process (PID=12756) to work on /home/beau/airflow/py_env/lib/python3.10/site-packages/airflow/example_dags/example_sensors.py
[2023-09-23T09:09:20.838-0400] {processor.py:829} INFO - Processing file /home/beau/airflow/py_env/lib/python3.10/site-packages/airflow/example_dags/example_sensors.py for tasks to queue
[2023-09-23T09:09:20.838-0400] {logging_mixin.py:151} INFO - [2023-09-23T09:09:20.838-0400] {dagbag.py:539} INFO - Filling up the DagBag from /home/beau/airflow/py_env/lib/python3.10/site-packages/airflow/example_dags/example_sensors.py
[2023-09-23T09:09:20.848-0400] {processor.py:839} INFO - DAG(s) dict_keys(['example_sensors']) retrieved from /home/beau/airflow/py_env/lib/python3.10/site-packages/airflow/example_dags/example_sensors.py
[2023-09-23T09:09:20.866-0400] {logging_mixin.py:151} INFO - [2023-09-23T09:09:20.865-0400] {dag.py:2915} INFO - Sync 1 DAGs
[2023-09-23T09:09:20.876-0400] {logging_mixin.py:151} INFO - [2023-09-23T09:09:20.876-0400] {dag.py:3696} INFO - Setting next_dagrun for example_sensors to None, run_after=None
[2023-09-23T09:09:20.901-0400] {processor.py:179} INFO - Processing /home/beau/airflow/py_env/lib/python3.10/site-packages/airflow/example_dags/example_sensors.py took 0.070 seconds
[2023-09-23T09:09:52.828-0400] {processor.py:157} INFO - Started process (PID=12878) to work on /home/beau/airflow/py_env/lib/python3.10/site-packages/airflow/example_dags/example_sensors.py
[2023-09-23T09:09:52.834-0400] {processor.py:829} INFO - Processing file /home/beau/airflow/py_env/lib/python3.10/site-packages/airflow/example_dags/example_sensors.py for tasks to queue
[2023-09-23T09:09:52.837-0400] {logging_mixin.py:151} INFO - [2023-09-23T09:09:52.836-0400] {dagbag.py:539} INFO - Filling up the DagBag from /home/beau/airflow/py_env/lib/python3.10/site-packages/airflow/example_dags/example_sensors.py
[2023-09-23T09:09:52.853-0400] {processor.py:839} INFO - DAG(s) dict_keys(['example_sensors']) retrieved from /home/beau/airflow/py_env/lib/python3.10/site-packages/airflow/example_dags/example_sensors.py
[2023-09-23T09:09:52.875-0400] {logging_mixin.py:151} INFO - [2023-09-23T09:09:52.875-0400] {dag.py:2915} INFO - Sync 1 DAGs
[2023-09-23T09:09:52.884-0400] {logging_mixin.py:151} INFO - [2023-09-23T09:09:52.884-0400] {dag.py:3696} INFO - Setting next_dagrun for example_sensors to None, run_after=None
[2023-09-23T09:09:52.907-0400] {processor.py:179} INFO - Processing /home/beau/airflow/py_env/lib/python3.10/site-packages/airflow/example_dags/example_sensors.py took 0.088 seconds
[2023-09-23T09:10:24.154-0400] {processor.py:157} INFO - Started process (PID=13060) to work on /home/beau/airflow/py_env/lib/python3.10/site-packages/airflow/example_dags/example_sensors.py
[2023-09-23T09:10:24.158-0400] {processor.py:829} INFO - Processing file /home/beau/airflow/py_env/lib/python3.10/site-packages/airflow/example_dags/example_sensors.py for tasks to queue
[2023-09-23T09:10:24.160-0400] {logging_mixin.py:151} INFO - [2023-09-23T09:10:24.159-0400] {dagbag.py:539} INFO - Filling up the DagBag from /home/beau/airflow/py_env/lib/python3.10/site-packages/airflow/example_dags/example_sensors.py
[2023-09-23T09:10:24.177-0400] {processor.py:839} INFO - DAG(s) dict_keys(['example_sensors']) retrieved from /home/beau/airflow/py_env/lib/python3.10/site-packages/airflow/example_dags/example_sensors.py
[2023-09-23T09:10:24.196-0400] {logging_mixin.py:151} INFO - [2023-09-23T09:10:24.196-0400] {dag.py:2915} INFO - Sync 1 DAGs
[2023-09-23T09:10:24.205-0400] {logging_mixin.py:151} INFO - [2023-09-23T09:10:24.205-0400] {dag.py:3696} INFO - Setting next_dagrun for example_sensors to None, run_after=None
[2023-09-23T09:10:24.244-0400] {processor.py:179} INFO - Processing /home/beau/airflow/py_env/lib/python3.10/site-packages/airflow/example_dags/example_sensors.py took 0.098 seconds
[2023-09-23T09:10:57.024-0400] {processor.py:157} INFO - Started process (PID=13275) to work on /home/beau/airflow/py_env/lib/python3.10/site-packages/airflow/example_dags/example_sensors.py
[2023-09-23T09:10:57.026-0400] {processor.py:829} INFO - Processing file /home/beau/airflow/py_env/lib/python3.10/site-packages/airflow/example_dags/example_sensors.py for tasks to queue
[2023-09-23T09:10:57.027-0400] {logging_mixin.py:151} INFO - [2023-09-23T09:10:57.026-0400] {dagbag.py:539} INFO - Filling up the DagBag from /home/beau/airflow/py_env/lib/python3.10/site-packages/airflow/example_dags/example_sensors.py
[2023-09-23T09:10:57.037-0400] {processor.py:839} INFO - DAG(s) dict_keys(['example_sensors']) retrieved from /home/beau/airflow/py_env/lib/python3.10/site-packages/airflow/example_dags/example_sensors.py
[2023-09-23T09:10:57.057-0400] {logging_mixin.py:151} INFO - [2023-09-23T09:10:57.057-0400] {dag.py:2915} INFO - Sync 1 DAGs
[2023-09-23T09:10:57.067-0400] {logging_mixin.py:151} INFO - [2023-09-23T09:10:57.067-0400] {dag.py:3696} INFO - Setting next_dagrun for example_sensors to None, run_after=None
[2023-09-23T09:10:57.091-0400] {processor.py:179} INFO - Processing /home/beau/airflow/py_env/lib/python3.10/site-packages/airflow/example_dags/example_sensors.py took 0.071 seconds
[2023-09-23T09:11:30.479-0400] {processor.py:157} INFO - Started process (PID=13624) to work on /home/beau/airflow/py_env/lib/python3.10/site-packages/airflow/example_dags/example_sensors.py
[2023-09-23T09:11:30.484-0400] {processor.py:829} INFO - Processing file /home/beau/airflow/py_env/lib/python3.10/site-packages/airflow/example_dags/example_sensors.py for tasks to queue
[2023-09-23T09:11:30.486-0400] {logging_mixin.py:151} INFO - [2023-09-23T09:11:30.485-0400] {dagbag.py:539} INFO - Filling up the DagBag from /home/beau/airflow/py_env/lib/python3.10/site-packages/airflow/example_dags/example_sensors.py
[2023-09-23T09:11:30.504-0400] {processor.py:839} INFO - DAG(s) dict_keys(['example_sensors']) retrieved from /home/beau/airflow/py_env/lib/python3.10/site-packages/airflow/example_dags/example_sensors.py
[2023-09-23T09:11:30.520-0400] {logging_mixin.py:151} INFO - [2023-09-23T09:11:30.520-0400] {dag.py:2915} INFO - Sync 1 DAGs
[2023-09-23T09:11:30.528-0400] {logging_mixin.py:151} INFO - [2023-09-23T09:11:30.528-0400] {dag.py:3696} INFO - Setting next_dagrun for example_sensors to None, run_after=None
[2023-09-23T09:11:30.549-0400] {processor.py:179} INFO - Processing /home/beau/airflow/py_env/lib/python3.10/site-packages/airflow/example_dags/example_sensors.py took 0.076 seconds
[2023-09-23T09:12:02.637-0400] {processor.py:157} INFO - Started process (PID=13792) to work on /home/beau/airflow/py_env/lib/python3.10/site-packages/airflow/example_dags/example_sensors.py
[2023-09-23T09:12:02.641-0400] {processor.py:829} INFO - Processing file /home/beau/airflow/py_env/lib/python3.10/site-packages/airflow/example_dags/example_sensors.py for tasks to queue
[2023-09-23T09:12:02.643-0400] {logging_mixin.py:151} INFO - [2023-09-23T09:12:02.643-0400] {dagbag.py:539} INFO - Filling up the DagBag from /home/beau/airflow/py_env/lib/python3.10/site-packages/airflow/example_dags/example_sensors.py
[2023-09-23T09:12:02.659-0400] {processor.py:839} INFO - DAG(s) dict_keys(['example_sensors']) retrieved from /home/beau/airflow/py_env/lib/python3.10/site-packages/airflow/example_dags/example_sensors.py
[2023-09-23T09:12:02.681-0400] {logging_mixin.py:151} INFO - [2023-09-23T09:12:02.681-0400] {dag.py:2915} INFO - Sync 1 DAGs
[2023-09-23T09:12:02.693-0400] {logging_mixin.py:151} INFO - [2023-09-23T09:12:02.693-0400] {dag.py:3696} INFO - Setting next_dagrun for example_sensors to None, run_after=None
[2023-09-23T09:12:02.721-0400] {processor.py:179} INFO - Processing /home/beau/airflow/py_env/lib/python3.10/site-packages/airflow/example_dags/example_sensors.py took 0.090 seconds
[2023-09-23T09:12:35.425-0400] {processor.py:157} INFO - Started process (PID=14098) to work on /home/beau/airflow/py_env/lib/python3.10/site-packages/airflow/example_dags/example_sensors.py
[2023-09-23T09:12:35.429-0400] {processor.py:829} INFO - Processing file /home/beau/airflow/py_env/lib/python3.10/site-packages/airflow/example_dags/example_sensors.py for tasks to queue
[2023-09-23T09:12:35.431-0400] {logging_mixin.py:151} INFO - [2023-09-23T09:12:35.430-0400] {dagbag.py:539} INFO - Filling up the DagBag from /home/beau/airflow/py_env/lib/python3.10/site-packages/airflow/example_dags/example_sensors.py
[2023-09-23T09:12:35.448-0400] {processor.py:839} INFO - DAG(s) dict_keys(['example_sensors']) retrieved from /home/beau/airflow/py_env/lib/python3.10/site-packages/airflow/example_dags/example_sensors.py
[2023-09-23T09:12:35.467-0400] {logging_mixin.py:151} INFO - [2023-09-23T09:12:35.467-0400] {dag.py:2915} INFO - Sync 1 DAGs
[2023-09-23T09:12:35.478-0400] {logging_mixin.py:151} INFO - [2023-09-23T09:12:35.478-0400] {dag.py:3696} INFO - Setting next_dagrun for example_sensors to None, run_after=None
[2023-09-23T09:12:35.500-0400] {processor.py:179} INFO - Processing /home/beau/airflow/py_env/lib/python3.10/site-packages/airflow/example_dags/example_sensors.py took 0.085 seconds
[2023-09-23T09:13:08.905-0400] {processor.py:157} INFO - Started process (PID=14476) to work on /home/beau/airflow/py_env/lib/python3.10/site-packages/airflow/example_dags/example_sensors.py
[2023-09-23T09:13:08.907-0400] {processor.py:829} INFO - Processing file /home/beau/airflow/py_env/lib/python3.10/site-packages/airflow/example_dags/example_sensors.py for tasks to queue
[2023-09-23T09:13:08.908-0400] {logging_mixin.py:151} INFO - [2023-09-23T09:13:08.907-0400] {dagbag.py:539} INFO - Filling up the DagBag from /home/beau/airflow/py_env/lib/python3.10/site-packages/airflow/example_dags/example_sensors.py
[2023-09-23T09:13:08.917-0400] {processor.py:839} INFO - DAG(s) dict_keys(['example_sensors']) retrieved from /home/beau/airflow/py_env/lib/python3.10/site-packages/airflow/example_dags/example_sensors.py
[2023-09-23T09:13:08.937-0400] {logging_mixin.py:151} INFO - [2023-09-23T09:13:08.936-0400] {dag.py:2915} INFO - Sync 1 DAGs
[2023-09-23T09:13:08.947-0400] {logging_mixin.py:151} INFO - [2023-09-23T09:13:08.947-0400] {dag.py:3696} INFO - Setting next_dagrun for example_sensors to None, run_after=None
[2023-09-23T09:13:08.969-0400] {processor.py:179} INFO - Processing /home/beau/airflow/py_env/lib/python3.10/site-packages/airflow/example_dags/example_sensors.py took 0.066 seconds
[2023-09-23T09:13:42.392-0400] {processor.py:157} INFO - Started process (PID=14833) to work on /home/beau/airflow/py_env/lib/python3.10/site-packages/airflow/example_dags/example_sensors.py
[2023-09-23T09:13:42.394-0400] {processor.py:829} INFO - Processing file /home/beau/airflow/py_env/lib/python3.10/site-packages/airflow/example_dags/example_sensors.py for tasks to queue
[2023-09-23T09:13:42.395-0400] {logging_mixin.py:151} INFO - [2023-09-23T09:13:42.394-0400] {dagbag.py:539} INFO - Filling up the DagBag from /home/beau/airflow/py_env/lib/python3.10/site-packages/airflow/example_dags/example_sensors.py
[2023-09-23T09:13:42.407-0400] {processor.py:839} INFO - DAG(s) dict_keys(['example_sensors']) retrieved from /home/beau/airflow/py_env/lib/python3.10/site-packages/airflow/example_dags/example_sensors.py
[2023-09-23T09:13:42.426-0400] {logging_mixin.py:151} INFO - [2023-09-23T09:13:42.426-0400] {dag.py:2915} INFO - Sync 1 DAGs
[2023-09-23T09:13:42.437-0400] {logging_mixin.py:151} INFO - [2023-09-23T09:13:42.437-0400] {dag.py:3696} INFO - Setting next_dagrun for example_sensors to None, run_after=None
[2023-09-23T09:13:42.464-0400] {processor.py:179} INFO - Processing /home/beau/airflow/py_env/lib/python3.10/site-packages/airflow/example_dags/example_sensors.py took 0.076 seconds
[2023-09-23T09:14:13.781-0400] {processor.py:157} INFO - Started process (PID=15142) to work on /home/beau/airflow/py_env/lib/python3.10/site-packages/airflow/example_dags/example_sensors.py
[2023-09-23T09:14:13.782-0400] {processor.py:829} INFO - Processing file /home/beau/airflow/py_env/lib/python3.10/site-packages/airflow/example_dags/example_sensors.py for tasks to queue
[2023-09-23T09:14:13.784-0400] {logging_mixin.py:151} INFO - [2023-09-23T09:14:13.783-0400] {dagbag.py:539} INFO - Filling up the DagBag from /home/beau/airflow/py_env/lib/python3.10/site-packages/airflow/example_dags/example_sensors.py
[2023-09-23T09:14:13.796-0400] {processor.py:839} INFO - DAG(s) dict_keys(['example_sensors']) retrieved from /home/beau/airflow/py_env/lib/python3.10/site-packages/airflow/example_dags/example_sensors.py
[2023-09-23T09:14:13.816-0400] {logging_mixin.py:151} INFO - [2023-09-23T09:14:13.816-0400] {dag.py:2915} INFO - Sync 1 DAGs
[2023-09-23T09:14:13.825-0400] {logging_mixin.py:151} INFO - [2023-09-23T09:14:13.825-0400] {dag.py:3696} INFO - Setting next_dagrun for example_sensors to None, run_after=None
[2023-09-23T09:14:13.849-0400] {processor.py:179} INFO - Processing /home/beau/airflow/py_env/lib/python3.10/site-packages/airflow/example_dags/example_sensors.py took 0.074 seconds
[2023-09-23T09:14:45.169-0400] {processor.py:157} INFO - Started process (PID=15257) to work on /home/beau/airflow/py_env/lib/python3.10/site-packages/airflow/example_dags/example_sensors.py
[2023-09-23T09:14:45.173-0400] {processor.py:829} INFO - Processing file /home/beau/airflow/py_env/lib/python3.10/site-packages/airflow/example_dags/example_sensors.py for tasks to queue
[2023-09-23T09:14:45.175-0400] {logging_mixin.py:151} INFO - [2023-09-23T09:14:45.174-0400] {dagbag.py:539} INFO - Filling up the DagBag from /home/beau/airflow/py_env/lib/python3.10/site-packages/airflow/example_dags/example_sensors.py
[2023-09-23T09:14:45.190-0400] {processor.py:839} INFO - DAG(s) dict_keys(['example_sensors']) retrieved from /home/beau/airflow/py_env/lib/python3.10/site-packages/airflow/example_dags/example_sensors.py
[2023-09-23T09:14:45.205-0400] {logging_mixin.py:151} INFO - [2023-09-23T09:14:45.205-0400] {dag.py:2915} INFO - Sync 1 DAGs
[2023-09-23T09:14:45.214-0400] {logging_mixin.py:151} INFO - [2023-09-23T09:14:45.214-0400] {dag.py:3696} INFO - Setting next_dagrun for example_sensors to None, run_after=None
[2023-09-23T09:14:45.235-0400] {processor.py:179} INFO - Processing /home/beau/airflow/py_env/lib/python3.10/site-packages/airflow/example_dags/example_sensors.py took 0.072 seconds
[2023-09-23T09:15:20.851-0400] {processor.py:157} INFO - Started process (PID=15454) to work on /home/beau/airflow/py_env/lib/python3.10/site-packages/airflow/example_dags/example_sensors.py
[2023-09-23T09:15:20.853-0400] {processor.py:829} INFO - Processing file /home/beau/airflow/py_env/lib/python3.10/site-packages/airflow/example_dags/example_sensors.py for tasks to queue
[2023-09-23T09:15:20.854-0400] {logging_mixin.py:151} INFO - [2023-09-23T09:15:20.854-0400] {dagbag.py:539} INFO - Filling up the DagBag from /home/beau/airflow/py_env/lib/python3.10/site-packages/airflow/example_dags/example_sensors.py
[2023-09-23T09:15:20.865-0400] {processor.py:839} INFO - DAG(s) dict_keys(['example_sensors']) retrieved from /home/beau/airflow/py_env/lib/python3.10/site-packages/airflow/example_dags/example_sensors.py
[2023-09-23T09:15:20.889-0400] {logging_mixin.py:151} INFO - [2023-09-23T09:15:20.888-0400] {dag.py:2915} INFO - Sync 1 DAGs
[2023-09-23T09:15:20.902-0400] {logging_mixin.py:151} INFO - [2023-09-23T09:15:20.901-0400] {dag.py:3696} INFO - Setting next_dagrun for example_sensors to None, run_after=None
[2023-09-23T09:15:20.926-0400] {processor.py:179} INFO - Processing /home/beau/airflow/py_env/lib/python3.10/site-packages/airflow/example_dags/example_sensors.py took 0.079 seconds
[2023-09-23T09:17:13.415-0400] {processor.py:157} INFO - Started process (PID=16607) to work on /home/beau/airflow/py_env/lib/python3.10/site-packages/airflow/example_dags/example_sensors.py
[2023-09-23T09:17:13.420-0400] {processor.py:829} INFO - Processing file /home/beau/airflow/py_env/lib/python3.10/site-packages/airflow/example_dags/example_sensors.py for tasks to queue
[2023-09-23T09:17:13.421-0400] {logging_mixin.py:151} INFO - [2023-09-23T09:17:13.421-0400] {dagbag.py:539} INFO - Filling up the DagBag from /home/beau/airflow/py_env/lib/python3.10/site-packages/airflow/example_dags/example_sensors.py
[2023-09-23T09:17:13.435-0400] {processor.py:839} INFO - DAG(s) dict_keys(['example_sensors']) retrieved from /home/beau/airflow/py_env/lib/python3.10/site-packages/airflow/example_dags/example_sensors.py
[2023-09-23T09:17:13.443-0400] {logging_mixin.py:151} INFO - [2023-09-23T09:17:13.443-0400] {dag.py:2915} INFO - Sync 1 DAGs
[2023-09-23T09:17:13.456-0400] {logging_mixin.py:151} INFO - [2023-09-23T09:17:13.455-0400] {dag.py:3696} INFO - Setting next_dagrun for example_sensors to None, run_after=None
[2023-09-23T09:17:13.479-0400] {processor.py:179} INFO - Processing /home/beau/airflow/py_env/lib/python3.10/site-packages/airflow/example_dags/example_sensors.py took 0.069 seconds
[2023-09-23T09:18:00.552-0400] {processor.py:157} INFO - Started process (PID=16953) to work on /home/beau/airflow/py_env/lib/python3.10/site-packages/airflow/example_dags/example_sensors.py
[2023-09-23T09:18:00.556-0400] {processor.py:829} INFO - Processing file /home/beau/airflow/py_env/lib/python3.10/site-packages/airflow/example_dags/example_sensors.py for tasks to queue
[2023-09-23T09:18:00.559-0400] {logging_mixin.py:151} INFO - [2023-09-23T09:18:00.558-0400] {dagbag.py:539} INFO - Filling up the DagBag from /home/beau/airflow/py_env/lib/python3.10/site-packages/airflow/example_dags/example_sensors.py
[2023-09-23T09:18:00.571-0400] {processor.py:839} INFO - DAG(s) dict_keys(['example_sensors']) retrieved from /home/beau/airflow/py_env/lib/python3.10/site-packages/airflow/example_dags/example_sensors.py
[2023-09-23T09:18:00.599-0400] {logging_mixin.py:151} INFO - [2023-09-23T09:18:00.599-0400] {dag.py:2915} INFO - Sync 1 DAGs
[2023-09-23T09:18:00.614-0400] {logging_mixin.py:151} INFO - [2023-09-23T09:18:00.614-0400] {dag.py:3696} INFO - Setting next_dagrun for example_sensors to None, run_after=None
[2023-09-23T09:18:00.649-0400] {processor.py:179} INFO - Processing /home/beau/airflow/py_env/lib/python3.10/site-packages/airflow/example_dags/example_sensors.py took 0.104 seconds
[2023-09-23T09:18:35.841-0400] {processor.py:157} INFO - Started process (PID=17180) to work on /home/beau/airflow/py_env/lib/python3.10/site-packages/airflow/example_dags/example_sensors.py
[2023-09-23T09:18:35.847-0400] {processor.py:829} INFO - Processing file /home/beau/airflow/py_env/lib/python3.10/site-packages/airflow/example_dags/example_sensors.py for tasks to queue
[2023-09-23T09:18:35.850-0400] {logging_mixin.py:151} INFO - [2023-09-23T09:18:35.849-0400] {dagbag.py:539} INFO - Filling up the DagBag from /home/beau/airflow/py_env/lib/python3.10/site-packages/airflow/example_dags/example_sensors.py
[2023-09-23T09:18:35.871-0400] {processor.py:839} INFO - DAG(s) dict_keys(['example_sensors']) retrieved from /home/beau/airflow/py_env/lib/python3.10/site-packages/airflow/example_dags/example_sensors.py
[2023-09-23T09:18:35.896-0400] {logging_mixin.py:151} INFO - [2023-09-23T09:18:35.896-0400] {dag.py:2915} INFO - Sync 1 DAGs
[2023-09-23T09:18:35.907-0400] {logging_mixin.py:151} INFO - [2023-09-23T09:18:35.906-0400] {dag.py:3696} INFO - Setting next_dagrun for example_sensors to None, run_after=None
[2023-09-23T09:18:35.934-0400] {processor.py:179} INFO - Processing /home/beau/airflow/py_env/lib/python3.10/site-packages/airflow/example_dags/example_sensors.py took 0.102 seconds
[2023-09-23T09:19:09.837-0400] {processor.py:157} INFO - Started process (PID=17316) to work on /home/beau/airflow/py_env/lib/python3.10/site-packages/airflow/example_dags/example_sensors.py
[2023-09-23T09:19:09.838-0400] {processor.py:829} INFO - Processing file /home/beau/airflow/py_env/lib/python3.10/site-packages/airflow/example_dags/example_sensors.py for tasks to queue
[2023-09-23T09:19:09.840-0400] {logging_mixin.py:151} INFO - [2023-09-23T09:19:09.839-0400] {dagbag.py:539} INFO - Filling up the DagBag from /home/beau/airflow/py_env/lib/python3.10/site-packages/airflow/example_dags/example_sensors.py
[2023-09-23T09:19:09.852-0400] {processor.py:839} INFO - DAG(s) dict_keys(['example_sensors']) retrieved from /home/beau/airflow/py_env/lib/python3.10/site-packages/airflow/example_dags/example_sensors.py
[2023-09-23T09:19:09.871-0400] {logging_mixin.py:151} INFO - [2023-09-23T09:19:09.871-0400] {dag.py:2915} INFO - Sync 1 DAGs
[2023-09-23T09:19:09.880-0400] {logging_mixin.py:151} INFO - [2023-09-23T09:19:09.879-0400] {dag.py:3696} INFO - Setting next_dagrun for example_sensors to None, run_after=None
[2023-09-23T09:19:09.902-0400] {processor.py:179} INFO - Processing /home/beau/airflow/py_env/lib/python3.10/site-packages/airflow/example_dags/example_sensors.py took 0.070 seconds
[2023-09-23T09:19:45.931-0400] {processor.py:157} INFO - Started process (PID=17535) to work on /home/beau/airflow/py_env/lib/python3.10/site-packages/airflow/example_dags/example_sensors.py
[2023-09-23T09:19:45.936-0400] {processor.py:829} INFO - Processing file /home/beau/airflow/py_env/lib/python3.10/site-packages/airflow/example_dags/example_sensors.py for tasks to queue
[2023-09-23T09:19:45.938-0400] {logging_mixin.py:151} INFO - [2023-09-23T09:19:45.937-0400] {dagbag.py:539} INFO - Filling up the DagBag from /home/beau/airflow/py_env/lib/python3.10/site-packages/airflow/example_dags/example_sensors.py
[2023-09-23T09:19:45.953-0400] {processor.py:839} INFO - DAG(s) dict_keys(['example_sensors']) retrieved from /home/beau/airflow/py_env/lib/python3.10/site-packages/airflow/example_dags/example_sensors.py
[2023-09-23T09:19:45.995-0400] {logging_mixin.py:151} INFO - [2023-09-23T09:19:45.995-0400] {dag.py:2915} INFO - Sync 1 DAGs
[2023-09-23T09:19:46.008-0400] {logging_mixin.py:151} INFO - [2023-09-23T09:19:46.007-0400] {dag.py:3696} INFO - Setting next_dagrun for example_sensors to None, run_after=None
[2023-09-23T09:19:46.036-0400] {processor.py:179} INFO - Processing /home/beau/airflow/py_env/lib/python3.10/site-packages/airflow/example_dags/example_sensors.py took 0.109 seconds
[2023-09-23T09:20:25.367-0400] {processor.py:157} INFO - Started process (PID=17770) to work on /home/beau/airflow/py_env/lib/python3.10/site-packages/airflow/example_dags/example_sensors.py
[2023-09-23T09:20:25.372-0400] {processor.py:829} INFO - Processing file /home/beau/airflow/py_env/lib/python3.10/site-packages/airflow/example_dags/example_sensors.py for tasks to queue
[2023-09-23T09:20:25.373-0400] {logging_mixin.py:151} INFO - [2023-09-23T09:20:25.373-0400] {dagbag.py:539} INFO - Filling up the DagBag from /home/beau/airflow/py_env/lib/python3.10/site-packages/airflow/example_dags/example_sensors.py
[2023-09-23T09:20:25.386-0400] {processor.py:839} INFO - DAG(s) dict_keys(['example_sensors']) retrieved from /home/beau/airflow/py_env/lib/python3.10/site-packages/airflow/example_dags/example_sensors.py
[2023-09-23T09:20:25.404-0400] {logging_mixin.py:151} INFO - [2023-09-23T09:20:25.404-0400] {dag.py:2915} INFO - Sync 1 DAGs
[2023-09-23T09:20:25.415-0400] {logging_mixin.py:151} INFO - [2023-09-23T09:20:25.415-0400] {dag.py:3696} INFO - Setting next_dagrun for example_sensors to None, run_after=None
[2023-09-23T09:20:25.442-0400] {processor.py:179} INFO - Processing /home/beau/airflow/py_env/lib/python3.10/site-packages/airflow/example_dags/example_sensors.py took 0.081 seconds
[2023-09-23T09:21:05.965-0400] {processor.py:157} INFO - Started process (PID=17924) to work on /home/beau/airflow/py_env/lib/python3.10/site-packages/airflow/example_dags/example_sensors.py
[2023-09-23T09:21:05.969-0400] {processor.py:829} INFO - Processing file /home/beau/airflow/py_env/lib/python3.10/site-packages/airflow/example_dags/example_sensors.py for tasks to queue
[2023-09-23T09:21:05.971-0400] {logging_mixin.py:151} INFO - [2023-09-23T09:21:05.970-0400] {dagbag.py:539} INFO - Filling up the DagBag from /home/beau/airflow/py_env/lib/python3.10/site-packages/airflow/example_dags/example_sensors.py
[2023-09-23T09:21:05.983-0400] {processor.py:839} INFO - DAG(s) dict_keys(['example_sensors']) retrieved from /home/beau/airflow/py_env/lib/python3.10/site-packages/airflow/example_dags/example_sensors.py
[2023-09-23T09:21:06.005-0400] {logging_mixin.py:151} INFO - [2023-09-23T09:21:06.004-0400] {dag.py:2915} INFO - Sync 1 DAGs
[2023-09-23T09:21:06.018-0400] {logging_mixin.py:151} INFO - [2023-09-23T09:21:06.017-0400] {dag.py:3696} INFO - Setting next_dagrun for example_sensors to None, run_after=None
[2023-09-23T09:21:06.045-0400] {processor.py:179} INFO - Processing /home/beau/airflow/py_env/lib/python3.10/site-packages/airflow/example_dags/example_sensors.py took 0.086 seconds
[2023-09-23T09:23:31.482-0400] {processor.py:157} INFO - Started process (PID=19049) to work on /home/beau/airflow/py_env/lib/python3.10/site-packages/airflow/example_dags/example_sensors.py
[2023-09-23T09:23:31.486-0400] {processor.py:829} INFO - Processing file /home/beau/airflow/py_env/lib/python3.10/site-packages/airflow/example_dags/example_sensors.py for tasks to queue
[2023-09-23T09:23:31.487-0400] {logging_mixin.py:151} INFO - [2023-09-23T09:23:31.486-0400] {dagbag.py:539} INFO - Filling up the DagBag from /home/beau/airflow/py_env/lib/python3.10/site-packages/airflow/example_dags/example_sensors.py
[2023-09-23T09:23:31.504-0400] {processor.py:839} INFO - DAG(s) dict_keys(['example_sensors']) retrieved from /home/beau/airflow/py_env/lib/python3.10/site-packages/airflow/example_dags/example_sensors.py
[2023-09-23T09:23:31.512-0400] {logging_mixin.py:151} INFO - [2023-09-23T09:23:31.512-0400] {dag.py:2915} INFO - Sync 1 DAGs
[2023-09-23T09:23:31.523-0400] {logging_mixin.py:151} INFO - [2023-09-23T09:23:31.523-0400] {dag.py:3696} INFO - Setting next_dagrun for example_sensors to None, run_after=None
[2023-09-23T09:23:31.546-0400] {processor.py:179} INFO - Processing /home/beau/airflow/py_env/lib/python3.10/site-packages/airflow/example_dags/example_sensors.py took 0.068 seconds
[2023-09-23T09:24:18.965-0400] {processor.py:157} INFO - Started process (PID=19443) to work on /home/beau/airflow/py_env/lib/python3.10/site-packages/airflow/example_dags/example_sensors.py
[2023-09-23T09:24:18.967-0400] {processor.py:829} INFO - Processing file /home/beau/airflow/py_env/lib/python3.10/site-packages/airflow/example_dags/example_sensors.py for tasks to queue
[2023-09-23T09:24:18.968-0400] {logging_mixin.py:151} INFO - [2023-09-23T09:24:18.967-0400] {dagbag.py:539} INFO - Filling up the DagBag from /home/beau/airflow/py_env/lib/python3.10/site-packages/airflow/example_dags/example_sensors.py
[2023-09-23T09:24:18.979-0400] {processor.py:839} INFO - DAG(s) dict_keys(['example_sensors']) retrieved from /home/beau/airflow/py_env/lib/python3.10/site-packages/airflow/example_dags/example_sensors.py
[2023-09-23T09:24:19.000-0400] {logging_mixin.py:151} INFO - [2023-09-23T09:24:19.000-0400] {dag.py:2915} INFO - Sync 1 DAGs
[2023-09-23T09:24:19.011-0400] {logging_mixin.py:151} INFO - [2023-09-23T09:24:19.011-0400] {dag.py:3696} INFO - Setting next_dagrun for example_sensors to None, run_after=None
[2023-09-23T09:24:19.038-0400] {processor.py:179} INFO - Processing /home/beau/airflow/py_env/lib/python3.10/site-packages/airflow/example_dags/example_sensors.py took 0.075 seconds
[2023-09-23T09:24:53.882-0400] {processor.py:157} INFO - Started process (PID=19687) to work on /home/beau/airflow/py_env/lib/python3.10/site-packages/airflow/example_dags/example_sensors.py
[2023-09-23T09:24:53.885-0400] {processor.py:829} INFO - Processing file /home/beau/airflow/py_env/lib/python3.10/site-packages/airflow/example_dags/example_sensors.py for tasks to queue
[2023-09-23T09:24:53.886-0400] {logging_mixin.py:151} INFO - [2023-09-23T09:24:53.886-0400] {dagbag.py:539} INFO - Filling up the DagBag from /home/beau/airflow/py_env/lib/python3.10/site-packages/airflow/example_dags/example_sensors.py
[2023-09-23T09:24:53.895-0400] {processor.py:839} INFO - DAG(s) dict_keys(['example_sensors']) retrieved from /home/beau/airflow/py_env/lib/python3.10/site-packages/airflow/example_dags/example_sensors.py
[2023-09-23T09:24:53.919-0400] {logging_mixin.py:151} INFO - [2023-09-23T09:24:53.918-0400] {dag.py:2915} INFO - Sync 1 DAGs
[2023-09-23T09:24:53.931-0400] {logging_mixin.py:151} INFO - [2023-09-23T09:24:53.931-0400] {dag.py:3696} INFO - Setting next_dagrun for example_sensors to None, run_after=None
[2023-09-23T09:24:53.959-0400] {processor.py:179} INFO - Processing /home/beau/airflow/py_env/lib/python3.10/site-packages/airflow/example_dags/example_sensors.py took 0.081 seconds
[2023-09-23T09:25:29.052-0400] {processor.py:157} INFO - Started process (PID=19824) to work on /home/beau/airflow/py_env/lib/python3.10/site-packages/airflow/example_dags/example_sensors.py
[2023-09-23T09:25:29.054-0400] {processor.py:829} INFO - Processing file /home/beau/airflow/py_env/lib/python3.10/site-packages/airflow/example_dags/example_sensors.py for tasks to queue
[2023-09-23T09:25:29.055-0400] {logging_mixin.py:151} INFO - [2023-09-23T09:25:29.055-0400] {dagbag.py:539} INFO - Filling up the DagBag from /home/beau/airflow/py_env/lib/python3.10/site-packages/airflow/example_dags/example_sensors.py
[2023-09-23T09:25:29.069-0400] {processor.py:839} INFO - DAG(s) dict_keys(['example_sensors']) retrieved from /home/beau/airflow/py_env/lib/python3.10/site-packages/airflow/example_dags/example_sensors.py
[2023-09-23T09:25:29.089-0400] {logging_mixin.py:151} INFO - [2023-09-23T09:25:29.089-0400] {dag.py:2915} INFO - Sync 1 DAGs
[2023-09-23T09:25:29.097-0400] {logging_mixin.py:151} INFO - [2023-09-23T09:25:29.097-0400] {dag.py:3696} INFO - Setting next_dagrun for example_sensors to None, run_after=None
[2023-09-23T09:25:29.123-0400] {processor.py:179} INFO - Processing /home/beau/airflow/py_env/lib/python3.10/site-packages/airflow/example_dags/example_sensors.py took 0.075 seconds
[2023-09-23T09:26:03.251-0400] {processor.py:157} INFO - Started process (PID=20057) to work on /home/beau/airflow/py_env/lib/python3.10/site-packages/airflow/example_dags/example_sensors.py
[2023-09-23T09:26:03.256-0400] {processor.py:829} INFO - Processing file /home/beau/airflow/py_env/lib/python3.10/site-packages/airflow/example_dags/example_sensors.py for tasks to queue
[2023-09-23T09:26:03.258-0400] {logging_mixin.py:151} INFO - [2023-09-23T09:26:03.257-0400] {dagbag.py:539} INFO - Filling up the DagBag from /home/beau/airflow/py_env/lib/python3.10/site-packages/airflow/example_dags/example_sensors.py
[2023-09-23T09:26:03.276-0400] {processor.py:839} INFO - DAG(s) dict_keys(['example_sensors']) retrieved from /home/beau/airflow/py_env/lib/python3.10/site-packages/airflow/example_dags/example_sensors.py
[2023-09-23T09:26:03.295-0400] {logging_mixin.py:151} INFO - [2023-09-23T09:26:03.295-0400] {dag.py:2915} INFO - Sync 1 DAGs
[2023-09-23T09:26:03.305-0400] {logging_mixin.py:151} INFO - [2023-09-23T09:26:03.304-0400] {dag.py:3696} INFO - Setting next_dagrun for example_sensors to None, run_after=None
[2023-09-23T09:26:03.335-0400] {processor.py:179} INFO - Processing /home/beau/airflow/py_env/lib/python3.10/site-packages/airflow/example_dags/example_sensors.py took 0.089 seconds
[2023-09-23T09:30:36.519-0400] {processor.py:157} INFO - Started process (PID=22176) to work on /home/beau/airflow/py_env/lib/python3.10/site-packages/airflow/example_dags/example_sensors.py
[2023-09-23T09:30:36.523-0400] {processor.py:829} INFO - Processing file /home/beau/airflow/py_env/lib/python3.10/site-packages/airflow/example_dags/example_sensors.py for tasks to queue
[2023-09-23T09:30:36.524-0400] {logging_mixin.py:151} INFO - [2023-09-23T09:30:36.524-0400] {dagbag.py:539} INFO - Filling up the DagBag from /home/beau/airflow/py_env/lib/python3.10/site-packages/airflow/example_dags/example_sensors.py
[2023-09-23T09:30:36.543-0400] {processor.py:839} INFO - DAG(s) dict_keys(['example_sensors']) retrieved from /home/beau/airflow/py_env/lib/python3.10/site-packages/airflow/example_dags/example_sensors.py
[2023-09-23T09:30:36.551-0400] {logging_mixin.py:151} INFO - [2023-09-23T09:30:36.551-0400] {dag.py:2915} INFO - Sync 1 DAGs
[2023-09-23T09:30:36.564-0400] {logging_mixin.py:151} INFO - [2023-09-23T09:30:36.564-0400] {dag.py:3696} INFO - Setting next_dagrun for example_sensors to None, run_after=None
[2023-09-23T09:30:36.589-0400] {processor.py:179} INFO - Processing /home/beau/airflow/py_env/lib/python3.10/site-packages/airflow/example_dags/example_sensors.py took 0.074 seconds
[2023-09-23T09:36:39.844-0400] {processor.py:157} INFO - Started process (PID=805) to work on /home/beau/airflow/py_env/lib/python3.10/site-packages/airflow/example_dags/example_sensors.py
[2023-09-23T09:36:39.845-0400] {processor.py:829} INFO - Processing file /home/beau/airflow/py_env/lib/python3.10/site-packages/airflow/example_dags/example_sensors.py for tasks to queue
[2023-09-23T09:36:39.846-0400] {logging_mixin.py:151} INFO - [2023-09-23T09:36:39.845-0400] {dagbag.py:539} INFO - Filling up the DagBag from /home/beau/airflow/py_env/lib/python3.10/site-packages/airflow/example_dags/example_sensors.py
[2023-09-23T09:36:39.858-0400] {processor.py:839} INFO - DAG(s) dict_keys(['example_sensors']) retrieved from /home/beau/airflow/py_env/lib/python3.10/site-packages/airflow/example_dags/example_sensors.py
[2023-09-23T09:36:39.866-0400] {logging_mixin.py:151} INFO - [2023-09-23T09:36:39.865-0400] {dag.py:2915} INFO - Sync 1 DAGs
[2023-09-23T09:36:39.877-0400] {logging_mixin.py:151} INFO - [2023-09-23T09:36:39.877-0400] {dag.py:3696} INFO - Setting next_dagrun for example_sensors to None, run_after=None
[2023-09-23T09:36:39.900-0400] {processor.py:179} INFO - Processing /home/beau/airflow/py_env/lib/python3.10/site-packages/airflow/example_dags/example_sensors.py took 0.059 seconds
[2023-09-23T09:37:24.958-0400] {processor.py:157} INFO - Started process (PID=1417) to work on /home/beau/airflow/py_env/lib/python3.10/site-packages/airflow/example_dags/example_sensors.py
[2023-09-23T09:37:24.959-0400] {processor.py:829} INFO - Processing file /home/beau/airflow/py_env/lib/python3.10/site-packages/airflow/example_dags/example_sensors.py for tasks to queue
[2023-09-23T09:37:24.960-0400] {logging_mixin.py:151} INFO - [2023-09-23T09:37:24.960-0400] {dagbag.py:539} INFO - Filling up the DagBag from /home/beau/airflow/py_env/lib/python3.10/site-packages/airflow/example_dags/example_sensors.py
[2023-09-23T09:37:24.970-0400] {processor.py:839} INFO - DAG(s) dict_keys(['example_sensors']) retrieved from /home/beau/airflow/py_env/lib/python3.10/site-packages/airflow/example_dags/example_sensors.py
[2023-09-23T09:37:24.987-0400] {logging_mixin.py:151} INFO - [2023-09-23T09:37:24.987-0400] {dag.py:2915} INFO - Sync 1 DAGs
[2023-09-23T09:37:24.998-0400] {logging_mixin.py:151} INFO - [2023-09-23T09:37:24.998-0400] {dag.py:3696} INFO - Setting next_dagrun for example_sensors to None, run_after=None
[2023-09-23T09:37:25.025-0400] {processor.py:179} INFO - Processing /home/beau/airflow/py_env/lib/python3.10/site-packages/airflow/example_dags/example_sensors.py took 0.071 seconds
[2023-09-23T09:37:58.404-0400] {processor.py:157} INFO - Started process (PID=1976) to work on /home/beau/airflow/py_env/lib/python3.10/site-packages/airflow/example_dags/example_sensors.py
[2023-09-23T09:37:58.408-0400] {processor.py:829} INFO - Processing file /home/beau/airflow/py_env/lib/python3.10/site-packages/airflow/example_dags/example_sensors.py for tasks to queue
[2023-09-23T09:37:58.409-0400] {logging_mixin.py:151} INFO - [2023-09-23T09:37:58.409-0400] {dagbag.py:539} INFO - Filling up the DagBag from /home/beau/airflow/py_env/lib/python3.10/site-packages/airflow/example_dags/example_sensors.py
[2023-09-23T09:37:58.416-0400] {processor.py:839} INFO - DAG(s) dict_keys(['example_sensors']) retrieved from /home/beau/airflow/py_env/lib/python3.10/site-packages/airflow/example_dags/example_sensors.py
[2023-09-23T09:37:58.431-0400] {logging_mixin.py:151} INFO - [2023-09-23T09:37:58.431-0400] {dag.py:2915} INFO - Sync 1 DAGs
[2023-09-23T09:37:58.440-0400] {logging_mixin.py:151} INFO - [2023-09-23T09:37:58.439-0400] {dag.py:3696} INFO - Setting next_dagrun for example_sensors to None, run_after=None
[2023-09-23T09:37:58.461-0400] {processor.py:179} INFO - Processing /home/beau/airflow/py_env/lib/python3.10/site-packages/airflow/example_dags/example_sensors.py took 0.059 seconds
[2023-09-23T09:38:30.936-0400] {processor.py:157} INFO - Started process (PID=2223) to work on /home/beau/airflow/py_env/lib/python3.10/site-packages/airflow/example_dags/example_sensors.py
[2023-09-23T09:38:30.938-0400] {processor.py:829} INFO - Processing file /home/beau/airflow/py_env/lib/python3.10/site-packages/airflow/example_dags/example_sensors.py for tasks to queue
[2023-09-23T09:38:30.939-0400] {logging_mixin.py:151} INFO - [2023-09-23T09:38:30.938-0400] {dagbag.py:539} INFO - Filling up the DagBag from /home/beau/airflow/py_env/lib/python3.10/site-packages/airflow/example_dags/example_sensors.py
[2023-09-23T09:38:30.949-0400] {processor.py:839} INFO - DAG(s) dict_keys(['example_sensors']) retrieved from /home/beau/airflow/py_env/lib/python3.10/site-packages/airflow/example_dags/example_sensors.py
[2023-09-23T09:38:30.967-0400] {logging_mixin.py:151} INFO - [2023-09-23T09:38:30.967-0400] {dag.py:2915} INFO - Sync 1 DAGs
[2023-09-23T09:38:30.978-0400] {logging_mixin.py:151} INFO - [2023-09-23T09:38:30.978-0400] {dag.py:3696} INFO - Setting next_dagrun for example_sensors to None, run_after=None
[2023-09-23T09:38:31.004-0400] {processor.py:179} INFO - Processing /home/beau/airflow/py_env/lib/python3.10/site-packages/airflow/example_dags/example_sensors.py took 0.071 seconds
[2023-09-23T09:39:17.398-0400] {processor.py:157} INFO - Started process (PID=2647) to work on /home/beau/airflow/py_env/lib/python3.10/site-packages/airflow/example_dags/example_sensors.py
[2023-09-23T09:39:17.400-0400] {processor.py:829} INFO - Processing file /home/beau/airflow/py_env/lib/python3.10/site-packages/airflow/example_dags/example_sensors.py for tasks to queue
[2023-09-23T09:39:17.400-0400] {logging_mixin.py:151} INFO - [2023-09-23T09:39:17.400-0400] {dagbag.py:539} INFO - Filling up the DagBag from /home/beau/airflow/py_env/lib/python3.10/site-packages/airflow/example_dags/example_sensors.py
[2023-09-23T09:39:17.408-0400] {processor.py:839} INFO - DAG(s) dict_keys(['example_sensors']) retrieved from /home/beau/airflow/py_env/lib/python3.10/site-packages/airflow/example_dags/example_sensors.py
[2023-09-23T09:39:17.424-0400] {logging_mixin.py:151} INFO - [2023-09-23T09:39:17.424-0400] {dag.py:2915} INFO - Sync 1 DAGs
[2023-09-23T09:39:17.434-0400] {logging_mixin.py:151} INFO - [2023-09-23T09:39:17.434-0400] {dag.py:3696} INFO - Setting next_dagrun for example_sensors to None, run_after=None
[2023-09-23T09:39:17.457-0400] {processor.py:179} INFO - Processing /home/beau/airflow/py_env/lib/python3.10/site-packages/airflow/example_dags/example_sensors.py took 0.062 seconds
[2023-09-23T09:39:51.685-0400] {processor.py:157} INFO - Started process (PID=3218) to work on /home/beau/airflow/py_env/lib/python3.10/site-packages/airflow/example_dags/example_sensors.py
[2023-09-23T09:39:51.689-0400] {processor.py:829} INFO - Processing file /home/beau/airflow/py_env/lib/python3.10/site-packages/airflow/example_dags/example_sensors.py for tasks to queue
[2023-09-23T09:39:51.690-0400] {logging_mixin.py:151} INFO - [2023-09-23T09:39:51.689-0400] {dagbag.py:539} INFO - Filling up the DagBag from /home/beau/airflow/py_env/lib/python3.10/site-packages/airflow/example_dags/example_sensors.py
[2023-09-23T09:39:51.697-0400] {processor.py:839} INFO - DAG(s) dict_keys(['example_sensors']) retrieved from /home/beau/airflow/py_env/lib/python3.10/site-packages/airflow/example_dags/example_sensors.py
[2023-09-23T09:39:51.727-0400] {logging_mixin.py:151} INFO - [2023-09-23T09:39:51.727-0400] {dag.py:2915} INFO - Sync 1 DAGs
[2023-09-23T09:39:51.737-0400] {logging_mixin.py:151} INFO - [2023-09-23T09:39:51.737-0400] {dag.py:3696} INFO - Setting next_dagrun for example_sensors to None, run_after=None
[2023-09-23T09:39:51.761-0400] {processor.py:179} INFO - Processing /home/beau/airflow/py_env/lib/python3.10/site-packages/airflow/example_dags/example_sensors.py took 0.078 seconds
[2023-09-23T09:40:28.314-0400] {processor.py:157} INFO - Started process (PID=3602) to work on /home/beau/airflow/py_env/lib/python3.10/site-packages/airflow/example_dags/example_sensors.py
[2023-09-23T09:40:28.319-0400] {processor.py:829} INFO - Processing file /home/beau/airflow/py_env/lib/python3.10/site-packages/airflow/example_dags/example_sensors.py for tasks to queue
[2023-09-23T09:40:28.320-0400] {logging_mixin.py:151} INFO - [2023-09-23T09:40:28.319-0400] {dagbag.py:539} INFO - Filling up the DagBag from /home/beau/airflow/py_env/lib/python3.10/site-packages/airflow/example_dags/example_sensors.py
[2023-09-23T09:40:28.328-0400] {processor.py:839} INFO - DAG(s) dict_keys(['example_sensors']) retrieved from /home/beau/airflow/py_env/lib/python3.10/site-packages/airflow/example_dags/example_sensors.py
[2023-09-23T09:40:28.342-0400] {logging_mixin.py:151} INFO - [2023-09-23T09:40:28.342-0400] {dag.py:2915} INFO - Sync 1 DAGs
[2023-09-23T09:40:28.351-0400] {logging_mixin.py:151} INFO - [2023-09-23T09:40:28.350-0400] {dag.py:3696} INFO - Setting next_dagrun for example_sensors to None, run_after=None
[2023-09-23T09:40:28.372-0400] {processor.py:179} INFO - Processing /home/beau/airflow/py_env/lib/python3.10/site-packages/airflow/example_dags/example_sensors.py took 0.063 seconds
