[2023-09-23T09:06:42.189-0400] {processor.py:157} INFO - Started process (PID=11464) to work on /home/beau/airflow/py_env/lib/python3.10/site-packages/airflow/example_dags/example_branch_datetime_operator.py
[2023-09-23T09:06:42.190-0400] {processor.py:829} INFO - Processing file /home/beau/airflow/py_env/lib/python3.10/site-packages/airflow/example_dags/example_branch_datetime_operator.py for tasks to queue
[2023-09-23T09:06:42.192-0400] {logging_mixin.py:151} INFO - [2023-09-23T09:06:42.191-0400] {dagbag.py:539} INFO - Filling up the DagBag from /home/beau/airflow/py_env/lib/python3.10/site-packages/airflow/example_dags/example_branch_datetime_operator.py
[2023-09-23T09:06:42.207-0400] {processor.py:839} INFO - DAG(s) dict_keys(['example_branch_datetime_operator', 'example_branch_datetime_operator_2', 'example_branch_datetime_operator_3']) retrieved from /home/beau/airflow/py_env/lib/python3.10/site-packages/airflow/example_dags/example_branch_datetime_operator.py
[2023-09-23T09:06:42.304-0400] {logging_mixin.py:151} INFO - [2023-09-23T09:06:42.303-0400] {manager.py:499} INFO - Created Permission View: %s
[2023-09-23T09:06:42.319-0400] {logging_mixin.py:151} INFO - [2023-09-23T09:06:42.318-0400] {manager.py:499} INFO - Created Permission View: %s
[2023-09-23T09:06:42.333-0400] {logging_mixin.py:151} INFO - [2023-09-23T09:06:42.333-0400] {manager.py:499} INFO - Created Permission View: %s
[2023-09-23T09:06:42.334-0400] {logging_mixin.py:151} INFO - [2023-09-23T09:06:42.334-0400] {security.py:708} INFO - Not syncing DAG-level permissions for DAG 'DAG:example_branch_datetime_operator' as access control is unset.
[2023-09-23T09:06:42.371-0400] {logging_mixin.py:151} INFO - [2023-09-23T09:06:42.371-0400] {manager.py:499} INFO - Created Permission View: %s
[2023-09-23T09:06:42.384-0400] {logging_mixin.py:151} INFO - [2023-09-23T09:06:42.383-0400] {manager.py:499} INFO - Created Permission View: %s
[2023-09-23T09:06:42.407-0400] {logging_mixin.py:151} INFO - [2023-09-23T09:06:42.407-0400] {manager.py:499} INFO - Created Permission View: %s
[2023-09-23T09:06:42.408-0400] {logging_mixin.py:151} INFO - [2023-09-23T09:06:42.408-0400] {security.py:708} INFO - Not syncing DAG-level permissions for DAG 'DAG:example_branch_datetime_operator_2' as access control is unset.
[2023-09-23T09:06:42.470-0400] {logging_mixin.py:151} INFO - [2023-09-23T09:06:42.470-0400] {manager.py:499} INFO - Created Permission View: %s
[2023-09-23T09:06:42.488-0400] {logging_mixin.py:151} INFO - [2023-09-23T09:06:42.487-0400] {manager.py:499} INFO - Created Permission View: %s
[2023-09-23T09:06:42.505-0400] {logging_mixin.py:151} INFO - [2023-09-23T09:06:42.505-0400] {manager.py:499} INFO - Created Permission View: %s
[2023-09-23T09:06:42.506-0400] {logging_mixin.py:151} INFO - [2023-09-23T09:06:42.506-0400] {security.py:708} INFO - Not syncing DAG-level permissions for DAG 'DAG:example_branch_datetime_operator_3' as access control is unset.
[2023-09-23T09:06:42.506-0400] {logging_mixin.py:151} INFO - [2023-09-23T09:06:42.506-0400] {dag.py:2915} INFO - Sync 3 DAGs
[2023-09-23T09:06:42.521-0400] {logging_mixin.py:151} INFO - [2023-09-23T09:06:42.521-0400] {dag.py:2937} INFO - Creating ORM DAG for example_branch_datetime_operator_2
[2023-09-23T09:06:42.522-0400] {logging_mixin.py:151} INFO - [2023-09-23T09:06:42.522-0400] {dag.py:2937} INFO - Creating ORM DAG for example_branch_datetime_operator
[2023-09-23T09:06:42.523-0400] {logging_mixin.py:151} INFO - [2023-09-23T09:06:42.523-0400] {dag.py:2937} INFO - Creating ORM DAG for example_branch_datetime_operator_3
[2023-09-23T09:06:42.537-0400] {logging_mixin.py:151} INFO - [2023-09-23T09:06:42.537-0400] {dag.py:3696} INFO - Setting next_dagrun for example_branch_datetime_operator to 2023-09-22T00:00:00+00:00, run_after=2023-09-23T00:00:00+00:00
[2023-09-23T09:06:42.540-0400] {logging_mixin.py:151} INFO - [2023-09-23T09:06:42.540-0400] {dag.py:3696} INFO - Setting next_dagrun for example_branch_datetime_operator_2 to 2023-09-22T00:00:00+00:00, run_after=2023-09-23T00:00:00+00:00
[2023-09-23T09:06:42.542-0400] {logging_mixin.py:151} INFO - [2023-09-23T09:06:42.542-0400] {dag.py:3696} INFO - Setting next_dagrun for example_branch_datetime_operator_3 to 2023-09-22T00:00:00+00:00, run_after=2023-09-23T00:00:00+00:00
[2023-09-23T09:06:42.569-0400] {processor.py:179} INFO - Processing /home/beau/airflow/py_env/lib/python3.10/site-packages/airflow/example_dags/example_branch_datetime_operator.py took 0.385 seconds
[2023-09-23T09:07:30.755-0400] {processor.py:157} INFO - Started process (PID=11959) to work on /home/beau/airflow/py_env/lib/python3.10/site-packages/airflow/example_dags/example_branch_datetime_operator.py
[2023-09-23T09:07:30.759-0400] {processor.py:829} INFO - Processing file /home/beau/airflow/py_env/lib/python3.10/site-packages/airflow/example_dags/example_branch_datetime_operator.py for tasks to queue
[2023-09-23T09:07:30.761-0400] {logging_mixin.py:151} INFO - [2023-09-23T09:07:30.760-0400] {dagbag.py:539} INFO - Filling up the DagBag from /home/beau/airflow/py_env/lib/python3.10/site-packages/airflow/example_dags/example_branch_datetime_operator.py
[2023-09-23T09:07:30.769-0400] {processor.py:839} INFO - DAG(s) dict_keys(['example_branch_datetime_operator', 'example_branch_datetime_operator_2', 'example_branch_datetime_operator_3']) retrieved from /home/beau/airflow/py_env/lib/python3.10/site-packages/airflow/example_dags/example_branch_datetime_operator.py
[2023-09-23T09:07:30.787-0400] {logging_mixin.py:151} INFO - [2023-09-23T09:07:30.787-0400] {dag.py:2915} INFO - Sync 3 DAGs
[2023-09-23T09:07:30.804-0400] {logging_mixin.py:151} INFO - [2023-09-23T09:07:30.804-0400] {dag.py:3696} INFO - Setting next_dagrun for example_branch_datetime_operator to 2023-09-22T00:00:00+00:00, run_after=2023-09-23T00:00:00+00:00
[2023-09-23T09:07:30.807-0400] {logging_mixin.py:151} INFO - [2023-09-23T09:07:30.807-0400] {dag.py:3696} INFO - Setting next_dagrun for example_branch_datetime_operator_2 to 2023-09-22T00:00:00+00:00, run_after=2023-09-23T00:00:00+00:00
[2023-09-23T09:07:30.809-0400] {logging_mixin.py:151} INFO - [2023-09-23T09:07:30.809-0400] {dag.py:3696} INFO - Setting next_dagrun for example_branch_datetime_operator_3 to 2023-09-22T00:00:00+00:00, run_after=2023-09-23T00:00:00+00:00
[2023-09-23T09:07:30.830-0400] {processor.py:179} INFO - Processing /home/beau/airflow/py_env/lib/python3.10/site-packages/airflow/example_dags/example_branch_datetime_operator.py took 0.077 seconds
[2023-09-23T09:08:21.613-0400] {processor.py:157} INFO - Started process (PID=12219) to work on /home/beau/airflow/py_env/lib/python3.10/site-packages/airflow/example_dags/example_branch_datetime_operator.py
[2023-09-23T09:08:21.615-0400] {processor.py:829} INFO - Processing file /home/beau/airflow/py_env/lib/python3.10/site-packages/airflow/example_dags/example_branch_datetime_operator.py for tasks to queue
[2023-09-23T09:08:21.616-0400] {logging_mixin.py:151} INFO - [2023-09-23T09:08:21.615-0400] {dagbag.py:539} INFO - Filling up the DagBag from /home/beau/airflow/py_env/lib/python3.10/site-packages/airflow/example_dags/example_branch_datetime_operator.py
[2023-09-23T09:08:21.626-0400] {processor.py:839} INFO - DAG(s) dict_keys(['example_branch_datetime_operator_2', 'example_branch_datetime_operator', 'example_branch_datetime_operator_3']) retrieved from /home/beau/airflow/py_env/lib/python3.10/site-packages/airflow/example_dags/example_branch_datetime_operator.py
[2023-09-23T09:08:21.646-0400] {logging_mixin.py:151} INFO - [2023-09-23T09:08:21.646-0400] {dag.py:2915} INFO - Sync 3 DAGs
[2023-09-23T09:08:21.663-0400] {logging_mixin.py:151} INFO - [2023-09-23T09:08:21.663-0400] {dag.py:3696} INFO - Setting next_dagrun for example_branch_datetime_operator to 2023-09-22T00:00:00+00:00, run_after=2023-09-23T00:00:00+00:00
[2023-09-23T09:08:21.667-0400] {logging_mixin.py:151} INFO - [2023-09-23T09:08:21.667-0400] {dag.py:3696} INFO - Setting next_dagrun for example_branch_datetime_operator_2 to 2023-09-22T00:00:00+00:00, run_after=2023-09-23T00:00:00+00:00
[2023-09-23T09:08:21.669-0400] {logging_mixin.py:151} INFO - [2023-09-23T09:08:21.669-0400] {dag.py:3696} INFO - Setting next_dagrun for example_branch_datetime_operator_3 to 2023-09-22T00:00:00+00:00, run_after=2023-09-23T00:00:00+00:00
[2023-09-23T09:08:21.689-0400] {processor.py:179} INFO - Processing /home/beau/airflow/py_env/lib/python3.10/site-packages/airflow/example_dags/example_branch_datetime_operator.py took 0.080 seconds
[2023-09-23T09:09:14.223-0400] {processor.py:157} INFO - Started process (PID=12728) to work on /home/beau/airflow/py_env/lib/python3.10/site-packages/airflow/example_dags/example_branch_datetime_operator.py
[2023-09-23T09:09:14.229-0400] {processor.py:829} INFO - Processing file /home/beau/airflow/py_env/lib/python3.10/site-packages/airflow/example_dags/example_branch_datetime_operator.py for tasks to queue
[2023-09-23T09:09:14.232-0400] {logging_mixin.py:151} INFO - [2023-09-23T09:09:14.231-0400] {dagbag.py:539} INFO - Filling up the DagBag from /home/beau/airflow/py_env/lib/python3.10/site-packages/airflow/example_dags/example_branch_datetime_operator.py
[2023-09-23T09:09:14.246-0400] {processor.py:839} INFO - DAG(s) dict_keys(['example_branch_datetime_operator_2', 'example_branch_datetime_operator', 'example_branch_datetime_operator_3']) retrieved from /home/beau/airflow/py_env/lib/python3.10/site-packages/airflow/example_dags/example_branch_datetime_operator.py
[2023-09-23T09:09:14.271-0400] {logging_mixin.py:151} INFO - [2023-09-23T09:09:14.270-0400] {dag.py:2915} INFO - Sync 3 DAGs
[2023-09-23T09:09:14.297-0400] {logging_mixin.py:151} INFO - [2023-09-23T09:09:14.297-0400] {dag.py:3696} INFO - Setting next_dagrun for example_branch_datetime_operator to 2023-09-22T00:00:00+00:00, run_after=2023-09-23T00:00:00+00:00
[2023-09-23T09:09:14.302-0400] {logging_mixin.py:151} INFO - [2023-09-23T09:09:14.301-0400] {dag.py:3696} INFO - Setting next_dagrun for example_branch_datetime_operator_2 to 2023-09-22T00:00:00+00:00, run_after=2023-09-23T00:00:00+00:00
[2023-09-23T09:09:14.304-0400] {logging_mixin.py:151} INFO - [2023-09-23T09:09:14.304-0400] {dag.py:3696} INFO - Setting next_dagrun for example_branch_datetime_operator_3 to 2023-09-22T00:00:00+00:00, run_after=2023-09-23T00:00:00+00:00
[2023-09-23T09:09:14.328-0400] {processor.py:179} INFO - Processing /home/beau/airflow/py_env/lib/python3.10/site-packages/airflow/example_dags/example_branch_datetime_operator.py took 0.115 seconds
[2023-09-23T09:10:02.135-0400] {processor.py:157} INFO - Started process (PID=12911) to work on /home/beau/airflow/py_env/lib/python3.10/site-packages/airflow/example_dags/example_branch_datetime_operator.py
[2023-09-23T09:10:02.137-0400] {processor.py:829} INFO - Processing file /home/beau/airflow/py_env/lib/python3.10/site-packages/airflow/example_dags/example_branch_datetime_operator.py for tasks to queue
[2023-09-23T09:10:02.138-0400] {logging_mixin.py:151} INFO - [2023-09-23T09:10:02.138-0400] {dagbag.py:539} INFO - Filling up the DagBag from /home/beau/airflow/py_env/lib/python3.10/site-packages/airflow/example_dags/example_branch_datetime_operator.py
[2023-09-23T09:10:02.150-0400] {processor.py:839} INFO - DAG(s) dict_keys(['example_branch_datetime_operator', 'example_branch_datetime_operator_2', 'example_branch_datetime_operator_3']) retrieved from /home/beau/airflow/py_env/lib/python3.10/site-packages/airflow/example_dags/example_branch_datetime_operator.py
[2023-09-23T09:10:02.176-0400] {logging_mixin.py:151} INFO - [2023-09-23T09:10:02.175-0400] {dag.py:2915} INFO - Sync 3 DAGs
[2023-09-23T09:10:02.199-0400] {logging_mixin.py:151} INFO - [2023-09-23T09:10:02.199-0400] {dag.py:3696} INFO - Setting next_dagrun for example_branch_datetime_operator to 2023-09-22T00:00:00+00:00, run_after=2023-09-23T00:00:00+00:00
[2023-09-23T09:10:02.203-0400] {logging_mixin.py:151} INFO - [2023-09-23T09:10:02.203-0400] {dag.py:3696} INFO - Setting next_dagrun for example_branch_datetime_operator_2 to 2023-09-22T00:00:00+00:00, run_after=2023-09-23T00:00:00+00:00
[2023-09-23T09:10:02.205-0400] {logging_mixin.py:151} INFO - [2023-09-23T09:10:02.205-0400] {dag.py:3696} INFO - Setting next_dagrun for example_branch_datetime_operator_3 to 2023-09-22T00:00:00+00:00, run_after=2023-09-23T00:00:00+00:00
[2023-09-23T09:10:02.233-0400] {processor.py:179} INFO - Processing /home/beau/airflow/py_env/lib/python3.10/site-packages/airflow/example_dags/example_branch_datetime_operator.py took 0.102 seconds
[2023-09-23T09:10:50.251-0400] {processor.py:157} INFO - Started process (PID=13158) to work on /home/beau/airflow/py_env/lib/python3.10/site-packages/airflow/example_dags/example_branch_datetime_operator.py
[2023-09-23T09:10:50.256-0400] {processor.py:829} INFO - Processing file /home/beau/airflow/py_env/lib/python3.10/site-packages/airflow/example_dags/example_branch_datetime_operator.py for tasks to queue
[2023-09-23T09:10:50.258-0400] {logging_mixin.py:151} INFO - [2023-09-23T09:10:50.258-0400] {dagbag.py:539} INFO - Filling up the DagBag from /home/beau/airflow/py_env/lib/python3.10/site-packages/airflow/example_dags/example_branch_datetime_operator.py
[2023-09-23T09:10:50.278-0400] {processor.py:839} INFO - DAG(s) dict_keys(['example_branch_datetime_operator_2', 'example_branch_datetime_operator_3', 'example_branch_datetime_operator']) retrieved from /home/beau/airflow/py_env/lib/python3.10/site-packages/airflow/example_dags/example_branch_datetime_operator.py
[2023-09-23T09:10:50.300-0400] {logging_mixin.py:151} INFO - [2023-09-23T09:10:50.300-0400] {dag.py:2915} INFO - Sync 3 DAGs
[2023-09-23T09:10:50.317-0400] {logging_mixin.py:151} INFO - [2023-09-23T09:10:50.317-0400] {dag.py:3696} INFO - Setting next_dagrun for example_branch_datetime_operator to 2023-09-22T00:00:00+00:00, run_after=2023-09-23T00:00:00+00:00
[2023-09-23T09:10:50.321-0400] {logging_mixin.py:151} INFO - [2023-09-23T09:10:50.321-0400] {dag.py:3696} INFO - Setting next_dagrun for example_branch_datetime_operator_2 to 2023-09-22T00:00:00+00:00, run_after=2023-09-23T00:00:00+00:00
[2023-09-23T09:10:50.323-0400] {logging_mixin.py:151} INFO - [2023-09-23T09:10:50.323-0400] {dag.py:3696} INFO - Setting next_dagrun for example_branch_datetime_operator_3 to 2023-09-22T00:00:00+00:00, run_after=2023-09-23T00:00:00+00:00
[2023-09-23T09:10:50.350-0400] {processor.py:179} INFO - Processing /home/beau/airflow/py_env/lib/python3.10/site-packages/airflow/example_dags/example_branch_datetime_operator.py took 0.105 seconds
[2023-09-23T09:11:38.693-0400] {processor.py:157} INFO - Started process (PID=13669) to work on /home/beau/airflow/py_env/lib/python3.10/site-packages/airflow/example_dags/example_branch_datetime_operator.py
[2023-09-23T09:11:38.694-0400] {processor.py:829} INFO - Processing file /home/beau/airflow/py_env/lib/python3.10/site-packages/airflow/example_dags/example_branch_datetime_operator.py for tasks to queue
[2023-09-23T09:11:38.695-0400] {logging_mixin.py:151} INFO - [2023-09-23T09:11:38.694-0400] {dagbag.py:539} INFO - Filling up the DagBag from /home/beau/airflow/py_env/lib/python3.10/site-packages/airflow/example_dags/example_branch_datetime_operator.py
[2023-09-23T09:11:38.702-0400] {processor.py:839} INFO - DAG(s) dict_keys(['example_branch_datetime_operator_2', 'example_branch_datetime_operator_3', 'example_branch_datetime_operator']) retrieved from /home/beau/airflow/py_env/lib/python3.10/site-packages/airflow/example_dags/example_branch_datetime_operator.py
[2023-09-23T09:11:38.733-0400] {logging_mixin.py:151} INFO - [2023-09-23T09:11:38.733-0400] {dag.py:2915} INFO - Sync 3 DAGs
[2023-09-23T09:11:38.754-0400] {logging_mixin.py:151} INFO - [2023-09-23T09:11:38.753-0400] {dag.py:3696} INFO - Setting next_dagrun for example_branch_datetime_operator to 2023-09-22T00:00:00+00:00, run_after=2023-09-23T00:00:00+00:00
[2023-09-23T09:11:38.758-0400] {logging_mixin.py:151} INFO - [2023-09-23T09:11:38.758-0400] {dag.py:3696} INFO - Setting next_dagrun for example_branch_datetime_operator_2 to 2023-09-22T00:00:00+00:00, run_after=2023-09-23T00:00:00+00:00
[2023-09-23T09:11:38.760-0400] {logging_mixin.py:151} INFO - [2023-09-23T09:11:38.760-0400] {dag.py:3696} INFO - Setting next_dagrun for example_branch_datetime_operator_3 to 2023-09-22T00:00:00+00:00, run_after=2023-09-23T00:00:00+00:00
[2023-09-23T09:11:38.782-0400] {processor.py:179} INFO - Processing /home/beau/airflow/py_env/lib/python3.10/site-packages/airflow/example_dags/example_branch_datetime_operator.py took 0.093 seconds
[2023-09-23T09:12:28.510-0400] {processor.py:157} INFO - Started process (PID=14073) to work on /home/beau/airflow/py_env/lib/python3.10/site-packages/airflow/example_dags/example_branch_datetime_operator.py
[2023-09-23T09:12:28.514-0400] {processor.py:829} INFO - Processing file /home/beau/airflow/py_env/lib/python3.10/site-packages/airflow/example_dags/example_branch_datetime_operator.py for tasks to queue
[2023-09-23T09:12:28.516-0400] {logging_mixin.py:151} INFO - [2023-09-23T09:12:28.515-0400] {dagbag.py:539} INFO - Filling up the DagBag from /home/beau/airflow/py_env/lib/python3.10/site-packages/airflow/example_dags/example_branch_datetime_operator.py
[2023-09-23T09:12:28.531-0400] {processor.py:839} INFO - DAG(s) dict_keys(['example_branch_datetime_operator', 'example_branch_datetime_operator_3', 'example_branch_datetime_operator_2']) retrieved from /home/beau/airflow/py_env/lib/python3.10/site-packages/airflow/example_dags/example_branch_datetime_operator.py
[2023-09-23T09:12:28.549-0400] {logging_mixin.py:151} INFO - [2023-09-23T09:12:28.549-0400] {dag.py:2915} INFO - Sync 3 DAGs
[2023-09-23T09:12:28.566-0400] {logging_mixin.py:151} INFO - [2023-09-23T09:12:28.566-0400] {dag.py:3696} INFO - Setting next_dagrun for example_branch_datetime_operator to 2023-09-22T00:00:00+00:00, run_after=2023-09-23T00:00:00+00:00
[2023-09-23T09:12:28.569-0400] {logging_mixin.py:151} INFO - [2023-09-23T09:12:28.569-0400] {dag.py:3696} INFO - Setting next_dagrun for example_branch_datetime_operator_2 to 2023-09-22T00:00:00+00:00, run_after=2023-09-23T00:00:00+00:00
[2023-09-23T09:12:28.571-0400] {logging_mixin.py:151} INFO - [2023-09-23T09:12:28.571-0400] {dag.py:3696} INFO - Setting next_dagrun for example_branch_datetime_operator_3 to 2023-09-22T00:00:00+00:00, run_after=2023-09-23T00:00:00+00:00
[2023-09-23T09:12:28.599-0400] {processor.py:179} INFO - Processing /home/beau/airflow/py_env/lib/python3.10/site-packages/airflow/example_dags/example_branch_datetime_operator.py took 0.093 seconds
[2023-09-23T09:13:18.077-0400] {processor.py:157} INFO - Started process (PID=14577) to work on /home/beau/airflow/py_env/lib/python3.10/site-packages/airflow/example_dags/example_branch_datetime_operator.py
[2023-09-23T09:13:18.080-0400] {processor.py:829} INFO - Processing file /home/beau/airflow/py_env/lib/python3.10/site-packages/airflow/example_dags/example_branch_datetime_operator.py for tasks to queue
[2023-09-23T09:13:18.081-0400] {logging_mixin.py:151} INFO - [2023-09-23T09:13:18.080-0400] {dagbag.py:539} INFO - Filling up the DagBag from /home/beau/airflow/py_env/lib/python3.10/site-packages/airflow/example_dags/example_branch_datetime_operator.py
[2023-09-23T09:13:18.093-0400] {processor.py:839} INFO - DAG(s) dict_keys(['example_branch_datetime_operator_2', 'example_branch_datetime_operator', 'example_branch_datetime_operator_3']) retrieved from /home/beau/airflow/py_env/lib/python3.10/site-packages/airflow/example_dags/example_branch_datetime_operator.py
[2023-09-23T09:13:18.124-0400] {logging_mixin.py:151} INFO - [2023-09-23T09:13:18.124-0400] {dag.py:2915} INFO - Sync 3 DAGs
[2023-09-23T09:13:18.150-0400] {logging_mixin.py:151} INFO - [2023-09-23T09:13:18.150-0400] {dag.py:3696} INFO - Setting next_dagrun for example_branch_datetime_operator to 2023-09-22T00:00:00+00:00, run_after=2023-09-23T00:00:00+00:00
[2023-09-23T09:13:18.156-0400] {logging_mixin.py:151} INFO - [2023-09-23T09:13:18.156-0400] {dag.py:3696} INFO - Setting next_dagrun for example_branch_datetime_operator_2 to 2023-09-22T00:00:00+00:00, run_after=2023-09-23T00:00:00+00:00
[2023-09-23T09:13:18.161-0400] {logging_mixin.py:151} INFO - [2023-09-23T09:13:18.161-0400] {dag.py:3696} INFO - Setting next_dagrun for example_branch_datetime_operator_3 to 2023-09-22T00:00:00+00:00, run_after=2023-09-23T00:00:00+00:00
[2023-09-23T09:13:18.213-0400] {processor.py:179} INFO - Processing /home/beau/airflow/py_env/lib/python3.10/site-packages/airflow/example_dags/example_branch_datetime_operator.py took 0.140 seconds
[2023-09-23T09:14:07.200-0400] {processor.py:157} INFO - Started process (PID=15054) to work on /home/beau/airflow/py_env/lib/python3.10/site-packages/airflow/example_dags/example_branch_datetime_operator.py
[2023-09-23T09:14:07.203-0400] {processor.py:829} INFO - Processing file /home/beau/airflow/py_env/lib/python3.10/site-packages/airflow/example_dags/example_branch_datetime_operator.py for tasks to queue
[2023-09-23T09:14:07.204-0400] {logging_mixin.py:151} INFO - [2023-09-23T09:14:07.204-0400] {dagbag.py:539} INFO - Filling up the DagBag from /home/beau/airflow/py_env/lib/python3.10/site-packages/airflow/example_dags/example_branch_datetime_operator.py
[2023-09-23T09:14:07.220-0400] {processor.py:839} INFO - DAG(s) dict_keys(['example_branch_datetime_operator_2', 'example_branch_datetime_operator', 'example_branch_datetime_operator_3']) retrieved from /home/beau/airflow/py_env/lib/python3.10/site-packages/airflow/example_dags/example_branch_datetime_operator.py
[2023-09-23T09:14:07.243-0400] {logging_mixin.py:151} INFO - [2023-09-23T09:14:07.243-0400] {dag.py:2915} INFO - Sync 3 DAGs
[2023-09-23T09:14:07.262-0400] {logging_mixin.py:151} INFO - [2023-09-23T09:14:07.262-0400] {dag.py:3696} INFO - Setting next_dagrun for example_branch_datetime_operator to 2023-09-22T00:00:00+00:00, run_after=2023-09-23T00:00:00+00:00
[2023-09-23T09:14:07.266-0400] {logging_mixin.py:151} INFO - [2023-09-23T09:14:07.266-0400] {dag.py:3696} INFO - Setting next_dagrun for example_branch_datetime_operator_2 to 2023-09-22T00:00:00+00:00, run_after=2023-09-23T00:00:00+00:00
[2023-09-23T09:14:07.269-0400] {logging_mixin.py:151} INFO - [2023-09-23T09:14:07.268-0400] {dag.py:3696} INFO - Setting next_dagrun for example_branch_datetime_operator_3 to 2023-09-22T00:00:00+00:00, run_after=2023-09-23T00:00:00+00:00
[2023-09-23T09:14:07.292-0400] {processor.py:179} INFO - Processing /home/beau/airflow/py_env/lib/python3.10/site-packages/airflow/example_dags/example_branch_datetime_operator.py took 0.098 seconds
[2023-09-23T09:14:55.820-0400] {processor.py:157} INFO - Started process (PID=15298) to work on /home/beau/airflow/py_env/lib/python3.10/site-packages/airflow/example_dags/example_branch_datetime_operator.py
[2023-09-23T09:14:55.823-0400] {processor.py:829} INFO - Processing file /home/beau/airflow/py_env/lib/python3.10/site-packages/airflow/example_dags/example_branch_datetime_operator.py for tasks to queue
[2023-09-23T09:14:55.824-0400] {logging_mixin.py:151} INFO - [2023-09-23T09:14:55.824-0400] {dagbag.py:539} INFO - Filling up the DagBag from /home/beau/airflow/py_env/lib/python3.10/site-packages/airflow/example_dags/example_branch_datetime_operator.py
[2023-09-23T09:14:55.835-0400] {processor.py:839} INFO - DAG(s) dict_keys(['example_branch_datetime_operator_3', 'example_branch_datetime_operator_2', 'example_branch_datetime_operator']) retrieved from /home/beau/airflow/py_env/lib/python3.10/site-packages/airflow/example_dags/example_branch_datetime_operator.py
[2023-09-23T09:14:55.863-0400] {logging_mixin.py:151} INFO - [2023-09-23T09:14:55.863-0400] {dag.py:2915} INFO - Sync 3 DAGs
[2023-09-23T09:14:55.884-0400] {logging_mixin.py:151} INFO - [2023-09-23T09:14:55.884-0400] {dag.py:3696} INFO - Setting next_dagrun for example_branch_datetime_operator to 2023-09-22T00:00:00+00:00, run_after=2023-09-23T00:00:00+00:00
[2023-09-23T09:14:55.891-0400] {logging_mixin.py:151} INFO - [2023-09-23T09:14:55.890-0400] {dag.py:3696} INFO - Setting next_dagrun for example_branch_datetime_operator_2 to 2023-09-22T00:00:00+00:00, run_after=2023-09-23T00:00:00+00:00
[2023-09-23T09:14:55.893-0400] {logging_mixin.py:151} INFO - [2023-09-23T09:14:55.893-0400] {dag.py:3696} INFO - Setting next_dagrun for example_branch_datetime_operator_3 to 2023-09-22T00:00:00+00:00, run_after=2023-09-23T00:00:00+00:00
[2023-09-23T09:14:55.919-0400] {processor.py:179} INFO - Processing /home/beau/airflow/py_env/lib/python3.10/site-packages/airflow/example_dags/example_branch_datetime_operator.py took 0.102 seconds
[2023-09-23T09:17:42.672-0400] {processor.py:157} INFO - Started process (PID=16882) to work on /home/beau/airflow/py_env/lib/python3.10/site-packages/airflow/example_dags/example_branch_datetime_operator.py
[2023-09-23T09:17:42.676-0400] {processor.py:829} INFO - Processing file /home/beau/airflow/py_env/lib/python3.10/site-packages/airflow/example_dags/example_branch_datetime_operator.py for tasks to queue
[2023-09-23T09:17:42.677-0400] {logging_mixin.py:151} INFO - [2023-09-23T09:17:42.677-0400] {dagbag.py:539} INFO - Filling up the DagBag from /home/beau/airflow/py_env/lib/python3.10/site-packages/airflow/example_dags/example_branch_datetime_operator.py
[2023-09-23T09:17:42.691-0400] {processor.py:839} INFO - DAG(s) dict_keys(['example_branch_datetime_operator_2', 'example_branch_datetime_operator_3', 'example_branch_datetime_operator']) retrieved from /home/beau/airflow/py_env/lib/python3.10/site-packages/airflow/example_dags/example_branch_datetime_operator.py
[2023-09-23T09:17:42.743-0400] {logging_mixin.py:151} INFO - [2023-09-23T09:17:42.742-0400] {dag.py:2915} INFO - Sync 3 DAGs
[2023-09-23T09:17:42.769-0400] {logging_mixin.py:151} INFO - [2023-09-23T09:17:42.769-0400] {dag.py:3696} INFO - Setting next_dagrun for example_branch_datetime_operator to 2023-09-22T00:00:00+00:00, run_after=2023-09-23T00:00:00+00:00
[2023-09-23T09:17:42.774-0400] {logging_mixin.py:151} INFO - [2023-09-23T09:17:42.773-0400] {dag.py:3696} INFO - Setting next_dagrun for example_branch_datetime_operator_2 to 2023-09-22T00:00:00+00:00, run_after=2023-09-23T00:00:00+00:00
[2023-09-23T09:17:42.776-0400] {logging_mixin.py:151} INFO - [2023-09-23T09:17:42.776-0400] {dag.py:3696} INFO - Setting next_dagrun for example_branch_datetime_operator_3 to 2023-09-22T00:00:00+00:00, run_after=2023-09-23T00:00:00+00:00
[2023-09-23T09:17:42.799-0400] {processor.py:179} INFO - Processing /home/beau/airflow/py_env/lib/python3.10/site-packages/airflow/example_dags/example_branch_datetime_operator.py took 0.131 seconds
[2023-09-23T09:18:30.666-0400] {processor.py:157} INFO - Started process (PID=17156) to work on /home/beau/airflow/py_env/lib/python3.10/site-packages/airflow/example_dags/example_branch_datetime_operator.py
[2023-09-23T09:18:30.669-0400] {processor.py:829} INFO - Processing file /home/beau/airflow/py_env/lib/python3.10/site-packages/airflow/example_dags/example_branch_datetime_operator.py for tasks to queue
[2023-09-23T09:18:30.670-0400] {logging_mixin.py:151} INFO - [2023-09-23T09:18:30.669-0400] {dagbag.py:539} INFO - Filling up the DagBag from /home/beau/airflow/py_env/lib/python3.10/site-packages/airflow/example_dags/example_branch_datetime_operator.py
[2023-09-23T09:18:30.683-0400] {processor.py:839} INFO - DAG(s) dict_keys(['example_branch_datetime_operator_2', 'example_branch_datetime_operator', 'example_branch_datetime_operator_3']) retrieved from /home/beau/airflow/py_env/lib/python3.10/site-packages/airflow/example_dags/example_branch_datetime_operator.py
[2023-09-23T09:18:30.710-0400] {logging_mixin.py:151} INFO - [2023-09-23T09:18:30.709-0400] {dag.py:2915} INFO - Sync 3 DAGs
[2023-09-23T09:18:30.740-0400] {logging_mixin.py:151} INFO - [2023-09-23T09:18:30.740-0400] {dag.py:3696} INFO - Setting next_dagrun for example_branch_datetime_operator to 2023-09-22T00:00:00+00:00, run_after=2023-09-23T00:00:00+00:00
[2023-09-23T09:18:30.744-0400] {logging_mixin.py:151} INFO - [2023-09-23T09:18:30.744-0400] {dag.py:3696} INFO - Setting next_dagrun for example_branch_datetime_operator_2 to 2023-09-22T00:00:00+00:00, run_after=2023-09-23T00:00:00+00:00
[2023-09-23T09:18:30.747-0400] {logging_mixin.py:151} INFO - [2023-09-23T09:18:30.747-0400] {dag.py:3696} INFO - Setting next_dagrun for example_branch_datetime_operator_3 to 2023-09-22T00:00:00+00:00, run_after=2023-09-23T00:00:00+00:00
[2023-09-23T09:18:30.770-0400] {processor.py:179} INFO - Processing /home/beau/airflow/py_env/lib/python3.10/site-packages/airflow/example_dags/example_branch_datetime_operator.py took 0.111 seconds
[2023-09-23T09:19:22.683-0400] {processor.py:157} INFO - Started process (PID=17446) to work on /home/beau/airflow/py_env/lib/python3.10/site-packages/airflow/example_dags/example_branch_datetime_operator.py
[2023-09-23T09:19:22.688-0400] {processor.py:829} INFO - Processing file /home/beau/airflow/py_env/lib/python3.10/site-packages/airflow/example_dags/example_branch_datetime_operator.py for tasks to queue
[2023-09-23T09:19:22.689-0400] {logging_mixin.py:151} INFO - [2023-09-23T09:19:22.689-0400] {dagbag.py:539} INFO - Filling up the DagBag from /home/beau/airflow/py_env/lib/python3.10/site-packages/airflow/example_dags/example_branch_datetime_operator.py
[2023-09-23T09:19:22.705-0400] {processor.py:839} INFO - DAG(s) dict_keys(['example_branch_datetime_operator_2', 'example_branch_datetime_operator_3', 'example_branch_datetime_operator']) retrieved from /home/beau/airflow/py_env/lib/python3.10/site-packages/airflow/example_dags/example_branch_datetime_operator.py
[2023-09-23T09:19:22.732-0400] {logging_mixin.py:151} INFO - [2023-09-23T09:19:22.732-0400] {dag.py:2915} INFO - Sync 3 DAGs
[2023-09-23T09:19:22.756-0400] {logging_mixin.py:151} INFO - [2023-09-23T09:19:22.756-0400] {dag.py:3696} INFO - Setting next_dagrun for example_branch_datetime_operator to 2023-09-22T00:00:00+00:00, run_after=2023-09-23T00:00:00+00:00
[2023-09-23T09:19:22.761-0400] {logging_mixin.py:151} INFO - [2023-09-23T09:19:22.761-0400] {dag.py:3696} INFO - Setting next_dagrun for example_branch_datetime_operator_2 to 2023-09-22T00:00:00+00:00, run_after=2023-09-23T00:00:00+00:00
[2023-09-23T09:19:22.764-0400] {logging_mixin.py:151} INFO - [2023-09-23T09:19:22.763-0400] {dag.py:3696} INFO - Setting next_dagrun for example_branch_datetime_operator_3 to 2023-09-22T00:00:00+00:00, run_after=2023-09-23T00:00:00+00:00
[2023-09-23T09:19:22.790-0400] {processor.py:179} INFO - Processing /home/beau/airflow/py_env/lib/python3.10/site-packages/airflow/example_dags/example_branch_datetime_operator.py took 0.111 seconds
[2023-09-23T09:20:17.480-0400] {processor.py:157} INFO - Started process (PID=17736) to work on /home/beau/airflow/py_env/lib/python3.10/site-packages/airflow/example_dags/example_branch_datetime_operator.py
[2023-09-23T09:20:17.481-0400] {processor.py:829} INFO - Processing file /home/beau/airflow/py_env/lib/python3.10/site-packages/airflow/example_dags/example_branch_datetime_operator.py for tasks to queue
[2023-09-23T09:20:17.482-0400] {logging_mixin.py:151} INFO - [2023-09-23T09:20:17.482-0400] {dagbag.py:539} INFO - Filling up the DagBag from /home/beau/airflow/py_env/lib/python3.10/site-packages/airflow/example_dags/example_branch_datetime_operator.py
[2023-09-23T09:20:17.490-0400] {processor.py:839} INFO - DAG(s) dict_keys(['example_branch_datetime_operator', 'example_branch_datetime_operator_2', 'example_branch_datetime_operator_3']) retrieved from /home/beau/airflow/py_env/lib/python3.10/site-packages/airflow/example_dags/example_branch_datetime_operator.py
[2023-09-23T09:20:17.510-0400] {logging_mixin.py:151} INFO - [2023-09-23T09:20:17.509-0400] {dag.py:2915} INFO - Sync 3 DAGs
[2023-09-23T09:20:17.530-0400] {logging_mixin.py:151} INFO - [2023-09-23T09:20:17.529-0400] {dag.py:3696} INFO - Setting next_dagrun for example_branch_datetime_operator to 2023-09-22T00:00:00+00:00, run_after=2023-09-23T00:00:00+00:00
[2023-09-23T09:20:17.535-0400] {logging_mixin.py:151} INFO - [2023-09-23T09:20:17.535-0400] {dag.py:3696} INFO - Setting next_dagrun for example_branch_datetime_operator_2 to 2023-09-22T00:00:00+00:00, run_after=2023-09-23T00:00:00+00:00
[2023-09-23T09:20:17.538-0400] {logging_mixin.py:151} INFO - [2023-09-23T09:20:17.538-0400] {dag.py:3696} INFO - Setting next_dagrun for example_branch_datetime_operator_3 to 2023-09-22T00:00:00+00:00, run_after=2023-09-23T00:00:00+00:00
[2023-09-23T09:20:17.562-0400] {processor.py:179} INFO - Processing /home/beau/airflow/py_env/lib/python3.10/site-packages/airflow/example_dags/example_branch_datetime_operator.py took 0.085 seconds
[2023-09-23T09:21:16.122-0400] {processor.py:157} INFO - Started process (PID=18045) to work on /home/beau/airflow/py_env/lib/python3.10/site-packages/airflow/example_dags/example_branch_datetime_operator.py
[2023-09-23T09:21:16.127-0400] {processor.py:829} INFO - Processing file /home/beau/airflow/py_env/lib/python3.10/site-packages/airflow/example_dags/example_branch_datetime_operator.py for tasks to queue
[2023-09-23T09:21:16.128-0400] {logging_mixin.py:151} INFO - [2023-09-23T09:21:16.128-0400] {dagbag.py:539} INFO - Filling up the DagBag from /home/beau/airflow/py_env/lib/python3.10/site-packages/airflow/example_dags/example_branch_datetime_operator.py
[2023-09-23T09:21:16.150-0400] {processor.py:839} INFO - DAG(s) dict_keys(['example_branch_datetime_operator_2', 'example_branch_datetime_operator_3', 'example_branch_datetime_operator']) retrieved from /home/beau/airflow/py_env/lib/python3.10/site-packages/airflow/example_dags/example_branch_datetime_operator.py
[2023-09-23T09:21:16.192-0400] {logging_mixin.py:151} INFO - [2023-09-23T09:21:16.192-0400] {dag.py:2915} INFO - Sync 3 DAGs
[2023-09-23T09:21:16.217-0400] {logging_mixin.py:151} INFO - [2023-09-23T09:21:16.217-0400] {dag.py:3696} INFO - Setting next_dagrun for example_branch_datetime_operator to 2023-09-22T00:00:00+00:00, run_after=2023-09-23T00:00:00+00:00
[2023-09-23T09:21:16.221-0400] {logging_mixin.py:151} INFO - [2023-09-23T09:21:16.221-0400] {dag.py:3696} INFO - Setting next_dagrun for example_branch_datetime_operator_2 to 2023-09-22T00:00:00+00:00, run_after=2023-09-23T00:00:00+00:00
[2023-09-23T09:21:16.223-0400] {logging_mixin.py:151} INFO - [2023-09-23T09:21:16.223-0400] {dag.py:3696} INFO - Setting next_dagrun for example_branch_datetime_operator_3 to 2023-09-22T00:00:00+00:00, run_after=2023-09-23T00:00:00+00:00
[2023-09-23T09:21:16.249-0400] {processor.py:179} INFO - Processing /home/beau/airflow/py_env/lib/python3.10/site-packages/airflow/example_dags/example_branch_datetime_operator.py took 0.132 seconds
[2023-09-23T09:24:00.776-0400] {processor.py:157} INFO - Started process (PID=19369) to work on /home/beau/airflow/py_env/lib/python3.10/site-packages/airflow/example_dags/example_branch_datetime_operator.py
[2023-09-23T09:24:00.779-0400] {processor.py:829} INFO - Processing file /home/beau/airflow/py_env/lib/python3.10/site-packages/airflow/example_dags/example_branch_datetime_operator.py for tasks to queue
[2023-09-23T09:24:00.781-0400] {logging_mixin.py:151} INFO - [2023-09-23T09:24:00.780-0400] {dagbag.py:539} INFO - Filling up the DagBag from /home/beau/airflow/py_env/lib/python3.10/site-packages/airflow/example_dags/example_branch_datetime_operator.py
[2023-09-23T09:24:00.794-0400] {processor.py:839} INFO - DAG(s) dict_keys(['example_branch_datetime_operator_3', 'example_branch_datetime_operator', 'example_branch_datetime_operator_2']) retrieved from /home/beau/airflow/py_env/lib/python3.10/site-packages/airflow/example_dags/example_branch_datetime_operator.py
[2023-09-23T09:24:00.817-0400] {logging_mixin.py:151} INFO - [2023-09-23T09:24:00.817-0400] {dag.py:2915} INFO - Sync 3 DAGs
[2023-09-23T09:24:00.834-0400] {logging_mixin.py:151} INFO - [2023-09-23T09:24:00.834-0400] {dag.py:3696} INFO - Setting next_dagrun for example_branch_datetime_operator to 2023-09-22T00:00:00+00:00, run_after=2023-09-23T00:00:00+00:00
[2023-09-23T09:24:00.837-0400] {logging_mixin.py:151} INFO - [2023-09-23T09:24:00.837-0400] {dag.py:3696} INFO - Setting next_dagrun for example_branch_datetime_operator_2 to 2023-09-22T00:00:00+00:00, run_after=2023-09-23T00:00:00+00:00
[2023-09-23T09:24:00.839-0400] {logging_mixin.py:151} INFO - [2023-09-23T09:24:00.839-0400] {dag.py:3696} INFO - Setting next_dagrun for example_branch_datetime_operator_3 to 2023-09-22T00:00:00+00:00, run_after=2023-09-23T00:00:00+00:00
[2023-09-23T09:24:00.870-0400] {processor.py:179} INFO - Processing /home/beau/airflow/py_env/lib/python3.10/site-packages/airflow/example_dags/example_branch_datetime_operator.py took 0.098 seconds
[2023-09-23T09:24:48.725-0400] {processor.py:157} INFO - Started process (PID=19663) to work on /home/beau/airflow/py_env/lib/python3.10/site-packages/airflow/example_dags/example_branch_datetime_operator.py
[2023-09-23T09:24:48.730-0400] {processor.py:829} INFO - Processing file /home/beau/airflow/py_env/lib/python3.10/site-packages/airflow/example_dags/example_branch_datetime_operator.py for tasks to queue
[2023-09-23T09:24:48.731-0400] {logging_mixin.py:151} INFO - [2023-09-23T09:24:48.731-0400] {dagbag.py:539} INFO - Filling up the DagBag from /home/beau/airflow/py_env/lib/python3.10/site-packages/airflow/example_dags/example_branch_datetime_operator.py
[2023-09-23T09:24:48.744-0400] {processor.py:839} INFO - DAG(s) dict_keys(['example_branch_datetime_operator_3', 'example_branch_datetime_operator', 'example_branch_datetime_operator_2']) retrieved from /home/beau/airflow/py_env/lib/python3.10/site-packages/airflow/example_dags/example_branch_datetime_operator.py
[2023-09-23T09:24:48.772-0400] {logging_mixin.py:151} INFO - [2023-09-23T09:24:48.771-0400] {dag.py:2915} INFO - Sync 3 DAGs
[2023-09-23T09:24:48.796-0400] {logging_mixin.py:151} INFO - [2023-09-23T09:24:48.796-0400] {dag.py:3696} INFO - Setting next_dagrun for example_branch_datetime_operator to 2023-09-22T00:00:00+00:00, run_after=2023-09-23T00:00:00+00:00
[2023-09-23T09:24:48.802-0400] {logging_mixin.py:151} INFO - [2023-09-23T09:24:48.802-0400] {dag.py:3696} INFO - Setting next_dagrun for example_branch_datetime_operator_2 to 2023-09-22T00:00:00+00:00, run_after=2023-09-23T00:00:00+00:00
[2023-09-23T09:24:48.805-0400] {logging_mixin.py:151} INFO - [2023-09-23T09:24:48.804-0400] {dag.py:3696} INFO - Setting next_dagrun for example_branch_datetime_operator_3 to 2023-09-22T00:00:00+00:00, run_after=2023-09-23T00:00:00+00:00
[2023-09-23T09:24:48.833-0400] {processor.py:179} INFO - Processing /home/beau/airflow/py_env/lib/python3.10/site-packages/airflow/example_dags/example_branch_datetime_operator.py took 0.112 seconds
[2023-09-23T09:25:40.535-0400] {processor.py:157} INFO - Started process (PID=19968) to work on /home/beau/airflow/py_env/lib/python3.10/site-packages/airflow/example_dags/example_branch_datetime_operator.py
[2023-09-23T09:25:40.539-0400] {processor.py:829} INFO - Processing file /home/beau/airflow/py_env/lib/python3.10/site-packages/airflow/example_dags/example_branch_datetime_operator.py for tasks to queue
[2023-09-23T09:25:40.539-0400] {logging_mixin.py:151} INFO - [2023-09-23T09:25:40.539-0400] {dagbag.py:539} INFO - Filling up the DagBag from /home/beau/airflow/py_env/lib/python3.10/site-packages/airflow/example_dags/example_branch_datetime_operator.py
[2023-09-23T09:25:40.548-0400] {processor.py:839} INFO - DAG(s) dict_keys(['example_branch_datetime_operator', 'example_branch_datetime_operator_2', 'example_branch_datetime_operator_3']) retrieved from /home/beau/airflow/py_env/lib/python3.10/site-packages/airflow/example_dags/example_branch_datetime_operator.py
[2023-09-23T09:25:40.569-0400] {logging_mixin.py:151} INFO - [2023-09-23T09:25:40.568-0400] {dag.py:2915} INFO - Sync 3 DAGs
[2023-09-23T09:25:40.588-0400] {logging_mixin.py:151} INFO - [2023-09-23T09:25:40.588-0400] {dag.py:3696} INFO - Setting next_dagrun for example_branch_datetime_operator to 2023-09-22T00:00:00+00:00, run_after=2023-09-23T00:00:00+00:00
[2023-09-23T09:25:40.592-0400] {logging_mixin.py:151} INFO - [2023-09-23T09:25:40.591-0400] {dag.py:3696} INFO - Setting next_dagrun for example_branch_datetime_operator_2 to 2023-09-22T00:00:00+00:00, run_after=2023-09-23T00:00:00+00:00
[2023-09-23T09:25:40.594-0400] {logging_mixin.py:151} INFO - [2023-09-23T09:25:40.593-0400] {dag.py:3696} INFO - Setting next_dagrun for example_branch_datetime_operator_3 to 2023-09-22T00:00:00+00:00, run_after=2023-09-23T00:00:00+00:00
[2023-09-23T09:25:40.621-0400] {processor.py:179} INFO - Processing /home/beau/airflow/py_env/lib/python3.10/site-packages/airflow/example_dags/example_branch_datetime_operator.py took 0.089 seconds
[2023-09-23T09:26:32.438-0400] {processor.py:157} INFO - Started process (PID=20276) to work on /home/beau/airflow/py_env/lib/python3.10/site-packages/airflow/example_dags/example_branch_datetime_operator.py
[2023-09-23T09:26:32.440-0400] {processor.py:829} INFO - Processing file /home/beau/airflow/py_env/lib/python3.10/site-packages/airflow/example_dags/example_branch_datetime_operator.py for tasks to queue
[2023-09-23T09:26:32.441-0400] {logging_mixin.py:151} INFO - [2023-09-23T09:26:32.440-0400] {dagbag.py:539} INFO - Filling up the DagBag from /home/beau/airflow/py_env/lib/python3.10/site-packages/airflow/example_dags/example_branch_datetime_operator.py
[2023-09-23T09:26:32.455-0400] {processor.py:839} INFO - DAG(s) dict_keys(['example_branch_datetime_operator_3', 'example_branch_datetime_operator_2', 'example_branch_datetime_operator']) retrieved from /home/beau/airflow/py_env/lib/python3.10/site-packages/airflow/example_dags/example_branch_datetime_operator.py
[2023-09-23T09:26:32.477-0400] {logging_mixin.py:151} INFO - [2023-09-23T09:26:32.477-0400] {dag.py:2915} INFO - Sync 3 DAGs
[2023-09-23T09:26:32.496-0400] {logging_mixin.py:151} INFO - [2023-09-23T09:26:32.496-0400] {dag.py:3696} INFO - Setting next_dagrun for example_branch_datetime_operator to 2023-09-22T00:00:00+00:00, run_after=2023-09-23T00:00:00+00:00
[2023-09-23T09:26:32.500-0400] {logging_mixin.py:151} INFO - [2023-09-23T09:26:32.500-0400] {dag.py:3696} INFO - Setting next_dagrun for example_branch_datetime_operator_2 to 2023-09-22T00:00:00+00:00, run_after=2023-09-23T00:00:00+00:00
[2023-09-23T09:26:32.502-0400] {logging_mixin.py:151} INFO - [2023-09-23T09:26:32.502-0400] {dag.py:3696} INFO - Setting next_dagrun for example_branch_datetime_operator_3 to 2023-09-22T00:00:00+00:00, run_after=2023-09-23T00:00:00+00:00
[2023-09-23T09:26:32.523-0400] {processor.py:179} INFO - Processing /home/beau/airflow/py_env/lib/python3.10/site-packages/airflow/example_dags/example_branch_datetime_operator.py took 0.091 seconds
[2023-09-23T09:37:07.864-0400] {processor.py:157} INFO - Started process (PID=1188) to work on /home/beau/airflow/py_env/lib/python3.10/site-packages/airflow/example_dags/example_branch_datetime_operator.py
[2023-09-23T09:37:07.868-0400] {processor.py:829} INFO - Processing file /home/beau/airflow/py_env/lib/python3.10/site-packages/airflow/example_dags/example_branch_datetime_operator.py for tasks to queue
[2023-09-23T09:37:07.870-0400] {logging_mixin.py:151} INFO - [2023-09-23T09:37:07.869-0400] {dagbag.py:539} INFO - Filling up the DagBag from /home/beau/airflow/py_env/lib/python3.10/site-packages/airflow/example_dags/example_branch_datetime_operator.py
[2023-09-23T09:37:07.884-0400] {processor.py:839} INFO - DAG(s) dict_keys(['example_branch_datetime_operator', 'example_branch_datetime_operator_2', 'example_branch_datetime_operator_3']) retrieved from /home/beau/airflow/py_env/lib/python3.10/site-packages/airflow/example_dags/example_branch_datetime_operator.py
[2023-09-23T09:37:07.902-0400] {logging_mixin.py:151} INFO - [2023-09-23T09:37:07.902-0400] {dag.py:2915} INFO - Sync 3 DAGs
[2023-09-23T09:37:07.916-0400] {logging_mixin.py:151} INFO - [2023-09-23T09:37:07.916-0400] {dag.py:3696} INFO - Setting next_dagrun for example_branch_datetime_operator to 2023-09-22T00:00:00+00:00, run_after=2023-09-23T00:00:00+00:00
[2023-09-23T09:37:07.919-0400] {logging_mixin.py:151} INFO - [2023-09-23T09:37:07.919-0400] {dag.py:3696} INFO - Setting next_dagrun for example_branch_datetime_operator_2 to 2023-09-22T00:00:00+00:00, run_after=2023-09-23T00:00:00+00:00
[2023-09-23T09:37:07.921-0400] {logging_mixin.py:151} INFO - [2023-09-23T09:37:07.921-0400] {dag.py:3696} INFO - Setting next_dagrun for example_branch_datetime_operator_3 to 2023-09-22T00:00:00+00:00, run_after=2023-09-23T00:00:00+00:00
[2023-09-23T09:37:07.944-0400] {processor.py:179} INFO - Processing /home/beau/airflow/py_env/lib/python3.10/site-packages/airflow/example_dags/example_branch_datetime_operator.py took 0.086 seconds
[2023-09-23T09:37:54.802-0400] {processor.py:157} INFO - Started process (PID=1901) to work on /home/beau/airflow/py_env/lib/python3.10/site-packages/airflow/example_dags/example_branch_datetime_operator.py
[2023-09-23T09:37:54.805-0400] {processor.py:829} INFO - Processing file /home/beau/airflow/py_env/lib/python3.10/site-packages/airflow/example_dags/example_branch_datetime_operator.py for tasks to queue
[2023-09-23T09:37:54.807-0400] {logging_mixin.py:151} INFO - [2023-09-23T09:37:54.806-0400] {dagbag.py:539} INFO - Filling up the DagBag from /home/beau/airflow/py_env/lib/python3.10/site-packages/airflow/example_dags/example_branch_datetime_operator.py
[2023-09-23T09:37:54.814-0400] {processor.py:839} INFO - DAG(s) dict_keys(['example_branch_datetime_operator', 'example_branch_datetime_operator_3', 'example_branch_datetime_operator_2']) retrieved from /home/beau/airflow/py_env/lib/python3.10/site-packages/airflow/example_dags/example_branch_datetime_operator.py
[2023-09-23T09:37:54.834-0400] {logging_mixin.py:151} INFO - [2023-09-23T09:37:54.834-0400] {dag.py:2915} INFO - Sync 3 DAGs
[2023-09-23T09:37:54.852-0400] {logging_mixin.py:151} INFO - [2023-09-23T09:37:54.852-0400] {dag.py:3696} INFO - Setting next_dagrun for example_branch_datetime_operator to 2023-09-22T00:00:00+00:00, run_after=2023-09-23T00:00:00+00:00
[2023-09-23T09:37:54.855-0400] {logging_mixin.py:151} INFO - [2023-09-23T09:37:54.855-0400] {dag.py:3696} INFO - Setting next_dagrun for example_branch_datetime_operator_2 to 2023-09-22T00:00:00+00:00, run_after=2023-09-23T00:00:00+00:00
[2023-09-23T09:37:54.858-0400] {logging_mixin.py:151} INFO - [2023-09-23T09:37:54.857-0400] {dag.py:3696} INFO - Setting next_dagrun for example_branch_datetime_operator_3 to 2023-09-22T00:00:00+00:00, run_after=2023-09-23T00:00:00+00:00
[2023-09-23T09:37:54.879-0400] {processor.py:179} INFO - Processing /home/beau/airflow/py_env/lib/python3.10/site-packages/airflow/example_dags/example_branch_datetime_operator.py took 0.079 seconds
[2023-09-23T09:38:42.403-0400] {processor.py:157} INFO - Started process (PID=2334) to work on /home/beau/airflow/py_env/lib/python3.10/site-packages/airflow/example_dags/example_branch_datetime_operator.py
[2023-09-23T09:38:42.406-0400] {processor.py:829} INFO - Processing file /home/beau/airflow/py_env/lib/python3.10/site-packages/airflow/example_dags/example_branch_datetime_operator.py for tasks to queue
[2023-09-23T09:38:42.407-0400] {logging_mixin.py:151} INFO - [2023-09-23T09:38:42.407-0400] {dagbag.py:539} INFO - Filling up the DagBag from /home/beau/airflow/py_env/lib/python3.10/site-packages/airflow/example_dags/example_branch_datetime_operator.py
[2023-09-23T09:38:42.421-0400] {processor.py:839} INFO - DAG(s) dict_keys(['example_branch_datetime_operator_3', 'example_branch_datetime_operator_2', 'example_branch_datetime_operator']) retrieved from /home/beau/airflow/py_env/lib/python3.10/site-packages/airflow/example_dags/example_branch_datetime_operator.py
[2023-09-23T09:38:42.453-0400] {logging_mixin.py:151} INFO - [2023-09-23T09:38:42.453-0400] {dag.py:2915} INFO - Sync 3 DAGs
[2023-09-23T09:38:42.471-0400] {logging_mixin.py:151} INFO - [2023-09-23T09:38:42.470-0400] {dag.py:3696} INFO - Setting next_dagrun for example_branch_datetime_operator to 2023-09-22T00:00:00+00:00, run_after=2023-09-23T00:00:00+00:00
[2023-09-23T09:38:42.475-0400] {logging_mixin.py:151} INFO - [2023-09-23T09:38:42.475-0400] {dag.py:3696} INFO - Setting next_dagrun for example_branch_datetime_operator_2 to 2023-09-22T00:00:00+00:00, run_after=2023-09-23T00:00:00+00:00
[2023-09-23T09:38:42.478-0400] {logging_mixin.py:151} INFO - [2023-09-23T09:38:42.477-0400] {dag.py:3696} INFO - Setting next_dagrun for example_branch_datetime_operator_3 to 2023-09-22T00:00:00+00:00, run_after=2023-09-23T00:00:00+00:00
[2023-09-23T09:38:42.500-0400] {processor.py:179} INFO - Processing /home/beau/airflow/py_env/lib/python3.10/site-packages/airflow/example_dags/example_branch_datetime_operator.py took 0.101 seconds
[2023-09-23T09:39:31.409-0400] {processor.py:157} INFO - Started process (PID=2891) to work on /home/beau/airflow/py_env/lib/python3.10/site-packages/airflow/example_dags/example_branch_datetime_operator.py
[2023-09-23T09:39:31.413-0400] {processor.py:829} INFO - Processing file /home/beau/airflow/py_env/lib/python3.10/site-packages/airflow/example_dags/example_branch_datetime_operator.py for tasks to queue
[2023-09-23T09:39:31.415-0400] {logging_mixin.py:151} INFO - [2023-09-23T09:39:31.414-0400] {dagbag.py:539} INFO - Filling up the DagBag from /home/beau/airflow/py_env/lib/python3.10/site-packages/airflow/example_dags/example_branch_datetime_operator.py
[2023-09-23T09:39:31.432-0400] {processor.py:839} INFO - DAG(s) dict_keys(['example_branch_datetime_operator_2', 'example_branch_datetime_operator', 'example_branch_datetime_operator_3']) retrieved from /home/beau/airflow/py_env/lib/python3.10/site-packages/airflow/example_dags/example_branch_datetime_operator.py
[2023-09-23T09:39:31.451-0400] {logging_mixin.py:151} INFO - [2023-09-23T09:39:31.451-0400] {dag.py:2915} INFO - Sync 3 DAGs
[2023-09-23T09:39:31.468-0400] {logging_mixin.py:151} INFO - [2023-09-23T09:39:31.468-0400] {dag.py:3696} INFO - Setting next_dagrun for example_branch_datetime_operator to 2023-09-22T00:00:00+00:00, run_after=2023-09-23T00:00:00+00:00
[2023-09-23T09:39:31.472-0400] {logging_mixin.py:151} INFO - [2023-09-23T09:39:31.471-0400] {dag.py:3696} INFO - Setting next_dagrun for example_branch_datetime_operator_2 to 2023-09-22T00:00:00+00:00, run_after=2023-09-23T00:00:00+00:00
[2023-09-23T09:39:31.474-0400] {logging_mixin.py:151} INFO - [2023-09-23T09:39:31.474-0400] {dag.py:3696} INFO - Setting next_dagrun for example_branch_datetime_operator_3 to 2023-09-22T00:00:00+00:00, run_after=2023-09-23T00:00:00+00:00
[2023-09-23T09:39:31.496-0400] {processor.py:179} INFO - Processing /home/beau/airflow/py_env/lib/python3.10/site-packages/airflow/example_dags/example_branch_datetime_operator.py took 0.095 seconds
[2023-09-23T09:40:23.492-0400] {processor.py:157} INFO - Started process (PID=3525) to work on /home/beau/airflow/py_env/lib/python3.10/site-packages/airflow/example_dags/example_branch_datetime_operator.py
[2023-09-23T09:40:23.497-0400] {processor.py:829} INFO - Processing file /home/beau/airflow/py_env/lib/python3.10/site-packages/airflow/example_dags/example_branch_datetime_operator.py for tasks to queue
[2023-09-23T09:40:23.499-0400] {logging_mixin.py:151} INFO - [2023-09-23T09:40:23.498-0400] {dagbag.py:539} INFO - Filling up the DagBag from /home/beau/airflow/py_env/lib/python3.10/site-packages/airflow/example_dags/example_branch_datetime_operator.py
[2023-09-23T09:40:23.514-0400] {processor.py:839} INFO - DAG(s) dict_keys(['example_branch_datetime_operator_2', 'example_branch_datetime_operator', 'example_branch_datetime_operator_3']) retrieved from /home/beau/airflow/py_env/lib/python3.10/site-packages/airflow/example_dags/example_branch_datetime_operator.py
[2023-09-23T09:40:23.534-0400] {logging_mixin.py:151} INFO - [2023-09-23T09:40:23.534-0400] {dag.py:2915} INFO - Sync 3 DAGs
[2023-09-23T09:40:23.550-0400] {logging_mixin.py:151} INFO - [2023-09-23T09:40:23.549-0400] {dag.py:3696} INFO - Setting next_dagrun for example_branch_datetime_operator to 2023-09-22T00:00:00+00:00, run_after=2023-09-23T00:00:00+00:00
[2023-09-23T09:40:23.553-0400] {logging_mixin.py:151} INFO - [2023-09-23T09:40:23.553-0400] {dag.py:3696} INFO - Setting next_dagrun for example_branch_datetime_operator_2 to 2023-09-22T00:00:00+00:00, run_after=2023-09-23T00:00:00+00:00
[2023-09-23T09:40:23.555-0400] {logging_mixin.py:151} INFO - [2023-09-23T09:40:23.555-0400] {dag.py:3696} INFO - Setting next_dagrun for example_branch_datetime_operator_3 to 2023-09-22T00:00:00+00:00, run_after=2023-09-23T00:00:00+00:00
[2023-09-23T09:40:23.577-0400] {processor.py:179} INFO - Processing /home/beau/airflow/py_env/lib/python3.10/site-packages/airflow/example_dags/example_branch_datetime_operator.py took 0.091 seconds
