[2023-09-23T09:06:13.173-0400] {processor.py:157} INFO - Started process (PID=11294) to work on /home/beau/airflow/py_env/lib/python3.10/site-packages/airflow/example_dags/example_setup_teardown.py
[2023-09-23T09:06:13.175-0400] {processor.py:829} INFO - Processing file /home/beau/airflow/py_env/lib/python3.10/site-packages/airflow/example_dags/example_setup_teardown.py for tasks to queue
[2023-09-23T09:06:13.176-0400] {logging_mixin.py:151} INFO - [2023-09-23T09:06:13.175-0400] {dagbag.py:539} INFO - Filling up the DagBag from /home/beau/airflow/py_env/lib/python3.10/site-packages/airflow/example_dags/example_setup_teardown.py
[2023-09-23T09:06:13.192-0400] {processor.py:839} INFO - DAG(s) dict_keys(['example_setup_teardown']) retrieved from /home/beau/airflow/py_env/lib/python3.10/site-packages/airflow/example_dags/example_setup_teardown.py
[2023-09-23T09:06:13.291-0400] {logging_mixin.py:151} INFO - [2023-09-23T09:06:13.291-0400] {manager.py:499} INFO - Created Permission View: %s
[2023-09-23T09:06:13.307-0400] {logging_mixin.py:151} INFO - [2023-09-23T09:06:13.306-0400] {manager.py:499} INFO - Created Permission View: %s
[2023-09-23T09:06:13.328-0400] {logging_mixin.py:151} INFO - [2023-09-23T09:06:13.328-0400] {manager.py:499} INFO - Created Permission View: %s
[2023-09-23T09:06:13.329-0400] {logging_mixin.py:151} INFO - [2023-09-23T09:06:13.329-0400] {security.py:708} INFO - Not syncing DAG-level permissions for DAG 'DAG:example_setup_teardown' as access control is unset.
[2023-09-23T09:06:13.330-0400] {logging_mixin.py:151} INFO - [2023-09-23T09:06:13.330-0400] {dag.py:2915} INFO - Sync 1 DAGs
[2023-09-23T09:06:13.351-0400] {logging_mixin.py:151} INFO - [2023-09-23T09:06:13.351-0400] {dag.py:2937} INFO - Creating ORM DAG for example_setup_teardown
[2023-09-23T09:06:13.364-0400] {logging_mixin.py:151} INFO - [2023-09-23T09:06:13.364-0400] {dag.py:3696} INFO - Setting next_dagrun for example_setup_teardown to 2023-09-22T13:06:13.364340+00:00, run_after=2023-09-23T13:06:13.364340+00:00
[2023-09-23T09:06:13.392-0400] {processor.py:179} INFO - Processing /home/beau/airflow/py_env/lib/python3.10/site-packages/airflow/example_dags/example_setup_teardown.py took 0.224 seconds
[2023-09-23T09:07:04.920-0400] {processor.py:157} INFO - Started process (PID=11766) to work on /home/beau/airflow/py_env/lib/python3.10/site-packages/airflow/example_dags/example_setup_teardown.py
[2023-09-23T09:07:04.923-0400] {processor.py:829} INFO - Processing file /home/beau/airflow/py_env/lib/python3.10/site-packages/airflow/example_dags/example_setup_teardown.py for tasks to queue
[2023-09-23T09:07:04.924-0400] {logging_mixin.py:151} INFO - [2023-09-23T09:07:04.924-0400] {dagbag.py:539} INFO - Filling up the DagBag from /home/beau/airflow/py_env/lib/python3.10/site-packages/airflow/example_dags/example_setup_teardown.py
[2023-09-23T09:07:04.939-0400] {processor.py:839} INFO - DAG(s) dict_keys(['example_setup_teardown']) retrieved from /home/beau/airflow/py_env/lib/python3.10/site-packages/airflow/example_dags/example_setup_teardown.py
[2023-09-23T09:07:04.957-0400] {logging_mixin.py:151} INFO - [2023-09-23T09:07:04.956-0400] {dag.py:2915} INFO - Sync 1 DAGs
[2023-09-23T09:07:04.972-0400] {logging_mixin.py:151} INFO - [2023-09-23T09:07:04.972-0400] {dag.py:3696} INFO - Setting next_dagrun for example_setup_teardown to 2023-09-22T13:07:04.972056+00:00, run_after=2023-09-23T13:07:04.972056+00:00
[2023-09-23T09:07:04.995-0400] {processor.py:179} INFO - Processing /home/beau/airflow/py_env/lib/python3.10/site-packages/airflow/example_dags/example_setup_teardown.py took 0.085 seconds
[2023-09-23T09:07:42.478-0400] {processor.py:157} INFO - Started process (PID=12006) to work on /home/beau/airflow/py_env/lib/python3.10/site-packages/airflow/example_dags/example_setup_teardown.py
[2023-09-23T09:07:42.481-0400] {processor.py:829} INFO - Processing file /home/beau/airflow/py_env/lib/python3.10/site-packages/airflow/example_dags/example_setup_teardown.py for tasks to queue
[2023-09-23T09:07:42.483-0400] {logging_mixin.py:151} INFO - [2023-09-23T09:07:42.482-0400] {dagbag.py:539} INFO - Filling up the DagBag from /home/beau/airflow/py_env/lib/python3.10/site-packages/airflow/example_dags/example_setup_teardown.py
[2023-09-23T09:07:42.501-0400] {processor.py:839} INFO - DAG(s) dict_keys(['example_setup_teardown']) retrieved from /home/beau/airflow/py_env/lib/python3.10/site-packages/airflow/example_dags/example_setup_teardown.py
[2023-09-23T09:07:42.524-0400] {logging_mixin.py:151} INFO - [2023-09-23T09:07:42.524-0400] {dag.py:2915} INFO - Sync 1 DAGs
[2023-09-23T09:07:42.545-0400] {logging_mixin.py:151} INFO - [2023-09-23T09:07:42.544-0400] {dag.py:3696} INFO - Setting next_dagrun for example_setup_teardown to 2023-09-22T13:07:42.544775+00:00, run_after=2023-09-23T13:07:42.544775+00:00
[2023-09-23T09:07:42.569-0400] {processor.py:179} INFO - Processing /home/beau/airflow/py_env/lib/python3.10/site-packages/airflow/example_dags/example_setup_teardown.py took 0.099 seconds
[2023-09-23T09:08:28.766-0400] {processor.py:157} INFO - Started process (PID=12246) to work on /home/beau/airflow/py_env/lib/python3.10/site-packages/airflow/example_dags/example_setup_teardown.py
[2023-09-23T09:08:28.771-0400] {processor.py:829} INFO - Processing file /home/beau/airflow/py_env/lib/python3.10/site-packages/airflow/example_dags/example_setup_teardown.py for tasks to queue
[2023-09-23T09:08:28.773-0400] {logging_mixin.py:151} INFO - [2023-09-23T09:08:28.772-0400] {dagbag.py:539} INFO - Filling up the DagBag from /home/beau/airflow/py_env/lib/python3.10/site-packages/airflow/example_dags/example_setup_teardown.py
[2023-09-23T09:08:28.788-0400] {processor.py:839} INFO - DAG(s) dict_keys(['example_setup_teardown']) retrieved from /home/beau/airflow/py_env/lib/python3.10/site-packages/airflow/example_dags/example_setup_teardown.py
[2023-09-23T09:08:28.802-0400] {logging_mixin.py:151} INFO - [2023-09-23T09:08:28.802-0400] {dag.py:2915} INFO - Sync 1 DAGs
[2023-09-23T09:08:28.817-0400] {logging_mixin.py:151} INFO - [2023-09-23T09:08:28.817-0400] {dag.py:3696} INFO - Setting next_dagrun for example_setup_teardown to 2023-09-22T13:08:28.816960+00:00, run_after=2023-09-23T13:08:28.816960+00:00
[2023-09-23T09:08:28.839-0400] {processor.py:179} INFO - Processing /home/beau/airflow/py_env/lib/python3.10/site-packages/airflow/example_dags/example_setup_teardown.py took 0.079 seconds
[2023-09-23T09:09:03.982-0400] {processor.py:157} INFO - Started process (PID=12631) to work on /home/beau/airflow/py_env/lib/python3.10/site-packages/airflow/example_dags/example_setup_teardown.py
[2023-09-23T09:09:03.986-0400] {processor.py:829} INFO - Processing file /home/beau/airflow/py_env/lib/python3.10/site-packages/airflow/example_dags/example_setup_teardown.py for tasks to queue
[2023-09-23T09:09:03.988-0400] {logging_mixin.py:151} INFO - [2023-09-23T09:09:03.987-0400] {dagbag.py:539} INFO - Filling up the DagBag from /home/beau/airflow/py_env/lib/python3.10/site-packages/airflow/example_dags/example_setup_teardown.py
[2023-09-23T09:09:04.002-0400] {processor.py:839} INFO - DAG(s) dict_keys(['example_setup_teardown']) retrieved from /home/beau/airflow/py_env/lib/python3.10/site-packages/airflow/example_dags/example_setup_teardown.py
[2023-09-23T09:09:04.014-0400] {logging_mixin.py:151} INFO - [2023-09-23T09:09:04.014-0400] {dag.py:2915} INFO - Sync 1 DAGs
[2023-09-23T09:09:04.030-0400] {logging_mixin.py:151} INFO - [2023-09-23T09:09:04.030-0400] {dag.py:3696} INFO - Setting next_dagrun for example_setup_teardown to 2023-09-22T13:09:04.030264+00:00, run_after=2023-09-23T13:09:04.030264+00:00
[2023-09-23T09:09:04.051-0400] {processor.py:179} INFO - Processing /home/beau/airflow/py_env/lib/python3.10/site-packages/airflow/example_dags/example_setup_teardown.py took 0.076 seconds
[2023-09-23T09:09:37.263-0400] {processor.py:157} INFO - Started process (PID=12817) to work on /home/beau/airflow/py_env/lib/python3.10/site-packages/airflow/example_dags/example_setup_teardown.py
[2023-09-23T09:09:37.266-0400] {processor.py:829} INFO - Processing file /home/beau/airflow/py_env/lib/python3.10/site-packages/airflow/example_dags/example_setup_teardown.py for tasks to queue
[2023-09-23T09:09:37.267-0400] {logging_mixin.py:151} INFO - [2023-09-23T09:09:37.267-0400] {dagbag.py:539} INFO - Filling up the DagBag from /home/beau/airflow/py_env/lib/python3.10/site-packages/airflow/example_dags/example_setup_teardown.py
[2023-09-23T09:09:37.275-0400] {processor.py:839} INFO - DAG(s) dict_keys(['example_setup_teardown']) retrieved from /home/beau/airflow/py_env/lib/python3.10/site-packages/airflow/example_dags/example_setup_teardown.py
[2023-09-23T09:09:37.290-0400] {logging_mixin.py:151} INFO - [2023-09-23T09:09:37.290-0400] {dag.py:2915} INFO - Sync 1 DAGs
[2023-09-23T09:09:37.309-0400] {logging_mixin.py:151} INFO - [2023-09-23T09:09:37.309-0400] {dag.py:3696} INFO - Setting next_dagrun for example_setup_teardown to 2023-09-22T13:09:37.308916+00:00, run_after=2023-09-23T13:09:37.308916+00:00
[2023-09-23T09:09:37.333-0400] {processor.py:179} INFO - Processing /home/beau/airflow/py_env/lib/python3.10/site-packages/airflow/example_dags/example_setup_teardown.py took 0.074 seconds
[2023-09-23T09:10:09.486-0400] {processor.py:157} INFO - Started process (PID=13004) to work on /home/beau/airflow/py_env/lib/python3.10/site-packages/airflow/example_dags/example_setup_teardown.py
[2023-09-23T09:10:09.490-0400] {processor.py:829} INFO - Processing file /home/beau/airflow/py_env/lib/python3.10/site-packages/airflow/example_dags/example_setup_teardown.py for tasks to queue
[2023-09-23T09:10:09.491-0400] {logging_mixin.py:151} INFO - [2023-09-23T09:10:09.490-0400] {dagbag.py:539} INFO - Filling up the DagBag from /home/beau/airflow/py_env/lib/python3.10/site-packages/airflow/example_dags/example_setup_teardown.py
[2023-09-23T09:10:09.503-0400] {processor.py:839} INFO - DAG(s) dict_keys(['example_setup_teardown']) retrieved from /home/beau/airflow/py_env/lib/python3.10/site-packages/airflow/example_dags/example_setup_teardown.py
[2023-09-23T09:10:09.522-0400] {logging_mixin.py:151} INFO - [2023-09-23T09:10:09.521-0400] {dag.py:2915} INFO - Sync 1 DAGs
[2023-09-23T09:10:09.544-0400] {logging_mixin.py:151} INFO - [2023-09-23T09:10:09.543-0400] {dag.py:3696} INFO - Setting next_dagrun for example_setup_teardown to 2023-09-22T13:10:09.543376+00:00, run_after=2023-09-23T13:10:09.543376+00:00
[2023-09-23T09:10:09.594-0400] {processor.py:179} INFO - Processing /home/beau/airflow/py_env/lib/python3.10/site-packages/airflow/example_dags/example_setup_teardown.py took 0.112 seconds
[2023-09-23T09:10:58.211-0400] {processor.py:157} INFO - Started process (PID=13315) to work on /home/beau/airflow/py_env/lib/python3.10/site-packages/airflow/example_dags/example_setup_teardown.py
[2023-09-23T09:10:58.215-0400] {processor.py:829} INFO - Processing file /home/beau/airflow/py_env/lib/python3.10/site-packages/airflow/example_dags/example_setup_teardown.py for tasks to queue
[2023-09-23T09:10:58.216-0400] {logging_mixin.py:151} INFO - [2023-09-23T09:10:58.216-0400] {dagbag.py:539} INFO - Filling up the DagBag from /home/beau/airflow/py_env/lib/python3.10/site-packages/airflow/example_dags/example_setup_teardown.py
[2023-09-23T09:10:58.226-0400] {processor.py:839} INFO - DAG(s) dict_keys(['example_setup_teardown']) retrieved from /home/beau/airflow/py_env/lib/python3.10/site-packages/airflow/example_dags/example_setup_teardown.py
[2023-09-23T09:10:58.243-0400] {logging_mixin.py:151} INFO - [2023-09-23T09:10:58.243-0400] {dag.py:2915} INFO - Sync 1 DAGs
[2023-09-23T09:10:58.257-0400] {logging_mixin.py:151} INFO - [2023-09-23T09:10:58.257-0400] {dag.py:3696} INFO - Setting next_dagrun for example_setup_teardown to 2023-09-22T13:10:58.257516+00:00, run_after=2023-09-23T13:10:58.257516+00:00
[2023-09-23T09:10:58.289-0400] {processor.py:179} INFO - Processing /home/beau/airflow/py_env/lib/python3.10/site-packages/airflow/example_dags/example_setup_teardown.py took 0.082 seconds
[2023-09-23T09:11:30.946-0400] {processor.py:157} INFO - Started process (PID=13631) to work on /home/beau/airflow/py_env/lib/python3.10/site-packages/airflow/example_dags/example_setup_teardown.py
[2023-09-23T09:11:30.950-0400] {processor.py:829} INFO - Processing file /home/beau/airflow/py_env/lib/python3.10/site-packages/airflow/example_dags/example_setup_teardown.py for tasks to queue
[2023-09-23T09:11:30.952-0400] {logging_mixin.py:151} INFO - [2023-09-23T09:11:30.952-0400] {dagbag.py:539} INFO - Filling up the DagBag from /home/beau/airflow/py_env/lib/python3.10/site-packages/airflow/example_dags/example_setup_teardown.py
[2023-09-23T09:11:30.965-0400] {processor.py:839} INFO - DAG(s) dict_keys(['example_setup_teardown']) retrieved from /home/beau/airflow/py_env/lib/python3.10/site-packages/airflow/example_dags/example_setup_teardown.py
[2023-09-23T09:11:30.991-0400] {logging_mixin.py:151} INFO - [2023-09-23T09:11:30.991-0400] {dag.py:2915} INFO - Sync 1 DAGs
[2023-09-23T09:11:31.006-0400] {logging_mixin.py:151} INFO - [2023-09-23T09:11:31.006-0400] {dag.py:3696} INFO - Setting next_dagrun for example_setup_teardown to 2023-09-22T13:11:31.006199+00:00, run_after=2023-09-23T13:11:31.006199+00:00
[2023-09-23T09:11:31.031-0400] {processor.py:179} INFO - Processing /home/beau/airflow/py_env/lib/python3.10/site-packages/airflow/example_dags/example_setup_teardown.py took 0.090 seconds
[2023-09-23T09:12:04.372-0400] {processor.py:157} INFO - Started process (PID=13797) to work on /home/beau/airflow/py_env/lib/python3.10/site-packages/airflow/example_dags/example_setup_teardown.py
[2023-09-23T09:12:04.376-0400] {processor.py:829} INFO - Processing file /home/beau/airflow/py_env/lib/python3.10/site-packages/airflow/example_dags/example_setup_teardown.py for tasks to queue
[2023-09-23T09:12:04.377-0400] {logging_mixin.py:151} INFO - [2023-09-23T09:12:04.376-0400] {dagbag.py:539} INFO - Filling up the DagBag from /home/beau/airflow/py_env/lib/python3.10/site-packages/airflow/example_dags/example_setup_teardown.py
[2023-09-23T09:12:04.386-0400] {processor.py:839} INFO - DAG(s) dict_keys(['example_setup_teardown']) retrieved from /home/beau/airflow/py_env/lib/python3.10/site-packages/airflow/example_dags/example_setup_teardown.py
[2023-09-23T09:12:04.404-0400] {logging_mixin.py:151} INFO - [2023-09-23T09:12:04.404-0400] {dag.py:2915} INFO - Sync 1 DAGs
[2023-09-23T09:12:04.423-0400] {logging_mixin.py:151} INFO - [2023-09-23T09:12:04.423-0400] {dag.py:3696} INFO - Setting next_dagrun for example_setup_teardown to 2023-09-22T13:12:04.423460+00:00, run_after=2023-09-23T13:12:04.423460+00:00
[2023-09-23T09:12:04.446-0400] {processor.py:179} INFO - Processing /home/beau/airflow/py_env/lib/python3.10/site-packages/airflow/example_dags/example_setup_teardown.py took 0.081 seconds
[2023-09-23T09:12:37.744-0400] {processor.py:157} INFO - Started process (PID=14106) to work on /home/beau/airflow/py_env/lib/python3.10/site-packages/airflow/example_dags/example_setup_teardown.py
[2023-09-23T09:12:37.748-0400] {processor.py:829} INFO - Processing file /home/beau/airflow/py_env/lib/python3.10/site-packages/airflow/example_dags/example_setup_teardown.py for tasks to queue
[2023-09-23T09:12:37.750-0400] {logging_mixin.py:151} INFO - [2023-09-23T09:12:37.749-0400] {dagbag.py:539} INFO - Filling up the DagBag from /home/beau/airflow/py_env/lib/python3.10/site-packages/airflow/example_dags/example_setup_teardown.py
[2023-09-23T09:12:37.764-0400] {processor.py:839} INFO - DAG(s) dict_keys(['example_setup_teardown']) retrieved from /home/beau/airflow/py_env/lib/python3.10/site-packages/airflow/example_dags/example_setup_teardown.py
[2023-09-23T09:12:37.783-0400] {logging_mixin.py:151} INFO - [2023-09-23T09:12:37.783-0400] {dag.py:2915} INFO - Sync 1 DAGs
[2023-09-23T09:12:37.798-0400] {logging_mixin.py:151} INFO - [2023-09-23T09:12:37.798-0400] {dag.py:3696} INFO - Setting next_dagrun for example_setup_teardown to 2023-09-22T13:12:37.797915+00:00, run_after=2023-09-23T13:12:37.797915+00:00
[2023-09-23T09:12:37.819-0400] {processor.py:179} INFO - Processing /home/beau/airflow/py_env/lib/python3.10/site-packages/airflow/example_dags/example_setup_teardown.py took 0.080 seconds
[2023-09-23T09:13:25.985-0400] {processor.py:157} INFO - Started process (PID=14644) to work on /home/beau/airflow/py_env/lib/python3.10/site-packages/airflow/example_dags/example_setup_teardown.py
[2023-09-23T09:13:25.989-0400] {processor.py:829} INFO - Processing file /home/beau/airflow/py_env/lib/python3.10/site-packages/airflow/example_dags/example_setup_teardown.py for tasks to queue
[2023-09-23T09:13:25.990-0400] {logging_mixin.py:151} INFO - [2023-09-23T09:13:25.989-0400] {dagbag.py:539} INFO - Filling up the DagBag from /home/beau/airflow/py_env/lib/python3.10/site-packages/airflow/example_dags/example_setup_teardown.py
[2023-09-23T09:13:25.998-0400] {processor.py:839} INFO - DAG(s) dict_keys(['example_setup_teardown']) retrieved from /home/beau/airflow/py_env/lib/python3.10/site-packages/airflow/example_dags/example_setup_teardown.py
[2023-09-23T09:13:26.016-0400] {logging_mixin.py:151} INFO - [2023-09-23T09:13:26.015-0400] {dag.py:2915} INFO - Sync 1 DAGs
[2023-09-23T09:13:26.033-0400] {logging_mixin.py:151} INFO - [2023-09-23T09:13:26.033-0400] {dag.py:3696} INFO - Setting next_dagrun for example_setup_teardown to 2023-09-22T13:13:26.033265+00:00, run_after=2023-09-23T13:13:26.033265+00:00
[2023-09-23T09:13:26.062-0400] {processor.py:179} INFO - Processing /home/beau/airflow/py_env/lib/python3.10/site-packages/airflow/example_dags/example_setup_teardown.py took 0.083 seconds
[2023-09-23T09:13:59.610-0400] {processor.py:157} INFO - Started process (PID=14901) to work on /home/beau/airflow/py_env/lib/python3.10/site-packages/airflow/example_dags/example_setup_teardown.py
[2023-09-23T09:13:59.611-0400] {processor.py:829} INFO - Processing file /home/beau/airflow/py_env/lib/python3.10/site-packages/airflow/example_dags/example_setup_teardown.py for tasks to queue
[2023-09-23T09:13:59.612-0400] {logging_mixin.py:151} INFO - [2023-09-23T09:13:59.612-0400] {dagbag.py:539} INFO - Filling up the DagBag from /home/beau/airflow/py_env/lib/python3.10/site-packages/airflow/example_dags/example_setup_teardown.py
[2023-09-23T09:13:59.620-0400] {processor.py:839} INFO - DAG(s) dict_keys(['example_setup_teardown']) retrieved from /home/beau/airflow/py_env/lib/python3.10/site-packages/airflow/example_dags/example_setup_teardown.py
[2023-09-23T09:13:59.634-0400] {logging_mixin.py:151} INFO - [2023-09-23T09:13:59.634-0400] {dag.py:2915} INFO - Sync 1 DAGs
[2023-09-23T09:13:59.649-0400] {logging_mixin.py:151} INFO - [2023-09-23T09:13:59.649-0400] {dag.py:3696} INFO - Setting next_dagrun for example_setup_teardown to 2023-09-22T13:13:59.649603+00:00, run_after=2023-09-23T13:13:59.649603+00:00
[2023-09-23T09:13:59.672-0400] {processor.py:179} INFO - Processing /home/beau/airflow/py_env/lib/python3.10/site-packages/airflow/example_dags/example_setup_teardown.py took 0.065 seconds
[2023-09-23T09:14:47.482-0400] {processor.py:157} INFO - Started process (PID=15271) to work on /home/beau/airflow/py_env/lib/python3.10/site-packages/airflow/example_dags/example_setup_teardown.py
[2023-09-23T09:14:47.486-0400] {processor.py:829} INFO - Processing file /home/beau/airflow/py_env/lib/python3.10/site-packages/airflow/example_dags/example_setup_teardown.py for tasks to queue
[2023-09-23T09:14:47.487-0400] {logging_mixin.py:151} INFO - [2023-09-23T09:14:47.486-0400] {dagbag.py:539} INFO - Filling up the DagBag from /home/beau/airflow/py_env/lib/python3.10/site-packages/airflow/example_dags/example_setup_teardown.py
[2023-09-23T09:14:47.493-0400] {processor.py:839} INFO - DAG(s) dict_keys(['example_setup_teardown']) retrieved from /home/beau/airflow/py_env/lib/python3.10/site-packages/airflow/example_dags/example_setup_teardown.py
[2023-09-23T09:14:47.505-0400] {logging_mixin.py:151} INFO - [2023-09-23T09:14:47.505-0400] {dag.py:2915} INFO - Sync 1 DAGs
[2023-09-23T09:14:47.520-0400] {logging_mixin.py:151} INFO - [2023-09-23T09:14:47.519-0400] {dag.py:3696} INFO - Setting next_dagrun for example_setup_teardown to 2023-09-22T13:14:47.519809+00:00, run_after=2023-09-23T13:14:47.519809+00:00
[2023-09-23T09:14:47.541-0400] {processor.py:179} INFO - Processing /home/beau/airflow/py_env/lib/python3.10/site-packages/airflow/example_dags/example_setup_teardown.py took 0.061 seconds
[2023-09-23T09:15:22.465-0400] {processor.py:157} INFO - Started process (PID=15462) to work on /home/beau/airflow/py_env/lib/python3.10/site-packages/airflow/example_dags/example_setup_teardown.py
[2023-09-23T09:15:22.466-0400] {processor.py:829} INFO - Processing file /home/beau/airflow/py_env/lib/python3.10/site-packages/airflow/example_dags/example_setup_teardown.py for tasks to queue
[2023-09-23T09:15:22.468-0400] {logging_mixin.py:151} INFO - [2023-09-23T09:15:22.467-0400] {dagbag.py:539} INFO - Filling up the DagBag from /home/beau/airflow/py_env/lib/python3.10/site-packages/airflow/example_dags/example_setup_teardown.py
[2023-09-23T09:15:22.477-0400] {processor.py:839} INFO - DAG(s) dict_keys(['example_setup_teardown']) retrieved from /home/beau/airflow/py_env/lib/python3.10/site-packages/airflow/example_dags/example_setup_teardown.py
[2023-09-23T09:15:22.494-0400] {logging_mixin.py:151} INFO - [2023-09-23T09:15:22.494-0400] {dag.py:2915} INFO - Sync 1 DAGs
[2023-09-23T09:15:22.522-0400] {logging_mixin.py:151} INFO - [2023-09-23T09:15:22.522-0400] {dag.py:3696} INFO - Setting next_dagrun for example_setup_teardown to 2023-09-22T13:15:22.521965+00:00, run_after=2023-09-23T13:15:22.521965+00:00
[2023-09-23T09:15:22.555-0400] {processor.py:179} INFO - Processing /home/beau/airflow/py_env/lib/python3.10/site-packages/airflow/example_dags/example_setup_teardown.py took 0.094 seconds
[2023-09-23T09:17:17.200-0400] {processor.py:157} INFO - Started process (PID=16698) to work on /home/beau/airflow/py_env/lib/python3.10/site-packages/airflow/example_dags/example_setup_teardown.py
[2023-09-23T09:17:17.204-0400] {processor.py:829} INFO - Processing file /home/beau/airflow/py_env/lib/python3.10/site-packages/airflow/example_dags/example_setup_teardown.py for tasks to queue
[2023-09-23T09:17:17.205-0400] {logging_mixin.py:151} INFO - [2023-09-23T09:17:17.205-0400] {dagbag.py:539} INFO - Filling up the DagBag from /home/beau/airflow/py_env/lib/python3.10/site-packages/airflow/example_dags/example_setup_teardown.py
[2023-09-23T09:17:17.230-0400] {processor.py:839} INFO - DAG(s) dict_keys(['example_setup_teardown']) retrieved from /home/beau/airflow/py_env/lib/python3.10/site-packages/airflow/example_dags/example_setup_teardown.py
[2023-09-23T09:17:17.245-0400] {logging_mixin.py:151} INFO - [2023-09-23T09:17:17.245-0400] {dag.py:2915} INFO - Sync 1 DAGs
[2023-09-23T09:17:17.268-0400] {logging_mixin.py:151} INFO - [2023-09-23T09:17:17.268-0400] {dag.py:3696} INFO - Setting next_dagrun for example_setup_teardown to 2023-09-22T13:17:17.267820+00:00, run_after=2023-09-23T13:17:17.267820+00:00
[2023-09-23T09:17:17.296-0400] {processor.py:179} INFO - Processing /home/beau/airflow/py_env/lib/python3.10/site-packages/airflow/example_dags/example_setup_teardown.py took 0.100 seconds
[2023-09-23T09:18:04.702-0400] {processor.py:157} INFO - Started process (PID=16969) to work on /home/beau/airflow/py_env/lib/python3.10/site-packages/airflow/example_dags/example_setup_teardown.py
[2023-09-23T09:18:04.707-0400] {processor.py:829} INFO - Processing file /home/beau/airflow/py_env/lib/python3.10/site-packages/airflow/example_dags/example_setup_teardown.py for tasks to queue
[2023-09-23T09:18:04.709-0400] {logging_mixin.py:151} INFO - [2023-09-23T09:18:04.708-0400] {dagbag.py:539} INFO - Filling up the DagBag from /home/beau/airflow/py_env/lib/python3.10/site-packages/airflow/example_dags/example_setup_teardown.py
[2023-09-23T09:18:04.724-0400] {processor.py:839} INFO - DAG(s) dict_keys(['example_setup_teardown']) retrieved from /home/beau/airflow/py_env/lib/python3.10/site-packages/airflow/example_dags/example_setup_teardown.py
[2023-09-23T09:18:04.742-0400] {logging_mixin.py:151} INFO - [2023-09-23T09:18:04.742-0400] {dag.py:2915} INFO - Sync 1 DAGs
[2023-09-23T09:18:04.759-0400] {logging_mixin.py:151} INFO - [2023-09-23T09:18:04.759-0400] {dag.py:3696} INFO - Setting next_dagrun for example_setup_teardown to 2023-09-22T13:18:04.759558+00:00, run_after=2023-09-23T13:18:04.759558+00:00
[2023-09-23T09:18:04.783-0400] {processor.py:179} INFO - Processing /home/beau/airflow/py_env/lib/python3.10/site-packages/airflow/example_dags/example_setup_teardown.py took 0.089 seconds
[2023-09-23T09:18:51.546-0400] {processor.py:157} INFO - Started process (PID=17239) to work on /home/beau/airflow/py_env/lib/python3.10/site-packages/airflow/example_dags/example_setup_teardown.py
[2023-09-23T09:18:51.549-0400] {processor.py:829} INFO - Processing file /home/beau/airflow/py_env/lib/python3.10/site-packages/airflow/example_dags/example_setup_teardown.py for tasks to queue
[2023-09-23T09:18:51.550-0400] {logging_mixin.py:151} INFO - [2023-09-23T09:18:51.550-0400] {dagbag.py:539} INFO - Filling up the DagBag from /home/beau/airflow/py_env/lib/python3.10/site-packages/airflow/example_dags/example_setup_teardown.py
[2023-09-23T09:18:51.559-0400] {processor.py:839} INFO - DAG(s) dict_keys(['example_setup_teardown']) retrieved from /home/beau/airflow/py_env/lib/python3.10/site-packages/airflow/example_dags/example_setup_teardown.py
[2023-09-23T09:18:51.577-0400] {logging_mixin.py:151} INFO - [2023-09-23T09:18:51.577-0400] {dag.py:2915} INFO - Sync 1 DAGs
[2023-09-23T09:18:51.599-0400] {logging_mixin.py:151} INFO - [2023-09-23T09:18:51.599-0400] {dag.py:3696} INFO - Setting next_dagrun for example_setup_teardown to 2023-09-22T13:18:51.598831+00:00, run_after=2023-09-23T13:18:51.598831+00:00
[2023-09-23T09:18:51.628-0400] {processor.py:179} INFO - Processing /home/beau/airflow/py_env/lib/python3.10/site-packages/airflow/example_dags/example_setup_teardown.py took 0.085 seconds
[2023-09-23T09:19:27.425-0400] {processor.py:157} INFO - Started process (PID=17463) to work on /home/beau/airflow/py_env/lib/python3.10/site-packages/airflow/example_dags/example_setup_teardown.py
[2023-09-23T09:19:27.427-0400] {processor.py:829} INFO - Processing file /home/beau/airflow/py_env/lib/python3.10/site-packages/airflow/example_dags/example_setup_teardown.py for tasks to queue
[2023-09-23T09:19:27.428-0400] {logging_mixin.py:151} INFO - [2023-09-23T09:19:27.428-0400] {dagbag.py:539} INFO - Filling up the DagBag from /home/beau/airflow/py_env/lib/python3.10/site-packages/airflow/example_dags/example_setup_teardown.py
[2023-09-23T09:19:27.439-0400] {processor.py:839} INFO - DAG(s) dict_keys(['example_setup_teardown']) retrieved from /home/beau/airflow/py_env/lib/python3.10/site-packages/airflow/example_dags/example_setup_teardown.py
[2023-09-23T09:19:27.457-0400] {logging_mixin.py:151} INFO - [2023-09-23T09:19:27.456-0400] {dag.py:2915} INFO - Sync 1 DAGs
[2023-09-23T09:19:27.473-0400] {logging_mixin.py:151} INFO - [2023-09-23T09:19:27.473-0400] {dag.py:3696} INFO - Setting next_dagrun for example_setup_teardown to 2023-09-22T13:19:27.473208+00:00, run_after=2023-09-23T13:19:27.473208+00:00
[2023-09-23T09:19:27.499-0400] {processor.py:179} INFO - Processing /home/beau/airflow/py_env/lib/python3.10/site-packages/airflow/example_dags/example_setup_teardown.py took 0.079 seconds
[2023-09-23T09:20:06.134-0400] {processor.py:157} INFO - Started process (PID=17611) to work on /home/beau/airflow/py_env/lib/python3.10/site-packages/airflow/example_dags/example_setup_teardown.py
[2023-09-23T09:20:06.138-0400] {processor.py:829} INFO - Processing file /home/beau/airflow/py_env/lib/python3.10/site-packages/airflow/example_dags/example_setup_teardown.py for tasks to queue
[2023-09-23T09:20:06.139-0400] {logging_mixin.py:151} INFO - [2023-09-23T09:20:06.139-0400] {dagbag.py:539} INFO - Filling up the DagBag from /home/beau/airflow/py_env/lib/python3.10/site-packages/airflow/example_dags/example_setup_teardown.py
[2023-09-23T09:20:06.151-0400] {processor.py:839} INFO - DAG(s) dict_keys(['example_setup_teardown']) retrieved from /home/beau/airflow/py_env/lib/python3.10/site-packages/airflow/example_dags/example_setup_teardown.py
[2023-09-23T09:20:06.169-0400] {logging_mixin.py:151} INFO - [2023-09-23T09:20:06.168-0400] {dag.py:2915} INFO - Sync 1 DAGs
[2023-09-23T09:20:06.189-0400] {logging_mixin.py:151} INFO - [2023-09-23T09:20:06.189-0400] {dag.py:3696} INFO - Setting next_dagrun for example_setup_teardown to 2023-09-22T13:20:06.189507+00:00, run_after=2023-09-23T13:20:06.189507+00:00
[2023-09-23T09:20:06.222-0400] {processor.py:179} INFO - Processing /home/beau/airflow/py_env/lib/python3.10/site-packages/airflow/example_dags/example_setup_teardown.py took 0.092 seconds
[2023-09-23T09:20:45.546-0400] {processor.py:157} INFO - Started process (PID=17843) to work on /home/beau/airflow/py_env/lib/python3.10/site-packages/airflow/example_dags/example_setup_teardown.py
[2023-09-23T09:20:45.551-0400] {processor.py:829} INFO - Processing file /home/beau/airflow/py_env/lib/python3.10/site-packages/airflow/example_dags/example_setup_teardown.py for tasks to queue
[2023-09-23T09:20:45.552-0400] {logging_mixin.py:151} INFO - [2023-09-23T09:20:45.552-0400] {dagbag.py:539} INFO - Filling up the DagBag from /home/beau/airflow/py_env/lib/python3.10/site-packages/airflow/example_dags/example_setup_teardown.py
[2023-09-23T09:20:45.565-0400] {processor.py:839} INFO - DAG(s) dict_keys(['example_setup_teardown']) retrieved from /home/beau/airflow/py_env/lib/python3.10/site-packages/airflow/example_dags/example_setup_teardown.py
[2023-09-23T09:20:45.582-0400] {logging_mixin.py:151} INFO - [2023-09-23T09:20:45.581-0400] {dag.py:2915} INFO - Sync 1 DAGs
[2023-09-23T09:20:45.599-0400] {logging_mixin.py:151} INFO - [2023-09-23T09:20:45.599-0400] {dag.py:3696} INFO - Setting next_dagrun for example_setup_teardown to 2023-09-22T13:20:45.598965+00:00, run_after=2023-09-23T13:20:45.598965+00:00
[2023-09-23T09:20:45.623-0400] {processor.py:179} INFO - Processing /home/beau/airflow/py_env/lib/python3.10/site-packages/airflow/example_dags/example_setup_teardown.py took 0.082 seconds
[2023-09-23T09:21:24.703-0400] {processor.py:157} INFO - Started process (PID=18077) to work on /home/beau/airflow/py_env/lib/python3.10/site-packages/airflow/example_dags/example_setup_teardown.py
[2023-09-23T09:21:24.706-0400] {processor.py:829} INFO - Processing file /home/beau/airflow/py_env/lib/python3.10/site-packages/airflow/example_dags/example_setup_teardown.py for tasks to queue
[2023-09-23T09:21:24.707-0400] {logging_mixin.py:151} INFO - [2023-09-23T09:21:24.707-0400] {dagbag.py:539} INFO - Filling up the DagBag from /home/beau/airflow/py_env/lib/python3.10/site-packages/airflow/example_dags/example_setup_teardown.py
[2023-09-23T09:21:24.713-0400] {processor.py:839} INFO - DAG(s) dict_keys(['example_setup_teardown']) retrieved from /home/beau/airflow/py_env/lib/python3.10/site-packages/airflow/example_dags/example_setup_teardown.py
[2023-09-23T09:21:24.727-0400] {logging_mixin.py:151} INFO - [2023-09-23T09:21:24.727-0400] {dag.py:2915} INFO - Sync 1 DAGs
[2023-09-23T09:21:24.744-0400] {logging_mixin.py:151} INFO - [2023-09-23T09:21:24.744-0400] {dag.py:3696} INFO - Setting next_dagrun for example_setup_teardown to 2023-09-22T13:21:24.744459+00:00, run_after=2023-09-23T13:21:24.744459+00:00
[2023-09-23T09:21:24.767-0400] {processor.py:179} INFO - Processing /home/beau/airflow/py_env/lib/python3.10/site-packages/airflow/example_dags/example_setup_teardown.py took 0.067 seconds
[2023-09-23T09:23:35.230-0400] {processor.py:157} INFO - Started process (PID=19167) to work on /home/beau/airflow/py_env/lib/python3.10/site-packages/airflow/example_dags/example_setup_teardown.py
[2023-09-23T09:23:35.234-0400] {processor.py:829} INFO - Processing file /home/beau/airflow/py_env/lib/python3.10/site-packages/airflow/example_dags/example_setup_teardown.py for tasks to queue
[2023-09-23T09:23:35.235-0400] {logging_mixin.py:151} INFO - [2023-09-23T09:23:35.235-0400] {dagbag.py:539} INFO - Filling up the DagBag from /home/beau/airflow/py_env/lib/python3.10/site-packages/airflow/example_dags/example_setup_teardown.py
[2023-09-23T09:23:35.244-0400] {processor.py:839} INFO - DAG(s) dict_keys(['example_setup_teardown']) retrieved from /home/beau/airflow/py_env/lib/python3.10/site-packages/airflow/example_dags/example_setup_teardown.py
[2023-09-23T09:23:35.251-0400] {logging_mixin.py:151} INFO - [2023-09-23T09:23:35.251-0400] {dag.py:2915} INFO - Sync 1 DAGs
[2023-09-23T09:23:35.268-0400] {logging_mixin.py:151} INFO - [2023-09-23T09:23:35.268-0400] {dag.py:3696} INFO - Setting next_dagrun for example_setup_teardown to 2023-09-22T13:23:35.268626+00:00, run_after=2023-09-23T13:23:35.268626+00:00
[2023-09-23T09:23:35.294-0400] {processor.py:179} INFO - Processing /home/beau/airflow/py_env/lib/python3.10/site-packages/airflow/example_dags/example_setup_teardown.py took 0.066 seconds
[2023-09-23T09:24:22.883-0400] {processor.py:157} INFO - Started process (PID=19459) to work on /home/beau/airflow/py_env/lib/python3.10/site-packages/airflow/example_dags/example_setup_teardown.py
[2023-09-23T09:24:22.887-0400] {processor.py:829} INFO - Processing file /home/beau/airflow/py_env/lib/python3.10/site-packages/airflow/example_dags/example_setup_teardown.py for tasks to queue
[2023-09-23T09:24:22.888-0400] {logging_mixin.py:151} INFO - [2023-09-23T09:24:22.888-0400] {dagbag.py:539} INFO - Filling up the DagBag from /home/beau/airflow/py_env/lib/python3.10/site-packages/airflow/example_dags/example_setup_teardown.py
[2023-09-23T09:24:22.901-0400] {processor.py:839} INFO - DAG(s) dict_keys(['example_setup_teardown']) retrieved from /home/beau/airflow/py_env/lib/python3.10/site-packages/airflow/example_dags/example_setup_teardown.py
[2023-09-23T09:24:22.934-0400] {logging_mixin.py:151} INFO - [2023-09-23T09:24:22.933-0400] {dag.py:2915} INFO - Sync 1 DAGs
[2023-09-23T09:24:22.955-0400] {logging_mixin.py:151} INFO - [2023-09-23T09:24:22.955-0400] {dag.py:3696} INFO - Setting next_dagrun for example_setup_teardown to 2023-09-22T13:24:22.955325+00:00, run_after=2023-09-23T13:24:22.955325+00:00
[2023-09-23T09:24:22.985-0400] {processor.py:179} INFO - Processing /home/beau/airflow/py_env/lib/python3.10/site-packages/airflow/example_dags/example_setup_teardown.py took 0.105 seconds
[2023-09-23T09:25:10.817-0400] {processor.py:157} INFO - Started process (PID=19752) to work on /home/beau/airflow/py_env/lib/python3.10/site-packages/airflow/example_dags/example_setup_teardown.py
[2023-09-23T09:25:10.820-0400] {processor.py:829} INFO - Processing file /home/beau/airflow/py_env/lib/python3.10/site-packages/airflow/example_dags/example_setup_teardown.py for tasks to queue
[2023-09-23T09:25:10.821-0400] {logging_mixin.py:151} INFO - [2023-09-23T09:25:10.820-0400] {dagbag.py:539} INFO - Filling up the DagBag from /home/beau/airflow/py_env/lib/python3.10/site-packages/airflow/example_dags/example_setup_teardown.py
[2023-09-23T09:25:10.829-0400] {processor.py:839} INFO - DAG(s) dict_keys(['example_setup_teardown']) retrieved from /home/beau/airflow/py_env/lib/python3.10/site-packages/airflow/example_dags/example_setup_teardown.py
[2023-09-23T09:25:10.844-0400] {logging_mixin.py:151} INFO - [2023-09-23T09:25:10.844-0400] {dag.py:2915} INFO - Sync 1 DAGs
[2023-09-23T09:25:10.865-0400] {logging_mixin.py:151} INFO - [2023-09-23T09:25:10.865-0400] {dag.py:3696} INFO - Setting next_dagrun for example_setup_teardown to 2023-09-22T13:25:10.865441+00:00, run_after=2023-09-23T13:25:10.865441+00:00
[2023-09-23T09:25:10.891-0400] {processor.py:179} INFO - Processing /home/beau/airflow/py_env/lib/python3.10/site-packages/airflow/example_dags/example_setup_teardown.py took 0.078 seconds
[2023-09-23T09:25:45.474-0400] {processor.py:157} INFO - Started process (PID=19991) to work on /home/beau/airflow/py_env/lib/python3.10/site-packages/airflow/example_dags/example_setup_teardown.py
[2023-09-23T09:25:45.478-0400] {processor.py:829} INFO - Processing file /home/beau/airflow/py_env/lib/python3.10/site-packages/airflow/example_dags/example_setup_teardown.py for tasks to queue
[2023-09-23T09:25:45.479-0400] {logging_mixin.py:151} INFO - [2023-09-23T09:25:45.478-0400] {dagbag.py:539} INFO - Filling up the DagBag from /home/beau/airflow/py_env/lib/python3.10/site-packages/airflow/example_dags/example_setup_teardown.py
[2023-09-23T09:25:45.487-0400] {processor.py:839} INFO - DAG(s) dict_keys(['example_setup_teardown']) retrieved from /home/beau/airflow/py_env/lib/python3.10/site-packages/airflow/example_dags/example_setup_teardown.py
[2023-09-23T09:25:45.501-0400] {logging_mixin.py:151} INFO - [2023-09-23T09:25:45.501-0400] {dag.py:2915} INFO - Sync 1 DAGs
[2023-09-23T09:25:45.517-0400] {logging_mixin.py:151} INFO - [2023-09-23T09:25:45.517-0400] {dag.py:3696} INFO - Setting next_dagrun for example_setup_teardown to 2023-09-22T13:25:45.517093+00:00, run_after=2023-09-23T13:25:45.517093+00:00
[2023-09-23T09:25:45.542-0400] {processor.py:179} INFO - Processing /home/beau/airflow/py_env/lib/python3.10/site-packages/airflow/example_dags/example_setup_teardown.py took 0.071 seconds
[2023-09-23T09:26:21.225-0400] {processor.py:157} INFO - Started process (PID=20132) to work on /home/beau/airflow/py_env/lib/python3.10/site-packages/airflow/example_dags/example_setup_teardown.py
[2023-09-23T09:26:21.229-0400] {processor.py:829} INFO - Processing file /home/beau/airflow/py_env/lib/python3.10/site-packages/airflow/example_dags/example_setup_teardown.py for tasks to queue
[2023-09-23T09:26:21.231-0400] {logging_mixin.py:151} INFO - [2023-09-23T09:26:21.230-0400] {dagbag.py:539} INFO - Filling up the DagBag from /home/beau/airflow/py_env/lib/python3.10/site-packages/airflow/example_dags/example_setup_teardown.py
[2023-09-23T09:26:21.245-0400] {processor.py:839} INFO - DAG(s) dict_keys(['example_setup_teardown']) retrieved from /home/beau/airflow/py_env/lib/python3.10/site-packages/airflow/example_dags/example_setup_teardown.py
[2023-09-23T09:26:21.261-0400] {logging_mixin.py:151} INFO - [2023-09-23T09:26:21.261-0400] {dag.py:2915} INFO - Sync 1 DAGs
[2023-09-23T09:26:21.280-0400] {logging_mixin.py:151} INFO - [2023-09-23T09:26:21.280-0400] {dag.py:3696} INFO - Setting next_dagrun for example_setup_teardown to 2023-09-22T13:26:21.279950+00:00, run_after=2023-09-23T13:26:21.279950+00:00
[2023-09-23T09:26:21.311-0400] {processor.py:179} INFO - Processing /home/beau/airflow/py_env/lib/python3.10/site-packages/airflow/example_dags/example_setup_teardown.py took 0.091 seconds
[2023-09-23T09:30:41.343-0400] {processor.py:157} INFO - Started process (PID=22315) to work on /home/beau/airflow/py_env/lib/python3.10/site-packages/airflow/example_dags/example_setup_teardown.py
[2023-09-23T09:30:41.348-0400] {processor.py:829} INFO - Processing file /home/beau/airflow/py_env/lib/python3.10/site-packages/airflow/example_dags/example_setup_teardown.py for tasks to queue
[2023-09-23T09:30:41.349-0400] {logging_mixin.py:151} INFO - [2023-09-23T09:30:41.348-0400] {dagbag.py:539} INFO - Filling up the DagBag from /home/beau/airflow/py_env/lib/python3.10/site-packages/airflow/example_dags/example_setup_teardown.py
[2023-09-23T09:30:41.357-0400] {processor.py:839} INFO - DAG(s) dict_keys(['example_setup_teardown']) retrieved from /home/beau/airflow/py_env/lib/python3.10/site-packages/airflow/example_dags/example_setup_teardown.py
[2023-09-23T09:30:41.365-0400] {logging_mixin.py:151} INFO - [2023-09-23T09:30:41.365-0400] {dag.py:2915} INFO - Sync 1 DAGs
[2023-09-23T09:30:41.383-0400] {logging_mixin.py:151} INFO - [2023-09-23T09:30:41.382-0400] {dag.py:3696} INFO - Setting next_dagrun for example_setup_teardown to 2023-09-22T13:30:41.382820+00:00, run_after=2023-09-23T13:30:41.382820+00:00
[2023-09-23T09:30:41.412-0400] {processor.py:179} INFO - Processing /home/beau/airflow/py_env/lib/python3.10/site-packages/airflow/example_dags/example_setup_teardown.py took 0.073 seconds
[2023-09-23T09:36:43.695-0400] {processor.py:157} INFO - Started process (PID=885) to work on /home/beau/airflow/py_env/lib/python3.10/site-packages/airflow/example_dags/example_setup_teardown.py
[2023-09-23T09:36:43.699-0400] {processor.py:829} INFO - Processing file /home/beau/airflow/py_env/lib/python3.10/site-packages/airflow/example_dags/example_setup_teardown.py for tasks to queue
[2023-09-23T09:36:43.701-0400] {logging_mixin.py:151} INFO - [2023-09-23T09:36:43.700-0400] {dagbag.py:539} INFO - Filling up the DagBag from /home/beau/airflow/py_env/lib/python3.10/site-packages/airflow/example_dags/example_setup_teardown.py
[2023-09-23T09:36:43.711-0400] {processor.py:839} INFO - DAG(s) dict_keys(['example_setup_teardown']) retrieved from /home/beau/airflow/py_env/lib/python3.10/site-packages/airflow/example_dags/example_setup_teardown.py
[2023-09-23T09:36:43.719-0400] {logging_mixin.py:151} INFO - [2023-09-23T09:36:43.719-0400] {dag.py:2915} INFO - Sync 1 DAGs
[2023-09-23T09:36:43.737-0400] {logging_mixin.py:151} INFO - [2023-09-23T09:36:43.737-0400] {dag.py:3696} INFO - Setting next_dagrun for example_setup_teardown to 2023-09-22T13:36:43.737484+00:00, run_after=2023-09-23T13:36:43.737484+00:00
[2023-09-23T09:36:43.759-0400] {processor.py:179} INFO - Processing /home/beau/airflow/py_env/lib/python3.10/site-packages/airflow/example_dags/example_setup_teardown.py took 0.070 seconds
[2023-09-23T09:37:28.949-0400] {processor.py:157} INFO - Started process (PID=1493) to work on /home/beau/airflow/py_env/lib/python3.10/site-packages/airflow/example_dags/example_setup_teardown.py
[2023-09-23T09:37:28.950-0400] {processor.py:829} INFO - Processing file /home/beau/airflow/py_env/lib/python3.10/site-packages/airflow/example_dags/example_setup_teardown.py for tasks to queue
[2023-09-23T09:37:28.951-0400] {logging_mixin.py:151} INFO - [2023-09-23T09:37:28.950-0400] {dagbag.py:539} INFO - Filling up the DagBag from /home/beau/airflow/py_env/lib/python3.10/site-packages/airflow/example_dags/example_setup_teardown.py
[2023-09-23T09:37:28.957-0400] {processor.py:839} INFO - DAG(s) dict_keys(['example_setup_teardown']) retrieved from /home/beau/airflow/py_env/lib/python3.10/site-packages/airflow/example_dags/example_setup_teardown.py
[2023-09-23T09:37:28.970-0400] {logging_mixin.py:151} INFO - [2023-09-23T09:37:28.970-0400] {dag.py:2915} INFO - Sync 1 DAGs
[2023-09-23T09:37:28.984-0400] {logging_mixin.py:151} INFO - [2023-09-23T09:37:28.984-0400] {dag.py:3696} INFO - Setting next_dagrun for example_setup_teardown to 2023-09-22T13:37:28.984229+00:00, run_after=2023-09-23T13:37:28.984229+00:00
[2023-09-23T09:37:29.005-0400] {processor.py:179} INFO - Processing /home/beau/airflow/py_env/lib/python3.10/site-packages/airflow/example_dags/example_setup_teardown.py took 0.059 seconds
[2023-09-23T09:38:15.459-0400] {processor.py:157} INFO - Started process (PID=2165) to work on /home/beau/airflow/py_env/lib/python3.10/site-packages/airflow/example_dags/example_setup_teardown.py
[2023-09-23T09:38:15.464-0400] {processor.py:829} INFO - Processing file /home/beau/airflow/py_env/lib/python3.10/site-packages/airflow/example_dags/example_setup_teardown.py for tasks to queue
[2023-09-23T09:38:15.465-0400] {logging_mixin.py:151} INFO - [2023-09-23T09:38:15.465-0400] {dagbag.py:539} INFO - Filling up the DagBag from /home/beau/airflow/py_env/lib/python3.10/site-packages/airflow/example_dags/example_setup_teardown.py
[2023-09-23T09:38:15.478-0400] {processor.py:839} INFO - DAG(s) dict_keys(['example_setup_teardown']) retrieved from /home/beau/airflow/py_env/lib/python3.10/site-packages/airflow/example_dags/example_setup_teardown.py
[2023-09-23T09:38:15.493-0400] {logging_mixin.py:151} INFO - [2023-09-23T09:38:15.492-0400] {dag.py:2915} INFO - Sync 1 DAGs
[2023-09-23T09:38:15.507-0400] {logging_mixin.py:151} INFO - [2023-09-23T09:38:15.506-0400] {dag.py:3696} INFO - Setting next_dagrun for example_setup_teardown to 2023-09-22T13:38:15.506764+00:00, run_after=2023-09-23T13:38:15.506764+00:00
[2023-09-23T09:38:15.527-0400] {processor.py:179} INFO - Processing /home/beau/airflow/py_env/lib/python3.10/site-packages/airflow/example_dags/example_setup_teardown.py took 0.074 seconds
[2023-09-23T09:39:01.908-0400] {processor.py:157} INFO - Started process (PID=2467) to work on /home/beau/airflow/py_env/lib/python3.10/site-packages/airflow/example_dags/example_setup_teardown.py
[2023-09-23T09:39:01.912-0400] {processor.py:829} INFO - Processing file /home/beau/airflow/py_env/lib/python3.10/site-packages/airflow/example_dags/example_setup_teardown.py for tasks to queue
[2023-09-23T09:39:01.913-0400] {logging_mixin.py:151} INFO - [2023-09-23T09:39:01.913-0400] {dagbag.py:539} INFO - Filling up the DagBag from /home/beau/airflow/py_env/lib/python3.10/site-packages/airflow/example_dags/example_setup_teardown.py
[2023-09-23T09:39:01.922-0400] {processor.py:839} INFO - DAG(s) dict_keys(['example_setup_teardown']) retrieved from /home/beau/airflow/py_env/lib/python3.10/site-packages/airflow/example_dags/example_setup_teardown.py
[2023-09-23T09:39:01.939-0400] {logging_mixin.py:151} INFO - [2023-09-23T09:39:01.938-0400] {dag.py:2915} INFO - Sync 1 DAGs
[2023-09-23T09:39:01.956-0400] {logging_mixin.py:151} INFO - [2023-09-23T09:39:01.956-0400] {dag.py:3696} INFO - Setting next_dagrun for example_setup_teardown to 2023-09-22T13:39:01.956184+00:00, run_after=2023-09-23T13:39:01.956184+00:00
[2023-09-23T09:39:01.979-0400] {processor.py:179} INFO - Processing /home/beau/airflow/py_env/lib/python3.10/site-packages/airflow/example_dags/example_setup_teardown.py took 0.078 seconds
[2023-09-23T09:39:36.353-0400] {processor.py:157} INFO - Started process (PID=2971) to work on /home/beau/airflow/py_env/lib/python3.10/site-packages/airflow/example_dags/example_setup_teardown.py
[2023-09-23T09:39:36.355-0400] {processor.py:829} INFO - Processing file /home/beau/airflow/py_env/lib/python3.10/site-packages/airflow/example_dags/example_setup_teardown.py for tasks to queue
[2023-09-23T09:39:36.356-0400] {logging_mixin.py:151} INFO - [2023-09-23T09:39:36.356-0400] {dagbag.py:539} INFO - Filling up the DagBag from /home/beau/airflow/py_env/lib/python3.10/site-packages/airflow/example_dags/example_setup_teardown.py
[2023-09-23T09:39:36.364-0400] {processor.py:839} INFO - DAG(s) dict_keys(['example_setup_teardown']) retrieved from /home/beau/airflow/py_env/lib/python3.10/site-packages/airflow/example_dags/example_setup_teardown.py
[2023-09-23T09:39:36.382-0400] {logging_mixin.py:151} INFO - [2023-09-23T09:39:36.382-0400] {dag.py:2915} INFO - Sync 1 DAGs
[2023-09-23T09:39:36.404-0400] {logging_mixin.py:151} INFO - [2023-09-23T09:39:36.404-0400] {dag.py:3696} INFO - Setting next_dagrun for example_setup_teardown to 2023-09-22T13:39:36.403850+00:00, run_after=2023-09-23T13:39:36.403850+00:00
[2023-09-23T09:39:36.457-0400] {processor.py:179} INFO - Processing /home/beau/airflow/py_env/lib/python3.10/site-packages/airflow/example_dags/example_setup_teardown.py took 0.106 seconds
[2023-09-23T09:40:09.745-0400] {processor.py:157} INFO - Started process (PID=3410) to work on /home/beau/airflow/py_env/lib/python3.10/site-packages/airflow/example_dags/example_setup_teardown.py
[2023-09-23T09:40:09.749-0400] {processor.py:829} INFO - Processing file /home/beau/airflow/py_env/lib/python3.10/site-packages/airflow/example_dags/example_setup_teardown.py for tasks to queue
[2023-09-23T09:40:09.751-0400] {logging_mixin.py:151} INFO - [2023-09-23T09:40:09.750-0400] {dagbag.py:539} INFO - Filling up the DagBag from /home/beau/airflow/py_env/lib/python3.10/site-packages/airflow/example_dags/example_setup_teardown.py
[2023-09-23T09:40:09.763-0400] {processor.py:839} INFO - DAG(s) dict_keys(['example_setup_teardown']) retrieved from /home/beau/airflow/py_env/lib/python3.10/site-packages/airflow/example_dags/example_setup_teardown.py
[2023-09-23T09:40:09.776-0400] {logging_mixin.py:151} INFO - [2023-09-23T09:40:09.775-0400] {dag.py:2915} INFO - Sync 1 DAGs
[2023-09-23T09:40:09.789-0400] {logging_mixin.py:151} INFO - [2023-09-23T09:40:09.789-0400] {dag.py:3696} INFO - Setting next_dagrun for example_setup_teardown to 2023-09-22T13:40:09.789488+00:00, run_after=2023-09-23T13:40:09.789488+00:00
[2023-09-23T09:40:09.810-0400] {processor.py:179} INFO - Processing /home/beau/airflow/py_env/lib/python3.10/site-packages/airflow/example_dags/example_setup_teardown.py took 0.072 seconds
