[2023-09-23T09:06:50.370-0400] {processor.py:157} INFO - Started process (PID=11561) to work on /home/beau/airflow/py_env/lib/python3.10/site-packages/airflow/example_dags/example_branch_python_dop_operator_3.py
[2023-09-23T09:06:50.372-0400] {processor.py:829} INFO - Processing file /home/beau/airflow/py_env/lib/python3.10/site-packages/airflow/example_dags/example_branch_python_dop_operator_3.py for tasks to queue
[2023-09-23T09:06:50.373-0400] {logging_mixin.py:151} INFO - [2023-09-23T09:06:50.372-0400] {dagbag.py:539} INFO - Filling up the DagBag from /home/beau/airflow/py_env/lib/python3.10/site-packages/airflow/example_dags/example_branch_python_dop_operator_3.py
[2023-09-23T09:06:50.388-0400] {processor.py:839} INFO - DAG(s) dict_keys(['example_branch_dop_operator_v3']) retrieved from /home/beau/airflow/py_env/lib/python3.10/site-packages/airflow/example_dags/example_branch_python_dop_operator_3.py
[2023-09-23T09:06:50.500-0400] {logging_mixin.py:151} INFO - [2023-09-23T09:06:50.500-0400] {manager.py:499} INFO - Created Permission View: %s
[2023-09-23T09:06:50.513-0400] {logging_mixin.py:151} INFO - [2023-09-23T09:06:50.513-0400] {manager.py:499} INFO - Created Permission View: %s
[2023-09-23T09:06:50.529-0400] {logging_mixin.py:151} INFO - [2023-09-23T09:06:50.529-0400] {manager.py:499} INFO - Created Permission View: %s
[2023-09-23T09:06:50.530-0400] {logging_mixin.py:151} INFO - [2023-09-23T09:06:50.529-0400] {security.py:708} INFO - Not syncing DAG-level permissions for DAG 'DAG:example_branch_dop_operator_v3' as access control is unset.
[2023-09-23T09:06:50.530-0400] {logging_mixin.py:151} INFO - [2023-09-23T09:06:50.530-0400] {dag.py:2915} INFO - Sync 1 DAGs
[2023-09-23T09:06:50.547-0400] {logging_mixin.py:151} INFO - [2023-09-23T09:06:50.547-0400] {dag.py:2937} INFO - Creating ORM DAG for example_branch_dop_operator_v3
[2023-09-23T09:06:50.561-0400] {logging_mixin.py:151} INFO - [2023-09-23T09:06:50.561-0400] {dag.py:3696} INFO - Setting next_dagrun for example_branch_dop_operator_v3 to 2023-09-23T13:05:00+00:00, run_after=2023-09-23T13:06:00+00:00
[2023-09-23T09:06:50.589-0400] {processor.py:179} INFO - Processing /home/beau/airflow/py_env/lib/python3.10/site-packages/airflow/example_dags/example_branch_python_dop_operator_3.py took 0.225 seconds
[2023-09-23T09:07:46.478-0400] {processor.py:157} INFO - Started process (PID=12022) to work on /home/beau/airflow/py_env/lib/python3.10/site-packages/airflow/example_dags/example_branch_python_dop_operator_3.py
[2023-09-23T09:07:46.481-0400] {processor.py:829} INFO - Processing file /home/beau/airflow/py_env/lib/python3.10/site-packages/airflow/example_dags/example_branch_python_dop_operator_3.py for tasks to queue
[2023-09-23T09:07:46.483-0400] {logging_mixin.py:151} INFO - [2023-09-23T09:07:46.482-0400] {dagbag.py:539} INFO - Filling up the DagBag from /home/beau/airflow/py_env/lib/python3.10/site-packages/airflow/example_dags/example_branch_python_dop_operator_3.py
[2023-09-23T09:07:46.499-0400] {processor.py:839} INFO - DAG(s) dict_keys(['example_branch_dop_operator_v3']) retrieved from /home/beau/airflow/py_env/lib/python3.10/site-packages/airflow/example_dags/example_branch_python_dop_operator_3.py
[2023-09-23T09:07:46.515-0400] {logging_mixin.py:151} INFO - [2023-09-23T09:07:46.514-0400] {dag.py:2915} INFO - Sync 1 DAGs
[2023-09-23T09:07:46.536-0400] {logging_mixin.py:151} INFO - [2023-09-23T09:07:46.536-0400] {dag.py:3696} INFO - Setting next_dagrun for example_branch_dop_operator_v3 to 2023-09-23T13:06:00+00:00, run_after=2023-09-23T13:07:00+00:00
[2023-09-23T09:07:46.567-0400] {processor.py:179} INFO - Processing /home/beau/airflow/py_env/lib/python3.10/site-packages/airflow/example_dags/example_branch_python_dop_operator_3.py took 0.095 seconds
[2023-09-23T09:08:37.745-0400] {processor.py:157} INFO - Started process (PID=12343) to work on /home/beau/airflow/py_env/lib/python3.10/site-packages/airflow/example_dags/example_branch_python_dop_operator_3.py
[2023-09-23T09:08:37.747-0400] {processor.py:829} INFO - Processing file /home/beau/airflow/py_env/lib/python3.10/site-packages/airflow/example_dags/example_branch_python_dop_operator_3.py for tasks to queue
[2023-09-23T09:08:37.748-0400] {logging_mixin.py:151} INFO - [2023-09-23T09:08:37.748-0400] {dagbag.py:539} INFO - Filling up the DagBag from /home/beau/airflow/py_env/lib/python3.10/site-packages/airflow/example_dags/example_branch_python_dop_operator_3.py
[2023-09-23T09:08:37.757-0400] {processor.py:839} INFO - DAG(s) dict_keys(['example_branch_dop_operator_v3']) retrieved from /home/beau/airflow/py_env/lib/python3.10/site-packages/airflow/example_dags/example_branch_python_dop_operator_3.py
[2023-09-23T09:08:37.779-0400] {logging_mixin.py:151} INFO - [2023-09-23T09:08:37.778-0400] {dag.py:2915} INFO - Sync 1 DAGs
[2023-09-23T09:08:37.803-0400] {logging_mixin.py:151} INFO - [2023-09-23T09:08:37.802-0400] {dag.py:3696} INFO - Setting next_dagrun for example_branch_dop_operator_v3 to 2023-09-23T13:07:00+00:00, run_after=2023-09-23T13:08:00+00:00
[2023-09-23T09:08:37.830-0400] {processor.py:179} INFO - Processing /home/beau/airflow/py_env/lib/python3.10/site-packages/airflow/example_dags/example_branch_python_dop_operator_3.py took 0.088 seconds
[2023-09-23T09:09:28.079-0400] {processor.py:157} INFO - Started process (PID=12781) to work on /home/beau/airflow/py_env/lib/python3.10/site-packages/airflow/example_dags/example_branch_python_dop_operator_3.py
[2023-09-23T09:09:28.082-0400] {processor.py:829} INFO - Processing file /home/beau/airflow/py_env/lib/python3.10/site-packages/airflow/example_dags/example_branch_python_dop_operator_3.py for tasks to queue
[2023-09-23T09:09:28.084-0400] {logging_mixin.py:151} INFO - [2023-09-23T09:09:28.083-0400] {dagbag.py:539} INFO - Filling up the DagBag from /home/beau/airflow/py_env/lib/python3.10/site-packages/airflow/example_dags/example_branch_python_dop_operator_3.py
[2023-09-23T09:09:28.096-0400] {processor.py:839} INFO - DAG(s) dict_keys(['example_branch_dop_operator_v3']) retrieved from /home/beau/airflow/py_env/lib/python3.10/site-packages/airflow/example_dags/example_branch_python_dop_operator_3.py
[2023-09-23T09:09:28.124-0400] {logging_mixin.py:151} INFO - [2023-09-23T09:09:28.124-0400] {dag.py:2915} INFO - Sync 1 DAGs
[2023-09-23T09:09:28.143-0400] {logging_mixin.py:151} INFO - [2023-09-23T09:09:28.142-0400] {dag.py:3696} INFO - Setting next_dagrun for example_branch_dop_operator_v3 to 2023-09-23T13:08:00+00:00, run_after=2023-09-23T13:09:00+00:00
[2023-09-23T09:09:28.170-0400] {processor.py:179} INFO - Processing /home/beau/airflow/py_env/lib/python3.10/site-packages/airflow/example_dags/example_branch_python_dop_operator_3.py took 0.095 seconds
[2023-09-23T09:10:14.838-0400] {processor.py:157} INFO - Started process (PID=13021) to work on /home/beau/airflow/py_env/lib/python3.10/site-packages/airflow/example_dags/example_branch_python_dop_operator_3.py
[2023-09-23T09:10:14.839-0400] {processor.py:829} INFO - Processing file /home/beau/airflow/py_env/lib/python3.10/site-packages/airflow/example_dags/example_branch_python_dop_operator_3.py for tasks to queue
[2023-09-23T09:10:14.840-0400] {logging_mixin.py:151} INFO - [2023-09-23T09:10:14.840-0400] {dagbag.py:539} INFO - Filling up the DagBag from /home/beau/airflow/py_env/lib/python3.10/site-packages/airflow/example_dags/example_branch_python_dop_operator_3.py
[2023-09-23T09:10:14.848-0400] {processor.py:839} INFO - DAG(s) dict_keys(['example_branch_dop_operator_v3']) retrieved from /home/beau/airflow/py_env/lib/python3.10/site-packages/airflow/example_dags/example_branch_python_dop_operator_3.py
[2023-09-23T09:10:14.866-0400] {logging_mixin.py:151} INFO - [2023-09-23T09:10:14.865-0400] {dag.py:2915} INFO - Sync 1 DAGs
[2023-09-23T09:10:14.888-0400] {logging_mixin.py:151} INFO - [2023-09-23T09:10:14.888-0400] {dag.py:3696} INFO - Setting next_dagrun for example_branch_dop_operator_v3 to 2023-09-23T13:09:00+00:00, run_after=2023-09-23T13:10:00+00:00
[2023-09-23T09:10:14.913-0400] {processor.py:179} INFO - Processing /home/beau/airflow/py_env/lib/python3.10/site-packages/airflow/example_dags/example_branch_python_dop_operator_3.py took 0.078 seconds
[2023-09-23T09:11:05.021-0400] {processor.py:157} INFO - Started process (PID=13340) to work on /home/beau/airflow/py_env/lib/python3.10/site-packages/airflow/example_dags/example_branch_python_dop_operator_3.py
[2023-09-23T09:11:05.024-0400] {processor.py:829} INFO - Processing file /home/beau/airflow/py_env/lib/python3.10/site-packages/airflow/example_dags/example_branch_python_dop_operator_3.py for tasks to queue
[2023-09-23T09:11:05.025-0400] {logging_mixin.py:151} INFO - [2023-09-23T09:11:05.025-0400] {dagbag.py:539} INFO - Filling up the DagBag from /home/beau/airflow/py_env/lib/python3.10/site-packages/airflow/example_dags/example_branch_python_dop_operator_3.py
[2023-09-23T09:11:05.032-0400] {processor.py:839} INFO - DAG(s) dict_keys(['example_branch_dop_operator_v3']) retrieved from /home/beau/airflow/py_env/lib/python3.10/site-packages/airflow/example_dags/example_branch_python_dop_operator_3.py
[2023-09-23T09:11:05.045-0400] {logging_mixin.py:151} INFO - [2023-09-23T09:11:05.045-0400] {dag.py:2915} INFO - Sync 1 DAGs
[2023-09-23T09:11:05.063-0400] {logging_mixin.py:151} INFO - [2023-09-23T09:11:05.063-0400] {dag.py:3696} INFO - Setting next_dagrun for example_branch_dop_operator_v3 to 2023-09-23T13:10:00+00:00, run_after=2023-09-23T13:11:00+00:00
[2023-09-23T09:11:05.091-0400] {processor.py:179} INFO - Processing /home/beau/airflow/py_env/lib/python3.10/site-packages/airflow/example_dags/example_branch_python_dop_operator_3.py took 0.073 seconds
[2023-09-23T09:11:53.623-0400] {processor.py:157} INFO - Started process (PID=13753) to work on /home/beau/airflow/py_env/lib/python3.10/site-packages/airflow/example_dags/example_branch_python_dop_operator_3.py
[2023-09-23T09:11:53.625-0400] {processor.py:829} INFO - Processing file /home/beau/airflow/py_env/lib/python3.10/site-packages/airflow/example_dags/example_branch_python_dop_operator_3.py for tasks to queue
[2023-09-23T09:11:53.627-0400] {logging_mixin.py:151} INFO - [2023-09-23T09:11:53.626-0400] {dagbag.py:539} INFO - Filling up the DagBag from /home/beau/airflow/py_env/lib/python3.10/site-packages/airflow/example_dags/example_branch_python_dop_operator_3.py
[2023-09-23T09:11:53.645-0400] {processor.py:839} INFO - DAG(s) dict_keys(['example_branch_dop_operator_v3']) retrieved from /home/beau/airflow/py_env/lib/python3.10/site-packages/airflow/example_dags/example_branch_python_dop_operator_3.py
[2023-09-23T09:11:53.666-0400] {logging_mixin.py:151} INFO - [2023-09-23T09:11:53.666-0400] {dag.py:2915} INFO - Sync 1 DAGs
[2023-09-23T09:11:53.724-0400] {logging_mixin.py:151} INFO - [2023-09-23T09:11:53.724-0400] {dag.py:3696} INFO - Setting next_dagrun for example_branch_dop_operator_v3 to 2023-09-23T13:10:00+00:00, run_after=2023-09-23T13:11:00+00:00
[2023-09-23T09:11:53.771-0400] {processor.py:179} INFO - Processing /home/beau/airflow/py_env/lib/python3.10/site-packages/airflow/example_dags/example_branch_python_dop_operator_3.py took 0.155 seconds
[2023-09-23T09:12:42.292-0400] {processor.py:157} INFO - Started process (PID=14130) to work on /home/beau/airflow/py_env/lib/python3.10/site-packages/airflow/example_dags/example_branch_python_dop_operator_3.py
[2023-09-23T09:12:42.297-0400] {processor.py:829} INFO - Processing file /home/beau/airflow/py_env/lib/python3.10/site-packages/airflow/example_dags/example_branch_python_dop_operator_3.py for tasks to queue
[2023-09-23T09:12:42.299-0400] {logging_mixin.py:151} INFO - [2023-09-23T09:12:42.298-0400] {dagbag.py:539} INFO - Filling up the DagBag from /home/beau/airflow/py_env/lib/python3.10/site-packages/airflow/example_dags/example_branch_python_dop_operator_3.py
[2023-09-23T09:12:42.311-0400] {processor.py:839} INFO - DAG(s) dict_keys(['example_branch_dop_operator_v3']) retrieved from /home/beau/airflow/py_env/lib/python3.10/site-packages/airflow/example_dags/example_branch_python_dop_operator_3.py
[2023-09-23T09:12:42.330-0400] {logging_mixin.py:151} INFO - [2023-09-23T09:12:42.329-0400] {dag.py:2915} INFO - Sync 1 DAGs
[2023-09-23T09:12:42.348-0400] {logging_mixin.py:151} INFO - [2023-09-23T09:12:42.348-0400] {dag.py:3696} INFO - Setting next_dagrun for example_branch_dop_operator_v3 to 2023-09-23T13:11:00+00:00, run_after=2023-09-23T13:12:00+00:00
[2023-09-23T09:12:42.369-0400] {processor.py:179} INFO - Processing /home/beau/airflow/py_env/lib/python3.10/site-packages/airflow/example_dags/example_branch_python_dop_operator_3.py took 0.084 seconds
[2023-09-23T09:13:32.612-0400] {processor.py:157} INFO - Started process (PID=14732) to work on /home/beau/airflow/py_env/lib/python3.10/site-packages/airflow/example_dags/example_branch_python_dop_operator_3.py
[2023-09-23T09:13:32.614-0400] {processor.py:829} INFO - Processing file /home/beau/airflow/py_env/lib/python3.10/site-packages/airflow/example_dags/example_branch_python_dop_operator_3.py for tasks to queue
[2023-09-23T09:13:32.615-0400] {logging_mixin.py:151} INFO - [2023-09-23T09:13:32.615-0400] {dagbag.py:539} INFO - Filling up the DagBag from /home/beau/airflow/py_env/lib/python3.10/site-packages/airflow/example_dags/example_branch_python_dop_operator_3.py
[2023-09-23T09:13:32.626-0400] {processor.py:839} INFO - DAG(s) dict_keys(['example_branch_dop_operator_v3']) retrieved from /home/beau/airflow/py_env/lib/python3.10/site-packages/airflow/example_dags/example_branch_python_dop_operator_3.py
[2023-09-23T09:13:32.643-0400] {logging_mixin.py:151} INFO - [2023-09-23T09:13:32.643-0400] {dag.py:2915} INFO - Sync 1 DAGs
[2023-09-23T09:13:32.672-0400] {logging_mixin.py:151} INFO - [2023-09-23T09:13:32.672-0400] {dag.py:3696} INFO - Setting next_dagrun for example_branch_dop_operator_v3 to 2023-09-23T13:12:00+00:00, run_after=2023-09-23T13:13:00+00:00
[2023-09-23T09:13:32.697-0400] {processor.py:179} INFO - Processing /home/beau/airflow/py_env/lib/python3.10/site-packages/airflow/example_dags/example_branch_python_dop_operator_3.py took 0.088 seconds
[2023-09-23T09:14:19.125-0400] {processor.py:157} INFO - Started process (PID=15160) to work on /home/beau/airflow/py_env/lib/python3.10/site-packages/airflow/example_dags/example_branch_python_dop_operator_3.py
[2023-09-23T09:14:19.130-0400] {processor.py:829} INFO - Processing file /home/beau/airflow/py_env/lib/python3.10/site-packages/airflow/example_dags/example_branch_python_dop_operator_3.py for tasks to queue
[2023-09-23T09:14:19.132-0400] {logging_mixin.py:151} INFO - [2023-09-23T09:14:19.131-0400] {dagbag.py:539} INFO - Filling up the DagBag from /home/beau/airflow/py_env/lib/python3.10/site-packages/airflow/example_dags/example_branch_python_dop_operator_3.py
[2023-09-23T09:14:19.146-0400] {processor.py:839} INFO - DAG(s) dict_keys(['example_branch_dop_operator_v3']) retrieved from /home/beau/airflow/py_env/lib/python3.10/site-packages/airflow/example_dags/example_branch_python_dop_operator_3.py
[2023-09-23T09:14:19.173-0400] {logging_mixin.py:151} INFO - [2023-09-23T09:14:19.172-0400] {dag.py:2915} INFO - Sync 1 DAGs
[2023-09-23T09:14:19.191-0400] {logging_mixin.py:151} INFO - [2023-09-23T09:14:19.191-0400] {dag.py:3696} INFO - Setting next_dagrun for example_branch_dop_operator_v3 to 2023-09-23T13:13:00+00:00, run_after=2023-09-23T13:14:00+00:00
[2023-09-23T09:14:19.216-0400] {processor.py:179} INFO - Processing /home/beau/airflow/py_env/lib/python3.10/site-packages/airflow/example_dags/example_branch_python_dop_operator_3.py took 0.096 seconds
[2023-09-23T09:15:12.154-0400] {processor.py:157} INFO - Started process (PID=15421) to work on /home/beau/airflow/py_env/lib/python3.10/site-packages/airflow/example_dags/example_branch_python_dop_operator_3.py
[2023-09-23T09:15:12.155-0400] {processor.py:829} INFO - Processing file /home/beau/airflow/py_env/lib/python3.10/site-packages/airflow/example_dags/example_branch_python_dop_operator_3.py for tasks to queue
[2023-09-23T09:15:12.157-0400] {logging_mixin.py:151} INFO - [2023-09-23T09:15:12.156-0400] {dagbag.py:539} INFO - Filling up the DagBag from /home/beau/airflow/py_env/lib/python3.10/site-packages/airflow/example_dags/example_branch_python_dop_operator_3.py
[2023-09-23T09:15:12.171-0400] {processor.py:839} INFO - DAG(s) dict_keys(['example_branch_dop_operator_v3']) retrieved from /home/beau/airflow/py_env/lib/python3.10/site-packages/airflow/example_dags/example_branch_python_dop_operator_3.py
[2023-09-23T09:15:12.193-0400] {logging_mixin.py:151} INFO - [2023-09-23T09:15:12.193-0400] {dag.py:2915} INFO - Sync 1 DAGs
[2023-09-23T09:15:12.218-0400] {logging_mixin.py:151} INFO - [2023-09-23T09:15:12.217-0400] {dag.py:3696} INFO - Setting next_dagrun for example_branch_dop_operator_v3 to 2023-09-23T13:14:00+00:00, run_after=2023-09-23T13:15:00+00:00
[2023-09-23T09:15:12.244-0400] {processor.py:179} INFO - Processing /home/beau/airflow/py_env/lib/python3.10/site-packages/airflow/example_dags/example_branch_python_dop_operator_3.py took 0.096 seconds
[2023-09-23T09:17:50.333-0400] {processor.py:157} INFO - Started process (PID=16913) to work on /home/beau/airflow/py_env/lib/python3.10/site-packages/airflow/example_dags/example_branch_python_dop_operator_3.py
[2023-09-23T09:17:50.338-0400] {processor.py:829} INFO - Processing file /home/beau/airflow/py_env/lib/python3.10/site-packages/airflow/example_dags/example_branch_python_dop_operator_3.py for tasks to queue
[2023-09-23T09:17:50.339-0400] {logging_mixin.py:151} INFO - [2023-09-23T09:17:50.339-0400] {dagbag.py:539} INFO - Filling up the DagBag from /home/beau/airflow/py_env/lib/python3.10/site-packages/airflow/example_dags/example_branch_python_dop_operator_3.py
[2023-09-23T09:17:50.357-0400] {processor.py:839} INFO - DAG(s) dict_keys(['example_branch_dop_operator_v3']) retrieved from /home/beau/airflow/py_env/lib/python3.10/site-packages/airflow/example_dags/example_branch_python_dop_operator_3.py
[2023-09-23T09:17:50.382-0400] {logging_mixin.py:151} INFO - [2023-09-23T09:17:50.382-0400] {dag.py:2915} INFO - Sync 1 DAGs
[2023-09-23T09:17:50.403-0400] {logging_mixin.py:151} INFO - [2023-09-23T09:17:50.402-0400] {dag.py:3696} INFO - Setting next_dagrun for example_branch_dop_operator_v3 to 2023-09-23T13:16:00+00:00, run_after=2023-09-23T13:17:00+00:00
[2023-09-23T09:17:50.428-0400] {processor.py:179} INFO - Processing /home/beau/airflow/py_env/lib/python3.10/site-packages/airflow/example_dags/example_branch_python_dop_operator_3.py took 0.101 seconds
[2023-09-23T09:18:42.538-0400] {processor.py:157} INFO - Started process (PID=17206) to work on /home/beau/airflow/py_env/lib/python3.10/site-packages/airflow/example_dags/example_branch_python_dop_operator_3.py
[2023-09-23T09:18:42.540-0400] {processor.py:829} INFO - Processing file /home/beau/airflow/py_env/lib/python3.10/site-packages/airflow/example_dags/example_branch_python_dop_operator_3.py for tasks to queue
[2023-09-23T09:18:42.541-0400] {logging_mixin.py:151} INFO - [2023-09-23T09:18:42.540-0400] {dagbag.py:539} INFO - Filling up the DagBag from /home/beau/airflow/py_env/lib/python3.10/site-packages/airflow/example_dags/example_branch_python_dop_operator_3.py
[2023-09-23T09:18:42.565-0400] {processor.py:839} INFO - DAG(s) dict_keys(['example_branch_dop_operator_v3']) retrieved from /home/beau/airflow/py_env/lib/python3.10/site-packages/airflow/example_dags/example_branch_python_dop_operator_3.py
[2023-09-23T09:18:42.582-0400] {logging_mixin.py:151} INFO - [2023-09-23T09:18:42.582-0400] {dag.py:2915} INFO - Sync 1 DAGs
[2023-09-23T09:18:42.604-0400] {logging_mixin.py:151} INFO - [2023-09-23T09:18:42.604-0400] {dag.py:3696} INFO - Setting next_dagrun for example_branch_dop_operator_v3 to 2023-09-23T13:17:00+00:00, run_after=2023-09-23T13:18:00+00:00
[2023-09-23T09:18:42.631-0400] {processor.py:179} INFO - Processing /home/beau/airflow/py_env/lib/python3.10/site-packages/airflow/example_dags/example_branch_python_dop_operator_3.py took 0.095 seconds
[2023-09-23T09:19:36.781-0400] {processor.py:157} INFO - Started process (PID=17501) to work on /home/beau/airflow/py_env/lib/python3.10/site-packages/airflow/example_dags/example_branch_python_dop_operator_3.py
[2023-09-23T09:19:36.784-0400] {processor.py:829} INFO - Processing file /home/beau/airflow/py_env/lib/python3.10/site-packages/airflow/example_dags/example_branch_python_dop_operator_3.py for tasks to queue
[2023-09-23T09:19:36.785-0400] {logging_mixin.py:151} INFO - [2023-09-23T09:19:36.785-0400] {dagbag.py:539} INFO - Filling up the DagBag from /home/beau/airflow/py_env/lib/python3.10/site-packages/airflow/example_dags/example_branch_python_dop_operator_3.py
[2023-09-23T09:19:36.794-0400] {processor.py:839} INFO - DAG(s) dict_keys(['example_branch_dop_operator_v3']) retrieved from /home/beau/airflow/py_env/lib/python3.10/site-packages/airflow/example_dags/example_branch_python_dop_operator_3.py
[2023-09-23T09:19:36.810-0400] {logging_mixin.py:151} INFO - [2023-09-23T09:19:36.810-0400] {dag.py:2915} INFO - Sync 1 DAGs
[2023-09-23T09:19:36.831-0400] {logging_mixin.py:151} INFO - [2023-09-23T09:19:36.831-0400] {dag.py:3696} INFO - Setting next_dagrun for example_branch_dop_operator_v3 to 2023-09-23T13:18:00+00:00, run_after=2023-09-23T13:19:00+00:00
[2023-09-23T09:19:36.858-0400] {processor.py:179} INFO - Processing /home/beau/airflow/py_env/lib/python3.10/site-packages/airflow/example_dags/example_branch_python_dop_operator_3.py took 0.079 seconds
[2023-09-23T09:20:34.357-0400] {processor.py:157} INFO - Started process (PID=17803) to work on /home/beau/airflow/py_env/lib/python3.10/site-packages/airflow/example_dags/example_branch_python_dop_operator_3.py
[2023-09-23T09:20:34.361-0400] {processor.py:829} INFO - Processing file /home/beau/airflow/py_env/lib/python3.10/site-packages/airflow/example_dags/example_branch_python_dop_operator_3.py for tasks to queue
[2023-09-23T09:20:34.363-0400] {logging_mixin.py:151} INFO - [2023-09-23T09:20:34.362-0400] {dagbag.py:539} INFO - Filling up the DagBag from /home/beau/airflow/py_env/lib/python3.10/site-packages/airflow/example_dags/example_branch_python_dop_operator_3.py
[2023-09-23T09:20:34.374-0400] {processor.py:839} INFO - DAG(s) dict_keys(['example_branch_dop_operator_v3']) retrieved from /home/beau/airflow/py_env/lib/python3.10/site-packages/airflow/example_dags/example_branch_python_dop_operator_3.py
[2023-09-23T09:20:34.390-0400] {logging_mixin.py:151} INFO - [2023-09-23T09:20:34.390-0400] {dag.py:2915} INFO - Sync 1 DAGs
[2023-09-23T09:20:34.410-0400] {logging_mixin.py:151} INFO - [2023-09-23T09:20:34.409-0400] {dag.py:3696} INFO - Setting next_dagrun for example_branch_dop_operator_v3 to 2023-09-23T13:19:00+00:00, run_after=2023-09-23T13:20:00+00:00
[2023-09-23T09:20:34.433-0400] {processor.py:179} INFO - Processing /home/beau/airflow/py_env/lib/python3.10/site-packages/airflow/example_dags/example_branch_python_dop_operator_3.py took 0.079 seconds
[2023-09-23T09:21:33.352-0400] {processor.py:157} INFO - Started process (PID=18109) to work on /home/beau/airflow/py_env/lib/python3.10/site-packages/airflow/example_dags/example_branch_python_dop_operator_3.py
[2023-09-23T09:21:33.357-0400] {processor.py:829} INFO - Processing file /home/beau/airflow/py_env/lib/python3.10/site-packages/airflow/example_dags/example_branch_python_dop_operator_3.py for tasks to queue
[2023-09-23T09:21:33.359-0400] {logging_mixin.py:151} INFO - [2023-09-23T09:21:33.358-0400] {dagbag.py:539} INFO - Filling up the DagBag from /home/beau/airflow/py_env/lib/python3.10/site-packages/airflow/example_dags/example_branch_python_dop_operator_3.py
[2023-09-23T09:21:33.369-0400] {processor.py:839} INFO - DAG(s) dict_keys(['example_branch_dop_operator_v3']) retrieved from /home/beau/airflow/py_env/lib/python3.10/site-packages/airflow/example_dags/example_branch_python_dop_operator_3.py
[2023-09-23T09:21:33.384-0400] {logging_mixin.py:151} INFO - [2023-09-23T09:21:33.384-0400] {dag.py:2915} INFO - Sync 1 DAGs
[2023-09-23T09:21:33.405-0400] {logging_mixin.py:151} INFO - [2023-09-23T09:21:33.405-0400] {dag.py:3696} INFO - Setting next_dagrun for example_branch_dop_operator_v3 to 2023-09-23T13:20:00+00:00, run_after=2023-09-23T13:21:00+00:00
[2023-09-23T09:21:33.440-0400] {processor.py:179} INFO - Processing /home/beau/airflow/py_env/lib/python3.10/site-packages/airflow/example_dags/example_branch_python_dop_operator_3.py took 0.096 seconds
[2023-09-23T09:24:08.426-0400] {processor.py:157} INFO - Started process (PID=19403) to work on /home/beau/airflow/py_env/lib/python3.10/site-packages/airflow/example_dags/example_branch_python_dop_operator_3.py
[2023-09-23T09:24:08.430-0400] {processor.py:829} INFO - Processing file /home/beau/airflow/py_env/lib/python3.10/site-packages/airflow/example_dags/example_branch_python_dop_operator_3.py for tasks to queue
[2023-09-23T09:24:08.432-0400] {logging_mixin.py:151} INFO - [2023-09-23T09:24:08.431-0400] {dagbag.py:539} INFO - Filling up the DagBag from /home/beau/airflow/py_env/lib/python3.10/site-packages/airflow/example_dags/example_branch_python_dop_operator_3.py
[2023-09-23T09:24:08.443-0400] {processor.py:839} INFO - DAG(s) dict_keys(['example_branch_dop_operator_v3']) retrieved from /home/beau/airflow/py_env/lib/python3.10/site-packages/airflow/example_dags/example_branch_python_dop_operator_3.py
[2023-09-23T09:24:08.459-0400] {logging_mixin.py:151} INFO - [2023-09-23T09:24:08.458-0400] {dag.py:2915} INFO - Sync 1 DAGs
[2023-09-23T09:24:08.479-0400] {logging_mixin.py:151} INFO - [2023-09-23T09:24:08.479-0400] {dag.py:3696} INFO - Setting next_dagrun for example_branch_dop_operator_v3 to 2023-09-23T13:23:00+00:00, run_after=2023-09-23T13:24:00+00:00
[2023-09-23T09:24:08.503-0400] {processor.py:179} INFO - Processing /home/beau/airflow/py_env/lib/python3.10/site-packages/airflow/example_dags/example_branch_python_dop_operator_3.py took 0.080 seconds
[2023-09-23T09:25:00.742-0400] {processor.py:157} INFO - Started process (PID=19714) to work on /home/beau/airflow/py_env/lib/python3.10/site-packages/airflow/example_dags/example_branch_python_dop_operator_3.py
[2023-09-23T09:25:00.746-0400] {processor.py:829} INFO - Processing file /home/beau/airflow/py_env/lib/python3.10/site-packages/airflow/example_dags/example_branch_python_dop_operator_3.py for tasks to queue
[2023-09-23T09:25:00.748-0400] {logging_mixin.py:151} INFO - [2023-09-23T09:25:00.748-0400] {dagbag.py:539} INFO - Filling up the DagBag from /home/beau/airflow/py_env/lib/python3.10/site-packages/airflow/example_dags/example_branch_python_dop_operator_3.py
[2023-09-23T09:25:00.759-0400] {processor.py:839} INFO - DAG(s) dict_keys(['example_branch_dop_operator_v3']) retrieved from /home/beau/airflow/py_env/lib/python3.10/site-packages/airflow/example_dags/example_branch_python_dop_operator_3.py
[2023-09-23T09:25:00.783-0400] {logging_mixin.py:151} INFO - [2023-09-23T09:25:00.782-0400] {dag.py:2915} INFO - Sync 1 DAGs
[2023-09-23T09:25:00.818-0400] {logging_mixin.py:151} INFO - [2023-09-23T09:25:00.817-0400] {dag.py:3696} INFO - Setting next_dagrun for example_branch_dop_operator_v3 to 2023-09-23T13:24:00+00:00, run_after=2023-09-23T13:25:00+00:00
[2023-09-23T09:25:00.842-0400] {processor.py:179} INFO - Processing /home/beau/airflow/py_env/lib/python3.10/site-packages/airflow/example_dags/example_branch_python_dop_operator_3.py took 0.103 seconds
[2023-09-23T09:25:53.932-0400] {processor.py:157} INFO - Started process (PID=20023) to work on /home/beau/airflow/py_env/lib/python3.10/site-packages/airflow/example_dags/example_branch_python_dop_operator_3.py
[2023-09-23T09:25:53.934-0400] {processor.py:829} INFO - Processing file /home/beau/airflow/py_env/lib/python3.10/site-packages/airflow/example_dags/example_branch_python_dop_operator_3.py for tasks to queue
[2023-09-23T09:25:53.935-0400] {logging_mixin.py:151} INFO - [2023-09-23T09:25:53.935-0400] {dagbag.py:539} INFO - Filling up the DagBag from /home/beau/airflow/py_env/lib/python3.10/site-packages/airflow/example_dags/example_branch_python_dop_operator_3.py
[2023-09-23T09:25:53.949-0400] {processor.py:839} INFO - DAG(s) dict_keys(['example_branch_dop_operator_v3']) retrieved from /home/beau/airflow/py_env/lib/python3.10/site-packages/airflow/example_dags/example_branch_python_dop_operator_3.py
[2023-09-23T09:25:53.967-0400] {logging_mixin.py:151} INFO - [2023-09-23T09:25:53.967-0400] {dag.py:2915} INFO - Sync 1 DAGs
[2023-09-23T09:25:53.990-0400] {logging_mixin.py:151} INFO - [2023-09-23T09:25:53.990-0400] {dag.py:3696} INFO - Setting next_dagrun for example_branch_dop_operator_v3 to 2023-09-23T13:24:00+00:00, run_after=2023-09-23T13:25:00+00:00
[2023-09-23T09:25:54.023-0400] {processor.py:179} INFO - Processing /home/beau/airflow/py_env/lib/python3.10/site-packages/airflow/example_dags/example_branch_python_dop_operator_3.py took 0.096 seconds
[2023-09-23T09:37:14.623-0400] {processor.py:157} INFO - Started process (PID=1317) to work on /home/beau/airflow/py_env/lib/python3.10/site-packages/airflow/example_dags/example_branch_python_dop_operator_3.py
[2023-09-23T09:37:14.625-0400] {processor.py:829} INFO - Processing file /home/beau/airflow/py_env/lib/python3.10/site-packages/airflow/example_dags/example_branch_python_dop_operator_3.py for tasks to queue
[2023-09-23T09:37:14.627-0400] {logging_mixin.py:151} INFO - [2023-09-23T09:37:14.626-0400] {dagbag.py:539} INFO - Filling up the DagBag from /home/beau/airflow/py_env/lib/python3.10/site-packages/airflow/example_dags/example_branch_python_dop_operator_3.py
[2023-09-23T09:37:14.639-0400] {processor.py:839} INFO - DAG(s) dict_keys(['example_branch_dop_operator_v3']) retrieved from /home/beau/airflow/py_env/lib/python3.10/site-packages/airflow/example_dags/example_branch_python_dop_operator_3.py
[2023-09-23T09:37:14.659-0400] {logging_mixin.py:151} INFO - [2023-09-23T09:37:14.659-0400] {dag.py:2915} INFO - Sync 1 DAGs
[2023-09-23T09:37:14.679-0400] {logging_mixin.py:151} INFO - [2023-09-23T09:37:14.679-0400] {dag.py:3696} INFO - Setting next_dagrun for example_branch_dop_operator_v3 to 2023-09-23T13:36:00+00:00, run_after=2023-09-23T13:37:00+00:00
[2023-09-23T09:37:14.699-0400] {processor.py:179} INFO - Processing /home/beau/airflow/py_env/lib/python3.10/site-packages/airflow/example_dags/example_branch_python_dop_operator_3.py took 0.082 seconds
[2023-09-23T09:38:05.129-0400] {processor.py:157} INFO - Started process (PID=2064) to work on /home/beau/airflow/py_env/lib/python3.10/site-packages/airflow/example_dags/example_branch_python_dop_operator_3.py
[2023-09-23T09:38:05.131-0400] {processor.py:829} INFO - Processing file /home/beau/airflow/py_env/lib/python3.10/site-packages/airflow/example_dags/example_branch_python_dop_operator_3.py for tasks to queue
[2023-09-23T09:38:05.132-0400] {logging_mixin.py:151} INFO - [2023-09-23T09:38:05.132-0400] {dagbag.py:539} INFO - Filling up the DagBag from /home/beau/airflow/py_env/lib/python3.10/site-packages/airflow/example_dags/example_branch_python_dop_operator_3.py
[2023-09-23T09:38:05.147-0400] {processor.py:839} INFO - DAG(s) dict_keys(['example_branch_dop_operator_v3']) retrieved from /home/beau/airflow/py_env/lib/python3.10/site-packages/airflow/example_dags/example_branch_python_dop_operator_3.py
[2023-09-23T09:38:05.164-0400] {logging_mixin.py:151} INFO - [2023-09-23T09:38:05.164-0400] {dag.py:2915} INFO - Sync 1 DAGs
[2023-09-23T09:38:05.184-0400] {logging_mixin.py:151} INFO - [2023-09-23T09:38:05.184-0400] {dag.py:3696} INFO - Setting next_dagrun for example_branch_dop_operator_v3 to 2023-09-23T13:37:00+00:00, run_after=2023-09-23T13:38:00+00:00
[2023-09-23T09:38:05.208-0400] {processor.py:179} INFO - Processing /home/beau/airflow/py_env/lib/python3.10/site-packages/airflow/example_dags/example_branch_python_dop_operator_3.py took 0.084 seconds
[2023-09-23T09:38:51.564-0400] {processor.py:157} INFO - Started process (PID=2427) to work on /home/beau/airflow/py_env/lib/python3.10/site-packages/airflow/example_dags/example_branch_python_dop_operator_3.py
[2023-09-23T09:38:51.568-0400] {processor.py:829} INFO - Processing file /home/beau/airflow/py_env/lib/python3.10/site-packages/airflow/example_dags/example_branch_python_dop_operator_3.py for tasks to queue
[2023-09-23T09:38:51.569-0400] {logging_mixin.py:151} INFO - [2023-09-23T09:38:51.569-0400] {dagbag.py:539} INFO - Filling up the DagBag from /home/beau/airflow/py_env/lib/python3.10/site-packages/airflow/example_dags/example_branch_python_dop_operator_3.py
[2023-09-23T09:38:51.581-0400] {processor.py:839} INFO - DAG(s) dict_keys(['example_branch_dop_operator_v3']) retrieved from /home/beau/airflow/py_env/lib/python3.10/site-packages/airflow/example_dags/example_branch_python_dop_operator_3.py
[2023-09-23T09:38:51.599-0400] {logging_mixin.py:151} INFO - [2023-09-23T09:38:51.598-0400] {dag.py:2915} INFO - Sync 1 DAGs
[2023-09-23T09:38:51.618-0400] {logging_mixin.py:151} INFO - [2023-09-23T09:38:51.618-0400] {dag.py:3696} INFO - Setting next_dagrun for example_branch_dop_operator_v3 to 2023-09-23T13:37:00+00:00, run_after=2023-09-23T13:38:00+00:00
[2023-09-23T09:38:51.641-0400] {processor.py:179} INFO - Processing /home/beau/airflow/py_env/lib/python3.10/site-packages/airflow/example_dags/example_branch_python_dop_operator_3.py took 0.082 seconds
[2023-09-23T09:39:42.681-0400] {processor.py:157} INFO - Started process (PID=3055) to work on /home/beau/airflow/py_env/lib/python3.10/site-packages/airflow/example_dags/example_branch_python_dop_operator_3.py
[2023-09-23T09:39:42.683-0400] {processor.py:829} INFO - Processing file /home/beau/airflow/py_env/lib/python3.10/site-packages/airflow/example_dags/example_branch_python_dop_operator_3.py for tasks to queue
[2023-09-23T09:39:42.684-0400] {logging_mixin.py:151} INFO - [2023-09-23T09:39:42.684-0400] {dagbag.py:539} INFO - Filling up the DagBag from /home/beau/airflow/py_env/lib/python3.10/site-packages/airflow/example_dags/example_branch_python_dop_operator_3.py
[2023-09-23T09:39:42.695-0400] {processor.py:839} INFO - DAG(s) dict_keys(['example_branch_dop_operator_v3']) retrieved from /home/beau/airflow/py_env/lib/python3.10/site-packages/airflow/example_dags/example_branch_python_dop_operator_3.py
[2023-09-23T09:39:42.715-0400] {logging_mixin.py:151} INFO - [2023-09-23T09:39:42.714-0400] {dag.py:2915} INFO - Sync 1 DAGs
[2023-09-23T09:39:42.735-0400] {logging_mixin.py:151} INFO - [2023-09-23T09:39:42.735-0400] {dag.py:3696} INFO - Setting next_dagrun for example_branch_dop_operator_v3 to 2023-09-23T13:38:00+00:00, run_after=2023-09-23T13:39:00+00:00
[2023-09-23T09:39:42.763-0400] {processor.py:179} INFO - Processing /home/beau/airflow/py_env/lib/python3.10/site-packages/airflow/example_dags/example_branch_python_dop_operator_3.py took 0.085 seconds
[2023-09-23T09:40:37.162-0400] {processor.py:157} INFO - Started process (PID=3635) to work on /home/beau/airflow/py_env/lib/python3.10/site-packages/airflow/example_dags/example_branch_python_dop_operator_3.py
[2023-09-23T09:40:37.166-0400] {processor.py:829} INFO - Processing file /home/beau/airflow/py_env/lib/python3.10/site-packages/airflow/example_dags/example_branch_python_dop_operator_3.py for tasks to queue
[2023-09-23T09:40:37.168-0400] {logging_mixin.py:151} INFO - [2023-09-23T09:40:37.167-0400] {dagbag.py:539} INFO - Filling up the DagBag from /home/beau/airflow/py_env/lib/python3.10/site-packages/airflow/example_dags/example_branch_python_dop_operator_3.py
[2023-09-23T09:40:37.184-0400] {processor.py:839} INFO - DAG(s) dict_keys(['example_branch_dop_operator_v3']) retrieved from /home/beau/airflow/py_env/lib/python3.10/site-packages/airflow/example_dags/example_branch_python_dop_operator_3.py
[2023-09-23T09:40:37.204-0400] {logging_mixin.py:151} INFO - [2023-09-23T09:40:37.204-0400] {dag.py:2915} INFO - Sync 1 DAGs
[2023-09-23T09:40:37.221-0400] {logging_mixin.py:151} INFO - [2023-09-23T09:40:37.220-0400] {dag.py:3696} INFO - Setting next_dagrun for example_branch_dop_operator_v3 to 2023-09-23T13:39:00+00:00, run_after=2023-09-23T13:40:00+00:00
[2023-09-23T09:40:37.246-0400] {processor.py:179} INFO - Processing /home/beau/airflow/py_env/lib/python3.10/site-packages/airflow/example_dags/example_branch_python_dop_operator_3.py took 0.091 seconds
