[2023-09-23T09:06:45.654-0400] {processor.py:157} INFO - Started process (PID=11479) to work on /home/beau/airflow/py_env/lib/python3.10/site-packages/airflow/example_dags/example_datasets.py
[2023-09-23T09:06:45.656-0400] {processor.py:829} INFO - Processing file /home/beau/airflow/py_env/lib/python3.10/site-packages/airflow/example_dags/example_datasets.py for tasks to queue
[2023-09-23T09:06:45.657-0400] {logging_mixin.py:151} INFO - [2023-09-23T09:06:45.657-0400] {dagbag.py:539} INFO - Filling up the DagBag from /home/beau/airflow/py_env/lib/python3.10/site-packages/airflow/example_dags/example_datasets.py
[2023-09-23T09:06:45.673-0400] {processor.py:839} INFO - DAG(s) dict_keys(['dataset_consumes_1_and_2', 'dataset_produces_2', 'dataset_consumes_1', 'dataset_produces_1', 'dataset_consumes_unknown_never_scheduled', 'dataset_consumes_1_never_scheduled']) retrieved from /home/beau/airflow/py_env/lib/python3.10/site-packages/airflow/example_dags/example_datasets.py
[2023-09-23T09:06:45.775-0400] {logging_mixin.py:151} INFO - [2023-09-23T09:06:45.775-0400] {manager.py:499} INFO - Created Permission View: %s
[2023-09-23T09:06:45.791-0400] {logging_mixin.py:151} INFO - [2023-09-23T09:06:45.790-0400] {manager.py:499} INFO - Created Permission View: %s
[2023-09-23T09:06:45.805-0400] {logging_mixin.py:151} INFO - [2023-09-23T09:06:45.805-0400] {manager.py:499} INFO - Created Permission View: %s
[2023-09-23T09:06:45.805-0400] {logging_mixin.py:151} INFO - [2023-09-23T09:06:45.805-0400] {security.py:708} INFO - Not syncing DAG-level permissions for DAG 'DAG:dataset_consumes_1_and_2' as access control is unset.
[2023-09-23T09:06:45.829-0400] {logging_mixin.py:151} INFO - [2023-09-23T09:06:45.828-0400] {manager.py:499} INFO - Created Permission View: %s
[2023-09-23T09:06:45.840-0400] {logging_mixin.py:151} INFO - [2023-09-23T09:06:45.840-0400] {manager.py:499} INFO - Created Permission View: %s
[2023-09-23T09:06:45.853-0400] {logging_mixin.py:151} INFO - [2023-09-23T09:06:45.852-0400] {manager.py:499} INFO - Created Permission View: %s
[2023-09-23T09:06:45.853-0400] {logging_mixin.py:151} INFO - [2023-09-23T09:06:45.853-0400] {security.py:708} INFO - Not syncing DAG-level permissions for DAG 'DAG:dataset_produces_2' as access control is unset.
[2023-09-23T09:06:45.878-0400] {logging_mixin.py:151} INFO - [2023-09-23T09:06:45.878-0400] {manager.py:499} INFO - Created Permission View: %s
[2023-09-23T09:06:45.890-0400] {logging_mixin.py:151} INFO - [2023-09-23T09:06:45.890-0400] {manager.py:499} INFO - Created Permission View: %s
[2023-09-23T09:06:45.902-0400] {logging_mixin.py:151} INFO - [2023-09-23T09:06:45.901-0400] {manager.py:499} INFO - Created Permission View: %s
[2023-09-23T09:06:45.902-0400] {logging_mixin.py:151} INFO - [2023-09-23T09:06:45.902-0400] {security.py:708} INFO - Not syncing DAG-level permissions for DAG 'DAG:dataset_consumes_1' as access control is unset.
[2023-09-23T09:06:45.925-0400] {logging_mixin.py:151} INFO - [2023-09-23T09:06:45.925-0400] {manager.py:499} INFO - Created Permission View: %s
[2023-09-23T09:06:45.936-0400] {logging_mixin.py:151} INFO - [2023-09-23T09:06:45.936-0400] {manager.py:499} INFO - Created Permission View: %s
[2023-09-23T09:06:45.949-0400] {logging_mixin.py:151} INFO - [2023-09-23T09:06:45.949-0400] {manager.py:499} INFO - Created Permission View: %s
[2023-09-23T09:06:45.950-0400] {logging_mixin.py:151} INFO - [2023-09-23T09:06:45.949-0400] {security.py:708} INFO - Not syncing DAG-level permissions for DAG 'DAG:dataset_produces_1' as access control is unset.
[2023-09-23T09:06:45.995-0400] {logging_mixin.py:151} INFO - [2023-09-23T09:06:45.995-0400] {manager.py:499} INFO - Created Permission View: %s
[2023-09-23T09:06:46.007-0400] {logging_mixin.py:151} INFO - [2023-09-23T09:06:46.007-0400] {manager.py:499} INFO - Created Permission View: %s
[2023-09-23T09:06:46.024-0400] {logging_mixin.py:151} INFO - [2023-09-23T09:06:46.023-0400] {manager.py:499} INFO - Created Permission View: %s
[2023-09-23T09:06:46.024-0400] {logging_mixin.py:151} INFO - [2023-09-23T09:06:46.024-0400] {security.py:708} INFO - Not syncing DAG-level permissions for DAG 'DAG:dataset_consumes_unknown_never_scheduled' as access control is unset.
[2023-09-23T09:06:46.049-0400] {logging_mixin.py:151} INFO - [2023-09-23T09:06:46.049-0400] {manager.py:499} INFO - Created Permission View: %s
[2023-09-23T09:06:46.061-0400] {logging_mixin.py:151} INFO - [2023-09-23T09:06:46.061-0400] {manager.py:499} INFO - Created Permission View: %s
[2023-09-23T09:06:46.073-0400] {logging_mixin.py:151} INFO - [2023-09-23T09:06:46.072-0400] {manager.py:499} INFO - Created Permission View: %s
[2023-09-23T09:06:46.073-0400] {logging_mixin.py:151} INFO - [2023-09-23T09:06:46.073-0400] {security.py:708} INFO - Not syncing DAG-level permissions for DAG 'DAG:dataset_consumes_1_never_scheduled' as access control is unset.
[2023-09-23T09:06:46.073-0400] {logging_mixin.py:151} INFO - [2023-09-23T09:06:46.073-0400] {dag.py:2915} INFO - Sync 6 DAGs
[2023-09-23T09:06:46.081-0400] {logging_mixin.py:151} INFO - [2023-09-23T09:06:46.081-0400] {dag.py:2937} INFO - Creating ORM DAG for dataset_produces_1
[2023-09-23T09:06:46.081-0400] {logging_mixin.py:151} INFO - [2023-09-23T09:06:46.081-0400] {dag.py:2937} INFO - Creating ORM DAG for dataset_consumes_unknown_never_scheduled
[2023-09-23T09:06:46.082-0400] {logging_mixin.py:151} INFO - [2023-09-23T09:06:46.082-0400] {dag.py:2937} INFO - Creating ORM DAG for dataset_consumes_1_never_scheduled
[2023-09-23T09:06:46.082-0400] {logging_mixin.py:151} INFO - [2023-09-23T09:06:46.082-0400] {dag.py:2937} INFO - Creating ORM DAG for dataset_consumes_1
[2023-09-23T09:06:46.083-0400] {logging_mixin.py:151} INFO - [2023-09-23T09:06:46.083-0400] {dag.py:2937} INFO - Creating ORM DAG for dataset_consumes_1_and_2
[2023-09-23T09:06:46.083-0400] {logging_mixin.py:151} INFO - [2023-09-23T09:06:46.083-0400] {dag.py:2937} INFO - Creating ORM DAG for dataset_produces_2
[2023-09-23T09:06:46.090-0400] {logging_mixin.py:151} INFO - [2023-09-23T09:06:46.089-0400] {dag.py:3696} INFO - Setting next_dagrun for dataset_consumes_1 to None, run_after=None
[2023-09-23T09:06:46.090-0400] {logging_mixin.py:151} INFO - [2023-09-23T09:06:46.090-0400] {dag.py:3696} INFO - Setting next_dagrun for dataset_consumes_1_and_2 to None, run_after=None
[2023-09-23T09:06:46.091-0400] {logging_mixin.py:151} INFO - [2023-09-23T09:06:46.091-0400] {dag.py:3696} INFO - Setting next_dagrun for dataset_consumes_1_never_scheduled to None, run_after=None
[2023-09-23T09:06:46.091-0400] {logging_mixin.py:151} INFO - [2023-09-23T09:06:46.091-0400] {dag.py:3696} INFO - Setting next_dagrun for dataset_consumes_unknown_never_scheduled to None, run_after=None
[2023-09-23T09:06:46.093-0400] {logging_mixin.py:151} INFO - [2023-09-23T09:06:46.093-0400] {dag.py:3696} INFO - Setting next_dagrun for dataset_produces_1 to 2023-09-22T00:00:00+00:00, run_after=2023-09-23T00:00:00+00:00
[2023-09-23T09:06:46.093-0400] {logging_mixin.py:151} INFO - [2023-09-23T09:06:46.093-0400] {dag.py:3696} INFO - Setting next_dagrun for dataset_produces_2 to None, run_after=None
[2023-09-23T09:06:46.125-0400] {processor.py:179} INFO - Processing /home/beau/airflow/py_env/lib/python3.10/site-packages/airflow/example_dags/example_datasets.py took 0.478 seconds
[2023-09-23T09:07:34.354-0400] {processor.py:157} INFO - Started process (PID=11974) to work on /home/beau/airflow/py_env/lib/python3.10/site-packages/airflow/example_dags/example_datasets.py
[2023-09-23T09:07:34.359-0400] {processor.py:829} INFO - Processing file /home/beau/airflow/py_env/lib/python3.10/site-packages/airflow/example_dags/example_datasets.py for tasks to queue
[2023-09-23T09:07:34.360-0400] {logging_mixin.py:151} INFO - [2023-09-23T09:07:34.360-0400] {dagbag.py:539} INFO - Filling up the DagBag from /home/beau/airflow/py_env/lib/python3.10/site-packages/airflow/example_dags/example_datasets.py
[2023-09-23T09:07:34.374-0400] {processor.py:839} INFO - DAG(s) dict_keys(['dataset_consumes_1_and_2', 'dataset_consumes_1', 'dataset_consumes_1_never_scheduled', 'dataset_produces_2', 'dataset_produces_1', 'dataset_consumes_unknown_never_scheduled']) retrieved from /home/beau/airflow/py_env/lib/python3.10/site-packages/airflow/example_dags/example_datasets.py
[2023-09-23T09:07:34.401-0400] {logging_mixin.py:151} INFO - [2023-09-23T09:07:34.401-0400] {dag.py:2915} INFO - Sync 6 DAGs
[2023-09-23T09:07:34.418-0400] {logging_mixin.py:151} INFO - [2023-09-23T09:07:34.417-0400] {dag.py:3696} INFO - Setting next_dagrun for dataset_consumes_1 to None, run_after=None
[2023-09-23T09:07:34.420-0400] {logging_mixin.py:151} INFO - [2023-09-23T09:07:34.420-0400] {dag.py:3696} INFO - Setting next_dagrun for dataset_consumes_1_and_2 to None, run_after=None
[2023-09-23T09:07:34.421-0400] {logging_mixin.py:151} INFO - [2023-09-23T09:07:34.421-0400] {dag.py:3696} INFO - Setting next_dagrun for dataset_consumes_1_never_scheduled to None, run_after=None
[2023-09-23T09:07:34.421-0400] {logging_mixin.py:151} INFO - [2023-09-23T09:07:34.421-0400] {dag.py:3696} INFO - Setting next_dagrun for dataset_consumes_unknown_never_scheduled to None, run_after=None
[2023-09-23T09:07:34.423-0400] {logging_mixin.py:151} INFO - [2023-09-23T09:07:34.423-0400] {dag.py:3696} INFO - Setting next_dagrun for dataset_produces_1 to 2023-09-22T00:00:00+00:00, run_after=2023-09-23T00:00:00+00:00
[2023-09-23T09:07:34.424-0400] {logging_mixin.py:151} INFO - [2023-09-23T09:07:34.424-0400] {dag.py:3696} INFO - Setting next_dagrun for dataset_produces_2 to None, run_after=None
[2023-09-23T09:07:34.459-0400] {processor.py:179} INFO - Processing /home/beau/airflow/py_env/lib/python3.10/site-packages/airflow/example_dags/example_datasets.py took 0.110 seconds
[2023-09-23T09:08:25.096-0400] {processor.py:157} INFO - Started process (PID=12231) to work on /home/beau/airflow/py_env/lib/python3.10/site-packages/airflow/example_dags/example_datasets.py
[2023-09-23T09:08:25.101-0400] {processor.py:829} INFO - Processing file /home/beau/airflow/py_env/lib/python3.10/site-packages/airflow/example_dags/example_datasets.py for tasks to queue
[2023-09-23T09:08:25.102-0400] {logging_mixin.py:151} INFO - [2023-09-23T09:08:25.102-0400] {dagbag.py:539} INFO - Filling up the DagBag from /home/beau/airflow/py_env/lib/python3.10/site-packages/airflow/example_dags/example_datasets.py
[2023-09-23T09:08:25.117-0400] {processor.py:839} INFO - DAG(s) dict_keys(['dataset_produces_2', 'dataset_consumes_1', 'dataset_consumes_unknown_never_scheduled', 'dataset_consumes_1_never_scheduled', 'dataset_produces_1', 'dataset_consumes_1_and_2']) retrieved from /home/beau/airflow/py_env/lib/python3.10/site-packages/airflow/example_dags/example_datasets.py
[2023-09-23T09:08:25.139-0400] {logging_mixin.py:151} INFO - [2023-09-23T09:08:25.139-0400] {dag.py:2915} INFO - Sync 6 DAGs
[2023-09-23T09:08:25.155-0400] {logging_mixin.py:151} INFO - [2023-09-23T09:08:25.155-0400] {dag.py:3696} INFO - Setting next_dagrun for dataset_consumes_1 to None, run_after=None
[2023-09-23T09:08:25.158-0400] {logging_mixin.py:151} INFO - [2023-09-23T09:08:25.158-0400] {dag.py:3696} INFO - Setting next_dagrun for dataset_consumes_1_and_2 to None, run_after=None
[2023-09-23T09:08:25.159-0400] {logging_mixin.py:151} INFO - [2023-09-23T09:08:25.159-0400] {dag.py:3696} INFO - Setting next_dagrun for dataset_consumes_1_never_scheduled to None, run_after=None
[2023-09-23T09:08:25.160-0400] {logging_mixin.py:151} INFO - [2023-09-23T09:08:25.160-0400] {dag.py:3696} INFO - Setting next_dagrun for dataset_consumes_unknown_never_scheduled to None, run_after=None
[2023-09-23T09:08:25.162-0400] {logging_mixin.py:151} INFO - [2023-09-23T09:08:25.162-0400] {dag.py:3696} INFO - Setting next_dagrun for dataset_produces_1 to 2023-09-22T00:00:00+00:00, run_after=2023-09-23T00:00:00+00:00
[2023-09-23T09:08:25.163-0400] {logging_mixin.py:151} INFO - [2023-09-23T09:08:25.163-0400] {dag.py:3696} INFO - Setting next_dagrun for dataset_produces_2 to None, run_after=None
[2023-09-23T09:08:25.194-0400] {processor.py:179} INFO - Processing /home/beau/airflow/py_env/lib/python3.10/site-packages/airflow/example_dags/example_datasets.py took 0.104 seconds
[2023-09-23T09:09:17.811-0400] {processor.py:157} INFO - Started process (PID=12740) to work on /home/beau/airflow/py_env/lib/python3.10/site-packages/airflow/example_dags/example_datasets.py
[2023-09-23T09:09:17.816-0400] {processor.py:829} INFO - Processing file /home/beau/airflow/py_env/lib/python3.10/site-packages/airflow/example_dags/example_datasets.py for tasks to queue
[2023-09-23T09:09:17.818-0400] {logging_mixin.py:151} INFO - [2023-09-23T09:09:17.817-0400] {dagbag.py:539} INFO - Filling up the DagBag from /home/beau/airflow/py_env/lib/python3.10/site-packages/airflow/example_dags/example_datasets.py
[2023-09-23T09:09:17.833-0400] {processor.py:839} INFO - DAG(s) dict_keys(['dataset_consumes_unknown_never_scheduled', 'dataset_consumes_1_and_2', 'dataset_produces_2', 'dataset_consumes_1', 'dataset_produces_1', 'dataset_consumes_1_never_scheduled']) retrieved from /home/beau/airflow/py_env/lib/python3.10/site-packages/airflow/example_dags/example_datasets.py
[2023-09-23T09:09:17.862-0400] {logging_mixin.py:151} INFO - [2023-09-23T09:09:17.862-0400] {dag.py:2915} INFO - Sync 6 DAGs
[2023-09-23T09:09:17.878-0400] {logging_mixin.py:151} INFO - [2023-09-23T09:09:17.878-0400] {dag.py:3696} INFO - Setting next_dagrun for dataset_consumes_1 to None, run_after=None
[2023-09-23T09:09:17.881-0400] {logging_mixin.py:151} INFO - [2023-09-23T09:09:17.881-0400] {dag.py:3696} INFO - Setting next_dagrun for dataset_consumes_1_and_2 to None, run_after=None
[2023-09-23T09:09:17.882-0400] {logging_mixin.py:151} INFO - [2023-09-23T09:09:17.881-0400] {dag.py:3696} INFO - Setting next_dagrun for dataset_consumes_1_never_scheduled to None, run_after=None
[2023-09-23T09:09:17.882-0400] {logging_mixin.py:151} INFO - [2023-09-23T09:09:17.882-0400] {dag.py:3696} INFO - Setting next_dagrun for dataset_consumes_unknown_never_scheduled to None, run_after=None
[2023-09-23T09:09:17.884-0400] {logging_mixin.py:151} INFO - [2023-09-23T09:09:17.884-0400] {dag.py:3696} INFO - Setting next_dagrun for dataset_produces_1 to 2023-09-22T00:00:00+00:00, run_after=2023-09-23T00:00:00+00:00
[2023-09-23T09:09:17.885-0400] {logging_mixin.py:151} INFO - [2023-09-23T09:09:17.885-0400] {dag.py:3696} INFO - Setting next_dagrun for dataset_produces_2 to None, run_after=None
[2023-09-23T09:09:17.914-0400] {processor.py:179} INFO - Processing /home/beau/airflow/py_env/lib/python3.10/site-packages/airflow/example_dags/example_datasets.py took 0.110 seconds
[2023-09-23T09:10:04.965-0400] {processor.py:157} INFO - Started process (PID=12926) to work on /home/beau/airflow/py_env/lib/python3.10/site-packages/airflow/example_dags/example_datasets.py
[2023-09-23T09:10:04.969-0400] {processor.py:829} INFO - Processing file /home/beau/airflow/py_env/lib/python3.10/site-packages/airflow/example_dags/example_datasets.py for tasks to queue
[2023-09-23T09:10:04.970-0400] {logging_mixin.py:151} INFO - [2023-09-23T09:10:04.970-0400] {dagbag.py:539} INFO - Filling up the DagBag from /home/beau/airflow/py_env/lib/python3.10/site-packages/airflow/example_dags/example_datasets.py
[2023-09-23T09:10:04.982-0400] {processor.py:839} INFO - DAG(s) dict_keys(['dataset_produces_2', 'dataset_consumes_1_never_scheduled', 'dataset_produces_1', 'dataset_consumes_1_and_2', 'dataset_consumes_1', 'dataset_consumes_unknown_never_scheduled']) retrieved from /home/beau/airflow/py_env/lib/python3.10/site-packages/airflow/example_dags/example_datasets.py
[2023-09-23T09:10:05.009-0400] {logging_mixin.py:151} INFO - [2023-09-23T09:10:05.009-0400] {dag.py:2915} INFO - Sync 6 DAGs
[2023-09-23T09:10:05.027-0400] {logging_mixin.py:151} INFO - [2023-09-23T09:10:05.027-0400] {dag.py:3696} INFO - Setting next_dagrun for dataset_consumes_1 to None, run_after=None
[2023-09-23T09:10:05.029-0400] {logging_mixin.py:151} INFO - [2023-09-23T09:10:05.029-0400] {dag.py:3696} INFO - Setting next_dagrun for dataset_consumes_1_and_2 to None, run_after=None
[2023-09-23T09:10:05.030-0400] {logging_mixin.py:151} INFO - [2023-09-23T09:10:05.030-0400] {dag.py:3696} INFO - Setting next_dagrun for dataset_consumes_1_never_scheduled to None, run_after=None
[2023-09-23T09:10:05.031-0400] {logging_mixin.py:151} INFO - [2023-09-23T09:10:05.030-0400] {dag.py:3696} INFO - Setting next_dagrun for dataset_consumes_unknown_never_scheduled to None, run_after=None
[2023-09-23T09:10:05.033-0400] {logging_mixin.py:151} INFO - [2023-09-23T09:10:05.033-0400] {dag.py:3696} INFO - Setting next_dagrun for dataset_produces_1 to 2023-09-22T00:00:00+00:00, run_after=2023-09-23T00:00:00+00:00
[2023-09-23T09:10:05.034-0400] {logging_mixin.py:151} INFO - [2023-09-23T09:10:05.034-0400] {dag.py:3696} INFO - Setting next_dagrun for dataset_produces_2 to None, run_after=None
[2023-09-23T09:10:05.065-0400] {processor.py:179} INFO - Processing /home/beau/airflow/py_env/lib/python3.10/site-packages/airflow/example_dags/example_datasets.py took 0.104 seconds
[2023-09-23T09:10:53.025-0400] {processor.py:157} INFO - Started process (PID=13236) to work on /home/beau/airflow/py_env/lib/python3.10/site-packages/airflow/example_dags/example_datasets.py
[2023-09-23T09:10:53.030-0400] {processor.py:829} INFO - Processing file /home/beau/airflow/py_env/lib/python3.10/site-packages/airflow/example_dags/example_datasets.py for tasks to queue
[2023-09-23T09:10:53.033-0400] {logging_mixin.py:151} INFO - [2023-09-23T09:10:53.032-0400] {dagbag.py:539} INFO - Filling up the DagBag from /home/beau/airflow/py_env/lib/python3.10/site-packages/airflow/example_dags/example_datasets.py
[2023-09-23T09:10:53.056-0400] {processor.py:839} INFO - DAG(s) dict_keys(['dataset_produces_2', 'dataset_consumes_1_and_2', 'dataset_consumes_unknown_never_scheduled', 'dataset_consumes_1_never_scheduled', 'dataset_produces_1', 'dataset_consumes_1']) retrieved from /home/beau/airflow/py_env/lib/python3.10/site-packages/airflow/example_dags/example_datasets.py
[2023-09-23T09:10:53.086-0400] {logging_mixin.py:151} INFO - [2023-09-23T09:10:53.086-0400] {dag.py:2915} INFO - Sync 6 DAGs
[2023-09-23T09:10:53.101-0400] {logging_mixin.py:151} INFO - [2023-09-23T09:10:53.101-0400] {dag.py:3696} INFO - Setting next_dagrun for dataset_consumes_1 to None, run_after=None
[2023-09-23T09:10:53.103-0400] {logging_mixin.py:151} INFO - [2023-09-23T09:10:53.103-0400] {dag.py:3696} INFO - Setting next_dagrun for dataset_consumes_1_and_2 to None, run_after=None
[2023-09-23T09:10:53.104-0400] {logging_mixin.py:151} INFO - [2023-09-23T09:10:53.104-0400] {dag.py:3696} INFO - Setting next_dagrun for dataset_consumes_1_never_scheduled to None, run_after=None
[2023-09-23T09:10:53.105-0400] {logging_mixin.py:151} INFO - [2023-09-23T09:10:53.105-0400] {dag.py:3696} INFO - Setting next_dagrun for dataset_consumes_unknown_never_scheduled to None, run_after=None
[2023-09-23T09:10:53.108-0400] {logging_mixin.py:151} INFO - [2023-09-23T09:10:53.107-0400] {dag.py:3696} INFO - Setting next_dagrun for dataset_produces_1 to 2023-09-22T00:00:00+00:00, run_after=2023-09-23T00:00:00+00:00
[2023-09-23T09:10:53.109-0400] {logging_mixin.py:151} INFO - [2023-09-23T09:10:53.109-0400] {dag.py:3696} INFO - Setting next_dagrun for dataset_produces_2 to None, run_after=None
[2023-09-23T09:10:53.142-0400] {processor.py:179} INFO - Processing /home/beau/airflow/py_env/lib/python3.10/site-packages/airflow/example_dags/example_datasets.py took 0.125 seconds
[2023-09-23T09:11:42.121-0400] {processor.py:157} INFO - Started process (PID=13699) to work on /home/beau/airflow/py_env/lib/python3.10/site-packages/airflow/example_dags/example_datasets.py
[2023-09-23T09:11:42.126-0400] {processor.py:829} INFO - Processing file /home/beau/airflow/py_env/lib/python3.10/site-packages/airflow/example_dags/example_datasets.py for tasks to queue
[2023-09-23T09:11:42.127-0400] {logging_mixin.py:151} INFO - [2023-09-23T09:11:42.127-0400] {dagbag.py:539} INFO - Filling up the DagBag from /home/beau/airflow/py_env/lib/python3.10/site-packages/airflow/example_dags/example_datasets.py
[2023-09-23T09:11:42.142-0400] {processor.py:839} INFO - DAG(s) dict_keys(['dataset_consumes_1', 'dataset_consumes_unknown_never_scheduled', 'dataset_consumes_1_never_scheduled', 'dataset_consumes_1_and_2', 'dataset_produces_2', 'dataset_produces_1']) retrieved from /home/beau/airflow/py_env/lib/python3.10/site-packages/airflow/example_dags/example_datasets.py
[2023-09-23T09:11:42.167-0400] {logging_mixin.py:151} INFO - [2023-09-23T09:11:42.167-0400] {dag.py:2915} INFO - Sync 6 DAGs
[2023-09-23T09:11:42.184-0400] {logging_mixin.py:151} INFO - [2023-09-23T09:11:42.184-0400] {dag.py:3696} INFO - Setting next_dagrun for dataset_consumes_1 to None, run_after=None
[2023-09-23T09:11:42.186-0400] {logging_mixin.py:151} INFO - [2023-09-23T09:11:42.186-0400] {dag.py:3696} INFO - Setting next_dagrun for dataset_consumes_1_and_2 to None, run_after=None
[2023-09-23T09:11:42.187-0400] {logging_mixin.py:151} INFO - [2023-09-23T09:11:42.187-0400] {dag.py:3696} INFO - Setting next_dagrun for dataset_consumes_1_never_scheduled to None, run_after=None
[2023-09-23T09:11:42.188-0400] {logging_mixin.py:151} INFO - [2023-09-23T09:11:42.188-0400] {dag.py:3696} INFO - Setting next_dagrun for dataset_consumes_unknown_never_scheduled to None, run_after=None
[2023-09-23T09:11:42.190-0400] {logging_mixin.py:151} INFO - [2023-09-23T09:11:42.190-0400] {dag.py:3696} INFO - Setting next_dagrun for dataset_produces_1 to 2023-09-22T00:00:00+00:00, run_after=2023-09-23T00:00:00+00:00
[2023-09-23T09:11:42.191-0400] {logging_mixin.py:151} INFO - [2023-09-23T09:11:42.191-0400] {dag.py:3696} INFO - Setting next_dagrun for dataset_produces_2 to None, run_after=None
[2023-09-23T09:11:42.222-0400] {processor.py:179} INFO - Processing /home/beau/airflow/py_env/lib/python3.10/site-packages/airflow/example_dags/example_datasets.py took 0.106 seconds
[2023-09-23T09:12:31.410-0400] {processor.py:157} INFO - Started process (PID=14082) to work on /home/beau/airflow/py_env/lib/python3.10/site-packages/airflow/example_dags/example_datasets.py
[2023-09-23T09:12:31.414-0400] {processor.py:829} INFO - Processing file /home/beau/airflow/py_env/lib/python3.10/site-packages/airflow/example_dags/example_datasets.py for tasks to queue
[2023-09-23T09:12:31.416-0400] {logging_mixin.py:151} INFO - [2023-09-23T09:12:31.415-0400] {dagbag.py:539} INFO - Filling up the DagBag from /home/beau/airflow/py_env/lib/python3.10/site-packages/airflow/example_dags/example_datasets.py
[2023-09-23T09:12:31.432-0400] {processor.py:839} INFO - DAG(s) dict_keys(['dataset_consumes_unknown_never_scheduled', 'dataset_produces_1', 'dataset_produces_2', 'dataset_consumes_1', 'dataset_consumes_1_and_2', 'dataset_consumes_1_never_scheduled']) retrieved from /home/beau/airflow/py_env/lib/python3.10/site-packages/airflow/example_dags/example_datasets.py
[2023-09-23T09:12:31.460-0400] {logging_mixin.py:151} INFO - [2023-09-23T09:12:31.460-0400] {dag.py:2915} INFO - Sync 6 DAGs
[2023-09-23T09:12:31.476-0400] {logging_mixin.py:151} INFO - [2023-09-23T09:12:31.476-0400] {dag.py:3696} INFO - Setting next_dagrun for dataset_consumes_1 to None, run_after=None
[2023-09-23T09:12:31.478-0400] {logging_mixin.py:151} INFO - [2023-09-23T09:12:31.478-0400] {dag.py:3696} INFO - Setting next_dagrun for dataset_consumes_1_and_2 to None, run_after=None
[2023-09-23T09:12:31.479-0400] {logging_mixin.py:151} INFO - [2023-09-23T09:12:31.479-0400] {dag.py:3696} INFO - Setting next_dagrun for dataset_consumes_1_never_scheduled to None, run_after=None
[2023-09-23T09:12:31.479-0400] {logging_mixin.py:151} INFO - [2023-09-23T09:12:31.479-0400] {dag.py:3696} INFO - Setting next_dagrun for dataset_consumes_unknown_never_scheduled to None, run_after=None
[2023-09-23T09:12:31.481-0400] {logging_mixin.py:151} INFO - [2023-09-23T09:12:31.481-0400] {dag.py:3696} INFO - Setting next_dagrun for dataset_produces_1 to 2023-09-22T00:00:00+00:00, run_after=2023-09-23T00:00:00+00:00
[2023-09-23T09:12:31.482-0400] {logging_mixin.py:151} INFO - [2023-09-23T09:12:31.482-0400] {dag.py:3696} INFO - Setting next_dagrun for dataset_produces_2 to None, run_after=None
[2023-09-23T09:12:31.514-0400] {processor.py:179} INFO - Processing /home/beau/airflow/py_env/lib/python3.10/site-packages/airflow/example_dags/example_datasets.py took 0.110 seconds
[2023-09-23T09:13:21.738-0400] {processor.py:157} INFO - Started process (PID=14613) to work on /home/beau/airflow/py_env/lib/python3.10/site-packages/airflow/example_dags/example_datasets.py
[2023-09-23T09:13:21.741-0400] {processor.py:829} INFO - Processing file /home/beau/airflow/py_env/lib/python3.10/site-packages/airflow/example_dags/example_datasets.py for tasks to queue
[2023-09-23T09:13:21.742-0400] {logging_mixin.py:151} INFO - [2023-09-23T09:13:21.742-0400] {dagbag.py:539} INFO - Filling up the DagBag from /home/beau/airflow/py_env/lib/python3.10/site-packages/airflow/example_dags/example_datasets.py
[2023-09-23T09:13:21.753-0400] {processor.py:839} INFO - DAG(s) dict_keys(['dataset_produces_1', 'dataset_consumes_unknown_never_scheduled', 'dataset_consumes_1', 'dataset_produces_2', 'dataset_consumes_1_and_2', 'dataset_consumes_1_never_scheduled']) retrieved from /home/beau/airflow/py_env/lib/python3.10/site-packages/airflow/example_dags/example_datasets.py
[2023-09-23T09:13:21.795-0400] {logging_mixin.py:151} INFO - [2023-09-23T09:13:21.795-0400] {dag.py:2915} INFO - Sync 6 DAGs
[2023-09-23T09:13:21.817-0400] {logging_mixin.py:151} INFO - [2023-09-23T09:13:21.816-0400] {dag.py:3696} INFO - Setting next_dagrun for dataset_consumes_1 to None, run_after=None
[2023-09-23T09:13:21.821-0400] {logging_mixin.py:151} INFO - [2023-09-23T09:13:21.821-0400] {dag.py:3696} INFO - Setting next_dagrun for dataset_consumes_1_and_2 to None, run_after=None
[2023-09-23T09:13:21.823-0400] {logging_mixin.py:151} INFO - [2023-09-23T09:13:21.823-0400] {dag.py:3696} INFO - Setting next_dagrun for dataset_consumes_1_never_scheduled to None, run_after=None
[2023-09-23T09:13:21.825-0400] {logging_mixin.py:151} INFO - [2023-09-23T09:13:21.825-0400] {dag.py:3696} INFO - Setting next_dagrun for dataset_consumes_unknown_never_scheduled to None, run_after=None
[2023-09-23T09:13:21.829-0400] {logging_mixin.py:151} INFO - [2023-09-23T09:13:21.829-0400] {dag.py:3696} INFO - Setting next_dagrun for dataset_produces_1 to 2023-09-22T00:00:00+00:00, run_after=2023-09-23T00:00:00+00:00
[2023-09-23T09:13:21.830-0400] {logging_mixin.py:151} INFO - [2023-09-23T09:13:21.830-0400] {dag.py:3696} INFO - Setting next_dagrun for dataset_produces_2 to None, run_after=None
[2023-09-23T09:13:21.873-0400] {processor.py:179} INFO - Processing /home/beau/airflow/py_env/lib/python3.10/site-packages/airflow/example_dags/example_datasets.py took 0.139 seconds
[2023-09-23T09:14:09.986-0400] {processor.py:157} INFO - Started process (PID=15066) to work on /home/beau/airflow/py_env/lib/python3.10/site-packages/airflow/example_dags/example_datasets.py
[2023-09-23T09:14:09.994-0400] {processor.py:829} INFO - Processing file /home/beau/airflow/py_env/lib/python3.10/site-packages/airflow/example_dags/example_datasets.py for tasks to queue
[2023-09-23T09:14:09.998-0400] {logging_mixin.py:151} INFO - [2023-09-23T09:14:09.996-0400] {dagbag.py:539} INFO - Filling up the DagBag from /home/beau/airflow/py_env/lib/python3.10/site-packages/airflow/example_dags/example_datasets.py
[2023-09-23T09:14:10.023-0400] {processor.py:839} INFO - DAG(s) dict_keys(['dataset_produces_2', 'dataset_consumes_unknown_never_scheduled', 'dataset_consumes_1', 'dataset_produces_1', 'dataset_consumes_1_never_scheduled', 'dataset_consumes_1_and_2']) retrieved from /home/beau/airflow/py_env/lib/python3.10/site-packages/airflow/example_dags/example_datasets.py
[2023-09-23T09:14:10.065-0400] {logging_mixin.py:151} INFO - [2023-09-23T09:14:10.064-0400] {dag.py:2915} INFO - Sync 6 DAGs
[2023-09-23T09:14:10.090-0400] {logging_mixin.py:151} INFO - [2023-09-23T09:14:10.090-0400] {dag.py:3696} INFO - Setting next_dagrun for dataset_consumes_1 to None, run_after=None
[2023-09-23T09:14:10.095-0400] {logging_mixin.py:151} INFO - [2023-09-23T09:14:10.094-0400] {dag.py:3696} INFO - Setting next_dagrun for dataset_consumes_1_and_2 to None, run_after=None
[2023-09-23T09:14:10.096-0400] {logging_mixin.py:151} INFO - [2023-09-23T09:14:10.096-0400] {dag.py:3696} INFO - Setting next_dagrun for dataset_consumes_1_never_scheduled to None, run_after=None
[2023-09-23T09:14:10.097-0400] {logging_mixin.py:151} INFO - [2023-09-23T09:14:10.096-0400] {dag.py:3696} INFO - Setting next_dagrun for dataset_consumes_unknown_never_scheduled to None, run_after=None
[2023-09-23T09:14:10.099-0400] {logging_mixin.py:151} INFO - [2023-09-23T09:14:10.099-0400] {dag.py:3696} INFO - Setting next_dagrun for dataset_produces_1 to 2023-09-22T00:00:00+00:00, run_after=2023-09-23T00:00:00+00:00
[2023-09-23T09:14:10.100-0400] {logging_mixin.py:151} INFO - [2023-09-23T09:14:10.100-0400] {dag.py:3696} INFO - Setting next_dagrun for dataset_produces_2 to None, run_after=None
[2023-09-23T09:14:10.135-0400] {processor.py:179} INFO - Processing /home/beau/airflow/py_env/lib/python3.10/site-packages/airflow/example_dags/example_datasets.py took 0.163 seconds
[2023-09-23T09:14:59.502-0400] {processor.py:157} INFO - Started process (PID=15313) to work on /home/beau/airflow/py_env/lib/python3.10/site-packages/airflow/example_dags/example_datasets.py
[2023-09-23T09:14:59.507-0400] {processor.py:829} INFO - Processing file /home/beau/airflow/py_env/lib/python3.10/site-packages/airflow/example_dags/example_datasets.py for tasks to queue
[2023-09-23T09:14:59.508-0400] {logging_mixin.py:151} INFO - [2023-09-23T09:14:59.508-0400] {dagbag.py:539} INFO - Filling up the DagBag from /home/beau/airflow/py_env/lib/python3.10/site-packages/airflow/example_dags/example_datasets.py
[2023-09-23T09:14:59.525-0400] {processor.py:839} INFO - DAG(s) dict_keys(['dataset_produces_1', 'dataset_consumes_1', 'dataset_produces_2', 'dataset_consumes_1_and_2', 'dataset_consumes_unknown_never_scheduled', 'dataset_consumes_1_never_scheduled']) retrieved from /home/beau/airflow/py_env/lib/python3.10/site-packages/airflow/example_dags/example_datasets.py
[2023-09-23T09:14:59.554-0400] {logging_mixin.py:151} INFO - [2023-09-23T09:14:59.554-0400] {dag.py:2915} INFO - Sync 6 DAGs
[2023-09-23T09:14:59.574-0400] {logging_mixin.py:151} INFO - [2023-09-23T09:14:59.574-0400] {dag.py:3696} INFO - Setting next_dagrun for dataset_consumes_1 to None, run_after=None
[2023-09-23T09:14:59.576-0400] {logging_mixin.py:151} INFO - [2023-09-23T09:14:59.576-0400] {dag.py:3696} INFO - Setting next_dagrun for dataset_consumes_1_and_2 to None, run_after=None
[2023-09-23T09:14:59.577-0400] {logging_mixin.py:151} INFO - [2023-09-23T09:14:59.577-0400] {dag.py:3696} INFO - Setting next_dagrun for dataset_consumes_1_never_scheduled to None, run_after=None
[2023-09-23T09:14:59.578-0400] {logging_mixin.py:151} INFO - [2023-09-23T09:14:59.578-0400] {dag.py:3696} INFO - Setting next_dagrun for dataset_consumes_unknown_never_scheduled to None, run_after=None
[2023-09-23T09:14:59.581-0400] {logging_mixin.py:151} INFO - [2023-09-23T09:14:59.580-0400] {dag.py:3696} INFO - Setting next_dagrun for dataset_produces_1 to 2023-09-22T00:00:00+00:00, run_after=2023-09-23T00:00:00+00:00
[2023-09-23T09:14:59.582-0400] {logging_mixin.py:151} INFO - [2023-09-23T09:14:59.582-0400] {dag.py:3696} INFO - Setting next_dagrun for dataset_produces_2 to None, run_after=None
[2023-09-23T09:14:59.618-0400] {processor.py:179} INFO - Processing /home/beau/airflow/py_env/lib/python3.10/site-packages/airflow/example_dags/example_datasets.py took 0.123 seconds
[2023-09-23T09:17:46.238-0400] {processor.py:157} INFO - Started process (PID=16897) to work on /home/beau/airflow/py_env/lib/python3.10/site-packages/airflow/example_dags/example_datasets.py
[2023-09-23T09:17:46.243-0400] {processor.py:829} INFO - Processing file /home/beau/airflow/py_env/lib/python3.10/site-packages/airflow/example_dags/example_datasets.py for tasks to queue
[2023-09-23T09:17:46.245-0400] {logging_mixin.py:151} INFO - [2023-09-23T09:17:46.244-0400] {dagbag.py:539} INFO - Filling up the DagBag from /home/beau/airflow/py_env/lib/python3.10/site-packages/airflow/example_dags/example_datasets.py
[2023-09-23T09:17:46.265-0400] {processor.py:839} INFO - DAG(s) dict_keys(['dataset_consumes_1_and_2', 'dataset_consumes_unknown_never_scheduled', 'dataset_produces_2', 'dataset_produces_1', 'dataset_consumes_1_never_scheduled', 'dataset_consumes_1']) retrieved from /home/beau/airflow/py_env/lib/python3.10/site-packages/airflow/example_dags/example_datasets.py
[2023-09-23T09:17:46.292-0400] {logging_mixin.py:151} INFO - [2023-09-23T09:17:46.291-0400] {dag.py:2915} INFO - Sync 6 DAGs
[2023-09-23T09:17:46.309-0400] {logging_mixin.py:151} INFO - [2023-09-23T09:17:46.309-0400] {dag.py:3696} INFO - Setting next_dagrun for dataset_consumes_1 to None, run_after=None
[2023-09-23T09:17:46.312-0400] {logging_mixin.py:151} INFO - [2023-09-23T09:17:46.312-0400] {dag.py:3696} INFO - Setting next_dagrun for dataset_consumes_1_and_2 to None, run_after=None
[2023-09-23T09:17:46.313-0400] {logging_mixin.py:151} INFO - [2023-09-23T09:17:46.313-0400] {dag.py:3696} INFO - Setting next_dagrun for dataset_consumes_1_never_scheduled to None, run_after=None
[2023-09-23T09:17:46.314-0400] {logging_mixin.py:151} INFO - [2023-09-23T09:17:46.314-0400] {dag.py:3696} INFO - Setting next_dagrun for dataset_consumes_unknown_never_scheduled to None, run_after=None
[2023-09-23T09:17:46.316-0400] {logging_mixin.py:151} INFO - [2023-09-23T09:17:46.316-0400] {dag.py:3696} INFO - Setting next_dagrun for dataset_produces_1 to 2023-09-22T00:00:00+00:00, run_after=2023-09-23T00:00:00+00:00
[2023-09-23T09:17:46.317-0400] {logging_mixin.py:151} INFO - [2023-09-23T09:17:46.317-0400] {dag.py:3696} INFO - Setting next_dagrun for dataset_produces_2 to None, run_after=None
[2023-09-23T09:17:46.353-0400] {processor.py:179} INFO - Processing /home/beau/airflow/py_env/lib/python3.10/site-packages/airflow/example_dags/example_datasets.py took 0.124 seconds
[2023-09-23T09:18:38.663-0400] {processor.py:157} INFO - Started process (PID=17189) to work on /home/beau/airflow/py_env/lib/python3.10/site-packages/airflow/example_dags/example_datasets.py
[2023-09-23T09:18:38.666-0400] {processor.py:829} INFO - Processing file /home/beau/airflow/py_env/lib/python3.10/site-packages/airflow/example_dags/example_datasets.py for tasks to queue
[2023-09-23T09:18:38.667-0400] {logging_mixin.py:151} INFO - [2023-09-23T09:18:38.667-0400] {dagbag.py:539} INFO - Filling up the DagBag from /home/beau/airflow/py_env/lib/python3.10/site-packages/airflow/example_dags/example_datasets.py
[2023-09-23T09:18:38.676-0400] {processor.py:839} INFO - DAG(s) dict_keys(['dataset_consumes_1', 'dataset_produces_1', 'dataset_produces_2', 'dataset_consumes_unknown_never_scheduled', 'dataset_consumes_1_and_2', 'dataset_consumes_1_never_scheduled']) retrieved from /home/beau/airflow/py_env/lib/python3.10/site-packages/airflow/example_dags/example_datasets.py
[2023-09-23T09:18:38.703-0400] {logging_mixin.py:151} INFO - [2023-09-23T09:18:38.703-0400] {dag.py:2915} INFO - Sync 6 DAGs
[2023-09-23T09:18:38.723-0400] {logging_mixin.py:151} INFO - [2023-09-23T09:18:38.722-0400] {dag.py:3696} INFO - Setting next_dagrun for dataset_consumes_1 to None, run_after=None
[2023-09-23T09:18:38.726-0400] {logging_mixin.py:151} INFO - [2023-09-23T09:18:38.725-0400] {dag.py:3696} INFO - Setting next_dagrun for dataset_consumes_1_and_2 to None, run_after=None
[2023-09-23T09:18:38.728-0400] {logging_mixin.py:151} INFO - [2023-09-23T09:18:38.727-0400] {dag.py:3696} INFO - Setting next_dagrun for dataset_consumes_1_never_scheduled to None, run_after=None
[2023-09-23T09:18:38.729-0400] {logging_mixin.py:151} INFO - [2023-09-23T09:18:38.729-0400] {dag.py:3696} INFO - Setting next_dagrun for dataset_consumes_unknown_never_scheduled to None, run_after=None
[2023-09-23T09:18:38.731-0400] {logging_mixin.py:151} INFO - [2023-09-23T09:18:38.731-0400] {dag.py:3696} INFO - Setting next_dagrun for dataset_produces_1 to 2023-09-22T00:00:00+00:00, run_after=2023-09-23T00:00:00+00:00
[2023-09-23T09:18:38.732-0400] {logging_mixin.py:151} INFO - [2023-09-23T09:18:38.732-0400] {dag.py:3696} INFO - Setting next_dagrun for dataset_produces_2 to None, run_after=None
[2023-09-23T09:18:38.766-0400] {processor.py:179} INFO - Processing /home/beau/airflow/py_env/lib/python3.10/site-packages/airflow/example_dags/example_datasets.py took 0.108 seconds
[2023-09-23T09:19:31.777-0400] {processor.py:157} INFO - Started process (PID=17479) to work on /home/beau/airflow/py_env/lib/python3.10/site-packages/airflow/example_dags/example_datasets.py
[2023-09-23T09:19:31.780-0400] {processor.py:829} INFO - Processing file /home/beau/airflow/py_env/lib/python3.10/site-packages/airflow/example_dags/example_datasets.py for tasks to queue
[2023-09-23T09:19:31.782-0400] {logging_mixin.py:151} INFO - [2023-09-23T09:19:31.781-0400] {dagbag.py:539} INFO - Filling up the DagBag from /home/beau/airflow/py_env/lib/python3.10/site-packages/airflow/example_dags/example_datasets.py
[2023-09-23T09:19:31.797-0400] {processor.py:839} INFO - DAG(s) dict_keys(['dataset_consumes_1', 'dataset_consumes_1_never_scheduled', 'dataset_produces_2', 'dataset_produces_1', 'dataset_consumes_1_and_2', 'dataset_consumes_unknown_never_scheduled']) retrieved from /home/beau/airflow/py_env/lib/python3.10/site-packages/airflow/example_dags/example_datasets.py
[2023-09-23T09:19:31.822-0400] {logging_mixin.py:151} INFO - [2023-09-23T09:19:31.821-0400] {dag.py:2915} INFO - Sync 6 DAGs
[2023-09-23T09:19:31.840-0400] {logging_mixin.py:151} INFO - [2023-09-23T09:19:31.840-0400] {dag.py:3696} INFO - Setting next_dagrun for dataset_consumes_1 to None, run_after=None
[2023-09-23T09:19:31.845-0400] {logging_mixin.py:151} INFO - [2023-09-23T09:19:31.844-0400] {dag.py:3696} INFO - Setting next_dagrun for dataset_consumes_1_and_2 to None, run_after=None
[2023-09-23T09:19:31.846-0400] {logging_mixin.py:151} INFO - [2023-09-23T09:19:31.845-0400] {dag.py:3696} INFO - Setting next_dagrun for dataset_consumes_1_never_scheduled to None, run_after=None
[2023-09-23T09:19:31.846-0400] {logging_mixin.py:151} INFO - [2023-09-23T09:19:31.846-0400] {dag.py:3696} INFO - Setting next_dagrun for dataset_consumes_unknown_never_scheduled to None, run_after=None
[2023-09-23T09:19:31.848-0400] {logging_mixin.py:151} INFO - [2023-09-23T09:19:31.848-0400] {dag.py:3696} INFO - Setting next_dagrun for dataset_produces_1 to 2023-09-22T00:00:00+00:00, run_after=2023-09-23T00:00:00+00:00
[2023-09-23T09:19:31.849-0400] {logging_mixin.py:151} INFO - [2023-09-23T09:19:31.849-0400] {dag.py:3696} INFO - Setting next_dagrun for dataset_produces_2 to None, run_after=None
[2023-09-23T09:19:31.884-0400] {processor.py:179} INFO - Processing /home/beau/airflow/py_env/lib/python3.10/site-packages/airflow/example_dags/example_datasets.py took 0.112 seconds
[2023-09-23T09:20:21.053-0400] {processor.py:157} INFO - Started process (PID=17754) to work on /home/beau/airflow/py_env/lib/python3.10/site-packages/airflow/example_dags/example_datasets.py
[2023-09-23T09:20:21.057-0400] {processor.py:829} INFO - Processing file /home/beau/airflow/py_env/lib/python3.10/site-packages/airflow/example_dags/example_datasets.py for tasks to queue
[2023-09-23T09:20:21.058-0400] {logging_mixin.py:151} INFO - [2023-09-23T09:20:21.058-0400] {dagbag.py:539} INFO - Filling up the DagBag from /home/beau/airflow/py_env/lib/python3.10/site-packages/airflow/example_dags/example_datasets.py
[2023-09-23T09:20:21.083-0400] {processor.py:839} INFO - DAG(s) dict_keys(['dataset_consumes_1_never_scheduled', 'dataset_produces_2', 'dataset_consumes_unknown_never_scheduled', 'dataset_consumes_1_and_2', 'dataset_consumes_1', 'dataset_produces_1']) retrieved from /home/beau/airflow/py_env/lib/python3.10/site-packages/airflow/example_dags/example_datasets.py
[2023-09-23T09:20:21.121-0400] {logging_mixin.py:151} INFO - [2023-09-23T09:20:21.120-0400] {dag.py:2915} INFO - Sync 6 DAGs
[2023-09-23T09:20:21.138-0400] {logging_mixin.py:151} INFO - [2023-09-23T09:20:21.138-0400] {dag.py:3696} INFO - Setting next_dagrun for dataset_consumes_1 to None, run_after=None
[2023-09-23T09:20:21.141-0400] {logging_mixin.py:151} INFO - [2023-09-23T09:20:21.141-0400] {dag.py:3696} INFO - Setting next_dagrun for dataset_consumes_1_and_2 to None, run_after=None
[2023-09-23T09:20:21.142-0400] {logging_mixin.py:151} INFO - [2023-09-23T09:20:21.142-0400] {dag.py:3696} INFO - Setting next_dagrun for dataset_consumes_1_never_scheduled to None, run_after=None
[2023-09-23T09:20:21.143-0400] {logging_mixin.py:151} INFO - [2023-09-23T09:20:21.143-0400] {dag.py:3696} INFO - Setting next_dagrun for dataset_consumes_unknown_never_scheduled to None, run_after=None
[2023-09-23T09:20:21.145-0400] {logging_mixin.py:151} INFO - [2023-09-23T09:20:21.145-0400] {dag.py:3696} INFO - Setting next_dagrun for dataset_produces_1 to 2023-09-22T00:00:00+00:00, run_after=2023-09-23T00:00:00+00:00
[2023-09-23T09:20:21.146-0400] {logging_mixin.py:151} INFO - [2023-09-23T09:20:21.146-0400] {dag.py:3696} INFO - Setting next_dagrun for dataset_produces_2 to None, run_after=None
[2023-09-23T09:20:21.180-0400] {processor.py:179} INFO - Processing /home/beau/airflow/py_env/lib/python3.10/site-packages/airflow/example_dags/example_datasets.py took 0.129 seconds
[2023-09-23T09:21:19.443-0400] {processor.py:157} INFO - Started process (PID=18054) to work on /home/beau/airflow/py_env/lib/python3.10/site-packages/airflow/example_dags/example_datasets.py
[2023-09-23T09:21:19.447-0400] {processor.py:829} INFO - Processing file /home/beau/airflow/py_env/lib/python3.10/site-packages/airflow/example_dags/example_datasets.py for tasks to queue
[2023-09-23T09:21:19.449-0400] {logging_mixin.py:151} INFO - [2023-09-23T09:21:19.448-0400] {dagbag.py:539} INFO - Filling up the DagBag from /home/beau/airflow/py_env/lib/python3.10/site-packages/airflow/example_dags/example_datasets.py
[2023-09-23T09:21:19.466-0400] {processor.py:839} INFO - DAG(s) dict_keys(['dataset_produces_1', 'dataset_consumes_1_and_2', 'dataset_consumes_unknown_never_scheduled', 'dataset_consumes_1', 'dataset_produces_2', 'dataset_consumes_1_never_scheduled']) retrieved from /home/beau/airflow/py_env/lib/python3.10/site-packages/airflow/example_dags/example_datasets.py
[2023-09-23T09:21:19.493-0400] {logging_mixin.py:151} INFO - [2023-09-23T09:21:19.492-0400] {dag.py:2915} INFO - Sync 6 DAGs
[2023-09-23T09:21:19.510-0400] {logging_mixin.py:151} INFO - [2023-09-23T09:21:19.509-0400] {dag.py:3696} INFO - Setting next_dagrun for dataset_consumes_1 to None, run_after=None
[2023-09-23T09:21:19.512-0400] {logging_mixin.py:151} INFO - [2023-09-23T09:21:19.512-0400] {dag.py:3696} INFO - Setting next_dagrun for dataset_consumes_1_and_2 to None, run_after=None
[2023-09-23T09:21:19.513-0400] {logging_mixin.py:151} INFO - [2023-09-23T09:21:19.513-0400] {dag.py:3696} INFO - Setting next_dagrun for dataset_consumes_1_never_scheduled to None, run_after=None
[2023-09-23T09:21:19.514-0400] {logging_mixin.py:151} INFO - [2023-09-23T09:21:19.514-0400] {dag.py:3696} INFO - Setting next_dagrun for dataset_consumes_unknown_never_scheduled to None, run_after=None
[2023-09-23T09:21:19.516-0400] {logging_mixin.py:151} INFO - [2023-09-23T09:21:19.516-0400] {dag.py:3696} INFO - Setting next_dagrun for dataset_produces_1 to 2023-09-22T00:00:00+00:00, run_after=2023-09-23T00:00:00+00:00
[2023-09-23T09:21:19.517-0400] {logging_mixin.py:151} INFO - [2023-09-23T09:21:19.517-0400] {dag.py:3696} INFO - Setting next_dagrun for dataset_produces_2 to None, run_after=None
[2023-09-23T09:21:19.552-0400] {processor.py:179} INFO - Processing /home/beau/airflow/py_env/lib/python3.10/site-packages/airflow/example_dags/example_datasets.py took 0.118 seconds
[2023-09-23T09:24:04.311-0400] {processor.py:157} INFO - Started process (PID=19384) to work on /home/beau/airflow/py_env/lib/python3.10/site-packages/airflow/example_dags/example_datasets.py
[2023-09-23T09:24:04.314-0400] {processor.py:829} INFO - Processing file /home/beau/airflow/py_env/lib/python3.10/site-packages/airflow/example_dags/example_datasets.py for tasks to queue
[2023-09-23T09:24:04.316-0400] {logging_mixin.py:151} INFO - [2023-09-23T09:24:04.315-0400] {dagbag.py:539} INFO - Filling up the DagBag from /home/beau/airflow/py_env/lib/python3.10/site-packages/airflow/example_dags/example_datasets.py
[2023-09-23T09:24:04.328-0400] {processor.py:839} INFO - DAG(s) dict_keys(['dataset_consumes_1', 'dataset_consumes_1_never_scheduled', 'dataset_consumes_1_and_2', 'dataset_produces_1', 'dataset_consumes_unknown_never_scheduled', 'dataset_produces_2']) retrieved from /home/beau/airflow/py_env/lib/python3.10/site-packages/airflow/example_dags/example_datasets.py
[2023-09-23T09:24:04.362-0400] {logging_mixin.py:151} INFO - [2023-09-23T09:24:04.361-0400] {dag.py:2915} INFO - Sync 6 DAGs
[2023-09-23T09:24:04.385-0400] {logging_mixin.py:151} INFO - [2023-09-23T09:24:04.385-0400] {dag.py:3696} INFO - Setting next_dagrun for dataset_consumes_1 to None, run_after=None
[2023-09-23T09:24:04.388-0400] {logging_mixin.py:151} INFO - [2023-09-23T09:24:04.388-0400] {dag.py:3696} INFO - Setting next_dagrun for dataset_consumes_1_and_2 to None, run_after=None
[2023-09-23T09:24:04.389-0400] {logging_mixin.py:151} INFO - [2023-09-23T09:24:04.389-0400] {dag.py:3696} INFO - Setting next_dagrun for dataset_consumes_1_never_scheduled to None, run_after=None
[2023-09-23T09:24:04.390-0400] {logging_mixin.py:151} INFO - [2023-09-23T09:24:04.390-0400] {dag.py:3696} INFO - Setting next_dagrun for dataset_consumes_unknown_never_scheduled to None, run_after=None
[2023-09-23T09:24:04.394-0400] {logging_mixin.py:151} INFO - [2023-09-23T09:24:04.393-0400] {dag.py:3696} INFO - Setting next_dagrun for dataset_produces_1 to 2023-09-22T00:00:00+00:00, run_after=2023-09-23T00:00:00+00:00
[2023-09-23T09:24:04.396-0400] {logging_mixin.py:151} INFO - [2023-09-23T09:24:04.395-0400] {dag.py:3696} INFO - Setting next_dagrun for dataset_produces_2 to None, run_after=None
[2023-09-23T09:24:04.432-0400] {processor.py:179} INFO - Processing /home/beau/airflow/py_env/lib/python3.10/site-packages/airflow/example_dags/example_datasets.py took 0.125 seconds
[2023-09-23T09:24:56.759-0400] {processor.py:157} INFO - Started process (PID=19697) to work on /home/beau/airflow/py_env/lib/python3.10/site-packages/airflow/example_dags/example_datasets.py
[2023-09-23T09:24:56.763-0400] {processor.py:829} INFO - Processing file /home/beau/airflow/py_env/lib/python3.10/site-packages/airflow/example_dags/example_datasets.py for tasks to queue
[2023-09-23T09:24:56.765-0400] {logging_mixin.py:151} INFO - [2023-09-23T09:24:56.764-0400] {dagbag.py:539} INFO - Filling up the DagBag from /home/beau/airflow/py_env/lib/python3.10/site-packages/airflow/example_dags/example_datasets.py
[2023-09-23T09:24:56.777-0400] {processor.py:839} INFO - DAG(s) dict_keys(['dataset_consumes_1_and_2', 'dataset_consumes_1_never_scheduled', 'dataset_consumes_unknown_never_scheduled', 'dataset_consumes_1', 'dataset_produces_2', 'dataset_produces_1']) retrieved from /home/beau/airflow/py_env/lib/python3.10/site-packages/airflow/example_dags/example_datasets.py
[2023-09-23T09:24:56.807-0400] {logging_mixin.py:151} INFO - [2023-09-23T09:24:56.807-0400] {dag.py:2915} INFO - Sync 6 DAGs
[2023-09-23T09:24:56.825-0400] {logging_mixin.py:151} INFO - [2023-09-23T09:24:56.825-0400] {dag.py:3696} INFO - Setting next_dagrun for dataset_consumes_1 to None, run_after=None
[2023-09-23T09:24:56.828-0400] {logging_mixin.py:151} INFO - [2023-09-23T09:24:56.828-0400] {dag.py:3696} INFO - Setting next_dagrun for dataset_consumes_1_and_2 to None, run_after=None
[2023-09-23T09:24:56.829-0400] {logging_mixin.py:151} INFO - [2023-09-23T09:24:56.829-0400] {dag.py:3696} INFO - Setting next_dagrun for dataset_consumes_1_never_scheduled to None, run_after=None
[2023-09-23T09:24:56.830-0400] {logging_mixin.py:151} INFO - [2023-09-23T09:24:56.830-0400] {dag.py:3696} INFO - Setting next_dagrun for dataset_consumes_unknown_never_scheduled to None, run_after=None
[2023-09-23T09:24:56.832-0400] {logging_mixin.py:151} INFO - [2023-09-23T09:24:56.832-0400] {dag.py:3696} INFO - Setting next_dagrun for dataset_produces_1 to 2023-09-22T00:00:00+00:00, run_after=2023-09-23T00:00:00+00:00
[2023-09-23T09:24:56.833-0400] {logging_mixin.py:151} INFO - [2023-09-23T09:24:56.833-0400] {dag.py:3696} INFO - Setting next_dagrun for dataset_produces_2 to None, run_after=None
[2023-09-23T09:24:56.869-0400] {processor.py:179} INFO - Processing /home/beau/airflow/py_env/lib/python3.10/site-packages/airflow/example_dags/example_datasets.py took 0.117 seconds
[2023-09-23T09:25:43.387-0400] {processor.py:157} INFO - Started process (PID=19983) to work on /home/beau/airflow/py_env/lib/python3.10/site-packages/airflow/example_dags/example_datasets.py
[2023-09-23T09:25:43.390-0400] {processor.py:829} INFO - Processing file /home/beau/airflow/py_env/lib/python3.10/site-packages/airflow/example_dags/example_datasets.py for tasks to queue
[2023-09-23T09:25:43.391-0400] {logging_mixin.py:151} INFO - [2023-09-23T09:25:43.391-0400] {dagbag.py:539} INFO - Filling up the DagBag from /home/beau/airflow/py_env/lib/python3.10/site-packages/airflow/example_dags/example_datasets.py
[2023-09-23T09:25:43.401-0400] {processor.py:839} INFO - DAG(s) dict_keys(['dataset_produces_1', 'dataset_consumes_1_and_2', 'dataset_produces_2', 'dataset_consumes_unknown_never_scheduled', 'dataset_consumes_1_never_scheduled', 'dataset_consumes_1']) retrieved from /home/beau/airflow/py_env/lib/python3.10/site-packages/airflow/example_dags/example_datasets.py
[2023-09-23T09:25:43.430-0400] {logging_mixin.py:151} INFO - [2023-09-23T09:25:43.430-0400] {dag.py:2915} INFO - Sync 6 DAGs
[2023-09-23T09:25:43.452-0400] {logging_mixin.py:151} INFO - [2023-09-23T09:25:43.451-0400] {dag.py:3696} INFO - Setting next_dagrun for dataset_consumes_1 to None, run_after=None
[2023-09-23T09:25:43.456-0400] {logging_mixin.py:151} INFO - [2023-09-23T09:25:43.456-0400] {dag.py:3696} INFO - Setting next_dagrun for dataset_consumes_1_and_2 to None, run_after=None
[2023-09-23T09:25:43.457-0400] {logging_mixin.py:151} INFO - [2023-09-23T09:25:43.457-0400] {dag.py:3696} INFO - Setting next_dagrun for dataset_consumes_1_never_scheduled to None, run_after=None
[2023-09-23T09:25:43.458-0400] {logging_mixin.py:151} INFO - [2023-09-23T09:25:43.458-0400] {dag.py:3696} INFO - Setting next_dagrun for dataset_consumes_unknown_never_scheduled to None, run_after=None
[2023-09-23T09:25:43.460-0400] {logging_mixin.py:151} INFO - [2023-09-23T09:25:43.460-0400] {dag.py:3696} INFO - Setting next_dagrun for dataset_produces_1 to 2023-09-22T00:00:00+00:00, run_after=2023-09-23T00:00:00+00:00
[2023-09-23T09:25:43.461-0400] {logging_mixin.py:151} INFO - [2023-09-23T09:25:43.461-0400] {dag.py:3696} INFO - Setting next_dagrun for dataset_produces_2 to None, run_after=None
[2023-09-23T09:25:43.497-0400] {processor.py:179} INFO - Processing /home/beau/airflow/py_env/lib/python3.10/site-packages/airflow/example_dags/example_datasets.py took 0.113 seconds
[2023-09-23T09:26:35.653-0400] {processor.py:157} INFO - Started process (PID=20285) to work on /home/beau/airflow/py_env/lib/python3.10/site-packages/airflow/example_dags/example_datasets.py
[2023-09-23T09:26:35.657-0400] {processor.py:829} INFO - Processing file /home/beau/airflow/py_env/lib/python3.10/site-packages/airflow/example_dags/example_datasets.py for tasks to queue
[2023-09-23T09:26:35.659-0400] {logging_mixin.py:151} INFO - [2023-09-23T09:26:35.658-0400] {dagbag.py:539} INFO - Filling up the DagBag from /home/beau/airflow/py_env/lib/python3.10/site-packages/airflow/example_dags/example_datasets.py
[2023-09-23T09:26:35.672-0400] {processor.py:839} INFO - DAG(s) dict_keys(['dataset_consumes_unknown_never_scheduled', 'dataset_consumes_1_never_scheduled', 'dataset_produces_1', 'dataset_consumes_1_and_2', 'dataset_consumes_1', 'dataset_produces_2']) retrieved from /home/beau/airflow/py_env/lib/python3.10/site-packages/airflow/example_dags/example_datasets.py
[2023-09-23T09:26:35.702-0400] {logging_mixin.py:151} INFO - [2023-09-23T09:26:35.702-0400] {dag.py:2915} INFO - Sync 6 DAGs
[2023-09-23T09:26:35.723-0400] {logging_mixin.py:151} INFO - [2023-09-23T09:26:35.723-0400] {dag.py:3696} INFO - Setting next_dagrun for dataset_consumes_1 to None, run_after=None
[2023-09-23T09:26:35.726-0400] {logging_mixin.py:151} INFO - [2023-09-23T09:26:35.726-0400] {dag.py:3696} INFO - Setting next_dagrun for dataset_consumes_1_and_2 to None, run_after=None
[2023-09-23T09:26:35.728-0400] {logging_mixin.py:151} INFO - [2023-09-23T09:26:35.728-0400] {dag.py:3696} INFO - Setting next_dagrun for dataset_consumes_1_never_scheduled to None, run_after=None
[2023-09-23T09:26:35.729-0400] {logging_mixin.py:151} INFO - [2023-09-23T09:26:35.729-0400] {dag.py:3696} INFO - Setting next_dagrun for dataset_consumes_unknown_never_scheduled to None, run_after=None
[2023-09-23T09:26:35.732-0400] {logging_mixin.py:151} INFO - [2023-09-23T09:26:35.732-0400] {dag.py:3696} INFO - Setting next_dagrun for dataset_produces_1 to 2023-09-22T00:00:00+00:00, run_after=2023-09-23T00:00:00+00:00
[2023-09-23T09:26:35.733-0400] {logging_mixin.py:151} INFO - [2023-09-23T09:26:35.733-0400] {dag.py:3696} INFO - Setting next_dagrun for dataset_produces_2 to None, run_after=None
[2023-09-23T09:26:35.771-0400] {processor.py:179} INFO - Processing /home/beau/airflow/py_env/lib/python3.10/site-packages/airflow/example_dags/example_datasets.py took 0.122 seconds
[2023-09-23T09:37:10.626-0400] {processor.py:157} INFO - Started process (PID=1240) to work on /home/beau/airflow/py_env/lib/python3.10/site-packages/airflow/example_dags/example_datasets.py
[2023-09-23T09:37:10.629-0400] {processor.py:829} INFO - Processing file /home/beau/airflow/py_env/lib/python3.10/site-packages/airflow/example_dags/example_datasets.py for tasks to queue
[2023-09-23T09:37:10.630-0400] {logging_mixin.py:151} INFO - [2023-09-23T09:37:10.630-0400] {dagbag.py:539} INFO - Filling up the DagBag from /home/beau/airflow/py_env/lib/python3.10/site-packages/airflow/example_dags/example_datasets.py
[2023-09-23T09:37:10.643-0400] {processor.py:839} INFO - DAG(s) dict_keys(['dataset_consumes_unknown_never_scheduled', 'dataset_consumes_1_never_scheduled', 'dataset_consumes_1', 'dataset_produces_2', 'dataset_consumes_1_and_2', 'dataset_produces_1']) retrieved from /home/beau/airflow/py_env/lib/python3.10/site-packages/airflow/example_dags/example_datasets.py
[2023-09-23T09:37:10.665-0400] {logging_mixin.py:151} INFO - [2023-09-23T09:37:10.665-0400] {dag.py:2915} INFO - Sync 6 DAGs
[2023-09-23T09:37:10.683-0400] {logging_mixin.py:151} INFO - [2023-09-23T09:37:10.683-0400] {dag.py:3696} INFO - Setting next_dagrun for dataset_consumes_1 to None, run_after=None
[2023-09-23T09:37:10.687-0400] {logging_mixin.py:151} INFO - [2023-09-23T09:37:10.687-0400] {dag.py:3696} INFO - Setting next_dagrun for dataset_consumes_1_and_2 to None, run_after=None
[2023-09-23T09:37:10.688-0400] {logging_mixin.py:151} INFO - [2023-09-23T09:37:10.688-0400] {dag.py:3696} INFO - Setting next_dagrun for dataset_consumes_1_never_scheduled to None, run_after=None
[2023-09-23T09:37:10.689-0400] {logging_mixin.py:151} INFO - [2023-09-23T09:37:10.689-0400] {dag.py:3696} INFO - Setting next_dagrun for dataset_consumes_unknown_never_scheduled to None, run_after=None
[2023-09-23T09:37:10.692-0400] {logging_mixin.py:151} INFO - [2023-09-23T09:37:10.692-0400] {dag.py:3696} INFO - Setting next_dagrun for dataset_produces_1 to 2023-09-22T00:00:00+00:00, run_after=2023-09-23T00:00:00+00:00
[2023-09-23T09:37:10.693-0400] {logging_mixin.py:151} INFO - [2023-09-23T09:37:10.693-0400] {dag.py:3696} INFO - Setting next_dagrun for dataset_produces_2 to None, run_after=None
[2023-09-23T09:37:10.723-0400] {processor.py:179} INFO - Processing /home/beau/airflow/py_env/lib/python3.10/site-packages/airflow/example_dags/example_datasets.py took 0.101 seconds
[2023-09-23T09:38:01.128-0400] {processor.py:157} INFO - Started process (PID=1988) to work on /home/beau/airflow/py_env/lib/python3.10/site-packages/airflow/example_dags/example_datasets.py
[2023-09-23T09:38:01.129-0400] {processor.py:829} INFO - Processing file /home/beau/airflow/py_env/lib/python3.10/site-packages/airflow/example_dags/example_datasets.py for tasks to queue
[2023-09-23T09:38:01.130-0400] {logging_mixin.py:151} INFO - [2023-09-23T09:38:01.130-0400] {dagbag.py:539} INFO - Filling up the DagBag from /home/beau/airflow/py_env/lib/python3.10/site-packages/airflow/example_dags/example_datasets.py
[2023-09-23T09:38:01.141-0400] {processor.py:839} INFO - DAG(s) dict_keys(['dataset_produces_1', 'dataset_consumes_unknown_never_scheduled', 'dataset_consumes_1_never_scheduled', 'dataset_consumes_1', 'dataset_produces_2', 'dataset_consumes_1_and_2']) retrieved from /home/beau/airflow/py_env/lib/python3.10/site-packages/airflow/example_dags/example_datasets.py
[2023-09-23T09:38:01.169-0400] {logging_mixin.py:151} INFO - [2023-09-23T09:38:01.169-0400] {dag.py:2915} INFO - Sync 6 DAGs
[2023-09-23T09:38:01.189-0400] {logging_mixin.py:151} INFO - [2023-09-23T09:38:01.189-0400] {dag.py:3696} INFO - Setting next_dagrun for dataset_consumes_1 to None, run_after=None
[2023-09-23T09:38:01.192-0400] {logging_mixin.py:151} INFO - [2023-09-23T09:38:01.192-0400] {dag.py:3696} INFO - Setting next_dagrun for dataset_consumes_1_and_2 to None, run_after=None
[2023-09-23T09:38:01.193-0400] {logging_mixin.py:151} INFO - [2023-09-23T09:38:01.193-0400] {dag.py:3696} INFO - Setting next_dagrun for dataset_consumes_1_never_scheduled to None, run_after=None
[2023-09-23T09:38:01.194-0400] {logging_mixin.py:151} INFO - [2023-09-23T09:38:01.194-0400] {dag.py:3696} INFO - Setting next_dagrun for dataset_consumes_unknown_never_scheduled to None, run_after=None
[2023-09-23T09:38:01.196-0400] {logging_mixin.py:151} INFO - [2023-09-23T09:38:01.196-0400] {dag.py:3696} INFO - Setting next_dagrun for dataset_produces_1 to 2023-09-22T00:00:00+00:00, run_after=2023-09-23T00:00:00+00:00
[2023-09-23T09:38:01.197-0400] {logging_mixin.py:151} INFO - [2023-09-23T09:38:01.197-0400] {dag.py:3696} INFO - Setting next_dagrun for dataset_produces_2 to None, run_after=None
[2023-09-23T09:38:01.228-0400] {processor.py:179} INFO - Processing /home/beau/airflow/py_env/lib/python3.10/site-packages/airflow/example_dags/example_datasets.py took 0.104 seconds
[2023-09-23T09:38:47.578-0400] {processor.py:157} INFO - Started process (PID=2411) to work on /home/beau/airflow/py_env/lib/python3.10/site-packages/airflow/example_dags/example_datasets.py
[2023-09-23T09:38:47.583-0400] {processor.py:829} INFO - Processing file /home/beau/airflow/py_env/lib/python3.10/site-packages/airflow/example_dags/example_datasets.py for tasks to queue
[2023-09-23T09:38:47.584-0400] {logging_mixin.py:151} INFO - [2023-09-23T09:38:47.583-0400] {dagbag.py:539} INFO - Filling up the DagBag from /home/beau/airflow/py_env/lib/python3.10/site-packages/airflow/example_dags/example_datasets.py
[2023-09-23T09:38:47.596-0400] {processor.py:839} INFO - DAG(s) dict_keys(['dataset_produces_1', 'dataset_consumes_1', 'dataset_consumes_unknown_never_scheduled', 'dataset_consumes_1_never_scheduled', 'dataset_consumes_1_and_2', 'dataset_produces_2']) retrieved from /home/beau/airflow/py_env/lib/python3.10/site-packages/airflow/example_dags/example_datasets.py
[2023-09-23T09:38:47.622-0400] {logging_mixin.py:151} INFO - [2023-09-23T09:38:47.622-0400] {dag.py:2915} INFO - Sync 6 DAGs
[2023-09-23T09:38:47.638-0400] {logging_mixin.py:151} INFO - [2023-09-23T09:38:47.637-0400] {dag.py:3696} INFO - Setting next_dagrun for dataset_consumes_1 to None, run_after=None
[2023-09-23T09:38:47.642-0400] {logging_mixin.py:151} INFO - [2023-09-23T09:38:47.641-0400] {dag.py:3696} INFO - Setting next_dagrun for dataset_consumes_1_and_2 to None, run_after=None
[2023-09-23T09:38:47.643-0400] {logging_mixin.py:151} INFO - [2023-09-23T09:38:47.643-0400] {dag.py:3696} INFO - Setting next_dagrun for dataset_consumes_1_never_scheduled to None, run_after=None
[2023-09-23T09:38:47.644-0400] {logging_mixin.py:151} INFO - [2023-09-23T09:38:47.643-0400] {dag.py:3696} INFO - Setting next_dagrun for dataset_consumes_unknown_never_scheduled to None, run_after=None
[2023-09-23T09:38:47.645-0400] {logging_mixin.py:151} INFO - [2023-09-23T09:38:47.645-0400] {dag.py:3696} INFO - Setting next_dagrun for dataset_produces_1 to 2023-09-22T00:00:00+00:00, run_after=2023-09-23T00:00:00+00:00
[2023-09-23T09:38:47.646-0400] {logging_mixin.py:151} INFO - [2023-09-23T09:38:47.646-0400] {dag.py:3696} INFO - Setting next_dagrun for dataset_produces_2 to None, run_after=None
[2023-09-23T09:38:47.681-0400] {processor.py:179} INFO - Processing /home/beau/airflow/py_env/lib/python3.10/site-packages/airflow/example_dags/example_datasets.py took 0.106 seconds
[2023-09-23T09:39:37.975-0400] {processor.py:157} INFO - Started process (PID=2979) to work on /home/beau/airflow/py_env/lib/python3.10/site-packages/airflow/example_dags/example_datasets.py
[2023-09-23T09:39:37.978-0400] {processor.py:829} INFO - Processing file /home/beau/airflow/py_env/lib/python3.10/site-packages/airflow/example_dags/example_datasets.py for tasks to queue
[2023-09-23T09:39:37.979-0400] {logging_mixin.py:151} INFO - [2023-09-23T09:39:37.979-0400] {dagbag.py:539} INFO - Filling up the DagBag from /home/beau/airflow/py_env/lib/python3.10/site-packages/airflow/example_dags/example_datasets.py
[2023-09-23T09:39:37.998-0400] {processor.py:839} INFO - DAG(s) dict_keys(['dataset_consumes_1_and_2', 'dataset_consumes_unknown_never_scheduled', 'dataset_produces_1', 'dataset_consumes_1', 'dataset_consumes_1_never_scheduled', 'dataset_produces_2']) retrieved from /home/beau/airflow/py_env/lib/python3.10/site-packages/airflow/example_dags/example_datasets.py
[2023-09-23T09:39:38.025-0400] {logging_mixin.py:151} INFO - [2023-09-23T09:39:38.025-0400] {dag.py:2915} INFO - Sync 6 DAGs
[2023-09-23T09:39:38.046-0400] {logging_mixin.py:151} INFO - [2023-09-23T09:39:38.045-0400] {dag.py:3696} INFO - Setting next_dagrun for dataset_consumes_1 to None, run_after=None
[2023-09-23T09:39:38.048-0400] {logging_mixin.py:151} INFO - [2023-09-23T09:39:38.048-0400] {dag.py:3696} INFO - Setting next_dagrun for dataset_consumes_1_and_2 to None, run_after=None
[2023-09-23T09:39:38.049-0400] {logging_mixin.py:151} INFO - [2023-09-23T09:39:38.049-0400] {dag.py:3696} INFO - Setting next_dagrun for dataset_consumes_1_never_scheduled to None, run_after=None
[2023-09-23T09:39:38.050-0400] {logging_mixin.py:151} INFO - [2023-09-23T09:39:38.050-0400] {dag.py:3696} INFO - Setting next_dagrun for dataset_consumes_unknown_never_scheduled to None, run_after=None
[2023-09-23T09:39:38.052-0400] {logging_mixin.py:151} INFO - [2023-09-23T09:39:38.052-0400] {dag.py:3696} INFO - Setting next_dagrun for dataset_produces_1 to 2023-09-22T00:00:00+00:00, run_after=2023-09-23T00:00:00+00:00
[2023-09-23T09:39:38.053-0400] {logging_mixin.py:151} INFO - [2023-09-23T09:39:38.052-0400] {dag.py:3696} INFO - Setting next_dagrun for dataset_produces_2 to None, run_after=None
[2023-09-23T09:39:38.083-0400] {processor.py:179} INFO - Processing /home/beau/airflow/py_env/lib/python3.10/site-packages/airflow/example_dags/example_datasets.py took 0.115 seconds
[2023-09-23T09:40:26.017-0400] {processor.py:157} INFO - Started process (PID=3593) to work on /home/beau/airflow/py_env/lib/python3.10/site-packages/airflow/example_dags/example_datasets.py
[2023-09-23T09:40:26.018-0400] {processor.py:829} INFO - Processing file /home/beau/airflow/py_env/lib/python3.10/site-packages/airflow/example_dags/example_datasets.py for tasks to queue
[2023-09-23T09:40:26.019-0400] {logging_mixin.py:151} INFO - [2023-09-23T09:40:26.018-0400] {dagbag.py:539} INFO - Filling up the DagBag from /home/beau/airflow/py_env/lib/python3.10/site-packages/airflow/example_dags/example_datasets.py
[2023-09-23T09:40:26.026-0400] {processor.py:839} INFO - DAG(s) dict_keys(['dataset_consumes_1_and_2', 'dataset_produces_2', 'dataset_consumes_unknown_never_scheduled', 'dataset_consumes_1_never_scheduled', 'dataset_produces_1', 'dataset_consumes_1']) retrieved from /home/beau/airflow/py_env/lib/python3.10/site-packages/airflow/example_dags/example_datasets.py
[2023-09-23T09:40:26.046-0400] {logging_mixin.py:151} INFO - [2023-09-23T09:40:26.046-0400] {dag.py:2915} INFO - Sync 6 DAGs
[2023-09-23T09:40:26.062-0400] {logging_mixin.py:151} INFO - [2023-09-23T09:40:26.061-0400] {dag.py:3696} INFO - Setting next_dagrun for dataset_consumes_1 to None, run_after=None
[2023-09-23T09:40:26.064-0400] {logging_mixin.py:151} INFO - [2023-09-23T09:40:26.064-0400] {dag.py:3696} INFO - Setting next_dagrun for dataset_consumes_1_and_2 to None, run_after=None
[2023-09-23T09:40:26.065-0400] {logging_mixin.py:151} INFO - [2023-09-23T09:40:26.064-0400] {dag.py:3696} INFO - Setting next_dagrun for dataset_consumes_1_never_scheduled to None, run_after=None
[2023-09-23T09:40:26.065-0400] {logging_mixin.py:151} INFO - [2023-09-23T09:40:26.065-0400] {dag.py:3696} INFO - Setting next_dagrun for dataset_consumes_unknown_never_scheduled to None, run_after=None
[2023-09-23T09:40:26.067-0400] {logging_mixin.py:151} INFO - [2023-09-23T09:40:26.067-0400] {dag.py:3696} INFO - Setting next_dagrun for dataset_produces_1 to 2023-09-22T00:00:00+00:00, run_after=2023-09-23T00:00:00+00:00
[2023-09-23T09:40:26.068-0400] {logging_mixin.py:151} INFO - [2023-09-23T09:40:26.068-0400] {dag.py:3696} INFO - Setting next_dagrun for dataset_produces_2 to None, run_after=None
[2023-09-23T09:40:26.095-0400] {processor.py:179} INFO - Processing /home/beau/airflow/py_env/lib/python3.10/site-packages/airflow/example_dags/example_datasets.py took 0.081 seconds
