[2023-09-23T09:06:14.981-0400] {processor.py:157} INFO - Started process (PID=11302) to work on /home/beau/airflow/py_env/lib/python3.10/site-packages/airflow/example_dags/example_subdag_operator.py
[2023-09-23T09:06:14.982-0400] {processor.py:829} INFO - Processing file /home/beau/airflow/py_env/lib/python3.10/site-packages/airflow/example_dags/example_subdag_operator.py for tasks to queue
[2023-09-23T09:06:14.982-0400] {logging_mixin.py:151} INFO - [2023-09-23T09:06:14.982-0400] {dagbag.py:539} INFO - Filling up the DagBag from /home/beau/airflow/py_env/lib/python3.10/site-packages/airflow/example_dags/example_subdag_operator.py
[2023-09-23T09:06:14.998-0400] {processor.py:839} INFO - DAG(s) dict_keys(['example_subdag_operator.section-1', 'example_subdag_operator.section-2', 'example_subdag_operator']) retrieved from /home/beau/airflow/py_env/lib/python3.10/site-packages/airflow/example_dags/example_subdag_operator.py
[2023-09-23T09:06:15.096-0400] {logging_mixin.py:151} INFO - [2023-09-23T09:06:15.096-0400] {manager.py:499} INFO - Created Permission View: %s
[2023-09-23T09:06:15.117-0400] {logging_mixin.py:151} INFO - [2023-09-23T09:06:15.116-0400] {manager.py:499} INFO - Created Permission View: %s
[2023-09-23T09:06:15.133-0400] {logging_mixin.py:151} INFO - [2023-09-23T09:06:15.132-0400] {manager.py:499} INFO - Created Permission View: %s
[2023-09-23T09:06:15.133-0400] {logging_mixin.py:151} INFO - [2023-09-23T09:06:15.133-0400] {security.py:708} INFO - Not syncing DAG-level permissions for DAG 'DAG:example_subdag_operator' as access control is unset.
[2023-09-23T09:06:15.134-0400] {logging_mixin.py:151} INFO - [2023-09-23T09:06:15.134-0400] {dag.py:2915} INFO - Sync 3 DAGs
[2023-09-23T09:06:15.150-0400] {logging_mixin.py:151} INFO - [2023-09-23T09:06:15.150-0400] {dag.py:2937} INFO - Creating ORM DAG for example_subdag_operator.section-1
[2023-09-23T09:06:15.151-0400] {logging_mixin.py:151} INFO - [2023-09-23T09:06:15.151-0400] {dag.py:2937} INFO - Creating ORM DAG for example_subdag_operator.section-2
[2023-09-23T09:06:15.152-0400] {logging_mixin.py:151} INFO - [2023-09-23T09:06:15.151-0400] {dag.py:2937} INFO - Creating ORM DAG for example_subdag_operator
[2023-09-23T09:06:15.163-0400] {logging_mixin.py:151} INFO - [2023-09-23T09:06:15.163-0400] {dag.py:3696} INFO - Setting next_dagrun for example_subdag_operator to 2022-01-01T00:00:00+00:00, run_after=2022-01-01T00:00:00+00:00
[2023-09-23T09:06:15.164-0400] {logging_mixin.py:151} INFO - [2023-09-23T09:06:15.164-0400] {dag.py:3696} INFO - Setting next_dagrun for example_subdag_operator.section-1 to None, run_after=None
[2023-09-23T09:06:15.164-0400] {logging_mixin.py:151} INFO - [2023-09-23T09:06:15.164-0400] {dag.py:3696} INFO - Setting next_dagrun for example_subdag_operator.section-2 to None, run_after=None
[2023-09-23T09:06:15.173-0400] {logging_mixin.py:151} INFO - [2023-09-23T09:06:15.173-0400] {dag.py:2915} INFO - Sync 2 DAGs
[2023-09-23T09:06:15.179-0400] {logging_mixin.py:151} INFO - [2023-09-23T09:06:15.178-0400] {dag.py:3696} INFO - Setting next_dagrun for example_subdag_operator.section-1 to None, run_after=None
[2023-09-23T09:06:15.182-0400] {logging_mixin.py:151} INFO - [2023-09-23T09:06:15.182-0400] {dag.py:3696} INFO - Setting next_dagrun for example_subdag_operator.section-2 to None, run_after=None
[2023-09-23T09:06:15.206-0400] {processor.py:179} INFO - Processing /home/beau/airflow/py_env/lib/python3.10/site-packages/airflow/example_dags/example_subdag_operator.py took 0.228 seconds
[2023-09-23T09:07:06.558-0400] {processor.py:157} INFO - Started process (PID=11809) to work on /home/beau/airflow/py_env/lib/python3.10/site-packages/airflow/example_dags/example_subdag_operator.py
[2023-09-23T09:07:06.560-0400] {processor.py:829} INFO - Processing file /home/beau/airflow/py_env/lib/python3.10/site-packages/airflow/example_dags/example_subdag_operator.py for tasks to queue
[2023-09-23T09:07:06.561-0400] {logging_mixin.py:151} INFO - [2023-09-23T09:07:06.560-0400] {dagbag.py:539} INFO - Filling up the DagBag from /home/beau/airflow/py_env/lib/python3.10/site-packages/airflow/example_dags/example_subdag_operator.py
[2023-09-23T09:07:06.577-0400] {processor.py:839} INFO - DAG(s) dict_keys(['example_subdag_operator.section-1', 'example_subdag_operator.section-2', 'example_subdag_operator']) retrieved from /home/beau/airflow/py_env/lib/python3.10/site-packages/airflow/example_dags/example_subdag_operator.py
[2023-09-23T09:07:06.589-0400] {logging_mixin.py:151} INFO - [2023-09-23T09:07:06.589-0400] {dag.py:2915} INFO - Sync 3 DAGs
[2023-09-23T09:07:06.603-0400] {logging_mixin.py:151} INFO - [2023-09-23T09:07:06.603-0400] {dag.py:3696} INFO - Setting next_dagrun for example_subdag_operator to 2022-01-01T00:00:00+00:00, run_after=2022-01-01T00:00:00+00:00
[2023-09-23T09:07:06.605-0400] {logging_mixin.py:151} INFO - [2023-09-23T09:07:06.605-0400] {dag.py:3696} INFO - Setting next_dagrun for example_subdag_operator.section-1 to None, run_after=None
[2023-09-23T09:07:06.606-0400] {logging_mixin.py:151} INFO - [2023-09-23T09:07:06.606-0400] {dag.py:3696} INFO - Setting next_dagrun for example_subdag_operator.section-2 to None, run_after=None
[2023-09-23T09:07:06.612-0400] {logging_mixin.py:151} INFO - [2023-09-23T09:07:06.612-0400] {dag.py:2915} INFO - Sync 2 DAGs
[2023-09-23T09:07:06.617-0400] {logging_mixin.py:151} INFO - [2023-09-23T09:07:06.616-0400] {dag.py:3696} INFO - Setting next_dagrun for example_subdag_operator.section-1 to None, run_after=None
[2023-09-23T09:07:06.617-0400] {logging_mixin.py:151} INFO - [2023-09-23T09:07:06.617-0400] {dag.py:3696} INFO - Setting next_dagrun for example_subdag_operator.section-2 to None, run_after=None
[2023-09-23T09:07:06.633-0400] {processor.py:179} INFO - Processing /home/beau/airflow/py_env/lib/python3.10/site-packages/airflow/example_dags/example_subdag_operator.py took 0.077 seconds
[2023-09-23T09:07:44.890-0400] {processor.py:157} INFO - Started process (PID=12014) to work on /home/beau/airflow/py_env/lib/python3.10/site-packages/airflow/example_dags/example_subdag_operator.py
[2023-09-23T09:07:44.894-0400] {processor.py:829} INFO - Processing file /home/beau/airflow/py_env/lib/python3.10/site-packages/airflow/example_dags/example_subdag_operator.py for tasks to queue
[2023-09-23T09:07:44.896-0400] {logging_mixin.py:151} INFO - [2023-09-23T09:07:44.895-0400] {dagbag.py:539} INFO - Filling up the DagBag from /home/beau/airflow/py_env/lib/python3.10/site-packages/airflow/example_dags/example_subdag_operator.py
[2023-09-23T09:07:44.920-0400] {processor.py:839} INFO - DAG(s) dict_keys(['example_subdag_operator.section-1', 'example_subdag_operator.section-2', 'example_subdag_operator']) retrieved from /home/beau/airflow/py_env/lib/python3.10/site-packages/airflow/example_dags/example_subdag_operator.py
[2023-09-23T09:07:44.932-0400] {logging_mixin.py:151} INFO - [2023-09-23T09:07:44.932-0400] {dag.py:2915} INFO - Sync 3 DAGs
[2023-09-23T09:07:44.946-0400] {logging_mixin.py:151} INFO - [2023-09-23T09:07:44.946-0400] {dag.py:3696} INFO - Setting next_dagrun for example_subdag_operator to 2022-01-01T00:00:00+00:00, run_after=2022-01-01T00:00:00+00:00
[2023-09-23T09:07:44.948-0400] {logging_mixin.py:151} INFO - [2023-09-23T09:07:44.948-0400] {dag.py:3696} INFO - Setting next_dagrun for example_subdag_operator.section-1 to None, run_after=None
[2023-09-23T09:07:44.949-0400] {logging_mixin.py:151} INFO - [2023-09-23T09:07:44.949-0400] {dag.py:3696} INFO - Setting next_dagrun for example_subdag_operator.section-2 to None, run_after=None
[2023-09-23T09:07:44.953-0400] {logging_mixin.py:151} INFO - [2023-09-23T09:07:44.953-0400] {dag.py:2915} INFO - Sync 2 DAGs
[2023-09-23T09:07:44.957-0400] {logging_mixin.py:151} INFO - [2023-09-23T09:07:44.956-0400] {dag.py:3696} INFO - Setting next_dagrun for example_subdag_operator.section-1 to None, run_after=None
[2023-09-23T09:07:44.957-0400] {logging_mixin.py:151} INFO - [2023-09-23T09:07:44.957-0400] {dag.py:3696} INFO - Setting next_dagrun for example_subdag_operator.section-2 to None, run_after=None
[2023-09-23T09:07:44.979-0400] {processor.py:179} INFO - Processing /home/beau/airflow/py_env/lib/python3.10/site-packages/airflow/example_dags/example_subdag_operator.py took 0.095 seconds
[2023-09-23T09:08:31.056-0400] {processor.py:157} INFO - Started process (PID=12254) to work on /home/beau/airflow/py_env/lib/python3.10/site-packages/airflow/example_dags/example_subdag_operator.py
[2023-09-23T09:08:31.060-0400] {processor.py:829} INFO - Processing file /home/beau/airflow/py_env/lib/python3.10/site-packages/airflow/example_dags/example_subdag_operator.py for tasks to queue
[2023-09-23T09:08:31.061-0400] {logging_mixin.py:151} INFO - [2023-09-23T09:08:31.060-0400] {dagbag.py:539} INFO - Filling up the DagBag from /home/beau/airflow/py_env/lib/python3.10/site-packages/airflow/example_dags/example_subdag_operator.py
[2023-09-23T09:08:31.086-0400] {processor.py:839} INFO - DAG(s) dict_keys(['example_subdag_operator.section-1', 'example_subdag_operator.section-2', 'example_subdag_operator']) retrieved from /home/beau/airflow/py_env/lib/python3.10/site-packages/airflow/example_dags/example_subdag_operator.py
[2023-09-23T09:08:31.103-0400] {logging_mixin.py:151} INFO - [2023-09-23T09:08:31.103-0400] {dag.py:2915} INFO - Sync 3 DAGs
[2023-09-23T09:08:31.119-0400] {logging_mixin.py:151} INFO - [2023-09-23T09:08:31.119-0400] {dag.py:3696} INFO - Setting next_dagrun for example_subdag_operator to 2022-01-01T00:00:00+00:00, run_after=2022-01-01T00:00:00+00:00
[2023-09-23T09:08:31.121-0400] {logging_mixin.py:151} INFO - [2023-09-23T09:08:31.121-0400] {dag.py:3696} INFO - Setting next_dagrun for example_subdag_operator.section-1 to None, run_after=None
[2023-09-23T09:08:31.122-0400] {logging_mixin.py:151} INFO - [2023-09-23T09:08:31.122-0400] {dag.py:3696} INFO - Setting next_dagrun for example_subdag_operator.section-2 to None, run_after=None
[2023-09-23T09:08:31.128-0400] {logging_mixin.py:151} INFO - [2023-09-23T09:08:31.128-0400] {dag.py:2915} INFO - Sync 2 DAGs
[2023-09-23T09:08:31.131-0400] {logging_mixin.py:151} INFO - [2023-09-23T09:08:31.131-0400] {dag.py:3696} INFO - Setting next_dagrun for example_subdag_operator.section-1 to None, run_after=None
[2023-09-23T09:08:31.131-0400] {logging_mixin.py:151} INFO - [2023-09-23T09:08:31.131-0400] {dag.py:3696} INFO - Setting next_dagrun for example_subdag_operator.section-2 to None, run_after=None
[2023-09-23T09:08:31.150-0400] {processor.py:179} INFO - Processing /home/beau/airflow/py_env/lib/python3.10/site-packages/airflow/example_dags/example_subdag_operator.py took 0.098 seconds
[2023-09-23T09:09:06.260-0400] {processor.py:157} INFO - Started process (PID=12664) to work on /home/beau/airflow/py_env/lib/python3.10/site-packages/airflow/example_dags/example_subdag_operator.py
[2023-09-23T09:09:06.263-0400] {processor.py:829} INFO - Processing file /home/beau/airflow/py_env/lib/python3.10/site-packages/airflow/example_dags/example_subdag_operator.py for tasks to queue
[2023-09-23T09:09:06.264-0400] {logging_mixin.py:151} INFO - [2023-09-23T09:09:06.264-0400] {dagbag.py:539} INFO - Filling up the DagBag from /home/beau/airflow/py_env/lib/python3.10/site-packages/airflow/example_dags/example_subdag_operator.py
[2023-09-23T09:09:06.284-0400] {processor.py:839} INFO - DAG(s) dict_keys(['example_subdag_operator.section-1', 'example_subdag_operator.section-2', 'example_subdag_operator']) retrieved from /home/beau/airflow/py_env/lib/python3.10/site-packages/airflow/example_dags/example_subdag_operator.py
[2023-09-23T09:09:06.301-0400] {logging_mixin.py:151} INFO - [2023-09-23T09:09:06.301-0400] {dag.py:2915} INFO - Sync 3 DAGs
[2023-09-23T09:09:06.316-0400] {logging_mixin.py:151} INFO - [2023-09-23T09:09:06.316-0400] {dag.py:3696} INFO - Setting next_dagrun for example_subdag_operator to 2022-01-01T00:00:00+00:00, run_after=2022-01-01T00:00:00+00:00
[2023-09-23T09:09:06.319-0400] {logging_mixin.py:151} INFO - [2023-09-23T09:09:06.319-0400] {dag.py:3696} INFO - Setting next_dagrun for example_subdag_operator.section-1 to None, run_after=None
[2023-09-23T09:09:06.320-0400] {logging_mixin.py:151} INFO - [2023-09-23T09:09:06.320-0400] {dag.py:3696} INFO - Setting next_dagrun for example_subdag_operator.section-2 to None, run_after=None
[2023-09-23T09:09:06.324-0400] {logging_mixin.py:151} INFO - [2023-09-23T09:09:06.324-0400] {dag.py:2915} INFO - Sync 2 DAGs
[2023-09-23T09:09:06.329-0400] {logging_mixin.py:151} INFO - [2023-09-23T09:09:06.328-0400] {dag.py:3696} INFO - Setting next_dagrun for example_subdag_operator.section-1 to None, run_after=None
[2023-09-23T09:09:06.329-0400] {logging_mixin.py:151} INFO - [2023-09-23T09:09:06.329-0400] {dag.py:3696} INFO - Setting next_dagrun for example_subdag_operator.section-2 to None, run_after=None
[2023-09-23T09:09:06.351-0400] {processor.py:179} INFO - Processing /home/beau/airflow/py_env/lib/python3.10/site-packages/airflow/example_dags/example_subdag_operator.py took 0.094 seconds
[2023-09-23T09:09:53.978-0400] {processor.py:157} INFO - Started process (PID=12879) to work on /home/beau/airflow/py_env/lib/python3.10/site-packages/airflow/example_dags/example_subdag_operator.py
[2023-09-23T09:09:53.982-0400] {processor.py:829} INFO - Processing file /home/beau/airflow/py_env/lib/python3.10/site-packages/airflow/example_dags/example_subdag_operator.py for tasks to queue
[2023-09-23T09:09:53.984-0400] {logging_mixin.py:151} INFO - [2023-09-23T09:09:53.983-0400] {dagbag.py:539} INFO - Filling up the DagBag from /home/beau/airflow/py_env/lib/python3.10/site-packages/airflow/example_dags/example_subdag_operator.py
[2023-09-23T09:09:54.012-0400] {processor.py:839} INFO - DAG(s) dict_keys(['example_subdag_operator.section-1', 'example_subdag_operator.section-2', 'example_subdag_operator']) retrieved from /home/beau/airflow/py_env/lib/python3.10/site-packages/airflow/example_dags/example_subdag_operator.py
[2023-09-23T09:09:54.028-0400] {logging_mixin.py:151} INFO - [2023-09-23T09:09:54.027-0400] {dag.py:2915} INFO - Sync 3 DAGs
[2023-09-23T09:09:54.046-0400] {logging_mixin.py:151} INFO - [2023-09-23T09:09:54.045-0400] {dag.py:3696} INFO - Setting next_dagrun for example_subdag_operator to 2022-01-01T00:00:00+00:00, run_after=2022-01-01T00:00:00+00:00
[2023-09-23T09:09:54.050-0400] {logging_mixin.py:151} INFO - [2023-09-23T09:09:54.050-0400] {dag.py:3696} INFO - Setting next_dagrun for example_subdag_operator.section-1 to None, run_after=None
[2023-09-23T09:09:54.051-0400] {logging_mixin.py:151} INFO - [2023-09-23T09:09:54.051-0400] {dag.py:3696} INFO - Setting next_dagrun for example_subdag_operator.section-2 to None, run_after=None
[2023-09-23T09:09:54.057-0400] {logging_mixin.py:151} INFO - [2023-09-23T09:09:54.056-0400] {dag.py:2915} INFO - Sync 2 DAGs
[2023-09-23T09:09:54.061-0400] {logging_mixin.py:151} INFO - [2023-09-23T09:09:54.061-0400] {dag.py:3696} INFO - Setting next_dagrun for example_subdag_operator.section-1 to None, run_after=None
[2023-09-23T09:09:54.062-0400] {logging_mixin.py:151} INFO - [2023-09-23T09:09:54.062-0400] {dag.py:3696} INFO - Setting next_dagrun for example_subdag_operator.section-2 to None, run_after=None
[2023-09-23T09:09:54.083-0400] {processor.py:179} INFO - Processing /home/beau/airflow/py_env/lib/python3.10/site-packages/airflow/example_dags/example_subdag_operator.py took 0.110 seconds
[2023-09-23T09:10:41.528-0400] {processor.py:157} INFO - Started process (PID=13126) to work on /home/beau/airflow/py_env/lib/python3.10/site-packages/airflow/example_dags/example_subdag_operator.py
[2023-09-23T09:10:41.531-0400] {processor.py:829} INFO - Processing file /home/beau/airflow/py_env/lib/python3.10/site-packages/airflow/example_dags/example_subdag_operator.py for tasks to queue
[2023-09-23T09:10:41.533-0400] {logging_mixin.py:151} INFO - [2023-09-23T09:10:41.532-0400] {dagbag.py:539} INFO - Filling up the DagBag from /home/beau/airflow/py_env/lib/python3.10/site-packages/airflow/example_dags/example_subdag_operator.py
[2023-09-23T09:10:41.551-0400] {processor.py:839} INFO - DAG(s) dict_keys(['example_subdag_operator.section-1', 'example_subdag_operator.section-2', 'example_subdag_operator']) retrieved from /home/beau/airflow/py_env/lib/python3.10/site-packages/airflow/example_dags/example_subdag_operator.py
[2023-09-23T09:10:41.565-0400] {logging_mixin.py:151} INFO - [2023-09-23T09:10:41.565-0400] {dag.py:2915} INFO - Sync 3 DAGs
[2023-09-23T09:10:41.581-0400] {logging_mixin.py:151} INFO - [2023-09-23T09:10:41.581-0400] {dag.py:3696} INFO - Setting next_dagrun for example_subdag_operator to 2022-01-01T00:00:00+00:00, run_after=2022-01-01T00:00:00+00:00
[2023-09-23T09:10:41.583-0400] {logging_mixin.py:151} INFO - [2023-09-23T09:10:41.583-0400] {dag.py:3696} INFO - Setting next_dagrun for example_subdag_operator.section-1 to None, run_after=None
[2023-09-23T09:10:41.584-0400] {logging_mixin.py:151} INFO - [2023-09-23T09:10:41.584-0400] {dag.py:3696} INFO - Setting next_dagrun for example_subdag_operator.section-2 to None, run_after=None
[2023-09-23T09:10:41.588-0400] {logging_mixin.py:151} INFO - [2023-09-23T09:10:41.588-0400] {dag.py:2915} INFO - Sync 2 DAGs
[2023-09-23T09:10:41.592-0400] {logging_mixin.py:151} INFO - [2023-09-23T09:10:41.591-0400] {dag.py:3696} INFO - Setting next_dagrun for example_subdag_operator.section-1 to None, run_after=None
[2023-09-23T09:10:41.592-0400] {logging_mixin.py:151} INFO - [2023-09-23T09:10:41.592-0400] {dag.py:3696} INFO - Setting next_dagrun for example_subdag_operator.section-2 to None, run_after=None
[2023-09-23T09:10:41.612-0400] {processor.py:179} INFO - Processing /home/beau/airflow/py_env/lib/python3.10/site-packages/airflow/example_dags/example_subdag_operator.py took 0.087 seconds
[2023-09-23T09:11:16.103-0400] {processor.py:157} INFO - Started process (PID=13535) to work on /home/beau/airflow/py_env/lib/python3.10/site-packages/airflow/example_dags/example_subdag_operator.py
[2023-09-23T09:11:16.105-0400] {processor.py:829} INFO - Processing file /home/beau/airflow/py_env/lib/python3.10/site-packages/airflow/example_dags/example_subdag_operator.py for tasks to queue
[2023-09-23T09:11:16.107-0400] {logging_mixin.py:151} INFO - [2023-09-23T09:11:16.106-0400] {dagbag.py:539} INFO - Filling up the DagBag from /home/beau/airflow/py_env/lib/python3.10/site-packages/airflow/example_dags/example_subdag_operator.py
[2023-09-23T09:11:16.139-0400] {processor.py:839} INFO - DAG(s) dict_keys(['example_subdag_operator.section-1', 'example_subdag_operator.section-2', 'example_subdag_operator']) retrieved from /home/beau/airflow/py_env/lib/python3.10/site-packages/airflow/example_dags/example_subdag_operator.py
[2023-09-23T09:11:16.152-0400] {logging_mixin.py:151} INFO - [2023-09-23T09:11:16.151-0400] {dag.py:2915} INFO - Sync 3 DAGs
[2023-09-23T09:11:16.168-0400] {logging_mixin.py:151} INFO - [2023-09-23T09:11:16.168-0400] {dag.py:3696} INFO - Setting next_dagrun for example_subdag_operator to 2022-01-01T00:00:00+00:00, run_after=2022-01-01T00:00:00+00:00
[2023-09-23T09:11:16.171-0400] {logging_mixin.py:151} INFO - [2023-09-23T09:11:16.170-0400] {dag.py:3696} INFO - Setting next_dagrun for example_subdag_operator.section-1 to None, run_after=None
[2023-09-23T09:11:16.171-0400] {logging_mixin.py:151} INFO - [2023-09-23T09:11:16.171-0400] {dag.py:3696} INFO - Setting next_dagrun for example_subdag_operator.section-2 to None, run_after=None
[2023-09-23T09:11:16.176-0400] {logging_mixin.py:151} INFO - [2023-09-23T09:11:16.176-0400] {dag.py:2915} INFO - Sync 2 DAGs
[2023-09-23T09:11:16.179-0400] {logging_mixin.py:151} INFO - [2023-09-23T09:11:16.179-0400] {dag.py:3696} INFO - Setting next_dagrun for example_subdag_operator.section-1 to None, run_after=None
[2023-09-23T09:11:16.180-0400] {logging_mixin.py:151} INFO - [2023-09-23T09:11:16.180-0400] {dag.py:3696} INFO - Setting next_dagrun for example_subdag_operator.section-2 to None, run_after=None
[2023-09-23T09:11:16.197-0400] {processor.py:179} INFO - Processing /home/beau/airflow/py_env/lib/python3.10/site-packages/airflow/example_dags/example_subdag_operator.py took 0.099 seconds
[2023-09-23T09:12:05.261-0400] {processor.py:157} INFO - Started process (PID=13801) to work on /home/beau/airflow/py_env/lib/python3.10/site-packages/airflow/example_dags/example_subdag_operator.py
[2023-09-23T09:12:05.266-0400] {processor.py:829} INFO - Processing file /home/beau/airflow/py_env/lib/python3.10/site-packages/airflow/example_dags/example_subdag_operator.py for tasks to queue
[2023-09-23T09:12:05.268-0400] {logging_mixin.py:151} INFO - [2023-09-23T09:12:05.267-0400] {dagbag.py:539} INFO - Filling up the DagBag from /home/beau/airflow/py_env/lib/python3.10/site-packages/airflow/example_dags/example_subdag_operator.py
[2023-09-23T09:12:05.293-0400] {processor.py:839} INFO - DAG(s) dict_keys(['example_subdag_operator.section-1', 'example_subdag_operator.section-2', 'example_subdag_operator']) retrieved from /home/beau/airflow/py_env/lib/python3.10/site-packages/airflow/example_dags/example_subdag_operator.py
[2023-09-23T09:12:05.319-0400] {logging_mixin.py:151} INFO - [2023-09-23T09:12:05.311-0400] {dag.py:2915} INFO - Sync 3 DAGs
[2023-09-23T09:12:05.339-0400] {logging_mixin.py:151} INFO - [2023-09-23T09:12:05.339-0400] {dag.py:3696} INFO - Setting next_dagrun for example_subdag_operator to 2022-01-01T00:00:00+00:00, run_after=2022-01-01T00:00:00+00:00
[2023-09-23T09:12:05.342-0400] {logging_mixin.py:151} INFO - [2023-09-23T09:12:05.342-0400] {dag.py:3696} INFO - Setting next_dagrun for example_subdag_operator.section-1 to None, run_after=None
[2023-09-23T09:12:05.343-0400] {logging_mixin.py:151} INFO - [2023-09-23T09:12:05.343-0400] {dag.py:3696} INFO - Setting next_dagrun for example_subdag_operator.section-2 to None, run_after=None
[2023-09-23T09:12:05.350-0400] {logging_mixin.py:151} INFO - [2023-09-23T09:12:05.350-0400] {dag.py:2915} INFO - Sync 2 DAGs
[2023-09-23T09:12:05.353-0400] {logging_mixin.py:151} INFO - [2023-09-23T09:12:05.353-0400] {dag.py:3696} INFO - Setting next_dagrun for example_subdag_operator.section-1 to None, run_after=None
[2023-09-23T09:12:05.353-0400] {logging_mixin.py:151} INFO - [2023-09-23T09:12:05.353-0400] {dag.py:3696} INFO - Setting next_dagrun for example_subdag_operator.section-2 to None, run_after=None
[2023-09-23T09:12:05.374-0400] {processor.py:179} INFO - Processing /home/beau/airflow/py_env/lib/python3.10/site-packages/airflow/example_dags/example_subdag_operator.py took 0.120 seconds
[2023-09-23T09:12:54.322-0400] {processor.py:157} INFO - Started process (PID=14262) to work on /home/beau/airflow/py_env/lib/python3.10/site-packages/airflow/example_dags/example_subdag_operator.py
[2023-09-23T09:12:54.325-0400] {processor.py:829} INFO - Processing file /home/beau/airflow/py_env/lib/python3.10/site-packages/airflow/example_dags/example_subdag_operator.py for tasks to queue
[2023-09-23T09:12:54.326-0400] {logging_mixin.py:151} INFO - [2023-09-23T09:12:54.325-0400] {dagbag.py:539} INFO - Filling up the DagBag from /home/beau/airflow/py_env/lib/python3.10/site-packages/airflow/example_dags/example_subdag_operator.py
[2023-09-23T09:12:54.368-0400] {processor.py:839} INFO - DAG(s) dict_keys(['example_subdag_operator.section-1', 'example_subdag_operator.section-2', 'example_subdag_operator']) retrieved from /home/beau/airflow/py_env/lib/python3.10/site-packages/airflow/example_dags/example_subdag_operator.py
[2023-09-23T09:12:54.385-0400] {logging_mixin.py:151} INFO - [2023-09-23T09:12:54.385-0400] {dag.py:2915} INFO - Sync 3 DAGs
[2023-09-23T09:12:54.417-0400] {logging_mixin.py:151} INFO - [2023-09-23T09:12:54.416-0400] {dag.py:3696} INFO - Setting next_dagrun for example_subdag_operator to 2022-01-01T00:00:00+00:00, run_after=2022-01-01T00:00:00+00:00
[2023-09-23T09:12:54.420-0400] {logging_mixin.py:151} INFO - [2023-09-23T09:12:54.419-0400] {dag.py:3696} INFO - Setting next_dagrun for example_subdag_operator.section-1 to None, run_after=None
[2023-09-23T09:12:54.420-0400] {logging_mixin.py:151} INFO - [2023-09-23T09:12:54.420-0400] {dag.py:3696} INFO - Setting next_dagrun for example_subdag_operator.section-2 to None, run_after=None
[2023-09-23T09:12:54.425-0400] {logging_mixin.py:151} INFO - [2023-09-23T09:12:54.425-0400] {dag.py:2915} INFO - Sync 2 DAGs
[2023-09-23T09:12:54.429-0400] {logging_mixin.py:151} INFO - [2023-09-23T09:12:54.429-0400] {dag.py:3696} INFO - Setting next_dagrun for example_subdag_operator.section-1 to None, run_after=None
[2023-09-23T09:12:54.429-0400] {logging_mixin.py:151} INFO - [2023-09-23T09:12:54.429-0400] {dag.py:3696} INFO - Setting next_dagrun for example_subdag_operator.section-2 to None, run_after=None
[2023-09-23T09:12:54.446-0400] {processor.py:179} INFO - Processing /home/beau/airflow/py_env/lib/python3.10/site-packages/airflow/example_dags/example_subdag_operator.py took 0.128 seconds
[2023-09-23T09:13:43.234-0400] {processor.py:157} INFO - Started process (PID=14835) to work on /home/beau/airflow/py_env/lib/python3.10/site-packages/airflow/example_dags/example_subdag_operator.py
[2023-09-23T09:13:43.239-0400] {processor.py:829} INFO - Processing file /home/beau/airflow/py_env/lib/python3.10/site-packages/airflow/example_dags/example_subdag_operator.py for tasks to queue
[2023-09-23T09:13:43.240-0400] {logging_mixin.py:151} INFO - [2023-09-23T09:13:43.240-0400] {dagbag.py:539} INFO - Filling up the DagBag from /home/beau/airflow/py_env/lib/python3.10/site-packages/airflow/example_dags/example_subdag_operator.py
[2023-09-23T09:13:43.267-0400] {processor.py:839} INFO - DAG(s) dict_keys(['example_subdag_operator.section-1', 'example_subdag_operator.section-2', 'example_subdag_operator']) retrieved from /home/beau/airflow/py_env/lib/python3.10/site-packages/airflow/example_dags/example_subdag_operator.py
[2023-09-23T09:13:43.281-0400] {logging_mixin.py:151} INFO - [2023-09-23T09:13:43.280-0400] {dag.py:2915} INFO - Sync 3 DAGs
[2023-09-23T09:13:43.296-0400] {logging_mixin.py:151} INFO - [2023-09-23T09:13:43.296-0400] {dag.py:3696} INFO - Setting next_dagrun for example_subdag_operator to 2022-01-01T00:00:00+00:00, run_after=2022-01-01T00:00:00+00:00
[2023-09-23T09:13:43.299-0400] {logging_mixin.py:151} INFO - [2023-09-23T09:13:43.299-0400] {dag.py:3696} INFO - Setting next_dagrun for example_subdag_operator.section-1 to None, run_after=None
[2023-09-23T09:13:43.300-0400] {logging_mixin.py:151} INFO - [2023-09-23T09:13:43.300-0400] {dag.py:3696} INFO - Setting next_dagrun for example_subdag_operator.section-2 to None, run_after=None
[2023-09-23T09:13:43.305-0400] {logging_mixin.py:151} INFO - [2023-09-23T09:13:43.305-0400] {dag.py:2915} INFO - Sync 2 DAGs
[2023-09-23T09:13:43.308-0400] {logging_mixin.py:151} INFO - [2023-09-23T09:13:43.308-0400] {dag.py:3696} INFO - Setting next_dagrun for example_subdag_operator.section-1 to None, run_after=None
[2023-09-23T09:13:43.309-0400] {logging_mixin.py:151} INFO - [2023-09-23T09:13:43.309-0400] {dag.py:3696} INFO - Setting next_dagrun for example_subdag_operator.section-2 to None, run_after=None
[2023-09-23T09:13:43.328-0400] {processor.py:179} INFO - Processing /home/beau/airflow/py_env/lib/python3.10/site-packages/airflow/example_dags/example_subdag_operator.py took 0.104 seconds
[2023-09-23T09:14:29.570-0400] {processor.py:157} INFO - Started process (PID=15200) to work on /home/beau/airflow/py_env/lib/python3.10/site-packages/airflow/example_dags/example_subdag_operator.py
[2023-09-23T09:14:29.571-0400] {processor.py:829} INFO - Processing file /home/beau/airflow/py_env/lib/python3.10/site-packages/airflow/example_dags/example_subdag_operator.py for tasks to queue
[2023-09-23T09:14:29.572-0400] {logging_mixin.py:151} INFO - [2023-09-23T09:14:29.572-0400] {dagbag.py:539} INFO - Filling up the DagBag from /home/beau/airflow/py_env/lib/python3.10/site-packages/airflow/example_dags/example_subdag_operator.py
[2023-09-23T09:14:29.591-0400] {processor.py:839} INFO - DAG(s) dict_keys(['example_subdag_operator.section-1', 'example_subdag_operator.section-2', 'example_subdag_operator']) retrieved from /home/beau/airflow/py_env/lib/python3.10/site-packages/airflow/example_dags/example_subdag_operator.py
[2023-09-23T09:14:29.605-0400] {logging_mixin.py:151} INFO - [2023-09-23T09:14:29.605-0400] {dag.py:2915} INFO - Sync 3 DAGs
[2023-09-23T09:14:29.622-0400] {logging_mixin.py:151} INFO - [2023-09-23T09:14:29.622-0400] {dag.py:3696} INFO - Setting next_dagrun for example_subdag_operator to 2022-01-01T00:00:00+00:00, run_after=2022-01-01T00:00:00+00:00
[2023-09-23T09:14:29.624-0400] {logging_mixin.py:151} INFO - [2023-09-23T09:14:29.624-0400] {dag.py:3696} INFO - Setting next_dagrun for example_subdag_operator.section-1 to None, run_after=None
[2023-09-23T09:14:29.625-0400] {logging_mixin.py:151} INFO - [2023-09-23T09:14:29.625-0400] {dag.py:3696} INFO - Setting next_dagrun for example_subdag_operator.section-2 to None, run_after=None
[2023-09-23T09:14:29.630-0400] {logging_mixin.py:151} INFO - [2023-09-23T09:14:29.630-0400] {dag.py:2915} INFO - Sync 2 DAGs
[2023-09-23T09:14:29.634-0400] {logging_mixin.py:151} INFO - [2023-09-23T09:14:29.634-0400] {dag.py:3696} INFO - Setting next_dagrun for example_subdag_operator.section-1 to None, run_after=None
[2023-09-23T09:14:29.634-0400] {logging_mixin.py:151} INFO - [2023-09-23T09:14:29.634-0400] {dag.py:3696} INFO - Setting next_dagrun for example_subdag_operator.section-2 to None, run_after=None
[2023-09-23T09:14:29.653-0400] {processor.py:179} INFO - Processing /home/beau/airflow/py_env/lib/python3.10/site-packages/airflow/example_dags/example_subdag_operator.py took 0.086 seconds
[2023-09-23T09:15:04.460-0400] {processor.py:157} INFO - Started process (PID=15336) to work on /home/beau/airflow/py_env/lib/python3.10/site-packages/airflow/example_dags/example_subdag_operator.py
[2023-09-23T09:15:04.461-0400] {processor.py:829} INFO - Processing file /home/beau/airflow/py_env/lib/python3.10/site-packages/airflow/example_dags/example_subdag_operator.py for tasks to queue
[2023-09-23T09:15:04.462-0400] {logging_mixin.py:151} INFO - [2023-09-23T09:15:04.462-0400] {dagbag.py:539} INFO - Filling up the DagBag from /home/beau/airflow/py_env/lib/python3.10/site-packages/airflow/example_dags/example_subdag_operator.py
[2023-09-23T09:15:04.486-0400] {processor.py:839} INFO - DAG(s) dict_keys(['example_subdag_operator.section-1', 'example_subdag_operator.section-2', 'example_subdag_operator']) retrieved from /home/beau/airflow/py_env/lib/python3.10/site-packages/airflow/example_dags/example_subdag_operator.py
[2023-09-23T09:15:04.502-0400] {logging_mixin.py:151} INFO - [2023-09-23T09:15:04.501-0400] {dag.py:2915} INFO - Sync 3 DAGs
[2023-09-23T09:15:04.522-0400] {logging_mixin.py:151} INFO - [2023-09-23T09:15:04.522-0400] {dag.py:3696} INFO - Setting next_dagrun for example_subdag_operator to 2022-01-01T00:00:00+00:00, run_after=2022-01-01T00:00:00+00:00
[2023-09-23T09:15:04.524-0400] {logging_mixin.py:151} INFO - [2023-09-23T09:15:04.524-0400] {dag.py:3696} INFO - Setting next_dagrun for example_subdag_operator.section-1 to None, run_after=None
[2023-09-23T09:15:04.525-0400] {logging_mixin.py:151} INFO - [2023-09-23T09:15:04.525-0400] {dag.py:3696} INFO - Setting next_dagrun for example_subdag_operator.section-2 to None, run_after=None
[2023-09-23T09:15:04.531-0400] {logging_mixin.py:151} INFO - [2023-09-23T09:15:04.531-0400] {dag.py:2915} INFO - Sync 2 DAGs
[2023-09-23T09:15:04.536-0400] {logging_mixin.py:151} INFO - [2023-09-23T09:15:04.536-0400] {dag.py:3696} INFO - Setting next_dagrun for example_subdag_operator.section-1 to None, run_after=None
[2023-09-23T09:15:04.537-0400] {logging_mixin.py:151} INFO - [2023-09-23T09:15:04.537-0400] {dag.py:3696} INFO - Setting next_dagrun for example_subdag_operator.section-2 to None, run_after=None
[2023-09-23T09:15:04.557-0400] {processor.py:179} INFO - Processing /home/beau/airflow/py_env/lib/python3.10/site-packages/airflow/example_dags/example_subdag_operator.py took 0.100 seconds
[2023-09-23T09:17:19.621-0400] {processor.py:157} INFO - Started process (PID=16747) to work on /home/beau/airflow/py_env/lib/python3.10/site-packages/airflow/example_dags/example_subdag_operator.py
[2023-09-23T09:17:19.627-0400] {processor.py:829} INFO - Processing file /home/beau/airflow/py_env/lib/python3.10/site-packages/airflow/example_dags/example_subdag_operator.py for tasks to queue
[2023-09-23T09:17:19.628-0400] {logging_mixin.py:151} INFO - [2023-09-23T09:17:19.628-0400] {dagbag.py:539} INFO - Filling up the DagBag from /home/beau/airflow/py_env/lib/python3.10/site-packages/airflow/example_dags/example_subdag_operator.py
[2023-09-23T09:17:19.657-0400] {processor.py:839} INFO - DAG(s) dict_keys(['example_subdag_operator.section-1', 'example_subdag_operator.section-2', 'example_subdag_operator']) retrieved from /home/beau/airflow/py_env/lib/python3.10/site-packages/airflow/example_dags/example_subdag_operator.py
[2023-09-23T09:17:19.660-0400] {logging_mixin.py:151} INFO - [2023-09-23T09:17:19.660-0400] {dag.py:2915} INFO - Sync 3 DAGs
[2023-09-23T09:17:19.677-0400] {logging_mixin.py:151} INFO - [2023-09-23T09:17:19.677-0400] {dag.py:3696} INFO - Setting next_dagrun for example_subdag_operator to 2022-01-01T00:00:00+00:00, run_after=2022-01-01T00:00:00+00:00
[2023-09-23T09:17:19.680-0400] {logging_mixin.py:151} INFO - [2023-09-23T09:17:19.680-0400] {dag.py:3696} INFO - Setting next_dagrun for example_subdag_operator.section-1 to None, run_after=None
[2023-09-23T09:17:19.681-0400] {logging_mixin.py:151} INFO - [2023-09-23T09:17:19.680-0400] {dag.py:3696} INFO - Setting next_dagrun for example_subdag_operator.section-2 to None, run_after=None
[2023-09-23T09:17:19.687-0400] {logging_mixin.py:151} INFO - [2023-09-23T09:17:19.687-0400] {dag.py:2915} INFO - Sync 2 DAGs
[2023-09-23T09:17:19.692-0400] {logging_mixin.py:151} INFO - [2023-09-23T09:17:19.691-0400] {dag.py:3696} INFO - Setting next_dagrun for example_subdag_operator.section-1 to None, run_after=None
[2023-09-23T09:17:19.692-0400] {logging_mixin.py:151} INFO - [2023-09-23T09:17:19.692-0400] {dag.py:3696} INFO - Setting next_dagrun for example_subdag_operator.section-2 to None, run_after=None
[2023-09-23T09:17:19.715-0400] {processor.py:179} INFO - Processing /home/beau/airflow/py_env/lib/python3.10/site-packages/airflow/example_dags/example_subdag_operator.py took 0.103 seconds
[2023-09-23T09:18:07.101-0400] {processor.py:157} INFO - Started process (PID=16977) to work on /home/beau/airflow/py_env/lib/python3.10/site-packages/airflow/example_dags/example_subdag_operator.py
[2023-09-23T09:18:07.103-0400] {processor.py:829} INFO - Processing file /home/beau/airflow/py_env/lib/python3.10/site-packages/airflow/example_dags/example_subdag_operator.py for tasks to queue
[2023-09-23T09:18:07.105-0400] {logging_mixin.py:151} INFO - [2023-09-23T09:18:07.104-0400] {dagbag.py:539} INFO - Filling up the DagBag from /home/beau/airflow/py_env/lib/python3.10/site-packages/airflow/example_dags/example_subdag_operator.py
[2023-09-23T09:18:07.134-0400] {processor.py:839} INFO - DAG(s) dict_keys(['example_subdag_operator.section-1', 'example_subdag_operator.section-2', 'example_subdag_operator']) retrieved from /home/beau/airflow/py_env/lib/python3.10/site-packages/airflow/example_dags/example_subdag_operator.py
[2023-09-23T09:18:07.148-0400] {logging_mixin.py:151} INFO - [2023-09-23T09:18:07.148-0400] {dag.py:2915} INFO - Sync 3 DAGs
[2023-09-23T09:18:07.165-0400] {logging_mixin.py:151} INFO - [2023-09-23T09:18:07.164-0400] {dag.py:3696} INFO - Setting next_dagrun for example_subdag_operator to 2022-01-01T00:00:00+00:00, run_after=2022-01-01T00:00:00+00:00
[2023-09-23T09:18:07.167-0400] {logging_mixin.py:151} INFO - [2023-09-23T09:18:07.167-0400] {dag.py:3696} INFO - Setting next_dagrun for example_subdag_operator.section-1 to None, run_after=None
[2023-09-23T09:18:07.168-0400] {logging_mixin.py:151} INFO - [2023-09-23T09:18:07.168-0400] {dag.py:3696} INFO - Setting next_dagrun for example_subdag_operator.section-2 to None, run_after=None
[2023-09-23T09:18:07.173-0400] {logging_mixin.py:151} INFO - [2023-09-23T09:18:07.173-0400] {dag.py:2915} INFO - Sync 2 DAGs
[2023-09-23T09:18:07.177-0400] {logging_mixin.py:151} INFO - [2023-09-23T09:18:07.177-0400] {dag.py:3696} INFO - Setting next_dagrun for example_subdag_operator.section-1 to None, run_after=None
[2023-09-23T09:18:07.177-0400] {logging_mixin.py:151} INFO - [2023-09-23T09:18:07.177-0400] {dag.py:3696} INFO - Setting next_dagrun for example_subdag_operator.section-2 to None, run_after=None
[2023-09-23T09:18:07.196-0400] {processor.py:179} INFO - Processing /home/beau/airflow/py_env/lib/python3.10/site-packages/airflow/example_dags/example_subdag_operator.py took 0.104 seconds
[2023-09-23T09:18:53.823-0400] {processor.py:157} INFO - Started process (PID=17247) to work on /home/beau/airflow/py_env/lib/python3.10/site-packages/airflow/example_dags/example_subdag_operator.py
[2023-09-23T09:18:53.828-0400] {processor.py:829} INFO - Processing file /home/beau/airflow/py_env/lib/python3.10/site-packages/airflow/example_dags/example_subdag_operator.py for tasks to queue
[2023-09-23T09:18:53.831-0400] {logging_mixin.py:151} INFO - [2023-09-23T09:18:53.830-0400] {dagbag.py:539} INFO - Filling up the DagBag from /home/beau/airflow/py_env/lib/python3.10/site-packages/airflow/example_dags/example_subdag_operator.py
[2023-09-23T09:18:53.870-0400] {processor.py:839} INFO - DAG(s) dict_keys(['example_subdag_operator.section-1', 'example_subdag_operator.section-2', 'example_subdag_operator']) retrieved from /home/beau/airflow/py_env/lib/python3.10/site-packages/airflow/example_dags/example_subdag_operator.py
[2023-09-23T09:18:53.889-0400] {logging_mixin.py:151} INFO - [2023-09-23T09:18:53.889-0400] {dag.py:2915} INFO - Sync 3 DAGs
[2023-09-23T09:18:53.905-0400] {logging_mixin.py:151} INFO - [2023-09-23T09:18:53.905-0400] {dag.py:3696} INFO - Setting next_dagrun for example_subdag_operator to 2022-01-01T00:00:00+00:00, run_after=2022-01-01T00:00:00+00:00
[2023-09-23T09:18:53.908-0400] {logging_mixin.py:151} INFO - [2023-09-23T09:18:53.908-0400] {dag.py:3696} INFO - Setting next_dagrun for example_subdag_operator.section-1 to None, run_after=None
[2023-09-23T09:18:53.909-0400] {logging_mixin.py:151} INFO - [2023-09-23T09:18:53.909-0400] {dag.py:3696} INFO - Setting next_dagrun for example_subdag_operator.section-2 to None, run_after=None
[2023-09-23T09:18:53.913-0400] {logging_mixin.py:151} INFO - [2023-09-23T09:18:53.913-0400] {dag.py:2915} INFO - Sync 2 DAGs
[2023-09-23T09:18:53.917-0400] {logging_mixin.py:151} INFO - [2023-09-23T09:18:53.917-0400] {dag.py:3696} INFO - Setting next_dagrun for example_subdag_operator.section-1 to None, run_after=None
[2023-09-23T09:18:53.917-0400] {logging_mixin.py:151} INFO - [2023-09-23T09:18:53.917-0400] {dag.py:3696} INFO - Setting next_dagrun for example_subdag_operator.section-2 to None, run_after=None
[2023-09-23T09:18:53.935-0400] {processor.py:179} INFO - Processing /home/beau/airflow/py_env/lib/python3.10/site-packages/airflow/example_dags/example_subdag_operator.py took 0.119 seconds
[2023-09-23T09:19:29.860-0400] {processor.py:157} INFO - Started process (PID=17471) to work on /home/beau/airflow/py_env/lib/python3.10/site-packages/airflow/example_dags/example_subdag_operator.py
[2023-09-23T09:19:29.864-0400] {processor.py:829} INFO - Processing file /home/beau/airflow/py_env/lib/python3.10/site-packages/airflow/example_dags/example_subdag_operator.py for tasks to queue
[2023-09-23T09:19:29.866-0400] {logging_mixin.py:151} INFO - [2023-09-23T09:19:29.865-0400] {dagbag.py:539} INFO - Filling up the DagBag from /home/beau/airflow/py_env/lib/python3.10/site-packages/airflow/example_dags/example_subdag_operator.py
[2023-09-23T09:19:29.903-0400] {processor.py:839} INFO - DAG(s) dict_keys(['example_subdag_operator.section-1', 'example_subdag_operator.section-2', 'example_subdag_operator']) retrieved from /home/beau/airflow/py_env/lib/python3.10/site-packages/airflow/example_dags/example_subdag_operator.py
[2023-09-23T09:19:29.918-0400] {logging_mixin.py:151} INFO - [2023-09-23T09:19:29.918-0400] {dag.py:2915} INFO - Sync 3 DAGs
[2023-09-23T09:19:29.935-0400] {logging_mixin.py:151} INFO - [2023-09-23T09:19:29.934-0400] {dag.py:3696} INFO - Setting next_dagrun for example_subdag_operator to 2022-01-01T00:00:00+00:00, run_after=2022-01-01T00:00:00+00:00
[2023-09-23T09:19:29.937-0400] {logging_mixin.py:151} INFO - [2023-09-23T09:19:29.937-0400] {dag.py:3696} INFO - Setting next_dagrun for example_subdag_operator.section-1 to None, run_after=None
[2023-09-23T09:19:29.938-0400] {logging_mixin.py:151} INFO - [2023-09-23T09:19:29.938-0400] {dag.py:3696} INFO - Setting next_dagrun for example_subdag_operator.section-2 to None, run_after=None
[2023-09-23T09:19:29.945-0400] {logging_mixin.py:151} INFO - [2023-09-23T09:19:29.944-0400] {dag.py:2915} INFO - Sync 2 DAGs
[2023-09-23T09:19:29.948-0400] {logging_mixin.py:151} INFO - [2023-09-23T09:19:29.948-0400] {dag.py:3696} INFO - Setting next_dagrun for example_subdag_operator.section-1 to None, run_after=None
[2023-09-23T09:19:29.948-0400] {logging_mixin.py:151} INFO - [2023-09-23T09:19:29.948-0400] {dag.py:3696} INFO - Setting next_dagrun for example_subdag_operator.section-2 to None, run_after=None
[2023-09-23T09:19:29.972-0400] {processor.py:179} INFO - Processing /home/beau/airflow/py_env/lib/python3.10/site-packages/airflow/example_dags/example_subdag_operator.py took 0.118 seconds
[2023-09-23T09:20:08.360-0400] {processor.py:157} INFO - Started process (PID=17622) to work on /home/beau/airflow/py_env/lib/python3.10/site-packages/airflow/example_dags/example_subdag_operator.py
[2023-09-23T09:20:08.364-0400] {processor.py:829} INFO - Processing file /home/beau/airflow/py_env/lib/python3.10/site-packages/airflow/example_dags/example_subdag_operator.py for tasks to queue
[2023-09-23T09:20:08.365-0400] {logging_mixin.py:151} INFO - [2023-09-23T09:20:08.364-0400] {dagbag.py:539} INFO - Filling up the DagBag from /home/beau/airflow/py_env/lib/python3.10/site-packages/airflow/example_dags/example_subdag_operator.py
[2023-09-23T09:20:08.384-0400] {processor.py:839} INFO - DAG(s) dict_keys(['example_subdag_operator.section-1', 'example_subdag_operator.section-2', 'example_subdag_operator']) retrieved from /home/beau/airflow/py_env/lib/python3.10/site-packages/airflow/example_dags/example_subdag_operator.py
[2023-09-23T09:20:08.398-0400] {logging_mixin.py:151} INFO - [2023-09-23T09:20:08.398-0400] {dag.py:2915} INFO - Sync 3 DAGs
[2023-09-23T09:20:08.414-0400] {logging_mixin.py:151} INFO - [2023-09-23T09:20:08.414-0400] {dag.py:3696} INFO - Setting next_dagrun for example_subdag_operator to 2022-01-01T00:00:00+00:00, run_after=2022-01-01T00:00:00+00:00
[2023-09-23T09:20:08.417-0400] {logging_mixin.py:151} INFO - [2023-09-23T09:20:08.417-0400] {dag.py:3696} INFO - Setting next_dagrun for example_subdag_operator.section-1 to None, run_after=None
[2023-09-23T09:20:08.418-0400] {logging_mixin.py:151} INFO - [2023-09-23T09:20:08.418-0400] {dag.py:3696} INFO - Setting next_dagrun for example_subdag_operator.section-2 to None, run_after=None
[2023-09-23T09:20:08.423-0400] {logging_mixin.py:151} INFO - [2023-09-23T09:20:08.423-0400] {dag.py:2915} INFO - Sync 2 DAGs
[2023-09-23T09:20:08.427-0400] {logging_mixin.py:151} INFO - [2023-09-23T09:20:08.426-0400] {dag.py:3696} INFO - Setting next_dagrun for example_subdag_operator.section-1 to None, run_after=None
[2023-09-23T09:20:08.427-0400] {logging_mixin.py:151} INFO - [2023-09-23T09:20:08.427-0400] {dag.py:3696} INFO - Setting next_dagrun for example_subdag_operator.section-2 to None, run_after=None
[2023-09-23T09:20:08.453-0400] {processor.py:179} INFO - Processing /home/beau/airflow/py_env/lib/python3.10/site-packages/airflow/example_dags/example_subdag_operator.py took 0.095 seconds
[2023-09-23T09:20:47.829-0400] {processor.py:157} INFO - Started process (PID=17851) to work on /home/beau/airflow/py_env/lib/python3.10/site-packages/airflow/example_dags/example_subdag_operator.py
[2023-09-23T09:20:47.831-0400] {processor.py:829} INFO - Processing file /home/beau/airflow/py_env/lib/python3.10/site-packages/airflow/example_dags/example_subdag_operator.py for tasks to queue
[2023-09-23T09:20:47.833-0400] {logging_mixin.py:151} INFO - [2023-09-23T09:20:47.832-0400] {dagbag.py:539} INFO - Filling up the DagBag from /home/beau/airflow/py_env/lib/python3.10/site-packages/airflow/example_dags/example_subdag_operator.py
[2023-09-23T09:20:47.854-0400] {processor.py:839} INFO - DAG(s) dict_keys(['example_subdag_operator.section-1', 'example_subdag_operator.section-2', 'example_subdag_operator']) retrieved from /home/beau/airflow/py_env/lib/python3.10/site-packages/airflow/example_dags/example_subdag_operator.py
[2023-09-23T09:20:47.867-0400] {logging_mixin.py:151} INFO - [2023-09-23T09:20:47.867-0400] {dag.py:2915} INFO - Sync 3 DAGs
[2023-09-23T09:20:47.886-0400] {logging_mixin.py:151} INFO - [2023-09-23T09:20:47.885-0400] {dag.py:3696} INFO - Setting next_dagrun for example_subdag_operator to 2022-01-01T00:00:00+00:00, run_after=2022-01-01T00:00:00+00:00
[2023-09-23T09:20:47.889-0400] {logging_mixin.py:151} INFO - [2023-09-23T09:20:47.889-0400] {dag.py:3696} INFO - Setting next_dagrun for example_subdag_operator.section-1 to None, run_after=None
[2023-09-23T09:20:47.890-0400] {logging_mixin.py:151} INFO - [2023-09-23T09:20:47.890-0400] {dag.py:3696} INFO - Setting next_dagrun for example_subdag_operator.section-2 to None, run_after=None
[2023-09-23T09:20:47.896-0400] {logging_mixin.py:151} INFO - [2023-09-23T09:20:47.896-0400] {dag.py:2915} INFO - Sync 2 DAGs
[2023-09-23T09:20:47.903-0400] {logging_mixin.py:151} INFO - [2023-09-23T09:20:47.903-0400] {dag.py:3696} INFO - Setting next_dagrun for example_subdag_operator.section-1 to None, run_after=None
[2023-09-23T09:20:47.903-0400] {logging_mixin.py:151} INFO - [2023-09-23T09:20:47.903-0400] {dag.py:3696} INFO - Setting next_dagrun for example_subdag_operator.section-2 to None, run_after=None
[2023-09-23T09:20:47.924-0400] {processor.py:179} INFO - Processing /home/beau/airflow/py_env/lib/python3.10/site-packages/airflow/example_dags/example_subdag_operator.py took 0.097 seconds
[2023-09-23T09:21:26.257-0400] {processor.py:157} INFO - Started process (PID=18082) to work on /home/beau/airflow/py_env/lib/python3.10/site-packages/airflow/example_dags/example_subdag_operator.py
[2023-09-23T09:21:26.260-0400] {processor.py:829} INFO - Processing file /home/beau/airflow/py_env/lib/python3.10/site-packages/airflow/example_dags/example_subdag_operator.py for tasks to queue
[2023-09-23T09:21:26.261-0400] {logging_mixin.py:151} INFO - [2023-09-23T09:21:26.261-0400] {dagbag.py:539} INFO - Filling up the DagBag from /home/beau/airflow/py_env/lib/python3.10/site-packages/airflow/example_dags/example_subdag_operator.py
[2023-09-23T09:21:26.282-0400] {processor.py:839} INFO - DAG(s) dict_keys(['example_subdag_operator.section-1', 'example_subdag_operator.section-2', 'example_subdag_operator']) retrieved from /home/beau/airflow/py_env/lib/python3.10/site-packages/airflow/example_dags/example_subdag_operator.py
[2023-09-23T09:21:26.296-0400] {logging_mixin.py:151} INFO - [2023-09-23T09:21:26.296-0400] {dag.py:2915} INFO - Sync 3 DAGs
[2023-09-23T09:21:26.312-0400] {logging_mixin.py:151} INFO - [2023-09-23T09:21:26.312-0400] {dag.py:3696} INFO - Setting next_dagrun for example_subdag_operator to 2022-01-01T00:00:00+00:00, run_after=2022-01-01T00:00:00+00:00
[2023-09-23T09:21:26.314-0400] {logging_mixin.py:151} INFO - [2023-09-23T09:21:26.314-0400] {dag.py:3696} INFO - Setting next_dagrun for example_subdag_operator.section-1 to None, run_after=None
[2023-09-23T09:21:26.315-0400] {logging_mixin.py:151} INFO - [2023-09-23T09:21:26.315-0400] {dag.py:3696} INFO - Setting next_dagrun for example_subdag_operator.section-2 to None, run_after=None
[2023-09-23T09:21:26.322-0400] {logging_mixin.py:151} INFO - [2023-09-23T09:21:26.322-0400] {dag.py:2915} INFO - Sync 2 DAGs
[2023-09-23T09:21:26.325-0400] {logging_mixin.py:151} INFO - [2023-09-23T09:21:26.325-0400] {dag.py:3696} INFO - Setting next_dagrun for example_subdag_operator.section-1 to None, run_after=None
[2023-09-23T09:21:26.325-0400] {logging_mixin.py:151} INFO - [2023-09-23T09:21:26.325-0400] {dag.py:3696} INFO - Setting next_dagrun for example_subdag_operator.section-2 to None, run_after=None
[2023-09-23T09:21:26.348-0400] {processor.py:179} INFO - Processing /home/beau/airflow/py_env/lib/python3.10/site-packages/airflow/example_dags/example_subdag_operator.py took 0.094 seconds
[2023-09-23T09:23:37.530-0400] {processor.py:157} INFO - Started process (PID=19177) to work on /home/beau/airflow/py_env/lib/python3.10/site-packages/airflow/example_dags/example_subdag_operator.py
[2023-09-23T09:23:37.534-0400] {processor.py:829} INFO - Processing file /home/beau/airflow/py_env/lib/python3.10/site-packages/airflow/example_dags/example_subdag_operator.py for tasks to queue
[2023-09-23T09:23:37.535-0400] {logging_mixin.py:151} INFO - [2023-09-23T09:23:37.534-0400] {dagbag.py:539} INFO - Filling up the DagBag from /home/beau/airflow/py_env/lib/python3.10/site-packages/airflow/example_dags/example_subdag_operator.py
[2023-09-23T09:23:37.564-0400] {processor.py:839} INFO - DAG(s) dict_keys(['example_subdag_operator.section-1', 'example_subdag_operator.section-2', 'example_subdag_operator']) retrieved from /home/beau/airflow/py_env/lib/python3.10/site-packages/airflow/example_dags/example_subdag_operator.py
[2023-09-23T09:23:37.568-0400] {logging_mixin.py:151} INFO - [2023-09-23T09:23:37.567-0400] {dag.py:2915} INFO - Sync 3 DAGs
[2023-09-23T09:23:37.590-0400] {logging_mixin.py:151} INFO - [2023-09-23T09:23:37.590-0400] {dag.py:3696} INFO - Setting next_dagrun for example_subdag_operator to 2022-01-01T00:00:00+00:00, run_after=2022-01-01T00:00:00+00:00
[2023-09-23T09:23:37.594-0400] {logging_mixin.py:151} INFO - [2023-09-23T09:23:37.593-0400] {dag.py:3696} INFO - Setting next_dagrun for example_subdag_operator.section-1 to None, run_after=None
[2023-09-23T09:23:37.595-0400] {logging_mixin.py:151} INFO - [2023-09-23T09:23:37.595-0400] {dag.py:3696} INFO - Setting next_dagrun for example_subdag_operator.section-2 to None, run_after=None
[2023-09-23T09:23:37.603-0400] {logging_mixin.py:151} INFO - [2023-09-23T09:23:37.603-0400] {dag.py:2915} INFO - Sync 2 DAGs
[2023-09-23T09:23:37.610-0400] {logging_mixin.py:151} INFO - [2023-09-23T09:23:37.610-0400] {dag.py:3696} INFO - Setting next_dagrun for example_subdag_operator.section-1 to None, run_after=None
[2023-09-23T09:23:37.611-0400] {logging_mixin.py:151} INFO - [2023-09-23T09:23:37.611-0400] {dag.py:3696} INFO - Setting next_dagrun for example_subdag_operator.section-2 to None, run_after=None
[2023-09-23T09:23:37.634-0400] {processor.py:179} INFO - Processing /home/beau/airflow/py_env/lib/python3.10/site-packages/airflow/example_dags/example_subdag_operator.py took 0.108 seconds
[2023-09-23T09:24:25.321-0400] {processor.py:157} INFO - Started process (PID=19467) to work on /home/beau/airflow/py_env/lib/python3.10/site-packages/airflow/example_dags/example_subdag_operator.py
[2023-09-23T09:24:25.325-0400] {processor.py:829} INFO - Processing file /home/beau/airflow/py_env/lib/python3.10/site-packages/airflow/example_dags/example_subdag_operator.py for tasks to queue
[2023-09-23T09:24:25.326-0400] {logging_mixin.py:151} INFO - [2023-09-23T09:24:25.326-0400] {dagbag.py:539} INFO - Filling up the DagBag from /home/beau/airflow/py_env/lib/python3.10/site-packages/airflow/example_dags/example_subdag_operator.py
[2023-09-23T09:24:25.358-0400] {processor.py:839} INFO - DAG(s) dict_keys(['example_subdag_operator.section-1', 'example_subdag_operator.section-2', 'example_subdag_operator']) retrieved from /home/beau/airflow/py_env/lib/python3.10/site-packages/airflow/example_dags/example_subdag_operator.py
[2023-09-23T09:24:25.371-0400] {logging_mixin.py:151} INFO - [2023-09-23T09:24:25.370-0400] {dag.py:2915} INFO - Sync 3 DAGs
[2023-09-23T09:24:25.397-0400] {logging_mixin.py:151} INFO - [2023-09-23T09:24:25.396-0400] {dag.py:3696} INFO - Setting next_dagrun for example_subdag_operator to 2022-01-01T00:00:00+00:00, run_after=2022-01-01T00:00:00+00:00
[2023-09-23T09:24:25.399-0400] {logging_mixin.py:151} INFO - [2023-09-23T09:24:25.399-0400] {dag.py:3696} INFO - Setting next_dagrun for example_subdag_operator.section-1 to None, run_after=None
[2023-09-23T09:24:25.400-0400] {logging_mixin.py:151} INFO - [2023-09-23T09:24:25.400-0400] {dag.py:3696} INFO - Setting next_dagrun for example_subdag_operator.section-2 to None, run_after=None
[2023-09-23T09:24:25.406-0400] {logging_mixin.py:151} INFO - [2023-09-23T09:24:25.406-0400] {dag.py:2915} INFO - Sync 2 DAGs
[2023-09-23T09:24:25.411-0400] {logging_mixin.py:151} INFO - [2023-09-23T09:24:25.411-0400] {dag.py:3696} INFO - Setting next_dagrun for example_subdag_operator.section-1 to None, run_after=None
[2023-09-23T09:24:25.411-0400] {logging_mixin.py:151} INFO - [2023-09-23T09:24:25.411-0400] {dag.py:3696} INFO - Setting next_dagrun for example_subdag_operator.section-2 to None, run_after=None
[2023-09-23T09:24:25.430-0400] {processor.py:179} INFO - Processing /home/beau/airflow/py_env/lib/python3.10/site-packages/airflow/example_dags/example_subdag_operator.py took 0.118 seconds
[2023-09-23T09:25:12.118-0400] {processor.py:157} INFO - Started process (PID=19757) to work on /home/beau/airflow/py_env/lib/python3.10/site-packages/airflow/example_dags/example_subdag_operator.py
[2023-09-23T09:25:12.122-0400] {processor.py:829} INFO - Processing file /home/beau/airflow/py_env/lib/python3.10/site-packages/airflow/example_dags/example_subdag_operator.py for tasks to queue
[2023-09-23T09:25:12.123-0400] {logging_mixin.py:151} INFO - [2023-09-23T09:25:12.123-0400] {dagbag.py:539} INFO - Filling up the DagBag from /home/beau/airflow/py_env/lib/python3.10/site-packages/airflow/example_dags/example_subdag_operator.py
[2023-09-23T09:25:12.144-0400] {processor.py:839} INFO - DAG(s) dict_keys(['example_subdag_operator.section-1', 'example_subdag_operator.section-2', 'example_subdag_operator']) retrieved from /home/beau/airflow/py_env/lib/python3.10/site-packages/airflow/example_dags/example_subdag_operator.py
[2023-09-23T09:25:12.156-0400] {logging_mixin.py:151} INFO - [2023-09-23T09:25:12.156-0400] {dag.py:2915} INFO - Sync 3 DAGs
[2023-09-23T09:25:12.175-0400] {logging_mixin.py:151} INFO - [2023-09-23T09:25:12.175-0400] {dag.py:3696} INFO - Setting next_dagrun for example_subdag_operator to 2022-01-01T00:00:00+00:00, run_after=2022-01-01T00:00:00+00:00
[2023-09-23T09:25:12.178-0400] {logging_mixin.py:151} INFO - [2023-09-23T09:25:12.178-0400] {dag.py:3696} INFO - Setting next_dagrun for example_subdag_operator.section-1 to None, run_after=None
[2023-09-23T09:25:12.179-0400] {logging_mixin.py:151} INFO - [2023-09-23T09:25:12.179-0400] {dag.py:3696} INFO - Setting next_dagrun for example_subdag_operator.section-2 to None, run_after=None
[2023-09-23T09:25:12.183-0400] {logging_mixin.py:151} INFO - [2023-09-23T09:25:12.183-0400] {dag.py:2915} INFO - Sync 2 DAGs
[2023-09-23T09:25:12.187-0400] {logging_mixin.py:151} INFO - [2023-09-23T09:25:12.187-0400] {dag.py:3696} INFO - Setting next_dagrun for example_subdag_operator.section-1 to None, run_after=None
[2023-09-23T09:25:12.187-0400] {logging_mixin.py:151} INFO - [2023-09-23T09:25:12.187-0400] {dag.py:3696} INFO - Setting next_dagrun for example_subdag_operator.section-2 to None, run_after=None
[2023-09-23T09:25:12.208-0400] {processor.py:179} INFO - Processing /home/beau/airflow/py_env/lib/python3.10/site-packages/airflow/example_dags/example_subdag_operator.py took 0.093 seconds
[2023-09-23T09:25:47.766-0400] {processor.py:157} INFO - Started process (PID=19999) to work on /home/beau/airflow/py_env/lib/python3.10/site-packages/airflow/example_dags/example_subdag_operator.py
[2023-09-23T09:25:47.768-0400] {processor.py:829} INFO - Processing file /home/beau/airflow/py_env/lib/python3.10/site-packages/airflow/example_dags/example_subdag_operator.py for tasks to queue
[2023-09-23T09:25:47.770-0400] {logging_mixin.py:151} INFO - [2023-09-23T09:25:47.769-0400] {dagbag.py:539} INFO - Filling up the DagBag from /home/beau/airflow/py_env/lib/python3.10/site-packages/airflow/example_dags/example_subdag_operator.py
[2023-09-23T09:25:47.791-0400] {processor.py:839} INFO - DAG(s) dict_keys(['example_subdag_operator.section-1', 'example_subdag_operator.section-2', 'example_subdag_operator']) retrieved from /home/beau/airflow/py_env/lib/python3.10/site-packages/airflow/example_dags/example_subdag_operator.py
[2023-09-23T09:25:47.808-0400] {logging_mixin.py:151} INFO - [2023-09-23T09:25:47.807-0400] {dag.py:2915} INFO - Sync 3 DAGs
[2023-09-23T09:25:47.828-0400] {logging_mixin.py:151} INFO - [2023-09-23T09:25:47.827-0400] {dag.py:3696} INFO - Setting next_dagrun for example_subdag_operator to 2022-01-01T00:00:00+00:00, run_after=2022-01-01T00:00:00+00:00
[2023-09-23T09:25:47.833-0400] {logging_mixin.py:151} INFO - [2023-09-23T09:25:47.832-0400] {dag.py:3696} INFO - Setting next_dagrun for example_subdag_operator.section-1 to None, run_after=None
[2023-09-23T09:25:47.834-0400] {logging_mixin.py:151} INFO - [2023-09-23T09:25:47.834-0400] {dag.py:3696} INFO - Setting next_dagrun for example_subdag_operator.section-2 to None, run_after=None
[2023-09-23T09:25:47.840-0400] {logging_mixin.py:151} INFO - [2023-09-23T09:25:47.840-0400] {dag.py:2915} INFO - Sync 2 DAGs
[2023-09-23T09:25:47.845-0400] {logging_mixin.py:151} INFO - [2023-09-23T09:25:47.844-0400] {dag.py:3696} INFO - Setting next_dagrun for example_subdag_operator.section-1 to None, run_after=None
[2023-09-23T09:25:47.845-0400] {logging_mixin.py:151} INFO - [2023-09-23T09:25:47.845-0400] {dag.py:3696} INFO - Setting next_dagrun for example_subdag_operator.section-2 to None, run_after=None
[2023-09-23T09:25:47.873-0400] {processor.py:179} INFO - Processing /home/beau/airflow/py_env/lib/python3.10/site-packages/airflow/example_dags/example_subdag_operator.py took 0.111 seconds
[2023-09-23T09:26:23.436-0400] {processor.py:157} INFO - Started process (PID=20140) to work on /home/beau/airflow/py_env/lib/python3.10/site-packages/airflow/example_dags/example_subdag_operator.py
[2023-09-23T09:26:23.441-0400] {processor.py:829} INFO - Processing file /home/beau/airflow/py_env/lib/python3.10/site-packages/airflow/example_dags/example_subdag_operator.py for tasks to queue
[2023-09-23T09:26:23.442-0400] {logging_mixin.py:151} INFO - [2023-09-23T09:26:23.441-0400] {dagbag.py:539} INFO - Filling up the DagBag from /home/beau/airflow/py_env/lib/python3.10/site-packages/airflow/example_dags/example_subdag_operator.py
[2023-09-23T09:26:23.470-0400] {processor.py:839} INFO - DAG(s) dict_keys(['example_subdag_operator.section-1', 'example_subdag_operator.section-2', 'example_subdag_operator']) retrieved from /home/beau/airflow/py_env/lib/python3.10/site-packages/airflow/example_dags/example_subdag_operator.py
[2023-09-23T09:26:23.483-0400] {logging_mixin.py:151} INFO - [2023-09-23T09:26:23.483-0400] {dag.py:2915} INFO - Sync 3 DAGs
[2023-09-23T09:26:23.503-0400] {logging_mixin.py:151} INFO - [2023-09-23T09:26:23.503-0400] {dag.py:3696} INFO - Setting next_dagrun for example_subdag_operator to 2022-01-01T00:00:00+00:00, run_after=2022-01-01T00:00:00+00:00
[2023-09-23T09:26:23.506-0400] {logging_mixin.py:151} INFO - [2023-09-23T09:26:23.505-0400] {dag.py:3696} INFO - Setting next_dagrun for example_subdag_operator.section-1 to None, run_after=None
[2023-09-23T09:26:23.507-0400] {logging_mixin.py:151} INFO - [2023-09-23T09:26:23.507-0400] {dag.py:3696} INFO - Setting next_dagrun for example_subdag_operator.section-2 to None, run_after=None
[2023-09-23T09:26:23.512-0400] {logging_mixin.py:151} INFO - [2023-09-23T09:26:23.511-0400] {dag.py:2915} INFO - Sync 2 DAGs
[2023-09-23T09:26:23.516-0400] {logging_mixin.py:151} INFO - [2023-09-23T09:26:23.516-0400] {dag.py:3696} INFO - Setting next_dagrun for example_subdag_operator.section-1 to None, run_after=None
[2023-09-23T09:26:23.516-0400] {logging_mixin.py:151} INFO - [2023-09-23T09:26:23.516-0400] {dag.py:3696} INFO - Setting next_dagrun for example_subdag_operator.section-2 to None, run_after=None
[2023-09-23T09:26:23.535-0400] {processor.py:179} INFO - Processing /home/beau/airflow/py_env/lib/python3.10/site-packages/airflow/example_dags/example_subdag_operator.py took 0.105 seconds
[2023-09-23T09:30:43.637-0400] {processor.py:157} INFO - Started process (PID=22403) to work on /home/beau/airflow/py_env/lib/python3.10/site-packages/airflow/example_dags/example_subdag_operator.py
[2023-09-23T09:30:43.641-0400] {processor.py:829} INFO - Processing file /home/beau/airflow/py_env/lib/python3.10/site-packages/airflow/example_dags/example_subdag_operator.py for tasks to queue
[2023-09-23T09:30:43.642-0400] {logging_mixin.py:151} INFO - [2023-09-23T09:30:43.642-0400] {dagbag.py:539} INFO - Filling up the DagBag from /home/beau/airflow/py_env/lib/python3.10/site-packages/airflow/example_dags/example_subdag_operator.py
[2023-09-23T09:30:43.661-0400] {processor.py:839} INFO - DAG(s) dict_keys(['example_subdag_operator.section-1', 'example_subdag_operator.section-2', 'example_subdag_operator']) retrieved from /home/beau/airflow/py_env/lib/python3.10/site-packages/airflow/example_dags/example_subdag_operator.py
[2023-09-23T09:30:43.664-0400] {logging_mixin.py:151} INFO - [2023-09-23T09:30:43.664-0400] {dag.py:2915} INFO - Sync 3 DAGs
[2023-09-23T09:30:43.681-0400] {logging_mixin.py:151} INFO - [2023-09-23T09:30:43.681-0400] {dag.py:3696} INFO - Setting next_dagrun for example_subdag_operator to 2022-01-01T00:00:00+00:00, run_after=2022-01-01T00:00:00+00:00
[2023-09-23T09:30:43.683-0400] {logging_mixin.py:151} INFO - [2023-09-23T09:30:43.683-0400] {dag.py:3696} INFO - Setting next_dagrun for example_subdag_operator.section-1 to None, run_after=None
[2023-09-23T09:30:43.684-0400] {logging_mixin.py:151} INFO - [2023-09-23T09:30:43.684-0400] {dag.py:3696} INFO - Setting next_dagrun for example_subdag_operator.section-2 to None, run_after=None
[2023-09-23T09:30:43.690-0400] {logging_mixin.py:151} INFO - [2023-09-23T09:30:43.690-0400] {dag.py:2915} INFO - Sync 2 DAGs
[2023-09-23T09:30:43.695-0400] {logging_mixin.py:151} INFO - [2023-09-23T09:30:43.695-0400] {dag.py:3696} INFO - Setting next_dagrun for example_subdag_operator.section-1 to None, run_after=None
[2023-09-23T09:30:43.696-0400] {logging_mixin.py:151} INFO - [2023-09-23T09:30:43.696-0400] {dag.py:3696} INFO - Setting next_dagrun for example_subdag_operator.section-2 to None, run_after=None
[2023-09-23T09:30:43.715-0400] {processor.py:179} INFO - Processing /home/beau/airflow/py_env/lib/python3.10/site-packages/airflow/example_dags/example_subdag_operator.py took 0.082 seconds
[2023-09-23T09:36:45.978-0400] {processor.py:157} INFO - Started process (PID=918) to work on /home/beau/airflow/py_env/lib/python3.10/site-packages/airflow/example_dags/example_subdag_operator.py
[2023-09-23T09:36:45.979-0400] {processor.py:829} INFO - Processing file /home/beau/airflow/py_env/lib/python3.10/site-packages/airflow/example_dags/example_subdag_operator.py for tasks to queue
[2023-09-23T09:36:45.980-0400] {logging_mixin.py:151} INFO - [2023-09-23T09:36:45.979-0400] {dagbag.py:539} INFO - Filling up the DagBag from /home/beau/airflow/py_env/lib/python3.10/site-packages/airflow/example_dags/example_subdag_operator.py
[2023-09-23T09:36:45.999-0400] {processor.py:839} INFO - DAG(s) dict_keys(['example_subdag_operator.section-1', 'example_subdag_operator.section-2', 'example_subdag_operator']) retrieved from /home/beau/airflow/py_env/lib/python3.10/site-packages/airflow/example_dags/example_subdag_operator.py
[2023-09-23T09:36:46.003-0400] {logging_mixin.py:151} INFO - [2023-09-23T09:36:46.003-0400] {dag.py:2915} INFO - Sync 3 DAGs
[2023-09-23T09:36:46.021-0400] {logging_mixin.py:151} INFO - [2023-09-23T09:36:46.021-0400] {dag.py:3696} INFO - Setting next_dagrun for example_subdag_operator to 2022-01-01T00:00:00+00:00, run_after=2022-01-01T00:00:00+00:00
[2023-09-23T09:36:46.024-0400] {logging_mixin.py:151} INFO - [2023-09-23T09:36:46.024-0400] {dag.py:3696} INFO - Setting next_dagrun for example_subdag_operator.section-1 to None, run_after=None
[2023-09-23T09:36:46.025-0400] {logging_mixin.py:151} INFO - [2023-09-23T09:36:46.025-0400] {dag.py:3696} INFO - Setting next_dagrun for example_subdag_operator.section-2 to None, run_after=None
[2023-09-23T09:36:46.032-0400] {logging_mixin.py:151} INFO - [2023-09-23T09:36:46.032-0400] {dag.py:2915} INFO - Sync 2 DAGs
[2023-09-23T09:36:46.036-0400] {logging_mixin.py:151} INFO - [2023-09-23T09:36:46.036-0400] {dag.py:3696} INFO - Setting next_dagrun for example_subdag_operator.section-1 to None, run_after=None
[2023-09-23T09:36:46.036-0400] {logging_mixin.py:151} INFO - [2023-09-23T09:36:46.036-0400] {dag.py:3696} INFO - Setting next_dagrun for example_subdag_operator.section-2 to None, run_after=None
[2023-09-23T09:36:46.061-0400] {processor.py:179} INFO - Processing /home/beau/airflow/py_env/lib/python3.10/site-packages/airflow/example_dags/example_subdag_operator.py took 0.085 seconds
[2023-09-23T09:37:31.262-0400] {processor.py:157} INFO - Started process (PID=1504) to work on /home/beau/airflow/py_env/lib/python3.10/site-packages/airflow/example_dags/example_subdag_operator.py
[2023-09-23T09:37:31.263-0400] {processor.py:829} INFO - Processing file /home/beau/airflow/py_env/lib/python3.10/site-packages/airflow/example_dags/example_subdag_operator.py for tasks to queue
[2023-09-23T09:37:31.264-0400] {logging_mixin.py:151} INFO - [2023-09-23T09:37:31.264-0400] {dagbag.py:539} INFO - Filling up the DagBag from /home/beau/airflow/py_env/lib/python3.10/site-packages/airflow/example_dags/example_subdag_operator.py
[2023-09-23T09:37:31.283-0400] {processor.py:839} INFO - DAG(s) dict_keys(['example_subdag_operator.section-1', 'example_subdag_operator.section-2', 'example_subdag_operator']) retrieved from /home/beau/airflow/py_env/lib/python3.10/site-packages/airflow/example_dags/example_subdag_operator.py
[2023-09-23T09:37:31.296-0400] {logging_mixin.py:151} INFO - [2023-09-23T09:37:31.295-0400] {dag.py:2915} INFO - Sync 3 DAGs
[2023-09-23T09:37:31.312-0400] {logging_mixin.py:151} INFO - [2023-09-23T09:37:31.312-0400] {dag.py:3696} INFO - Setting next_dagrun for example_subdag_operator to 2022-01-01T00:00:00+00:00, run_after=2022-01-01T00:00:00+00:00
[2023-09-23T09:37:31.315-0400] {logging_mixin.py:151} INFO - [2023-09-23T09:37:31.315-0400] {dag.py:3696} INFO - Setting next_dagrun for example_subdag_operator.section-1 to None, run_after=None
[2023-09-23T09:37:31.317-0400] {logging_mixin.py:151} INFO - [2023-09-23T09:37:31.317-0400] {dag.py:3696} INFO - Setting next_dagrun for example_subdag_operator.section-2 to None, run_after=None
[2023-09-23T09:37:31.322-0400] {logging_mixin.py:151} INFO - [2023-09-23T09:37:31.322-0400] {dag.py:2915} INFO - Sync 2 DAGs
[2023-09-23T09:37:31.325-0400] {logging_mixin.py:151} INFO - [2023-09-23T09:37:31.325-0400] {dag.py:3696} INFO - Setting next_dagrun for example_subdag_operator.section-1 to None, run_after=None
[2023-09-23T09:37:31.326-0400] {logging_mixin.py:151} INFO - [2023-09-23T09:37:31.326-0400] {dag.py:3696} INFO - Setting next_dagrun for example_subdag_operator.section-2 to None, run_after=None
[2023-09-23T09:37:31.344-0400] {processor.py:179} INFO - Processing /home/beau/airflow/py_env/lib/python3.10/site-packages/airflow/example_dags/example_subdag_operator.py took 0.085 seconds
[2023-09-23T09:38:17.743-0400] {processor.py:157} INFO - Started process (PID=2173) to work on /home/beau/airflow/py_env/lib/python3.10/site-packages/airflow/example_dags/example_subdag_operator.py
[2023-09-23T09:38:17.747-0400] {processor.py:829} INFO - Processing file /home/beau/airflow/py_env/lib/python3.10/site-packages/airflow/example_dags/example_subdag_operator.py for tasks to queue
[2023-09-23T09:38:17.748-0400] {logging_mixin.py:151} INFO - [2023-09-23T09:38:17.748-0400] {dagbag.py:539} INFO - Filling up the DagBag from /home/beau/airflow/py_env/lib/python3.10/site-packages/airflow/example_dags/example_subdag_operator.py
[2023-09-23T09:38:17.765-0400] {processor.py:839} INFO - DAG(s) dict_keys(['example_subdag_operator.section-1', 'example_subdag_operator.section-2', 'example_subdag_operator']) retrieved from /home/beau/airflow/py_env/lib/python3.10/site-packages/airflow/example_dags/example_subdag_operator.py
[2023-09-23T09:38:17.776-0400] {logging_mixin.py:151} INFO - [2023-09-23T09:38:17.776-0400] {dag.py:2915} INFO - Sync 3 DAGs
[2023-09-23T09:38:17.790-0400] {logging_mixin.py:151} INFO - [2023-09-23T09:38:17.790-0400] {dag.py:3696} INFO - Setting next_dagrun for example_subdag_operator to 2022-01-01T00:00:00+00:00, run_after=2022-01-01T00:00:00+00:00
[2023-09-23T09:38:17.793-0400] {logging_mixin.py:151} INFO - [2023-09-23T09:38:17.792-0400] {dag.py:3696} INFO - Setting next_dagrun for example_subdag_operator.section-1 to None, run_after=None
[2023-09-23T09:38:17.793-0400] {logging_mixin.py:151} INFO - [2023-09-23T09:38:17.793-0400] {dag.py:3696} INFO - Setting next_dagrun for example_subdag_operator.section-2 to None, run_after=None
[2023-09-23T09:38:17.797-0400] {logging_mixin.py:151} INFO - [2023-09-23T09:38:17.797-0400] {dag.py:2915} INFO - Sync 2 DAGs
[2023-09-23T09:38:17.800-0400] {logging_mixin.py:151} INFO - [2023-09-23T09:38:17.800-0400] {dag.py:3696} INFO - Setting next_dagrun for example_subdag_operator.section-1 to None, run_after=None
[2023-09-23T09:38:17.801-0400] {logging_mixin.py:151} INFO - [2023-09-23T09:38:17.800-0400] {dag.py:3696} INFO - Setting next_dagrun for example_subdag_operator.section-2 to None, run_after=None
[2023-09-23T09:38:17.817-0400] {processor.py:179} INFO - Processing /home/beau/airflow/py_env/lib/python3.10/site-packages/airflow/example_dags/example_subdag_operator.py took 0.079 seconds
[2023-09-23T09:39:04.247-0400] {processor.py:157} INFO - Started process (PID=2475) to work on /home/beau/airflow/py_env/lib/python3.10/site-packages/airflow/example_dags/example_subdag_operator.py
[2023-09-23T09:39:04.252-0400] {processor.py:829} INFO - Processing file /home/beau/airflow/py_env/lib/python3.10/site-packages/airflow/example_dags/example_subdag_operator.py for tasks to queue
[2023-09-23T09:39:04.255-0400] {logging_mixin.py:151} INFO - [2023-09-23T09:39:04.254-0400] {dagbag.py:539} INFO - Filling up the DagBag from /home/beau/airflow/py_env/lib/python3.10/site-packages/airflow/example_dags/example_subdag_operator.py
[2023-09-23T09:39:04.287-0400] {processor.py:839} INFO - DAG(s) dict_keys(['example_subdag_operator.section-1', 'example_subdag_operator.section-2', 'example_subdag_operator']) retrieved from /home/beau/airflow/py_env/lib/python3.10/site-packages/airflow/example_dags/example_subdag_operator.py
[2023-09-23T09:39:04.298-0400] {logging_mixin.py:151} INFO - [2023-09-23T09:39:04.298-0400] {dag.py:2915} INFO - Sync 3 DAGs
[2023-09-23T09:39:04.311-0400] {logging_mixin.py:151} INFO - [2023-09-23T09:39:04.311-0400] {dag.py:3696} INFO - Setting next_dagrun for example_subdag_operator to 2022-01-01T00:00:00+00:00, run_after=2022-01-01T00:00:00+00:00
[2023-09-23T09:39:04.314-0400] {logging_mixin.py:151} INFO - [2023-09-23T09:39:04.313-0400] {dag.py:3696} INFO - Setting next_dagrun for example_subdag_operator.section-1 to None, run_after=None
[2023-09-23T09:39:04.314-0400] {logging_mixin.py:151} INFO - [2023-09-23T09:39:04.314-0400] {dag.py:3696} INFO - Setting next_dagrun for example_subdag_operator.section-2 to None, run_after=None
[2023-09-23T09:39:04.319-0400] {logging_mixin.py:151} INFO - [2023-09-23T09:39:04.319-0400] {dag.py:2915} INFO - Sync 2 DAGs
[2023-09-23T09:39:04.322-0400] {logging_mixin.py:151} INFO - [2023-09-23T09:39:04.322-0400] {dag.py:3696} INFO - Setting next_dagrun for example_subdag_operator.section-1 to None, run_after=None
[2023-09-23T09:39:04.323-0400] {logging_mixin.py:151} INFO - [2023-09-23T09:39:04.322-0400] {dag.py:3696} INFO - Setting next_dagrun for example_subdag_operator.section-2 to None, run_after=None
[2023-09-23T09:39:04.342-0400] {processor.py:179} INFO - Processing /home/beau/airflow/py_env/lib/python3.10/site-packages/airflow/example_dags/example_subdag_operator.py took 0.104 seconds
[2023-09-23T09:39:54.472-0400] {processor.py:157} INFO - Started process (PID=3231) to work on /home/beau/airflow/py_env/lib/python3.10/site-packages/airflow/example_dags/example_subdag_operator.py
[2023-09-23T09:39:54.474-0400] {processor.py:829} INFO - Processing file /home/beau/airflow/py_env/lib/python3.10/site-packages/airflow/example_dags/example_subdag_operator.py for tasks to queue
[2023-09-23T09:39:54.475-0400] {logging_mixin.py:151} INFO - [2023-09-23T09:39:54.475-0400] {dagbag.py:539} INFO - Filling up the DagBag from /home/beau/airflow/py_env/lib/python3.10/site-packages/airflow/example_dags/example_subdag_operator.py
[2023-09-23T09:39:54.512-0400] {processor.py:839} INFO - DAG(s) dict_keys(['example_subdag_operator.section-1', 'example_subdag_operator.section-2', 'example_subdag_operator']) retrieved from /home/beau/airflow/py_env/lib/python3.10/site-packages/airflow/example_dags/example_subdag_operator.py
[2023-09-23T09:39:54.535-0400] {logging_mixin.py:151} INFO - [2023-09-23T09:39:54.534-0400] {dag.py:2915} INFO - Sync 3 DAGs
[2023-09-23T09:39:54.580-0400] {logging_mixin.py:151} INFO - [2023-09-23T09:39:54.580-0400] {dag.py:3696} INFO - Setting next_dagrun for example_subdag_operator to 2022-01-01T00:00:00+00:00, run_after=2022-01-01T00:00:00+00:00
[2023-09-23T09:39:54.584-0400] {logging_mixin.py:151} INFO - [2023-09-23T09:39:54.584-0400] {dag.py:3696} INFO - Setting next_dagrun for example_subdag_operator.section-1 to None, run_after=None
[2023-09-23T09:39:54.586-0400] {logging_mixin.py:151} INFO - [2023-09-23T09:39:54.586-0400] {dag.py:3696} INFO - Setting next_dagrun for example_subdag_operator.section-2 to None, run_after=None
[2023-09-23T09:39:54.591-0400] {logging_mixin.py:151} INFO - [2023-09-23T09:39:54.591-0400] {dag.py:2915} INFO - Sync 2 DAGs
[2023-09-23T09:39:54.594-0400] {logging_mixin.py:151} INFO - [2023-09-23T09:39:54.594-0400] {dag.py:3696} INFO - Setting next_dagrun for example_subdag_operator.section-1 to None, run_after=None
[2023-09-23T09:39:54.594-0400] {logging_mixin.py:151} INFO - [2023-09-23T09:39:54.594-0400] {dag.py:3696} INFO - Setting next_dagrun for example_subdag_operator.section-2 to None, run_after=None
[2023-09-23T09:39:54.612-0400] {processor.py:179} INFO - Processing /home/beau/airflow/py_env/lib/python3.10/site-packages/airflow/example_dags/example_subdag_operator.py took 0.142 seconds
[2023-09-23T09:40:30.965-0400] {processor.py:157} INFO - Started process (PID=3611) to work on /home/beau/airflow/py_env/lib/python3.10/site-packages/airflow/example_dags/example_subdag_operator.py
[2023-09-23T09:40:30.970-0400] {processor.py:829} INFO - Processing file /home/beau/airflow/py_env/lib/python3.10/site-packages/airflow/example_dags/example_subdag_operator.py for tasks to queue
[2023-09-23T09:40:30.971-0400] {logging_mixin.py:151} INFO - [2023-09-23T09:40:30.971-0400] {dagbag.py:539} INFO - Filling up the DagBag from /home/beau/airflow/py_env/lib/python3.10/site-packages/airflow/example_dags/example_subdag_operator.py
[2023-09-23T09:40:30.995-0400] {processor.py:839} INFO - DAG(s) dict_keys(['example_subdag_operator.section-1', 'example_subdag_operator.section-2', 'example_subdag_operator']) retrieved from /home/beau/airflow/py_env/lib/python3.10/site-packages/airflow/example_dags/example_subdag_operator.py
[2023-09-23T09:40:31.006-0400] {logging_mixin.py:151} INFO - [2023-09-23T09:40:31.005-0400] {dag.py:2915} INFO - Sync 3 DAGs
[2023-09-23T09:40:31.019-0400] {logging_mixin.py:151} INFO - [2023-09-23T09:40:31.019-0400] {dag.py:3696} INFO - Setting next_dagrun for example_subdag_operator to 2022-01-01T00:00:00+00:00, run_after=2022-01-01T00:00:00+00:00
[2023-09-23T09:40:31.022-0400] {logging_mixin.py:151} INFO - [2023-09-23T09:40:31.022-0400] {dag.py:3696} INFO - Setting next_dagrun for example_subdag_operator.section-1 to None, run_after=None
[2023-09-23T09:40:31.022-0400] {logging_mixin.py:151} INFO - [2023-09-23T09:40:31.022-0400] {dag.py:3696} INFO - Setting next_dagrun for example_subdag_operator.section-2 to None, run_after=None
[2023-09-23T09:40:31.027-0400] {logging_mixin.py:151} INFO - [2023-09-23T09:40:31.026-0400] {dag.py:2915} INFO - Sync 2 DAGs
[2023-09-23T09:40:31.030-0400] {logging_mixin.py:151} INFO - [2023-09-23T09:40:31.029-0400] {dag.py:3696} INFO - Setting next_dagrun for example_subdag_operator.section-1 to None, run_after=None
[2023-09-23T09:40:31.030-0400] {logging_mixin.py:151} INFO - [2023-09-23T09:40:31.030-0400] {dag.py:3696} INFO - Setting next_dagrun for example_subdag_operator.section-2 to None, run_after=None
[2023-09-23T09:40:31.053-0400] {processor.py:179} INFO - Processing /home/beau/airflow/py_env/lib/python3.10/site-packages/airflow/example_dags/example_subdag_operator.py took 0.092 seconds
