[2023-09-23T09:06:55.714-0400] {processor.py:157} INFO - Started process (PID=11643) to work on /home/beau/airflow/py_env/lib/python3.10/site-packages/airflow/example_dags/example_bash_operator.py
[2023-09-23T09:06:55.715-0400] {processor.py:829} INFO - Processing file /home/beau/airflow/py_env/lib/python3.10/site-packages/airflow/example_dags/example_bash_operator.py for tasks to queue
[2023-09-23T09:06:55.716-0400] {logging_mixin.py:151} INFO - [2023-09-23T09:06:55.715-0400] {dagbag.py:539} INFO - Filling up the DagBag from /home/beau/airflow/py_env/lib/python3.10/site-packages/airflow/example_dags/example_bash_operator.py
[2023-09-23T09:06:55.727-0400] {processor.py:839} INFO - DAG(s) dict_keys(['example_bash_operator']) retrieved from /home/beau/airflow/py_env/lib/python3.10/site-packages/airflow/example_dags/example_bash_operator.py
[2023-09-23T09:06:55.834-0400] {logging_mixin.py:151} INFO - [2023-09-23T09:06:55.833-0400] {manager.py:499} INFO - Created Permission View: %s
[2023-09-23T09:06:55.849-0400] {logging_mixin.py:151} INFO - [2023-09-23T09:06:55.848-0400] {manager.py:499} INFO - Created Permission View: %s
[2023-09-23T09:06:55.866-0400] {logging_mixin.py:151} INFO - [2023-09-23T09:06:55.866-0400] {manager.py:499} INFO - Created Permission View: %s
[2023-09-23T09:06:55.867-0400] {logging_mixin.py:151} INFO - [2023-09-23T09:06:55.867-0400] {security.py:708} INFO - Not syncing DAG-level permissions for DAG 'DAG:example_bash_operator' as access control is unset.
[2023-09-23T09:06:55.868-0400] {logging_mixin.py:151} INFO - [2023-09-23T09:06:55.868-0400] {dag.py:2915} INFO - Sync 1 DAGs
[2023-09-23T09:06:55.880-0400] {logging_mixin.py:151} INFO - [2023-09-23T09:06:55.880-0400] {dag.py:2937} INFO - Creating ORM DAG for example_bash_operator
[2023-09-23T09:06:55.892-0400] {logging_mixin.py:151} INFO - [2023-09-23T09:06:55.892-0400] {dag.py:3696} INFO - Setting next_dagrun for example_bash_operator to 2023-09-22T00:00:00+00:00, run_after=2023-09-23T00:00:00+00:00
[2023-09-23T09:06:55.918-0400] {processor.py:179} INFO - Processing /home/beau/airflow/py_env/lib/python3.10/site-packages/airflow/example_dags/example_bash_operator.py took 0.207 seconds
[2023-09-23T09:07:50.464-0400] {processor.py:157} INFO - Started process (PID=12038) to work on /home/beau/airflow/py_env/lib/python3.10/site-packages/airflow/example_dags/example_bash_operator.py
[2023-09-23T09:07:50.469-0400] {processor.py:829} INFO - Processing file /home/beau/airflow/py_env/lib/python3.10/site-packages/airflow/example_dags/example_bash_operator.py for tasks to queue
[2023-09-23T09:07:50.470-0400] {logging_mixin.py:151} INFO - [2023-09-23T09:07:50.470-0400] {dagbag.py:539} INFO - Filling up the DagBag from /home/beau/airflow/py_env/lib/python3.10/site-packages/airflow/example_dags/example_bash_operator.py
[2023-09-23T09:07:50.487-0400] {processor.py:839} INFO - DAG(s) dict_keys(['example_bash_operator']) retrieved from /home/beau/airflow/py_env/lib/python3.10/site-packages/airflow/example_dags/example_bash_operator.py
[2023-09-23T09:07:50.506-0400] {logging_mixin.py:151} INFO - [2023-09-23T09:07:50.506-0400] {dag.py:2915} INFO - Sync 1 DAGs
[2023-09-23T09:07:50.522-0400] {logging_mixin.py:151} INFO - [2023-09-23T09:07:50.521-0400] {dag.py:3696} INFO - Setting next_dagrun for example_bash_operator to 2023-09-22T00:00:00+00:00, run_after=2023-09-23T00:00:00+00:00
[2023-09-23T09:07:50.545-0400] {processor.py:179} INFO - Processing /home/beau/airflow/py_env/lib/python3.10/site-packages/airflow/example_dags/example_bash_operator.py took 0.086 seconds
[2023-09-23T09:08:42.040-0400] {processor.py:157} INFO - Started process (PID=12419) to work on /home/beau/airflow/py_env/lib/python3.10/site-packages/airflow/example_dags/example_bash_operator.py
[2023-09-23T09:08:42.042-0400] {processor.py:829} INFO - Processing file /home/beau/airflow/py_env/lib/python3.10/site-packages/airflow/example_dags/example_bash_operator.py for tasks to queue
[2023-09-23T09:08:42.044-0400] {logging_mixin.py:151} INFO - [2023-09-23T09:08:42.043-0400] {dagbag.py:539} INFO - Filling up the DagBag from /home/beau/airflow/py_env/lib/python3.10/site-packages/airflow/example_dags/example_bash_operator.py
[2023-09-23T09:08:42.060-0400] {processor.py:839} INFO - DAG(s) dict_keys(['example_bash_operator']) retrieved from /home/beau/airflow/py_env/lib/python3.10/site-packages/airflow/example_dags/example_bash_operator.py
[2023-09-23T09:08:42.120-0400] {logging_mixin.py:151} INFO - [2023-09-23T09:08:42.120-0400] {dag.py:2915} INFO - Sync 1 DAGs
[2023-09-23T09:08:42.143-0400] {logging_mixin.py:151} INFO - [2023-09-23T09:08:42.143-0400] {dag.py:3696} INFO - Setting next_dagrun for example_bash_operator to 2023-09-22T00:00:00+00:00, run_after=2023-09-23T00:00:00+00:00
[2023-09-23T09:08:42.165-0400] {processor.py:179} INFO - Processing /home/beau/airflow/py_env/lib/python3.10/site-packages/airflow/example_dags/example_bash_operator.py took 0.133 seconds
[2023-09-23T09:09:32.070-0400] {processor.py:157} INFO - Started process (PID=12797) to work on /home/beau/airflow/py_env/lib/python3.10/site-packages/airflow/example_dags/example_bash_operator.py
[2023-09-23T09:09:32.074-0400] {processor.py:829} INFO - Processing file /home/beau/airflow/py_env/lib/python3.10/site-packages/airflow/example_dags/example_bash_operator.py for tasks to queue
[2023-09-23T09:09:32.076-0400] {logging_mixin.py:151} INFO - [2023-09-23T09:09:32.075-0400] {dagbag.py:539} INFO - Filling up the DagBag from /home/beau/airflow/py_env/lib/python3.10/site-packages/airflow/example_dags/example_bash_operator.py
[2023-09-23T09:09:32.102-0400] {processor.py:839} INFO - DAG(s) dict_keys(['example_bash_operator']) retrieved from /home/beau/airflow/py_env/lib/python3.10/site-packages/airflow/example_dags/example_bash_operator.py
[2023-09-23T09:09:32.122-0400] {logging_mixin.py:151} INFO - [2023-09-23T09:09:32.122-0400] {dag.py:2915} INFO - Sync 1 DAGs
[2023-09-23T09:09:32.139-0400] {logging_mixin.py:151} INFO - [2023-09-23T09:09:32.139-0400] {dag.py:3696} INFO - Setting next_dagrun for example_bash_operator to 2023-09-22T00:00:00+00:00, run_after=2023-09-23T00:00:00+00:00
[2023-09-23T09:09:32.164-0400] {processor.py:179} INFO - Processing /home/beau/airflow/py_env/lib/python3.10/site-packages/airflow/example_dags/example_bash_operator.py took 0.096 seconds
[2023-09-23T09:10:18.823-0400] {processor.py:157} INFO - Started process (PID=13037) to work on /home/beau/airflow/py_env/lib/python3.10/site-packages/airflow/example_dags/example_bash_operator.py
[2023-09-23T09:10:18.826-0400] {processor.py:829} INFO - Processing file /home/beau/airflow/py_env/lib/python3.10/site-packages/airflow/example_dags/example_bash_operator.py for tasks to queue
[2023-09-23T09:10:18.827-0400] {logging_mixin.py:151} INFO - [2023-09-23T09:10:18.827-0400] {dagbag.py:539} INFO - Filling up the DagBag from /home/beau/airflow/py_env/lib/python3.10/site-packages/airflow/example_dags/example_bash_operator.py
[2023-09-23T09:10:18.838-0400] {processor.py:839} INFO - DAG(s) dict_keys(['example_bash_operator']) retrieved from /home/beau/airflow/py_env/lib/python3.10/site-packages/airflow/example_dags/example_bash_operator.py
[2023-09-23T09:10:18.862-0400] {logging_mixin.py:151} INFO - [2023-09-23T09:10:18.862-0400] {dag.py:2915} INFO - Sync 1 DAGs
[2023-09-23T09:10:18.882-0400] {logging_mixin.py:151} INFO - [2023-09-23T09:10:18.881-0400] {dag.py:3696} INFO - Setting next_dagrun for example_bash_operator to 2023-09-22T00:00:00+00:00, run_after=2023-09-23T00:00:00+00:00
[2023-09-23T09:10:18.911-0400] {processor.py:179} INFO - Processing /home/beau/airflow/py_env/lib/python3.10/site-packages/airflow/example_dags/example_bash_operator.py took 0.090 seconds
[2023-09-23T09:11:08.295-0400] {processor.py:157} INFO - Started process (PID=13432) to work on /home/beau/airflow/py_env/lib/python3.10/site-packages/airflow/example_dags/example_bash_operator.py
[2023-09-23T09:11:08.299-0400] {processor.py:829} INFO - Processing file /home/beau/airflow/py_env/lib/python3.10/site-packages/airflow/example_dags/example_bash_operator.py for tasks to queue
[2023-09-23T09:11:08.301-0400] {logging_mixin.py:151} INFO - [2023-09-23T09:11:08.300-0400] {dagbag.py:539} INFO - Filling up the DagBag from /home/beau/airflow/py_env/lib/python3.10/site-packages/airflow/example_dags/example_bash_operator.py
[2023-09-23T09:11:08.324-0400] {processor.py:839} INFO - DAG(s) dict_keys(['example_bash_operator']) retrieved from /home/beau/airflow/py_env/lib/python3.10/site-packages/airflow/example_dags/example_bash_operator.py
[2023-09-23T09:11:08.349-0400] {logging_mixin.py:151} INFO - [2023-09-23T09:11:08.349-0400] {dag.py:2915} INFO - Sync 1 DAGs
[2023-09-23T09:11:08.366-0400] {logging_mixin.py:151} INFO - [2023-09-23T09:11:08.366-0400] {dag.py:3696} INFO - Setting next_dagrun for example_bash_operator to 2023-09-22T00:00:00+00:00, run_after=2023-09-23T00:00:00+00:00
[2023-09-23T09:11:08.391-0400] {processor.py:179} INFO - Processing /home/beau/airflow/py_env/lib/python3.10/site-packages/airflow/example_dags/example_bash_operator.py took 0.103 seconds
[2023-09-23T09:11:57.394-0400] {processor.py:157} INFO - Started process (PID=13769) to work on /home/beau/airflow/py_env/lib/python3.10/site-packages/airflow/example_dags/example_bash_operator.py
[2023-09-23T09:11:57.398-0400] {processor.py:829} INFO - Processing file /home/beau/airflow/py_env/lib/python3.10/site-packages/airflow/example_dags/example_bash_operator.py for tasks to queue
[2023-09-23T09:11:57.400-0400] {logging_mixin.py:151} INFO - [2023-09-23T09:11:57.399-0400] {dagbag.py:539} INFO - Filling up the DagBag from /home/beau/airflow/py_env/lib/python3.10/site-packages/airflow/example_dags/example_bash_operator.py
[2023-09-23T09:11:57.416-0400] {processor.py:839} INFO - DAG(s) dict_keys(['example_bash_operator']) retrieved from /home/beau/airflow/py_env/lib/python3.10/site-packages/airflow/example_dags/example_bash_operator.py
[2023-09-23T09:11:57.441-0400] {logging_mixin.py:151} INFO - [2023-09-23T09:11:57.441-0400] {dag.py:2915} INFO - Sync 1 DAGs
[2023-09-23T09:11:57.459-0400] {logging_mixin.py:151} INFO - [2023-09-23T09:11:57.459-0400] {dag.py:3696} INFO - Setting next_dagrun for example_bash_operator to 2023-09-22T00:00:00+00:00, run_after=2023-09-23T00:00:00+00:00
[2023-09-23T09:11:57.487-0400] {processor.py:179} INFO - Processing /home/beau/airflow/py_env/lib/python3.10/site-packages/airflow/example_dags/example_bash_operator.py took 0.099 seconds
[2023-09-23T09:12:46.996-0400] {processor.py:157} INFO - Started process (PID=14146) to work on /home/beau/airflow/py_env/lib/python3.10/site-packages/airflow/example_dags/example_bash_operator.py
[2023-09-23T09:12:47.000-0400] {processor.py:829} INFO - Processing file /home/beau/airflow/py_env/lib/python3.10/site-packages/airflow/example_dags/example_bash_operator.py for tasks to queue
[2023-09-23T09:12:47.001-0400] {logging_mixin.py:151} INFO - [2023-09-23T09:12:47.001-0400] {dagbag.py:539} INFO - Filling up the DagBag from /home/beau/airflow/py_env/lib/python3.10/site-packages/airflow/example_dags/example_bash_operator.py
[2023-09-23T09:12:47.018-0400] {processor.py:839} INFO - DAG(s) dict_keys(['example_bash_operator']) retrieved from /home/beau/airflow/py_env/lib/python3.10/site-packages/airflow/example_dags/example_bash_operator.py
[2023-09-23T09:12:47.039-0400] {logging_mixin.py:151} INFO - [2023-09-23T09:12:47.039-0400] {dag.py:2915} INFO - Sync 1 DAGs
[2023-09-23T09:12:47.057-0400] {logging_mixin.py:151} INFO - [2023-09-23T09:12:47.057-0400] {dag.py:3696} INFO - Setting next_dagrun for example_bash_operator to 2023-09-22T00:00:00+00:00, run_after=2023-09-23T00:00:00+00:00
[2023-09-23T09:12:47.084-0400] {processor.py:179} INFO - Processing /home/beau/airflow/py_env/lib/python3.10/site-packages/airflow/example_dags/example_bash_operator.py took 0.093 seconds
[2023-09-23T09:13:36.630-0400] {processor.py:157} INFO - Started process (PID=14810) to work on /home/beau/airflow/py_env/lib/python3.10/site-packages/airflow/example_dags/example_bash_operator.py
[2023-09-23T09:13:36.633-0400] {processor.py:829} INFO - Processing file /home/beau/airflow/py_env/lib/python3.10/site-packages/airflow/example_dags/example_bash_operator.py for tasks to queue
[2023-09-23T09:13:36.635-0400] {logging_mixin.py:151} INFO - [2023-09-23T09:13:36.634-0400] {dagbag.py:539} INFO - Filling up the DagBag from /home/beau/airflow/py_env/lib/python3.10/site-packages/airflow/example_dags/example_bash_operator.py
[2023-09-23T09:13:36.660-0400] {processor.py:839} INFO - DAG(s) dict_keys(['example_bash_operator']) retrieved from /home/beau/airflow/py_env/lib/python3.10/site-packages/airflow/example_dags/example_bash_operator.py
[2023-09-23T09:13:36.688-0400] {logging_mixin.py:151} INFO - [2023-09-23T09:13:36.688-0400] {dag.py:2915} INFO - Sync 1 DAGs
[2023-09-23T09:13:36.705-0400] {logging_mixin.py:151} INFO - [2023-09-23T09:13:36.705-0400] {dag.py:3696} INFO - Setting next_dagrun for example_bash_operator to 2023-09-22T00:00:00+00:00, run_after=2023-09-23T00:00:00+00:00
[2023-09-23T09:13:36.736-0400] {processor.py:179} INFO - Processing /home/beau/airflow/py_env/lib/python3.10/site-packages/airflow/example_dags/example_bash_operator.py took 0.113 seconds
[2023-09-23T09:14:23.859-0400] {processor.py:157} INFO - Started process (PID=15176) to work on /home/beau/airflow/py_env/lib/python3.10/site-packages/airflow/example_dags/example_bash_operator.py
[2023-09-23T09:14:23.863-0400] {processor.py:829} INFO - Processing file /home/beau/airflow/py_env/lib/python3.10/site-packages/airflow/example_dags/example_bash_operator.py for tasks to queue
[2023-09-23T09:14:23.865-0400] {logging_mixin.py:151} INFO - [2023-09-23T09:14:23.864-0400] {dagbag.py:539} INFO - Filling up the DagBag from /home/beau/airflow/py_env/lib/python3.10/site-packages/airflow/example_dags/example_bash_operator.py
[2023-09-23T09:14:23.875-0400] {processor.py:839} INFO - DAG(s) dict_keys(['example_bash_operator']) retrieved from /home/beau/airflow/py_env/lib/python3.10/site-packages/airflow/example_dags/example_bash_operator.py
[2023-09-23T09:14:23.894-0400] {logging_mixin.py:151} INFO - [2023-09-23T09:14:23.894-0400] {dag.py:2915} INFO - Sync 1 DAGs
[2023-09-23T09:14:23.910-0400] {logging_mixin.py:151} INFO - [2023-09-23T09:14:23.910-0400] {dag.py:3696} INFO - Setting next_dagrun for example_bash_operator to 2023-09-22T00:00:00+00:00, run_after=2023-09-23T00:00:00+00:00
[2023-09-23T09:14:23.931-0400] {processor.py:179} INFO - Processing /home/beau/airflow/py_env/lib/python3.10/site-packages/airflow/example_dags/example_bash_operator.py took 0.076 seconds
[2023-09-23T09:15:15.851-0400] {processor.py:157} INFO - Started process (PID=15437) to work on /home/beau/airflow/py_env/lib/python3.10/site-packages/airflow/example_dags/example_bash_operator.py
[2023-09-23T09:15:15.853-0400] {processor.py:829} INFO - Processing file /home/beau/airflow/py_env/lib/python3.10/site-packages/airflow/example_dags/example_bash_operator.py for tasks to queue
[2023-09-23T09:15:15.854-0400] {logging_mixin.py:151} INFO - [2023-09-23T09:15:15.854-0400] {dagbag.py:539} INFO - Filling up the DagBag from /home/beau/airflow/py_env/lib/python3.10/site-packages/airflow/example_dags/example_bash_operator.py
[2023-09-23T09:15:15.870-0400] {processor.py:839} INFO - DAG(s) dict_keys(['example_bash_operator']) retrieved from /home/beau/airflow/py_env/lib/python3.10/site-packages/airflow/example_dags/example_bash_operator.py
[2023-09-23T09:15:15.895-0400] {logging_mixin.py:151} INFO - [2023-09-23T09:15:15.895-0400] {dag.py:2915} INFO - Sync 1 DAGs
[2023-09-23T09:15:15.918-0400] {logging_mixin.py:151} INFO - [2023-09-23T09:15:15.918-0400] {dag.py:3696} INFO - Setting next_dagrun for example_bash_operator to 2023-09-22T00:00:00+00:00, run_after=2023-09-23T00:00:00+00:00
[2023-09-23T09:15:15.945-0400] {processor.py:179} INFO - Processing /home/beau/airflow/py_env/lib/python3.10/site-packages/airflow/example_dags/example_bash_operator.py took 0.099 seconds
[2023-09-23T09:17:54.254-0400] {processor.py:157} INFO - Started process (PID=16929) to work on /home/beau/airflow/py_env/lib/python3.10/site-packages/airflow/example_dags/example_bash_operator.py
[2023-09-23T09:17:54.258-0400] {processor.py:829} INFO - Processing file /home/beau/airflow/py_env/lib/python3.10/site-packages/airflow/example_dags/example_bash_operator.py for tasks to queue
[2023-09-23T09:17:54.260-0400] {logging_mixin.py:151} INFO - [2023-09-23T09:17:54.259-0400] {dagbag.py:539} INFO - Filling up the DagBag from /home/beau/airflow/py_env/lib/python3.10/site-packages/airflow/example_dags/example_bash_operator.py
[2023-09-23T09:17:54.275-0400] {processor.py:839} INFO - DAG(s) dict_keys(['example_bash_operator']) retrieved from /home/beau/airflow/py_env/lib/python3.10/site-packages/airflow/example_dags/example_bash_operator.py
[2023-09-23T09:17:54.297-0400] {logging_mixin.py:151} INFO - [2023-09-23T09:17:54.296-0400] {dag.py:2915} INFO - Sync 1 DAGs
[2023-09-23T09:17:54.315-0400] {logging_mixin.py:151} INFO - [2023-09-23T09:17:54.315-0400] {dag.py:3696} INFO - Setting next_dagrun for example_bash_operator to 2023-09-22T00:00:00+00:00, run_after=2023-09-23T00:00:00+00:00
[2023-09-23T09:17:54.341-0400] {processor.py:179} INFO - Processing /home/beau/airflow/py_env/lib/python3.10/site-packages/airflow/example_dags/example_bash_operator.py took 0.092 seconds
[2023-09-23T09:18:46.391-0400] {processor.py:157} INFO - Started process (PID=17222) to work on /home/beau/airflow/py_env/lib/python3.10/site-packages/airflow/example_dags/example_bash_operator.py
[2023-09-23T09:18:46.395-0400] {processor.py:829} INFO - Processing file /home/beau/airflow/py_env/lib/python3.10/site-packages/airflow/example_dags/example_bash_operator.py for tasks to queue
[2023-09-23T09:18:46.396-0400] {logging_mixin.py:151} INFO - [2023-09-23T09:18:46.395-0400] {dagbag.py:539} INFO - Filling up the DagBag from /home/beau/airflow/py_env/lib/python3.10/site-packages/airflow/example_dags/example_bash_operator.py
[2023-09-23T09:18:46.411-0400] {processor.py:839} INFO - DAG(s) dict_keys(['example_bash_operator']) retrieved from /home/beau/airflow/py_env/lib/python3.10/site-packages/airflow/example_dags/example_bash_operator.py
[2023-09-23T09:18:46.430-0400] {logging_mixin.py:151} INFO - [2023-09-23T09:18:46.430-0400] {dag.py:2915} INFO - Sync 1 DAGs
[2023-09-23T09:18:46.446-0400] {logging_mixin.py:151} INFO - [2023-09-23T09:18:46.446-0400] {dag.py:3696} INFO - Setting next_dagrun for example_bash_operator to 2023-09-22T00:00:00+00:00, run_after=2023-09-23T00:00:00+00:00
[2023-09-23T09:18:46.474-0400] {processor.py:179} INFO - Processing /home/beau/airflow/py_env/lib/python3.10/site-packages/airflow/example_dags/example_bash_operator.py took 0.087 seconds
[2023-09-23T09:19:40.777-0400] {processor.py:157} INFO - Started process (PID=17514) to work on /home/beau/airflow/py_env/lib/python3.10/site-packages/airflow/example_dags/example_bash_operator.py
[2023-09-23T09:19:40.780-0400] {processor.py:829} INFO - Processing file /home/beau/airflow/py_env/lib/python3.10/site-packages/airflow/example_dags/example_bash_operator.py for tasks to queue
[2023-09-23T09:19:40.782-0400] {logging_mixin.py:151} INFO - [2023-09-23T09:19:40.781-0400] {dagbag.py:539} INFO - Filling up the DagBag from /home/beau/airflow/py_env/lib/python3.10/site-packages/airflow/example_dags/example_bash_operator.py
[2023-09-23T09:19:40.794-0400] {processor.py:839} INFO - DAG(s) dict_keys(['example_bash_operator']) retrieved from /home/beau/airflow/py_env/lib/python3.10/site-packages/airflow/example_dags/example_bash_operator.py
[2023-09-23T09:19:40.818-0400] {logging_mixin.py:151} INFO - [2023-09-23T09:19:40.817-0400] {dag.py:2915} INFO - Sync 1 DAGs
[2023-09-23T09:19:40.836-0400] {logging_mixin.py:151} INFO - [2023-09-23T09:19:40.836-0400] {dag.py:3696} INFO - Setting next_dagrun for example_bash_operator to 2023-09-22T00:00:00+00:00, run_after=2023-09-23T00:00:00+00:00
[2023-09-23T09:19:40.863-0400] {processor.py:179} INFO - Processing /home/beau/airflow/py_env/lib/python3.10/site-packages/airflow/example_dags/example_bash_operator.py took 0.088 seconds
[2023-09-23T09:20:39.062-0400] {processor.py:157} INFO - Started process (PID=17819) to work on /home/beau/airflow/py_env/lib/python3.10/site-packages/airflow/example_dags/example_bash_operator.py
[2023-09-23T09:20:39.067-0400] {processor.py:829} INFO - Processing file /home/beau/airflow/py_env/lib/python3.10/site-packages/airflow/example_dags/example_bash_operator.py for tasks to queue
[2023-09-23T09:20:39.069-0400] {logging_mixin.py:151} INFO - [2023-09-23T09:20:39.068-0400] {dagbag.py:539} INFO - Filling up the DagBag from /home/beau/airflow/py_env/lib/python3.10/site-packages/airflow/example_dags/example_bash_operator.py
[2023-09-23T09:20:39.089-0400] {processor.py:839} INFO - DAG(s) dict_keys(['example_bash_operator']) retrieved from /home/beau/airflow/py_env/lib/python3.10/site-packages/airflow/example_dags/example_bash_operator.py
[2023-09-23T09:20:39.111-0400] {logging_mixin.py:151} INFO - [2023-09-23T09:20:39.111-0400] {dag.py:2915} INFO - Sync 1 DAGs
[2023-09-23T09:20:39.128-0400] {logging_mixin.py:151} INFO - [2023-09-23T09:20:39.128-0400] {dag.py:3696} INFO - Setting next_dagrun for example_bash_operator to 2023-09-22T00:00:00+00:00, run_after=2023-09-23T00:00:00+00:00
[2023-09-23T09:20:39.158-0400] {processor.py:179} INFO - Processing /home/beau/airflow/py_env/lib/python3.10/site-packages/airflow/example_dags/example_bash_operator.py took 0.101 seconds
[2023-09-23T09:21:36.428-0400] {processor.py:157} INFO - Started process (PID=18119) to work on /home/beau/airflow/py_env/lib/python3.10/site-packages/airflow/example_dags/example_bash_operator.py
[2023-09-23T09:21:36.432-0400] {processor.py:829} INFO - Processing file /home/beau/airflow/py_env/lib/python3.10/site-packages/airflow/example_dags/example_bash_operator.py for tasks to queue
[2023-09-23T09:21:36.433-0400] {logging_mixin.py:151} INFO - [2023-09-23T09:21:36.432-0400] {dagbag.py:539} INFO - Filling up the DagBag from /home/beau/airflow/py_env/lib/python3.10/site-packages/airflow/example_dags/example_bash_operator.py
[2023-09-23T09:21:36.450-0400] {processor.py:839} INFO - DAG(s) dict_keys(['example_bash_operator']) retrieved from /home/beau/airflow/py_env/lib/python3.10/site-packages/airflow/example_dags/example_bash_operator.py
[2023-09-23T09:21:36.471-0400] {logging_mixin.py:151} INFO - [2023-09-23T09:21:36.471-0400] {dag.py:2915} INFO - Sync 1 DAGs
[2023-09-23T09:21:36.489-0400] {logging_mixin.py:151} INFO - [2023-09-23T09:21:36.489-0400] {dag.py:3696} INFO - Setting next_dagrun for example_bash_operator to 2023-09-22T00:00:00+00:00, run_after=2023-09-23T00:00:00+00:00
[2023-09-23T09:21:36.516-0400] {processor.py:179} INFO - Processing /home/beau/airflow/py_env/lib/python3.10/site-packages/airflow/example_dags/example_bash_operator.py took 0.093 seconds
[2023-09-23T09:24:12.459-0400] {processor.py:157} INFO - Started process (PID=19419) to work on /home/beau/airflow/py_env/lib/python3.10/site-packages/airflow/example_dags/example_bash_operator.py
[2023-09-23T09:24:12.463-0400] {processor.py:829} INFO - Processing file /home/beau/airflow/py_env/lib/python3.10/site-packages/airflow/example_dags/example_bash_operator.py for tasks to queue
[2023-09-23T09:24:12.465-0400] {logging_mixin.py:151} INFO - [2023-09-23T09:24:12.464-0400] {dagbag.py:539} INFO - Filling up the DagBag from /home/beau/airflow/py_env/lib/python3.10/site-packages/airflow/example_dags/example_bash_operator.py
[2023-09-23T09:24:12.484-0400] {processor.py:839} INFO - DAG(s) dict_keys(['example_bash_operator']) retrieved from /home/beau/airflow/py_env/lib/python3.10/site-packages/airflow/example_dags/example_bash_operator.py
[2023-09-23T09:24:12.510-0400] {logging_mixin.py:151} INFO - [2023-09-23T09:24:12.510-0400] {dag.py:2915} INFO - Sync 1 DAGs
[2023-09-23T09:24:12.525-0400] {logging_mixin.py:151} INFO - [2023-09-23T09:24:12.525-0400] {dag.py:3696} INFO - Setting next_dagrun for example_bash_operator to 2023-09-22T00:00:00+00:00, run_after=2023-09-23T00:00:00+00:00
[2023-09-23T09:24:12.553-0400] {processor.py:179} INFO - Processing /home/beau/airflow/py_env/lib/python3.10/site-packages/airflow/example_dags/example_bash_operator.py took 0.101 seconds
[2023-09-23T09:25:05.537-0400] {processor.py:157} INFO - Started process (PID=19731) to work on /home/beau/airflow/py_env/lib/python3.10/site-packages/airflow/example_dags/example_bash_operator.py
[2023-09-23T09:25:05.540-0400] {processor.py:829} INFO - Processing file /home/beau/airflow/py_env/lib/python3.10/site-packages/airflow/example_dags/example_bash_operator.py for tasks to queue
[2023-09-23T09:25:05.542-0400] {logging_mixin.py:151} INFO - [2023-09-23T09:25:05.541-0400] {dagbag.py:539} INFO - Filling up the DagBag from /home/beau/airflow/py_env/lib/python3.10/site-packages/airflow/example_dags/example_bash_operator.py
[2023-09-23T09:25:05.556-0400] {processor.py:839} INFO - DAG(s) dict_keys(['example_bash_operator']) retrieved from /home/beau/airflow/py_env/lib/python3.10/site-packages/airflow/example_dags/example_bash_operator.py
[2023-09-23T09:25:05.580-0400] {logging_mixin.py:151} INFO - [2023-09-23T09:25:05.580-0400] {dag.py:2915} INFO - Sync 1 DAGs
[2023-09-23T09:25:05.599-0400] {logging_mixin.py:151} INFO - [2023-09-23T09:25:05.599-0400] {dag.py:3696} INFO - Setting next_dagrun for example_bash_operator to 2023-09-22T00:00:00+00:00, run_after=2023-09-23T00:00:00+00:00
[2023-09-23T09:25:05.626-0400] {processor.py:179} INFO - Processing /home/beau/airflow/py_env/lib/python3.10/site-packages/airflow/example_dags/example_bash_operator.py took 0.092 seconds
[2023-09-23T09:25:58.742-0400] {processor.py:157} INFO - Started process (PID=20039) to work on /home/beau/airflow/py_env/lib/python3.10/site-packages/airflow/example_dags/example_bash_operator.py
[2023-09-23T09:25:58.748-0400] {processor.py:829} INFO - Processing file /home/beau/airflow/py_env/lib/python3.10/site-packages/airflow/example_dags/example_bash_operator.py for tasks to queue
[2023-09-23T09:25:58.749-0400] {logging_mixin.py:151} INFO - [2023-09-23T09:25:58.748-0400] {dagbag.py:539} INFO - Filling up the DagBag from /home/beau/airflow/py_env/lib/python3.10/site-packages/airflow/example_dags/example_bash_operator.py
[2023-09-23T09:25:58.764-0400] {processor.py:839} INFO - DAG(s) dict_keys(['example_bash_operator']) retrieved from /home/beau/airflow/py_env/lib/python3.10/site-packages/airflow/example_dags/example_bash_operator.py
[2023-09-23T09:25:58.794-0400] {logging_mixin.py:151} INFO - [2023-09-23T09:25:58.794-0400] {dag.py:2915} INFO - Sync 1 DAGs
[2023-09-23T09:25:58.816-0400] {logging_mixin.py:151} INFO - [2023-09-23T09:25:58.816-0400] {dag.py:3696} INFO - Setting next_dagrun for example_bash_operator to 2023-09-22T00:00:00+00:00, run_after=2023-09-23T00:00:00+00:00
[2023-09-23T09:25:58.844-0400] {processor.py:179} INFO - Processing /home/beau/airflow/py_env/lib/python3.10/site-packages/airflow/example_dags/example_bash_operator.py took 0.111 seconds
[2023-09-23T09:37:18.629-0400] {processor.py:157} INFO - Started process (PID=1393) to work on /home/beau/airflow/py_env/lib/python3.10/site-packages/airflow/example_dags/example_bash_operator.py
[2023-09-23T09:37:18.632-0400] {processor.py:829} INFO - Processing file /home/beau/airflow/py_env/lib/python3.10/site-packages/airflow/example_dags/example_bash_operator.py for tasks to queue
[2023-09-23T09:37:18.634-0400] {logging_mixin.py:151} INFO - [2023-09-23T09:37:18.634-0400] {dagbag.py:539} INFO - Filling up the DagBag from /home/beau/airflow/py_env/lib/python3.10/site-packages/airflow/example_dags/example_bash_operator.py
[2023-09-23T09:37:18.653-0400] {processor.py:839} INFO - DAG(s) dict_keys(['example_bash_operator']) retrieved from /home/beau/airflow/py_env/lib/python3.10/site-packages/airflow/example_dags/example_bash_operator.py
[2023-09-23T09:37:18.671-0400] {logging_mixin.py:151} INFO - [2023-09-23T09:37:18.671-0400] {dag.py:2915} INFO - Sync 1 DAGs
[2023-09-23T09:37:18.685-0400] {logging_mixin.py:151} INFO - [2023-09-23T09:37:18.685-0400] {dag.py:3696} INFO - Setting next_dagrun for example_bash_operator to 2023-09-22T00:00:00+00:00, run_after=2023-09-23T00:00:00+00:00
[2023-09-23T09:37:18.710-0400] {processor.py:179} INFO - Processing /home/beau/airflow/py_env/lib/python3.10/site-packages/airflow/example_dags/example_bash_operator.py took 0.088 seconds
[2023-09-23T09:38:08.942-0400] {processor.py:157} INFO - Started process (PID=2140) to work on /home/beau/airflow/py_env/lib/python3.10/site-packages/airflow/example_dags/example_bash_operator.py
[2023-09-23T09:38:08.945-0400] {processor.py:829} INFO - Processing file /home/beau/airflow/py_env/lib/python3.10/site-packages/airflow/example_dags/example_bash_operator.py for tasks to queue
[2023-09-23T09:38:08.946-0400] {logging_mixin.py:151} INFO - [2023-09-23T09:38:08.946-0400] {dagbag.py:539} INFO - Filling up the DagBag from /home/beau/airflow/py_env/lib/python3.10/site-packages/airflow/example_dags/example_bash_operator.py
[2023-09-23T09:38:08.956-0400] {processor.py:839} INFO - DAG(s) dict_keys(['example_bash_operator']) retrieved from /home/beau/airflow/py_env/lib/python3.10/site-packages/airflow/example_dags/example_bash_operator.py
[2023-09-23T09:38:08.977-0400] {logging_mixin.py:151} INFO - [2023-09-23T09:38:08.977-0400] {dag.py:2915} INFO - Sync 1 DAGs
[2023-09-23T09:38:08.995-0400] {logging_mixin.py:151} INFO - [2023-09-23T09:38:08.995-0400] {dag.py:3696} INFO - Setting next_dagrun for example_bash_operator to 2023-09-22T00:00:00+00:00, run_after=2023-09-23T00:00:00+00:00
[2023-09-23T09:38:09.018-0400] {processor.py:179} INFO - Processing /home/beau/airflow/py_env/lib/python3.10/site-packages/airflow/example_dags/example_bash_operator.py took 0.080 seconds
[2023-09-23T09:38:56.244-0400] {processor.py:157} INFO - Started process (PID=2443) to work on /home/beau/airflow/py_env/lib/python3.10/site-packages/airflow/example_dags/example_bash_operator.py
[2023-09-23T09:38:56.246-0400] {processor.py:829} INFO - Processing file /home/beau/airflow/py_env/lib/python3.10/site-packages/airflow/example_dags/example_bash_operator.py for tasks to queue
[2023-09-23T09:38:56.247-0400] {logging_mixin.py:151} INFO - [2023-09-23T09:38:56.246-0400] {dagbag.py:539} INFO - Filling up the DagBag from /home/beau/airflow/py_env/lib/python3.10/site-packages/airflow/example_dags/example_bash_operator.py
[2023-09-23T09:38:56.256-0400] {processor.py:839} INFO - DAG(s) dict_keys(['example_bash_operator']) retrieved from /home/beau/airflow/py_env/lib/python3.10/site-packages/airflow/example_dags/example_bash_operator.py
[2023-09-23T09:38:56.275-0400] {logging_mixin.py:151} INFO - [2023-09-23T09:38:56.275-0400] {dag.py:2915} INFO - Sync 1 DAGs
[2023-09-23T09:38:56.290-0400] {logging_mixin.py:151} INFO - [2023-09-23T09:38:56.290-0400] {dag.py:3696} INFO - Setting next_dagrun for example_bash_operator to 2023-09-22T00:00:00+00:00, run_after=2023-09-23T00:00:00+00:00
[2023-09-23T09:38:56.312-0400] {processor.py:179} INFO - Processing /home/beau/airflow/py_env/lib/python3.10/site-packages/airflow/example_dags/example_bash_operator.py took 0.070 seconds
[2023-09-23T09:39:46.710-0400] {processor.py:157} INFO - Started process (PID=3131) to work on /home/beau/airflow/py_env/lib/python3.10/site-packages/airflow/example_dags/example_bash_operator.py
[2023-09-23T09:39:46.714-0400] {processor.py:829} INFO - Processing file /home/beau/airflow/py_env/lib/python3.10/site-packages/airflow/example_dags/example_bash_operator.py for tasks to queue
[2023-09-23T09:39:46.717-0400] {logging_mixin.py:151} INFO - [2023-09-23T09:39:46.716-0400] {dagbag.py:539} INFO - Filling up the DagBag from /home/beau/airflow/py_env/lib/python3.10/site-packages/airflow/example_dags/example_bash_operator.py
[2023-09-23T09:39:46.733-0400] {processor.py:839} INFO - DAG(s) dict_keys(['example_bash_operator']) retrieved from /home/beau/airflow/py_env/lib/python3.10/site-packages/airflow/example_dags/example_bash_operator.py
[2023-09-23T09:39:46.759-0400] {logging_mixin.py:151} INFO - [2023-09-23T09:39:46.759-0400] {dag.py:2915} INFO - Sync 1 DAGs
[2023-09-23T09:39:46.778-0400] {logging_mixin.py:151} INFO - [2023-09-23T09:39:46.778-0400] {dag.py:3696} INFO - Setting next_dagrun for example_bash_operator to 2023-09-22T00:00:00+00:00, run_after=2023-09-23T00:00:00+00:00
[2023-09-23T09:39:46.802-0400] {processor.py:179} INFO - Processing /home/beau/airflow/py_env/lib/python3.10/site-packages/airflow/example_dags/example_bash_operator.py took 0.102 seconds
[2023-09-23T09:40:40.001-0400] {processor.py:157} INFO - Started process (PID=3711) to work on /home/beau/airflow/py_env/lib/python3.10/site-packages/airflow/example_dags/example_bash_operator.py
[2023-09-23T09:40:40.005-0400] {processor.py:829} INFO - Processing file /home/beau/airflow/py_env/lib/python3.10/site-packages/airflow/example_dags/example_bash_operator.py for tasks to queue
[2023-09-23T09:40:40.006-0400] {logging_mixin.py:151} INFO - [2023-09-23T09:40:40.006-0400] {dagbag.py:539} INFO - Filling up the DagBag from /home/beau/airflow/py_env/lib/python3.10/site-packages/airflow/example_dags/example_bash_operator.py
[2023-09-23T09:40:40.015-0400] {processor.py:839} INFO - DAG(s) dict_keys(['example_bash_operator']) retrieved from /home/beau/airflow/py_env/lib/python3.10/site-packages/airflow/example_dags/example_bash_operator.py
[2023-09-23T09:40:40.035-0400] {logging_mixin.py:151} INFO - [2023-09-23T09:40:40.035-0400] {dag.py:2915} INFO - Sync 1 DAGs
[2023-09-23T09:40:40.052-0400] {logging_mixin.py:151} INFO - [2023-09-23T09:40:40.052-0400] {dag.py:3696} INFO - Setting next_dagrun for example_bash_operator to 2023-09-22T00:00:00+00:00, run_after=2023-09-23T00:00:00+00:00
[2023-09-23T09:40:40.074-0400] {processor.py:179} INFO - Processing /home/beau/airflow/py_env/lib/python3.10/site-packages/airflow/example_dags/example_bash_operator.py took 0.076 seconds
