[2023-09-23T09:06:29.026-0400] {processor.py:157} INFO - Started process (PID=11415) to work on /home/beau/airflow/py_env/lib/python3.10/site-packages/airflow/example_dags/example_trigger_target_dag.py
[2023-09-23T09:06:29.028-0400] {processor.py:829} INFO - Processing file /home/beau/airflow/py_env/lib/python3.10/site-packages/airflow/example_dags/example_trigger_target_dag.py for tasks to queue
[2023-09-23T09:06:29.030-0400] {logging_mixin.py:151} INFO - [2023-09-23T09:06:29.029-0400] {dagbag.py:539} INFO - Filling up the DagBag from /home/beau/airflow/py_env/lib/python3.10/site-packages/airflow/example_dags/example_trigger_target_dag.py
[2023-09-23T09:06:29.040-0400] {processor.py:839} INFO - DAG(s) dict_keys(['example_trigger_target_dag']) retrieved from /home/beau/airflow/py_env/lib/python3.10/site-packages/airflow/example_dags/example_trigger_target_dag.py
[2023-09-23T09:06:29.142-0400] {logging_mixin.py:151} INFO - [2023-09-23T09:06:29.141-0400] {manager.py:499} INFO - Created Permission View: %s
[2023-09-23T09:06:29.157-0400] {logging_mixin.py:151} INFO - [2023-09-23T09:06:29.156-0400] {manager.py:499} INFO - Created Permission View: %s
[2023-09-23T09:06:29.169-0400] {logging_mixin.py:151} INFO - [2023-09-23T09:06:29.169-0400] {manager.py:499} INFO - Created Permission View: %s
[2023-09-23T09:06:29.169-0400] {logging_mixin.py:151} INFO - [2023-09-23T09:06:29.169-0400] {security.py:708} INFO - Not syncing DAG-level permissions for DAG 'DAG:example_trigger_target_dag' as access control is unset.
[2023-09-23T09:06:29.169-0400] {logging_mixin.py:151} INFO - [2023-09-23T09:06:29.169-0400] {dag.py:2915} INFO - Sync 1 DAGs
[2023-09-23T09:06:29.178-0400] {logging_mixin.py:151} INFO - [2023-09-23T09:06:29.178-0400] {dag.py:2937} INFO - Creating ORM DAG for example_trigger_target_dag
[2023-09-23T09:06:29.179-0400] {logging_mixin.py:151} INFO - [2023-09-23T09:06:29.179-0400] {dag.py:3696} INFO - Setting next_dagrun for example_trigger_target_dag to None, run_after=None
[2023-09-23T09:06:29.199-0400] {processor.py:179} INFO - Processing /home/beau/airflow/py_env/lib/python3.10/site-packages/airflow/example_dags/example_trigger_target_dag.py took 0.179 seconds
[2023-09-23T09:07:17.850-0400] {processor.py:157} INFO - Started process (PID=11910) to work on /home/beau/airflow/py_env/lib/python3.10/site-packages/airflow/example_dags/example_trigger_target_dag.py
[2023-09-23T09:07:17.853-0400] {processor.py:829} INFO - Processing file /home/beau/airflow/py_env/lib/python3.10/site-packages/airflow/example_dags/example_trigger_target_dag.py for tasks to queue
[2023-09-23T09:07:17.855-0400] {logging_mixin.py:151} INFO - [2023-09-23T09:07:17.854-0400] {dagbag.py:539} INFO - Filling up the DagBag from /home/beau/airflow/py_env/lib/python3.10/site-packages/airflow/example_dags/example_trigger_target_dag.py
[2023-09-23T09:07:17.862-0400] {processor.py:839} INFO - DAG(s) dict_keys(['example_trigger_target_dag']) retrieved from /home/beau/airflow/py_env/lib/python3.10/site-packages/airflow/example_dags/example_trigger_target_dag.py
[2023-09-23T09:07:17.877-0400] {logging_mixin.py:151} INFO - [2023-09-23T09:07:17.877-0400] {dag.py:2915} INFO - Sync 1 DAGs
[2023-09-23T09:07:17.888-0400] {logging_mixin.py:151} INFO - [2023-09-23T09:07:17.888-0400] {dag.py:3696} INFO - Setting next_dagrun for example_trigger_target_dag to None, run_after=None
[2023-09-23T09:07:17.911-0400] {processor.py:179} INFO - Processing /home/beau/airflow/py_env/lib/python3.10/site-packages/airflow/example_dags/example_trigger_target_dag.py took 0.065 seconds
[2023-09-23T09:08:04.993-0400] {processor.py:157} INFO - Started process (PID=12094) to work on /home/beau/airflow/py_env/lib/python3.10/site-packages/airflow/example_dags/example_trigger_target_dag.py
[2023-09-23T09:08:04.998-0400] {processor.py:829} INFO - Processing file /home/beau/airflow/py_env/lib/python3.10/site-packages/airflow/example_dags/example_trigger_target_dag.py for tasks to queue
[2023-09-23T09:08:05.000-0400] {logging_mixin.py:151} INFO - [2023-09-23T09:08:04.999-0400] {dagbag.py:539} INFO - Filling up the DagBag from /home/beau/airflow/py_env/lib/python3.10/site-packages/airflow/example_dags/example_trigger_target_dag.py
[2023-09-23T09:08:05.007-0400] {processor.py:839} INFO - DAG(s) dict_keys(['example_trigger_target_dag']) retrieved from /home/beau/airflow/py_env/lib/python3.10/site-packages/airflow/example_dags/example_trigger_target_dag.py
[2023-09-23T09:08:05.026-0400] {logging_mixin.py:151} INFO - [2023-09-23T09:08:05.025-0400] {dag.py:2915} INFO - Sync 1 DAGs
[2023-09-23T09:08:05.039-0400] {logging_mixin.py:151} INFO - [2023-09-23T09:08:05.039-0400] {dag.py:3696} INFO - Setting next_dagrun for example_trigger_target_dag to None, run_after=None
[2023-09-23T09:08:05.061-0400] {processor.py:179} INFO - Processing /home/beau/airflow/py_env/lib/python3.10/site-packages/airflow/example_dags/example_trigger_target_dag.py took 0.075 seconds
[2023-09-23T09:08:56.147-0400] {processor.py:157} INFO - Started process (PID=12599) to work on /home/beau/airflow/py_env/lib/python3.10/site-packages/airflow/example_dags/example_trigger_target_dag.py
[2023-09-23T09:08:56.152-0400] {processor.py:829} INFO - Processing file /home/beau/airflow/py_env/lib/python3.10/site-packages/airflow/example_dags/example_trigger_target_dag.py for tasks to queue
[2023-09-23T09:08:56.154-0400] {logging_mixin.py:151} INFO - [2023-09-23T09:08:56.153-0400] {dagbag.py:539} INFO - Filling up the DagBag from /home/beau/airflow/py_env/lib/python3.10/site-packages/airflow/example_dags/example_trigger_target_dag.py
[2023-09-23T09:08:56.164-0400] {processor.py:839} INFO - DAG(s) dict_keys(['example_trigger_target_dag']) retrieved from /home/beau/airflow/py_env/lib/python3.10/site-packages/airflow/example_dags/example_trigger_target_dag.py
[2023-09-23T09:08:56.182-0400] {logging_mixin.py:151} INFO - [2023-09-23T09:08:56.182-0400] {dag.py:2915} INFO - Sync 1 DAGs
[2023-09-23T09:08:56.191-0400] {logging_mixin.py:151} INFO - [2023-09-23T09:08:56.191-0400] {dag.py:3696} INFO - Setting next_dagrun for example_trigger_target_dag to None, run_after=None
[2023-09-23T09:08:56.214-0400] {processor.py:179} INFO - Processing /home/beau/airflow/py_env/lib/python3.10/site-packages/airflow/example_dags/example_trigger_target_dag.py took 0.077 seconds
[2023-09-23T09:09:44.205-0400] {processor.py:157} INFO - Started process (PID=12845) to work on /home/beau/airflow/py_env/lib/python3.10/site-packages/airflow/example_dags/example_trigger_target_dag.py
[2023-09-23T09:09:44.207-0400] {processor.py:829} INFO - Processing file /home/beau/airflow/py_env/lib/python3.10/site-packages/airflow/example_dags/example_trigger_target_dag.py for tasks to queue
[2023-09-23T09:09:44.208-0400] {logging_mixin.py:151} INFO - [2023-09-23T09:09:44.208-0400] {dagbag.py:539} INFO - Filling up the DagBag from /home/beau/airflow/py_env/lib/python3.10/site-packages/airflow/example_dags/example_trigger_target_dag.py
[2023-09-23T09:09:44.218-0400] {processor.py:839} INFO - DAG(s) dict_keys(['example_trigger_target_dag']) retrieved from /home/beau/airflow/py_env/lib/python3.10/site-packages/airflow/example_dags/example_trigger_target_dag.py
[2023-09-23T09:09:44.238-0400] {logging_mixin.py:151} INFO - [2023-09-23T09:09:44.238-0400] {dag.py:2915} INFO - Sync 1 DAGs
[2023-09-23T09:09:44.249-0400] {logging_mixin.py:151} INFO - [2023-09-23T09:09:44.248-0400] {dag.py:3696} INFO - Setting next_dagrun for example_trigger_target_dag to None, run_after=None
[2023-09-23T09:09:44.275-0400] {processor.py:179} INFO - Processing /home/beau/airflow/py_env/lib/python3.10/site-packages/airflow/example_dags/example_trigger_target_dag.py took 0.075 seconds
[2023-09-23T09:10:31.096-0400] {processor.py:157} INFO - Started process (PID=13085) to work on /home/beau/airflow/py_env/lib/python3.10/site-packages/airflow/example_dags/example_trigger_target_dag.py
[2023-09-23T09:10:31.100-0400] {processor.py:829} INFO - Processing file /home/beau/airflow/py_env/lib/python3.10/site-packages/airflow/example_dags/example_trigger_target_dag.py for tasks to queue
[2023-09-23T09:10:31.101-0400] {logging_mixin.py:151} INFO - [2023-09-23T09:10:31.100-0400] {dagbag.py:539} INFO - Filling up the DagBag from /home/beau/airflow/py_env/lib/python3.10/site-packages/airflow/example_dags/example_trigger_target_dag.py
[2023-09-23T09:10:31.109-0400] {processor.py:839} INFO - DAG(s) dict_keys(['example_trigger_target_dag']) retrieved from /home/beau/airflow/py_env/lib/python3.10/site-packages/airflow/example_dags/example_trigger_target_dag.py
[2023-09-23T09:10:31.128-0400] {logging_mixin.py:151} INFO - [2023-09-23T09:10:31.127-0400] {dag.py:2915} INFO - Sync 1 DAGs
[2023-09-23T09:10:31.141-0400] {logging_mixin.py:151} INFO - [2023-09-23T09:10:31.141-0400] {dag.py:3696} INFO - Setting next_dagrun for example_trigger_target_dag to None, run_after=None
[2023-09-23T09:10:31.169-0400] {processor.py:179} INFO - Processing /home/beau/airflow/py_env/lib/python3.10/site-packages/airflow/example_dags/example_trigger_target_dag.py took 0.077 seconds
[2023-09-23T09:11:20.804-0400] {processor.py:157} INFO - Started process (PID=13564) to work on /home/beau/airflow/py_env/lib/python3.10/site-packages/airflow/example_dags/example_trigger_target_dag.py
[2023-09-23T09:11:20.809-0400] {processor.py:829} INFO - Processing file /home/beau/airflow/py_env/lib/python3.10/site-packages/airflow/example_dags/example_trigger_target_dag.py for tasks to queue
[2023-09-23T09:11:20.811-0400] {logging_mixin.py:151} INFO - [2023-09-23T09:11:20.810-0400] {dagbag.py:539} INFO - Filling up the DagBag from /home/beau/airflow/py_env/lib/python3.10/site-packages/airflow/example_dags/example_trigger_target_dag.py
[2023-09-23T09:11:20.818-0400] {processor.py:839} INFO - DAG(s) dict_keys(['example_trigger_target_dag']) retrieved from /home/beau/airflow/py_env/lib/python3.10/site-packages/airflow/example_dags/example_trigger_target_dag.py
[2023-09-23T09:11:20.836-0400] {logging_mixin.py:151} INFO - [2023-09-23T09:11:20.835-0400] {dag.py:2915} INFO - Sync 1 DAGs
[2023-09-23T09:11:20.848-0400] {logging_mixin.py:151} INFO - [2023-09-23T09:11:20.848-0400] {dag.py:3696} INFO - Setting next_dagrun for example_trigger_target_dag to None, run_after=None
[2023-09-23T09:11:20.874-0400] {processor.py:179} INFO - Processing /home/beau/airflow/py_env/lib/python3.10/site-packages/airflow/example_dags/example_trigger_target_dag.py took 0.076 seconds
[2023-09-23T09:12:09.530-0400] {processor.py:157} INFO - Started process (PID=13878) to work on /home/beau/airflow/py_env/lib/python3.10/site-packages/airflow/example_dags/example_trigger_target_dag.py
[2023-09-23T09:12:09.533-0400] {processor.py:829} INFO - Processing file /home/beau/airflow/py_env/lib/python3.10/site-packages/airflow/example_dags/example_trigger_target_dag.py for tasks to queue
[2023-09-23T09:12:09.535-0400] {logging_mixin.py:151} INFO - [2023-09-23T09:12:09.534-0400] {dagbag.py:539} INFO - Filling up the DagBag from /home/beau/airflow/py_env/lib/python3.10/site-packages/airflow/example_dags/example_trigger_target_dag.py
[2023-09-23T09:12:09.541-0400] {processor.py:839} INFO - DAG(s) dict_keys(['example_trigger_target_dag']) retrieved from /home/beau/airflow/py_env/lib/python3.10/site-packages/airflow/example_dags/example_trigger_target_dag.py
[2023-09-23T09:12:09.557-0400] {logging_mixin.py:151} INFO - [2023-09-23T09:12:09.557-0400] {dag.py:2915} INFO - Sync 1 DAGs
[2023-09-23T09:12:09.569-0400] {logging_mixin.py:151} INFO - [2023-09-23T09:12:09.569-0400] {dag.py:3696} INFO - Setting next_dagrun for example_trigger_target_dag to None, run_after=None
[2023-09-23T09:12:09.597-0400] {processor.py:179} INFO - Processing /home/beau/airflow/py_env/lib/python3.10/site-packages/airflow/example_dags/example_trigger_target_dag.py took 0.074 seconds
[2023-09-23T09:12:59.704-0400] {processor.py:157} INFO - Started process (PID=14345) to work on /home/beau/airflow/py_env/lib/python3.10/site-packages/airflow/example_dags/example_trigger_target_dag.py
[2023-09-23T09:12:59.705-0400] {processor.py:829} INFO - Processing file /home/beau/airflow/py_env/lib/python3.10/site-packages/airflow/example_dags/example_trigger_target_dag.py for tasks to queue
[2023-09-23T09:12:59.706-0400] {logging_mixin.py:151} INFO - [2023-09-23T09:12:59.706-0400] {dagbag.py:539} INFO - Filling up the DagBag from /home/beau/airflow/py_env/lib/python3.10/site-packages/airflow/example_dags/example_trigger_target_dag.py
[2023-09-23T09:12:59.712-0400] {processor.py:839} INFO - DAG(s) dict_keys(['example_trigger_target_dag']) retrieved from /home/beau/airflow/py_env/lib/python3.10/site-packages/airflow/example_dags/example_trigger_target_dag.py
[2023-09-23T09:12:59.726-0400] {logging_mixin.py:151} INFO - [2023-09-23T09:12:59.726-0400] {dag.py:2915} INFO - Sync 1 DAGs
[2023-09-23T09:12:59.738-0400] {logging_mixin.py:151} INFO - [2023-09-23T09:12:59.738-0400] {dag.py:3696} INFO - Setting next_dagrun for example_trigger_target_dag to None, run_after=None
[2023-09-23T09:12:59.764-0400] {processor.py:179} INFO - Processing /home/beau/airflow/py_env/lib/python3.10/site-packages/airflow/example_dags/example_trigger_target_dag.py took 0.064 seconds
[2023-09-23T09:13:50.524-0400] {processor.py:157} INFO - Started process (PID=14865) to work on /home/beau/airflow/py_env/lib/python3.10/site-packages/airflow/example_dags/example_trigger_target_dag.py
[2023-09-23T09:13:50.525-0400] {processor.py:829} INFO - Processing file /home/beau/airflow/py_env/lib/python3.10/site-packages/airflow/example_dags/example_trigger_target_dag.py for tasks to queue
[2023-09-23T09:13:50.527-0400] {logging_mixin.py:151} INFO - [2023-09-23T09:13:50.526-0400] {dagbag.py:539} INFO - Filling up the DagBag from /home/beau/airflow/py_env/lib/python3.10/site-packages/airflow/example_dags/example_trigger_target_dag.py
[2023-09-23T09:13:50.534-0400] {processor.py:839} INFO - DAG(s) dict_keys(['example_trigger_target_dag']) retrieved from /home/beau/airflow/py_env/lib/python3.10/site-packages/airflow/example_dags/example_trigger_target_dag.py
[2023-09-23T09:13:50.552-0400] {logging_mixin.py:151} INFO - [2023-09-23T09:13:50.552-0400] {dag.py:2915} INFO - Sync 1 DAGs
[2023-09-23T09:13:50.567-0400] {logging_mixin.py:151} INFO - [2023-09-23T09:13:50.567-0400] {dag.py:3696} INFO - Setting next_dagrun for example_trigger_target_dag to None, run_after=None
[2023-09-23T09:13:50.608-0400] {processor.py:179} INFO - Processing /home/beau/airflow/py_env/lib/python3.10/site-packages/airflow/example_dags/example_trigger_target_dag.py took 0.087 seconds
[2023-09-23T09:14:36.002-0400] {processor.py:157} INFO - Started process (PID=15224) to work on /home/beau/airflow/py_env/lib/python3.10/site-packages/airflow/example_dags/example_trigger_target_dag.py
[2023-09-23T09:14:36.006-0400] {processor.py:829} INFO - Processing file /home/beau/airflow/py_env/lib/python3.10/site-packages/airflow/example_dags/example_trigger_target_dag.py for tasks to queue
[2023-09-23T09:14:36.008-0400] {logging_mixin.py:151} INFO - [2023-09-23T09:14:36.007-0400] {dagbag.py:539} INFO - Filling up the DagBag from /home/beau/airflow/py_env/lib/python3.10/site-packages/airflow/example_dags/example_trigger_target_dag.py
[2023-09-23T09:14:36.018-0400] {processor.py:839} INFO - DAG(s) dict_keys(['example_trigger_target_dag']) retrieved from /home/beau/airflow/py_env/lib/python3.10/site-packages/airflow/example_dags/example_trigger_target_dag.py
[2023-09-23T09:14:36.047-0400] {logging_mixin.py:151} INFO - [2023-09-23T09:14:36.047-0400] {dag.py:2915} INFO - Sync 1 DAGs
[2023-09-23T09:14:36.056-0400] {logging_mixin.py:151} INFO - [2023-09-23T09:14:36.055-0400] {dag.py:3696} INFO - Setting next_dagrun for example_trigger_target_dag to None, run_after=None
[2023-09-23T09:14:36.077-0400] {processor.py:179} INFO - Processing /home/beau/airflow/py_env/lib/python3.10/site-packages/airflow/example_dags/example_trigger_target_dag.py took 0.081 seconds
[2023-09-23T09:15:26.473-0400] {processor.py:157} INFO - Started process (PID=15479) to work on /home/beau/airflow/py_env/lib/python3.10/site-packages/airflow/example_dags/example_trigger_target_dag.py
[2023-09-23T09:15:26.475-0400] {processor.py:829} INFO - Processing file /home/beau/airflow/py_env/lib/python3.10/site-packages/airflow/example_dags/example_trigger_target_dag.py for tasks to queue
[2023-09-23T09:15:26.479-0400] {logging_mixin.py:151} INFO - [2023-09-23T09:15:26.479-0400] {dagbag.py:539} INFO - Filling up the DagBag from /home/beau/airflow/py_env/lib/python3.10/site-packages/airflow/example_dags/example_trigger_target_dag.py
[2023-09-23T09:15:26.487-0400] {processor.py:839} INFO - DAG(s) dict_keys(['example_trigger_target_dag']) retrieved from /home/beau/airflow/py_env/lib/python3.10/site-packages/airflow/example_dags/example_trigger_target_dag.py
[2023-09-23T09:15:26.506-0400] {logging_mixin.py:151} INFO - [2023-09-23T09:15:26.505-0400] {dag.py:2915} INFO - Sync 1 DAGs
[2023-09-23T09:15:26.519-0400] {logging_mixin.py:151} INFO - [2023-09-23T09:15:26.519-0400] {dag.py:3696} INFO - Setting next_dagrun for example_trigger_target_dag to None, run_after=None
[2023-09-23T09:15:26.550-0400] {processor.py:179} INFO - Processing /home/beau/airflow/py_env/lib/python3.10/site-packages/airflow/example_dags/example_trigger_target_dag.py took 0.080 seconds
[2023-09-23T09:17:29.706-0400] {processor.py:157} INFO - Started process (PID=16833) to work on /home/beau/airflow/py_env/lib/python3.10/site-packages/airflow/example_dags/example_trigger_target_dag.py
[2023-09-23T09:17:29.710-0400] {processor.py:829} INFO - Processing file /home/beau/airflow/py_env/lib/python3.10/site-packages/airflow/example_dags/example_trigger_target_dag.py for tasks to queue
[2023-09-23T09:17:29.712-0400] {logging_mixin.py:151} INFO - [2023-09-23T09:17:29.711-0400] {dagbag.py:539} INFO - Filling up the DagBag from /home/beau/airflow/py_env/lib/python3.10/site-packages/airflow/example_dags/example_trigger_target_dag.py
[2023-09-23T09:17:29.721-0400] {processor.py:839} INFO - DAG(s) dict_keys(['example_trigger_target_dag']) retrieved from /home/beau/airflow/py_env/lib/python3.10/site-packages/airflow/example_dags/example_trigger_target_dag.py
[2023-09-23T09:17:29.734-0400] {logging_mixin.py:151} INFO - [2023-09-23T09:17:29.734-0400] {dag.py:2915} INFO - Sync 1 DAGs
[2023-09-23T09:17:29.747-0400] {logging_mixin.py:151} INFO - [2023-09-23T09:17:29.747-0400] {dag.py:3696} INFO - Setting next_dagrun for example_trigger_target_dag to None, run_after=None
[2023-09-23T09:17:29.774-0400] {processor.py:179} INFO - Processing /home/beau/airflow/py_env/lib/python3.10/site-packages/airflow/example_dags/example_trigger_target_dag.py took 0.073 seconds
[2023-09-23T09:18:17.462-0400] {processor.py:157} INFO - Started process (PID=17103) to work on /home/beau/airflow/py_env/lib/python3.10/site-packages/airflow/example_dags/example_trigger_target_dag.py
[2023-09-23T09:18:17.464-0400] {processor.py:829} INFO - Processing file /home/beau/airflow/py_env/lib/python3.10/site-packages/airflow/example_dags/example_trigger_target_dag.py for tasks to queue
[2023-09-23T09:18:17.465-0400] {logging_mixin.py:151} INFO - [2023-09-23T09:18:17.464-0400] {dagbag.py:539} INFO - Filling up the DagBag from /home/beau/airflow/py_env/lib/python3.10/site-packages/airflow/example_dags/example_trigger_target_dag.py
[2023-09-23T09:18:17.474-0400] {processor.py:839} INFO - DAG(s) dict_keys(['example_trigger_target_dag']) retrieved from /home/beau/airflow/py_env/lib/python3.10/site-packages/airflow/example_dags/example_trigger_target_dag.py
[2023-09-23T09:18:17.492-0400] {logging_mixin.py:151} INFO - [2023-09-23T09:18:17.492-0400] {dag.py:2915} INFO - Sync 1 DAGs
[2023-09-23T09:18:17.503-0400] {logging_mixin.py:151} INFO - [2023-09-23T09:18:17.503-0400] {dag.py:3696} INFO - Setting next_dagrun for example_trigger_target_dag to None, run_after=None
[2023-09-23T09:18:17.531-0400] {processor.py:179} INFO - Processing /home/beau/airflow/py_env/lib/python3.10/site-packages/airflow/example_dags/example_trigger_target_dag.py took 0.074 seconds
[2023-09-23T09:19:04.681-0400] {processor.py:157} INFO - Started process (PID=17293) to work on /home/beau/airflow/py_env/lib/python3.10/site-packages/airflow/example_dags/example_trigger_target_dag.py
[2023-09-23T09:19:04.686-0400] {processor.py:829} INFO - Processing file /home/beau/airflow/py_env/lib/python3.10/site-packages/airflow/example_dags/example_trigger_target_dag.py for tasks to queue
[2023-09-23T09:19:04.687-0400] {logging_mixin.py:151} INFO - [2023-09-23T09:19:04.687-0400] {dagbag.py:539} INFO - Filling up the DagBag from /home/beau/airflow/py_env/lib/python3.10/site-packages/airflow/example_dags/example_trigger_target_dag.py
[2023-09-23T09:19:04.697-0400] {processor.py:839} INFO - DAG(s) dict_keys(['example_trigger_target_dag']) retrieved from /home/beau/airflow/py_env/lib/python3.10/site-packages/airflow/example_dags/example_trigger_target_dag.py
[2023-09-23T09:19:04.722-0400] {logging_mixin.py:151} INFO - [2023-09-23T09:19:04.721-0400] {dag.py:2915} INFO - Sync 1 DAGs
[2023-09-23T09:19:04.730-0400] {logging_mixin.py:151} INFO - [2023-09-23T09:19:04.730-0400] {dag.py:3696} INFO - Setting next_dagrun for example_trigger_target_dag to None, run_after=None
[2023-09-23T09:19:04.751-0400] {processor.py:179} INFO - Processing /home/beau/airflow/py_env/lib/python3.10/site-packages/airflow/example_dags/example_trigger_target_dag.py took 0.078 seconds
[2023-09-23T09:19:57.719-0400] {processor.py:157} INFO - Started process (PID=17580) to work on /home/beau/airflow/py_env/lib/python3.10/site-packages/airflow/example_dags/example_trigger_target_dag.py
[2023-09-23T09:19:57.720-0400] {processor.py:829} INFO - Processing file /home/beau/airflow/py_env/lib/python3.10/site-packages/airflow/example_dags/example_trigger_target_dag.py for tasks to queue
[2023-09-23T09:19:57.721-0400] {logging_mixin.py:151} INFO - [2023-09-23T09:19:57.721-0400] {dagbag.py:539} INFO - Filling up the DagBag from /home/beau/airflow/py_env/lib/python3.10/site-packages/airflow/example_dags/example_trigger_target_dag.py
[2023-09-23T09:19:57.726-0400] {processor.py:839} INFO - DAG(s) dict_keys(['example_trigger_target_dag']) retrieved from /home/beau/airflow/py_env/lib/python3.10/site-packages/airflow/example_dags/example_trigger_target_dag.py
[2023-09-23T09:19:57.741-0400] {logging_mixin.py:151} INFO - [2023-09-23T09:19:57.740-0400] {dag.py:2915} INFO - Sync 1 DAGs
[2023-09-23T09:19:57.751-0400] {logging_mixin.py:151} INFO - [2023-09-23T09:19:57.751-0400] {dag.py:3696} INFO - Setting next_dagrun for example_trigger_target_dag to None, run_after=None
[2023-09-23T09:19:57.775-0400] {processor.py:179} INFO - Processing /home/beau/airflow/py_env/lib/python3.10/site-packages/airflow/example_dags/example_trigger_target_dag.py took 0.060 seconds
[2023-09-23T09:20:53.523-0400] {processor.py:157} INFO - Started process (PID=17875) to work on /home/beau/airflow/py_env/lib/python3.10/site-packages/airflow/example_dags/example_trigger_target_dag.py
[2023-09-23T09:20:53.525-0400] {processor.py:829} INFO - Processing file /home/beau/airflow/py_env/lib/python3.10/site-packages/airflow/example_dags/example_trigger_target_dag.py for tasks to queue
[2023-09-23T09:20:53.526-0400] {logging_mixin.py:151} INFO - [2023-09-23T09:20:53.526-0400] {dagbag.py:539} INFO - Filling up the DagBag from /home/beau/airflow/py_env/lib/python3.10/site-packages/airflow/example_dags/example_trigger_target_dag.py
[2023-09-23T09:20:53.536-0400] {processor.py:839} INFO - DAG(s) dict_keys(['example_trigger_target_dag']) retrieved from /home/beau/airflow/py_env/lib/python3.10/site-packages/airflow/example_dags/example_trigger_target_dag.py
[2023-09-23T09:20:53.566-0400] {logging_mixin.py:151} INFO - [2023-09-23T09:20:53.566-0400] {dag.py:2915} INFO - Sync 1 DAGs
[2023-09-23T09:20:53.584-0400] {logging_mixin.py:151} INFO - [2023-09-23T09:20:53.584-0400] {dag.py:3696} INFO - Setting next_dagrun for example_trigger_target_dag to None, run_after=None
[2023-09-23T09:20:53.616-0400] {processor.py:179} INFO - Processing /home/beau/airflow/py_env/lib/python3.10/site-packages/airflow/example_dags/example_trigger_target_dag.py took 0.096 seconds
[2023-09-23T09:23:48.825-0400] {processor.py:157} INFO - Started process (PID=19326) to work on /home/beau/airflow/py_env/lib/python3.10/site-packages/airflow/example_dags/example_trigger_target_dag.py
[2023-09-23T09:23:48.827-0400] {processor.py:829} INFO - Processing file /home/beau/airflow/py_env/lib/python3.10/site-packages/airflow/example_dags/example_trigger_target_dag.py for tasks to queue
[2023-09-23T09:23:48.829-0400] {logging_mixin.py:151} INFO - [2023-09-23T09:23:48.828-0400] {dagbag.py:539} INFO - Filling up the DagBag from /home/beau/airflow/py_env/lib/python3.10/site-packages/airflow/example_dags/example_trigger_target_dag.py
[2023-09-23T09:23:48.839-0400] {processor.py:839} INFO - DAG(s) dict_keys(['example_trigger_target_dag']) retrieved from /home/beau/airflow/py_env/lib/python3.10/site-packages/airflow/example_dags/example_trigger_target_dag.py
[2023-09-23T09:23:48.849-0400] {logging_mixin.py:151} INFO - [2023-09-23T09:23:48.849-0400] {dag.py:2915} INFO - Sync 1 DAGs
[2023-09-23T09:23:48.866-0400] {logging_mixin.py:151} INFO - [2023-09-23T09:23:48.866-0400] {dag.py:3696} INFO - Setting next_dagrun for example_trigger_target_dag to None, run_after=None
[2023-09-23T09:23:48.896-0400] {processor.py:179} INFO - Processing /home/beau/airflow/py_env/lib/python3.10/site-packages/airflow/example_dags/example_trigger_target_dag.py took 0.077 seconds
[2023-09-23T09:24:35.683-0400] {processor.py:157} INFO - Started process (PID=19612) to work on /home/beau/airflow/py_env/lib/python3.10/site-packages/airflow/example_dags/example_trigger_target_dag.py
[2023-09-23T09:24:35.685-0400] {processor.py:829} INFO - Processing file /home/beau/airflow/py_env/lib/python3.10/site-packages/airflow/example_dags/example_trigger_target_dag.py for tasks to queue
[2023-09-23T09:24:35.687-0400] {logging_mixin.py:151} INFO - [2023-09-23T09:24:35.686-0400] {dagbag.py:539} INFO - Filling up the DagBag from /home/beau/airflow/py_env/lib/python3.10/site-packages/airflow/example_dags/example_trigger_target_dag.py
[2023-09-23T09:24:35.693-0400] {processor.py:839} INFO - DAG(s) dict_keys(['example_trigger_target_dag']) retrieved from /home/beau/airflow/py_env/lib/python3.10/site-packages/airflow/example_dags/example_trigger_target_dag.py
[2023-09-23T09:24:35.708-0400] {logging_mixin.py:151} INFO - [2023-09-23T09:24:35.708-0400] {dag.py:2915} INFO - Sync 1 DAGs
[2023-09-23T09:24:35.717-0400] {logging_mixin.py:151} INFO - [2023-09-23T09:24:35.717-0400] {dag.py:3696} INFO - Setting next_dagrun for example_trigger_target_dag to None, run_after=None
[2023-09-23T09:24:35.743-0400] {processor.py:179} INFO - Processing /home/beau/airflow/py_env/lib/python3.10/site-packages/airflow/example_dags/example_trigger_target_dag.py took 0.064 seconds
[2023-09-23T09:25:22.724-0400] {processor.py:157} INFO - Started process (PID=19800) to work on /home/beau/airflow/py_env/lib/python3.10/site-packages/airflow/example_dags/example_trigger_target_dag.py
[2023-09-23T09:25:22.728-0400] {processor.py:829} INFO - Processing file /home/beau/airflow/py_env/lib/python3.10/site-packages/airflow/example_dags/example_trigger_target_dag.py for tasks to queue
[2023-09-23T09:25:22.729-0400] {logging_mixin.py:151} INFO - [2023-09-23T09:25:22.729-0400] {dagbag.py:539} INFO - Filling up the DagBag from /home/beau/airflow/py_env/lib/python3.10/site-packages/airflow/example_dags/example_trigger_target_dag.py
[2023-09-23T09:25:22.734-0400] {processor.py:839} INFO - DAG(s) dict_keys(['example_trigger_target_dag']) retrieved from /home/beau/airflow/py_env/lib/python3.10/site-packages/airflow/example_dags/example_trigger_target_dag.py
[2023-09-23T09:25:22.749-0400] {logging_mixin.py:151} INFO - [2023-09-23T09:25:22.749-0400] {dag.py:2915} INFO - Sync 1 DAGs
[2023-09-23T09:25:22.761-0400] {logging_mixin.py:151} INFO - [2023-09-23T09:25:22.761-0400] {dag.py:3696} INFO - Setting next_dagrun for example_trigger_target_dag to None, run_after=None
[2023-09-23T09:25:22.784-0400] {processor.py:179} INFO - Processing /home/beau/airflow/py_env/lib/python3.10/site-packages/airflow/example_dags/example_trigger_target_dag.py took 0.065 seconds
[2023-09-23T09:26:14.864-0400] {processor.py:157} INFO - Started process (PID=20104) to work on /home/beau/airflow/py_env/lib/python3.10/site-packages/airflow/example_dags/example_trigger_target_dag.py
[2023-09-23T09:26:14.866-0400] {processor.py:829} INFO - Processing file /home/beau/airflow/py_env/lib/python3.10/site-packages/airflow/example_dags/example_trigger_target_dag.py for tasks to queue
[2023-09-23T09:26:14.867-0400] {logging_mixin.py:151} INFO - [2023-09-23T09:26:14.867-0400] {dagbag.py:539} INFO - Filling up the DagBag from /home/beau/airflow/py_env/lib/python3.10/site-packages/airflow/example_dags/example_trigger_target_dag.py
[2023-09-23T09:26:14.873-0400] {processor.py:839} INFO - DAG(s) dict_keys(['example_trigger_target_dag']) retrieved from /home/beau/airflow/py_env/lib/python3.10/site-packages/airflow/example_dags/example_trigger_target_dag.py
[2023-09-23T09:26:14.887-0400] {logging_mixin.py:151} INFO - [2023-09-23T09:26:14.887-0400] {dag.py:2915} INFO - Sync 1 DAGs
[2023-09-23T09:26:14.897-0400] {logging_mixin.py:151} INFO - [2023-09-23T09:26:14.897-0400] {dag.py:3696} INFO - Setting next_dagrun for example_trigger_target_dag to None, run_after=None
[2023-09-23T09:26:14.926-0400] {processor.py:179} INFO - Processing /home/beau/airflow/py_env/lib/python3.10/site-packages/airflow/example_dags/example_trigger_target_dag.py took 0.064 seconds
[2023-09-23T09:30:54.304-0400] {processor.py:157} INFO - Started process (PID=22446) to work on /home/beau/airflow/py_env/lib/python3.10/site-packages/airflow/example_dags/example_trigger_target_dag.py
[2023-09-23T09:30:54.306-0400] {processor.py:829} INFO - Processing file /home/beau/airflow/py_env/lib/python3.10/site-packages/airflow/example_dags/example_trigger_target_dag.py for tasks to queue
[2023-09-23T09:30:54.308-0400] {logging_mixin.py:151} INFO - [2023-09-23T09:30:54.307-0400] {dagbag.py:539} INFO - Filling up the DagBag from /home/beau/airflow/py_env/lib/python3.10/site-packages/airflow/example_dags/example_trigger_target_dag.py
[2023-09-23T09:30:54.314-0400] {processor.py:839} INFO - DAG(s) dict_keys(['example_trigger_target_dag']) retrieved from /home/beau/airflow/py_env/lib/python3.10/site-packages/airflow/example_dags/example_trigger_target_dag.py
[2023-09-23T09:30:54.325-0400] {logging_mixin.py:151} INFO - [2023-09-23T09:30:54.324-0400] {dag.py:2915} INFO - Sync 1 DAGs
[2023-09-23T09:30:54.340-0400] {logging_mixin.py:151} INFO - [2023-09-23T09:30:54.340-0400] {dag.py:3696} INFO - Setting next_dagrun for example_trigger_target_dag to None, run_after=None
[2023-09-23T09:30:54.363-0400] {processor.py:179} INFO - Processing /home/beau/airflow/py_env/lib/python3.10/site-packages/airflow/example_dags/example_trigger_target_dag.py took 0.065 seconds
[2023-09-23T09:36:56.287-0400] {processor.py:157} INFO - Started process (PID=1056) to work on /home/beau/airflow/py_env/lib/python3.10/site-packages/airflow/example_dags/example_trigger_target_dag.py
[2023-09-23T09:36:56.289-0400] {processor.py:829} INFO - Processing file /home/beau/airflow/py_env/lib/python3.10/site-packages/airflow/example_dags/example_trigger_target_dag.py for tasks to queue
[2023-09-23T09:36:56.291-0400] {logging_mixin.py:151} INFO - [2023-09-23T09:36:56.290-0400] {dagbag.py:539} INFO - Filling up the DagBag from /home/beau/airflow/py_env/lib/python3.10/site-packages/airflow/example_dags/example_trigger_target_dag.py
[2023-09-23T09:36:56.300-0400] {processor.py:839} INFO - DAG(s) dict_keys(['example_trigger_target_dag']) retrieved from /home/beau/airflow/py_env/lib/python3.10/site-packages/airflow/example_dags/example_trigger_target_dag.py
[2023-09-23T09:36:56.310-0400] {logging_mixin.py:151} INFO - [2023-09-23T09:36:56.310-0400] {dag.py:2915} INFO - Sync 1 DAGs
[2023-09-23T09:36:56.320-0400] {logging_mixin.py:151} INFO - [2023-09-23T09:36:56.320-0400] {dag.py:3696} INFO - Setting next_dagrun for example_trigger_target_dag to None, run_after=None
[2023-09-23T09:36:56.346-0400] {processor.py:179} INFO - Processing /home/beau/airflow/py_env/lib/python3.10/site-packages/airflow/example_dags/example_trigger_target_dag.py took 0.064 seconds
[2023-09-23T09:37:41.633-0400] {processor.py:157} INFO - Started process (PID=1669) to work on /home/beau/airflow/py_env/lib/python3.10/site-packages/airflow/example_dags/example_trigger_target_dag.py
[2023-09-23T09:37:41.634-0400] {processor.py:829} INFO - Processing file /home/beau/airflow/py_env/lib/python3.10/site-packages/airflow/example_dags/example_trigger_target_dag.py for tasks to queue
[2023-09-23T09:37:41.635-0400] {logging_mixin.py:151} INFO - [2023-09-23T09:37:41.635-0400] {dagbag.py:539} INFO - Filling up the DagBag from /home/beau/airflow/py_env/lib/python3.10/site-packages/airflow/example_dags/example_trigger_target_dag.py
[2023-09-23T09:37:41.639-0400] {processor.py:839} INFO - DAG(s) dict_keys(['example_trigger_target_dag']) retrieved from /home/beau/airflow/py_env/lib/python3.10/site-packages/airflow/example_dags/example_trigger_target_dag.py
[2023-09-23T09:37:41.652-0400] {logging_mixin.py:151} INFO - [2023-09-23T09:37:41.652-0400] {dag.py:2915} INFO - Sync 1 DAGs
[2023-09-23T09:37:41.661-0400] {logging_mixin.py:151} INFO - [2023-09-23T09:37:41.661-0400] {dag.py:3696} INFO - Setting next_dagrun for example_trigger_target_dag to None, run_after=None
[2023-09-23T09:37:41.683-0400] {processor.py:179} INFO - Processing /home/beau/airflow/py_env/lib/python3.10/site-packages/airflow/example_dags/example_trigger_target_dag.py took 0.052 seconds
[2023-09-23T09:38:28.102-0400] {processor.py:157} INFO - Started process (PID=2214) to work on /home/beau/airflow/py_env/lib/python3.10/site-packages/airflow/example_dags/example_trigger_target_dag.py
[2023-09-23T09:38:28.104-0400] {processor.py:829} INFO - Processing file /home/beau/airflow/py_env/lib/python3.10/site-packages/airflow/example_dags/example_trigger_target_dag.py for tasks to queue
[2023-09-23T09:38:28.106-0400] {logging_mixin.py:151} INFO - [2023-09-23T09:38:28.105-0400] {dagbag.py:539} INFO - Filling up the DagBag from /home/beau/airflow/py_env/lib/python3.10/site-packages/airflow/example_dags/example_trigger_target_dag.py
[2023-09-23T09:38:28.116-0400] {processor.py:839} INFO - DAG(s) dict_keys(['example_trigger_target_dag']) retrieved from /home/beau/airflow/py_env/lib/python3.10/site-packages/airflow/example_dags/example_trigger_target_dag.py
[2023-09-23T09:38:28.136-0400] {logging_mixin.py:151} INFO - [2023-09-23T09:38:28.136-0400] {dag.py:2915} INFO - Sync 1 DAGs
[2023-09-23T09:38:28.147-0400] {logging_mixin.py:151} INFO - [2023-09-23T09:38:28.146-0400] {dag.py:3696} INFO - Setting next_dagrun for example_trigger_target_dag to None, run_after=None
[2023-09-23T09:38:28.171-0400] {processor.py:179} INFO - Processing /home/beau/airflow/py_env/lib/python3.10/site-packages/airflow/example_dags/example_trigger_target_dag.py took 0.077 seconds
[2023-09-23T09:39:15.828-0400] {processor.py:157} INFO - Started process (PID=2639) to work on /home/beau/airflow/py_env/lib/python3.10/site-packages/airflow/example_dags/example_trigger_target_dag.py
[2023-09-23T09:39:15.831-0400] {processor.py:829} INFO - Processing file /home/beau/airflow/py_env/lib/python3.10/site-packages/airflow/example_dags/example_trigger_target_dag.py for tasks to queue
[2023-09-23T09:39:15.832-0400] {logging_mixin.py:151} INFO - [2023-09-23T09:39:15.831-0400] {dagbag.py:539} INFO - Filling up the DagBag from /home/beau/airflow/py_env/lib/python3.10/site-packages/airflow/example_dags/example_trigger_target_dag.py
[2023-09-23T09:39:15.837-0400] {processor.py:839} INFO - DAG(s) dict_keys(['example_trigger_target_dag']) retrieved from /home/beau/airflow/py_env/lib/python3.10/site-packages/airflow/example_dags/example_trigger_target_dag.py
[2023-09-23T09:39:15.850-0400] {logging_mixin.py:151} INFO - [2023-09-23T09:39:15.850-0400] {dag.py:2915} INFO - Sync 1 DAGs
[2023-09-23T09:39:15.859-0400] {logging_mixin.py:151} INFO - [2023-09-23T09:39:15.859-0400] {dag.py:3696} INFO - Setting next_dagrun for example_trigger_target_dag to None, run_after=None
[2023-09-23T09:39:15.882-0400] {processor.py:179} INFO - Processing /home/beau/airflow/py_env/lib/python3.10/site-packages/airflow/example_dags/example_trigger_target_dag.py took 0.059 seconds
[2023-09-23T09:40:06.494-0400] {processor.py:157} INFO - Started process (PID=3400) to work on /home/beau/airflow/py_env/lib/python3.10/site-packages/airflow/example_dags/example_trigger_target_dag.py
[2023-09-23T09:40:06.495-0400] {processor.py:829} INFO - Processing file /home/beau/airflow/py_env/lib/python3.10/site-packages/airflow/example_dags/example_trigger_target_dag.py for tasks to queue
[2023-09-23T09:40:06.496-0400] {logging_mixin.py:151} INFO - [2023-09-23T09:40:06.496-0400] {dagbag.py:539} INFO - Filling up the DagBag from /home/beau/airflow/py_env/lib/python3.10/site-packages/airflow/example_dags/example_trigger_target_dag.py
[2023-09-23T09:40:06.503-0400] {processor.py:839} INFO - DAG(s) dict_keys(['example_trigger_target_dag']) retrieved from /home/beau/airflow/py_env/lib/python3.10/site-packages/airflow/example_dags/example_trigger_target_dag.py
[2023-09-23T09:40:06.517-0400] {logging_mixin.py:151} INFO - [2023-09-23T09:40:06.516-0400] {dag.py:2915} INFO - Sync 1 DAGs
[2023-09-23T09:40:06.525-0400] {logging_mixin.py:151} INFO - [2023-09-23T09:40:06.525-0400] {dag.py:3696} INFO - Setting next_dagrun for example_trigger_target_dag to None, run_after=None
[2023-09-23T09:40:06.551-0400] {processor.py:179} INFO - Processing /home/beau/airflow/py_env/lib/python3.10/site-packages/airflow/example_dags/example_trigger_target_dag.py took 0.060 seconds
