[2023-09-23T09:06:41.892-0400] {processor.py:157} INFO - Started process (PID=11463) to work on /home/beau/airflow/py_env/lib/python3.10/site-packages/airflow/example_dags/example_kubernetes_executor.py
[2023-09-23T09:06:41.894-0400] {processor.py:829} INFO - Processing file /home/beau/airflow/py_env/lib/python3.10/site-packages/airflow/example_dags/example_kubernetes_executor.py for tasks to queue
[2023-09-23T09:06:41.895-0400] {logging_mixin.py:151} INFO - [2023-09-23T09:06:41.895-0400] {dagbag.py:539} INFO - Filling up the DagBag from /home/beau/airflow/py_env/lib/python3.10/site-packages/airflow/example_dags/example_kubernetes_executor.py
[2023-09-23T09:06:41.900-0400] {logging_mixin.py:151} INFO - [2023-09-23T09:06:41.900-0400] {example_kubernetes_executor.py:38} WARNING - The example_kubernetes_executor example DAG requires the kubernetes provider. Please install it with: pip install apache-airflow[cncf.kubernetes]
[2023-09-23T09:06:41.900-0400] {processor.py:841} WARNING - No viable dags retrieved from /home/beau/airflow/py_env/lib/python3.10/site-packages/airflow/example_dags/example_kubernetes_executor.py
[2023-09-23T09:06:41.916-0400] {processor.py:179} INFO - Processing /home/beau/airflow/py_env/lib/python3.10/site-packages/airflow/example_dags/example_kubernetes_executor.py took 0.029 seconds
[2023-09-23T09:07:29.602-0400] {processor.py:157} INFO - Started process (PID=11958) to work on /home/beau/airflow/py_env/lib/python3.10/site-packages/airflow/example_dags/example_kubernetes_executor.py
[2023-09-23T09:07:29.606-0400] {processor.py:829} INFO - Processing file /home/beau/airflow/py_env/lib/python3.10/site-packages/airflow/example_dags/example_kubernetes_executor.py for tasks to queue
[2023-09-23T09:07:29.608-0400] {logging_mixin.py:151} INFO - [2023-09-23T09:07:29.607-0400] {dagbag.py:539} INFO - Filling up the DagBag from /home/beau/airflow/py_env/lib/python3.10/site-packages/airflow/example_dags/example_kubernetes_executor.py
[2023-09-23T09:07:29.612-0400] {logging_mixin.py:151} INFO - [2023-09-23T09:07:29.612-0400] {example_kubernetes_executor.py:38} WARNING - The example_kubernetes_executor example DAG requires the kubernetes provider. Please install it with: pip install apache-airflow[cncf.kubernetes]
[2023-09-23T09:07:29.613-0400] {processor.py:841} WARNING - No viable dags retrieved from /home/beau/airflow/py_env/lib/python3.10/site-packages/airflow/example_dags/example_kubernetes_executor.py
[2023-09-23T09:07:29.626-0400] {processor.py:179} INFO - Processing /home/beau/airflow/py_env/lib/python3.10/site-packages/airflow/example_dags/example_kubernetes_executor.py took 0.029 seconds
[2023-09-23T09:08:21.445-0400] {processor.py:157} INFO - Started process (PID=12215) to work on /home/beau/airflow/py_env/lib/python3.10/site-packages/airflow/example_dags/example_kubernetes_executor.py
[2023-09-23T09:08:21.449-0400] {processor.py:829} INFO - Processing file /home/beau/airflow/py_env/lib/python3.10/site-packages/airflow/example_dags/example_kubernetes_executor.py for tasks to queue
[2023-09-23T09:08:21.451-0400] {logging_mixin.py:151} INFO - [2023-09-23T09:08:21.450-0400] {dagbag.py:539} INFO - Filling up the DagBag from /home/beau/airflow/py_env/lib/python3.10/site-packages/airflow/example_dags/example_kubernetes_executor.py
[2023-09-23T09:08:21.456-0400] {logging_mixin.py:151} INFO - [2023-09-23T09:08:21.455-0400] {example_kubernetes_executor.py:38} WARNING - The example_kubernetes_executor example DAG requires the kubernetes provider. Please install it with: pip install apache-airflow[cncf.kubernetes]
[2023-09-23T09:08:21.456-0400] {processor.py:841} WARNING - No viable dags retrieved from /home/beau/airflow/py_env/lib/python3.10/site-packages/airflow/example_dags/example_kubernetes_executor.py
[2023-09-23T09:08:21.465-0400] {processor.py:179} INFO - Processing /home/beau/airflow/py_env/lib/python3.10/site-packages/airflow/example_dags/example_kubernetes_executor.py took 0.025 seconds
[2023-09-23T09:09:13.010-0400] {processor.py:157} INFO - Started process (PID=12724) to work on /home/beau/airflow/py_env/lib/python3.10/site-packages/airflow/example_dags/example_kubernetes_executor.py
[2023-09-23T09:09:13.013-0400] {processor.py:829} INFO - Processing file /home/beau/airflow/py_env/lib/python3.10/site-packages/airflow/example_dags/example_kubernetes_executor.py for tasks to queue
[2023-09-23T09:09:13.015-0400] {logging_mixin.py:151} INFO - [2023-09-23T09:09:13.014-0400] {dagbag.py:539} INFO - Filling up the DagBag from /home/beau/airflow/py_env/lib/python3.10/site-packages/airflow/example_dags/example_kubernetes_executor.py
[2023-09-23T09:09:13.018-0400] {logging_mixin.py:151} INFO - [2023-09-23T09:09:13.017-0400] {example_kubernetes_executor.py:38} WARNING - The example_kubernetes_executor example DAG requires the kubernetes provider. Please install it with: pip install apache-airflow[cncf.kubernetes]
[2023-09-23T09:09:13.018-0400] {processor.py:841} WARNING - No viable dags retrieved from /home/beau/airflow/py_env/lib/python3.10/site-packages/airflow/example_dags/example_kubernetes_executor.py
[2023-09-23T09:09:13.028-0400] {processor.py:179} INFO - Processing /home/beau/airflow/py_env/lib/python3.10/site-packages/airflow/example_dags/example_kubernetes_executor.py took 0.021 seconds
[2023-09-23T09:10:00.977-0400] {processor.py:157} INFO - Started process (PID=12910) to work on /home/beau/airflow/py_env/lib/python3.10/site-packages/airflow/example_dags/example_kubernetes_executor.py
[2023-09-23T09:10:00.982-0400] {processor.py:829} INFO - Processing file /home/beau/airflow/py_env/lib/python3.10/site-packages/airflow/example_dags/example_kubernetes_executor.py for tasks to queue
[2023-09-23T09:10:00.984-0400] {logging_mixin.py:151} INFO - [2023-09-23T09:10:00.983-0400] {dagbag.py:539} INFO - Filling up the DagBag from /home/beau/airflow/py_env/lib/python3.10/site-packages/airflow/example_dags/example_kubernetes_executor.py
[2023-09-23T09:10:00.989-0400] {logging_mixin.py:151} INFO - [2023-09-23T09:10:00.989-0400] {example_kubernetes_executor.py:38} WARNING - The example_kubernetes_executor example DAG requires the kubernetes provider. Please install it with: pip install apache-airflow[cncf.kubernetes]
[2023-09-23T09:10:00.990-0400] {processor.py:841} WARNING - No viable dags retrieved from /home/beau/airflow/py_env/lib/python3.10/site-packages/airflow/example_dags/example_kubernetes_executor.py
[2023-09-23T09:10:01.002-0400] {processor.py:179} INFO - Processing /home/beau/airflow/py_env/lib/python3.10/site-packages/airflow/example_dags/example_kubernetes_executor.py took 0.032 seconds
[2023-09-23T09:10:49.099-0400] {processor.py:157} INFO - Started process (PID=13157) to work on /home/beau/airflow/py_env/lib/python3.10/site-packages/airflow/example_dags/example_kubernetes_executor.py
[2023-09-23T09:10:49.103-0400] {processor.py:829} INFO - Processing file /home/beau/airflow/py_env/lib/python3.10/site-packages/airflow/example_dags/example_kubernetes_executor.py for tasks to queue
[2023-09-23T09:10:49.104-0400] {logging_mixin.py:151} INFO - [2023-09-23T09:10:49.103-0400] {dagbag.py:539} INFO - Filling up the DagBag from /home/beau/airflow/py_env/lib/python3.10/site-packages/airflow/example_dags/example_kubernetes_executor.py
[2023-09-23T09:10:49.107-0400] {logging_mixin.py:151} INFO - [2023-09-23T09:10:49.107-0400] {example_kubernetes_executor.py:38} WARNING - The example_kubernetes_executor example DAG requires the kubernetes provider. Please install it with: pip install apache-airflow[cncf.kubernetes]
[2023-09-23T09:10:49.108-0400] {processor.py:841} WARNING - No viable dags retrieved from /home/beau/airflow/py_env/lib/python3.10/site-packages/airflow/example_dags/example_kubernetes_executor.py
[2023-09-23T09:10:49.120-0400] {processor.py:179} INFO - Processing /home/beau/airflow/py_env/lib/python3.10/site-packages/airflow/example_dags/example_kubernetes_executor.py took 0.024 seconds
[2023-09-23T09:11:38.464-0400] {processor.py:157} INFO - Started process (PID=13668) to work on /home/beau/airflow/py_env/lib/python3.10/site-packages/airflow/example_dags/example_kubernetes_executor.py
[2023-09-23T09:11:38.468-0400] {processor.py:829} INFO - Processing file /home/beau/airflow/py_env/lib/python3.10/site-packages/airflow/example_dags/example_kubernetes_executor.py for tasks to queue
[2023-09-23T09:11:38.470-0400] {logging_mixin.py:151} INFO - [2023-09-23T09:11:38.469-0400] {dagbag.py:539} INFO - Filling up the DagBag from /home/beau/airflow/py_env/lib/python3.10/site-packages/airflow/example_dags/example_kubernetes_executor.py
[2023-09-23T09:11:38.474-0400] {logging_mixin.py:151} INFO - [2023-09-23T09:11:38.474-0400] {example_kubernetes_executor.py:38} WARNING - The example_kubernetes_executor example DAG requires the kubernetes provider. Please install it with: pip install apache-airflow[cncf.kubernetes]
[2023-09-23T09:11:38.475-0400] {processor.py:841} WARNING - No viable dags retrieved from /home/beau/airflow/py_env/lib/python3.10/site-packages/airflow/example_dags/example_kubernetes_executor.py
[2023-09-23T09:11:38.487-0400] {processor.py:179} INFO - Processing /home/beau/airflow/py_env/lib/python3.10/site-packages/airflow/example_dags/example_kubernetes_executor.py took 0.028 seconds
[2023-09-23T09:12:27.354-0400] {processor.py:157} INFO - Started process (PID=14069) to work on /home/beau/airflow/py_env/lib/python3.10/site-packages/airflow/example_dags/example_kubernetes_executor.py
[2023-09-23T09:12:27.358-0400] {processor.py:829} INFO - Processing file /home/beau/airflow/py_env/lib/python3.10/site-packages/airflow/example_dags/example_kubernetes_executor.py for tasks to queue
[2023-09-23T09:12:27.360-0400] {logging_mixin.py:151} INFO - [2023-09-23T09:12:27.359-0400] {dagbag.py:539} INFO - Filling up the DagBag from /home/beau/airflow/py_env/lib/python3.10/site-packages/airflow/example_dags/example_kubernetes_executor.py
[2023-09-23T09:12:27.364-0400] {logging_mixin.py:151} INFO - [2023-09-23T09:12:27.364-0400] {example_kubernetes_executor.py:38} WARNING - The example_kubernetes_executor example DAG requires the kubernetes provider. Please install it with: pip install apache-airflow[cncf.kubernetes]
[2023-09-23T09:12:27.364-0400] {processor.py:841} WARNING - No viable dags retrieved from /home/beau/airflow/py_env/lib/python3.10/site-packages/airflow/example_dags/example_kubernetes_executor.py
[2023-09-23T09:12:27.374-0400] {processor.py:179} INFO - Processing /home/beau/airflow/py_env/lib/python3.10/site-packages/airflow/example_dags/example_kubernetes_executor.py took 0.025 seconds
[2023-09-23T09:13:16.917-0400] {processor.py:157} INFO - Started process (PID=14570) to work on /home/beau/airflow/py_env/lib/python3.10/site-packages/airflow/example_dags/example_kubernetes_executor.py
[2023-09-23T09:13:16.919-0400] {processor.py:829} INFO - Processing file /home/beau/airflow/py_env/lib/python3.10/site-packages/airflow/example_dags/example_kubernetes_executor.py for tasks to queue
[2023-09-23T09:13:16.920-0400] {logging_mixin.py:151} INFO - [2023-09-23T09:13:16.920-0400] {dagbag.py:539} INFO - Filling up the DagBag from /home/beau/airflow/py_env/lib/python3.10/site-packages/airflow/example_dags/example_kubernetes_executor.py
[2023-09-23T09:13:16.923-0400] {logging_mixin.py:151} INFO - [2023-09-23T09:13:16.922-0400] {example_kubernetes_executor.py:38} WARNING - The example_kubernetes_executor example DAG requires the kubernetes provider. Please install it with: pip install apache-airflow[cncf.kubernetes]
[2023-09-23T09:13:16.923-0400] {processor.py:841} WARNING - No viable dags retrieved from /home/beau/airflow/py_env/lib/python3.10/site-packages/airflow/example_dags/example_kubernetes_executor.py
[2023-09-23T09:13:16.932-0400] {processor.py:179} INFO - Processing /home/beau/airflow/py_env/lib/python3.10/site-packages/airflow/example_dags/example_kubernetes_executor.py took 0.017 seconds
[2023-09-23T09:14:06.041-0400] {processor.py:157} INFO - Started process (PID=15014) to work on /home/beau/airflow/py_env/lib/python3.10/site-packages/airflow/example_dags/example_kubernetes_executor.py
[2023-09-23T09:14:06.045-0400] {processor.py:829} INFO - Processing file /home/beau/airflow/py_env/lib/python3.10/site-packages/airflow/example_dags/example_kubernetes_executor.py for tasks to queue
[2023-09-23T09:14:06.046-0400] {logging_mixin.py:151} INFO - [2023-09-23T09:14:06.046-0400] {dagbag.py:539} INFO - Filling up the DagBag from /home/beau/airflow/py_env/lib/python3.10/site-packages/airflow/example_dags/example_kubernetes_executor.py
[2023-09-23T09:14:06.049-0400] {logging_mixin.py:151} INFO - [2023-09-23T09:14:06.049-0400] {example_kubernetes_executor.py:38} WARNING - The example_kubernetes_executor example DAG requires the kubernetes provider. Please install it with: pip install apache-airflow[cncf.kubernetes]
[2023-09-23T09:14:06.050-0400] {processor.py:841} WARNING - No viable dags retrieved from /home/beau/airflow/py_env/lib/python3.10/site-packages/airflow/example_dags/example_kubernetes_executor.py
[2023-09-23T09:14:06.061-0400] {processor.py:179} INFO - Processing /home/beau/airflow/py_env/lib/python3.10/site-packages/airflow/example_dags/example_kubernetes_executor.py took 0.026 seconds
[2023-09-23T09:14:55.465-0400] {processor.py:157} INFO - Started process (PID=15297) to work on /home/beau/airflow/py_env/lib/python3.10/site-packages/airflow/example_dags/example_kubernetes_executor.py
[2023-09-23T09:14:55.469-0400] {processor.py:829} INFO - Processing file /home/beau/airflow/py_env/lib/python3.10/site-packages/airflow/example_dags/example_kubernetes_executor.py for tasks to queue
[2023-09-23T09:14:55.470-0400] {logging_mixin.py:151} INFO - [2023-09-23T09:14:55.470-0400] {dagbag.py:539} INFO - Filling up the DagBag from /home/beau/airflow/py_env/lib/python3.10/site-packages/airflow/example_dags/example_kubernetes_executor.py
[2023-09-23T09:14:55.475-0400] {logging_mixin.py:151} INFO - [2023-09-23T09:14:55.475-0400] {example_kubernetes_executor.py:38} WARNING - The example_kubernetes_executor example DAG requires the kubernetes provider. Please install it with: pip install apache-airflow[cncf.kubernetes]
[2023-09-23T09:14:55.475-0400] {processor.py:841} WARNING - No viable dags retrieved from /home/beau/airflow/py_env/lib/python3.10/site-packages/airflow/example_dags/example_kubernetes_executor.py
[2023-09-23T09:14:55.490-0400] {processor.py:179} INFO - Processing /home/beau/airflow/py_env/lib/python3.10/site-packages/airflow/example_dags/example_kubernetes_executor.py took 0.030 seconds
[2023-09-23T09:17:41.486-0400] {processor.py:157} INFO - Started process (PID=16881) to work on /home/beau/airflow/py_env/lib/python3.10/site-packages/airflow/example_dags/example_kubernetes_executor.py
[2023-09-23T09:17:41.490-0400] {processor.py:829} INFO - Processing file /home/beau/airflow/py_env/lib/python3.10/site-packages/airflow/example_dags/example_kubernetes_executor.py for tasks to queue
[2023-09-23T09:17:41.491-0400] {logging_mixin.py:151} INFO - [2023-09-23T09:17:41.491-0400] {dagbag.py:539} INFO - Filling up the DagBag from /home/beau/airflow/py_env/lib/python3.10/site-packages/airflow/example_dags/example_kubernetes_executor.py
[2023-09-23T09:17:41.497-0400] {logging_mixin.py:151} INFO - [2023-09-23T09:17:41.496-0400] {example_kubernetes_executor.py:38} WARNING - The example_kubernetes_executor example DAG requires the kubernetes provider. Please install it with: pip install apache-airflow[cncf.kubernetes]
[2023-09-23T09:17:41.497-0400] {processor.py:841} WARNING - No viable dags retrieved from /home/beau/airflow/py_env/lib/python3.10/site-packages/airflow/example_dags/example_kubernetes_executor.py
[2023-09-23T09:17:41.507-0400] {processor.py:179} INFO - Processing /home/beau/airflow/py_env/lib/python3.10/site-packages/airflow/example_dags/example_kubernetes_executor.py took 0.028 seconds
[2023-09-23T09:18:29.508-0400] {processor.py:157} INFO - Started process (PID=17155) to work on /home/beau/airflow/py_env/lib/python3.10/site-packages/airflow/example_dags/example_kubernetes_executor.py
[2023-09-23T09:18:29.512-0400] {processor.py:829} INFO - Processing file /home/beau/airflow/py_env/lib/python3.10/site-packages/airflow/example_dags/example_kubernetes_executor.py for tasks to queue
[2023-09-23T09:18:29.513-0400] {logging_mixin.py:151} INFO - [2023-09-23T09:18:29.512-0400] {dagbag.py:539} INFO - Filling up the DagBag from /home/beau/airflow/py_env/lib/python3.10/site-packages/airflow/example_dags/example_kubernetes_executor.py
[2023-09-23T09:18:29.516-0400] {logging_mixin.py:151} INFO - [2023-09-23T09:18:29.516-0400] {example_kubernetes_executor.py:38} WARNING - The example_kubernetes_executor example DAG requires the kubernetes provider. Please install it with: pip install apache-airflow[cncf.kubernetes]
[2023-09-23T09:18:29.516-0400] {processor.py:841} WARNING - No viable dags retrieved from /home/beau/airflow/py_env/lib/python3.10/site-packages/airflow/example_dags/example_kubernetes_executor.py
[2023-09-23T09:18:29.529-0400] {processor.py:179} INFO - Processing /home/beau/airflow/py_env/lib/python3.10/site-packages/airflow/example_dags/example_kubernetes_executor.py took 0.025 seconds
[2023-09-23T09:19:21.496-0400] {processor.py:157} INFO - Started process (PID=17439) to work on /home/beau/airflow/py_env/lib/python3.10/site-packages/airflow/example_dags/example_kubernetes_executor.py
[2023-09-23T09:19:21.501-0400] {processor.py:829} INFO - Processing file /home/beau/airflow/py_env/lib/python3.10/site-packages/airflow/example_dags/example_kubernetes_executor.py for tasks to queue
[2023-09-23T09:19:21.503-0400] {logging_mixin.py:151} INFO - [2023-09-23T09:19:21.502-0400] {dagbag.py:539} INFO - Filling up the DagBag from /home/beau/airflow/py_env/lib/python3.10/site-packages/airflow/example_dags/example_kubernetes_executor.py
[2023-09-23T09:19:21.508-0400] {logging_mixin.py:151} INFO - [2023-09-23T09:19:21.508-0400] {example_kubernetes_executor.py:38} WARNING - The example_kubernetes_executor example DAG requires the kubernetes provider. Please install it with: pip install apache-airflow[cncf.kubernetes]
[2023-09-23T09:19:21.509-0400] {processor.py:841} WARNING - No viable dags retrieved from /home/beau/airflow/py_env/lib/python3.10/site-packages/airflow/example_dags/example_kubernetes_executor.py
[2023-09-23T09:19:21.520-0400] {processor.py:179} INFO - Processing /home/beau/airflow/py_env/lib/python3.10/site-packages/airflow/example_dags/example_kubernetes_executor.py took 0.030 seconds
[2023-09-23T09:20:16.344-0400] {processor.py:157} INFO - Started process (PID=17729) to work on /home/beau/airflow/py_env/lib/python3.10/site-packages/airflow/example_dags/example_kubernetes_executor.py
[2023-09-23T09:20:16.347-0400] {processor.py:829} INFO - Processing file /home/beau/airflow/py_env/lib/python3.10/site-packages/airflow/example_dags/example_kubernetes_executor.py for tasks to queue
[2023-09-23T09:20:16.349-0400] {logging_mixin.py:151} INFO - [2023-09-23T09:20:16.348-0400] {dagbag.py:539} INFO - Filling up the DagBag from /home/beau/airflow/py_env/lib/python3.10/site-packages/airflow/example_dags/example_kubernetes_executor.py
[2023-09-23T09:20:16.351-0400] {logging_mixin.py:151} INFO - [2023-09-23T09:20:16.351-0400] {example_kubernetes_executor.py:38} WARNING - The example_kubernetes_executor example DAG requires the kubernetes provider. Please install it with: pip install apache-airflow[cncf.kubernetes]
[2023-09-23T09:20:16.352-0400] {processor.py:841} WARNING - No viable dags retrieved from /home/beau/airflow/py_env/lib/python3.10/site-packages/airflow/example_dags/example_kubernetes_executor.py
[2023-09-23T09:20:16.363-0400] {processor.py:179} INFO - Processing /home/beau/airflow/py_env/lib/python3.10/site-packages/airflow/example_dags/example_kubernetes_executor.py took 0.022 seconds
[2023-09-23T09:21:14.952-0400] {processor.py:157} INFO - Started process (PID=18038) to work on /home/beau/airflow/py_env/lib/python3.10/site-packages/airflow/example_dags/example_kubernetes_executor.py
[2023-09-23T09:21:14.956-0400] {processor.py:829} INFO - Processing file /home/beau/airflow/py_env/lib/python3.10/site-packages/airflow/example_dags/example_kubernetes_executor.py for tasks to queue
[2023-09-23T09:21:14.957-0400] {logging_mixin.py:151} INFO - [2023-09-23T09:21:14.957-0400] {dagbag.py:539} INFO - Filling up the DagBag from /home/beau/airflow/py_env/lib/python3.10/site-packages/airflow/example_dags/example_kubernetes_executor.py
[2023-09-23T09:21:14.960-0400] {logging_mixin.py:151} INFO - [2023-09-23T09:21:14.960-0400] {example_kubernetes_executor.py:38} WARNING - The example_kubernetes_executor example DAG requires the kubernetes provider. Please install it with: pip install apache-airflow[cncf.kubernetes]
[2023-09-23T09:21:14.960-0400] {processor.py:841} WARNING - No viable dags retrieved from /home/beau/airflow/py_env/lib/python3.10/site-packages/airflow/example_dags/example_kubernetes_executor.py
[2023-09-23T09:21:14.970-0400] {processor.py:179} INFO - Processing /home/beau/airflow/py_env/lib/python3.10/site-packages/airflow/example_dags/example_kubernetes_executor.py took 0.020 seconds
[2023-09-23T09:23:59.580-0400] {processor.py:157} INFO - Started process (PID=19368) to work on /home/beau/airflow/py_env/lib/python3.10/site-packages/airflow/example_dags/example_kubernetes_executor.py
[2023-09-23T09:23:59.584-0400] {processor.py:829} INFO - Processing file /home/beau/airflow/py_env/lib/python3.10/site-packages/airflow/example_dags/example_kubernetes_executor.py for tasks to queue
[2023-09-23T09:23:59.585-0400] {logging_mixin.py:151} INFO - [2023-09-23T09:23:59.585-0400] {dagbag.py:539} INFO - Filling up the DagBag from /home/beau/airflow/py_env/lib/python3.10/site-packages/airflow/example_dags/example_kubernetes_executor.py
[2023-09-23T09:23:59.587-0400] {logging_mixin.py:151} INFO - [2023-09-23T09:23:59.587-0400] {example_kubernetes_executor.py:38} WARNING - The example_kubernetes_executor example DAG requires the kubernetes provider. Please install it with: pip install apache-airflow[cncf.kubernetes]
[2023-09-23T09:23:59.588-0400] {processor.py:841} WARNING - No viable dags retrieved from /home/beau/airflow/py_env/lib/python3.10/site-packages/airflow/example_dags/example_kubernetes_executor.py
[2023-09-23T09:23:59.596-0400] {processor.py:179} INFO - Processing /home/beau/airflow/py_env/lib/python3.10/site-packages/airflow/example_dags/example_kubernetes_executor.py took 0.018 seconds
[2023-09-23T09:24:47.589-0400] {processor.py:157} INFO - Started process (PID=19662) to work on /home/beau/airflow/py_env/lib/python3.10/site-packages/airflow/example_dags/example_kubernetes_executor.py
[2023-09-23T09:24:47.593-0400] {processor.py:829} INFO - Processing file /home/beau/airflow/py_env/lib/python3.10/site-packages/airflow/example_dags/example_kubernetes_executor.py for tasks to queue
[2023-09-23T09:24:47.594-0400] {logging_mixin.py:151} INFO - [2023-09-23T09:24:47.593-0400] {dagbag.py:539} INFO - Filling up the DagBag from /home/beau/airflow/py_env/lib/python3.10/site-packages/airflow/example_dags/example_kubernetes_executor.py
[2023-09-23T09:24:47.596-0400] {logging_mixin.py:151} INFO - [2023-09-23T09:24:47.596-0400] {example_kubernetes_executor.py:38} WARNING - The example_kubernetes_executor example DAG requires the kubernetes provider. Please install it with: pip install apache-airflow[cncf.kubernetes]
[2023-09-23T09:24:47.596-0400] {processor.py:841} WARNING - No viable dags retrieved from /home/beau/airflow/py_env/lib/python3.10/site-packages/airflow/example_dags/example_kubernetes_executor.py
[2023-09-23T09:24:47.610-0400] {processor.py:179} INFO - Processing /home/beau/airflow/py_env/lib/python3.10/site-packages/airflow/example_dags/example_kubernetes_executor.py took 0.024 seconds
[2023-09-23T09:25:39.401-0400] {processor.py:157} INFO - Started process (PID=19967) to work on /home/beau/airflow/py_env/lib/python3.10/site-packages/airflow/example_dags/example_kubernetes_executor.py
[2023-09-23T09:25:39.404-0400] {processor.py:829} INFO - Processing file /home/beau/airflow/py_env/lib/python3.10/site-packages/airflow/example_dags/example_kubernetes_executor.py for tasks to queue
[2023-09-23T09:25:39.405-0400] {logging_mixin.py:151} INFO - [2023-09-23T09:25:39.405-0400] {dagbag.py:539} INFO - Filling up the DagBag from /home/beau/airflow/py_env/lib/python3.10/site-packages/airflow/example_dags/example_kubernetes_executor.py
[2023-09-23T09:25:39.409-0400] {logging_mixin.py:151} INFO - [2023-09-23T09:25:39.409-0400] {example_kubernetes_executor.py:38} WARNING - The example_kubernetes_executor example DAG requires the kubernetes provider. Please install it with: pip install apache-airflow[cncf.kubernetes]
[2023-09-23T09:25:39.409-0400] {processor.py:841} WARNING - No viable dags retrieved from /home/beau/airflow/py_env/lib/python3.10/site-packages/airflow/example_dags/example_kubernetes_executor.py
[2023-09-23T09:25:39.422-0400] {processor.py:179} INFO - Processing /home/beau/airflow/py_env/lib/python3.10/site-packages/airflow/example_dags/example_kubernetes_executor.py took 0.025 seconds
[2023-09-23T09:26:32.174-0400] {processor.py:157} INFO - Started process (PID=20275) to work on /home/beau/airflow/py_env/lib/python3.10/site-packages/airflow/example_dags/example_kubernetes_executor.py
[2023-09-23T09:26:32.179-0400] {processor.py:829} INFO - Processing file /home/beau/airflow/py_env/lib/python3.10/site-packages/airflow/example_dags/example_kubernetes_executor.py for tasks to queue
[2023-09-23T09:26:32.180-0400] {logging_mixin.py:151} INFO - [2023-09-23T09:26:32.180-0400] {dagbag.py:539} INFO - Filling up the DagBag from /home/beau/airflow/py_env/lib/python3.10/site-packages/airflow/example_dags/example_kubernetes_executor.py
[2023-09-23T09:26:32.185-0400] {logging_mixin.py:151} INFO - [2023-09-23T09:26:32.184-0400] {example_kubernetes_executor.py:38} WARNING - The example_kubernetes_executor example DAG requires the kubernetes provider. Please install it with: pip install apache-airflow[cncf.kubernetes]
[2023-09-23T09:26:32.185-0400] {processor.py:841} WARNING - No viable dags retrieved from /home/beau/airflow/py_env/lib/python3.10/site-packages/airflow/example_dags/example_kubernetes_executor.py
[2023-09-23T09:26:32.198-0400] {processor.py:179} INFO - Processing /home/beau/airflow/py_env/lib/python3.10/site-packages/airflow/example_dags/example_kubernetes_executor.py took 0.028 seconds
[2023-09-23T09:37:07.598-0400] {processor.py:157} INFO - Started process (PID=1187) to work on /home/beau/airflow/py_env/lib/python3.10/site-packages/airflow/example_dags/example_kubernetes_executor.py
[2023-09-23T09:37:07.600-0400] {processor.py:829} INFO - Processing file /home/beau/airflow/py_env/lib/python3.10/site-packages/airflow/example_dags/example_kubernetes_executor.py for tasks to queue
[2023-09-23T09:37:07.601-0400] {logging_mixin.py:151} INFO - [2023-09-23T09:37:07.601-0400] {dagbag.py:539} INFO - Filling up the DagBag from /home/beau/airflow/py_env/lib/python3.10/site-packages/airflow/example_dags/example_kubernetes_executor.py
[2023-09-23T09:37:07.605-0400] {logging_mixin.py:151} INFO - [2023-09-23T09:37:07.605-0400] {example_kubernetes_executor.py:38} WARNING - The example_kubernetes_executor example DAG requires the kubernetes provider. Please install it with: pip install apache-airflow[cncf.kubernetes]
[2023-09-23T09:37:07.605-0400] {processor.py:841} WARNING - No viable dags retrieved from /home/beau/airflow/py_env/lib/python3.10/site-packages/airflow/example_dags/example_kubernetes_executor.py
[2023-09-23T09:37:07.618-0400] {processor.py:179} INFO - Processing /home/beau/airflow/py_env/lib/python3.10/site-packages/airflow/example_dags/example_kubernetes_executor.py took 0.023 seconds
[2023-09-23T09:37:54.252-0400] {processor.py:157} INFO - Started process (PID=1900) to work on /home/beau/airflow/py_env/lib/python3.10/site-packages/airflow/example_dags/example_kubernetes_executor.py
[2023-09-23T09:37:54.254-0400] {processor.py:829} INFO - Processing file /home/beau/airflow/py_env/lib/python3.10/site-packages/airflow/example_dags/example_kubernetes_executor.py for tasks to queue
[2023-09-23T09:37:54.254-0400] {logging_mixin.py:151} INFO - [2023-09-23T09:37:54.254-0400] {dagbag.py:539} INFO - Filling up the DagBag from /home/beau/airflow/py_env/lib/python3.10/site-packages/airflow/example_dags/example_kubernetes_executor.py
[2023-09-23T09:37:54.257-0400] {logging_mixin.py:151} INFO - [2023-09-23T09:37:54.257-0400] {example_kubernetes_executor.py:38} WARNING - The example_kubernetes_executor example DAG requires the kubernetes provider. Please install it with: pip install apache-airflow[cncf.kubernetes]
[2023-09-23T09:37:54.258-0400] {processor.py:841} WARNING - No viable dags retrieved from /home/beau/airflow/py_env/lib/python3.10/site-packages/airflow/example_dags/example_kubernetes_executor.py
[2023-09-23T09:37:54.265-0400] {processor.py:179} INFO - Processing /home/beau/airflow/py_env/lib/python3.10/site-packages/airflow/example_dags/example_kubernetes_executor.py took 0.016 seconds
[2023-09-23T09:38:41.250-0400] {processor.py:157} INFO - Started process (PID=2325) to work on /home/beau/airflow/py_env/lib/python3.10/site-packages/airflow/example_dags/example_kubernetes_executor.py
[2023-09-23T09:38:41.252-0400] {processor.py:829} INFO - Processing file /home/beau/airflow/py_env/lib/python3.10/site-packages/airflow/example_dags/example_kubernetes_executor.py for tasks to queue
[2023-09-23T09:38:41.253-0400] {logging_mixin.py:151} INFO - [2023-09-23T09:38:41.252-0400] {dagbag.py:539} INFO - Filling up the DagBag from /home/beau/airflow/py_env/lib/python3.10/site-packages/airflow/example_dags/example_kubernetes_executor.py
[2023-09-23T09:38:41.257-0400] {logging_mixin.py:151} INFO - [2023-09-23T09:38:41.256-0400] {example_kubernetes_executor.py:38} WARNING - The example_kubernetes_executor example DAG requires the kubernetes provider. Please install it with: pip install apache-airflow[cncf.kubernetes]
[2023-09-23T09:38:41.257-0400] {processor.py:841} WARNING - No viable dags retrieved from /home/beau/airflow/py_env/lib/python3.10/site-packages/airflow/example_dags/example_kubernetes_executor.py
[2023-09-23T09:38:41.268-0400] {processor.py:179} INFO - Processing /home/beau/airflow/py_env/lib/python3.10/site-packages/airflow/example_dags/example_kubernetes_executor.py took 0.021 seconds
[2023-09-23T09:39:30.218-0400] {processor.py:157} INFO - Started process (PID=2849) to work on /home/beau/airflow/py_env/lib/python3.10/site-packages/airflow/example_dags/example_kubernetes_executor.py
[2023-09-23T09:39:30.220-0400] {processor.py:829} INFO - Processing file /home/beau/airflow/py_env/lib/python3.10/site-packages/airflow/example_dags/example_kubernetes_executor.py for tasks to queue
[2023-09-23T09:39:30.221-0400] {logging_mixin.py:151} INFO - [2023-09-23T09:39:30.221-0400] {dagbag.py:539} INFO - Filling up the DagBag from /home/beau/airflow/py_env/lib/python3.10/site-packages/airflow/example_dags/example_kubernetes_executor.py
[2023-09-23T09:39:30.224-0400] {logging_mixin.py:151} INFO - [2023-09-23T09:39:30.224-0400] {example_kubernetes_executor.py:38} WARNING - The example_kubernetes_executor example DAG requires the kubernetes provider. Please install it with: pip install apache-airflow[cncf.kubernetes]
[2023-09-23T09:39:30.225-0400] {processor.py:841} WARNING - No viable dags retrieved from /home/beau/airflow/py_env/lib/python3.10/site-packages/airflow/example_dags/example_kubernetes_executor.py
[2023-09-23T09:39:30.234-0400] {processor.py:179} INFO - Processing /home/beau/airflow/py_env/lib/python3.10/site-packages/airflow/example_dags/example_kubernetes_executor.py took 0.018 seconds
[2023-09-23T09:40:22.320-0400] {processor.py:157} INFO - Started process (PID=3518) to work on /home/beau/airflow/py_env/lib/python3.10/site-packages/airflow/example_dags/example_kubernetes_executor.py
[2023-09-23T09:40:22.324-0400] {processor.py:829} INFO - Processing file /home/beau/airflow/py_env/lib/python3.10/site-packages/airflow/example_dags/example_kubernetes_executor.py for tasks to queue
[2023-09-23T09:40:22.325-0400] {logging_mixin.py:151} INFO - [2023-09-23T09:40:22.325-0400] {dagbag.py:539} INFO - Filling up the DagBag from /home/beau/airflow/py_env/lib/python3.10/site-packages/airflow/example_dags/example_kubernetes_executor.py
[2023-09-23T09:40:22.329-0400] {logging_mixin.py:151} INFO - [2023-09-23T09:40:22.329-0400] {example_kubernetes_executor.py:38} WARNING - The example_kubernetes_executor example DAG requires the kubernetes provider. Please install it with: pip install apache-airflow[cncf.kubernetes]
[2023-09-23T09:40:22.329-0400] {processor.py:841} WARNING - No viable dags retrieved from /home/beau/airflow/py_env/lib/python3.10/site-packages/airflow/example_dags/example_kubernetes_executor.py
[2023-09-23T09:40:22.341-0400] {processor.py:179} INFO - Processing /home/beau/airflow/py_env/lib/python3.10/site-packages/airflow/example_dags/example_kubernetes_executor.py took 0.027 seconds
