[2023-09-23T09:06:18.423-0400] {processor.py:157} INFO - Started process (PID=11377) to work on /home/beau/airflow/py_env/lib/python3.10/site-packages/airflow/example_dags/example_short_circuit_decorator.py
[2023-09-23T09:06:18.427-0400] {processor.py:829} INFO - Processing file /home/beau/airflow/py_env/lib/python3.10/site-packages/airflow/example_dags/example_short_circuit_decorator.py for tasks to queue
[2023-09-23T09:06:18.430-0400] {logging_mixin.py:151} INFO - [2023-09-23T09:06:18.428-0400] {dagbag.py:539} INFO - Filling up the DagBag from /home/beau/airflow/py_env/lib/python3.10/site-packages/airflow/example_dags/example_short_circuit_decorator.py
[2023-09-23T09:06:18.452-0400] {processor.py:839} INFO - DAG(s) dict_keys(['example_short_circuit_decorator']) retrieved from /home/beau/airflow/py_env/lib/python3.10/site-packages/airflow/example_dags/example_short_circuit_decorator.py
[2023-09-23T09:06:18.558-0400] {logging_mixin.py:151} INFO - [2023-09-23T09:06:18.558-0400] {manager.py:499} INFO - Created Permission View: %s
[2023-09-23T09:06:18.574-0400] {logging_mixin.py:151} INFO - [2023-09-23T09:06:18.573-0400] {manager.py:499} INFO - Created Permission View: %s
[2023-09-23T09:06:18.587-0400] {logging_mixin.py:151} INFO - [2023-09-23T09:06:18.586-0400] {manager.py:499} INFO - Created Permission View: %s
[2023-09-23T09:06:18.587-0400] {logging_mixin.py:151} INFO - [2023-09-23T09:06:18.587-0400] {security.py:708} INFO - Not syncing DAG-level permissions for DAG 'DAG:example_short_circuit_decorator' as access control is unset.
[2023-09-23T09:06:18.587-0400] {logging_mixin.py:151} INFO - [2023-09-23T09:06:18.587-0400] {dag.py:2915} INFO - Sync 1 DAGs
[2023-09-23T09:06:18.595-0400] {logging_mixin.py:151} INFO - [2023-09-23T09:06:18.595-0400] {dag.py:2937} INFO - Creating ORM DAG for example_short_circuit_decorator
[2023-09-23T09:06:18.603-0400] {logging_mixin.py:151} INFO - [2023-09-23T09:06:18.603-0400] {dag.py:3696} INFO - Setting next_dagrun for example_short_circuit_decorator to 2023-09-22T13:06:18.603093+00:00, run_after=2023-09-23T13:06:18.603093+00:00
[2023-09-23T09:06:18.625-0400] {processor.py:179} INFO - Processing /home/beau/airflow/py_env/lib/python3.10/site-packages/airflow/example_dags/example_short_circuit_decorator.py took 0.210 seconds
[2023-09-23T09:07:10.066-0400] {processor.py:157} INFO - Started process (PID=11843) to work on /home/beau/airflow/py_env/lib/python3.10/site-packages/airflow/example_dags/example_short_circuit_decorator.py
[2023-09-23T09:07:10.070-0400] {processor.py:829} INFO - Processing file /home/beau/airflow/py_env/lib/python3.10/site-packages/airflow/example_dags/example_short_circuit_decorator.py for tasks to queue
[2023-09-23T09:07:10.072-0400] {logging_mixin.py:151} INFO - [2023-09-23T09:07:10.071-0400] {dagbag.py:539} INFO - Filling up the DagBag from /home/beau/airflow/py_env/lib/python3.10/site-packages/airflow/example_dags/example_short_circuit_decorator.py
[2023-09-23T09:07:10.083-0400] {processor.py:839} INFO - DAG(s) dict_keys(['example_short_circuit_decorator']) retrieved from /home/beau/airflow/py_env/lib/python3.10/site-packages/airflow/example_dags/example_short_circuit_decorator.py
[2023-09-23T09:07:10.119-0400] {logging_mixin.py:151} INFO - [2023-09-23T09:07:10.119-0400] {dag.py:2915} INFO - Sync 1 DAGs
[2023-09-23T09:07:10.146-0400] {logging_mixin.py:151} INFO - [2023-09-23T09:07:10.146-0400] {dag.py:3696} INFO - Setting next_dagrun for example_short_circuit_decorator to 2023-09-22T13:07:10.146140+00:00, run_after=2023-09-23T13:07:10.146140+00:00
[2023-09-23T09:07:10.173-0400] {processor.py:179} INFO - Processing /home/beau/airflow/py_env/lib/python3.10/site-packages/airflow/example_dags/example_short_circuit_decorator.py took 0.111 seconds
[2023-09-23T09:07:56.799-0400] {processor.py:157} INFO - Started process (PID=12062) to work on /home/beau/airflow/py_env/lib/python3.10/site-packages/airflow/example_dags/example_short_circuit_decorator.py
[2023-09-23T09:07:56.804-0400] {processor.py:829} INFO - Processing file /home/beau/airflow/py_env/lib/python3.10/site-packages/airflow/example_dags/example_short_circuit_decorator.py for tasks to queue
[2023-09-23T09:07:56.805-0400] {logging_mixin.py:151} INFO - [2023-09-23T09:07:56.805-0400] {dagbag.py:539} INFO - Filling up the DagBag from /home/beau/airflow/py_env/lib/python3.10/site-packages/airflow/example_dags/example_short_circuit_decorator.py
[2023-09-23T09:07:56.823-0400] {processor.py:839} INFO - DAG(s) dict_keys(['example_short_circuit_decorator']) retrieved from /home/beau/airflow/py_env/lib/python3.10/site-packages/airflow/example_dags/example_short_circuit_decorator.py
[2023-09-23T09:07:56.842-0400] {logging_mixin.py:151} INFO - [2023-09-23T09:07:56.842-0400] {dag.py:2915} INFO - Sync 1 DAGs
[2023-09-23T09:07:56.857-0400] {logging_mixin.py:151} INFO - [2023-09-23T09:07:56.857-0400] {dag.py:3696} INFO - Setting next_dagrun for example_short_circuit_decorator to 2023-09-22T13:07:56.857199+00:00, run_after=2023-09-23T13:07:56.857199+00:00
[2023-09-23T09:07:56.882-0400] {processor.py:179} INFO - Processing /home/beau/airflow/py_env/lib/python3.10/site-packages/airflow/example_dags/example_short_circuit_decorator.py took 0.088 seconds
[2023-09-23T09:08:34.041-0400] {processor.py:157} INFO - Started process (PID=12263) to work on /home/beau/airflow/py_env/lib/python3.10/site-packages/airflow/example_dags/example_short_circuit_decorator.py
[2023-09-23T09:08:34.043-0400] {processor.py:829} INFO - Processing file /home/beau/airflow/py_env/lib/python3.10/site-packages/airflow/example_dags/example_short_circuit_decorator.py for tasks to queue
[2023-09-23T09:08:34.043-0400] {logging_mixin.py:151} INFO - [2023-09-23T09:08:34.043-0400] {dagbag.py:539} INFO - Filling up the DagBag from /home/beau/airflow/py_env/lib/python3.10/site-packages/airflow/example_dags/example_short_circuit_decorator.py
[2023-09-23T09:08:34.052-0400] {processor.py:839} INFO - DAG(s) dict_keys(['example_short_circuit_decorator']) retrieved from /home/beau/airflow/py_env/lib/python3.10/site-packages/airflow/example_dags/example_short_circuit_decorator.py
[2023-09-23T09:08:34.069-0400] {logging_mixin.py:151} INFO - [2023-09-23T09:08:34.068-0400] {dag.py:2915} INFO - Sync 1 DAGs
[2023-09-23T09:08:34.086-0400] {logging_mixin.py:151} INFO - [2023-09-23T09:08:34.086-0400] {dag.py:3696} INFO - Setting next_dagrun for example_short_circuit_decorator to 2023-09-22T13:08:34.085836+00:00, run_after=2023-09-23T13:08:34.085836+00:00
[2023-09-23T09:08:34.112-0400] {processor.py:179} INFO - Processing /home/beau/airflow/py_env/lib/python3.10/site-packages/airflow/example_dags/example_short_circuit_decorator.py took 0.074 seconds
[2023-09-23T09:09:23.465-0400] {processor.py:157} INFO - Started process (PID=12765) to work on /home/beau/airflow/py_env/lib/python3.10/site-packages/airflow/example_dags/example_short_circuit_decorator.py
[2023-09-23T09:09:23.469-0400] {processor.py:829} INFO - Processing file /home/beau/airflow/py_env/lib/python3.10/site-packages/airflow/example_dags/example_short_circuit_decorator.py for tasks to queue
[2023-09-23T09:09:23.471-0400] {logging_mixin.py:151} INFO - [2023-09-23T09:09:23.470-0400] {dagbag.py:539} INFO - Filling up the DagBag from /home/beau/airflow/py_env/lib/python3.10/site-packages/airflow/example_dags/example_short_circuit_decorator.py
[2023-09-23T09:09:23.482-0400] {processor.py:839} INFO - DAG(s) dict_keys(['example_short_circuit_decorator']) retrieved from /home/beau/airflow/py_env/lib/python3.10/site-packages/airflow/example_dags/example_short_circuit_decorator.py
[2023-09-23T09:09:23.499-0400] {logging_mixin.py:151} INFO - [2023-09-23T09:09:23.499-0400] {dag.py:2915} INFO - Sync 1 DAGs
[2023-09-23T09:09:23.514-0400] {logging_mixin.py:151} INFO - [2023-09-23T09:09:23.514-0400] {dag.py:3696} INFO - Setting next_dagrun for example_short_circuit_decorator to 2023-09-22T13:09:23.513870+00:00, run_after=2023-09-23T13:09:23.513870+00:00
[2023-09-23T09:09:23.535-0400] {processor.py:179} INFO - Processing /home/beau/airflow/py_env/lib/python3.10/site-packages/airflow/example_dags/example_short_circuit_decorator.py took 0.073 seconds
[2023-09-23T09:10:10.234-0400] {processor.py:157} INFO - Started process (PID=13005) to work on /home/beau/airflow/py_env/lib/python3.10/site-packages/airflow/example_dags/example_short_circuit_decorator.py
[2023-09-23T09:10:10.238-0400] {processor.py:829} INFO - Processing file /home/beau/airflow/py_env/lib/python3.10/site-packages/airflow/example_dags/example_short_circuit_decorator.py for tasks to queue
[2023-09-23T09:10:10.239-0400] {logging_mixin.py:151} INFO - [2023-09-23T09:10:10.239-0400] {dagbag.py:539} INFO - Filling up the DagBag from /home/beau/airflow/py_env/lib/python3.10/site-packages/airflow/example_dags/example_short_circuit_decorator.py
[2023-09-23T09:10:10.248-0400] {processor.py:839} INFO - DAG(s) dict_keys(['example_short_circuit_decorator']) retrieved from /home/beau/airflow/py_env/lib/python3.10/site-packages/airflow/example_dags/example_short_circuit_decorator.py
[2023-09-23T09:10:10.266-0400] {logging_mixin.py:151} INFO - [2023-09-23T09:10:10.265-0400] {dag.py:2915} INFO - Sync 1 DAGs
[2023-09-23T09:10:10.288-0400] {logging_mixin.py:151} INFO - [2023-09-23T09:10:10.288-0400] {dag.py:3696} INFO - Setting next_dagrun for example_short_circuit_decorator to 2023-09-22T13:10:10.288434+00:00, run_after=2023-09-23T13:10:10.288434+00:00
[2023-09-23T09:10:10.311-0400] {processor.py:179} INFO - Processing /home/beau/airflow/py_env/lib/python3.10/site-packages/airflow/example_dags/example_short_circuit_decorator.py took 0.080 seconds
[2023-09-23T09:11:00.511-0400] {processor.py:157} INFO - Started process (PID=13323) to work on /home/beau/airflow/py_env/lib/python3.10/site-packages/airflow/example_dags/example_short_circuit_decorator.py
[2023-09-23T09:11:00.515-0400] {processor.py:829} INFO - Processing file /home/beau/airflow/py_env/lib/python3.10/site-packages/airflow/example_dags/example_short_circuit_decorator.py for tasks to queue
[2023-09-23T09:11:00.516-0400] {logging_mixin.py:151} INFO - [2023-09-23T09:11:00.516-0400] {dagbag.py:539} INFO - Filling up the DagBag from /home/beau/airflow/py_env/lib/python3.10/site-packages/airflow/example_dags/example_short_circuit_decorator.py
[2023-09-23T09:11:00.527-0400] {processor.py:839} INFO - DAG(s) dict_keys(['example_short_circuit_decorator']) retrieved from /home/beau/airflow/py_env/lib/python3.10/site-packages/airflow/example_dags/example_short_circuit_decorator.py
[2023-09-23T09:11:00.546-0400] {logging_mixin.py:151} INFO - [2023-09-23T09:11:00.546-0400] {dag.py:2915} INFO - Sync 1 DAGs
[2023-09-23T09:11:00.565-0400] {logging_mixin.py:151} INFO - [2023-09-23T09:11:00.565-0400] {dag.py:3696} INFO - Setting next_dagrun for example_short_circuit_decorator to 2023-09-22T13:11:00.565364+00:00, run_after=2023-09-23T13:11:00.565364+00:00
[2023-09-23T09:11:00.590-0400] {processor.py:179} INFO - Processing /home/beau/airflow/py_env/lib/python3.10/site-packages/airflow/example_dags/example_short_circuit_decorator.py took 0.086 seconds
[2023-09-23T09:11:48.506-0400] {processor.py:157} INFO - Started process (PID=13735) to work on /home/beau/airflow/py_env/lib/python3.10/site-packages/airflow/example_dags/example_short_circuit_decorator.py
[2023-09-23T09:11:48.511-0400] {processor.py:829} INFO - Processing file /home/beau/airflow/py_env/lib/python3.10/site-packages/airflow/example_dags/example_short_circuit_decorator.py for tasks to queue
[2023-09-23T09:11:48.513-0400] {logging_mixin.py:151} INFO - [2023-09-23T09:11:48.512-0400] {dagbag.py:539} INFO - Filling up the DagBag from /home/beau/airflow/py_env/lib/python3.10/site-packages/airflow/example_dags/example_short_circuit_decorator.py
[2023-09-23T09:11:48.528-0400] {processor.py:839} INFO - DAG(s) dict_keys(['example_short_circuit_decorator']) retrieved from /home/beau/airflow/py_env/lib/python3.10/site-packages/airflow/example_dags/example_short_circuit_decorator.py
[2023-09-23T09:11:48.551-0400] {logging_mixin.py:151} INFO - [2023-09-23T09:11:48.550-0400] {dag.py:2915} INFO - Sync 1 DAGs
[2023-09-23T09:11:48.565-0400] {logging_mixin.py:151} INFO - [2023-09-23T09:11:48.565-0400] {dag.py:3696} INFO - Setting next_dagrun for example_short_circuit_decorator to 2023-09-22T13:11:48.565054+00:00, run_after=2023-09-23T13:11:48.565054+00:00
[2023-09-23T09:11:48.590-0400] {processor.py:179} INFO - Processing /home/beau/airflow/py_env/lib/python3.10/site-packages/airflow/example_dags/example_short_circuit_decorator.py took 0.089 seconds
[2023-09-23T09:12:38.895-0400] {processor.py:157} INFO - Started process (PID=14113) to work on /home/beau/airflow/py_env/lib/python3.10/site-packages/airflow/example_dags/example_short_circuit_decorator.py
[2023-09-23T09:12:38.900-0400] {processor.py:829} INFO - Processing file /home/beau/airflow/py_env/lib/python3.10/site-packages/airflow/example_dags/example_short_circuit_decorator.py for tasks to queue
[2023-09-23T09:12:38.901-0400] {logging_mixin.py:151} INFO - [2023-09-23T09:12:38.901-0400] {dagbag.py:539} INFO - Filling up the DagBag from /home/beau/airflow/py_env/lib/python3.10/site-packages/airflow/example_dags/example_short_circuit_decorator.py
[2023-09-23T09:12:38.910-0400] {processor.py:839} INFO - DAG(s) dict_keys(['example_short_circuit_decorator']) retrieved from /home/beau/airflow/py_env/lib/python3.10/site-packages/airflow/example_dags/example_short_circuit_decorator.py
[2023-09-23T09:12:38.924-0400] {logging_mixin.py:151} INFO - [2023-09-23T09:12:38.924-0400] {dag.py:2915} INFO - Sync 1 DAGs
[2023-09-23T09:12:38.939-0400] {logging_mixin.py:151} INFO - [2023-09-23T09:12:38.939-0400] {dag.py:3696} INFO - Setting next_dagrun for example_short_circuit_decorator to 2023-09-22T13:12:38.939586+00:00, run_after=2023-09-23T13:12:38.939586+00:00
[2023-09-23T09:12:38.961-0400] {processor.py:179} INFO - Processing /home/beau/airflow/py_env/lib/python3.10/site-packages/airflow/example_dags/example_short_circuit_decorator.py took 0.071 seconds
[2023-09-23T09:13:27.471-0400] {processor.py:157} INFO - Started process (PID=14652) to work on /home/beau/airflow/py_env/lib/python3.10/site-packages/airflow/example_dags/example_short_circuit_decorator.py
[2023-09-23T09:13:27.478-0400] {processor.py:829} INFO - Processing file /home/beau/airflow/py_env/lib/python3.10/site-packages/airflow/example_dags/example_short_circuit_decorator.py for tasks to queue
[2023-09-23T09:13:27.479-0400] {logging_mixin.py:151} INFO - [2023-09-23T09:13:27.478-0400] {dagbag.py:539} INFO - Filling up the DagBag from /home/beau/airflow/py_env/lib/python3.10/site-packages/airflow/example_dags/example_short_circuit_decorator.py
[2023-09-23T09:13:27.492-0400] {processor.py:839} INFO - DAG(s) dict_keys(['example_short_circuit_decorator']) retrieved from /home/beau/airflow/py_env/lib/python3.10/site-packages/airflow/example_dags/example_short_circuit_decorator.py
[2023-09-23T09:13:27.506-0400] {logging_mixin.py:151} INFO - [2023-09-23T09:13:27.506-0400] {dag.py:2915} INFO - Sync 1 DAGs
[2023-09-23T09:13:27.522-0400] {logging_mixin.py:151} INFO - [2023-09-23T09:13:27.522-0400] {dag.py:3696} INFO - Setting next_dagrun for example_short_circuit_decorator to 2023-09-22T13:13:27.522148+00:00, run_after=2023-09-23T13:13:27.522148+00:00
[2023-09-23T09:13:27.550-0400] {processor.py:179} INFO - Processing /home/beau/airflow/py_env/lib/python3.10/site-packages/airflow/example_dags/example_short_circuit_decorator.py took 0.085 seconds
[2023-09-23T09:14:13.944-0400] {processor.py:157} INFO - Started process (PID=15143) to work on /home/beau/airflow/py_env/lib/python3.10/site-packages/airflow/example_dags/example_short_circuit_decorator.py
[2023-09-23T09:14:13.947-0400] {processor.py:829} INFO - Processing file /home/beau/airflow/py_env/lib/python3.10/site-packages/airflow/example_dags/example_short_circuit_decorator.py for tasks to queue
[2023-09-23T09:14:13.948-0400] {logging_mixin.py:151} INFO - [2023-09-23T09:14:13.948-0400] {dagbag.py:539} INFO - Filling up the DagBag from /home/beau/airflow/py_env/lib/python3.10/site-packages/airflow/example_dags/example_short_circuit_decorator.py
[2023-09-23T09:14:13.958-0400] {processor.py:839} INFO - DAG(s) dict_keys(['example_short_circuit_decorator']) retrieved from /home/beau/airflow/py_env/lib/python3.10/site-packages/airflow/example_dags/example_short_circuit_decorator.py
[2023-09-23T09:14:13.974-0400] {logging_mixin.py:151} INFO - [2023-09-23T09:14:13.974-0400] {dag.py:2915} INFO - Sync 1 DAGs
[2023-09-23T09:14:13.992-0400] {logging_mixin.py:151} INFO - [2023-09-23T09:14:13.991-0400] {dag.py:3696} INFO - Setting next_dagrun for example_short_circuit_decorator to 2023-09-22T13:14:13.991643+00:00, run_after=2023-09-23T13:14:13.991643+00:00
[2023-09-23T09:14:14.018-0400] {processor.py:179} INFO - Processing /home/beau/airflow/py_env/lib/python3.10/site-packages/airflow/example_dags/example_short_circuit_decorator.py took 0.077 seconds
[2023-09-23T09:14:50.345-0400] {processor.py:157} INFO - Started process (PID=15280) to work on /home/beau/airflow/py_env/lib/python3.10/site-packages/airflow/example_dags/example_short_circuit_decorator.py
[2023-09-23T09:14:50.349-0400] {processor.py:829} INFO - Processing file /home/beau/airflow/py_env/lib/python3.10/site-packages/airflow/example_dags/example_short_circuit_decorator.py for tasks to queue
[2023-09-23T09:14:50.351-0400] {logging_mixin.py:151} INFO - [2023-09-23T09:14:50.350-0400] {dagbag.py:539} INFO - Filling up the DagBag from /home/beau/airflow/py_env/lib/python3.10/site-packages/airflow/example_dags/example_short_circuit_decorator.py
[2023-09-23T09:14:50.367-0400] {processor.py:839} INFO - DAG(s) dict_keys(['example_short_circuit_decorator']) retrieved from /home/beau/airflow/py_env/lib/python3.10/site-packages/airflow/example_dags/example_short_circuit_decorator.py
[2023-09-23T09:14:50.381-0400] {logging_mixin.py:151} INFO - [2023-09-23T09:14:50.381-0400] {dag.py:2915} INFO - Sync 1 DAGs
[2023-09-23T09:14:50.395-0400] {logging_mixin.py:151} INFO - [2023-09-23T09:14:50.395-0400] {dag.py:3696} INFO - Setting next_dagrun for example_short_circuit_decorator to 2023-09-22T13:14:50.395606+00:00, run_after=2023-09-23T13:14:50.395606+00:00
[2023-09-23T09:14:50.417-0400] {processor.py:179} INFO - Processing /home/beau/airflow/py_env/lib/python3.10/site-packages/airflow/example_dags/example_short_circuit_decorator.py took 0.079 seconds
[2023-09-23T09:17:22.236-0400] {processor.py:157} INFO - Started process (PID=16805) to work on /home/beau/airflow/py_env/lib/python3.10/site-packages/airflow/example_dags/example_short_circuit_decorator.py
[2023-09-23T09:17:22.242-0400] {processor.py:829} INFO - Processing file /home/beau/airflow/py_env/lib/python3.10/site-packages/airflow/example_dags/example_short_circuit_decorator.py for tasks to queue
[2023-09-23T09:17:22.244-0400] {logging_mixin.py:151} INFO - [2023-09-23T09:17:22.243-0400] {dagbag.py:539} INFO - Filling up the DagBag from /home/beau/airflow/py_env/lib/python3.10/site-packages/airflow/example_dags/example_short_circuit_decorator.py
[2023-09-23T09:17:22.261-0400] {processor.py:839} INFO - DAG(s) dict_keys(['example_short_circuit_decorator']) retrieved from /home/beau/airflow/py_env/lib/python3.10/site-packages/airflow/example_dags/example_short_circuit_decorator.py
[2023-09-23T09:17:22.270-0400] {logging_mixin.py:151} INFO - [2023-09-23T09:17:22.270-0400] {dag.py:2915} INFO - Sync 1 DAGs
[2023-09-23T09:17:22.288-0400] {logging_mixin.py:151} INFO - [2023-09-23T09:17:22.287-0400] {dag.py:3696} INFO - Setting next_dagrun for example_short_circuit_decorator to 2023-09-22T13:17:22.287701+00:00, run_after=2023-09-23T13:17:22.287701+00:00
[2023-09-23T09:17:22.312-0400] {processor.py:179} INFO - Processing /home/beau/airflow/py_env/lib/python3.10/site-packages/airflow/example_dags/example_short_circuit_decorator.py took 0.084 seconds
[2023-09-23T09:18:09.927-0400] {processor.py:157} INFO - Started process (PID=16988) to work on /home/beau/airflow/py_env/lib/python3.10/site-packages/airflow/example_dags/example_short_circuit_decorator.py
[2023-09-23T09:18:09.930-0400] {processor.py:829} INFO - Processing file /home/beau/airflow/py_env/lib/python3.10/site-packages/airflow/example_dags/example_short_circuit_decorator.py for tasks to queue
[2023-09-23T09:18:09.931-0400] {logging_mixin.py:151} INFO - [2023-09-23T09:18:09.931-0400] {dagbag.py:539} INFO - Filling up the DagBag from /home/beau/airflow/py_env/lib/python3.10/site-packages/airflow/example_dags/example_short_circuit_decorator.py
[2023-09-23T09:18:09.942-0400] {processor.py:839} INFO - DAG(s) dict_keys(['example_short_circuit_decorator']) retrieved from /home/beau/airflow/py_env/lib/python3.10/site-packages/airflow/example_dags/example_short_circuit_decorator.py
[2023-09-23T09:18:09.959-0400] {logging_mixin.py:151} INFO - [2023-09-23T09:18:09.959-0400] {dag.py:2915} INFO - Sync 1 DAGs
[2023-09-23T09:18:09.975-0400] {logging_mixin.py:151} INFO - [2023-09-23T09:18:09.975-0400] {dag.py:3696} INFO - Setting next_dagrun for example_short_circuit_decorator to 2023-09-22T13:18:09.974981+00:00, run_after=2023-09-23T13:18:09.974981+00:00
[2023-09-23T09:18:09.998-0400] {processor.py:179} INFO - Processing /home/beau/airflow/py_env/lib/python3.10/site-packages/airflow/example_dags/example_short_circuit_decorator.py took 0.074 seconds
[2023-09-23T09:18:56.826-0400] {processor.py:157} INFO - Started process (PID=17262) to work on /home/beau/airflow/py_env/lib/python3.10/site-packages/airflow/example_dags/example_short_circuit_decorator.py
[2023-09-23T09:18:56.829-0400] {processor.py:829} INFO - Processing file /home/beau/airflow/py_env/lib/python3.10/site-packages/airflow/example_dags/example_short_circuit_decorator.py for tasks to queue
[2023-09-23T09:18:56.830-0400] {logging_mixin.py:151} INFO - [2023-09-23T09:18:56.830-0400] {dagbag.py:539} INFO - Filling up the DagBag from /home/beau/airflow/py_env/lib/python3.10/site-packages/airflow/example_dags/example_short_circuit_decorator.py
[2023-09-23T09:18:56.843-0400] {processor.py:839} INFO - DAG(s) dict_keys(['example_short_circuit_decorator']) retrieved from /home/beau/airflow/py_env/lib/python3.10/site-packages/airflow/example_dags/example_short_circuit_decorator.py
[2023-09-23T09:18:56.863-0400] {logging_mixin.py:151} INFO - [2023-09-23T09:18:56.863-0400] {dag.py:2915} INFO - Sync 1 DAGs
[2023-09-23T09:18:56.887-0400] {logging_mixin.py:151} INFO - [2023-09-23T09:18:56.886-0400] {dag.py:3696} INFO - Setting next_dagrun for example_short_circuit_decorator to 2023-09-22T13:18:56.886632+00:00, run_after=2023-09-23T13:18:56.886632+00:00
[2023-09-23T09:18:56.925-0400] {processor.py:179} INFO - Processing /home/beau/airflow/py_env/lib/python3.10/site-packages/airflow/example_dags/example_short_circuit_decorator.py took 0.102 seconds
[2023-09-23T09:19:49.752-0400] {processor.py:157} INFO - Started process (PID=17550) to work on /home/beau/airflow/py_env/lib/python3.10/site-packages/airflow/example_dags/example_short_circuit_decorator.py
[2023-09-23T09:19:49.756-0400] {processor.py:829} INFO - Processing file /home/beau/airflow/py_env/lib/python3.10/site-packages/airflow/example_dags/example_short_circuit_decorator.py for tasks to queue
[2023-09-23T09:19:49.758-0400] {logging_mixin.py:151} INFO - [2023-09-23T09:19:49.758-0400] {dagbag.py:539} INFO - Filling up the DagBag from /home/beau/airflow/py_env/lib/python3.10/site-packages/airflow/example_dags/example_short_circuit_decorator.py
[2023-09-23T09:19:49.772-0400] {processor.py:839} INFO - DAG(s) dict_keys(['example_short_circuit_decorator']) retrieved from /home/beau/airflow/py_env/lib/python3.10/site-packages/airflow/example_dags/example_short_circuit_decorator.py
[2023-09-23T09:19:49.787-0400] {logging_mixin.py:151} INFO - [2023-09-23T09:19:49.787-0400] {dag.py:2915} INFO - Sync 1 DAGs
[2023-09-23T09:19:49.804-0400] {logging_mixin.py:151} INFO - [2023-09-23T09:19:49.804-0400] {dag.py:3696} INFO - Setting next_dagrun for example_short_circuit_decorator to 2023-09-22T13:19:49.804363+00:00, run_after=2023-09-23T13:19:49.804363+00:00
[2023-09-23T09:19:49.828-0400] {processor.py:179} INFO - Processing /home/beau/airflow/py_env/lib/python3.10/site-packages/airflow/example_dags/example_short_circuit_decorator.py took 0.082 seconds
[2023-09-23T09:20:28.056-0400] {processor.py:157} INFO - Started process (PID=17779) to work on /home/beau/airflow/py_env/lib/python3.10/site-packages/airflow/example_dags/example_short_circuit_decorator.py
[2023-09-23T09:20:28.060-0400] {processor.py:829} INFO - Processing file /home/beau/airflow/py_env/lib/python3.10/site-packages/airflow/example_dags/example_short_circuit_decorator.py for tasks to queue
[2023-09-23T09:20:28.061-0400] {logging_mixin.py:151} INFO - [2023-09-23T09:20:28.060-0400] {dagbag.py:539} INFO - Filling up the DagBag from /home/beau/airflow/py_env/lib/python3.10/site-packages/airflow/example_dags/example_short_circuit_decorator.py
[2023-09-23T09:20:28.069-0400] {processor.py:839} INFO - DAG(s) dict_keys(['example_short_circuit_decorator']) retrieved from /home/beau/airflow/py_env/lib/python3.10/site-packages/airflow/example_dags/example_short_circuit_decorator.py
[2023-09-23T09:20:28.086-0400] {logging_mixin.py:151} INFO - [2023-09-23T09:20:28.085-0400] {dag.py:2915} INFO - Sync 1 DAGs
[2023-09-23T09:20:28.103-0400] {logging_mixin.py:151} INFO - [2023-09-23T09:20:28.102-0400] {dag.py:3696} INFO - Setting next_dagrun for example_short_circuit_decorator to 2023-09-22T13:20:28.102819+00:00, run_after=2023-09-23T13:20:28.102819+00:00
[2023-09-23T09:20:28.128-0400] {processor.py:179} INFO - Processing /home/beau/airflow/py_env/lib/python3.10/site-packages/airflow/example_dags/example_short_circuit_decorator.py took 0.075 seconds
[2023-09-23T09:21:09.103-0400] {processor.py:157} INFO - Started process (PID=17933) to work on /home/beau/airflow/py_env/lib/python3.10/site-packages/airflow/example_dags/example_short_circuit_decorator.py
[2023-09-23T09:21:09.107-0400] {processor.py:829} INFO - Processing file /home/beau/airflow/py_env/lib/python3.10/site-packages/airflow/example_dags/example_short_circuit_decorator.py for tasks to queue
[2023-09-23T09:21:09.108-0400] {logging_mixin.py:151} INFO - [2023-09-23T09:21:09.108-0400] {dagbag.py:539} INFO - Filling up the DagBag from /home/beau/airflow/py_env/lib/python3.10/site-packages/airflow/example_dags/example_short_circuit_decorator.py
[2023-09-23T09:21:09.121-0400] {processor.py:839} INFO - DAG(s) dict_keys(['example_short_circuit_decorator']) retrieved from /home/beau/airflow/py_env/lib/python3.10/site-packages/airflow/example_dags/example_short_circuit_decorator.py
[2023-09-23T09:21:09.137-0400] {logging_mixin.py:151} INFO - [2023-09-23T09:21:09.137-0400] {dag.py:2915} INFO - Sync 1 DAGs
[2023-09-23T09:21:09.154-0400] {logging_mixin.py:151} INFO - [2023-09-23T09:21:09.154-0400] {dag.py:3696} INFO - Setting next_dagrun for example_short_circuit_decorator to 2023-09-22T13:21:09.154058+00:00, run_after=2023-09-23T13:21:09.154058+00:00
[2023-09-23T09:21:09.179-0400] {processor.py:179} INFO - Processing /home/beau/airflow/py_env/lib/python3.10/site-packages/airflow/example_dags/example_short_circuit_decorator.py took 0.080 seconds
[2023-09-23T09:23:40.293-0400] {processor.py:157} INFO - Started process (PID=19294) to work on /home/beau/airflow/py_env/lib/python3.10/site-packages/airflow/example_dags/example_short_circuit_decorator.py
[2023-09-23T09:23:40.297-0400] {processor.py:829} INFO - Processing file /home/beau/airflow/py_env/lib/python3.10/site-packages/airflow/example_dags/example_short_circuit_decorator.py for tasks to queue
[2023-09-23T09:23:40.299-0400] {logging_mixin.py:151} INFO - [2023-09-23T09:23:40.298-0400] {dagbag.py:539} INFO - Filling up the DagBag from /home/beau/airflow/py_env/lib/python3.10/site-packages/airflow/example_dags/example_short_circuit_decorator.py
[2023-09-23T09:23:40.315-0400] {processor.py:839} INFO - DAG(s) dict_keys(['example_short_circuit_decorator']) retrieved from /home/beau/airflow/py_env/lib/python3.10/site-packages/airflow/example_dags/example_short_circuit_decorator.py
[2023-09-23T09:23:40.326-0400] {logging_mixin.py:151} INFO - [2023-09-23T09:23:40.325-0400] {dag.py:2915} INFO - Sync 1 DAGs
[2023-09-23T09:23:40.346-0400] {logging_mixin.py:151} INFO - [2023-09-23T09:23:40.346-0400] {dag.py:3696} INFO - Setting next_dagrun for example_short_circuit_decorator to 2023-09-22T13:23:40.345970+00:00, run_after=2023-09-23T13:23:40.345970+00:00
[2023-09-23T09:23:40.370-0400] {processor.py:179} INFO - Processing /home/beau/airflow/py_env/lib/python3.10/site-packages/airflow/example_dags/example_short_circuit_decorator.py took 0.086 seconds
[2023-09-23T09:24:28.043-0400] {processor.py:157} INFO - Started process (PID=19476) to work on /home/beau/airflow/py_env/lib/python3.10/site-packages/airflow/example_dags/example_short_circuit_decorator.py
[2023-09-23T09:24:28.048-0400] {processor.py:829} INFO - Processing file /home/beau/airflow/py_env/lib/python3.10/site-packages/airflow/example_dags/example_short_circuit_decorator.py for tasks to queue
[2023-09-23T09:24:28.050-0400] {logging_mixin.py:151} INFO - [2023-09-23T09:24:28.049-0400] {dagbag.py:539} INFO - Filling up the DagBag from /home/beau/airflow/py_env/lib/python3.10/site-packages/airflow/example_dags/example_short_circuit_decorator.py
[2023-09-23T09:24:28.061-0400] {processor.py:839} INFO - DAG(s) dict_keys(['example_short_circuit_decorator']) retrieved from /home/beau/airflow/py_env/lib/python3.10/site-packages/airflow/example_dags/example_short_circuit_decorator.py
[2023-09-23T09:24:28.076-0400] {logging_mixin.py:151} INFO - [2023-09-23T09:24:28.076-0400] {dag.py:2915} INFO - Sync 1 DAGs
[2023-09-23T09:24:28.093-0400] {logging_mixin.py:151} INFO - [2023-09-23T09:24:28.092-0400] {dag.py:3696} INFO - Setting next_dagrun for example_short_circuit_decorator to 2023-09-22T13:24:28.092653+00:00, run_after=2023-09-23T13:24:28.092653+00:00
[2023-09-23T09:24:28.116-0400] {processor.py:179} INFO - Processing /home/beau/airflow/py_env/lib/python3.10/site-packages/airflow/example_dags/example_short_circuit_decorator.py took 0.078 seconds
[2023-09-23T09:25:14.836-0400] {processor.py:157} INFO - Started process (PID=19767) to work on /home/beau/airflow/py_env/lib/python3.10/site-packages/airflow/example_dags/example_short_circuit_decorator.py
[2023-09-23T09:25:14.838-0400] {processor.py:829} INFO - Processing file /home/beau/airflow/py_env/lib/python3.10/site-packages/airflow/example_dags/example_short_circuit_decorator.py for tasks to queue
[2023-09-23T09:25:14.841-0400] {logging_mixin.py:151} INFO - [2023-09-23T09:25:14.840-0400] {dagbag.py:539} INFO - Filling up the DagBag from /home/beau/airflow/py_env/lib/python3.10/site-packages/airflow/example_dags/example_short_circuit_decorator.py
[2023-09-23T09:25:14.852-0400] {processor.py:839} INFO - DAG(s) dict_keys(['example_short_circuit_decorator']) retrieved from /home/beau/airflow/py_env/lib/python3.10/site-packages/airflow/example_dags/example_short_circuit_decorator.py
[2023-09-23T09:25:14.872-0400] {logging_mixin.py:151} INFO - [2023-09-23T09:25:14.872-0400] {dag.py:2915} INFO - Sync 1 DAGs
[2023-09-23T09:25:14.894-0400] {logging_mixin.py:151} INFO - [2023-09-23T09:25:14.894-0400] {dag.py:3696} INFO - Setting next_dagrun for example_short_circuit_decorator to 2023-09-22T13:25:14.893731+00:00, run_after=2023-09-23T13:25:14.893731+00:00
[2023-09-23T09:25:14.921-0400] {processor.py:179} INFO - Processing /home/beau/airflow/py_env/lib/python3.10/site-packages/airflow/example_dags/example_short_circuit_decorator.py took 0.088 seconds
[2023-09-23T09:26:06.772-0400] {processor.py:157} INFO - Started process (PID=20072) to work on /home/beau/airflow/py_env/lib/python3.10/site-packages/airflow/example_dags/example_short_circuit_decorator.py
[2023-09-23T09:26:06.777-0400] {processor.py:829} INFO - Processing file /home/beau/airflow/py_env/lib/python3.10/site-packages/airflow/example_dags/example_short_circuit_decorator.py for tasks to queue
[2023-09-23T09:26:06.779-0400] {logging_mixin.py:151} INFO - [2023-09-23T09:26:06.778-0400] {dagbag.py:539} INFO - Filling up the DagBag from /home/beau/airflow/py_env/lib/python3.10/site-packages/airflow/example_dags/example_short_circuit_decorator.py
[2023-09-23T09:26:06.793-0400] {processor.py:839} INFO - DAG(s) dict_keys(['example_short_circuit_decorator']) retrieved from /home/beau/airflow/py_env/lib/python3.10/site-packages/airflow/example_dags/example_short_circuit_decorator.py
[2023-09-23T09:26:06.810-0400] {logging_mixin.py:151} INFO - [2023-09-23T09:26:06.810-0400] {dag.py:2915} INFO - Sync 1 DAGs
[2023-09-23T09:26:06.828-0400] {logging_mixin.py:151} INFO - [2023-09-23T09:26:06.828-0400] {dag.py:3696} INFO - Setting next_dagrun for example_short_circuit_decorator to 2023-09-22T13:26:06.828140+00:00, run_after=2023-09-23T13:26:06.828140+00:00
[2023-09-23T09:26:06.851-0400] {processor.py:179} INFO - Processing /home/beau/airflow/py_env/lib/python3.10/site-packages/airflow/example_dags/example_short_circuit_decorator.py took 0.086 seconds
[2023-09-23T09:30:46.554-0400] {processor.py:157} INFO - Started process (PID=22412) to work on /home/beau/airflow/py_env/lib/python3.10/site-packages/airflow/example_dags/example_short_circuit_decorator.py
[2023-09-23T09:30:46.558-0400] {processor.py:829} INFO - Processing file /home/beau/airflow/py_env/lib/python3.10/site-packages/airflow/example_dags/example_short_circuit_decorator.py for tasks to queue
[2023-09-23T09:30:46.559-0400] {logging_mixin.py:151} INFO - [2023-09-23T09:30:46.559-0400] {dagbag.py:539} INFO - Filling up the DagBag from /home/beau/airflow/py_env/lib/python3.10/site-packages/airflow/example_dags/example_short_circuit_decorator.py
[2023-09-23T09:30:46.568-0400] {processor.py:839} INFO - DAG(s) dict_keys(['example_short_circuit_decorator']) retrieved from /home/beau/airflow/py_env/lib/python3.10/site-packages/airflow/example_dags/example_short_circuit_decorator.py
[2023-09-23T09:30:46.577-0400] {logging_mixin.py:151} INFO - [2023-09-23T09:30:46.577-0400] {dag.py:2915} INFO - Sync 1 DAGs
[2023-09-23T09:30:46.600-0400] {logging_mixin.py:151} INFO - [2023-09-23T09:30:46.600-0400] {dag.py:3696} INFO - Setting next_dagrun for example_short_circuit_decorator to 2023-09-22T13:30:46.600101+00:00, run_after=2023-09-23T13:30:46.600101+00:00
[2023-09-23T09:30:46.628-0400] {processor.py:179} INFO - Processing /home/beau/airflow/py_env/lib/python3.10/site-packages/airflow/example_dags/example_short_circuit_decorator.py took 0.077 seconds
[2023-09-23T09:36:47.680-0400] {processor.py:157} INFO - Started process (PID=964) to work on /home/beau/airflow/py_env/lib/python3.10/site-packages/airflow/example_dags/example_short_circuit_decorator.py
[2023-09-23T09:36:47.681-0400] {processor.py:829} INFO - Processing file /home/beau/airflow/py_env/lib/python3.10/site-packages/airflow/example_dags/example_short_circuit_decorator.py for tasks to queue
[2023-09-23T09:36:47.682-0400] {logging_mixin.py:151} INFO - [2023-09-23T09:36:47.682-0400] {dagbag.py:539} INFO - Filling up the DagBag from /home/beau/airflow/py_env/lib/python3.10/site-packages/airflow/example_dags/example_short_circuit_decorator.py
[2023-09-23T09:36:47.689-0400] {processor.py:839} INFO - DAG(s) dict_keys(['example_short_circuit_decorator']) retrieved from /home/beau/airflow/py_env/lib/python3.10/site-packages/airflow/example_dags/example_short_circuit_decorator.py
[2023-09-23T09:36:47.695-0400] {logging_mixin.py:151} INFO - [2023-09-23T09:36:47.695-0400] {dag.py:2915} INFO - Sync 1 DAGs
[2023-09-23T09:36:47.713-0400] {logging_mixin.py:151} INFO - [2023-09-23T09:36:47.713-0400] {dag.py:3696} INFO - Setting next_dagrun for example_short_circuit_decorator to 2023-09-22T13:36:47.712861+00:00, run_after=2023-09-23T13:36:47.712861+00:00
[2023-09-23T09:36:47.736-0400] {processor.py:179} INFO - Processing /home/beau/airflow/py_env/lib/python3.10/site-packages/airflow/example_dags/example_short_circuit_decorator.py took 0.058 seconds
[2023-09-23T09:37:34.109-0400] {processor.py:157} INFO - Started process (PID=1577) to work on /home/beau/airflow/py_env/lib/python3.10/site-packages/airflow/example_dags/example_short_circuit_decorator.py
[2023-09-23T09:37:34.111-0400] {processor.py:829} INFO - Processing file /home/beau/airflow/py_env/lib/python3.10/site-packages/airflow/example_dags/example_short_circuit_decorator.py for tasks to queue
[2023-09-23T09:37:34.112-0400] {logging_mixin.py:151} INFO - [2023-09-23T09:37:34.112-0400] {dagbag.py:539} INFO - Filling up the DagBag from /home/beau/airflow/py_env/lib/python3.10/site-packages/airflow/example_dags/example_short_circuit_decorator.py
[2023-09-23T09:37:34.124-0400] {processor.py:839} INFO - DAG(s) dict_keys(['example_short_circuit_decorator']) retrieved from /home/beau/airflow/py_env/lib/python3.10/site-packages/airflow/example_dags/example_short_circuit_decorator.py
[2023-09-23T09:37:34.139-0400] {logging_mixin.py:151} INFO - [2023-09-23T09:37:34.138-0400] {dag.py:2915} INFO - Sync 1 DAGs
[2023-09-23T09:37:34.154-0400] {logging_mixin.py:151} INFO - [2023-09-23T09:37:34.154-0400] {dag.py:3696} INFO - Setting next_dagrun for example_short_circuit_decorator to 2023-09-22T13:37:34.153990+00:00, run_after=2023-09-23T13:37:34.153990+00:00
[2023-09-23T09:37:34.175-0400] {processor.py:179} INFO - Processing /home/beau/airflow/py_env/lib/python3.10/site-packages/airflow/example_dags/example_short_circuit_decorator.py took 0.069 seconds
[2023-09-23T09:38:20.239-0400] {processor.py:157} INFO - Started process (PID=2182) to work on /home/beau/airflow/py_env/lib/python3.10/site-packages/airflow/example_dags/example_short_circuit_decorator.py
[2023-09-23T09:38:20.241-0400] {processor.py:829} INFO - Processing file /home/beau/airflow/py_env/lib/python3.10/site-packages/airflow/example_dags/example_short_circuit_decorator.py for tasks to queue
[2023-09-23T09:38:20.242-0400] {logging_mixin.py:151} INFO - [2023-09-23T09:38:20.241-0400] {dagbag.py:539} INFO - Filling up the DagBag from /home/beau/airflow/py_env/lib/python3.10/site-packages/airflow/example_dags/example_short_circuit_decorator.py
[2023-09-23T09:38:20.253-0400] {processor.py:839} INFO - DAG(s) dict_keys(['example_short_circuit_decorator']) retrieved from /home/beau/airflow/py_env/lib/python3.10/site-packages/airflow/example_dags/example_short_circuit_decorator.py
[2023-09-23T09:38:20.274-0400] {logging_mixin.py:151} INFO - [2023-09-23T09:38:20.274-0400] {dag.py:2915} INFO - Sync 1 DAGs
[2023-09-23T09:38:20.297-0400] {logging_mixin.py:151} INFO - [2023-09-23T09:38:20.297-0400] {dag.py:3696} INFO - Setting next_dagrun for example_short_circuit_decorator to 2023-09-22T13:38:20.296826+00:00, run_after=2023-09-23T13:38:20.296826+00:00
[2023-09-23T09:38:20.324-0400] {processor.py:179} INFO - Processing /home/beau/airflow/py_env/lib/python3.10/site-packages/airflow/example_dags/example_short_circuit_decorator.py took 0.088 seconds
[2023-09-23T09:39:07.062-0400] {processor.py:157} INFO - Started process (PID=2547) to work on /home/beau/airflow/py_env/lib/python3.10/site-packages/airflow/example_dags/example_short_circuit_decorator.py
[2023-09-23T09:39:07.064-0400] {processor.py:829} INFO - Processing file /home/beau/airflow/py_env/lib/python3.10/site-packages/airflow/example_dags/example_short_circuit_decorator.py for tasks to queue
[2023-09-23T09:39:07.066-0400] {logging_mixin.py:151} INFO - [2023-09-23T09:39:07.065-0400] {dagbag.py:539} INFO - Filling up the DagBag from /home/beau/airflow/py_env/lib/python3.10/site-packages/airflow/example_dags/example_short_circuit_decorator.py
[2023-09-23T09:39:07.077-0400] {processor.py:839} INFO - DAG(s) dict_keys(['example_short_circuit_decorator']) retrieved from /home/beau/airflow/py_env/lib/python3.10/site-packages/airflow/example_dags/example_short_circuit_decorator.py
[2023-09-23T09:39:07.093-0400] {logging_mixin.py:151} INFO - [2023-09-23T09:39:07.093-0400] {dag.py:2915} INFO - Sync 1 DAGs
[2023-09-23T09:39:07.109-0400] {logging_mixin.py:151} INFO - [2023-09-23T09:39:07.109-0400] {dag.py:3696} INFO - Setting next_dagrun for example_short_circuit_decorator to 2023-09-22T13:39:07.109172+00:00, run_after=2023-09-23T13:39:07.109172+00:00
[2023-09-23T09:39:07.140-0400] {processor.py:179} INFO - Processing /home/beau/airflow/py_env/lib/python3.10/site-packages/airflow/example_dags/example_short_circuit_decorator.py took 0.081 seconds
[2023-09-23T09:39:58.143-0400] {processor.py:157} INFO - Started process (PID=3306) to work on /home/beau/airflow/py_env/lib/python3.10/site-packages/airflow/example_dags/example_short_circuit_decorator.py
[2023-09-23T09:39:58.146-0400] {processor.py:829} INFO - Processing file /home/beau/airflow/py_env/lib/python3.10/site-packages/airflow/example_dags/example_short_circuit_decorator.py for tasks to queue
[2023-09-23T09:39:58.147-0400] {logging_mixin.py:151} INFO - [2023-09-23T09:39:58.147-0400] {dagbag.py:539} INFO - Filling up the DagBag from /home/beau/airflow/py_env/lib/python3.10/site-packages/airflow/example_dags/example_short_circuit_decorator.py
[2023-09-23T09:39:58.155-0400] {processor.py:839} INFO - DAG(s) dict_keys(['example_short_circuit_decorator']) retrieved from /home/beau/airflow/py_env/lib/python3.10/site-packages/airflow/example_dags/example_short_circuit_decorator.py
[2023-09-23T09:39:58.169-0400] {logging_mixin.py:151} INFO - [2023-09-23T09:39:58.169-0400] {dag.py:2915} INFO - Sync 1 DAGs
[2023-09-23T09:39:58.184-0400] {logging_mixin.py:151} INFO - [2023-09-23T09:39:58.184-0400] {dag.py:3696} INFO - Setting next_dagrun for example_short_circuit_decorator to 2023-09-22T13:39:58.184151+00:00, run_after=2023-09-23T13:39:58.184151+00:00
[2023-09-23T09:39:58.205-0400] {processor.py:179} INFO - Processing /home/beau/airflow/py_env/lib/python3.10/site-packages/airflow/example_dags/example_short_circuit_decorator.py took 0.068 seconds
