[2023-09-23T09:06:17.180-0400] {processor.py:157} INFO - Started process (PID=11335) to work on /home/beau/airflow/py_env/lib/python3.10/site-packages/airflow/example_dags/example_skip_dag.py
[2023-09-23T09:06:17.182-0400] {processor.py:829} INFO - Processing file /home/beau/airflow/py_env/lib/python3.10/site-packages/airflow/example_dags/example_skip_dag.py for tasks to queue
[2023-09-23T09:06:17.183-0400] {logging_mixin.py:151} INFO - [2023-09-23T09:06:17.183-0400] {dagbag.py:539} INFO - Filling up the DagBag from /home/beau/airflow/py_env/lib/python3.10/site-packages/airflow/example_dags/example_skip_dag.py
[2023-09-23T09:06:17.192-0400] {processor.py:839} INFO - DAG(s) dict_keys(['example_skip_dag']) retrieved from /home/beau/airflow/py_env/lib/python3.10/site-packages/airflow/example_dags/example_skip_dag.py
[2023-09-23T09:06:17.294-0400] {logging_mixin.py:151} INFO - [2023-09-23T09:06:17.293-0400] {manager.py:499} INFO - Created Permission View: %s
[2023-09-23T09:06:17.308-0400] {logging_mixin.py:151} INFO - [2023-09-23T09:06:17.308-0400] {manager.py:499} INFO - Created Permission View: %s
[2023-09-23T09:06:17.320-0400] {logging_mixin.py:151} INFO - [2023-09-23T09:06:17.320-0400] {manager.py:499} INFO - Created Permission View: %s
[2023-09-23T09:06:17.320-0400] {logging_mixin.py:151} INFO - [2023-09-23T09:06:17.320-0400] {security.py:708} INFO - Not syncing DAG-level permissions for DAG 'DAG:example_skip_dag' as access control is unset.
[2023-09-23T09:06:17.321-0400] {logging_mixin.py:151} INFO - [2023-09-23T09:06:17.321-0400] {dag.py:2915} INFO - Sync 1 DAGs
[2023-09-23T09:06:17.329-0400] {logging_mixin.py:151} INFO - [2023-09-23T09:06:17.329-0400] {dag.py:2937} INFO - Creating ORM DAG for example_skip_dag
[2023-09-23T09:06:17.337-0400] {logging_mixin.py:151} INFO - [2023-09-23T09:06:17.337-0400] {dag.py:3696} INFO - Setting next_dagrun for example_skip_dag to 2023-09-22T13:06:17.337196+00:00, run_after=2023-09-23T13:06:17.337196+00:00
[2023-09-23T09:06:17.359-0400] {processor.py:179} INFO - Processing /home/beau/airflow/py_env/lib/python3.10/site-packages/airflow/example_dags/example_skip_dag.py took 0.185 seconds
[2023-09-23T09:07:08.909-0400] {processor.py:157} INFO - Started process (PID=11817) to work on /home/beau/airflow/py_env/lib/python3.10/site-packages/airflow/example_dags/example_skip_dag.py
[2023-09-23T09:07:08.913-0400] {processor.py:829} INFO - Processing file /home/beau/airflow/py_env/lib/python3.10/site-packages/airflow/example_dags/example_skip_dag.py for tasks to queue
[2023-09-23T09:07:08.915-0400] {logging_mixin.py:151} INFO - [2023-09-23T09:07:08.914-0400] {dagbag.py:539} INFO - Filling up the DagBag from /home/beau/airflow/py_env/lib/python3.10/site-packages/airflow/example_dags/example_skip_dag.py
[2023-09-23T09:07:08.930-0400] {processor.py:839} INFO - DAG(s) dict_keys(['example_skip_dag']) retrieved from /home/beau/airflow/py_env/lib/python3.10/site-packages/airflow/example_dags/example_skip_dag.py
[2023-09-23T09:07:08.944-0400] {logging_mixin.py:151} INFO - [2023-09-23T09:07:08.944-0400] {dag.py:2915} INFO - Sync 1 DAGs
[2023-09-23T09:07:08.959-0400] {logging_mixin.py:151} INFO - [2023-09-23T09:07:08.959-0400] {dag.py:3696} INFO - Setting next_dagrun for example_skip_dag to 2023-09-22T13:07:08.959174+00:00, run_after=2023-09-23T13:07:08.959174+00:00
[2023-09-23T09:07:08.984-0400] {processor.py:179} INFO - Processing /home/beau/airflow/py_env/lib/python3.10/site-packages/airflow/example_dags/example_skip_dag.py took 0.082 seconds
[2023-09-23T09:07:55.627-0400] {processor.py:157} INFO - Started process (PID=12055) to work on /home/beau/airflow/py_env/lib/python3.10/site-packages/airflow/example_dags/example_skip_dag.py
[2023-09-23T09:07:55.632-0400] {processor.py:829} INFO - Processing file /home/beau/airflow/py_env/lib/python3.10/site-packages/airflow/example_dags/example_skip_dag.py for tasks to queue
[2023-09-23T09:07:55.633-0400] {logging_mixin.py:151} INFO - [2023-09-23T09:07:55.633-0400] {dagbag.py:539} INFO - Filling up the DagBag from /home/beau/airflow/py_env/lib/python3.10/site-packages/airflow/example_dags/example_skip_dag.py
[2023-09-23T09:07:55.643-0400] {processor.py:839} INFO - DAG(s) dict_keys(['example_skip_dag']) retrieved from /home/beau/airflow/py_env/lib/python3.10/site-packages/airflow/example_dags/example_skip_dag.py
[2023-09-23T09:07:55.656-0400] {logging_mixin.py:151} INFO - [2023-09-23T09:07:55.656-0400] {dag.py:2915} INFO - Sync 1 DAGs
[2023-09-23T09:07:55.671-0400] {logging_mixin.py:151} INFO - [2023-09-23T09:07:55.671-0400] {dag.py:3696} INFO - Setting next_dagrun for example_skip_dag to 2023-09-22T13:07:55.671336+00:00, run_after=2023-09-23T13:07:55.671336+00:00
[2023-09-23T09:07:55.693-0400] {processor.py:179} INFO - Processing /home/beau/airflow/py_env/lib/python3.10/site-packages/airflow/example_dags/example_skip_dag.py took 0.071 seconds
[2023-09-23T09:08:32.915-0400] {processor.py:157} INFO - Started process (PID=12262) to work on /home/beau/airflow/py_env/lib/python3.10/site-packages/airflow/example_dags/example_skip_dag.py
[2023-09-23T09:08:32.919-0400] {processor.py:829} INFO - Processing file /home/beau/airflow/py_env/lib/python3.10/site-packages/airflow/example_dags/example_skip_dag.py for tasks to queue
[2023-09-23T09:08:32.921-0400] {logging_mixin.py:151} INFO - [2023-09-23T09:08:32.920-0400] {dagbag.py:539} INFO - Filling up the DagBag from /home/beau/airflow/py_env/lib/python3.10/site-packages/airflow/example_dags/example_skip_dag.py
[2023-09-23T09:08:32.933-0400] {processor.py:839} INFO - DAG(s) dict_keys(['example_skip_dag']) retrieved from /home/beau/airflow/py_env/lib/python3.10/site-packages/airflow/example_dags/example_skip_dag.py
[2023-09-23T09:08:32.948-0400] {logging_mixin.py:151} INFO - [2023-09-23T09:08:32.948-0400] {dag.py:2915} INFO - Sync 1 DAGs
[2023-09-23T09:08:32.963-0400] {logging_mixin.py:151} INFO - [2023-09-23T09:08:32.963-0400] {dag.py:3696} INFO - Setting next_dagrun for example_skip_dag to 2023-09-22T13:08:32.962975+00:00, run_after=2023-09-23T13:08:32.962975+00:00
[2023-09-23T09:08:32.985-0400] {processor.py:179} INFO - Processing /home/beau/airflow/py_env/lib/python3.10/site-packages/airflow/example_dags/example_skip_dag.py took 0.076 seconds
[2023-09-23T09:09:07.954-0400] {processor.py:157} INFO - Started process (PID=12705) to work on /home/beau/airflow/py_env/lib/python3.10/site-packages/airflow/example_dags/example_skip_dag.py
[2023-09-23T09:09:07.957-0400] {processor.py:829} INFO - Processing file /home/beau/airflow/py_env/lib/python3.10/site-packages/airflow/example_dags/example_skip_dag.py for tasks to queue
[2023-09-23T09:09:07.958-0400] {logging_mixin.py:151} INFO - [2023-09-23T09:09:07.958-0400] {dagbag.py:539} INFO - Filling up the DagBag from /home/beau/airflow/py_env/lib/python3.10/site-packages/airflow/example_dags/example_skip_dag.py
[2023-09-23T09:09:07.966-0400] {processor.py:839} INFO - DAG(s) dict_keys(['example_skip_dag']) retrieved from /home/beau/airflow/py_env/lib/python3.10/site-packages/airflow/example_dags/example_skip_dag.py
[2023-09-23T09:09:07.980-0400] {logging_mixin.py:151} INFO - [2023-09-23T09:09:07.980-0400] {dag.py:2915} INFO - Sync 1 DAGs
[2023-09-23T09:09:07.997-0400] {logging_mixin.py:151} INFO - [2023-09-23T09:09:07.996-0400] {dag.py:3696} INFO - Setting next_dagrun for example_skip_dag to 2023-09-22T13:09:07.996815+00:00, run_after=2023-09-23T13:09:07.996815+00:00
[2023-09-23T09:09:08.020-0400] {processor.py:179} INFO - Processing /home/beau/airflow/py_env/lib/python3.10/site-packages/airflow/example_dags/example_skip_dag.py took 0.069 seconds
[2023-09-23T09:09:55.808-0400] {processor.py:157} INFO - Started process (PID=12887) to work on /home/beau/airflow/py_env/lib/python3.10/site-packages/airflow/example_dags/example_skip_dag.py
[2023-09-23T09:09:55.812-0400] {processor.py:829} INFO - Processing file /home/beau/airflow/py_env/lib/python3.10/site-packages/airflow/example_dags/example_skip_dag.py for tasks to queue
[2023-09-23T09:09:55.813-0400] {logging_mixin.py:151} INFO - [2023-09-23T09:09:55.813-0400] {dagbag.py:539} INFO - Filling up the DagBag from /home/beau/airflow/py_env/lib/python3.10/site-packages/airflow/example_dags/example_skip_dag.py
[2023-09-23T09:09:55.823-0400] {processor.py:839} INFO - DAG(s) dict_keys(['example_skip_dag']) retrieved from /home/beau/airflow/py_env/lib/python3.10/site-packages/airflow/example_dags/example_skip_dag.py
[2023-09-23T09:09:55.840-0400] {logging_mixin.py:151} INFO - [2023-09-23T09:09:55.839-0400] {dag.py:2915} INFO - Sync 1 DAGs
[2023-09-23T09:09:55.855-0400] {logging_mixin.py:151} INFO - [2023-09-23T09:09:55.855-0400] {dag.py:3696} INFO - Setting next_dagrun for example_skip_dag to 2023-09-22T13:09:55.855028+00:00, run_after=2023-09-23T13:09:55.855028+00:00
[2023-09-23T09:09:55.880-0400] {processor.py:179} INFO - Processing /home/beau/airflow/py_env/lib/python3.10/site-packages/airflow/example_dags/example_skip_dag.py took 0.076 seconds
[2023-09-23T09:10:43.946-0400] {processor.py:157} INFO - Started process (PID=13134) to work on /home/beau/airflow/py_env/lib/python3.10/site-packages/airflow/example_dags/example_skip_dag.py
[2023-09-23T09:10:43.951-0400] {processor.py:829} INFO - Processing file /home/beau/airflow/py_env/lib/python3.10/site-packages/airflow/example_dags/example_skip_dag.py for tasks to queue
[2023-09-23T09:10:43.953-0400] {logging_mixin.py:151} INFO - [2023-09-23T09:10:43.952-0400] {dagbag.py:539} INFO - Filling up the DagBag from /home/beau/airflow/py_env/lib/python3.10/site-packages/airflow/example_dags/example_skip_dag.py
[2023-09-23T09:10:43.964-0400] {processor.py:839} INFO - DAG(s) dict_keys(['example_skip_dag']) retrieved from /home/beau/airflow/py_env/lib/python3.10/site-packages/airflow/example_dags/example_skip_dag.py
[2023-09-23T09:10:43.985-0400] {logging_mixin.py:151} INFO - [2023-09-23T09:10:43.985-0400] {dag.py:2915} INFO - Sync 1 DAGs
[2023-09-23T09:10:44.004-0400] {logging_mixin.py:151} INFO - [2023-09-23T09:10:44.004-0400] {dag.py:3696} INFO - Setting next_dagrun for example_skip_dag to 2023-09-22T13:10:44.004244+00:00, run_after=2023-09-23T13:10:44.004244+00:00
[2023-09-23T09:10:44.036-0400] {processor.py:179} INFO - Processing /home/beau/airflow/py_env/lib/python3.10/site-packages/airflow/example_dags/example_skip_dag.py took 0.098 seconds
[2023-09-23T09:11:33.295-0400] {processor.py:157} INFO - Started process (PID=13639) to work on /home/beau/airflow/py_env/lib/python3.10/site-packages/airflow/example_dags/example_skip_dag.py
[2023-09-23T09:11:33.299-0400] {processor.py:829} INFO - Processing file /home/beau/airflow/py_env/lib/python3.10/site-packages/airflow/example_dags/example_skip_dag.py for tasks to queue
[2023-09-23T09:11:33.300-0400] {logging_mixin.py:151} INFO - [2023-09-23T09:11:33.300-0400] {dagbag.py:539} INFO - Filling up the DagBag from /home/beau/airflow/py_env/lib/python3.10/site-packages/airflow/example_dags/example_skip_dag.py
[2023-09-23T09:11:33.306-0400] {processor.py:839} INFO - DAG(s) dict_keys(['example_skip_dag']) retrieved from /home/beau/airflow/py_env/lib/python3.10/site-packages/airflow/example_dags/example_skip_dag.py
[2023-09-23T09:11:33.320-0400] {logging_mixin.py:151} INFO - [2023-09-23T09:11:33.320-0400] {dag.py:2915} INFO - Sync 1 DAGs
[2023-09-23T09:11:33.357-0400] {logging_mixin.py:151} INFO - [2023-09-23T09:11:33.357-0400] {dag.py:3696} INFO - Setting next_dagrun for example_skip_dag to 2023-09-22T13:11:33.356605+00:00, run_after=2023-09-23T13:11:33.356605+00:00
[2023-09-23T09:11:33.383-0400] {processor.py:179} INFO - Processing /home/beau/airflow/py_env/lib/python3.10/site-packages/airflow/example_dags/example_skip_dag.py took 0.090 seconds
[2023-09-23T09:12:21.867-0400] {processor.py:157} INFO - Started process (PID=13989) to work on /home/beau/airflow/py_env/lib/python3.10/site-packages/airflow/example_dags/example_skip_dag.py
[2023-09-23T09:12:21.871-0400] {processor.py:829} INFO - Processing file /home/beau/airflow/py_env/lib/python3.10/site-packages/airflow/example_dags/example_skip_dag.py for tasks to queue
[2023-09-23T09:12:21.871-0400] {logging_mixin.py:151} INFO - [2023-09-23T09:12:21.871-0400] {dagbag.py:539} INFO - Filling up the DagBag from /home/beau/airflow/py_env/lib/python3.10/site-packages/airflow/example_dags/example_skip_dag.py
[2023-09-23T09:12:21.879-0400] {processor.py:839} INFO - DAG(s) dict_keys(['example_skip_dag']) retrieved from /home/beau/airflow/py_env/lib/python3.10/site-packages/airflow/example_dags/example_skip_dag.py
[2023-09-23T09:12:21.895-0400] {logging_mixin.py:151} INFO - [2023-09-23T09:12:21.894-0400] {dag.py:2915} INFO - Sync 1 DAGs
[2023-09-23T09:12:21.912-0400] {logging_mixin.py:151} INFO - [2023-09-23T09:12:21.912-0400] {dag.py:3696} INFO - Setting next_dagrun for example_skip_dag to 2023-09-22T13:12:21.912380+00:00, run_after=2023-09-23T13:12:21.912380+00:00
[2023-09-23T09:12:21.938-0400] {processor.py:179} INFO - Processing /home/beau/airflow/py_env/lib/python3.10/site-packages/airflow/example_dags/example_skip_dag.py took 0.074 seconds
[2023-09-23T09:13:11.761-0400] {processor.py:157} INFO - Started process (PID=14552) to work on /home/beau/airflow/py_env/lib/python3.10/site-packages/airflow/example_dags/example_skip_dag.py
[2023-09-23T09:13:11.762-0400] {processor.py:829} INFO - Processing file /home/beau/airflow/py_env/lib/python3.10/site-packages/airflow/example_dags/example_skip_dag.py for tasks to queue
[2023-09-23T09:13:11.764-0400] {logging_mixin.py:151} INFO - [2023-09-23T09:13:11.763-0400] {dagbag.py:539} INFO - Filling up the DagBag from /home/beau/airflow/py_env/lib/python3.10/site-packages/airflow/example_dags/example_skip_dag.py
[2023-09-23T09:13:11.771-0400] {processor.py:839} INFO - DAG(s) dict_keys(['example_skip_dag']) retrieved from /home/beau/airflow/py_env/lib/python3.10/site-packages/airflow/example_dags/example_skip_dag.py
[2023-09-23T09:13:11.793-0400] {logging_mixin.py:151} INFO - [2023-09-23T09:13:11.793-0400] {dag.py:2915} INFO - Sync 1 DAGs
[2023-09-23T09:13:11.817-0400] {logging_mixin.py:151} INFO - [2023-09-23T09:13:11.817-0400] {dag.py:3696} INFO - Setting next_dagrun for example_skip_dag to 2023-09-22T13:13:11.816960+00:00, run_after=2023-09-23T13:13:11.816960+00:00
[2023-09-23T09:13:11.851-0400] {processor.py:179} INFO - Processing /home/beau/airflow/py_env/lib/python3.10/site-packages/airflow/example_dags/example_skip_dag.py took 0.093 seconds
[2023-09-23T09:14:01.912-0400] {processor.py:157} INFO - Started process (PID=14969) to work on /home/beau/airflow/py_env/lib/python3.10/site-packages/airflow/example_dags/example_skip_dag.py
[2023-09-23T09:14:01.916-0400] {processor.py:829} INFO - Processing file /home/beau/airflow/py_env/lib/python3.10/site-packages/airflow/example_dags/example_skip_dag.py for tasks to queue
[2023-09-23T09:14:01.917-0400] {logging_mixin.py:151} INFO - [2023-09-23T09:14:01.917-0400] {dagbag.py:539} INFO - Filling up the DagBag from /home/beau/airflow/py_env/lib/python3.10/site-packages/airflow/example_dags/example_skip_dag.py
[2023-09-23T09:14:01.924-0400] {processor.py:839} INFO - DAG(s) dict_keys(['example_skip_dag']) retrieved from /home/beau/airflow/py_env/lib/python3.10/site-packages/airflow/example_dags/example_skip_dag.py
[2023-09-23T09:14:01.938-0400] {logging_mixin.py:151} INFO - [2023-09-23T09:14:01.938-0400] {dag.py:2915} INFO - Sync 1 DAGs
[2023-09-23T09:14:01.956-0400] {logging_mixin.py:151} INFO - [2023-09-23T09:14:01.955-0400] {dag.py:3696} INFO - Setting next_dagrun for example_skip_dag to 2023-09-22T13:14:01.955631+00:00, run_after=2023-09-23T13:14:01.955631+00:00
[2023-09-23T09:14:01.980-0400] {processor.py:179} INFO - Processing /home/beau/airflow/py_env/lib/python3.10/site-packages/airflow/example_dags/example_skip_dag.py took 0.070 seconds
[2023-09-23T09:14:49.785-0400] {processor.py:157} INFO - Started process (PID=15279) to work on /home/beau/airflow/py_env/lib/python3.10/site-packages/airflow/example_dags/example_skip_dag.py
[2023-09-23T09:14:49.790-0400] {processor.py:829} INFO - Processing file /home/beau/airflow/py_env/lib/python3.10/site-packages/airflow/example_dags/example_skip_dag.py for tasks to queue
[2023-09-23T09:14:49.792-0400] {logging_mixin.py:151} INFO - [2023-09-23T09:14:49.791-0400] {dagbag.py:539} INFO - Filling up the DagBag from /home/beau/airflow/py_env/lib/python3.10/site-packages/airflow/example_dags/example_skip_dag.py
[2023-09-23T09:14:49.802-0400] {processor.py:839} INFO - DAG(s) dict_keys(['example_skip_dag']) retrieved from /home/beau/airflow/py_env/lib/python3.10/site-packages/airflow/example_dags/example_skip_dag.py
[2023-09-23T09:14:49.825-0400] {logging_mixin.py:151} INFO - [2023-09-23T09:14:49.824-0400] {dag.py:2915} INFO - Sync 1 DAGs
[2023-09-23T09:14:49.840-0400] {logging_mixin.py:151} INFO - [2023-09-23T09:14:49.840-0400] {dag.py:3696} INFO - Setting next_dagrun for example_skip_dag to 2023-09-22T13:14:49.840429+00:00, run_after=2023-09-23T13:14:49.840429+00:00
[2023-09-23T09:14:49.863-0400] {processor.py:179} INFO - Processing /home/beau/airflow/py_env/lib/python3.10/site-packages/airflow/example_dags/example_skip_dag.py took 0.086 seconds
[2023-09-23T09:17:21.061-0400] {processor.py:157} INFO - Started process (PID=16798) to work on /home/beau/airflow/py_env/lib/python3.10/site-packages/airflow/example_dags/example_skip_dag.py
[2023-09-23T09:17:21.065-0400] {processor.py:829} INFO - Processing file /home/beau/airflow/py_env/lib/python3.10/site-packages/airflow/example_dags/example_skip_dag.py for tasks to queue
[2023-09-23T09:17:21.066-0400] {logging_mixin.py:151} INFO - [2023-09-23T09:17:21.065-0400] {dagbag.py:539} INFO - Filling up the DagBag from /home/beau/airflow/py_env/lib/python3.10/site-packages/airflow/example_dags/example_skip_dag.py
[2023-09-23T09:17:21.076-0400] {processor.py:839} INFO - DAG(s) dict_keys(['example_skip_dag']) retrieved from /home/beau/airflow/py_env/lib/python3.10/site-packages/airflow/example_dags/example_skip_dag.py
[2023-09-23T09:17:21.087-0400] {logging_mixin.py:151} INFO - [2023-09-23T09:17:21.086-0400] {dag.py:2915} INFO - Sync 1 DAGs
[2023-09-23T09:17:21.107-0400] {logging_mixin.py:151} INFO - [2023-09-23T09:17:21.107-0400] {dag.py:3696} INFO - Setting next_dagrun for example_skip_dag to 2023-09-22T13:17:21.107135+00:00, run_after=2023-09-23T13:17:21.107135+00:00
[2023-09-23T09:17:21.135-0400] {processor.py:179} INFO - Processing /home/beau/airflow/py_env/lib/python3.10/site-packages/airflow/example_dags/example_skip_dag.py took 0.083 seconds
[2023-09-23T09:18:08.684-0400] {processor.py:157} INFO - Started process (PID=16985) to work on /home/beau/airflow/py_env/lib/python3.10/site-packages/airflow/example_dags/example_skip_dag.py
[2023-09-23T09:18:08.687-0400] {processor.py:829} INFO - Processing file /home/beau/airflow/py_env/lib/python3.10/site-packages/airflow/example_dags/example_skip_dag.py for tasks to queue
[2023-09-23T09:18:08.688-0400] {logging_mixin.py:151} INFO - [2023-09-23T09:18:08.688-0400] {dagbag.py:539} INFO - Filling up the DagBag from /home/beau/airflow/py_env/lib/python3.10/site-packages/airflow/example_dags/example_skip_dag.py
[2023-09-23T09:18:08.695-0400] {processor.py:839} INFO - DAG(s) dict_keys(['example_skip_dag']) retrieved from /home/beau/airflow/py_env/lib/python3.10/site-packages/airflow/example_dags/example_skip_dag.py
[2023-09-23T09:18:08.717-0400] {logging_mixin.py:151} INFO - [2023-09-23T09:18:08.716-0400] {dag.py:2915} INFO - Sync 1 DAGs
[2023-09-23T09:18:08.754-0400] {logging_mixin.py:151} INFO - [2023-09-23T09:18:08.754-0400] {dag.py:3696} INFO - Setting next_dagrun for example_skip_dag to 2023-09-22T13:18:08.754006+00:00, run_after=2023-09-23T13:18:08.754006+00:00
[2023-09-23T09:18:08.781-0400] {processor.py:179} INFO - Processing /home/beau/airflow/py_env/lib/python3.10/site-packages/airflow/example_dags/example_skip_dag.py took 0.099 seconds
[2023-09-23T09:18:55.593-0400] {processor.py:157} INFO - Started process (PID=17255) to work on /home/beau/airflow/py_env/lib/python3.10/site-packages/airflow/example_dags/example_skip_dag.py
[2023-09-23T09:18:55.597-0400] {processor.py:829} INFO - Processing file /home/beau/airflow/py_env/lib/python3.10/site-packages/airflow/example_dags/example_skip_dag.py for tasks to queue
[2023-09-23T09:18:55.599-0400] {logging_mixin.py:151} INFO - [2023-09-23T09:18:55.598-0400] {dagbag.py:539} INFO - Filling up the DagBag from /home/beau/airflow/py_env/lib/python3.10/site-packages/airflow/example_dags/example_skip_dag.py
[2023-09-23T09:18:55.611-0400] {processor.py:839} INFO - DAG(s) dict_keys(['example_skip_dag']) retrieved from /home/beau/airflow/py_env/lib/python3.10/site-packages/airflow/example_dags/example_skip_dag.py
[2023-09-23T09:18:55.642-0400] {logging_mixin.py:151} INFO - [2023-09-23T09:18:55.642-0400] {dag.py:2915} INFO - Sync 1 DAGs
[2023-09-23T09:18:55.684-0400] {logging_mixin.py:151} INFO - [2023-09-23T09:18:55.683-0400] {dag.py:3696} INFO - Setting next_dagrun for example_skip_dag to 2023-09-22T13:18:55.683648+00:00, run_after=2023-09-23T13:18:55.683648+00:00
[2023-09-23T09:18:55.717-0400] {processor.py:179} INFO - Processing /home/beau/airflow/py_env/lib/python3.10/site-packages/airflow/example_dags/example_skip_dag.py took 0.130 seconds
[2023-09-23T09:19:48.482-0400] {processor.py:157} INFO - Started process (PID=17543) to work on /home/beau/airflow/py_env/lib/python3.10/site-packages/airflow/example_dags/example_skip_dag.py
[2023-09-23T09:19:48.486-0400] {processor.py:829} INFO - Processing file /home/beau/airflow/py_env/lib/python3.10/site-packages/airflow/example_dags/example_skip_dag.py for tasks to queue
[2023-09-23T09:19:48.488-0400] {logging_mixin.py:151} INFO - [2023-09-23T09:19:48.487-0400] {dagbag.py:539} INFO - Filling up the DagBag from /home/beau/airflow/py_env/lib/python3.10/site-packages/airflow/example_dags/example_skip_dag.py
[2023-09-23T09:19:48.503-0400] {processor.py:839} INFO - DAG(s) dict_keys(['example_skip_dag']) retrieved from /home/beau/airflow/py_env/lib/python3.10/site-packages/airflow/example_dags/example_skip_dag.py
[2023-09-23T09:19:48.524-0400] {logging_mixin.py:151} INFO - [2023-09-23T09:19:48.524-0400] {dag.py:2915} INFO - Sync 1 DAGs
[2023-09-23T09:19:48.543-0400] {logging_mixin.py:151} INFO - [2023-09-23T09:19:48.543-0400] {dag.py:3696} INFO - Setting next_dagrun for example_skip_dag to 2023-09-22T13:19:48.543138+00:00, run_after=2023-09-23T13:19:48.543138+00:00
[2023-09-23T09:19:48.572-0400] {processor.py:179} INFO - Processing /home/beau/airflow/py_env/lib/python3.10/site-packages/airflow/example_dags/example_skip_dag.py took 0.098 seconds
[2023-09-23T09:20:27.668-0400] {processor.py:157} INFO - Started process (PID=17778) to work on /home/beau/airflow/py_env/lib/python3.10/site-packages/airflow/example_dags/example_skip_dag.py
[2023-09-23T09:20:27.672-0400] {processor.py:829} INFO - Processing file /home/beau/airflow/py_env/lib/python3.10/site-packages/airflow/example_dags/example_skip_dag.py for tasks to queue
[2023-09-23T09:20:27.674-0400] {logging_mixin.py:151} INFO - [2023-09-23T09:20:27.673-0400] {dagbag.py:539} INFO - Filling up the DagBag from /home/beau/airflow/py_env/lib/python3.10/site-packages/airflow/example_dags/example_skip_dag.py
[2023-09-23T09:20:27.680-0400] {processor.py:839} INFO - DAG(s) dict_keys(['example_skip_dag']) retrieved from /home/beau/airflow/py_env/lib/python3.10/site-packages/airflow/example_dags/example_skip_dag.py
[2023-09-23T09:20:27.695-0400] {logging_mixin.py:151} INFO - [2023-09-23T09:20:27.694-0400] {dag.py:2915} INFO - Sync 1 DAGs
[2023-09-23T09:20:27.711-0400] {logging_mixin.py:151} INFO - [2023-09-23T09:20:27.710-0400] {dag.py:3696} INFO - Setting next_dagrun for example_skip_dag to 2023-09-22T13:20:27.710722+00:00, run_after=2023-09-23T13:20:27.710722+00:00
[2023-09-23T09:20:27.736-0400] {processor.py:179} INFO - Processing /home/beau/airflow/py_env/lib/python3.10/site-packages/airflow/example_dags/example_skip_dag.py took 0.070 seconds
[2023-09-23T09:21:08.377-0400] {processor.py:157} INFO - Started process (PID=17932) to work on /home/beau/airflow/py_env/lib/python3.10/site-packages/airflow/example_dags/example_skip_dag.py
[2023-09-23T09:21:08.381-0400] {processor.py:829} INFO - Processing file /home/beau/airflow/py_env/lib/python3.10/site-packages/airflow/example_dags/example_skip_dag.py for tasks to queue
[2023-09-23T09:21:08.383-0400] {logging_mixin.py:151} INFO - [2023-09-23T09:21:08.382-0400] {dagbag.py:539} INFO - Filling up the DagBag from /home/beau/airflow/py_env/lib/python3.10/site-packages/airflow/example_dags/example_skip_dag.py
[2023-09-23T09:21:08.395-0400] {processor.py:839} INFO - DAG(s) dict_keys(['example_skip_dag']) retrieved from /home/beau/airflow/py_env/lib/python3.10/site-packages/airflow/example_dags/example_skip_dag.py
[2023-09-23T09:21:08.413-0400] {logging_mixin.py:151} INFO - [2023-09-23T09:21:08.413-0400] {dag.py:2915} INFO - Sync 1 DAGs
[2023-09-23T09:21:08.429-0400] {logging_mixin.py:151} INFO - [2023-09-23T09:21:08.429-0400] {dag.py:3696} INFO - Setting next_dagrun for example_skip_dag to 2023-09-22T13:21:08.429265+00:00, run_after=2023-09-23T13:21:08.429265+00:00
[2023-09-23T09:21:08.453-0400] {processor.py:179} INFO - Processing /home/beau/airflow/py_env/lib/python3.10/site-packages/airflow/example_dags/example_skip_dag.py took 0.080 seconds
[2023-09-23T09:23:39.097-0400] {processor.py:157} INFO - Started process (PID=19224) to work on /home/beau/airflow/py_env/lib/python3.10/site-packages/airflow/example_dags/example_skip_dag.py
[2023-09-23T09:23:39.100-0400] {processor.py:829} INFO - Processing file /home/beau/airflow/py_env/lib/python3.10/site-packages/airflow/example_dags/example_skip_dag.py for tasks to queue
[2023-09-23T09:23:39.101-0400] {logging_mixin.py:151} INFO - [2023-09-23T09:23:39.101-0400] {dagbag.py:539} INFO - Filling up the DagBag from /home/beau/airflow/py_env/lib/python3.10/site-packages/airflow/example_dags/example_skip_dag.py
[2023-09-23T09:23:39.112-0400] {processor.py:839} INFO - DAG(s) dict_keys(['example_skip_dag']) retrieved from /home/beau/airflow/py_env/lib/python3.10/site-packages/airflow/example_dags/example_skip_dag.py
[2023-09-23T09:23:39.119-0400] {logging_mixin.py:151} INFO - [2023-09-23T09:23:39.119-0400] {dag.py:2915} INFO - Sync 1 DAGs
[2023-09-23T09:23:39.141-0400] {logging_mixin.py:151} INFO - [2023-09-23T09:23:39.140-0400] {dag.py:3696} INFO - Setting next_dagrun for example_skip_dag to 2023-09-22T13:23:39.140622+00:00, run_after=2023-09-23T13:23:39.140622+00:00
[2023-09-23T09:23:39.164-0400] {processor.py:179} INFO - Processing /home/beau/airflow/py_env/lib/python3.10/site-packages/airflow/example_dags/example_skip_dag.py took 0.072 seconds
[2023-09-23T09:24:26.894-0400] {processor.py:157} INFO - Started process (PID=19475) to work on /home/beau/airflow/py_env/lib/python3.10/site-packages/airflow/example_dags/example_skip_dag.py
[2023-09-23T09:24:26.898-0400] {processor.py:829} INFO - Processing file /home/beau/airflow/py_env/lib/python3.10/site-packages/airflow/example_dags/example_skip_dag.py for tasks to queue
[2023-09-23T09:24:26.900-0400] {logging_mixin.py:151} INFO - [2023-09-23T09:24:26.899-0400] {dagbag.py:539} INFO - Filling up the DagBag from /home/beau/airflow/py_env/lib/python3.10/site-packages/airflow/example_dags/example_skip_dag.py
[2023-09-23T09:24:26.911-0400] {processor.py:839} INFO - DAG(s) dict_keys(['example_skip_dag']) retrieved from /home/beau/airflow/py_env/lib/python3.10/site-packages/airflow/example_dags/example_skip_dag.py
[2023-09-23T09:24:26.927-0400] {logging_mixin.py:151} INFO - [2023-09-23T09:24:26.927-0400] {dag.py:2915} INFO - Sync 1 DAGs
[2023-09-23T09:24:26.943-0400] {logging_mixin.py:151} INFO - [2023-09-23T09:24:26.943-0400] {dag.py:3696} INFO - Setting next_dagrun for example_skip_dag to 2023-09-22T13:24:26.943348+00:00, run_after=2023-09-23T13:24:26.943348+00:00
[2023-09-23T09:24:26.969-0400] {processor.py:179} INFO - Processing /home/beau/airflow/py_env/lib/python3.10/site-packages/airflow/example_dags/example_skip_dag.py took 0.080 seconds
[2023-09-23T09:25:13.698-0400] {processor.py:157} INFO - Started process (PID=19765) to work on /home/beau/airflow/py_env/lib/python3.10/site-packages/airflow/example_dags/example_skip_dag.py
[2023-09-23T09:25:13.701-0400] {processor.py:829} INFO - Processing file /home/beau/airflow/py_env/lib/python3.10/site-packages/airflow/example_dags/example_skip_dag.py for tasks to queue
[2023-09-23T09:25:13.702-0400] {logging_mixin.py:151} INFO - [2023-09-23T09:25:13.702-0400] {dagbag.py:539} INFO - Filling up the DagBag from /home/beau/airflow/py_env/lib/python3.10/site-packages/airflow/example_dags/example_skip_dag.py
[2023-09-23T09:25:13.711-0400] {processor.py:839} INFO - DAG(s) dict_keys(['example_skip_dag']) retrieved from /home/beau/airflow/py_env/lib/python3.10/site-packages/airflow/example_dags/example_skip_dag.py
[2023-09-23T09:25:13.727-0400] {logging_mixin.py:151} INFO - [2023-09-23T09:25:13.726-0400] {dag.py:2915} INFO - Sync 1 DAGs
[2023-09-23T09:25:13.746-0400] {logging_mixin.py:151} INFO - [2023-09-23T09:25:13.745-0400] {dag.py:3696} INFO - Setting next_dagrun for example_skip_dag to 2023-09-22T13:25:13.745785+00:00, run_after=2023-09-23T13:25:13.745785+00:00
[2023-09-23T09:25:13.769-0400] {processor.py:179} INFO - Processing /home/beau/airflow/py_env/lib/python3.10/site-packages/airflow/example_dags/example_skip_dag.py took 0.073 seconds
[2023-09-23T09:25:49.924-0400] {processor.py:157} INFO - Started process (PID=20007) to work on /home/beau/airflow/py_env/lib/python3.10/site-packages/airflow/example_dags/example_skip_dag.py
[2023-09-23T09:25:49.928-0400] {processor.py:829} INFO - Processing file /home/beau/airflow/py_env/lib/python3.10/site-packages/airflow/example_dags/example_skip_dag.py for tasks to queue
[2023-09-23T09:25:49.930-0400] {logging_mixin.py:151} INFO - [2023-09-23T09:25:49.929-0400] {dagbag.py:539} INFO - Filling up the DagBag from /home/beau/airflow/py_env/lib/python3.10/site-packages/airflow/example_dags/example_skip_dag.py
[2023-09-23T09:25:49.947-0400] {processor.py:839} INFO - DAG(s) dict_keys(['example_skip_dag']) retrieved from /home/beau/airflow/py_env/lib/python3.10/site-packages/airflow/example_dags/example_skip_dag.py
[2023-09-23T09:25:49.968-0400] {logging_mixin.py:151} INFO - [2023-09-23T09:25:49.968-0400] {dag.py:2915} INFO - Sync 1 DAGs
[2023-09-23T09:25:49.988-0400] {logging_mixin.py:151} INFO - [2023-09-23T09:25:49.988-0400] {dag.py:3696} INFO - Setting next_dagrun for example_skip_dag to 2023-09-22T13:25:49.987896+00:00, run_after=2023-09-23T13:25:49.987896+00:00
[2023-09-23T09:25:50.020-0400] {processor.py:179} INFO - Processing /home/beau/airflow/py_env/lib/python3.10/site-packages/airflow/example_dags/example_skip_dag.py took 0.099 seconds
[2023-09-23T09:30:45.309-0400] {processor.py:157} INFO - Started process (PID=22411) to work on /home/beau/airflow/py_env/lib/python3.10/site-packages/airflow/example_dags/example_skip_dag.py
[2023-09-23T09:30:45.316-0400] {processor.py:829} INFO - Processing file /home/beau/airflow/py_env/lib/python3.10/site-packages/airflow/example_dags/example_skip_dag.py for tasks to queue
[2023-09-23T09:30:45.319-0400] {logging_mixin.py:151} INFO - [2023-09-23T09:30:45.318-0400] {dagbag.py:539} INFO - Filling up the DagBag from /home/beau/airflow/py_env/lib/python3.10/site-packages/airflow/example_dags/example_skip_dag.py
[2023-09-23T09:30:45.339-0400] {processor.py:839} INFO - DAG(s) dict_keys(['example_skip_dag']) retrieved from /home/beau/airflow/py_env/lib/python3.10/site-packages/airflow/example_dags/example_skip_dag.py
[2023-09-23T09:30:45.356-0400] {logging_mixin.py:151} INFO - [2023-09-23T09:30:45.355-0400] {dag.py:2915} INFO - Sync 1 DAGs
[2023-09-23T09:30:45.377-0400] {logging_mixin.py:151} INFO - [2023-09-23T09:30:45.376-0400] {dag.py:3696} INFO - Setting next_dagrun for example_skip_dag to 2023-09-22T13:30:45.376798+00:00, run_after=2023-09-23T13:30:45.376798+00:00
[2023-09-23T09:30:45.406-0400] {processor.py:179} INFO - Processing /home/beau/airflow/py_env/lib/python3.10/site-packages/airflow/example_dags/example_skip_dag.py took 0.105 seconds
[2023-09-23T09:36:47.511-0400] {processor.py:157} INFO - Started process (PID=963) to work on /home/beau/airflow/py_env/lib/python3.10/site-packages/airflow/example_dags/example_skip_dag.py
[2023-09-23T09:36:47.512-0400] {processor.py:829} INFO - Processing file /home/beau/airflow/py_env/lib/python3.10/site-packages/airflow/example_dags/example_skip_dag.py for tasks to queue
[2023-09-23T09:36:47.513-0400] {logging_mixin.py:151} INFO - [2023-09-23T09:36:47.513-0400] {dagbag.py:539} INFO - Filling up the DagBag from /home/beau/airflow/py_env/lib/python3.10/site-packages/airflow/example_dags/example_skip_dag.py
[2023-09-23T09:36:47.520-0400] {processor.py:839} INFO - DAG(s) dict_keys(['example_skip_dag']) retrieved from /home/beau/airflow/py_env/lib/python3.10/site-packages/airflow/example_dags/example_skip_dag.py
[2023-09-23T09:36:47.527-0400] {logging_mixin.py:151} INFO - [2023-09-23T09:36:47.527-0400] {dag.py:2915} INFO - Sync 1 DAGs
[2023-09-23T09:36:47.545-0400] {logging_mixin.py:151} INFO - [2023-09-23T09:36:47.545-0400] {dag.py:3696} INFO - Setting next_dagrun for example_skip_dag to 2023-09-22T13:36:47.545172+00:00, run_after=2023-09-23T13:36:47.545172+00:00
[2023-09-23T09:36:47.568-0400] {processor.py:179} INFO - Processing /home/beau/airflow/py_env/lib/python3.10/site-packages/airflow/example_dags/example_skip_dag.py took 0.061 seconds
[2023-09-23T09:37:33.547-0400] {processor.py:157} INFO - Started process (PID=1574) to work on /home/beau/airflow/py_env/lib/python3.10/site-packages/airflow/example_dags/example_skip_dag.py
[2023-09-23T09:37:33.549-0400] {processor.py:829} INFO - Processing file /home/beau/airflow/py_env/lib/python3.10/site-packages/airflow/example_dags/example_skip_dag.py for tasks to queue
[2023-09-23T09:37:33.551-0400] {logging_mixin.py:151} INFO - [2023-09-23T09:37:33.550-0400] {dagbag.py:539} INFO - Filling up the DagBag from /home/beau/airflow/py_env/lib/python3.10/site-packages/airflow/example_dags/example_skip_dag.py
[2023-09-23T09:37:33.558-0400] {processor.py:839} INFO - DAG(s) dict_keys(['example_skip_dag']) retrieved from /home/beau/airflow/py_env/lib/python3.10/site-packages/airflow/example_dags/example_skip_dag.py
[2023-09-23T09:37:33.572-0400] {logging_mixin.py:151} INFO - [2023-09-23T09:37:33.572-0400] {dag.py:2915} INFO - Sync 1 DAGs
[2023-09-23T09:37:33.589-0400] {logging_mixin.py:151} INFO - [2023-09-23T09:37:33.589-0400] {dag.py:3696} INFO - Setting next_dagrun for example_skip_dag to 2023-09-22T13:37:33.588800+00:00, run_after=2023-09-23T13:37:33.588800+00:00
[2023-09-23T09:37:33.614-0400] {processor.py:179} INFO - Processing /home/beau/airflow/py_env/lib/python3.10/site-packages/airflow/example_dags/example_skip_dag.py took 0.072 seconds
[2023-09-23T09:38:19.088-0400] {processor.py:157} INFO - Started process (PID=2175) to work on /home/beau/airflow/py_env/lib/python3.10/site-packages/airflow/example_dags/example_skip_dag.py
[2023-09-23T09:38:19.090-0400] {processor.py:829} INFO - Processing file /home/beau/airflow/py_env/lib/python3.10/site-packages/airflow/example_dags/example_skip_dag.py for tasks to queue
[2023-09-23T09:38:19.091-0400] {logging_mixin.py:151} INFO - [2023-09-23T09:38:19.090-0400] {dagbag.py:539} INFO - Filling up the DagBag from /home/beau/airflow/py_env/lib/python3.10/site-packages/airflow/example_dags/example_skip_dag.py
[2023-09-23T09:38:19.101-0400] {processor.py:839} INFO - DAG(s) dict_keys(['example_skip_dag']) retrieved from /home/beau/airflow/py_env/lib/python3.10/site-packages/airflow/example_dags/example_skip_dag.py
[2023-09-23T09:38:19.120-0400] {logging_mixin.py:151} INFO - [2023-09-23T09:38:19.120-0400] {dag.py:2915} INFO - Sync 1 DAGs
[2023-09-23T09:38:19.137-0400] {logging_mixin.py:151} INFO - [2023-09-23T09:38:19.137-0400] {dag.py:3696} INFO - Setting next_dagrun for example_skip_dag to 2023-09-22T13:38:19.137391+00:00, run_after=2023-09-23T13:38:19.137391+00:00
[2023-09-23T09:38:19.167-0400] {processor.py:179} INFO - Processing /home/beau/airflow/py_env/lib/python3.10/site-packages/airflow/example_dags/example_skip_dag.py took 0.083 seconds
[2023-09-23T09:39:06.669-0400] {processor.py:157} INFO - Started process (PID=2511) to work on /home/beau/airflow/py_env/lib/python3.10/site-packages/airflow/example_dags/example_skip_dag.py
[2023-09-23T09:39:06.671-0400] {processor.py:829} INFO - Processing file /home/beau/airflow/py_env/lib/python3.10/site-packages/airflow/example_dags/example_skip_dag.py for tasks to queue
[2023-09-23T09:39:06.672-0400] {logging_mixin.py:151} INFO - [2023-09-23T09:39:06.671-0400] {dagbag.py:539} INFO - Filling up the DagBag from /home/beau/airflow/py_env/lib/python3.10/site-packages/airflow/example_dags/example_skip_dag.py
[2023-09-23T09:39:06.678-0400] {processor.py:839} INFO - DAG(s) dict_keys(['example_skip_dag']) retrieved from /home/beau/airflow/py_env/lib/python3.10/site-packages/airflow/example_dags/example_skip_dag.py
[2023-09-23T09:39:06.694-0400] {logging_mixin.py:151} INFO - [2023-09-23T09:39:06.693-0400] {dag.py:2915} INFO - Sync 1 DAGs
[2023-09-23T09:39:06.710-0400] {logging_mixin.py:151} INFO - [2023-09-23T09:39:06.710-0400] {dag.py:3696} INFO - Setting next_dagrun for example_skip_dag to 2023-09-22T13:39:06.709819+00:00, run_after=2023-09-23T13:39:06.709819+00:00
[2023-09-23T09:39:06.735-0400] {processor.py:179} INFO - Processing /home/beau/airflow/py_env/lib/python3.10/site-packages/airflow/example_dags/example_skip_dag.py took 0.071 seconds
[2023-09-23T09:39:56.994-0400] {processor.py:157} INFO - Started process (PID=3299) to work on /home/beau/airflow/py_env/lib/python3.10/site-packages/airflow/example_dags/example_skip_dag.py
[2023-09-23T09:39:56.997-0400] {processor.py:829} INFO - Processing file /home/beau/airflow/py_env/lib/python3.10/site-packages/airflow/example_dags/example_skip_dag.py for tasks to queue
[2023-09-23T09:39:56.999-0400] {logging_mixin.py:151} INFO - [2023-09-23T09:39:56.998-0400] {dagbag.py:539} INFO - Filling up the DagBag from /home/beau/airflow/py_env/lib/python3.10/site-packages/airflow/example_dags/example_skip_dag.py
[2023-09-23T09:39:57.010-0400] {processor.py:839} INFO - DAG(s) dict_keys(['example_skip_dag']) retrieved from /home/beau/airflow/py_env/lib/python3.10/site-packages/airflow/example_dags/example_skip_dag.py
[2023-09-23T09:39:57.027-0400] {logging_mixin.py:151} INFO - [2023-09-23T09:39:57.026-0400] {dag.py:2915} INFO - Sync 1 DAGs
[2023-09-23T09:39:57.040-0400] {logging_mixin.py:151} INFO - [2023-09-23T09:39:57.040-0400] {dag.py:3696} INFO - Setting next_dagrun for example_skip_dag to 2023-09-22T13:39:57.040388+00:00, run_after=2023-09-23T13:39:57.040388+00:00
[2023-09-23T09:39:57.062-0400] {processor.py:179} INFO - Processing /home/beau/airflow/py_env/lib/python3.10/site-packages/airflow/example_dags/example_skip_dag.py took 0.072 seconds
[2023-09-23T09:40:32.464-0400] {processor.py:157} INFO - Started process (PID=3619) to work on /home/beau/airflow/py_env/lib/python3.10/site-packages/airflow/example_dags/example_skip_dag.py
[2023-09-23T09:40:32.468-0400] {processor.py:829} INFO - Processing file /home/beau/airflow/py_env/lib/python3.10/site-packages/airflow/example_dags/example_skip_dag.py for tasks to queue
[2023-09-23T09:40:32.469-0400] {logging_mixin.py:151} INFO - [2023-09-23T09:40:32.469-0400] {dagbag.py:539} INFO - Filling up the DagBag from /home/beau/airflow/py_env/lib/python3.10/site-packages/airflow/example_dags/example_skip_dag.py
[2023-09-23T09:40:32.480-0400] {processor.py:839} INFO - DAG(s) dict_keys(['example_skip_dag']) retrieved from /home/beau/airflow/py_env/lib/python3.10/site-packages/airflow/example_dags/example_skip_dag.py
[2023-09-23T09:40:32.502-0400] {logging_mixin.py:151} INFO - [2023-09-23T09:40:32.502-0400] {dag.py:2915} INFO - Sync 1 DAGs
[2023-09-23T09:40:32.516-0400] {logging_mixin.py:151} INFO - [2023-09-23T09:40:32.516-0400] {dag.py:3696} INFO - Setting next_dagrun for example_skip_dag to 2023-09-22T13:40:32.516005+00:00, run_after=2023-09-23T13:40:32.516005+00:00
[2023-09-23T09:40:32.538-0400] {processor.py:179} INFO - Processing /home/beau/airflow/py_env/lib/python3.10/site-packages/airflow/example_dags/example_skip_dag.py took 0.079 seconds
