[2023-09-23T09:06:54.373-0400] {processor.py:157} INFO - Started process (PID=11636) to work on /home/beau/airflow/py_env/lib/python3.10/site-packages/airflow/example_dags/example_dynamic_task_mapping_with_no_taskflow_operators.py
[2023-09-23T09:06:54.375-0400] {processor.py:829} INFO - Processing file /home/beau/airflow/py_env/lib/python3.10/site-packages/airflow/example_dags/example_dynamic_task_mapping_with_no_taskflow_operators.py for tasks to queue
[2023-09-23T09:06:54.376-0400] {logging_mixin.py:151} INFO - [2023-09-23T09:06:54.376-0400] {dagbag.py:539} INFO - Filling up the DagBag from /home/beau/airflow/py_env/lib/python3.10/site-packages/airflow/example_dags/example_dynamic_task_mapping_with_no_taskflow_operators.py
[2023-09-23T09:06:54.391-0400] {processor.py:839} INFO - DAG(s) dict_keys(['example_dynamic_task_mapping_with_no_taskflow_operators']) retrieved from /home/beau/airflow/py_env/lib/python3.10/site-packages/airflow/example_dags/example_dynamic_task_mapping_with_no_taskflow_operators.py
[2023-09-23T09:06:54.491-0400] {logging_mixin.py:151} INFO - [2023-09-23T09:06:54.491-0400] {manager.py:499} INFO - Created Permission View: %s
[2023-09-23T09:06:54.506-0400] {logging_mixin.py:151} INFO - [2023-09-23T09:06:54.506-0400] {manager.py:499} INFO - Created Permission View: %s
[2023-09-23T09:06:54.521-0400] {logging_mixin.py:151} INFO - [2023-09-23T09:06:54.521-0400] {manager.py:499} INFO - Created Permission View: %s
[2023-09-23T09:06:54.522-0400] {logging_mixin.py:151} INFO - [2023-09-23T09:06:54.522-0400] {security.py:708} INFO - Not syncing DAG-level permissions for DAG 'DAG:example_dynamic_task_mapping_with_no_taskflow_operators' as access control is unset.
[2023-09-23T09:06:54.523-0400] {logging_mixin.py:151} INFO - [2023-09-23T09:06:54.522-0400] {dag.py:2915} INFO - Sync 1 DAGs
[2023-09-23T09:06:54.532-0400] {logging_mixin.py:151} INFO - [2023-09-23T09:06:54.532-0400] {dag.py:2937} INFO - Creating ORM DAG for example_dynamic_task_mapping_with_no_taskflow_operators
[2023-09-23T09:06:54.539-0400] {logging_mixin.py:151} INFO - [2023-09-23T09:06:54.539-0400] {dag.py:3696} INFO - Setting next_dagrun for example_dynamic_task_mapping_with_no_taskflow_operators to 2023-09-22T13:06:54.539181+00:00, run_after=2023-09-23T13:06:54.539181+00:00
[2023-09-23T09:06:54.563-0400] {processor.py:179} INFO - Processing /home/beau/airflow/py_env/lib/python3.10/site-packages/airflow/example_dags/example_dynamic_task_mapping_with_no_taskflow_operators.py took 0.196 seconds
[2023-09-23T09:07:49.382-0400] {processor.py:157} INFO - Started process (PID=12031) to work on /home/beau/airflow/py_env/lib/python3.10/site-packages/airflow/example_dags/example_dynamic_task_mapping_with_no_taskflow_operators.py
[2023-09-23T09:07:49.386-0400] {processor.py:829} INFO - Processing file /home/beau/airflow/py_env/lib/python3.10/site-packages/airflow/example_dags/example_dynamic_task_mapping_with_no_taskflow_operators.py for tasks to queue
[2023-09-23T09:07:49.388-0400] {logging_mixin.py:151} INFO - [2023-09-23T09:07:49.388-0400] {dagbag.py:539} INFO - Filling up the DagBag from /home/beau/airflow/py_env/lib/python3.10/site-packages/airflow/example_dags/example_dynamic_task_mapping_with_no_taskflow_operators.py
[2023-09-23T09:07:49.400-0400] {processor.py:839} INFO - DAG(s) dict_keys(['example_dynamic_task_mapping_with_no_taskflow_operators']) retrieved from /home/beau/airflow/py_env/lib/python3.10/site-packages/airflow/example_dags/example_dynamic_task_mapping_with_no_taskflow_operators.py
[2023-09-23T09:07:49.420-0400] {logging_mixin.py:151} INFO - [2023-09-23T09:07:49.419-0400] {dag.py:2915} INFO - Sync 1 DAGs
[2023-09-23T09:07:49.435-0400] {logging_mixin.py:151} INFO - [2023-09-23T09:07:49.435-0400] {dag.py:3696} INFO - Setting next_dagrun for example_dynamic_task_mapping_with_no_taskflow_operators to 2023-09-22T13:07:49.435495+00:00, run_after=2023-09-23T13:07:49.435495+00:00
[2023-09-23T09:07:49.457-0400] {processor.py:179} INFO - Processing /home/beau/airflow/py_env/lib/python3.10/site-packages/airflow/example_dags/example_dynamic_task_mapping_with_no_taskflow_operators.py took 0.080 seconds
[2023-09-23T09:08:41.314-0400] {processor.py:157} INFO - Started process (PID=12383) to work on /home/beau/airflow/py_env/lib/python3.10/site-packages/airflow/example_dags/example_dynamic_task_mapping_with_no_taskflow_operators.py
[2023-09-23T09:08:41.319-0400] {processor.py:829} INFO - Processing file /home/beau/airflow/py_env/lib/python3.10/site-packages/airflow/example_dags/example_dynamic_task_mapping_with_no_taskflow_operators.py for tasks to queue
[2023-09-23T09:08:41.321-0400] {logging_mixin.py:151} INFO - [2023-09-23T09:08:41.320-0400] {dagbag.py:539} INFO - Filling up the DagBag from /home/beau/airflow/py_env/lib/python3.10/site-packages/airflow/example_dags/example_dynamic_task_mapping_with_no_taskflow_operators.py
[2023-09-23T09:08:41.332-0400] {processor.py:839} INFO - DAG(s) dict_keys(['example_dynamic_task_mapping_with_no_taskflow_operators']) retrieved from /home/beau/airflow/py_env/lib/python3.10/site-packages/airflow/example_dags/example_dynamic_task_mapping_with_no_taskflow_operators.py
[2023-09-23T09:08:41.351-0400] {logging_mixin.py:151} INFO - [2023-09-23T09:08:41.351-0400] {dag.py:2915} INFO - Sync 1 DAGs
[2023-09-23T09:08:41.366-0400] {logging_mixin.py:151} INFO - [2023-09-23T09:08:41.366-0400] {dag.py:3696} INFO - Setting next_dagrun for example_dynamic_task_mapping_with_no_taskflow_operators to 2023-09-22T13:08:41.366135+00:00, run_after=2023-09-23T13:08:41.366135+00:00
[2023-09-23T09:08:41.390-0400] {processor.py:179} INFO - Processing /home/beau/airflow/py_env/lib/python3.10/site-packages/airflow/example_dags/example_dynamic_task_mapping_with_no_taskflow_operators.py took 0.085 seconds
[2023-09-23T09:09:30.935-0400] {processor.py:157} INFO - Started process (PID=12793) to work on /home/beau/airflow/py_env/lib/python3.10/site-packages/airflow/example_dags/example_dynamic_task_mapping_with_no_taskflow_operators.py
[2023-09-23T09:09:30.939-0400] {processor.py:829} INFO - Processing file /home/beau/airflow/py_env/lib/python3.10/site-packages/airflow/example_dags/example_dynamic_task_mapping_with_no_taskflow_operators.py for tasks to queue
[2023-09-23T09:09:30.940-0400] {logging_mixin.py:151} INFO - [2023-09-23T09:09:30.940-0400] {dagbag.py:539} INFO - Filling up the DagBag from /home/beau/airflow/py_env/lib/python3.10/site-packages/airflow/example_dags/example_dynamic_task_mapping_with_no_taskflow_operators.py
[2023-09-23T09:09:30.948-0400] {processor.py:839} INFO - DAG(s) dict_keys(['example_dynamic_task_mapping_with_no_taskflow_operators']) retrieved from /home/beau/airflow/py_env/lib/python3.10/site-packages/airflow/example_dags/example_dynamic_task_mapping_with_no_taskflow_operators.py
[2023-09-23T09:09:30.963-0400] {logging_mixin.py:151} INFO - [2023-09-23T09:09:30.962-0400] {dag.py:2915} INFO - Sync 1 DAGs
[2023-09-23T09:09:30.982-0400] {logging_mixin.py:151} INFO - [2023-09-23T09:09:30.982-0400] {dag.py:3696} INFO - Setting next_dagrun for example_dynamic_task_mapping_with_no_taskflow_operators to 2023-09-22T13:09:30.982184+00:00, run_after=2023-09-23T13:09:30.982184+00:00
[2023-09-23T09:09:31.008-0400] {processor.py:179} INFO - Processing /home/beau/airflow/py_env/lib/python3.10/site-packages/airflow/example_dags/example_dynamic_task_mapping_with_no_taskflow_operators.py took 0.077 seconds
[2023-09-23T09:10:17.692-0400] {processor.py:157} INFO - Started process (PID=13036) to work on /home/beau/airflow/py_env/lib/python3.10/site-packages/airflow/example_dags/example_dynamic_task_mapping_with_no_taskflow_operators.py
[2023-09-23T09:10:17.696-0400] {processor.py:829} INFO - Processing file /home/beau/airflow/py_env/lib/python3.10/site-packages/airflow/example_dags/example_dynamic_task_mapping_with_no_taskflow_operators.py for tasks to queue
[2023-09-23T09:10:17.697-0400] {logging_mixin.py:151} INFO - [2023-09-23T09:10:17.697-0400] {dagbag.py:539} INFO - Filling up the DagBag from /home/beau/airflow/py_env/lib/python3.10/site-packages/airflow/example_dags/example_dynamic_task_mapping_with_no_taskflow_operators.py
[2023-09-23T09:10:17.707-0400] {processor.py:839} INFO - DAG(s) dict_keys(['example_dynamic_task_mapping_with_no_taskflow_operators']) retrieved from /home/beau/airflow/py_env/lib/python3.10/site-packages/airflow/example_dags/example_dynamic_task_mapping_with_no_taskflow_operators.py
[2023-09-23T09:10:17.725-0400] {logging_mixin.py:151} INFO - [2023-09-23T09:10:17.725-0400] {dag.py:2915} INFO - Sync 1 DAGs
[2023-09-23T09:10:17.744-0400] {logging_mixin.py:151} INFO - [2023-09-23T09:10:17.744-0400] {dag.py:3696} INFO - Setting next_dagrun for example_dynamic_task_mapping_with_no_taskflow_operators to 2023-09-22T13:10:17.744399+00:00, run_after=2023-09-23T13:10:17.744399+00:00
[2023-09-23T09:10:17.767-0400] {processor.py:179} INFO - Processing /home/beau/airflow/py_env/lib/python3.10/site-packages/airflow/example_dags/example_dynamic_task_mapping_with_no_taskflow_operators.py took 0.079 seconds
[2023-09-23T09:11:07.360-0400] {processor.py:157} INFO - Started process (PID=13409) to work on /home/beau/airflow/py_env/lib/python3.10/site-packages/airflow/example_dags/example_dynamic_task_mapping_with_no_taskflow_operators.py
[2023-09-23T09:11:07.363-0400] {processor.py:829} INFO - Processing file /home/beau/airflow/py_env/lib/python3.10/site-packages/airflow/example_dags/example_dynamic_task_mapping_with_no_taskflow_operators.py for tasks to queue
[2023-09-23T09:11:07.364-0400] {logging_mixin.py:151} INFO - [2023-09-23T09:11:07.364-0400] {dagbag.py:539} INFO - Filling up the DagBag from /home/beau/airflow/py_env/lib/python3.10/site-packages/airflow/example_dags/example_dynamic_task_mapping_with_no_taskflow_operators.py
[2023-09-23T09:11:07.373-0400] {processor.py:839} INFO - DAG(s) dict_keys(['example_dynamic_task_mapping_with_no_taskflow_operators']) retrieved from /home/beau/airflow/py_env/lib/python3.10/site-packages/airflow/example_dags/example_dynamic_task_mapping_with_no_taskflow_operators.py
[2023-09-23T09:11:07.385-0400] {logging_mixin.py:151} INFO - [2023-09-23T09:11:07.385-0400] {dag.py:2915} INFO - Sync 1 DAGs
[2023-09-23T09:11:07.400-0400] {logging_mixin.py:151} INFO - [2023-09-23T09:11:07.400-0400] {dag.py:3696} INFO - Setting next_dagrun for example_dynamic_task_mapping_with_no_taskflow_operators to 2023-09-22T13:11:07.400077+00:00, run_after=2023-09-23T13:11:07.400077+00:00
[2023-09-23T09:11:07.424-0400] {processor.py:179} INFO - Processing /home/beau/airflow/py_env/lib/python3.10/site-packages/airflow/example_dags/example_dynamic_task_mapping_with_no_taskflow_operators.py took 0.067 seconds
[2023-09-23T09:11:56.247-0400] {processor.py:157} INFO - Started process (PID=13768) to work on /home/beau/airflow/py_env/lib/python3.10/site-packages/airflow/example_dags/example_dynamic_task_mapping_with_no_taskflow_operators.py
[2023-09-23T09:11:56.250-0400] {processor.py:829} INFO - Processing file /home/beau/airflow/py_env/lib/python3.10/site-packages/airflow/example_dags/example_dynamic_task_mapping_with_no_taskflow_operators.py for tasks to queue
[2023-09-23T09:11:56.252-0400] {logging_mixin.py:151} INFO - [2023-09-23T09:11:56.252-0400] {dagbag.py:539} INFO - Filling up the DagBag from /home/beau/airflow/py_env/lib/python3.10/site-packages/airflow/example_dags/example_dynamic_task_mapping_with_no_taskflow_operators.py
[2023-09-23T09:11:56.259-0400] {processor.py:839} INFO - DAG(s) dict_keys(['example_dynamic_task_mapping_with_no_taskflow_operators']) retrieved from /home/beau/airflow/py_env/lib/python3.10/site-packages/airflow/example_dags/example_dynamic_task_mapping_with_no_taskflow_operators.py
[2023-09-23T09:11:56.273-0400] {logging_mixin.py:151} INFO - [2023-09-23T09:11:56.273-0400] {dag.py:2915} INFO - Sync 1 DAGs
[2023-09-23T09:11:56.291-0400] {logging_mixin.py:151} INFO - [2023-09-23T09:11:56.290-0400] {dag.py:3696} INFO - Setting next_dagrun for example_dynamic_task_mapping_with_no_taskflow_operators to 2023-09-22T13:11:56.290660+00:00, run_after=2023-09-23T13:11:56.290660+00:00
[2023-09-23T09:11:56.319-0400] {processor.py:179} INFO - Processing /home/beau/airflow/py_env/lib/python3.10/site-packages/airflow/example_dags/example_dynamic_task_mapping_with_no_taskflow_operators.py took 0.075 seconds
[2023-09-23T09:12:45.727-0400] {processor.py:157} INFO - Started process (PID=14139) to work on /home/beau/airflow/py_env/lib/python3.10/site-packages/airflow/example_dags/example_dynamic_task_mapping_with_no_taskflow_operators.py
[2023-09-23T09:12:45.730-0400] {processor.py:829} INFO - Processing file /home/beau/airflow/py_env/lib/python3.10/site-packages/airflow/example_dags/example_dynamic_task_mapping_with_no_taskflow_operators.py for tasks to queue
[2023-09-23T09:12:45.731-0400] {logging_mixin.py:151} INFO - [2023-09-23T09:12:45.731-0400] {dagbag.py:539} INFO - Filling up the DagBag from /home/beau/airflow/py_env/lib/python3.10/site-packages/airflow/example_dags/example_dynamic_task_mapping_with_no_taskflow_operators.py
[2023-09-23T09:12:45.744-0400] {processor.py:839} INFO - DAG(s) dict_keys(['example_dynamic_task_mapping_with_no_taskflow_operators']) retrieved from /home/beau/airflow/py_env/lib/python3.10/site-packages/airflow/example_dags/example_dynamic_task_mapping_with_no_taskflow_operators.py
[2023-09-23T09:12:45.768-0400] {logging_mixin.py:151} INFO - [2023-09-23T09:12:45.767-0400] {dag.py:2915} INFO - Sync 1 DAGs
[2023-09-23T09:12:45.804-0400] {logging_mixin.py:151} INFO - [2023-09-23T09:12:45.804-0400] {dag.py:3696} INFO - Setting next_dagrun for example_dynamic_task_mapping_with_no_taskflow_operators to 2023-09-22T13:12:45.803798+00:00, run_after=2023-09-23T13:12:45.803798+00:00
[2023-09-23T09:12:45.835-0400] {processor.py:179} INFO - Processing /home/beau/airflow/py_env/lib/python3.10/site-packages/airflow/example_dags/example_dynamic_task_mapping_with_no_taskflow_operators.py took 0.113 seconds
[2023-09-23T09:13:35.385-0400] {processor.py:157} INFO - Started process (PID=14743) to work on /home/beau/airflow/py_env/lib/python3.10/site-packages/airflow/example_dags/example_dynamic_task_mapping_with_no_taskflow_operators.py
[2023-09-23T09:13:35.389-0400] {processor.py:829} INFO - Processing file /home/beau/airflow/py_env/lib/python3.10/site-packages/airflow/example_dags/example_dynamic_task_mapping_with_no_taskflow_operators.py for tasks to queue
[2023-09-23T09:13:35.391-0400] {logging_mixin.py:151} INFO - [2023-09-23T09:13:35.390-0400] {dagbag.py:539} INFO - Filling up the DagBag from /home/beau/airflow/py_env/lib/python3.10/site-packages/airflow/example_dags/example_dynamic_task_mapping_with_no_taskflow_operators.py
[2023-09-23T09:13:35.405-0400] {processor.py:839} INFO - DAG(s) dict_keys(['example_dynamic_task_mapping_with_no_taskflow_operators']) retrieved from /home/beau/airflow/py_env/lib/python3.10/site-packages/airflow/example_dags/example_dynamic_task_mapping_with_no_taskflow_operators.py
[2023-09-23T09:13:35.425-0400] {logging_mixin.py:151} INFO - [2023-09-23T09:13:35.425-0400] {dag.py:2915} INFO - Sync 1 DAGs
[2023-09-23T09:13:35.449-0400] {logging_mixin.py:151} INFO - [2023-09-23T09:13:35.448-0400] {dag.py:3696} INFO - Setting next_dagrun for example_dynamic_task_mapping_with_no_taskflow_operators to 2023-09-22T13:13:35.448391+00:00, run_after=2023-09-23T13:13:35.448391+00:00
[2023-09-23T09:13:35.478-0400] {processor.py:179} INFO - Processing /home/beau/airflow/py_env/lib/python3.10/site-packages/airflow/example_dags/example_dynamic_task_mapping_with_no_taskflow_operators.py took 0.099 seconds
[2023-09-23T09:14:22.718-0400] {processor.py:157} INFO - Started process (PID=15175) to work on /home/beau/airflow/py_env/lib/python3.10/site-packages/airflow/example_dags/example_dynamic_task_mapping_with_no_taskflow_operators.py
[2023-09-23T09:14:22.720-0400] {processor.py:829} INFO - Processing file /home/beau/airflow/py_env/lib/python3.10/site-packages/airflow/example_dags/example_dynamic_task_mapping_with_no_taskflow_operators.py for tasks to queue
[2023-09-23T09:14:22.722-0400] {logging_mixin.py:151} INFO - [2023-09-23T09:14:22.722-0400] {dagbag.py:539} INFO - Filling up the DagBag from /home/beau/airflow/py_env/lib/python3.10/site-packages/airflow/example_dags/example_dynamic_task_mapping_with_no_taskflow_operators.py
[2023-09-23T09:14:22.735-0400] {processor.py:839} INFO - DAG(s) dict_keys(['example_dynamic_task_mapping_with_no_taskflow_operators']) retrieved from /home/beau/airflow/py_env/lib/python3.10/site-packages/airflow/example_dags/example_dynamic_task_mapping_with_no_taskflow_operators.py
[2023-09-23T09:14:22.753-0400] {logging_mixin.py:151} INFO - [2023-09-23T09:14:22.752-0400] {dag.py:2915} INFO - Sync 1 DAGs
[2023-09-23T09:14:22.773-0400] {logging_mixin.py:151} INFO - [2023-09-23T09:14:22.773-0400] {dag.py:3696} INFO - Setting next_dagrun for example_dynamic_task_mapping_with_no_taskflow_operators to 2023-09-22T13:14:22.773069+00:00, run_after=2023-09-23T13:14:22.773069+00:00
[2023-09-23T09:14:22.797-0400] {processor.py:179} INFO - Processing /home/beau/airflow/py_env/lib/python3.10/site-packages/airflow/example_dags/example_dynamic_task_mapping_with_no_taskflow_operators.py took 0.084 seconds
[2023-09-23T09:15:14.701-0400] {processor.py:157} INFO - Started process (PID=15430) to work on /home/beau/airflow/py_env/lib/python3.10/site-packages/airflow/example_dags/example_dynamic_task_mapping_with_no_taskflow_operators.py
[2023-09-23T09:15:14.704-0400] {processor.py:829} INFO - Processing file /home/beau/airflow/py_env/lib/python3.10/site-packages/airflow/example_dags/example_dynamic_task_mapping_with_no_taskflow_operators.py for tasks to queue
[2023-09-23T09:15:14.705-0400] {logging_mixin.py:151} INFO - [2023-09-23T09:15:14.704-0400] {dagbag.py:539} INFO - Filling up the DagBag from /home/beau/airflow/py_env/lib/python3.10/site-packages/airflow/example_dags/example_dynamic_task_mapping_with_no_taskflow_operators.py
[2023-09-23T09:15:14.716-0400] {processor.py:839} INFO - DAG(s) dict_keys(['example_dynamic_task_mapping_with_no_taskflow_operators']) retrieved from /home/beau/airflow/py_env/lib/python3.10/site-packages/airflow/example_dags/example_dynamic_task_mapping_with_no_taskflow_operators.py
[2023-09-23T09:15:14.734-0400] {logging_mixin.py:151} INFO - [2023-09-23T09:15:14.734-0400] {dag.py:2915} INFO - Sync 1 DAGs
[2023-09-23T09:15:14.759-0400] {logging_mixin.py:151} INFO - [2023-09-23T09:15:14.759-0400] {dag.py:3696} INFO - Setting next_dagrun for example_dynamic_task_mapping_with_no_taskflow_operators to 2023-09-22T13:15:14.759034+00:00, run_after=2023-09-23T13:15:14.759034+00:00
[2023-09-23T09:15:14.787-0400] {processor.py:179} INFO - Processing /home/beau/airflow/py_env/lib/python3.10/site-packages/airflow/example_dags/example_dynamic_task_mapping_with_no_taskflow_operators.py took 0.091 seconds
[2023-09-23T09:17:53.108-0400] {processor.py:157} INFO - Started process (PID=16922) to work on /home/beau/airflow/py_env/lib/python3.10/site-packages/airflow/example_dags/example_dynamic_task_mapping_with_no_taskflow_operators.py
[2023-09-23T09:17:53.112-0400] {processor.py:829} INFO - Processing file /home/beau/airflow/py_env/lib/python3.10/site-packages/airflow/example_dags/example_dynamic_task_mapping_with_no_taskflow_operators.py for tasks to queue
[2023-09-23T09:17:53.113-0400] {logging_mixin.py:151} INFO - [2023-09-23T09:17:53.113-0400] {dagbag.py:539} INFO - Filling up the DagBag from /home/beau/airflow/py_env/lib/python3.10/site-packages/airflow/example_dags/example_dynamic_task_mapping_with_no_taskflow_operators.py
[2023-09-23T09:17:53.125-0400] {processor.py:839} INFO - DAG(s) dict_keys(['example_dynamic_task_mapping_with_no_taskflow_operators']) retrieved from /home/beau/airflow/py_env/lib/python3.10/site-packages/airflow/example_dags/example_dynamic_task_mapping_with_no_taskflow_operators.py
[2023-09-23T09:17:53.143-0400] {logging_mixin.py:151} INFO - [2023-09-23T09:17:53.143-0400] {dag.py:2915} INFO - Sync 1 DAGs
[2023-09-23T09:17:53.160-0400] {logging_mixin.py:151} INFO - [2023-09-23T09:17:53.159-0400] {dag.py:3696} INFO - Setting next_dagrun for example_dynamic_task_mapping_with_no_taskflow_operators to 2023-09-22T13:17:53.159697+00:00, run_after=2023-09-23T13:17:53.159697+00:00
[2023-09-23T09:17:53.184-0400] {processor.py:179} INFO - Processing /home/beau/airflow/py_env/lib/python3.10/site-packages/airflow/example_dags/example_dynamic_task_mapping_with_no_taskflow_operators.py took 0.084 seconds
[2023-09-23T09:18:45.139-0400] {processor.py:157} INFO - Started process (PID=17215) to work on /home/beau/airflow/py_env/lib/python3.10/site-packages/airflow/example_dags/example_dynamic_task_mapping_with_no_taskflow_operators.py
[2023-09-23T09:18:45.143-0400] {processor.py:829} INFO - Processing file /home/beau/airflow/py_env/lib/python3.10/site-packages/airflow/example_dags/example_dynamic_task_mapping_with_no_taskflow_operators.py for tasks to queue
[2023-09-23T09:18:45.145-0400] {logging_mixin.py:151} INFO - [2023-09-23T09:18:45.145-0400] {dagbag.py:539} INFO - Filling up the DagBag from /home/beau/airflow/py_env/lib/python3.10/site-packages/airflow/example_dags/example_dynamic_task_mapping_with_no_taskflow_operators.py
[2023-09-23T09:18:45.160-0400] {processor.py:839} INFO - DAG(s) dict_keys(['example_dynamic_task_mapping_with_no_taskflow_operators']) retrieved from /home/beau/airflow/py_env/lib/python3.10/site-packages/airflow/example_dags/example_dynamic_task_mapping_with_no_taskflow_operators.py
[2023-09-23T09:18:45.178-0400] {logging_mixin.py:151} INFO - [2023-09-23T09:18:45.178-0400] {dag.py:2915} INFO - Sync 1 DAGs
[2023-09-23T09:18:45.198-0400] {logging_mixin.py:151} INFO - [2023-09-23T09:18:45.198-0400] {dag.py:3696} INFO - Setting next_dagrun for example_dynamic_task_mapping_with_no_taskflow_operators to 2023-09-22T13:18:45.198167+00:00, run_after=2023-09-23T13:18:45.198167+00:00
[2023-09-23T09:18:45.231-0400] {processor.py:179} INFO - Processing /home/beau/airflow/py_env/lib/python3.10/site-packages/airflow/example_dags/example_dynamic_task_mapping_with_no_taskflow_operators.py took 0.098 seconds
[2023-09-23T09:19:40.356-0400] {processor.py:157} INFO - Started process (PID=17510) to work on /home/beau/airflow/py_env/lib/python3.10/site-packages/airflow/example_dags/example_dynamic_task_mapping_with_no_taskflow_operators.py
[2023-09-23T09:19:40.360-0400] {processor.py:829} INFO - Processing file /home/beau/airflow/py_env/lib/python3.10/site-packages/airflow/example_dags/example_dynamic_task_mapping_with_no_taskflow_operators.py for tasks to queue
[2023-09-23T09:19:40.362-0400] {logging_mixin.py:151} INFO - [2023-09-23T09:19:40.361-0400] {dagbag.py:539} INFO - Filling up the DagBag from /home/beau/airflow/py_env/lib/python3.10/site-packages/airflow/example_dags/example_dynamic_task_mapping_with_no_taskflow_operators.py
[2023-09-23T09:19:40.373-0400] {processor.py:839} INFO - DAG(s) dict_keys(['example_dynamic_task_mapping_with_no_taskflow_operators']) retrieved from /home/beau/airflow/py_env/lib/python3.10/site-packages/airflow/example_dags/example_dynamic_task_mapping_with_no_taskflow_operators.py
[2023-09-23T09:19:40.387-0400] {logging_mixin.py:151} INFO - [2023-09-23T09:19:40.387-0400] {dag.py:2915} INFO - Sync 1 DAGs
[2023-09-23T09:19:40.404-0400] {logging_mixin.py:151} INFO - [2023-09-23T09:19:40.404-0400] {dag.py:3696} INFO - Setting next_dagrun for example_dynamic_task_mapping_with_no_taskflow_operators to 2023-09-22T13:19:40.403911+00:00, run_after=2023-09-23T13:19:40.403911+00:00
[2023-09-23T09:19:40.428-0400] {processor.py:179} INFO - Processing /home/beau/airflow/py_env/lib/python3.10/site-packages/airflow/example_dags/example_dynamic_task_mapping_with_no_taskflow_operators.py took 0.076 seconds
[2023-09-23T09:20:37.913-0400] {processor.py:157} INFO - Started process (PID=17818) to work on /home/beau/airflow/py_env/lib/python3.10/site-packages/airflow/example_dags/example_dynamic_task_mapping_with_no_taskflow_operators.py
[2023-09-23T09:20:37.920-0400] {processor.py:829} INFO - Processing file /home/beau/airflow/py_env/lib/python3.10/site-packages/airflow/example_dags/example_dynamic_task_mapping_with_no_taskflow_operators.py for tasks to queue
[2023-09-23T09:20:37.922-0400] {logging_mixin.py:151} INFO - [2023-09-23T09:20:37.921-0400] {dagbag.py:539} INFO - Filling up the DagBag from /home/beau/airflow/py_env/lib/python3.10/site-packages/airflow/example_dags/example_dynamic_task_mapping_with_no_taskflow_operators.py
[2023-09-23T09:20:37.932-0400] {processor.py:839} INFO - DAG(s) dict_keys(['example_dynamic_task_mapping_with_no_taskflow_operators']) retrieved from /home/beau/airflow/py_env/lib/python3.10/site-packages/airflow/example_dags/example_dynamic_task_mapping_with_no_taskflow_operators.py
[2023-09-23T09:20:37.953-0400] {logging_mixin.py:151} INFO - [2023-09-23T09:20:37.952-0400] {dag.py:2915} INFO - Sync 1 DAGs
[2023-09-23T09:20:37.971-0400] {logging_mixin.py:151} INFO - [2023-09-23T09:20:37.970-0400] {dag.py:3696} INFO - Setting next_dagrun for example_dynamic_task_mapping_with_no_taskflow_operators to 2023-09-22T13:20:37.970618+00:00, run_after=2023-09-23T13:20:37.970618+00:00
[2023-09-23T09:20:37.994-0400] {processor.py:179} INFO - Processing /home/beau/airflow/py_env/lib/python3.10/site-packages/airflow/example_dags/example_dynamic_task_mapping_with_no_taskflow_operators.py took 0.090 seconds
[2023-09-23T09:21:35.261-0400] {processor.py:157} INFO - Started process (PID=18118) to work on /home/beau/airflow/py_env/lib/python3.10/site-packages/airflow/example_dags/example_dynamic_task_mapping_with_no_taskflow_operators.py
[2023-09-23T09:21:35.264-0400] {processor.py:829} INFO - Processing file /home/beau/airflow/py_env/lib/python3.10/site-packages/airflow/example_dags/example_dynamic_task_mapping_with_no_taskflow_operators.py for tasks to queue
[2023-09-23T09:21:35.265-0400] {logging_mixin.py:151} INFO - [2023-09-23T09:21:35.265-0400] {dagbag.py:539} INFO - Filling up the DagBag from /home/beau/airflow/py_env/lib/python3.10/site-packages/airflow/example_dags/example_dynamic_task_mapping_with_no_taskflow_operators.py
[2023-09-23T09:21:35.274-0400] {processor.py:839} INFO - DAG(s) dict_keys(['example_dynamic_task_mapping_with_no_taskflow_operators']) retrieved from /home/beau/airflow/py_env/lib/python3.10/site-packages/airflow/example_dags/example_dynamic_task_mapping_with_no_taskflow_operators.py
[2023-09-23T09:21:35.287-0400] {logging_mixin.py:151} INFO - [2023-09-23T09:21:35.286-0400] {dag.py:2915} INFO - Sync 1 DAGs
[2023-09-23T09:21:35.307-0400] {logging_mixin.py:151} INFO - [2023-09-23T09:21:35.306-0400] {dag.py:3696} INFO - Setting next_dagrun for example_dynamic_task_mapping_with_no_taskflow_operators to 2023-09-22T13:21:35.306802+00:00, run_after=2023-09-23T13:21:35.306802+00:00
[2023-09-23T09:21:35.329-0400] {processor.py:179} INFO - Processing /home/beau/airflow/py_env/lib/python3.10/site-packages/airflow/example_dags/example_dynamic_task_mapping_with_no_taskflow_operators.py took 0.071 seconds
[2023-09-23T09:24:11.305-0400] {processor.py:157} INFO - Started process (PID=19412) to work on /home/beau/airflow/py_env/lib/python3.10/site-packages/airflow/example_dags/example_dynamic_task_mapping_with_no_taskflow_operators.py
[2023-09-23T09:24:11.309-0400] {processor.py:829} INFO - Processing file /home/beau/airflow/py_env/lib/python3.10/site-packages/airflow/example_dags/example_dynamic_task_mapping_with_no_taskflow_operators.py for tasks to queue
[2023-09-23T09:24:11.311-0400] {logging_mixin.py:151} INFO - [2023-09-23T09:24:11.310-0400] {dagbag.py:539} INFO - Filling up the DagBag from /home/beau/airflow/py_env/lib/python3.10/site-packages/airflow/example_dags/example_dynamic_task_mapping_with_no_taskflow_operators.py
[2023-09-23T09:24:11.322-0400] {processor.py:839} INFO - DAG(s) dict_keys(['example_dynamic_task_mapping_with_no_taskflow_operators']) retrieved from /home/beau/airflow/py_env/lib/python3.10/site-packages/airflow/example_dags/example_dynamic_task_mapping_with_no_taskflow_operators.py
[2023-09-23T09:24:11.334-0400] {logging_mixin.py:151} INFO - [2023-09-23T09:24:11.334-0400] {dag.py:2915} INFO - Sync 1 DAGs
[2023-09-23T09:24:11.349-0400] {logging_mixin.py:151} INFO - [2023-09-23T09:24:11.349-0400] {dag.py:3696} INFO - Setting next_dagrun for example_dynamic_task_mapping_with_no_taskflow_operators to 2023-09-22T13:24:11.348949+00:00, run_after=2023-09-23T13:24:11.348949+00:00
[2023-09-23T09:24:11.378-0400] {processor.py:179} INFO - Processing /home/beau/airflow/py_env/lib/python3.10/site-packages/airflow/example_dags/example_dynamic_task_mapping_with_no_taskflow_operators.py took 0.079 seconds
[2023-09-23T09:25:04.394-0400] {processor.py:157} INFO - Started process (PID=19727) to work on /home/beau/airflow/py_env/lib/python3.10/site-packages/airflow/example_dags/example_dynamic_task_mapping_with_no_taskflow_operators.py
[2023-09-23T09:25:04.396-0400] {processor.py:829} INFO - Processing file /home/beau/airflow/py_env/lib/python3.10/site-packages/airflow/example_dags/example_dynamic_task_mapping_with_no_taskflow_operators.py for tasks to queue
[2023-09-23T09:25:04.397-0400] {logging_mixin.py:151} INFO - [2023-09-23T09:25:04.397-0400] {dagbag.py:539} INFO - Filling up the DagBag from /home/beau/airflow/py_env/lib/python3.10/site-packages/airflow/example_dags/example_dynamic_task_mapping_with_no_taskflow_operators.py
[2023-09-23T09:25:04.406-0400] {processor.py:839} INFO - DAG(s) dict_keys(['example_dynamic_task_mapping_with_no_taskflow_operators']) retrieved from /home/beau/airflow/py_env/lib/python3.10/site-packages/airflow/example_dags/example_dynamic_task_mapping_with_no_taskflow_operators.py
[2023-09-23T09:25:04.422-0400] {logging_mixin.py:151} INFO - [2023-09-23T09:25:04.421-0400] {dag.py:2915} INFO - Sync 1 DAGs
[2023-09-23T09:25:04.443-0400] {logging_mixin.py:151} INFO - [2023-09-23T09:25:04.442-0400] {dag.py:3696} INFO - Setting next_dagrun for example_dynamic_task_mapping_with_no_taskflow_operators to 2023-09-22T13:25:04.442437+00:00, run_after=2023-09-23T13:25:04.442437+00:00
[2023-09-23T09:25:04.470-0400] {processor.py:179} INFO - Processing /home/beau/airflow/py_env/lib/python3.10/site-packages/airflow/example_dags/example_dynamic_task_mapping_with_no_taskflow_operators.py took 0.080 seconds
[2023-09-23T09:25:57.488-0400] {processor.py:157} INFO - Started process (PID=20033) to work on /home/beau/airflow/py_env/lib/python3.10/site-packages/airflow/example_dags/example_dynamic_task_mapping_with_no_taskflow_operators.py
[2023-09-23T09:25:57.492-0400] {processor.py:829} INFO - Processing file /home/beau/airflow/py_env/lib/python3.10/site-packages/airflow/example_dags/example_dynamic_task_mapping_with_no_taskflow_operators.py for tasks to queue
[2023-09-23T09:25:57.494-0400] {logging_mixin.py:151} INFO - [2023-09-23T09:25:57.494-0400] {dagbag.py:539} INFO - Filling up the DagBag from /home/beau/airflow/py_env/lib/python3.10/site-packages/airflow/example_dags/example_dynamic_task_mapping_with_no_taskflow_operators.py
[2023-09-23T09:25:57.505-0400] {processor.py:839} INFO - DAG(s) dict_keys(['example_dynamic_task_mapping_with_no_taskflow_operators']) retrieved from /home/beau/airflow/py_env/lib/python3.10/site-packages/airflow/example_dags/example_dynamic_task_mapping_with_no_taskflow_operators.py
[2023-09-23T09:25:57.522-0400] {logging_mixin.py:151} INFO - [2023-09-23T09:25:57.522-0400] {dag.py:2915} INFO - Sync 1 DAGs
[2023-09-23T09:25:57.549-0400] {logging_mixin.py:151} INFO - [2023-09-23T09:25:57.548-0400] {dag.py:3696} INFO - Setting next_dagrun for example_dynamic_task_mapping_with_no_taskflow_operators to 2023-09-22T13:25:57.548571+00:00, run_after=2023-09-23T13:25:57.548571+00:00
[2023-09-23T09:25:57.580-0400] {processor.py:179} INFO - Processing /home/beau/airflow/py_env/lib/python3.10/site-packages/airflow/example_dags/example_dynamic_task_mapping_with_no_taskflow_operators.py took 0.095 seconds
[2023-09-23T09:37:18.008-0400] {processor.py:157} INFO - Started process (PID=1351) to work on /home/beau/airflow/py_env/lib/python3.10/site-packages/airflow/example_dags/example_dynamic_task_mapping_with_no_taskflow_operators.py
[2023-09-23T09:37:18.013-0400] {processor.py:829} INFO - Processing file /home/beau/airflow/py_env/lib/python3.10/site-packages/airflow/example_dags/example_dynamic_task_mapping_with_no_taskflow_operators.py for tasks to queue
[2023-09-23T09:37:18.014-0400] {logging_mixin.py:151} INFO - [2023-09-23T09:37:18.014-0400] {dagbag.py:539} INFO - Filling up the DagBag from /home/beau/airflow/py_env/lib/python3.10/site-packages/airflow/example_dags/example_dynamic_task_mapping_with_no_taskflow_operators.py
[2023-09-23T09:37:18.026-0400] {processor.py:839} INFO - DAG(s) dict_keys(['example_dynamic_task_mapping_with_no_taskflow_operators']) retrieved from /home/beau/airflow/py_env/lib/python3.10/site-packages/airflow/example_dags/example_dynamic_task_mapping_with_no_taskflow_operators.py
[2023-09-23T09:37:18.041-0400] {logging_mixin.py:151} INFO - [2023-09-23T09:37:18.041-0400] {dag.py:2915} INFO - Sync 1 DAGs
[2023-09-23T09:37:18.056-0400] {logging_mixin.py:151} INFO - [2023-09-23T09:37:18.056-0400] {dag.py:3696} INFO - Setting next_dagrun for example_dynamic_task_mapping_with_no_taskflow_operators to 2023-09-22T13:37:18.056256+00:00, run_after=2023-09-23T13:37:18.056256+00:00
[2023-09-23T09:37:18.078-0400] {processor.py:179} INFO - Processing /home/beau/airflow/py_env/lib/python3.10/site-packages/airflow/example_dags/example_dynamic_task_mapping_with_no_taskflow_operators.py took 0.074 seconds
[2023-09-23T09:38:08.271-0400] {processor.py:157} INFO - Started process (PID=2133) to work on /home/beau/airflow/py_env/lib/python3.10/site-packages/airflow/example_dags/example_dynamic_task_mapping_with_no_taskflow_operators.py
[2023-09-23T09:38:08.276-0400] {processor.py:829} INFO - Processing file /home/beau/airflow/py_env/lib/python3.10/site-packages/airflow/example_dags/example_dynamic_task_mapping_with_no_taskflow_operators.py for tasks to queue
[2023-09-23T09:38:08.278-0400] {logging_mixin.py:151} INFO - [2023-09-23T09:38:08.277-0400] {dagbag.py:539} INFO - Filling up the DagBag from /home/beau/airflow/py_env/lib/python3.10/site-packages/airflow/example_dags/example_dynamic_task_mapping_with_no_taskflow_operators.py
[2023-09-23T09:38:08.290-0400] {processor.py:839} INFO - DAG(s) dict_keys(['example_dynamic_task_mapping_with_no_taskflow_operators']) retrieved from /home/beau/airflow/py_env/lib/python3.10/site-packages/airflow/example_dags/example_dynamic_task_mapping_with_no_taskflow_operators.py
[2023-09-23T09:38:08.306-0400] {logging_mixin.py:151} INFO - [2023-09-23T09:38:08.306-0400] {dag.py:2915} INFO - Sync 1 DAGs
[2023-09-23T09:38:08.321-0400] {logging_mixin.py:151} INFO - [2023-09-23T09:38:08.320-0400] {dag.py:3696} INFO - Setting next_dagrun for example_dynamic_task_mapping_with_no_taskflow_operators to 2023-09-22T13:38:08.320738+00:00, run_after=2023-09-23T13:38:08.320738+00:00
[2023-09-23T09:38:08.342-0400] {processor.py:179} INFO - Processing /home/beau/airflow/py_env/lib/python3.10/site-packages/airflow/example_dags/example_dynamic_task_mapping_with_no_taskflow_operators.py took 0.078 seconds
[2023-09-23T09:38:55.119-0400] {processor.py:157} INFO - Started process (PID=2442) to work on /home/beau/airflow/py_env/lib/python3.10/site-packages/airflow/example_dags/example_dynamic_task_mapping_with_no_taskflow_operators.py
[2023-09-23T09:38:55.124-0400] {processor.py:829} INFO - Processing file /home/beau/airflow/py_env/lib/python3.10/site-packages/airflow/example_dags/example_dynamic_task_mapping_with_no_taskflow_operators.py for tasks to queue
[2023-09-23T09:38:55.125-0400] {logging_mixin.py:151} INFO - [2023-09-23T09:38:55.125-0400] {dagbag.py:539} INFO - Filling up the DagBag from /home/beau/airflow/py_env/lib/python3.10/site-packages/airflow/example_dags/example_dynamic_task_mapping_with_no_taskflow_operators.py
[2023-09-23T09:38:55.139-0400] {processor.py:839} INFO - DAG(s) dict_keys(['example_dynamic_task_mapping_with_no_taskflow_operators']) retrieved from /home/beau/airflow/py_env/lib/python3.10/site-packages/airflow/example_dags/example_dynamic_task_mapping_with_no_taskflow_operators.py
[2023-09-23T09:38:55.150-0400] {logging_mixin.py:151} INFO - [2023-09-23T09:38:55.150-0400] {dag.py:2915} INFO - Sync 1 DAGs
[2023-09-23T09:38:55.165-0400] {logging_mixin.py:151} INFO - [2023-09-23T09:38:55.165-0400] {dag.py:3696} INFO - Setting next_dagrun for example_dynamic_task_mapping_with_no_taskflow_operators to 2023-09-22T13:38:55.165250+00:00, run_after=2023-09-23T13:38:55.165250+00:00
[2023-09-23T09:38:55.187-0400] {processor.py:179} INFO - Processing /home/beau/airflow/py_env/lib/python3.10/site-packages/airflow/example_dags/example_dynamic_task_mapping_with_no_taskflow_operators.py took 0.074 seconds
[2023-09-23T09:39:45.562-0400] {processor.py:157} INFO - Started process (PID=3095) to work on /home/beau/airflow/py_env/lib/python3.10/site-packages/airflow/example_dags/example_dynamic_task_mapping_with_no_taskflow_operators.py
[2023-09-23T09:39:45.566-0400] {processor.py:829} INFO - Processing file /home/beau/airflow/py_env/lib/python3.10/site-packages/airflow/example_dags/example_dynamic_task_mapping_with_no_taskflow_operators.py for tasks to queue
[2023-09-23T09:39:45.567-0400] {logging_mixin.py:151} INFO - [2023-09-23T09:39:45.567-0400] {dagbag.py:539} INFO - Filling up the DagBag from /home/beau/airflow/py_env/lib/python3.10/site-packages/airflow/example_dags/example_dynamic_task_mapping_with_no_taskflow_operators.py
[2023-09-23T09:39:45.578-0400] {processor.py:839} INFO - DAG(s) dict_keys(['example_dynamic_task_mapping_with_no_taskflow_operators']) retrieved from /home/beau/airflow/py_env/lib/python3.10/site-packages/airflow/example_dags/example_dynamic_task_mapping_with_no_taskflow_operators.py
[2023-09-23T09:39:45.592-0400] {logging_mixin.py:151} INFO - [2023-09-23T09:39:45.592-0400] {dag.py:2915} INFO - Sync 1 DAGs
[2023-09-23T09:39:45.606-0400] {logging_mixin.py:151} INFO - [2023-09-23T09:39:45.606-0400] {dag.py:3696} INFO - Setting next_dagrun for example_dynamic_task_mapping_with_no_taskflow_operators to 2023-09-22T13:39:45.605942+00:00, run_after=2023-09-23T13:39:45.605942+00:00
[2023-09-23T09:39:45.627-0400] {processor.py:179} INFO - Processing /home/beau/airflow/py_env/lib/python3.10/site-packages/airflow/example_dags/example_dynamic_task_mapping_with_no_taskflow_operators.py took 0.070 seconds
[2023-09-23T09:40:39.390-0400] {processor.py:157} INFO - Started process (PID=3669) to work on /home/beau/airflow/py_env/lib/python3.10/site-packages/airflow/example_dags/example_dynamic_task_mapping_with_no_taskflow_operators.py
[2023-09-23T09:40:39.394-0400] {processor.py:829} INFO - Processing file /home/beau/airflow/py_env/lib/python3.10/site-packages/airflow/example_dags/example_dynamic_task_mapping_with_no_taskflow_operators.py for tasks to queue
[2023-09-23T09:40:39.395-0400] {logging_mixin.py:151} INFO - [2023-09-23T09:40:39.395-0400] {dagbag.py:539} INFO - Filling up the DagBag from /home/beau/airflow/py_env/lib/python3.10/site-packages/airflow/example_dags/example_dynamic_task_mapping_with_no_taskflow_operators.py
[2023-09-23T09:40:39.407-0400] {processor.py:839} INFO - DAG(s) dict_keys(['example_dynamic_task_mapping_with_no_taskflow_operators']) retrieved from /home/beau/airflow/py_env/lib/python3.10/site-packages/airflow/example_dags/example_dynamic_task_mapping_with_no_taskflow_operators.py
[2023-09-23T09:40:39.441-0400] {logging_mixin.py:151} INFO - [2023-09-23T09:40:39.440-0400] {dag.py:2915} INFO - Sync 1 DAGs
[2023-09-23T09:40:39.464-0400] {logging_mixin.py:151} INFO - [2023-09-23T09:40:39.464-0400] {dag.py:3696} INFO - Setting next_dagrun for example_dynamic_task_mapping_with_no_taskflow_operators to 2023-09-22T13:40:39.464017+00:00, run_after=2023-09-23T13:40:39.464017+00:00
[2023-09-23T09:40:39.493-0400] {processor.py:179} INFO - Processing /home/beau/airflow/py_env/lib/python3.10/site-packages/airflow/example_dags/example_dynamic_task_mapping_with_no_taskflow_operators.py took 0.106 seconds
