[2023-09-23T09:06:52.987-0400] {processor.py:157} INFO - Started process (PID=11594) to work on /home/beau/airflow/py_env/lib/python3.10/site-packages/airflow/example_dags/example_branch_day_of_week_operator.py
[2023-09-23T09:06:52.987-0400] {processor.py:829} INFO - Processing file /home/beau/airflow/py_env/lib/python3.10/site-packages/airflow/example_dags/example_branch_day_of_week_operator.py for tasks to queue
[2023-09-23T09:06:52.988-0400] {logging_mixin.py:151} INFO - [2023-09-23T09:06:52.988-0400] {dagbag.py:539} INFO - Filling up the DagBag from /home/beau/airflow/py_env/lib/python3.10/site-packages/airflow/example_dags/example_branch_day_of_week_operator.py
[2023-09-23T09:06:52.994-0400] {processor.py:839} INFO - DAG(s) dict_keys(['example_weekday_branch_operator']) retrieved from /home/beau/airflow/py_env/lib/python3.10/site-packages/airflow/example_dags/example_branch_day_of_week_operator.py
[2023-09-23T09:06:53.098-0400] {logging_mixin.py:151} INFO - [2023-09-23T09:06:53.097-0400] {manager.py:499} INFO - Created Permission View: %s
[2023-09-23T09:06:53.120-0400] {logging_mixin.py:151} INFO - [2023-09-23T09:06:53.119-0400] {manager.py:499} INFO - Created Permission View: %s
[2023-09-23T09:06:53.140-0400] {logging_mixin.py:151} INFO - [2023-09-23T09:06:53.140-0400] {manager.py:499} INFO - Created Permission View: %s
[2023-09-23T09:06:53.141-0400] {logging_mixin.py:151} INFO - [2023-09-23T09:06:53.140-0400] {security.py:708} INFO - Not syncing DAG-level permissions for DAG 'DAG:example_weekday_branch_operator' as access control is unset.
[2023-09-23T09:06:53.141-0400] {logging_mixin.py:151} INFO - [2023-09-23T09:06:53.141-0400] {dag.py:2915} INFO - Sync 1 DAGs
[2023-09-23T09:06:53.154-0400] {logging_mixin.py:151} INFO - [2023-09-23T09:06:53.154-0400] {dag.py:2937} INFO - Creating ORM DAG for example_weekday_branch_operator
[2023-09-23T09:06:53.163-0400] {logging_mixin.py:151} INFO - [2023-09-23T09:06:53.163-0400] {dag.py:3696} INFO - Setting next_dagrun for example_weekday_branch_operator to 2023-09-22T00:00:00+00:00, run_after=2023-09-23T00:00:00+00:00
[2023-09-23T09:06:53.185-0400] {processor.py:179} INFO - Processing /home/beau/airflow/py_env/lib/python3.10/site-packages/airflow/example_dags/example_branch_day_of_week_operator.py took 0.201 seconds
[2023-09-23T09:07:48.247-0400] {processor.py:157} INFO - Started process (PID=12030) to work on /home/beau/airflow/py_env/lib/python3.10/site-packages/airflow/example_dags/example_branch_day_of_week_operator.py
[2023-09-23T09:07:48.252-0400] {processor.py:829} INFO - Processing file /home/beau/airflow/py_env/lib/python3.10/site-packages/airflow/example_dags/example_branch_day_of_week_operator.py for tasks to queue
[2023-09-23T09:07:48.253-0400] {logging_mixin.py:151} INFO - [2023-09-23T09:07:48.252-0400] {dagbag.py:539} INFO - Filling up the DagBag from /home/beau/airflow/py_env/lib/python3.10/site-packages/airflow/example_dags/example_branch_day_of_week_operator.py
[2023-09-23T09:07:48.263-0400] {processor.py:839} INFO - DAG(s) dict_keys(['example_weekday_branch_operator']) retrieved from /home/beau/airflow/py_env/lib/python3.10/site-packages/airflow/example_dags/example_branch_day_of_week_operator.py
[2023-09-23T09:07:48.284-0400] {logging_mixin.py:151} INFO - [2023-09-23T09:07:48.283-0400] {dag.py:2915} INFO - Sync 1 DAGs
[2023-09-23T09:07:48.301-0400] {logging_mixin.py:151} INFO - [2023-09-23T09:07:48.300-0400] {dag.py:3696} INFO - Setting next_dagrun for example_weekday_branch_operator to 2023-09-22T00:00:00+00:00, run_after=2023-09-23T00:00:00+00:00
[2023-09-23T09:07:48.323-0400] {processor.py:179} INFO - Processing /home/beau/airflow/py_env/lib/python3.10/site-packages/airflow/example_dags/example_branch_day_of_week_operator.py took 0.082 seconds
[2023-09-23T09:08:40.046-0400] {processor.py:157} INFO - Started process (PID=12351) to work on /home/beau/airflow/py_env/lib/python3.10/site-packages/airflow/example_dags/example_branch_day_of_week_operator.py
[2023-09-23T09:08:40.050-0400] {processor.py:829} INFO - Processing file /home/beau/airflow/py_env/lib/python3.10/site-packages/airflow/example_dags/example_branch_day_of_week_operator.py for tasks to queue
[2023-09-23T09:08:40.053-0400] {logging_mixin.py:151} INFO - [2023-09-23T09:08:40.052-0400] {dagbag.py:539} INFO - Filling up the DagBag from /home/beau/airflow/py_env/lib/python3.10/site-packages/airflow/example_dags/example_branch_day_of_week_operator.py
[2023-09-23T09:08:40.065-0400] {processor.py:839} INFO - DAG(s) dict_keys(['example_weekday_branch_operator']) retrieved from /home/beau/airflow/py_env/lib/python3.10/site-packages/airflow/example_dags/example_branch_day_of_week_operator.py
[2023-09-23T09:08:40.089-0400] {logging_mixin.py:151} INFO - [2023-09-23T09:08:40.088-0400] {dag.py:2915} INFO - Sync 1 DAGs
[2023-09-23T09:08:40.107-0400] {logging_mixin.py:151} INFO - [2023-09-23T09:08:40.107-0400] {dag.py:3696} INFO - Setting next_dagrun for example_weekday_branch_operator to 2023-09-22T00:00:00+00:00, run_after=2023-09-23T00:00:00+00:00
[2023-09-23T09:08:40.134-0400] {processor.py:179} INFO - Processing /home/beau/airflow/py_env/lib/python3.10/site-packages/airflow/example_dags/example_branch_day_of_week_operator.py took 0.095 seconds
[2023-09-23T09:09:29.797-0400] {processor.py:157} INFO - Started process (PID=12789) to work on /home/beau/airflow/py_env/lib/python3.10/site-packages/airflow/example_dags/example_branch_day_of_week_operator.py
[2023-09-23T09:09:29.798-0400] {processor.py:829} INFO - Processing file /home/beau/airflow/py_env/lib/python3.10/site-packages/airflow/example_dags/example_branch_day_of_week_operator.py for tasks to queue
[2023-09-23T09:09:29.799-0400] {logging_mixin.py:151} INFO - [2023-09-23T09:09:29.799-0400] {dagbag.py:539} INFO - Filling up the DagBag from /home/beau/airflow/py_env/lib/python3.10/site-packages/airflow/example_dags/example_branch_day_of_week_operator.py
[2023-09-23T09:09:29.809-0400] {processor.py:839} INFO - DAG(s) dict_keys(['example_weekday_branch_operator']) retrieved from /home/beau/airflow/py_env/lib/python3.10/site-packages/airflow/example_dags/example_branch_day_of_week_operator.py
[2023-09-23T09:09:29.825-0400] {logging_mixin.py:151} INFO - [2023-09-23T09:09:29.825-0400] {dag.py:2915} INFO - Sync 1 DAGs
[2023-09-23T09:09:29.844-0400] {logging_mixin.py:151} INFO - [2023-09-23T09:09:29.843-0400] {dag.py:3696} INFO - Setting next_dagrun for example_weekday_branch_operator to 2023-09-22T00:00:00+00:00, run_after=2023-09-23T00:00:00+00:00
[2023-09-23T09:09:29.865-0400] {processor.py:179} INFO - Processing /home/beau/airflow/py_env/lib/python3.10/site-packages/airflow/example_dags/example_branch_day_of_week_operator.py took 0.071 seconds
[2023-09-23T09:10:16.560-0400] {processor.py:157} INFO - Started process (PID=13029) to work on /home/beau/airflow/py_env/lib/python3.10/site-packages/airflow/example_dags/example_branch_day_of_week_operator.py
[2023-09-23T09:10:16.564-0400] {processor.py:829} INFO - Processing file /home/beau/airflow/py_env/lib/python3.10/site-packages/airflow/example_dags/example_branch_day_of_week_operator.py for tasks to queue
[2023-09-23T09:10:16.566-0400] {logging_mixin.py:151} INFO - [2023-09-23T09:10:16.565-0400] {dagbag.py:539} INFO - Filling up the DagBag from /home/beau/airflow/py_env/lib/python3.10/site-packages/airflow/example_dags/example_branch_day_of_week_operator.py
[2023-09-23T09:10:16.575-0400] {processor.py:839} INFO - DAG(s) dict_keys(['example_weekday_branch_operator']) retrieved from /home/beau/airflow/py_env/lib/python3.10/site-packages/airflow/example_dags/example_branch_day_of_week_operator.py
[2023-09-23T09:10:16.590-0400] {logging_mixin.py:151} INFO - [2023-09-23T09:10:16.590-0400] {dag.py:2915} INFO - Sync 1 DAGs
[2023-09-23T09:10:16.608-0400] {logging_mixin.py:151} INFO - [2023-09-23T09:10:16.608-0400] {dag.py:3696} INFO - Setting next_dagrun for example_weekday_branch_operator to 2023-09-22T00:00:00+00:00, run_after=2023-09-23T00:00:00+00:00
[2023-09-23T09:10:16.630-0400] {processor.py:179} INFO - Processing /home/beau/airflow/py_env/lib/python3.10/site-packages/airflow/example_dags/example_branch_day_of_week_operator.py took 0.075 seconds
[2023-09-23T09:11:06.660-0400] {processor.py:157} INFO - Started process (PID=13373) to work on /home/beau/airflow/py_env/lib/python3.10/site-packages/airflow/example_dags/example_branch_day_of_week_operator.py
[2023-09-23T09:11:06.664-0400] {processor.py:829} INFO - Processing file /home/beau/airflow/py_env/lib/python3.10/site-packages/airflow/example_dags/example_branch_day_of_week_operator.py for tasks to queue
[2023-09-23T09:11:06.666-0400] {logging_mixin.py:151} INFO - [2023-09-23T09:11:06.665-0400] {dagbag.py:539} INFO - Filling up the DagBag from /home/beau/airflow/py_env/lib/python3.10/site-packages/airflow/example_dags/example_branch_day_of_week_operator.py
[2023-09-23T09:11:06.678-0400] {processor.py:839} INFO - DAG(s) dict_keys(['example_weekday_branch_operator']) retrieved from /home/beau/airflow/py_env/lib/python3.10/site-packages/airflow/example_dags/example_branch_day_of_week_operator.py
[2023-09-23T09:11:06.698-0400] {logging_mixin.py:151} INFO - [2023-09-23T09:11:06.698-0400] {dag.py:2915} INFO - Sync 1 DAGs
[2023-09-23T09:11:06.715-0400] {logging_mixin.py:151} INFO - [2023-09-23T09:11:06.715-0400] {dag.py:3696} INFO - Setting next_dagrun for example_weekday_branch_operator to 2023-09-22T00:00:00+00:00, run_after=2023-09-23T00:00:00+00:00
[2023-09-23T09:11:06.737-0400] {processor.py:179} INFO - Processing /home/beau/airflow/py_env/lib/python3.10/site-packages/airflow/example_dags/example_branch_day_of_week_operator.py took 0.083 seconds
[2023-09-23T09:11:55.110-0400] {processor.py:157} INFO - Started process (PID=13761) to work on /home/beau/airflow/py_env/lib/python3.10/site-packages/airflow/example_dags/example_branch_day_of_week_operator.py
[2023-09-23T09:11:55.114-0400] {processor.py:829} INFO - Processing file /home/beau/airflow/py_env/lib/python3.10/site-packages/airflow/example_dags/example_branch_day_of_week_operator.py for tasks to queue
[2023-09-23T09:11:55.115-0400] {logging_mixin.py:151} INFO - [2023-09-23T09:11:55.115-0400] {dagbag.py:539} INFO - Filling up the DagBag from /home/beau/airflow/py_env/lib/python3.10/site-packages/airflow/example_dags/example_branch_day_of_week_operator.py
[2023-09-23T09:11:55.126-0400] {processor.py:839} INFO - DAG(s) dict_keys(['example_weekday_branch_operator']) retrieved from /home/beau/airflow/py_env/lib/python3.10/site-packages/airflow/example_dags/example_branch_day_of_week_operator.py
[2023-09-23T09:11:55.146-0400] {logging_mixin.py:151} INFO - [2023-09-23T09:11:55.146-0400] {dag.py:2915} INFO - Sync 1 DAGs
[2023-09-23T09:11:55.166-0400] {logging_mixin.py:151} INFO - [2023-09-23T09:11:55.165-0400] {dag.py:3696} INFO - Setting next_dagrun for example_weekday_branch_operator to 2023-09-22T00:00:00+00:00, run_after=2023-09-23T00:00:00+00:00
[2023-09-23T09:11:55.192-0400] {processor.py:179} INFO - Processing /home/beau/airflow/py_env/lib/python3.10/site-packages/airflow/example_dags/example_branch_day_of_week_operator.py took 0.087 seconds
[2023-09-23T09:12:44.592-0400] {processor.py:157} INFO - Started process (PID=14138) to work on /home/beau/airflow/py_env/lib/python3.10/site-packages/airflow/example_dags/example_branch_day_of_week_operator.py
[2023-09-23T09:12:44.594-0400] {processor.py:829} INFO - Processing file /home/beau/airflow/py_env/lib/python3.10/site-packages/airflow/example_dags/example_branch_day_of_week_operator.py for tasks to queue
[2023-09-23T09:12:44.596-0400] {logging_mixin.py:151} INFO - [2023-09-23T09:12:44.595-0400] {dagbag.py:539} INFO - Filling up the DagBag from /home/beau/airflow/py_env/lib/python3.10/site-packages/airflow/example_dags/example_branch_day_of_week_operator.py
[2023-09-23T09:12:44.609-0400] {processor.py:839} INFO - DAG(s) dict_keys(['example_weekday_branch_operator']) retrieved from /home/beau/airflow/py_env/lib/python3.10/site-packages/airflow/example_dags/example_branch_day_of_week_operator.py
[2023-09-23T09:12:44.629-0400] {logging_mixin.py:151} INFO - [2023-09-23T09:12:44.628-0400] {dag.py:2915} INFO - Sync 1 DAGs
[2023-09-23T09:12:44.647-0400] {logging_mixin.py:151} INFO - [2023-09-23T09:12:44.647-0400] {dag.py:3696} INFO - Setting next_dagrun for example_weekday_branch_operator to 2023-09-22T00:00:00+00:00, run_after=2023-09-23T00:00:00+00:00
[2023-09-23T09:12:44.670-0400] {processor.py:179} INFO - Processing /home/beau/airflow/py_env/lib/python3.10/site-packages/airflow/example_dags/example_branch_day_of_week_operator.py took 0.084 seconds
[2023-09-23T09:13:34.220-0400] {processor.py:157} INFO - Started process (PID=14740) to work on /home/beau/airflow/py_env/lib/python3.10/site-packages/airflow/example_dags/example_branch_day_of_week_operator.py
[2023-09-23T09:13:34.224-0400] {processor.py:829} INFO - Processing file /home/beau/airflow/py_env/lib/python3.10/site-packages/airflow/example_dags/example_branch_day_of_week_operator.py for tasks to queue
[2023-09-23T09:13:34.226-0400] {logging_mixin.py:151} INFO - [2023-09-23T09:13:34.225-0400] {dagbag.py:539} INFO - Filling up the DagBag from /home/beau/airflow/py_env/lib/python3.10/site-packages/airflow/example_dags/example_branch_day_of_week_operator.py
[2023-09-23T09:13:34.235-0400] {processor.py:839} INFO - DAG(s) dict_keys(['example_weekday_branch_operator']) retrieved from /home/beau/airflow/py_env/lib/python3.10/site-packages/airflow/example_dags/example_branch_day_of_week_operator.py
[2023-09-23T09:13:34.254-0400] {logging_mixin.py:151} INFO - [2023-09-23T09:13:34.254-0400] {dag.py:2915} INFO - Sync 1 DAGs
[2023-09-23T09:13:34.270-0400] {logging_mixin.py:151} INFO - [2023-09-23T09:13:34.269-0400] {dag.py:3696} INFO - Setting next_dagrun for example_weekday_branch_operator to 2023-09-22T00:00:00+00:00, run_after=2023-09-23T00:00:00+00:00
[2023-09-23T09:13:34.294-0400] {processor.py:179} INFO - Processing /home/beau/airflow/py_env/lib/python3.10/site-packages/airflow/example_dags/example_branch_day_of_week_operator.py took 0.078 seconds
[2023-09-23T09:14:21.572-0400] {processor.py:157} INFO - Started process (PID=15168) to work on /home/beau/airflow/py_env/lib/python3.10/site-packages/airflow/example_dags/example_branch_day_of_week_operator.py
[2023-09-23T09:14:21.574-0400] {processor.py:829} INFO - Processing file /home/beau/airflow/py_env/lib/python3.10/site-packages/airflow/example_dags/example_branch_day_of_week_operator.py for tasks to queue
[2023-09-23T09:14:21.576-0400] {logging_mixin.py:151} INFO - [2023-09-23T09:14:21.575-0400] {dagbag.py:539} INFO - Filling up the DagBag from /home/beau/airflow/py_env/lib/python3.10/site-packages/airflow/example_dags/example_branch_day_of_week_operator.py
[2023-09-23T09:14:21.586-0400] {processor.py:839} INFO - DAG(s) dict_keys(['example_weekday_branch_operator']) retrieved from /home/beau/airflow/py_env/lib/python3.10/site-packages/airflow/example_dags/example_branch_day_of_week_operator.py
[2023-09-23T09:14:21.607-0400] {logging_mixin.py:151} INFO - [2023-09-23T09:14:21.606-0400] {dag.py:2915} INFO - Sync 1 DAGs
[2023-09-23T09:14:21.623-0400] {logging_mixin.py:151} INFO - [2023-09-23T09:14:21.623-0400] {dag.py:3696} INFO - Setting next_dagrun for example_weekday_branch_operator to 2023-09-22T00:00:00+00:00, run_after=2023-09-23T00:00:00+00:00
[2023-09-23T09:14:21.646-0400] {processor.py:179} INFO - Processing /home/beau/airflow/py_env/lib/python3.10/site-packages/airflow/example_dags/example_branch_day_of_week_operator.py took 0.079 seconds
[2023-09-23T09:15:14.539-0400] {processor.py:157} INFO - Started process (PID=15429) to work on /home/beau/airflow/py_env/lib/python3.10/site-packages/airflow/example_dags/example_branch_day_of_week_operator.py
[2023-09-23T09:15:14.540-0400] {processor.py:829} INFO - Processing file /home/beau/airflow/py_env/lib/python3.10/site-packages/airflow/example_dags/example_branch_day_of_week_operator.py for tasks to queue
[2023-09-23T09:15:14.541-0400] {logging_mixin.py:151} INFO - [2023-09-23T09:15:14.541-0400] {dagbag.py:539} INFO - Filling up the DagBag from /home/beau/airflow/py_env/lib/python3.10/site-packages/airflow/example_dags/example_branch_day_of_week_operator.py
[2023-09-23T09:15:14.549-0400] {processor.py:839} INFO - DAG(s) dict_keys(['example_weekday_branch_operator']) retrieved from /home/beau/airflow/py_env/lib/python3.10/site-packages/airflow/example_dags/example_branch_day_of_week_operator.py
[2023-09-23T09:15:14.570-0400] {logging_mixin.py:151} INFO - [2023-09-23T09:15:14.569-0400] {dag.py:2915} INFO - Sync 1 DAGs
[2023-09-23T09:15:14.592-0400] {logging_mixin.py:151} INFO - [2023-09-23T09:15:14.591-0400] {dag.py:3696} INFO - Setting next_dagrun for example_weekday_branch_operator to 2023-09-22T00:00:00+00:00, run_after=2023-09-23T00:00:00+00:00
[2023-09-23T09:15:14.621-0400] {processor.py:179} INFO - Processing /home/beau/airflow/py_env/lib/python3.10/site-packages/airflow/example_dags/example_branch_day_of_week_operator.py took 0.086 seconds
[2023-09-23T09:17:51.925-0400] {processor.py:157} INFO - Started process (PID=16921) to work on /home/beau/airflow/py_env/lib/python3.10/site-packages/airflow/example_dags/example_branch_day_of_week_operator.py
[2023-09-23T09:17:51.928-0400] {processor.py:829} INFO - Processing file /home/beau/airflow/py_env/lib/python3.10/site-packages/airflow/example_dags/example_branch_day_of_week_operator.py for tasks to queue
[2023-09-23T09:17:51.930-0400] {logging_mixin.py:151} INFO - [2023-09-23T09:17:51.929-0400] {dagbag.py:539} INFO - Filling up the DagBag from /home/beau/airflow/py_env/lib/python3.10/site-packages/airflow/example_dags/example_branch_day_of_week_operator.py
[2023-09-23T09:17:51.939-0400] {processor.py:839} INFO - DAG(s) dict_keys(['example_weekday_branch_operator']) retrieved from /home/beau/airflow/py_env/lib/python3.10/site-packages/airflow/example_dags/example_branch_day_of_week_operator.py
[2023-09-23T09:17:51.957-0400] {logging_mixin.py:151} INFO - [2023-09-23T09:17:51.956-0400] {dag.py:2915} INFO - Sync 1 DAGs
[2023-09-23T09:17:51.977-0400] {logging_mixin.py:151} INFO - [2023-09-23T09:17:51.976-0400] {dag.py:3696} INFO - Setting next_dagrun for example_weekday_branch_operator to 2023-09-22T00:00:00+00:00, run_after=2023-09-23T00:00:00+00:00
[2023-09-23T09:17:52.004-0400] {processor.py:179} INFO - Processing /home/beau/airflow/py_env/lib/python3.10/site-packages/airflow/example_dags/example_branch_day_of_week_operator.py took 0.085 seconds
[2023-09-23T09:18:43.979-0400] {processor.py:157} INFO - Started process (PID=17208) to work on /home/beau/airflow/py_env/lib/python3.10/site-packages/airflow/example_dags/example_branch_day_of_week_operator.py
[2023-09-23T09:18:43.983-0400] {processor.py:829} INFO - Processing file /home/beau/airflow/py_env/lib/python3.10/site-packages/airflow/example_dags/example_branch_day_of_week_operator.py for tasks to queue
[2023-09-23T09:18:43.984-0400] {logging_mixin.py:151} INFO - [2023-09-23T09:18:43.984-0400] {dagbag.py:539} INFO - Filling up the DagBag from /home/beau/airflow/py_env/lib/python3.10/site-packages/airflow/example_dags/example_branch_day_of_week_operator.py
[2023-09-23T09:18:43.994-0400] {processor.py:839} INFO - DAG(s) dict_keys(['example_weekday_branch_operator']) retrieved from /home/beau/airflow/py_env/lib/python3.10/site-packages/airflow/example_dags/example_branch_day_of_week_operator.py
[2023-09-23T09:18:44.011-0400] {logging_mixin.py:151} INFO - [2023-09-23T09:18:44.011-0400] {dag.py:2915} INFO - Sync 1 DAGs
[2023-09-23T09:18:44.032-0400] {logging_mixin.py:151} INFO - [2023-09-23T09:18:44.031-0400] {dag.py:3696} INFO - Setting next_dagrun for example_weekday_branch_operator to 2023-09-22T00:00:00+00:00, run_after=2023-09-23T00:00:00+00:00
[2023-09-23T09:18:44.054-0400] {processor.py:179} INFO - Processing /home/beau/airflow/py_env/lib/python3.10/site-packages/airflow/example_dags/example_branch_day_of_week_operator.py took 0.080 seconds
[2023-09-23T09:19:39.208-0400] {processor.py:157} INFO - Started process (PID=17509) to work on /home/beau/airflow/py_env/lib/python3.10/site-packages/airflow/example_dags/example_branch_day_of_week_operator.py
[2023-09-23T09:19:39.212-0400] {processor.py:829} INFO - Processing file /home/beau/airflow/py_env/lib/python3.10/site-packages/airflow/example_dags/example_branch_day_of_week_operator.py for tasks to queue
[2023-09-23T09:19:39.213-0400] {logging_mixin.py:151} INFO - [2023-09-23T09:19:39.213-0400] {dagbag.py:539} INFO - Filling up the DagBag from /home/beau/airflow/py_env/lib/python3.10/site-packages/airflow/example_dags/example_branch_day_of_week_operator.py
[2023-09-23T09:19:39.224-0400] {processor.py:839} INFO - DAG(s) dict_keys(['example_weekday_branch_operator']) retrieved from /home/beau/airflow/py_env/lib/python3.10/site-packages/airflow/example_dags/example_branch_day_of_week_operator.py
[2023-09-23T09:19:39.244-0400] {logging_mixin.py:151} INFO - [2023-09-23T09:19:39.244-0400] {dag.py:2915} INFO - Sync 1 DAGs
[2023-09-23T09:19:39.262-0400] {logging_mixin.py:151} INFO - [2023-09-23T09:19:39.262-0400] {dag.py:3696} INFO - Setting next_dagrun for example_weekday_branch_operator to 2023-09-22T00:00:00+00:00, run_after=2023-09-23T00:00:00+00:00
[2023-09-23T09:19:39.285-0400] {processor.py:179} INFO - Processing /home/beau/airflow/py_env/lib/python3.10/site-packages/airflow/example_dags/example_branch_day_of_week_operator.py took 0.083 seconds
[2023-09-23T09:20:36.665-0400] {processor.py:157} INFO - Started process (PID=17811) to work on /home/beau/airflow/py_env/lib/python3.10/site-packages/airflow/example_dags/example_branch_day_of_week_operator.py
[2023-09-23T09:20:36.670-0400] {processor.py:829} INFO - Processing file /home/beau/airflow/py_env/lib/python3.10/site-packages/airflow/example_dags/example_branch_day_of_week_operator.py for tasks to queue
[2023-09-23T09:20:36.672-0400] {logging_mixin.py:151} INFO - [2023-09-23T09:20:36.671-0400] {dagbag.py:539} INFO - Filling up the DagBag from /home/beau/airflow/py_env/lib/python3.10/site-packages/airflow/example_dags/example_branch_day_of_week_operator.py
[2023-09-23T09:20:36.687-0400] {processor.py:839} INFO - DAG(s) dict_keys(['example_weekday_branch_operator']) retrieved from /home/beau/airflow/py_env/lib/python3.10/site-packages/airflow/example_dags/example_branch_day_of_week_operator.py
[2023-09-23T09:20:36.706-0400] {logging_mixin.py:151} INFO - [2023-09-23T09:20:36.706-0400] {dag.py:2915} INFO - Sync 1 DAGs
[2023-09-23T09:20:36.724-0400] {logging_mixin.py:151} INFO - [2023-09-23T09:20:36.724-0400] {dag.py:3696} INFO - Setting next_dagrun for example_weekday_branch_operator to 2023-09-22T00:00:00+00:00, run_after=2023-09-23T00:00:00+00:00
[2023-09-23T09:20:36.749-0400] {processor.py:179} INFO - Processing /home/beau/airflow/py_env/lib/python3.10/site-packages/airflow/example_dags/example_branch_day_of_week_operator.py took 0.091 seconds
[2023-09-23T09:21:35.037-0400] {processor.py:157} INFO - Started process (PID=18117) to work on /home/beau/airflow/py_env/lib/python3.10/site-packages/airflow/example_dags/example_branch_day_of_week_operator.py
[2023-09-23T09:21:35.041-0400] {processor.py:829} INFO - Processing file /home/beau/airflow/py_env/lib/python3.10/site-packages/airflow/example_dags/example_branch_day_of_week_operator.py for tasks to queue
[2023-09-23T09:21:35.043-0400] {logging_mixin.py:151} INFO - [2023-09-23T09:21:35.042-0400] {dagbag.py:539} INFO - Filling up the DagBag from /home/beau/airflow/py_env/lib/python3.10/site-packages/airflow/example_dags/example_branch_day_of_week_operator.py
[2023-09-23T09:21:35.064-0400] {processor.py:839} INFO - DAG(s) dict_keys(['example_weekday_branch_operator']) retrieved from /home/beau/airflow/py_env/lib/python3.10/site-packages/airflow/example_dags/example_branch_day_of_week_operator.py
[2023-09-23T09:21:35.084-0400] {logging_mixin.py:151} INFO - [2023-09-23T09:21:35.084-0400] {dag.py:2915} INFO - Sync 1 DAGs
[2023-09-23T09:21:35.101-0400] {logging_mixin.py:151} INFO - [2023-09-23T09:21:35.101-0400] {dag.py:3696} INFO - Setting next_dagrun for example_weekday_branch_operator to 2023-09-22T00:00:00+00:00, run_after=2023-09-23T00:00:00+00:00
[2023-09-23T09:21:35.126-0400] {processor.py:179} INFO - Processing /home/beau/airflow/py_env/lib/python3.10/site-packages/airflow/example_dags/example_branch_day_of_week_operator.py took 0.091 seconds
[2023-09-23T09:24:10.131-0400] {processor.py:157} INFO - Started process (PID=19411) to work on /home/beau/airflow/py_env/lib/python3.10/site-packages/airflow/example_dags/example_branch_day_of_week_operator.py
[2023-09-23T09:24:10.135-0400] {processor.py:829} INFO - Processing file /home/beau/airflow/py_env/lib/python3.10/site-packages/airflow/example_dags/example_branch_day_of_week_operator.py for tasks to queue
[2023-09-23T09:24:10.136-0400] {logging_mixin.py:151} INFO - [2023-09-23T09:24:10.135-0400] {dagbag.py:539} INFO - Filling up the DagBag from /home/beau/airflow/py_env/lib/python3.10/site-packages/airflow/example_dags/example_branch_day_of_week_operator.py
[2023-09-23T09:24:10.146-0400] {processor.py:839} INFO - DAG(s) dict_keys(['example_weekday_branch_operator']) retrieved from /home/beau/airflow/py_env/lib/python3.10/site-packages/airflow/example_dags/example_branch_day_of_week_operator.py
[2023-09-23T09:24:10.165-0400] {logging_mixin.py:151} INFO - [2023-09-23T09:24:10.165-0400] {dag.py:2915} INFO - Sync 1 DAGs
[2023-09-23T09:24:10.181-0400] {logging_mixin.py:151} INFO - [2023-09-23T09:24:10.180-0400] {dag.py:3696} INFO - Setting next_dagrun for example_weekday_branch_operator to 2023-09-22T00:00:00+00:00, run_after=2023-09-23T00:00:00+00:00
[2023-09-23T09:24:10.203-0400] {processor.py:179} INFO - Processing /home/beau/airflow/py_env/lib/python3.10/site-packages/airflow/example_dags/example_branch_day_of_week_operator.py took 0.076 seconds
[2023-09-23T09:25:03.158-0400] {processor.py:157} INFO - Started process (PID=19723) to work on /home/beau/airflow/py_env/lib/python3.10/site-packages/airflow/example_dags/example_branch_day_of_week_operator.py
[2023-09-23T09:25:03.163-0400] {processor.py:829} INFO - Processing file /home/beau/airflow/py_env/lib/python3.10/site-packages/airflow/example_dags/example_branch_day_of_week_operator.py for tasks to queue
[2023-09-23T09:25:03.165-0400] {logging_mixin.py:151} INFO - [2023-09-23T09:25:03.164-0400] {dagbag.py:539} INFO - Filling up the DagBag from /home/beau/airflow/py_env/lib/python3.10/site-packages/airflow/example_dags/example_branch_day_of_week_operator.py
[2023-09-23T09:25:03.173-0400] {processor.py:839} INFO - DAG(s) dict_keys(['example_weekday_branch_operator']) retrieved from /home/beau/airflow/py_env/lib/python3.10/site-packages/airflow/example_dags/example_branch_day_of_week_operator.py
[2023-09-23T09:25:03.199-0400] {logging_mixin.py:151} INFO - [2023-09-23T09:25:03.199-0400] {dag.py:2915} INFO - Sync 1 DAGs
[2023-09-23T09:25:03.228-0400] {logging_mixin.py:151} INFO - [2023-09-23T09:25:03.227-0400] {dag.py:3696} INFO - Setting next_dagrun for example_weekday_branch_operator to 2023-09-22T00:00:00+00:00, run_after=2023-09-23T00:00:00+00:00
[2023-09-23T09:25:03.258-0400] {processor.py:179} INFO - Processing /home/beau/airflow/py_env/lib/python3.10/site-packages/airflow/example_dags/example_branch_day_of_week_operator.py took 0.105 seconds
[2023-09-23T09:25:56.328-0400] {processor.py:157} INFO - Started process (PID=20031) to work on /home/beau/airflow/py_env/lib/python3.10/site-packages/airflow/example_dags/example_branch_day_of_week_operator.py
[2023-09-23T09:25:56.331-0400] {processor.py:829} INFO - Processing file /home/beau/airflow/py_env/lib/python3.10/site-packages/airflow/example_dags/example_branch_day_of_week_operator.py for tasks to queue
[2023-09-23T09:25:56.332-0400] {logging_mixin.py:151} INFO - [2023-09-23T09:25:56.332-0400] {dagbag.py:539} INFO - Filling up the DagBag from /home/beau/airflow/py_env/lib/python3.10/site-packages/airflow/example_dags/example_branch_day_of_week_operator.py
[2023-09-23T09:25:56.341-0400] {processor.py:839} INFO - DAG(s) dict_keys(['example_weekday_branch_operator']) retrieved from /home/beau/airflow/py_env/lib/python3.10/site-packages/airflow/example_dags/example_branch_day_of_week_operator.py
[2023-09-23T09:25:56.359-0400] {logging_mixin.py:151} INFO - [2023-09-23T09:25:56.359-0400] {dag.py:2915} INFO - Sync 1 DAGs
[2023-09-23T09:25:56.386-0400] {logging_mixin.py:151} INFO - [2023-09-23T09:25:56.385-0400] {dag.py:3696} INFO - Setting next_dagrun for example_weekday_branch_operator to 2023-09-22T00:00:00+00:00, run_after=2023-09-23T00:00:00+00:00
[2023-09-23T09:25:56.420-0400] {processor.py:179} INFO - Processing /home/beau/airflow/py_env/lib/python3.10/site-packages/airflow/example_dags/example_branch_day_of_week_operator.py took 0.095 seconds
[2023-09-23T09:37:16.890-0400] {processor.py:157} INFO - Started process (PID=1325) to work on /home/beau/airflow/py_env/lib/python3.10/site-packages/airflow/example_dags/example_branch_day_of_week_operator.py
[2023-09-23T09:37:16.891-0400] {processor.py:829} INFO - Processing file /home/beau/airflow/py_env/lib/python3.10/site-packages/airflow/example_dags/example_branch_day_of_week_operator.py for tasks to queue
[2023-09-23T09:37:16.892-0400] {logging_mixin.py:151} INFO - [2023-09-23T09:37:16.892-0400] {dagbag.py:539} INFO - Filling up the DagBag from /home/beau/airflow/py_env/lib/python3.10/site-packages/airflow/example_dags/example_branch_day_of_week_operator.py
[2023-09-23T09:37:16.898-0400] {processor.py:839} INFO - DAG(s) dict_keys(['example_weekday_branch_operator']) retrieved from /home/beau/airflow/py_env/lib/python3.10/site-packages/airflow/example_dags/example_branch_day_of_week_operator.py
[2023-09-23T09:37:16.912-0400] {logging_mixin.py:151} INFO - [2023-09-23T09:37:16.912-0400] {dag.py:2915} INFO - Sync 1 DAGs
[2023-09-23T09:37:16.929-0400] {logging_mixin.py:151} INFO - [2023-09-23T09:37:16.929-0400] {dag.py:3696} INFO - Setting next_dagrun for example_weekday_branch_operator to 2023-09-22T00:00:00+00:00, run_after=2023-09-23T00:00:00+00:00
[2023-09-23T09:37:16.956-0400] {processor.py:179} INFO - Processing /home/beau/airflow/py_env/lib/python3.10/site-packages/airflow/example_dags/example_branch_day_of_week_operator.py took 0.069 seconds
[2023-09-23T09:38:07.436-0400] {processor.py:157} INFO - Started process (PID=2097) to work on /home/beau/airflow/py_env/lib/python3.10/site-packages/airflow/example_dags/example_branch_day_of_week_operator.py
[2023-09-23T09:38:07.439-0400] {processor.py:829} INFO - Processing file /home/beau/airflow/py_env/lib/python3.10/site-packages/airflow/example_dags/example_branch_day_of_week_operator.py for tasks to queue
[2023-09-23T09:38:07.440-0400] {logging_mixin.py:151} INFO - [2023-09-23T09:38:07.439-0400] {dagbag.py:539} INFO - Filling up the DagBag from /home/beau/airflow/py_env/lib/python3.10/site-packages/airflow/example_dags/example_branch_day_of_week_operator.py
[2023-09-23T09:38:07.448-0400] {processor.py:839} INFO - DAG(s) dict_keys(['example_weekday_branch_operator']) retrieved from /home/beau/airflow/py_env/lib/python3.10/site-packages/airflow/example_dags/example_branch_day_of_week_operator.py
[2023-09-23T09:38:07.464-0400] {logging_mixin.py:151} INFO - [2023-09-23T09:38:07.464-0400] {dag.py:2915} INFO - Sync 1 DAGs
[2023-09-23T09:38:07.484-0400] {logging_mixin.py:151} INFO - [2023-09-23T09:38:07.483-0400] {dag.py:3696} INFO - Setting next_dagrun for example_weekday_branch_operator to 2023-09-22T00:00:00+00:00, run_after=2023-09-23T00:00:00+00:00
[2023-09-23T09:38:07.511-0400] {processor.py:179} INFO - Processing /home/beau/airflow/py_env/lib/python3.10/site-packages/airflow/example_dags/example_branch_day_of_week_operator.py took 0.078 seconds
[2023-09-23T09:38:53.845-0400] {processor.py:157} INFO - Started process (PID=2435) to work on /home/beau/airflow/py_env/lib/python3.10/site-packages/airflow/example_dags/example_branch_day_of_week_operator.py
[2023-09-23T09:38:53.851-0400] {processor.py:829} INFO - Processing file /home/beau/airflow/py_env/lib/python3.10/site-packages/airflow/example_dags/example_branch_day_of_week_operator.py for tasks to queue
[2023-09-23T09:38:53.853-0400] {logging_mixin.py:151} INFO - [2023-09-23T09:38:53.852-0400] {dagbag.py:539} INFO - Filling up the DagBag from /home/beau/airflow/py_env/lib/python3.10/site-packages/airflow/example_dags/example_branch_day_of_week_operator.py
[2023-09-23T09:38:53.876-0400] {processor.py:839} INFO - DAG(s) dict_keys(['example_weekday_branch_operator']) retrieved from /home/beau/airflow/py_env/lib/python3.10/site-packages/airflow/example_dags/example_branch_day_of_week_operator.py
[2023-09-23T09:38:53.902-0400] {logging_mixin.py:151} INFO - [2023-09-23T09:38:53.902-0400] {dag.py:2915} INFO - Sync 1 DAGs
[2023-09-23T09:38:53.917-0400] {logging_mixin.py:151} INFO - [2023-09-23T09:38:53.917-0400] {dag.py:3696} INFO - Setting next_dagrun for example_weekday_branch_operator to 2023-09-22T00:00:00+00:00, run_after=2023-09-23T00:00:00+00:00
[2023-09-23T09:38:53.941-0400] {processor.py:179} INFO - Processing /home/beau/airflow/py_env/lib/python3.10/site-packages/airflow/example_dags/example_branch_day_of_week_operator.py took 0.106 seconds
[2023-09-23T09:39:44.415-0400] {processor.py:157} INFO - Started process (PID=3063) to work on /home/beau/airflow/py_env/lib/python3.10/site-packages/airflow/example_dags/example_branch_day_of_week_operator.py
[2023-09-23T09:39:44.419-0400] {processor.py:829} INFO - Processing file /home/beau/airflow/py_env/lib/python3.10/site-packages/airflow/example_dags/example_branch_day_of_week_operator.py for tasks to queue
[2023-09-23T09:39:44.421-0400] {logging_mixin.py:151} INFO - [2023-09-23T09:39:44.421-0400] {dagbag.py:539} INFO - Filling up the DagBag from /home/beau/airflow/py_env/lib/python3.10/site-packages/airflow/example_dags/example_branch_day_of_week_operator.py
[2023-09-23T09:39:44.436-0400] {processor.py:839} INFO - DAG(s) dict_keys(['example_weekday_branch_operator']) retrieved from /home/beau/airflow/py_env/lib/python3.10/site-packages/airflow/example_dags/example_branch_day_of_week_operator.py
[2023-09-23T09:39:44.456-0400] {logging_mixin.py:151} INFO - [2023-09-23T09:39:44.455-0400] {dag.py:2915} INFO - Sync 1 DAGs
[2023-09-23T09:39:44.475-0400] {logging_mixin.py:151} INFO - [2023-09-23T09:39:44.474-0400] {dag.py:3696} INFO - Setting next_dagrun for example_weekday_branch_operator to 2023-09-22T00:00:00+00:00, run_after=2023-09-23T00:00:00+00:00
[2023-09-23T09:39:44.502-0400] {processor.py:179} INFO - Processing /home/beau/airflow/py_env/lib/python3.10/site-packages/airflow/example_dags/example_branch_day_of_week_operator.py took 0.093 seconds
[2023-09-23T09:40:38.231-0400] {processor.py:157} INFO - Started process (PID=3643) to work on /home/beau/airflow/py_env/lib/python3.10/site-packages/airflow/example_dags/example_branch_day_of_week_operator.py
[2023-09-23T09:40:38.235-0400] {processor.py:829} INFO - Processing file /home/beau/airflow/py_env/lib/python3.10/site-packages/airflow/example_dags/example_branch_day_of_week_operator.py for tasks to queue
[2023-09-23T09:40:38.237-0400] {logging_mixin.py:151} INFO - [2023-09-23T09:40:38.236-0400] {dagbag.py:539} INFO - Filling up the DagBag from /home/beau/airflow/py_env/lib/python3.10/site-packages/airflow/example_dags/example_branch_day_of_week_operator.py
[2023-09-23T09:40:38.252-0400] {processor.py:839} INFO - DAG(s) dict_keys(['example_weekday_branch_operator']) retrieved from /home/beau/airflow/py_env/lib/python3.10/site-packages/airflow/example_dags/example_branch_day_of_week_operator.py
[2023-09-23T09:40:38.272-0400] {logging_mixin.py:151} INFO - [2023-09-23T09:40:38.272-0400] {dag.py:2915} INFO - Sync 1 DAGs
[2023-09-23T09:40:38.288-0400] {logging_mixin.py:151} INFO - [2023-09-23T09:40:38.288-0400] {dag.py:3696} INFO - Setting next_dagrun for example_weekday_branch_operator to 2023-09-22T00:00:00+00:00, run_after=2023-09-23T00:00:00+00:00
[2023-09-23T09:40:38.311-0400] {processor.py:179} INFO - Processing /home/beau/airflow/py_env/lib/python3.10/site-packages/airflow/example_dags/example_branch_day_of_week_operator.py took 0.086 seconds
