[2023-09-23T09:06:57.577-0400] {processor.py:157} INFO - Started process (PID=11645) to work on /home/beau/airflow/py_env/lib/python3.10/site-packages/airflow/example_dags/example_nested_branch_dag.py
[2023-09-23T09:06:57.579-0400] {processor.py:829} INFO - Processing file /home/beau/airflow/py_env/lib/python3.10/site-packages/airflow/example_dags/example_nested_branch_dag.py for tasks to queue
[2023-09-23T09:06:57.581-0400] {logging_mixin.py:151} INFO - [2023-09-23T09:06:57.580-0400] {dagbag.py:539} INFO - Filling up the DagBag from /home/beau/airflow/py_env/lib/python3.10/site-packages/airflow/example_dags/example_nested_branch_dag.py
[2023-09-23T09:06:57.597-0400] {processor.py:839} INFO - DAG(s) dict_keys(['example_nested_branch_dag']) retrieved from /home/beau/airflow/py_env/lib/python3.10/site-packages/airflow/example_dags/example_nested_branch_dag.py
[2023-09-23T09:06:57.697-0400] {logging_mixin.py:151} INFO - [2023-09-23T09:06:57.696-0400] {manager.py:499} INFO - Created Permission View: %s
[2023-09-23T09:06:57.710-0400] {logging_mixin.py:151} INFO - [2023-09-23T09:06:57.710-0400] {manager.py:499} INFO - Created Permission View: %s
[2023-09-23T09:06:57.721-0400] {logging_mixin.py:151} INFO - [2023-09-23T09:06:57.720-0400] {manager.py:499} INFO - Created Permission View: %s
[2023-09-23T09:06:57.721-0400] {logging_mixin.py:151} INFO - [2023-09-23T09:06:57.721-0400] {security.py:708} INFO - Not syncing DAG-level permissions for DAG 'DAG:example_nested_branch_dag' as access control is unset.
[2023-09-23T09:06:57.722-0400] {logging_mixin.py:151} INFO - [2023-09-23T09:06:57.721-0400] {dag.py:2915} INFO - Sync 1 DAGs
[2023-09-23T09:06:57.732-0400] {logging_mixin.py:151} INFO - [2023-09-23T09:06:57.732-0400] {dag.py:2937} INFO - Creating ORM DAG for example_nested_branch_dag
[2023-09-23T09:06:57.742-0400] {logging_mixin.py:151} INFO - [2023-09-23T09:06:57.741-0400] {dag.py:3696} INFO - Setting next_dagrun for example_nested_branch_dag to 2023-09-22T00:00:00+00:00, run_after=2023-09-23T00:00:00+00:00
[2023-09-23T09:06:57.768-0400] {processor.py:179} INFO - Processing /home/beau/airflow/py_env/lib/python3.10/site-packages/airflow/example_dags/example_nested_branch_dag.py took 0.196 seconds
[2023-09-23T09:07:52.456-0400] {processor.py:157} INFO - Started process (PID=12046) to work on /home/beau/airflow/py_env/lib/python3.10/site-packages/airflow/example_dags/example_nested_branch_dag.py
[2023-09-23T09:07:52.460-0400] {processor.py:829} INFO - Processing file /home/beau/airflow/py_env/lib/python3.10/site-packages/airflow/example_dags/example_nested_branch_dag.py for tasks to queue
[2023-09-23T09:07:52.461-0400] {logging_mixin.py:151} INFO - [2023-09-23T09:07:52.461-0400] {dagbag.py:539} INFO - Filling up the DagBag from /home/beau/airflow/py_env/lib/python3.10/site-packages/airflow/example_dags/example_nested_branch_dag.py
[2023-09-23T09:07:52.469-0400] {processor.py:839} INFO - DAG(s) dict_keys(['example_nested_branch_dag']) retrieved from /home/beau/airflow/py_env/lib/python3.10/site-packages/airflow/example_dags/example_nested_branch_dag.py
[2023-09-23T09:07:52.484-0400] {logging_mixin.py:151} INFO - [2023-09-23T09:07:52.483-0400] {dag.py:2915} INFO - Sync 1 DAGs
[2023-09-23T09:07:52.499-0400] {logging_mixin.py:151} INFO - [2023-09-23T09:07:52.499-0400] {dag.py:3696} INFO - Setting next_dagrun for example_nested_branch_dag to 2023-09-22T00:00:00+00:00, run_after=2023-09-23T00:00:00+00:00
[2023-09-23T09:07:52.521-0400] {processor.py:179} INFO - Processing /home/beau/airflow/py_env/lib/python3.10/site-packages/airflow/example_dags/example_nested_branch_dag.py took 0.067 seconds
[2023-09-23T09:08:44.570-0400] {processor.py:157} INFO - Started process (PID=12427) to work on /home/beau/airflow/py_env/lib/python3.10/site-packages/airflow/example_dags/example_nested_branch_dag.py
[2023-09-23T09:08:44.574-0400] {processor.py:829} INFO - Processing file /home/beau/airflow/py_env/lib/python3.10/site-packages/airflow/example_dags/example_nested_branch_dag.py for tasks to queue
[2023-09-23T09:08:44.575-0400] {logging_mixin.py:151} INFO - [2023-09-23T09:08:44.575-0400] {dagbag.py:539} INFO - Filling up the DagBag from /home/beau/airflow/py_env/lib/python3.10/site-packages/airflow/example_dags/example_nested_branch_dag.py
[2023-09-23T09:08:44.590-0400] {processor.py:839} INFO - DAG(s) dict_keys(['example_nested_branch_dag']) retrieved from /home/beau/airflow/py_env/lib/python3.10/site-packages/airflow/example_dags/example_nested_branch_dag.py
[2023-09-23T09:08:44.609-0400] {logging_mixin.py:151} INFO - [2023-09-23T09:08:44.609-0400] {dag.py:2915} INFO - Sync 1 DAGs
[2023-09-23T09:08:44.638-0400] {logging_mixin.py:151} INFO - [2023-09-23T09:08:44.637-0400] {dag.py:3696} INFO - Setting next_dagrun for example_nested_branch_dag to 2023-09-22T00:00:00+00:00, run_after=2023-09-23T00:00:00+00:00
[2023-09-23T09:08:44.667-0400] {processor.py:179} INFO - Processing /home/beau/airflow/py_env/lib/python3.10/site-packages/airflow/example_dags/example_nested_branch_dag.py took 0.103 seconds
[2023-09-23T09:09:33.819-0400] {processor.py:157} INFO - Started process (PID=12805) to work on /home/beau/airflow/py_env/lib/python3.10/site-packages/airflow/example_dags/example_nested_branch_dag.py
[2023-09-23T09:09:33.823-0400] {processor.py:829} INFO - Processing file /home/beau/airflow/py_env/lib/python3.10/site-packages/airflow/example_dags/example_nested_branch_dag.py for tasks to queue
[2023-09-23T09:09:33.825-0400] {logging_mixin.py:151} INFO - [2023-09-23T09:09:33.824-0400] {dagbag.py:539} INFO - Filling up the DagBag from /home/beau/airflow/py_env/lib/python3.10/site-packages/airflow/example_dags/example_nested_branch_dag.py
[2023-09-23T09:09:33.840-0400] {processor.py:839} INFO - DAG(s) dict_keys(['example_nested_branch_dag']) retrieved from /home/beau/airflow/py_env/lib/python3.10/site-packages/airflow/example_dags/example_nested_branch_dag.py
[2023-09-23T09:09:33.856-0400] {logging_mixin.py:151} INFO - [2023-09-23T09:09:33.856-0400] {dag.py:2915} INFO - Sync 1 DAGs
[2023-09-23T09:09:33.875-0400] {logging_mixin.py:151} INFO - [2023-09-23T09:09:33.874-0400] {dag.py:3696} INFO - Setting next_dagrun for example_nested_branch_dag to 2023-09-22T00:00:00+00:00, run_after=2023-09-23T00:00:00+00:00
[2023-09-23T09:09:33.903-0400] {processor.py:179} INFO - Processing /home/beau/airflow/py_env/lib/python3.10/site-packages/airflow/example_dags/example_nested_branch_dag.py took 0.089 seconds
[2023-09-23T09:10:20.573-0400] {processor.py:157} INFO - Started process (PID=13045) to work on /home/beau/airflow/py_env/lib/python3.10/site-packages/airflow/example_dags/example_nested_branch_dag.py
[2023-09-23T09:10:20.577-0400] {processor.py:829} INFO - Processing file /home/beau/airflow/py_env/lib/python3.10/site-packages/airflow/example_dags/example_nested_branch_dag.py for tasks to queue
[2023-09-23T09:10:20.580-0400] {logging_mixin.py:151} INFO - [2023-09-23T09:10:20.579-0400] {dagbag.py:539} INFO - Filling up the DagBag from /home/beau/airflow/py_env/lib/python3.10/site-packages/airflow/example_dags/example_nested_branch_dag.py
[2023-09-23T09:10:20.595-0400] {processor.py:839} INFO - DAG(s) dict_keys(['example_nested_branch_dag']) retrieved from /home/beau/airflow/py_env/lib/python3.10/site-packages/airflow/example_dags/example_nested_branch_dag.py
[2023-09-23T09:10:20.618-0400] {logging_mixin.py:151} INFO - [2023-09-23T09:10:20.617-0400] {dag.py:2915} INFO - Sync 1 DAGs
[2023-09-23T09:10:20.634-0400] {logging_mixin.py:151} INFO - [2023-09-23T09:10:20.634-0400] {dag.py:3696} INFO - Setting next_dagrun for example_nested_branch_dag to 2023-09-22T00:00:00+00:00, run_after=2023-09-23T00:00:00+00:00
[2023-09-23T09:10:20.662-0400] {processor.py:179} INFO - Processing /home/beau/airflow/py_env/lib/python3.10/site-packages/airflow/example_dags/example_nested_branch_dag.py took 0.099 seconds
[2023-09-23T09:11:10.655-0400] {processor.py:157} INFO - Started process (PID=13452) to work on /home/beau/airflow/py_env/lib/python3.10/site-packages/airflow/example_dags/example_nested_branch_dag.py
[2023-09-23T09:11:10.660-0400] {processor.py:829} INFO - Processing file /home/beau/airflow/py_env/lib/python3.10/site-packages/airflow/example_dags/example_nested_branch_dag.py for tasks to queue
[2023-09-23T09:11:10.661-0400] {logging_mixin.py:151} INFO - [2023-09-23T09:11:10.661-0400] {dagbag.py:539} INFO - Filling up the DagBag from /home/beau/airflow/py_env/lib/python3.10/site-packages/airflow/example_dags/example_nested_branch_dag.py
[2023-09-23T09:11:10.678-0400] {processor.py:839} INFO - DAG(s) dict_keys(['example_nested_branch_dag']) retrieved from /home/beau/airflow/py_env/lib/python3.10/site-packages/airflow/example_dags/example_nested_branch_dag.py
[2023-09-23T09:11:10.692-0400] {logging_mixin.py:151} INFO - [2023-09-23T09:11:10.692-0400] {dag.py:2915} INFO - Sync 1 DAGs
[2023-09-23T09:11:10.708-0400] {logging_mixin.py:151} INFO - [2023-09-23T09:11:10.708-0400] {dag.py:3696} INFO - Setting next_dagrun for example_nested_branch_dag to 2023-09-22T00:00:00+00:00, run_after=2023-09-23T00:00:00+00:00
[2023-09-23T09:11:10.730-0400] {processor.py:179} INFO - Processing /home/beau/airflow/py_env/lib/python3.10/site-packages/airflow/example_dags/example_nested_branch_dag.py took 0.080 seconds
[2023-09-23T09:11:59.103-0400] {processor.py:157} INFO - Started process (PID=13777) to work on /home/beau/airflow/py_env/lib/python3.10/site-packages/airflow/example_dags/example_nested_branch_dag.py
[2023-09-23T09:11:59.109-0400] {processor.py:829} INFO - Processing file /home/beau/airflow/py_env/lib/python3.10/site-packages/airflow/example_dags/example_nested_branch_dag.py for tasks to queue
[2023-09-23T09:11:59.111-0400] {logging_mixin.py:151} INFO - [2023-09-23T09:11:59.110-0400] {dagbag.py:539} INFO - Filling up the DagBag from /home/beau/airflow/py_env/lib/python3.10/site-packages/airflow/example_dags/example_nested_branch_dag.py
[2023-09-23T09:11:59.144-0400] {processor.py:839} INFO - DAG(s) dict_keys(['example_nested_branch_dag']) retrieved from /home/beau/airflow/py_env/lib/python3.10/site-packages/airflow/example_dags/example_nested_branch_dag.py
[2023-09-23T09:11:59.173-0400] {logging_mixin.py:151} INFO - [2023-09-23T09:11:59.173-0400] {dag.py:2915} INFO - Sync 1 DAGs
[2023-09-23T09:11:59.195-0400] {logging_mixin.py:151} INFO - [2023-09-23T09:11:59.194-0400] {dag.py:3696} INFO - Setting next_dagrun for example_nested_branch_dag to 2023-09-22T00:00:00+00:00, run_after=2023-09-23T00:00:00+00:00
[2023-09-23T09:11:59.224-0400] {processor.py:179} INFO - Processing /home/beau/airflow/py_env/lib/python3.10/site-packages/airflow/example_dags/example_nested_branch_dag.py took 0.132 seconds
[2023-09-23T09:12:49.517-0400] {processor.py:157} INFO - Started process (PID=14181) to work on /home/beau/airflow/py_env/lib/python3.10/site-packages/airflow/example_dags/example_nested_branch_dag.py
[2023-09-23T09:12:49.522-0400] {processor.py:829} INFO - Processing file /home/beau/airflow/py_env/lib/python3.10/site-packages/airflow/example_dags/example_nested_branch_dag.py for tasks to queue
[2023-09-23T09:12:49.523-0400] {logging_mixin.py:151} INFO - [2023-09-23T09:12:49.523-0400] {dagbag.py:539} INFO - Filling up the DagBag from /home/beau/airflow/py_env/lib/python3.10/site-packages/airflow/example_dags/example_nested_branch_dag.py
[2023-09-23T09:12:49.540-0400] {processor.py:839} INFO - DAG(s) dict_keys(['example_nested_branch_dag']) retrieved from /home/beau/airflow/py_env/lib/python3.10/site-packages/airflow/example_dags/example_nested_branch_dag.py
[2023-09-23T09:12:49.555-0400] {logging_mixin.py:151} INFO - [2023-09-23T09:12:49.555-0400] {dag.py:2915} INFO - Sync 1 DAGs
[2023-09-23T09:12:49.571-0400] {logging_mixin.py:151} INFO - [2023-09-23T09:12:49.571-0400] {dag.py:3696} INFO - Setting next_dagrun for example_nested_branch_dag to 2023-09-22T00:00:00+00:00, run_after=2023-09-23T00:00:00+00:00
[2023-09-23T09:12:49.592-0400] {processor.py:179} INFO - Processing /home/beau/airflow/py_env/lib/python3.10/site-packages/airflow/example_dags/example_nested_branch_dag.py took 0.082 seconds
[2023-09-23T09:13:38.924-0400] {processor.py:157} INFO - Started process (PID=14818) to work on /home/beau/airflow/py_env/lib/python3.10/site-packages/airflow/example_dags/example_nested_branch_dag.py
[2023-09-23T09:13:38.930-0400] {processor.py:829} INFO - Processing file /home/beau/airflow/py_env/lib/python3.10/site-packages/airflow/example_dags/example_nested_branch_dag.py for tasks to queue
[2023-09-23T09:13:38.933-0400] {logging_mixin.py:151} INFO - [2023-09-23T09:13:38.932-0400] {dagbag.py:539} INFO - Filling up the DagBag from /home/beau/airflow/py_env/lib/python3.10/site-packages/airflow/example_dags/example_nested_branch_dag.py
[2023-09-23T09:13:38.955-0400] {processor.py:839} INFO - DAG(s) dict_keys(['example_nested_branch_dag']) retrieved from /home/beau/airflow/py_env/lib/python3.10/site-packages/airflow/example_dags/example_nested_branch_dag.py
[2023-09-23T09:13:38.974-0400] {logging_mixin.py:151} INFO - [2023-09-23T09:13:38.974-0400] {dag.py:2915} INFO - Sync 1 DAGs
[2023-09-23T09:13:38.989-0400] {logging_mixin.py:151} INFO - [2023-09-23T09:13:38.989-0400] {dag.py:3696} INFO - Setting next_dagrun for example_nested_branch_dag to 2023-09-22T00:00:00+00:00, run_after=2023-09-23T00:00:00+00:00
[2023-09-23T09:13:39.017-0400] {processor.py:179} INFO - Processing /home/beau/airflow/py_env/lib/python3.10/site-packages/airflow/example_dags/example_nested_branch_dag.py took 0.102 seconds
[2023-09-23T09:14:25.522-0400] {processor.py:157} INFO - Started process (PID=15184) to work on /home/beau/airflow/py_env/lib/python3.10/site-packages/airflow/example_dags/example_nested_branch_dag.py
[2023-09-23T09:14:25.526-0400] {processor.py:829} INFO - Processing file /home/beau/airflow/py_env/lib/python3.10/site-packages/airflow/example_dags/example_nested_branch_dag.py for tasks to queue
[2023-09-23T09:14:25.527-0400] {logging_mixin.py:151} INFO - [2023-09-23T09:14:25.527-0400] {dagbag.py:539} INFO - Filling up the DagBag from /home/beau/airflow/py_env/lib/python3.10/site-packages/airflow/example_dags/example_nested_branch_dag.py
[2023-09-23T09:14:25.539-0400] {processor.py:839} INFO - DAG(s) dict_keys(['example_nested_branch_dag']) retrieved from /home/beau/airflow/py_env/lib/python3.10/site-packages/airflow/example_dags/example_nested_branch_dag.py
[2023-09-23T09:14:25.554-0400] {logging_mixin.py:151} INFO - [2023-09-23T09:14:25.554-0400] {dag.py:2915} INFO - Sync 1 DAGs
[2023-09-23T09:14:25.572-0400] {logging_mixin.py:151} INFO - [2023-09-23T09:14:25.572-0400] {dag.py:3696} INFO - Setting next_dagrun for example_nested_branch_dag to 2023-09-22T00:00:00+00:00, run_after=2023-09-23T00:00:00+00:00
[2023-09-23T09:14:25.594-0400] {processor.py:179} INFO - Processing /home/beau/airflow/py_env/lib/python3.10/site-packages/airflow/example_dags/example_nested_branch_dag.py took 0.076 seconds
[2023-09-23T09:15:17.302-0400] {processor.py:157} INFO - Started process (PID=15445) to work on /home/beau/airflow/py_env/lib/python3.10/site-packages/airflow/example_dags/example_nested_branch_dag.py
[2023-09-23T09:15:17.303-0400] {processor.py:829} INFO - Processing file /home/beau/airflow/py_env/lib/python3.10/site-packages/airflow/example_dags/example_nested_branch_dag.py for tasks to queue
[2023-09-23T09:15:17.305-0400] {logging_mixin.py:151} INFO - [2023-09-23T09:15:17.304-0400] {dagbag.py:539} INFO - Filling up the DagBag from /home/beau/airflow/py_env/lib/python3.10/site-packages/airflow/example_dags/example_nested_branch_dag.py
[2023-09-23T09:15:17.316-0400] {processor.py:839} INFO - DAG(s) dict_keys(['example_nested_branch_dag']) retrieved from /home/beau/airflow/py_env/lib/python3.10/site-packages/airflow/example_dags/example_nested_branch_dag.py
[2023-09-23T09:15:17.337-0400] {logging_mixin.py:151} INFO - [2023-09-23T09:15:17.337-0400] {dag.py:2915} INFO - Sync 1 DAGs
[2023-09-23T09:15:17.358-0400] {logging_mixin.py:151} INFO - [2023-09-23T09:15:17.358-0400] {dag.py:3696} INFO - Setting next_dagrun for example_nested_branch_dag to 2023-09-22T00:00:00+00:00, run_after=2023-09-23T00:00:00+00:00
[2023-09-23T09:15:17.387-0400] {processor.py:179} INFO - Processing /home/beau/airflow/py_env/lib/python3.10/site-packages/airflow/example_dags/example_nested_branch_dag.py took 0.089 seconds
[2023-09-23T09:17:56.324-0400] {processor.py:157} INFO - Started process (PID=16937) to work on /home/beau/airflow/py_env/lib/python3.10/site-packages/airflow/example_dags/example_nested_branch_dag.py
[2023-09-23T09:17:56.329-0400] {processor.py:829} INFO - Processing file /home/beau/airflow/py_env/lib/python3.10/site-packages/airflow/example_dags/example_nested_branch_dag.py for tasks to queue
[2023-09-23T09:17:56.330-0400] {logging_mixin.py:151} INFO - [2023-09-23T09:17:56.329-0400] {dagbag.py:539} INFO - Filling up the DagBag from /home/beau/airflow/py_env/lib/python3.10/site-packages/airflow/example_dags/example_nested_branch_dag.py
[2023-09-23T09:17:56.346-0400] {processor.py:839} INFO - DAG(s) dict_keys(['example_nested_branch_dag']) retrieved from /home/beau/airflow/py_env/lib/python3.10/site-packages/airflow/example_dags/example_nested_branch_dag.py
[2023-09-23T09:17:56.375-0400] {logging_mixin.py:151} INFO - [2023-09-23T09:17:56.374-0400] {dag.py:2915} INFO - Sync 1 DAGs
[2023-09-23T09:17:56.392-0400] {logging_mixin.py:151} INFO - [2023-09-23T09:17:56.392-0400] {dag.py:3696} INFO - Setting next_dagrun for example_nested_branch_dag to 2023-09-22T00:00:00+00:00, run_after=2023-09-23T00:00:00+00:00
[2023-09-23T09:17:56.418-0400] {processor.py:179} INFO - Processing /home/beau/airflow/py_env/lib/python3.10/site-packages/airflow/example_dags/example_nested_branch_dag.py took 0.099 seconds
[2023-09-23T09:18:48.704-0400] {processor.py:157} INFO - Started process (PID=17230) to work on /home/beau/airflow/py_env/lib/python3.10/site-packages/airflow/example_dags/example_nested_branch_dag.py
[2023-09-23T09:18:48.708-0400] {processor.py:829} INFO - Processing file /home/beau/airflow/py_env/lib/python3.10/site-packages/airflow/example_dags/example_nested_branch_dag.py for tasks to queue
[2023-09-23T09:18:48.710-0400] {logging_mixin.py:151} INFO - [2023-09-23T09:18:48.709-0400] {dagbag.py:539} INFO - Filling up the DagBag from /home/beau/airflow/py_env/lib/python3.10/site-packages/airflow/example_dags/example_nested_branch_dag.py
[2023-09-23T09:18:48.722-0400] {processor.py:839} INFO - DAG(s) dict_keys(['example_nested_branch_dag']) retrieved from /home/beau/airflow/py_env/lib/python3.10/site-packages/airflow/example_dags/example_nested_branch_dag.py
[2023-09-23T09:18:48.738-0400] {logging_mixin.py:151} INFO - [2023-09-23T09:18:48.738-0400] {dag.py:2915} INFO - Sync 1 DAGs
[2023-09-23T09:18:48.756-0400] {logging_mixin.py:151} INFO - [2023-09-23T09:18:48.756-0400] {dag.py:3696} INFO - Setting next_dagrun for example_nested_branch_dag to 2023-09-22T00:00:00+00:00, run_after=2023-09-23T00:00:00+00:00
[2023-09-23T09:18:48.778-0400] {processor.py:179} INFO - Processing /home/beau/airflow/py_env/lib/python3.10/site-packages/airflow/example_dags/example_nested_branch_dag.py took 0.081 seconds
[2023-09-23T09:19:42.575-0400] {processor.py:157} INFO - Started process (PID=17519) to work on /home/beau/airflow/py_env/lib/python3.10/site-packages/airflow/example_dags/example_nested_branch_dag.py
[2023-09-23T09:19:42.579-0400] {processor.py:829} INFO - Processing file /home/beau/airflow/py_env/lib/python3.10/site-packages/airflow/example_dags/example_nested_branch_dag.py for tasks to queue
[2023-09-23T09:19:42.581-0400] {logging_mixin.py:151} INFO - [2023-09-23T09:19:42.580-0400] {dagbag.py:539} INFO - Filling up the DagBag from /home/beau/airflow/py_env/lib/python3.10/site-packages/airflow/example_dags/example_nested_branch_dag.py
[2023-09-23T09:19:42.593-0400] {processor.py:839} INFO - DAG(s) dict_keys(['example_nested_branch_dag']) retrieved from /home/beau/airflow/py_env/lib/python3.10/site-packages/airflow/example_dags/example_nested_branch_dag.py
[2023-09-23T09:19:42.611-0400] {logging_mixin.py:151} INFO - [2023-09-23T09:19:42.611-0400] {dag.py:2915} INFO - Sync 1 DAGs
[2023-09-23T09:19:42.629-0400] {logging_mixin.py:151} INFO - [2023-09-23T09:19:42.629-0400] {dag.py:3696} INFO - Setting next_dagrun for example_nested_branch_dag to 2023-09-22T00:00:00+00:00, run_after=2023-09-23T00:00:00+00:00
[2023-09-23T09:19:42.653-0400] {processor.py:179} INFO - Processing /home/beau/airflow/py_env/lib/python3.10/site-packages/airflow/example_dags/example_nested_branch_dag.py took 0.082 seconds
[2023-09-23T09:20:41.556-0400] {processor.py:157} INFO - Started process (PID=17827) to work on /home/beau/airflow/py_env/lib/python3.10/site-packages/airflow/example_dags/example_nested_branch_dag.py
[2023-09-23T09:20:41.560-0400] {processor.py:829} INFO - Processing file /home/beau/airflow/py_env/lib/python3.10/site-packages/airflow/example_dags/example_nested_branch_dag.py for tasks to queue
[2023-09-23T09:20:41.562-0400] {logging_mixin.py:151} INFO - [2023-09-23T09:20:41.561-0400] {dagbag.py:539} INFO - Filling up the DagBag from /home/beau/airflow/py_env/lib/python3.10/site-packages/airflow/example_dags/example_nested_branch_dag.py
[2023-09-23T09:20:41.579-0400] {processor.py:839} INFO - DAG(s) dict_keys(['example_nested_branch_dag']) retrieved from /home/beau/airflow/py_env/lib/python3.10/site-packages/airflow/example_dags/example_nested_branch_dag.py
[2023-09-23T09:20:41.596-0400] {logging_mixin.py:151} INFO - [2023-09-23T09:20:41.596-0400] {dag.py:2915} INFO - Sync 1 DAGs
[2023-09-23T09:20:41.613-0400] {logging_mixin.py:151} INFO - [2023-09-23T09:20:41.613-0400] {dag.py:3696} INFO - Setting next_dagrun for example_nested_branch_dag to 2023-09-22T00:00:00+00:00, run_after=2023-09-23T00:00:00+00:00
[2023-09-23T09:20:41.648-0400] {processor.py:179} INFO - Processing /home/beau/airflow/py_env/lib/python3.10/site-packages/airflow/example_dags/example_nested_branch_dag.py took 0.099 seconds
[2023-09-23T09:24:14.408-0400] {processor.py:157} INFO - Started process (PID=19427) to work on /home/beau/airflow/py_env/lib/python3.10/site-packages/airflow/example_dags/example_nested_branch_dag.py
[2023-09-23T09:24:14.412-0400] {processor.py:829} INFO - Processing file /home/beau/airflow/py_env/lib/python3.10/site-packages/airflow/example_dags/example_nested_branch_dag.py for tasks to queue
[2023-09-23T09:24:14.413-0400] {logging_mixin.py:151} INFO - [2023-09-23T09:24:14.413-0400] {dagbag.py:539} INFO - Filling up the DagBag from /home/beau/airflow/py_env/lib/python3.10/site-packages/airflow/example_dags/example_nested_branch_dag.py
[2023-09-23T09:24:14.428-0400] {processor.py:839} INFO - DAG(s) dict_keys(['example_nested_branch_dag']) retrieved from /home/beau/airflow/py_env/lib/python3.10/site-packages/airflow/example_dags/example_nested_branch_dag.py
[2023-09-23T09:24:14.452-0400] {logging_mixin.py:151} INFO - [2023-09-23T09:24:14.451-0400] {dag.py:2915} INFO - Sync 1 DAGs
[2023-09-23T09:24:14.472-0400] {logging_mixin.py:151} INFO - [2023-09-23T09:24:14.472-0400] {dag.py:3696} INFO - Setting next_dagrun for example_nested_branch_dag to 2023-09-22T00:00:00+00:00, run_after=2023-09-23T00:00:00+00:00
[2023-09-23T09:24:14.499-0400] {processor.py:179} INFO - Processing /home/beau/airflow/py_env/lib/python3.10/site-packages/airflow/example_dags/example_nested_branch_dag.py took 0.098 seconds
[2023-09-23T09:25:07.157-0400] {processor.py:157} INFO - Started process (PID=19739) to work on /home/beau/airflow/py_env/lib/python3.10/site-packages/airflow/example_dags/example_nested_branch_dag.py
[2023-09-23T09:25:07.162-0400] {processor.py:829} INFO - Processing file /home/beau/airflow/py_env/lib/python3.10/site-packages/airflow/example_dags/example_nested_branch_dag.py for tasks to queue
[2023-09-23T09:25:07.163-0400] {logging_mixin.py:151} INFO - [2023-09-23T09:25:07.163-0400] {dagbag.py:539} INFO - Filling up the DagBag from /home/beau/airflow/py_env/lib/python3.10/site-packages/airflow/example_dags/example_nested_branch_dag.py
[2023-09-23T09:25:07.184-0400] {processor.py:839} INFO - DAG(s) dict_keys(['example_nested_branch_dag']) retrieved from /home/beau/airflow/py_env/lib/python3.10/site-packages/airflow/example_dags/example_nested_branch_dag.py
[2023-09-23T09:25:07.212-0400] {logging_mixin.py:151} INFO - [2023-09-23T09:25:07.212-0400] {dag.py:2915} INFO - Sync 1 DAGs
[2023-09-23T09:25:07.232-0400] {logging_mixin.py:151} INFO - [2023-09-23T09:25:07.232-0400] {dag.py:3696} INFO - Setting next_dagrun for example_nested_branch_dag to 2023-09-22T00:00:00+00:00, run_after=2023-09-23T00:00:00+00:00
[2023-09-23T09:25:07.258-0400] {processor.py:179} INFO - Processing /home/beau/airflow/py_env/lib/python3.10/site-packages/airflow/example_dags/example_nested_branch_dag.py took 0.107 seconds
[2023-09-23T09:26:00.357-0400] {processor.py:157} INFO - Started process (PID=20047) to work on /home/beau/airflow/py_env/lib/python3.10/site-packages/airflow/example_dags/example_nested_branch_dag.py
[2023-09-23T09:26:00.361-0400] {processor.py:829} INFO - Processing file /home/beau/airflow/py_env/lib/python3.10/site-packages/airflow/example_dags/example_nested_branch_dag.py for tasks to queue
[2023-09-23T09:26:00.363-0400] {logging_mixin.py:151} INFO - [2023-09-23T09:26:00.363-0400] {dagbag.py:539} INFO - Filling up the DagBag from /home/beau/airflow/py_env/lib/python3.10/site-packages/airflow/example_dags/example_nested_branch_dag.py
[2023-09-23T09:26:00.374-0400] {processor.py:839} INFO - DAG(s) dict_keys(['example_nested_branch_dag']) retrieved from /home/beau/airflow/py_env/lib/python3.10/site-packages/airflow/example_dags/example_nested_branch_dag.py
[2023-09-23T09:26:00.396-0400] {logging_mixin.py:151} INFO - [2023-09-23T09:26:00.396-0400] {dag.py:2915} INFO - Sync 1 DAGs
[2023-09-23T09:26:00.417-0400] {logging_mixin.py:151} INFO - [2023-09-23T09:26:00.416-0400] {dag.py:3696} INFO - Setting next_dagrun for example_nested_branch_dag to 2023-09-22T00:00:00+00:00, run_after=2023-09-23T00:00:00+00:00
[2023-09-23T09:26:00.450-0400] {processor.py:179} INFO - Processing /home/beau/airflow/py_env/lib/python3.10/site-packages/airflow/example_dags/example_nested_branch_dag.py took 0.098 seconds
[2023-09-23T09:37:20.946-0400] {processor.py:157} INFO - Started process (PID=1401) to work on /home/beau/airflow/py_env/lib/python3.10/site-packages/airflow/example_dags/example_nested_branch_dag.py
[2023-09-23T09:37:20.948-0400] {processor.py:829} INFO - Processing file /home/beau/airflow/py_env/lib/python3.10/site-packages/airflow/example_dags/example_nested_branch_dag.py for tasks to queue
[2023-09-23T09:37:20.951-0400] {logging_mixin.py:151} INFO - [2023-09-23T09:37:20.950-0400] {dagbag.py:539} INFO - Filling up the DagBag from /home/beau/airflow/py_env/lib/python3.10/site-packages/airflow/example_dags/example_nested_branch_dag.py
[2023-09-23T09:37:20.965-0400] {processor.py:839} INFO - DAG(s) dict_keys(['example_nested_branch_dag']) retrieved from /home/beau/airflow/py_env/lib/python3.10/site-packages/airflow/example_dags/example_nested_branch_dag.py
[2023-09-23T09:37:20.979-0400] {logging_mixin.py:151} INFO - [2023-09-23T09:37:20.979-0400] {dag.py:2915} INFO - Sync 1 DAGs
[2023-09-23T09:37:20.997-0400] {logging_mixin.py:151} INFO - [2023-09-23T09:37:20.996-0400] {dag.py:3696} INFO - Setting next_dagrun for example_nested_branch_dag to 2023-09-22T00:00:00+00:00, run_after=2023-09-23T00:00:00+00:00
[2023-09-23T09:37:21.026-0400] {processor.py:179} INFO - Processing /home/beau/airflow/py_env/lib/python3.10/site-packages/airflow/example_dags/example_nested_branch_dag.py took 0.088 seconds
[2023-09-23T09:38:10.290-0400] {processor.py:157} INFO - Started process (PID=2142) to work on /home/beau/airflow/py_env/lib/python3.10/site-packages/airflow/example_dags/example_nested_branch_dag.py
[2023-09-23T09:38:10.292-0400] {processor.py:829} INFO - Processing file /home/beau/airflow/py_env/lib/python3.10/site-packages/airflow/example_dags/example_nested_branch_dag.py for tasks to queue
[2023-09-23T09:38:10.294-0400] {logging_mixin.py:151} INFO - [2023-09-23T09:38:10.293-0400] {dagbag.py:539} INFO - Filling up the DagBag from /home/beau/airflow/py_env/lib/python3.10/site-packages/airflow/example_dags/example_nested_branch_dag.py
[2023-09-23T09:38:10.308-0400] {processor.py:839} INFO - DAG(s) dict_keys(['example_nested_branch_dag']) retrieved from /home/beau/airflow/py_env/lib/python3.10/site-packages/airflow/example_dags/example_nested_branch_dag.py
[2023-09-23T09:38:10.327-0400] {logging_mixin.py:151} INFO - [2023-09-23T09:38:10.327-0400] {dag.py:2915} INFO - Sync 1 DAGs
[2023-09-23T09:38:10.344-0400] {logging_mixin.py:151} INFO - [2023-09-23T09:38:10.344-0400] {dag.py:3696} INFO - Setting next_dagrun for example_nested_branch_dag to 2023-09-22T00:00:00+00:00, run_after=2023-09-23T00:00:00+00:00
[2023-09-23T09:38:10.365-0400] {processor.py:179} INFO - Processing /home/beau/airflow/py_env/lib/python3.10/site-packages/airflow/example_dags/example_nested_branch_dag.py took 0.080 seconds
[2023-09-23T09:38:57.923-0400] {processor.py:157} INFO - Started process (PID=2451) to work on /home/beau/airflow/py_env/lib/python3.10/site-packages/airflow/example_dags/example_nested_branch_dag.py
[2023-09-23T09:38:57.928-0400] {processor.py:829} INFO - Processing file /home/beau/airflow/py_env/lib/python3.10/site-packages/airflow/example_dags/example_nested_branch_dag.py for tasks to queue
[2023-09-23T09:38:57.929-0400] {logging_mixin.py:151} INFO - [2023-09-23T09:38:57.929-0400] {dagbag.py:539} INFO - Filling up the DagBag from /home/beau/airflow/py_env/lib/python3.10/site-packages/airflow/example_dags/example_nested_branch_dag.py
[2023-09-23T09:38:57.947-0400] {processor.py:839} INFO - DAG(s) dict_keys(['example_nested_branch_dag']) retrieved from /home/beau/airflow/py_env/lib/python3.10/site-packages/airflow/example_dags/example_nested_branch_dag.py
[2023-09-23T09:38:57.968-0400] {logging_mixin.py:151} INFO - [2023-09-23T09:38:57.968-0400] {dag.py:2915} INFO - Sync 1 DAGs
[2023-09-23T09:38:57.983-0400] {logging_mixin.py:151} INFO - [2023-09-23T09:38:57.983-0400] {dag.py:3696} INFO - Setting next_dagrun for example_nested_branch_dag to 2023-09-22T00:00:00+00:00, run_after=2023-09-23T00:00:00+00:00
[2023-09-23T09:38:58.009-0400] {processor.py:179} INFO - Processing /home/beau/airflow/py_env/lib/python3.10/site-packages/airflow/example_dags/example_nested_branch_dag.py took 0.094 seconds
[2023-09-23T09:39:48.388-0400] {processor.py:157} INFO - Started process (PID=3143) to work on /home/beau/airflow/py_env/lib/python3.10/site-packages/airflow/example_dags/example_nested_branch_dag.py
[2023-09-23T09:39:48.390-0400] {processor.py:829} INFO - Processing file /home/beau/airflow/py_env/lib/python3.10/site-packages/airflow/example_dags/example_nested_branch_dag.py for tasks to queue
[2023-09-23T09:39:48.390-0400] {logging_mixin.py:151} INFO - [2023-09-23T09:39:48.390-0400] {dagbag.py:539} INFO - Filling up the DagBag from /home/beau/airflow/py_env/lib/python3.10/site-packages/airflow/example_dags/example_nested_branch_dag.py
[2023-09-23T09:39:48.399-0400] {processor.py:839} INFO - DAG(s) dict_keys(['example_nested_branch_dag']) retrieved from /home/beau/airflow/py_env/lib/python3.10/site-packages/airflow/example_dags/example_nested_branch_dag.py
[2023-09-23T09:39:48.441-0400] {logging_mixin.py:151} INFO - [2023-09-23T09:39:48.441-0400] {dag.py:2915} INFO - Sync 1 DAGs
[2023-09-23T09:39:48.477-0400] {logging_mixin.py:151} INFO - [2023-09-23T09:39:48.477-0400] {dag.py:3696} INFO - Setting next_dagrun for example_nested_branch_dag to 2023-09-22T00:00:00+00:00, run_after=2023-09-23T00:00:00+00:00
[2023-09-23T09:39:48.523-0400] {processor.py:179} INFO - Processing /home/beau/airflow/py_env/lib/python3.10/site-packages/airflow/example_dags/example_nested_branch_dag.py took 0.137 seconds
