[2023-09-23T09:06:40.628-0400] {processor.py:157} INFO - Started process (PID=11456) to work on /home/beau/airflow/py_env/lib/python3.10/site-packages/airflow/example_dags/example_dynamic_task_mapping.py
[2023-09-23T09:06:40.629-0400] {processor.py:829} INFO - Processing file /home/beau/airflow/py_env/lib/python3.10/site-packages/airflow/example_dags/example_dynamic_task_mapping.py for tasks to queue
[2023-09-23T09:06:40.631-0400] {logging_mixin.py:151} INFO - [2023-09-23T09:06:40.630-0400] {dagbag.py:539} INFO - Filling up the DagBag from /home/beau/airflow/py_env/lib/python3.10/site-packages/airflow/example_dags/example_dynamic_task_mapping.py
[2023-09-23T09:06:40.644-0400] {processor.py:839} INFO - DAG(s) dict_keys(['example_dynamic_task_mapping']) retrieved from /home/beau/airflow/py_env/lib/python3.10/site-packages/airflow/example_dags/example_dynamic_task_mapping.py
[2023-09-23T09:06:40.742-0400] {logging_mixin.py:151} INFO - [2023-09-23T09:06:40.742-0400] {manager.py:499} INFO - Created Permission View: %s
[2023-09-23T09:06:40.759-0400] {logging_mixin.py:151} INFO - [2023-09-23T09:06:40.758-0400] {manager.py:499} INFO - Created Permission View: %s
[2023-09-23T09:06:40.773-0400] {logging_mixin.py:151} INFO - [2023-09-23T09:06:40.773-0400] {manager.py:499} INFO - Created Permission View: %s
[2023-09-23T09:06:40.774-0400] {logging_mixin.py:151} INFO - [2023-09-23T09:06:40.773-0400] {security.py:708} INFO - Not syncing DAG-level permissions for DAG 'DAG:example_dynamic_task_mapping' as access control is unset.
[2023-09-23T09:06:40.774-0400] {logging_mixin.py:151} INFO - [2023-09-23T09:06:40.774-0400] {dag.py:2915} INFO - Sync 1 DAGs
[2023-09-23T09:06:40.783-0400] {logging_mixin.py:151} INFO - [2023-09-23T09:06:40.783-0400] {dag.py:2937} INFO - Creating ORM DAG for example_dynamic_task_mapping
[2023-09-23T09:06:40.790-0400] {logging_mixin.py:151} INFO - [2023-09-23T09:06:40.790-0400] {dag.py:3696} INFO - Setting next_dagrun for example_dynamic_task_mapping to 2022-03-04T00:00:00+00:00, run_after=2022-03-05T00:00:00+00:00
[2023-09-23T09:06:40.811-0400] {processor.py:179} INFO - Processing /home/beau/airflow/py_env/lib/python3.10/site-packages/airflow/example_dags/example_dynamic_task_mapping.py took 0.191 seconds
[2023-09-23T09:07:29.097-0400] {processor.py:157} INFO - Started process (PID=11951) to work on /home/beau/airflow/py_env/lib/python3.10/site-packages/airflow/example_dags/example_dynamic_task_mapping.py
[2023-09-23T09:07:29.101-0400] {processor.py:829} INFO - Processing file /home/beau/airflow/py_env/lib/python3.10/site-packages/airflow/example_dags/example_dynamic_task_mapping.py for tasks to queue
[2023-09-23T09:07:29.103-0400] {logging_mixin.py:151} INFO - [2023-09-23T09:07:29.102-0400] {dagbag.py:539} INFO - Filling up the DagBag from /home/beau/airflow/py_env/lib/python3.10/site-packages/airflow/example_dags/example_dynamic_task_mapping.py
[2023-09-23T09:07:29.114-0400] {processor.py:839} INFO - DAG(s) dict_keys(['example_dynamic_task_mapping']) retrieved from /home/beau/airflow/py_env/lib/python3.10/site-packages/airflow/example_dags/example_dynamic_task_mapping.py
[2023-09-23T09:07:29.129-0400] {logging_mixin.py:151} INFO - [2023-09-23T09:07:29.129-0400] {dag.py:2915} INFO - Sync 1 DAGs
[2023-09-23T09:07:29.150-0400] {logging_mixin.py:151} INFO - [2023-09-23T09:07:29.150-0400] {dag.py:3696} INFO - Setting next_dagrun for example_dynamic_task_mapping to 2022-03-04T00:00:00+00:00, run_after=2022-03-05T00:00:00+00:00
[2023-09-23T09:07:29.175-0400] {processor.py:179} INFO - Processing /home/beau/airflow/py_env/lib/python3.10/site-packages/airflow/example_dags/example_dynamic_task_mapping.py took 0.083 seconds
[2023-09-23T09:08:20.990-0400] {processor.py:157} INFO - Started process (PID=12214) to work on /home/beau/airflow/py_env/lib/python3.10/site-packages/airflow/example_dags/example_dynamic_task_mapping.py
[2023-09-23T09:08:20.995-0400] {processor.py:829} INFO - Processing file /home/beau/airflow/py_env/lib/python3.10/site-packages/airflow/example_dags/example_dynamic_task_mapping.py for tasks to queue
[2023-09-23T09:08:20.997-0400] {logging_mixin.py:151} INFO - [2023-09-23T09:08:20.996-0400] {dagbag.py:539} INFO - Filling up the DagBag from /home/beau/airflow/py_env/lib/python3.10/site-packages/airflow/example_dags/example_dynamic_task_mapping.py
[2023-09-23T09:08:21.010-0400] {processor.py:839} INFO - DAG(s) dict_keys(['example_dynamic_task_mapping']) retrieved from /home/beau/airflow/py_env/lib/python3.10/site-packages/airflow/example_dags/example_dynamic_task_mapping.py
[2023-09-23T09:08:21.022-0400] {logging_mixin.py:151} INFO - [2023-09-23T09:08:21.022-0400] {dag.py:2915} INFO - Sync 1 DAGs
[2023-09-23T09:08:21.037-0400] {logging_mixin.py:151} INFO - [2023-09-23T09:08:21.037-0400] {dag.py:3696} INFO - Setting next_dagrun for example_dynamic_task_mapping to 2022-03-04T00:00:00+00:00, run_after=2022-03-05T00:00:00+00:00
[2023-09-23T09:08:21.058-0400] {processor.py:179} INFO - Processing /home/beau/airflow/py_env/lib/python3.10/site-packages/airflow/example_dags/example_dynamic_task_mapping.py took 0.075 seconds
[2023-09-23T09:09:11.875-0400] {processor.py:157} INFO - Started process (PID=12717) to work on /home/beau/airflow/py_env/lib/python3.10/site-packages/airflow/example_dags/example_dynamic_task_mapping.py
[2023-09-23T09:09:11.880-0400] {processor.py:829} INFO - Processing file /home/beau/airflow/py_env/lib/python3.10/site-packages/airflow/example_dags/example_dynamic_task_mapping.py for tasks to queue
[2023-09-23T09:09:11.882-0400] {logging_mixin.py:151} INFO - [2023-09-23T09:09:11.881-0400] {dagbag.py:539} INFO - Filling up the DagBag from /home/beau/airflow/py_env/lib/python3.10/site-packages/airflow/example_dags/example_dynamic_task_mapping.py
[2023-09-23T09:09:11.895-0400] {processor.py:839} INFO - DAG(s) dict_keys(['example_dynamic_task_mapping']) retrieved from /home/beau/airflow/py_env/lib/python3.10/site-packages/airflow/example_dags/example_dynamic_task_mapping.py
[2023-09-23T09:09:11.910-0400] {logging_mixin.py:151} INFO - [2023-09-23T09:09:11.910-0400] {dag.py:2915} INFO - Sync 1 DAGs
[2023-09-23T09:09:11.925-0400] {logging_mixin.py:151} INFO - [2023-09-23T09:09:11.925-0400] {dag.py:3696} INFO - Setting next_dagrun for example_dynamic_task_mapping to 2022-03-04T00:00:00+00:00, run_after=2022-03-05T00:00:00+00:00
[2023-09-23T09:09:11.947-0400] {processor.py:179} INFO - Processing /home/beau/airflow/py_env/lib/python3.10/site-packages/airflow/example_dags/example_dynamic_task_mapping.py took 0.077 seconds
[2023-09-23T09:09:59.791-0400] {processor.py:157} INFO - Started process (PID=12903) to work on /home/beau/airflow/py_env/lib/python3.10/site-packages/airflow/example_dags/example_dynamic_task_mapping.py
[2023-09-23T09:09:59.795-0400] {processor.py:829} INFO - Processing file /home/beau/airflow/py_env/lib/python3.10/site-packages/airflow/example_dags/example_dynamic_task_mapping.py for tasks to queue
[2023-09-23T09:09:59.796-0400] {logging_mixin.py:151} INFO - [2023-09-23T09:09:59.796-0400] {dagbag.py:539} INFO - Filling up the DagBag from /home/beau/airflow/py_env/lib/python3.10/site-packages/airflow/example_dags/example_dynamic_task_mapping.py
[2023-09-23T09:09:59.802-0400] {processor.py:839} INFO - DAG(s) dict_keys(['example_dynamic_task_mapping']) retrieved from /home/beau/airflow/py_env/lib/python3.10/site-packages/airflow/example_dags/example_dynamic_task_mapping.py
[2023-09-23T09:09:59.813-0400] {logging_mixin.py:151} INFO - [2023-09-23T09:09:59.813-0400] {dag.py:2915} INFO - Sync 1 DAGs
[2023-09-23T09:09:59.828-0400] {logging_mixin.py:151} INFO - [2023-09-23T09:09:59.828-0400] {dag.py:3696} INFO - Setting next_dagrun for example_dynamic_task_mapping to 2022-03-04T00:00:00+00:00, run_after=2022-03-05T00:00:00+00:00
[2023-09-23T09:09:59.849-0400] {processor.py:179} INFO - Processing /home/beau/airflow/py_env/lib/python3.10/site-packages/airflow/example_dags/example_dynamic_task_mapping.py took 0.063 seconds
[2023-09-23T09:10:47.864-0400] {processor.py:157} INFO - Started process (PID=13150) to work on /home/beau/airflow/py_env/lib/python3.10/site-packages/airflow/example_dags/example_dynamic_task_mapping.py
[2023-09-23T09:10:47.868-0400] {processor.py:829} INFO - Processing file /home/beau/airflow/py_env/lib/python3.10/site-packages/airflow/example_dags/example_dynamic_task_mapping.py for tasks to queue
[2023-09-23T09:10:47.869-0400] {logging_mixin.py:151} INFO - [2023-09-23T09:10:47.869-0400] {dagbag.py:539} INFO - Filling up the DagBag from /home/beau/airflow/py_env/lib/python3.10/site-packages/airflow/example_dags/example_dynamic_task_mapping.py
[2023-09-23T09:10:47.880-0400] {processor.py:839} INFO - DAG(s) dict_keys(['example_dynamic_task_mapping']) retrieved from /home/beau/airflow/py_env/lib/python3.10/site-packages/airflow/example_dags/example_dynamic_task_mapping.py
[2023-09-23T09:10:47.908-0400] {logging_mixin.py:151} INFO - [2023-09-23T09:10:47.900-0400] {dag.py:2915} INFO - Sync 1 DAGs
[2023-09-23T09:10:47.938-0400] {logging_mixin.py:151} INFO - [2023-09-23T09:10:47.938-0400] {dag.py:3696} INFO - Setting next_dagrun for example_dynamic_task_mapping to 2022-03-04T00:00:00+00:00, run_after=2022-03-05T00:00:00+00:00
[2023-09-23T09:10:47.969-0400] {processor.py:179} INFO - Processing /home/beau/airflow/py_env/lib/python3.10/site-packages/airflow/example_dags/example_dynamic_task_mapping.py took 0.109 seconds
[2023-09-23T09:11:37.935-0400] {processor.py:157} INFO - Started process (PID=13667) to work on /home/beau/airflow/py_env/lib/python3.10/site-packages/airflow/example_dags/example_dynamic_task_mapping.py
[2023-09-23T09:11:37.939-0400] {processor.py:829} INFO - Processing file /home/beau/airflow/py_env/lib/python3.10/site-packages/airflow/example_dags/example_dynamic_task_mapping.py for tasks to queue
[2023-09-23T09:11:37.940-0400] {logging_mixin.py:151} INFO - [2023-09-23T09:11:37.939-0400] {dagbag.py:539} INFO - Filling up the DagBag from /home/beau/airflow/py_env/lib/python3.10/site-packages/airflow/example_dags/example_dynamic_task_mapping.py
[2023-09-23T09:11:37.947-0400] {processor.py:839} INFO - DAG(s) dict_keys(['example_dynamic_task_mapping']) retrieved from /home/beau/airflow/py_env/lib/python3.10/site-packages/airflow/example_dags/example_dynamic_task_mapping.py
[2023-09-23T09:11:37.960-0400] {logging_mixin.py:151} INFO - [2023-09-23T09:11:37.960-0400] {dag.py:2915} INFO - Sync 1 DAGs
[2023-09-23T09:11:37.976-0400] {logging_mixin.py:151} INFO - [2023-09-23T09:11:37.976-0400] {dag.py:3696} INFO - Setting next_dagrun for example_dynamic_task_mapping to 2022-03-04T00:00:00+00:00, run_after=2022-03-05T00:00:00+00:00
[2023-09-23T09:11:37.998-0400] {processor.py:179} INFO - Processing /home/beau/airflow/py_env/lib/python3.10/site-packages/airflow/example_dags/example_dynamic_task_mapping.py took 0.065 seconds
[2023-09-23T09:12:26.209-0400] {processor.py:157} INFO - Started process (PID=14065) to work on /home/beau/airflow/py_env/lib/python3.10/site-packages/airflow/example_dags/example_dynamic_task_mapping.py
[2023-09-23T09:12:26.211-0400] {processor.py:829} INFO - Processing file /home/beau/airflow/py_env/lib/python3.10/site-packages/airflow/example_dags/example_dynamic_task_mapping.py for tasks to queue
[2023-09-23T09:12:26.213-0400] {logging_mixin.py:151} INFO - [2023-09-23T09:12:26.212-0400] {dagbag.py:539} INFO - Filling up the DagBag from /home/beau/airflow/py_env/lib/python3.10/site-packages/airflow/example_dags/example_dynamic_task_mapping.py
[2023-09-23T09:12:26.219-0400] {processor.py:839} INFO - DAG(s) dict_keys(['example_dynamic_task_mapping']) retrieved from /home/beau/airflow/py_env/lib/python3.10/site-packages/airflow/example_dags/example_dynamic_task_mapping.py
[2023-09-23T09:12:26.231-0400] {logging_mixin.py:151} INFO - [2023-09-23T09:12:26.230-0400] {dag.py:2915} INFO - Sync 1 DAGs
[2023-09-23T09:12:26.245-0400] {logging_mixin.py:151} INFO - [2023-09-23T09:12:26.245-0400] {dag.py:3696} INFO - Setting next_dagrun for example_dynamic_task_mapping to 2022-03-04T00:00:00+00:00, run_after=2022-03-05T00:00:00+00:00
[2023-09-23T09:12:26.267-0400] {processor.py:179} INFO - Processing /home/beau/airflow/py_env/lib/python3.10/site-packages/airflow/example_dags/example_dynamic_task_mapping.py took 0.063 seconds
[2023-09-23T09:13:16.097-0400] {processor.py:157} INFO - Started process (PID=14569) to work on /home/beau/airflow/py_env/lib/python3.10/site-packages/airflow/example_dags/example_dynamic_task_mapping.py
[2023-09-23T09:13:16.098-0400] {processor.py:829} INFO - Processing file /home/beau/airflow/py_env/lib/python3.10/site-packages/airflow/example_dags/example_dynamic_task_mapping.py for tasks to queue
[2023-09-23T09:13:16.100-0400] {logging_mixin.py:151} INFO - [2023-09-23T09:13:16.099-0400] {dagbag.py:539} INFO - Filling up the DagBag from /home/beau/airflow/py_env/lib/python3.10/site-packages/airflow/example_dags/example_dynamic_task_mapping.py
[2023-09-23T09:13:16.108-0400] {processor.py:839} INFO - DAG(s) dict_keys(['example_dynamic_task_mapping']) retrieved from /home/beau/airflow/py_env/lib/python3.10/site-packages/airflow/example_dags/example_dynamic_task_mapping.py
[2023-09-23T09:13:16.124-0400] {logging_mixin.py:151} INFO - [2023-09-23T09:13:16.123-0400] {dag.py:2915} INFO - Sync 1 DAGs
[2023-09-23T09:13:16.141-0400] {logging_mixin.py:151} INFO - [2023-09-23T09:13:16.141-0400] {dag.py:3696} INFO - Setting next_dagrun for example_dynamic_task_mapping to 2022-03-04T00:00:00+00:00, run_after=2022-03-05T00:00:00+00:00
[2023-09-23T09:13:16.169-0400] {processor.py:179} INFO - Processing /home/beau/airflow/py_env/lib/python3.10/site-packages/airflow/example_dags/example_dynamic_task_mapping.py took 0.076 seconds
[2023-09-23T09:14:05.515-0400] {processor.py:157} INFO - Started process (PID=14987) to work on /home/beau/airflow/py_env/lib/python3.10/site-packages/airflow/example_dags/example_dynamic_task_mapping.py
[2023-09-23T09:14:05.519-0400] {processor.py:829} INFO - Processing file /home/beau/airflow/py_env/lib/python3.10/site-packages/airflow/example_dags/example_dynamic_task_mapping.py for tasks to queue
[2023-09-23T09:14:05.522-0400] {logging_mixin.py:151} INFO - [2023-09-23T09:14:05.521-0400] {dagbag.py:539} INFO - Filling up the DagBag from /home/beau/airflow/py_env/lib/python3.10/site-packages/airflow/example_dags/example_dynamic_task_mapping.py
[2023-09-23T09:14:05.537-0400] {processor.py:839} INFO - DAG(s) dict_keys(['example_dynamic_task_mapping']) retrieved from /home/beau/airflow/py_env/lib/python3.10/site-packages/airflow/example_dags/example_dynamic_task_mapping.py
[2023-09-23T09:14:05.556-0400] {logging_mixin.py:151} INFO - [2023-09-23T09:14:05.555-0400] {dag.py:2915} INFO - Sync 1 DAGs
[2023-09-23T09:14:05.579-0400] {logging_mixin.py:151} INFO - [2023-09-23T09:14:05.578-0400] {dag.py:3696} INFO - Setting next_dagrun for example_dynamic_task_mapping to 2022-03-04T00:00:00+00:00, run_after=2022-03-05T00:00:00+00:00
[2023-09-23T09:14:05.608-0400] {processor.py:179} INFO - Processing /home/beau/airflow/py_env/lib/python3.10/site-packages/airflow/example_dags/example_dynamic_task_mapping.py took 0.102 seconds
[2023-09-23T09:14:54.320-0400] {processor.py:157} INFO - Started process (PID=15296) to work on /home/beau/airflow/py_env/lib/python3.10/site-packages/airflow/example_dags/example_dynamic_task_mapping.py
[2023-09-23T09:14:54.323-0400] {processor.py:829} INFO - Processing file /home/beau/airflow/py_env/lib/python3.10/site-packages/airflow/example_dags/example_dynamic_task_mapping.py for tasks to queue
[2023-09-23T09:14:54.325-0400] {logging_mixin.py:151} INFO - [2023-09-23T09:14:54.324-0400] {dagbag.py:539} INFO - Filling up the DagBag from /home/beau/airflow/py_env/lib/python3.10/site-packages/airflow/example_dags/example_dynamic_task_mapping.py
[2023-09-23T09:14:54.338-0400] {processor.py:839} INFO - DAG(s) dict_keys(['example_dynamic_task_mapping']) retrieved from /home/beau/airflow/py_env/lib/python3.10/site-packages/airflow/example_dags/example_dynamic_task_mapping.py
[2023-09-23T09:14:54.358-0400] {logging_mixin.py:151} INFO - [2023-09-23T09:14:54.358-0400] {dag.py:2915} INFO - Sync 1 DAGs
[2023-09-23T09:14:54.378-0400] {logging_mixin.py:151} INFO - [2023-09-23T09:14:54.377-0400] {dag.py:3696} INFO - Setting next_dagrun for example_dynamic_task_mapping to 2022-03-04T00:00:00+00:00, run_after=2022-03-05T00:00:00+00:00
[2023-09-23T09:14:54.405-0400] {processor.py:179} INFO - Processing /home/beau/airflow/py_env/lib/python3.10/site-packages/airflow/example_dags/example_dynamic_task_mapping.py took 0.090 seconds
[2023-09-23T09:17:41.139-0400] {processor.py:157} INFO - Started process (PID=16880) to work on /home/beau/airflow/py_env/lib/python3.10/site-packages/airflow/example_dags/example_dynamic_task_mapping.py
[2023-09-23T09:17:41.142-0400] {processor.py:829} INFO - Processing file /home/beau/airflow/py_env/lib/python3.10/site-packages/airflow/example_dags/example_dynamic_task_mapping.py for tasks to queue
[2023-09-23T09:17:41.143-0400] {logging_mixin.py:151} INFO - [2023-09-23T09:17:41.143-0400] {dagbag.py:539} INFO - Filling up the DagBag from /home/beau/airflow/py_env/lib/python3.10/site-packages/airflow/example_dags/example_dynamic_task_mapping.py
[2023-09-23T09:17:41.152-0400] {processor.py:839} INFO - DAG(s) dict_keys(['example_dynamic_task_mapping']) retrieved from /home/beau/airflow/py_env/lib/python3.10/site-packages/airflow/example_dags/example_dynamic_task_mapping.py
[2023-09-23T09:17:41.171-0400] {logging_mixin.py:151} INFO - [2023-09-23T09:17:41.171-0400] {dag.py:2915} INFO - Sync 1 DAGs
[2023-09-23T09:17:41.189-0400] {logging_mixin.py:151} INFO - [2023-09-23T09:17:41.188-0400] {dag.py:3696} INFO - Setting next_dagrun for example_dynamic_task_mapping to 2022-03-04T00:00:00+00:00, run_after=2022-03-05T00:00:00+00:00
[2023-09-23T09:17:41.211-0400] {processor.py:179} INFO - Processing /home/beau/airflow/py_env/lib/python3.10/site-packages/airflow/example_dags/example_dynamic_task_mapping.py took 0.075 seconds
[2023-09-23T09:18:28.342-0400] {processor.py:157} INFO - Started process (PID=17147) to work on /home/beau/airflow/py_env/lib/python3.10/site-packages/airflow/example_dags/example_dynamic_task_mapping.py
[2023-09-23T09:18:28.344-0400] {processor.py:829} INFO - Processing file /home/beau/airflow/py_env/lib/python3.10/site-packages/airflow/example_dags/example_dynamic_task_mapping.py for tasks to queue
[2023-09-23T09:18:28.345-0400] {logging_mixin.py:151} INFO - [2023-09-23T09:18:28.345-0400] {dagbag.py:539} INFO - Filling up the DagBag from /home/beau/airflow/py_env/lib/python3.10/site-packages/airflow/example_dags/example_dynamic_task_mapping.py
[2023-09-23T09:18:28.356-0400] {processor.py:839} INFO - DAG(s) dict_keys(['example_dynamic_task_mapping']) retrieved from /home/beau/airflow/py_env/lib/python3.10/site-packages/airflow/example_dags/example_dynamic_task_mapping.py
[2023-09-23T09:18:28.372-0400] {logging_mixin.py:151} INFO - [2023-09-23T09:18:28.372-0400] {dag.py:2915} INFO - Sync 1 DAGs
[2023-09-23T09:18:28.389-0400] {logging_mixin.py:151} INFO - [2023-09-23T09:18:28.389-0400] {dag.py:3696} INFO - Setting next_dagrun for example_dynamic_task_mapping to 2022-03-04T00:00:00+00:00, run_after=2022-03-05T00:00:00+00:00
[2023-09-23T09:18:28.411-0400] {processor.py:179} INFO - Processing /home/beau/airflow/py_env/lib/python3.10/site-packages/airflow/example_dags/example_dynamic_task_mapping.py took 0.073 seconds
[2023-09-23T09:19:20.200-0400] {processor.py:157} INFO - Started process (PID=17438) to work on /home/beau/airflow/py_env/lib/python3.10/site-packages/airflow/example_dags/example_dynamic_task_mapping.py
[2023-09-23T09:19:20.206-0400] {processor.py:829} INFO - Processing file /home/beau/airflow/py_env/lib/python3.10/site-packages/airflow/example_dags/example_dynamic_task_mapping.py for tasks to queue
[2023-09-23T09:19:20.209-0400] {logging_mixin.py:151} INFO - [2023-09-23T09:19:20.208-0400] {dagbag.py:539} INFO - Filling up the DagBag from /home/beau/airflow/py_env/lib/python3.10/site-packages/airflow/example_dags/example_dynamic_task_mapping.py
[2023-09-23T09:19:20.228-0400] {processor.py:839} INFO - DAG(s) dict_keys(['example_dynamic_task_mapping']) retrieved from /home/beau/airflow/py_env/lib/python3.10/site-packages/airflow/example_dags/example_dynamic_task_mapping.py
[2023-09-23T09:19:20.252-0400] {logging_mixin.py:151} INFO - [2023-09-23T09:19:20.252-0400] {dag.py:2915} INFO - Sync 1 DAGs
[2023-09-23T09:19:20.269-0400] {logging_mixin.py:151} INFO - [2023-09-23T09:19:20.269-0400] {dag.py:3696} INFO - Setting next_dagrun for example_dynamic_task_mapping to 2022-03-04T00:00:00+00:00, run_after=2022-03-05T00:00:00+00:00
[2023-09-23T09:19:20.297-0400] {processor.py:179} INFO - Processing /home/beau/airflow/py_env/lib/python3.10/site-packages/airflow/example_dags/example_dynamic_task_mapping.py took 0.107 seconds
[2023-09-23T09:20:15.208-0400] {processor.py:157} INFO - Started process (PID=17728) to work on /home/beau/airflow/py_env/lib/python3.10/site-packages/airflow/example_dags/example_dynamic_task_mapping.py
[2023-09-23T09:20:15.212-0400] {processor.py:829} INFO - Processing file /home/beau/airflow/py_env/lib/python3.10/site-packages/airflow/example_dags/example_dynamic_task_mapping.py for tasks to queue
[2023-09-23T09:20:15.213-0400] {logging_mixin.py:151} INFO - [2023-09-23T09:20:15.213-0400] {dagbag.py:539} INFO - Filling up the DagBag from /home/beau/airflow/py_env/lib/python3.10/site-packages/airflow/example_dags/example_dynamic_task_mapping.py
[2023-09-23T09:20:15.222-0400] {processor.py:839} INFO - DAG(s) dict_keys(['example_dynamic_task_mapping']) retrieved from /home/beau/airflow/py_env/lib/python3.10/site-packages/airflow/example_dags/example_dynamic_task_mapping.py
[2023-09-23T09:20:15.240-0400] {logging_mixin.py:151} INFO - [2023-09-23T09:20:15.239-0400] {dag.py:2915} INFO - Sync 1 DAGs
[2023-09-23T09:20:15.257-0400] {logging_mixin.py:151} INFO - [2023-09-23T09:20:15.257-0400] {dag.py:3696} INFO - Setting next_dagrun for example_dynamic_task_mapping to 2022-03-04T00:00:00+00:00, run_after=2022-03-05T00:00:00+00:00
[2023-09-23T09:20:15.283-0400] {processor.py:179} INFO - Processing /home/beau/airflow/py_env/lib/python3.10/site-packages/airflow/example_dags/example_dynamic_task_mapping.py took 0.079 seconds
[2023-09-23T09:21:14.261-0400] {processor.py:157} INFO - Started process (PID=18037) to work on /home/beau/airflow/py_env/lib/python3.10/site-packages/airflow/example_dags/example_dynamic_task_mapping.py
[2023-09-23T09:21:14.265-0400] {processor.py:829} INFO - Processing file /home/beau/airflow/py_env/lib/python3.10/site-packages/airflow/example_dags/example_dynamic_task_mapping.py for tasks to queue
[2023-09-23T09:21:14.266-0400] {logging_mixin.py:151} INFO - [2023-09-23T09:21:14.266-0400] {dagbag.py:539} INFO - Filling up the DagBag from /home/beau/airflow/py_env/lib/python3.10/site-packages/airflow/example_dags/example_dynamic_task_mapping.py
[2023-09-23T09:21:14.273-0400] {processor.py:839} INFO - DAG(s) dict_keys(['example_dynamic_task_mapping']) retrieved from /home/beau/airflow/py_env/lib/python3.10/site-packages/airflow/example_dags/example_dynamic_task_mapping.py
[2023-09-23T09:21:14.286-0400] {logging_mixin.py:151} INFO - [2023-09-23T09:21:14.286-0400] {dag.py:2915} INFO - Sync 1 DAGs
[2023-09-23T09:21:14.306-0400] {logging_mixin.py:151} INFO - [2023-09-23T09:21:14.306-0400] {dag.py:3696} INFO - Setting next_dagrun for example_dynamic_task_mapping to 2022-03-04T00:00:00+00:00, run_after=2022-03-05T00:00:00+00:00
[2023-09-23T09:21:14.331-0400] {processor.py:179} INFO - Processing /home/beau/airflow/py_env/lib/python3.10/site-packages/airflow/example_dags/example_dynamic_task_mapping.py took 0.072 seconds
[2023-09-23T09:23:59.445-0400] {processor.py:157} INFO - Started process (PID=19367) to work on /home/beau/airflow/py_env/lib/python3.10/site-packages/airflow/example_dags/example_dynamic_task_mapping.py
[2023-09-23T09:23:59.449-0400] {processor.py:829} INFO - Processing file /home/beau/airflow/py_env/lib/python3.10/site-packages/airflow/example_dags/example_dynamic_task_mapping.py for tasks to queue
[2023-09-23T09:23:59.452-0400] {logging_mixin.py:151} INFO - [2023-09-23T09:23:59.451-0400] {dagbag.py:539} INFO - Filling up the DagBag from /home/beau/airflow/py_env/lib/python3.10/site-packages/airflow/example_dags/example_dynamic_task_mapping.py
[2023-09-23T09:23:59.462-0400] {processor.py:839} INFO - DAG(s) dict_keys(['example_dynamic_task_mapping']) retrieved from /home/beau/airflow/py_env/lib/python3.10/site-packages/airflow/example_dags/example_dynamic_task_mapping.py
[2023-09-23T09:23:59.485-0400] {logging_mixin.py:151} INFO - [2023-09-23T09:23:59.485-0400] {dag.py:2915} INFO - Sync 1 DAGs
[2023-09-23T09:23:59.501-0400] {logging_mixin.py:151} INFO - [2023-09-23T09:23:59.500-0400] {dag.py:3696} INFO - Setting next_dagrun for example_dynamic_task_mapping to 2022-03-04T00:00:00+00:00, run_after=2022-03-05T00:00:00+00:00
[2023-09-23T09:23:59.522-0400] {processor.py:179} INFO - Processing /home/beau/airflow/py_env/lib/python3.10/site-packages/airflow/example_dags/example_dynamic_task_mapping.py took 0.087 seconds
[2023-09-23T09:24:46.439-0400] {processor.py:157} INFO - Started process (PID=19655) to work on /home/beau/airflow/py_env/lib/python3.10/site-packages/airflow/example_dags/example_dynamic_task_mapping.py
[2023-09-23T09:24:46.443-0400] {processor.py:829} INFO - Processing file /home/beau/airflow/py_env/lib/python3.10/site-packages/airflow/example_dags/example_dynamic_task_mapping.py for tasks to queue
[2023-09-23T09:24:46.443-0400] {logging_mixin.py:151} INFO - [2023-09-23T09:24:46.443-0400] {dagbag.py:539} INFO - Filling up the DagBag from /home/beau/airflow/py_env/lib/python3.10/site-packages/airflow/example_dags/example_dynamic_task_mapping.py
[2023-09-23T09:24:46.453-0400] {processor.py:839} INFO - DAG(s) dict_keys(['example_dynamic_task_mapping']) retrieved from /home/beau/airflow/py_env/lib/python3.10/site-packages/airflow/example_dags/example_dynamic_task_mapping.py
[2023-09-23T09:24:46.468-0400] {logging_mixin.py:151} INFO - [2023-09-23T09:24:46.468-0400] {dag.py:2915} INFO - Sync 1 DAGs
[2023-09-23T09:24:46.489-0400] {logging_mixin.py:151} INFO - [2023-09-23T09:24:46.489-0400] {dag.py:3696} INFO - Setting next_dagrun for example_dynamic_task_mapping to 2022-03-04T00:00:00+00:00, run_after=2022-03-05T00:00:00+00:00
[2023-09-23T09:24:46.514-0400] {processor.py:179} INFO - Processing /home/beau/airflow/py_env/lib/python3.10/site-packages/airflow/example_dags/example_dynamic_task_mapping.py took 0.080 seconds
[2023-09-23T09:25:38.232-0400] {processor.py:157} INFO - Started process (PID=19960) to work on /home/beau/airflow/py_env/lib/python3.10/site-packages/airflow/example_dags/example_dynamic_task_mapping.py
[2023-09-23T09:25:38.236-0400] {processor.py:829} INFO - Processing file /home/beau/airflow/py_env/lib/python3.10/site-packages/airflow/example_dags/example_dynamic_task_mapping.py for tasks to queue
[2023-09-23T09:25:38.238-0400] {logging_mixin.py:151} INFO - [2023-09-23T09:25:38.237-0400] {dagbag.py:539} INFO - Filling up the DagBag from /home/beau/airflow/py_env/lib/python3.10/site-packages/airflow/example_dags/example_dynamic_task_mapping.py
[2023-09-23T09:25:38.250-0400] {processor.py:839} INFO - DAG(s) dict_keys(['example_dynamic_task_mapping']) retrieved from /home/beau/airflow/py_env/lib/python3.10/site-packages/airflow/example_dags/example_dynamic_task_mapping.py
[2023-09-23T09:25:38.265-0400] {logging_mixin.py:151} INFO - [2023-09-23T09:25:38.265-0400] {dag.py:2915} INFO - Sync 1 DAGs
[2023-09-23T09:25:38.281-0400] {logging_mixin.py:151} INFO - [2023-09-23T09:25:38.281-0400] {dag.py:3696} INFO - Setting next_dagrun for example_dynamic_task_mapping to 2022-03-04T00:00:00+00:00, run_after=2022-03-05T00:00:00+00:00
[2023-09-23T09:25:38.304-0400] {processor.py:179} INFO - Processing /home/beau/airflow/py_env/lib/python3.10/site-packages/airflow/example_dags/example_dynamic_task_mapping.py took 0.076 seconds
[2023-09-23T09:26:31.031-0400] {processor.py:157} INFO - Started process (PID=20205) to work on /home/beau/airflow/py_env/lib/python3.10/site-packages/airflow/example_dags/example_dynamic_task_mapping.py
[2023-09-23T09:26:31.032-0400] {processor.py:829} INFO - Processing file /home/beau/airflow/py_env/lib/python3.10/site-packages/airflow/example_dags/example_dynamic_task_mapping.py for tasks to queue
[2023-09-23T09:26:31.033-0400] {logging_mixin.py:151} INFO - [2023-09-23T09:26:31.033-0400] {dagbag.py:539} INFO - Filling up the DagBag from /home/beau/airflow/py_env/lib/python3.10/site-packages/airflow/example_dags/example_dynamic_task_mapping.py
[2023-09-23T09:26:31.040-0400] {processor.py:839} INFO - DAG(s) dict_keys(['example_dynamic_task_mapping']) retrieved from /home/beau/airflow/py_env/lib/python3.10/site-packages/airflow/example_dags/example_dynamic_task_mapping.py
[2023-09-23T09:26:31.053-0400] {logging_mixin.py:151} INFO - [2023-09-23T09:26:31.053-0400] {dag.py:2915} INFO - Sync 1 DAGs
[2023-09-23T09:26:31.069-0400] {logging_mixin.py:151} INFO - [2023-09-23T09:26:31.069-0400] {dag.py:3696} INFO - Setting next_dagrun for example_dynamic_task_mapping to 2022-03-04T00:00:00+00:00, run_after=2022-03-05T00:00:00+00:00
[2023-09-23T09:26:31.092-0400] {processor.py:179} INFO - Processing /home/beau/airflow/py_env/lib/python3.10/site-packages/airflow/example_dags/example_dynamic_task_mapping.py took 0.065 seconds
[2023-09-23T09:37:06.593-0400] {processor.py:157} INFO - Started process (PID=1161) to work on /home/beau/airflow/py_env/lib/python3.10/site-packages/airflow/example_dags/example_dynamic_task_mapping.py
[2023-09-23T09:37:06.597-0400] {processor.py:829} INFO - Processing file /home/beau/airflow/py_env/lib/python3.10/site-packages/airflow/example_dags/example_dynamic_task_mapping.py for tasks to queue
[2023-09-23T09:37:06.599-0400] {logging_mixin.py:151} INFO - [2023-09-23T09:37:06.598-0400] {dagbag.py:539} INFO - Filling up the DagBag from /home/beau/airflow/py_env/lib/python3.10/site-packages/airflow/example_dags/example_dynamic_task_mapping.py
[2023-09-23T09:37:06.611-0400] {processor.py:839} INFO - DAG(s) dict_keys(['example_dynamic_task_mapping']) retrieved from /home/beau/airflow/py_env/lib/python3.10/site-packages/airflow/example_dags/example_dynamic_task_mapping.py
[2023-09-23T09:37:06.629-0400] {logging_mixin.py:151} INFO - [2023-09-23T09:37:06.628-0400] {dag.py:2915} INFO - Sync 1 DAGs
[2023-09-23T09:37:06.644-0400] {logging_mixin.py:151} INFO - [2023-09-23T09:37:06.643-0400] {dag.py:3696} INFO - Setting next_dagrun for example_dynamic_task_mapping to 2022-03-04T00:00:00+00:00, run_after=2022-03-05T00:00:00+00:00
[2023-09-23T09:37:06.665-0400] {processor.py:179} INFO - Processing /home/beau/airflow/py_env/lib/python3.10/site-packages/airflow/example_dags/example_dynamic_task_mapping.py took 0.079 seconds
[2023-09-23T09:37:53.116-0400] {processor.py:157} INFO - Started process (PID=1893) to work on /home/beau/airflow/py_env/lib/python3.10/site-packages/airflow/example_dags/example_dynamic_task_mapping.py
[2023-09-23T09:37:53.120-0400] {processor.py:829} INFO - Processing file /home/beau/airflow/py_env/lib/python3.10/site-packages/airflow/example_dags/example_dynamic_task_mapping.py for tasks to queue
[2023-09-23T09:37:53.121-0400] {logging_mixin.py:151} INFO - [2023-09-23T09:37:53.121-0400] {dagbag.py:539} INFO - Filling up the DagBag from /home/beau/airflow/py_env/lib/python3.10/site-packages/airflow/example_dags/example_dynamic_task_mapping.py
[2023-09-23T09:37:53.129-0400] {processor.py:839} INFO - DAG(s) dict_keys(['example_dynamic_task_mapping']) retrieved from /home/beau/airflow/py_env/lib/python3.10/site-packages/airflow/example_dags/example_dynamic_task_mapping.py
[2023-09-23T09:37:53.144-0400] {logging_mixin.py:151} INFO - [2023-09-23T09:37:53.144-0400] {dag.py:2915} INFO - Sync 1 DAGs
[2023-09-23T09:37:53.160-0400] {logging_mixin.py:151} INFO - [2023-09-23T09:37:53.160-0400] {dag.py:3696} INFO - Setting next_dagrun for example_dynamic_task_mapping to 2022-03-04T00:00:00+00:00, run_after=2022-03-05T00:00:00+00:00
[2023-09-23T09:37:53.180-0400] {processor.py:179} INFO - Processing /home/beau/airflow/py_env/lib/python3.10/site-packages/airflow/example_dags/example_dynamic_task_mapping.py took 0.070 seconds
[2023-09-23T09:38:40.521-0400] {processor.py:157} INFO - Started process (PID=2324) to work on /home/beau/airflow/py_env/lib/python3.10/site-packages/airflow/example_dags/example_dynamic_task_mapping.py
[2023-09-23T09:38:40.523-0400] {processor.py:829} INFO - Processing file /home/beau/airflow/py_env/lib/python3.10/site-packages/airflow/example_dags/example_dynamic_task_mapping.py for tasks to queue
[2023-09-23T09:38:40.524-0400] {logging_mixin.py:151} INFO - [2023-09-23T09:38:40.523-0400] {dagbag.py:539} INFO - Filling up the DagBag from /home/beau/airflow/py_env/lib/python3.10/site-packages/airflow/example_dags/example_dynamic_task_mapping.py
[2023-09-23T09:38:40.538-0400] {processor.py:839} INFO - DAG(s) dict_keys(['example_dynamic_task_mapping']) retrieved from /home/beau/airflow/py_env/lib/python3.10/site-packages/airflow/example_dags/example_dynamic_task_mapping.py
[2023-09-23T09:38:40.565-0400] {logging_mixin.py:151} INFO - [2023-09-23T09:38:40.564-0400] {dag.py:2915} INFO - Sync 1 DAGs
[2023-09-23T09:38:40.588-0400] {logging_mixin.py:151} INFO - [2023-09-23T09:38:40.588-0400] {dag.py:3696} INFO - Setting next_dagrun for example_dynamic_task_mapping to 2022-03-04T00:00:00+00:00, run_after=2022-03-05T00:00:00+00:00
[2023-09-23T09:38:40.615-0400] {processor.py:179} INFO - Processing /home/beau/airflow/py_env/lib/python3.10/site-packages/airflow/example_dags/example_dynamic_task_mapping.py took 0.097 seconds
[2023-09-23T09:39:30.060-0400] {processor.py:157} INFO - Started process (PID=2848) to work on /home/beau/airflow/py_env/lib/python3.10/site-packages/airflow/example_dags/example_dynamic_task_mapping.py
[2023-09-23T09:39:30.062-0400] {processor.py:829} INFO - Processing file /home/beau/airflow/py_env/lib/python3.10/site-packages/airflow/example_dags/example_dynamic_task_mapping.py for tasks to queue
[2023-09-23T09:39:30.064-0400] {logging_mixin.py:151} INFO - [2023-09-23T09:39:30.063-0400] {dagbag.py:539} INFO - Filling up the DagBag from /home/beau/airflow/py_env/lib/python3.10/site-packages/airflow/example_dags/example_dynamic_task_mapping.py
[2023-09-23T09:39:30.075-0400] {processor.py:839} INFO - DAG(s) dict_keys(['example_dynamic_task_mapping']) retrieved from /home/beau/airflow/py_env/lib/python3.10/site-packages/airflow/example_dags/example_dynamic_task_mapping.py
[2023-09-23T09:39:30.091-0400] {logging_mixin.py:151} INFO - [2023-09-23T09:39:30.091-0400] {dag.py:2915} INFO - Sync 1 DAGs
[2023-09-23T09:39:30.105-0400] {logging_mixin.py:151} INFO - [2023-09-23T09:39:30.105-0400] {dag.py:3696} INFO - Setting next_dagrun for example_dynamic_task_mapping to 2022-03-04T00:00:00+00:00, run_after=2022-03-05T00:00:00+00:00
[2023-09-23T09:39:30.126-0400] {processor.py:179} INFO - Processing /home/beau/airflow/py_env/lib/python3.10/site-packages/airflow/example_dags/example_dynamic_task_mapping.py took 0.071 seconds
[2023-09-23T09:40:21.151-0400] {processor.py:157} INFO - Started process (PID=3517) to work on /home/beau/airflow/py_env/lib/python3.10/site-packages/airflow/example_dags/example_dynamic_task_mapping.py
[2023-09-23T09:40:21.155-0400] {processor.py:829} INFO - Processing file /home/beau/airflow/py_env/lib/python3.10/site-packages/airflow/example_dags/example_dynamic_task_mapping.py for tasks to queue
[2023-09-23T09:40:21.156-0400] {logging_mixin.py:151} INFO - [2023-09-23T09:40:21.155-0400] {dagbag.py:539} INFO - Filling up the DagBag from /home/beau/airflow/py_env/lib/python3.10/site-packages/airflow/example_dags/example_dynamic_task_mapping.py
[2023-09-23T09:40:21.164-0400] {processor.py:839} INFO - DAG(s) dict_keys(['example_dynamic_task_mapping']) retrieved from /home/beau/airflow/py_env/lib/python3.10/site-packages/airflow/example_dags/example_dynamic_task_mapping.py
[2023-09-23T09:40:21.177-0400] {logging_mixin.py:151} INFO - [2023-09-23T09:40:21.177-0400] {dag.py:2915} INFO - Sync 1 DAGs
[2023-09-23T09:40:21.195-0400] {logging_mixin.py:151} INFO - [2023-09-23T09:40:21.195-0400] {dag.py:3696} INFO - Setting next_dagrun for example_dynamic_task_mapping to 2022-03-04T00:00:00+00:00, run_after=2022-03-05T00:00:00+00:00
[2023-09-23T09:40:21.218-0400] {processor.py:179} INFO - Processing /home/beau/airflow/py_env/lib/python3.10/site-packages/airflow/example_dags/example_dynamic_task_mapping.py took 0.070 seconds
