[2023-09-23T09:06:39.380-0400] {processor.py:157} INFO - Started process (PID=11455) to work on /home/beau/airflow/py_env/lib/python3.10/site-packages/airflow/example_dags/example_branch_labels.py
[2023-09-23T09:06:39.382-0400] {processor.py:829} INFO - Processing file /home/beau/airflow/py_env/lib/python3.10/site-packages/airflow/example_dags/example_branch_labels.py for tasks to queue
[2023-09-23T09:06:39.384-0400] {logging_mixin.py:151} INFO - [2023-09-23T09:06:39.383-0400] {dagbag.py:539} INFO - Filling up the DagBag from /home/beau/airflow/py_env/lib/python3.10/site-packages/airflow/example_dags/example_branch_labels.py
[2023-09-23T09:06:39.398-0400] {processor.py:839} INFO - DAG(s) dict_keys(['example_branch_labels']) retrieved from /home/beau/airflow/py_env/lib/python3.10/site-packages/airflow/example_dags/example_branch_labels.py
[2023-09-23T09:06:39.491-0400] {logging_mixin.py:151} INFO - [2023-09-23T09:06:39.491-0400] {manager.py:499} INFO - Created Permission View: %s
[2023-09-23T09:06:39.507-0400] {logging_mixin.py:151} INFO - [2023-09-23T09:06:39.507-0400] {manager.py:499} INFO - Created Permission View: %s
[2023-09-23T09:06:39.521-0400] {logging_mixin.py:151} INFO - [2023-09-23T09:06:39.521-0400] {manager.py:499} INFO - Created Permission View: %s
[2023-09-23T09:06:39.521-0400] {logging_mixin.py:151} INFO - [2023-09-23T09:06:39.521-0400] {security.py:708} INFO - Not syncing DAG-level permissions for DAG 'DAG:example_branch_labels' as access control is unset.
[2023-09-23T09:06:39.521-0400] {logging_mixin.py:151} INFO - [2023-09-23T09:06:39.521-0400] {dag.py:2915} INFO - Sync 1 DAGs
[2023-09-23T09:06:39.532-0400] {logging_mixin.py:151} INFO - [2023-09-23T09:06:39.532-0400] {dag.py:2937} INFO - Creating ORM DAG for example_branch_labels
[2023-09-23T09:06:39.539-0400] {logging_mixin.py:151} INFO - [2023-09-23T09:06:39.539-0400] {dag.py:3696} INFO - Setting next_dagrun for example_branch_labels to 2023-09-22T00:00:00+00:00, run_after=2023-09-23T00:00:00+00:00
[2023-09-23T09:06:39.559-0400] {processor.py:179} INFO - Processing /home/beau/airflow/py_env/lib/python3.10/site-packages/airflow/example_dags/example_branch_labels.py took 0.187 seconds
[2023-09-23T09:07:27.950-0400] {processor.py:157} INFO - Started process (PID=11950) to work on /home/beau/airflow/py_env/lib/python3.10/site-packages/airflow/example_dags/example_branch_labels.py
[2023-09-23T09:07:27.954-0400] {processor.py:829} INFO - Processing file /home/beau/airflow/py_env/lib/python3.10/site-packages/airflow/example_dags/example_branch_labels.py for tasks to queue
[2023-09-23T09:07:27.956-0400] {logging_mixin.py:151} INFO - [2023-09-23T09:07:27.955-0400] {dagbag.py:539} INFO - Filling up the DagBag from /home/beau/airflow/py_env/lib/python3.10/site-packages/airflow/example_dags/example_branch_labels.py
[2023-09-23T09:07:27.969-0400] {processor.py:839} INFO - DAG(s) dict_keys(['example_branch_labels']) retrieved from /home/beau/airflow/py_env/lib/python3.10/site-packages/airflow/example_dags/example_branch_labels.py
[2023-09-23T09:07:27.987-0400] {logging_mixin.py:151} INFO - [2023-09-23T09:07:27.987-0400] {dag.py:2915} INFO - Sync 1 DAGs
[2023-09-23T09:07:28.004-0400] {logging_mixin.py:151} INFO - [2023-09-23T09:07:28.004-0400] {dag.py:3696} INFO - Setting next_dagrun for example_branch_labels to 2023-09-22T00:00:00+00:00, run_after=2023-09-23T00:00:00+00:00
[2023-09-23T09:07:28.029-0400] {processor.py:179} INFO - Processing /home/beau/airflow/py_env/lib/python3.10/site-packages/airflow/example_dags/example_branch_labels.py took 0.087 seconds
[2023-09-23T09:08:19.737-0400] {processor.py:157} INFO - Started process (PID=12213) to work on /home/beau/airflow/py_env/lib/python3.10/site-packages/airflow/example_dags/example_branch_labels.py
[2023-09-23T09:08:19.743-0400] {processor.py:829} INFO - Processing file /home/beau/airflow/py_env/lib/python3.10/site-packages/airflow/example_dags/example_branch_labels.py for tasks to queue
[2023-09-23T09:08:19.746-0400] {logging_mixin.py:151} INFO - [2023-09-23T09:08:19.744-0400] {dagbag.py:539} INFO - Filling up the DagBag from /home/beau/airflow/py_env/lib/python3.10/site-packages/airflow/example_dags/example_branch_labels.py
[2023-09-23T09:08:19.756-0400] {processor.py:839} INFO - DAG(s) dict_keys(['example_branch_labels']) retrieved from /home/beau/airflow/py_env/lib/python3.10/site-packages/airflow/example_dags/example_branch_labels.py
[2023-09-23T09:08:19.777-0400] {logging_mixin.py:151} INFO - [2023-09-23T09:08:19.777-0400] {dag.py:2915} INFO - Sync 1 DAGs
[2023-09-23T09:08:19.796-0400] {logging_mixin.py:151} INFO - [2023-09-23T09:08:19.796-0400] {dag.py:3696} INFO - Setting next_dagrun for example_branch_labels to 2023-09-22T00:00:00+00:00, run_after=2023-09-23T00:00:00+00:00
[2023-09-23T09:08:19.836-0400] {processor.py:179} INFO - Processing /home/beau/airflow/py_env/lib/python3.10/site-packages/airflow/example_dags/example_branch_labels.py took 0.106 seconds
[2023-09-23T09:09:10.723-0400] {processor.py:157} INFO - Started process (PID=12716) to work on /home/beau/airflow/py_env/lib/python3.10/site-packages/airflow/example_dags/example_branch_labels.py
[2023-09-23T09:09:10.726-0400] {processor.py:829} INFO - Processing file /home/beau/airflow/py_env/lib/python3.10/site-packages/airflow/example_dags/example_branch_labels.py for tasks to queue
[2023-09-23T09:09:10.727-0400] {logging_mixin.py:151} INFO - [2023-09-23T09:09:10.727-0400] {dagbag.py:539} INFO - Filling up the DagBag from /home/beau/airflow/py_env/lib/python3.10/site-packages/airflow/example_dags/example_branch_labels.py
[2023-09-23T09:09:10.734-0400] {processor.py:839} INFO - DAG(s) dict_keys(['example_branch_labels']) retrieved from /home/beau/airflow/py_env/lib/python3.10/site-packages/airflow/example_dags/example_branch_labels.py
[2023-09-23T09:09:10.750-0400] {logging_mixin.py:151} INFO - [2023-09-23T09:09:10.749-0400] {dag.py:2915} INFO - Sync 1 DAGs
[2023-09-23T09:09:10.769-0400] {logging_mixin.py:151} INFO - [2023-09-23T09:09:10.769-0400] {dag.py:3696} INFO - Setting next_dagrun for example_branch_labels to 2023-09-22T00:00:00+00:00, run_after=2023-09-23T00:00:00+00:00
[2023-09-23T09:09:10.791-0400] {processor.py:179} INFO - Processing /home/beau/airflow/py_env/lib/python3.10/site-packages/airflow/example_dags/example_branch_labels.py took 0.071 seconds
[2023-09-23T09:09:59.332-0400] {processor.py:157} INFO - Started process (PID=12902) to work on /home/beau/airflow/py_env/lib/python3.10/site-packages/airflow/example_dags/example_branch_labels.py
[2023-09-23T09:09:59.337-0400] {processor.py:829} INFO - Processing file /home/beau/airflow/py_env/lib/python3.10/site-packages/airflow/example_dags/example_branch_labels.py for tasks to queue
[2023-09-23T09:09:59.339-0400] {logging_mixin.py:151} INFO - [2023-09-23T09:09:59.338-0400] {dagbag.py:539} INFO - Filling up the DagBag from /home/beau/airflow/py_env/lib/python3.10/site-packages/airflow/example_dags/example_branch_labels.py
[2023-09-23T09:09:59.353-0400] {processor.py:839} INFO - DAG(s) dict_keys(['example_branch_labels']) retrieved from /home/beau/airflow/py_env/lib/python3.10/site-packages/airflow/example_dags/example_branch_labels.py
[2023-09-23T09:09:59.367-0400] {logging_mixin.py:151} INFO - [2023-09-23T09:09:59.366-0400] {dag.py:2915} INFO - Sync 1 DAGs
[2023-09-23T09:09:59.383-0400] {logging_mixin.py:151} INFO - [2023-09-23T09:09:59.382-0400] {dag.py:3696} INFO - Setting next_dagrun for example_branch_labels to 2023-09-22T00:00:00+00:00, run_after=2023-09-23T00:00:00+00:00
[2023-09-23T09:09:59.404-0400] {processor.py:179} INFO - Processing /home/beau/airflow/py_env/lib/python3.10/site-packages/airflow/example_dags/example_branch_labels.py took 0.077 seconds
[2023-09-23T09:10:46.699-0400] {processor.py:157} INFO - Started process (PID=13149) to work on /home/beau/airflow/py_env/lib/python3.10/site-packages/airflow/example_dags/example_branch_labels.py
[2023-09-23T09:10:46.704-0400] {processor.py:829} INFO - Processing file /home/beau/airflow/py_env/lib/python3.10/site-packages/airflow/example_dags/example_branch_labels.py for tasks to queue
[2023-09-23T09:10:46.705-0400] {logging_mixin.py:151} INFO - [2023-09-23T09:10:46.705-0400] {dagbag.py:539} INFO - Filling up the DagBag from /home/beau/airflow/py_env/lib/python3.10/site-packages/airflow/example_dags/example_branch_labels.py
[2023-09-23T09:10:46.718-0400] {processor.py:839} INFO - DAG(s) dict_keys(['example_branch_labels']) retrieved from /home/beau/airflow/py_env/lib/python3.10/site-packages/airflow/example_dags/example_branch_labels.py
[2023-09-23T09:10:46.741-0400] {logging_mixin.py:151} INFO - [2023-09-23T09:10:46.740-0400] {dag.py:2915} INFO - Sync 1 DAGs
[2023-09-23T09:10:46.760-0400] {logging_mixin.py:151} INFO - [2023-09-23T09:10:46.760-0400] {dag.py:3696} INFO - Setting next_dagrun for example_branch_labels to 2023-09-22T00:00:00+00:00, run_after=2023-09-23T00:00:00+00:00
[2023-09-23T09:10:46.784-0400] {processor.py:179} INFO - Processing /home/beau/airflow/py_env/lib/python3.10/site-packages/airflow/example_dags/example_branch_labels.py took 0.091 seconds
[2023-09-23T09:11:36.807-0400] {processor.py:157} INFO - Started process (PID=13660) to work on /home/beau/airflow/py_env/lib/python3.10/site-packages/airflow/example_dags/example_branch_labels.py
[2023-09-23T09:11:36.811-0400] {processor.py:829} INFO - Processing file /home/beau/airflow/py_env/lib/python3.10/site-packages/airflow/example_dags/example_branch_labels.py for tasks to queue
[2023-09-23T09:11:36.813-0400] {logging_mixin.py:151} INFO - [2023-09-23T09:11:36.812-0400] {dagbag.py:539} INFO - Filling up the DagBag from /home/beau/airflow/py_env/lib/python3.10/site-packages/airflow/example_dags/example_branch_labels.py
[2023-09-23T09:11:36.824-0400] {processor.py:839} INFO - DAG(s) dict_keys(['example_branch_labels']) retrieved from /home/beau/airflow/py_env/lib/python3.10/site-packages/airflow/example_dags/example_branch_labels.py
[2023-09-23T09:11:36.848-0400] {logging_mixin.py:151} INFO - [2023-09-23T09:11:36.848-0400] {dag.py:2915} INFO - Sync 1 DAGs
[2023-09-23T09:11:36.863-0400] {logging_mixin.py:151} INFO - [2023-09-23T09:11:36.863-0400] {dag.py:3696} INFO - Setting next_dagrun for example_branch_labels to 2023-09-22T00:00:00+00:00, run_after=2023-09-23T00:00:00+00:00
[2023-09-23T09:11:36.887-0400] {processor.py:179} INFO - Processing /home/beau/airflow/py_env/lib/python3.10/site-packages/airflow/example_dags/example_branch_labels.py took 0.086 seconds
[2023-09-23T09:12:25.052-0400] {processor.py:157} INFO - Started process (PID=14023) to work on /home/beau/airflow/py_env/lib/python3.10/site-packages/airflow/example_dags/example_branch_labels.py
[2023-09-23T09:12:25.056-0400] {processor.py:829} INFO - Processing file /home/beau/airflow/py_env/lib/python3.10/site-packages/airflow/example_dags/example_branch_labels.py for tasks to queue
[2023-09-23T09:12:25.057-0400] {logging_mixin.py:151} INFO - [2023-09-23T09:12:25.056-0400] {dagbag.py:539} INFO - Filling up the DagBag from /home/beau/airflow/py_env/lib/python3.10/site-packages/airflow/example_dags/example_branch_labels.py
[2023-09-23T09:12:25.066-0400] {processor.py:839} INFO - DAG(s) dict_keys(['example_branch_labels']) retrieved from /home/beau/airflow/py_env/lib/python3.10/site-packages/airflow/example_dags/example_branch_labels.py
[2023-09-23T09:12:25.086-0400] {logging_mixin.py:151} INFO - [2023-09-23T09:12:25.086-0400] {dag.py:2915} INFO - Sync 1 DAGs
[2023-09-23T09:12:25.105-0400] {logging_mixin.py:151} INFO - [2023-09-23T09:12:25.105-0400] {dag.py:3696} INFO - Setting next_dagrun for example_branch_labels to 2023-09-22T00:00:00+00:00, run_after=2023-09-23T00:00:00+00:00
[2023-09-23T09:12:25.137-0400] {processor.py:179} INFO - Processing /home/beau/airflow/py_env/lib/python3.10/site-packages/airflow/example_dags/example_branch_labels.py took 0.089 seconds
[2023-09-23T09:13:14.961-0400] {processor.py:157} INFO - Started process (PID=14562) to work on /home/beau/airflow/py_env/lib/python3.10/site-packages/airflow/example_dags/example_branch_labels.py
[2023-09-23T09:13:14.964-0400] {processor.py:829} INFO - Processing file /home/beau/airflow/py_env/lib/python3.10/site-packages/airflow/example_dags/example_branch_labels.py for tasks to queue
[2023-09-23T09:13:14.965-0400] {logging_mixin.py:151} INFO - [2023-09-23T09:13:14.965-0400] {dagbag.py:539} INFO - Filling up the DagBag from /home/beau/airflow/py_env/lib/python3.10/site-packages/airflow/example_dags/example_branch_labels.py
[2023-09-23T09:13:14.973-0400] {processor.py:839} INFO - DAG(s) dict_keys(['example_branch_labels']) retrieved from /home/beau/airflow/py_env/lib/python3.10/site-packages/airflow/example_dags/example_branch_labels.py
[2023-09-23T09:13:14.991-0400] {logging_mixin.py:151} INFO - [2023-09-23T09:13:14.991-0400] {dag.py:2915} INFO - Sync 1 DAGs
[2023-09-23T09:13:15.010-0400] {logging_mixin.py:151} INFO - [2023-09-23T09:13:15.010-0400] {dag.py:3696} INFO - Setting next_dagrun for example_branch_labels to 2023-09-22T00:00:00+00:00, run_after=2023-09-23T00:00:00+00:00
[2023-09-23T09:13:15.049-0400] {processor.py:179} INFO - Processing /home/beau/airflow/py_env/lib/python3.10/site-packages/airflow/example_dags/example_branch_labels.py took 0.091 seconds
[2023-09-23T09:14:04.765-0400] {processor.py:157} INFO - Started process (PID=14980) to work on /home/beau/airflow/py_env/lib/python3.10/site-packages/airflow/example_dags/example_branch_labels.py
[2023-09-23T09:14:04.767-0400] {processor.py:829} INFO - Processing file /home/beau/airflow/py_env/lib/python3.10/site-packages/airflow/example_dags/example_branch_labels.py for tasks to queue
[2023-09-23T09:14:04.768-0400] {logging_mixin.py:151} INFO - [2023-09-23T09:14:04.768-0400] {dagbag.py:539} INFO - Filling up the DagBag from /home/beau/airflow/py_env/lib/python3.10/site-packages/airflow/example_dags/example_branch_labels.py
[2023-09-23T09:14:04.776-0400] {processor.py:839} INFO - DAG(s) dict_keys(['example_branch_labels']) retrieved from /home/beau/airflow/py_env/lib/python3.10/site-packages/airflow/example_dags/example_branch_labels.py
[2023-09-23T09:14:04.792-0400] {logging_mixin.py:151} INFO - [2023-09-23T09:14:04.792-0400] {dag.py:2915} INFO - Sync 1 DAGs
[2023-09-23T09:14:04.810-0400] {logging_mixin.py:151} INFO - [2023-09-23T09:14:04.809-0400] {dag.py:3696} INFO - Setting next_dagrun for example_branch_labels to 2023-09-22T00:00:00+00:00, run_after=2023-09-23T00:00:00+00:00
[2023-09-23T09:14:04.840-0400] {processor.py:179} INFO - Processing /home/beau/airflow/py_env/lib/python3.10/site-packages/airflow/example_dags/example_branch_labels.py took 0.078 seconds
[2023-09-23T09:14:53.799-0400] {processor.py:157} INFO - Started process (PID=15292) to work on /home/beau/airflow/py_env/lib/python3.10/site-packages/airflow/example_dags/example_branch_labels.py
[2023-09-23T09:14:53.803-0400] {processor.py:829} INFO - Processing file /home/beau/airflow/py_env/lib/python3.10/site-packages/airflow/example_dags/example_branch_labels.py for tasks to queue
[2023-09-23T09:14:53.804-0400] {logging_mixin.py:151} INFO - [2023-09-23T09:14:53.803-0400] {dagbag.py:539} INFO - Filling up the DagBag from /home/beau/airflow/py_env/lib/python3.10/site-packages/airflow/example_dags/example_branch_labels.py
[2023-09-23T09:14:53.811-0400] {processor.py:839} INFO - DAG(s) dict_keys(['example_branch_labels']) retrieved from /home/beau/airflow/py_env/lib/python3.10/site-packages/airflow/example_dags/example_branch_labels.py
[2023-09-23T09:14:53.828-0400] {logging_mixin.py:151} INFO - [2023-09-23T09:14:53.828-0400] {dag.py:2915} INFO - Sync 1 DAGs
[2023-09-23T09:14:53.848-0400] {logging_mixin.py:151} INFO - [2023-09-23T09:14:53.847-0400] {dag.py:3696} INFO - Setting next_dagrun for example_branch_labels to 2023-09-22T00:00:00+00:00, run_after=2023-09-23T00:00:00+00:00
[2023-09-23T09:14:53.872-0400] {processor.py:179} INFO - Processing /home/beau/airflow/py_env/lib/python3.10/site-packages/airflow/example_dags/example_branch_labels.py took 0.076 seconds
[2023-09-23T09:17:40.005-0400] {processor.py:157} INFO - Started process (PID=16873) to work on /home/beau/airflow/py_env/lib/python3.10/site-packages/airflow/example_dags/example_branch_labels.py
[2023-09-23T09:17:40.009-0400] {processor.py:829} INFO - Processing file /home/beau/airflow/py_env/lib/python3.10/site-packages/airflow/example_dags/example_branch_labels.py for tasks to queue
[2023-09-23T09:17:40.010-0400] {logging_mixin.py:151} INFO - [2023-09-23T09:17:40.010-0400] {dagbag.py:539} INFO - Filling up the DagBag from /home/beau/airflow/py_env/lib/python3.10/site-packages/airflow/example_dags/example_branch_labels.py
[2023-09-23T09:17:40.019-0400] {processor.py:839} INFO - DAG(s) dict_keys(['example_branch_labels']) retrieved from /home/beau/airflow/py_env/lib/python3.10/site-packages/airflow/example_dags/example_branch_labels.py
[2023-09-23T09:17:40.040-0400] {logging_mixin.py:151} INFO - [2023-09-23T09:17:40.040-0400] {dag.py:2915} INFO - Sync 1 DAGs
[2023-09-23T09:17:40.061-0400] {logging_mixin.py:151} INFO - [2023-09-23T09:17:40.061-0400] {dag.py:3696} INFO - Setting next_dagrun for example_branch_labels to 2023-09-22T00:00:00+00:00, run_after=2023-09-23T00:00:00+00:00
[2023-09-23T09:17:40.092-0400] {processor.py:179} INFO - Processing /home/beau/airflow/py_env/lib/python3.10/site-packages/airflow/example_dags/example_branch_labels.py took 0.090 seconds
[2023-09-23T09:18:27.855-0400] {processor.py:157} INFO - Started process (PID=17146) to work on /home/beau/airflow/py_env/lib/python3.10/site-packages/airflow/example_dags/example_branch_labels.py
[2023-09-23T09:18:27.858-0400] {processor.py:829} INFO - Processing file /home/beau/airflow/py_env/lib/python3.10/site-packages/airflow/example_dags/example_branch_labels.py for tasks to queue
[2023-09-23T09:18:27.859-0400] {logging_mixin.py:151} INFO - [2023-09-23T09:18:27.858-0400] {dagbag.py:539} INFO - Filling up the DagBag from /home/beau/airflow/py_env/lib/python3.10/site-packages/airflow/example_dags/example_branch_labels.py
[2023-09-23T09:18:27.870-0400] {processor.py:839} INFO - DAG(s) dict_keys(['example_branch_labels']) retrieved from /home/beau/airflow/py_env/lib/python3.10/site-packages/airflow/example_dags/example_branch_labels.py
[2023-09-23T09:18:27.893-0400] {logging_mixin.py:151} INFO - [2023-09-23T09:18:27.893-0400] {dag.py:2915} INFO - Sync 1 DAGs
[2023-09-23T09:18:27.909-0400] {logging_mixin.py:151} INFO - [2023-09-23T09:18:27.909-0400] {dag.py:3696} INFO - Setting next_dagrun for example_branch_labels to 2023-09-22T00:00:00+00:00, run_after=2023-09-23T00:00:00+00:00
[2023-09-23T09:18:27.931-0400] {processor.py:179} INFO - Processing /home/beau/airflow/py_env/lib/python3.10/site-packages/airflow/example_dags/example_branch_labels.py took 0.080 seconds
[2023-09-23T09:19:19.673-0400] {processor.py:157} INFO - Started process (PID=17434) to work on /home/beau/airflow/py_env/lib/python3.10/site-packages/airflow/example_dags/example_branch_labels.py
[2023-09-23T09:19:19.676-0400] {processor.py:829} INFO - Processing file /home/beau/airflow/py_env/lib/python3.10/site-packages/airflow/example_dags/example_branch_labels.py for tasks to queue
[2023-09-23T09:19:19.678-0400] {logging_mixin.py:151} INFO - [2023-09-23T09:19:19.677-0400] {dagbag.py:539} INFO - Filling up the DagBag from /home/beau/airflow/py_env/lib/python3.10/site-packages/airflow/example_dags/example_branch_labels.py
[2023-09-23T09:19:19.687-0400] {processor.py:839} INFO - DAG(s) dict_keys(['example_branch_labels']) retrieved from /home/beau/airflow/py_env/lib/python3.10/site-packages/airflow/example_dags/example_branch_labels.py
[2023-09-23T09:19:19.705-0400] {logging_mixin.py:151} INFO - [2023-09-23T09:19:19.705-0400] {dag.py:2915} INFO - Sync 1 DAGs
[2023-09-23T09:19:19.724-0400] {logging_mixin.py:151} INFO - [2023-09-23T09:19:19.724-0400] {dag.py:3696} INFO - Setting next_dagrun for example_branch_labels to 2023-09-22T00:00:00+00:00, run_after=2023-09-23T00:00:00+00:00
[2023-09-23T09:19:19.748-0400] {processor.py:179} INFO - Processing /home/beau/airflow/py_env/lib/python3.10/site-packages/airflow/example_dags/example_branch_labels.py took 0.081 seconds
[2023-09-23T09:20:13.974-0400] {processor.py:157} INFO - Started process (PID=17721) to work on /home/beau/airflow/py_env/lib/python3.10/site-packages/airflow/example_dags/example_branch_labels.py
[2023-09-23T09:20:13.980-0400] {processor.py:829} INFO - Processing file /home/beau/airflow/py_env/lib/python3.10/site-packages/airflow/example_dags/example_branch_labels.py for tasks to queue
[2023-09-23T09:20:13.982-0400] {logging_mixin.py:151} INFO - [2023-09-23T09:20:13.981-0400] {dagbag.py:539} INFO - Filling up the DagBag from /home/beau/airflow/py_env/lib/python3.10/site-packages/airflow/example_dags/example_branch_labels.py
[2023-09-23T09:20:13.992-0400] {processor.py:839} INFO - DAG(s) dict_keys(['example_branch_labels']) retrieved from /home/beau/airflow/py_env/lib/python3.10/site-packages/airflow/example_dags/example_branch_labels.py
[2023-09-23T09:20:14.014-0400] {logging_mixin.py:151} INFO - [2023-09-23T09:20:14.013-0400] {dag.py:2915} INFO - Sync 1 DAGs
[2023-09-23T09:20:14.036-0400] {logging_mixin.py:151} INFO - [2023-09-23T09:20:14.035-0400] {dag.py:3696} INFO - Setting next_dagrun for example_branch_labels to 2023-09-22T00:00:00+00:00, run_after=2023-09-23T00:00:00+00:00
[2023-09-23T09:20:14.066-0400] {processor.py:179} INFO - Processing /home/beau/airflow/py_env/lib/python3.10/site-packages/airflow/example_dags/example_branch_labels.py took 0.099 seconds
[2023-09-23T09:21:13.590-0400] {processor.py:157} INFO - Started process (PID=18036) to work on /home/beau/airflow/py_env/lib/python3.10/site-packages/airflow/example_dags/example_branch_labels.py
[2023-09-23T09:21:13.594-0400] {processor.py:829} INFO - Processing file /home/beau/airflow/py_env/lib/python3.10/site-packages/airflow/example_dags/example_branch_labels.py for tasks to queue
[2023-09-23T09:21:13.596-0400] {logging_mixin.py:151} INFO - [2023-09-23T09:21:13.595-0400] {dagbag.py:539} INFO - Filling up the DagBag from /home/beau/airflow/py_env/lib/python3.10/site-packages/airflow/example_dags/example_branch_labels.py
[2023-09-23T09:21:13.611-0400] {processor.py:839} INFO - DAG(s) dict_keys(['example_branch_labels']) retrieved from /home/beau/airflow/py_env/lib/python3.10/site-packages/airflow/example_dags/example_branch_labels.py
[2023-09-23T09:21:13.633-0400] {logging_mixin.py:151} INFO - [2023-09-23T09:21:13.633-0400] {dag.py:2915} INFO - Sync 1 DAGs
[2023-09-23T09:21:13.653-0400] {logging_mixin.py:151} INFO - [2023-09-23T09:21:13.653-0400] {dag.py:3696} INFO - Setting next_dagrun for example_branch_labels to 2023-09-22T00:00:00+00:00, run_after=2023-09-23T00:00:00+00:00
[2023-09-23T09:21:13.681-0400] {processor.py:179} INFO - Processing /home/beau/airflow/py_env/lib/python3.10/site-packages/airflow/example_dags/example_branch_labels.py took 0.094 seconds
[2023-09-23T09:23:59.120-0400] {processor.py:157} INFO - Started process (PID=19366) to work on /home/beau/airflow/py_env/lib/python3.10/site-packages/airflow/example_dags/example_branch_labels.py
[2023-09-23T09:23:59.125-0400] {processor.py:829} INFO - Processing file /home/beau/airflow/py_env/lib/python3.10/site-packages/airflow/example_dags/example_branch_labels.py for tasks to queue
[2023-09-23T09:23:59.126-0400] {logging_mixin.py:151} INFO - [2023-09-23T09:23:59.126-0400] {dagbag.py:539} INFO - Filling up the DagBag from /home/beau/airflow/py_env/lib/python3.10/site-packages/airflow/example_dags/example_branch_labels.py
[2023-09-23T09:23:59.141-0400] {processor.py:839} INFO - DAG(s) dict_keys(['example_branch_labels']) retrieved from /home/beau/airflow/py_env/lib/python3.10/site-packages/airflow/example_dags/example_branch_labels.py
[2023-09-23T09:23:59.167-0400] {logging_mixin.py:151} INFO - [2023-09-23T09:23:59.167-0400] {dag.py:2915} INFO - Sync 1 DAGs
[2023-09-23T09:23:59.189-0400] {logging_mixin.py:151} INFO - [2023-09-23T09:23:59.189-0400] {dag.py:3696} INFO - Setting next_dagrun for example_branch_labels to 2023-09-22T00:00:00+00:00, run_after=2023-09-23T00:00:00+00:00
[2023-09-23T09:23:59.214-0400] {processor.py:179} INFO - Processing /home/beau/airflow/py_env/lib/python3.10/site-packages/airflow/example_dags/example_branch_labels.py took 0.103 seconds
[2023-09-23T09:24:45.927-0400] {processor.py:157} INFO - Started process (PID=19654) to work on /home/beau/airflow/py_env/lib/python3.10/site-packages/airflow/example_dags/example_branch_labels.py
[2023-09-23T09:24:45.929-0400] {processor.py:829} INFO - Processing file /home/beau/airflow/py_env/lib/python3.10/site-packages/airflow/example_dags/example_branch_labels.py for tasks to queue
[2023-09-23T09:24:45.930-0400] {logging_mixin.py:151} INFO - [2023-09-23T09:24:45.930-0400] {dagbag.py:539} INFO - Filling up the DagBag from /home/beau/airflow/py_env/lib/python3.10/site-packages/airflow/example_dags/example_branch_labels.py
[2023-09-23T09:24:45.939-0400] {processor.py:839} INFO - DAG(s) dict_keys(['example_branch_labels']) retrieved from /home/beau/airflow/py_env/lib/python3.10/site-packages/airflow/example_dags/example_branch_labels.py
[2023-09-23T09:24:45.955-0400] {logging_mixin.py:151} INFO - [2023-09-23T09:24:45.955-0400] {dag.py:2915} INFO - Sync 1 DAGs
[2023-09-23T09:24:45.975-0400] {logging_mixin.py:151} INFO - [2023-09-23T09:24:45.974-0400] {dag.py:3696} INFO - Setting next_dagrun for example_branch_labels to 2023-09-22T00:00:00+00:00, run_after=2023-09-23T00:00:00+00:00
[2023-09-23T09:24:46.014-0400] {processor.py:179} INFO - Processing /home/beau/airflow/py_env/lib/python3.10/site-packages/airflow/example_dags/example_branch_labels.py took 0.089 seconds
[2023-09-23T09:25:37.683-0400] {processor.py:157} INFO - Started process (PID=19959) to work on /home/beau/airflow/py_env/lib/python3.10/site-packages/airflow/example_dags/example_branch_labels.py
[2023-09-23T09:25:37.688-0400] {processor.py:829} INFO - Processing file /home/beau/airflow/py_env/lib/python3.10/site-packages/airflow/example_dags/example_branch_labels.py for tasks to queue
[2023-09-23T09:25:37.690-0400] {logging_mixin.py:151} INFO - [2023-09-23T09:25:37.689-0400] {dagbag.py:539} INFO - Filling up the DagBag from /home/beau/airflow/py_env/lib/python3.10/site-packages/airflow/example_dags/example_branch_labels.py
[2023-09-23T09:25:37.701-0400] {processor.py:839} INFO - DAG(s) dict_keys(['example_branch_labels']) retrieved from /home/beau/airflow/py_env/lib/python3.10/site-packages/airflow/example_dags/example_branch_labels.py
[2023-09-23T09:25:37.723-0400] {logging_mixin.py:151} INFO - [2023-09-23T09:25:37.723-0400] {dag.py:2915} INFO - Sync 1 DAGs
[2023-09-23T09:25:37.742-0400] {logging_mixin.py:151} INFO - [2023-09-23T09:25:37.741-0400] {dag.py:3696} INFO - Setting next_dagrun for example_branch_labels to 2023-09-22T00:00:00+00:00, run_after=2023-09-23T00:00:00+00:00
[2023-09-23T09:25:37.776-0400] {processor.py:179} INFO - Processing /home/beau/airflow/py_env/lib/python3.10/site-packages/airflow/example_dags/example_branch_labels.py took 0.101 seconds
[2023-09-23T09:26:30.475-0400] {processor.py:157} INFO - Started process (PID=20204) to work on /home/beau/airflow/py_env/lib/python3.10/site-packages/airflow/example_dags/example_branch_labels.py
[2023-09-23T09:26:30.477-0400] {processor.py:829} INFO - Processing file /home/beau/airflow/py_env/lib/python3.10/site-packages/airflow/example_dags/example_branch_labels.py for tasks to queue
[2023-09-23T09:26:30.478-0400] {logging_mixin.py:151} INFO - [2023-09-23T09:26:30.478-0400] {dagbag.py:539} INFO - Filling up the DagBag from /home/beau/airflow/py_env/lib/python3.10/site-packages/airflow/example_dags/example_branch_labels.py
[2023-09-23T09:26:30.487-0400] {processor.py:839} INFO - DAG(s) dict_keys(['example_branch_labels']) retrieved from /home/beau/airflow/py_env/lib/python3.10/site-packages/airflow/example_dags/example_branch_labels.py
[2023-09-23T09:26:30.502-0400] {logging_mixin.py:151} INFO - [2023-09-23T09:26:30.502-0400] {dag.py:2915} INFO - Sync 1 DAGs
[2023-09-23T09:26:30.519-0400] {logging_mixin.py:151} INFO - [2023-09-23T09:26:30.519-0400] {dag.py:3696} INFO - Setting next_dagrun for example_branch_labels to 2023-09-22T00:00:00+00:00, run_after=2023-09-23T00:00:00+00:00
[2023-09-23T09:26:30.541-0400] {processor.py:179} INFO - Processing /home/beau/airflow/py_env/lib/python3.10/site-packages/airflow/example_dags/example_branch_labels.py took 0.071 seconds
[2023-09-23T09:37:05.436-0400] {processor.py:157} INFO - Started process (PID=1154) to work on /home/beau/airflow/py_env/lib/python3.10/site-packages/airflow/example_dags/example_branch_labels.py
[2023-09-23T09:37:05.438-0400] {processor.py:829} INFO - Processing file /home/beau/airflow/py_env/lib/python3.10/site-packages/airflow/example_dags/example_branch_labels.py for tasks to queue
[2023-09-23T09:37:05.440-0400] {logging_mixin.py:151} INFO - [2023-09-23T09:37:05.439-0400] {dagbag.py:539} INFO - Filling up the DagBag from /home/beau/airflow/py_env/lib/python3.10/site-packages/airflow/example_dags/example_branch_labels.py
[2023-09-23T09:37:05.451-0400] {processor.py:839} INFO - DAG(s) dict_keys(['example_branch_labels']) retrieved from /home/beau/airflow/py_env/lib/python3.10/site-packages/airflow/example_dags/example_branch_labels.py
[2023-09-23T09:37:05.473-0400] {logging_mixin.py:151} INFO - [2023-09-23T09:37:05.473-0400] {dag.py:2915} INFO - Sync 1 DAGs
[2023-09-23T09:37:05.488-0400] {logging_mixin.py:151} INFO - [2023-09-23T09:37:05.488-0400] {dag.py:3696} INFO - Setting next_dagrun for example_branch_labels to 2023-09-22T00:00:00+00:00, run_after=2023-09-23T00:00:00+00:00
[2023-09-23T09:37:05.509-0400] {processor.py:179} INFO - Processing /home/beau/airflow/py_env/lib/python3.10/site-packages/airflow/example_dags/example_branch_labels.py took 0.078 seconds
[2023-09-23T09:37:51.968-0400] {processor.py:157} INFO - Started process (PID=1854) to work on /home/beau/airflow/py_env/lib/python3.10/site-packages/airflow/example_dags/example_branch_labels.py
[2023-09-23T09:37:51.972-0400] {processor.py:829} INFO - Processing file /home/beau/airflow/py_env/lib/python3.10/site-packages/airflow/example_dags/example_branch_labels.py for tasks to queue
[2023-09-23T09:37:51.973-0400] {logging_mixin.py:151} INFO - [2023-09-23T09:37:51.972-0400] {dagbag.py:539} INFO - Filling up the DagBag from /home/beau/airflow/py_env/lib/python3.10/site-packages/airflow/example_dags/example_branch_labels.py
[2023-09-23T09:37:51.983-0400] {processor.py:839} INFO - DAG(s) dict_keys(['example_branch_labels']) retrieved from /home/beau/airflow/py_env/lib/python3.10/site-packages/airflow/example_dags/example_branch_labels.py
[2023-09-23T09:37:52.002-0400] {logging_mixin.py:151} INFO - [2023-09-23T09:37:52.001-0400] {dag.py:2915} INFO - Sync 1 DAGs
[2023-09-23T09:37:52.019-0400] {logging_mixin.py:151} INFO - [2023-09-23T09:37:52.019-0400] {dag.py:3696} INFO - Setting next_dagrun for example_branch_labels to 2023-09-22T00:00:00+00:00, run_after=2023-09-23T00:00:00+00:00
[2023-09-23T09:37:52.042-0400] {processor.py:179} INFO - Processing /home/beau/airflow/py_env/lib/python3.10/site-packages/airflow/example_dags/example_branch_labels.py took 0.077 seconds
[2023-09-23T09:38:39.398-0400] {processor.py:157} INFO - Started process (PID=2282) to work on /home/beau/airflow/py_env/lib/python3.10/site-packages/airflow/example_dags/example_branch_labels.py
[2023-09-23T09:38:39.403-0400] {processor.py:829} INFO - Processing file /home/beau/airflow/py_env/lib/python3.10/site-packages/airflow/example_dags/example_branch_labels.py for tasks to queue
[2023-09-23T09:38:39.408-0400] {logging_mixin.py:151} INFO - [2023-09-23T09:38:39.406-0400] {dagbag.py:539} INFO - Filling up the DagBag from /home/beau/airflow/py_env/lib/python3.10/site-packages/airflow/example_dags/example_branch_labels.py
[2023-09-23T09:38:39.424-0400] {processor.py:839} INFO - DAG(s) dict_keys(['example_branch_labels']) retrieved from /home/beau/airflow/py_env/lib/python3.10/site-packages/airflow/example_dags/example_branch_labels.py
[2023-09-23T09:38:39.438-0400] {logging_mixin.py:151} INFO - [2023-09-23T09:38:39.438-0400] {dag.py:2915} INFO - Sync 1 DAGs
[2023-09-23T09:38:39.453-0400] {logging_mixin.py:151} INFO - [2023-09-23T09:38:39.453-0400] {dag.py:3696} INFO - Setting next_dagrun for example_branch_labels to 2023-09-22T00:00:00+00:00, run_after=2023-09-23T00:00:00+00:00
[2023-09-23T09:38:39.474-0400] {processor.py:179} INFO - Processing /home/beau/airflow/py_env/lib/python3.10/site-packages/airflow/example_dags/example_branch_labels.py took 0.086 seconds
[2023-09-23T09:39:28.903-0400] {processor.py:157} INFO - Started process (PID=2822) to work on /home/beau/airflow/py_env/lib/python3.10/site-packages/airflow/example_dags/example_branch_labels.py
[2023-09-23T09:39:28.905-0400] {processor.py:829} INFO - Processing file /home/beau/airflow/py_env/lib/python3.10/site-packages/airflow/example_dags/example_branch_labels.py for tasks to queue
[2023-09-23T09:39:28.906-0400] {logging_mixin.py:151} INFO - [2023-09-23T09:39:28.905-0400] {dagbag.py:539} INFO - Filling up the DagBag from /home/beau/airflow/py_env/lib/python3.10/site-packages/airflow/example_dags/example_branch_labels.py
[2023-09-23T09:39:28.912-0400] {processor.py:839} INFO - DAG(s) dict_keys(['example_branch_labels']) retrieved from /home/beau/airflow/py_env/lib/python3.10/site-packages/airflow/example_dags/example_branch_labels.py
[2023-09-23T09:39:28.928-0400] {logging_mixin.py:151} INFO - [2023-09-23T09:39:28.928-0400] {dag.py:2915} INFO - Sync 1 DAGs
[2023-09-23T09:39:28.949-0400] {logging_mixin.py:151} INFO - [2023-09-23T09:39:28.949-0400] {dag.py:3696} INFO - Setting next_dagrun for example_branch_labels to 2023-09-22T00:00:00+00:00, run_after=2023-09-23T00:00:00+00:00
[2023-09-23T09:39:28.973-0400] {processor.py:179} INFO - Processing /home/beau/airflow/py_env/lib/python3.10/site-packages/airflow/example_dags/example_branch_labels.py took 0.072 seconds
[2023-09-23T09:40:20.768-0400] {processor.py:157} INFO - Started process (PID=3478) to work on /home/beau/airflow/py_env/lib/python3.10/site-packages/airflow/example_dags/example_branch_labels.py
[2023-09-23T09:40:20.772-0400] {processor.py:829} INFO - Processing file /home/beau/airflow/py_env/lib/python3.10/site-packages/airflow/example_dags/example_branch_labels.py for tasks to queue
[2023-09-23T09:40:20.773-0400] {logging_mixin.py:151} INFO - [2023-09-23T09:40:20.772-0400] {dagbag.py:539} INFO - Filling up the DagBag from /home/beau/airflow/py_env/lib/python3.10/site-packages/airflow/example_dags/example_branch_labels.py
[2023-09-23T09:40:20.783-0400] {processor.py:839} INFO - DAG(s) dict_keys(['example_branch_labels']) retrieved from /home/beau/airflow/py_env/lib/python3.10/site-packages/airflow/example_dags/example_branch_labels.py
[2023-09-23T09:40:20.799-0400] {logging_mixin.py:151} INFO - [2023-09-23T09:40:20.799-0400] {dag.py:2915} INFO - Sync 1 DAGs
[2023-09-23T09:40:20.817-0400] {logging_mixin.py:151} INFO - [2023-09-23T09:40:20.817-0400] {dag.py:3696} INFO - Setting next_dagrun for example_branch_labels to 2023-09-22T00:00:00+00:00, run_after=2023-09-23T00:00:00+00:00
[2023-09-23T09:40:20.871-0400] {processor.py:179} INFO - Processing /home/beau/airflow/py_env/lib/python3.10/site-packages/airflow/example_dags/example_branch_labels.py took 0.106 seconds
