[2023-09-23T09:06:51.754-0400] {processor.py:157} INFO - Started process (PID=11568) to work on /home/beau/airflow/py_env/lib/python3.10/site-packages/airflow/example_dags/example_external_task_marker_dag.py
[2023-09-23T09:06:51.755-0400] {processor.py:829} INFO - Processing file /home/beau/airflow/py_env/lib/python3.10/site-packages/airflow/example_dags/example_external_task_marker_dag.py for tasks to queue
[2023-09-23T09:06:51.756-0400] {logging_mixin.py:151} INFO - [2023-09-23T09:06:51.756-0400] {dagbag.py:539} INFO - Filling up the DagBag from /home/beau/airflow/py_env/lib/python3.10/site-packages/airflow/example_dags/example_external_task_marker_dag.py
[2023-09-23T09:06:51.766-0400] {processor.py:839} INFO - DAG(s) dict_keys(['example_external_task_marker_parent', 'example_external_task_marker_child']) retrieved from /home/beau/airflow/py_env/lib/python3.10/site-packages/airflow/example_dags/example_external_task_marker_dag.py
[2023-09-23T09:06:51.873-0400] {logging_mixin.py:151} INFO - [2023-09-23T09:06:51.873-0400] {manager.py:499} INFO - Created Permission View: %s
[2023-09-23T09:06:51.888-0400] {logging_mixin.py:151} INFO - [2023-09-23T09:06:51.888-0400] {manager.py:499} INFO - Created Permission View: %s
[2023-09-23T09:06:51.904-0400] {logging_mixin.py:151} INFO - [2023-09-23T09:06:51.903-0400] {manager.py:499} INFO - Created Permission View: %s
[2023-09-23T09:06:51.905-0400] {logging_mixin.py:151} INFO - [2023-09-23T09:06:51.904-0400] {security.py:708} INFO - Not syncing DAG-level permissions for DAG 'DAG:example_external_task_marker_parent' as access control is unset.
[2023-09-23T09:06:51.954-0400] {logging_mixin.py:151} INFO - [2023-09-23T09:06:51.954-0400] {manager.py:499} INFO - Created Permission View: %s
[2023-09-23T09:06:51.973-0400] {logging_mixin.py:151} INFO - [2023-09-23T09:06:51.973-0400] {manager.py:499} INFO - Created Permission View: %s
[2023-09-23T09:06:51.990-0400] {logging_mixin.py:151} INFO - [2023-09-23T09:06:51.990-0400] {manager.py:499} INFO - Created Permission View: %s
[2023-09-23T09:06:51.991-0400] {logging_mixin.py:151} INFO - [2023-09-23T09:06:51.991-0400] {security.py:708} INFO - Not syncing DAG-level permissions for DAG 'DAG:example_external_task_marker_child' as access control is unset.
[2023-09-23T09:06:51.992-0400] {logging_mixin.py:151} INFO - [2023-09-23T09:06:51.991-0400] {dag.py:2915} INFO - Sync 2 DAGs
[2023-09-23T09:06:52.007-0400] {logging_mixin.py:151} INFO - [2023-09-23T09:06:52.006-0400] {dag.py:2937} INFO - Creating ORM DAG for example_external_task_marker_child
[2023-09-23T09:06:52.008-0400] {logging_mixin.py:151} INFO - [2023-09-23T09:06:52.007-0400] {dag.py:2937} INFO - Creating ORM DAG for example_external_task_marker_parent
[2023-09-23T09:06:52.008-0400] {logging_mixin.py:151} INFO - [2023-09-23T09:06:52.008-0400] {dag.py:3696} INFO - Setting next_dagrun for example_external_task_marker_child to None, run_after=None
[2023-09-23T09:06:52.009-0400] {logging_mixin.py:151} INFO - [2023-09-23T09:06:52.009-0400] {dag.py:3696} INFO - Setting next_dagrun for example_external_task_marker_parent to None, run_after=None
[2023-09-23T09:06:52.047-0400] {processor.py:179} INFO - Processing /home/beau/airflow/py_env/lib/python3.10/site-packages/airflow/example_dags/example_external_task_marker_dag.py took 0.297 seconds
[2023-09-23T09:07:47.105-0400] {processor.py:157} INFO - Started process (PID=12023) to work on /home/beau/airflow/py_env/lib/python3.10/site-packages/airflow/example_dags/example_external_task_marker_dag.py
[2023-09-23T09:07:47.109-0400] {processor.py:829} INFO - Processing file /home/beau/airflow/py_env/lib/python3.10/site-packages/airflow/example_dags/example_external_task_marker_dag.py for tasks to queue
[2023-09-23T09:07:47.111-0400] {logging_mixin.py:151} INFO - [2023-09-23T09:07:47.110-0400] {dagbag.py:539} INFO - Filling up the DagBag from /home/beau/airflow/py_env/lib/python3.10/site-packages/airflow/example_dags/example_external_task_marker_dag.py
[2023-09-23T09:07:47.121-0400] {processor.py:839} INFO - DAG(s) dict_keys(['example_external_task_marker_child', 'example_external_task_marker_parent']) retrieved from /home/beau/airflow/py_env/lib/python3.10/site-packages/airflow/example_dags/example_external_task_marker_dag.py
[2023-09-23T09:07:47.145-0400] {logging_mixin.py:151} INFO - [2023-09-23T09:07:47.145-0400] {dag.py:2915} INFO - Sync 2 DAGs
[2023-09-23T09:07:47.155-0400] {logging_mixin.py:151} INFO - [2023-09-23T09:07:47.155-0400] {dag.py:3696} INFO - Setting next_dagrun for example_external_task_marker_child to None, run_after=None
[2023-09-23T09:07:47.158-0400] {logging_mixin.py:151} INFO - [2023-09-23T09:07:47.158-0400] {dag.py:3696} INFO - Setting next_dagrun for example_external_task_marker_parent to None, run_after=None
[2023-09-23T09:07:47.182-0400] {processor.py:179} INFO - Processing /home/beau/airflow/py_env/lib/python3.10/site-packages/airflow/example_dags/example_external_task_marker_dag.py took 0.086 seconds
[2023-09-23T09:08:38.886-0400] {processor.py:157} INFO - Started process (PID=12350) to work on /home/beau/airflow/py_env/lib/python3.10/site-packages/airflow/example_dags/example_external_task_marker_dag.py
[2023-09-23T09:08:38.889-0400] {processor.py:829} INFO - Processing file /home/beau/airflow/py_env/lib/python3.10/site-packages/airflow/example_dags/example_external_task_marker_dag.py for tasks to queue
[2023-09-23T09:08:38.890-0400] {logging_mixin.py:151} INFO - [2023-09-23T09:08:38.890-0400] {dagbag.py:539} INFO - Filling up the DagBag from /home/beau/airflow/py_env/lib/python3.10/site-packages/airflow/example_dags/example_external_task_marker_dag.py
[2023-09-23T09:08:38.897-0400] {processor.py:839} INFO - DAG(s) dict_keys(['example_external_task_marker_parent', 'example_external_task_marker_child']) retrieved from /home/beau/airflow/py_env/lib/python3.10/site-packages/airflow/example_dags/example_external_task_marker_dag.py
[2023-09-23T09:08:38.914-0400] {logging_mixin.py:151} INFO - [2023-09-23T09:08:38.914-0400] {dag.py:2915} INFO - Sync 2 DAGs
[2023-09-23T09:08:38.927-0400] {logging_mixin.py:151} INFO - [2023-09-23T09:08:38.927-0400] {dag.py:3696} INFO - Setting next_dagrun for example_external_task_marker_child to None, run_after=None
[2023-09-23T09:08:38.930-0400] {logging_mixin.py:151} INFO - [2023-09-23T09:08:38.930-0400] {dag.py:3696} INFO - Setting next_dagrun for example_external_task_marker_parent to None, run_after=None
[2023-09-23T09:08:38.954-0400] {processor.py:179} INFO - Processing /home/beau/airflow/py_env/lib/python3.10/site-packages/airflow/example_dags/example_external_task_marker_dag.py took 0.071 seconds
[2023-09-23T09:09:28.654-0400] {processor.py:157} INFO - Started process (PID=12782) to work on /home/beau/airflow/py_env/lib/python3.10/site-packages/airflow/example_dags/example_external_task_marker_dag.py
[2023-09-23T09:09:28.660-0400] {processor.py:829} INFO - Processing file /home/beau/airflow/py_env/lib/python3.10/site-packages/airflow/example_dags/example_external_task_marker_dag.py for tasks to queue
[2023-09-23T09:09:28.663-0400] {logging_mixin.py:151} INFO - [2023-09-23T09:09:28.662-0400] {dagbag.py:539} INFO - Filling up the DagBag from /home/beau/airflow/py_env/lib/python3.10/site-packages/airflow/example_dags/example_external_task_marker_dag.py
[2023-09-23T09:09:28.674-0400] {processor.py:839} INFO - DAG(s) dict_keys(['example_external_task_marker_child', 'example_external_task_marker_parent']) retrieved from /home/beau/airflow/py_env/lib/python3.10/site-packages/airflow/example_dags/example_external_task_marker_dag.py
[2023-09-23T09:09:28.699-0400] {logging_mixin.py:151} INFO - [2023-09-23T09:09:28.699-0400] {dag.py:2915} INFO - Sync 2 DAGs
[2023-09-23T09:09:28.709-0400] {logging_mixin.py:151} INFO - [2023-09-23T09:09:28.709-0400] {dag.py:3696} INFO - Setting next_dagrun for example_external_task_marker_child to None, run_after=None
[2023-09-23T09:09:28.712-0400] {logging_mixin.py:151} INFO - [2023-09-23T09:09:28.712-0400] {dag.py:3696} INFO - Setting next_dagrun for example_external_task_marker_parent to None, run_after=None
[2023-09-23T09:09:28.734-0400] {processor.py:179} INFO - Processing /home/beau/airflow/py_env/lib/python3.10/site-packages/airflow/example_dags/example_external_task_marker_dag.py took 0.089 seconds
[2023-09-23T09:10:15.400-0400] {processor.py:157} INFO - Started process (PID=13028) to work on /home/beau/airflow/py_env/lib/python3.10/site-packages/airflow/example_dags/example_external_task_marker_dag.py
[2023-09-23T09:10:15.405-0400] {processor.py:829} INFO - Processing file /home/beau/airflow/py_env/lib/python3.10/site-packages/airflow/example_dags/example_external_task_marker_dag.py for tasks to queue
[2023-09-23T09:10:15.406-0400] {logging_mixin.py:151} INFO - [2023-09-23T09:10:15.405-0400] {dagbag.py:539} INFO - Filling up the DagBag from /home/beau/airflow/py_env/lib/python3.10/site-packages/airflow/example_dags/example_external_task_marker_dag.py
[2023-09-23T09:10:15.412-0400] {processor.py:839} INFO - DAG(s) dict_keys(['example_external_task_marker_child', 'example_external_task_marker_parent']) retrieved from /home/beau/airflow/py_env/lib/python3.10/site-packages/airflow/example_dags/example_external_task_marker_dag.py
[2023-09-23T09:10:15.431-0400] {logging_mixin.py:151} INFO - [2023-09-23T09:10:15.431-0400] {dag.py:2915} INFO - Sync 2 DAGs
[2023-09-23T09:10:15.443-0400] {logging_mixin.py:151} INFO - [2023-09-23T09:10:15.443-0400] {dag.py:3696} INFO - Setting next_dagrun for example_external_task_marker_child to None, run_after=None
[2023-09-23T09:10:15.446-0400] {logging_mixin.py:151} INFO - [2023-09-23T09:10:15.446-0400] {dag.py:3696} INFO - Setting next_dagrun for example_external_task_marker_parent to None, run_after=None
[2023-09-23T09:10:15.467-0400] {processor.py:179} INFO - Processing /home/beau/airflow/py_env/lib/python3.10/site-packages/airflow/example_dags/example_external_task_marker_dag.py took 0.072 seconds
[2023-09-23T09:11:05.488-0400] {processor.py:157} INFO - Started process (PID=13344) to work on /home/beau/airflow/py_env/lib/python3.10/site-packages/airflow/example_dags/example_external_task_marker_dag.py
[2023-09-23T09:11:05.491-0400] {processor.py:829} INFO - Processing file /home/beau/airflow/py_env/lib/python3.10/site-packages/airflow/example_dags/example_external_task_marker_dag.py for tasks to queue
[2023-09-23T09:11:05.493-0400] {logging_mixin.py:151} INFO - [2023-09-23T09:11:05.492-0400] {dagbag.py:539} INFO - Filling up the DagBag from /home/beau/airflow/py_env/lib/python3.10/site-packages/airflow/example_dags/example_external_task_marker_dag.py
[2023-09-23T09:11:05.499-0400] {processor.py:839} INFO - DAG(s) dict_keys(['example_external_task_marker_child', 'example_external_task_marker_parent']) retrieved from /home/beau/airflow/py_env/lib/python3.10/site-packages/airflow/example_dags/example_external_task_marker_dag.py
[2023-09-23T09:11:05.518-0400] {logging_mixin.py:151} INFO - [2023-09-23T09:11:05.517-0400] {dag.py:2915} INFO - Sync 2 DAGs
[2023-09-23T09:11:05.527-0400] {logging_mixin.py:151} INFO - [2023-09-23T09:11:05.527-0400] {dag.py:3696} INFO - Setting next_dagrun for example_external_task_marker_child to None, run_after=None
[2023-09-23T09:11:05.529-0400] {logging_mixin.py:151} INFO - [2023-09-23T09:11:05.529-0400] {dag.py:3696} INFO - Setting next_dagrun for example_external_task_marker_parent to None, run_after=None
[2023-09-23T09:11:05.551-0400] {processor.py:179} INFO - Processing /home/beau/airflow/py_env/lib/python3.10/site-packages/airflow/example_dags/example_external_task_marker_dag.py took 0.067 seconds
[2023-09-23T09:11:53.940-0400] {processor.py:157} INFO - Started process (PID=13760) to work on /home/beau/airflow/py_env/lib/python3.10/site-packages/airflow/example_dags/example_external_task_marker_dag.py
[2023-09-23T09:11:53.942-0400] {processor.py:829} INFO - Processing file /home/beau/airflow/py_env/lib/python3.10/site-packages/airflow/example_dags/example_external_task_marker_dag.py for tasks to queue
[2023-09-23T09:11:53.943-0400] {logging_mixin.py:151} INFO - [2023-09-23T09:11:53.943-0400] {dagbag.py:539} INFO - Filling up the DagBag from /home/beau/airflow/py_env/lib/python3.10/site-packages/airflow/example_dags/example_external_task_marker_dag.py
[2023-09-23T09:11:53.948-0400] {processor.py:839} INFO - DAG(s) dict_keys(['example_external_task_marker_child', 'example_external_task_marker_parent']) retrieved from /home/beau/airflow/py_env/lib/python3.10/site-packages/airflow/example_dags/example_external_task_marker_dag.py
[2023-09-23T09:11:53.966-0400] {logging_mixin.py:151} INFO - [2023-09-23T09:11:53.965-0400] {dag.py:2915} INFO - Sync 2 DAGs
[2023-09-23T09:11:53.976-0400] {logging_mixin.py:151} INFO - [2023-09-23T09:11:53.976-0400] {dag.py:3696} INFO - Setting next_dagrun for example_external_task_marker_child to None, run_after=None
[2023-09-23T09:11:53.979-0400] {logging_mixin.py:151} INFO - [2023-09-23T09:11:53.979-0400] {dag.py:3696} INFO - Setting next_dagrun for example_external_task_marker_parent to None, run_after=None
[2023-09-23T09:11:54.001-0400] {processor.py:179} INFO - Processing /home/beau/airflow/py_env/lib/python3.10/site-packages/airflow/example_dags/example_external_task_marker_dag.py took 0.063 seconds
[2023-09-23T09:12:43.440-0400] {processor.py:157} INFO - Started process (PID=14131) to work on /home/beau/airflow/py_env/lib/python3.10/site-packages/airflow/example_dags/example_external_task_marker_dag.py
[2023-09-23T09:12:43.445-0400] {processor.py:829} INFO - Processing file /home/beau/airflow/py_env/lib/python3.10/site-packages/airflow/example_dags/example_external_task_marker_dag.py for tasks to queue
[2023-09-23T09:12:43.447-0400] {logging_mixin.py:151} INFO - [2023-09-23T09:12:43.446-0400] {dagbag.py:539} INFO - Filling up the DagBag from /home/beau/airflow/py_env/lib/python3.10/site-packages/airflow/example_dags/example_external_task_marker_dag.py
[2023-09-23T09:12:43.458-0400] {processor.py:839} INFO - DAG(s) dict_keys(['example_external_task_marker_parent', 'example_external_task_marker_child']) retrieved from /home/beau/airflow/py_env/lib/python3.10/site-packages/airflow/example_dags/example_external_task_marker_dag.py
[2023-09-23T09:12:43.484-0400] {logging_mixin.py:151} INFO - [2023-09-23T09:12:43.483-0400] {dag.py:2915} INFO - Sync 2 DAGs
[2023-09-23T09:12:43.494-0400] {logging_mixin.py:151} INFO - [2023-09-23T09:12:43.494-0400] {dag.py:3696} INFO - Setting next_dagrun for example_external_task_marker_child to None, run_after=None
[2023-09-23T09:12:43.496-0400] {logging_mixin.py:151} INFO - [2023-09-23T09:12:43.496-0400] {dag.py:3696} INFO - Setting next_dagrun for example_external_task_marker_parent to None, run_after=None
[2023-09-23T09:12:43.520-0400] {processor.py:179} INFO - Processing /home/beau/airflow/py_env/lib/python3.10/site-packages/airflow/example_dags/example_external_task_marker_dag.py took 0.087 seconds
[2023-09-23T09:13:33.064-0400] {processor.py:157} INFO - Started process (PID=14733) to work on /home/beau/airflow/py_env/lib/python3.10/site-packages/airflow/example_dags/example_external_task_marker_dag.py
[2023-09-23T09:13:33.066-0400] {processor.py:829} INFO - Processing file /home/beau/airflow/py_env/lib/python3.10/site-packages/airflow/example_dags/example_external_task_marker_dag.py for tasks to queue
[2023-09-23T09:13:33.067-0400] {logging_mixin.py:151} INFO - [2023-09-23T09:13:33.067-0400] {dagbag.py:539} INFO - Filling up the DagBag from /home/beau/airflow/py_env/lib/python3.10/site-packages/airflow/example_dags/example_external_task_marker_dag.py
[2023-09-23T09:13:33.073-0400] {processor.py:839} INFO - DAG(s) dict_keys(['example_external_task_marker_child', 'example_external_task_marker_parent']) retrieved from /home/beau/airflow/py_env/lib/python3.10/site-packages/airflow/example_dags/example_external_task_marker_dag.py
[2023-09-23T09:13:33.091-0400] {logging_mixin.py:151} INFO - [2023-09-23T09:13:33.091-0400] {dag.py:2915} INFO - Sync 2 DAGs
[2023-09-23T09:13:33.101-0400] {logging_mixin.py:151} INFO - [2023-09-23T09:13:33.101-0400] {dag.py:3696} INFO - Setting next_dagrun for example_external_task_marker_child to None, run_after=None
[2023-09-23T09:13:33.104-0400] {logging_mixin.py:151} INFO - [2023-09-23T09:13:33.104-0400] {dag.py:3696} INFO - Setting next_dagrun for example_external_task_marker_parent to None, run_after=None
[2023-09-23T09:13:33.129-0400] {processor.py:179} INFO - Processing /home/beau/airflow/py_env/lib/python3.10/site-packages/airflow/example_dags/example_external_task_marker_dag.py took 0.067 seconds
[2023-09-23T09:14:20.424-0400] {processor.py:157} INFO - Started process (PID=15167) to work on /home/beau/airflow/py_env/lib/python3.10/site-packages/airflow/example_dags/example_external_task_marker_dag.py
[2023-09-23T09:14:20.430-0400] {processor.py:829} INFO - Processing file /home/beau/airflow/py_env/lib/python3.10/site-packages/airflow/example_dags/example_external_task_marker_dag.py for tasks to queue
[2023-09-23T09:14:20.433-0400] {logging_mixin.py:151} INFO - [2023-09-23T09:14:20.431-0400] {dagbag.py:539} INFO - Filling up the DagBag from /home/beau/airflow/py_env/lib/python3.10/site-packages/airflow/example_dags/example_external_task_marker_dag.py
[2023-09-23T09:14:20.445-0400] {processor.py:839} INFO - DAG(s) dict_keys(['example_external_task_marker_parent', 'example_external_task_marker_child']) retrieved from /home/beau/airflow/py_env/lib/python3.10/site-packages/airflow/example_dags/example_external_task_marker_dag.py
[2023-09-23T09:14:20.469-0400] {logging_mixin.py:151} INFO - [2023-09-23T09:14:20.469-0400] {dag.py:2915} INFO - Sync 2 DAGs
[2023-09-23T09:14:20.477-0400] {logging_mixin.py:151} INFO - [2023-09-23T09:14:20.477-0400] {dag.py:3696} INFO - Setting next_dagrun for example_external_task_marker_child to None, run_after=None
[2023-09-23T09:14:20.480-0400] {logging_mixin.py:151} INFO - [2023-09-23T09:14:20.479-0400] {dag.py:3696} INFO - Setting next_dagrun for example_external_task_marker_parent to None, run_after=None
[2023-09-23T09:14:20.500-0400] {processor.py:179} INFO - Processing /home/beau/airflow/py_env/lib/python3.10/site-packages/airflow/example_dags/example_external_task_marker_dag.py took 0.085 seconds
[2023-09-23T09:15:13.406-0400] {processor.py:157} INFO - Started process (PID=15428) to work on /home/beau/airflow/py_env/lib/python3.10/site-packages/airflow/example_dags/example_external_task_marker_dag.py
[2023-09-23T09:15:13.409-0400] {processor.py:829} INFO - Processing file /home/beau/airflow/py_env/lib/python3.10/site-packages/airflow/example_dags/example_external_task_marker_dag.py for tasks to queue
[2023-09-23T09:15:13.411-0400] {logging_mixin.py:151} INFO - [2023-09-23T09:15:13.410-0400] {dagbag.py:539} INFO - Filling up the DagBag from /home/beau/airflow/py_env/lib/python3.10/site-packages/airflow/example_dags/example_external_task_marker_dag.py
[2023-09-23T09:15:13.421-0400] {processor.py:839} INFO - DAG(s) dict_keys(['example_external_task_marker_parent', 'example_external_task_marker_child']) retrieved from /home/beau/airflow/py_env/lib/python3.10/site-packages/airflow/example_dags/example_external_task_marker_dag.py
[2023-09-23T09:15:13.444-0400] {logging_mixin.py:151} INFO - [2023-09-23T09:15:13.444-0400] {dag.py:2915} INFO - Sync 2 DAGs
[2023-09-23T09:15:13.457-0400] {logging_mixin.py:151} INFO - [2023-09-23T09:15:13.456-0400] {dag.py:3696} INFO - Setting next_dagrun for example_external_task_marker_child to None, run_after=None
[2023-09-23T09:15:13.459-0400] {logging_mixin.py:151} INFO - [2023-09-23T09:15:13.459-0400] {dag.py:3696} INFO - Setting next_dagrun for example_external_task_marker_parent to None, run_after=None
[2023-09-23T09:15:13.487-0400] {processor.py:179} INFO - Processing /home/beau/airflow/py_env/lib/python3.10/site-packages/airflow/example_dags/example_external_task_marker_dag.py took 0.090 seconds
[2023-09-23T09:17:51.584-0400] {processor.py:157} INFO - Started process (PID=16920) to work on /home/beau/airflow/py_env/lib/python3.10/site-packages/airflow/example_dags/example_external_task_marker_dag.py
[2023-09-23T09:17:51.588-0400] {processor.py:829} INFO - Processing file /home/beau/airflow/py_env/lib/python3.10/site-packages/airflow/example_dags/example_external_task_marker_dag.py for tasks to queue
[2023-09-23T09:17:51.589-0400] {logging_mixin.py:151} INFO - [2023-09-23T09:17:51.588-0400] {dagbag.py:539} INFO - Filling up the DagBag from /home/beau/airflow/py_env/lib/python3.10/site-packages/airflow/example_dags/example_external_task_marker_dag.py
[2023-09-23T09:17:51.595-0400] {processor.py:839} INFO - DAG(s) dict_keys(['example_external_task_marker_parent', 'example_external_task_marker_child']) retrieved from /home/beau/airflow/py_env/lib/python3.10/site-packages/airflow/example_dags/example_external_task_marker_dag.py
[2023-09-23T09:17:51.614-0400] {logging_mixin.py:151} INFO - [2023-09-23T09:17:51.614-0400] {dag.py:2915} INFO - Sync 2 DAGs
[2023-09-23T09:17:51.625-0400] {logging_mixin.py:151} INFO - [2023-09-23T09:17:51.625-0400] {dag.py:3696} INFO - Setting next_dagrun for example_external_task_marker_child to None, run_after=None
[2023-09-23T09:17:51.628-0400] {logging_mixin.py:151} INFO - [2023-09-23T09:17:51.628-0400] {dag.py:3696} INFO - Setting next_dagrun for example_external_task_marker_parent to None, run_after=None
[2023-09-23T09:17:51.653-0400] {processor.py:179} INFO - Processing /home/beau/airflow/py_env/lib/python3.10/site-packages/airflow/example_dags/example_external_task_marker_dag.py took 0.072 seconds
[2023-09-23T09:18:43.688-0400] {processor.py:157} INFO - Started process (PID=17207) to work on /home/beau/airflow/py_env/lib/python3.10/site-packages/airflow/example_dags/example_external_task_marker_dag.py
[2023-09-23T09:18:43.693-0400] {processor.py:829} INFO - Processing file /home/beau/airflow/py_env/lib/python3.10/site-packages/airflow/example_dags/example_external_task_marker_dag.py for tasks to queue
[2023-09-23T09:18:43.694-0400] {logging_mixin.py:151} INFO - [2023-09-23T09:18:43.694-0400] {dagbag.py:539} INFO - Filling up the DagBag from /home/beau/airflow/py_env/lib/python3.10/site-packages/airflow/example_dags/example_external_task_marker_dag.py
[2023-09-23T09:18:43.705-0400] {processor.py:839} INFO - DAG(s) dict_keys(['example_external_task_marker_child', 'example_external_task_marker_parent']) retrieved from /home/beau/airflow/py_env/lib/python3.10/site-packages/airflow/example_dags/example_external_task_marker_dag.py
[2023-09-23T09:18:43.728-0400] {logging_mixin.py:151} INFO - [2023-09-23T09:18:43.728-0400] {dag.py:2915} INFO - Sync 2 DAGs
[2023-09-23T09:18:43.738-0400] {logging_mixin.py:151} INFO - [2023-09-23T09:18:43.737-0400] {dag.py:3696} INFO - Setting next_dagrun for example_external_task_marker_child to None, run_after=None
[2023-09-23T09:18:43.741-0400] {logging_mixin.py:151} INFO - [2023-09-23T09:18:43.741-0400] {dag.py:3696} INFO - Setting next_dagrun for example_external_task_marker_parent to None, run_after=None
[2023-09-23T09:18:43.763-0400] {processor.py:179} INFO - Processing /home/beau/airflow/py_env/lib/python3.10/site-packages/airflow/example_dags/example_external_task_marker_dag.py took 0.080 seconds
[2023-09-23T09:19:37.950-0400] {processor.py:157} INFO - Started process (PID=17502) to work on /home/beau/airflow/py_env/lib/python3.10/site-packages/airflow/example_dags/example_external_task_marker_dag.py
[2023-09-23T09:19:37.956-0400] {processor.py:829} INFO - Processing file /home/beau/airflow/py_env/lib/python3.10/site-packages/airflow/example_dags/example_external_task_marker_dag.py for tasks to queue
[2023-09-23T09:19:37.960-0400] {logging_mixin.py:151} INFO - [2023-09-23T09:19:37.959-0400] {dagbag.py:539} INFO - Filling up the DagBag from /home/beau/airflow/py_env/lib/python3.10/site-packages/airflow/example_dags/example_external_task_marker_dag.py
[2023-09-23T09:19:37.979-0400] {processor.py:839} INFO - DAG(s) dict_keys(['example_external_task_marker_parent', 'example_external_task_marker_child']) retrieved from /home/beau/airflow/py_env/lib/python3.10/site-packages/airflow/example_dags/example_external_task_marker_dag.py
[2023-09-23T09:19:38.010-0400] {logging_mixin.py:151} INFO - [2023-09-23T09:19:38.010-0400] {dag.py:2915} INFO - Sync 2 DAGs
[2023-09-23T09:19:38.020-0400] {logging_mixin.py:151} INFO - [2023-09-23T09:19:38.020-0400] {dag.py:3696} INFO - Setting next_dagrun for example_external_task_marker_child to None, run_after=None
[2023-09-23T09:19:38.024-0400] {logging_mixin.py:151} INFO - [2023-09-23T09:19:38.023-0400] {dag.py:3696} INFO - Setting next_dagrun for example_external_task_marker_parent to None, run_after=None
[2023-09-23T09:19:38.048-0400] {processor.py:179} INFO - Processing /home/beau/airflow/py_env/lib/python3.10/site-packages/airflow/example_dags/example_external_task_marker_dag.py took 0.111 seconds
[2023-09-23T09:20:35.493-0400] {processor.py:157} INFO - Started process (PID=17804) to work on /home/beau/airflow/py_env/lib/python3.10/site-packages/airflow/example_dags/example_external_task_marker_dag.py
[2023-09-23T09:20:35.496-0400] {processor.py:829} INFO - Processing file /home/beau/airflow/py_env/lib/python3.10/site-packages/airflow/example_dags/example_external_task_marker_dag.py for tasks to queue
[2023-09-23T09:20:35.497-0400] {logging_mixin.py:151} INFO - [2023-09-23T09:20:35.496-0400] {dagbag.py:539} INFO - Filling up the DagBag from /home/beau/airflow/py_env/lib/python3.10/site-packages/airflow/example_dags/example_external_task_marker_dag.py
[2023-09-23T09:20:35.504-0400] {processor.py:839} INFO - DAG(s) dict_keys(['example_external_task_marker_child', 'example_external_task_marker_parent']) retrieved from /home/beau/airflow/py_env/lib/python3.10/site-packages/airflow/example_dags/example_external_task_marker_dag.py
[2023-09-23T09:20:35.526-0400] {logging_mixin.py:151} INFO - [2023-09-23T09:20:35.525-0400] {dag.py:2915} INFO - Sync 2 DAGs
[2023-09-23T09:20:35.538-0400] {logging_mixin.py:151} INFO - [2023-09-23T09:20:35.538-0400] {dag.py:3696} INFO - Setting next_dagrun for example_external_task_marker_child to None, run_after=None
[2023-09-23T09:20:35.542-0400] {logging_mixin.py:151} INFO - [2023-09-23T09:20:35.541-0400] {dag.py:3696} INFO - Setting next_dagrun for example_external_task_marker_parent to None, run_after=None
[2023-09-23T09:20:35.572-0400] {processor.py:179} INFO - Processing /home/beau/airflow/py_env/lib/python3.10/site-packages/airflow/example_dags/example_external_task_marker_dag.py took 0.084 seconds
[2023-09-23T09:21:34.602-0400] {processor.py:157} INFO - Started process (PID=18110) to work on /home/beau/airflow/py_env/lib/python3.10/site-packages/airflow/example_dags/example_external_task_marker_dag.py
[2023-09-23T09:21:34.605-0400] {processor.py:829} INFO - Processing file /home/beau/airflow/py_env/lib/python3.10/site-packages/airflow/example_dags/example_external_task_marker_dag.py for tasks to queue
[2023-09-23T09:21:34.606-0400] {logging_mixin.py:151} INFO - [2023-09-23T09:21:34.605-0400] {dagbag.py:539} INFO - Filling up the DagBag from /home/beau/airflow/py_env/lib/python3.10/site-packages/airflow/example_dags/example_external_task_marker_dag.py
[2023-09-23T09:21:34.611-0400] {processor.py:839} INFO - DAG(s) dict_keys(['example_external_task_marker_child', 'example_external_task_marker_parent']) retrieved from /home/beau/airflow/py_env/lib/python3.10/site-packages/airflow/example_dags/example_external_task_marker_dag.py
[2023-09-23T09:21:34.631-0400] {logging_mixin.py:151} INFO - [2023-09-23T09:21:34.631-0400] {dag.py:2915} INFO - Sync 2 DAGs
[2023-09-23T09:21:34.644-0400] {logging_mixin.py:151} INFO - [2023-09-23T09:21:34.643-0400] {dag.py:3696} INFO - Setting next_dagrun for example_external_task_marker_child to None, run_after=None
[2023-09-23T09:21:34.647-0400] {logging_mixin.py:151} INFO - [2023-09-23T09:21:34.647-0400] {dag.py:3696} INFO - Setting next_dagrun for example_external_task_marker_parent to None, run_after=None
[2023-09-23T09:21:34.671-0400] {processor.py:179} INFO - Processing /home/beau/airflow/py_env/lib/python3.10/site-packages/airflow/example_dags/example_external_task_marker_dag.py took 0.073 seconds
[2023-09-23T09:24:09.568-0400] {processor.py:157} INFO - Started process (PID=19410) to work on /home/beau/airflow/py_env/lib/python3.10/site-packages/airflow/example_dags/example_external_task_marker_dag.py
[2023-09-23T09:24:09.572-0400] {processor.py:829} INFO - Processing file /home/beau/airflow/py_env/lib/python3.10/site-packages/airflow/example_dags/example_external_task_marker_dag.py for tasks to queue
[2023-09-23T09:24:09.573-0400] {logging_mixin.py:151} INFO - [2023-09-23T09:24:09.572-0400] {dagbag.py:539} INFO - Filling up the DagBag from /home/beau/airflow/py_env/lib/python3.10/site-packages/airflow/example_dags/example_external_task_marker_dag.py
[2023-09-23T09:24:09.584-0400] {processor.py:839} INFO - DAG(s) dict_keys(['example_external_task_marker_parent', 'example_external_task_marker_child']) retrieved from /home/beau/airflow/py_env/lib/python3.10/site-packages/airflow/example_dags/example_external_task_marker_dag.py
[2023-09-23T09:24:09.625-0400] {logging_mixin.py:151} INFO - [2023-09-23T09:24:09.624-0400] {dag.py:2915} INFO - Sync 2 DAGs
[2023-09-23T09:24:09.639-0400] {logging_mixin.py:151} INFO - [2023-09-23T09:24:09.639-0400] {dag.py:3696} INFO - Setting next_dagrun for example_external_task_marker_child to None, run_after=None
[2023-09-23T09:24:09.643-0400] {logging_mixin.py:151} INFO - [2023-09-23T09:24:09.642-0400] {dag.py:3696} INFO - Setting next_dagrun for example_external_task_marker_parent to None, run_after=None
[2023-09-23T09:24:09.669-0400] {processor.py:179} INFO - Processing /home/beau/airflow/py_env/lib/python3.10/site-packages/airflow/example_dags/example_external_task_marker_dag.py took 0.105 seconds
[2023-09-23T09:25:01.989-0400] {processor.py:157} INFO - Started process (PID=19715) to work on /home/beau/airflow/py_env/lib/python3.10/site-packages/airflow/example_dags/example_external_task_marker_dag.py
[2023-09-23T09:25:01.993-0400] {processor.py:829} INFO - Processing file /home/beau/airflow/py_env/lib/python3.10/site-packages/airflow/example_dags/example_external_task_marker_dag.py for tasks to queue
[2023-09-23T09:25:01.995-0400] {logging_mixin.py:151} INFO - [2023-09-23T09:25:01.994-0400] {dagbag.py:539} INFO - Filling up the DagBag from /home/beau/airflow/py_env/lib/python3.10/site-packages/airflow/example_dags/example_external_task_marker_dag.py
[2023-09-23T09:25:02.002-0400] {processor.py:839} INFO - DAG(s) dict_keys(['example_external_task_marker_parent', 'example_external_task_marker_child']) retrieved from /home/beau/airflow/py_env/lib/python3.10/site-packages/airflow/example_dags/example_external_task_marker_dag.py
[2023-09-23T09:25:02.021-0400] {logging_mixin.py:151} INFO - [2023-09-23T09:25:02.020-0400] {dag.py:2915} INFO - Sync 2 DAGs
[2023-09-23T09:25:02.032-0400] {logging_mixin.py:151} INFO - [2023-09-23T09:25:02.032-0400] {dag.py:3696} INFO - Setting next_dagrun for example_external_task_marker_child to None, run_after=None
[2023-09-23T09:25:02.035-0400] {logging_mixin.py:151} INFO - [2023-09-23T09:25:02.035-0400] {dag.py:3696} INFO - Setting next_dagrun for example_external_task_marker_parent to None, run_after=None
[2023-09-23T09:25:02.061-0400] {processor.py:179} INFO - Processing /home/beau/airflow/py_env/lib/python3.10/site-packages/airflow/example_dags/example_external_task_marker_dag.py took 0.075 seconds
[2023-09-23T09:25:55.187-0400] {processor.py:157} INFO - Started process (PID=20024) to work on /home/beau/airflow/py_env/lib/python3.10/site-packages/airflow/example_dags/example_external_task_marker_dag.py
[2023-09-23T09:25:55.188-0400] {processor.py:829} INFO - Processing file /home/beau/airflow/py_env/lib/python3.10/site-packages/airflow/example_dags/example_external_task_marker_dag.py for tasks to queue
[2023-09-23T09:25:55.189-0400] {logging_mixin.py:151} INFO - [2023-09-23T09:25:55.189-0400] {dagbag.py:539} INFO - Filling up the DagBag from /home/beau/airflow/py_env/lib/python3.10/site-packages/airflow/example_dags/example_external_task_marker_dag.py
[2023-09-23T09:25:55.196-0400] {processor.py:839} INFO - DAG(s) dict_keys(['example_external_task_marker_parent', 'example_external_task_marker_child']) retrieved from /home/beau/airflow/py_env/lib/python3.10/site-packages/airflow/example_dags/example_external_task_marker_dag.py
[2023-09-23T09:25:55.216-0400] {logging_mixin.py:151} INFO - [2023-09-23T09:25:55.216-0400] {dag.py:2915} INFO - Sync 2 DAGs
[2023-09-23T09:25:55.226-0400] {logging_mixin.py:151} INFO - [2023-09-23T09:25:55.226-0400] {dag.py:3696} INFO - Setting next_dagrun for example_external_task_marker_child to None, run_after=None
[2023-09-23T09:25:55.230-0400] {logging_mixin.py:151} INFO - [2023-09-23T09:25:55.230-0400] {dag.py:3696} INFO - Setting next_dagrun for example_external_task_marker_parent to None, run_after=None
[2023-09-23T09:25:55.254-0400] {processor.py:179} INFO - Processing /home/beau/airflow/py_env/lib/python3.10/site-packages/airflow/example_dags/example_external_task_marker_dag.py took 0.070 seconds
[2023-09-23T09:37:15.754-0400] {processor.py:157} INFO - Started process (PID=1318) to work on /home/beau/airflow/py_env/lib/python3.10/site-packages/airflow/example_dags/example_external_task_marker_dag.py
[2023-09-23T09:37:15.755-0400] {processor.py:829} INFO - Processing file /home/beau/airflow/py_env/lib/python3.10/site-packages/airflow/example_dags/example_external_task_marker_dag.py for tasks to queue
[2023-09-23T09:37:15.756-0400] {logging_mixin.py:151} INFO - [2023-09-23T09:37:15.756-0400] {dagbag.py:539} INFO - Filling up the DagBag from /home/beau/airflow/py_env/lib/python3.10/site-packages/airflow/example_dags/example_external_task_marker_dag.py
[2023-09-23T09:37:15.761-0400] {processor.py:839} INFO - DAG(s) dict_keys(['example_external_task_marker_parent', 'example_external_task_marker_child']) retrieved from /home/beau/airflow/py_env/lib/python3.10/site-packages/airflow/example_dags/example_external_task_marker_dag.py
[2023-09-23T09:37:15.777-0400] {logging_mixin.py:151} INFO - [2023-09-23T09:37:15.777-0400] {dag.py:2915} INFO - Sync 2 DAGs
[2023-09-23T09:37:15.788-0400] {logging_mixin.py:151} INFO - [2023-09-23T09:37:15.788-0400] {dag.py:3696} INFO - Setting next_dagrun for example_external_task_marker_child to None, run_after=None
[2023-09-23T09:37:15.791-0400] {logging_mixin.py:151} INFO - [2023-09-23T09:37:15.791-0400] {dag.py:3696} INFO - Setting next_dagrun for example_external_task_marker_parent to None, run_after=None
[2023-09-23T09:37:15.814-0400] {processor.py:179} INFO - Processing /home/beau/airflow/py_env/lib/python3.10/site-packages/airflow/example_dags/example_external_task_marker_dag.py took 0.064 seconds
[2023-09-23T09:38:06.299-0400] {processor.py:157} INFO - Started process (PID=2065) to work on /home/beau/airflow/py_env/lib/python3.10/site-packages/airflow/example_dags/example_external_task_marker_dag.py
[2023-09-23T09:38:06.304-0400] {processor.py:829} INFO - Processing file /home/beau/airflow/py_env/lib/python3.10/site-packages/airflow/example_dags/example_external_task_marker_dag.py for tasks to queue
[2023-09-23T09:38:06.305-0400] {logging_mixin.py:151} INFO - [2023-09-23T09:38:06.305-0400] {dagbag.py:539} INFO - Filling up the DagBag from /home/beau/airflow/py_env/lib/python3.10/site-packages/airflow/example_dags/example_external_task_marker_dag.py
[2023-09-23T09:38:06.316-0400] {processor.py:839} INFO - DAG(s) dict_keys(['example_external_task_marker_parent', 'example_external_task_marker_child']) retrieved from /home/beau/airflow/py_env/lib/python3.10/site-packages/airflow/example_dags/example_external_task_marker_dag.py
[2023-09-23T09:38:06.334-0400] {logging_mixin.py:151} INFO - [2023-09-23T09:38:06.334-0400] {dag.py:2915} INFO - Sync 2 DAGs
[2023-09-23T09:38:06.345-0400] {logging_mixin.py:151} INFO - [2023-09-23T09:38:06.345-0400] {dag.py:3696} INFO - Setting next_dagrun for example_external_task_marker_child to None, run_after=None
[2023-09-23T09:38:06.347-0400] {logging_mixin.py:151} INFO - [2023-09-23T09:38:06.347-0400] {dag.py:3696} INFO - Setting next_dagrun for example_external_task_marker_parent to None, run_after=None
[2023-09-23T09:38:06.369-0400] {processor.py:179} INFO - Processing /home/beau/airflow/py_env/lib/python3.10/site-packages/airflow/example_dags/example_external_task_marker_dag.py took 0.076 seconds
[2023-09-23T09:38:52.739-0400] {processor.py:157} INFO - Started process (PID=2428) to work on /home/beau/airflow/py_env/lib/python3.10/site-packages/airflow/example_dags/example_external_task_marker_dag.py
[2023-09-23T09:38:52.744-0400] {processor.py:829} INFO - Processing file /home/beau/airflow/py_env/lib/python3.10/site-packages/airflow/example_dags/example_external_task_marker_dag.py for tasks to queue
[2023-09-23T09:38:52.745-0400] {logging_mixin.py:151} INFO - [2023-09-23T09:38:52.745-0400] {dagbag.py:539} INFO - Filling up the DagBag from /home/beau/airflow/py_env/lib/python3.10/site-packages/airflow/example_dags/example_external_task_marker_dag.py
[2023-09-23T09:38:52.757-0400] {processor.py:839} INFO - DAG(s) dict_keys(['example_external_task_marker_parent', 'example_external_task_marker_child']) retrieved from /home/beau/airflow/py_env/lib/python3.10/site-packages/airflow/example_dags/example_external_task_marker_dag.py
[2023-09-23T09:38:52.780-0400] {logging_mixin.py:151} INFO - [2023-09-23T09:38:52.780-0400] {dag.py:2915} INFO - Sync 2 DAGs
[2023-09-23T09:38:52.792-0400] {logging_mixin.py:151} INFO - [2023-09-23T09:38:52.792-0400] {dag.py:3696} INFO - Setting next_dagrun for example_external_task_marker_child to None, run_after=None
[2023-09-23T09:38:52.795-0400] {logging_mixin.py:151} INFO - [2023-09-23T09:38:52.795-0400] {dag.py:3696} INFO - Setting next_dagrun for example_external_task_marker_parent to None, run_after=None
[2023-09-23T09:38:52.815-0400] {processor.py:179} INFO - Processing /home/beau/airflow/py_env/lib/python3.10/site-packages/airflow/example_dags/example_external_task_marker_dag.py took 0.083 seconds
[2023-09-23T09:39:43.222-0400] {processor.py:157} INFO - Started process (PID=3062) to work on /home/beau/airflow/py_env/lib/python3.10/site-packages/airflow/example_dags/example_external_task_marker_dag.py
[2023-09-23T09:39:43.224-0400] {processor.py:829} INFO - Processing file /home/beau/airflow/py_env/lib/python3.10/site-packages/airflow/example_dags/example_external_task_marker_dag.py for tasks to queue
[2023-09-23T09:39:43.225-0400] {logging_mixin.py:151} INFO - [2023-09-23T09:39:43.224-0400] {dagbag.py:539} INFO - Filling up the DagBag from /home/beau/airflow/py_env/lib/python3.10/site-packages/airflow/example_dags/example_external_task_marker_dag.py
[2023-09-23T09:39:43.235-0400] {processor.py:839} INFO - DAG(s) dict_keys(['example_external_task_marker_parent', 'example_external_task_marker_child']) retrieved from /home/beau/airflow/py_env/lib/python3.10/site-packages/airflow/example_dags/example_external_task_marker_dag.py
[2023-09-23T09:39:43.261-0400] {logging_mixin.py:151} INFO - [2023-09-23T09:39:43.260-0400] {dag.py:2915} INFO - Sync 2 DAGs
[2023-09-23T09:39:43.270-0400] {logging_mixin.py:151} INFO - [2023-09-23T09:39:43.270-0400] {dag.py:3696} INFO - Setting next_dagrun for example_external_task_marker_child to None, run_after=None
[2023-09-23T09:39:43.272-0400] {logging_mixin.py:151} INFO - [2023-09-23T09:39:43.272-0400] {dag.py:3696} INFO - Setting next_dagrun for example_external_task_marker_parent to None, run_after=None
[2023-09-23T09:39:43.293-0400] {processor.py:179} INFO - Processing /home/beau/airflow/py_env/lib/python3.10/site-packages/airflow/example_dags/example_external_task_marker_dag.py took 0.074 seconds
[2023-09-23T09:40:37.660-0400] {processor.py:157} INFO - Started process (PID=3642) to work on /home/beau/airflow/py_env/lib/python3.10/site-packages/airflow/example_dags/example_external_task_marker_dag.py
[2023-09-23T09:40:37.664-0400] {processor.py:829} INFO - Processing file /home/beau/airflow/py_env/lib/python3.10/site-packages/airflow/example_dags/example_external_task_marker_dag.py for tasks to queue
[2023-09-23T09:40:37.665-0400] {logging_mixin.py:151} INFO - [2023-09-23T09:40:37.664-0400] {dagbag.py:539} INFO - Filling up the DagBag from /home/beau/airflow/py_env/lib/python3.10/site-packages/airflow/example_dags/example_external_task_marker_dag.py
[2023-09-23T09:40:37.669-0400] {processor.py:839} INFO - DAG(s) dict_keys(['example_external_task_marker_parent', 'example_external_task_marker_child']) retrieved from /home/beau/airflow/py_env/lib/python3.10/site-packages/airflow/example_dags/example_external_task_marker_dag.py
[2023-09-23T09:40:37.684-0400] {logging_mixin.py:151} INFO - [2023-09-23T09:40:37.684-0400] {dag.py:2915} INFO - Sync 2 DAGs
[2023-09-23T09:40:37.692-0400] {logging_mixin.py:151} INFO - [2023-09-23T09:40:37.692-0400] {dag.py:3696} INFO - Setting next_dagrun for example_external_task_marker_child to None, run_after=None
[2023-09-23T09:40:37.694-0400] {logging_mixin.py:151} INFO - [2023-09-23T09:40:37.694-0400] {dag.py:3696} INFO - Setting next_dagrun for example_external_task_marker_parent to None, run_after=None
[2023-09-23T09:40:37.714-0400] {processor.py:179} INFO - Processing /home/beau/airflow/py_env/lib/python3.10/site-packages/airflow/example_dags/example_external_task_marker_dag.py took 0.057 seconds
