[2023-09-23T09:06:21.128-0400] {processor.py:157} INFO - Started process (PID=11385) to work on /home/beau/airflow/py_env/lib/python3.10/site-packages/airflow/example_dags/example_xcom.py
[2023-09-23T09:06:21.129-0400] {processor.py:829} INFO - Processing file /home/beau/airflow/py_env/lib/python3.10/site-packages/airflow/example_dags/example_xcom.py for tasks to queue
[2023-09-23T09:06:21.130-0400] {logging_mixin.py:151} INFO - [2023-09-23T09:06:21.130-0400] {dagbag.py:539} INFO - Filling up the DagBag from /home/beau/airflow/py_env/lib/python3.10/site-packages/airflow/example_dags/example_xcom.py
[2023-09-23T09:06:21.139-0400] {processor.py:839} INFO - DAG(s) dict_keys(['example_xcom']) retrieved from /home/beau/airflow/py_env/lib/python3.10/site-packages/airflow/example_dags/example_xcom.py
[2023-09-23T09:06:21.237-0400] {logging_mixin.py:151} INFO - [2023-09-23T09:06:21.237-0400] {manager.py:499} INFO - Created Permission View: %s
[2023-09-23T09:06:21.252-0400] {logging_mixin.py:151} INFO - [2023-09-23T09:06:21.252-0400] {manager.py:499} INFO - Created Permission View: %s
[2023-09-23T09:06:21.267-0400] {logging_mixin.py:151} INFO - [2023-09-23T09:06:21.266-0400] {manager.py:499} INFO - Created Permission View: %s
[2023-09-23T09:06:21.267-0400] {logging_mixin.py:151} INFO - [2023-09-23T09:06:21.267-0400] {security.py:708} INFO - Not syncing DAG-level permissions for DAG 'DAG:example_xcom' as access control is unset.
[2023-09-23T09:06:21.267-0400] {logging_mixin.py:151} INFO - [2023-09-23T09:06:21.267-0400] {dag.py:2915} INFO - Sync 1 DAGs
[2023-09-23T09:06:21.275-0400] {logging_mixin.py:151} INFO - [2023-09-23T09:06:21.275-0400] {dag.py:2937} INFO - Creating ORM DAG for example_xcom
[2023-09-23T09:06:21.282-0400] {logging_mixin.py:151} INFO - [2023-09-23T09:06:21.282-0400] {dag.py:3696} INFO - Setting next_dagrun for example_xcom to 2021-01-01T00:00:00+00:00, run_after=2021-01-01T00:00:00+00:00
[2023-09-23T09:06:21.305-0400] {processor.py:179} INFO - Processing /home/beau/airflow/py_env/lib/python3.10/site-packages/airflow/example_dags/example_xcom.py took 0.181 seconds
[2023-09-23T09:07:12.497-0400] {processor.py:157} INFO - Started process (PID=11890) to work on /home/beau/airflow/py_env/lib/python3.10/site-packages/airflow/example_dags/example_xcom.py
[2023-09-23T09:07:12.500-0400] {processor.py:829} INFO - Processing file /home/beau/airflow/py_env/lib/python3.10/site-packages/airflow/example_dags/example_xcom.py for tasks to queue
[2023-09-23T09:07:12.501-0400] {logging_mixin.py:151} INFO - [2023-09-23T09:07:12.501-0400] {dagbag.py:539} INFO - Filling up the DagBag from /home/beau/airflow/py_env/lib/python3.10/site-packages/airflow/example_dags/example_xcom.py
[2023-09-23T09:07:12.507-0400] {processor.py:839} INFO - DAG(s) dict_keys(['example_xcom']) retrieved from /home/beau/airflow/py_env/lib/python3.10/site-packages/airflow/example_dags/example_xcom.py
[2023-09-23T09:07:12.522-0400] {logging_mixin.py:151} INFO - [2023-09-23T09:07:12.522-0400] {dag.py:2915} INFO - Sync 1 DAGs
[2023-09-23T09:07:12.538-0400] {logging_mixin.py:151} INFO - [2023-09-23T09:07:12.538-0400] {dag.py:3696} INFO - Setting next_dagrun for example_xcom to 2021-01-01T00:00:00+00:00, run_after=2021-01-01T00:00:00+00:00
[2023-09-23T09:07:12.561-0400] {processor.py:179} INFO - Processing /home/beau/airflow/py_env/lib/python3.10/site-packages/airflow/example_dags/example_xcom.py took 0.067 seconds
[2023-09-23T09:07:58.421-0400] {processor.py:157} INFO - Started process (PID=12064) to work on /home/beau/airflow/py_env/lib/python3.10/site-packages/airflow/example_dags/example_xcom.py
[2023-09-23T09:07:58.428-0400] {processor.py:829} INFO - Processing file /home/beau/airflow/py_env/lib/python3.10/site-packages/airflow/example_dags/example_xcom.py for tasks to queue
[2023-09-23T09:07:58.430-0400] {logging_mixin.py:151} INFO - [2023-09-23T09:07:58.429-0400] {dagbag.py:539} INFO - Filling up the DagBag from /home/beau/airflow/py_env/lib/python3.10/site-packages/airflow/example_dags/example_xcom.py
[2023-09-23T09:07:58.445-0400] {processor.py:839} INFO - DAG(s) dict_keys(['example_xcom']) retrieved from /home/beau/airflow/py_env/lib/python3.10/site-packages/airflow/example_dags/example_xcom.py
[2023-09-23T09:07:58.468-0400] {logging_mixin.py:151} INFO - [2023-09-23T09:07:58.468-0400] {dag.py:2915} INFO - Sync 1 DAGs
[2023-09-23T09:07:58.482-0400] {logging_mixin.py:151} INFO - [2023-09-23T09:07:58.482-0400] {dag.py:3696} INFO - Setting next_dagrun for example_xcom to 2021-01-01T00:00:00+00:00, run_after=2021-01-01T00:00:00+00:00
[2023-09-23T09:07:58.507-0400] {processor.py:179} INFO - Processing /home/beau/airflow/py_env/lib/python3.10/site-packages/airflow/example_dags/example_xcom.py took 0.094 seconds
[2023-09-23T09:08:36.323-0400] {processor.py:157} INFO - Started process (PID=12300) to work on /home/beau/airflow/py_env/lib/python3.10/site-packages/airflow/example_dags/example_xcom.py
[2023-09-23T09:08:36.326-0400] {processor.py:829} INFO - Processing file /home/beau/airflow/py_env/lib/python3.10/site-packages/airflow/example_dags/example_xcom.py for tasks to queue
[2023-09-23T09:08:36.327-0400] {logging_mixin.py:151} INFO - [2023-09-23T09:08:36.327-0400] {dagbag.py:539} INFO - Filling up the DagBag from /home/beau/airflow/py_env/lib/python3.10/site-packages/airflow/example_dags/example_xcom.py
[2023-09-23T09:08:36.338-0400] {processor.py:839} INFO - DAG(s) dict_keys(['example_xcom']) retrieved from /home/beau/airflow/py_env/lib/python3.10/site-packages/airflow/example_dags/example_xcom.py
[2023-09-23T09:08:36.373-0400] {logging_mixin.py:151} INFO - [2023-09-23T09:08:36.373-0400] {dag.py:2915} INFO - Sync 1 DAGs
[2023-09-23T09:08:36.406-0400] {logging_mixin.py:151} INFO - [2023-09-23T09:08:36.405-0400] {dag.py:3696} INFO - Setting next_dagrun for example_xcom to 2021-01-01T00:00:00+00:00, run_after=2021-01-01T00:00:00+00:00
[2023-09-23T09:08:36.432-0400] {processor.py:179} INFO - Processing /home/beau/airflow/py_env/lib/python3.10/site-packages/airflow/example_dags/example_xcom.py took 0.114 seconds
[2023-09-23T09:09:25.778-0400] {processor.py:157} INFO - Started process (PID=12773) to work on /home/beau/airflow/py_env/lib/python3.10/site-packages/airflow/example_dags/example_xcom.py
[2023-09-23T09:09:25.780-0400] {processor.py:829} INFO - Processing file /home/beau/airflow/py_env/lib/python3.10/site-packages/airflow/example_dags/example_xcom.py for tasks to queue
[2023-09-23T09:09:25.781-0400] {logging_mixin.py:151} INFO - [2023-09-23T09:09:25.780-0400] {dagbag.py:539} INFO - Filling up the DagBag from /home/beau/airflow/py_env/lib/python3.10/site-packages/airflow/example_dags/example_xcom.py
[2023-09-23T09:09:25.790-0400] {processor.py:839} INFO - DAG(s) dict_keys(['example_xcom']) retrieved from /home/beau/airflow/py_env/lib/python3.10/site-packages/airflow/example_dags/example_xcom.py
[2023-09-23T09:09:25.809-0400] {logging_mixin.py:151} INFO - [2023-09-23T09:09:25.809-0400] {dag.py:2915} INFO - Sync 1 DAGs
[2023-09-23T09:09:25.833-0400] {logging_mixin.py:151} INFO - [2023-09-23T09:09:25.833-0400] {dag.py:3696} INFO - Setting next_dagrun for example_xcom to 2021-01-01T00:00:00+00:00, run_after=2021-01-01T00:00:00+00:00
[2023-09-23T09:09:25.864-0400] {processor.py:179} INFO - Processing /home/beau/airflow/py_env/lib/python3.10/site-packages/airflow/example_dags/example_xcom.py took 0.089 seconds
[2023-09-23T09:10:12.562-0400] {processor.py:157} INFO - Started process (PID=13013) to work on /home/beau/airflow/py_env/lib/python3.10/site-packages/airflow/example_dags/example_xcom.py
[2023-09-23T09:10:12.567-0400] {processor.py:829} INFO - Processing file /home/beau/airflow/py_env/lib/python3.10/site-packages/airflow/example_dags/example_xcom.py for tasks to queue
[2023-09-23T09:10:12.569-0400] {logging_mixin.py:151} INFO - [2023-09-23T09:10:12.568-0400] {dagbag.py:539} INFO - Filling up the DagBag from /home/beau/airflow/py_env/lib/python3.10/site-packages/airflow/example_dags/example_xcom.py
[2023-09-23T09:10:12.584-0400] {processor.py:839} INFO - DAG(s) dict_keys(['example_xcom']) retrieved from /home/beau/airflow/py_env/lib/python3.10/site-packages/airflow/example_dags/example_xcom.py
[2023-09-23T09:10:12.601-0400] {logging_mixin.py:151} INFO - [2023-09-23T09:10:12.601-0400] {dag.py:2915} INFO - Sync 1 DAGs
[2023-09-23T09:10:12.621-0400] {logging_mixin.py:151} INFO - [2023-09-23T09:10:12.620-0400] {dag.py:3696} INFO - Setting next_dagrun for example_xcom to 2021-01-01T00:00:00+00:00, run_after=2021-01-01T00:00:00+00:00
[2023-09-23T09:10:12.648-0400] {processor.py:179} INFO - Processing /home/beau/airflow/py_env/lib/python3.10/site-packages/airflow/example_dags/example_xcom.py took 0.092 seconds
[2023-09-23T09:11:02.199-0400] {processor.py:157} INFO - Started process (PID=13331) to work on /home/beau/airflow/py_env/lib/python3.10/site-packages/airflow/example_dags/example_xcom.py
[2023-09-23T09:11:02.200-0400] {processor.py:829} INFO - Processing file /home/beau/airflow/py_env/lib/python3.10/site-packages/airflow/example_dags/example_xcom.py for tasks to queue
[2023-09-23T09:11:02.201-0400] {logging_mixin.py:151} INFO - [2023-09-23T09:11:02.201-0400] {dagbag.py:539} INFO - Filling up the DagBag from /home/beau/airflow/py_env/lib/python3.10/site-packages/airflow/example_dags/example_xcom.py
[2023-09-23T09:11:02.208-0400] {processor.py:839} INFO - DAG(s) dict_keys(['example_xcom']) retrieved from /home/beau/airflow/py_env/lib/python3.10/site-packages/airflow/example_dags/example_xcom.py
[2023-09-23T09:11:02.223-0400] {logging_mixin.py:151} INFO - [2023-09-23T09:11:02.223-0400] {dag.py:2915} INFO - Sync 1 DAGs
[2023-09-23T09:11:02.239-0400] {logging_mixin.py:151} INFO - [2023-09-23T09:11:02.239-0400] {dag.py:3696} INFO - Setting next_dagrun for example_xcom to 2021-01-01T00:00:00+00:00, run_after=2021-01-01T00:00:00+00:00
[2023-09-23T09:11:02.261-0400] {processor.py:179} INFO - Processing /home/beau/airflow/py_env/lib/python3.10/site-packages/airflow/example_dags/example_xcom.py took 0.065 seconds
[2023-09-23T09:11:49.960-0400] {processor.py:157} INFO - Started process (PID=13743) to work on /home/beau/airflow/py_env/lib/python3.10/site-packages/airflow/example_dags/example_xcom.py
[2023-09-23T09:11:49.965-0400] {processor.py:829} INFO - Processing file /home/beau/airflow/py_env/lib/python3.10/site-packages/airflow/example_dags/example_xcom.py for tasks to queue
[2023-09-23T09:11:49.967-0400] {logging_mixin.py:151} INFO - [2023-09-23T09:11:49.966-0400] {dagbag.py:539} INFO - Filling up the DagBag from /home/beau/airflow/py_env/lib/python3.10/site-packages/airflow/example_dags/example_xcom.py
[2023-09-23T09:11:49.980-0400] {processor.py:839} INFO - DAG(s) dict_keys(['example_xcom']) retrieved from /home/beau/airflow/py_env/lib/python3.10/site-packages/airflow/example_dags/example_xcom.py
[2023-09-23T09:11:49.997-0400] {logging_mixin.py:151} INFO - [2023-09-23T09:11:49.997-0400] {dag.py:2915} INFO - Sync 1 DAGs
[2023-09-23T09:11:50.013-0400] {logging_mixin.py:151} INFO - [2023-09-23T09:11:50.013-0400] {dag.py:3696} INFO - Setting next_dagrun for example_xcom to 2021-01-01T00:00:00+00:00, run_after=2021-01-01T00:00:00+00:00
[2023-09-23T09:11:50.036-0400] {processor.py:179} INFO - Processing /home/beau/airflow/py_env/lib/python3.10/site-packages/airflow/example_dags/example_xcom.py took 0.082 seconds
[2023-09-23T09:12:40.328-0400] {processor.py:157} INFO - Started process (PID=14121) to work on /home/beau/airflow/py_env/lib/python3.10/site-packages/airflow/example_dags/example_xcom.py
[2023-09-23T09:12:40.332-0400] {processor.py:829} INFO - Processing file /home/beau/airflow/py_env/lib/python3.10/site-packages/airflow/example_dags/example_xcom.py for tasks to queue
[2023-09-23T09:12:40.333-0400] {logging_mixin.py:151} INFO - [2023-09-23T09:12:40.332-0400] {dagbag.py:539} INFO - Filling up the DagBag from /home/beau/airflow/py_env/lib/python3.10/site-packages/airflow/example_dags/example_xcom.py
[2023-09-23T09:12:40.344-0400] {processor.py:839} INFO - DAG(s) dict_keys(['example_xcom']) retrieved from /home/beau/airflow/py_env/lib/python3.10/site-packages/airflow/example_dags/example_xcom.py
[2023-09-23T09:12:40.362-0400] {logging_mixin.py:151} INFO - [2023-09-23T09:12:40.362-0400] {dag.py:2915} INFO - Sync 1 DAGs
[2023-09-23T09:12:40.384-0400] {logging_mixin.py:151} INFO - [2023-09-23T09:12:40.383-0400] {dag.py:3696} INFO - Setting next_dagrun for example_xcom to 2021-01-01T00:00:00+00:00, run_after=2021-01-01T00:00:00+00:00
[2023-09-23T09:12:40.415-0400] {processor.py:179} INFO - Processing /home/beau/airflow/py_env/lib/python3.10/site-packages/airflow/example_dags/example_xcom.py took 0.092 seconds
[2023-09-23T09:13:29.766-0400] {processor.py:157} INFO - Started process (PID=14663) to work on /home/beau/airflow/py_env/lib/python3.10/site-packages/airflow/example_dags/example_xcom.py
[2023-09-23T09:13:29.768-0400] {processor.py:829} INFO - Processing file /home/beau/airflow/py_env/lib/python3.10/site-packages/airflow/example_dags/example_xcom.py for tasks to queue
[2023-09-23T09:13:29.770-0400] {logging_mixin.py:151} INFO - [2023-09-23T09:13:29.769-0400] {dagbag.py:539} INFO - Filling up the DagBag from /home/beau/airflow/py_env/lib/python3.10/site-packages/airflow/example_dags/example_xcom.py
[2023-09-23T09:13:29.777-0400] {processor.py:839} INFO - DAG(s) dict_keys(['example_xcom']) retrieved from /home/beau/airflow/py_env/lib/python3.10/site-packages/airflow/example_dags/example_xcom.py
[2023-09-23T09:13:29.792-0400] {logging_mixin.py:151} INFO - [2023-09-23T09:13:29.792-0400] {dag.py:2915} INFO - Sync 1 DAGs
[2023-09-23T09:13:29.809-0400] {logging_mixin.py:151} INFO - [2023-09-23T09:13:29.809-0400] {dag.py:3696} INFO - Setting next_dagrun for example_xcom to 2021-01-01T00:00:00+00:00, run_after=2021-01-01T00:00:00+00:00
[2023-09-23T09:13:29.831-0400] {processor.py:179} INFO - Processing /home/beau/airflow/py_env/lib/python3.10/site-packages/airflow/example_dags/example_xcom.py took 0.068 seconds
[2023-09-23T09:14:16.309-0400] {processor.py:157} INFO - Started process (PID=15151) to work on /home/beau/airflow/py_env/lib/python3.10/site-packages/airflow/example_dags/example_xcom.py
[2023-09-23T09:14:16.311-0400] {processor.py:829} INFO - Processing file /home/beau/airflow/py_env/lib/python3.10/site-packages/airflow/example_dags/example_xcom.py for tasks to queue
[2023-09-23T09:14:16.313-0400] {logging_mixin.py:151} INFO - [2023-09-23T09:14:16.312-0400] {dagbag.py:539} INFO - Filling up the DagBag from /home/beau/airflow/py_env/lib/python3.10/site-packages/airflow/example_dags/example_xcom.py
[2023-09-23T09:14:16.326-0400] {processor.py:839} INFO - DAG(s) dict_keys(['example_xcom']) retrieved from /home/beau/airflow/py_env/lib/python3.10/site-packages/airflow/example_dags/example_xcom.py
[2023-09-23T09:14:16.345-0400] {logging_mixin.py:151} INFO - [2023-09-23T09:14:16.345-0400] {dag.py:2915} INFO - Sync 1 DAGs
[2023-09-23T09:14:16.363-0400] {logging_mixin.py:151} INFO - [2023-09-23T09:14:16.363-0400] {dag.py:3696} INFO - Setting next_dagrun for example_xcom to 2021-01-01T00:00:00+00:00, run_after=2021-01-01T00:00:00+00:00
[2023-09-23T09:14:16.391-0400] {processor.py:179} INFO - Processing /home/beau/airflow/py_env/lib/python3.10/site-packages/airflow/example_dags/example_xcom.py took 0.089 seconds
[2023-09-23T09:15:07.353-0400] {processor.py:157} INFO - Started process (PID=15370) to work on /home/beau/airflow/py_env/lib/python3.10/site-packages/airflow/example_dags/example_xcom.py
[2023-09-23T09:15:07.356-0400] {processor.py:829} INFO - Processing file /home/beau/airflow/py_env/lib/python3.10/site-packages/airflow/example_dags/example_xcom.py for tasks to queue
[2023-09-23T09:15:07.357-0400] {logging_mixin.py:151} INFO - [2023-09-23T09:15:07.357-0400] {dagbag.py:539} INFO - Filling up the DagBag from /home/beau/airflow/py_env/lib/python3.10/site-packages/airflow/example_dags/example_xcom.py
[2023-09-23T09:15:07.368-0400] {processor.py:839} INFO - DAG(s) dict_keys(['example_xcom']) retrieved from /home/beau/airflow/py_env/lib/python3.10/site-packages/airflow/example_dags/example_xcom.py
[2023-09-23T09:15:07.387-0400] {logging_mixin.py:151} INFO - [2023-09-23T09:15:07.387-0400] {dag.py:2915} INFO - Sync 1 DAGs
[2023-09-23T09:15:07.404-0400] {logging_mixin.py:151} INFO - [2023-09-23T09:15:07.404-0400] {dag.py:3696} INFO - Setting next_dagrun for example_xcom to 2021-01-01T00:00:00+00:00, run_after=2021-01-01T00:00:00+00:00
[2023-09-23T09:15:07.427-0400] {processor.py:179} INFO - Processing /home/beau/airflow/py_env/lib/python3.10/site-packages/airflow/example_dags/example_xcom.py took 0.080 seconds
[2023-09-23T09:17:24.549-0400] {processor.py:157} INFO - Started process (PID=16813) to work on /home/beau/airflow/py_env/lib/python3.10/site-packages/airflow/example_dags/example_xcom.py
[2023-09-23T09:17:24.554-0400] {processor.py:829} INFO - Processing file /home/beau/airflow/py_env/lib/python3.10/site-packages/airflow/example_dags/example_xcom.py for tasks to queue
[2023-09-23T09:17:24.555-0400] {logging_mixin.py:151} INFO - [2023-09-23T09:17:24.555-0400] {dagbag.py:539} INFO - Filling up the DagBag from /home/beau/airflow/py_env/lib/python3.10/site-packages/airflow/example_dags/example_xcom.py
[2023-09-23T09:17:24.573-0400] {processor.py:839} INFO - DAG(s) dict_keys(['example_xcom']) retrieved from /home/beau/airflow/py_env/lib/python3.10/site-packages/airflow/example_dags/example_xcom.py
[2023-09-23T09:17:24.582-0400] {logging_mixin.py:151} INFO - [2023-09-23T09:17:24.581-0400] {dag.py:2915} INFO - Sync 1 DAGs
[2023-09-23T09:17:24.605-0400] {logging_mixin.py:151} INFO - [2023-09-23T09:17:24.605-0400] {dag.py:3696} INFO - Setting next_dagrun for example_xcom to 2021-01-01T00:00:00+00:00, run_after=2021-01-01T00:00:00+00:00
[2023-09-23T09:17:24.634-0400] {processor.py:179} INFO - Processing /home/beau/airflow/py_env/lib/python3.10/site-packages/airflow/example_dags/example_xcom.py took 0.094 seconds
[2023-09-23T09:18:11.590-0400] {processor.py:157} INFO - Started process (PID=16996) to work on /home/beau/airflow/py_env/lib/python3.10/site-packages/airflow/example_dags/example_xcom.py
[2023-09-23T09:18:11.594-0400] {processor.py:829} INFO - Processing file /home/beau/airflow/py_env/lib/python3.10/site-packages/airflow/example_dags/example_xcom.py for tasks to queue
[2023-09-23T09:18:11.595-0400] {logging_mixin.py:151} INFO - [2023-09-23T09:18:11.595-0400] {dagbag.py:539} INFO - Filling up the DagBag from /home/beau/airflow/py_env/lib/python3.10/site-packages/airflow/example_dags/example_xcom.py
[2023-09-23T09:18:11.606-0400] {processor.py:839} INFO - DAG(s) dict_keys(['example_xcom']) retrieved from /home/beau/airflow/py_env/lib/python3.10/site-packages/airflow/example_dags/example_xcom.py
[2023-09-23T09:18:11.626-0400] {logging_mixin.py:151} INFO - [2023-09-23T09:18:11.626-0400] {dag.py:2915} INFO - Sync 1 DAGs
[2023-09-23T09:18:11.646-0400] {logging_mixin.py:151} INFO - [2023-09-23T09:18:11.646-0400] {dag.py:3696} INFO - Setting next_dagrun for example_xcom to 2021-01-01T00:00:00+00:00, run_after=2021-01-01T00:00:00+00:00
[2023-09-23T09:18:11.674-0400] {processor.py:179} INFO - Processing /home/beau/airflow/py_env/lib/python3.10/site-packages/airflow/example_dags/example_xcom.py took 0.089 seconds
[2023-09-23T09:18:58.269-0400] {processor.py:157} INFO - Started process (PID=17264) to work on /home/beau/airflow/py_env/lib/python3.10/site-packages/airflow/example_dags/example_xcom.py
[2023-09-23T09:18:58.273-0400] {processor.py:829} INFO - Processing file /home/beau/airflow/py_env/lib/python3.10/site-packages/airflow/example_dags/example_xcom.py for tasks to queue
[2023-09-23T09:18:58.275-0400] {logging_mixin.py:151} INFO - [2023-09-23T09:18:58.274-0400] {dagbag.py:539} INFO - Filling up the DagBag from /home/beau/airflow/py_env/lib/python3.10/site-packages/airflow/example_dags/example_xcom.py
[2023-09-23T09:18:58.287-0400] {processor.py:839} INFO - DAG(s) dict_keys(['example_xcom']) retrieved from /home/beau/airflow/py_env/lib/python3.10/site-packages/airflow/example_dags/example_xcom.py
[2023-09-23T09:18:58.300-0400] {logging_mixin.py:151} INFO - [2023-09-23T09:18:58.300-0400] {dag.py:2915} INFO - Sync 1 DAGs
[2023-09-23T09:18:58.315-0400] {logging_mixin.py:151} INFO - [2023-09-23T09:18:58.315-0400] {dag.py:3696} INFO - Setting next_dagrun for example_xcom to 2021-01-01T00:00:00+00:00, run_after=2021-01-01T00:00:00+00:00
[2023-09-23T09:18:58.340-0400] {processor.py:179} INFO - Processing /home/beau/airflow/py_env/lib/python3.10/site-packages/airflow/example_dags/example_xcom.py took 0.076 seconds
[2023-09-23T09:19:51.241-0400] {processor.py:157} INFO - Started process (PID=17552) to work on /home/beau/airflow/py_env/lib/python3.10/site-packages/airflow/example_dags/example_xcom.py
[2023-09-23T09:19:51.246-0400] {processor.py:829} INFO - Processing file /home/beau/airflow/py_env/lib/python3.10/site-packages/airflow/example_dags/example_xcom.py for tasks to queue
[2023-09-23T09:19:51.249-0400] {logging_mixin.py:151} INFO - [2023-09-23T09:19:51.248-0400] {dagbag.py:539} INFO - Filling up the DagBag from /home/beau/airflow/py_env/lib/python3.10/site-packages/airflow/example_dags/example_xcom.py
[2023-09-23T09:19:51.270-0400] {processor.py:839} INFO - DAG(s) dict_keys(['example_xcom']) retrieved from /home/beau/airflow/py_env/lib/python3.10/site-packages/airflow/example_dags/example_xcom.py
[2023-09-23T09:19:51.292-0400] {logging_mixin.py:151} INFO - [2023-09-23T09:19:51.291-0400] {dag.py:2915} INFO - Sync 1 DAGs
[2023-09-23T09:19:51.312-0400] {logging_mixin.py:151} INFO - [2023-09-23T09:19:51.312-0400] {dag.py:3696} INFO - Setting next_dagrun for example_xcom to 2021-01-01T00:00:00+00:00, run_after=2021-01-01T00:00:00+00:00
[2023-09-23T09:19:51.338-0400] {processor.py:179} INFO - Processing /home/beau/airflow/py_env/lib/python3.10/site-packages/airflow/example_dags/example_xcom.py took 0.107 seconds
[2023-09-23T09:20:30.371-0400] {processor.py:157} INFO - Started process (PID=17787) to work on /home/beau/airflow/py_env/lib/python3.10/site-packages/airflow/example_dags/example_xcom.py
[2023-09-23T09:20:30.375-0400] {processor.py:829} INFO - Processing file /home/beau/airflow/py_env/lib/python3.10/site-packages/airflow/example_dags/example_xcom.py for tasks to queue
[2023-09-23T09:20:30.377-0400] {logging_mixin.py:151} INFO - [2023-09-23T09:20:30.376-0400] {dagbag.py:539} INFO - Filling up the DagBag from /home/beau/airflow/py_env/lib/python3.10/site-packages/airflow/example_dags/example_xcom.py
[2023-09-23T09:20:30.388-0400] {processor.py:839} INFO - DAG(s) dict_keys(['example_xcom']) retrieved from /home/beau/airflow/py_env/lib/python3.10/site-packages/airflow/example_dags/example_xcom.py
[2023-09-23T09:20:30.404-0400] {logging_mixin.py:151} INFO - [2023-09-23T09:20:30.404-0400] {dag.py:2915} INFO - Sync 1 DAGs
[2023-09-23T09:20:30.421-0400] {logging_mixin.py:151} INFO - [2023-09-23T09:20:30.421-0400] {dag.py:3696} INFO - Setting next_dagrun for example_xcom to 2021-01-01T00:00:00+00:00, run_after=2021-01-01T00:00:00+00:00
[2023-09-23T09:20:30.448-0400] {processor.py:179} INFO - Processing /home/beau/airflow/py_env/lib/python3.10/site-packages/airflow/example_dags/example_xcom.py took 0.082 seconds
[2023-09-23T09:21:11.263-0400] {processor.py:157} INFO - Started process (PID=17941) to work on /home/beau/airflow/py_env/lib/python3.10/site-packages/airflow/example_dags/example_xcom.py
[2023-09-23T09:21:11.267-0400] {processor.py:829} INFO - Processing file /home/beau/airflow/py_env/lib/python3.10/site-packages/airflow/example_dags/example_xcom.py for tasks to queue
[2023-09-23T09:21:11.268-0400] {logging_mixin.py:151} INFO - [2023-09-23T09:21:11.267-0400] {dagbag.py:539} INFO - Filling up the DagBag from /home/beau/airflow/py_env/lib/python3.10/site-packages/airflow/example_dags/example_xcom.py
[2023-09-23T09:21:11.280-0400] {processor.py:839} INFO - DAG(s) dict_keys(['example_xcom']) retrieved from /home/beau/airflow/py_env/lib/python3.10/site-packages/airflow/example_dags/example_xcom.py
[2023-09-23T09:21:11.304-0400] {logging_mixin.py:151} INFO - [2023-09-23T09:21:11.304-0400] {dag.py:2915} INFO - Sync 1 DAGs
[2023-09-23T09:21:11.326-0400] {logging_mixin.py:151} INFO - [2023-09-23T09:21:11.326-0400] {dag.py:3696} INFO - Setting next_dagrun for example_xcom to 2021-01-01T00:00:00+00:00, run_after=2021-01-01T00:00:00+00:00
[2023-09-23T09:21:11.354-0400] {processor.py:179} INFO - Processing /home/beau/airflow/py_env/lib/python3.10/site-packages/airflow/example_dags/example_xcom.py took 0.096 seconds
[2023-09-23T09:23:42.587-0400] {processor.py:157} INFO - Started process (PID=19302) to work on /home/beau/airflow/py_env/lib/python3.10/site-packages/airflow/example_dags/example_xcom.py
[2023-09-23T09:23:42.590-0400] {processor.py:829} INFO - Processing file /home/beau/airflow/py_env/lib/python3.10/site-packages/airflow/example_dags/example_xcom.py for tasks to queue
[2023-09-23T09:23:42.592-0400] {logging_mixin.py:151} INFO - [2023-09-23T09:23:42.591-0400] {dagbag.py:539} INFO - Filling up the DagBag from /home/beau/airflow/py_env/lib/python3.10/site-packages/airflow/example_dags/example_xcom.py
[2023-09-23T09:23:42.605-0400] {processor.py:839} INFO - DAG(s) dict_keys(['example_xcom']) retrieved from /home/beau/airflow/py_env/lib/python3.10/site-packages/airflow/example_dags/example_xcom.py
[2023-09-23T09:23:42.612-0400] {logging_mixin.py:151} INFO - [2023-09-23T09:23:42.612-0400] {dag.py:2915} INFO - Sync 1 DAGs
[2023-09-23T09:23:42.629-0400] {logging_mixin.py:151} INFO - [2023-09-23T09:23:42.629-0400] {dag.py:3696} INFO - Setting next_dagrun for example_xcom to 2021-01-01T00:00:00+00:00, run_after=2021-01-01T00:00:00+00:00
[2023-09-23T09:23:42.653-0400] {processor.py:179} INFO - Processing /home/beau/airflow/py_env/lib/python3.10/site-packages/airflow/example_dags/example_xcom.py took 0.072 seconds
[2023-09-23T09:24:29.650-0400] {processor.py:157} INFO - Started process (PID=19484) to work on /home/beau/airflow/py_env/lib/python3.10/site-packages/airflow/example_dags/example_xcom.py
[2023-09-23T09:24:29.651-0400] {processor.py:829} INFO - Processing file /home/beau/airflow/py_env/lib/python3.10/site-packages/airflow/example_dags/example_xcom.py for tasks to queue
[2023-09-23T09:24:29.652-0400] {logging_mixin.py:151} INFO - [2023-09-23T09:24:29.652-0400] {dagbag.py:539} INFO - Filling up the DagBag from /home/beau/airflow/py_env/lib/python3.10/site-packages/airflow/example_dags/example_xcom.py
[2023-09-23T09:24:29.659-0400] {processor.py:839} INFO - DAG(s) dict_keys(['example_xcom']) retrieved from /home/beau/airflow/py_env/lib/python3.10/site-packages/airflow/example_dags/example_xcom.py
[2023-09-23T09:24:29.674-0400] {logging_mixin.py:151} INFO - [2023-09-23T09:24:29.674-0400] {dag.py:2915} INFO - Sync 1 DAGs
[2023-09-23T09:24:29.690-0400] {logging_mixin.py:151} INFO - [2023-09-23T09:24:29.690-0400] {dag.py:3696} INFO - Setting next_dagrun for example_xcom to 2021-01-01T00:00:00+00:00, run_after=2021-01-01T00:00:00+00:00
[2023-09-23T09:24:29.713-0400] {processor.py:179} INFO - Processing /home/beau/airflow/py_env/lib/python3.10/site-packages/airflow/example_dags/example_xcom.py took 0.066 seconds
[2023-09-23T09:25:16.213-0400] {processor.py:157} INFO - Started process (PID=19775) to work on /home/beau/airflow/py_env/lib/python3.10/site-packages/airflow/example_dags/example_xcom.py
[2023-09-23T09:25:16.216-0400] {processor.py:829} INFO - Processing file /home/beau/airflow/py_env/lib/python3.10/site-packages/airflow/example_dags/example_xcom.py for tasks to queue
[2023-09-23T09:25:16.217-0400] {logging_mixin.py:151} INFO - [2023-09-23T09:25:16.217-0400] {dagbag.py:539} INFO - Filling up the DagBag from /home/beau/airflow/py_env/lib/python3.10/site-packages/airflow/example_dags/example_xcom.py
[2023-09-23T09:25:16.225-0400] {processor.py:839} INFO - DAG(s) dict_keys(['example_xcom']) retrieved from /home/beau/airflow/py_env/lib/python3.10/site-packages/airflow/example_dags/example_xcom.py
[2023-09-23T09:25:16.242-0400] {logging_mixin.py:151} INFO - [2023-09-23T09:25:16.242-0400] {dag.py:2915} INFO - Sync 1 DAGs
[2023-09-23T09:25:16.260-0400] {logging_mixin.py:151} INFO - [2023-09-23T09:25:16.260-0400] {dag.py:3696} INFO - Setting next_dagrun for example_xcom to 2021-01-01T00:00:00+00:00, run_after=2021-01-01T00:00:00+00:00
[2023-09-23T09:25:16.284-0400] {processor.py:179} INFO - Processing /home/beau/airflow/py_env/lib/python3.10/site-packages/airflow/example_dags/example_xcom.py took 0.073 seconds
[2023-09-23T09:26:09.059-0400] {processor.py:157} INFO - Started process (PID=20080) to work on /home/beau/airflow/py_env/lib/python3.10/site-packages/airflow/example_dags/example_xcom.py
[2023-09-23T09:26:09.063-0400] {processor.py:829} INFO - Processing file /home/beau/airflow/py_env/lib/python3.10/site-packages/airflow/example_dags/example_xcom.py for tasks to queue
[2023-09-23T09:26:09.065-0400] {logging_mixin.py:151} INFO - [2023-09-23T09:26:09.064-0400] {dagbag.py:539} INFO - Filling up the DagBag from /home/beau/airflow/py_env/lib/python3.10/site-packages/airflow/example_dags/example_xcom.py
[2023-09-23T09:26:09.075-0400] {processor.py:839} INFO - DAG(s) dict_keys(['example_xcom']) retrieved from /home/beau/airflow/py_env/lib/python3.10/site-packages/airflow/example_dags/example_xcom.py
[2023-09-23T09:26:09.095-0400] {logging_mixin.py:151} INFO - [2023-09-23T09:26:09.095-0400] {dag.py:2915} INFO - Sync 1 DAGs
[2023-09-23T09:26:09.112-0400] {logging_mixin.py:151} INFO - [2023-09-23T09:26:09.112-0400] {dag.py:3696} INFO - Setting next_dagrun for example_xcom to 2021-01-01T00:00:00+00:00, run_after=2021-01-01T00:00:00+00:00
[2023-09-23T09:26:09.147-0400] {processor.py:179} INFO - Processing /home/beau/airflow/py_env/lib/python3.10/site-packages/airflow/example_dags/example_xcom.py took 0.097 seconds
[2023-09-23T09:30:48.827-0400] {processor.py:157} INFO - Started process (PID=22420) to work on /home/beau/airflow/py_env/lib/python3.10/site-packages/airflow/example_dags/example_xcom.py
[2023-09-23T09:30:48.831-0400] {processor.py:829} INFO - Processing file /home/beau/airflow/py_env/lib/python3.10/site-packages/airflow/example_dags/example_xcom.py for tasks to queue
[2023-09-23T09:30:48.832-0400] {logging_mixin.py:151} INFO - [2023-09-23T09:30:48.832-0400] {dagbag.py:539} INFO - Filling up the DagBag from /home/beau/airflow/py_env/lib/python3.10/site-packages/airflow/example_dags/example_xcom.py
[2023-09-23T09:30:48.840-0400] {processor.py:839} INFO - DAG(s) dict_keys(['example_xcom']) retrieved from /home/beau/airflow/py_env/lib/python3.10/site-packages/airflow/example_dags/example_xcom.py
[2023-09-23T09:30:48.848-0400] {logging_mixin.py:151} INFO - [2023-09-23T09:30:48.848-0400] {dag.py:2915} INFO - Sync 1 DAGs
[2023-09-23T09:30:48.868-0400] {logging_mixin.py:151} INFO - [2023-09-23T09:30:48.867-0400] {dag.py:3696} INFO - Setting next_dagrun for example_xcom to 2021-01-01T00:00:00+00:00, run_after=2021-01-01T00:00:00+00:00
[2023-09-23T09:30:48.897-0400] {processor.py:179} INFO - Processing /home/beau/airflow/py_env/lib/python3.10/site-packages/airflow/example_dags/example_xcom.py took 0.074 seconds
[2023-09-23T09:36:49.966-0400] {processor.py:157} INFO - Started process (PID=972) to work on /home/beau/airflow/py_env/lib/python3.10/site-packages/airflow/example_dags/example_xcom.py
[2023-09-23T09:36:49.968-0400] {processor.py:829} INFO - Processing file /home/beau/airflow/py_env/lib/python3.10/site-packages/airflow/example_dags/example_xcom.py for tasks to queue
[2023-09-23T09:36:49.970-0400] {logging_mixin.py:151} INFO - [2023-09-23T09:36:49.969-0400] {dagbag.py:539} INFO - Filling up the DagBag from /home/beau/airflow/py_env/lib/python3.10/site-packages/airflow/example_dags/example_xcom.py
[2023-09-23T09:36:49.978-0400] {processor.py:839} INFO - DAG(s) dict_keys(['example_xcom']) retrieved from /home/beau/airflow/py_env/lib/python3.10/site-packages/airflow/example_dags/example_xcom.py
[2023-09-23T09:36:49.987-0400] {logging_mixin.py:151} INFO - [2023-09-23T09:36:49.987-0400] {dag.py:2915} INFO - Sync 1 DAGs
[2023-09-23T09:36:50.007-0400] {logging_mixin.py:151} INFO - [2023-09-23T09:36:50.007-0400] {dag.py:3696} INFO - Setting next_dagrun for example_xcom to 2021-01-01T00:00:00+00:00, run_after=2021-01-01T00:00:00+00:00
[2023-09-23T09:36:50.033-0400] {processor.py:179} INFO - Processing /home/beau/airflow/py_env/lib/python3.10/site-packages/airflow/example_dags/example_xcom.py took 0.074 seconds
[2023-09-23T09:37:36.450-0400] {processor.py:157} INFO - Started process (PID=1585) to work on /home/beau/airflow/py_env/lib/python3.10/site-packages/airflow/example_dags/example_xcom.py
[2023-09-23T09:37:36.452-0400] {processor.py:829} INFO - Processing file /home/beau/airflow/py_env/lib/python3.10/site-packages/airflow/example_dags/example_xcom.py for tasks to queue
[2023-09-23T09:37:36.453-0400] {logging_mixin.py:151} INFO - [2023-09-23T09:37:36.453-0400] {dagbag.py:539} INFO - Filling up the DagBag from /home/beau/airflow/py_env/lib/python3.10/site-packages/airflow/example_dags/example_xcom.py
[2023-09-23T09:37:36.459-0400] {processor.py:839} INFO - DAG(s) dict_keys(['example_xcom']) retrieved from /home/beau/airflow/py_env/lib/python3.10/site-packages/airflow/example_dags/example_xcom.py
[2023-09-23T09:37:36.473-0400] {logging_mixin.py:151} INFO - [2023-09-23T09:37:36.473-0400] {dag.py:2915} INFO - Sync 1 DAGs
[2023-09-23T09:37:36.495-0400] {logging_mixin.py:151} INFO - [2023-09-23T09:37:36.495-0400] {dag.py:3696} INFO - Setting next_dagrun for example_xcom to 2021-01-01T00:00:00+00:00, run_after=2021-01-01T00:00:00+00:00
[2023-09-23T09:37:36.524-0400] {processor.py:179} INFO - Processing /home/beau/airflow/py_env/lib/python3.10/site-packages/airflow/example_dags/example_xcom.py took 0.077 seconds
[2023-09-23T09:38:21.749-0400] {processor.py:157} INFO - Started process (PID=2190) to work on /home/beau/airflow/py_env/lib/python3.10/site-packages/airflow/example_dags/example_xcom.py
[2023-09-23T09:38:21.751-0400] {processor.py:829} INFO - Processing file /home/beau/airflow/py_env/lib/python3.10/site-packages/airflow/example_dags/example_xcom.py for tasks to queue
[2023-09-23T09:38:21.752-0400] {logging_mixin.py:151} INFO - [2023-09-23T09:38:21.752-0400] {dagbag.py:539} INFO - Filling up the DagBag from /home/beau/airflow/py_env/lib/python3.10/site-packages/airflow/example_dags/example_xcom.py
[2023-09-23T09:38:21.759-0400] {processor.py:839} INFO - DAG(s) dict_keys(['example_xcom']) retrieved from /home/beau/airflow/py_env/lib/python3.10/site-packages/airflow/example_dags/example_xcom.py
[2023-09-23T09:38:21.780-0400] {logging_mixin.py:151} INFO - [2023-09-23T09:38:21.780-0400] {dag.py:2915} INFO - Sync 1 DAGs
[2023-09-23T09:38:21.804-0400] {logging_mixin.py:151} INFO - [2023-09-23T09:38:21.804-0400] {dag.py:3696} INFO - Setting next_dagrun for example_xcom to 2021-01-01T00:00:00+00:00, run_after=2021-01-01T00:00:00+00:00
[2023-09-23T09:38:21.832-0400] {processor.py:179} INFO - Processing /home/beau/airflow/py_env/lib/python3.10/site-packages/airflow/example_dags/example_xcom.py took 0.086 seconds
[2023-09-23T09:39:09.120-0400] {processor.py:157} INFO - Started process (PID=2555) to work on /home/beau/airflow/py_env/lib/python3.10/site-packages/airflow/example_dags/example_xcom.py
[2023-09-23T09:39:09.123-0400] {processor.py:829} INFO - Processing file /home/beau/airflow/py_env/lib/python3.10/site-packages/airflow/example_dags/example_xcom.py for tasks to queue
[2023-09-23T09:39:09.125-0400] {logging_mixin.py:151} INFO - [2023-09-23T09:39:09.124-0400] {dagbag.py:539} INFO - Filling up the DagBag from /home/beau/airflow/py_env/lib/python3.10/site-packages/airflow/example_dags/example_xcom.py
[2023-09-23T09:39:09.135-0400] {processor.py:839} INFO - DAG(s) dict_keys(['example_xcom']) retrieved from /home/beau/airflow/py_env/lib/python3.10/site-packages/airflow/example_dags/example_xcom.py
[2023-09-23T09:39:09.154-0400] {logging_mixin.py:151} INFO - [2023-09-23T09:39:09.153-0400] {dag.py:2915} INFO - Sync 1 DAGs
[2023-09-23T09:39:09.173-0400] {logging_mixin.py:151} INFO - [2023-09-23T09:39:09.173-0400] {dag.py:3696} INFO - Setting next_dagrun for example_xcom to 2021-01-01T00:00:00+00:00, run_after=2021-01-01T00:00:00+00:00
[2023-09-23T09:39:09.196-0400] {processor.py:179} INFO - Processing /home/beau/airflow/py_env/lib/python3.10/site-packages/airflow/example_dags/example_xcom.py took 0.081 seconds
[2023-09-23T09:40:00.100-0400] {processor.py:157} INFO - Started process (PID=3339) to work on /home/beau/airflow/py_env/lib/python3.10/site-packages/airflow/example_dags/example_xcom.py
[2023-09-23T09:40:00.104-0400] {processor.py:829} INFO - Processing file /home/beau/airflow/py_env/lib/python3.10/site-packages/airflow/example_dags/example_xcom.py for tasks to queue
[2023-09-23T09:40:00.105-0400] {logging_mixin.py:151} INFO - [2023-09-23T09:40:00.105-0400] {dagbag.py:539} INFO - Filling up the DagBag from /home/beau/airflow/py_env/lib/python3.10/site-packages/airflow/example_dags/example_xcom.py
[2023-09-23T09:40:00.111-0400] {processor.py:839} INFO - DAG(s) dict_keys(['example_xcom']) retrieved from /home/beau/airflow/py_env/lib/python3.10/site-packages/airflow/example_dags/example_xcom.py
[2023-09-23T09:40:00.123-0400] {logging_mixin.py:151} INFO - [2023-09-23T09:40:00.123-0400] {dag.py:2915} INFO - Sync 1 DAGs
[2023-09-23T09:40:00.137-0400] {logging_mixin.py:151} INFO - [2023-09-23T09:40:00.136-0400] {dag.py:3696} INFO - Setting next_dagrun for example_xcom to 2021-01-01T00:00:00+00:00, run_after=2021-01-01T00:00:00+00:00
[2023-09-23T09:40:00.157-0400] {processor.py:179} INFO - Processing /home/beau/airflow/py_env/lib/python3.10/site-packages/airflow/example_dags/example_xcom.py took 0.062 seconds
