[2023-09-23T09:06:58.354-0400] {processor.py:157} INFO - Started process (PID=11655) to work on /home/beau/airflow/py_env/lib/python3.10/site-packages/airflow/example_dags/example_branch_operator_decorator.py
[2023-09-23T09:06:58.356-0400] {processor.py:829} INFO - Processing file /home/beau/airflow/py_env/lib/python3.10/site-packages/airflow/example_dags/example_branch_operator_decorator.py for tasks to queue
[2023-09-23T09:06:58.356-0400] {logging_mixin.py:151} INFO - [2023-09-23T09:06:58.356-0400] {dagbag.py:539} INFO - Filling up the DagBag from /home/beau/airflow/py_env/lib/python3.10/site-packages/airflow/example_dags/example_branch_operator_decorator.py
[2023-09-23T09:06:58.368-0400] {processor.py:839} INFO - DAG(s) dict_keys(['example_branch_python_operator_decorator']) retrieved from /home/beau/airflow/py_env/lib/python3.10/site-packages/airflow/example_dags/example_branch_operator_decorator.py
[2023-09-23T09:06:58.469-0400] {logging_mixin.py:151} INFO - [2023-09-23T09:06:58.469-0400] {manager.py:499} INFO - Created Permission View: %s
[2023-09-23T09:06:58.485-0400] {logging_mixin.py:151} INFO - [2023-09-23T09:06:58.484-0400] {manager.py:499} INFO - Created Permission View: %s
[2023-09-23T09:06:58.502-0400] {logging_mixin.py:151} INFO - [2023-09-23T09:06:58.501-0400] {manager.py:499} INFO - Created Permission View: %s
[2023-09-23T09:06:58.502-0400] {logging_mixin.py:151} INFO - [2023-09-23T09:06:58.502-0400] {security.py:708} INFO - Not syncing DAG-level permissions for DAG 'DAG:example_branch_python_operator_decorator' as access control is unset.
[2023-09-23T09:06:58.502-0400] {logging_mixin.py:151} INFO - [2023-09-23T09:06:58.502-0400] {dag.py:2915} INFO - Sync 1 DAGs
[2023-09-23T09:06:58.512-0400] {logging_mixin.py:151} INFO - [2023-09-23T09:06:58.512-0400] {dag.py:2937} INFO - Creating ORM DAG for example_branch_python_operator_decorator
[2023-09-23T09:06:58.521-0400] {logging_mixin.py:151} INFO - [2023-09-23T09:06:58.521-0400] {dag.py:3696} INFO - Setting next_dagrun for example_branch_python_operator_decorator to 2023-09-22T00:00:00+00:00, run_after=2023-09-23T00:00:00+00:00
[2023-09-23T09:06:58.551-0400] {processor.py:179} INFO - Processing /home/beau/airflow/py_env/lib/python3.10/site-packages/airflow/example_dags/example_branch_operator_decorator.py took 0.200 seconds
[2023-09-23T09:07:53.615-0400] {processor.py:157} INFO - Started process (PID=12047) to work on /home/beau/airflow/py_env/lib/python3.10/site-packages/airflow/example_dags/example_branch_operator_decorator.py
[2023-09-23T09:07:53.620-0400] {processor.py:829} INFO - Processing file /home/beau/airflow/py_env/lib/python3.10/site-packages/airflow/example_dags/example_branch_operator_decorator.py for tasks to queue
[2023-09-23T09:07:53.621-0400] {logging_mixin.py:151} INFO - [2023-09-23T09:07:53.621-0400] {dagbag.py:539} INFO - Filling up the DagBag from /home/beau/airflow/py_env/lib/python3.10/site-packages/airflow/example_dags/example_branch_operator_decorator.py
[2023-09-23T09:07:53.634-0400] {processor.py:839} INFO - DAG(s) dict_keys(['example_branch_python_operator_decorator']) retrieved from /home/beau/airflow/py_env/lib/python3.10/site-packages/airflow/example_dags/example_branch_operator_decorator.py
[2023-09-23T09:07:53.649-0400] {logging_mixin.py:151} INFO - [2023-09-23T09:07:53.649-0400] {dag.py:2915} INFO - Sync 1 DAGs
[2023-09-23T09:07:53.664-0400] {logging_mixin.py:151} INFO - [2023-09-23T09:07:53.664-0400] {dag.py:3696} INFO - Setting next_dagrun for example_branch_python_operator_decorator to 2023-09-22T00:00:00+00:00, run_after=2023-09-23T00:00:00+00:00
[2023-09-23T09:07:53.687-0400] {processor.py:179} INFO - Processing /home/beau/airflow/py_env/lib/python3.10/site-packages/airflow/example_dags/example_branch_operator_decorator.py took 0.080 seconds
[2023-09-23T09:08:45.803-0400] {processor.py:157} INFO - Started process (PID=12438) to work on /home/beau/airflow/py_env/lib/python3.10/site-packages/airflow/example_dags/example_branch_operator_decorator.py
[2023-09-23T09:08:45.805-0400] {processor.py:829} INFO - Processing file /home/beau/airflow/py_env/lib/python3.10/site-packages/airflow/example_dags/example_branch_operator_decorator.py for tasks to queue
[2023-09-23T09:08:45.806-0400] {logging_mixin.py:151} INFO - [2023-09-23T09:08:45.806-0400] {dagbag.py:539} INFO - Filling up the DagBag from /home/beau/airflow/py_env/lib/python3.10/site-packages/airflow/example_dags/example_branch_operator_decorator.py
[2023-09-23T09:08:45.815-0400] {processor.py:839} INFO - DAG(s) dict_keys(['example_branch_python_operator_decorator']) retrieved from /home/beau/airflow/py_env/lib/python3.10/site-packages/airflow/example_dags/example_branch_operator_decorator.py
[2023-09-23T09:08:45.831-0400] {logging_mixin.py:151} INFO - [2023-09-23T09:08:45.831-0400] {dag.py:2915} INFO - Sync 1 DAGs
[2023-09-23T09:08:45.854-0400] {logging_mixin.py:151} INFO - [2023-09-23T09:08:45.854-0400] {dag.py:3696} INFO - Setting next_dagrun for example_branch_python_operator_decorator to 2023-09-22T00:00:00+00:00, run_after=2023-09-23T00:00:00+00:00
[2023-09-23T09:08:45.937-0400] {processor.py:179} INFO - Processing /home/beau/airflow/py_env/lib/python3.10/site-packages/airflow/example_dags/example_branch_operator_decorator.py took 0.137 seconds
[2023-09-23T09:09:34.978-0400] {processor.py:157} INFO - Started process (PID=12806) to work on /home/beau/airflow/py_env/lib/python3.10/site-packages/airflow/example_dags/example_branch_operator_decorator.py
[2023-09-23T09:09:34.982-0400] {processor.py:829} INFO - Processing file /home/beau/airflow/py_env/lib/python3.10/site-packages/airflow/example_dags/example_branch_operator_decorator.py for tasks to queue
[2023-09-23T09:09:34.984-0400] {logging_mixin.py:151} INFO - [2023-09-23T09:09:34.983-0400] {dagbag.py:539} INFO - Filling up the DagBag from /home/beau/airflow/py_env/lib/python3.10/site-packages/airflow/example_dags/example_branch_operator_decorator.py
[2023-09-23T09:09:34.998-0400] {processor.py:839} INFO - DAG(s) dict_keys(['example_branch_python_operator_decorator']) retrieved from /home/beau/airflow/py_env/lib/python3.10/site-packages/airflow/example_dags/example_branch_operator_decorator.py
[2023-09-23T09:09:35.022-0400] {logging_mixin.py:151} INFO - [2023-09-23T09:09:35.021-0400] {dag.py:2915} INFO - Sync 1 DAGs
[2023-09-23T09:09:35.043-0400] {logging_mixin.py:151} INFO - [2023-09-23T09:09:35.043-0400] {dag.py:3696} INFO - Setting next_dagrun for example_branch_python_operator_decorator to 2023-09-22T00:00:00+00:00, run_after=2023-09-23T00:00:00+00:00
[2023-09-23T09:09:35.070-0400] {processor.py:179} INFO - Processing /home/beau/airflow/py_env/lib/python3.10/site-packages/airflow/example_dags/example_branch_operator_decorator.py took 0.096 seconds
[2023-09-23T09:10:21.833-0400] {processor.py:157} INFO - Started process (PID=13052) to work on /home/beau/airflow/py_env/lib/python3.10/site-packages/airflow/example_dags/example_branch_operator_decorator.py
[2023-09-23T09:10:21.836-0400] {processor.py:829} INFO - Processing file /home/beau/airflow/py_env/lib/python3.10/site-packages/airflow/example_dags/example_branch_operator_decorator.py for tasks to queue
[2023-09-23T09:10:21.837-0400] {logging_mixin.py:151} INFO - [2023-09-23T09:10:21.837-0400] {dagbag.py:539} INFO - Filling up the DagBag from /home/beau/airflow/py_env/lib/python3.10/site-packages/airflow/example_dags/example_branch_operator_decorator.py
[2023-09-23T09:10:21.847-0400] {processor.py:839} INFO - DAG(s) dict_keys(['example_branch_python_operator_decorator']) retrieved from /home/beau/airflow/py_env/lib/python3.10/site-packages/airflow/example_dags/example_branch_operator_decorator.py
[2023-09-23T09:10:21.867-0400] {logging_mixin.py:151} INFO - [2023-09-23T09:10:21.867-0400] {dag.py:2915} INFO - Sync 1 DAGs
[2023-09-23T09:10:21.889-0400] {logging_mixin.py:151} INFO - [2023-09-23T09:10:21.889-0400] {dag.py:3696} INFO - Setting next_dagrun for example_branch_python_operator_decorator to 2023-09-22T00:00:00+00:00, run_after=2023-09-23T00:00:00+00:00
[2023-09-23T09:10:21.915-0400] {processor.py:179} INFO - Processing /home/beau/airflow/py_env/lib/python3.10/site-packages/airflow/example_dags/example_branch_operator_decorator.py took 0.085 seconds
[2023-09-23T09:11:11.786-0400] {processor.py:157} INFO - Started process (PID=13481) to work on /home/beau/airflow/py_env/lib/python3.10/site-packages/airflow/example_dags/example_branch_operator_decorator.py
[2023-09-23T09:11:11.789-0400] {processor.py:829} INFO - Processing file /home/beau/airflow/py_env/lib/python3.10/site-packages/airflow/example_dags/example_branch_operator_decorator.py for tasks to queue
[2023-09-23T09:11:11.790-0400] {logging_mixin.py:151} INFO - [2023-09-23T09:11:11.789-0400] {dagbag.py:539} INFO - Filling up the DagBag from /home/beau/airflow/py_env/lib/python3.10/site-packages/airflow/example_dags/example_branch_operator_decorator.py
[2023-09-23T09:11:11.800-0400] {processor.py:839} INFO - DAG(s) dict_keys(['example_branch_python_operator_decorator']) retrieved from /home/beau/airflow/py_env/lib/python3.10/site-packages/airflow/example_dags/example_branch_operator_decorator.py
[2023-09-23T09:11:11.815-0400] {logging_mixin.py:151} INFO - [2023-09-23T09:11:11.815-0400] {dag.py:2915} INFO - Sync 1 DAGs
[2023-09-23T09:11:11.831-0400] {logging_mixin.py:151} INFO - [2023-09-23T09:11:11.831-0400] {dag.py:3696} INFO - Setting next_dagrun for example_branch_python_operator_decorator to 2023-09-22T00:00:00+00:00, run_after=2023-09-23T00:00:00+00:00
[2023-09-23T09:11:11.853-0400] {processor.py:179} INFO - Processing /home/beau/airflow/py_env/lib/python3.10/site-packages/airflow/example_dags/example_branch_operator_decorator.py took 0.071 seconds
[2023-09-23T09:12:00.354-0400] {processor.py:157} INFO - Started process (PID=13784) to work on /home/beau/airflow/py_env/lib/python3.10/site-packages/airflow/example_dags/example_branch_operator_decorator.py
[2023-09-23T09:12:00.359-0400] {processor.py:829} INFO - Processing file /home/beau/airflow/py_env/lib/python3.10/site-packages/airflow/example_dags/example_branch_operator_decorator.py for tasks to queue
[2023-09-23T09:12:00.359-0400] {logging_mixin.py:151} INFO - [2023-09-23T09:12:00.359-0400] {dagbag.py:539} INFO - Filling up the DagBag from /home/beau/airflow/py_env/lib/python3.10/site-packages/airflow/example_dags/example_branch_operator_decorator.py
[2023-09-23T09:12:00.369-0400] {processor.py:839} INFO - DAG(s) dict_keys(['example_branch_python_operator_decorator']) retrieved from /home/beau/airflow/py_env/lib/python3.10/site-packages/airflow/example_dags/example_branch_operator_decorator.py
[2023-09-23T09:12:00.384-0400] {logging_mixin.py:151} INFO - [2023-09-23T09:12:00.384-0400] {dag.py:2915} INFO - Sync 1 DAGs
[2023-09-23T09:12:00.400-0400] {logging_mixin.py:151} INFO - [2023-09-23T09:12:00.400-0400] {dag.py:3696} INFO - Setting next_dagrun for example_branch_python_operator_decorator to 2023-09-22T00:00:00+00:00, run_after=2023-09-23T00:00:00+00:00
[2023-09-23T09:12:00.431-0400] {processor.py:179} INFO - Processing /home/beau/airflow/py_env/lib/python3.10/site-packages/airflow/example_dags/example_branch_operator_decorator.py took 0.079 seconds
[2023-09-23T09:12:50.639-0400] {processor.py:157} INFO - Started process (PID=14223) to work on /home/beau/airflow/py_env/lib/python3.10/site-packages/airflow/example_dags/example_branch_operator_decorator.py
[2023-09-23T09:12:50.643-0400] {processor.py:829} INFO - Processing file /home/beau/airflow/py_env/lib/python3.10/site-packages/airflow/example_dags/example_branch_operator_decorator.py for tasks to queue
[2023-09-23T09:12:50.643-0400] {logging_mixin.py:151} INFO - [2023-09-23T09:12:50.643-0400] {dagbag.py:539} INFO - Filling up the DagBag from /home/beau/airflow/py_env/lib/python3.10/site-packages/airflow/example_dags/example_branch_operator_decorator.py
[2023-09-23T09:12:50.653-0400] {processor.py:839} INFO - DAG(s) dict_keys(['example_branch_python_operator_decorator']) retrieved from /home/beau/airflow/py_env/lib/python3.10/site-packages/airflow/example_dags/example_branch_operator_decorator.py
[2023-09-23T09:12:50.669-0400] {logging_mixin.py:151} INFO - [2023-09-23T09:12:50.668-0400] {dag.py:2915} INFO - Sync 1 DAGs
[2023-09-23T09:12:50.685-0400] {logging_mixin.py:151} INFO - [2023-09-23T09:12:50.685-0400] {dag.py:3696} INFO - Setting next_dagrun for example_branch_python_operator_decorator to 2023-09-22T00:00:00+00:00, run_after=2023-09-23T00:00:00+00:00
[2023-09-23T09:12:50.706-0400] {processor.py:179} INFO - Processing /home/beau/airflow/py_env/lib/python3.10/site-packages/airflow/example_dags/example_branch_operator_decorator.py took 0.070 seconds
[2023-09-23T09:13:39.966-0400] {processor.py:157} INFO - Started process (PID=14825) to work on /home/beau/airflow/py_env/lib/python3.10/site-packages/airflow/example_dags/example_branch_operator_decorator.py
[2023-09-23T09:13:39.970-0400] {processor.py:829} INFO - Processing file /home/beau/airflow/py_env/lib/python3.10/site-packages/airflow/example_dags/example_branch_operator_decorator.py for tasks to queue
[2023-09-23T09:13:39.971-0400] {logging_mixin.py:151} INFO - [2023-09-23T09:13:39.970-0400] {dagbag.py:539} INFO - Filling up the DagBag from /home/beau/airflow/py_env/lib/python3.10/site-packages/airflow/example_dags/example_branch_operator_decorator.py
[2023-09-23T09:13:39.979-0400] {processor.py:839} INFO - DAG(s) dict_keys(['example_branch_python_operator_decorator']) retrieved from /home/beau/airflow/py_env/lib/python3.10/site-packages/airflow/example_dags/example_branch_operator_decorator.py
[2023-09-23T09:13:39.993-0400] {logging_mixin.py:151} INFO - [2023-09-23T09:13:39.993-0400] {dag.py:2915} INFO - Sync 1 DAGs
[2023-09-23T09:13:40.008-0400] {logging_mixin.py:151} INFO - [2023-09-23T09:13:40.008-0400] {dag.py:3696} INFO - Setting next_dagrun for example_branch_python_operator_decorator to 2023-09-22T00:00:00+00:00, run_after=2023-09-23T00:00:00+00:00
[2023-09-23T09:13:40.031-0400] {processor.py:179} INFO - Processing /home/beau/airflow/py_env/lib/python3.10/site-packages/airflow/example_dags/example_branch_operator_decorator.py took 0.067 seconds
[2023-09-23T09:14:26.687-0400] {processor.py:157} INFO - Started process (PID=15191) to work on /home/beau/airflow/py_env/lib/python3.10/site-packages/airflow/example_dags/example_branch_operator_decorator.py
[2023-09-23T09:14:26.692-0400] {processor.py:829} INFO - Processing file /home/beau/airflow/py_env/lib/python3.10/site-packages/airflow/example_dags/example_branch_operator_decorator.py for tasks to queue
[2023-09-23T09:14:26.694-0400] {logging_mixin.py:151} INFO - [2023-09-23T09:14:26.693-0400] {dagbag.py:539} INFO - Filling up the DagBag from /home/beau/airflow/py_env/lib/python3.10/site-packages/airflow/example_dags/example_branch_operator_decorator.py
[2023-09-23T09:14:26.713-0400] {processor.py:839} INFO - DAG(s) dict_keys(['example_branch_python_operator_decorator']) retrieved from /home/beau/airflow/py_env/lib/python3.10/site-packages/airflow/example_dags/example_branch_operator_decorator.py
[2023-09-23T09:14:26.730-0400] {logging_mixin.py:151} INFO - [2023-09-23T09:14:26.730-0400] {dag.py:2915} INFO - Sync 1 DAGs
[2023-09-23T09:14:26.749-0400] {logging_mixin.py:151} INFO - [2023-09-23T09:14:26.749-0400] {dag.py:3696} INFO - Setting next_dagrun for example_branch_python_operator_decorator to 2023-09-22T00:00:00+00:00, run_after=2023-09-23T00:00:00+00:00
[2023-09-23T09:14:26.778-0400] {processor.py:179} INFO - Processing /home/beau/airflow/py_env/lib/python3.10/site-packages/airflow/example_dags/example_branch_operator_decorator.py took 0.098 seconds
[2023-09-23T09:15:18.458-0400] {processor.py:157} INFO - Started process (PID=15446) to work on /home/beau/airflow/py_env/lib/python3.10/site-packages/airflow/example_dags/example_branch_operator_decorator.py
[2023-09-23T09:15:18.459-0400] {processor.py:829} INFO - Processing file /home/beau/airflow/py_env/lib/python3.10/site-packages/airflow/example_dags/example_branch_operator_decorator.py for tasks to queue
[2023-09-23T09:15:18.461-0400] {logging_mixin.py:151} INFO - [2023-09-23T09:15:18.460-0400] {dagbag.py:539} INFO - Filling up the DagBag from /home/beau/airflow/py_env/lib/python3.10/site-packages/airflow/example_dags/example_branch_operator_decorator.py
[2023-09-23T09:15:18.473-0400] {processor.py:839} INFO - DAG(s) dict_keys(['example_branch_python_operator_decorator']) retrieved from /home/beau/airflow/py_env/lib/python3.10/site-packages/airflow/example_dags/example_branch_operator_decorator.py
[2023-09-23T09:15:18.493-0400] {logging_mixin.py:151} INFO - [2023-09-23T09:15:18.493-0400] {dag.py:2915} INFO - Sync 1 DAGs
[2023-09-23T09:15:18.530-0400] {logging_mixin.py:151} INFO - [2023-09-23T09:15:18.529-0400] {dag.py:3696} INFO - Setting next_dagrun for example_branch_python_operator_decorator to 2023-09-22T00:00:00+00:00, run_after=2023-09-23T00:00:00+00:00
[2023-09-23T09:15:18.567-0400] {processor.py:179} INFO - Processing /home/beau/airflow/py_env/lib/python3.10/site-packages/airflow/example_dags/example_branch_operator_decorator.py took 0.112 seconds
[2023-09-23T09:17:57.102-0400] {processor.py:157} INFO - Started process (PID=16938) to work on /home/beau/airflow/py_env/lib/python3.10/site-packages/airflow/example_dags/example_branch_operator_decorator.py
[2023-09-23T09:17:57.106-0400] {processor.py:829} INFO - Processing file /home/beau/airflow/py_env/lib/python3.10/site-packages/airflow/example_dags/example_branch_operator_decorator.py for tasks to queue
[2023-09-23T09:17:57.107-0400] {logging_mixin.py:151} INFO - [2023-09-23T09:17:57.107-0400] {dagbag.py:539} INFO - Filling up the DagBag from /home/beau/airflow/py_env/lib/python3.10/site-packages/airflow/example_dags/example_branch_operator_decorator.py
[2023-09-23T09:17:57.122-0400] {processor.py:839} INFO - DAG(s) dict_keys(['example_branch_python_operator_decorator']) retrieved from /home/beau/airflow/py_env/lib/python3.10/site-packages/airflow/example_dags/example_branch_operator_decorator.py
[2023-09-23T09:17:57.138-0400] {logging_mixin.py:151} INFO - [2023-09-23T09:17:57.138-0400] {dag.py:2915} INFO - Sync 1 DAGs
[2023-09-23T09:17:57.155-0400] {logging_mixin.py:151} INFO - [2023-09-23T09:17:57.155-0400] {dag.py:3696} INFO - Setting next_dagrun for example_branch_python_operator_decorator to 2023-09-22T00:00:00+00:00, run_after=2023-09-23T00:00:00+00:00
[2023-09-23T09:17:57.183-0400] {processor.py:179} INFO - Processing /home/beau/airflow/py_env/lib/python3.10/site-packages/airflow/example_dags/example_branch_operator_decorator.py took 0.086 seconds
[2023-09-23T09:18:49.152-0400] {processor.py:157} INFO - Started process (PID=17231) to work on /home/beau/airflow/py_env/lib/python3.10/site-packages/airflow/example_dags/example_branch_operator_decorator.py
[2023-09-23T09:18:49.159-0400] {processor.py:829} INFO - Processing file /home/beau/airflow/py_env/lib/python3.10/site-packages/airflow/example_dags/example_branch_operator_decorator.py for tasks to queue
[2023-09-23T09:18:49.161-0400] {logging_mixin.py:151} INFO - [2023-09-23T09:18:49.160-0400] {dagbag.py:539} INFO - Filling up the DagBag from /home/beau/airflow/py_env/lib/python3.10/site-packages/airflow/example_dags/example_branch_operator_decorator.py
[2023-09-23T09:18:49.182-0400] {processor.py:839} INFO - DAG(s) dict_keys(['example_branch_python_operator_decorator']) retrieved from /home/beau/airflow/py_env/lib/python3.10/site-packages/airflow/example_dags/example_branch_operator_decorator.py
[2023-09-23T09:18:49.206-0400] {logging_mixin.py:151} INFO - [2023-09-23T09:18:49.206-0400] {dag.py:2915} INFO - Sync 1 DAGs
[2023-09-23T09:18:49.230-0400] {logging_mixin.py:151} INFO - [2023-09-23T09:18:49.230-0400] {dag.py:3696} INFO - Setting next_dagrun for example_branch_python_operator_decorator to 2023-09-22T00:00:00+00:00, run_after=2023-09-23T00:00:00+00:00
[2023-09-23T09:18:49.256-0400] {processor.py:179} INFO - Processing /home/beau/airflow/py_env/lib/python3.10/site-packages/airflow/example_dags/example_branch_operator_decorator.py took 0.114 seconds
[2023-09-23T09:19:43.292-0400] {processor.py:157} INFO - Started process (PID=17526) to work on /home/beau/airflow/py_env/lib/python3.10/site-packages/airflow/example_dags/example_branch_operator_decorator.py
[2023-09-23T09:19:43.297-0400] {processor.py:829} INFO - Processing file /home/beau/airflow/py_env/lib/python3.10/site-packages/airflow/example_dags/example_branch_operator_decorator.py for tasks to queue
[2023-09-23T09:19:43.298-0400] {logging_mixin.py:151} INFO - [2023-09-23T09:19:43.298-0400] {dagbag.py:539} INFO - Filling up the DagBag from /home/beau/airflow/py_env/lib/python3.10/site-packages/airflow/example_dags/example_branch_operator_decorator.py
[2023-09-23T09:19:43.315-0400] {processor.py:839} INFO - DAG(s) dict_keys(['example_branch_python_operator_decorator']) retrieved from /home/beau/airflow/py_env/lib/python3.10/site-packages/airflow/example_dags/example_branch_operator_decorator.py
[2023-09-23T09:19:43.332-0400] {logging_mixin.py:151} INFO - [2023-09-23T09:19:43.332-0400] {dag.py:2915} INFO - Sync 1 DAGs
[2023-09-23T09:19:43.350-0400] {logging_mixin.py:151} INFO - [2023-09-23T09:19:43.350-0400] {dag.py:3696} INFO - Setting next_dagrun for example_branch_python_operator_decorator to 2023-09-22T00:00:00+00:00, run_after=2023-09-23T00:00:00+00:00
[2023-09-23T09:19:43.381-0400] {processor.py:179} INFO - Processing /home/beau/airflow/py_env/lib/python3.10/site-packages/airflow/example_dags/example_branch_operator_decorator.py took 0.094 seconds
[2023-09-23T09:20:42.818-0400] {processor.py:157} INFO - Started process (PID=17834) to work on /home/beau/airflow/py_env/lib/python3.10/site-packages/airflow/example_dags/example_branch_operator_decorator.py
[2023-09-23T09:20:42.822-0400] {processor.py:829} INFO - Processing file /home/beau/airflow/py_env/lib/python3.10/site-packages/airflow/example_dags/example_branch_operator_decorator.py for tasks to queue
[2023-09-23T09:20:42.823-0400] {logging_mixin.py:151} INFO - [2023-09-23T09:20:42.823-0400] {dagbag.py:539} INFO - Filling up the DagBag from /home/beau/airflow/py_env/lib/python3.10/site-packages/airflow/example_dags/example_branch_operator_decorator.py
[2023-09-23T09:20:42.838-0400] {processor.py:839} INFO - DAG(s) dict_keys(['example_branch_python_operator_decorator']) retrieved from /home/beau/airflow/py_env/lib/python3.10/site-packages/airflow/example_dags/example_branch_operator_decorator.py
[2023-09-23T09:20:42.856-0400] {logging_mixin.py:151} INFO - [2023-09-23T09:20:42.855-0400] {dag.py:2915} INFO - Sync 1 DAGs
[2023-09-23T09:20:42.873-0400] {logging_mixin.py:151} INFO - [2023-09-23T09:20:42.873-0400] {dag.py:3696} INFO - Setting next_dagrun for example_branch_python_operator_decorator to 2023-09-22T00:00:00+00:00, run_after=2023-09-23T00:00:00+00:00
[2023-09-23T09:20:42.896-0400] {processor.py:179} INFO - Processing /home/beau/airflow/py_env/lib/python3.10/site-packages/airflow/example_dags/example_branch_operator_decorator.py took 0.082 seconds
[2023-09-23T09:24:15.313-0400] {processor.py:157} INFO - Started process (PID=19428) to work on /home/beau/airflow/py_env/lib/python3.10/site-packages/airflow/example_dags/example_branch_operator_decorator.py
[2023-09-23T09:24:15.318-0400] {processor.py:829} INFO - Processing file /home/beau/airflow/py_env/lib/python3.10/site-packages/airflow/example_dags/example_branch_operator_decorator.py for tasks to queue
[2023-09-23T09:24:15.320-0400] {logging_mixin.py:151} INFO - [2023-09-23T09:24:15.319-0400] {dagbag.py:539} INFO - Filling up the DagBag from /home/beau/airflow/py_env/lib/python3.10/site-packages/airflow/example_dags/example_branch_operator_decorator.py
[2023-09-23T09:24:15.338-0400] {processor.py:839} INFO - DAG(s) dict_keys(['example_branch_python_operator_decorator']) retrieved from /home/beau/airflow/py_env/lib/python3.10/site-packages/airflow/example_dags/example_branch_operator_decorator.py
[2023-09-23T09:24:15.359-0400] {logging_mixin.py:151} INFO - [2023-09-23T09:24:15.359-0400] {dag.py:2915} INFO - Sync 1 DAGs
[2023-09-23T09:24:15.379-0400] {logging_mixin.py:151} INFO - [2023-09-23T09:24:15.379-0400] {dag.py:3696} INFO - Setting next_dagrun for example_branch_python_operator_decorator to 2023-09-22T00:00:00+00:00, run_after=2023-09-23T00:00:00+00:00
[2023-09-23T09:24:15.420-0400] {processor.py:179} INFO - Processing /home/beau/airflow/py_env/lib/python3.10/site-packages/airflow/example_dags/example_branch_operator_decorator.py took 0.113 seconds
[2023-09-23T09:25:08.428-0400] {processor.py:157} INFO - Started process (PID=19740) to work on /home/beau/airflow/py_env/lib/python3.10/site-packages/airflow/example_dags/example_branch_operator_decorator.py
[2023-09-23T09:25:08.433-0400] {processor.py:829} INFO - Processing file /home/beau/airflow/py_env/lib/python3.10/site-packages/airflow/example_dags/example_branch_operator_decorator.py for tasks to queue
[2023-09-23T09:25:08.435-0400] {logging_mixin.py:151} INFO - [2023-09-23T09:25:08.434-0400] {dagbag.py:539} INFO - Filling up the DagBag from /home/beau/airflow/py_env/lib/python3.10/site-packages/airflow/example_dags/example_branch_operator_decorator.py
[2023-09-23T09:25:08.448-0400] {processor.py:839} INFO - DAG(s) dict_keys(['example_branch_python_operator_decorator']) retrieved from /home/beau/airflow/py_env/lib/python3.10/site-packages/airflow/example_dags/example_branch_operator_decorator.py
[2023-09-23T09:25:08.468-0400] {logging_mixin.py:151} INFO - [2023-09-23T09:25:08.468-0400] {dag.py:2915} INFO - Sync 1 DAGs
[2023-09-23T09:25:08.486-0400] {logging_mixin.py:151} INFO - [2023-09-23T09:25:08.486-0400] {dag.py:3696} INFO - Setting next_dagrun for example_branch_python_operator_decorator to 2023-09-22T00:00:00+00:00, run_after=2023-09-23T00:00:00+00:00
[2023-09-23T09:25:08.518-0400] {processor.py:179} INFO - Processing /home/beau/airflow/py_env/lib/python3.10/site-packages/airflow/example_dags/example_branch_operator_decorator.py took 0.097 seconds
[2023-09-23T09:26:00.632-0400] {processor.py:157} INFO - Started process (PID=20048) to work on /home/beau/airflow/py_env/lib/python3.10/site-packages/airflow/example_dags/example_branch_operator_decorator.py
[2023-09-23T09:26:00.634-0400] {processor.py:829} INFO - Processing file /home/beau/airflow/py_env/lib/python3.10/site-packages/airflow/example_dags/example_branch_operator_decorator.py for tasks to queue
[2023-09-23T09:26:00.635-0400] {logging_mixin.py:151} INFO - [2023-09-23T09:26:00.635-0400] {dagbag.py:539} INFO - Filling up the DagBag from /home/beau/airflow/py_env/lib/python3.10/site-packages/airflow/example_dags/example_branch_operator_decorator.py
[2023-09-23T09:26:00.648-0400] {processor.py:839} INFO - DAG(s) dict_keys(['example_branch_python_operator_decorator']) retrieved from /home/beau/airflow/py_env/lib/python3.10/site-packages/airflow/example_dags/example_branch_operator_decorator.py
[2023-09-23T09:26:00.669-0400] {logging_mixin.py:151} INFO - [2023-09-23T09:26:00.669-0400] {dag.py:2915} INFO - Sync 1 DAGs
[2023-09-23T09:26:00.694-0400] {logging_mixin.py:151} INFO - [2023-09-23T09:26:00.693-0400] {dag.py:3696} INFO - Setting next_dagrun for example_branch_python_operator_decorator to 2023-09-22T00:00:00+00:00, run_after=2023-09-23T00:00:00+00:00
[2023-09-23T09:26:00.720-0400] {processor.py:179} INFO - Processing /home/beau/airflow/py_env/lib/python3.10/site-packages/airflow/example_dags/example_branch_operator_decorator.py took 0.092 seconds
[2023-09-23T09:37:22.077-0400] {processor.py:157} INFO - Started process (PID=1402) to work on /home/beau/airflow/py_env/lib/python3.10/site-packages/airflow/example_dags/example_branch_operator_decorator.py
[2023-09-23T09:37:22.079-0400] {processor.py:829} INFO - Processing file /home/beau/airflow/py_env/lib/python3.10/site-packages/airflow/example_dags/example_branch_operator_decorator.py for tasks to queue
[2023-09-23T09:37:22.079-0400] {logging_mixin.py:151} INFO - [2023-09-23T09:37:22.079-0400] {dagbag.py:539} INFO - Filling up the DagBag from /home/beau/airflow/py_env/lib/python3.10/site-packages/airflow/example_dags/example_branch_operator_decorator.py
[2023-09-23T09:37:22.089-0400] {processor.py:839} INFO - DAG(s) dict_keys(['example_branch_python_operator_decorator']) retrieved from /home/beau/airflow/py_env/lib/python3.10/site-packages/airflow/example_dags/example_branch_operator_decorator.py
[2023-09-23T09:37:22.104-0400] {logging_mixin.py:151} INFO - [2023-09-23T09:37:22.104-0400] {dag.py:2915} INFO - Sync 1 DAGs
[2023-09-23T09:37:22.121-0400] {logging_mixin.py:151} INFO - [2023-09-23T09:37:22.121-0400] {dag.py:3696} INFO - Setting next_dagrun for example_branch_python_operator_decorator to 2023-09-22T00:00:00+00:00, run_after=2023-09-23T00:00:00+00:00
[2023-09-23T09:37:22.145-0400] {processor.py:179} INFO - Processing /home/beau/airflow/py_env/lib/python3.10/site-packages/airflow/example_dags/example_branch_operator_decorator.py took 0.070 seconds
[2023-09-23T09:38:11.463-0400] {processor.py:157} INFO - Started process (PID=2149) to work on /home/beau/airflow/py_env/lib/python3.10/site-packages/airflow/example_dags/example_branch_operator_decorator.py
[2023-09-23T09:38:11.466-0400] {processor.py:829} INFO - Processing file /home/beau/airflow/py_env/lib/python3.10/site-packages/airflow/example_dags/example_branch_operator_decorator.py for tasks to queue
[2023-09-23T09:38:11.467-0400] {logging_mixin.py:151} INFO - [2023-09-23T09:38:11.467-0400] {dagbag.py:539} INFO - Filling up the DagBag from /home/beau/airflow/py_env/lib/python3.10/site-packages/airflow/example_dags/example_branch_operator_decorator.py
[2023-09-23T09:38:11.479-0400] {processor.py:839} INFO - DAG(s) dict_keys(['example_branch_python_operator_decorator']) retrieved from /home/beau/airflow/py_env/lib/python3.10/site-packages/airflow/example_dags/example_branch_operator_decorator.py
[2023-09-23T09:38:11.494-0400] {logging_mixin.py:151} INFO - [2023-09-23T09:38:11.493-0400] {dag.py:2915} INFO - Sync 1 DAGs
[2023-09-23T09:38:11.509-0400] {logging_mixin.py:151} INFO - [2023-09-23T09:38:11.509-0400] {dag.py:3696} INFO - Setting next_dagrun for example_branch_python_operator_decorator to 2023-09-22T00:00:00+00:00, run_after=2023-09-23T00:00:00+00:00
[2023-09-23T09:38:11.534-0400] {processor.py:179} INFO - Processing /home/beau/airflow/py_env/lib/python3.10/site-packages/airflow/example_dags/example_branch_operator_decorator.py took 0.076 seconds
[2023-09-23T09:38:59.190-0400] {processor.py:157} INFO - Started process (PID=2458) to work on /home/beau/airflow/py_env/lib/python3.10/site-packages/airflow/example_dags/example_branch_operator_decorator.py
[2023-09-23T09:38:59.194-0400] {processor.py:829} INFO - Processing file /home/beau/airflow/py_env/lib/python3.10/site-packages/airflow/example_dags/example_branch_operator_decorator.py for tasks to queue
[2023-09-23T09:38:59.195-0400] {logging_mixin.py:151} INFO - [2023-09-23T09:38:59.195-0400] {dagbag.py:539} INFO - Filling up the DagBag from /home/beau/airflow/py_env/lib/python3.10/site-packages/airflow/example_dags/example_branch_operator_decorator.py
[2023-09-23T09:38:59.208-0400] {processor.py:839} INFO - DAG(s) dict_keys(['example_branch_python_operator_decorator']) retrieved from /home/beau/airflow/py_env/lib/python3.10/site-packages/airflow/example_dags/example_branch_operator_decorator.py
[2023-09-23T09:38:59.226-0400] {logging_mixin.py:151} INFO - [2023-09-23T09:38:59.226-0400] {dag.py:2915} INFO - Sync 1 DAGs
[2023-09-23T09:38:59.240-0400] {logging_mixin.py:151} INFO - [2023-09-23T09:38:59.240-0400] {dag.py:3696} INFO - Setting next_dagrun for example_branch_python_operator_decorator to 2023-09-22T00:00:00+00:00, run_after=2023-09-23T00:00:00+00:00
[2023-09-23T09:38:59.262-0400] {processor.py:179} INFO - Processing /home/beau/airflow/py_env/lib/python3.10/site-packages/airflow/example_dags/example_branch_operator_decorator.py took 0.076 seconds
[2023-09-23T09:39:49.640-0400] {processor.py:157} INFO - Started process (PID=3150) to work on /home/beau/airflow/py_env/lib/python3.10/site-packages/airflow/example_dags/example_branch_operator_decorator.py
[2023-09-23T09:39:49.642-0400] {processor.py:829} INFO - Processing file /home/beau/airflow/py_env/lib/python3.10/site-packages/airflow/example_dags/example_branch_operator_decorator.py for tasks to queue
[2023-09-23T09:39:49.643-0400] {logging_mixin.py:151} INFO - [2023-09-23T09:39:49.642-0400] {dagbag.py:539} INFO - Filling up the DagBag from /home/beau/airflow/py_env/lib/python3.10/site-packages/airflow/example_dags/example_branch_operator_decorator.py
[2023-09-23T09:39:49.654-0400] {processor.py:839} INFO - DAG(s) dict_keys(['example_branch_python_operator_decorator']) retrieved from /home/beau/airflow/py_env/lib/python3.10/site-packages/airflow/example_dags/example_branch_operator_decorator.py
[2023-09-23T09:39:49.671-0400] {logging_mixin.py:151} INFO - [2023-09-23T09:39:49.671-0400] {dag.py:2915} INFO - Sync 1 DAGs
[2023-09-23T09:39:49.689-0400] {logging_mixin.py:151} INFO - [2023-09-23T09:39:49.688-0400] {dag.py:3696} INFO - Setting next_dagrun for example_branch_python_operator_decorator to 2023-09-22T00:00:00+00:00, run_after=2023-09-23T00:00:00+00:00
[2023-09-23T09:39:49.710-0400] {processor.py:179} INFO - Processing /home/beau/airflow/py_env/lib/python3.10/site-packages/airflow/example_dags/example_branch_operator_decorator.py took 0.074 seconds
