[2023-09-23T09:06:23.744-0400] {processor.py:157} INFO - Started process (PID=11393) to work on /home/beau/airflow/py_env/lib/python3.10/site-packages/airflow/example_dags/example_params_ui_tutorial.py
[2023-09-23T09:06:23.745-0400] {processor.py:829} INFO - Processing file /home/beau/airflow/py_env/lib/python3.10/site-packages/airflow/example_dags/example_params_ui_tutorial.py for tasks to queue
[2023-09-23T09:06:23.747-0400] {logging_mixin.py:151} INFO - [2023-09-23T09:06:23.746-0400] {dagbag.py:539} INFO - Filling up the DagBag from /home/beau/airflow/py_env/lib/python3.10/site-packages/airflow/example_dags/example_params_ui_tutorial.py
[2023-09-23T09:06:23.784-0400] {processor.py:839} INFO - DAG(s) dict_keys(['example_params_ui_tutorial']) retrieved from /home/beau/airflow/py_env/lib/python3.10/site-packages/airflow/example_dags/example_params_ui_tutorial.py
[2023-09-23T09:06:23.892-0400] {logging_mixin.py:151} INFO - [2023-09-23T09:06:23.892-0400] {manager.py:499} INFO - Created Permission View: %s
[2023-09-23T09:06:23.907-0400] {logging_mixin.py:151} INFO - [2023-09-23T09:06:23.907-0400] {manager.py:499} INFO - Created Permission View: %s
[2023-09-23T09:06:23.918-0400] {logging_mixin.py:151} INFO - [2023-09-23T09:06:23.918-0400] {manager.py:499} INFO - Created Permission View: %s
[2023-09-23T09:06:23.918-0400] {logging_mixin.py:151} INFO - [2023-09-23T09:06:23.918-0400] {security.py:708} INFO - Not syncing DAG-level permissions for DAG 'DAG:example_params_ui_tutorial' as access control is unset.
[2023-09-23T09:06:23.919-0400] {logging_mixin.py:151} INFO - [2023-09-23T09:06:23.918-0400] {dag.py:2915} INFO - Sync 1 DAGs
[2023-09-23T09:06:23.927-0400] {logging_mixin.py:151} INFO - [2023-09-23T09:06:23.927-0400] {dag.py:2937} INFO - Creating ORM DAG for example_params_ui_tutorial
[2023-09-23T09:06:23.928-0400] {logging_mixin.py:151} INFO - [2023-09-23T09:06:23.928-0400] {dag.py:3696} INFO - Setting next_dagrun for example_params_ui_tutorial to None, run_after=None
[2023-09-23T09:06:23.950-0400] {processor.py:179} INFO - Processing /home/beau/airflow/py_env/lib/python3.10/site-packages/airflow/example_dags/example_params_ui_tutorial.py took 0.211 seconds
[2023-09-23T09:07:14.057-0400] {processor.py:157} INFO - Started process (PID=11894) to work on /home/beau/airflow/py_env/lib/python3.10/site-packages/airflow/example_dags/example_params_ui_tutorial.py
[2023-09-23T09:07:14.061-0400] {processor.py:829} INFO - Processing file /home/beau/airflow/py_env/lib/python3.10/site-packages/airflow/example_dags/example_params_ui_tutorial.py for tasks to queue
[2023-09-23T09:07:14.062-0400] {logging_mixin.py:151} INFO - [2023-09-23T09:07:14.061-0400] {dagbag.py:539} INFO - Filling up the DagBag from /home/beau/airflow/py_env/lib/python3.10/site-packages/airflow/example_dags/example_params_ui_tutorial.py
[2023-09-23T09:07:14.091-0400] {processor.py:839} INFO - DAG(s) dict_keys(['example_params_ui_tutorial']) retrieved from /home/beau/airflow/py_env/lib/python3.10/site-packages/airflow/example_dags/example_params_ui_tutorial.py
[2023-09-23T09:07:14.137-0400] {logging_mixin.py:151} INFO - [2023-09-23T09:07:14.136-0400] {dag.py:2915} INFO - Sync 1 DAGs
[2023-09-23T09:07:14.146-0400] {logging_mixin.py:151} INFO - [2023-09-23T09:07:14.146-0400] {dag.py:3696} INFO - Setting next_dagrun for example_params_ui_tutorial to None, run_after=None
[2023-09-23T09:07:14.176-0400] {processor.py:179} INFO - Processing /home/beau/airflow/py_env/lib/python3.10/site-packages/airflow/example_dags/example_params_ui_tutorial.py took 0.122 seconds
[2023-09-23T09:08:00.779-0400] {processor.py:157} INFO - Started process (PID=12078) to work on /home/beau/airflow/py_env/lib/python3.10/site-packages/airflow/example_dags/example_params_ui_tutorial.py
[2023-09-23T09:08:00.782-0400] {processor.py:829} INFO - Processing file /home/beau/airflow/py_env/lib/python3.10/site-packages/airflow/example_dags/example_params_ui_tutorial.py for tasks to queue
[2023-09-23T09:08:00.783-0400] {logging_mixin.py:151} INFO - [2023-09-23T09:08:00.783-0400] {dagbag.py:539} INFO - Filling up the DagBag from /home/beau/airflow/py_env/lib/python3.10/site-packages/airflow/example_dags/example_params_ui_tutorial.py
[2023-09-23T09:08:00.805-0400] {processor.py:839} INFO - DAG(s) dict_keys(['example_params_ui_tutorial']) retrieved from /home/beau/airflow/py_env/lib/python3.10/site-packages/airflow/example_dags/example_params_ui_tutorial.py
[2023-09-23T09:08:00.839-0400] {logging_mixin.py:151} INFO - [2023-09-23T09:08:00.839-0400] {dag.py:2915} INFO - Sync 1 DAGs
[2023-09-23T09:08:00.847-0400] {logging_mixin.py:151} INFO - [2023-09-23T09:08:00.847-0400] {dag.py:3696} INFO - Setting next_dagrun for example_params_ui_tutorial to None, run_after=None
[2023-09-23T09:08:00.872-0400] {processor.py:179} INFO - Processing /home/beau/airflow/py_env/lib/python3.10/site-packages/airflow/example_dags/example_params_ui_tutorial.py took 0.096 seconds
[2023-09-23T09:08:52.019-0400] {processor.py:157} INFO - Started process (PID=12548) to work on /home/beau/airflow/py_env/lib/python3.10/site-packages/airflow/example_dags/example_params_ui_tutorial.py
[2023-09-23T09:08:52.021-0400] {processor.py:829} INFO - Processing file /home/beau/airflow/py_env/lib/python3.10/site-packages/airflow/example_dags/example_params_ui_tutorial.py for tasks to queue
[2023-09-23T09:08:52.022-0400] {logging_mixin.py:151} INFO - [2023-09-23T09:08:52.021-0400] {dagbag.py:539} INFO - Filling up the DagBag from /home/beau/airflow/py_env/lib/python3.10/site-packages/airflow/example_dags/example_params_ui_tutorial.py
[2023-09-23T09:08:52.053-0400] {processor.py:839} INFO - DAG(s) dict_keys(['example_params_ui_tutorial']) retrieved from /home/beau/airflow/py_env/lib/python3.10/site-packages/airflow/example_dags/example_params_ui_tutorial.py
[2023-09-23T09:08:52.100-0400] {logging_mixin.py:151} INFO - [2023-09-23T09:08:52.100-0400] {dag.py:2915} INFO - Sync 1 DAGs
[2023-09-23T09:08:52.110-0400] {logging_mixin.py:151} INFO - [2023-09-23T09:08:52.110-0400] {dag.py:3696} INFO - Setting next_dagrun for example_params_ui_tutorial to None, run_after=None
[2023-09-23T09:08:52.137-0400] {processor.py:179} INFO - Processing /home/beau/airflow/py_env/lib/python3.10/site-packages/airflow/example_dags/example_params_ui_tutorial.py took 0.122 seconds
[2023-09-23T09:09:40.193-0400] {processor.py:157} INFO - Started process (PID=12829) to work on /home/beau/airflow/py_env/lib/python3.10/site-packages/airflow/example_dags/example_params_ui_tutorial.py
[2023-09-23T09:09:40.195-0400] {processor.py:829} INFO - Processing file /home/beau/airflow/py_env/lib/python3.10/site-packages/airflow/example_dags/example_params_ui_tutorial.py for tasks to queue
[2023-09-23T09:09:40.196-0400] {logging_mixin.py:151} INFO - [2023-09-23T09:09:40.195-0400] {dagbag.py:539} INFO - Filling up the DagBag from /home/beau/airflow/py_env/lib/python3.10/site-packages/airflow/example_dags/example_params_ui_tutorial.py
[2023-09-23T09:09:40.233-0400] {processor.py:839} INFO - DAG(s) dict_keys(['example_params_ui_tutorial']) retrieved from /home/beau/airflow/py_env/lib/python3.10/site-packages/airflow/example_dags/example_params_ui_tutorial.py
[2023-09-23T09:09:40.302-0400] {logging_mixin.py:151} INFO - [2023-09-23T09:09:40.302-0400] {dag.py:2915} INFO - Sync 1 DAGs
[2023-09-23T09:09:40.324-0400] {logging_mixin.py:151} INFO - [2023-09-23T09:09:40.324-0400] {dag.py:3696} INFO - Setting next_dagrun for example_params_ui_tutorial to None, run_after=None
[2023-09-23T09:09:40.354-0400] {processor.py:179} INFO - Processing /home/beau/airflow/py_env/lib/python3.10/site-packages/airflow/example_dags/example_params_ui_tutorial.py took 0.165 seconds
[2023-09-23T09:10:27.110-0400] {processor.py:157} INFO - Started process (PID=13069) to work on /home/beau/airflow/py_env/lib/python3.10/site-packages/airflow/example_dags/example_params_ui_tutorial.py
[2023-09-23T09:10:27.114-0400] {processor.py:829} INFO - Processing file /home/beau/airflow/py_env/lib/python3.10/site-packages/airflow/example_dags/example_params_ui_tutorial.py for tasks to queue
[2023-09-23T09:10:27.116-0400] {logging_mixin.py:151} INFO - [2023-09-23T09:10:27.115-0400] {dagbag.py:539} INFO - Filling up the DagBag from /home/beau/airflow/py_env/lib/python3.10/site-packages/airflow/example_dags/example_params_ui_tutorial.py
[2023-09-23T09:10:27.145-0400] {processor.py:839} INFO - DAG(s) dict_keys(['example_params_ui_tutorial']) retrieved from /home/beau/airflow/py_env/lib/python3.10/site-packages/airflow/example_dags/example_params_ui_tutorial.py
[2023-09-23T09:10:27.194-0400] {logging_mixin.py:151} INFO - [2023-09-23T09:10:27.194-0400] {dag.py:2915} INFO - Sync 1 DAGs
[2023-09-23T09:10:27.205-0400] {logging_mixin.py:151} INFO - [2023-09-23T09:10:27.205-0400] {dag.py:3696} INFO - Setting next_dagrun for example_params_ui_tutorial to None, run_after=None
[2023-09-23T09:10:27.230-0400] {processor.py:179} INFO - Processing /home/beau/airflow/py_env/lib/python3.10/site-packages/airflow/example_dags/example_params_ui_tutorial.py took 0.127 seconds
[2023-09-23T09:11:17.378-0400] {processor.py:157} INFO - Started process (PID=13536) to work on /home/beau/airflow/py_env/lib/python3.10/site-packages/airflow/example_dags/example_params_ui_tutorial.py
[2023-09-23T09:11:17.381-0400] {processor.py:829} INFO - Processing file /home/beau/airflow/py_env/lib/python3.10/site-packages/airflow/example_dags/example_params_ui_tutorial.py for tasks to queue
[2023-09-23T09:11:17.382-0400] {logging_mixin.py:151} INFO - [2023-09-23T09:11:17.382-0400] {dagbag.py:539} INFO - Filling up the DagBag from /home/beau/airflow/py_env/lib/python3.10/site-packages/airflow/example_dags/example_params_ui_tutorial.py
[2023-09-23T09:11:17.411-0400] {processor.py:839} INFO - DAG(s) dict_keys(['example_params_ui_tutorial']) retrieved from /home/beau/airflow/py_env/lib/python3.10/site-packages/airflow/example_dags/example_params_ui_tutorial.py
[2023-09-23T09:11:17.447-0400] {logging_mixin.py:151} INFO - [2023-09-23T09:11:17.446-0400] {dag.py:2915} INFO - Sync 1 DAGs
[2023-09-23T09:11:17.457-0400] {logging_mixin.py:151} INFO - [2023-09-23T09:11:17.457-0400] {dag.py:3696} INFO - Setting next_dagrun for example_params_ui_tutorial to None, run_after=None
[2023-09-23T09:11:17.484-0400] {processor.py:179} INFO - Processing /home/beau/airflow/py_env/lib/python3.10/site-packages/airflow/example_dags/example_params_ui_tutorial.py took 0.111 seconds
[2023-09-23T09:12:05.628-0400] {processor.py:157} INFO - Started process (PID=13802) to work on /home/beau/airflow/py_env/lib/python3.10/site-packages/airflow/example_dags/example_params_ui_tutorial.py
[2023-09-23T09:12:05.631-0400] {processor.py:829} INFO - Processing file /home/beau/airflow/py_env/lib/python3.10/site-packages/airflow/example_dags/example_params_ui_tutorial.py for tasks to queue
[2023-09-23T09:12:05.633-0400] {logging_mixin.py:151} INFO - [2023-09-23T09:12:05.632-0400] {dagbag.py:539} INFO - Filling up the DagBag from /home/beau/airflow/py_env/lib/python3.10/site-packages/airflow/example_dags/example_params_ui_tutorial.py
[2023-09-23T09:12:05.659-0400] {processor.py:839} INFO - DAG(s) dict_keys(['example_params_ui_tutorial']) retrieved from /home/beau/airflow/py_env/lib/python3.10/site-packages/airflow/example_dags/example_params_ui_tutorial.py
[2023-09-23T09:12:05.698-0400] {logging_mixin.py:151} INFO - [2023-09-23T09:12:05.697-0400] {dag.py:2915} INFO - Sync 1 DAGs
[2023-09-23T09:12:05.707-0400] {logging_mixin.py:151} INFO - [2023-09-23T09:12:05.707-0400] {dag.py:3696} INFO - Setting next_dagrun for example_params_ui_tutorial to None, run_after=None
[2023-09-23T09:12:05.733-0400] {processor.py:179} INFO - Processing /home/beau/airflow/py_env/lib/python3.10/site-packages/airflow/example_dags/example_params_ui_tutorial.py took 0.108 seconds
[2023-09-23T09:12:55.575-0400] {processor.py:157} INFO - Started process (PID=14304) to work on /home/beau/airflow/py_env/lib/python3.10/site-packages/airflow/example_dags/example_params_ui_tutorial.py
[2023-09-23T09:12:55.576-0400] {processor.py:829} INFO - Processing file /home/beau/airflow/py_env/lib/python3.10/site-packages/airflow/example_dags/example_params_ui_tutorial.py for tasks to queue
[2023-09-23T09:12:55.577-0400] {logging_mixin.py:151} INFO - [2023-09-23T09:12:55.577-0400] {dagbag.py:539} INFO - Filling up the DagBag from /home/beau/airflow/py_env/lib/python3.10/site-packages/airflow/example_dags/example_params_ui_tutorial.py
[2023-09-23T09:12:55.604-0400] {processor.py:839} INFO - DAG(s) dict_keys(['example_params_ui_tutorial']) retrieved from /home/beau/airflow/py_env/lib/python3.10/site-packages/airflow/example_dags/example_params_ui_tutorial.py
[2023-09-23T09:12:55.646-0400] {logging_mixin.py:151} INFO - [2023-09-23T09:12:55.646-0400] {dag.py:2915} INFO - Sync 1 DAGs
[2023-09-23T09:12:55.661-0400] {logging_mixin.py:151} INFO - [2023-09-23T09:12:55.661-0400] {dag.py:3696} INFO - Setting next_dagrun for example_params_ui_tutorial to None, run_after=None
[2023-09-23T09:12:55.699-0400] {processor.py:179} INFO - Processing /home/beau/airflow/py_env/lib/python3.10/site-packages/airflow/example_dags/example_params_ui_tutorial.py took 0.127 seconds
[2023-09-23T09:13:45.788-0400] {processor.py:157} INFO - Started process (PID=14843) to work on /home/beau/airflow/py_env/lib/python3.10/site-packages/airflow/example_dags/example_params_ui_tutorial.py
[2023-09-23T09:13:45.791-0400] {processor.py:829} INFO - Processing file /home/beau/airflow/py_env/lib/python3.10/site-packages/airflow/example_dags/example_params_ui_tutorial.py for tasks to queue
[2023-09-23T09:13:45.793-0400] {logging_mixin.py:151} INFO - [2023-09-23T09:13:45.792-0400] {dagbag.py:539} INFO - Filling up the DagBag from /home/beau/airflow/py_env/lib/python3.10/site-packages/airflow/example_dags/example_params_ui_tutorial.py
[2023-09-23T09:13:45.822-0400] {processor.py:839} INFO - DAG(s) dict_keys(['example_params_ui_tutorial']) retrieved from /home/beau/airflow/py_env/lib/python3.10/site-packages/airflow/example_dags/example_params_ui_tutorial.py
[2023-09-23T09:13:45.855-0400] {logging_mixin.py:151} INFO - [2023-09-23T09:13:45.855-0400] {dag.py:2915} INFO - Sync 1 DAGs
[2023-09-23T09:13:45.865-0400] {logging_mixin.py:151} INFO - [2023-09-23T09:13:45.865-0400] {dag.py:3696} INFO - Setting next_dagrun for example_params_ui_tutorial to None, run_after=None
[2023-09-23T09:13:45.900-0400] {processor.py:179} INFO - Processing /home/beau/airflow/py_env/lib/python3.10/site-packages/airflow/example_dags/example_params_ui_tutorial.py took 0.119 seconds
[2023-09-23T09:14:32.001-0400] {processor.py:157} INFO - Started process (PID=15208) to work on /home/beau/airflow/py_env/lib/python3.10/site-packages/airflow/example_dags/example_params_ui_tutorial.py
[2023-09-23T09:14:32.005-0400] {processor.py:829} INFO - Processing file /home/beau/airflow/py_env/lib/python3.10/site-packages/airflow/example_dags/example_params_ui_tutorial.py for tasks to queue
[2023-09-23T09:14:32.006-0400] {logging_mixin.py:151} INFO - [2023-09-23T09:14:32.005-0400] {dagbag.py:539} INFO - Filling up the DagBag from /home/beau/airflow/py_env/lib/python3.10/site-packages/airflow/example_dags/example_params_ui_tutorial.py
[2023-09-23T09:14:32.039-0400] {processor.py:839} INFO - DAG(s) dict_keys(['example_params_ui_tutorial']) retrieved from /home/beau/airflow/py_env/lib/python3.10/site-packages/airflow/example_dags/example_params_ui_tutorial.py
[2023-09-23T09:14:32.073-0400] {logging_mixin.py:151} INFO - [2023-09-23T09:14:32.073-0400] {dag.py:2915} INFO - Sync 1 DAGs
[2023-09-23T09:14:32.082-0400] {logging_mixin.py:151} INFO - [2023-09-23T09:14:32.081-0400] {dag.py:3696} INFO - Setting next_dagrun for example_params_ui_tutorial to None, run_after=None
[2023-09-23T09:14:32.108-0400] {processor.py:179} INFO - Processing /home/beau/airflow/py_env/lib/python3.10/site-packages/airflow/example_dags/example_params_ui_tutorial.py took 0.112 seconds
[2023-09-23T09:15:09.892-0400] {processor.py:157} INFO - Started process (PID=15413) to work on /home/beau/airflow/py_env/lib/python3.10/site-packages/airflow/example_dags/example_params_ui_tutorial.py
[2023-09-23T09:15:09.893-0400] {processor.py:829} INFO - Processing file /home/beau/airflow/py_env/lib/python3.10/site-packages/airflow/example_dags/example_params_ui_tutorial.py for tasks to queue
[2023-09-23T09:15:09.894-0400] {logging_mixin.py:151} INFO - [2023-09-23T09:15:09.894-0400] {dagbag.py:539} INFO - Filling up the DagBag from /home/beau/airflow/py_env/lib/python3.10/site-packages/airflow/example_dags/example_params_ui_tutorial.py
[2023-09-23T09:15:09.940-0400] {processor.py:839} INFO - DAG(s) dict_keys(['example_params_ui_tutorial']) retrieved from /home/beau/airflow/py_env/lib/python3.10/site-packages/airflow/example_dags/example_params_ui_tutorial.py
[2023-09-23T09:15:09.992-0400] {logging_mixin.py:151} INFO - [2023-09-23T09:15:09.991-0400] {dag.py:2915} INFO - Sync 1 DAGs
[2023-09-23T09:15:10.006-0400] {logging_mixin.py:151} INFO - [2023-09-23T09:15:10.006-0400] {dag.py:3696} INFO - Setting next_dagrun for example_params_ui_tutorial to None, run_after=None
[2023-09-23T09:15:10.034-0400] {processor.py:179} INFO - Processing /home/beau/airflow/py_env/lib/python3.10/site-packages/airflow/example_dags/example_params_ui_tutorial.py took 0.146 seconds
[2023-09-23T09:17:26.043-0400] {processor.py:157} INFO - Started process (PID=16821) to work on /home/beau/airflow/py_env/lib/python3.10/site-packages/airflow/example_dags/example_params_ui_tutorial.py
[2023-09-23T09:17:26.046-0400] {processor.py:829} INFO - Processing file /home/beau/airflow/py_env/lib/python3.10/site-packages/airflow/example_dags/example_params_ui_tutorial.py for tasks to queue
[2023-09-23T09:17:26.047-0400] {logging_mixin.py:151} INFO - [2023-09-23T09:17:26.046-0400] {dagbag.py:539} INFO - Filling up the DagBag from /home/beau/airflow/py_env/lib/python3.10/site-packages/airflow/example_dags/example_params_ui_tutorial.py
[2023-09-23T09:17:26.080-0400] {processor.py:839} INFO - DAG(s) dict_keys(['example_params_ui_tutorial']) retrieved from /home/beau/airflow/py_env/lib/python3.10/site-packages/airflow/example_dags/example_params_ui_tutorial.py
[2023-09-23T09:17:26.088-0400] {logging_mixin.py:151} INFO - [2023-09-23T09:17:26.088-0400] {dag.py:2915} INFO - Sync 1 DAGs
[2023-09-23T09:17:26.102-0400] {logging_mixin.py:151} INFO - [2023-09-23T09:17:26.102-0400] {dag.py:3696} INFO - Setting next_dagrun for example_params_ui_tutorial to None, run_after=None
[2023-09-23T09:17:26.128-0400] {processor.py:179} INFO - Processing /home/beau/airflow/py_env/lib/python3.10/site-packages/airflow/example_dags/example_params_ui_tutorial.py took 0.089 seconds
[2023-09-23T09:18:12.684-0400] {processor.py:157} INFO - Started process (PID=17037) to work on /home/beau/airflow/py_env/lib/python3.10/site-packages/airflow/example_dags/example_params_ui_tutorial.py
[2023-09-23T09:18:12.687-0400] {processor.py:829} INFO - Processing file /home/beau/airflow/py_env/lib/python3.10/site-packages/airflow/example_dags/example_params_ui_tutorial.py for tasks to queue
[2023-09-23T09:18:12.688-0400] {logging_mixin.py:151} INFO - [2023-09-23T09:18:12.688-0400] {dagbag.py:539} INFO - Filling up the DagBag from /home/beau/airflow/py_env/lib/python3.10/site-packages/airflow/example_dags/example_params_ui_tutorial.py
[2023-09-23T09:18:12.711-0400] {processor.py:839} INFO - DAG(s) dict_keys(['example_params_ui_tutorial']) retrieved from /home/beau/airflow/py_env/lib/python3.10/site-packages/airflow/example_dags/example_params_ui_tutorial.py
[2023-09-23T09:18:12.745-0400] {logging_mixin.py:151} INFO - [2023-09-23T09:18:12.745-0400] {dag.py:2915} INFO - Sync 1 DAGs
[2023-09-23T09:18:12.756-0400] {logging_mixin.py:151} INFO - [2023-09-23T09:18:12.756-0400] {dag.py:3696} INFO - Setting next_dagrun for example_params_ui_tutorial to None, run_after=None
[2023-09-23T09:18:12.781-0400] {processor.py:179} INFO - Processing /home/beau/airflow/py_env/lib/python3.10/site-packages/airflow/example_dags/example_params_ui_tutorial.py took 0.099 seconds
[2023-09-23T09:19:00.670-0400] {processor.py:157} INFO - Started process (PID=17272) to work on /home/beau/airflow/py_env/lib/python3.10/site-packages/airflow/example_dags/example_params_ui_tutorial.py
[2023-09-23T09:19:00.675-0400] {processor.py:829} INFO - Processing file /home/beau/airflow/py_env/lib/python3.10/site-packages/airflow/example_dags/example_params_ui_tutorial.py for tasks to queue
[2023-09-23T09:19:00.676-0400] {logging_mixin.py:151} INFO - [2023-09-23T09:19:00.675-0400] {dagbag.py:539} INFO - Filling up the DagBag from /home/beau/airflow/py_env/lib/python3.10/site-packages/airflow/example_dags/example_params_ui_tutorial.py
[2023-09-23T09:19:00.703-0400] {processor.py:839} INFO - DAG(s) dict_keys(['example_params_ui_tutorial']) retrieved from /home/beau/airflow/py_env/lib/python3.10/site-packages/airflow/example_dags/example_params_ui_tutorial.py
[2023-09-23T09:19:00.737-0400] {logging_mixin.py:151} INFO - [2023-09-23T09:19:00.737-0400] {dag.py:2915} INFO - Sync 1 DAGs
[2023-09-23T09:19:00.745-0400] {logging_mixin.py:151} INFO - [2023-09-23T09:19:00.745-0400] {dag.py:3696} INFO - Setting next_dagrun for example_params_ui_tutorial to None, run_after=None
[2023-09-23T09:19:00.771-0400] {processor.py:179} INFO - Processing /home/beau/airflow/py_env/lib/python3.10/site-packages/airflow/example_dags/example_params_ui_tutorial.py took 0.105 seconds
[2023-09-23T09:19:53.548-0400] {processor.py:157} INFO - Started process (PID=17566) to work on /home/beau/airflow/py_env/lib/python3.10/site-packages/airflow/example_dags/example_params_ui_tutorial.py
[2023-09-23T09:19:53.552-0400] {processor.py:829} INFO - Processing file /home/beau/airflow/py_env/lib/python3.10/site-packages/airflow/example_dags/example_params_ui_tutorial.py for tasks to queue
[2023-09-23T09:19:53.554-0400] {logging_mixin.py:151} INFO - [2023-09-23T09:19:53.553-0400] {dagbag.py:539} INFO - Filling up the DagBag from /home/beau/airflow/py_env/lib/python3.10/site-packages/airflow/example_dags/example_params_ui_tutorial.py
[2023-09-23T09:19:53.591-0400] {processor.py:839} INFO - DAG(s) dict_keys(['example_params_ui_tutorial']) retrieved from /home/beau/airflow/py_env/lib/python3.10/site-packages/airflow/example_dags/example_params_ui_tutorial.py
[2023-09-23T09:19:53.628-0400] {logging_mixin.py:151} INFO - [2023-09-23T09:19:53.627-0400] {dag.py:2915} INFO - Sync 1 DAGs
[2023-09-23T09:19:53.641-0400] {logging_mixin.py:151} INFO - [2023-09-23T09:19:53.641-0400] {dag.py:3696} INFO - Setting next_dagrun for example_params_ui_tutorial to None, run_after=None
[2023-09-23T09:19:53.665-0400] {processor.py:179} INFO - Processing /home/beau/airflow/py_env/lib/python3.10/site-packages/airflow/example_dags/example_params_ui_tutorial.py took 0.122 seconds
[2023-09-23T09:20:49.545-0400] {processor.py:157} INFO - Started process (PID=17859) to work on /home/beau/airflow/py_env/lib/python3.10/site-packages/airflow/example_dags/example_params_ui_tutorial.py
[2023-09-23T09:20:49.549-0400] {processor.py:829} INFO - Processing file /home/beau/airflow/py_env/lib/python3.10/site-packages/airflow/example_dags/example_params_ui_tutorial.py for tasks to queue
[2023-09-23T09:20:49.551-0400] {logging_mixin.py:151} INFO - [2023-09-23T09:20:49.550-0400] {dagbag.py:539} INFO - Filling up the DagBag from /home/beau/airflow/py_env/lib/python3.10/site-packages/airflow/example_dags/example_params_ui_tutorial.py
[2023-09-23T09:20:49.595-0400] {processor.py:839} INFO - DAG(s) dict_keys(['example_params_ui_tutorial']) retrieved from /home/beau/airflow/py_env/lib/python3.10/site-packages/airflow/example_dags/example_params_ui_tutorial.py
[2023-09-23T09:20:49.637-0400] {logging_mixin.py:151} INFO - [2023-09-23T09:20:49.636-0400] {dag.py:2915} INFO - Sync 1 DAGs
[2023-09-23T09:20:49.646-0400] {logging_mixin.py:151} INFO - [2023-09-23T09:20:49.646-0400] {dag.py:3696} INFO - Setting next_dagrun for example_params_ui_tutorial to None, run_after=None
[2023-09-23T09:20:49.673-0400] {processor.py:179} INFO - Processing /home/beau/airflow/py_env/lib/python3.10/site-packages/airflow/example_dags/example_params_ui_tutorial.py took 0.133 seconds
[2023-09-23T09:21:28.663-0400] {processor.py:157} INFO - Started process (PID=18093) to work on /home/beau/airflow/py_env/lib/python3.10/site-packages/airflow/example_dags/example_params_ui_tutorial.py
[2023-09-23T09:21:28.668-0400] {processor.py:829} INFO - Processing file /home/beau/airflow/py_env/lib/python3.10/site-packages/airflow/example_dags/example_params_ui_tutorial.py for tasks to queue
[2023-09-23T09:21:28.669-0400] {logging_mixin.py:151} INFO - [2023-09-23T09:21:28.669-0400] {dagbag.py:539} INFO - Filling up the DagBag from /home/beau/airflow/py_env/lib/python3.10/site-packages/airflow/example_dags/example_params_ui_tutorial.py
[2023-09-23T09:21:28.699-0400] {processor.py:839} INFO - DAG(s) dict_keys(['example_params_ui_tutorial']) retrieved from /home/beau/airflow/py_env/lib/python3.10/site-packages/airflow/example_dags/example_params_ui_tutorial.py
[2023-09-23T09:21:28.737-0400] {logging_mixin.py:151} INFO - [2023-09-23T09:21:28.737-0400] {dag.py:2915} INFO - Sync 1 DAGs
[2023-09-23T09:21:28.748-0400] {logging_mixin.py:151} INFO - [2023-09-23T09:21:28.748-0400] {dag.py:3696} INFO - Setting next_dagrun for example_params_ui_tutorial to None, run_after=None
[2023-09-23T09:21:28.776-0400] {processor.py:179} INFO - Processing /home/beau/airflow/py_env/lib/python3.10/site-packages/airflow/example_dags/example_params_ui_tutorial.py took 0.118 seconds
[2023-09-23T09:23:44.089-0400] {processor.py:157} INFO - Started process (PID=19304) to work on /home/beau/airflow/py_env/lib/python3.10/site-packages/airflow/example_dags/example_params_ui_tutorial.py
[2023-09-23T09:23:44.092-0400] {processor.py:829} INFO - Processing file /home/beau/airflow/py_env/lib/python3.10/site-packages/airflow/example_dags/example_params_ui_tutorial.py for tasks to queue
[2023-09-23T09:23:44.093-0400] {logging_mixin.py:151} INFO - [2023-09-23T09:23:44.093-0400] {dagbag.py:539} INFO - Filling up the DagBag from /home/beau/airflow/py_env/lib/python3.10/site-packages/airflow/example_dags/example_params_ui_tutorial.py
[2023-09-23T09:23:44.137-0400] {processor.py:839} INFO - DAG(s) dict_keys(['example_params_ui_tutorial']) retrieved from /home/beau/airflow/py_env/lib/python3.10/site-packages/airflow/example_dags/example_params_ui_tutorial.py
[2023-09-23T09:23:44.144-0400] {logging_mixin.py:151} INFO - [2023-09-23T09:23:44.144-0400] {dag.py:2915} INFO - Sync 1 DAGs
[2023-09-23T09:23:44.156-0400] {logging_mixin.py:151} INFO - [2023-09-23T09:23:44.156-0400] {dag.py:3696} INFO - Setting next_dagrun for example_params_ui_tutorial to None, run_after=None
[2023-09-23T09:23:44.183-0400] {processor.py:179} INFO - Processing /home/beau/airflow/py_env/lib/python3.10/site-packages/airflow/example_dags/example_params_ui_tutorial.py took 0.098 seconds
[2023-09-23T09:24:30.895-0400] {processor.py:157} INFO - Started process (PID=19532) to work on /home/beau/airflow/py_env/lib/python3.10/site-packages/airflow/example_dags/example_params_ui_tutorial.py
[2023-09-23T09:24:30.900-0400] {processor.py:829} INFO - Processing file /home/beau/airflow/py_env/lib/python3.10/site-packages/airflow/example_dags/example_params_ui_tutorial.py for tasks to queue
[2023-09-23T09:24:30.903-0400] {logging_mixin.py:151} INFO - [2023-09-23T09:24:30.902-0400] {dagbag.py:539} INFO - Filling up the DagBag from /home/beau/airflow/py_env/lib/python3.10/site-packages/airflow/example_dags/example_params_ui_tutorial.py
[2023-09-23T09:24:30.937-0400] {processor.py:839} INFO - DAG(s) dict_keys(['example_params_ui_tutorial']) retrieved from /home/beau/airflow/py_env/lib/python3.10/site-packages/airflow/example_dags/example_params_ui_tutorial.py
[2023-09-23T09:24:30.974-0400] {logging_mixin.py:151} INFO - [2023-09-23T09:24:30.974-0400] {dag.py:2915} INFO - Sync 1 DAGs
[2023-09-23T09:24:30.983-0400] {logging_mixin.py:151} INFO - [2023-09-23T09:24:30.983-0400] {dag.py:3696} INFO - Setting next_dagrun for example_params_ui_tutorial to None, run_after=None
[2023-09-23T09:24:31.009-0400] {processor.py:179} INFO - Processing /home/beau/airflow/py_env/lib/python3.10/site-packages/airflow/example_dags/example_params_ui_tutorial.py took 0.122 seconds
[2023-09-23T09:25:18.746-0400] {processor.py:157} INFO - Started process (PID=19784) to work on /home/beau/airflow/py_env/lib/python3.10/site-packages/airflow/example_dags/example_params_ui_tutorial.py
[2023-09-23T09:25:18.750-0400] {processor.py:829} INFO - Processing file /home/beau/airflow/py_env/lib/python3.10/site-packages/airflow/example_dags/example_params_ui_tutorial.py for tasks to queue
[2023-09-23T09:25:18.752-0400] {logging_mixin.py:151} INFO - [2023-09-23T09:25:18.752-0400] {dagbag.py:539} INFO - Filling up the DagBag from /home/beau/airflow/py_env/lib/python3.10/site-packages/airflow/example_dags/example_params_ui_tutorial.py
[2023-09-23T09:25:18.791-0400] {processor.py:839} INFO - DAG(s) dict_keys(['example_params_ui_tutorial']) retrieved from /home/beau/airflow/py_env/lib/python3.10/site-packages/airflow/example_dags/example_params_ui_tutorial.py
[2023-09-23T09:25:18.834-0400] {logging_mixin.py:151} INFO - [2023-09-23T09:25:18.833-0400] {dag.py:2915} INFO - Sync 1 DAGs
[2023-09-23T09:25:18.845-0400] {logging_mixin.py:151} INFO - [2023-09-23T09:25:18.845-0400] {dag.py:3696} INFO - Setting next_dagrun for example_params_ui_tutorial to None, run_after=None
[2023-09-23T09:25:18.876-0400] {processor.py:179} INFO - Processing /home/beau/airflow/py_env/lib/python3.10/site-packages/airflow/example_dags/example_params_ui_tutorial.py took 0.137 seconds
[2023-09-23T09:26:10.893-0400] {processor.py:157} INFO - Started process (PID=20088) to work on /home/beau/airflow/py_env/lib/python3.10/site-packages/airflow/example_dags/example_params_ui_tutorial.py
[2023-09-23T09:26:10.898-0400] {processor.py:829} INFO - Processing file /home/beau/airflow/py_env/lib/python3.10/site-packages/airflow/example_dags/example_params_ui_tutorial.py for tasks to queue
[2023-09-23T09:26:10.900-0400] {logging_mixin.py:151} INFO - [2023-09-23T09:26:10.899-0400] {dagbag.py:539} INFO - Filling up the DagBag from /home/beau/airflow/py_env/lib/python3.10/site-packages/airflow/example_dags/example_params_ui_tutorial.py
[2023-09-23T09:26:10.934-0400] {processor.py:839} INFO - DAG(s) dict_keys(['example_params_ui_tutorial']) retrieved from /home/beau/airflow/py_env/lib/python3.10/site-packages/airflow/example_dags/example_params_ui_tutorial.py
[2023-09-23T09:26:10.972-0400] {logging_mixin.py:151} INFO - [2023-09-23T09:26:10.972-0400] {dag.py:2915} INFO - Sync 1 DAGs
[2023-09-23T09:26:10.984-0400] {logging_mixin.py:151} INFO - [2023-09-23T09:26:10.984-0400] {dag.py:3696} INFO - Setting next_dagrun for example_params_ui_tutorial to None, run_after=None
[2023-09-23T09:26:11.016-0400] {processor.py:179} INFO - Processing /home/beau/airflow/py_env/lib/python3.10/site-packages/airflow/example_dags/example_params_ui_tutorial.py took 0.131 seconds
[2023-09-23T09:30:50.386-0400] {processor.py:157} INFO - Started process (PID=22428) to work on /home/beau/airflow/py_env/lib/python3.10/site-packages/airflow/example_dags/example_params_ui_tutorial.py
[2023-09-23T09:30:50.390-0400] {processor.py:829} INFO - Processing file /home/beau/airflow/py_env/lib/python3.10/site-packages/airflow/example_dags/example_params_ui_tutorial.py for tasks to queue
[2023-09-23T09:30:50.392-0400] {logging_mixin.py:151} INFO - [2023-09-23T09:30:50.391-0400] {dagbag.py:539} INFO - Filling up the DagBag from /home/beau/airflow/py_env/lib/python3.10/site-packages/airflow/example_dags/example_params_ui_tutorial.py
[2023-09-23T09:30:50.431-0400] {processor.py:839} INFO - DAG(s) dict_keys(['example_params_ui_tutorial']) retrieved from /home/beau/airflow/py_env/lib/python3.10/site-packages/airflow/example_dags/example_params_ui_tutorial.py
[2023-09-23T09:30:50.439-0400] {logging_mixin.py:151} INFO - [2023-09-23T09:30:50.439-0400] {dag.py:2915} INFO - Sync 1 DAGs
[2023-09-23T09:30:50.455-0400] {logging_mixin.py:151} INFO - [2023-09-23T09:30:50.455-0400] {dag.py:3696} INFO - Setting next_dagrun for example_params_ui_tutorial to None, run_after=None
[2023-09-23T09:30:50.485-0400] {processor.py:179} INFO - Processing /home/beau/airflow/py_env/lib/python3.10/site-packages/airflow/example_dags/example_params_ui_tutorial.py took 0.103 seconds
[2023-09-23T09:36:52.347-0400] {processor.py:157} INFO - Started process (PID=1040) to work on /home/beau/airflow/py_env/lib/python3.10/site-packages/airflow/example_dags/example_params_ui_tutorial.py
[2023-09-23T09:36:52.350-0400] {processor.py:829} INFO - Processing file /home/beau/airflow/py_env/lib/python3.10/site-packages/airflow/example_dags/example_params_ui_tutorial.py for tasks to queue
[2023-09-23T09:36:52.351-0400] {logging_mixin.py:151} INFO - [2023-09-23T09:36:52.351-0400] {dagbag.py:539} INFO - Filling up the DagBag from /home/beau/airflow/py_env/lib/python3.10/site-packages/airflow/example_dags/example_params_ui_tutorial.py
[2023-09-23T09:36:52.389-0400] {processor.py:839} INFO - DAG(s) dict_keys(['example_params_ui_tutorial']) retrieved from /home/beau/airflow/py_env/lib/python3.10/site-packages/airflow/example_dags/example_params_ui_tutorial.py
[2023-09-23T09:36:52.396-0400] {logging_mixin.py:151} INFO - [2023-09-23T09:36:52.396-0400] {dag.py:2915} INFO - Sync 1 DAGs
[2023-09-23T09:36:52.409-0400] {logging_mixin.py:151} INFO - [2023-09-23T09:36:52.408-0400] {dag.py:3696} INFO - Setting next_dagrun for example_params_ui_tutorial to None, run_after=None
[2023-09-23T09:36:52.441-0400] {processor.py:179} INFO - Processing /home/beau/airflow/py_env/lib/python3.10/site-packages/airflow/example_dags/example_params_ui_tutorial.py took 0.099 seconds
[2023-09-23T09:37:37.883-0400] {processor.py:157} INFO - Started process (PID=1618) to work on /home/beau/airflow/py_env/lib/python3.10/site-packages/airflow/example_dags/example_params_ui_tutorial.py
[2023-09-23T09:37:37.887-0400] {processor.py:829} INFO - Processing file /home/beau/airflow/py_env/lib/python3.10/site-packages/airflow/example_dags/example_params_ui_tutorial.py for tasks to queue
[2023-09-23T09:37:37.888-0400] {logging_mixin.py:151} INFO - [2023-09-23T09:37:37.888-0400] {dagbag.py:539} INFO - Filling up the DagBag from /home/beau/airflow/py_env/lib/python3.10/site-packages/airflow/example_dags/example_params_ui_tutorial.py
[2023-09-23T09:37:37.917-0400] {processor.py:839} INFO - DAG(s) dict_keys(['example_params_ui_tutorial']) retrieved from /home/beau/airflow/py_env/lib/python3.10/site-packages/airflow/example_dags/example_params_ui_tutorial.py
[2023-09-23T09:37:37.958-0400] {logging_mixin.py:151} INFO - [2023-09-23T09:37:37.958-0400] {dag.py:2915} INFO - Sync 1 DAGs
[2023-09-23T09:37:37.967-0400] {logging_mixin.py:151} INFO - [2023-09-23T09:37:37.967-0400] {dag.py:3696} INFO - Setting next_dagrun for example_params_ui_tutorial to None, run_after=None
[2023-09-23T09:37:37.991-0400] {processor.py:179} INFO - Processing /home/beau/airflow/py_env/lib/python3.10/site-packages/airflow/example_dags/example_params_ui_tutorial.py took 0.111 seconds
[2023-09-23T09:38:23.403-0400] {processor.py:157} INFO - Started process (PID=2195) to work on /home/beau/airflow/py_env/lib/python3.10/site-packages/airflow/example_dags/example_params_ui_tutorial.py
[2023-09-23T09:38:23.405-0400] {processor.py:829} INFO - Processing file /home/beau/airflow/py_env/lib/python3.10/site-packages/airflow/example_dags/example_params_ui_tutorial.py for tasks to queue
[2023-09-23T09:38:23.406-0400] {logging_mixin.py:151} INFO - [2023-09-23T09:38:23.406-0400] {dagbag.py:539} INFO - Filling up the DagBag from /home/beau/airflow/py_env/lib/python3.10/site-packages/airflow/example_dags/example_params_ui_tutorial.py
[2023-09-23T09:38:23.443-0400] {processor.py:839} INFO - DAG(s) dict_keys(['example_params_ui_tutorial']) retrieved from /home/beau/airflow/py_env/lib/python3.10/site-packages/airflow/example_dags/example_params_ui_tutorial.py
[2023-09-23T09:38:23.485-0400] {logging_mixin.py:151} INFO - [2023-09-23T09:38:23.485-0400] {dag.py:2915} INFO - Sync 1 DAGs
[2023-09-23T09:38:23.493-0400] {logging_mixin.py:151} INFO - [2023-09-23T09:38:23.493-0400] {dag.py:3696} INFO - Setting next_dagrun for example_params_ui_tutorial to None, run_after=None
[2023-09-23T09:38:23.515-0400] {processor.py:179} INFO - Processing /home/beau/airflow/py_env/lib/python3.10/site-packages/airflow/example_dags/example_params_ui_tutorial.py took 0.115 seconds
[2023-09-23T09:39:11.102-0400] {processor.py:157} INFO - Started process (PID=2588) to work on /home/beau/airflow/py_env/lib/python3.10/site-packages/airflow/example_dags/example_params_ui_tutorial.py
[2023-09-23T09:39:11.104-0400] {processor.py:829} INFO - Processing file /home/beau/airflow/py_env/lib/python3.10/site-packages/airflow/example_dags/example_params_ui_tutorial.py for tasks to queue
[2023-09-23T09:39:11.105-0400] {logging_mixin.py:151} INFO - [2023-09-23T09:39:11.104-0400] {dagbag.py:539} INFO - Filling up the DagBag from /home/beau/airflow/py_env/lib/python3.10/site-packages/airflow/example_dags/example_params_ui_tutorial.py
[2023-09-23T09:39:11.139-0400] {processor.py:839} INFO - DAG(s) dict_keys(['example_params_ui_tutorial']) retrieved from /home/beau/airflow/py_env/lib/python3.10/site-packages/airflow/example_dags/example_params_ui_tutorial.py
[2023-09-23T09:39:11.175-0400] {logging_mixin.py:151} INFO - [2023-09-23T09:39:11.175-0400] {dag.py:2915} INFO - Sync 1 DAGs
[2023-09-23T09:39:11.185-0400] {logging_mixin.py:151} INFO - [2023-09-23T09:39:11.185-0400] {dag.py:3696} INFO - Setting next_dagrun for example_params_ui_tutorial to None, run_after=None
[2023-09-23T09:39:11.212-0400] {processor.py:179} INFO - Processing /home/beau/airflow/py_env/lib/python3.10/site-packages/airflow/example_dags/example_params_ui_tutorial.py took 0.114 seconds
[2023-09-23T09:40:01.956-0400] {processor.py:157} INFO - Started process (PID=3378) to work on /home/beau/airflow/py_env/lib/python3.10/site-packages/airflow/example_dags/example_params_ui_tutorial.py
[2023-09-23T09:40:01.960-0400] {processor.py:829} INFO - Processing file /home/beau/airflow/py_env/lib/python3.10/site-packages/airflow/example_dags/example_params_ui_tutorial.py for tasks to queue
[2023-09-23T09:40:01.961-0400] {logging_mixin.py:151} INFO - [2023-09-23T09:40:01.961-0400] {dagbag.py:539} INFO - Filling up the DagBag from /home/beau/airflow/py_env/lib/python3.10/site-packages/airflow/example_dags/example_params_ui_tutorial.py
[2023-09-23T09:40:01.990-0400] {processor.py:839} INFO - DAG(s) dict_keys(['example_params_ui_tutorial']) retrieved from /home/beau/airflow/py_env/lib/python3.10/site-packages/airflow/example_dags/example_params_ui_tutorial.py
[2023-09-23T09:40:02.033-0400] {logging_mixin.py:151} INFO - [2023-09-23T09:40:02.033-0400] {dag.py:2915} INFO - Sync 1 DAGs
[2023-09-23T09:40:02.045-0400] {logging_mixin.py:151} INFO - [2023-09-23T09:40:02.045-0400] {dag.py:3696} INFO - Setting next_dagrun for example_params_ui_tutorial to None, run_after=None
[2023-09-23T09:40:02.067-0400] {processor.py:179} INFO - Processing /home/beau/airflow/py_env/lib/python3.10/site-packages/airflow/example_dags/example_params_ui_tutorial.py took 0.114 seconds
