[2023-09-23T09:06:14.561-0400] {processor.py:157} INFO - Started process (PID=11301) to work on /home/beau/airflow/py_env/lib/python3.10/site-packages/airflow/example_dags/example_xcomargs.py
[2023-09-23T09:06:14.563-0400] {processor.py:829} INFO - Processing file /home/beau/airflow/py_env/lib/python3.10/site-packages/airflow/example_dags/example_xcomargs.py for tasks to queue
[2023-09-23T09:06:14.565-0400] {logging_mixin.py:151} INFO - [2023-09-23T09:06:14.564-0400] {dagbag.py:539} INFO - Filling up the DagBag from /home/beau/airflow/py_env/lib/python3.10/site-packages/airflow/example_dags/example_xcomargs.py
[2023-09-23T09:06:14.584-0400] {processor.py:839} INFO - DAG(s) dict_keys(['example_xcom_args', 'example_xcom_args_with_operators']) retrieved from /home/beau/airflow/py_env/lib/python3.10/site-packages/airflow/example_dags/example_xcomargs.py
[2023-09-23T09:06:14.678-0400] {logging_mixin.py:151} INFO - [2023-09-23T09:06:14.678-0400] {manager.py:499} INFO - Created Permission View: %s
[2023-09-23T09:06:14.693-0400] {logging_mixin.py:151} INFO - [2023-09-23T09:06:14.692-0400] {manager.py:499} INFO - Created Permission View: %s
[2023-09-23T09:06:14.705-0400] {logging_mixin.py:151} INFO - [2023-09-23T09:06:14.705-0400] {manager.py:499} INFO - Created Permission View: %s
[2023-09-23T09:06:14.706-0400] {logging_mixin.py:151} INFO - [2023-09-23T09:06:14.706-0400] {security.py:708} INFO - Not syncing DAG-level permissions for DAG 'DAG:example_xcom_args' as access control is unset.
[2023-09-23T09:06:14.732-0400] {logging_mixin.py:151} INFO - [2023-09-23T09:06:14.732-0400] {manager.py:499} INFO - Created Permission View: %s
[2023-09-23T09:06:14.744-0400] {logging_mixin.py:151} INFO - [2023-09-23T09:06:14.743-0400] {manager.py:499} INFO - Created Permission View: %s
[2023-09-23T09:06:14.755-0400] {logging_mixin.py:151} INFO - [2023-09-23T09:06:14.755-0400] {manager.py:499} INFO - Created Permission View: %s
[2023-09-23T09:06:14.756-0400] {logging_mixin.py:151} INFO - [2023-09-23T09:06:14.756-0400] {security.py:708} INFO - Not syncing DAG-level permissions for DAG 'DAG:example_xcom_args_with_operators' as access control is unset.
[2023-09-23T09:06:14.756-0400] {logging_mixin.py:151} INFO - [2023-09-23T09:06:14.756-0400] {dag.py:2915} INFO - Sync 2 DAGs
[2023-09-23T09:06:14.764-0400] {logging_mixin.py:151} INFO - [2023-09-23T09:06:14.764-0400] {dag.py:2937} INFO - Creating ORM DAG for example_xcom_args_with_operators
[2023-09-23T09:06:14.764-0400] {logging_mixin.py:151} INFO - [2023-09-23T09:06:14.764-0400] {dag.py:2937} INFO - Creating ORM DAG for example_xcom_args
[2023-09-23T09:06:14.765-0400] {logging_mixin.py:151} INFO - [2023-09-23T09:06:14.765-0400] {dag.py:3696} INFO - Setting next_dagrun for example_xcom_args to None, run_after=None
[2023-09-23T09:06:14.765-0400] {logging_mixin.py:151} INFO - [2023-09-23T09:06:14.765-0400] {dag.py:3696} INFO - Setting next_dagrun for example_xcom_args_with_operators to None, run_after=None
[2023-09-23T09:06:14.789-0400] {processor.py:179} INFO - Processing /home/beau/airflow/py_env/lib/python3.10/site-packages/airflow/example_dags/example_xcomargs.py took 0.235 seconds
[2023-09-23T09:07:05.754-0400] {processor.py:157} INFO - Started process (PID=11802) to work on /home/beau/airflow/py_env/lib/python3.10/site-packages/airflow/example_dags/example_xcomargs.py
[2023-09-23T09:07:05.758-0400] {processor.py:829} INFO - Processing file /home/beau/airflow/py_env/lib/python3.10/site-packages/airflow/example_dags/example_xcomargs.py for tasks to queue
[2023-09-23T09:07:05.760-0400] {logging_mixin.py:151} INFO - [2023-09-23T09:07:05.759-0400] {dagbag.py:539} INFO - Filling up the DagBag from /home/beau/airflow/py_env/lib/python3.10/site-packages/airflow/example_dags/example_xcomargs.py
[2023-09-23T09:07:05.770-0400] {processor.py:839} INFO - DAG(s) dict_keys(['example_xcom_args', 'example_xcom_args_with_operators']) retrieved from /home/beau/airflow/py_env/lib/python3.10/site-packages/airflow/example_dags/example_xcomargs.py
[2023-09-23T09:07:05.788-0400] {logging_mixin.py:151} INFO - [2023-09-23T09:07:05.788-0400] {dag.py:2915} INFO - Sync 2 DAGs
[2023-09-23T09:07:05.798-0400] {logging_mixin.py:151} INFO - [2023-09-23T09:07:05.797-0400] {dag.py:3696} INFO - Setting next_dagrun for example_xcom_args to None, run_after=None
[2023-09-23T09:07:05.800-0400] {logging_mixin.py:151} INFO - [2023-09-23T09:07:05.800-0400] {dag.py:3696} INFO - Setting next_dagrun for example_xcom_args_with_operators to None, run_after=None
[2023-09-23T09:07:05.822-0400] {processor.py:179} INFO - Processing /home/beau/airflow/py_env/lib/python3.10/site-packages/airflow/example_dags/example_xcomargs.py took 0.071 seconds
[2023-09-23T09:07:43.739-0400] {processor.py:157} INFO - Started process (PID=12007) to work on /home/beau/airflow/py_env/lib/python3.10/site-packages/airflow/example_dags/example_xcomargs.py
[2023-09-23T09:07:43.743-0400] {processor.py:829} INFO - Processing file /home/beau/airflow/py_env/lib/python3.10/site-packages/airflow/example_dags/example_xcomargs.py for tasks to queue
[2023-09-23T09:07:43.745-0400] {logging_mixin.py:151} INFO - [2023-09-23T09:07:43.744-0400] {dagbag.py:539} INFO - Filling up the DagBag from /home/beau/airflow/py_env/lib/python3.10/site-packages/airflow/example_dags/example_xcomargs.py
[2023-09-23T09:07:43.757-0400] {processor.py:839} INFO - DAG(s) dict_keys(['example_xcom_args_with_operators', 'example_xcom_args']) retrieved from /home/beau/airflow/py_env/lib/python3.10/site-packages/airflow/example_dags/example_xcomargs.py
[2023-09-23T09:07:43.777-0400] {logging_mixin.py:151} INFO - [2023-09-23T09:07:43.777-0400] {dag.py:2915} INFO - Sync 2 DAGs
[2023-09-23T09:07:43.786-0400] {logging_mixin.py:151} INFO - [2023-09-23T09:07:43.786-0400] {dag.py:3696} INFO - Setting next_dagrun for example_xcom_args to None, run_after=None
[2023-09-23T09:07:43.789-0400] {logging_mixin.py:151} INFO - [2023-09-23T09:07:43.788-0400] {dag.py:3696} INFO - Setting next_dagrun for example_xcom_args_with_operators to None, run_after=None
[2023-09-23T09:07:43.809-0400] {processor.py:179} INFO - Processing /home/beau/airflow/py_env/lib/python3.10/site-packages/airflow/example_dags/example_xcomargs.py took 0.075 seconds
[2023-09-23T09:08:29.923-0400] {processor.py:157} INFO - Started process (PID=12247) to work on /home/beau/airflow/py_env/lib/python3.10/site-packages/airflow/example_dags/example_xcomargs.py
[2023-09-23T09:08:29.928-0400] {processor.py:829} INFO - Processing file /home/beau/airflow/py_env/lib/python3.10/site-packages/airflow/example_dags/example_xcomargs.py for tasks to queue
[2023-09-23T09:08:29.929-0400] {logging_mixin.py:151} INFO - [2023-09-23T09:08:29.929-0400] {dagbag.py:539} INFO - Filling up the DagBag from /home/beau/airflow/py_env/lib/python3.10/site-packages/airflow/example_dags/example_xcomargs.py
[2023-09-23T09:08:29.941-0400] {processor.py:839} INFO - DAG(s) dict_keys(['example_xcom_args', 'example_xcom_args_with_operators']) retrieved from /home/beau/airflow/py_env/lib/python3.10/site-packages/airflow/example_dags/example_xcomargs.py
[2023-09-23T09:08:29.965-0400] {logging_mixin.py:151} INFO - [2023-09-23T09:08:29.965-0400] {dag.py:2915} INFO - Sync 2 DAGs
[2023-09-23T09:08:29.974-0400] {logging_mixin.py:151} INFO - [2023-09-23T09:08:29.974-0400] {dag.py:3696} INFO - Setting next_dagrun for example_xcom_args to None, run_after=None
[2023-09-23T09:08:29.976-0400] {logging_mixin.py:151} INFO - [2023-09-23T09:08:29.976-0400] {dag.py:3696} INFO - Setting next_dagrun for example_xcom_args_with_operators to None, run_after=None
[2023-09-23T09:08:29.999-0400] {processor.py:179} INFO - Processing /home/beau/airflow/py_env/lib/python3.10/site-packages/airflow/example_dags/example_xcomargs.py took 0.080 seconds
[2023-09-23T09:09:05.116-0400] {processor.py:157} INFO - Started process (PID=12632) to work on /home/beau/airflow/py_env/lib/python3.10/site-packages/airflow/example_dags/example_xcomargs.py
[2023-09-23T09:09:05.120-0400] {processor.py:829} INFO - Processing file /home/beau/airflow/py_env/lib/python3.10/site-packages/airflow/example_dags/example_xcomargs.py for tasks to queue
[2023-09-23T09:09:05.121-0400] {logging_mixin.py:151} INFO - [2023-09-23T09:09:05.121-0400] {dagbag.py:539} INFO - Filling up the DagBag from /home/beau/airflow/py_env/lib/python3.10/site-packages/airflow/example_dags/example_xcomargs.py
[2023-09-23T09:09:05.132-0400] {processor.py:839} INFO - DAG(s) dict_keys(['example_xcom_args_with_operators', 'example_xcom_args']) retrieved from /home/beau/airflow/py_env/lib/python3.10/site-packages/airflow/example_dags/example_xcomargs.py
[2023-09-23T09:09:05.150-0400] {logging_mixin.py:151} INFO - [2023-09-23T09:09:05.150-0400] {dag.py:2915} INFO - Sync 2 DAGs
[2023-09-23T09:09:05.159-0400] {logging_mixin.py:151} INFO - [2023-09-23T09:09:05.159-0400] {dag.py:3696} INFO - Setting next_dagrun for example_xcom_args to None, run_after=None
[2023-09-23T09:09:05.162-0400] {logging_mixin.py:151} INFO - [2023-09-23T09:09:05.162-0400] {dag.py:3696} INFO - Setting next_dagrun for example_xcom_args_with_operators to None, run_after=None
[2023-09-23T09:09:05.184-0400] {processor.py:179} INFO - Processing /home/beau/airflow/py_env/lib/python3.10/site-packages/airflow/example_dags/example_xcomargs.py took 0.072 seconds
[2023-09-23T09:09:37.712-0400] {processor.py:157} INFO - Started process (PID=12821) to work on /home/beau/airflow/py_env/lib/python3.10/site-packages/airflow/example_dags/example_xcomargs.py
[2023-09-23T09:09:37.716-0400] {processor.py:829} INFO - Processing file /home/beau/airflow/py_env/lib/python3.10/site-packages/airflow/example_dags/example_xcomargs.py for tasks to queue
[2023-09-23T09:09:37.718-0400] {logging_mixin.py:151} INFO - [2023-09-23T09:09:37.717-0400] {dagbag.py:539} INFO - Filling up the DagBag from /home/beau/airflow/py_env/lib/python3.10/site-packages/airflow/example_dags/example_xcomargs.py
[2023-09-23T09:09:37.733-0400] {processor.py:839} INFO - DAG(s) dict_keys(['example_xcom_args_with_operators', 'example_xcom_args']) retrieved from /home/beau/airflow/py_env/lib/python3.10/site-packages/airflow/example_dags/example_xcomargs.py
[2023-09-23T09:09:37.756-0400] {logging_mixin.py:151} INFO - [2023-09-23T09:09:37.756-0400] {dag.py:2915} INFO - Sync 2 DAGs
[2023-09-23T09:09:37.768-0400] {logging_mixin.py:151} INFO - [2023-09-23T09:09:37.767-0400] {dag.py:3696} INFO - Setting next_dagrun for example_xcom_args to None, run_after=None
[2023-09-23T09:09:37.771-0400] {logging_mixin.py:151} INFO - [2023-09-23T09:09:37.771-0400] {dag.py:3696} INFO - Setting next_dagrun for example_xcom_args_with_operators to None, run_after=None
[2023-09-23T09:09:37.795-0400] {processor.py:179} INFO - Processing /home/beau/airflow/py_env/lib/python3.10/site-packages/airflow/example_dags/example_xcomargs.py took 0.091 seconds
[2023-09-23T09:10:25.410-0400] {processor.py:157} INFO - Started process (PID=13061) to work on /home/beau/airflow/py_env/lib/python3.10/site-packages/airflow/example_dags/example_xcomargs.py
[2023-09-23T09:10:25.415-0400] {processor.py:829} INFO - Processing file /home/beau/airflow/py_env/lib/python3.10/site-packages/airflow/example_dags/example_xcomargs.py for tasks to queue
[2023-09-23T09:10:25.418-0400] {logging_mixin.py:151} INFO - [2023-09-23T09:10:25.417-0400] {dagbag.py:539} INFO - Filling up the DagBag from /home/beau/airflow/py_env/lib/python3.10/site-packages/airflow/example_dags/example_xcomargs.py
[2023-09-23T09:10:25.438-0400] {processor.py:839} INFO - DAG(s) dict_keys(['example_xcom_args', 'example_xcom_args_with_operators']) retrieved from /home/beau/airflow/py_env/lib/python3.10/site-packages/airflow/example_dags/example_xcomargs.py
[2023-09-23T09:10:25.466-0400] {logging_mixin.py:151} INFO - [2023-09-23T09:10:25.465-0400] {dag.py:2915} INFO - Sync 2 DAGs
[2023-09-23T09:10:25.478-0400] {logging_mixin.py:151} INFO - [2023-09-23T09:10:25.477-0400] {dag.py:3696} INFO - Setting next_dagrun for example_xcom_args to None, run_after=None
[2023-09-23T09:10:25.481-0400] {logging_mixin.py:151} INFO - [2023-09-23T09:10:25.481-0400] {dag.py:3696} INFO - Setting next_dagrun for example_xcom_args_with_operators to None, run_after=None
[2023-09-23T09:10:25.504-0400] {processor.py:179} INFO - Processing /home/beau/airflow/py_env/lib/python3.10/site-packages/airflow/example_dags/example_xcomargs.py took 0.102 seconds
[2023-09-23T09:10:59.358-0400] {processor.py:157} INFO - Started process (PID=13322) to work on /home/beau/airflow/py_env/lib/python3.10/site-packages/airflow/example_dags/example_xcomargs.py
[2023-09-23T09:10:59.359-0400] {processor.py:829} INFO - Processing file /home/beau/airflow/py_env/lib/python3.10/site-packages/airflow/example_dags/example_xcomargs.py for tasks to queue
[2023-09-23T09:10:59.360-0400] {logging_mixin.py:151} INFO - [2023-09-23T09:10:59.360-0400] {dagbag.py:539} INFO - Filling up the DagBag from /home/beau/airflow/py_env/lib/python3.10/site-packages/airflow/example_dags/example_xcomargs.py
[2023-09-23T09:10:59.372-0400] {processor.py:839} INFO - DAG(s) dict_keys(['example_xcom_args_with_operators', 'example_xcom_args']) retrieved from /home/beau/airflow/py_env/lib/python3.10/site-packages/airflow/example_dags/example_xcomargs.py
[2023-09-23T09:10:59.389-0400] {logging_mixin.py:151} INFO - [2023-09-23T09:10:59.389-0400] {dag.py:2915} INFO - Sync 2 DAGs
[2023-09-23T09:10:59.401-0400] {logging_mixin.py:151} INFO - [2023-09-23T09:10:59.401-0400] {dag.py:3696} INFO - Setting next_dagrun for example_xcom_args to None, run_after=None
[2023-09-23T09:10:59.405-0400] {logging_mixin.py:151} INFO - [2023-09-23T09:10:59.405-0400] {dag.py:3696} INFO - Setting next_dagrun for example_xcom_args_with_operators to None, run_after=None
[2023-09-23T09:10:59.427-0400] {processor.py:179} INFO - Processing /home/beau/airflow/py_env/lib/python3.10/site-packages/airflow/example_dags/example_xcomargs.py took 0.074 seconds
[2023-09-23T09:11:47.330-0400] {processor.py:157} INFO - Started process (PID=13728) to work on /home/beau/airflow/py_env/lib/python3.10/site-packages/airflow/example_dags/example_xcomargs.py
[2023-09-23T09:11:47.332-0400] {processor.py:829} INFO - Processing file /home/beau/airflow/py_env/lib/python3.10/site-packages/airflow/example_dags/example_xcomargs.py for tasks to queue
[2023-09-23T09:11:47.334-0400] {logging_mixin.py:151} INFO - [2023-09-23T09:11:47.333-0400] {dagbag.py:539} INFO - Filling up the DagBag from /home/beau/airflow/py_env/lib/python3.10/site-packages/airflow/example_dags/example_xcomargs.py
[2023-09-23T09:11:47.347-0400] {processor.py:839} INFO - DAG(s) dict_keys(['example_xcom_args', 'example_xcom_args_with_operators']) retrieved from /home/beau/airflow/py_env/lib/python3.10/site-packages/airflow/example_dags/example_xcomargs.py
[2023-09-23T09:11:47.368-0400] {logging_mixin.py:151} INFO - [2023-09-23T09:11:47.368-0400] {dag.py:2915} INFO - Sync 2 DAGs
[2023-09-23T09:11:47.380-0400] {logging_mixin.py:151} INFO - [2023-09-23T09:11:47.379-0400] {dag.py:3696} INFO - Setting next_dagrun for example_xcom_args to None, run_after=None
[2023-09-23T09:11:47.382-0400] {logging_mixin.py:151} INFO - [2023-09-23T09:11:47.382-0400] {dag.py:3696} INFO - Setting next_dagrun for example_xcom_args_with_operators to None, run_after=None
[2023-09-23T09:11:47.404-0400] {processor.py:179} INFO - Processing /home/beau/airflow/py_env/lib/python3.10/site-packages/airflow/example_dags/example_xcomargs.py took 0.079 seconds
[2023-09-23T09:12:19.834-0400] {processor.py:157} INFO - Started process (PID=13946) to work on /home/beau/airflow/py_env/lib/python3.10/site-packages/airflow/example_dags/example_xcomargs.py
[2023-09-23T09:12:19.835-0400] {processor.py:829} INFO - Processing file /home/beau/airflow/py_env/lib/python3.10/site-packages/airflow/example_dags/example_xcomargs.py for tasks to queue
[2023-09-23T09:12:19.836-0400] {logging_mixin.py:151} INFO - [2023-09-23T09:12:19.836-0400] {dagbag.py:539} INFO - Filling up the DagBag from /home/beau/airflow/py_env/lib/python3.10/site-packages/airflow/example_dags/example_xcomargs.py
[2023-09-23T09:12:19.844-0400] {processor.py:839} INFO - DAG(s) dict_keys(['example_xcom_args_with_operators', 'example_xcom_args']) retrieved from /home/beau/airflow/py_env/lib/python3.10/site-packages/airflow/example_dags/example_xcomargs.py
[2023-09-23T09:12:19.863-0400] {logging_mixin.py:151} INFO - [2023-09-23T09:12:19.862-0400] {dag.py:2915} INFO - Sync 2 DAGs
[2023-09-23T09:12:19.872-0400] {logging_mixin.py:151} INFO - [2023-09-23T09:12:19.872-0400] {dag.py:3696} INFO - Setting next_dagrun for example_xcom_args to None, run_after=None
[2023-09-23T09:12:19.875-0400] {logging_mixin.py:151} INFO - [2023-09-23T09:12:19.874-0400] {dag.py:3696} INFO - Setting next_dagrun for example_xcom_args_with_operators to None, run_after=None
[2023-09-23T09:12:19.898-0400] {processor.py:179} INFO - Processing /home/beau/airflow/py_env/lib/python3.10/site-packages/airflow/example_dags/example_xcomargs.py took 0.067 seconds
[2023-09-23T09:12:53.516-0400] {processor.py:157} INFO - Started process (PID=14234) to work on /home/beau/airflow/py_env/lib/python3.10/site-packages/airflow/example_dags/example_xcomargs.py
[2023-09-23T09:12:53.519-0400] {processor.py:829} INFO - Processing file /home/beau/airflow/py_env/lib/python3.10/site-packages/airflow/example_dags/example_xcomargs.py for tasks to queue
[2023-09-23T09:12:53.520-0400] {logging_mixin.py:151} INFO - [2023-09-23T09:12:53.520-0400] {dagbag.py:539} INFO - Filling up the DagBag from /home/beau/airflow/py_env/lib/python3.10/site-packages/airflow/example_dags/example_xcomargs.py
[2023-09-23T09:12:53.528-0400] {processor.py:839} INFO - DAG(s) dict_keys(['example_xcom_args', 'example_xcom_args_with_operators']) retrieved from /home/beau/airflow/py_env/lib/python3.10/site-packages/airflow/example_dags/example_xcomargs.py
[2023-09-23T09:12:53.546-0400] {logging_mixin.py:151} INFO - [2023-09-23T09:12:53.546-0400] {dag.py:2915} INFO - Sync 2 DAGs
[2023-09-23T09:12:53.555-0400] {logging_mixin.py:151} INFO - [2023-09-23T09:12:53.555-0400] {dag.py:3696} INFO - Setting next_dagrun for example_xcom_args to None, run_after=None
[2023-09-23T09:12:53.558-0400] {logging_mixin.py:151} INFO - [2023-09-23T09:12:53.557-0400] {dag.py:3696} INFO - Setting next_dagrun for example_xcom_args_with_operators to None, run_after=None
[2023-09-23T09:12:53.579-0400] {processor.py:179} INFO - Processing /home/beau/airflow/py_env/lib/python3.10/site-packages/airflow/example_dags/example_xcomargs.py took 0.066 seconds
[2023-09-23T09:13:27.138-0400] {processor.py:157} INFO - Started process (PID=14645) to work on /home/beau/airflow/py_env/lib/python3.10/site-packages/airflow/example_dags/example_xcomargs.py
[2023-09-23T09:13:27.140-0400] {processor.py:829} INFO - Processing file /home/beau/airflow/py_env/lib/python3.10/site-packages/airflow/example_dags/example_xcomargs.py for tasks to queue
[2023-09-23T09:13:27.142-0400] {logging_mixin.py:151} INFO - [2023-09-23T09:13:27.141-0400] {dagbag.py:539} INFO - Filling up the DagBag from /home/beau/airflow/py_env/lib/python3.10/site-packages/airflow/example_dags/example_xcomargs.py
[2023-09-23T09:13:27.156-0400] {processor.py:839} INFO - DAG(s) dict_keys(['example_xcom_args_with_operators', 'example_xcom_args']) retrieved from /home/beau/airflow/py_env/lib/python3.10/site-packages/airflow/example_dags/example_xcomargs.py
[2023-09-23T09:13:27.177-0400] {logging_mixin.py:151} INFO - [2023-09-23T09:13:27.177-0400] {dag.py:2915} INFO - Sync 2 DAGs
[2023-09-23T09:13:27.188-0400] {logging_mixin.py:151} INFO - [2023-09-23T09:13:27.188-0400] {dag.py:3696} INFO - Setting next_dagrun for example_xcom_args to None, run_after=None
[2023-09-23T09:13:27.190-0400] {logging_mixin.py:151} INFO - [2023-09-23T09:13:27.190-0400] {dag.py:3696} INFO - Setting next_dagrun for example_xcom_args_with_operators to None, run_after=None
[2023-09-23T09:13:27.215-0400] {processor.py:179} INFO - Processing /home/beau/airflow/py_env/lib/python3.10/site-packages/airflow/example_dags/example_xcomargs.py took 0.082 seconds
[2023-09-23T09:14:00.779-0400] {processor.py:157} INFO - Started process (PID=14927) to work on /home/beau/airflow/py_env/lib/python3.10/site-packages/airflow/example_dags/example_xcomargs.py
[2023-09-23T09:14:00.785-0400] {processor.py:829} INFO - Processing file /home/beau/airflow/py_env/lib/python3.10/site-packages/airflow/example_dags/example_xcomargs.py for tasks to queue
[2023-09-23T09:14:00.788-0400] {logging_mixin.py:151} INFO - [2023-09-23T09:14:00.787-0400] {dagbag.py:539} INFO - Filling up the DagBag from /home/beau/airflow/py_env/lib/python3.10/site-packages/airflow/example_dags/example_xcomargs.py
[2023-09-23T09:14:00.802-0400] {processor.py:839} INFO - DAG(s) dict_keys(['example_xcom_args_with_operators', 'example_xcom_args']) retrieved from /home/beau/airflow/py_env/lib/python3.10/site-packages/airflow/example_dags/example_xcomargs.py
[2023-09-23T09:14:00.824-0400] {logging_mixin.py:151} INFO - [2023-09-23T09:14:00.823-0400] {dag.py:2915} INFO - Sync 2 DAGs
[2023-09-23T09:14:00.833-0400] {logging_mixin.py:151} INFO - [2023-09-23T09:14:00.832-0400] {dag.py:3696} INFO - Setting next_dagrun for example_xcom_args to None, run_after=None
[2023-09-23T09:14:00.835-0400] {logging_mixin.py:151} INFO - [2023-09-23T09:14:00.835-0400] {dag.py:3696} INFO - Setting next_dagrun for example_xcom_args_with_operators to None, run_after=None
[2023-09-23T09:14:00.861-0400] {processor.py:179} INFO - Processing /home/beau/airflow/py_env/lib/python3.10/site-packages/airflow/example_dags/example_xcomargs.py took 0.090 seconds
[2023-09-23T09:14:48.626-0400] {processor.py:157} INFO - Started process (PID=15272) to work on /home/beau/airflow/py_env/lib/python3.10/site-packages/airflow/example_dags/example_xcomargs.py
[2023-09-23T09:14:48.630-0400] {processor.py:829} INFO - Processing file /home/beau/airflow/py_env/lib/python3.10/site-packages/airflow/example_dags/example_xcomargs.py for tasks to queue
[2023-09-23T09:14:48.630-0400] {logging_mixin.py:151} INFO - [2023-09-23T09:14:48.630-0400] {dagbag.py:539} INFO - Filling up the DagBag from /home/beau/airflow/py_env/lib/python3.10/site-packages/airflow/example_dags/example_xcomargs.py
[2023-09-23T09:14:48.637-0400] {processor.py:839} INFO - DAG(s) dict_keys(['example_xcom_args_with_operators', 'example_xcom_args']) retrieved from /home/beau/airflow/py_env/lib/python3.10/site-packages/airflow/example_dags/example_xcomargs.py
[2023-09-23T09:14:48.653-0400] {logging_mixin.py:151} INFO - [2023-09-23T09:14:48.653-0400] {dag.py:2915} INFO - Sync 2 DAGs
[2023-09-23T09:14:48.662-0400] {logging_mixin.py:151} INFO - [2023-09-23T09:14:48.662-0400] {dag.py:3696} INFO - Setting next_dagrun for example_xcom_args to None, run_after=None
[2023-09-23T09:14:48.665-0400] {logging_mixin.py:151} INFO - [2023-09-23T09:14:48.665-0400] {dag.py:3696} INFO - Setting next_dagrun for example_xcom_args_with_operators to None, run_after=None
[2023-09-23T09:14:48.685-0400] {processor.py:179} INFO - Processing /home/beau/airflow/py_env/lib/python3.10/site-packages/airflow/example_dags/example_xcomargs.py took 0.061 seconds
[2023-09-23T09:15:23.627-0400] {processor.py:157} INFO - Started process (PID=15469) to work on /home/beau/airflow/py_env/lib/python3.10/site-packages/airflow/example_dags/example_xcomargs.py
[2023-09-23T09:15:23.631-0400] {processor.py:829} INFO - Processing file /home/beau/airflow/py_env/lib/python3.10/site-packages/airflow/example_dags/example_xcomargs.py for tasks to queue
[2023-09-23T09:15:23.632-0400] {logging_mixin.py:151} INFO - [2023-09-23T09:15:23.632-0400] {dagbag.py:539} INFO - Filling up the DagBag from /home/beau/airflow/py_env/lib/python3.10/site-packages/airflow/example_dags/example_xcomargs.py
[2023-09-23T09:15:23.647-0400] {processor.py:839} INFO - DAG(s) dict_keys(['example_xcom_args', 'example_xcom_args_with_operators']) retrieved from /home/beau/airflow/py_env/lib/python3.10/site-packages/airflow/example_dags/example_xcomargs.py
[2023-09-23T09:15:23.667-0400] {logging_mixin.py:151} INFO - [2023-09-23T09:15:23.667-0400] {dag.py:2915} INFO - Sync 2 DAGs
[2023-09-23T09:15:23.680-0400] {logging_mixin.py:151} INFO - [2023-09-23T09:15:23.680-0400] {dag.py:3696} INFO - Setting next_dagrun for example_xcom_args to None, run_after=None
[2023-09-23T09:15:23.684-0400] {logging_mixin.py:151} INFO - [2023-09-23T09:15:23.683-0400] {dag.py:3696} INFO - Setting next_dagrun for example_xcom_args_with_operators to None, run_after=None
[2023-09-23T09:15:23.711-0400] {processor.py:179} INFO - Processing /home/beau/airflow/py_env/lib/python3.10/site-packages/airflow/example_dags/example_xcomargs.py took 0.088 seconds
[2023-09-23T09:17:18.449-0400] {processor.py:157} INFO - Started process (PID=16705) to work on /home/beau/airflow/py_env/lib/python3.10/site-packages/airflow/example_dags/example_xcomargs.py
[2023-09-23T09:17:18.453-0400] {processor.py:829} INFO - Processing file /home/beau/airflow/py_env/lib/python3.10/site-packages/airflow/example_dags/example_xcomargs.py for tasks to queue
[2023-09-23T09:17:18.454-0400] {logging_mixin.py:151} INFO - [2023-09-23T09:17:18.454-0400] {dagbag.py:539} INFO - Filling up the DagBag from /home/beau/airflow/py_env/lib/python3.10/site-packages/airflow/example_dags/example_xcomargs.py
[2023-09-23T09:17:18.468-0400] {processor.py:839} INFO - DAG(s) dict_keys(['example_xcom_args_with_operators', 'example_xcom_args']) retrieved from /home/beau/airflow/py_env/lib/python3.10/site-packages/airflow/example_dags/example_xcomargs.py
[2023-09-23T09:17:18.477-0400] {logging_mixin.py:151} INFO - [2023-09-23T09:17:18.476-0400] {dag.py:2915} INFO - Sync 2 DAGs
[2023-09-23T09:17:18.488-0400] {logging_mixin.py:151} INFO - [2023-09-23T09:17:18.488-0400] {dag.py:3696} INFO - Setting next_dagrun for example_xcom_args to None, run_after=None
[2023-09-23T09:17:18.490-0400] {logging_mixin.py:151} INFO - [2023-09-23T09:17:18.490-0400] {dag.py:3696} INFO - Setting next_dagrun for example_xcom_args_with_operators to None, run_after=None
[2023-09-23T09:17:18.512-0400] {processor.py:179} INFO - Processing /home/beau/airflow/py_env/lib/python3.10/site-packages/airflow/example_dags/example_xcomargs.py took 0.067 seconds
[2023-09-23T09:18:05.834-0400] {processor.py:157} INFO - Started process (PID=16970) to work on /home/beau/airflow/py_env/lib/python3.10/site-packages/airflow/example_dags/example_xcomargs.py
[2023-09-23T09:18:05.838-0400] {processor.py:829} INFO - Processing file /home/beau/airflow/py_env/lib/python3.10/site-packages/airflow/example_dags/example_xcomargs.py for tasks to queue
[2023-09-23T09:18:05.839-0400] {logging_mixin.py:151} INFO - [2023-09-23T09:18:05.839-0400] {dagbag.py:539} INFO - Filling up the DagBag from /home/beau/airflow/py_env/lib/python3.10/site-packages/airflow/example_dags/example_xcomargs.py
[2023-09-23T09:18:05.852-0400] {processor.py:839} INFO - DAG(s) dict_keys(['example_xcom_args_with_operators', 'example_xcom_args']) retrieved from /home/beau/airflow/py_env/lib/python3.10/site-packages/airflow/example_dags/example_xcomargs.py
[2023-09-23T09:18:05.884-0400] {logging_mixin.py:151} INFO - [2023-09-23T09:18:05.884-0400] {dag.py:2915} INFO - Sync 2 DAGs
[2023-09-23T09:18:05.904-0400] {logging_mixin.py:151} INFO - [2023-09-23T09:18:05.904-0400] {dag.py:3696} INFO - Setting next_dagrun for example_xcom_args to None, run_after=None
[2023-09-23T09:18:05.911-0400] {logging_mixin.py:151} INFO - [2023-09-23T09:18:05.911-0400] {dag.py:3696} INFO - Setting next_dagrun for example_xcom_args_with_operators to None, run_after=None
[2023-09-23T09:18:05.950-0400] {processor.py:179} INFO - Processing /home/beau/airflow/py_env/lib/python3.10/site-packages/airflow/example_dags/example_xcomargs.py took 0.121 seconds
[2023-09-23T09:18:52.681-0400] {processor.py:157} INFO - Started process (PID=17246) to work on /home/beau/airflow/py_env/lib/python3.10/site-packages/airflow/example_dags/example_xcomargs.py
[2023-09-23T09:18:52.682-0400] {processor.py:829} INFO - Processing file /home/beau/airflow/py_env/lib/python3.10/site-packages/airflow/example_dags/example_xcomargs.py for tasks to queue
[2023-09-23T09:18:52.684-0400] {logging_mixin.py:151} INFO - [2023-09-23T09:18:52.683-0400] {dagbag.py:539} INFO - Filling up the DagBag from /home/beau/airflow/py_env/lib/python3.10/site-packages/airflow/example_dags/example_xcomargs.py
[2023-09-23T09:18:52.692-0400] {processor.py:839} INFO - DAG(s) dict_keys(['example_xcom_args_with_operators', 'example_xcom_args']) retrieved from /home/beau/airflow/py_env/lib/python3.10/site-packages/airflow/example_dags/example_xcomargs.py
[2023-09-23T09:18:52.707-0400] {logging_mixin.py:151} INFO - [2023-09-23T09:18:52.706-0400] {dag.py:2915} INFO - Sync 2 DAGs
[2023-09-23T09:18:52.716-0400] {logging_mixin.py:151} INFO - [2023-09-23T09:18:52.716-0400] {dag.py:3696} INFO - Setting next_dagrun for example_xcom_args to None, run_after=None
[2023-09-23T09:18:52.718-0400] {logging_mixin.py:151} INFO - [2023-09-23T09:18:52.718-0400] {dag.py:3696} INFO - Setting next_dagrun for example_xcom_args_with_operators to None, run_after=None
[2023-09-23T09:18:52.739-0400] {processor.py:179} INFO - Processing /home/beau/airflow/py_env/lib/python3.10/site-packages/airflow/example_dags/example_xcomargs.py took 0.062 seconds
[2023-09-23T09:19:28.594-0400] {processor.py:157} INFO - Started process (PID=17470) to work on /home/beau/airflow/py_env/lib/python3.10/site-packages/airflow/example_dags/example_xcomargs.py
[2023-09-23T09:19:28.599-0400] {processor.py:829} INFO - Processing file /home/beau/airflow/py_env/lib/python3.10/site-packages/airflow/example_dags/example_xcomargs.py for tasks to queue
[2023-09-23T09:19:28.601-0400] {logging_mixin.py:151} INFO - [2023-09-23T09:19:28.601-0400] {dagbag.py:539} INFO - Filling up the DagBag from /home/beau/airflow/py_env/lib/python3.10/site-packages/airflow/example_dags/example_xcomargs.py
[2023-09-23T09:19:28.618-0400] {processor.py:839} INFO - DAG(s) dict_keys(['example_xcom_args', 'example_xcom_args_with_operators']) retrieved from /home/beau/airflow/py_env/lib/python3.10/site-packages/airflow/example_dags/example_xcomargs.py
[2023-09-23T09:19:28.642-0400] {logging_mixin.py:151} INFO - [2023-09-23T09:19:28.642-0400] {dag.py:2915} INFO - Sync 2 DAGs
[2023-09-23T09:19:28.653-0400] {logging_mixin.py:151} INFO - [2023-09-23T09:19:28.653-0400] {dag.py:3696} INFO - Setting next_dagrun for example_xcom_args to None, run_after=None
[2023-09-23T09:19:28.657-0400] {logging_mixin.py:151} INFO - [2023-09-23T09:19:28.657-0400] {dag.py:3696} INFO - Setting next_dagrun for example_xcom_args_with_operators to None, run_after=None
[2023-09-23T09:19:28.687-0400] {processor.py:179} INFO - Processing /home/beau/airflow/py_env/lib/python3.10/site-packages/airflow/example_dags/example_xcomargs.py took 0.101 seconds
[2023-09-23T09:20:07.092-0400] {processor.py:157} INFO - Started process (PID=17615) to work on /home/beau/airflow/py_env/lib/python3.10/site-packages/airflow/example_dags/example_xcomargs.py
[2023-09-23T09:20:07.095-0400] {processor.py:829} INFO - Processing file /home/beau/airflow/py_env/lib/python3.10/site-packages/airflow/example_dags/example_xcomargs.py for tasks to queue
[2023-09-23T09:20:07.097-0400] {logging_mixin.py:151} INFO - [2023-09-23T09:20:07.096-0400] {dagbag.py:539} INFO - Filling up the DagBag from /home/beau/airflow/py_env/lib/python3.10/site-packages/airflow/example_dags/example_xcomargs.py
[2023-09-23T09:20:07.112-0400] {processor.py:839} INFO - DAG(s) dict_keys(['example_xcom_args_with_operators', 'example_xcom_args']) retrieved from /home/beau/airflow/py_env/lib/python3.10/site-packages/airflow/example_dags/example_xcomargs.py
[2023-09-23T09:20:07.144-0400] {logging_mixin.py:151} INFO - [2023-09-23T09:20:07.144-0400] {dag.py:2915} INFO - Sync 2 DAGs
[2023-09-23T09:20:07.155-0400] {logging_mixin.py:151} INFO - [2023-09-23T09:20:07.155-0400] {dag.py:3696} INFO - Setting next_dagrun for example_xcom_args to None, run_after=None
[2023-09-23T09:20:07.158-0400] {logging_mixin.py:151} INFO - [2023-09-23T09:20:07.158-0400] {dag.py:3696} INFO - Setting next_dagrun for example_xcom_args_with_operators to None, run_after=None
[2023-09-23T09:20:07.183-0400] {processor.py:179} INFO - Processing /home/beau/airflow/py_env/lib/python3.10/site-packages/airflow/example_dags/example_xcomargs.py took 0.097 seconds
[2023-09-23T09:20:46.691-0400] {processor.py:157} INFO - Started process (PID=17850) to work on /home/beau/airflow/py_env/lib/python3.10/site-packages/airflow/example_dags/example_xcomargs.py
[2023-09-23T09:20:46.694-0400] {processor.py:829} INFO - Processing file /home/beau/airflow/py_env/lib/python3.10/site-packages/airflow/example_dags/example_xcomargs.py for tasks to queue
[2023-09-23T09:20:46.696-0400] {logging_mixin.py:151} INFO - [2023-09-23T09:20:46.695-0400] {dagbag.py:539} INFO - Filling up the DagBag from /home/beau/airflow/py_env/lib/python3.10/site-packages/airflow/example_dags/example_xcomargs.py
[2023-09-23T09:20:46.707-0400] {processor.py:839} INFO - DAG(s) dict_keys(['example_xcom_args', 'example_xcom_args_with_operators']) retrieved from /home/beau/airflow/py_env/lib/python3.10/site-packages/airflow/example_dags/example_xcomargs.py
[2023-09-23T09:20:46.728-0400] {logging_mixin.py:151} INFO - [2023-09-23T09:20:46.728-0400] {dag.py:2915} INFO - Sync 2 DAGs
[2023-09-23T09:20:46.740-0400] {logging_mixin.py:151} INFO - [2023-09-23T09:20:46.740-0400] {dag.py:3696} INFO - Setting next_dagrun for example_xcom_args to None, run_after=None
[2023-09-23T09:20:46.743-0400] {logging_mixin.py:151} INFO - [2023-09-23T09:20:46.743-0400] {dag.py:3696} INFO - Setting next_dagrun for example_xcom_args_with_operators to None, run_after=None
[2023-09-23T09:20:46.767-0400] {processor.py:179} INFO - Processing /home/beau/airflow/py_env/lib/python3.10/site-packages/airflow/example_dags/example_xcomargs.py took 0.080 seconds
[2023-09-23T09:21:25.118-0400] {processor.py:157} INFO - Started process (PID=18078) to work on /home/beau/airflow/py_env/lib/python3.10/site-packages/airflow/example_dags/example_xcomargs.py
[2023-09-23T09:21:25.122-0400] {processor.py:829} INFO - Processing file /home/beau/airflow/py_env/lib/python3.10/site-packages/airflow/example_dags/example_xcomargs.py for tasks to queue
[2023-09-23T09:21:25.123-0400] {logging_mixin.py:151} INFO - [2023-09-23T09:21:25.123-0400] {dagbag.py:539} INFO - Filling up the DagBag from /home/beau/airflow/py_env/lib/python3.10/site-packages/airflow/example_dags/example_xcomargs.py
[2023-09-23T09:21:25.134-0400] {processor.py:839} INFO - DAG(s) dict_keys(['example_xcom_args_with_operators', 'example_xcom_args']) retrieved from /home/beau/airflow/py_env/lib/python3.10/site-packages/airflow/example_dags/example_xcomargs.py
[2023-09-23T09:21:25.153-0400] {logging_mixin.py:151} INFO - [2023-09-23T09:21:25.152-0400] {dag.py:2915} INFO - Sync 2 DAGs
[2023-09-23T09:21:25.163-0400] {logging_mixin.py:151} INFO - [2023-09-23T09:21:25.162-0400] {dag.py:3696} INFO - Setting next_dagrun for example_xcom_args to None, run_after=None
[2023-09-23T09:21:25.165-0400] {logging_mixin.py:151} INFO - [2023-09-23T09:21:25.165-0400] {dag.py:3696} INFO - Setting next_dagrun for example_xcom_args_with_operators to None, run_after=None
[2023-09-23T09:21:25.191-0400] {processor.py:179} INFO - Processing /home/beau/airflow/py_env/lib/python3.10/site-packages/airflow/example_dags/example_xcomargs.py took 0.077 seconds
[2023-09-23T09:23:36.391-0400] {processor.py:157} INFO - Started process (PID=19174) to work on /home/beau/airflow/py_env/lib/python3.10/site-packages/airflow/example_dags/example_xcomargs.py
[2023-09-23T09:23:36.395-0400] {processor.py:829} INFO - Processing file /home/beau/airflow/py_env/lib/python3.10/site-packages/airflow/example_dags/example_xcomargs.py for tasks to queue
[2023-09-23T09:23:36.396-0400] {logging_mixin.py:151} INFO - [2023-09-23T09:23:36.396-0400] {dagbag.py:539} INFO - Filling up the DagBag from /home/beau/airflow/py_env/lib/python3.10/site-packages/airflow/example_dags/example_xcomargs.py
[2023-09-23T09:23:36.409-0400] {processor.py:839} INFO - DAG(s) dict_keys(['example_xcom_args', 'example_xcom_args_with_operators']) retrieved from /home/beau/airflow/py_env/lib/python3.10/site-packages/airflow/example_dags/example_xcomargs.py
[2023-09-23T09:23:36.419-0400] {logging_mixin.py:151} INFO - [2023-09-23T09:23:36.419-0400] {dag.py:2915} INFO - Sync 2 DAGs
[2023-09-23T09:23:36.434-0400] {logging_mixin.py:151} INFO - [2023-09-23T09:23:36.434-0400] {dag.py:3696} INFO - Setting next_dagrun for example_xcom_args to None, run_after=None
[2023-09-23T09:23:36.437-0400] {logging_mixin.py:151} INFO - [2023-09-23T09:23:36.437-0400] {dag.py:3696} INFO - Setting next_dagrun for example_xcom_args_with_operators to None, run_after=None
[2023-09-23T09:23:36.462-0400] {processor.py:179} INFO - Processing /home/beau/airflow/py_env/lib/python3.10/site-packages/airflow/example_dags/example_xcomargs.py took 0.077 seconds
[2023-09-23T09:24:24.164-0400] {processor.py:157} INFO - Started process (PID=19463) to work on /home/beau/airflow/py_env/lib/python3.10/site-packages/airflow/example_dags/example_xcomargs.py
[2023-09-23T09:24:24.166-0400] {processor.py:829} INFO - Processing file /home/beau/airflow/py_env/lib/python3.10/site-packages/airflow/example_dags/example_xcomargs.py for tasks to queue
[2023-09-23T09:24:24.167-0400] {logging_mixin.py:151} INFO - [2023-09-23T09:24:24.167-0400] {dagbag.py:539} INFO - Filling up the DagBag from /home/beau/airflow/py_env/lib/python3.10/site-packages/airflow/example_dags/example_xcomargs.py
[2023-09-23T09:24:24.177-0400] {processor.py:839} INFO - DAG(s) dict_keys(['example_xcom_args_with_operators', 'example_xcom_args']) retrieved from /home/beau/airflow/py_env/lib/python3.10/site-packages/airflow/example_dags/example_xcomargs.py
[2023-09-23T09:24:24.195-0400] {logging_mixin.py:151} INFO - [2023-09-23T09:24:24.195-0400] {dag.py:2915} INFO - Sync 2 DAGs
[2023-09-23T09:24:24.206-0400] {logging_mixin.py:151} INFO - [2023-09-23T09:24:24.206-0400] {dag.py:3696} INFO - Setting next_dagrun for example_xcom_args to None, run_after=None
[2023-09-23T09:24:24.209-0400] {logging_mixin.py:151} INFO - [2023-09-23T09:24:24.209-0400] {dag.py:3696} INFO - Setting next_dagrun for example_xcom_args_with_operators to None, run_after=None
[2023-09-23T09:24:24.230-0400] {processor.py:179} INFO - Processing /home/beau/airflow/py_env/lib/python3.10/site-packages/airflow/example_dags/example_xcomargs.py took 0.070 seconds
[2023-09-23T09:25:10.981-0400] {processor.py:157} INFO - Started process (PID=19756) to work on /home/beau/airflow/py_env/lib/python3.10/site-packages/airflow/example_dags/example_xcomargs.py
[2023-09-23T09:25:10.985-0400] {processor.py:829} INFO - Processing file /home/beau/airflow/py_env/lib/python3.10/site-packages/airflow/example_dags/example_xcomargs.py for tasks to queue
[2023-09-23T09:25:10.986-0400] {logging_mixin.py:151} INFO - [2023-09-23T09:25:10.985-0400] {dagbag.py:539} INFO - Filling up the DagBag from /home/beau/airflow/py_env/lib/python3.10/site-packages/airflow/example_dags/example_xcomargs.py
[2023-09-23T09:25:10.994-0400] {processor.py:839} INFO - DAG(s) dict_keys(['example_xcom_args_with_operators', 'example_xcom_args']) retrieved from /home/beau/airflow/py_env/lib/python3.10/site-packages/airflow/example_dags/example_xcomargs.py
[2023-09-23T09:25:11.012-0400] {logging_mixin.py:151} INFO - [2023-09-23T09:25:11.011-0400] {dag.py:2915} INFO - Sync 2 DAGs
[2023-09-23T09:25:11.023-0400] {logging_mixin.py:151} INFO - [2023-09-23T09:25:11.023-0400] {dag.py:3696} INFO - Setting next_dagrun for example_xcom_args to None, run_after=None
[2023-09-23T09:25:11.027-0400] {logging_mixin.py:151} INFO - [2023-09-23T09:25:11.026-0400] {dag.py:3696} INFO - Setting next_dagrun for example_xcom_args_with_operators to None, run_after=None
[2023-09-23T09:25:11.049-0400] {processor.py:179} INFO - Processing /home/beau/airflow/py_env/lib/python3.10/site-packages/airflow/example_dags/example_xcomargs.py took 0.071 seconds
[2023-09-23T09:25:46.627-0400] {processor.py:157} INFO - Started process (PID=19992) to work on /home/beau/airflow/py_env/lib/python3.10/site-packages/airflow/example_dags/example_xcomargs.py
[2023-09-23T09:25:46.629-0400] {processor.py:829} INFO - Processing file /home/beau/airflow/py_env/lib/python3.10/site-packages/airflow/example_dags/example_xcomargs.py for tasks to queue
[2023-09-23T09:25:46.630-0400] {logging_mixin.py:151} INFO - [2023-09-23T09:25:46.630-0400] {dagbag.py:539} INFO - Filling up the DagBag from /home/beau/airflow/py_env/lib/python3.10/site-packages/airflow/example_dags/example_xcomargs.py
[2023-09-23T09:25:46.638-0400] {processor.py:839} INFO - DAG(s) dict_keys(['example_xcom_args', 'example_xcom_args_with_operators']) retrieved from /home/beau/airflow/py_env/lib/python3.10/site-packages/airflow/example_dags/example_xcomargs.py
[2023-09-23T09:25:46.655-0400] {logging_mixin.py:151} INFO - [2023-09-23T09:25:46.655-0400] {dag.py:2915} INFO - Sync 2 DAGs
[2023-09-23T09:25:46.667-0400] {logging_mixin.py:151} INFO - [2023-09-23T09:25:46.667-0400] {dag.py:3696} INFO - Setting next_dagrun for example_xcom_args to None, run_after=None
[2023-09-23T09:25:46.673-0400] {logging_mixin.py:151} INFO - [2023-09-23T09:25:46.672-0400] {dag.py:3696} INFO - Setting next_dagrun for example_xcom_args_with_operators to None, run_after=None
[2023-09-23T09:25:46.705-0400] {processor.py:179} INFO - Processing /home/beau/airflow/py_env/lib/python3.10/site-packages/airflow/example_dags/example_xcomargs.py took 0.081 seconds
[2023-09-23T09:26:22.283-0400] {processor.py:157} INFO - Started process (PID=20133) to work on /home/beau/airflow/py_env/lib/python3.10/site-packages/airflow/example_dags/example_xcomargs.py
[2023-09-23T09:26:22.288-0400] {processor.py:829} INFO - Processing file /home/beau/airflow/py_env/lib/python3.10/site-packages/airflow/example_dags/example_xcomargs.py for tasks to queue
[2023-09-23T09:26:22.289-0400] {logging_mixin.py:151} INFO - [2023-09-23T09:26:22.289-0400] {dagbag.py:539} INFO - Filling up the DagBag from /home/beau/airflow/py_env/lib/python3.10/site-packages/airflow/example_dags/example_xcomargs.py
[2023-09-23T09:26:22.301-0400] {processor.py:839} INFO - DAG(s) dict_keys(['example_xcom_args', 'example_xcom_args_with_operators']) retrieved from /home/beau/airflow/py_env/lib/python3.10/site-packages/airflow/example_dags/example_xcomargs.py
[2023-09-23T09:26:22.318-0400] {logging_mixin.py:151} INFO - [2023-09-23T09:26:22.318-0400] {dag.py:2915} INFO - Sync 2 DAGs
[2023-09-23T09:26:22.329-0400] {logging_mixin.py:151} INFO - [2023-09-23T09:26:22.329-0400] {dag.py:3696} INFO - Setting next_dagrun for example_xcom_args to None, run_after=None
[2023-09-23T09:26:22.333-0400] {logging_mixin.py:151} INFO - [2023-09-23T09:26:22.333-0400] {dag.py:3696} INFO - Setting next_dagrun for example_xcom_args_with_operators to None, run_after=None
[2023-09-23T09:26:22.358-0400] {processor.py:179} INFO - Processing /home/beau/airflow/py_env/lib/python3.10/site-packages/airflow/example_dags/example_xcomargs.py took 0.081 seconds
[2023-09-23T09:30:42.498-0400] {processor.py:157} INFO - Started process (PID=22369) to work on /home/beau/airflow/py_env/lib/python3.10/site-packages/airflow/example_dags/example_xcomargs.py
[2023-09-23T09:30:42.502-0400] {processor.py:829} INFO - Processing file /home/beau/airflow/py_env/lib/python3.10/site-packages/airflow/example_dags/example_xcomargs.py for tasks to queue
[2023-09-23T09:30:42.503-0400] {logging_mixin.py:151} INFO - [2023-09-23T09:30:42.503-0400] {dagbag.py:539} INFO - Filling up the DagBag from /home/beau/airflow/py_env/lib/python3.10/site-packages/airflow/example_dags/example_xcomargs.py
[2023-09-23T09:30:42.516-0400] {processor.py:839} INFO - DAG(s) dict_keys(['example_xcom_args_with_operators', 'example_xcom_args']) retrieved from /home/beau/airflow/py_env/lib/python3.10/site-packages/airflow/example_dags/example_xcomargs.py
[2023-09-23T09:30:42.528-0400] {logging_mixin.py:151} INFO - [2023-09-23T09:30:42.527-0400] {dag.py:2915} INFO - Sync 2 DAGs
[2023-09-23T09:30:42.544-0400] {logging_mixin.py:151} INFO - [2023-09-23T09:30:42.544-0400] {dag.py:3696} INFO - Setting next_dagrun for example_xcom_args to None, run_after=None
[2023-09-23T09:30:42.547-0400] {logging_mixin.py:151} INFO - [2023-09-23T09:30:42.547-0400] {dag.py:3696} INFO - Setting next_dagrun for example_xcom_args_with_operators to None, run_after=None
[2023-09-23T09:30:42.571-0400] {processor.py:179} INFO - Processing /home/beau/airflow/py_env/lib/python3.10/site-packages/airflow/example_dags/example_xcomargs.py took 0.076 seconds
[2023-09-23T09:36:44.846-0400] {processor.py:157} INFO - Started process (PID=892) to work on /home/beau/airflow/py_env/lib/python3.10/site-packages/airflow/example_dags/example_xcomargs.py
[2023-09-23T09:36:44.849-0400] {processor.py:829} INFO - Processing file /home/beau/airflow/py_env/lib/python3.10/site-packages/airflow/example_dags/example_xcomargs.py for tasks to queue
[2023-09-23T09:36:44.850-0400] {logging_mixin.py:151} INFO - [2023-09-23T09:36:44.849-0400] {dagbag.py:539} INFO - Filling up the DagBag from /home/beau/airflow/py_env/lib/python3.10/site-packages/airflow/example_dags/example_xcomargs.py
[2023-09-23T09:36:44.867-0400] {processor.py:839} INFO - DAG(s) dict_keys(['example_xcom_args_with_operators', 'example_xcom_args']) retrieved from /home/beau/airflow/py_env/lib/python3.10/site-packages/airflow/example_dags/example_xcomargs.py
[2023-09-23T09:36:44.875-0400] {logging_mixin.py:151} INFO - [2023-09-23T09:36:44.874-0400] {dag.py:2915} INFO - Sync 2 DAGs
[2023-09-23T09:36:44.885-0400] {logging_mixin.py:151} INFO - [2023-09-23T09:36:44.884-0400] {dag.py:3696} INFO - Setting next_dagrun for example_xcom_args to None, run_after=None
[2023-09-23T09:36:44.887-0400] {logging_mixin.py:151} INFO - [2023-09-23T09:36:44.887-0400] {dag.py:3696} INFO - Setting next_dagrun for example_xcom_args_with_operators to None, run_after=None
[2023-09-23T09:36:44.907-0400] {processor.py:179} INFO - Processing /home/beau/airflow/py_env/lib/python3.10/site-packages/airflow/example_dags/example_xcomargs.py took 0.068 seconds
[2023-09-23T09:37:30.139-0400] {processor.py:157} INFO - Started process (PID=1497) to work on /home/beau/airflow/py_env/lib/python3.10/site-packages/airflow/example_dags/example_xcomargs.py
[2023-09-23T09:37:30.141-0400] {processor.py:829} INFO - Processing file /home/beau/airflow/py_env/lib/python3.10/site-packages/airflow/example_dags/example_xcomargs.py for tasks to queue
[2023-09-23T09:37:30.142-0400] {logging_mixin.py:151} INFO - [2023-09-23T09:37:30.142-0400] {dagbag.py:539} INFO - Filling up the DagBag from /home/beau/airflow/py_env/lib/python3.10/site-packages/airflow/example_dags/example_xcomargs.py
[2023-09-23T09:37:30.156-0400] {processor.py:839} INFO - DAG(s) dict_keys(['example_xcom_args', 'example_xcom_args_with_operators']) retrieved from /home/beau/airflow/py_env/lib/python3.10/site-packages/airflow/example_dags/example_xcomargs.py
[2023-09-23T09:37:30.177-0400] {logging_mixin.py:151} INFO - [2023-09-23T09:37:30.177-0400] {dag.py:2915} INFO - Sync 2 DAGs
[2023-09-23T09:37:30.186-0400] {logging_mixin.py:151} INFO - [2023-09-23T09:37:30.186-0400] {dag.py:3696} INFO - Setting next_dagrun for example_xcom_args to None, run_after=None
[2023-09-23T09:37:30.188-0400] {logging_mixin.py:151} INFO - [2023-09-23T09:37:30.188-0400] {dag.py:3696} INFO - Setting next_dagrun for example_xcom_args_with_operators to None, run_after=None
[2023-09-23T09:37:30.209-0400] {processor.py:179} INFO - Processing /home/beau/airflow/py_env/lib/python3.10/site-packages/airflow/example_dags/example_xcomargs.py took 0.080 seconds
[2023-09-23T09:38:16.598-0400] {processor.py:157} INFO - Started process (PID=2166) to work on /home/beau/airflow/py_env/lib/python3.10/site-packages/airflow/example_dags/example_xcomargs.py
[2023-09-23T09:38:16.600-0400] {processor.py:829} INFO - Processing file /home/beau/airflow/py_env/lib/python3.10/site-packages/airflow/example_dags/example_xcomargs.py for tasks to queue
[2023-09-23T09:38:16.602-0400] {logging_mixin.py:151} INFO - [2023-09-23T09:38:16.601-0400] {dagbag.py:539} INFO - Filling up the DagBag from /home/beau/airflow/py_env/lib/python3.10/site-packages/airflow/example_dags/example_xcomargs.py
[2023-09-23T09:38:16.609-0400] {processor.py:839} INFO - DAG(s) dict_keys(['example_xcom_args', 'example_xcom_args_with_operators']) retrieved from /home/beau/airflow/py_env/lib/python3.10/site-packages/airflow/example_dags/example_xcomargs.py
[2023-09-23T09:38:16.627-0400] {logging_mixin.py:151} INFO - [2023-09-23T09:38:16.627-0400] {dag.py:2915} INFO - Sync 2 DAGs
[2023-09-23T09:38:16.639-0400] {logging_mixin.py:151} INFO - [2023-09-23T09:38:16.639-0400] {dag.py:3696} INFO - Setting next_dagrun for example_xcom_args to None, run_after=None
[2023-09-23T09:38:16.642-0400] {logging_mixin.py:151} INFO - [2023-09-23T09:38:16.642-0400] {dag.py:3696} INFO - Setting next_dagrun for example_xcom_args_with_operators to None, run_after=None
[2023-09-23T09:38:16.668-0400] {processor.py:179} INFO - Processing /home/beau/airflow/py_env/lib/python3.10/site-packages/airflow/example_dags/example_xcomargs.py took 0.073 seconds
[2023-09-23T09:39:03.086-0400] {processor.py:157} INFO - Started process (PID=2468) to work on /home/beau/airflow/py_env/lib/python3.10/site-packages/airflow/example_dags/example_xcomargs.py
[2023-09-23T09:39:03.090-0400] {processor.py:829} INFO - Processing file /home/beau/airflow/py_env/lib/python3.10/site-packages/airflow/example_dags/example_xcomargs.py for tasks to queue
[2023-09-23T09:39:03.092-0400] {logging_mixin.py:151} INFO - [2023-09-23T09:39:03.091-0400] {dagbag.py:539} INFO - Filling up the DagBag from /home/beau/airflow/py_env/lib/python3.10/site-packages/airflow/example_dags/example_xcomargs.py
[2023-09-23T09:39:03.103-0400] {processor.py:839} INFO - DAG(s) dict_keys(['example_xcom_args_with_operators', 'example_xcom_args']) retrieved from /home/beau/airflow/py_env/lib/python3.10/site-packages/airflow/example_dags/example_xcomargs.py
[2023-09-23T09:39:03.127-0400] {logging_mixin.py:151} INFO - [2023-09-23T09:39:03.127-0400] {dag.py:2915} INFO - Sync 2 DAGs
[2023-09-23T09:39:03.135-0400] {logging_mixin.py:151} INFO - [2023-09-23T09:39:03.135-0400] {dag.py:3696} INFO - Setting next_dagrun for example_xcom_args to None, run_after=None
[2023-09-23T09:39:03.137-0400] {logging_mixin.py:151} INFO - [2023-09-23T09:39:03.137-0400] {dag.py:3696} INFO - Setting next_dagrun for example_xcom_args_with_operators to None, run_after=None
[2023-09-23T09:39:03.159-0400] {processor.py:179} INFO - Processing /home/beau/airflow/py_env/lib/python3.10/site-packages/airflow/example_dags/example_xcomargs.py took 0.078 seconds
[2023-09-23T09:39:37.588-0400] {processor.py:157} INFO - Started process (PID=2978) to work on /home/beau/airflow/py_env/lib/python3.10/site-packages/airflow/example_dags/example_xcomargs.py
[2023-09-23T09:39:37.592-0400] {processor.py:829} INFO - Processing file /home/beau/airflow/py_env/lib/python3.10/site-packages/airflow/example_dags/example_xcomargs.py for tasks to queue
[2023-09-23T09:39:37.593-0400] {logging_mixin.py:151} INFO - [2023-09-23T09:39:37.592-0400] {dagbag.py:539} INFO - Filling up the DagBag from /home/beau/airflow/py_env/lib/python3.10/site-packages/airflow/example_dags/example_xcomargs.py
[2023-09-23T09:39:37.600-0400] {processor.py:839} INFO - DAG(s) dict_keys(['example_xcom_args', 'example_xcom_args_with_operators']) retrieved from /home/beau/airflow/py_env/lib/python3.10/site-packages/airflow/example_dags/example_xcomargs.py
[2023-09-23T09:39:37.616-0400] {logging_mixin.py:151} INFO - [2023-09-23T09:39:37.616-0400] {dag.py:2915} INFO - Sync 2 DAGs
[2023-09-23T09:39:37.625-0400] {logging_mixin.py:151} INFO - [2023-09-23T09:39:37.625-0400] {dag.py:3696} INFO - Setting next_dagrun for example_xcom_args to None, run_after=None
[2023-09-23T09:39:37.628-0400] {logging_mixin.py:151} INFO - [2023-09-23T09:39:37.628-0400] {dag.py:3696} INFO - Setting next_dagrun for example_xcom_args_with_operators to None, run_after=None
[2023-09-23T09:39:37.652-0400] {processor.py:179} INFO - Processing /home/beau/airflow/py_env/lib/python3.10/site-packages/airflow/example_dags/example_xcomargs.py took 0.067 seconds
[2023-09-23T09:40:10.899-0400] {processor.py:157} INFO - Started process (PID=3417) to work on /home/beau/airflow/py_env/lib/python3.10/site-packages/airflow/example_dags/example_xcomargs.py
[2023-09-23T09:40:10.903-0400] {processor.py:829} INFO - Processing file /home/beau/airflow/py_env/lib/python3.10/site-packages/airflow/example_dags/example_xcomargs.py for tasks to queue
[2023-09-23T09:40:10.905-0400] {logging_mixin.py:151} INFO - [2023-09-23T09:40:10.905-0400] {dagbag.py:539} INFO - Filling up the DagBag from /home/beau/airflow/py_env/lib/python3.10/site-packages/airflow/example_dags/example_xcomargs.py
[2023-09-23T09:40:10.926-0400] {processor.py:839} INFO - DAG(s) dict_keys(['example_xcom_args_with_operators', 'example_xcom_args']) retrieved from /home/beau/airflow/py_env/lib/python3.10/site-packages/airflow/example_dags/example_xcomargs.py
[2023-09-23T09:40:10.953-0400] {logging_mixin.py:151} INFO - [2023-09-23T09:40:10.953-0400] {dag.py:2915} INFO - Sync 2 DAGs
[2023-09-23T09:40:10.964-0400] {logging_mixin.py:151} INFO - [2023-09-23T09:40:10.964-0400] {dag.py:3696} INFO - Setting next_dagrun for example_xcom_args to None, run_after=None
[2023-09-23T09:40:10.966-0400] {logging_mixin.py:151} INFO - [2023-09-23T09:40:10.966-0400] {dag.py:3696} INFO - Setting next_dagrun for example_xcom_args_with_operators to None, run_after=None
[2023-09-23T09:40:10.988-0400] {processor.py:179} INFO - Processing /home/beau/airflow/py_env/lib/python3.10/site-packages/airflow/example_dags/example_xcomargs.py took 0.097 seconds
