[2023-09-23T09:06:05.018-0400] {processor.py:157} INFO - Started process (PID=11150) to work on /home/beau/airflow/py_env/lib/python3.10/site-packages/airflow/example_dags/example_time_delta_sensor_async.py
[2023-09-23T09:06:05.020-0400] {processor.py:829} INFO - Processing file /home/beau/airflow/py_env/lib/python3.10/site-packages/airflow/example_dags/example_time_delta_sensor_async.py for tasks to queue
[2023-09-23T09:06:05.021-0400] {logging_mixin.py:151} INFO - [2023-09-23T09:06:05.020-0400] {dagbag.py:539} INFO - Filling up the DagBag from /home/beau/airflow/py_env/lib/python3.10/site-packages/airflow/example_dags/example_time_delta_sensor_async.py
[2023-09-23T09:06:05.032-0400] {processor.py:839} INFO - DAG(s) dict_keys(['example_time_delta_sensor_async']) retrieved from /home/beau/airflow/py_env/lib/python3.10/site-packages/airflow/example_dags/example_time_delta_sensor_async.py
[2023-09-23T09:06:05.138-0400] {logging_mixin.py:151} INFO - [2023-09-23T09:06:05.138-0400] {manager.py:499} INFO - Created Permission View: %s
[2023-09-23T09:06:05.156-0400] {logging_mixin.py:151} INFO - [2023-09-23T09:06:05.156-0400] {manager.py:499} INFO - Created Permission View: %s
[2023-09-23T09:06:05.171-0400] {logging_mixin.py:151} INFO - [2023-09-23T09:06:05.171-0400] {manager.py:499} INFO - Created Permission View: %s
[2023-09-23T09:06:05.172-0400] {logging_mixin.py:151} INFO - [2023-09-23T09:06:05.172-0400] {security.py:708} INFO - Not syncing DAG-level permissions for DAG 'DAG:example_time_delta_sensor_async' as access control is unset.
[2023-09-23T09:06:05.172-0400] {logging_mixin.py:151} INFO - [2023-09-23T09:06:05.172-0400] {dag.py:2915} INFO - Sync 1 DAGs
[2023-09-23T09:06:05.182-0400] {logging_mixin.py:151} INFO - [2023-09-23T09:06:05.182-0400] {dag.py:2937} INFO - Creating ORM DAG for example_time_delta_sensor_async
[2023-09-23T09:06:05.183-0400] {logging_mixin.py:151} INFO - [2023-09-23T09:06:05.183-0400] {dag.py:3696} INFO - Setting next_dagrun for example_time_delta_sensor_async to None, run_after=None
[2023-09-23T09:06:05.207-0400] {processor.py:179} INFO - Processing /home/beau/airflow/py_env/lib/python3.10/site-packages/airflow/example_dags/example_time_delta_sensor_async.py took 0.192 seconds
[2023-09-23T09:06:59.709-0400] {processor.py:157} INFO - Started process (PID=11683) to work on /home/beau/airflow/py_env/lib/python3.10/site-packages/airflow/example_dags/example_time_delta_sensor_async.py
[2023-09-23T09:06:59.711-0400] {processor.py:829} INFO - Processing file /home/beau/airflow/py_env/lib/python3.10/site-packages/airflow/example_dags/example_time_delta_sensor_async.py for tasks to queue
[2023-09-23T09:06:59.712-0400] {logging_mixin.py:151} INFO - [2023-09-23T09:06:59.711-0400] {dagbag.py:539} INFO - Filling up the DagBag from /home/beau/airflow/py_env/lib/python3.10/site-packages/airflow/example_dags/example_time_delta_sensor_async.py
[2023-09-23T09:06:59.717-0400] {processor.py:839} INFO - DAG(s) dict_keys(['example_time_delta_sensor_async']) retrieved from /home/beau/airflow/py_env/lib/python3.10/site-packages/airflow/example_dags/example_time_delta_sensor_async.py
[2023-09-23T09:06:59.733-0400] {logging_mixin.py:151} INFO - [2023-09-23T09:06:59.733-0400] {dag.py:2915} INFO - Sync 1 DAGs
[2023-09-23T09:06:59.743-0400] {logging_mixin.py:151} INFO - [2023-09-23T09:06:59.743-0400] {dag.py:3696} INFO - Setting next_dagrun for example_time_delta_sensor_async to None, run_after=None
[2023-09-23T09:06:59.774-0400] {processor.py:179} INFO - Processing /home/beau/airflow/py_env/lib/python3.10/site-packages/airflow/example_dags/example_time_delta_sensor_async.py took 0.068 seconds
[2023-09-23T09:07:36.939-0400] {processor.py:157} INFO - Started process (PID=11983) to work on /home/beau/airflow/py_env/lib/python3.10/site-packages/airflow/example_dags/example_time_delta_sensor_async.py
[2023-09-23T09:07:36.943-0400] {processor.py:829} INFO - Processing file /home/beau/airflow/py_env/lib/python3.10/site-packages/airflow/example_dags/example_time_delta_sensor_async.py for tasks to queue
[2023-09-23T09:07:36.944-0400] {logging_mixin.py:151} INFO - [2023-09-23T09:07:36.944-0400] {dagbag.py:539} INFO - Filling up the DagBag from /home/beau/airflow/py_env/lib/python3.10/site-packages/airflow/example_dags/example_time_delta_sensor_async.py
[2023-09-23T09:07:36.950-0400] {processor.py:839} INFO - DAG(s) dict_keys(['example_time_delta_sensor_async']) retrieved from /home/beau/airflow/py_env/lib/python3.10/site-packages/airflow/example_dags/example_time_delta_sensor_async.py
[2023-09-23T09:07:36.968-0400] {logging_mixin.py:151} INFO - [2023-09-23T09:07:36.968-0400] {dag.py:2915} INFO - Sync 1 DAGs
[2023-09-23T09:07:36.978-0400] {logging_mixin.py:151} INFO - [2023-09-23T09:07:36.977-0400] {dag.py:3696} INFO - Setting next_dagrun for example_time_delta_sensor_async to None, run_after=None
[2023-09-23T09:07:37.001-0400] {processor.py:179} INFO - Processing /home/beau/airflow/py_env/lib/python3.10/site-packages/airflow/example_dags/example_time_delta_sensor_async.py took 0.065 seconds
[2023-09-23T09:08:12.280-0400] {processor.py:157} INFO - Started process (PID=12182) to work on /home/beau/airflow/py_env/lib/python3.10/site-packages/airflow/example_dags/example_time_delta_sensor_async.py
[2023-09-23T09:08:12.284-0400] {processor.py:829} INFO - Processing file /home/beau/airflow/py_env/lib/python3.10/site-packages/airflow/example_dags/example_time_delta_sensor_async.py for tasks to queue
[2023-09-23T09:08:12.286-0400] {logging_mixin.py:151} INFO - [2023-09-23T09:08:12.285-0400] {dagbag.py:539} INFO - Filling up the DagBag from /home/beau/airflow/py_env/lib/python3.10/site-packages/airflow/example_dags/example_time_delta_sensor_async.py
[2023-09-23T09:08:12.294-0400] {processor.py:839} INFO - DAG(s) dict_keys(['example_time_delta_sensor_async']) retrieved from /home/beau/airflow/py_env/lib/python3.10/site-packages/airflow/example_dags/example_time_delta_sensor_async.py
[2023-09-23T09:08:12.325-0400] {logging_mixin.py:151} INFO - [2023-09-23T09:08:12.325-0400] {dag.py:2915} INFO - Sync 1 DAGs
[2023-09-23T09:08:12.336-0400] {logging_mixin.py:151} INFO - [2023-09-23T09:08:12.336-0400] {dag.py:3696} INFO - Setting next_dagrun for example_time_delta_sensor_async to None, run_after=None
[2023-09-23T09:08:12.358-0400] {processor.py:179} INFO - Processing /home/beau/airflow/py_env/lib/python3.10/site-packages/airflow/example_dags/example_time_delta_sensor_async.py took 0.084 seconds
[2023-09-23T09:08:47.059-0400] {processor.py:157} INFO - Started process (PID=12470) to work on /home/beau/airflow/py_env/lib/python3.10/site-packages/airflow/example_dags/example_time_delta_sensor_async.py
[2023-09-23T09:08:47.060-0400] {processor.py:829} INFO - Processing file /home/beau/airflow/py_env/lib/python3.10/site-packages/airflow/example_dags/example_time_delta_sensor_async.py for tasks to queue
[2023-09-23T09:08:47.061-0400] {logging_mixin.py:151} INFO - [2023-09-23T09:08:47.061-0400] {dagbag.py:539} INFO - Filling up the DagBag from /home/beau/airflow/py_env/lib/python3.10/site-packages/airflow/example_dags/example_time_delta_sensor_async.py
[2023-09-23T09:08:47.065-0400] {processor.py:839} INFO - DAG(s) dict_keys(['example_time_delta_sensor_async']) retrieved from /home/beau/airflow/py_env/lib/python3.10/site-packages/airflow/example_dags/example_time_delta_sensor_async.py
[2023-09-23T09:08:47.081-0400] {logging_mixin.py:151} INFO - [2023-09-23T09:08:47.081-0400] {dag.py:2915} INFO - Sync 1 DAGs
[2023-09-23T09:08:47.092-0400] {logging_mixin.py:151} INFO - [2023-09-23T09:08:47.091-0400] {dag.py:3696} INFO - Setting next_dagrun for example_time_delta_sensor_async to None, run_after=None
[2023-09-23T09:08:47.118-0400] {processor.py:179} INFO - Processing /home/beau/airflow/py_env/lib/python3.10/site-packages/airflow/example_dags/example_time_delta_sensor_async.py took 0.063 seconds
[2023-09-23T09:09:19.689-0400] {processor.py:157} INFO - Started process (PID=12749) to work on /home/beau/airflow/py_env/lib/python3.10/site-packages/airflow/example_dags/example_time_delta_sensor_async.py
[2023-09-23T09:09:19.693-0400] {processor.py:829} INFO - Processing file /home/beau/airflow/py_env/lib/python3.10/site-packages/airflow/example_dags/example_time_delta_sensor_async.py for tasks to queue
[2023-09-23T09:09:19.694-0400] {logging_mixin.py:151} INFO - [2023-09-23T09:09:19.694-0400] {dagbag.py:539} INFO - Filling up the DagBag from /home/beau/airflow/py_env/lib/python3.10/site-packages/airflow/example_dags/example_time_delta_sensor_async.py
[2023-09-23T09:09:19.700-0400] {processor.py:839} INFO - DAG(s) dict_keys(['example_time_delta_sensor_async']) retrieved from /home/beau/airflow/py_env/lib/python3.10/site-packages/airflow/example_dags/example_time_delta_sensor_async.py
[2023-09-23T09:09:19.719-0400] {logging_mixin.py:151} INFO - [2023-09-23T09:09:19.718-0400] {dag.py:2915} INFO - Sync 1 DAGs
[2023-09-23T09:09:19.728-0400] {logging_mixin.py:151} INFO - [2023-09-23T09:09:19.727-0400] {dag.py:3696} INFO - Setting next_dagrun for example_time_delta_sensor_async to None, run_after=None
[2023-09-23T09:09:19.750-0400] {processor.py:179} INFO - Processing /home/beau/airflow/py_env/lib/python3.10/site-packages/airflow/example_dags/example_time_delta_sensor_async.py took 0.065 seconds
[2023-09-23T09:09:51.681-0400] {processor.py:157} INFO - Started process (PID=12871) to work on /home/beau/airflow/py_env/lib/python3.10/site-packages/airflow/example_dags/example_time_delta_sensor_async.py
[2023-09-23T09:09:51.685-0400] {processor.py:829} INFO - Processing file /home/beau/airflow/py_env/lib/python3.10/site-packages/airflow/example_dags/example_time_delta_sensor_async.py for tasks to queue
[2023-09-23T09:09:51.686-0400] {logging_mixin.py:151} INFO - [2023-09-23T09:09:51.686-0400] {dagbag.py:539} INFO - Filling up the DagBag from /home/beau/airflow/py_env/lib/python3.10/site-packages/airflow/example_dags/example_time_delta_sensor_async.py
[2023-09-23T09:09:51.692-0400] {processor.py:839} INFO - DAG(s) dict_keys(['example_time_delta_sensor_async']) retrieved from /home/beau/airflow/py_env/lib/python3.10/site-packages/airflow/example_dags/example_time_delta_sensor_async.py
[2023-09-23T09:09:51.710-0400] {logging_mixin.py:151} INFO - [2023-09-23T09:09:51.710-0400] {dag.py:2915} INFO - Sync 1 DAGs
[2023-09-23T09:09:51.722-0400] {logging_mixin.py:151} INFO - [2023-09-23T09:09:51.722-0400] {dag.py:3696} INFO - Setting next_dagrun for example_time_delta_sensor_async to None, run_after=None
[2023-09-23T09:09:51.747-0400] {processor.py:179} INFO - Processing /home/beau/airflow/py_env/lib/python3.10/site-packages/airflow/example_dags/example_time_delta_sensor_async.py took 0.070 seconds
[2023-09-23T09:10:22.995-0400] {processor.py:157} INFO - Started process (PID=13053) to work on /home/beau/airflow/py_env/lib/python3.10/site-packages/airflow/example_dags/example_time_delta_sensor_async.py
[2023-09-23T09:10:23.000-0400] {processor.py:829} INFO - Processing file /home/beau/airflow/py_env/lib/python3.10/site-packages/airflow/example_dags/example_time_delta_sensor_async.py for tasks to queue
[2023-09-23T09:10:23.002-0400] {logging_mixin.py:151} INFO - [2023-09-23T09:10:23.001-0400] {dagbag.py:539} INFO - Filling up the DagBag from /home/beau/airflow/py_env/lib/python3.10/site-packages/airflow/example_dags/example_time_delta_sensor_async.py
[2023-09-23T09:10:23.010-0400] {processor.py:839} INFO - DAG(s) dict_keys(['example_time_delta_sensor_async']) retrieved from /home/beau/airflow/py_env/lib/python3.10/site-packages/airflow/example_dags/example_time_delta_sensor_async.py
[2023-09-23T09:10:23.030-0400] {logging_mixin.py:151} INFO - [2023-09-23T09:10:23.030-0400] {dag.py:2915} INFO - Sync 1 DAGs
[2023-09-23T09:10:23.043-0400] {logging_mixin.py:151} INFO - [2023-09-23T09:10:23.043-0400] {dag.py:3696} INFO - Setting next_dagrun for example_time_delta_sensor_async to None, run_after=None
[2023-09-23T09:10:23.066-0400] {processor.py:179} INFO - Processing /home/beau/airflow/py_env/lib/python3.10/site-packages/airflow/example_dags/example_time_delta_sensor_async.py took 0.078 seconds
[2023-09-23T09:10:56.777-0400] {processor.py:157} INFO - Started process (PID=13248) to work on /home/beau/airflow/py_env/lib/python3.10/site-packages/airflow/example_dags/example_time_delta_sensor_async.py
[2023-09-23T09:10:56.781-0400] {processor.py:829} INFO - Processing file /home/beau/airflow/py_env/lib/python3.10/site-packages/airflow/example_dags/example_time_delta_sensor_async.py for tasks to queue
[2023-09-23T09:10:56.783-0400] {logging_mixin.py:151} INFO - [2023-09-23T09:10:56.782-0400] {dagbag.py:539} INFO - Filling up the DagBag from /home/beau/airflow/py_env/lib/python3.10/site-packages/airflow/example_dags/example_time_delta_sensor_async.py
[2023-09-23T09:10:56.791-0400] {processor.py:839} INFO - DAG(s) dict_keys(['example_time_delta_sensor_async']) retrieved from /home/beau/airflow/py_env/lib/python3.10/site-packages/airflow/example_dags/example_time_delta_sensor_async.py
[2023-09-23T09:10:56.812-0400] {logging_mixin.py:151} INFO - [2023-09-23T09:10:56.812-0400] {dag.py:2915} INFO - Sync 1 DAGs
[2023-09-23T09:10:56.824-0400] {logging_mixin.py:151} INFO - [2023-09-23T09:10:56.824-0400] {dag.py:3696} INFO - Setting next_dagrun for example_time_delta_sensor_async to None, run_after=None
[2023-09-23T09:10:56.850-0400] {processor.py:179} INFO - Processing /home/beau/airflow/py_env/lib/python3.10/site-packages/airflow/example_dags/example_time_delta_sensor_async.py took 0.078 seconds
[2023-09-23T09:11:29.315-0400] {processor.py:157} INFO - Started process (PID=13623) to work on /home/beau/airflow/py_env/lib/python3.10/site-packages/airflow/example_dags/example_time_delta_sensor_async.py
[2023-09-23T09:11:29.317-0400] {processor.py:829} INFO - Processing file /home/beau/airflow/py_env/lib/python3.10/site-packages/airflow/example_dags/example_time_delta_sensor_async.py for tasks to queue
[2023-09-23T09:11:29.318-0400] {logging_mixin.py:151} INFO - [2023-09-23T09:11:29.317-0400] {dagbag.py:539} INFO - Filling up the DagBag from /home/beau/airflow/py_env/lib/python3.10/site-packages/airflow/example_dags/example_time_delta_sensor_async.py
[2023-09-23T09:11:29.324-0400] {processor.py:839} INFO - DAG(s) dict_keys(['example_time_delta_sensor_async']) retrieved from /home/beau/airflow/py_env/lib/python3.10/site-packages/airflow/example_dags/example_time_delta_sensor_async.py
[2023-09-23T09:11:29.348-0400] {logging_mixin.py:151} INFO - [2023-09-23T09:11:29.347-0400] {dag.py:2915} INFO - Sync 1 DAGs
[2023-09-23T09:11:29.357-0400] {logging_mixin.py:151} INFO - [2023-09-23T09:11:29.357-0400] {dag.py:3696} INFO - Setting next_dagrun for example_time_delta_sensor_async to None, run_after=None
[2023-09-23T09:11:29.386-0400] {processor.py:179} INFO - Processing /home/beau/airflow/py_env/lib/python3.10/site-packages/airflow/example_dags/example_time_delta_sensor_async.py took 0.075 seconds
[2023-09-23T09:12:01.482-0400] {processor.py:157} INFO - Started process (PID=13785) to work on /home/beau/airflow/py_env/lib/python3.10/site-packages/airflow/example_dags/example_time_delta_sensor_async.py
[2023-09-23T09:12:01.484-0400] {processor.py:829} INFO - Processing file /home/beau/airflow/py_env/lib/python3.10/site-packages/airflow/example_dags/example_time_delta_sensor_async.py for tasks to queue
[2023-09-23T09:12:01.486-0400] {logging_mixin.py:151} INFO - [2023-09-23T09:12:01.485-0400] {dagbag.py:539} INFO - Filling up the DagBag from /home/beau/airflow/py_env/lib/python3.10/site-packages/airflow/example_dags/example_time_delta_sensor_async.py
[2023-09-23T09:12:01.494-0400] {processor.py:839} INFO - DAG(s) dict_keys(['example_time_delta_sensor_async']) retrieved from /home/beau/airflow/py_env/lib/python3.10/site-packages/airflow/example_dags/example_time_delta_sensor_async.py
[2023-09-23T09:12:01.514-0400] {logging_mixin.py:151} INFO - [2023-09-23T09:12:01.514-0400] {dag.py:2915} INFO - Sync 1 DAGs
[2023-09-23T09:12:01.525-0400] {logging_mixin.py:151} INFO - [2023-09-23T09:12:01.524-0400] {dag.py:3696} INFO - Setting next_dagrun for example_time_delta_sensor_async to None, run_after=None
[2023-09-23T09:12:01.546-0400] {processor.py:179} INFO - Processing /home/beau/airflow/py_env/lib/python3.10/site-packages/airflow/example_dags/example_time_delta_sensor_async.py took 0.070 seconds
[2023-09-23T09:12:34.557-0400] {processor.py:157} INFO - Started process (PID=14097) to work on /home/beau/airflow/py_env/lib/python3.10/site-packages/airflow/example_dags/example_time_delta_sensor_async.py
[2023-09-23T09:12:34.561-0400] {processor.py:829} INFO - Processing file /home/beau/airflow/py_env/lib/python3.10/site-packages/airflow/example_dags/example_time_delta_sensor_async.py for tasks to queue
[2023-09-23T09:12:34.563-0400] {logging_mixin.py:151} INFO - [2023-09-23T09:12:34.562-0400] {dagbag.py:539} INFO - Filling up the DagBag from /home/beau/airflow/py_env/lib/python3.10/site-packages/airflow/example_dags/example_time_delta_sensor_async.py
[2023-09-23T09:12:34.569-0400] {processor.py:839} INFO - DAG(s) dict_keys(['example_time_delta_sensor_async']) retrieved from /home/beau/airflow/py_env/lib/python3.10/site-packages/airflow/example_dags/example_time_delta_sensor_async.py
[2023-09-23T09:12:34.591-0400] {logging_mixin.py:151} INFO - [2023-09-23T09:12:34.591-0400] {dag.py:2915} INFO - Sync 1 DAGs
[2023-09-23T09:12:34.600-0400] {logging_mixin.py:151} INFO - [2023-09-23T09:12:34.600-0400] {dag.py:3696} INFO - Setting next_dagrun for example_time_delta_sensor_async to None, run_after=None
[2023-09-23T09:12:34.624-0400] {processor.py:179} INFO - Processing /home/beau/airflow/py_env/lib/python3.10/site-packages/airflow/example_dags/example_time_delta_sensor_async.py took 0.072 seconds
[2023-09-23T09:13:07.764-0400] {processor.py:157} INFO - Started process (PID=14475) to work on /home/beau/airflow/py_env/lib/python3.10/site-packages/airflow/example_dags/example_time_delta_sensor_async.py
[2023-09-23T09:13:07.766-0400] {processor.py:829} INFO - Processing file /home/beau/airflow/py_env/lib/python3.10/site-packages/airflow/example_dags/example_time_delta_sensor_async.py for tasks to queue
[2023-09-23T09:13:07.767-0400] {logging_mixin.py:151} INFO - [2023-09-23T09:13:07.766-0400] {dagbag.py:539} INFO - Filling up the DagBag from /home/beau/airflow/py_env/lib/python3.10/site-packages/airflow/example_dags/example_time_delta_sensor_async.py
[2023-09-23T09:13:07.771-0400] {processor.py:839} INFO - DAG(s) dict_keys(['example_time_delta_sensor_async']) retrieved from /home/beau/airflow/py_env/lib/python3.10/site-packages/airflow/example_dags/example_time_delta_sensor_async.py
[2023-09-23T09:13:07.803-0400] {logging_mixin.py:151} INFO - [2023-09-23T09:13:07.802-0400] {dag.py:2915} INFO - Sync 1 DAGs
[2023-09-23T09:13:07.819-0400] {logging_mixin.py:151} INFO - [2023-09-23T09:13:07.819-0400] {dag.py:3696} INFO - Setting next_dagrun for example_time_delta_sensor_async to None, run_after=None
[2023-09-23T09:13:07.846-0400] {processor.py:179} INFO - Processing /home/beau/airflow/py_env/lib/python3.10/site-packages/airflow/example_dags/example_time_delta_sensor_async.py took 0.085 seconds
[2023-09-23T09:13:41.131-0400] {processor.py:157} INFO - Started process (PID=14826) to work on /home/beau/airflow/py_env/lib/python3.10/site-packages/airflow/example_dags/example_time_delta_sensor_async.py
[2023-09-23T09:13:41.134-0400] {processor.py:829} INFO - Processing file /home/beau/airflow/py_env/lib/python3.10/site-packages/airflow/example_dags/example_time_delta_sensor_async.py for tasks to queue
[2023-09-23T09:13:41.137-0400] {logging_mixin.py:151} INFO - [2023-09-23T09:13:41.136-0400] {dagbag.py:539} INFO - Filling up the DagBag from /home/beau/airflow/py_env/lib/python3.10/site-packages/airflow/example_dags/example_time_delta_sensor_async.py
[2023-09-23T09:13:41.150-0400] {processor.py:839} INFO - DAG(s) dict_keys(['example_time_delta_sensor_async']) retrieved from /home/beau/airflow/py_env/lib/python3.10/site-packages/airflow/example_dags/example_time_delta_sensor_async.py
[2023-09-23T09:13:41.179-0400] {logging_mixin.py:151} INFO - [2023-09-23T09:13:41.178-0400] {dag.py:2915} INFO - Sync 1 DAGs
[2023-09-23T09:13:41.190-0400] {logging_mixin.py:151} INFO - [2023-09-23T09:13:41.190-0400] {dag.py:3696} INFO - Setting next_dagrun for example_time_delta_sensor_async to None, run_after=None
[2023-09-23T09:13:41.214-0400] {processor.py:179} INFO - Processing /home/beau/airflow/py_env/lib/python3.10/site-packages/airflow/example_dags/example_time_delta_sensor_async.py took 0.092 seconds
[2023-09-23T09:14:12.650-0400] {processor.py:157} INFO - Started process (PID=15135) to work on /home/beau/airflow/py_env/lib/python3.10/site-packages/airflow/example_dags/example_time_delta_sensor_async.py
[2023-09-23T09:14:12.651-0400] {processor.py:829} INFO - Processing file /home/beau/airflow/py_env/lib/python3.10/site-packages/airflow/example_dags/example_time_delta_sensor_async.py for tasks to queue
[2023-09-23T09:14:12.652-0400] {logging_mixin.py:151} INFO - [2023-09-23T09:14:12.651-0400] {dagbag.py:539} INFO - Filling up the DagBag from /home/beau/airflow/py_env/lib/python3.10/site-packages/airflow/example_dags/example_time_delta_sensor_async.py
[2023-09-23T09:14:12.656-0400] {processor.py:839} INFO - DAG(s) dict_keys(['example_time_delta_sensor_async']) retrieved from /home/beau/airflow/py_env/lib/python3.10/site-packages/airflow/example_dags/example_time_delta_sensor_async.py
[2023-09-23T09:14:12.670-0400] {logging_mixin.py:151} INFO - [2023-09-23T09:14:12.670-0400] {dag.py:2915} INFO - Sync 1 DAGs
[2023-09-23T09:14:12.679-0400] {logging_mixin.py:151} INFO - [2023-09-23T09:14:12.679-0400] {dag.py:3696} INFO - Setting next_dagrun for example_time_delta_sensor_async to None, run_after=None
[2023-09-23T09:14:12.703-0400] {processor.py:179} INFO - Processing /home/beau/airflow/py_env/lib/python3.10/site-packages/airflow/example_dags/example_time_delta_sensor_async.py took 0.056 seconds
[2023-09-23T09:14:44.184-0400] {processor.py:157} INFO - Started process (PID=15256) to work on /home/beau/airflow/py_env/lib/python3.10/site-packages/airflow/example_dags/example_time_delta_sensor_async.py
[2023-09-23T09:14:44.188-0400] {processor.py:829} INFO - Processing file /home/beau/airflow/py_env/lib/python3.10/site-packages/airflow/example_dags/example_time_delta_sensor_async.py for tasks to queue
[2023-09-23T09:14:44.190-0400] {logging_mixin.py:151} INFO - [2023-09-23T09:14:44.189-0400] {dagbag.py:539} INFO - Filling up the DagBag from /home/beau/airflow/py_env/lib/python3.10/site-packages/airflow/example_dags/example_time_delta_sensor_async.py
[2023-09-23T09:14:44.197-0400] {processor.py:839} INFO - DAG(s) dict_keys(['example_time_delta_sensor_async']) retrieved from /home/beau/airflow/py_env/lib/python3.10/site-packages/airflow/example_dags/example_time_delta_sensor_async.py
[2023-09-23T09:14:44.222-0400] {logging_mixin.py:151} INFO - [2023-09-23T09:14:44.222-0400] {dag.py:2915} INFO - Sync 1 DAGs
[2023-09-23T09:14:44.231-0400] {logging_mixin.py:151} INFO - [2023-09-23T09:14:44.231-0400] {dag.py:3696} INFO - Setting next_dagrun for example_time_delta_sensor_async to None, run_after=None
[2023-09-23T09:14:44.253-0400] {processor.py:179} INFO - Processing /home/beau/airflow/py_env/lib/python3.10/site-packages/airflow/example_dags/example_time_delta_sensor_async.py took 0.077 seconds
[2023-09-23T09:15:19.700-0400] {processor.py:157} INFO - Started process (PID=15453) to work on /home/beau/airflow/py_env/lib/python3.10/site-packages/airflow/example_dags/example_time_delta_sensor_async.py
[2023-09-23T09:15:19.703-0400] {processor.py:829} INFO - Processing file /home/beau/airflow/py_env/lib/python3.10/site-packages/airflow/example_dags/example_time_delta_sensor_async.py for tasks to queue
[2023-09-23T09:15:19.704-0400] {logging_mixin.py:151} INFO - [2023-09-23T09:15:19.703-0400] {dagbag.py:539} INFO - Filling up the DagBag from /home/beau/airflow/py_env/lib/python3.10/site-packages/airflow/example_dags/example_time_delta_sensor_async.py
[2023-09-23T09:15:19.709-0400] {processor.py:839} INFO - DAG(s) dict_keys(['example_time_delta_sensor_async']) retrieved from /home/beau/airflow/py_env/lib/python3.10/site-packages/airflow/example_dags/example_time_delta_sensor_async.py
[2023-09-23T09:15:19.728-0400] {logging_mixin.py:151} INFO - [2023-09-23T09:15:19.728-0400] {dag.py:2915} INFO - Sync 1 DAGs
[2023-09-23T09:15:19.741-0400] {logging_mixin.py:151} INFO - [2023-09-23T09:15:19.741-0400] {dag.py:3696} INFO - Setting next_dagrun for example_time_delta_sensor_async to None, run_after=None
[2023-09-23T09:15:19.771-0400] {processor.py:179} INFO - Processing /home/beau/airflow/py_env/lib/python3.10/site-packages/airflow/example_dags/example_time_delta_sensor_async.py took 0.075 seconds
[2023-09-23T09:17:12.261-0400] {processor.py:157} INFO - Started process (PID=16600) to work on /home/beau/airflow/py_env/lib/python3.10/site-packages/airflow/example_dags/example_time_delta_sensor_async.py
[2023-09-23T09:17:12.264-0400] {processor.py:829} INFO - Processing file /home/beau/airflow/py_env/lib/python3.10/site-packages/airflow/example_dags/example_time_delta_sensor_async.py for tasks to queue
[2023-09-23T09:17:12.265-0400] {logging_mixin.py:151} INFO - [2023-09-23T09:17:12.264-0400] {dagbag.py:539} INFO - Filling up the DagBag from /home/beau/airflow/py_env/lib/python3.10/site-packages/airflow/example_dags/example_time_delta_sensor_async.py
[2023-09-23T09:17:12.272-0400] {processor.py:839} INFO - DAG(s) dict_keys(['example_time_delta_sensor_async']) retrieved from /home/beau/airflow/py_env/lib/python3.10/site-packages/airflow/example_dags/example_time_delta_sensor_async.py
[2023-09-23T09:17:12.281-0400] {logging_mixin.py:151} INFO - [2023-09-23T09:17:12.281-0400] {dag.py:2915} INFO - Sync 1 DAGs
[2023-09-23T09:17:12.294-0400] {logging_mixin.py:151} INFO - [2023-09-23T09:17:12.293-0400] {dag.py:3696} INFO - Setting next_dagrun for example_time_delta_sensor_async to None, run_after=None
[2023-09-23T09:17:12.315-0400] {processor.py:179} INFO - Processing /home/beau/airflow/py_env/lib/python3.10/site-packages/airflow/example_dags/example_time_delta_sensor_async.py took 0.058 seconds
[2023-09-23T09:17:59.403-0400] {processor.py:157} INFO - Started process (PID=16946) to work on /home/beau/airflow/py_env/lib/python3.10/site-packages/airflow/example_dags/example_time_delta_sensor_async.py
[2023-09-23T09:17:59.407-0400] {processor.py:829} INFO - Processing file /home/beau/airflow/py_env/lib/python3.10/site-packages/airflow/example_dags/example_time_delta_sensor_async.py for tasks to queue
[2023-09-23T09:17:59.408-0400] {logging_mixin.py:151} INFO - [2023-09-23T09:17:59.408-0400] {dagbag.py:539} INFO - Filling up the DagBag from /home/beau/airflow/py_env/lib/python3.10/site-packages/airflow/example_dags/example_time_delta_sensor_async.py
[2023-09-23T09:17:59.416-0400] {processor.py:839} INFO - DAG(s) dict_keys(['example_time_delta_sensor_async']) retrieved from /home/beau/airflow/py_env/lib/python3.10/site-packages/airflow/example_dags/example_time_delta_sensor_async.py
[2023-09-23T09:17:59.441-0400] {logging_mixin.py:151} INFO - [2023-09-23T09:17:59.440-0400] {dag.py:2915} INFO - Sync 1 DAGs
[2023-09-23T09:17:59.454-0400] {logging_mixin.py:151} INFO - [2023-09-23T09:17:59.454-0400] {dag.py:3696} INFO - Setting next_dagrun for example_time_delta_sensor_async to None, run_after=None
[2023-09-23T09:17:59.481-0400] {processor.py:179} INFO - Processing /home/beau/airflow/py_env/lib/python3.10/site-packages/airflow/example_dags/example_time_delta_sensor_async.py took 0.083 seconds
[2023-09-23T09:18:34.691-0400] {processor.py:157} INFO - Started process (PID=17173) to work on /home/beau/airflow/py_env/lib/python3.10/site-packages/airflow/example_dags/example_time_delta_sensor_async.py
[2023-09-23T09:18:34.697-0400] {processor.py:829} INFO - Processing file /home/beau/airflow/py_env/lib/python3.10/site-packages/airflow/example_dags/example_time_delta_sensor_async.py for tasks to queue
[2023-09-23T09:18:34.699-0400] {logging_mixin.py:151} INFO - [2023-09-23T09:18:34.698-0400] {dagbag.py:539} INFO - Filling up the DagBag from /home/beau/airflow/py_env/lib/python3.10/site-packages/airflow/example_dags/example_time_delta_sensor_async.py
[2023-09-23T09:18:34.708-0400] {processor.py:839} INFO - DAG(s) dict_keys(['example_time_delta_sensor_async']) retrieved from /home/beau/airflow/py_env/lib/python3.10/site-packages/airflow/example_dags/example_time_delta_sensor_async.py
[2023-09-23T09:18:34.728-0400] {logging_mixin.py:151} INFO - [2023-09-23T09:18:34.728-0400] {dag.py:2915} INFO - Sync 1 DAGs
[2023-09-23T09:18:34.738-0400] {logging_mixin.py:151} INFO - [2023-09-23T09:18:34.738-0400] {dag.py:3696} INFO - Setting next_dagrun for example_time_delta_sensor_async to None, run_after=None
[2023-09-23T09:18:34.762-0400] {processor.py:179} INFO - Processing /home/beau/airflow/py_env/lib/python3.10/site-packages/airflow/example_dags/example_time_delta_sensor_async.py took 0.081 seconds
[2023-09-23T09:19:09.276-0400] {processor.py:157} INFO - Started process (PID=17315) to work on /home/beau/airflow/py_env/lib/python3.10/site-packages/airflow/example_dags/example_time_delta_sensor_async.py
[2023-09-23T09:19:09.279-0400] {processor.py:829} INFO - Processing file /home/beau/airflow/py_env/lib/python3.10/site-packages/airflow/example_dags/example_time_delta_sensor_async.py for tasks to queue
[2023-09-23T09:19:09.280-0400] {logging_mixin.py:151} INFO - [2023-09-23T09:19:09.279-0400] {dagbag.py:539} INFO - Filling up the DagBag from /home/beau/airflow/py_env/lib/python3.10/site-packages/airflow/example_dags/example_time_delta_sensor_async.py
[2023-09-23T09:19:09.284-0400] {processor.py:839} INFO - DAG(s) dict_keys(['example_time_delta_sensor_async']) retrieved from /home/beau/airflow/py_env/lib/python3.10/site-packages/airflow/example_dags/example_time_delta_sensor_async.py
[2023-09-23T09:19:09.297-0400] {logging_mixin.py:151} INFO - [2023-09-23T09:19:09.297-0400] {dag.py:2915} INFO - Sync 1 DAGs
[2023-09-23T09:19:09.307-0400] {logging_mixin.py:151} INFO - [2023-09-23T09:19:09.306-0400] {dag.py:3696} INFO - Setting next_dagrun for example_time_delta_sensor_async to None, run_after=None
[2023-09-23T09:19:09.328-0400] {processor.py:179} INFO - Processing /home/beau/airflow/py_env/lib/python3.10/site-packages/airflow/example_dags/example_time_delta_sensor_async.py took 0.055 seconds
[2023-09-23T09:19:45.700-0400] {processor.py:157} INFO - Started process (PID=17534) to work on /home/beau/airflow/py_env/lib/python3.10/site-packages/airflow/example_dags/example_time_delta_sensor_async.py
[2023-09-23T09:19:45.704-0400] {processor.py:829} INFO - Processing file /home/beau/airflow/py_env/lib/python3.10/site-packages/airflow/example_dags/example_time_delta_sensor_async.py for tasks to queue
[2023-09-23T09:19:45.705-0400] {logging_mixin.py:151} INFO - [2023-09-23T09:19:45.705-0400] {dagbag.py:539} INFO - Filling up the DagBag from /home/beau/airflow/py_env/lib/python3.10/site-packages/airflow/example_dags/example_time_delta_sensor_async.py
[2023-09-23T09:19:45.713-0400] {processor.py:839} INFO - DAG(s) dict_keys(['example_time_delta_sensor_async']) retrieved from /home/beau/airflow/py_env/lib/python3.10/site-packages/airflow/example_dags/example_time_delta_sensor_async.py
[2023-09-23T09:19:45.730-0400] {logging_mixin.py:151} INFO - [2023-09-23T09:19:45.729-0400] {dag.py:2915} INFO - Sync 1 DAGs
[2023-09-23T09:19:45.741-0400] {logging_mixin.py:151} INFO - [2023-09-23T09:19:45.740-0400] {dag.py:3696} INFO - Setting next_dagrun for example_time_delta_sensor_async to None, run_after=None
[2023-09-23T09:19:45.763-0400] {processor.py:179} INFO - Processing /home/beau/airflow/py_env/lib/python3.10/site-packages/airflow/example_dags/example_time_delta_sensor_async.py took 0.068 seconds
[2023-09-23T09:20:24.210-0400] {processor.py:157} INFO - Started process (PID=17763) to work on /home/beau/airflow/py_env/lib/python3.10/site-packages/airflow/example_dags/example_time_delta_sensor_async.py
[2023-09-23T09:20:24.213-0400] {processor.py:829} INFO - Processing file /home/beau/airflow/py_env/lib/python3.10/site-packages/airflow/example_dags/example_time_delta_sensor_async.py for tasks to queue
[2023-09-23T09:20:24.214-0400] {logging_mixin.py:151} INFO - [2023-09-23T09:20:24.214-0400] {dagbag.py:539} INFO - Filling up the DagBag from /home/beau/airflow/py_env/lib/python3.10/site-packages/airflow/example_dags/example_time_delta_sensor_async.py
[2023-09-23T09:20:24.218-0400] {processor.py:839} INFO - DAG(s) dict_keys(['example_time_delta_sensor_async']) retrieved from /home/beau/airflow/py_env/lib/python3.10/site-packages/airflow/example_dags/example_time_delta_sensor_async.py
[2023-09-23T09:20:24.236-0400] {logging_mixin.py:151} INFO - [2023-09-23T09:20:24.235-0400] {dag.py:2915} INFO - Sync 1 DAGs
[2023-09-23T09:20:24.248-0400] {logging_mixin.py:151} INFO - [2023-09-23T09:20:24.247-0400] {dag.py:3696} INFO - Setting next_dagrun for example_time_delta_sensor_async to None, run_after=None
[2023-09-23T09:20:24.277-0400] {processor.py:179} INFO - Processing /home/beau/airflow/py_env/lib/python3.10/site-packages/airflow/example_dags/example_time_delta_sensor_async.py took 0.072 seconds
[2023-09-23T09:21:04.816-0400] {processor.py:157} INFO - Started process (PID=17917) to work on /home/beau/airflow/py_env/lib/python3.10/site-packages/airflow/example_dags/example_time_delta_sensor_async.py
[2023-09-23T09:21:04.821-0400] {processor.py:829} INFO - Processing file /home/beau/airflow/py_env/lib/python3.10/site-packages/airflow/example_dags/example_time_delta_sensor_async.py for tasks to queue
[2023-09-23T09:21:04.823-0400] {logging_mixin.py:151} INFO - [2023-09-23T09:21:04.822-0400] {dagbag.py:539} INFO - Filling up the DagBag from /home/beau/airflow/py_env/lib/python3.10/site-packages/airflow/example_dags/example_time_delta_sensor_async.py
[2023-09-23T09:21:04.832-0400] {processor.py:839} INFO - DAG(s) dict_keys(['example_time_delta_sensor_async']) retrieved from /home/beau/airflow/py_env/lib/python3.10/site-packages/airflow/example_dags/example_time_delta_sensor_async.py
[2023-09-23T09:21:04.847-0400] {logging_mixin.py:151} INFO - [2023-09-23T09:21:04.847-0400] {dag.py:2915} INFO - Sync 1 DAGs
[2023-09-23T09:21:04.856-0400] {logging_mixin.py:151} INFO - [2023-09-23T09:21:04.856-0400] {dag.py:3696} INFO - Setting next_dagrun for example_time_delta_sensor_async to None, run_after=None
[2023-09-23T09:21:04.880-0400] {processor.py:179} INFO - Processing /home/beau/airflow/py_env/lib/python3.10/site-packages/airflow/example_dags/example_time_delta_sensor_async.py took 0.071 seconds
[2023-09-23T09:23:30.288-0400] {processor.py:157} INFO - Started process (PID=19048) to work on /home/beau/airflow/py_env/lib/python3.10/site-packages/airflow/example_dags/example_time_delta_sensor_async.py
[2023-09-23T09:23:30.292-0400] {processor.py:829} INFO - Processing file /home/beau/airflow/py_env/lib/python3.10/site-packages/airflow/example_dags/example_time_delta_sensor_async.py for tasks to queue
[2023-09-23T09:23:30.293-0400] {logging_mixin.py:151} INFO - [2023-09-23T09:23:30.293-0400] {dagbag.py:539} INFO - Filling up the DagBag from /home/beau/airflow/py_env/lib/python3.10/site-packages/airflow/example_dags/example_time_delta_sensor_async.py
[2023-09-23T09:23:30.302-0400] {processor.py:839} INFO - DAG(s) dict_keys(['example_time_delta_sensor_async']) retrieved from /home/beau/airflow/py_env/lib/python3.10/site-packages/airflow/example_dags/example_time_delta_sensor_async.py
[2023-09-23T09:23:30.311-0400] {logging_mixin.py:151} INFO - [2023-09-23T09:23:30.310-0400] {dag.py:2915} INFO - Sync 1 DAGs
[2023-09-23T09:23:30.321-0400] {logging_mixin.py:151} INFO - [2023-09-23T09:23:30.321-0400] {dag.py:3696} INFO - Setting next_dagrun for example_time_delta_sensor_async to None, run_after=None
[2023-09-23T09:23:30.344-0400] {processor.py:179} INFO - Processing /home/beau/airflow/py_env/lib/python3.10/site-packages/airflow/example_dags/example_time_delta_sensor_async.py took 0.060 seconds
[2023-09-23T09:24:17.833-0400] {processor.py:157} INFO - Started process (PID=19436) to work on /home/beau/airflow/py_env/lib/python3.10/site-packages/airflow/example_dags/example_time_delta_sensor_async.py
[2023-09-23T09:24:17.837-0400] {processor.py:829} INFO - Processing file /home/beau/airflow/py_env/lib/python3.10/site-packages/airflow/example_dags/example_time_delta_sensor_async.py for tasks to queue
[2023-09-23T09:24:17.838-0400] {logging_mixin.py:151} INFO - [2023-09-23T09:24:17.838-0400] {dagbag.py:539} INFO - Filling up the DagBag from /home/beau/airflow/py_env/lib/python3.10/site-packages/airflow/example_dags/example_time_delta_sensor_async.py
[2023-09-23T09:24:17.846-0400] {processor.py:839} INFO - DAG(s) dict_keys(['example_time_delta_sensor_async']) retrieved from /home/beau/airflow/py_env/lib/python3.10/site-packages/airflow/example_dags/example_time_delta_sensor_async.py
[2023-09-23T09:24:17.865-0400] {logging_mixin.py:151} INFO - [2023-09-23T09:24:17.865-0400] {dag.py:2915} INFO - Sync 1 DAGs
[2023-09-23T09:24:17.879-0400] {logging_mixin.py:151} INFO - [2023-09-23T09:24:17.879-0400] {dag.py:3696} INFO - Setting next_dagrun for example_time_delta_sensor_async to None, run_after=None
[2023-09-23T09:24:17.903-0400] {processor.py:179} INFO - Processing /home/beau/airflow/py_env/lib/python3.10/site-packages/airflow/example_dags/example_time_delta_sensor_async.py took 0.075 seconds
[2023-09-23T09:24:52.743-0400] {processor.py:157} INFO - Started process (PID=19680) to work on /home/beau/airflow/py_env/lib/python3.10/site-packages/airflow/example_dags/example_time_delta_sensor_async.py
[2023-09-23T09:24:52.745-0400] {processor.py:829} INFO - Processing file /home/beau/airflow/py_env/lib/python3.10/site-packages/airflow/example_dags/example_time_delta_sensor_async.py for tasks to queue
[2023-09-23T09:24:52.747-0400] {logging_mixin.py:151} INFO - [2023-09-23T09:24:52.746-0400] {dagbag.py:539} INFO - Filling up the DagBag from /home/beau/airflow/py_env/lib/python3.10/site-packages/airflow/example_dags/example_time_delta_sensor_async.py
[2023-09-23T09:24:52.752-0400] {processor.py:839} INFO - DAG(s) dict_keys(['example_time_delta_sensor_async']) retrieved from /home/beau/airflow/py_env/lib/python3.10/site-packages/airflow/example_dags/example_time_delta_sensor_async.py
[2023-09-23T09:24:52.773-0400] {logging_mixin.py:151} INFO - [2023-09-23T09:24:52.773-0400] {dag.py:2915} INFO - Sync 1 DAGs
[2023-09-23T09:24:52.784-0400] {logging_mixin.py:151} INFO - [2023-09-23T09:24:52.784-0400] {dag.py:3696} INFO - Setting next_dagrun for example_time_delta_sensor_async to None, run_after=None
[2023-09-23T09:24:52.822-0400] {processor.py:179} INFO - Processing /home/beau/airflow/py_env/lib/python3.10/site-packages/airflow/example_dags/example_time_delta_sensor_async.py took 0.082 seconds
[2023-09-23T09:25:27.874-0400] {processor.py:157} INFO - Started process (PID=19820) to work on /home/beau/airflow/py_env/lib/python3.10/site-packages/airflow/example_dags/example_time_delta_sensor_async.py
[2023-09-23T09:25:27.877-0400] {processor.py:829} INFO - Processing file /home/beau/airflow/py_env/lib/python3.10/site-packages/airflow/example_dags/example_time_delta_sensor_async.py for tasks to queue
[2023-09-23T09:25:27.878-0400] {logging_mixin.py:151} INFO - [2023-09-23T09:25:27.877-0400] {dagbag.py:539} INFO - Filling up the DagBag from /home/beau/airflow/py_env/lib/python3.10/site-packages/airflow/example_dags/example_time_delta_sensor_async.py
[2023-09-23T09:25:27.882-0400] {processor.py:839} INFO - DAG(s) dict_keys(['example_time_delta_sensor_async']) retrieved from /home/beau/airflow/py_env/lib/python3.10/site-packages/airflow/example_dags/example_time_delta_sensor_async.py
[2023-09-23T09:25:27.899-0400] {logging_mixin.py:151} INFO - [2023-09-23T09:25:27.899-0400] {dag.py:2915} INFO - Sync 1 DAGs
[2023-09-23T09:25:27.909-0400] {logging_mixin.py:151} INFO - [2023-09-23T09:25:27.908-0400] {dag.py:3696} INFO - Setting next_dagrun for example_time_delta_sensor_async to None, run_after=None
[2023-09-23T09:25:27.933-0400] {processor.py:179} INFO - Processing /home/beau/airflow/py_env/lib/python3.10/site-packages/airflow/example_dags/example_time_delta_sensor_async.py took 0.062 seconds
[2023-09-23T09:26:02.080-0400] {processor.py:157} INFO - Started process (PID=20056) to work on /home/beau/airflow/py_env/lib/python3.10/site-packages/airflow/example_dags/example_time_delta_sensor_async.py
[2023-09-23T09:26:02.085-0400] {processor.py:829} INFO - Processing file /home/beau/airflow/py_env/lib/python3.10/site-packages/airflow/example_dags/example_time_delta_sensor_async.py for tasks to queue
[2023-09-23T09:26:02.086-0400] {logging_mixin.py:151} INFO - [2023-09-23T09:26:02.086-0400] {dagbag.py:539} INFO - Filling up the DagBag from /home/beau/airflow/py_env/lib/python3.10/site-packages/airflow/example_dags/example_time_delta_sensor_async.py
[2023-09-23T09:26:02.095-0400] {processor.py:839} INFO - DAG(s) dict_keys(['example_time_delta_sensor_async']) retrieved from /home/beau/airflow/py_env/lib/python3.10/site-packages/airflow/example_dags/example_time_delta_sensor_async.py
[2023-09-23T09:26:02.115-0400] {logging_mixin.py:151} INFO - [2023-09-23T09:26:02.115-0400] {dag.py:2915} INFO - Sync 1 DAGs
[2023-09-23T09:26:02.126-0400] {logging_mixin.py:151} INFO - [2023-09-23T09:26:02.125-0400] {dag.py:3696} INFO - Setting next_dagrun for example_time_delta_sensor_async to None, run_after=None
[2023-09-23T09:26:02.149-0400] {processor.py:179} INFO - Processing /home/beau/airflow/py_env/lib/python3.10/site-packages/airflow/example_dags/example_time_delta_sensor_async.py took 0.075 seconds
[2023-09-23T09:30:35.356-0400] {processor.py:157} INFO - Started process (PID=22126) to work on /home/beau/airflow/py_env/lib/python3.10/site-packages/airflow/example_dags/example_time_delta_sensor_async.py
[2023-09-23T09:30:35.359-0400] {processor.py:829} INFO - Processing file /home/beau/airflow/py_env/lib/python3.10/site-packages/airflow/example_dags/example_time_delta_sensor_async.py for tasks to queue
[2023-09-23T09:30:35.360-0400] {logging_mixin.py:151} INFO - [2023-09-23T09:30:35.359-0400] {dagbag.py:539} INFO - Filling up the DagBag from /home/beau/airflow/py_env/lib/python3.10/site-packages/airflow/example_dags/example_time_delta_sensor_async.py
[2023-09-23T09:30:35.369-0400] {processor.py:839} INFO - DAG(s) dict_keys(['example_time_delta_sensor_async']) retrieved from /home/beau/airflow/py_env/lib/python3.10/site-packages/airflow/example_dags/example_time_delta_sensor_async.py
[2023-09-23T09:30:35.378-0400] {logging_mixin.py:151} INFO - [2023-09-23T09:30:35.378-0400] {dag.py:2915} INFO - Sync 1 DAGs
[2023-09-23T09:30:35.389-0400] {logging_mixin.py:151} INFO - [2023-09-23T09:30:35.389-0400] {dag.py:3696} INFO - Setting next_dagrun for example_time_delta_sensor_async to None, run_after=None
[2023-09-23T09:30:35.415-0400] {processor.py:179} INFO - Processing /home/beau/airflow/py_env/lib/python3.10/site-packages/airflow/example_dags/example_time_delta_sensor_async.py took 0.063 seconds
[2023-09-23T09:36:38.705-0400] {processor.py:157} INFO - Started process (PID=804) to work on /home/beau/airflow/py_env/lib/python3.10/site-packages/airflow/example_dags/example_time_delta_sensor_async.py
[2023-09-23T09:36:38.708-0400] {processor.py:829} INFO - Processing file /home/beau/airflow/py_env/lib/python3.10/site-packages/airflow/example_dags/example_time_delta_sensor_async.py for tasks to queue
[2023-09-23T09:36:38.709-0400] {logging_mixin.py:151} INFO - [2023-09-23T09:36:38.709-0400] {dagbag.py:539} INFO - Filling up the DagBag from /home/beau/airflow/py_env/lib/python3.10/site-packages/airflow/example_dags/example_time_delta_sensor_async.py
[2023-09-23T09:36:38.715-0400] {processor.py:839} INFO - DAG(s) dict_keys(['example_time_delta_sensor_async']) retrieved from /home/beau/airflow/py_env/lib/python3.10/site-packages/airflow/example_dags/example_time_delta_sensor_async.py
[2023-09-23T09:36:38.722-0400] {logging_mixin.py:151} INFO - [2023-09-23T09:36:38.722-0400] {dag.py:2915} INFO - Sync 1 DAGs
[2023-09-23T09:36:38.733-0400] {logging_mixin.py:151} INFO - [2023-09-23T09:36:38.733-0400] {dag.py:3696} INFO - Setting next_dagrun for example_time_delta_sensor_async to None, run_after=None
[2023-09-23T09:36:38.754-0400] {processor.py:179} INFO - Processing /home/beau/airflow/py_env/lib/python3.10/site-packages/airflow/example_dags/example_time_delta_sensor_async.py took 0.051 seconds
[2023-09-23T09:37:23.764-0400] {processor.py:157} INFO - Started process (PID=1410) to work on /home/beau/airflow/py_env/lib/python3.10/site-packages/airflow/example_dags/example_time_delta_sensor_async.py
[2023-09-23T09:37:23.765-0400] {processor.py:829} INFO - Processing file /home/beau/airflow/py_env/lib/python3.10/site-packages/airflow/example_dags/example_time_delta_sensor_async.py for tasks to queue
[2023-09-23T09:37:23.766-0400] {logging_mixin.py:151} INFO - [2023-09-23T09:37:23.766-0400] {dagbag.py:539} INFO - Filling up the DagBag from /home/beau/airflow/py_env/lib/python3.10/site-packages/airflow/example_dags/example_time_delta_sensor_async.py
[2023-09-23T09:37:23.771-0400] {processor.py:839} INFO - DAG(s) dict_keys(['example_time_delta_sensor_async']) retrieved from /home/beau/airflow/py_env/lib/python3.10/site-packages/airflow/example_dags/example_time_delta_sensor_async.py
[2023-09-23T09:37:23.784-0400] {logging_mixin.py:151} INFO - [2023-09-23T09:37:23.784-0400] {dag.py:2915} INFO - Sync 1 DAGs
[2023-09-23T09:37:23.793-0400] {logging_mixin.py:151} INFO - [2023-09-23T09:37:23.793-0400] {dag.py:3696} INFO - Setting next_dagrun for example_time_delta_sensor_async to None, run_after=None
[2023-09-23T09:37:23.814-0400] {processor.py:179} INFO - Processing /home/beau/airflow/py_env/lib/python3.10/site-packages/airflow/example_dags/example_time_delta_sensor_async.py took 0.052 seconds
[2023-09-23T09:37:57.259-0400] {processor.py:157} INFO - Started process (PID=1934) to work on /home/beau/airflow/py_env/lib/python3.10/site-packages/airflow/example_dags/example_time_delta_sensor_async.py
[2023-09-23T09:37:57.263-0400] {processor.py:829} INFO - Processing file /home/beau/airflow/py_env/lib/python3.10/site-packages/airflow/example_dags/example_time_delta_sensor_async.py for tasks to queue
[2023-09-23T09:37:57.265-0400] {logging_mixin.py:151} INFO - [2023-09-23T09:37:57.264-0400] {dagbag.py:539} INFO - Filling up the DagBag from /home/beau/airflow/py_env/lib/python3.10/site-packages/airflow/example_dags/example_time_delta_sensor_async.py
[2023-09-23T09:37:57.271-0400] {processor.py:839} INFO - DAG(s) dict_keys(['example_time_delta_sensor_async']) retrieved from /home/beau/airflow/py_env/lib/python3.10/site-packages/airflow/example_dags/example_time_delta_sensor_async.py
[2023-09-23T09:37:57.295-0400] {logging_mixin.py:151} INFO - [2023-09-23T09:37:57.294-0400] {dag.py:2915} INFO - Sync 1 DAGs
[2023-09-23T09:37:57.305-0400] {logging_mixin.py:151} INFO - [2023-09-23T09:37:57.305-0400] {dag.py:3696} INFO - Setting next_dagrun for example_time_delta_sensor_async to None, run_after=None
[2023-09-23T09:37:57.330-0400] {processor.py:179} INFO - Processing /home/beau/airflow/py_env/lib/python3.10/site-packages/airflow/example_dags/example_time_delta_sensor_async.py took 0.079 seconds
[2023-09-23T09:38:30.376-0400] {processor.py:157} INFO - Started process (PID=2222) to work on /home/beau/airflow/py_env/lib/python3.10/site-packages/airflow/example_dags/example_time_delta_sensor_async.py
[2023-09-23T09:38:30.380-0400] {processor.py:829} INFO - Processing file /home/beau/airflow/py_env/lib/python3.10/site-packages/airflow/example_dags/example_time_delta_sensor_async.py for tasks to queue
[2023-09-23T09:38:30.381-0400] {logging_mixin.py:151} INFO - [2023-09-23T09:38:30.380-0400] {dagbag.py:539} INFO - Filling up the DagBag from /home/beau/airflow/py_env/lib/python3.10/site-packages/airflow/example_dags/example_time_delta_sensor_async.py
[2023-09-23T09:38:30.385-0400] {processor.py:839} INFO - DAG(s) dict_keys(['example_time_delta_sensor_async']) retrieved from /home/beau/airflow/py_env/lib/python3.10/site-packages/airflow/example_dags/example_time_delta_sensor_async.py
[2023-09-23T09:38:30.401-0400] {logging_mixin.py:151} INFO - [2023-09-23T09:38:30.401-0400] {dag.py:2915} INFO - Sync 1 DAGs
[2023-09-23T09:38:30.410-0400] {logging_mixin.py:151} INFO - [2023-09-23T09:38:30.410-0400] {dag.py:3696} INFO - Setting next_dagrun for example_time_delta_sensor_async to None, run_after=None
[2023-09-23T09:38:30.432-0400] {processor.py:179} INFO - Processing /home/beau/airflow/py_env/lib/python3.10/site-packages/airflow/example_dags/example_time_delta_sensor_async.py took 0.058 seconds
[2023-09-23T09:39:16.979-0400] {processor.py:157} INFO - Started process (PID=2646) to work on /home/beau/airflow/py_env/lib/python3.10/site-packages/airflow/example_dags/example_time_delta_sensor_async.py
[2023-09-23T09:39:16.982-0400] {processor.py:829} INFO - Processing file /home/beau/airflow/py_env/lib/python3.10/site-packages/airflow/example_dags/example_time_delta_sensor_async.py for tasks to queue
[2023-09-23T09:39:16.983-0400] {logging_mixin.py:151} INFO - [2023-09-23T09:39:16.982-0400] {dagbag.py:539} INFO - Filling up the DagBag from /home/beau/airflow/py_env/lib/python3.10/site-packages/airflow/example_dags/example_time_delta_sensor_async.py
[2023-09-23T09:39:16.989-0400] {processor.py:839} INFO - DAG(s) dict_keys(['example_time_delta_sensor_async']) retrieved from /home/beau/airflow/py_env/lib/python3.10/site-packages/airflow/example_dags/example_time_delta_sensor_async.py
[2023-09-23T09:39:17.012-0400] {logging_mixin.py:151} INFO - [2023-09-23T09:39:17.012-0400] {dag.py:2915} INFO - Sync 1 DAGs
[2023-09-23T09:39:17.021-0400] {logging_mixin.py:151} INFO - [2023-09-23T09:39:17.021-0400] {dag.py:3696} INFO - Setting next_dagrun for example_time_delta_sensor_async to None, run_after=None
[2023-09-23T09:39:17.043-0400] {processor.py:179} INFO - Processing /home/beau/airflow/py_env/lib/python3.10/site-packages/airflow/example_dags/example_time_delta_sensor_async.py took 0.070 seconds
[2023-09-23T09:39:50.532-0400] {processor.py:157} INFO - Started process (PID=3176) to work on /home/beau/airflow/py_env/lib/python3.10/site-packages/airflow/example_dags/example_time_delta_sensor_async.py
[2023-09-23T09:39:50.535-0400] {processor.py:829} INFO - Processing file /home/beau/airflow/py_env/lib/python3.10/site-packages/airflow/example_dags/example_time_delta_sensor_async.py for tasks to queue
[2023-09-23T09:39:50.537-0400] {logging_mixin.py:151} INFO - [2023-09-23T09:39:50.536-0400] {dagbag.py:539} INFO - Filling up the DagBag from /home/beau/airflow/py_env/lib/python3.10/site-packages/airflow/example_dags/example_time_delta_sensor_async.py
[2023-09-23T09:39:50.541-0400] {processor.py:839} INFO - DAG(s) dict_keys(['example_time_delta_sensor_async']) retrieved from /home/beau/airflow/py_env/lib/python3.10/site-packages/airflow/example_dags/example_time_delta_sensor_async.py
[2023-09-23T09:39:50.555-0400] {logging_mixin.py:151} INFO - [2023-09-23T09:39:50.555-0400] {dag.py:2915} INFO - Sync 1 DAGs
[2023-09-23T09:39:50.565-0400] {logging_mixin.py:151} INFO - [2023-09-23T09:39:50.565-0400] {dag.py:3696} INFO - Setting next_dagrun for example_time_delta_sensor_async to None, run_after=None
[2023-09-23T09:39:50.591-0400] {processor.py:179} INFO - Processing /home/beau/airflow/py_env/lib/python3.10/site-packages/airflow/example_dags/example_time_delta_sensor_async.py took 0.063 seconds
[2023-09-23T09:40:27.174-0400] {processor.py:157} INFO - Started process (PID=3601) to work on /home/beau/airflow/py_env/lib/python3.10/site-packages/airflow/example_dags/example_time_delta_sensor_async.py
[2023-09-23T09:40:27.178-0400] {processor.py:829} INFO - Processing file /home/beau/airflow/py_env/lib/python3.10/site-packages/airflow/example_dags/example_time_delta_sensor_async.py for tasks to queue
[2023-09-23T09:40:27.180-0400] {logging_mixin.py:151} INFO - [2023-09-23T09:40:27.179-0400] {dagbag.py:539} INFO - Filling up the DagBag from /home/beau/airflow/py_env/lib/python3.10/site-packages/airflow/example_dags/example_time_delta_sensor_async.py
[2023-09-23T09:40:27.187-0400] {processor.py:839} INFO - DAG(s) dict_keys(['example_time_delta_sensor_async']) retrieved from /home/beau/airflow/py_env/lib/python3.10/site-packages/airflow/example_dags/example_time_delta_sensor_async.py
[2023-09-23T09:40:27.211-0400] {logging_mixin.py:151} INFO - [2023-09-23T09:40:27.211-0400] {dag.py:2915} INFO - Sync 1 DAGs
[2023-09-23T09:40:27.219-0400] {logging_mixin.py:151} INFO - [2023-09-23T09:40:27.219-0400] {dag.py:3696} INFO - Setting next_dagrun for example_time_delta_sensor_async to None, run_after=None
[2023-09-23T09:40:27.240-0400] {processor.py:179} INFO - Processing /home/beau/airflow/py_env/lib/python3.10/site-packages/airflow/example_dags/example_time_delta_sensor_async.py took 0.074 seconds
