[2023-09-23T09:06:34.271-0400] {processor.py:157} INFO - Started process (PID=11431) to work on /home/beau/airflow/py_env/lib/python3.10/site-packages/airflow/example_dags/example_short_circuit_operator.py
[2023-09-23T09:06:34.273-0400] {processor.py:829} INFO - Processing file /home/beau/airflow/py_env/lib/python3.10/site-packages/airflow/example_dags/example_short_circuit_operator.py for tasks to queue
[2023-09-23T09:06:34.275-0400] {logging_mixin.py:151} INFO - [2023-09-23T09:06:34.274-0400] {dagbag.py:539} INFO - Filling up the DagBag from /home/beau/airflow/py_env/lib/python3.10/site-packages/airflow/example_dags/example_short_circuit_operator.py
[2023-09-23T09:06:34.288-0400] {processor.py:839} INFO - DAG(s) dict_keys(['example_short_circuit_operator']) retrieved from /home/beau/airflow/py_env/lib/python3.10/site-packages/airflow/example_dags/example_short_circuit_operator.py
[2023-09-23T09:06:34.389-0400] {logging_mixin.py:151} INFO - [2023-09-23T09:06:34.388-0400] {manager.py:499} INFO - Created Permission View: %s
[2023-09-23T09:06:34.404-0400] {logging_mixin.py:151} INFO - [2023-09-23T09:06:34.403-0400] {manager.py:499} INFO - Created Permission View: %s
[2023-09-23T09:06:34.417-0400] {logging_mixin.py:151} INFO - [2023-09-23T09:06:34.416-0400] {manager.py:499} INFO - Created Permission View: %s
[2023-09-23T09:06:34.417-0400] {logging_mixin.py:151} INFO - [2023-09-23T09:06:34.417-0400] {security.py:708} INFO - Not syncing DAG-level permissions for DAG 'DAG:example_short_circuit_operator' as access control is unset.
[2023-09-23T09:06:34.417-0400] {logging_mixin.py:151} INFO - [2023-09-23T09:06:34.417-0400] {dag.py:2915} INFO - Sync 1 DAGs
[2023-09-23T09:06:34.426-0400] {logging_mixin.py:151} INFO - [2023-09-23T09:06:34.426-0400] {dag.py:2937} INFO - Creating ORM DAG for example_short_circuit_operator
[2023-09-23T09:06:34.433-0400] {logging_mixin.py:151} INFO - [2023-09-23T09:06:34.433-0400] {dag.py:3696} INFO - Setting next_dagrun for example_short_circuit_operator to 2023-09-22T13:06:34.432918+00:00, run_after=2023-09-23T13:06:34.432918+00:00
[2023-09-23T09:06:34.455-0400] {processor.py:179} INFO - Processing /home/beau/airflow/py_env/lib/python3.10/site-packages/airflow/example_dags/example_short_circuit_operator.py took 0.189 seconds
[2023-09-23T09:07:20.904-0400] {processor.py:157} INFO - Started process (PID=11926) to work on /home/beau/airflow/py_env/lib/python3.10/site-packages/airflow/example_dags/example_short_circuit_operator.py
[2023-09-23T09:07:20.909-0400] {processor.py:829} INFO - Processing file /home/beau/airflow/py_env/lib/python3.10/site-packages/airflow/example_dags/example_short_circuit_operator.py for tasks to queue
[2023-09-23T09:07:20.910-0400] {logging_mixin.py:151} INFO - [2023-09-23T09:07:20.910-0400] {dagbag.py:539} INFO - Filling up the DagBag from /home/beau/airflow/py_env/lib/python3.10/site-packages/airflow/example_dags/example_short_circuit_operator.py
[2023-09-23T09:07:20.921-0400] {processor.py:839} INFO - DAG(s) dict_keys(['example_short_circuit_operator']) retrieved from /home/beau/airflow/py_env/lib/python3.10/site-packages/airflow/example_dags/example_short_circuit_operator.py
[2023-09-23T09:07:20.942-0400] {logging_mixin.py:151} INFO - [2023-09-23T09:07:20.942-0400] {dag.py:2915} INFO - Sync 1 DAGs
[2023-09-23T09:07:20.957-0400] {logging_mixin.py:151} INFO - [2023-09-23T09:07:20.957-0400] {dag.py:3696} INFO - Setting next_dagrun for example_short_circuit_operator to 2023-09-22T13:07:20.957597+00:00, run_after=2023-09-23T13:07:20.957597+00:00
[2023-09-23T09:07:20.981-0400] {processor.py:179} INFO - Processing /home/beau/airflow/py_env/lib/python3.10/site-packages/airflow/example_dags/example_short_circuit_operator.py took 0.085 seconds
[2023-09-23T09:08:08.561-0400] {processor.py:157} INFO - Started process (PID=12166) to work on /home/beau/airflow/py_env/lib/python3.10/site-packages/airflow/example_dags/example_short_circuit_operator.py
[2023-09-23T09:08:08.566-0400] {processor.py:829} INFO - Processing file /home/beau/airflow/py_env/lib/python3.10/site-packages/airflow/example_dags/example_short_circuit_operator.py for tasks to queue
[2023-09-23T09:08:08.568-0400] {logging_mixin.py:151} INFO - [2023-09-23T09:08:08.567-0400] {dagbag.py:539} INFO - Filling up the DagBag from /home/beau/airflow/py_env/lib/python3.10/site-packages/airflow/example_dags/example_short_circuit_operator.py
[2023-09-23T09:08:08.586-0400] {processor.py:839} INFO - DAG(s) dict_keys(['example_short_circuit_operator']) retrieved from /home/beau/airflow/py_env/lib/python3.10/site-packages/airflow/example_dags/example_short_circuit_operator.py
[2023-09-23T09:08:08.609-0400] {logging_mixin.py:151} INFO - [2023-09-23T09:08:08.609-0400] {dag.py:2915} INFO - Sync 1 DAGs
[2023-09-23T09:08:08.624-0400] {logging_mixin.py:151} INFO - [2023-09-23T09:08:08.624-0400] {dag.py:3696} INFO - Setting next_dagrun for example_short_circuit_operator to 2023-09-22T13:08:08.624437+00:00, run_after=2023-09-23T13:08:08.624437+00:00
[2023-09-23T09:08:08.647-0400] {processor.py:179} INFO - Processing /home/beau/airflow/py_env/lib/python3.10/site-packages/airflow/example_dags/example_short_circuit_operator.py took 0.093 seconds
[2023-09-23T09:08:59.368-0400] {processor.py:157} INFO - Started process (PID=12609) to work on /home/beau/airflow/py_env/lib/python3.10/site-packages/airflow/example_dags/example_short_circuit_operator.py
[2023-09-23T09:08:59.372-0400] {processor.py:829} INFO - Processing file /home/beau/airflow/py_env/lib/python3.10/site-packages/airflow/example_dags/example_short_circuit_operator.py for tasks to queue
[2023-09-23T09:08:59.373-0400] {logging_mixin.py:151} INFO - [2023-09-23T09:08:59.372-0400] {dagbag.py:539} INFO - Filling up the DagBag from /home/beau/airflow/py_env/lib/python3.10/site-packages/airflow/example_dags/example_short_circuit_operator.py
[2023-09-23T09:08:59.380-0400] {processor.py:839} INFO - DAG(s) dict_keys(['example_short_circuit_operator']) retrieved from /home/beau/airflow/py_env/lib/python3.10/site-packages/airflow/example_dags/example_short_circuit_operator.py
[2023-09-23T09:08:59.394-0400] {logging_mixin.py:151} INFO - [2023-09-23T09:08:59.394-0400] {dag.py:2915} INFO - Sync 1 DAGs
[2023-09-23T09:08:59.411-0400] {logging_mixin.py:151} INFO - [2023-09-23T09:08:59.410-0400] {dag.py:3696} INFO - Setting next_dagrun for example_short_circuit_operator to 2023-09-22T13:08:59.410716+00:00, run_after=2023-09-23T13:08:59.410716+00:00
[2023-09-23T09:08:59.445-0400] {processor.py:179} INFO - Processing /home/beau/airflow/py_env/lib/python3.10/site-packages/airflow/example_dags/example_short_circuit_operator.py took 0.080 seconds
[2023-09-23T09:09:49.019-0400] {processor.py:157} INFO - Started process (PID=12861) to work on /home/beau/airflow/py_env/lib/python3.10/site-packages/airflow/example_dags/example_short_circuit_operator.py
[2023-09-23T09:09:49.022-0400] {processor.py:829} INFO - Processing file /home/beau/airflow/py_env/lib/python3.10/site-packages/airflow/example_dags/example_short_circuit_operator.py for tasks to queue
[2023-09-23T09:09:49.023-0400] {logging_mixin.py:151} INFO - [2023-09-23T09:09:49.023-0400] {dagbag.py:539} INFO - Filling up the DagBag from /home/beau/airflow/py_env/lib/python3.10/site-packages/airflow/example_dags/example_short_circuit_operator.py
[2023-09-23T09:09:49.031-0400] {processor.py:839} INFO - DAG(s) dict_keys(['example_short_circuit_operator']) retrieved from /home/beau/airflow/py_env/lib/python3.10/site-packages/airflow/example_dags/example_short_circuit_operator.py
[2023-09-23T09:09:49.046-0400] {logging_mixin.py:151} INFO - [2023-09-23T09:09:49.046-0400] {dag.py:2915} INFO - Sync 1 DAGs
[2023-09-23T09:09:49.061-0400] {logging_mixin.py:151} INFO - [2023-09-23T09:09:49.061-0400] {dag.py:3696} INFO - Setting next_dagrun for example_short_circuit_operator to 2023-09-22T13:09:49.061029+00:00, run_after=2023-09-23T13:09:49.061029+00:00
[2023-09-23T09:09:49.084-0400] {processor.py:179} INFO - Processing /home/beau/airflow/py_env/lib/python3.10/site-packages/airflow/example_dags/example_short_circuit_operator.py took 0.067 seconds
[2023-09-23T09:10:35.671-0400] {processor.py:157} INFO - Started process (PID=13101) to work on /home/beau/airflow/py_env/lib/python3.10/site-packages/airflow/example_dags/example_short_circuit_operator.py
[2023-09-23T09:10:35.675-0400] {processor.py:829} INFO - Processing file /home/beau/airflow/py_env/lib/python3.10/site-packages/airflow/example_dags/example_short_circuit_operator.py for tasks to queue
[2023-09-23T09:10:35.677-0400] {logging_mixin.py:151} INFO - [2023-09-23T09:10:35.676-0400] {dagbag.py:539} INFO - Filling up the DagBag from /home/beau/airflow/py_env/lib/python3.10/site-packages/airflow/example_dags/example_short_circuit_operator.py
[2023-09-23T09:10:35.689-0400] {processor.py:839} INFO - DAG(s) dict_keys(['example_short_circuit_operator']) retrieved from /home/beau/airflow/py_env/lib/python3.10/site-packages/airflow/example_dags/example_short_circuit_operator.py
[2023-09-23T09:10:35.729-0400] {logging_mixin.py:151} INFO - [2023-09-23T09:10:35.729-0400] {dag.py:2915} INFO - Sync 1 DAGs
[2023-09-23T09:10:35.751-0400] {logging_mixin.py:151} INFO - [2023-09-23T09:10:35.751-0400] {dag.py:3696} INFO - Setting next_dagrun for example_short_circuit_operator to 2023-09-22T13:10:35.750967+00:00, run_after=2023-09-23T13:10:35.750967+00:00
[2023-09-23T09:10:35.779-0400] {processor.py:179} INFO - Processing /home/beau/airflow/py_env/lib/python3.10/site-packages/airflow/example_dags/example_short_circuit_operator.py took 0.111 seconds
[2023-09-23T09:11:24.714-0400] {processor.py:157} INFO - Started process (PID=13604) to work on /home/beau/airflow/py_env/lib/python3.10/site-packages/airflow/example_dags/example_short_circuit_operator.py
[2023-09-23T09:11:24.719-0400] {processor.py:829} INFO - Processing file /home/beau/airflow/py_env/lib/python3.10/site-packages/airflow/example_dags/example_short_circuit_operator.py for tasks to queue
[2023-09-23T09:11:24.722-0400] {logging_mixin.py:151} INFO - [2023-09-23T09:11:24.721-0400] {dagbag.py:539} INFO - Filling up the DagBag from /home/beau/airflow/py_env/lib/python3.10/site-packages/airflow/example_dags/example_short_circuit_operator.py
[2023-09-23T09:11:24.744-0400] {processor.py:839} INFO - DAG(s) dict_keys(['example_short_circuit_operator']) retrieved from /home/beau/airflow/py_env/lib/python3.10/site-packages/airflow/example_dags/example_short_circuit_operator.py
[2023-09-23T09:11:24.771-0400] {logging_mixin.py:151} INFO - [2023-09-23T09:11:24.771-0400] {dag.py:2915} INFO - Sync 1 DAGs
[2023-09-23T09:11:24.787-0400] {logging_mixin.py:151} INFO - [2023-09-23T09:11:24.787-0400] {dag.py:3696} INFO - Setting next_dagrun for example_short_circuit_operator to 2023-09-22T13:11:24.787443+00:00, run_after=2023-09-23T13:11:24.787443+00:00
[2023-09-23T09:11:24.810-0400] {processor.py:179} INFO - Processing /home/beau/airflow/py_env/lib/python3.10/site-packages/airflow/example_dags/example_short_circuit_operator.py took 0.103 seconds
[2023-09-23T09:12:14.000-0400] {processor.py:157} INFO - Started process (PID=13894) to work on /home/beau/airflow/py_env/lib/python3.10/site-packages/airflow/example_dags/example_short_circuit_operator.py
[2023-09-23T09:12:14.004-0400] {processor.py:829} INFO - Processing file /home/beau/airflow/py_env/lib/python3.10/site-packages/airflow/example_dags/example_short_circuit_operator.py for tasks to queue
[2023-09-23T09:12:14.005-0400] {logging_mixin.py:151} INFO - [2023-09-23T09:12:14.004-0400] {dagbag.py:539} INFO - Filling up the DagBag from /home/beau/airflow/py_env/lib/python3.10/site-packages/airflow/example_dags/example_short_circuit_operator.py
[2023-09-23T09:12:14.012-0400] {processor.py:839} INFO - DAG(s) dict_keys(['example_short_circuit_operator']) retrieved from /home/beau/airflow/py_env/lib/python3.10/site-packages/airflow/example_dags/example_short_circuit_operator.py
[2023-09-23T09:12:14.027-0400] {logging_mixin.py:151} INFO - [2023-09-23T09:12:14.027-0400] {dag.py:2915} INFO - Sync 1 DAGs
[2023-09-23T09:12:14.043-0400] {logging_mixin.py:151} INFO - [2023-09-23T09:12:14.042-0400] {dag.py:3696} INFO - Setting next_dagrun for example_short_circuit_operator to 2023-09-22T13:12:14.042792+00:00, run_after=2023-09-23T13:12:14.042792+00:00
[2023-09-23T09:12:14.067-0400] {processor.py:179} INFO - Processing /home/beau/airflow/py_env/lib/python3.10/site-packages/airflow/example_dags/example_short_circuit_operator.py took 0.069 seconds
[2023-09-23T09:13:03.665-0400] {processor.py:157} INFO - Started process (PID=14399) to work on /home/beau/airflow/py_env/lib/python3.10/site-packages/airflow/example_dags/example_short_circuit_operator.py
[2023-09-23T09:13:03.668-0400] {processor.py:829} INFO - Processing file /home/beau/airflow/py_env/lib/python3.10/site-packages/airflow/example_dags/example_short_circuit_operator.py for tasks to queue
[2023-09-23T09:13:03.669-0400] {logging_mixin.py:151} INFO - [2023-09-23T09:13:03.669-0400] {dagbag.py:539} INFO - Filling up the DagBag from /home/beau/airflow/py_env/lib/python3.10/site-packages/airflow/example_dags/example_short_circuit_operator.py
[2023-09-23T09:13:03.677-0400] {processor.py:839} INFO - DAG(s) dict_keys(['example_short_circuit_operator']) retrieved from /home/beau/airflow/py_env/lib/python3.10/site-packages/airflow/example_dags/example_short_circuit_operator.py
[2023-09-23T09:13:03.693-0400] {logging_mixin.py:151} INFO - [2023-09-23T09:13:03.693-0400] {dag.py:2915} INFO - Sync 1 DAGs
[2023-09-23T09:13:03.709-0400] {logging_mixin.py:151} INFO - [2023-09-23T09:13:03.708-0400] {dag.py:3696} INFO - Setting next_dagrun for example_short_circuit_operator to 2023-09-22T13:13:03.708666+00:00, run_after=2023-09-23T13:13:03.708666+00:00
[2023-09-23T09:13:03.734-0400] {processor.py:179} INFO - Processing /home/beau/airflow/py_env/lib/python3.10/site-packages/airflow/example_dags/example_short_circuit_operator.py took 0.072 seconds
[2023-09-23T09:13:53.516-0400] {processor.py:157} INFO - Started process (PID=14875) to work on /home/beau/airflow/py_env/lib/python3.10/site-packages/airflow/example_dags/example_short_circuit_operator.py
[2023-09-23T09:13:53.520-0400] {processor.py:829} INFO - Processing file /home/beau/airflow/py_env/lib/python3.10/site-packages/airflow/example_dags/example_short_circuit_operator.py for tasks to queue
[2023-09-23T09:13:53.522-0400] {logging_mixin.py:151} INFO - [2023-09-23T09:13:53.522-0400] {dagbag.py:539} INFO - Filling up the DagBag from /home/beau/airflow/py_env/lib/python3.10/site-packages/airflow/example_dags/example_short_circuit_operator.py
[2023-09-23T09:13:53.535-0400] {processor.py:839} INFO - DAG(s) dict_keys(['example_short_circuit_operator']) retrieved from /home/beau/airflow/py_env/lib/python3.10/site-packages/airflow/example_dags/example_short_circuit_operator.py
[2023-09-23T09:13:53.551-0400] {logging_mixin.py:151} INFO - [2023-09-23T09:13:53.550-0400] {dag.py:2915} INFO - Sync 1 DAGs
[2023-09-23T09:13:53.569-0400] {logging_mixin.py:151} INFO - [2023-09-23T09:13:53.569-0400] {dag.py:3696} INFO - Setting next_dagrun for example_short_circuit_operator to 2023-09-22T13:13:53.569536+00:00, run_after=2023-09-23T13:13:53.569536+00:00
[2023-09-23T09:13:53.595-0400] {processor.py:179} INFO - Processing /home/beau/airflow/py_env/lib/python3.10/site-packages/airflow/example_dags/example_short_circuit_operator.py took 0.088 seconds
[2023-09-23T09:14:40.002-0400] {processor.py:157} INFO - Started process (PID=15240) to work on /home/beau/airflow/py_env/lib/python3.10/site-packages/airflow/example_dags/example_short_circuit_operator.py
[2023-09-23T09:14:40.005-0400] {processor.py:829} INFO - Processing file /home/beau/airflow/py_env/lib/python3.10/site-packages/airflow/example_dags/example_short_circuit_operator.py for tasks to queue
[2023-09-23T09:14:40.006-0400] {logging_mixin.py:151} INFO - [2023-09-23T09:14:40.006-0400] {dagbag.py:539} INFO - Filling up the DagBag from /home/beau/airflow/py_env/lib/python3.10/site-packages/airflow/example_dags/example_short_circuit_operator.py
[2023-09-23T09:14:40.016-0400] {processor.py:839} INFO - DAG(s) dict_keys(['example_short_circuit_operator']) retrieved from /home/beau/airflow/py_env/lib/python3.10/site-packages/airflow/example_dags/example_short_circuit_operator.py
[2023-09-23T09:14:40.035-0400] {logging_mixin.py:151} INFO - [2023-09-23T09:14:40.035-0400] {dag.py:2915} INFO - Sync 1 DAGs
[2023-09-23T09:14:40.053-0400] {logging_mixin.py:151} INFO - [2023-09-23T09:14:40.053-0400] {dag.py:3696} INFO - Setting next_dagrun for example_short_circuit_operator to 2023-09-22T13:14:40.052968+00:00, run_after=2023-09-23T13:14:40.052968+00:00
[2023-09-23T09:14:40.077-0400] {processor.py:179} INFO - Processing /home/beau/airflow/py_env/lib/python3.10/site-packages/airflow/example_dags/example_short_circuit_operator.py took 0.081 seconds
[2023-09-23T09:15:31.160-0400] {processor.py:157} INFO - Started process (PID=15495) to work on /home/beau/airflow/py_env/lib/python3.10/site-packages/airflow/example_dags/example_short_circuit_operator.py
[2023-09-23T09:15:31.164-0400] {processor.py:829} INFO - Processing file /home/beau/airflow/py_env/lib/python3.10/site-packages/airflow/example_dags/example_short_circuit_operator.py for tasks to queue
[2023-09-23T09:15:31.166-0400] {logging_mixin.py:151} INFO - [2023-09-23T09:15:31.165-0400] {dagbag.py:539} INFO - Filling up the DagBag from /home/beau/airflow/py_env/lib/python3.10/site-packages/airflow/example_dags/example_short_circuit_operator.py
[2023-09-23T09:15:31.180-0400] {processor.py:839} INFO - DAG(s) dict_keys(['example_short_circuit_operator']) retrieved from /home/beau/airflow/py_env/lib/python3.10/site-packages/airflow/example_dags/example_short_circuit_operator.py
[2023-09-23T09:15:31.202-0400] {logging_mixin.py:151} INFO - [2023-09-23T09:15:31.201-0400] {dag.py:2915} INFO - Sync 1 DAGs
[2023-09-23T09:15:31.222-0400] {logging_mixin.py:151} INFO - [2023-09-23T09:15:31.222-0400] {dag.py:3696} INFO - Setting next_dagrun for example_short_circuit_operator to 2023-09-22T13:15:31.222034+00:00, run_after=2023-09-23T13:15:31.222034+00:00
[2023-09-23T09:15:31.257-0400] {processor.py:179} INFO - Processing /home/beau/airflow/py_env/lib/python3.10/site-packages/airflow/example_dags/example_short_circuit_operator.py took 0.102 seconds
[2023-09-23T09:17:33.641-0400] {processor.py:157} INFO - Started process (PID=16849) to work on /home/beau/airflow/py_env/lib/python3.10/site-packages/airflow/example_dags/example_short_circuit_operator.py
[2023-09-23T09:17:33.645-0400] {processor.py:829} INFO - Processing file /home/beau/airflow/py_env/lib/python3.10/site-packages/airflow/example_dags/example_short_circuit_operator.py for tasks to queue
[2023-09-23T09:17:33.646-0400] {logging_mixin.py:151} INFO - [2023-09-23T09:17:33.646-0400] {dagbag.py:539} INFO - Filling up the DagBag from /home/beau/airflow/py_env/lib/python3.10/site-packages/airflow/example_dags/example_short_circuit_operator.py
[2023-09-23T09:17:33.657-0400] {processor.py:839} INFO - DAG(s) dict_keys(['example_short_circuit_operator']) retrieved from /home/beau/airflow/py_env/lib/python3.10/site-packages/airflow/example_dags/example_short_circuit_operator.py
[2023-09-23T09:17:33.666-0400] {logging_mixin.py:151} INFO - [2023-09-23T09:17:33.666-0400] {dag.py:2915} INFO - Sync 1 DAGs
[2023-09-23T09:17:33.684-0400] {logging_mixin.py:151} INFO - [2023-09-23T09:17:33.684-0400] {dag.py:3696} INFO - Setting next_dagrun for example_short_circuit_operator to 2023-09-22T13:17:33.684513+00:00, run_after=2023-09-23T13:17:33.684513+00:00
[2023-09-23T09:17:33.708-0400] {processor.py:179} INFO - Processing /home/beau/airflow/py_env/lib/python3.10/site-packages/airflow/example_dags/example_short_circuit_operator.py took 0.071 seconds
[2023-09-23T09:18:21.461-0400] {processor.py:157} INFO - Started process (PID=17119) to work on /home/beau/airflow/py_env/lib/python3.10/site-packages/airflow/example_dags/example_short_circuit_operator.py
[2023-09-23T09:18:21.465-0400] {processor.py:829} INFO - Processing file /home/beau/airflow/py_env/lib/python3.10/site-packages/airflow/example_dags/example_short_circuit_operator.py for tasks to queue
[2023-09-23T09:18:21.466-0400] {logging_mixin.py:151} INFO - [2023-09-23T09:18:21.466-0400] {dagbag.py:539} INFO - Filling up the DagBag from /home/beau/airflow/py_env/lib/python3.10/site-packages/airflow/example_dags/example_short_circuit_operator.py
[2023-09-23T09:18:21.476-0400] {processor.py:839} INFO - DAG(s) dict_keys(['example_short_circuit_operator']) retrieved from /home/beau/airflow/py_env/lib/python3.10/site-packages/airflow/example_dags/example_short_circuit_operator.py
[2023-09-23T09:18:21.494-0400] {logging_mixin.py:151} INFO - [2023-09-23T09:18:21.494-0400] {dag.py:2915} INFO - Sync 1 DAGs
[2023-09-23T09:18:21.514-0400] {logging_mixin.py:151} INFO - [2023-09-23T09:18:21.514-0400] {dag.py:3696} INFO - Setting next_dagrun for example_short_circuit_operator to 2023-09-22T13:18:21.514261+00:00, run_after=2023-09-23T13:18:21.514261+00:00
[2023-09-23T09:18:21.546-0400] {processor.py:179} INFO - Processing /home/beau/airflow/py_env/lib/python3.10/site-packages/airflow/example_dags/example_short_circuit_operator.py took 0.088 seconds
[2023-09-23T09:19:12.984-0400] {processor.py:157} INFO - Started process (PID=17357) to work on /home/beau/airflow/py_env/lib/python3.10/site-packages/airflow/example_dags/example_short_circuit_operator.py
[2023-09-23T09:19:12.989-0400] {processor.py:829} INFO - Processing file /home/beau/airflow/py_env/lib/python3.10/site-packages/airflow/example_dags/example_short_circuit_operator.py for tasks to queue
[2023-09-23T09:19:12.990-0400] {logging_mixin.py:151} INFO - [2023-09-23T09:19:12.989-0400] {dagbag.py:539} INFO - Filling up the DagBag from /home/beau/airflow/py_env/lib/python3.10/site-packages/airflow/example_dags/example_short_circuit_operator.py
[2023-09-23T09:19:13.000-0400] {processor.py:839} INFO - DAG(s) dict_keys(['example_short_circuit_operator']) retrieved from /home/beau/airflow/py_env/lib/python3.10/site-packages/airflow/example_dags/example_short_circuit_operator.py
[2023-09-23T09:19:13.019-0400] {logging_mixin.py:151} INFO - [2023-09-23T09:19:13.019-0400] {dag.py:2915} INFO - Sync 1 DAGs
[2023-09-23T09:19:13.033-0400] {logging_mixin.py:151} INFO - [2023-09-23T09:19:13.033-0400] {dag.py:3696} INFO - Setting next_dagrun for example_short_circuit_operator to 2023-09-22T13:19:13.033428+00:00, run_after=2023-09-23T13:19:13.033428+00:00
[2023-09-23T09:19:13.056-0400] {processor.py:179} INFO - Processing /home/beau/airflow/py_env/lib/python3.10/site-packages/airflow/example_dags/example_short_circuit_operator.py took 0.076 seconds
[2023-09-23T09:20:01.830-0400] {processor.py:157} INFO - Started process (PID=17592) to work on /home/beau/airflow/py_env/lib/python3.10/site-packages/airflow/example_dags/example_short_circuit_operator.py
[2023-09-23T09:20:01.835-0400] {processor.py:829} INFO - Processing file /home/beau/airflow/py_env/lib/python3.10/site-packages/airflow/example_dags/example_short_circuit_operator.py for tasks to queue
[2023-09-23T09:20:01.836-0400] {logging_mixin.py:151} INFO - [2023-09-23T09:20:01.835-0400] {dagbag.py:539} INFO - Filling up the DagBag from /home/beau/airflow/py_env/lib/python3.10/site-packages/airflow/example_dags/example_short_circuit_operator.py
[2023-09-23T09:20:01.850-0400] {processor.py:839} INFO - DAG(s) dict_keys(['example_short_circuit_operator']) retrieved from /home/beau/airflow/py_env/lib/python3.10/site-packages/airflow/example_dags/example_short_circuit_operator.py
[2023-09-23T09:20:01.875-0400] {logging_mixin.py:151} INFO - [2023-09-23T09:20:01.875-0400] {dag.py:2915} INFO - Sync 1 DAGs
[2023-09-23T09:20:01.894-0400] {logging_mixin.py:151} INFO - [2023-09-23T09:20:01.894-0400] {dag.py:3696} INFO - Setting next_dagrun for example_short_circuit_operator to 2023-09-22T13:20:01.894204+00:00, run_after=2023-09-23T13:20:01.894204+00:00
[2023-09-23T09:20:01.924-0400] {processor.py:179} INFO - Processing /home/beau/airflow/py_env/lib/python3.10/site-packages/airflow/example_dags/example_short_circuit_operator.py took 0.103 seconds
[2023-09-23T09:20:58.353-0400] {processor.py:157} INFO - Started process (PID=17892) to work on /home/beau/airflow/py_env/lib/python3.10/site-packages/airflow/example_dags/example_short_circuit_operator.py
[2023-09-23T09:20:58.356-0400] {processor.py:829} INFO - Processing file /home/beau/airflow/py_env/lib/python3.10/site-packages/airflow/example_dags/example_short_circuit_operator.py for tasks to queue
[2023-09-23T09:20:58.357-0400] {logging_mixin.py:151} INFO - [2023-09-23T09:20:58.357-0400] {dagbag.py:539} INFO - Filling up the DagBag from /home/beau/airflow/py_env/lib/python3.10/site-packages/airflow/example_dags/example_short_circuit_operator.py
[2023-09-23T09:20:58.372-0400] {processor.py:839} INFO - DAG(s) dict_keys(['example_short_circuit_operator']) retrieved from /home/beau/airflow/py_env/lib/python3.10/site-packages/airflow/example_dags/example_short_circuit_operator.py
[2023-09-23T09:20:58.393-0400] {logging_mixin.py:151} INFO - [2023-09-23T09:20:58.392-0400] {dag.py:2915} INFO - Sync 1 DAGs
[2023-09-23T09:20:58.408-0400] {logging_mixin.py:151} INFO - [2023-09-23T09:20:58.408-0400] {dag.py:3696} INFO - Setting next_dagrun for example_short_circuit_operator to 2023-09-22T13:20:58.408634+00:00, run_after=2023-09-23T13:20:58.408634+00:00
[2023-09-23T09:20:58.436-0400] {processor.py:179} INFO - Processing /home/beau/airflow/py_env/lib/python3.10/site-packages/airflow/example_dags/example_short_circuit_operator.py took 0.092 seconds
[2023-09-23T09:23:52.844-0400] {processor.py:157} INFO - Started process (PID=19342) to work on /home/beau/airflow/py_env/lib/python3.10/site-packages/airflow/example_dags/example_short_circuit_operator.py
[2023-09-23T09:23:52.848-0400] {processor.py:829} INFO - Processing file /home/beau/airflow/py_env/lib/python3.10/site-packages/airflow/example_dags/example_short_circuit_operator.py for tasks to queue
[2023-09-23T09:23:52.850-0400] {logging_mixin.py:151} INFO - [2023-09-23T09:23:52.849-0400] {dagbag.py:539} INFO - Filling up the DagBag from /home/beau/airflow/py_env/lib/python3.10/site-packages/airflow/example_dags/example_short_circuit_operator.py
[2023-09-23T09:23:52.860-0400] {processor.py:839} INFO - DAG(s) dict_keys(['example_short_circuit_operator']) retrieved from /home/beau/airflow/py_env/lib/python3.10/site-packages/airflow/example_dags/example_short_circuit_operator.py
[2023-09-23T09:23:52.870-0400] {logging_mixin.py:151} INFO - [2023-09-23T09:23:52.870-0400] {dag.py:2915} INFO - Sync 1 DAGs
[2023-09-23T09:23:52.896-0400] {logging_mixin.py:151} INFO - [2023-09-23T09:23:52.896-0400] {dag.py:3696} INFO - Setting next_dagrun for example_short_circuit_operator to 2023-09-22T13:23:52.895814+00:00, run_after=2023-09-23T13:23:52.895814+00:00
[2023-09-23T09:23:52.920-0400] {processor.py:179} INFO - Processing /home/beau/airflow/py_env/lib/python3.10/site-packages/airflow/example_dags/example_short_circuit_operator.py took 0.080 seconds
[2023-09-23T09:24:39.586-0400] {processor.py:157} INFO - Started process (PID=19630) to work on /home/beau/airflow/py_env/lib/python3.10/site-packages/airflow/example_dags/example_short_circuit_operator.py
[2023-09-23T09:24:39.590-0400] {processor.py:829} INFO - Processing file /home/beau/airflow/py_env/lib/python3.10/site-packages/airflow/example_dags/example_short_circuit_operator.py for tasks to queue
[2023-09-23T09:24:39.592-0400] {logging_mixin.py:151} INFO - [2023-09-23T09:24:39.591-0400] {dagbag.py:539} INFO - Filling up the DagBag from /home/beau/airflow/py_env/lib/python3.10/site-packages/airflow/example_dags/example_short_circuit_operator.py
[2023-09-23T09:24:39.604-0400] {processor.py:839} INFO - DAG(s) dict_keys(['example_short_circuit_operator']) retrieved from /home/beau/airflow/py_env/lib/python3.10/site-packages/airflow/example_dags/example_short_circuit_operator.py
[2023-09-23T09:24:39.621-0400] {logging_mixin.py:151} INFO - [2023-09-23T09:24:39.621-0400] {dag.py:2915} INFO - Sync 1 DAGs
[2023-09-23T09:24:39.639-0400] {logging_mixin.py:151} INFO - [2023-09-23T09:24:39.639-0400] {dag.py:3696} INFO - Setting next_dagrun for example_short_circuit_operator to 2023-09-22T13:24:39.638919+00:00, run_after=2023-09-23T13:24:39.638919+00:00
[2023-09-23T09:24:39.663-0400] {processor.py:179} INFO - Processing /home/beau/airflow/py_env/lib/python3.10/site-packages/airflow/example_dags/example_short_circuit_operator.py took 0.083 seconds
[2023-09-23T09:25:31.284-0400] {processor.py:157} INFO - Started process (PID=19872) to work on /home/beau/airflow/py_env/lib/python3.10/site-packages/airflow/example_dags/example_short_circuit_operator.py
[2023-09-23T09:25:31.289-0400] {processor.py:829} INFO - Processing file /home/beau/airflow/py_env/lib/python3.10/site-packages/airflow/example_dags/example_short_circuit_operator.py for tasks to queue
[2023-09-23T09:25:31.291-0400] {logging_mixin.py:151} INFO - [2023-09-23T09:25:31.290-0400] {dagbag.py:539} INFO - Filling up the DagBag from /home/beau/airflow/py_env/lib/python3.10/site-packages/airflow/example_dags/example_short_circuit_operator.py
[2023-09-23T09:25:31.303-0400] {processor.py:839} INFO - DAG(s) dict_keys(['example_short_circuit_operator']) retrieved from /home/beau/airflow/py_env/lib/python3.10/site-packages/airflow/example_dags/example_short_circuit_operator.py
[2023-09-23T09:25:31.321-0400] {logging_mixin.py:151} INFO - [2023-09-23T09:25:31.321-0400] {dag.py:2915} INFO - Sync 1 DAGs
[2023-09-23T09:25:31.344-0400] {logging_mixin.py:151} INFO - [2023-09-23T09:25:31.343-0400] {dag.py:3696} INFO - Setting next_dagrun for example_short_circuit_operator to 2023-09-22T13:25:31.343591+00:00, run_after=2023-09-23T13:25:31.343591+00:00
[2023-09-23T09:25:31.377-0400] {processor.py:179} INFO - Processing /home/beau/airflow/py_env/lib/python3.10/site-packages/airflow/example_dags/example_short_circuit_operator.py took 0.100 seconds
[2023-09-23T09:26:19.421-0400] {processor.py:157} INFO - Started process (PID=20124) to work on /home/beau/airflow/py_env/lib/python3.10/site-packages/airflow/example_dags/example_short_circuit_operator.py
[2023-09-23T09:26:19.422-0400] {processor.py:829} INFO - Processing file /home/beau/airflow/py_env/lib/python3.10/site-packages/airflow/example_dags/example_short_circuit_operator.py for tasks to queue
[2023-09-23T09:26:19.423-0400] {logging_mixin.py:151} INFO - [2023-09-23T09:26:19.423-0400] {dagbag.py:539} INFO - Filling up the DagBag from /home/beau/airflow/py_env/lib/python3.10/site-packages/airflow/example_dags/example_short_circuit_operator.py
[2023-09-23T09:26:19.436-0400] {processor.py:839} INFO - DAG(s) dict_keys(['example_short_circuit_operator']) retrieved from /home/beau/airflow/py_env/lib/python3.10/site-packages/airflow/example_dags/example_short_circuit_operator.py
[2023-09-23T09:26:19.453-0400] {logging_mixin.py:151} INFO - [2023-09-23T09:26:19.452-0400] {dag.py:2915} INFO - Sync 1 DAGs
[2023-09-23T09:26:19.471-0400] {logging_mixin.py:151} INFO - [2023-09-23T09:26:19.471-0400] {dag.py:3696} INFO - Setting next_dagrun for example_short_circuit_operator to 2023-09-22T13:26:19.471316+00:00, run_after=2023-09-23T13:26:19.471316+00:00
[2023-09-23T09:26:19.514-0400] {processor.py:179} INFO - Processing /home/beau/airflow/py_env/lib/python3.10/site-packages/airflow/example_dags/example_short_circuit_operator.py took 0.096 seconds
[2023-09-23T09:30:58.929-0400] {processor.py:157} INFO - Started process (PID=22462) to work on /home/beau/airflow/py_env/lib/python3.10/site-packages/airflow/example_dags/example_short_circuit_operator.py
[2023-09-23T09:30:58.931-0400] {processor.py:829} INFO - Processing file /home/beau/airflow/py_env/lib/python3.10/site-packages/airflow/example_dags/example_short_circuit_operator.py for tasks to queue
[2023-09-23T09:30:58.933-0400] {logging_mixin.py:151} INFO - [2023-09-23T09:30:58.932-0400] {dagbag.py:539} INFO - Filling up the DagBag from /home/beau/airflow/py_env/lib/python3.10/site-packages/airflow/example_dags/example_short_circuit_operator.py
[2023-09-23T09:30:58.943-0400] {processor.py:839} INFO - DAG(s) dict_keys(['example_short_circuit_operator']) retrieved from /home/beau/airflow/py_env/lib/python3.10/site-packages/airflow/example_dags/example_short_circuit_operator.py
[2023-09-23T09:30:58.953-0400] {logging_mixin.py:151} INFO - [2023-09-23T09:30:58.953-0400] {dag.py:2915} INFO - Sync 1 DAGs
[2023-09-23T09:30:58.974-0400] {logging_mixin.py:151} INFO - [2023-09-23T09:30:58.974-0400] {dag.py:3696} INFO - Setting next_dagrun for example_short_circuit_operator to 2023-09-22T13:30:58.974262+00:00, run_after=2023-09-23T13:30:58.974262+00:00
[2023-09-23T09:30:58.999-0400] {processor.py:179} INFO - Processing /home/beau/airflow/py_env/lib/python3.10/site-packages/airflow/example_dags/example_short_circuit_operator.py took 0.074 seconds
[2023-09-23T09:36:59.155-0400] {processor.py:157} INFO - Started process (PID=1066) to work on /home/beau/airflow/py_env/lib/python3.10/site-packages/airflow/example_dags/example_short_circuit_operator.py
[2023-09-23T09:36:59.159-0400] {processor.py:829} INFO - Processing file /home/beau/airflow/py_env/lib/python3.10/site-packages/airflow/example_dags/example_short_circuit_operator.py for tasks to queue
[2023-09-23T09:36:59.161-0400] {logging_mixin.py:151} INFO - [2023-09-23T09:36:59.160-0400] {dagbag.py:539} INFO - Filling up the DagBag from /home/beau/airflow/py_env/lib/python3.10/site-packages/airflow/example_dags/example_short_circuit_operator.py
[2023-09-23T09:36:59.172-0400] {processor.py:839} INFO - DAG(s) dict_keys(['example_short_circuit_operator']) retrieved from /home/beau/airflow/py_env/lib/python3.10/site-packages/airflow/example_dags/example_short_circuit_operator.py
[2023-09-23T09:36:59.182-0400] {logging_mixin.py:151} INFO - [2023-09-23T09:36:59.182-0400] {dag.py:2915} INFO - Sync 1 DAGs
[2023-09-23T09:36:59.199-0400] {logging_mixin.py:151} INFO - [2023-09-23T09:36:59.199-0400] {dag.py:3696} INFO - Setting next_dagrun for example_short_circuit_operator to 2023-09-22T13:36:59.199268+00:00, run_after=2023-09-23T13:36:59.199268+00:00
[2023-09-23T09:36:59.220-0400] {processor.py:179} INFO - Processing /home/beau/airflow/py_env/lib/python3.10/site-packages/airflow/example_dags/example_short_circuit_operator.py took 0.072 seconds
[2023-09-23T09:37:45.645-0400] {processor.py:157} INFO - Started process (PID=1742) to work on /home/beau/airflow/py_env/lib/python3.10/site-packages/airflow/example_dags/example_short_circuit_operator.py
[2023-09-23T09:37:45.647-0400] {processor.py:829} INFO - Processing file /home/beau/airflow/py_env/lib/python3.10/site-packages/airflow/example_dags/example_short_circuit_operator.py for tasks to queue
[2023-09-23T09:37:45.649-0400] {logging_mixin.py:151} INFO - [2023-09-23T09:37:45.648-0400] {dagbag.py:539} INFO - Filling up the DagBag from /home/beau/airflow/py_env/lib/python3.10/site-packages/airflow/example_dags/example_short_circuit_operator.py
[2023-09-23T09:37:45.659-0400] {processor.py:839} INFO - DAG(s) dict_keys(['example_short_circuit_operator']) retrieved from /home/beau/airflow/py_env/lib/python3.10/site-packages/airflow/example_dags/example_short_circuit_operator.py
[2023-09-23T09:37:45.682-0400] {logging_mixin.py:151} INFO - [2023-09-23T09:37:45.682-0400] {dag.py:2915} INFO - Sync 1 DAGs
[2023-09-23T09:37:45.703-0400] {logging_mixin.py:151} INFO - [2023-09-23T09:37:45.703-0400] {dag.py:3696} INFO - Setting next_dagrun for example_short_circuit_operator to 2023-09-22T13:37:45.702852+00:00, run_after=2023-09-23T13:37:45.702852+00:00
[2023-09-23T09:37:45.747-0400] {processor.py:179} INFO - Processing /home/beau/airflow/py_env/lib/python3.10/site-packages/airflow/example_dags/example_short_circuit_operator.py took 0.110 seconds
[2023-09-23T09:38:35.506-0400] {processor.py:157} INFO - Started process (PID=2239) to work on /home/beau/airflow/py_env/lib/python3.10/site-packages/airflow/example_dags/example_short_circuit_operator.py
[2023-09-23T09:38:35.508-0400] {processor.py:829} INFO - Processing file /home/beau/airflow/py_env/lib/python3.10/site-packages/airflow/example_dags/example_short_circuit_operator.py for tasks to queue
[2023-09-23T09:38:35.509-0400] {logging_mixin.py:151} INFO - [2023-09-23T09:38:35.509-0400] {dagbag.py:539} INFO - Filling up the DagBag from /home/beau/airflow/py_env/lib/python3.10/site-packages/airflow/example_dags/example_short_circuit_operator.py
[2023-09-23T09:38:35.517-0400] {processor.py:839} INFO - DAG(s) dict_keys(['example_short_circuit_operator']) retrieved from /home/beau/airflow/py_env/lib/python3.10/site-packages/airflow/example_dags/example_short_circuit_operator.py
[2023-09-23T09:38:35.535-0400] {logging_mixin.py:151} INFO - [2023-09-23T09:38:35.535-0400] {dag.py:2915} INFO - Sync 1 DAGs
[2023-09-23T09:38:35.553-0400] {logging_mixin.py:151} INFO - [2023-09-23T09:38:35.553-0400] {dag.py:3696} INFO - Setting next_dagrun for example_short_circuit_operator to 2023-09-22T13:38:35.553018+00:00, run_after=2023-09-23T13:38:35.553018+00:00
[2023-09-23T09:38:35.576-0400] {processor.py:179} INFO - Processing /home/beau/airflow/py_env/lib/python3.10/site-packages/airflow/example_dags/example_short_circuit_operator.py took 0.072 seconds
[2023-09-23T09:39:22.578-0400] {processor.py:157} INFO - Started process (PID=2735) to work on /home/beau/airflow/py_env/lib/python3.10/site-packages/airflow/example_dags/example_short_circuit_operator.py
[2023-09-23T09:39:22.583-0400] {processor.py:829} INFO - Processing file /home/beau/airflow/py_env/lib/python3.10/site-packages/airflow/example_dags/example_short_circuit_operator.py for tasks to queue
[2023-09-23T09:39:22.584-0400] {logging_mixin.py:151} INFO - [2023-09-23T09:39:22.583-0400] {dagbag.py:539} INFO - Filling up the DagBag from /home/beau/airflow/py_env/lib/python3.10/site-packages/airflow/example_dags/example_short_circuit_operator.py
[2023-09-23T09:39:22.593-0400] {processor.py:839} INFO - DAG(s) dict_keys(['example_short_circuit_operator']) retrieved from /home/beau/airflow/py_env/lib/python3.10/site-packages/airflow/example_dags/example_short_circuit_operator.py
[2023-09-23T09:39:22.612-0400] {logging_mixin.py:151} INFO - [2023-09-23T09:39:22.612-0400] {dag.py:2915} INFO - Sync 1 DAGs
[2023-09-23T09:39:22.629-0400] {logging_mixin.py:151} INFO - [2023-09-23T09:39:22.629-0400] {dag.py:3696} INFO - Setting next_dagrun for example_short_circuit_operator to 2023-09-22T13:39:22.629415+00:00, run_after=2023-09-23T13:39:22.629415+00:00
[2023-09-23T09:39:22.651-0400] {processor.py:179} INFO - Processing /home/beau/airflow/py_env/lib/python3.10/site-packages/airflow/example_dags/example_short_circuit_operator.py took 0.081 seconds
[2023-09-23T09:40:14.436-0400] {processor.py:157} INFO - Started process (PID=3426) to work on /home/beau/airflow/py_env/lib/python3.10/site-packages/airflow/example_dags/example_short_circuit_operator.py
[2023-09-23T09:40:14.440-0400] {processor.py:829} INFO - Processing file /home/beau/airflow/py_env/lib/python3.10/site-packages/airflow/example_dags/example_short_circuit_operator.py for tasks to queue
[2023-09-23T09:40:14.442-0400] {logging_mixin.py:151} INFO - [2023-09-23T09:40:14.441-0400] {dagbag.py:539} INFO - Filling up the DagBag from /home/beau/airflow/py_env/lib/python3.10/site-packages/airflow/example_dags/example_short_circuit_operator.py
[2023-09-23T09:40:14.456-0400] {processor.py:839} INFO - DAG(s) dict_keys(['example_short_circuit_operator']) retrieved from /home/beau/airflow/py_env/lib/python3.10/site-packages/airflow/example_dags/example_short_circuit_operator.py
[2023-09-23T09:40:14.482-0400] {logging_mixin.py:151} INFO - [2023-09-23T09:40:14.481-0400] {dag.py:2915} INFO - Sync 1 DAGs
[2023-09-23T09:40:14.495-0400] {logging_mixin.py:151} INFO - [2023-09-23T09:40:14.495-0400] {dag.py:3696} INFO - Setting next_dagrun for example_short_circuit_operator to 2023-09-22T13:40:14.495126+00:00, run_after=2023-09-23T13:40:14.495126+00:00
[2023-09-23T09:40:14.524-0400] {processor.py:179} INFO - Processing /home/beau/airflow/py_env/lib/python3.10/site-packages/airflow/example_dags/example_short_circuit_operator.py took 0.092 seconds
