[2023-09-23T09:06:56.206-0400] {processor.py:157} INFO - Started process (PID=11644) to work on /home/beau/airflow/py_env/lib/python3.10/site-packages/airflow/example_dags/example_latest_only_with_trigger.py
[2023-09-23T09:06:56.208-0400] {processor.py:829} INFO - Processing file /home/beau/airflow/py_env/lib/python3.10/site-packages/airflow/example_dags/example_latest_only_with_trigger.py for tasks to queue
[2023-09-23T09:06:56.209-0400] {logging_mixin.py:151} INFO - [2023-09-23T09:06:56.208-0400] {dagbag.py:539} INFO - Filling up the DagBag from /home/beau/airflow/py_env/lib/python3.10/site-packages/airflow/example_dags/example_latest_only_with_trigger.py
[2023-09-23T09:06:56.223-0400] {processor.py:839} INFO - DAG(s) dict_keys(['latest_only_with_trigger']) retrieved from /home/beau/airflow/py_env/lib/python3.10/site-packages/airflow/example_dags/example_latest_only_with_trigger.py
[2023-09-23T09:06:56.334-0400] {logging_mixin.py:151} INFO - [2023-09-23T09:06:56.334-0400] {manager.py:499} INFO - Created Permission View: %s
[2023-09-23T09:06:56.361-0400] {logging_mixin.py:151} INFO - [2023-09-23T09:06:56.361-0400] {manager.py:499} INFO - Created Permission View: %s
[2023-09-23T09:06:56.373-0400] {logging_mixin.py:151} INFO - [2023-09-23T09:06:56.373-0400] {manager.py:499} INFO - Created Permission View: %s
[2023-09-23T09:06:56.373-0400] {logging_mixin.py:151} INFO - [2023-09-23T09:06:56.373-0400] {security.py:708} INFO - Not syncing DAG-level permissions for DAG 'DAG:latest_only_with_trigger' as access control is unset.
[2023-09-23T09:06:56.374-0400] {logging_mixin.py:151} INFO - [2023-09-23T09:06:56.374-0400] {dag.py:2915} INFO - Sync 1 DAGs
[2023-09-23T09:06:56.383-0400] {logging_mixin.py:151} INFO - [2023-09-23T09:06:56.383-0400] {dag.py:2937} INFO - Creating ORM DAG for latest_only_with_trigger
[2023-09-23T09:06:56.390-0400] {logging_mixin.py:151} INFO - [2023-09-23T09:06:56.390-0400] {dag.py:3696} INFO - Setting next_dagrun for latest_only_with_trigger to 2023-09-23T09:06:56.389903+00:00, run_after=2023-09-23T13:06:56.389903+00:00
[2023-09-23T09:06:56.414-0400] {processor.py:179} INFO - Processing /home/beau/airflow/py_env/lib/python3.10/site-packages/airflow/example_dags/example_latest_only_with_trigger.py took 0.216 seconds
[2023-09-23T09:07:51.332-0400] {processor.py:157} INFO - Started process (PID=12039) to work on /home/beau/airflow/py_env/lib/python3.10/site-packages/airflow/example_dags/example_latest_only_with_trigger.py
[2023-09-23T09:07:51.337-0400] {processor.py:829} INFO - Processing file /home/beau/airflow/py_env/lib/python3.10/site-packages/airflow/example_dags/example_latest_only_with_trigger.py for tasks to queue
[2023-09-23T09:07:51.339-0400] {logging_mixin.py:151} INFO - [2023-09-23T09:07:51.338-0400] {dagbag.py:539} INFO - Filling up the DagBag from /home/beau/airflow/py_env/lib/python3.10/site-packages/airflow/example_dags/example_latest_only_with_trigger.py
[2023-09-23T09:07:51.351-0400] {processor.py:839} INFO - DAG(s) dict_keys(['latest_only_with_trigger']) retrieved from /home/beau/airflow/py_env/lib/python3.10/site-packages/airflow/example_dags/example_latest_only_with_trigger.py
[2023-09-23T09:07:51.364-0400] {logging_mixin.py:151} INFO - [2023-09-23T09:07:51.364-0400] {dag.py:2915} INFO - Sync 1 DAGs
[2023-09-23T09:07:51.379-0400] {logging_mixin.py:151} INFO - [2023-09-23T09:07:51.379-0400] {dag.py:3696} INFO - Setting next_dagrun for latest_only_with_trigger to 2023-09-23T09:07:51.378893+00:00, run_after=2023-09-23T13:07:51.378893+00:00
[2023-09-23T09:07:51.400-0400] {processor.py:179} INFO - Processing /home/beau/airflow/py_env/lib/python3.10/site-packages/airflow/example_dags/example_latest_only_with_trigger.py took 0.076 seconds
[2023-09-23T09:08:43.315-0400] {processor.py:157} INFO - Started process (PID=12426) to work on /home/beau/airflow/py_env/lib/python3.10/site-packages/airflow/example_dags/example_latest_only_with_trigger.py
[2023-09-23T09:08:43.318-0400] {processor.py:829} INFO - Processing file /home/beau/airflow/py_env/lib/python3.10/site-packages/airflow/example_dags/example_latest_only_with_trigger.py for tasks to queue
[2023-09-23T09:08:43.320-0400] {logging_mixin.py:151} INFO - [2023-09-23T09:08:43.319-0400] {dagbag.py:539} INFO - Filling up the DagBag from /home/beau/airflow/py_env/lib/python3.10/site-packages/airflow/example_dags/example_latest_only_with_trigger.py
[2023-09-23T09:08:43.333-0400] {processor.py:839} INFO - DAG(s) dict_keys(['latest_only_with_trigger']) retrieved from /home/beau/airflow/py_env/lib/python3.10/site-packages/airflow/example_dags/example_latest_only_with_trigger.py
[2023-09-23T09:08:43.360-0400] {logging_mixin.py:151} INFO - [2023-09-23T09:08:43.360-0400] {dag.py:2915} INFO - Sync 1 DAGs
[2023-09-23T09:08:43.375-0400] {logging_mixin.py:151} INFO - [2023-09-23T09:08:43.375-0400] {dag.py:3696} INFO - Setting next_dagrun for latest_only_with_trigger to 2023-09-23T09:08:43.375504+00:00, run_after=2023-09-23T13:08:43.375504+00:00
[2023-09-23T09:08:43.407-0400] {processor.py:179} INFO - Processing /home/beau/airflow/py_env/lib/python3.10/site-packages/airflow/example_dags/example_latest_only_with_trigger.py took 0.098 seconds
[2023-09-23T09:09:33.225-0400] {processor.py:157} INFO - Started process (PID=12804) to work on /home/beau/airflow/py_env/lib/python3.10/site-packages/airflow/example_dags/example_latest_only_with_trigger.py
[2023-09-23T09:09:33.230-0400] {processor.py:829} INFO - Processing file /home/beau/airflow/py_env/lib/python3.10/site-packages/airflow/example_dags/example_latest_only_with_trigger.py for tasks to queue
[2023-09-23T09:09:33.232-0400] {logging_mixin.py:151} INFO - [2023-09-23T09:09:33.231-0400] {dagbag.py:539} INFO - Filling up the DagBag from /home/beau/airflow/py_env/lib/python3.10/site-packages/airflow/example_dags/example_latest_only_with_trigger.py
[2023-09-23T09:09:33.244-0400] {processor.py:839} INFO - DAG(s) dict_keys(['latest_only_with_trigger']) retrieved from /home/beau/airflow/py_env/lib/python3.10/site-packages/airflow/example_dags/example_latest_only_with_trigger.py
[2023-09-23T09:09:33.270-0400] {logging_mixin.py:151} INFO - [2023-09-23T09:09:33.270-0400] {dag.py:2915} INFO - Sync 1 DAGs
[2023-09-23T09:09:33.286-0400] {logging_mixin.py:151} INFO - [2023-09-23T09:09:33.286-0400] {dag.py:3696} INFO - Setting next_dagrun for latest_only_with_trigger to 2023-09-23T09:09:33.286140+00:00, run_after=2023-09-23T13:09:33.286140+00:00
[2023-09-23T09:09:33.319-0400] {processor.py:179} INFO - Processing /home/beau/airflow/py_env/lib/python3.10/site-packages/airflow/example_dags/example_latest_only_with_trigger.py took 0.099 seconds
[2023-09-23T09:10:19.737-0400] {processor.py:157} INFO - Started process (PID=13044) to work on /home/beau/airflow/py_env/lib/python3.10/site-packages/airflow/example_dags/example_latest_only_with_trigger.py
[2023-09-23T09:10:19.739-0400] {processor.py:829} INFO - Processing file /home/beau/airflow/py_env/lib/python3.10/site-packages/airflow/example_dags/example_latest_only_with_trigger.py for tasks to queue
[2023-09-23T09:10:19.742-0400] {logging_mixin.py:151} INFO - [2023-09-23T09:10:19.741-0400] {dagbag.py:539} INFO - Filling up the DagBag from /home/beau/airflow/py_env/lib/python3.10/site-packages/airflow/example_dags/example_latest_only_with_trigger.py
[2023-09-23T09:10:19.749-0400] {processor.py:839} INFO - DAG(s) dict_keys(['latest_only_with_trigger']) retrieved from /home/beau/airflow/py_env/lib/python3.10/site-packages/airflow/example_dags/example_latest_only_with_trigger.py
[2023-09-23T09:10:19.767-0400] {logging_mixin.py:151} INFO - [2023-09-23T09:10:19.767-0400] {dag.py:2915} INFO - Sync 1 DAGs
[2023-09-23T09:10:19.786-0400] {logging_mixin.py:151} INFO - [2023-09-23T09:10:19.786-0400] {dag.py:3696} INFO - Setting next_dagrun for latest_only_with_trigger to 2023-09-23T09:10:19.786082+00:00, run_after=2023-09-23T13:10:19.786082+00:00
[2023-09-23T09:10:19.811-0400] {processor.py:179} INFO - Processing /home/beau/airflow/py_env/lib/python3.10/site-packages/airflow/example_dags/example_latest_only_with_trigger.py took 0.080 seconds
[2023-09-23T09:11:09.554-0400] {processor.py:157} INFO - Started process (PID=13442) to work on /home/beau/airflow/py_env/lib/python3.10/site-packages/airflow/example_dags/example_latest_only_with_trigger.py
[2023-09-23T09:11:09.559-0400] {processor.py:829} INFO - Processing file /home/beau/airflow/py_env/lib/python3.10/site-packages/airflow/example_dags/example_latest_only_with_trigger.py for tasks to queue
[2023-09-23T09:11:09.560-0400] {logging_mixin.py:151} INFO - [2023-09-23T09:11:09.560-0400] {dagbag.py:539} INFO - Filling up the DagBag from /home/beau/airflow/py_env/lib/python3.10/site-packages/airflow/example_dags/example_latest_only_with_trigger.py
[2023-09-23T09:11:09.572-0400] {processor.py:839} INFO - DAG(s) dict_keys(['latest_only_with_trigger']) retrieved from /home/beau/airflow/py_env/lib/python3.10/site-packages/airflow/example_dags/example_latest_only_with_trigger.py
[2023-09-23T09:11:09.595-0400] {logging_mixin.py:151} INFO - [2023-09-23T09:11:09.595-0400] {dag.py:2915} INFO - Sync 1 DAGs
[2023-09-23T09:11:09.620-0400] {logging_mixin.py:151} INFO - [2023-09-23T09:11:09.620-0400] {dag.py:3696} INFO - Setting next_dagrun for latest_only_with_trigger to 2023-09-23T09:11:09.620052+00:00, run_after=2023-09-23T13:11:09.620052+00:00
[2023-09-23T09:11:09.653-0400] {processor.py:179} INFO - Processing /home/beau/airflow/py_env/lib/python3.10/site-packages/airflow/example_dags/example_latest_only_with_trigger.py took 0.104 seconds
[2023-09-23T09:11:58.641-0400] {processor.py:157} INFO - Started process (PID=13776) to work on /home/beau/airflow/py_env/lib/python3.10/site-packages/airflow/example_dags/example_latest_only_with_trigger.py
[2023-09-23T09:11:58.645-0400] {processor.py:829} INFO - Processing file /home/beau/airflow/py_env/lib/python3.10/site-packages/airflow/example_dags/example_latest_only_with_trigger.py for tasks to queue
[2023-09-23T09:11:58.646-0400] {logging_mixin.py:151} INFO - [2023-09-23T09:11:58.646-0400] {dagbag.py:539} INFO - Filling up the DagBag from /home/beau/airflow/py_env/lib/python3.10/site-packages/airflow/example_dags/example_latest_only_with_trigger.py
[2023-09-23T09:11:58.656-0400] {processor.py:839} INFO - DAG(s) dict_keys(['latest_only_with_trigger']) retrieved from /home/beau/airflow/py_env/lib/python3.10/site-packages/airflow/example_dags/example_latest_only_with_trigger.py
[2023-09-23T09:11:58.677-0400] {logging_mixin.py:151} INFO - [2023-09-23T09:11:58.676-0400] {dag.py:2915} INFO - Sync 1 DAGs
[2023-09-23T09:11:58.695-0400] {logging_mixin.py:151} INFO - [2023-09-23T09:11:58.694-0400] {dag.py:3696} INFO - Setting next_dagrun for latest_only_with_trigger to 2023-09-23T09:11:58.694715+00:00, run_after=2023-09-23T13:11:58.694715+00:00
[2023-09-23T09:11:58.720-0400] {processor.py:179} INFO - Processing /home/beau/airflow/py_env/lib/python3.10/site-packages/airflow/example_dags/example_latest_only_with_trigger.py took 0.090 seconds
[2023-09-23T09:12:48.265-0400] {processor.py:157} INFO - Started process (PID=14149) to work on /home/beau/airflow/py_env/lib/python3.10/site-packages/airflow/example_dags/example_latest_only_with_trigger.py
[2023-09-23T09:12:48.270-0400] {processor.py:829} INFO - Processing file /home/beau/airflow/py_env/lib/python3.10/site-packages/airflow/example_dags/example_latest_only_with_trigger.py for tasks to queue
[2023-09-23T09:12:48.272-0400] {logging_mixin.py:151} INFO - [2023-09-23T09:12:48.271-0400] {dagbag.py:539} INFO - Filling up the DagBag from /home/beau/airflow/py_env/lib/python3.10/site-packages/airflow/example_dags/example_latest_only_with_trigger.py
[2023-09-23T09:12:48.282-0400] {processor.py:839} INFO - DAG(s) dict_keys(['latest_only_with_trigger']) retrieved from /home/beau/airflow/py_env/lib/python3.10/site-packages/airflow/example_dags/example_latest_only_with_trigger.py
[2023-09-23T09:12:48.296-0400] {logging_mixin.py:151} INFO - [2023-09-23T09:12:48.295-0400] {dag.py:2915} INFO - Sync 1 DAGs
[2023-09-23T09:12:48.314-0400] {logging_mixin.py:151} INFO - [2023-09-23T09:12:48.314-0400] {dag.py:3696} INFO - Setting next_dagrun for latest_only_with_trigger to 2023-09-23T09:12:48.313776+00:00, run_after=2023-09-23T13:12:48.313776+00:00
[2023-09-23T09:12:48.357-0400] {processor.py:179} INFO - Processing /home/beau/airflow/py_env/lib/python3.10/site-packages/airflow/example_dags/example_latest_only_with_trigger.py took 0.100 seconds
[2023-09-23T09:13:37.765-0400] {processor.py:157} INFO - Started process (PID=14814) to work on /home/beau/airflow/py_env/lib/python3.10/site-packages/airflow/example_dags/example_latest_only_with_trigger.py
[2023-09-23T09:13:37.767-0400] {processor.py:829} INFO - Processing file /home/beau/airflow/py_env/lib/python3.10/site-packages/airflow/example_dags/example_latest_only_with_trigger.py for tasks to queue
[2023-09-23T09:13:37.768-0400] {logging_mixin.py:151} INFO - [2023-09-23T09:13:37.768-0400] {dagbag.py:539} INFO - Filling up the DagBag from /home/beau/airflow/py_env/lib/python3.10/site-packages/airflow/example_dags/example_latest_only_with_trigger.py
[2023-09-23T09:13:37.774-0400] {processor.py:839} INFO - DAG(s) dict_keys(['latest_only_with_trigger']) retrieved from /home/beau/airflow/py_env/lib/python3.10/site-packages/airflow/example_dags/example_latest_only_with_trigger.py
[2023-09-23T09:13:37.792-0400] {logging_mixin.py:151} INFO - [2023-09-23T09:13:37.791-0400] {dag.py:2915} INFO - Sync 1 DAGs
[2023-09-23T09:13:37.808-0400] {logging_mixin.py:151} INFO - [2023-09-23T09:13:37.808-0400] {dag.py:3696} INFO - Setting next_dagrun for latest_only_with_trigger to 2023-09-23T09:13:37.808625+00:00, run_after=2023-09-23T13:13:37.808625+00:00
[2023-09-23T09:13:37.835-0400] {processor.py:179} INFO - Processing /home/beau/airflow/py_env/lib/python3.10/site-packages/airflow/example_dags/example_latest_only_with_trigger.py took 0.073 seconds
[2023-09-23T09:14:24.417-0400] {processor.py:157} INFO - Started process (PID=15183) to work on /home/beau/airflow/py_env/lib/python3.10/site-packages/airflow/example_dags/example_latest_only_with_trigger.py
[2023-09-23T09:14:24.421-0400] {processor.py:829} INFO - Processing file /home/beau/airflow/py_env/lib/python3.10/site-packages/airflow/example_dags/example_latest_only_with_trigger.py for tasks to queue
[2023-09-23T09:14:24.422-0400] {logging_mixin.py:151} INFO - [2023-09-23T09:14:24.422-0400] {dagbag.py:539} INFO - Filling up the DagBag from /home/beau/airflow/py_env/lib/python3.10/site-packages/airflow/example_dags/example_latest_only_with_trigger.py
[2023-09-23T09:14:24.432-0400] {processor.py:839} INFO - DAG(s) dict_keys(['latest_only_with_trigger']) retrieved from /home/beau/airflow/py_env/lib/python3.10/site-packages/airflow/example_dags/example_latest_only_with_trigger.py
[2023-09-23T09:14:24.446-0400] {logging_mixin.py:151} INFO - [2023-09-23T09:14:24.445-0400] {dag.py:2915} INFO - Sync 1 DAGs
[2023-09-23T09:14:24.460-0400] {logging_mixin.py:151} INFO - [2023-09-23T09:14:24.460-0400] {dag.py:3696} INFO - Setting next_dagrun for latest_only_with_trigger to 2023-09-23T09:14:24.460332+00:00, run_after=2023-09-23T13:14:24.460332+00:00
[2023-09-23T09:14:24.482-0400] {processor.py:179} INFO - Processing /home/beau/airflow/py_env/lib/python3.10/site-packages/airflow/example_dags/example_latest_only_with_trigger.py took 0.070 seconds
[2023-09-23T09:15:16.145-0400] {processor.py:157} INFO - Started process (PID=15438) to work on /home/beau/airflow/py_env/lib/python3.10/site-packages/airflow/example_dags/example_latest_only_with_trigger.py
[2023-09-23T09:15:16.146-0400] {processor.py:829} INFO - Processing file /home/beau/airflow/py_env/lib/python3.10/site-packages/airflow/example_dags/example_latest_only_with_trigger.py for tasks to queue
[2023-09-23T09:15:16.148-0400] {logging_mixin.py:151} INFO - [2023-09-23T09:15:16.147-0400] {dagbag.py:539} INFO - Filling up the DagBag from /home/beau/airflow/py_env/lib/python3.10/site-packages/airflow/example_dags/example_latest_only_with_trigger.py
[2023-09-23T09:15:16.156-0400] {processor.py:839} INFO - DAG(s) dict_keys(['latest_only_with_trigger']) retrieved from /home/beau/airflow/py_env/lib/python3.10/site-packages/airflow/example_dags/example_latest_only_with_trigger.py
[2023-09-23T09:15:16.175-0400] {logging_mixin.py:151} INFO - [2023-09-23T09:15:16.175-0400] {dag.py:2915} INFO - Sync 1 DAGs
[2023-09-23T09:15:16.198-0400] {logging_mixin.py:151} INFO - [2023-09-23T09:15:16.197-0400] {dag.py:3696} INFO - Setting next_dagrun for latest_only_with_trigger to 2023-09-23T09:15:16.197477+00:00, run_after=2023-09-23T13:15:16.197477+00:00
[2023-09-23T09:15:16.231-0400] {processor.py:179} INFO - Processing /home/beau/airflow/py_env/lib/python3.10/site-packages/airflow/example_dags/example_latest_only_with_trigger.py took 0.089 seconds
[2023-09-23T09:17:55.387-0400] {processor.py:157} INFO - Started process (PID=16933) to work on /home/beau/airflow/py_env/lib/python3.10/site-packages/airflow/example_dags/example_latest_only_with_trigger.py
[2023-09-23T09:17:55.390-0400] {processor.py:829} INFO - Processing file /home/beau/airflow/py_env/lib/python3.10/site-packages/airflow/example_dags/example_latest_only_with_trigger.py for tasks to queue
[2023-09-23T09:17:55.391-0400] {logging_mixin.py:151} INFO - [2023-09-23T09:17:55.390-0400] {dagbag.py:539} INFO - Filling up the DagBag from /home/beau/airflow/py_env/lib/python3.10/site-packages/airflow/example_dags/example_latest_only_with_trigger.py
[2023-09-23T09:17:55.399-0400] {processor.py:839} INFO - DAG(s) dict_keys(['latest_only_with_trigger']) retrieved from /home/beau/airflow/py_env/lib/python3.10/site-packages/airflow/example_dags/example_latest_only_with_trigger.py
[2023-09-23T09:17:55.415-0400] {logging_mixin.py:151} INFO - [2023-09-23T09:17:55.415-0400] {dag.py:2915} INFO - Sync 1 DAGs
[2023-09-23T09:17:55.432-0400] {logging_mixin.py:151} INFO - [2023-09-23T09:17:55.432-0400] {dag.py:3696} INFO - Setting next_dagrun for latest_only_with_trigger to 2023-09-23T09:17:55.432060+00:00, run_after=2023-09-23T13:17:55.432060+00:00
[2023-09-23T09:17:55.455-0400] {processor.py:179} INFO - Processing /home/beau/airflow/py_env/lib/python3.10/site-packages/airflow/example_dags/example_latest_only_with_trigger.py took 0.072 seconds
[2023-09-23T09:18:47.548-0400] {processor.py:157} INFO - Started process (PID=17223) to work on /home/beau/airflow/py_env/lib/python3.10/site-packages/airflow/example_dags/example_latest_only_with_trigger.py
[2023-09-23T09:18:47.550-0400] {processor.py:829} INFO - Processing file /home/beau/airflow/py_env/lib/python3.10/site-packages/airflow/example_dags/example_latest_only_with_trigger.py for tasks to queue
[2023-09-23T09:18:47.552-0400] {logging_mixin.py:151} INFO - [2023-09-23T09:18:47.551-0400] {dagbag.py:539} INFO - Filling up the DagBag from /home/beau/airflow/py_env/lib/python3.10/site-packages/airflow/example_dags/example_latest_only_with_trigger.py
[2023-09-23T09:18:47.561-0400] {processor.py:839} INFO - DAG(s) dict_keys(['latest_only_with_trigger']) retrieved from /home/beau/airflow/py_env/lib/python3.10/site-packages/airflow/example_dags/example_latest_only_with_trigger.py
[2023-09-23T09:18:47.585-0400] {logging_mixin.py:151} INFO - [2023-09-23T09:18:47.585-0400] {dag.py:2915} INFO - Sync 1 DAGs
[2023-09-23T09:18:47.604-0400] {logging_mixin.py:151} INFO - [2023-09-23T09:18:47.604-0400] {dag.py:3696} INFO - Setting next_dagrun for latest_only_with_trigger to 2023-09-23T09:18:47.604036+00:00, run_after=2023-09-23T13:18:47.604036+00:00
[2023-09-23T09:18:47.630-0400] {processor.py:179} INFO - Processing /home/beau/airflow/py_env/lib/python3.10/site-packages/airflow/example_dags/example_latest_only_with_trigger.py took 0.091 seconds
[2023-09-23T09:19:41.946-0400] {processor.py:157} INFO - Started process (PID=17518) to work on /home/beau/airflow/py_env/lib/python3.10/site-packages/airflow/example_dags/example_latest_only_with_trigger.py
[2023-09-23T09:19:41.948-0400] {processor.py:829} INFO - Processing file /home/beau/airflow/py_env/lib/python3.10/site-packages/airflow/example_dags/example_latest_only_with_trigger.py for tasks to queue
[2023-09-23T09:19:41.949-0400] {logging_mixin.py:151} INFO - [2023-09-23T09:19:41.949-0400] {dagbag.py:539} INFO - Filling up the DagBag from /home/beau/airflow/py_env/lib/python3.10/site-packages/airflow/example_dags/example_latest_only_with_trigger.py
[2023-09-23T09:19:41.959-0400] {processor.py:839} INFO - DAG(s) dict_keys(['latest_only_with_trigger']) retrieved from /home/beau/airflow/py_env/lib/python3.10/site-packages/airflow/example_dags/example_latest_only_with_trigger.py
[2023-09-23T09:19:41.977-0400] {logging_mixin.py:151} INFO - [2023-09-23T09:19:41.977-0400] {dag.py:2915} INFO - Sync 1 DAGs
[2023-09-23T09:19:41.993-0400] {logging_mixin.py:151} INFO - [2023-09-23T09:19:41.993-0400] {dag.py:3696} INFO - Setting next_dagrun for latest_only_with_trigger to 2023-09-23T09:19:41.993355+00:00, run_after=2023-09-23T13:19:41.993355+00:00
[2023-09-23T09:19:42.016-0400] {processor.py:179} INFO - Processing /home/beau/airflow/py_env/lib/python3.10/site-packages/airflow/example_dags/example_latest_only_with_trigger.py took 0.075 seconds
[2023-09-23T09:20:40.298-0400] {processor.py:157} INFO - Started process (PID=17826) to work on /home/beau/airflow/py_env/lib/python3.10/site-packages/airflow/example_dags/example_latest_only_with_trigger.py
[2023-09-23T09:20:40.302-0400] {processor.py:829} INFO - Processing file /home/beau/airflow/py_env/lib/python3.10/site-packages/airflow/example_dags/example_latest_only_with_trigger.py for tasks to queue
[2023-09-23T09:20:40.305-0400] {logging_mixin.py:151} INFO - [2023-09-23T09:20:40.303-0400] {dagbag.py:539} INFO - Filling up the DagBag from /home/beau/airflow/py_env/lib/python3.10/site-packages/airflow/example_dags/example_latest_only_with_trigger.py
[2023-09-23T09:20:40.313-0400] {processor.py:839} INFO - DAG(s) dict_keys(['latest_only_with_trigger']) retrieved from /home/beau/airflow/py_env/lib/python3.10/site-packages/airflow/example_dags/example_latest_only_with_trigger.py
[2023-09-23T09:20:40.336-0400] {logging_mixin.py:151} INFO - [2023-09-23T09:20:40.336-0400] {dag.py:2915} INFO - Sync 1 DAGs
[2023-09-23T09:20:40.361-0400] {logging_mixin.py:151} INFO - [2023-09-23T09:20:40.361-0400] {dag.py:3696} INFO - Setting next_dagrun for latest_only_with_trigger to 2023-09-23T09:20:40.361150+00:00, run_after=2023-09-23T13:20:40.361150+00:00
[2023-09-23T09:20:40.392-0400] {processor.py:179} INFO - Processing /home/beau/airflow/py_env/lib/python3.10/site-packages/airflow/example_dags/example_latest_only_with_trigger.py took 0.099 seconds
[2023-09-23T09:24:13.701-0400] {processor.py:157} INFO - Started process (PID=19423) to work on /home/beau/airflow/py_env/lib/python3.10/site-packages/airflow/example_dags/example_latest_only_with_trigger.py
[2023-09-23T09:24:13.703-0400] {processor.py:829} INFO - Processing file /home/beau/airflow/py_env/lib/python3.10/site-packages/airflow/example_dags/example_latest_only_with_trigger.py for tasks to queue
[2023-09-23T09:24:13.703-0400] {logging_mixin.py:151} INFO - [2023-09-23T09:24:13.703-0400] {dagbag.py:539} INFO - Filling up the DagBag from /home/beau/airflow/py_env/lib/python3.10/site-packages/airflow/example_dags/example_latest_only_with_trigger.py
[2023-09-23T09:24:13.711-0400] {processor.py:839} INFO - DAG(s) dict_keys(['latest_only_with_trigger']) retrieved from /home/beau/airflow/py_env/lib/python3.10/site-packages/airflow/example_dags/example_latest_only_with_trigger.py
[2023-09-23T09:24:13.729-0400] {logging_mixin.py:151} INFO - [2023-09-23T09:24:13.729-0400] {dag.py:2915} INFO - Sync 1 DAGs
[2023-09-23T09:24:13.748-0400] {logging_mixin.py:151} INFO - [2023-09-23T09:24:13.748-0400] {dag.py:3696} INFO - Setting next_dagrun for latest_only_with_trigger to 2023-09-23T09:24:13.748111+00:00, run_after=2023-09-23T13:24:13.748111+00:00
[2023-09-23T09:24:13.770-0400] {processor.py:179} INFO - Processing /home/beau/airflow/py_env/lib/python3.10/site-packages/airflow/example_dags/example_latest_only_with_trigger.py took 0.072 seconds
[2023-09-23T09:25:06.673-0400] {processor.py:157} INFO - Started process (PID=19738) to work on /home/beau/airflow/py_env/lib/python3.10/site-packages/airflow/example_dags/example_latest_only_with_trigger.py
[2023-09-23T09:25:06.676-0400] {processor.py:829} INFO - Processing file /home/beau/airflow/py_env/lib/python3.10/site-packages/airflow/example_dags/example_latest_only_with_trigger.py for tasks to queue
[2023-09-23T09:25:06.677-0400] {logging_mixin.py:151} INFO - [2023-09-23T09:25:06.677-0400] {dagbag.py:539} INFO - Filling up the DagBag from /home/beau/airflow/py_env/lib/python3.10/site-packages/airflow/example_dags/example_latest_only_with_trigger.py
[2023-09-23T09:25:06.684-0400] {processor.py:839} INFO - DAG(s) dict_keys(['latest_only_with_trigger']) retrieved from /home/beau/airflow/py_env/lib/python3.10/site-packages/airflow/example_dags/example_latest_only_with_trigger.py
[2023-09-23T09:25:06.700-0400] {logging_mixin.py:151} INFO - [2023-09-23T09:25:06.700-0400] {dag.py:2915} INFO - Sync 1 DAGs
[2023-09-23T09:25:06.722-0400] {logging_mixin.py:151} INFO - [2023-09-23T09:25:06.722-0400] {dag.py:3696} INFO - Setting next_dagrun for latest_only_with_trigger to 2023-09-23T09:25:06.722243+00:00, run_after=2023-09-23T13:25:06.722243+00:00
[2023-09-23T09:25:06.749-0400] {processor.py:179} INFO - Processing /home/beau/airflow/py_env/lib/python3.10/site-packages/airflow/example_dags/example_latest_only_with_trigger.py took 0.080 seconds
[2023-09-23T09:25:59.199-0400] {processor.py:157} INFO - Started process (PID=20040) to work on /home/beau/airflow/py_env/lib/python3.10/site-packages/airflow/example_dags/example_latest_only_with_trigger.py
[2023-09-23T09:25:59.202-0400] {processor.py:829} INFO - Processing file /home/beau/airflow/py_env/lib/python3.10/site-packages/airflow/example_dags/example_latest_only_with_trigger.py for tasks to queue
[2023-09-23T09:25:59.203-0400] {logging_mixin.py:151} INFO - [2023-09-23T09:25:59.203-0400] {dagbag.py:539} INFO - Filling up the DagBag from /home/beau/airflow/py_env/lib/python3.10/site-packages/airflow/example_dags/example_latest_only_with_trigger.py
[2023-09-23T09:25:59.212-0400] {processor.py:839} INFO - DAG(s) dict_keys(['latest_only_with_trigger']) retrieved from /home/beau/airflow/py_env/lib/python3.10/site-packages/airflow/example_dags/example_latest_only_with_trigger.py
[2023-09-23T09:25:59.230-0400] {logging_mixin.py:151} INFO - [2023-09-23T09:25:59.230-0400] {dag.py:2915} INFO - Sync 1 DAGs
[2023-09-23T09:25:59.249-0400] {logging_mixin.py:151} INFO - [2023-09-23T09:25:59.249-0400] {dag.py:3696} INFO - Setting next_dagrun for latest_only_with_trigger to 2023-09-23T09:25:59.249006+00:00, run_after=2023-09-23T13:25:59.249006+00:00
[2023-09-23T09:25:59.276-0400] {processor.py:179} INFO - Processing /home/beau/airflow/py_env/lib/python3.10/site-packages/airflow/example_dags/example_latest_only_with_trigger.py took 0.081 seconds
[2023-09-23T09:37:19.795-0400] {processor.py:157} INFO - Started process (PID=1394) to work on /home/beau/airflow/py_env/lib/python3.10/site-packages/airflow/example_dags/example_latest_only_with_trigger.py
[2023-09-23T09:37:19.799-0400] {processor.py:829} INFO - Processing file /home/beau/airflow/py_env/lib/python3.10/site-packages/airflow/example_dags/example_latest_only_with_trigger.py for tasks to queue
[2023-09-23T09:37:19.800-0400] {logging_mixin.py:151} INFO - [2023-09-23T09:37:19.800-0400] {dagbag.py:539} INFO - Filling up the DagBag from /home/beau/airflow/py_env/lib/python3.10/site-packages/airflow/example_dags/example_latest_only_with_trigger.py
[2023-09-23T09:37:19.810-0400] {processor.py:839} INFO - DAG(s) dict_keys(['latest_only_with_trigger']) retrieved from /home/beau/airflow/py_env/lib/python3.10/site-packages/airflow/example_dags/example_latest_only_with_trigger.py
[2023-09-23T09:37:19.826-0400] {logging_mixin.py:151} INFO - [2023-09-23T09:37:19.826-0400] {dag.py:2915} INFO - Sync 1 DAGs
[2023-09-23T09:37:19.842-0400] {logging_mixin.py:151} INFO - [2023-09-23T09:37:19.842-0400] {dag.py:3696} INFO - Setting next_dagrun for latest_only_with_trigger to 2023-09-23T09:37:19.842316+00:00, run_after=2023-09-23T13:37:19.842316+00:00
[2023-09-23T09:37:19.864-0400] {processor.py:179} INFO - Processing /home/beau/airflow/py_env/lib/python3.10/site-packages/airflow/example_dags/example_latest_only_with_trigger.py took 0.078 seconds
[2023-09-23T09:38:10.096-0400] {processor.py:157} INFO - Started process (PID=2141) to work on /home/beau/airflow/py_env/lib/python3.10/site-packages/airflow/example_dags/example_latest_only_with_trigger.py
[2023-09-23T09:38:10.099-0400] {processor.py:829} INFO - Processing file /home/beau/airflow/py_env/lib/python3.10/site-packages/airflow/example_dags/example_latest_only_with_trigger.py for tasks to queue
[2023-09-23T09:38:10.100-0400] {logging_mixin.py:151} INFO - [2023-09-23T09:38:10.099-0400] {dagbag.py:539} INFO - Filling up the DagBag from /home/beau/airflow/py_env/lib/python3.10/site-packages/airflow/example_dags/example_latest_only_with_trigger.py
[2023-09-23T09:38:10.105-0400] {processor.py:839} INFO - DAG(s) dict_keys(['latest_only_with_trigger']) retrieved from /home/beau/airflow/py_env/lib/python3.10/site-packages/airflow/example_dags/example_latest_only_with_trigger.py
[2023-09-23T09:38:10.117-0400] {logging_mixin.py:151} INFO - [2023-09-23T09:38:10.117-0400] {dag.py:2915} INFO - Sync 1 DAGs
[2023-09-23T09:38:10.131-0400] {logging_mixin.py:151} INFO - [2023-09-23T09:38:10.131-0400] {dag.py:3696} INFO - Setting next_dagrun for latest_only_with_trigger to 2023-09-23T09:38:10.131020+00:00, run_after=2023-09-23T13:38:10.131020+00:00
[2023-09-23T09:38:10.152-0400] {processor.py:179} INFO - Processing /home/beau/airflow/py_env/lib/python3.10/site-packages/airflow/example_dags/example_latest_only_with_trigger.py took 0.061 seconds
[2023-09-23T09:38:56.721-0400] {processor.py:157} INFO - Started process (PID=2444) to work on /home/beau/airflow/py_env/lib/python3.10/site-packages/airflow/example_dags/example_latest_only_with_trigger.py
[2023-09-23T09:38:56.723-0400] {processor.py:829} INFO - Processing file /home/beau/airflow/py_env/lib/python3.10/site-packages/airflow/example_dags/example_latest_only_with_trigger.py for tasks to queue
[2023-09-23T09:38:56.724-0400] {logging_mixin.py:151} INFO - [2023-09-23T09:38:56.724-0400] {dagbag.py:539} INFO - Filling up the DagBag from /home/beau/airflow/py_env/lib/python3.10/site-packages/airflow/example_dags/example_latest_only_with_trigger.py
[2023-09-23T09:38:56.732-0400] {processor.py:839} INFO - DAG(s) dict_keys(['latest_only_with_trigger']) retrieved from /home/beau/airflow/py_env/lib/python3.10/site-packages/airflow/example_dags/example_latest_only_with_trigger.py
[2023-09-23T09:38:56.750-0400] {logging_mixin.py:151} INFO - [2023-09-23T09:38:56.749-0400] {dag.py:2915} INFO - Sync 1 DAGs
[2023-09-23T09:38:56.764-0400] {logging_mixin.py:151} INFO - [2023-09-23T09:38:56.764-0400] {dag.py:3696} INFO - Setting next_dagrun for latest_only_with_trigger to 2023-09-23T09:38:56.763937+00:00, run_after=2023-09-23T13:38:56.763937+00:00
[2023-09-23T09:38:56.785-0400] {processor.py:179} INFO - Processing /home/beau/airflow/py_env/lib/python3.10/site-packages/airflow/example_dags/example_latest_only_with_trigger.py took 0.069 seconds
[2023-09-23T09:39:47.972-0400] {processor.py:157} INFO - Started process (PID=3140) to work on /home/beau/airflow/py_env/lib/python3.10/site-packages/airflow/example_dags/example_latest_only_with_trigger.py
[2023-09-23T09:39:47.975-0400] {processor.py:829} INFO - Processing file /home/beau/airflow/py_env/lib/python3.10/site-packages/airflow/example_dags/example_latest_only_with_trigger.py for tasks to queue
[2023-09-23T09:39:47.976-0400] {logging_mixin.py:151} INFO - [2023-09-23T09:39:47.976-0400] {dagbag.py:539} INFO - Filling up the DagBag from /home/beau/airflow/py_env/lib/python3.10/site-packages/airflow/example_dags/example_latest_only_with_trigger.py
[2023-09-23T09:39:47.984-0400] {processor.py:839} INFO - DAG(s) dict_keys(['latest_only_with_trigger']) retrieved from /home/beau/airflow/py_env/lib/python3.10/site-packages/airflow/example_dags/example_latest_only_with_trigger.py
[2023-09-23T09:39:48.001-0400] {logging_mixin.py:151} INFO - [2023-09-23T09:39:48.001-0400] {dag.py:2915} INFO - Sync 1 DAGs
[2023-09-23T09:39:48.019-0400] {logging_mixin.py:151} INFO - [2023-09-23T09:39:48.019-0400] {dag.py:3696} INFO - Setting next_dagrun for latest_only_with_trigger to 2023-09-23T09:39:48.018751+00:00, run_after=2023-09-23T13:39:48.018751+00:00
[2023-09-23T09:39:48.047-0400] {processor.py:179} INFO - Processing /home/beau/airflow/py_env/lib/python3.10/site-packages/airflow/example_dags/example_latest_only_with_trigger.py took 0.081 seconds
