[2023-09-23T09:06:33.014-0400] {processor.py:157} INFO - Started process (PID=11430) to work on /home/beau/airflow/py_env/lib/python3.10/site-packages/airflow/example_dags/example_setup_teardown_taskflow.py
[2023-09-23T09:06:33.016-0400] {processor.py:829} INFO - Processing file /home/beau/airflow/py_env/lib/python3.10/site-packages/airflow/example_dags/example_setup_teardown_taskflow.py for tasks to queue
[2023-09-23T09:06:33.017-0400] {logging_mixin.py:151} INFO - [2023-09-23T09:06:33.017-0400] {dagbag.py:539} INFO - Filling up the DagBag from /home/beau/airflow/py_env/lib/python3.10/site-packages/airflow/example_dags/example_setup_teardown_taskflow.py
[2023-09-23T09:06:33.033-0400] {processor.py:839} INFO - DAG(s) dict_keys(['example_setup_teardown_taskflow']) retrieved from /home/beau/airflow/py_env/lib/python3.10/site-packages/airflow/example_dags/example_setup_teardown_taskflow.py
[2023-09-23T09:06:33.129-0400] {logging_mixin.py:151} INFO - [2023-09-23T09:06:33.129-0400] {manager.py:499} INFO - Created Permission View: %s
[2023-09-23T09:06:33.144-0400] {logging_mixin.py:151} INFO - [2023-09-23T09:06:33.144-0400] {manager.py:499} INFO - Created Permission View: %s
[2023-09-23T09:06:33.159-0400] {logging_mixin.py:151} INFO - [2023-09-23T09:06:33.158-0400] {manager.py:499} INFO - Created Permission View: %s
[2023-09-23T09:06:33.159-0400] {logging_mixin.py:151} INFO - [2023-09-23T09:06:33.159-0400] {security.py:708} INFO - Not syncing DAG-level permissions for DAG 'DAG:example_setup_teardown_taskflow' as access control is unset.
[2023-09-23T09:06:33.159-0400] {logging_mixin.py:151} INFO - [2023-09-23T09:06:33.159-0400] {dag.py:2915} INFO - Sync 1 DAGs
[2023-09-23T09:06:33.169-0400] {logging_mixin.py:151} INFO - [2023-09-23T09:06:33.169-0400] {dag.py:2937} INFO - Creating ORM DAG for example_setup_teardown_taskflow
[2023-09-23T09:06:33.176-0400] {logging_mixin.py:151} INFO - [2023-09-23T09:06:33.176-0400] {dag.py:3696} INFO - Setting next_dagrun for example_setup_teardown_taskflow to 2023-09-22T13:06:33.176031+00:00, run_after=2023-09-23T13:06:33.176031+00:00
[2023-09-23T09:06:33.203-0400] {processor.py:179} INFO - Processing /home/beau/airflow/py_env/lib/python3.10/site-packages/airflow/example_dags/example_setup_teardown_taskflow.py took 0.194 seconds
[2023-09-23T09:07:20.492-0400] {processor.py:157} INFO - Started process (PID=11919) to work on /home/beau/airflow/py_env/lib/python3.10/site-packages/airflow/example_dags/example_setup_teardown_taskflow.py
[2023-09-23T09:07:20.495-0400] {processor.py:829} INFO - Processing file /home/beau/airflow/py_env/lib/python3.10/site-packages/airflow/example_dags/example_setup_teardown_taskflow.py for tasks to queue
[2023-09-23T09:07:20.497-0400] {logging_mixin.py:151} INFO - [2023-09-23T09:07:20.496-0400] {dagbag.py:539} INFO - Filling up the DagBag from /home/beau/airflow/py_env/lib/python3.10/site-packages/airflow/example_dags/example_setup_teardown_taskflow.py
[2023-09-23T09:07:20.508-0400] {processor.py:839} INFO - DAG(s) dict_keys(['example_setup_teardown_taskflow']) retrieved from /home/beau/airflow/py_env/lib/python3.10/site-packages/airflow/example_dags/example_setup_teardown_taskflow.py
[2023-09-23T09:07:20.526-0400] {logging_mixin.py:151} INFO - [2023-09-23T09:07:20.525-0400] {dag.py:2915} INFO - Sync 1 DAGs
[2023-09-23T09:07:20.544-0400] {logging_mixin.py:151} INFO - [2023-09-23T09:07:20.543-0400] {dag.py:3696} INFO - Setting next_dagrun for example_setup_teardown_taskflow to 2023-09-22T13:07:20.543563+00:00, run_after=2023-09-23T13:07:20.543563+00:00
[2023-09-23T09:07:20.570-0400] {processor.py:179} INFO - Processing /home/beau/airflow/py_env/lib/python3.10/site-packages/airflow/example_dags/example_setup_teardown_taskflow.py took 0.081 seconds
[2023-09-23T09:08:07.393-0400] {processor.py:157} INFO - Started process (PID=12165) to work on /home/beau/airflow/py_env/lib/python3.10/site-packages/airflow/example_dags/example_setup_teardown_taskflow.py
[2023-09-23T09:08:07.397-0400] {processor.py:829} INFO - Processing file /home/beau/airflow/py_env/lib/python3.10/site-packages/airflow/example_dags/example_setup_teardown_taskflow.py for tasks to queue
[2023-09-23T09:08:07.398-0400] {logging_mixin.py:151} INFO - [2023-09-23T09:08:07.398-0400] {dagbag.py:539} INFO - Filling up the DagBag from /home/beau/airflow/py_env/lib/python3.10/site-packages/airflow/example_dags/example_setup_teardown_taskflow.py
[2023-09-23T09:08:07.407-0400] {processor.py:839} INFO - DAG(s) dict_keys(['example_setup_teardown_taskflow']) retrieved from /home/beau/airflow/py_env/lib/python3.10/site-packages/airflow/example_dags/example_setup_teardown_taskflow.py
[2023-09-23T09:08:07.421-0400] {logging_mixin.py:151} INFO - [2023-09-23T09:08:07.421-0400] {dag.py:2915} INFO - Sync 1 DAGs
[2023-09-23T09:08:07.437-0400] {logging_mixin.py:151} INFO - [2023-09-23T09:08:07.437-0400] {dag.py:3696} INFO - Setting next_dagrun for example_setup_teardown_taskflow to 2023-09-22T13:08:07.437278+00:00, run_after=2023-09-23T13:08:07.437278+00:00
[2023-09-23T09:08:07.459-0400] {processor.py:179} INFO - Processing /home/beau/airflow/py_env/lib/python3.10/site-packages/airflow/example_dags/example_setup_teardown_taskflow.py took 0.069 seconds
[2023-09-23T09:08:58.135-0400] {processor.py:157} INFO - Started process (PID=12608) to work on /home/beau/airflow/py_env/lib/python3.10/site-packages/airflow/example_dags/example_setup_teardown_taskflow.py
[2023-09-23T09:08:58.138-0400] {processor.py:829} INFO - Processing file /home/beau/airflow/py_env/lib/python3.10/site-packages/airflow/example_dags/example_setup_teardown_taskflow.py for tasks to queue
[2023-09-23T09:08:58.140-0400] {logging_mixin.py:151} INFO - [2023-09-23T09:08:58.140-0400] {dagbag.py:539} INFO - Filling up the DagBag from /home/beau/airflow/py_env/lib/python3.10/site-packages/airflow/example_dags/example_setup_teardown_taskflow.py
[2023-09-23T09:08:58.162-0400] {processor.py:839} INFO - DAG(s) dict_keys(['example_setup_teardown_taskflow']) retrieved from /home/beau/airflow/py_env/lib/python3.10/site-packages/airflow/example_dags/example_setup_teardown_taskflow.py
[2023-09-23T09:08:58.182-0400] {logging_mixin.py:151} INFO - [2023-09-23T09:08:58.181-0400] {dag.py:2915} INFO - Sync 1 DAGs
[2023-09-23T09:08:58.204-0400] {logging_mixin.py:151} INFO - [2023-09-23T09:08:58.204-0400] {dag.py:3696} INFO - Setting next_dagrun for example_setup_teardown_taskflow to 2023-09-22T13:08:58.204499+00:00, run_after=2023-09-23T13:08:58.204499+00:00
[2023-09-23T09:08:58.232-0400] {processor.py:179} INFO - Processing /home/beau/airflow/py_env/lib/python3.10/site-packages/airflow/example_dags/example_setup_teardown_taskflow.py took 0.102 seconds
[2023-09-23T09:09:47.783-0400] {processor.py:157} INFO - Started process (PID=12854) to work on /home/beau/airflow/py_env/lib/python3.10/site-packages/airflow/example_dags/example_setup_teardown_taskflow.py
[2023-09-23T09:09:47.787-0400] {processor.py:829} INFO - Processing file /home/beau/airflow/py_env/lib/python3.10/site-packages/airflow/example_dags/example_setup_teardown_taskflow.py for tasks to queue
[2023-09-23T09:09:47.789-0400] {logging_mixin.py:151} INFO - [2023-09-23T09:09:47.788-0400] {dagbag.py:539} INFO - Filling up the DagBag from /home/beau/airflow/py_env/lib/python3.10/site-packages/airflow/example_dags/example_setup_teardown_taskflow.py
[2023-09-23T09:09:47.809-0400] {processor.py:839} INFO - DAG(s) dict_keys(['example_setup_teardown_taskflow']) retrieved from /home/beau/airflow/py_env/lib/python3.10/site-packages/airflow/example_dags/example_setup_teardown_taskflow.py
[2023-09-23T09:09:47.826-0400] {logging_mixin.py:151} INFO - [2023-09-23T09:09:47.826-0400] {dag.py:2915} INFO - Sync 1 DAGs
[2023-09-23T09:09:47.844-0400] {logging_mixin.py:151} INFO - [2023-09-23T09:09:47.844-0400] {dag.py:3696} INFO - Setting next_dagrun for example_setup_teardown_taskflow to 2023-09-22T13:09:47.843861+00:00, run_after=2023-09-23T13:09:47.843861+00:00
[2023-09-23T09:09:47.872-0400] {processor.py:179} INFO - Processing /home/beau/airflow/py_env/lib/python3.10/site-packages/airflow/example_dags/example_setup_teardown_taskflow.py took 0.096 seconds
[2023-09-23T09:10:34.536-0400] {processor.py:157} INFO - Started process (PID=13100) to work on /home/beau/airflow/py_env/lib/python3.10/site-packages/airflow/example_dags/example_setup_teardown_taskflow.py
[2023-09-23T09:10:34.537-0400] {processor.py:829} INFO - Processing file /home/beau/airflow/py_env/lib/python3.10/site-packages/airflow/example_dags/example_setup_teardown_taskflow.py for tasks to queue
[2023-09-23T09:10:34.538-0400] {logging_mixin.py:151} INFO - [2023-09-23T09:10:34.538-0400] {dagbag.py:539} INFO - Filling up the DagBag from /home/beau/airflow/py_env/lib/python3.10/site-packages/airflow/example_dags/example_setup_teardown_taskflow.py
[2023-09-23T09:10:34.546-0400] {processor.py:839} INFO - DAG(s) dict_keys(['example_setup_teardown_taskflow']) retrieved from /home/beau/airflow/py_env/lib/python3.10/site-packages/airflow/example_dags/example_setup_teardown_taskflow.py
[2023-09-23T09:10:34.559-0400] {logging_mixin.py:151} INFO - [2023-09-23T09:10:34.559-0400] {dag.py:2915} INFO - Sync 1 DAGs
[2023-09-23T09:10:34.574-0400] {logging_mixin.py:151} INFO - [2023-09-23T09:10:34.574-0400] {dag.py:3696} INFO - Setting next_dagrun for example_setup_teardown_taskflow to 2023-09-22T13:10:34.574288+00:00, run_after=2023-09-23T13:10:34.574288+00:00
[2023-09-23T09:10:34.595-0400] {processor.py:179} INFO - Processing /home/beau/airflow/py_env/lib/python3.10/site-packages/airflow/example_dags/example_setup_teardown_taskflow.py took 0.062 seconds
[2023-09-23T09:11:23.557-0400] {processor.py:157} INFO - Started process (PID=13588) to work on /home/beau/airflow/py_env/lib/python3.10/site-packages/airflow/example_dags/example_setup_teardown_taskflow.py
[2023-09-23T09:11:23.561-0400] {processor.py:829} INFO - Processing file /home/beau/airflow/py_env/lib/python3.10/site-packages/airflow/example_dags/example_setup_teardown_taskflow.py for tasks to queue
[2023-09-23T09:11:23.562-0400] {logging_mixin.py:151} INFO - [2023-09-23T09:11:23.562-0400] {dagbag.py:539} INFO - Filling up the DagBag from /home/beau/airflow/py_env/lib/python3.10/site-packages/airflow/example_dags/example_setup_teardown_taskflow.py
[2023-09-23T09:11:23.575-0400] {processor.py:839} INFO - DAG(s) dict_keys(['example_setup_teardown_taskflow']) retrieved from /home/beau/airflow/py_env/lib/python3.10/site-packages/airflow/example_dags/example_setup_teardown_taskflow.py
[2023-09-23T09:11:23.591-0400] {logging_mixin.py:151} INFO - [2023-09-23T09:11:23.591-0400] {dag.py:2915} INFO - Sync 1 DAGs
[2023-09-23T09:11:23.607-0400] {logging_mixin.py:151} INFO - [2023-09-23T09:11:23.606-0400] {dag.py:3696} INFO - Setting next_dagrun for example_setup_teardown_taskflow to 2023-09-22T13:11:23.606726+00:00, run_after=2023-09-23T13:11:23.606726+00:00
[2023-09-23T09:11:23.632-0400] {processor.py:179} INFO - Processing /home/beau/airflow/py_env/lib/python3.10/site-packages/airflow/example_dags/example_setup_teardown_taskflow.py took 0.079 seconds
[2023-09-23T09:12:12.867-0400] {processor.py:157} INFO - Started process (PID=13893) to work on /home/beau/airflow/py_env/lib/python3.10/site-packages/airflow/example_dags/example_setup_teardown_taskflow.py
[2023-09-23T09:12:12.871-0400] {processor.py:829} INFO - Processing file /home/beau/airflow/py_env/lib/python3.10/site-packages/airflow/example_dags/example_setup_teardown_taskflow.py for tasks to queue
[2023-09-23T09:12:12.872-0400] {logging_mixin.py:151} INFO - [2023-09-23T09:12:12.872-0400] {dagbag.py:539} INFO - Filling up the DagBag from /home/beau/airflow/py_env/lib/python3.10/site-packages/airflow/example_dags/example_setup_teardown_taskflow.py
[2023-09-23T09:12:12.882-0400] {processor.py:839} INFO - DAG(s) dict_keys(['example_setup_teardown_taskflow']) retrieved from /home/beau/airflow/py_env/lib/python3.10/site-packages/airflow/example_dags/example_setup_teardown_taskflow.py
[2023-09-23T09:12:12.897-0400] {logging_mixin.py:151} INFO - [2023-09-23T09:12:12.897-0400] {dag.py:2915} INFO - Sync 1 DAGs
[2023-09-23T09:12:12.914-0400] {logging_mixin.py:151} INFO - [2023-09-23T09:12:12.914-0400] {dag.py:3696} INFO - Setting next_dagrun for example_setup_teardown_taskflow to 2023-09-22T13:12:12.914127+00:00, run_after=2023-09-23T13:12:12.914127+00:00
[2023-09-23T09:12:12.938-0400] {processor.py:179} INFO - Processing /home/beau/airflow/py_env/lib/python3.10/site-packages/airflow/example_dags/example_setup_teardown_taskflow.py took 0.073 seconds
[2023-09-23T09:13:02.516-0400] {processor.py:157} INFO - Started process (PID=14392) to work on /home/beau/airflow/py_env/lib/python3.10/site-packages/airflow/example_dags/example_setup_teardown_taskflow.py
[2023-09-23T09:13:02.519-0400] {processor.py:829} INFO - Processing file /home/beau/airflow/py_env/lib/python3.10/site-packages/airflow/example_dags/example_setup_teardown_taskflow.py for tasks to queue
[2023-09-23T09:13:02.520-0400] {logging_mixin.py:151} INFO - [2023-09-23T09:13:02.519-0400] {dagbag.py:539} INFO - Filling up the DagBag from /home/beau/airflow/py_env/lib/python3.10/site-packages/airflow/example_dags/example_setup_teardown_taskflow.py
[2023-09-23T09:13:02.530-0400] {processor.py:839} INFO - DAG(s) dict_keys(['example_setup_teardown_taskflow']) retrieved from /home/beau/airflow/py_env/lib/python3.10/site-packages/airflow/example_dags/example_setup_teardown_taskflow.py
[2023-09-23T09:13:02.545-0400] {logging_mixin.py:151} INFO - [2023-09-23T09:13:02.545-0400] {dag.py:2915} INFO - Sync 1 DAGs
[2023-09-23T09:13:02.566-0400] {logging_mixin.py:151} INFO - [2023-09-23T09:13:02.566-0400] {dag.py:3696} INFO - Setting next_dagrun for example_setup_teardown_taskflow to 2023-09-22T13:13:02.566280+00:00, run_after=2023-09-23T13:13:02.566280+00:00
[2023-09-23T09:13:02.603-0400] {processor.py:179} INFO - Processing /home/beau/airflow/py_env/lib/python3.10/site-packages/airflow/example_dags/example_setup_teardown_taskflow.py took 0.089 seconds
[2023-09-23T09:13:53.296-0400] {processor.py:157} INFO - Started process (PID=14874) to work on /home/beau/airflow/py_env/lib/python3.10/site-packages/airflow/example_dags/example_setup_teardown_taskflow.py
[2023-09-23T09:13:53.301-0400] {processor.py:829} INFO - Processing file /home/beau/airflow/py_env/lib/python3.10/site-packages/airflow/example_dags/example_setup_teardown_taskflow.py for tasks to queue
[2023-09-23T09:13:53.303-0400] {logging_mixin.py:151} INFO - [2023-09-23T09:13:53.302-0400] {dagbag.py:539} INFO - Filling up the DagBag from /home/beau/airflow/py_env/lib/python3.10/site-packages/airflow/example_dags/example_setup_teardown_taskflow.py
[2023-09-23T09:13:53.321-0400] {processor.py:839} INFO - DAG(s) dict_keys(['example_setup_teardown_taskflow']) retrieved from /home/beau/airflow/py_env/lib/python3.10/site-packages/airflow/example_dags/example_setup_teardown_taskflow.py
[2023-09-23T09:13:53.336-0400] {logging_mixin.py:151} INFO - [2023-09-23T09:13:53.336-0400] {dag.py:2915} INFO - Sync 1 DAGs
[2023-09-23T09:13:53.353-0400] {logging_mixin.py:151} INFO - [2023-09-23T09:13:53.353-0400] {dag.py:3696} INFO - Setting next_dagrun for example_setup_teardown_taskflow to 2023-09-22T13:13:53.352987+00:00, run_after=2023-09-23T13:13:53.352987+00:00
[2023-09-23T09:13:53.380-0400] {processor.py:179} INFO - Processing /home/beau/airflow/py_env/lib/python3.10/site-packages/airflow/example_dags/example_setup_teardown_taskflow.py took 0.091 seconds
[2023-09-23T09:14:39.453-0400] {processor.py:157} INFO - Started process (PID=15239) to work on /home/beau/airflow/py_env/lib/python3.10/site-packages/airflow/example_dags/example_setup_teardown_taskflow.py
[2023-09-23T09:14:39.459-0400] {processor.py:829} INFO - Processing file /home/beau/airflow/py_env/lib/python3.10/site-packages/airflow/example_dags/example_setup_teardown_taskflow.py for tasks to queue
[2023-09-23T09:14:39.462-0400] {logging_mixin.py:151} INFO - [2023-09-23T09:14:39.461-0400] {dagbag.py:539} INFO - Filling up the DagBag from /home/beau/airflow/py_env/lib/python3.10/site-packages/airflow/example_dags/example_setup_teardown_taskflow.py
[2023-09-23T09:14:39.484-0400] {processor.py:839} INFO - DAG(s) dict_keys(['example_setup_teardown_taskflow']) retrieved from /home/beau/airflow/py_env/lib/python3.10/site-packages/airflow/example_dags/example_setup_teardown_taskflow.py
[2023-09-23T09:14:39.501-0400] {logging_mixin.py:151} INFO - [2023-09-23T09:14:39.500-0400] {dag.py:2915} INFO - Sync 1 DAGs
[2023-09-23T09:14:39.515-0400] {logging_mixin.py:151} INFO - [2023-09-23T09:14:39.515-0400] {dag.py:3696} INFO - Setting next_dagrun for example_setup_teardown_taskflow to 2023-09-22T13:14:39.515104+00:00, run_after=2023-09-23T13:14:39.515104+00:00
[2023-09-23T09:14:39.543-0400] {processor.py:179} INFO - Processing /home/beau/airflow/py_env/lib/python3.10/site-packages/airflow/example_dags/example_setup_teardown_taskflow.py took 0.099 seconds
[2023-09-23T09:15:30.004-0400] {processor.py:157} INFO - Started process (PID=15494) to work on /home/beau/airflow/py_env/lib/python3.10/site-packages/airflow/example_dags/example_setup_teardown_taskflow.py
[2023-09-23T09:15:30.005-0400] {processor.py:829} INFO - Processing file /home/beau/airflow/py_env/lib/python3.10/site-packages/airflow/example_dags/example_setup_teardown_taskflow.py for tasks to queue
[2023-09-23T09:15:30.006-0400] {logging_mixin.py:151} INFO - [2023-09-23T09:15:30.006-0400] {dagbag.py:539} INFO - Filling up the DagBag from /home/beau/airflow/py_env/lib/python3.10/site-packages/airflow/example_dags/example_setup_teardown_taskflow.py
[2023-09-23T09:15:30.019-0400] {processor.py:839} INFO - DAG(s) dict_keys(['example_setup_teardown_taskflow']) retrieved from /home/beau/airflow/py_env/lib/python3.10/site-packages/airflow/example_dags/example_setup_teardown_taskflow.py
[2023-09-23T09:15:30.038-0400] {logging_mixin.py:151} INFO - [2023-09-23T09:15:30.038-0400] {dag.py:2915} INFO - Sync 1 DAGs
[2023-09-23T09:15:30.059-0400] {logging_mixin.py:151} INFO - [2023-09-23T09:15:30.059-0400] {dag.py:3696} INFO - Setting next_dagrun for example_setup_teardown_taskflow to 2023-09-22T13:15:30.058666+00:00, run_after=2023-09-23T13:15:30.058666+00:00
[2023-09-23T09:15:30.089-0400] {processor.py:179} INFO - Processing /home/beau/airflow/py_env/lib/python3.10/site-packages/airflow/example_dags/example_setup_teardown_taskflow.py took 0.088 seconds
[2023-09-23T09:17:32.490-0400] {processor.py:157} INFO - Started process (PID=16848) to work on /home/beau/airflow/py_env/lib/python3.10/site-packages/airflow/example_dags/example_setup_teardown_taskflow.py
[2023-09-23T09:17:32.495-0400] {processor.py:829} INFO - Processing file /home/beau/airflow/py_env/lib/python3.10/site-packages/airflow/example_dags/example_setup_teardown_taskflow.py for tasks to queue
[2023-09-23T09:17:32.496-0400] {logging_mixin.py:151} INFO - [2023-09-23T09:17:32.496-0400] {dagbag.py:539} INFO - Filling up the DagBag from /home/beau/airflow/py_env/lib/python3.10/site-packages/airflow/example_dags/example_setup_teardown_taskflow.py
[2023-09-23T09:17:32.510-0400] {processor.py:839} INFO - DAG(s) dict_keys(['example_setup_teardown_taskflow']) retrieved from /home/beau/airflow/py_env/lib/python3.10/site-packages/airflow/example_dags/example_setup_teardown_taskflow.py
[2023-09-23T09:17:32.522-0400] {logging_mixin.py:151} INFO - [2023-09-23T09:17:32.521-0400] {dag.py:2915} INFO - Sync 1 DAGs
[2023-09-23T09:17:32.543-0400] {logging_mixin.py:151} INFO - [2023-09-23T09:17:32.543-0400] {dag.py:3696} INFO - Setting next_dagrun for example_setup_teardown_taskflow to 2023-09-22T13:17:32.542892+00:00, run_after=2023-09-23T13:17:32.542892+00:00
[2023-09-23T09:17:32.568-0400] {processor.py:179} INFO - Processing /home/beau/airflow/py_env/lib/python3.10/site-packages/airflow/example_dags/example_setup_teardown_taskflow.py took 0.085 seconds
[2023-09-23T09:18:20.335-0400] {processor.py:157} INFO - Started process (PID=17112) to work on /home/beau/airflow/py_env/lib/python3.10/site-packages/airflow/example_dags/example_setup_teardown_taskflow.py
[2023-09-23T09:18:20.340-0400] {processor.py:829} INFO - Processing file /home/beau/airflow/py_env/lib/python3.10/site-packages/airflow/example_dags/example_setup_teardown_taskflow.py for tasks to queue
[2023-09-23T09:18:20.341-0400] {logging_mixin.py:151} INFO - [2023-09-23T09:18:20.341-0400] {dagbag.py:539} INFO - Filling up the DagBag from /home/beau/airflow/py_env/lib/python3.10/site-packages/airflow/example_dags/example_setup_teardown_taskflow.py
[2023-09-23T09:18:20.357-0400] {processor.py:839} INFO - DAG(s) dict_keys(['example_setup_teardown_taskflow']) retrieved from /home/beau/airflow/py_env/lib/python3.10/site-packages/airflow/example_dags/example_setup_teardown_taskflow.py
[2023-09-23T09:18:20.370-0400] {logging_mixin.py:151} INFO - [2023-09-23T09:18:20.370-0400] {dag.py:2915} INFO - Sync 1 DAGs
[2023-09-23T09:18:20.385-0400] {logging_mixin.py:151} INFO - [2023-09-23T09:18:20.384-0400] {dag.py:3696} INFO - Setting next_dagrun for example_setup_teardown_taskflow to 2023-09-22T13:18:20.384706+00:00, run_after=2023-09-23T13:18:20.384706+00:00
[2023-09-23T09:18:20.410-0400] {processor.py:179} INFO - Processing /home/beau/airflow/py_env/lib/python3.10/site-packages/airflow/example_dags/example_setup_teardown_taskflow.py took 0.081 seconds
[2023-09-23T09:19:12.271-0400] {processor.py:157} INFO - Started process (PID=17356) to work on /home/beau/airflow/py_env/lib/python3.10/site-packages/airflow/example_dags/example_setup_teardown_taskflow.py
[2023-09-23T09:19:12.274-0400] {processor.py:829} INFO - Processing file /home/beau/airflow/py_env/lib/python3.10/site-packages/airflow/example_dags/example_setup_teardown_taskflow.py for tasks to queue
[2023-09-23T09:19:12.275-0400] {logging_mixin.py:151} INFO - [2023-09-23T09:19:12.274-0400] {dagbag.py:539} INFO - Filling up the DagBag from /home/beau/airflow/py_env/lib/python3.10/site-packages/airflow/example_dags/example_setup_teardown_taskflow.py
[2023-09-23T09:19:12.288-0400] {processor.py:839} INFO - DAG(s) dict_keys(['example_setup_teardown_taskflow']) retrieved from /home/beau/airflow/py_env/lib/python3.10/site-packages/airflow/example_dags/example_setup_teardown_taskflow.py
[2023-09-23T09:19:12.302-0400] {logging_mixin.py:151} INFO - [2023-09-23T09:19:12.302-0400] {dag.py:2915} INFO - Sync 1 DAGs
[2023-09-23T09:19:12.316-0400] {logging_mixin.py:151} INFO - [2023-09-23T09:19:12.316-0400] {dag.py:3696} INFO - Setting next_dagrun for example_setup_teardown_taskflow to 2023-09-22T13:19:12.316621+00:00, run_after=2023-09-23T13:19:12.316621+00:00
[2023-09-23T09:19:12.340-0400] {processor.py:179} INFO - Processing /home/beau/airflow/py_env/lib/python3.10/site-packages/airflow/example_dags/example_setup_teardown_taskflow.py took 0.073 seconds
[2023-09-23T09:20:01.139-0400] {processor.py:157} INFO - Started process (PID=17591) to work on /home/beau/airflow/py_env/lib/python3.10/site-packages/airflow/example_dags/example_setup_teardown_taskflow.py
[2023-09-23T09:20:01.141-0400] {processor.py:829} INFO - Processing file /home/beau/airflow/py_env/lib/python3.10/site-packages/airflow/example_dags/example_setup_teardown_taskflow.py for tasks to queue
[2023-09-23T09:20:01.143-0400] {logging_mixin.py:151} INFO - [2023-09-23T09:20:01.142-0400] {dagbag.py:539} INFO - Filling up the DagBag from /home/beau/airflow/py_env/lib/python3.10/site-packages/airflow/example_dags/example_setup_teardown_taskflow.py
[2023-09-23T09:20:01.155-0400] {processor.py:839} INFO - DAG(s) dict_keys(['example_setup_teardown_taskflow']) retrieved from /home/beau/airflow/py_env/lib/python3.10/site-packages/airflow/example_dags/example_setup_teardown_taskflow.py
[2023-09-23T09:20:01.174-0400] {logging_mixin.py:151} INFO - [2023-09-23T09:20:01.174-0400] {dag.py:2915} INFO - Sync 1 DAGs
[2023-09-23T09:20:01.191-0400] {logging_mixin.py:151} INFO - [2023-09-23T09:20:01.191-0400] {dag.py:3696} INFO - Setting next_dagrun for example_setup_teardown_taskflow to 2023-09-22T13:20:01.191460+00:00, run_after=2023-09-23T13:20:01.191460+00:00
[2023-09-23T09:20:01.215-0400] {processor.py:179} INFO - Processing /home/beau/airflow/py_env/lib/python3.10/site-packages/airflow/example_dags/example_setup_teardown_taskflow.py took 0.083 seconds
[2023-09-23T09:20:57.069-0400] {processor.py:157} INFO - Started process (PID=17891) to work on /home/beau/airflow/py_env/lib/python3.10/site-packages/airflow/example_dags/example_setup_teardown_taskflow.py
[2023-09-23T09:20:57.075-0400] {processor.py:829} INFO - Processing file /home/beau/airflow/py_env/lib/python3.10/site-packages/airflow/example_dags/example_setup_teardown_taskflow.py for tasks to queue
[2023-09-23T09:20:57.077-0400] {logging_mixin.py:151} INFO - [2023-09-23T09:20:57.076-0400] {dagbag.py:539} INFO - Filling up the DagBag from /home/beau/airflow/py_env/lib/python3.10/site-packages/airflow/example_dags/example_setup_teardown_taskflow.py
[2023-09-23T09:20:57.100-0400] {processor.py:839} INFO - DAG(s) dict_keys(['example_setup_teardown_taskflow']) retrieved from /home/beau/airflow/py_env/lib/python3.10/site-packages/airflow/example_dags/example_setup_teardown_taskflow.py
[2023-09-23T09:20:57.123-0400] {logging_mixin.py:151} INFO - [2023-09-23T09:20:57.123-0400] {dag.py:2915} INFO - Sync 1 DAGs
[2023-09-23T09:20:57.145-0400] {logging_mixin.py:151} INFO - [2023-09-23T09:20:57.145-0400] {dag.py:3696} INFO - Setting next_dagrun for example_setup_teardown_taskflow to 2023-09-22T13:20:57.144803+00:00, run_after=2023-09-23T13:20:57.144803+00:00
[2023-09-23T09:20:57.172-0400] {processor.py:179} INFO - Processing /home/beau/airflow/py_env/lib/python3.10/site-packages/airflow/example_dags/example_setup_teardown_taskflow.py took 0.113 seconds
[2023-09-23T09:23:51.694-0400] {processor.py:157} INFO - Started process (PID=19335) to work on /home/beau/airflow/py_env/lib/python3.10/site-packages/airflow/example_dags/example_setup_teardown_taskflow.py
[2023-09-23T09:23:51.699-0400] {processor.py:829} INFO - Processing file /home/beau/airflow/py_env/lib/python3.10/site-packages/airflow/example_dags/example_setup_teardown_taskflow.py for tasks to queue
[2023-09-23T09:23:51.700-0400] {logging_mixin.py:151} INFO - [2023-09-23T09:23:51.700-0400] {dagbag.py:539} INFO - Filling up the DagBag from /home/beau/airflow/py_env/lib/python3.10/site-packages/airflow/example_dags/example_setup_teardown_taskflow.py
[2023-09-23T09:23:51.717-0400] {processor.py:839} INFO - DAG(s) dict_keys(['example_setup_teardown_taskflow']) retrieved from /home/beau/airflow/py_env/lib/python3.10/site-packages/airflow/example_dags/example_setup_teardown_taskflow.py
[2023-09-23T09:23:51.727-0400] {logging_mixin.py:151} INFO - [2023-09-23T09:23:51.726-0400] {dag.py:2915} INFO - Sync 1 DAGs
[2023-09-23T09:23:51.744-0400] {logging_mixin.py:151} INFO - [2023-09-23T09:23:51.743-0400] {dag.py:3696} INFO - Setting next_dagrun for example_setup_teardown_taskflow to 2023-09-22T13:23:51.743794+00:00, run_after=2023-09-23T13:23:51.743794+00:00
[2023-09-23T09:23:51.766-0400] {processor.py:179} INFO - Processing /home/beau/airflow/py_env/lib/python3.10/site-packages/airflow/example_dags/example_setup_teardown_taskflow.py took 0.080 seconds
[2023-09-23T09:24:38.437-0400] {processor.py:157} INFO - Started process (PID=19623) to work on /home/beau/airflow/py_env/lib/python3.10/site-packages/airflow/example_dags/example_setup_teardown_taskflow.py
[2023-09-23T09:24:38.441-0400] {processor.py:829} INFO - Processing file /home/beau/airflow/py_env/lib/python3.10/site-packages/airflow/example_dags/example_setup_teardown_taskflow.py for tasks to queue
[2023-09-23T09:24:38.442-0400] {logging_mixin.py:151} INFO - [2023-09-23T09:24:38.442-0400] {dagbag.py:539} INFO - Filling up the DagBag from /home/beau/airflow/py_env/lib/python3.10/site-packages/airflow/example_dags/example_setup_teardown_taskflow.py
[2023-09-23T09:24:38.454-0400] {processor.py:839} INFO - DAG(s) dict_keys(['example_setup_teardown_taskflow']) retrieved from /home/beau/airflow/py_env/lib/python3.10/site-packages/airflow/example_dags/example_setup_teardown_taskflow.py
[2023-09-23T09:24:38.473-0400] {logging_mixin.py:151} INFO - [2023-09-23T09:24:38.473-0400] {dag.py:2915} INFO - Sync 1 DAGs
[2023-09-23T09:24:38.490-0400] {logging_mixin.py:151} INFO - [2023-09-23T09:24:38.490-0400] {dag.py:3696} INFO - Setting next_dagrun for example_setup_teardown_taskflow to 2023-09-22T13:24:38.489835+00:00, run_after=2023-09-23T13:24:38.489835+00:00
[2023-09-23T09:24:38.513-0400] {processor.py:179} INFO - Processing /home/beau/airflow/py_env/lib/python3.10/site-packages/airflow/example_dags/example_setup_teardown_taskflow.py took 0.081 seconds
[2023-09-23T09:25:26.169-0400] {processor.py:157} INFO - Started process (PID=19815) to work on /home/beau/airflow/py_env/lib/python3.10/site-packages/airflow/example_dags/example_setup_teardown_taskflow.py
[2023-09-23T09:25:26.174-0400] {processor.py:829} INFO - Processing file /home/beau/airflow/py_env/lib/python3.10/site-packages/airflow/example_dags/example_setup_teardown_taskflow.py for tasks to queue
[2023-09-23T09:25:26.176-0400] {logging_mixin.py:151} INFO - [2023-09-23T09:25:26.175-0400] {dagbag.py:539} INFO - Filling up the DagBag from /home/beau/airflow/py_env/lib/python3.10/site-packages/airflow/example_dags/example_setup_teardown_taskflow.py
[2023-09-23T09:25:26.195-0400] {processor.py:839} INFO - DAG(s) dict_keys(['example_setup_teardown_taskflow']) retrieved from /home/beau/airflow/py_env/lib/python3.10/site-packages/airflow/example_dags/example_setup_teardown_taskflow.py
[2023-09-23T09:25:26.211-0400] {logging_mixin.py:151} INFO - [2023-09-23T09:25:26.210-0400] {dag.py:2915} INFO - Sync 1 DAGs
[2023-09-23T09:25:26.227-0400] {logging_mixin.py:151} INFO - [2023-09-23T09:25:26.227-0400] {dag.py:3696} INFO - Setting next_dagrun for example_setup_teardown_taskflow to 2023-09-22T13:25:26.226914+00:00, run_after=2023-09-23T13:25:26.226914+00:00
[2023-09-23T09:25:26.258-0400] {processor.py:179} INFO - Processing /home/beau/airflow/py_env/lib/python3.10/site-packages/airflow/example_dags/example_setup_teardown_taskflow.py took 0.095 seconds
[2023-09-23T09:26:18.186-0400] {processor.py:157} INFO - Started process (PID=20117) to work on /home/beau/airflow/py_env/lib/python3.10/site-packages/airflow/example_dags/example_setup_teardown_taskflow.py
[2023-09-23T09:26:18.189-0400] {processor.py:829} INFO - Processing file /home/beau/airflow/py_env/lib/python3.10/site-packages/airflow/example_dags/example_setup_teardown_taskflow.py for tasks to queue
[2023-09-23T09:26:18.191-0400] {logging_mixin.py:151} INFO - [2023-09-23T09:26:18.190-0400] {dagbag.py:539} INFO - Filling up the DagBag from /home/beau/airflow/py_env/lib/python3.10/site-packages/airflow/example_dags/example_setup_teardown_taskflow.py
[2023-09-23T09:26:18.215-0400] {processor.py:839} INFO - DAG(s) dict_keys(['example_setup_teardown_taskflow']) retrieved from /home/beau/airflow/py_env/lib/python3.10/site-packages/airflow/example_dags/example_setup_teardown_taskflow.py
[2023-09-23T09:26:18.234-0400] {logging_mixin.py:151} INFO - [2023-09-23T09:26:18.233-0400] {dag.py:2915} INFO - Sync 1 DAGs
[2023-09-23T09:26:18.255-0400] {logging_mixin.py:151} INFO - [2023-09-23T09:26:18.254-0400] {dag.py:3696} INFO - Setting next_dagrun for example_setup_teardown_taskflow to 2023-09-22T13:26:18.254731+00:00, run_after=2023-09-23T13:26:18.254731+00:00
[2023-09-23T09:26:18.297-0400] {processor.py:179} INFO - Processing /home/beau/airflow/py_env/lib/python3.10/site-packages/airflow/example_dags/example_setup_teardown_taskflow.py took 0.115 seconds
[2023-09-23T09:30:57.780-0400] {processor.py:157} INFO - Started process (PID=22458) to work on /home/beau/airflow/py_env/lib/python3.10/site-packages/airflow/example_dags/example_setup_teardown_taskflow.py
[2023-09-23T09:30:57.783-0400] {processor.py:829} INFO - Processing file /home/beau/airflow/py_env/lib/python3.10/site-packages/airflow/example_dags/example_setup_teardown_taskflow.py for tasks to queue
[2023-09-23T09:30:57.784-0400] {logging_mixin.py:151} INFO - [2023-09-23T09:30:57.784-0400] {dagbag.py:539} INFO - Filling up the DagBag from /home/beau/airflow/py_env/lib/python3.10/site-packages/airflow/example_dags/example_setup_teardown_taskflow.py
[2023-09-23T09:30:57.797-0400] {processor.py:839} INFO - DAG(s) dict_keys(['example_setup_teardown_taskflow']) retrieved from /home/beau/airflow/py_env/lib/python3.10/site-packages/airflow/example_dags/example_setup_teardown_taskflow.py
[2023-09-23T09:30:57.808-0400] {logging_mixin.py:151} INFO - [2023-09-23T09:30:57.807-0400] {dag.py:2915} INFO - Sync 1 DAGs
[2023-09-23T09:30:57.833-0400] {logging_mixin.py:151} INFO - [2023-09-23T09:30:57.833-0400] {dag.py:3696} INFO - Setting next_dagrun for example_setup_teardown_taskflow to 2023-09-22T13:30:57.832941+00:00, run_after=2023-09-23T13:30:57.832941+00:00
[2023-09-23T09:30:57.863-0400] {processor.py:179} INFO - Processing /home/beau/airflow/py_env/lib/python3.10/site-packages/airflow/example_dags/example_setup_teardown_taskflow.py took 0.086 seconds
[2023-09-23T09:36:57.994-0400] {processor.py:157} INFO - Started process (PID=1065) to work on /home/beau/airflow/py_env/lib/python3.10/site-packages/airflow/example_dags/example_setup_teardown_taskflow.py
[2023-09-23T09:36:57.997-0400] {processor.py:829} INFO - Processing file /home/beau/airflow/py_env/lib/python3.10/site-packages/airflow/example_dags/example_setup_teardown_taskflow.py for tasks to queue
[2023-09-23T09:36:57.998-0400] {logging_mixin.py:151} INFO - [2023-09-23T09:36:57.998-0400] {dagbag.py:539} INFO - Filling up the DagBag from /home/beau/airflow/py_env/lib/python3.10/site-packages/airflow/example_dags/example_setup_teardown_taskflow.py
[2023-09-23T09:36:58.016-0400] {processor.py:839} INFO - DAG(s) dict_keys(['example_setup_teardown_taskflow']) retrieved from /home/beau/airflow/py_env/lib/python3.10/site-packages/airflow/example_dags/example_setup_teardown_taskflow.py
[2023-09-23T09:36:58.024-0400] {logging_mixin.py:151} INFO - [2023-09-23T09:36:58.024-0400] {dag.py:2915} INFO - Sync 1 DAGs
[2023-09-23T09:36:58.039-0400] {logging_mixin.py:151} INFO - [2023-09-23T09:36:58.038-0400] {dag.py:3696} INFO - Setting next_dagrun for example_setup_teardown_taskflow to 2023-09-22T13:36:58.038611+00:00, run_after=2023-09-23T13:36:58.038611+00:00
[2023-09-23T09:36:58.061-0400] {processor.py:179} INFO - Processing /home/beau/airflow/py_env/lib/python3.10/site-packages/airflow/example_dags/example_setup_teardown_taskflow.py took 0.072 seconds
[2023-09-23T09:37:44.476-0400] {processor.py:157} INFO - Started process (PID=1740) to work on /home/beau/airflow/py_env/lib/python3.10/site-packages/airflow/example_dags/example_setup_teardown_taskflow.py
[2023-09-23T09:37:44.480-0400] {processor.py:829} INFO - Processing file /home/beau/airflow/py_env/lib/python3.10/site-packages/airflow/example_dags/example_setup_teardown_taskflow.py for tasks to queue
[2023-09-23T09:37:44.482-0400] {logging_mixin.py:151} INFO - [2023-09-23T09:37:44.481-0400] {dagbag.py:539} INFO - Filling up the DagBag from /home/beau/airflow/py_env/lib/python3.10/site-packages/airflow/example_dags/example_setup_teardown_taskflow.py
[2023-09-23T09:37:44.491-0400] {processor.py:839} INFO - DAG(s) dict_keys(['example_setup_teardown_taskflow']) retrieved from /home/beau/airflow/py_env/lib/python3.10/site-packages/airflow/example_dags/example_setup_teardown_taskflow.py
[2023-09-23T09:37:44.508-0400] {logging_mixin.py:151} INFO - [2023-09-23T09:37:44.508-0400] {dag.py:2915} INFO - Sync 1 DAGs
[2023-09-23T09:37:44.538-0400] {logging_mixin.py:151} INFO - [2023-09-23T09:37:44.538-0400] {dag.py:3696} INFO - Setting next_dagrun for example_setup_teardown_taskflow to 2023-09-22T13:37:44.537985+00:00, run_after=2023-09-23T13:37:44.537985+00:00
[2023-09-23T09:37:44.565-0400] {processor.py:179} INFO - Processing /home/beau/airflow/py_env/lib/python3.10/site-packages/airflow/example_dags/example_setup_teardown_taskflow.py took 0.092 seconds
[2023-09-23T09:38:34.383-0400] {processor.py:157} INFO - Started process (PID=2238) to work on /home/beau/airflow/py_env/lib/python3.10/site-packages/airflow/example_dags/example_setup_teardown_taskflow.py
[2023-09-23T09:38:34.385-0400] {processor.py:829} INFO - Processing file /home/beau/airflow/py_env/lib/python3.10/site-packages/airflow/example_dags/example_setup_teardown_taskflow.py for tasks to queue
[2023-09-23T09:38:34.386-0400] {logging_mixin.py:151} INFO - [2023-09-23T09:38:34.386-0400] {dagbag.py:539} INFO - Filling up the DagBag from /home/beau/airflow/py_env/lib/python3.10/site-packages/airflow/example_dags/example_setup_teardown_taskflow.py
[2023-09-23T09:38:34.398-0400] {processor.py:839} INFO - DAG(s) dict_keys(['example_setup_teardown_taskflow']) retrieved from /home/beau/airflow/py_env/lib/python3.10/site-packages/airflow/example_dags/example_setup_teardown_taskflow.py
[2023-09-23T09:38:34.417-0400] {logging_mixin.py:151} INFO - [2023-09-23T09:38:34.417-0400] {dag.py:2915} INFO - Sync 1 DAGs
[2023-09-23T09:38:34.433-0400] {logging_mixin.py:151} INFO - [2023-09-23T09:38:34.433-0400] {dag.py:3696} INFO - Setting next_dagrun for example_setup_teardown_taskflow to 2023-09-22T13:38:34.433345+00:00, run_after=2023-09-23T13:38:34.433345+00:00
[2023-09-23T09:38:34.454-0400] {processor.py:179} INFO - Processing /home/beau/airflow/py_env/lib/python3.10/site-packages/airflow/example_dags/example_setup_teardown_taskflow.py took 0.080 seconds
[2023-09-23T09:39:22.405-0400] {processor.py:157} INFO - Started process (PID=2734) to work on /home/beau/airflow/py_env/lib/python3.10/site-packages/airflow/example_dags/example_setup_teardown_taskflow.py
[2023-09-23T09:39:22.408-0400] {processor.py:829} INFO - Processing file /home/beau/airflow/py_env/lib/python3.10/site-packages/airflow/example_dags/example_setup_teardown_taskflow.py for tasks to queue
[2023-09-23T09:39:22.410-0400] {logging_mixin.py:151} INFO - [2023-09-23T09:39:22.409-0400] {dagbag.py:539} INFO - Filling up the DagBag from /home/beau/airflow/py_env/lib/python3.10/site-packages/airflow/example_dags/example_setup_teardown_taskflow.py
[2023-09-23T09:39:22.426-0400] {processor.py:839} INFO - DAG(s) dict_keys(['example_setup_teardown_taskflow']) retrieved from /home/beau/airflow/py_env/lib/python3.10/site-packages/airflow/example_dags/example_setup_teardown_taskflow.py
[2023-09-23T09:39:22.443-0400] {logging_mixin.py:151} INFO - [2023-09-23T09:39:22.443-0400] {dag.py:2915} INFO - Sync 1 DAGs
[2023-09-23T09:39:22.459-0400] {logging_mixin.py:151} INFO - [2023-09-23T09:39:22.459-0400] {dag.py:3696} INFO - Setting next_dagrun for example_setup_teardown_taskflow to 2023-09-22T13:39:22.459004+00:00, run_after=2023-09-23T13:39:22.459004+00:00
[2023-09-23T09:39:22.483-0400] {processor.py:179} INFO - Processing /home/beau/airflow/py_env/lib/python3.10/site-packages/airflow/example_dags/example_setup_teardown_taskflow.py took 0.083 seconds
[2023-09-23T09:40:13.312-0400] {processor.py:157} INFO - Started process (PID=3425) to work on /home/beau/airflow/py_env/lib/python3.10/site-packages/airflow/example_dags/example_setup_teardown_taskflow.py
[2023-09-23T09:40:13.314-0400] {processor.py:829} INFO - Processing file /home/beau/airflow/py_env/lib/python3.10/site-packages/airflow/example_dags/example_setup_teardown_taskflow.py for tasks to queue
[2023-09-23T09:40:13.315-0400] {logging_mixin.py:151} INFO - [2023-09-23T09:40:13.314-0400] {dagbag.py:539} INFO - Filling up the DagBag from /home/beau/airflow/py_env/lib/python3.10/site-packages/airflow/example_dags/example_setup_teardown_taskflow.py
[2023-09-23T09:40:13.329-0400] {processor.py:839} INFO - DAG(s) dict_keys(['example_setup_teardown_taskflow']) retrieved from /home/beau/airflow/py_env/lib/python3.10/site-packages/airflow/example_dags/example_setup_teardown_taskflow.py
[2023-09-23T09:40:13.346-0400] {logging_mixin.py:151} INFO - [2023-09-23T09:40:13.346-0400] {dag.py:2915} INFO - Sync 1 DAGs
[2023-09-23T09:40:13.359-0400] {logging_mixin.py:151} INFO - [2023-09-23T09:40:13.359-0400] {dag.py:3696} INFO - Setting next_dagrun for example_setup_teardown_taskflow to 2023-09-22T13:40:13.359543+00:00, run_after=2023-09-23T13:40:13.359543+00:00
[2023-09-23T09:40:13.380-0400] {processor.py:179} INFO - Processing /home/beau/airflow/py_env/lib/python3.10/site-packages/airflow/example_dags/example_setup_teardown_taskflow.py took 0.073 seconds
