[2023-09-23T09:06:25.105-0400] {processor.py:157} INFO - Started process (PID=11400) to work on /home/beau/airflow/py_env/lib/python3.10/site-packages/airflow/example_dags/tutorial_taskflow_api.py
[2023-09-23T09:06:25.107-0400] {processor.py:829} INFO - Processing file /home/beau/airflow/py_env/lib/python3.10/site-packages/airflow/example_dags/tutorial_taskflow_api.py for tasks to queue
[2023-09-23T09:06:25.108-0400] {logging_mixin.py:151} INFO - [2023-09-23T09:06:25.108-0400] {dagbag.py:539} INFO - Filling up the DagBag from /home/beau/airflow/py_env/lib/python3.10/site-packages/airflow/example_dags/tutorial_taskflow_api.py
[2023-09-23T09:06:25.118-0400] {processor.py:839} INFO - DAG(s) dict_keys(['tutorial_taskflow_api']) retrieved from /home/beau/airflow/py_env/lib/python3.10/site-packages/airflow/example_dags/tutorial_taskflow_api.py
[2023-09-23T09:06:25.220-0400] {logging_mixin.py:151} INFO - [2023-09-23T09:06:25.220-0400] {manager.py:499} INFO - Created Permission View: %s
[2023-09-23T09:06:25.239-0400] {logging_mixin.py:151} INFO - [2023-09-23T09:06:25.239-0400] {manager.py:499} INFO - Created Permission View: %s
[2023-09-23T09:06:25.252-0400] {logging_mixin.py:151} INFO - [2023-09-23T09:06:25.252-0400] {manager.py:499} INFO - Created Permission View: %s
[2023-09-23T09:06:25.253-0400] {logging_mixin.py:151} INFO - [2023-09-23T09:06:25.253-0400] {security.py:708} INFO - Not syncing DAG-level permissions for DAG 'DAG:tutorial_taskflow_api' as access control is unset.
[2023-09-23T09:06:25.253-0400] {logging_mixin.py:151} INFO - [2023-09-23T09:06:25.253-0400] {dag.py:2915} INFO - Sync 1 DAGs
[2023-09-23T09:06:25.272-0400] {logging_mixin.py:151} INFO - [2023-09-23T09:06:25.272-0400] {dag.py:2937} INFO - Creating ORM DAG for tutorial_taskflow_api
[2023-09-23T09:06:25.273-0400] {logging_mixin.py:151} INFO - [2023-09-23T09:06:25.273-0400] {dag.py:3696} INFO - Setting next_dagrun for tutorial_taskflow_api to None, run_after=None
[2023-09-23T09:06:25.307-0400] {processor.py:179} INFO - Processing /home/beau/airflow/py_env/lib/python3.10/site-packages/airflow/example_dags/tutorial_taskflow_api.py took 0.207 seconds
[2023-09-23T09:07:15.318-0400] {processor.py:157} INFO - Started process (PID=11901) to work on /home/beau/airflow/py_env/lib/python3.10/site-packages/airflow/example_dags/tutorial_taskflow_api.py
[2023-09-23T09:07:15.323-0400] {processor.py:829} INFO - Processing file /home/beau/airflow/py_env/lib/python3.10/site-packages/airflow/example_dags/tutorial_taskflow_api.py for tasks to queue
[2023-09-23T09:07:15.324-0400] {logging_mixin.py:151} INFO - [2023-09-23T09:07:15.324-0400] {dagbag.py:539} INFO - Filling up the DagBag from /home/beau/airflow/py_env/lib/python3.10/site-packages/airflow/example_dags/tutorial_taskflow_api.py
[2023-09-23T09:07:15.335-0400] {processor.py:839} INFO - DAG(s) dict_keys(['tutorial_taskflow_api']) retrieved from /home/beau/airflow/py_env/lib/python3.10/site-packages/airflow/example_dags/tutorial_taskflow_api.py
[2023-09-23T09:07:15.360-0400] {logging_mixin.py:151} INFO - [2023-09-23T09:07:15.360-0400] {dag.py:2915} INFO - Sync 1 DAGs
[2023-09-23T09:07:15.378-0400] {logging_mixin.py:151} INFO - [2023-09-23T09:07:15.378-0400] {dag.py:3696} INFO - Setting next_dagrun for tutorial_taskflow_api to None, run_after=None
[2023-09-23T09:07:15.407-0400] {processor.py:179} INFO - Processing /home/beau/airflow/py_env/lib/python3.10/site-packages/airflow/example_dags/tutorial_taskflow_api.py took 0.094 seconds
[2023-09-23T09:08:01.952-0400] {processor.py:157} INFO - Started process (PID=12079) to work on /home/beau/airflow/py_env/lib/python3.10/site-packages/airflow/example_dags/tutorial_taskflow_api.py
[2023-09-23T09:08:01.956-0400] {processor.py:829} INFO - Processing file /home/beau/airflow/py_env/lib/python3.10/site-packages/airflow/example_dags/tutorial_taskflow_api.py for tasks to queue
[2023-09-23T09:08:01.957-0400] {logging_mixin.py:151} INFO - [2023-09-23T09:08:01.957-0400] {dagbag.py:539} INFO - Filling up the DagBag from /home/beau/airflow/py_env/lib/python3.10/site-packages/airflow/example_dags/tutorial_taskflow_api.py
[2023-09-23T09:08:01.967-0400] {processor.py:839} INFO - DAG(s) dict_keys(['tutorial_taskflow_api']) retrieved from /home/beau/airflow/py_env/lib/python3.10/site-packages/airflow/example_dags/tutorial_taskflow_api.py
[2023-09-23T09:08:01.985-0400] {logging_mixin.py:151} INFO - [2023-09-23T09:08:01.985-0400] {dag.py:2915} INFO - Sync 1 DAGs
[2023-09-23T09:08:01.994-0400] {logging_mixin.py:151} INFO - [2023-09-23T09:08:01.994-0400] {dag.py:3696} INFO - Setting next_dagrun for tutorial_taskflow_api to None, run_after=None
[2023-09-23T09:08:02.015-0400] {processor.py:179} INFO - Processing /home/beau/airflow/py_env/lib/python3.10/site-packages/airflow/example_dags/tutorial_taskflow_api.py took 0.069 seconds
[2023-09-23T09:08:52.471-0400] {processor.py:157} INFO - Started process (PID=12584) to work on /home/beau/airflow/py_env/lib/python3.10/site-packages/airflow/example_dags/tutorial_taskflow_api.py
[2023-09-23T09:08:52.483-0400] {processor.py:829} INFO - Processing file /home/beau/airflow/py_env/lib/python3.10/site-packages/airflow/example_dags/tutorial_taskflow_api.py for tasks to queue
[2023-09-23T09:08:52.485-0400] {logging_mixin.py:151} INFO - [2023-09-23T09:08:52.484-0400] {dagbag.py:539} INFO - Filling up the DagBag from /home/beau/airflow/py_env/lib/python3.10/site-packages/airflow/example_dags/tutorial_taskflow_api.py
[2023-09-23T09:08:52.492-0400] {processor.py:839} INFO - DAG(s) dict_keys(['tutorial_taskflow_api']) retrieved from /home/beau/airflow/py_env/lib/python3.10/site-packages/airflow/example_dags/tutorial_taskflow_api.py
[2023-09-23T09:08:52.515-0400] {logging_mixin.py:151} INFO - [2023-09-23T09:08:52.515-0400] {dag.py:2915} INFO - Sync 1 DAGs
[2023-09-23T09:08:52.528-0400] {logging_mixin.py:151} INFO - [2023-09-23T09:08:52.528-0400] {dag.py:3696} INFO - Setting next_dagrun for tutorial_taskflow_api to None, run_after=None
[2023-09-23T09:08:52.594-0400] {processor.py:179} INFO - Processing /home/beau/airflow/py_env/lib/python3.10/site-packages/airflow/example_dags/tutorial_taskflow_api.py took 0.127 seconds
[2023-09-23T09:09:41.446-0400] {processor.py:157} INFO - Started process (PID=12830) to work on /home/beau/airflow/py_env/lib/python3.10/site-packages/airflow/example_dags/tutorial_taskflow_api.py
[2023-09-23T09:09:41.450-0400] {processor.py:829} INFO - Processing file /home/beau/airflow/py_env/lib/python3.10/site-packages/airflow/example_dags/tutorial_taskflow_api.py for tasks to queue
[2023-09-23T09:09:41.453-0400] {logging_mixin.py:151} INFO - [2023-09-23T09:09:41.452-0400] {dagbag.py:539} INFO - Filling up the DagBag from /home/beau/airflow/py_env/lib/python3.10/site-packages/airflow/example_dags/tutorial_taskflow_api.py
[2023-09-23T09:09:41.461-0400] {processor.py:839} INFO - DAG(s) dict_keys(['tutorial_taskflow_api']) retrieved from /home/beau/airflow/py_env/lib/python3.10/site-packages/airflow/example_dags/tutorial_taskflow_api.py
[2023-09-23T09:09:41.480-0400] {logging_mixin.py:151} INFO - [2023-09-23T09:09:41.479-0400] {dag.py:2915} INFO - Sync 1 DAGs
[2023-09-23T09:09:41.493-0400] {logging_mixin.py:151} INFO - [2023-09-23T09:09:41.493-0400] {dag.py:3696} INFO - Setting next_dagrun for tutorial_taskflow_api to None, run_after=None
[2023-09-23T09:09:41.519-0400] {processor.py:179} INFO - Processing /home/beau/airflow/py_env/lib/python3.10/site-packages/airflow/example_dags/tutorial_taskflow_api.py took 0.079 seconds
[2023-09-23T09:10:28.369-0400] {processor.py:157} INFO - Started process (PID=13076) to work on /home/beau/airflow/py_env/lib/python3.10/site-packages/airflow/example_dags/tutorial_taskflow_api.py
[2023-09-23T09:10:28.373-0400] {processor.py:829} INFO - Processing file /home/beau/airflow/py_env/lib/python3.10/site-packages/airflow/example_dags/tutorial_taskflow_api.py for tasks to queue
[2023-09-23T09:10:28.375-0400] {logging_mixin.py:151} INFO - [2023-09-23T09:10:28.374-0400] {dagbag.py:539} INFO - Filling up the DagBag from /home/beau/airflow/py_env/lib/python3.10/site-packages/airflow/example_dags/tutorial_taskflow_api.py
[2023-09-23T09:10:28.387-0400] {processor.py:839} INFO - DAG(s) dict_keys(['tutorial_taskflow_api']) retrieved from /home/beau/airflow/py_env/lib/python3.10/site-packages/airflow/example_dags/tutorial_taskflow_api.py
[2023-09-23T09:10:28.403-0400] {logging_mixin.py:151} INFO - [2023-09-23T09:10:28.403-0400] {dag.py:2915} INFO - Sync 1 DAGs
[2023-09-23T09:10:28.413-0400] {logging_mixin.py:151} INFO - [2023-09-23T09:10:28.413-0400] {dag.py:3696} INFO - Setting next_dagrun for tutorial_taskflow_api to None, run_after=None
[2023-09-23T09:10:28.436-0400] {processor.py:179} INFO - Processing /home/beau/airflow/py_env/lib/python3.10/site-packages/airflow/example_dags/tutorial_taskflow_api.py took 0.075 seconds
[2023-09-23T09:11:17.827-0400] {processor.py:157} INFO - Started process (PID=13537) to work on /home/beau/airflow/py_env/lib/python3.10/site-packages/airflow/example_dags/tutorial_taskflow_api.py
[2023-09-23T09:11:17.832-0400] {processor.py:829} INFO - Processing file /home/beau/airflow/py_env/lib/python3.10/site-packages/airflow/example_dags/tutorial_taskflow_api.py for tasks to queue
[2023-09-23T09:11:17.834-0400] {logging_mixin.py:151} INFO - [2023-09-23T09:11:17.833-0400] {dagbag.py:539} INFO - Filling up the DagBag from /home/beau/airflow/py_env/lib/python3.10/site-packages/airflow/example_dags/tutorial_taskflow_api.py
[2023-09-23T09:11:17.844-0400] {processor.py:839} INFO - DAG(s) dict_keys(['tutorial_taskflow_api']) retrieved from /home/beau/airflow/py_env/lib/python3.10/site-packages/airflow/example_dags/tutorial_taskflow_api.py
[2023-09-23T09:11:17.856-0400] {logging_mixin.py:151} INFO - [2023-09-23T09:11:17.856-0400] {dag.py:2915} INFO - Sync 1 DAGs
[2023-09-23T09:11:17.865-0400] {logging_mixin.py:151} INFO - [2023-09-23T09:11:17.865-0400] {dag.py:3696} INFO - Setting next_dagrun for tutorial_taskflow_api to None, run_after=None
[2023-09-23T09:11:17.888-0400] {processor.py:179} INFO - Processing /home/beau/airflow/py_env/lib/python3.10/site-packages/airflow/example_dags/tutorial_taskflow_api.py took 0.067 seconds
[2023-09-23T09:12:06.885-0400] {processor.py:157} INFO - Started process (PID=13834) to work on /home/beau/airflow/py_env/lib/python3.10/site-packages/airflow/example_dags/tutorial_taskflow_api.py
[2023-09-23T09:12:06.888-0400] {processor.py:829} INFO - Processing file /home/beau/airflow/py_env/lib/python3.10/site-packages/airflow/example_dags/tutorial_taskflow_api.py for tasks to queue
[2023-09-23T09:12:06.889-0400] {logging_mixin.py:151} INFO - [2023-09-23T09:12:06.889-0400] {dagbag.py:539} INFO - Filling up the DagBag from /home/beau/airflow/py_env/lib/python3.10/site-packages/airflow/example_dags/tutorial_taskflow_api.py
[2023-09-23T09:12:06.895-0400] {processor.py:839} INFO - DAG(s) dict_keys(['tutorial_taskflow_api']) retrieved from /home/beau/airflow/py_env/lib/python3.10/site-packages/airflow/example_dags/tutorial_taskflow_api.py
[2023-09-23T09:12:06.908-0400] {logging_mixin.py:151} INFO - [2023-09-23T09:12:06.908-0400] {dag.py:2915} INFO - Sync 1 DAGs
[2023-09-23T09:12:06.921-0400] {logging_mixin.py:151} INFO - [2023-09-23T09:12:06.921-0400] {dag.py:3696} INFO - Setting next_dagrun for tutorial_taskflow_api to None, run_after=None
[2023-09-23T09:12:06.947-0400] {processor.py:179} INFO - Processing /home/beau/airflow/py_env/lib/python3.10/site-packages/airflow/example_dags/tutorial_taskflow_api.py took 0.064 seconds
[2023-09-23T09:12:56.248-0400] {processor.py:157} INFO - Started process (PID=14305) to work on /home/beau/airflow/py_env/lib/python3.10/site-packages/airflow/example_dags/tutorial_taskflow_api.py
[2023-09-23T09:12:56.250-0400] {processor.py:829} INFO - Processing file /home/beau/airflow/py_env/lib/python3.10/site-packages/airflow/example_dags/tutorial_taskflow_api.py for tasks to queue
[2023-09-23T09:12:56.252-0400] {logging_mixin.py:151} INFO - [2023-09-23T09:12:56.251-0400] {dagbag.py:539} INFO - Filling up the DagBag from /home/beau/airflow/py_env/lib/python3.10/site-packages/airflow/example_dags/tutorial_taskflow_api.py
[2023-09-23T09:12:56.261-0400] {processor.py:839} INFO - DAG(s) dict_keys(['tutorial_taskflow_api']) retrieved from /home/beau/airflow/py_env/lib/python3.10/site-packages/airflow/example_dags/tutorial_taskflow_api.py
[2023-09-23T09:12:56.289-0400] {logging_mixin.py:151} INFO - [2023-09-23T09:12:56.289-0400] {dag.py:2915} INFO - Sync 1 DAGs
[2023-09-23T09:12:56.301-0400] {logging_mixin.py:151} INFO - [2023-09-23T09:12:56.301-0400] {dag.py:3696} INFO - Setting next_dagrun for tutorial_taskflow_api to None, run_after=None
[2023-09-23T09:12:56.331-0400] {processor.py:179} INFO - Processing /home/beau/airflow/py_env/lib/python3.10/site-packages/airflow/example_dags/tutorial_taskflow_api.py took 0.089 seconds
[2023-09-23T09:13:47.052-0400] {processor.py:157} INFO - Started process (PID=14850) to work on /home/beau/airflow/py_env/lib/python3.10/site-packages/airflow/example_dags/tutorial_taskflow_api.py
[2023-09-23T09:13:47.054-0400] {processor.py:829} INFO - Processing file /home/beau/airflow/py_env/lib/python3.10/site-packages/airflow/example_dags/tutorial_taskflow_api.py for tasks to queue
[2023-09-23T09:13:47.056-0400] {logging_mixin.py:151} INFO - [2023-09-23T09:13:47.055-0400] {dagbag.py:539} INFO - Filling up the DagBag from /home/beau/airflow/py_env/lib/python3.10/site-packages/airflow/example_dags/tutorial_taskflow_api.py
[2023-09-23T09:13:47.067-0400] {processor.py:839} INFO - DAG(s) dict_keys(['tutorial_taskflow_api']) retrieved from /home/beau/airflow/py_env/lib/python3.10/site-packages/airflow/example_dags/tutorial_taskflow_api.py
[2023-09-23T09:13:47.087-0400] {logging_mixin.py:151} INFO - [2023-09-23T09:13:47.087-0400] {dag.py:2915} INFO - Sync 1 DAGs
[2023-09-23T09:13:47.099-0400] {logging_mixin.py:151} INFO - [2023-09-23T09:13:47.098-0400] {dag.py:3696} INFO - Setting next_dagrun for tutorial_taskflow_api to None, run_after=None
[2023-09-23T09:13:47.121-0400] {processor.py:179} INFO - Processing /home/beau/airflow/py_env/lib/python3.10/site-packages/airflow/example_dags/tutorial_taskflow_api.py took 0.075 seconds
[2023-09-23T09:14:33.272-0400] {processor.py:157} INFO - Started process (PID=15215) to work on /home/beau/airflow/py_env/lib/python3.10/site-packages/airflow/example_dags/tutorial_taskflow_api.py
[2023-09-23T09:14:33.276-0400] {processor.py:829} INFO - Processing file /home/beau/airflow/py_env/lib/python3.10/site-packages/airflow/example_dags/tutorial_taskflow_api.py for tasks to queue
[2023-09-23T09:14:33.278-0400] {logging_mixin.py:151} INFO - [2023-09-23T09:14:33.278-0400] {dagbag.py:539} INFO - Filling up the DagBag from /home/beau/airflow/py_env/lib/python3.10/site-packages/airflow/example_dags/tutorial_taskflow_api.py
[2023-09-23T09:14:33.287-0400] {processor.py:839} INFO - DAG(s) dict_keys(['tutorial_taskflow_api']) retrieved from /home/beau/airflow/py_env/lib/python3.10/site-packages/airflow/example_dags/tutorial_taskflow_api.py
[2023-09-23T09:14:33.305-0400] {logging_mixin.py:151} INFO - [2023-09-23T09:14:33.305-0400] {dag.py:2915} INFO - Sync 1 DAGs
[2023-09-23T09:14:33.317-0400] {logging_mixin.py:151} INFO - [2023-09-23T09:14:33.317-0400] {dag.py:3696} INFO - Setting next_dagrun for tutorial_taskflow_api to None, run_after=None
[2023-09-23T09:14:33.339-0400] {processor.py:179} INFO - Processing /home/beau/airflow/py_env/lib/python3.10/site-packages/airflow/example_dags/tutorial_taskflow_api.py took 0.073 seconds
[2023-09-23T09:15:24.767-0400] {processor.py:157} INFO - Started process (PID=15470) to work on /home/beau/airflow/py_env/lib/python3.10/site-packages/airflow/example_dags/tutorial_taskflow_api.py
[2023-09-23T09:15:24.769-0400] {processor.py:829} INFO - Processing file /home/beau/airflow/py_env/lib/python3.10/site-packages/airflow/example_dags/tutorial_taskflow_api.py for tasks to queue
[2023-09-23T09:15:24.770-0400] {logging_mixin.py:151} INFO - [2023-09-23T09:15:24.770-0400] {dagbag.py:539} INFO - Filling up the DagBag from /home/beau/airflow/py_env/lib/python3.10/site-packages/airflow/example_dags/tutorial_taskflow_api.py
[2023-09-23T09:15:24.777-0400] {processor.py:839} INFO - DAG(s) dict_keys(['tutorial_taskflow_api']) retrieved from /home/beau/airflow/py_env/lib/python3.10/site-packages/airflow/example_dags/tutorial_taskflow_api.py
[2023-09-23T09:15:24.796-0400] {logging_mixin.py:151} INFO - [2023-09-23T09:15:24.796-0400] {dag.py:2915} INFO - Sync 1 DAGs
[2023-09-23T09:15:24.808-0400] {logging_mixin.py:151} INFO - [2023-09-23T09:15:24.807-0400] {dag.py:3696} INFO - Setting next_dagrun for tutorial_taskflow_api to None, run_after=None
[2023-09-23T09:15:24.837-0400] {processor.py:179} INFO - Processing /home/beau/airflow/py_env/lib/python3.10/site-packages/airflow/example_dags/tutorial_taskflow_api.py took 0.073 seconds
[2023-09-23T09:17:26.206-0400] {processor.py:157} INFO - Started process (PID=16822) to work on /home/beau/airflow/py_env/lib/python3.10/site-packages/airflow/example_dags/tutorial_taskflow_api.py
[2023-09-23T09:17:26.208-0400] {processor.py:829} INFO - Processing file /home/beau/airflow/py_env/lib/python3.10/site-packages/airflow/example_dags/tutorial_taskflow_api.py for tasks to queue
[2023-09-23T09:17:26.209-0400] {logging_mixin.py:151} INFO - [2023-09-23T09:17:26.208-0400] {dagbag.py:539} INFO - Filling up the DagBag from /home/beau/airflow/py_env/lib/python3.10/site-packages/airflow/example_dags/tutorial_taskflow_api.py
[2023-09-23T09:17:26.214-0400] {processor.py:839} INFO - DAG(s) dict_keys(['tutorial_taskflow_api']) retrieved from /home/beau/airflow/py_env/lib/python3.10/site-packages/airflow/example_dags/tutorial_taskflow_api.py
[2023-09-23T09:17:26.223-0400] {logging_mixin.py:151} INFO - [2023-09-23T09:17:26.222-0400] {dag.py:2915} INFO - Sync 1 DAGs
[2023-09-23T09:17:26.235-0400] {logging_mixin.py:151} INFO - [2023-09-23T09:17:26.235-0400] {dag.py:3696} INFO - Setting next_dagrun for tutorial_taskflow_api to None, run_after=None
[2023-09-23T09:17:26.260-0400] {processor.py:179} INFO - Processing /home/beau/airflow/py_env/lib/python3.10/site-packages/airflow/example_dags/tutorial_taskflow_api.py took 0.058 seconds
[2023-09-23T09:18:14.006-0400] {processor.py:157} INFO - Started process (PID=17088) to work on /home/beau/airflow/py_env/lib/python3.10/site-packages/airflow/example_dags/tutorial_taskflow_api.py
[2023-09-23T09:18:14.010-0400] {processor.py:829} INFO - Processing file /home/beau/airflow/py_env/lib/python3.10/site-packages/airflow/example_dags/tutorial_taskflow_api.py for tasks to queue
[2023-09-23T09:18:14.012-0400] {logging_mixin.py:151} INFO - [2023-09-23T09:18:14.011-0400] {dagbag.py:539} INFO - Filling up the DagBag from /home/beau/airflow/py_env/lib/python3.10/site-packages/airflow/example_dags/tutorial_taskflow_api.py
[2023-09-23T09:18:14.024-0400] {processor.py:839} INFO - DAG(s) dict_keys(['tutorial_taskflow_api']) retrieved from /home/beau/airflow/py_env/lib/python3.10/site-packages/airflow/example_dags/tutorial_taskflow_api.py
[2023-09-23T09:18:14.041-0400] {logging_mixin.py:151} INFO - [2023-09-23T09:18:14.041-0400] {dag.py:2915} INFO - Sync 1 DAGs
[2023-09-23T09:18:14.051-0400] {logging_mixin.py:151} INFO - [2023-09-23T09:18:14.051-0400] {dag.py:3696} INFO - Setting next_dagrun for tutorial_taskflow_api to None, run_after=None
[2023-09-23T09:18:14.074-0400] {processor.py:179} INFO - Processing /home/beau/airflow/py_env/lib/python3.10/site-packages/airflow/example_dags/tutorial_taskflow_api.py took 0.076 seconds
[2023-09-23T09:19:01.923-0400] {processor.py:157} INFO - Started process (PID=17283) to work on /home/beau/airflow/py_env/lib/python3.10/site-packages/airflow/example_dags/tutorial_taskflow_api.py
[2023-09-23T09:19:01.925-0400] {processor.py:829} INFO - Processing file /home/beau/airflow/py_env/lib/python3.10/site-packages/airflow/example_dags/tutorial_taskflow_api.py for tasks to queue
[2023-09-23T09:19:01.926-0400] {logging_mixin.py:151} INFO - [2023-09-23T09:19:01.926-0400] {dagbag.py:539} INFO - Filling up the DagBag from /home/beau/airflow/py_env/lib/python3.10/site-packages/airflow/example_dags/tutorial_taskflow_api.py
[2023-09-23T09:19:01.936-0400] {processor.py:839} INFO - DAG(s) dict_keys(['tutorial_taskflow_api']) retrieved from /home/beau/airflow/py_env/lib/python3.10/site-packages/airflow/example_dags/tutorial_taskflow_api.py
[2023-09-23T09:19:01.959-0400] {logging_mixin.py:151} INFO - [2023-09-23T09:19:01.959-0400] {dag.py:2915} INFO - Sync 1 DAGs
[2023-09-23T09:19:01.968-0400] {logging_mixin.py:151} INFO - [2023-09-23T09:19:01.967-0400] {dag.py:3696} INFO - Setting next_dagrun for tutorial_taskflow_api to None, run_after=None
[2023-09-23T09:19:01.990-0400] {processor.py:179} INFO - Processing /home/beau/airflow/py_env/lib/python3.10/site-packages/airflow/example_dags/tutorial_taskflow_api.py took 0.072 seconds
[2023-09-23T09:19:54.827-0400] {processor.py:157} INFO - Started process (PID=17567) to work on /home/beau/airflow/py_env/lib/python3.10/site-packages/airflow/example_dags/tutorial_taskflow_api.py
[2023-09-23T09:19:54.832-0400] {processor.py:829} INFO - Processing file /home/beau/airflow/py_env/lib/python3.10/site-packages/airflow/example_dags/tutorial_taskflow_api.py for tasks to queue
[2023-09-23T09:19:54.834-0400] {logging_mixin.py:151} INFO - [2023-09-23T09:19:54.833-0400] {dagbag.py:539} INFO - Filling up the DagBag from /home/beau/airflow/py_env/lib/python3.10/site-packages/airflow/example_dags/tutorial_taskflow_api.py
[2023-09-23T09:19:54.842-0400] {processor.py:839} INFO - DAG(s) dict_keys(['tutorial_taskflow_api']) retrieved from /home/beau/airflow/py_env/lib/python3.10/site-packages/airflow/example_dags/tutorial_taskflow_api.py
[2023-09-23T09:19:54.861-0400] {logging_mixin.py:151} INFO - [2023-09-23T09:19:54.860-0400] {dag.py:2915} INFO - Sync 1 DAGs
[2023-09-23T09:19:54.872-0400] {logging_mixin.py:151} INFO - [2023-09-23T09:19:54.871-0400] {dag.py:3696} INFO - Setting next_dagrun for tutorial_taskflow_api to None, run_after=None
[2023-09-23T09:19:54.895-0400] {processor.py:179} INFO - Processing /home/beau/airflow/py_env/lib/python3.10/site-packages/airflow/example_dags/tutorial_taskflow_api.py took 0.074 seconds
[2023-09-23T09:20:50.823-0400] {processor.py:157} INFO - Started process (PID=17866) to work on /home/beau/airflow/py_env/lib/python3.10/site-packages/airflow/example_dags/tutorial_taskflow_api.py
[2023-09-23T09:20:50.827-0400] {processor.py:829} INFO - Processing file /home/beau/airflow/py_env/lib/python3.10/site-packages/airflow/example_dags/tutorial_taskflow_api.py for tasks to queue
[2023-09-23T09:20:50.829-0400] {logging_mixin.py:151} INFO - [2023-09-23T09:20:50.829-0400] {dagbag.py:539} INFO - Filling up the DagBag from /home/beau/airflow/py_env/lib/python3.10/site-packages/airflow/example_dags/tutorial_taskflow_api.py
[2023-09-23T09:20:50.842-0400] {processor.py:839} INFO - DAG(s) dict_keys(['tutorial_taskflow_api']) retrieved from /home/beau/airflow/py_env/lib/python3.10/site-packages/airflow/example_dags/tutorial_taskflow_api.py
[2023-09-23T09:20:50.861-0400] {logging_mixin.py:151} INFO - [2023-09-23T09:20:50.861-0400] {dag.py:2915} INFO - Sync 1 DAGs
[2023-09-23T09:20:50.871-0400] {logging_mixin.py:151} INFO - [2023-09-23T09:20:50.871-0400] {dag.py:3696} INFO - Setting next_dagrun for tutorial_taskflow_api to None, run_after=None
[2023-09-23T09:20:50.898-0400] {processor.py:179} INFO - Processing /home/beau/airflow/py_env/lib/python3.10/site-packages/airflow/example_dags/tutorial_taskflow_api.py took 0.087 seconds
[2023-09-23T09:21:29.891-0400] {processor.py:157} INFO - Started process (PID=18094) to work on /home/beau/airflow/py_env/lib/python3.10/site-packages/airflow/example_dags/tutorial_taskflow_api.py
[2023-09-23T09:21:29.896-0400] {processor.py:829} INFO - Processing file /home/beau/airflow/py_env/lib/python3.10/site-packages/airflow/example_dags/tutorial_taskflow_api.py for tasks to queue
[2023-09-23T09:21:29.897-0400] {logging_mixin.py:151} INFO - [2023-09-23T09:21:29.896-0400] {dagbag.py:539} INFO - Filling up the DagBag from /home/beau/airflow/py_env/lib/python3.10/site-packages/airflow/example_dags/tutorial_taskflow_api.py
[2023-09-23T09:21:29.906-0400] {processor.py:839} INFO - DAG(s) dict_keys(['tutorial_taskflow_api']) retrieved from /home/beau/airflow/py_env/lib/python3.10/site-packages/airflow/example_dags/tutorial_taskflow_api.py
[2023-09-23T09:21:29.923-0400] {logging_mixin.py:151} INFO - [2023-09-23T09:21:29.923-0400] {dag.py:2915} INFO - Sync 1 DAGs
[2023-09-23T09:21:29.934-0400] {logging_mixin.py:151} INFO - [2023-09-23T09:21:29.934-0400] {dag.py:3696} INFO - Setting next_dagrun for tutorial_taskflow_api to None, run_after=None
[2023-09-23T09:21:29.962-0400] {processor.py:179} INFO - Processing /home/beau/airflow/py_env/lib/python3.10/site-packages/airflow/example_dags/tutorial_taskflow_api.py took 0.075 seconds
[2023-09-23T09:23:45.359-0400] {processor.py:157} INFO - Started process (PID=19311) to work on /home/beau/airflow/py_env/lib/python3.10/site-packages/airflow/example_dags/tutorial_taskflow_api.py
[2023-09-23T09:23:45.363-0400] {processor.py:829} INFO - Processing file /home/beau/airflow/py_env/lib/python3.10/site-packages/airflow/example_dags/tutorial_taskflow_api.py for tasks to queue
[2023-09-23T09:23:45.364-0400] {logging_mixin.py:151} INFO - [2023-09-23T09:23:45.364-0400] {dagbag.py:539} INFO - Filling up the DagBag from /home/beau/airflow/py_env/lib/python3.10/site-packages/airflow/example_dags/tutorial_taskflow_api.py
[2023-09-23T09:23:45.370-0400] {processor.py:839} INFO - DAG(s) dict_keys(['tutorial_taskflow_api']) retrieved from /home/beau/airflow/py_env/lib/python3.10/site-packages/airflow/example_dags/tutorial_taskflow_api.py
[2023-09-23T09:23:45.377-0400] {logging_mixin.py:151} INFO - [2023-09-23T09:23:45.377-0400] {dag.py:2915} INFO - Sync 1 DAGs
[2023-09-23T09:23:45.389-0400] {logging_mixin.py:151} INFO - [2023-09-23T09:23:45.389-0400] {dag.py:3696} INFO - Setting next_dagrun for tutorial_taskflow_api to None, run_after=None
[2023-09-23T09:23:45.416-0400] {processor.py:179} INFO - Processing /home/beau/airflow/py_env/lib/python3.10/site-packages/airflow/example_dags/tutorial_taskflow_api.py took 0.063 seconds
[2023-09-23T09:24:32.151-0400] {processor.py:157} INFO - Started process (PID=19597) to work on /home/beau/airflow/py_env/lib/python3.10/site-packages/airflow/example_dags/tutorial_taskflow_api.py
[2023-09-23T09:24:32.156-0400] {processor.py:829} INFO - Processing file /home/beau/airflow/py_env/lib/python3.10/site-packages/airflow/example_dags/tutorial_taskflow_api.py for tasks to queue
[2023-09-23T09:24:32.158-0400] {logging_mixin.py:151} INFO - [2023-09-23T09:24:32.157-0400] {dagbag.py:539} INFO - Filling up the DagBag from /home/beau/airflow/py_env/lib/python3.10/site-packages/airflow/example_dags/tutorial_taskflow_api.py
[2023-09-23T09:24:32.167-0400] {processor.py:839} INFO - DAG(s) dict_keys(['tutorial_taskflow_api']) retrieved from /home/beau/airflow/py_env/lib/python3.10/site-packages/airflow/example_dags/tutorial_taskflow_api.py
[2023-09-23T09:24:32.182-0400] {logging_mixin.py:151} INFO - [2023-09-23T09:24:32.182-0400] {dag.py:2915} INFO - Sync 1 DAGs
[2023-09-23T09:24:32.192-0400] {logging_mixin.py:151} INFO - [2023-09-23T09:24:32.191-0400] {dag.py:3696} INFO - Setting next_dagrun for tutorial_taskflow_api to None, run_after=None
[2023-09-23T09:24:32.215-0400] {processor.py:179} INFO - Processing /home/beau/airflow/py_env/lib/python3.10/site-packages/airflow/example_dags/tutorial_taskflow_api.py took 0.070 seconds
[2023-09-23T09:25:20.015-0400] {processor.py:157} INFO - Started process (PID=19791) to work on /home/beau/airflow/py_env/lib/python3.10/site-packages/airflow/example_dags/tutorial_taskflow_api.py
[2023-09-23T09:25:20.018-0400] {processor.py:829} INFO - Processing file /home/beau/airflow/py_env/lib/python3.10/site-packages/airflow/example_dags/tutorial_taskflow_api.py for tasks to queue
[2023-09-23T09:25:20.020-0400] {logging_mixin.py:151} INFO - [2023-09-23T09:25:20.019-0400] {dagbag.py:539} INFO - Filling up the DagBag from /home/beau/airflow/py_env/lib/python3.10/site-packages/airflow/example_dags/tutorial_taskflow_api.py
[2023-09-23T09:25:20.034-0400] {processor.py:839} INFO - DAG(s) dict_keys(['tutorial_taskflow_api']) retrieved from /home/beau/airflow/py_env/lib/python3.10/site-packages/airflow/example_dags/tutorial_taskflow_api.py
[2023-09-23T09:25:20.056-0400] {logging_mixin.py:151} INFO - [2023-09-23T09:25:20.056-0400] {dag.py:2915} INFO - Sync 1 DAGs
[2023-09-23T09:25:20.068-0400] {logging_mixin.py:151} INFO - [2023-09-23T09:25:20.068-0400] {dag.py:3696} INFO - Setting next_dagrun for tutorial_taskflow_api to None, run_after=None
[2023-09-23T09:25:20.095-0400] {processor.py:179} INFO - Processing /home/beau/airflow/py_env/lib/python3.10/site-packages/airflow/example_dags/tutorial_taskflow_api.py took 0.092 seconds
[2023-09-23T09:26:12.118-0400] {processor.py:157} INFO - Started process (PID=20089) to work on /home/beau/airflow/py_env/lib/python3.10/site-packages/airflow/example_dags/tutorial_taskflow_api.py
[2023-09-23T09:26:12.122-0400] {processor.py:829} INFO - Processing file /home/beau/airflow/py_env/lib/python3.10/site-packages/airflow/example_dags/tutorial_taskflow_api.py for tasks to queue
[2023-09-23T09:26:12.123-0400] {logging_mixin.py:151} INFO - [2023-09-23T09:26:12.123-0400] {dagbag.py:539} INFO - Filling up the DagBag from /home/beau/airflow/py_env/lib/python3.10/site-packages/airflow/example_dags/tutorial_taskflow_api.py
[2023-09-23T09:26:12.138-0400] {processor.py:839} INFO - DAG(s) dict_keys(['tutorial_taskflow_api']) retrieved from /home/beau/airflow/py_env/lib/python3.10/site-packages/airflow/example_dags/tutorial_taskflow_api.py
[2023-09-23T09:26:12.164-0400] {logging_mixin.py:151} INFO - [2023-09-23T09:26:12.164-0400] {dag.py:2915} INFO - Sync 1 DAGs
[2023-09-23T09:26:12.175-0400] {logging_mixin.py:151} INFO - [2023-09-23T09:26:12.174-0400] {dag.py:3696} INFO - Setting next_dagrun for tutorial_taskflow_api to None, run_after=None
[2023-09-23T09:26:12.204-0400] {processor.py:179} INFO - Processing /home/beau/airflow/py_env/lib/python3.10/site-packages/airflow/example_dags/tutorial_taskflow_api.py took 0.089 seconds
[2023-09-23T09:30:51.638-0400] {processor.py:157} INFO - Started process (PID=22435) to work on /home/beau/airflow/py_env/lib/python3.10/site-packages/airflow/example_dags/tutorial_taskflow_api.py
[2023-09-23T09:30:51.644-0400] {processor.py:829} INFO - Processing file /home/beau/airflow/py_env/lib/python3.10/site-packages/airflow/example_dags/tutorial_taskflow_api.py for tasks to queue
[2023-09-23T09:30:51.645-0400] {logging_mixin.py:151} INFO - [2023-09-23T09:30:51.645-0400] {dagbag.py:539} INFO - Filling up the DagBag from /home/beau/airflow/py_env/lib/python3.10/site-packages/airflow/example_dags/tutorial_taskflow_api.py
[2023-09-23T09:30:51.657-0400] {processor.py:839} INFO - DAG(s) dict_keys(['tutorial_taskflow_api']) retrieved from /home/beau/airflow/py_env/lib/python3.10/site-packages/airflow/example_dags/tutorial_taskflow_api.py
[2023-09-23T09:30:51.667-0400] {logging_mixin.py:151} INFO - [2023-09-23T09:30:51.667-0400] {dag.py:2915} INFO - Sync 1 DAGs
[2023-09-23T09:30:51.679-0400] {logging_mixin.py:151} INFO - [2023-09-23T09:30:51.679-0400] {dag.py:3696} INFO - Setting next_dagrun for tutorial_taskflow_api to None, run_after=None
[2023-09-23T09:30:51.705-0400] {processor.py:179} INFO - Processing /home/beau/airflow/py_env/lib/python3.10/site-packages/airflow/example_dags/tutorial_taskflow_api.py took 0.072 seconds
[2023-09-23T09:36:52.835-0400] {processor.py:157} INFO - Started process (PID=1041) to work on /home/beau/airflow/py_env/lib/python3.10/site-packages/airflow/example_dags/tutorial_taskflow_api.py
[2023-09-23T09:36:52.838-0400] {processor.py:829} INFO - Processing file /home/beau/airflow/py_env/lib/python3.10/site-packages/airflow/example_dags/tutorial_taskflow_api.py for tasks to queue
[2023-09-23T09:36:52.840-0400] {logging_mixin.py:151} INFO - [2023-09-23T09:36:52.839-0400] {dagbag.py:539} INFO - Filling up the DagBag from /home/beau/airflow/py_env/lib/python3.10/site-packages/airflow/example_dags/tutorial_taskflow_api.py
[2023-09-23T09:36:52.852-0400] {processor.py:839} INFO - DAG(s) dict_keys(['tutorial_taskflow_api']) retrieved from /home/beau/airflow/py_env/lib/python3.10/site-packages/airflow/example_dags/tutorial_taskflow_api.py
[2023-09-23T09:36:52.864-0400] {logging_mixin.py:151} INFO - [2023-09-23T09:36:52.864-0400] {dag.py:2915} INFO - Sync 1 DAGs
[2023-09-23T09:36:52.875-0400] {logging_mixin.py:151} INFO - [2023-09-23T09:36:52.874-0400] {dag.py:3696} INFO - Setting next_dagrun for tutorial_taskflow_api to None, run_after=None
[2023-09-23T09:36:52.898-0400] {processor.py:179} INFO - Processing /home/beau/airflow/py_env/lib/python3.10/site-packages/airflow/example_dags/tutorial_taskflow_api.py took 0.069 seconds
[2023-09-23T09:37:38.305-0400] {processor.py:157} INFO - Started process (PID=1654) to work on /home/beau/airflow/py_env/lib/python3.10/site-packages/airflow/example_dags/tutorial_taskflow_api.py
[2023-09-23T09:37:38.309-0400] {processor.py:829} INFO - Processing file /home/beau/airflow/py_env/lib/python3.10/site-packages/airflow/example_dags/tutorial_taskflow_api.py for tasks to queue
[2023-09-23T09:37:38.311-0400] {logging_mixin.py:151} INFO - [2023-09-23T09:37:38.310-0400] {dagbag.py:539} INFO - Filling up the DagBag from /home/beau/airflow/py_env/lib/python3.10/site-packages/airflow/example_dags/tutorial_taskflow_api.py
[2023-09-23T09:37:38.320-0400] {processor.py:839} INFO - DAG(s) dict_keys(['tutorial_taskflow_api']) retrieved from /home/beau/airflow/py_env/lib/python3.10/site-packages/airflow/example_dags/tutorial_taskflow_api.py
[2023-09-23T09:37:38.344-0400] {logging_mixin.py:151} INFO - [2023-09-23T09:37:38.343-0400] {dag.py:2915} INFO - Sync 1 DAGs
[2023-09-23T09:37:38.362-0400] {logging_mixin.py:151} INFO - [2023-09-23T09:37:38.361-0400] {dag.py:3696} INFO - Setting next_dagrun for tutorial_taskflow_api to None, run_after=None
[2023-09-23T09:37:38.398-0400] {processor.py:179} INFO - Processing /home/beau/airflow/py_env/lib/python3.10/site-packages/airflow/example_dags/tutorial_taskflow_api.py took 0.098 seconds
[2023-09-23T09:38:24.695-0400] {processor.py:157} INFO - Started process (PID=2199) to work on /home/beau/airflow/py_env/lib/python3.10/site-packages/airflow/example_dags/tutorial_taskflow_api.py
[2023-09-23T09:38:24.698-0400] {processor.py:829} INFO - Processing file /home/beau/airflow/py_env/lib/python3.10/site-packages/airflow/example_dags/tutorial_taskflow_api.py for tasks to queue
[2023-09-23T09:38:24.699-0400] {logging_mixin.py:151} INFO - [2023-09-23T09:38:24.699-0400] {dagbag.py:539} INFO - Filling up the DagBag from /home/beau/airflow/py_env/lib/python3.10/site-packages/airflow/example_dags/tutorial_taskflow_api.py
[2023-09-23T09:38:24.710-0400] {processor.py:839} INFO - DAG(s) dict_keys(['tutorial_taskflow_api']) retrieved from /home/beau/airflow/py_env/lib/python3.10/site-packages/airflow/example_dags/tutorial_taskflow_api.py
[2023-09-23T09:38:24.726-0400] {logging_mixin.py:151} INFO - [2023-09-23T09:38:24.725-0400] {dag.py:2915} INFO - Sync 1 DAGs
[2023-09-23T09:38:24.737-0400] {logging_mixin.py:151} INFO - [2023-09-23T09:38:24.736-0400] {dag.py:3696} INFO - Setting next_dagrun for tutorial_taskflow_api to None, run_after=None
[2023-09-23T09:38:24.760-0400] {processor.py:179} INFO - Processing /home/beau/airflow/py_env/lib/python3.10/site-packages/airflow/example_dags/tutorial_taskflow_api.py took 0.072 seconds
[2023-09-23T09:39:12.260-0400] {processor.py:157} INFO - Started process (PID=2630) to work on /home/beau/airflow/py_env/lib/python3.10/site-packages/airflow/example_dags/tutorial_taskflow_api.py
[2023-09-23T09:39:12.264-0400] {processor.py:829} INFO - Processing file /home/beau/airflow/py_env/lib/python3.10/site-packages/airflow/example_dags/tutorial_taskflow_api.py for tasks to queue
[2023-09-23T09:39:12.265-0400] {logging_mixin.py:151} INFO - [2023-09-23T09:39:12.265-0400] {dagbag.py:539} INFO - Filling up the DagBag from /home/beau/airflow/py_env/lib/python3.10/site-packages/airflow/example_dags/tutorial_taskflow_api.py
[2023-09-23T09:39:12.275-0400] {processor.py:839} INFO - DAG(s) dict_keys(['tutorial_taskflow_api']) retrieved from /home/beau/airflow/py_env/lib/python3.10/site-packages/airflow/example_dags/tutorial_taskflow_api.py
[2023-09-23T09:39:12.299-0400] {logging_mixin.py:151} INFO - [2023-09-23T09:39:12.299-0400] {dag.py:2915} INFO - Sync 1 DAGs
[2023-09-23T09:39:12.307-0400] {logging_mixin.py:151} INFO - [2023-09-23T09:39:12.307-0400] {dag.py:3696} INFO - Setting next_dagrun for tutorial_taskflow_api to None, run_after=None
[2023-09-23T09:39:12.332-0400] {processor.py:179} INFO - Processing /home/beau/airflow/py_env/lib/python3.10/site-packages/airflow/example_dags/tutorial_taskflow_api.py took 0.082 seconds
[2023-09-23T09:40:03.231-0400] {processor.py:157} INFO - Started process (PID=3385) to work on /home/beau/airflow/py_env/lib/python3.10/site-packages/airflow/example_dags/tutorial_taskflow_api.py
[2023-09-23T09:40:03.235-0400] {processor.py:829} INFO - Processing file /home/beau/airflow/py_env/lib/python3.10/site-packages/airflow/example_dags/tutorial_taskflow_api.py for tasks to queue
[2023-09-23T09:40:03.236-0400] {logging_mixin.py:151} INFO - [2023-09-23T09:40:03.236-0400] {dagbag.py:539} INFO - Filling up the DagBag from /home/beau/airflow/py_env/lib/python3.10/site-packages/airflow/example_dags/tutorial_taskflow_api.py
[2023-09-23T09:40:03.241-0400] {processor.py:839} INFO - DAG(s) dict_keys(['tutorial_taskflow_api']) retrieved from /home/beau/airflow/py_env/lib/python3.10/site-packages/airflow/example_dags/tutorial_taskflow_api.py
[2023-09-23T09:40:03.254-0400] {logging_mixin.py:151} INFO - [2023-09-23T09:40:03.254-0400] {dag.py:2915} INFO - Sync 1 DAGs
[2023-09-23T09:40:03.264-0400] {logging_mixin.py:151} INFO - [2023-09-23T09:40:03.263-0400] {dag.py:3696} INFO - Setting next_dagrun for tutorial_taskflow_api to None, run_after=None
[2023-09-23T09:40:03.285-0400] {processor.py:179} INFO - Processing /home/beau/airflow/py_env/lib/python3.10/site-packages/airflow/example_dags/tutorial_taskflow_api.py took 0.059 seconds
