[2023-09-23T09:06:26.369-0400] {processor.py:157} INFO - Started process (PID=11407) to work on /home/beau/airflow/py_env/lib/python3.10/site-packages/airflow/example_dags/tutorial_dag.py
[2023-09-23T09:06:26.370-0400] {processor.py:829} INFO - Processing file /home/beau/airflow/py_env/lib/python3.10/site-packages/airflow/example_dags/tutorial_dag.py for tasks to queue
[2023-09-23T09:06:26.371-0400] {logging_mixin.py:151} INFO - [2023-09-23T09:06:26.370-0400] {dagbag.py:539} INFO - Filling up the DagBag from /home/beau/airflow/py_env/lib/python3.10/site-packages/airflow/example_dags/tutorial_dag.py
[2023-09-23T09:06:26.375-0400] {processor.py:839} INFO - DAG(s) dict_keys(['tutorial_dag']) retrieved from /home/beau/airflow/py_env/lib/python3.10/site-packages/airflow/example_dags/tutorial_dag.py
[2023-09-23T09:06:26.460-0400] {logging_mixin.py:151} INFO - [2023-09-23T09:06:26.459-0400] {manager.py:499} INFO - Created Permission View: %s
[2023-09-23T09:06:26.473-0400] {logging_mixin.py:151} INFO - [2023-09-23T09:06:26.472-0400] {manager.py:499} INFO - Created Permission View: %s
[2023-09-23T09:06:26.485-0400] {logging_mixin.py:151} INFO - [2023-09-23T09:06:26.485-0400] {manager.py:499} INFO - Created Permission View: %s
[2023-09-23T09:06:26.485-0400] {logging_mixin.py:151} INFO - [2023-09-23T09:06:26.485-0400] {security.py:708} INFO - Not syncing DAG-level permissions for DAG 'DAG:tutorial_dag' as access control is unset.
[2023-09-23T09:06:26.485-0400] {logging_mixin.py:151} INFO - [2023-09-23T09:06:26.485-0400] {dag.py:2915} INFO - Sync 1 DAGs
[2023-09-23T09:06:26.495-0400] {logging_mixin.py:151} INFO - [2023-09-23T09:06:26.495-0400] {dag.py:2937} INFO - Creating ORM DAG for tutorial_dag
[2023-09-23T09:06:26.495-0400] {logging_mixin.py:151} INFO - [2023-09-23T09:06:26.495-0400] {dag.py:3696} INFO - Setting next_dagrun for tutorial_dag to None, run_after=None
[2023-09-23T09:06:26.519-0400] {processor.py:179} INFO - Processing /home/beau/airflow/py_env/lib/python3.10/site-packages/airflow/example_dags/tutorial_dag.py took 0.152 seconds
[2023-09-23T09:07:16.449-0400] {processor.py:157} INFO - Started process (PID=11902) to work on /home/beau/airflow/py_env/lib/python3.10/site-packages/airflow/example_dags/tutorial_dag.py
[2023-09-23T09:07:16.451-0400] {processor.py:829} INFO - Processing file /home/beau/airflow/py_env/lib/python3.10/site-packages/airflow/example_dags/tutorial_dag.py for tasks to queue
[2023-09-23T09:07:16.452-0400] {logging_mixin.py:151} INFO - [2023-09-23T09:07:16.451-0400] {dagbag.py:539} INFO - Filling up the DagBag from /home/beau/airflow/py_env/lib/python3.10/site-packages/airflow/example_dags/tutorial_dag.py
[2023-09-23T09:07:16.456-0400] {processor.py:839} INFO - DAG(s) dict_keys(['tutorial_dag']) retrieved from /home/beau/airflow/py_env/lib/python3.10/site-packages/airflow/example_dags/tutorial_dag.py
[2023-09-23T09:07:16.487-0400] {logging_mixin.py:151} INFO - [2023-09-23T09:07:16.486-0400] {dag.py:2915} INFO - Sync 1 DAGs
[2023-09-23T09:07:16.499-0400] {logging_mixin.py:151} INFO - [2023-09-23T09:07:16.499-0400] {dag.py:3696} INFO - Setting next_dagrun for tutorial_dag to None, run_after=None
[2023-09-23T09:07:16.524-0400] {processor.py:179} INFO - Processing /home/beau/airflow/py_env/lib/python3.10/site-packages/airflow/example_dags/tutorial_dag.py took 0.077 seconds
[2023-09-23T09:08:03.079-0400] {processor.py:157} INFO - Started process (PID=12086) to work on /home/beau/airflow/py_env/lib/python3.10/site-packages/airflow/example_dags/tutorial_dag.py
[2023-09-23T09:08:03.082-0400] {processor.py:829} INFO - Processing file /home/beau/airflow/py_env/lib/python3.10/site-packages/airflow/example_dags/tutorial_dag.py for tasks to queue
[2023-09-23T09:08:03.083-0400] {logging_mixin.py:151} INFO - [2023-09-23T09:08:03.082-0400] {dagbag.py:539} INFO - Filling up the DagBag from /home/beau/airflow/py_env/lib/python3.10/site-packages/airflow/example_dags/tutorial_dag.py
[2023-09-23T09:08:03.087-0400] {processor.py:839} INFO - DAG(s) dict_keys(['tutorial_dag']) retrieved from /home/beau/airflow/py_env/lib/python3.10/site-packages/airflow/example_dags/tutorial_dag.py
[2023-09-23T09:08:03.125-0400] {logging_mixin.py:151} INFO - [2023-09-23T09:08:03.124-0400] {dag.py:2915} INFO - Sync 1 DAGs
[2023-09-23T09:08:03.140-0400] {logging_mixin.py:151} INFO - [2023-09-23T09:08:03.140-0400] {dag.py:3696} INFO - Setting next_dagrun for tutorial_dag to None, run_after=None
[2023-09-23T09:08:03.164-0400] {processor.py:179} INFO - Processing /home/beau/airflow/py_env/lib/python3.10/site-packages/airflow/example_dags/tutorial_dag.py took 0.087 seconds
[2023-09-23T09:08:53.724-0400] {processor.py:157} INFO - Started process (PID=12591) to work on /home/beau/airflow/py_env/lib/python3.10/site-packages/airflow/example_dags/tutorial_dag.py
[2023-09-23T09:08:53.728-0400] {processor.py:829} INFO - Processing file /home/beau/airflow/py_env/lib/python3.10/site-packages/airflow/example_dags/tutorial_dag.py for tasks to queue
[2023-09-23T09:08:53.729-0400] {logging_mixin.py:151} INFO - [2023-09-23T09:08:53.729-0400] {dagbag.py:539} INFO - Filling up the DagBag from /home/beau/airflow/py_env/lib/python3.10/site-packages/airflow/example_dags/tutorial_dag.py
[2023-09-23T09:08:53.736-0400] {processor.py:839} INFO - DAG(s) dict_keys(['tutorial_dag']) retrieved from /home/beau/airflow/py_env/lib/python3.10/site-packages/airflow/example_dags/tutorial_dag.py
[2023-09-23T09:08:53.754-0400] {logging_mixin.py:151} INFO - [2023-09-23T09:08:53.754-0400] {dag.py:2915} INFO - Sync 1 DAGs
[2023-09-23T09:08:53.764-0400] {logging_mixin.py:151} INFO - [2023-09-23T09:08:53.764-0400] {dag.py:3696} INFO - Setting next_dagrun for tutorial_dag to None, run_after=None
[2023-09-23T09:08:53.787-0400] {processor.py:179} INFO - Processing /home/beau/airflow/py_env/lib/python3.10/site-packages/airflow/example_dags/tutorial_dag.py took 0.067 seconds
[2023-09-23T09:09:42.573-0400] {processor.py:157} INFO - Started process (PID=12837) to work on /home/beau/airflow/py_env/lib/python3.10/site-packages/airflow/example_dags/tutorial_dag.py
[2023-09-23T09:09:42.576-0400] {processor.py:829} INFO - Processing file /home/beau/airflow/py_env/lib/python3.10/site-packages/airflow/example_dags/tutorial_dag.py for tasks to queue
[2023-09-23T09:09:42.577-0400] {logging_mixin.py:151} INFO - [2023-09-23T09:09:42.577-0400] {dagbag.py:539} INFO - Filling up the DagBag from /home/beau/airflow/py_env/lib/python3.10/site-packages/airflow/example_dags/tutorial_dag.py
[2023-09-23T09:09:42.582-0400] {processor.py:839} INFO - DAG(s) dict_keys(['tutorial_dag']) retrieved from /home/beau/airflow/py_env/lib/python3.10/site-packages/airflow/example_dags/tutorial_dag.py
[2023-09-23T09:09:42.597-0400] {logging_mixin.py:151} INFO - [2023-09-23T09:09:42.597-0400] {dag.py:2915} INFO - Sync 1 DAGs
[2023-09-23T09:09:42.608-0400] {logging_mixin.py:151} INFO - [2023-09-23T09:09:42.608-0400] {dag.py:3696} INFO - Setting next_dagrun for tutorial_dag to None, run_after=None
[2023-09-23T09:09:42.632-0400] {processor.py:179} INFO - Processing /home/beau/airflow/py_env/lib/python3.10/site-packages/airflow/example_dags/tutorial_dag.py took 0.062 seconds
[2023-09-23T09:10:29.530-0400] {processor.py:157} INFO - Started process (PID=13077) to work on /home/beau/airflow/py_env/lib/python3.10/site-packages/airflow/example_dags/tutorial_dag.py
[2023-09-23T09:10:29.533-0400] {processor.py:829} INFO - Processing file /home/beau/airflow/py_env/lib/python3.10/site-packages/airflow/example_dags/tutorial_dag.py for tasks to queue
[2023-09-23T09:10:29.535-0400] {logging_mixin.py:151} INFO - [2023-09-23T09:10:29.534-0400] {dagbag.py:539} INFO - Filling up the DagBag from /home/beau/airflow/py_env/lib/python3.10/site-packages/airflow/example_dags/tutorial_dag.py
[2023-09-23T09:10:29.540-0400] {processor.py:839} INFO - DAG(s) dict_keys(['tutorial_dag']) retrieved from /home/beau/airflow/py_env/lib/python3.10/site-packages/airflow/example_dags/tutorial_dag.py
[2023-09-23T09:10:29.559-0400] {logging_mixin.py:151} INFO - [2023-09-23T09:10:29.559-0400] {dag.py:2915} INFO - Sync 1 DAGs
[2023-09-23T09:10:29.567-0400] {logging_mixin.py:151} INFO - [2023-09-23T09:10:29.567-0400] {dag.py:3696} INFO - Setting next_dagrun for tutorial_dag to None, run_after=None
[2023-09-23T09:10:29.589-0400] {processor.py:179} INFO - Processing /home/beau/airflow/py_env/lib/python3.10/site-packages/airflow/example_dags/tutorial_dag.py took 0.063 seconds
[2023-09-23T09:11:18.990-0400] {processor.py:157} INFO - Started process (PID=13544) to work on /home/beau/airflow/py_env/lib/python3.10/site-packages/airflow/example_dags/tutorial_dag.py
[2023-09-23T09:11:18.994-0400] {processor.py:829} INFO - Processing file /home/beau/airflow/py_env/lib/python3.10/site-packages/airflow/example_dags/tutorial_dag.py for tasks to queue
[2023-09-23T09:11:18.996-0400] {logging_mixin.py:151} INFO - [2023-09-23T09:11:18.995-0400] {dagbag.py:539} INFO - Filling up the DagBag from /home/beau/airflow/py_env/lib/python3.10/site-packages/airflow/example_dags/tutorial_dag.py
[2023-09-23T09:11:19.003-0400] {processor.py:839} INFO - DAG(s) dict_keys(['tutorial_dag']) retrieved from /home/beau/airflow/py_env/lib/python3.10/site-packages/airflow/example_dags/tutorial_dag.py
[2023-09-23T09:11:19.021-0400] {logging_mixin.py:151} INFO - [2023-09-23T09:11:19.021-0400] {dag.py:2915} INFO - Sync 1 DAGs
[2023-09-23T09:11:19.030-0400] {logging_mixin.py:151} INFO - [2023-09-23T09:11:19.030-0400] {dag.py:3696} INFO - Setting next_dagrun for tutorial_dag to None, run_after=None
[2023-09-23T09:11:19.053-0400] {processor.py:179} INFO - Processing /home/beau/airflow/py_env/lib/python3.10/site-packages/airflow/example_dags/tutorial_dag.py took 0.067 seconds
[2023-09-23T09:12:08.022-0400] {processor.py:157} INFO - Started process (PID=13870) to work on /home/beau/airflow/py_env/lib/python3.10/site-packages/airflow/example_dags/tutorial_dag.py
[2023-09-23T09:12:08.025-0400] {processor.py:829} INFO - Processing file /home/beau/airflow/py_env/lib/python3.10/site-packages/airflow/example_dags/tutorial_dag.py for tasks to queue
[2023-09-23T09:12:08.026-0400] {logging_mixin.py:151} INFO - [2023-09-23T09:12:08.025-0400] {dagbag.py:539} INFO - Filling up the DagBag from /home/beau/airflow/py_env/lib/python3.10/site-packages/airflow/example_dags/tutorial_dag.py
[2023-09-23T09:12:08.031-0400] {processor.py:839} INFO - DAG(s) dict_keys(['tutorial_dag']) retrieved from /home/beau/airflow/py_env/lib/python3.10/site-packages/airflow/example_dags/tutorial_dag.py
[2023-09-23T09:12:08.049-0400] {logging_mixin.py:151} INFO - [2023-09-23T09:12:08.049-0400] {dag.py:2915} INFO - Sync 1 DAGs
[2023-09-23T09:12:08.060-0400] {logging_mixin.py:151} INFO - [2023-09-23T09:12:08.059-0400] {dag.py:3696} INFO - Setting next_dagrun for tutorial_dag to None, run_after=None
[2023-09-23T09:12:08.087-0400] {processor.py:179} INFO - Processing /home/beau/airflow/py_env/lib/python3.10/site-packages/airflow/example_dags/tutorial_dag.py took 0.069 seconds
[2023-09-23T09:12:57.414-0400] {processor.py:157} INFO - Started process (PID=14312) to work on /home/beau/airflow/py_env/lib/python3.10/site-packages/airflow/example_dags/tutorial_dag.py
[2023-09-23T09:12:57.419-0400] {processor.py:829} INFO - Processing file /home/beau/airflow/py_env/lib/python3.10/site-packages/airflow/example_dags/tutorial_dag.py for tasks to queue
[2023-09-23T09:12:57.421-0400] {logging_mixin.py:151} INFO - [2023-09-23T09:12:57.420-0400] {dagbag.py:539} INFO - Filling up the DagBag from /home/beau/airflow/py_env/lib/python3.10/site-packages/airflow/example_dags/tutorial_dag.py
[2023-09-23T09:12:57.430-0400] {processor.py:839} INFO - DAG(s) dict_keys(['tutorial_dag']) retrieved from /home/beau/airflow/py_env/lib/python3.10/site-packages/airflow/example_dags/tutorial_dag.py
[2023-09-23T09:12:57.444-0400] {logging_mixin.py:151} INFO - [2023-09-23T09:12:57.443-0400] {dag.py:2915} INFO - Sync 1 DAGs
[2023-09-23T09:12:57.455-0400] {logging_mixin.py:151} INFO - [2023-09-23T09:12:57.454-0400] {dag.py:3696} INFO - Setting next_dagrun for tutorial_dag to None, run_after=None
[2023-09-23T09:12:57.476-0400] {processor.py:179} INFO - Processing /home/beau/airflow/py_env/lib/python3.10/site-packages/airflow/example_dags/tutorial_dag.py took 0.067 seconds
[2023-09-23T09:13:48.096-0400] {processor.py:157} INFO - Started process (PID=14851) to work on /home/beau/airflow/py_env/lib/python3.10/site-packages/airflow/example_dags/tutorial_dag.py
[2023-09-23T09:13:48.100-0400] {processor.py:829} INFO - Processing file /home/beau/airflow/py_env/lib/python3.10/site-packages/airflow/example_dags/tutorial_dag.py for tasks to queue
[2023-09-23T09:13:48.100-0400] {logging_mixin.py:151} INFO - [2023-09-23T09:13:48.100-0400] {dagbag.py:539} INFO - Filling up the DagBag from /home/beau/airflow/py_env/lib/python3.10/site-packages/airflow/example_dags/tutorial_dag.py
[2023-09-23T09:13:48.105-0400] {processor.py:839} INFO - DAG(s) dict_keys(['tutorial_dag']) retrieved from /home/beau/airflow/py_env/lib/python3.10/site-packages/airflow/example_dags/tutorial_dag.py
[2023-09-23T09:13:48.117-0400] {logging_mixin.py:151} INFO - [2023-09-23T09:13:48.117-0400] {dag.py:2915} INFO - Sync 1 DAGs
[2023-09-23T09:13:48.126-0400] {logging_mixin.py:151} INFO - [2023-09-23T09:13:48.126-0400] {dag.py:3696} INFO - Setting next_dagrun for tutorial_dag to None, run_after=None
[2023-09-23T09:13:48.148-0400] {processor.py:179} INFO - Processing /home/beau/airflow/py_env/lib/python3.10/site-packages/airflow/example_dags/tutorial_dag.py took 0.055 seconds
[2023-09-23T09:14:34.027-0400] {processor.py:157} INFO - Started process (PID=15216) to work on /home/beau/airflow/py_env/lib/python3.10/site-packages/airflow/example_dags/tutorial_dag.py
[2023-09-23T09:14:34.031-0400] {processor.py:829} INFO - Processing file /home/beau/airflow/py_env/lib/python3.10/site-packages/airflow/example_dags/tutorial_dag.py for tasks to queue
[2023-09-23T09:14:34.032-0400] {logging_mixin.py:151} INFO - [2023-09-23T09:14:34.032-0400] {dagbag.py:539} INFO - Filling up the DagBag from /home/beau/airflow/py_env/lib/python3.10/site-packages/airflow/example_dags/tutorial_dag.py
[2023-09-23T09:14:34.037-0400] {processor.py:839} INFO - DAG(s) dict_keys(['tutorial_dag']) retrieved from /home/beau/airflow/py_env/lib/python3.10/site-packages/airflow/example_dags/tutorial_dag.py
[2023-09-23T09:14:34.052-0400] {logging_mixin.py:151} INFO - [2023-09-23T09:14:34.052-0400] {dag.py:2915} INFO - Sync 1 DAGs
[2023-09-23T09:14:34.063-0400] {logging_mixin.py:151} INFO - [2023-09-23T09:14:34.063-0400] {dag.py:3696} INFO - Setting next_dagrun for tutorial_dag to None, run_after=None
[2023-09-23T09:14:34.085-0400] {processor.py:179} INFO - Processing /home/beau/airflow/py_env/lib/python3.10/site-packages/airflow/example_dags/tutorial_dag.py took 0.062 seconds
[2023-09-23T09:15:25.910-0400] {processor.py:157} INFO - Started process (PID=15477) to work on /home/beau/airflow/py_env/lib/python3.10/site-packages/airflow/example_dags/tutorial_dag.py
[2023-09-23T09:15:25.913-0400] {processor.py:829} INFO - Processing file /home/beau/airflow/py_env/lib/python3.10/site-packages/airflow/example_dags/tutorial_dag.py for tasks to queue
[2023-09-23T09:15:25.914-0400] {logging_mixin.py:151} INFO - [2023-09-23T09:15:25.914-0400] {dagbag.py:539} INFO - Filling up the DagBag from /home/beau/airflow/py_env/lib/python3.10/site-packages/airflow/example_dags/tutorial_dag.py
[2023-09-23T09:15:25.921-0400] {processor.py:839} INFO - DAG(s) dict_keys(['tutorial_dag']) retrieved from /home/beau/airflow/py_env/lib/python3.10/site-packages/airflow/example_dags/tutorial_dag.py
[2023-09-23T09:15:25.940-0400] {logging_mixin.py:151} INFO - [2023-09-23T09:15:25.939-0400] {dag.py:2915} INFO - Sync 1 DAGs
[2023-09-23T09:15:25.954-0400] {logging_mixin.py:151} INFO - [2023-09-23T09:15:25.953-0400] {dag.py:3696} INFO - Setting next_dagrun for tutorial_dag to None, run_after=None
[2023-09-23T09:15:25.983-0400] {processor.py:179} INFO - Processing /home/beau/airflow/py_env/lib/python3.10/site-packages/airflow/example_dags/tutorial_dag.py took 0.076 seconds
[2023-09-23T09:17:27.399-0400] {processor.py:157} INFO - Started process (PID=16823) to work on /home/beau/airflow/py_env/lib/python3.10/site-packages/airflow/example_dags/tutorial_dag.py
[2023-09-23T09:17:27.401-0400] {processor.py:829} INFO - Processing file /home/beau/airflow/py_env/lib/python3.10/site-packages/airflow/example_dags/tutorial_dag.py for tasks to queue
[2023-09-23T09:17:27.403-0400] {logging_mixin.py:151} INFO - [2023-09-23T09:17:27.403-0400] {dagbag.py:539} INFO - Filling up the DagBag from /home/beau/airflow/py_env/lib/python3.10/site-packages/airflow/example_dags/tutorial_dag.py
[2023-09-23T09:17:27.411-0400] {processor.py:839} INFO - DAG(s) dict_keys(['tutorial_dag']) retrieved from /home/beau/airflow/py_env/lib/python3.10/site-packages/airflow/example_dags/tutorial_dag.py
[2023-09-23T09:17:27.425-0400] {logging_mixin.py:151} INFO - [2023-09-23T09:17:27.424-0400] {dag.py:2915} INFO - Sync 1 DAGs
[2023-09-23T09:17:27.438-0400] {logging_mixin.py:151} INFO - [2023-09-23T09:17:27.438-0400] {dag.py:3696} INFO - Setting next_dagrun for tutorial_dag to None, run_after=None
[2023-09-23T09:17:27.463-0400] {processor.py:179} INFO - Processing /home/beau/airflow/py_env/lib/python3.10/site-packages/airflow/example_dags/tutorial_dag.py took 0.070 seconds
[2023-09-23T09:18:15.158-0400] {processor.py:157} INFO - Started process (PID=17095) to work on /home/beau/airflow/py_env/lib/python3.10/site-packages/airflow/example_dags/tutorial_dag.py
[2023-09-23T09:18:15.164-0400] {processor.py:829} INFO - Processing file /home/beau/airflow/py_env/lib/python3.10/site-packages/airflow/example_dags/tutorial_dag.py for tasks to queue
[2023-09-23T09:18:15.166-0400] {logging_mixin.py:151} INFO - [2023-09-23T09:18:15.165-0400] {dagbag.py:539} INFO - Filling up the DagBag from /home/beau/airflow/py_env/lib/python3.10/site-packages/airflow/example_dags/tutorial_dag.py
[2023-09-23T09:18:15.179-0400] {processor.py:839} INFO - DAG(s) dict_keys(['tutorial_dag']) retrieved from /home/beau/airflow/py_env/lib/python3.10/site-packages/airflow/example_dags/tutorial_dag.py
[2023-09-23T09:18:15.204-0400] {logging_mixin.py:151} INFO - [2023-09-23T09:18:15.204-0400] {dag.py:2915} INFO - Sync 1 DAGs
[2023-09-23T09:18:15.213-0400] {logging_mixin.py:151} INFO - [2023-09-23T09:18:15.213-0400] {dag.py:3696} INFO - Setting next_dagrun for tutorial_dag to None, run_after=None
[2023-09-23T09:18:15.235-0400] {processor.py:179} INFO - Processing /home/beau/airflow/py_env/lib/python3.10/site-packages/airflow/example_dags/tutorial_dag.py took 0.085 seconds
[2023-09-23T09:19:02.843-0400] {processor.py:157} INFO - Started process (PID=17284) to work on /home/beau/airflow/py_env/lib/python3.10/site-packages/airflow/example_dags/tutorial_dag.py
[2023-09-23T09:19:02.846-0400] {processor.py:829} INFO - Processing file /home/beau/airflow/py_env/lib/python3.10/site-packages/airflow/example_dags/tutorial_dag.py for tasks to queue
[2023-09-23T09:19:02.849-0400] {logging_mixin.py:151} INFO - [2023-09-23T09:19:02.848-0400] {dagbag.py:539} INFO - Filling up the DagBag from /home/beau/airflow/py_env/lib/python3.10/site-packages/airflow/example_dags/tutorial_dag.py
[2023-09-23T09:19:02.860-0400] {processor.py:839} INFO - DAG(s) dict_keys(['tutorial_dag']) retrieved from /home/beau/airflow/py_env/lib/python3.10/site-packages/airflow/example_dags/tutorial_dag.py
[2023-09-23T09:19:02.883-0400] {logging_mixin.py:151} INFO - [2023-09-23T09:19:02.882-0400] {dag.py:2915} INFO - Sync 1 DAGs
[2023-09-23T09:19:02.894-0400] {logging_mixin.py:151} INFO - [2023-09-23T09:19:02.893-0400] {dag.py:3696} INFO - Setting next_dagrun for tutorial_dag to None, run_after=None
[2023-09-23T09:19:02.916-0400] {processor.py:179} INFO - Processing /home/beau/airflow/py_env/lib/python3.10/site-packages/airflow/example_dags/tutorial_dag.py took 0.082 seconds
[2023-09-23T09:19:55.981-0400] {processor.py:157} INFO - Started process (PID=17574) to work on /home/beau/airflow/py_env/lib/python3.10/site-packages/airflow/example_dags/tutorial_dag.py
[2023-09-23T09:19:55.985-0400] {processor.py:829} INFO - Processing file /home/beau/airflow/py_env/lib/python3.10/site-packages/airflow/example_dags/tutorial_dag.py for tasks to queue
[2023-09-23T09:19:55.987-0400] {logging_mixin.py:151} INFO - [2023-09-23T09:19:55.986-0400] {dagbag.py:539} INFO - Filling up the DagBag from /home/beau/airflow/py_env/lib/python3.10/site-packages/airflow/example_dags/tutorial_dag.py
[2023-09-23T09:19:55.996-0400] {processor.py:839} INFO - DAG(s) dict_keys(['tutorial_dag']) retrieved from /home/beau/airflow/py_env/lib/python3.10/site-packages/airflow/example_dags/tutorial_dag.py
[2023-09-23T09:19:56.016-0400] {logging_mixin.py:151} INFO - [2023-09-23T09:19:56.016-0400] {dag.py:2915} INFO - Sync 1 DAGs
[2023-09-23T09:19:56.025-0400] {logging_mixin.py:151} INFO - [2023-09-23T09:19:56.025-0400] {dag.py:3696} INFO - Setting next_dagrun for tutorial_dag to None, run_after=None
[2023-09-23T09:19:56.049-0400] {processor.py:179} INFO - Processing /home/beau/airflow/py_env/lib/python3.10/site-packages/airflow/example_dags/tutorial_dag.py took 0.074 seconds
[2023-09-23T09:20:51.963-0400] {processor.py:157} INFO - Started process (PID=17867) to work on /home/beau/airflow/py_env/lib/python3.10/site-packages/airflow/example_dags/tutorial_dag.py
[2023-09-23T09:20:51.969-0400] {processor.py:829} INFO - Processing file /home/beau/airflow/py_env/lib/python3.10/site-packages/airflow/example_dags/tutorial_dag.py for tasks to queue
[2023-09-23T09:20:51.972-0400] {logging_mixin.py:151} INFO - [2023-09-23T09:20:51.970-0400] {dagbag.py:539} INFO - Filling up the DagBag from /home/beau/airflow/py_env/lib/python3.10/site-packages/airflow/example_dags/tutorial_dag.py
[2023-09-23T09:20:51.989-0400] {processor.py:839} INFO - DAG(s) dict_keys(['tutorial_dag']) retrieved from /home/beau/airflow/py_env/lib/python3.10/site-packages/airflow/example_dags/tutorial_dag.py
[2023-09-23T09:20:52.012-0400] {logging_mixin.py:151} INFO - [2023-09-23T09:20:52.012-0400] {dag.py:2915} INFO - Sync 1 DAGs
[2023-09-23T09:20:52.025-0400] {logging_mixin.py:151} INFO - [2023-09-23T09:20:52.025-0400] {dag.py:3696} INFO - Setting next_dagrun for tutorial_dag to None, run_after=None
[2023-09-23T09:20:52.056-0400] {processor.py:179} INFO - Processing /home/beau/airflow/py_env/lib/python3.10/site-packages/airflow/example_dags/tutorial_dag.py took 0.101 seconds
[2023-09-23T09:21:31.040-0400] {processor.py:157} INFO - Started process (PID=18101) to work on /home/beau/airflow/py_env/lib/python3.10/site-packages/airflow/example_dags/tutorial_dag.py
[2023-09-23T09:21:31.043-0400] {processor.py:829} INFO - Processing file /home/beau/airflow/py_env/lib/python3.10/site-packages/airflow/example_dags/tutorial_dag.py for tasks to queue
[2023-09-23T09:21:31.044-0400] {logging_mixin.py:151} INFO - [2023-09-23T09:21:31.043-0400] {dagbag.py:539} INFO - Filling up the DagBag from /home/beau/airflow/py_env/lib/python3.10/site-packages/airflow/example_dags/tutorial_dag.py
[2023-09-23T09:21:31.048-0400] {processor.py:839} INFO - DAG(s) dict_keys(['tutorial_dag']) retrieved from /home/beau/airflow/py_env/lib/python3.10/site-packages/airflow/example_dags/tutorial_dag.py
[2023-09-23T09:21:31.065-0400] {logging_mixin.py:151} INFO - [2023-09-23T09:21:31.065-0400] {dag.py:2915} INFO - Sync 1 DAGs
[2023-09-23T09:21:31.080-0400] {logging_mixin.py:151} INFO - [2023-09-23T09:21:31.079-0400] {dag.py:3696} INFO - Setting next_dagrun for tutorial_dag to None, run_after=None
[2023-09-23T09:21:31.108-0400] {processor.py:179} INFO - Processing /home/beau/airflow/py_env/lib/python3.10/site-packages/airflow/example_dags/tutorial_dag.py took 0.072 seconds
[2023-09-23T09:23:46.511-0400] {processor.py:157} INFO - Started process (PID=19318) to work on /home/beau/airflow/py_env/lib/python3.10/site-packages/airflow/example_dags/tutorial_dag.py
[2023-09-23T09:23:46.515-0400] {processor.py:829} INFO - Processing file /home/beau/airflow/py_env/lib/python3.10/site-packages/airflow/example_dags/tutorial_dag.py for tasks to queue
[2023-09-23T09:23:46.516-0400] {logging_mixin.py:151} INFO - [2023-09-23T09:23:46.515-0400] {dagbag.py:539} INFO - Filling up the DagBag from /home/beau/airflow/py_env/lib/python3.10/site-packages/airflow/example_dags/tutorial_dag.py
[2023-09-23T09:23:46.521-0400] {processor.py:839} INFO - DAG(s) dict_keys(['tutorial_dag']) retrieved from /home/beau/airflow/py_env/lib/python3.10/site-packages/airflow/example_dags/tutorial_dag.py
[2023-09-23T09:23:46.528-0400] {logging_mixin.py:151} INFO - [2023-09-23T09:23:46.528-0400] {dag.py:2915} INFO - Sync 1 DAGs
[2023-09-23T09:23:46.540-0400] {logging_mixin.py:151} INFO - [2023-09-23T09:23:46.539-0400] {dag.py:3696} INFO - Setting next_dagrun for tutorial_dag to None, run_after=None
[2023-09-23T09:23:46.569-0400] {processor.py:179} INFO - Processing /home/beau/airflow/py_env/lib/python3.10/site-packages/airflow/example_dags/tutorial_dag.py took 0.061 seconds
[2023-09-23T09:24:33.296-0400] {processor.py:157} INFO - Started process (PID=19604) to work on /home/beau/airflow/py_env/lib/python3.10/site-packages/airflow/example_dags/tutorial_dag.py
[2023-09-23T09:24:33.300-0400] {processor.py:829} INFO - Processing file /home/beau/airflow/py_env/lib/python3.10/site-packages/airflow/example_dags/tutorial_dag.py for tasks to queue
[2023-09-23T09:24:33.302-0400] {logging_mixin.py:151} INFO - [2023-09-23T09:24:33.302-0400] {dagbag.py:539} INFO - Filling up the DagBag from /home/beau/airflow/py_env/lib/python3.10/site-packages/airflow/example_dags/tutorial_dag.py
[2023-09-23T09:24:33.310-0400] {processor.py:839} INFO - DAG(s) dict_keys(['tutorial_dag']) retrieved from /home/beau/airflow/py_env/lib/python3.10/site-packages/airflow/example_dags/tutorial_dag.py
[2023-09-23T09:24:33.328-0400] {logging_mixin.py:151} INFO - [2023-09-23T09:24:33.328-0400] {dag.py:2915} INFO - Sync 1 DAGs
[2023-09-23T09:24:33.340-0400] {logging_mixin.py:151} INFO - [2023-09-23T09:24:33.340-0400] {dag.py:3696} INFO - Setting next_dagrun for tutorial_dag to None, run_after=None
[2023-09-23T09:24:33.363-0400] {processor.py:179} INFO - Processing /home/beau/airflow/py_env/lib/python3.10/site-packages/airflow/example_dags/tutorial_dag.py took 0.073 seconds
[2023-09-23T09:25:21.128-0400] {processor.py:157} INFO - Started process (PID=19792) to work on /home/beau/airflow/py_env/lib/python3.10/site-packages/airflow/example_dags/tutorial_dag.py
[2023-09-23T09:25:21.132-0400] {processor.py:829} INFO - Processing file /home/beau/airflow/py_env/lib/python3.10/site-packages/airflow/example_dags/tutorial_dag.py for tasks to queue
[2023-09-23T09:25:21.133-0400] {logging_mixin.py:151} INFO - [2023-09-23T09:25:21.132-0400] {dagbag.py:539} INFO - Filling up the DagBag from /home/beau/airflow/py_env/lib/python3.10/site-packages/airflow/example_dags/tutorial_dag.py
[2023-09-23T09:25:21.139-0400] {processor.py:839} INFO - DAG(s) dict_keys(['tutorial_dag']) retrieved from /home/beau/airflow/py_env/lib/python3.10/site-packages/airflow/example_dags/tutorial_dag.py
[2023-09-23T09:25:21.154-0400] {logging_mixin.py:151} INFO - [2023-09-23T09:25:21.154-0400] {dag.py:2915} INFO - Sync 1 DAGs
[2023-09-23T09:25:21.163-0400] {logging_mixin.py:151} INFO - [2023-09-23T09:25:21.163-0400] {dag.py:3696} INFO - Setting next_dagrun for tutorial_dag to None, run_after=None
[2023-09-23T09:25:21.186-0400] {processor.py:179} INFO - Processing /home/beau/airflow/py_env/lib/python3.10/site-packages/airflow/example_dags/tutorial_dag.py took 0.061 seconds
[2023-09-23T09:26:13.255-0400] {processor.py:157} INFO - Started process (PID=20096) to work on /home/beau/airflow/py_env/lib/python3.10/site-packages/airflow/example_dags/tutorial_dag.py
[2023-09-23T09:26:13.258-0400] {processor.py:829} INFO - Processing file /home/beau/airflow/py_env/lib/python3.10/site-packages/airflow/example_dags/tutorial_dag.py for tasks to queue
[2023-09-23T09:26:13.259-0400] {logging_mixin.py:151} INFO - [2023-09-23T09:26:13.259-0400] {dagbag.py:539} INFO - Filling up the DagBag from /home/beau/airflow/py_env/lib/python3.10/site-packages/airflow/example_dags/tutorial_dag.py
[2023-09-23T09:26:13.264-0400] {processor.py:839} INFO - DAG(s) dict_keys(['tutorial_dag']) retrieved from /home/beau/airflow/py_env/lib/python3.10/site-packages/airflow/example_dags/tutorial_dag.py
[2023-09-23T09:26:13.281-0400] {logging_mixin.py:151} INFO - [2023-09-23T09:26:13.281-0400] {dag.py:2915} INFO - Sync 1 DAGs
[2023-09-23T09:26:13.293-0400] {logging_mixin.py:151} INFO - [2023-09-23T09:26:13.293-0400] {dag.py:3696} INFO - Setting next_dagrun for tutorial_dag to None, run_after=None
[2023-09-23T09:26:13.315-0400] {processor.py:179} INFO - Processing /home/beau/airflow/py_env/lib/python3.10/site-packages/airflow/example_dags/tutorial_dag.py took 0.064 seconds
[2023-09-23T09:30:52.775-0400] {processor.py:157} INFO - Started process (PID=22438) to work on /home/beau/airflow/py_env/lib/python3.10/site-packages/airflow/example_dags/tutorial_dag.py
[2023-09-23T09:30:52.779-0400] {processor.py:829} INFO - Processing file /home/beau/airflow/py_env/lib/python3.10/site-packages/airflow/example_dags/tutorial_dag.py for tasks to queue
[2023-09-23T09:30:52.780-0400] {logging_mixin.py:151} INFO - [2023-09-23T09:30:52.780-0400] {dagbag.py:539} INFO - Filling up the DagBag from /home/beau/airflow/py_env/lib/python3.10/site-packages/airflow/example_dags/tutorial_dag.py
[2023-09-23T09:30:52.787-0400] {processor.py:839} INFO - DAG(s) dict_keys(['tutorial_dag']) retrieved from /home/beau/airflow/py_env/lib/python3.10/site-packages/airflow/example_dags/tutorial_dag.py
[2023-09-23T09:30:52.799-0400] {logging_mixin.py:151} INFO - [2023-09-23T09:30:52.799-0400] {dag.py:2915} INFO - Sync 1 DAGs
[2023-09-23T09:30:52.814-0400] {logging_mixin.py:151} INFO - [2023-09-23T09:30:52.814-0400] {dag.py:3696} INFO - Setting next_dagrun for tutorial_dag to None, run_after=None
[2023-09-23T09:30:52.842-0400] {processor.py:179} INFO - Processing /home/beau/airflow/py_env/lib/python3.10/site-packages/airflow/example_dags/tutorial_dag.py took 0.072 seconds
[2023-09-23T09:36:53.979-0400] {processor.py:157} INFO - Started process (PID=1048) to work on /home/beau/airflow/py_env/lib/python3.10/site-packages/airflow/example_dags/tutorial_dag.py
[2023-09-23T09:36:53.983-0400] {processor.py:829} INFO - Processing file /home/beau/airflow/py_env/lib/python3.10/site-packages/airflow/example_dags/tutorial_dag.py for tasks to queue
[2023-09-23T09:36:53.984-0400] {logging_mixin.py:151} INFO - [2023-09-23T09:36:53.984-0400] {dagbag.py:539} INFO - Filling up the DagBag from /home/beau/airflow/py_env/lib/python3.10/site-packages/airflow/example_dags/tutorial_dag.py
[2023-09-23T09:36:53.989-0400] {processor.py:839} INFO - DAG(s) dict_keys(['tutorial_dag']) retrieved from /home/beau/airflow/py_env/lib/python3.10/site-packages/airflow/example_dags/tutorial_dag.py
[2023-09-23T09:36:53.996-0400] {logging_mixin.py:151} INFO - [2023-09-23T09:36:53.996-0400] {dag.py:2915} INFO - Sync 1 DAGs
[2023-09-23T09:36:54.005-0400] {logging_mixin.py:151} INFO - [2023-09-23T09:36:54.005-0400] {dag.py:3696} INFO - Setting next_dagrun for tutorial_dag to None, run_after=None
[2023-09-23T09:36:54.028-0400] {processor.py:179} INFO - Processing /home/beau/airflow/py_env/lib/python3.10/site-packages/airflow/example_dags/tutorial_dag.py took 0.052 seconds
[2023-09-23T09:37:39.327-0400] {processor.py:157} INFO - Started process (PID=1655) to work on /home/beau/airflow/py_env/lib/python3.10/site-packages/airflow/example_dags/tutorial_dag.py
[2023-09-23T09:37:39.331-0400] {processor.py:829} INFO - Processing file /home/beau/airflow/py_env/lib/python3.10/site-packages/airflow/example_dags/tutorial_dag.py for tasks to queue
[2023-09-23T09:37:39.332-0400] {logging_mixin.py:151} INFO - [2023-09-23T09:37:39.332-0400] {dagbag.py:539} INFO - Filling up the DagBag from /home/beau/airflow/py_env/lib/python3.10/site-packages/airflow/example_dags/tutorial_dag.py
[2023-09-23T09:37:39.340-0400] {processor.py:839} INFO - DAG(s) dict_keys(['tutorial_dag']) retrieved from /home/beau/airflow/py_env/lib/python3.10/site-packages/airflow/example_dags/tutorial_dag.py
[2023-09-23T09:37:39.365-0400] {logging_mixin.py:151} INFO - [2023-09-23T09:37:39.365-0400] {dag.py:2915} INFO - Sync 1 DAGs
[2023-09-23T09:37:39.382-0400] {logging_mixin.py:151} INFO - [2023-09-23T09:37:39.382-0400] {dag.py:3696} INFO - Setting next_dagrun for tutorial_dag to None, run_after=None
[2023-09-23T09:37:39.411-0400] {processor.py:179} INFO - Processing /home/beau/airflow/py_env/lib/python3.10/site-packages/airflow/example_dags/tutorial_dag.py took 0.089 seconds
[2023-09-23T09:38:25.776-0400] {processor.py:157} INFO - Started process (PID=2206) to work on /home/beau/airflow/py_env/lib/python3.10/site-packages/airflow/example_dags/tutorial_dag.py
[2023-09-23T09:38:25.779-0400] {processor.py:829} INFO - Processing file /home/beau/airflow/py_env/lib/python3.10/site-packages/airflow/example_dags/tutorial_dag.py for tasks to queue
[2023-09-23T09:38:25.781-0400] {logging_mixin.py:151} INFO - [2023-09-23T09:38:25.780-0400] {dagbag.py:539} INFO - Filling up the DagBag from /home/beau/airflow/py_env/lib/python3.10/site-packages/airflow/example_dags/tutorial_dag.py
[2023-09-23T09:38:25.791-0400] {processor.py:839} INFO - DAG(s) dict_keys(['tutorial_dag']) retrieved from /home/beau/airflow/py_env/lib/python3.10/site-packages/airflow/example_dags/tutorial_dag.py
[2023-09-23T09:38:25.804-0400] {logging_mixin.py:151} INFO - [2023-09-23T09:38:25.804-0400] {dag.py:2915} INFO - Sync 1 DAGs
[2023-09-23T09:38:25.812-0400] {logging_mixin.py:151} INFO - [2023-09-23T09:38:25.812-0400] {dag.py:3696} INFO - Setting next_dagrun for tutorial_dag to None, run_after=None
[2023-09-23T09:38:25.846-0400] {processor.py:179} INFO - Processing /home/beau/airflow/py_env/lib/python3.10/site-packages/airflow/example_dags/tutorial_dag.py took 0.077 seconds
[2023-09-23T09:39:13.414-0400] {processor.py:157} INFO - Started process (PID=2631) to work on /home/beau/airflow/py_env/lib/python3.10/site-packages/airflow/example_dags/tutorial_dag.py
[2023-09-23T09:39:13.418-0400] {processor.py:829} INFO - Processing file /home/beau/airflow/py_env/lib/python3.10/site-packages/airflow/example_dags/tutorial_dag.py for tasks to queue
[2023-09-23T09:39:13.419-0400] {logging_mixin.py:151} INFO - [2023-09-23T09:39:13.419-0400] {dagbag.py:539} INFO - Filling up the DagBag from /home/beau/airflow/py_env/lib/python3.10/site-packages/airflow/example_dags/tutorial_dag.py
[2023-09-23T09:39:13.426-0400] {processor.py:839} INFO - DAG(s) dict_keys(['tutorial_dag']) retrieved from /home/beau/airflow/py_env/lib/python3.10/site-packages/airflow/example_dags/tutorial_dag.py
[2023-09-23T09:39:13.444-0400] {logging_mixin.py:151} INFO - [2023-09-23T09:39:13.444-0400] {dag.py:2915} INFO - Sync 1 DAGs
[2023-09-23T09:39:13.455-0400] {logging_mixin.py:151} INFO - [2023-09-23T09:39:13.455-0400] {dag.py:3696} INFO - Setting next_dagrun for tutorial_dag to None, run_after=None
[2023-09-23T09:39:13.478-0400] {processor.py:179} INFO - Processing /home/beau/airflow/py_env/lib/python3.10/site-packages/airflow/example_dags/tutorial_dag.py took 0.069 seconds
[2023-09-23T09:40:04.109-0400] {processor.py:157} INFO - Started process (PID=3387) to work on /home/beau/airflow/py_env/lib/python3.10/site-packages/airflow/example_dags/tutorial_dag.py
[2023-09-23T09:40:04.114-0400] {processor.py:829} INFO - Processing file /home/beau/airflow/py_env/lib/python3.10/site-packages/airflow/example_dags/tutorial_dag.py for tasks to queue
[2023-09-23T09:40:04.115-0400] {logging_mixin.py:151} INFO - [2023-09-23T09:40:04.115-0400] {dagbag.py:539} INFO - Filling up the DagBag from /home/beau/airflow/py_env/lib/python3.10/site-packages/airflow/example_dags/tutorial_dag.py
[2023-09-23T09:40:04.124-0400] {processor.py:839} INFO - DAG(s) dict_keys(['tutorial_dag']) retrieved from /home/beau/airflow/py_env/lib/python3.10/site-packages/airflow/example_dags/tutorial_dag.py
[2023-09-23T09:40:04.145-0400] {logging_mixin.py:151} INFO - [2023-09-23T09:40:04.144-0400] {dag.py:2915} INFO - Sync 1 DAGs
[2023-09-23T09:40:04.159-0400] {logging_mixin.py:151} INFO - [2023-09-23T09:40:04.158-0400] {dag.py:3696} INFO - Setting next_dagrun for tutorial_dag to None, run_after=None
[2023-09-23T09:40:04.180-0400] {processor.py:179} INFO - Processing /home/beau/airflow/py_env/lib/python3.10/site-packages/airflow/example_dags/tutorial_dag.py took 0.076 seconds
