[2023-09-23T09:06:09.592-0400] {processor.py:157} INFO - Started process (PID=11222) to work on /home/beau/airflow/py_env/lib/python3.10/site-packages/airflow/example_dags/tutorial.py
[2023-09-23T09:06:09.592-0400] {processor.py:829} INFO - Processing file /home/beau/airflow/py_env/lib/python3.10/site-packages/airflow/example_dags/tutorial.py for tasks to queue
[2023-09-23T09:06:09.593-0400] {logging_mixin.py:151} INFO - [2023-09-23T09:06:09.593-0400] {dagbag.py:539} INFO - Filling up the DagBag from /home/beau/airflow/py_env/lib/python3.10/site-packages/airflow/example_dags/tutorial.py
[2023-09-23T09:06:09.602-0400] {processor.py:839} INFO - DAG(s) dict_keys(['tutorial']) retrieved from /home/beau/airflow/py_env/lib/python3.10/site-packages/airflow/example_dags/tutorial.py
[2023-09-23T09:06:10.173-0400] {logging_mixin.py:151} INFO - [2023-09-23T09:06:10.173-0400] {manager.py:499} INFO - Created Permission View: %s
[2023-09-23T09:06:10.187-0400] {logging_mixin.py:151} INFO - [2023-09-23T09:06:10.187-0400] {manager.py:499} INFO - Created Permission View: %s
[2023-09-23T09:06:10.201-0400] {logging_mixin.py:151} INFO - [2023-09-23T09:06:10.200-0400] {manager.py:499} INFO - Created Permission View: %s
[2023-09-23T09:06:10.201-0400] {logging_mixin.py:151} INFO - [2023-09-23T09:06:10.201-0400] {security.py:708} INFO - Not syncing DAG-level permissions for DAG 'DAG:tutorial' as access control is unset.
[2023-09-23T09:06:10.201-0400] {logging_mixin.py:151} INFO - [2023-09-23T09:06:10.201-0400] {dag.py:2915} INFO - Sync 1 DAGs
[2023-09-23T09:06:10.230-0400] {logging_mixin.py:151} INFO - [2023-09-23T09:06:10.230-0400] {dag.py:2937} INFO - Creating ORM DAG for tutorial
[2023-09-23T09:06:10.251-0400] {logging_mixin.py:151} INFO - [2023-09-23T09:06:10.250-0400] {dag.py:3696} INFO - Setting next_dagrun for tutorial to 2023-09-22T13:06:10.250811+00:00, run_after=2023-09-23T13:06:10.250811+00:00
[2023-09-23T09:06:10.292-0400] {processor.py:179} INFO - Processing /home/beau/airflow/py_env/lib/python3.10/site-packages/airflow/example_dags/tutorial.py took 0.703 seconds
[2023-09-23T09:07:03.237-0400] {processor.py:157} INFO - Started process (PID=11733) to work on /home/beau/airflow/py_env/lib/python3.10/site-packages/airflow/example_dags/tutorial.py
[2023-09-23T09:07:03.241-0400] {processor.py:829} INFO - Processing file /home/beau/airflow/py_env/lib/python3.10/site-packages/airflow/example_dags/tutorial.py for tasks to queue
[2023-09-23T09:07:03.242-0400] {logging_mixin.py:151} INFO - [2023-09-23T09:07:03.241-0400] {dagbag.py:539} INFO - Filling up the DagBag from /home/beau/airflow/py_env/lib/python3.10/site-packages/airflow/example_dags/tutorial.py
[2023-09-23T09:07:03.247-0400] {processor.py:839} INFO - DAG(s) dict_keys(['tutorial']) retrieved from /home/beau/airflow/py_env/lib/python3.10/site-packages/airflow/example_dags/tutorial.py
[2023-09-23T09:07:03.260-0400] {logging_mixin.py:151} INFO - [2023-09-23T09:07:03.260-0400] {dag.py:2915} INFO - Sync 1 DAGs
[2023-09-23T09:07:03.276-0400] {logging_mixin.py:151} INFO - [2023-09-23T09:07:03.275-0400] {dag.py:3696} INFO - Setting next_dagrun for tutorial to 2023-09-22T13:07:03.275825+00:00, run_after=2023-09-23T13:07:03.275825+00:00
[2023-09-23T09:07:03.297-0400] {processor.py:179} INFO - Processing /home/beau/airflow/py_env/lib/python3.10/site-packages/airflow/example_dags/tutorial.py took 0.065 seconds
[2023-09-23T09:07:40.147-0400] {processor.py:157} INFO - Started process (PID=11998) to work on /home/beau/airflow/py_env/lib/python3.10/site-packages/airflow/example_dags/tutorial.py
[2023-09-23T09:07:40.152-0400] {processor.py:829} INFO - Processing file /home/beau/airflow/py_env/lib/python3.10/site-packages/airflow/example_dags/tutorial.py for tasks to queue
[2023-09-23T09:07:40.154-0400] {logging_mixin.py:151} INFO - [2023-09-23T09:07:40.153-0400] {dagbag.py:539} INFO - Filling up the DagBag from /home/beau/airflow/py_env/lib/python3.10/site-packages/airflow/example_dags/tutorial.py
[2023-09-23T09:07:40.167-0400] {processor.py:839} INFO - DAG(s) dict_keys(['tutorial']) retrieved from /home/beau/airflow/py_env/lib/python3.10/site-packages/airflow/example_dags/tutorial.py
[2023-09-23T09:07:40.180-0400] {logging_mixin.py:151} INFO - [2023-09-23T09:07:40.180-0400] {dag.py:2915} INFO - Sync 1 DAGs
[2023-09-23T09:07:40.195-0400] {logging_mixin.py:151} INFO - [2023-09-23T09:07:40.194-0400] {dag.py:3696} INFO - Setting next_dagrun for tutorial to 2023-09-22T13:07:40.194731+00:00, run_after=2023-09-23T13:07:40.194731+00:00
[2023-09-23T09:07:40.215-0400] {processor.py:179} INFO - Processing /home/beau/airflow/py_env/lib/python3.10/site-packages/airflow/example_dags/tutorial.py took 0.074 seconds
[2023-09-23T09:08:15.817-0400] {processor.py:157} INFO - Started process (PID=12197) to work on /home/beau/airflow/py_env/lib/python3.10/site-packages/airflow/example_dags/tutorial.py
[2023-09-23T09:08:15.819-0400] {processor.py:829} INFO - Processing file /home/beau/airflow/py_env/lib/python3.10/site-packages/airflow/example_dags/tutorial.py for tasks to queue
[2023-09-23T09:08:15.820-0400] {logging_mixin.py:151} INFO - [2023-09-23T09:08:15.820-0400] {dagbag.py:539} INFO - Filling up the DagBag from /home/beau/airflow/py_env/lib/python3.10/site-packages/airflow/example_dags/tutorial.py
[2023-09-23T09:08:15.829-0400] {processor.py:839} INFO - DAG(s) dict_keys(['tutorial']) retrieved from /home/beau/airflow/py_env/lib/python3.10/site-packages/airflow/example_dags/tutorial.py
[2023-09-23T09:08:15.847-0400] {logging_mixin.py:151} INFO - [2023-09-23T09:08:15.847-0400] {dag.py:2915} INFO - Sync 1 DAGs
[2023-09-23T09:08:15.864-0400] {logging_mixin.py:151} INFO - [2023-09-23T09:08:15.864-0400] {dag.py:3696} INFO - Setting next_dagrun for tutorial to 2023-09-22T13:08:15.864444+00:00, run_after=2023-09-23T13:08:15.864444+00:00
[2023-09-23T09:08:15.886-0400] {processor.py:179} INFO - Processing /home/beau/airflow/py_env/lib/python3.10/site-packages/airflow/example_dags/tutorial.py took 0.073 seconds
[2023-09-23T09:08:49.135-0400] {processor.py:157} INFO - Started process (PID=12514) to work on /home/beau/airflow/py_env/lib/python3.10/site-packages/airflow/example_dags/tutorial.py
[2023-09-23T09:08:49.138-0400] {processor.py:829} INFO - Processing file /home/beau/airflow/py_env/lib/python3.10/site-packages/airflow/example_dags/tutorial.py for tasks to queue
[2023-09-23T09:08:49.139-0400] {logging_mixin.py:151} INFO - [2023-09-23T09:08:49.138-0400] {dagbag.py:539} INFO - Filling up the DagBag from /home/beau/airflow/py_env/lib/python3.10/site-packages/airflow/example_dags/tutorial.py
[2023-09-23T09:08:49.147-0400] {processor.py:839} INFO - DAG(s) dict_keys(['tutorial']) retrieved from /home/beau/airflow/py_env/lib/python3.10/site-packages/airflow/example_dags/tutorial.py
[2023-09-23T09:08:49.171-0400] {logging_mixin.py:151} INFO - [2023-09-23T09:08:49.171-0400] {dag.py:2915} INFO - Sync 1 DAGs
[2023-09-23T09:08:49.235-0400] {logging_mixin.py:151} INFO - [2023-09-23T09:08:49.235-0400] {dag.py:3696} INFO - Setting next_dagrun for tutorial to 2023-09-22T13:08:49.234849+00:00, run_after=2023-09-23T13:08:49.234849+00:00
[2023-09-23T09:08:49.282-0400] {processor.py:179} INFO - Processing /home/beau/airflow/py_env/lib/python3.10/site-packages/airflow/example_dags/tutorial.py took 0.153 seconds
[2023-09-23T09:09:22.549-0400] {processor.py:157} INFO - Started process (PID=12758) to work on /home/beau/airflow/py_env/lib/python3.10/site-packages/airflow/example_dags/tutorial.py
[2023-09-23T09:09:22.553-0400] {processor.py:829} INFO - Processing file /home/beau/airflow/py_env/lib/python3.10/site-packages/airflow/example_dags/tutorial.py for tasks to queue
[2023-09-23T09:09:22.555-0400] {logging_mixin.py:151} INFO - [2023-09-23T09:09:22.554-0400] {dagbag.py:539} INFO - Filling up the DagBag from /home/beau/airflow/py_env/lib/python3.10/site-packages/airflow/example_dags/tutorial.py
[2023-09-23T09:09:22.563-0400] {processor.py:839} INFO - DAG(s) dict_keys(['tutorial']) retrieved from /home/beau/airflow/py_env/lib/python3.10/site-packages/airflow/example_dags/tutorial.py
[2023-09-23T09:09:22.578-0400] {logging_mixin.py:151} INFO - [2023-09-23T09:09:22.577-0400] {dag.py:2915} INFO - Sync 1 DAGs
[2023-09-23T09:09:22.594-0400] {logging_mixin.py:151} INFO - [2023-09-23T09:09:22.594-0400] {dag.py:3696} INFO - Setting next_dagrun for tutorial to 2023-09-22T13:09:22.594113+00:00, run_after=2023-09-23T13:09:22.594113+00:00
[2023-09-23T09:09:22.619-0400] {processor.py:179} INFO - Processing /home/beau/airflow/py_env/lib/python3.10/site-packages/airflow/example_dags/tutorial.py took 0.075 seconds
[2023-09-23T09:10:07.953-0400] {processor.py:157} INFO - Started process (PID=12996) to work on /home/beau/airflow/py_env/lib/python3.10/site-packages/airflow/example_dags/tutorial.py
[2023-09-23T09:10:07.955-0400] {processor.py:829} INFO - Processing file /home/beau/airflow/py_env/lib/python3.10/site-packages/airflow/example_dags/tutorial.py for tasks to queue
[2023-09-23T09:10:07.956-0400] {logging_mixin.py:151} INFO - [2023-09-23T09:10:07.956-0400] {dagbag.py:539} INFO - Filling up the DagBag from /home/beau/airflow/py_env/lib/python3.10/site-packages/airflow/example_dags/tutorial.py
[2023-09-23T09:10:07.965-0400] {processor.py:839} INFO - DAG(s) dict_keys(['tutorial']) retrieved from /home/beau/airflow/py_env/lib/python3.10/site-packages/airflow/example_dags/tutorial.py
[2023-09-23T09:10:07.981-0400] {logging_mixin.py:151} INFO - [2023-09-23T09:10:07.981-0400] {dag.py:2915} INFO - Sync 1 DAGs
[2023-09-23T09:10:08.000-0400] {logging_mixin.py:151} INFO - [2023-09-23T09:10:07.999-0400] {dag.py:3696} INFO - Setting next_dagrun for tutorial to 2023-09-22T13:10:07.999731+00:00, run_after=2023-09-23T13:10:07.999731+00:00
[2023-09-23T09:10:08.028-0400] {processor.py:179} INFO - Processing /home/beau/airflow/py_env/lib/python3.10/site-packages/airflow/example_dags/tutorial.py took 0.078 seconds
[2023-09-23T09:10:40.141-0400] {processor.py:157} INFO - Started process (PID=13118) to work on /home/beau/airflow/py_env/lib/python3.10/site-packages/airflow/example_dags/tutorial.py
[2023-09-23T09:10:40.144-0400] {processor.py:829} INFO - Processing file /home/beau/airflow/py_env/lib/python3.10/site-packages/airflow/example_dags/tutorial.py for tasks to queue
[2023-09-23T09:10:40.145-0400] {logging_mixin.py:151} INFO - [2023-09-23T09:10:40.145-0400] {dagbag.py:539} INFO - Filling up the DagBag from /home/beau/airflow/py_env/lib/python3.10/site-packages/airflow/example_dags/tutorial.py
[2023-09-23T09:10:40.158-0400] {processor.py:839} INFO - DAG(s) dict_keys(['tutorial']) retrieved from /home/beau/airflow/py_env/lib/python3.10/site-packages/airflow/example_dags/tutorial.py
[2023-09-23T09:10:40.171-0400] {logging_mixin.py:151} INFO - [2023-09-23T09:10:40.171-0400] {dag.py:2915} INFO - Sync 1 DAGs
[2023-09-23T09:10:40.187-0400] {logging_mixin.py:151} INFO - [2023-09-23T09:10:40.187-0400] {dag.py:3696} INFO - Setting next_dagrun for tutorial to 2023-09-22T13:10:40.186935+00:00, run_after=2023-09-23T13:10:40.186935+00:00
[2023-09-23T09:10:40.211-0400] {processor.py:179} INFO - Processing /home/beau/airflow/py_env/lib/python3.10/site-packages/airflow/example_dags/tutorial.py took 0.078 seconds
[2023-09-23T09:11:13.815-0400] {processor.py:157} INFO - Started process (PID=13521) to work on /home/beau/airflow/py_env/lib/python3.10/site-packages/airflow/example_dags/tutorial.py
[2023-09-23T09:11:13.820-0400] {processor.py:829} INFO - Processing file /home/beau/airflow/py_env/lib/python3.10/site-packages/airflow/example_dags/tutorial.py for tasks to queue
[2023-09-23T09:11:13.822-0400] {logging_mixin.py:151} INFO - [2023-09-23T09:11:13.821-0400] {dagbag.py:539} INFO - Filling up the DagBag from /home/beau/airflow/py_env/lib/python3.10/site-packages/airflow/example_dags/tutorial.py
[2023-09-23T09:11:13.831-0400] {processor.py:839} INFO - DAG(s) dict_keys(['tutorial']) retrieved from /home/beau/airflow/py_env/lib/python3.10/site-packages/airflow/example_dags/tutorial.py
[2023-09-23T09:11:13.849-0400] {logging_mixin.py:151} INFO - [2023-09-23T09:11:13.849-0400] {dag.py:2915} INFO - Sync 1 DAGs
[2023-09-23T09:11:13.868-0400] {logging_mixin.py:151} INFO - [2023-09-23T09:11:13.868-0400] {dag.py:3696} INFO - Setting next_dagrun for tutorial to 2023-09-22T13:11:13.868567+00:00, run_after=2023-09-23T13:11:13.868567+00:00
[2023-09-23T09:11:13.890-0400] {processor.py:179} INFO - Processing /home/beau/airflow/py_env/lib/python3.10/site-packages/airflow/example_dags/tutorial.py took 0.081 seconds
[2023-09-23T09:11:46.199-0400] {processor.py:157} INFO - Started process (PID=13727) to work on /home/beau/airflow/py_env/lib/python3.10/site-packages/airflow/example_dags/tutorial.py
[2023-09-23T09:11:46.201-0400] {processor.py:829} INFO - Processing file /home/beau/airflow/py_env/lib/python3.10/site-packages/airflow/example_dags/tutorial.py for tasks to queue
[2023-09-23T09:11:46.203-0400] {logging_mixin.py:151} INFO - [2023-09-23T09:11:46.202-0400] {dagbag.py:539} INFO - Filling up the DagBag from /home/beau/airflow/py_env/lib/python3.10/site-packages/airflow/example_dags/tutorial.py
[2023-09-23T09:11:46.214-0400] {processor.py:839} INFO - DAG(s) dict_keys(['tutorial']) retrieved from /home/beau/airflow/py_env/lib/python3.10/site-packages/airflow/example_dags/tutorial.py
[2023-09-23T09:11:46.232-0400] {logging_mixin.py:151} INFO - [2023-09-23T09:11:46.232-0400] {dag.py:2915} INFO - Sync 1 DAGs
[2023-09-23T09:11:46.246-0400] {logging_mixin.py:151} INFO - [2023-09-23T09:11:46.246-0400] {dag.py:3696} INFO - Setting next_dagrun for tutorial to 2023-09-22T13:11:46.246581+00:00, run_after=2023-09-23T13:11:46.246581+00:00
[2023-09-23T09:11:46.272-0400] {processor.py:179} INFO - Processing /home/beau/airflow/py_env/lib/python3.10/site-packages/airflow/example_dags/tutorial.py took 0.079 seconds
[2023-09-23T09:12:19.347-0400] {processor.py:157} INFO - Started process (PID=13945) to work on /home/beau/airflow/py_env/lib/python3.10/site-packages/airflow/example_dags/tutorial.py
[2023-09-23T09:12:19.349-0400] {processor.py:829} INFO - Processing file /home/beau/airflow/py_env/lib/python3.10/site-packages/airflow/example_dags/tutorial.py for tasks to queue
[2023-09-23T09:12:19.350-0400] {logging_mixin.py:151} INFO - [2023-09-23T09:12:19.350-0400] {dagbag.py:539} INFO - Filling up the DagBag from /home/beau/airflow/py_env/lib/python3.10/site-packages/airflow/example_dags/tutorial.py
[2023-09-23T09:12:19.357-0400] {processor.py:839} INFO - DAG(s) dict_keys(['tutorial']) retrieved from /home/beau/airflow/py_env/lib/python3.10/site-packages/airflow/example_dags/tutorial.py
[2023-09-23T09:12:19.374-0400] {logging_mixin.py:151} INFO - [2023-09-23T09:12:19.374-0400] {dag.py:2915} INFO - Sync 1 DAGs
[2023-09-23T09:12:19.390-0400] {logging_mixin.py:151} INFO - [2023-09-23T09:12:19.390-0400] {dag.py:3696} INFO - Setting next_dagrun for tutorial to 2023-09-22T13:12:19.390003+00:00, run_after=2023-09-23T13:12:19.390003+00:00
[2023-09-23T09:12:19.420-0400] {processor.py:179} INFO - Processing /home/beau/airflow/py_env/lib/python3.10/site-packages/airflow/example_dags/tutorial.py took 0.077 seconds
[2023-09-23T09:12:52.268-0400] {processor.py:157} INFO - Started process (PID=14225) to work on /home/beau/airflow/py_env/lib/python3.10/site-packages/airflow/example_dags/tutorial.py
[2023-09-23T09:12:52.274-0400] {processor.py:829} INFO - Processing file /home/beau/airflow/py_env/lib/python3.10/site-packages/airflow/example_dags/tutorial.py for tasks to queue
[2023-09-23T09:12:52.277-0400] {logging_mixin.py:151} INFO - [2023-09-23T09:12:52.276-0400] {dagbag.py:539} INFO - Filling up the DagBag from /home/beau/airflow/py_env/lib/python3.10/site-packages/airflow/example_dags/tutorial.py
[2023-09-23T09:12:52.292-0400] {processor.py:839} INFO - DAG(s) dict_keys(['tutorial']) retrieved from /home/beau/airflow/py_env/lib/python3.10/site-packages/airflow/example_dags/tutorial.py
[2023-09-23T09:12:52.314-0400] {logging_mixin.py:151} INFO - [2023-09-23T09:12:52.314-0400] {dag.py:2915} INFO - Sync 1 DAGs
[2023-09-23T09:12:52.328-0400] {logging_mixin.py:151} INFO - [2023-09-23T09:12:52.328-0400] {dag.py:3696} INFO - Setting next_dagrun for tutorial to 2023-09-22T13:12:52.328437+00:00, run_after=2023-09-23T13:12:52.328437+00:00
[2023-09-23T09:12:52.363-0400] {processor.py:179} INFO - Processing /home/beau/airflow/py_env/lib/python3.10/site-packages/airflow/example_dags/tutorial.py took 0.105 seconds
[2023-09-23T09:13:24.722-0400] {processor.py:157} INFO - Started process (PID=14637) to work on /home/beau/airflow/py_env/lib/python3.10/site-packages/airflow/example_dags/tutorial.py
[2023-09-23T09:13:24.723-0400] {processor.py:829} INFO - Processing file /home/beau/airflow/py_env/lib/python3.10/site-packages/airflow/example_dags/tutorial.py for tasks to queue
[2023-09-23T09:13:24.724-0400] {logging_mixin.py:151} INFO - [2023-09-23T09:13:24.724-0400] {dagbag.py:539} INFO - Filling up the DagBag from /home/beau/airflow/py_env/lib/python3.10/site-packages/airflow/example_dags/tutorial.py
[2023-09-23T09:13:24.733-0400] {processor.py:839} INFO - DAG(s) dict_keys(['tutorial']) retrieved from /home/beau/airflow/py_env/lib/python3.10/site-packages/airflow/example_dags/tutorial.py
[2023-09-23T09:13:24.758-0400] {logging_mixin.py:151} INFO - [2023-09-23T09:13:24.757-0400] {dag.py:2915} INFO - Sync 1 DAGs
[2023-09-23T09:13:24.788-0400] {logging_mixin.py:151} INFO - [2023-09-23T09:13:24.787-0400] {dag.py:3696} INFO - Setting next_dagrun for tutorial to 2023-09-22T13:13:24.787511+00:00, run_after=2023-09-23T13:13:24.787511+00:00
[2023-09-23T09:13:24.832-0400] {processor.py:179} INFO - Processing /home/beau/airflow/py_env/lib/python3.10/site-packages/airflow/example_dags/tutorial.py took 0.116 seconds
[2023-09-23T09:13:58.462-0400] {processor.py:157} INFO - Started process (PID=14892) to work on /home/beau/airflow/py_env/lib/python3.10/site-packages/airflow/example_dags/tutorial.py
[2023-09-23T09:13:58.464-0400] {processor.py:829} INFO - Processing file /home/beau/airflow/py_env/lib/python3.10/site-packages/airflow/example_dags/tutorial.py for tasks to queue
[2023-09-23T09:13:58.466-0400] {logging_mixin.py:151} INFO - [2023-09-23T09:13:58.465-0400] {dagbag.py:539} INFO - Filling up the DagBag from /home/beau/airflow/py_env/lib/python3.10/site-packages/airflow/example_dags/tutorial.py
[2023-09-23T09:13:58.477-0400] {processor.py:839} INFO - DAG(s) dict_keys(['tutorial']) retrieved from /home/beau/airflow/py_env/lib/python3.10/site-packages/airflow/example_dags/tutorial.py
[2023-09-23T09:13:58.494-0400] {logging_mixin.py:151} INFO - [2023-09-23T09:13:58.493-0400] {dag.py:2915} INFO - Sync 1 DAGs
[2023-09-23T09:13:58.512-0400] {logging_mixin.py:151} INFO - [2023-09-23T09:13:58.512-0400] {dag.py:3696} INFO - Setting next_dagrun for tutorial to 2023-09-22T13:13:58.511813+00:00, run_after=2023-09-23T13:13:58.511813+00:00
[2023-09-23T09:13:58.536-0400] {processor.py:179} INFO - Processing /home/beau/airflow/py_env/lib/python3.10/site-packages/airflow/example_dags/tutorial.py took 0.079 seconds
[2023-09-23T09:14:46.353-0400] {processor.py:157} INFO - Started process (PID=15264) to work on /home/beau/airflow/py_env/lib/python3.10/site-packages/airflow/example_dags/tutorial.py
[2023-09-23T09:14:46.357-0400] {processor.py:829} INFO - Processing file /home/beau/airflow/py_env/lib/python3.10/site-packages/airflow/example_dags/tutorial.py for tasks to queue
[2023-09-23T09:14:46.358-0400] {logging_mixin.py:151} INFO - [2023-09-23T09:14:46.358-0400] {dagbag.py:539} INFO - Filling up the DagBag from /home/beau/airflow/py_env/lib/python3.10/site-packages/airflow/example_dags/tutorial.py
[2023-09-23T09:14:46.368-0400] {processor.py:839} INFO - DAG(s) dict_keys(['tutorial']) retrieved from /home/beau/airflow/py_env/lib/python3.10/site-packages/airflow/example_dags/tutorial.py
[2023-09-23T09:14:46.385-0400] {logging_mixin.py:151} INFO - [2023-09-23T09:14:46.385-0400] {dag.py:2915} INFO - Sync 1 DAGs
[2023-09-23T09:14:46.399-0400] {logging_mixin.py:151} INFO - [2023-09-23T09:14:46.399-0400] {dag.py:3696} INFO - Setting next_dagrun for tutorial to 2023-09-22T13:14:46.399575+00:00, run_after=2023-09-23T13:14:46.399575+00:00
[2023-09-23T09:14:46.422-0400] {processor.py:179} INFO - Processing /home/beau/airflow/py_env/lib/python3.10/site-packages/airflow/example_dags/tutorial.py took 0.073 seconds
[2023-09-23T09:15:21.305-0400] {processor.py:157} INFO - Started process (PID=15461) to work on /home/beau/airflow/py_env/lib/python3.10/site-packages/airflow/example_dags/tutorial.py
[2023-09-23T09:15:21.307-0400] {processor.py:829} INFO - Processing file /home/beau/airflow/py_env/lib/python3.10/site-packages/airflow/example_dags/tutorial.py for tasks to queue
[2023-09-23T09:15:21.308-0400] {logging_mixin.py:151} INFO - [2023-09-23T09:15:21.308-0400] {dagbag.py:539} INFO - Filling up the DagBag from /home/beau/airflow/py_env/lib/python3.10/site-packages/airflow/example_dags/tutorial.py
[2023-09-23T09:15:21.318-0400] {processor.py:839} INFO - DAG(s) dict_keys(['tutorial']) retrieved from /home/beau/airflow/py_env/lib/python3.10/site-packages/airflow/example_dags/tutorial.py
[2023-09-23T09:15:21.340-0400] {logging_mixin.py:151} INFO - [2023-09-23T09:15:21.340-0400] {dag.py:2915} INFO - Sync 1 DAGs
[2023-09-23T09:15:21.364-0400] {logging_mixin.py:151} INFO - [2023-09-23T09:15:21.364-0400] {dag.py:3696} INFO - Setting next_dagrun for tutorial to 2023-09-22T13:15:21.363905+00:00, run_after=2023-09-23T13:15:21.363905+00:00
[2023-09-23T09:15:21.393-0400] {processor.py:179} INFO - Processing /home/beau/airflow/py_env/lib/python3.10/site-packages/airflow/example_dags/tutorial.py took 0.091 seconds
[2023-09-23T09:17:15.859-0400] {processor.py:157} INFO - Started process (PID=16696) to work on /home/beau/airflow/py_env/lib/python3.10/site-packages/airflow/example_dags/tutorial.py
[2023-09-23T09:17:15.863-0400] {processor.py:829} INFO - Processing file /home/beau/airflow/py_env/lib/python3.10/site-packages/airflow/example_dags/tutorial.py for tasks to queue
[2023-09-23T09:17:15.865-0400] {logging_mixin.py:151} INFO - [2023-09-23T09:17:15.864-0400] {dagbag.py:539} INFO - Filling up the DagBag from /home/beau/airflow/py_env/lib/python3.10/site-packages/airflow/example_dags/tutorial.py
[2023-09-23T09:17:15.882-0400] {processor.py:839} INFO - DAG(s) dict_keys(['tutorial']) retrieved from /home/beau/airflow/py_env/lib/python3.10/site-packages/airflow/example_dags/tutorial.py
[2023-09-23T09:17:15.894-0400] {logging_mixin.py:151} INFO - [2023-09-23T09:17:15.894-0400] {dag.py:2915} INFO - Sync 1 DAGs
[2023-09-23T09:17:15.913-0400] {logging_mixin.py:151} INFO - [2023-09-23T09:17:15.912-0400] {dag.py:3696} INFO - Setting next_dagrun for tutorial to 2023-09-22T13:17:15.912638+00:00, run_after=2023-09-23T13:17:15.912638+00:00
[2023-09-23T09:17:15.936-0400] {processor.py:179} INFO - Processing /home/beau/airflow/py_env/lib/python3.10/site-packages/airflow/example_dags/tutorial.py took 0.087 seconds
[2023-09-23T09:18:02.281-0400] {processor.py:157} INFO - Started process (PID=16961) to work on /home/beau/airflow/py_env/lib/python3.10/site-packages/airflow/example_dags/tutorial.py
[2023-09-23T09:18:02.285-0400] {processor.py:829} INFO - Processing file /home/beau/airflow/py_env/lib/python3.10/site-packages/airflow/example_dags/tutorial.py for tasks to queue
[2023-09-23T09:18:02.287-0400] {logging_mixin.py:151} INFO - [2023-09-23T09:18:02.286-0400] {dagbag.py:539} INFO - Filling up the DagBag from /home/beau/airflow/py_env/lib/python3.10/site-packages/airflow/example_dags/tutorial.py
[2023-09-23T09:18:02.303-0400] {processor.py:839} INFO - DAG(s) dict_keys(['tutorial']) retrieved from /home/beau/airflow/py_env/lib/python3.10/site-packages/airflow/example_dags/tutorial.py
[2023-09-23T09:18:02.327-0400] {logging_mixin.py:151} INFO - [2023-09-23T09:18:02.327-0400] {dag.py:2915} INFO - Sync 1 DAGs
[2023-09-23T09:18:02.350-0400] {logging_mixin.py:151} INFO - [2023-09-23T09:18:02.350-0400] {dag.py:3696} INFO - Setting next_dagrun for tutorial to 2023-09-22T13:18:02.350268+00:00, run_after=2023-09-23T13:18:02.350268+00:00
[2023-09-23T09:18:02.377-0400] {processor.py:179} INFO - Processing /home/beau/airflow/py_env/lib/python3.10/site-packages/airflow/example_dags/tutorial.py took 0.105 seconds
[2023-09-23T09:18:38.366-0400] {processor.py:157} INFO - Started process (PID=17188) to work on /home/beau/airflow/py_env/lib/python3.10/site-packages/airflow/example_dags/tutorial.py
[2023-09-23T09:18:38.369-0400] {processor.py:829} INFO - Processing file /home/beau/airflow/py_env/lib/python3.10/site-packages/airflow/example_dags/tutorial.py for tasks to queue
[2023-09-23T09:18:38.371-0400] {logging_mixin.py:151} INFO - [2023-09-23T09:18:38.370-0400] {dagbag.py:539} INFO - Filling up the DagBag from /home/beau/airflow/py_env/lib/python3.10/site-packages/airflow/example_dags/tutorial.py
[2023-09-23T09:18:38.381-0400] {processor.py:839} INFO - DAG(s) dict_keys(['tutorial']) retrieved from /home/beau/airflow/py_env/lib/python3.10/site-packages/airflow/example_dags/tutorial.py
[2023-09-23T09:18:38.399-0400] {logging_mixin.py:151} INFO - [2023-09-23T09:18:38.399-0400] {dag.py:2915} INFO - Sync 1 DAGs
[2023-09-23T09:18:38.420-0400] {logging_mixin.py:151} INFO - [2023-09-23T09:18:38.419-0400] {dag.py:3696} INFO - Setting next_dagrun for tutorial to 2023-09-22T13:18:38.419628+00:00, run_after=2023-09-23T13:18:38.419628+00:00
[2023-09-23T09:18:38.444-0400] {processor.py:179} INFO - Processing /home/beau/airflow/py_env/lib/python3.10/site-packages/airflow/example_dags/tutorial.py took 0.084 seconds
[2023-09-23T09:19:25.442-0400] {processor.py:157} INFO - Started process (PID=17455) to work on /home/beau/airflow/py_env/lib/python3.10/site-packages/airflow/example_dags/tutorial.py
[2023-09-23T09:19:25.447-0400] {processor.py:829} INFO - Processing file /home/beau/airflow/py_env/lib/python3.10/site-packages/airflow/example_dags/tutorial.py for tasks to queue
[2023-09-23T09:19:25.448-0400] {logging_mixin.py:151} INFO - [2023-09-23T09:19:25.448-0400] {dagbag.py:539} INFO - Filling up the DagBag from /home/beau/airflow/py_env/lib/python3.10/site-packages/airflow/example_dags/tutorial.py
[2023-09-23T09:19:25.460-0400] {processor.py:839} INFO - DAG(s) dict_keys(['tutorial']) retrieved from /home/beau/airflow/py_env/lib/python3.10/site-packages/airflow/example_dags/tutorial.py
[2023-09-23T09:19:25.477-0400] {logging_mixin.py:151} INFO - [2023-09-23T09:19:25.477-0400] {dag.py:2915} INFO - Sync 1 DAGs
[2023-09-23T09:19:25.494-0400] {logging_mixin.py:151} INFO - [2023-09-23T09:19:25.493-0400] {dag.py:3696} INFO - Setting next_dagrun for tutorial to 2023-09-22T13:19:25.493379+00:00, run_after=2023-09-23T13:19:25.493379+00:00
[2023-09-23T09:19:25.520-0400] {processor.py:179} INFO - Processing /home/beau/airflow/py_env/lib/python3.10/site-packages/airflow/example_dags/tutorial.py took 0.083 seconds
[2023-09-23T09:20:03.820-0400] {processor.py:157} INFO - Started process (PID=17600) to work on /home/beau/airflow/py_env/lib/python3.10/site-packages/airflow/example_dags/tutorial.py
[2023-09-23T09:20:03.824-0400] {processor.py:829} INFO - Processing file /home/beau/airflow/py_env/lib/python3.10/site-packages/airflow/example_dags/tutorial.py for tasks to queue
[2023-09-23T09:20:03.825-0400] {logging_mixin.py:151} INFO - [2023-09-23T09:20:03.825-0400] {dagbag.py:539} INFO - Filling up the DagBag from /home/beau/airflow/py_env/lib/python3.10/site-packages/airflow/example_dags/tutorial.py
[2023-09-23T09:20:03.835-0400] {processor.py:839} INFO - DAG(s) dict_keys(['tutorial']) retrieved from /home/beau/airflow/py_env/lib/python3.10/site-packages/airflow/example_dags/tutorial.py
[2023-09-23T09:20:03.851-0400] {logging_mixin.py:151} INFO - [2023-09-23T09:20:03.851-0400] {dag.py:2915} INFO - Sync 1 DAGs
[2023-09-23T09:20:03.869-0400] {logging_mixin.py:151} INFO - [2023-09-23T09:20:03.869-0400] {dag.py:3696} INFO - Setting next_dagrun for tutorial to 2023-09-22T13:20:03.868836+00:00, run_after=2023-09-23T13:20:03.868836+00:00
[2023-09-23T09:20:03.891-0400] {processor.py:179} INFO - Processing /home/beau/airflow/py_env/lib/python3.10/site-packages/airflow/example_dags/tutorial.py took 0.076 seconds
[2023-09-23T09:20:43.084-0400] {processor.py:157} INFO - Started process (PID=17835) to work on /home/beau/airflow/py_env/lib/python3.10/site-packages/airflow/example_dags/tutorial.py
[2023-09-23T09:20:43.088-0400] {processor.py:829} INFO - Processing file /home/beau/airflow/py_env/lib/python3.10/site-packages/airflow/example_dags/tutorial.py for tasks to queue
[2023-09-23T09:20:43.090-0400] {logging_mixin.py:151} INFO - [2023-09-23T09:20:43.089-0400] {dagbag.py:539} INFO - Filling up the DagBag from /home/beau/airflow/py_env/lib/python3.10/site-packages/airflow/example_dags/tutorial.py
[2023-09-23T09:20:43.103-0400] {processor.py:839} INFO - DAG(s) dict_keys(['tutorial']) retrieved from /home/beau/airflow/py_env/lib/python3.10/site-packages/airflow/example_dags/tutorial.py
[2023-09-23T09:20:43.132-0400] {logging_mixin.py:151} INFO - [2023-09-23T09:20:43.131-0400] {dag.py:2915} INFO - Sync 1 DAGs
[2023-09-23T09:20:43.153-0400] {logging_mixin.py:151} INFO - [2023-09-23T09:20:43.153-0400] {dag.py:3696} INFO - Setting next_dagrun for tutorial to 2023-09-22T13:20:43.153043+00:00, run_after=2023-09-23T13:20:43.153043+00:00
[2023-09-23T09:20:43.178-0400] {processor.py:179} INFO - Processing /home/beau/airflow/py_env/lib/python3.10/site-packages/airflow/example_dags/tutorial.py took 0.103 seconds
[2023-09-23T09:21:23.224-0400] {processor.py:157} INFO - Started process (PID=18069) to work on /home/beau/airflow/py_env/lib/python3.10/site-packages/airflow/example_dags/tutorial.py
[2023-09-23T09:21:23.227-0400] {processor.py:829} INFO - Processing file /home/beau/airflow/py_env/lib/python3.10/site-packages/airflow/example_dags/tutorial.py for tasks to queue
[2023-09-23T09:21:23.229-0400] {logging_mixin.py:151} INFO - [2023-09-23T09:21:23.228-0400] {dagbag.py:539} INFO - Filling up the DagBag from /home/beau/airflow/py_env/lib/python3.10/site-packages/airflow/example_dags/tutorial.py
[2023-09-23T09:21:23.236-0400] {processor.py:839} INFO - DAG(s) dict_keys(['tutorial']) retrieved from /home/beau/airflow/py_env/lib/python3.10/site-packages/airflow/example_dags/tutorial.py
[2023-09-23T09:21:23.255-0400] {logging_mixin.py:151} INFO - [2023-09-23T09:21:23.255-0400] {dag.py:2915} INFO - Sync 1 DAGs
[2023-09-23T09:21:23.276-0400] {logging_mixin.py:151} INFO - [2023-09-23T09:21:23.276-0400] {dag.py:3696} INFO - Setting next_dagrun for tutorial to 2023-09-22T13:21:23.276087+00:00, run_after=2023-09-23T13:21:23.276087+00:00
[2023-09-23T09:21:23.301-0400] {processor.py:179} INFO - Processing /home/beau/airflow/py_env/lib/python3.10/site-packages/airflow/example_dags/tutorial.py took 0.082 seconds
[2023-09-23T09:23:33.913-0400] {processor.py:157} INFO - Started process (PID=19102) to work on /home/beau/airflow/py_env/lib/python3.10/site-packages/airflow/example_dags/tutorial.py
[2023-09-23T09:23:33.917-0400] {processor.py:829} INFO - Processing file /home/beau/airflow/py_env/lib/python3.10/site-packages/airflow/example_dags/tutorial.py for tasks to queue
[2023-09-23T09:23:33.918-0400] {logging_mixin.py:151} INFO - [2023-09-23T09:23:33.918-0400] {dagbag.py:539} INFO - Filling up the DagBag from /home/beau/airflow/py_env/lib/python3.10/site-packages/airflow/example_dags/tutorial.py
[2023-09-23T09:23:33.927-0400] {processor.py:839} INFO - DAG(s) dict_keys(['tutorial']) retrieved from /home/beau/airflow/py_env/lib/python3.10/site-packages/airflow/example_dags/tutorial.py
[2023-09-23T09:23:33.934-0400] {logging_mixin.py:151} INFO - [2023-09-23T09:23:33.934-0400] {dag.py:2915} INFO - Sync 1 DAGs
[2023-09-23T09:23:33.952-0400] {logging_mixin.py:151} INFO - [2023-09-23T09:23:33.952-0400] {dag.py:3696} INFO - Setting next_dagrun for tutorial to 2023-09-22T13:23:33.952045+00:00, run_after=2023-09-23T13:23:33.952045+00:00
[2023-09-23T09:23:33.983-0400] {processor.py:179} INFO - Processing /home/beau/airflow/py_env/lib/python3.10/site-packages/airflow/example_dags/tutorial.py took 0.072 seconds
[2023-09-23T09:24:20.553-0400] {processor.py:157} INFO - Started process (PID=19451) to work on /home/beau/airflow/py_env/lib/python3.10/site-packages/airflow/example_dags/tutorial.py
[2023-09-23T09:24:20.557-0400] {processor.py:829} INFO - Processing file /home/beau/airflow/py_env/lib/python3.10/site-packages/airflow/example_dags/tutorial.py for tasks to queue
[2023-09-23T09:24:20.558-0400] {logging_mixin.py:151} INFO - [2023-09-23T09:24:20.558-0400] {dagbag.py:539} INFO - Filling up the DagBag from /home/beau/airflow/py_env/lib/python3.10/site-packages/airflow/example_dags/tutorial.py
[2023-09-23T09:24:20.565-0400] {processor.py:839} INFO - DAG(s) dict_keys(['tutorial']) retrieved from /home/beau/airflow/py_env/lib/python3.10/site-packages/airflow/example_dags/tutorial.py
[2023-09-23T09:24:20.581-0400] {logging_mixin.py:151} INFO - [2023-09-23T09:24:20.581-0400] {dag.py:2915} INFO - Sync 1 DAGs
[2023-09-23T09:24:20.600-0400] {logging_mixin.py:151} INFO - [2023-09-23T09:24:20.600-0400] {dag.py:3696} INFO - Setting next_dagrun for tutorial to 2023-09-22T13:24:20.600408+00:00, run_after=2023-09-23T13:24:20.600408+00:00
[2023-09-23T09:24:20.626-0400] {processor.py:179} INFO - Processing /home/beau/airflow/py_env/lib/python3.10/site-packages/airflow/example_dags/tutorial.py took 0.077 seconds
[2023-09-23T09:24:56.257-0400] {processor.py:157} INFO - Started process (PID=19696) to work on /home/beau/airflow/py_env/lib/python3.10/site-packages/airflow/example_dags/tutorial.py
[2023-09-23T09:24:56.260-0400] {processor.py:829} INFO - Processing file /home/beau/airflow/py_env/lib/python3.10/site-packages/airflow/example_dags/tutorial.py for tasks to queue
[2023-09-23T09:24:56.261-0400] {logging_mixin.py:151} INFO - [2023-09-23T09:24:56.261-0400] {dagbag.py:539} INFO - Filling up the DagBag from /home/beau/airflow/py_env/lib/python3.10/site-packages/airflow/example_dags/tutorial.py
[2023-09-23T09:24:56.269-0400] {processor.py:839} INFO - DAG(s) dict_keys(['tutorial']) retrieved from /home/beau/airflow/py_env/lib/python3.10/site-packages/airflow/example_dags/tutorial.py
[2023-09-23T09:24:56.283-0400] {logging_mixin.py:151} INFO - [2023-09-23T09:24:56.283-0400] {dag.py:2915} INFO - Sync 1 DAGs
[2023-09-23T09:24:56.303-0400] {logging_mixin.py:151} INFO - [2023-09-23T09:24:56.303-0400] {dag.py:3696} INFO - Setting next_dagrun for tutorial to 2023-09-22T13:24:56.302957+00:00, run_after=2023-09-23T13:24:56.302957+00:00
[2023-09-23T09:24:56.329-0400] {processor.py:179} INFO - Processing /home/beau/airflow/py_env/lib/python3.10/site-packages/airflow/example_dags/tutorial.py took 0.075 seconds
[2023-09-23T09:25:30.244-0400] {processor.py:157} INFO - Started process (PID=19843) to work on /home/beau/airflow/py_env/lib/python3.10/site-packages/airflow/example_dags/tutorial.py
[2023-09-23T09:25:30.248-0400] {processor.py:829} INFO - Processing file /home/beau/airflow/py_env/lib/python3.10/site-packages/airflow/example_dags/tutorial.py for tasks to queue
[2023-09-23T09:25:30.250-0400] {logging_mixin.py:151} INFO - [2023-09-23T09:25:30.249-0400] {dagbag.py:539} INFO - Filling up the DagBag from /home/beau/airflow/py_env/lib/python3.10/site-packages/airflow/example_dags/tutorial.py
[2023-09-23T09:25:30.260-0400] {processor.py:839} INFO - DAG(s) dict_keys(['tutorial']) retrieved from /home/beau/airflow/py_env/lib/python3.10/site-packages/airflow/example_dags/tutorial.py
[2023-09-23T09:25:30.279-0400] {logging_mixin.py:151} INFO - [2023-09-23T09:25:30.279-0400] {dag.py:2915} INFO - Sync 1 DAGs
[2023-09-23T09:25:30.301-0400] {logging_mixin.py:151} INFO - [2023-09-23T09:25:30.301-0400] {dag.py:3696} INFO - Setting next_dagrun for tutorial to 2023-09-22T13:25:30.301398+00:00, run_after=2023-09-23T13:25:30.301398+00:00
[2023-09-23T09:25:30.329-0400] {processor.py:179} INFO - Processing /home/beau/airflow/py_env/lib/python3.10/site-packages/airflow/example_dags/tutorial.py took 0.093 seconds
[2023-09-23T09:26:05.608-0400] {processor.py:157} INFO - Started process (PID=20065) to work on /home/beau/airflow/py_env/lib/python3.10/site-packages/airflow/example_dags/tutorial.py
[2023-09-23T09:26:05.610-0400] {processor.py:829} INFO - Processing file /home/beau/airflow/py_env/lib/python3.10/site-packages/airflow/example_dags/tutorial.py for tasks to queue
[2023-09-23T09:26:05.611-0400] {logging_mixin.py:151} INFO - [2023-09-23T09:26:05.611-0400] {dagbag.py:539} INFO - Filling up the DagBag from /home/beau/airflow/py_env/lib/python3.10/site-packages/airflow/example_dags/tutorial.py
[2023-09-23T09:26:05.618-0400] {processor.py:839} INFO - DAG(s) dict_keys(['tutorial']) retrieved from /home/beau/airflow/py_env/lib/python3.10/site-packages/airflow/example_dags/tutorial.py
[2023-09-23T09:26:05.636-0400] {logging_mixin.py:151} INFO - [2023-09-23T09:26:05.636-0400] {dag.py:2915} INFO - Sync 1 DAGs
[2023-09-23T09:26:05.660-0400] {logging_mixin.py:151} INFO - [2023-09-23T09:26:05.660-0400] {dag.py:3696} INFO - Setting next_dagrun for tutorial to 2023-09-22T13:26:05.659858+00:00, run_after=2023-09-23T13:26:05.659858+00:00
[2023-09-23T09:26:05.690-0400] {processor.py:179} INFO - Processing /home/beau/airflow/py_env/lib/python3.10/site-packages/airflow/example_dags/tutorial.py took 0.087 seconds
[2023-09-23T09:30:39.034-0400] {processor.py:157} INFO - Started process (PID=22264) to work on /home/beau/airflow/py_env/lib/python3.10/site-packages/airflow/example_dags/tutorial.py
[2023-09-23T09:30:39.038-0400] {processor.py:829} INFO - Processing file /home/beau/airflow/py_env/lib/python3.10/site-packages/airflow/example_dags/tutorial.py for tasks to queue
[2023-09-23T09:30:39.039-0400] {logging_mixin.py:151} INFO - [2023-09-23T09:30:39.038-0400] {dagbag.py:539} INFO - Filling up the DagBag from /home/beau/airflow/py_env/lib/python3.10/site-packages/airflow/example_dags/tutorial.py
[2023-09-23T09:30:39.049-0400] {processor.py:839} INFO - DAG(s) dict_keys(['tutorial']) retrieved from /home/beau/airflow/py_env/lib/python3.10/site-packages/airflow/example_dags/tutorial.py
[2023-09-23T09:30:39.056-0400] {logging_mixin.py:151} INFO - [2023-09-23T09:30:39.056-0400] {dag.py:2915} INFO - Sync 1 DAGs
[2023-09-23T09:30:39.073-0400] {logging_mixin.py:151} INFO - [2023-09-23T09:30:39.072-0400] {dag.py:3696} INFO - Setting next_dagrun for tutorial to 2023-09-22T13:30:39.072766+00:00, run_after=2023-09-23T13:30:39.072766+00:00
[2023-09-23T09:30:39.101-0400] {processor.py:179} INFO - Processing /home/beau/airflow/py_env/lib/python3.10/site-packages/airflow/example_dags/tutorial.py took 0.072 seconds
[2023-09-23T09:36:42.282-0400] {processor.py:157} INFO - Started process (PID=883) to work on /home/beau/airflow/py_env/lib/python3.10/site-packages/airflow/example_dags/tutorial.py
[2023-09-23T09:36:42.286-0400] {processor.py:829} INFO - Processing file /home/beau/airflow/py_env/lib/python3.10/site-packages/airflow/example_dags/tutorial.py for tasks to queue
[2023-09-23T09:36:42.288-0400] {logging_mixin.py:151} INFO - [2023-09-23T09:36:42.287-0400] {dagbag.py:539} INFO - Filling up the DagBag from /home/beau/airflow/py_env/lib/python3.10/site-packages/airflow/example_dags/tutorial.py
[2023-09-23T09:36:42.302-0400] {processor.py:839} INFO - DAG(s) dict_keys(['tutorial']) retrieved from /home/beau/airflow/py_env/lib/python3.10/site-packages/airflow/example_dags/tutorial.py
[2023-09-23T09:36:42.310-0400] {logging_mixin.py:151} INFO - [2023-09-23T09:36:42.310-0400] {dag.py:2915} INFO - Sync 1 DAGs
[2023-09-23T09:36:42.328-0400] {logging_mixin.py:151} INFO - [2023-09-23T09:36:42.328-0400] {dag.py:3696} INFO - Setting next_dagrun for tutorial to 2023-09-22T13:36:42.328009+00:00, run_after=2023-09-23T13:36:42.328009+00:00
[2023-09-23T09:36:42.351-0400] {processor.py:179} INFO - Processing /home/beau/airflow/py_env/lib/python3.10/site-packages/airflow/example_dags/tutorial.py took 0.075 seconds
[2023-09-23T09:37:27.342-0400] {processor.py:157} INFO - Started process (PID=1453) to work on /home/beau/airflow/py_env/lib/python3.10/site-packages/airflow/example_dags/tutorial.py
[2023-09-23T09:37:27.344-0400] {processor.py:829} INFO - Processing file /home/beau/airflow/py_env/lib/python3.10/site-packages/airflow/example_dags/tutorial.py for tasks to queue
[2023-09-23T09:37:27.345-0400] {logging_mixin.py:151} INFO - [2023-09-23T09:37:27.344-0400] {dagbag.py:539} INFO - Filling up the DagBag from /home/beau/airflow/py_env/lib/python3.10/site-packages/airflow/example_dags/tutorial.py
[2023-09-23T09:37:27.351-0400] {processor.py:839} INFO - DAG(s) dict_keys(['tutorial']) retrieved from /home/beau/airflow/py_env/lib/python3.10/site-packages/airflow/example_dags/tutorial.py
[2023-09-23T09:37:27.376-0400] {logging_mixin.py:151} INFO - [2023-09-23T09:37:27.376-0400] {dag.py:2915} INFO - Sync 1 DAGs
[2023-09-23T09:37:27.418-0400] {logging_mixin.py:151} INFO - [2023-09-23T09:37:27.417-0400] {dag.py:3696} INFO - Setting next_dagrun for tutorial to 2023-09-22T13:37:27.417357+00:00, run_after=2023-09-23T13:37:27.417357+00:00
[2023-09-23T09:37:27.450-0400] {processor.py:179} INFO - Processing /home/beau/airflow/py_env/lib/python3.10/site-packages/airflow/example_dags/tutorial.py took 0.110 seconds
[2023-09-23T09:38:13.829-0400] {processor.py:157} INFO - Started process (PID=2157) to work on /home/beau/airflow/py_env/lib/python3.10/site-packages/airflow/example_dags/tutorial.py
[2023-09-23T09:38:13.830-0400] {processor.py:829} INFO - Processing file /home/beau/airflow/py_env/lib/python3.10/site-packages/airflow/example_dags/tutorial.py for tasks to queue
[2023-09-23T09:38:13.831-0400] {logging_mixin.py:151} INFO - [2023-09-23T09:38:13.831-0400] {dagbag.py:539} INFO - Filling up the DagBag from /home/beau/airflow/py_env/lib/python3.10/site-packages/airflow/example_dags/tutorial.py
[2023-09-23T09:38:13.838-0400] {processor.py:839} INFO - DAG(s) dict_keys(['tutorial']) retrieved from /home/beau/airflow/py_env/lib/python3.10/site-packages/airflow/example_dags/tutorial.py
[2023-09-23T09:38:13.852-0400] {logging_mixin.py:151} INFO - [2023-09-23T09:38:13.851-0400] {dag.py:2915} INFO - Sync 1 DAGs
[2023-09-23T09:38:13.870-0400] {logging_mixin.py:151} INFO - [2023-09-23T09:38:13.869-0400] {dag.py:3696} INFO - Setting next_dagrun for tutorial to 2023-09-22T13:38:13.869669+00:00, run_after=2023-09-23T13:38:13.869669+00:00
[2023-09-23T09:38:13.892-0400] {processor.py:179} INFO - Processing /home/beau/airflow/py_env/lib/python3.10/site-packages/airflow/example_dags/tutorial.py took 0.066 seconds
[2023-09-23T09:38:46.109-0400] {processor.py:157} INFO - Started process (PID=2403) to work on /home/beau/airflow/py_env/lib/python3.10/site-packages/airflow/example_dags/tutorial.py
[2023-09-23T09:38:46.111-0400] {processor.py:829} INFO - Processing file /home/beau/airflow/py_env/lib/python3.10/site-packages/airflow/example_dags/tutorial.py for tasks to queue
[2023-09-23T09:38:46.112-0400] {logging_mixin.py:151} INFO - [2023-09-23T09:38:46.112-0400] {dagbag.py:539} INFO - Filling up the DagBag from /home/beau/airflow/py_env/lib/python3.10/site-packages/airflow/example_dags/tutorial.py
[2023-09-23T09:38:46.121-0400] {processor.py:839} INFO - DAG(s) dict_keys(['tutorial']) retrieved from /home/beau/airflow/py_env/lib/python3.10/site-packages/airflow/example_dags/tutorial.py
[2023-09-23T09:38:46.137-0400] {logging_mixin.py:151} INFO - [2023-09-23T09:38:46.137-0400] {dag.py:2915} INFO - Sync 1 DAGs
[2023-09-23T09:38:46.153-0400] {logging_mixin.py:151} INFO - [2023-09-23T09:38:46.153-0400] {dag.py:3696} INFO - Setting next_dagrun for tutorial to 2023-09-22T13:38:46.153576+00:00, run_after=2023-09-23T13:38:46.153576+00:00
[2023-09-23T09:38:46.180-0400] {processor.py:179} INFO - Processing /home/beau/airflow/py_env/lib/python3.10/site-packages/airflow/example_dags/tutorial.py took 0.078 seconds
[2023-09-23T09:39:19.838-0400] {processor.py:157} INFO - Started process (PID=2661) to work on /home/beau/airflow/py_env/lib/python3.10/site-packages/airflow/example_dags/tutorial.py
[2023-09-23T09:39:19.842-0400] {processor.py:829} INFO - Processing file /home/beau/airflow/py_env/lib/python3.10/site-packages/airflow/example_dags/tutorial.py for tasks to queue
[2023-09-23T09:39:19.843-0400] {logging_mixin.py:151} INFO - [2023-09-23T09:39:19.843-0400] {dagbag.py:539} INFO - Filling up the DagBag from /home/beau/airflow/py_env/lib/python3.10/site-packages/airflow/example_dags/tutorial.py
[2023-09-23T09:39:19.856-0400] {processor.py:839} INFO - DAG(s) dict_keys(['tutorial']) retrieved from /home/beau/airflow/py_env/lib/python3.10/site-packages/airflow/example_dags/tutorial.py
[2023-09-23T09:39:19.875-0400] {logging_mixin.py:151} INFO - [2023-09-23T09:39:19.875-0400] {dag.py:2915} INFO - Sync 1 DAGs
[2023-09-23T09:39:19.896-0400] {logging_mixin.py:151} INFO - [2023-09-23T09:39:19.896-0400] {dag.py:3696} INFO - Setting next_dagrun for tutorial to 2023-09-22T13:39:19.896389+00:00, run_after=2023-09-23T13:39:19.896389+00:00
[2023-09-23T09:39:19.921-0400] {processor.py:179} INFO - Processing /home/beau/airflow/py_env/lib/python3.10/site-packages/airflow/example_dags/tutorial.py took 0.090 seconds
[2023-09-23T09:39:53.661-0400] {processor.py:157} INFO - Started process (PID=3225) to work on /home/beau/airflow/py_env/lib/python3.10/site-packages/airflow/example_dags/tutorial.py
[2023-09-23T09:39:53.663-0400] {processor.py:829} INFO - Processing file /home/beau/airflow/py_env/lib/python3.10/site-packages/airflow/example_dags/tutorial.py for tasks to queue
[2023-09-23T09:39:53.665-0400] {logging_mixin.py:151} INFO - [2023-09-23T09:39:53.664-0400] {dagbag.py:539} INFO - Filling up the DagBag from /home/beau/airflow/py_env/lib/python3.10/site-packages/airflow/example_dags/tutorial.py
[2023-09-23T09:39:53.677-0400] {processor.py:839} INFO - DAG(s) dict_keys(['tutorial']) retrieved from /home/beau/airflow/py_env/lib/python3.10/site-packages/airflow/example_dags/tutorial.py
[2023-09-23T09:39:53.705-0400] {logging_mixin.py:151} INFO - [2023-09-23T09:39:53.705-0400] {dag.py:2915} INFO - Sync 1 DAGs
[2023-09-23T09:39:53.724-0400] {logging_mixin.py:151} INFO - [2023-09-23T09:39:53.724-0400] {dag.py:3696} INFO - Setting next_dagrun for tutorial to 2023-09-22T13:39:53.724540+00:00, run_after=2023-09-23T13:39:53.724540+00:00
[2023-09-23T09:39:53.748-0400] {processor.py:179} INFO - Processing /home/beau/airflow/py_env/lib/python3.10/site-packages/airflow/example_dags/tutorial.py took 0.093 seconds
[2023-09-23T09:40:29.782-0400] {processor.py:157} INFO - Started process (PID=3610) to work on /home/beau/airflow/py_env/lib/python3.10/site-packages/airflow/example_dags/tutorial.py
[2023-09-23T09:40:29.786-0400] {processor.py:829} INFO - Processing file /home/beau/airflow/py_env/lib/python3.10/site-packages/airflow/example_dags/tutorial.py for tasks to queue
[2023-09-23T09:40:29.788-0400] {logging_mixin.py:151} INFO - [2023-09-23T09:40:29.787-0400] {dagbag.py:539} INFO - Filling up the DagBag from /home/beau/airflow/py_env/lib/python3.10/site-packages/airflow/example_dags/tutorial.py
[2023-09-23T09:40:29.797-0400] {processor.py:839} INFO - DAG(s) dict_keys(['tutorial']) retrieved from /home/beau/airflow/py_env/lib/python3.10/site-packages/airflow/example_dags/tutorial.py
[2023-09-23T09:40:29.819-0400] {logging_mixin.py:151} INFO - [2023-09-23T09:40:29.818-0400] {dag.py:2915} INFO - Sync 1 DAGs
[2023-09-23T09:40:29.834-0400] {logging_mixin.py:151} INFO - [2023-09-23T09:40:29.833-0400] {dag.py:3696} INFO - Setting next_dagrun for tutorial to 2023-09-22T13:40:29.833723+00:00, run_after=2023-09-23T13:40:29.833723+00:00
[2023-09-23T09:40:29.855-0400] {processor.py:179} INFO - Processing /home/beau/airflow/py_env/lib/python3.10/site-packages/airflow/example_dags/tutorial.py took 0.077 seconds
