[2023-09-23T09:06:37.013-0400] {processor.py:157} INFO - Started process (PID=11447) to work on /home/beau/airflow/py_env/lib/python3.10/site-packages/airflow/example_dags/plugins/event_listener.py
[2023-09-23T09:06:37.015-0400] {processor.py:829} INFO - Processing file /home/beau/airflow/py_env/lib/python3.10/site-packages/airflow/example_dags/plugins/event_listener.py for tasks to queue
[2023-09-23T09:06:37.016-0400] {logging_mixin.py:151} INFO - [2023-09-23T09:06:37.015-0400] {dagbag.py:539} INFO - Filling up the DagBag from /home/beau/airflow/py_env/lib/python3.10/site-packages/airflow/example_dags/plugins/event_listener.py
[2023-09-23T09:06:37.019-0400] {processor.py:841} WARNING - No viable dags retrieved from /home/beau/airflow/py_env/lib/python3.10/site-packages/airflow/example_dags/plugins/event_listener.py
[2023-09-23T09:06:37.033-0400] {processor.py:179} INFO - Processing /home/beau/airflow/py_env/lib/python3.10/site-packages/airflow/example_dags/plugins/event_listener.py took 0.024 seconds
[2023-09-23T09:07:25.587-0400] {processor.py:157} INFO - Started process (PID=11942) to work on /home/beau/airflow/py_env/lib/python3.10/site-packages/airflow/example_dags/plugins/event_listener.py
[2023-09-23T09:07:25.591-0400] {processor.py:829} INFO - Processing file /home/beau/airflow/py_env/lib/python3.10/site-packages/airflow/example_dags/plugins/event_listener.py for tasks to queue
[2023-09-23T09:07:25.593-0400] {logging_mixin.py:151} INFO - [2023-09-23T09:07:25.592-0400] {dagbag.py:539} INFO - Filling up the DagBag from /home/beau/airflow/py_env/lib/python3.10/site-packages/airflow/example_dags/plugins/event_listener.py
[2023-09-23T09:07:25.595-0400] {processor.py:841} WARNING - No viable dags retrieved from /home/beau/airflow/py_env/lib/python3.10/site-packages/airflow/example_dags/plugins/event_listener.py
[2023-09-23T09:07:25.606-0400] {processor.py:179} INFO - Processing /home/beau/airflow/py_env/lib/python3.10/site-packages/airflow/example_dags/plugins/event_listener.py took 0.022 seconds
[2023-09-23T09:08:17.442-0400] {processor.py:157} INFO - Started process (PID=12202) to work on /home/beau/airflow/py_env/lib/python3.10/site-packages/airflow/example_dags/plugins/event_listener.py
[2023-09-23T09:08:17.444-0400] {processor.py:829} INFO - Processing file /home/beau/airflow/py_env/lib/python3.10/site-packages/airflow/example_dags/plugins/event_listener.py for tasks to queue
[2023-09-23T09:08:17.445-0400] {logging_mixin.py:151} INFO - [2023-09-23T09:08:17.445-0400] {dagbag.py:539} INFO - Filling up the DagBag from /home/beau/airflow/py_env/lib/python3.10/site-packages/airflow/example_dags/plugins/event_listener.py
[2023-09-23T09:08:17.448-0400] {processor.py:841} WARNING - No viable dags retrieved from /home/beau/airflow/py_env/lib/python3.10/site-packages/airflow/example_dags/plugins/event_listener.py
[2023-09-23T09:08:17.459-0400] {processor.py:179} INFO - Processing /home/beau/airflow/py_env/lib/python3.10/site-packages/airflow/example_dags/plugins/event_listener.py took 0.020 seconds
[2023-09-23T09:09:08.371-0400] {processor.py:157} INFO - Started process (PID=12708) to work on /home/beau/airflow/py_env/lib/python3.10/site-packages/airflow/example_dags/plugins/event_listener.py
[2023-09-23T09:09:08.375-0400] {processor.py:829} INFO - Processing file /home/beau/airflow/py_env/lib/python3.10/site-packages/airflow/example_dags/plugins/event_listener.py for tasks to queue
[2023-09-23T09:09:08.376-0400] {logging_mixin.py:151} INFO - [2023-09-23T09:09:08.376-0400] {dagbag.py:539} INFO - Filling up the DagBag from /home/beau/airflow/py_env/lib/python3.10/site-packages/airflow/example_dags/plugins/event_listener.py
[2023-09-23T09:09:08.379-0400] {processor.py:841} WARNING - No viable dags retrieved from /home/beau/airflow/py_env/lib/python3.10/site-packages/airflow/example_dags/plugins/event_listener.py
[2023-09-23T09:09:08.388-0400] {processor.py:179} INFO - Processing /home/beau/airflow/py_env/lib/python3.10/site-packages/airflow/example_dags/plugins/event_listener.py took 0.020 seconds
[2023-09-23T09:09:56.972-0400] {processor.py:157} INFO - Started process (PID=12894) to work on /home/beau/airflow/py_env/lib/python3.10/site-packages/airflow/example_dags/plugins/event_listener.py
[2023-09-23T09:09:56.976-0400] {processor.py:829} INFO - Processing file /home/beau/airflow/py_env/lib/python3.10/site-packages/airflow/example_dags/plugins/event_listener.py for tasks to queue
[2023-09-23T09:09:56.977-0400] {logging_mixin.py:151} INFO - [2023-09-23T09:09:56.977-0400] {dagbag.py:539} INFO - Filling up the DagBag from /home/beau/airflow/py_env/lib/python3.10/site-packages/airflow/example_dags/plugins/event_listener.py
[2023-09-23T09:09:56.980-0400] {processor.py:841} WARNING - No viable dags retrieved from /home/beau/airflow/py_env/lib/python3.10/site-packages/airflow/example_dags/plugins/event_listener.py
[2023-09-23T09:09:56.992-0400] {processor.py:179} INFO - Processing /home/beau/airflow/py_env/lib/python3.10/site-packages/airflow/example_dags/plugins/event_listener.py took 0.026 seconds
[2023-09-23T09:10:45.185-0400] {processor.py:157} INFO - Started process (PID=13141) to work on /home/beau/airflow/py_env/lib/python3.10/site-packages/airflow/example_dags/plugins/event_listener.py
[2023-09-23T09:10:45.186-0400] {processor.py:829} INFO - Processing file /home/beau/airflow/py_env/lib/python3.10/site-packages/airflow/example_dags/plugins/event_listener.py for tasks to queue
[2023-09-23T09:10:45.187-0400] {logging_mixin.py:151} INFO - [2023-09-23T09:10:45.187-0400] {dagbag.py:539} INFO - Filling up the DagBag from /home/beau/airflow/py_env/lib/python3.10/site-packages/airflow/example_dags/plugins/event_listener.py
[2023-09-23T09:10:45.190-0400] {processor.py:841} WARNING - No viable dags retrieved from /home/beau/airflow/py_env/lib/python3.10/site-packages/airflow/example_dags/plugins/event_listener.py
[2023-09-23T09:10:45.200-0400] {processor.py:179} INFO - Processing /home/beau/airflow/py_env/lib/python3.10/site-packages/airflow/example_dags/plugins/event_listener.py took 0.019 seconds
[2023-09-23T09:11:34.467-0400] {processor.py:157} INFO - Started process (PID=13640) to work on /home/beau/airflow/py_env/lib/python3.10/site-packages/airflow/example_dags/plugins/event_listener.py
[2023-09-23T09:11:34.472-0400] {processor.py:829} INFO - Processing file /home/beau/airflow/py_env/lib/python3.10/site-packages/airflow/example_dags/plugins/event_listener.py for tasks to queue
[2023-09-23T09:11:34.474-0400] {logging_mixin.py:151} INFO - [2023-09-23T09:11:34.473-0400] {dagbag.py:539} INFO - Filling up the DagBag from /home/beau/airflow/py_env/lib/python3.10/site-packages/airflow/example_dags/plugins/event_listener.py
[2023-09-23T09:11:34.478-0400] {processor.py:841} WARNING - No viable dags retrieved from /home/beau/airflow/py_env/lib/python3.10/site-packages/airflow/example_dags/plugins/event_listener.py
[2023-09-23T09:11:34.495-0400] {processor.py:179} INFO - Processing /home/beau/airflow/py_env/lib/python3.10/site-packages/airflow/example_dags/plugins/event_listener.py took 0.034 seconds
[2023-09-23T09:12:23.020-0400] {processor.py:157} INFO - Started process (PID=13990) to work on /home/beau/airflow/py_env/lib/python3.10/site-packages/airflow/example_dags/plugins/event_listener.py
[2023-09-23T09:12:23.024-0400] {processor.py:829} INFO - Processing file /home/beau/airflow/py_env/lib/python3.10/site-packages/airflow/example_dags/plugins/event_listener.py for tasks to queue
[2023-09-23T09:12:23.025-0400] {logging_mixin.py:151} INFO - [2023-09-23T09:12:23.025-0400] {dagbag.py:539} INFO - Filling up the DagBag from /home/beau/airflow/py_env/lib/python3.10/site-packages/airflow/example_dags/plugins/event_listener.py
[2023-09-23T09:12:23.027-0400] {processor.py:841} WARNING - No viable dags retrieved from /home/beau/airflow/py_env/lib/python3.10/site-packages/airflow/example_dags/plugins/event_listener.py
[2023-09-23T09:12:23.035-0400] {processor.py:179} INFO - Processing /home/beau/airflow/py_env/lib/python3.10/site-packages/airflow/example_dags/plugins/event_listener.py took 0.020 seconds
[2023-09-23T09:13:12.689-0400] {processor.py:157} INFO - Started process (PID=14553) to work on /home/beau/airflow/py_env/lib/python3.10/site-packages/airflow/example_dags/plugins/event_listener.py
[2023-09-23T09:13:12.695-0400] {processor.py:829} INFO - Processing file /home/beau/airflow/py_env/lib/python3.10/site-packages/airflow/example_dags/plugins/event_listener.py for tasks to queue
[2023-09-23T09:13:12.697-0400] {logging_mixin.py:151} INFO - [2023-09-23T09:13:12.696-0400] {dagbag.py:539} INFO - Filling up the DagBag from /home/beau/airflow/py_env/lib/python3.10/site-packages/airflow/example_dags/plugins/event_listener.py
[2023-09-23T09:13:12.701-0400] {processor.py:841} WARNING - No viable dags retrieved from /home/beau/airflow/py_env/lib/python3.10/site-packages/airflow/example_dags/plugins/event_listener.py
[2023-09-23T09:13:12.732-0400] {processor.py:179} INFO - Processing /home/beau/airflow/py_env/lib/python3.10/site-packages/airflow/example_dags/plugins/event_listener.py took 0.050 seconds
[2023-09-23T09:14:03.052-0400] {processor.py:157} INFO - Started process (PID=14975) to work on /home/beau/airflow/py_env/lib/python3.10/site-packages/airflow/example_dags/plugins/event_listener.py
[2023-09-23T09:14:03.056-0400] {processor.py:829} INFO - Processing file /home/beau/airflow/py_env/lib/python3.10/site-packages/airflow/example_dags/plugins/event_listener.py for tasks to queue
[2023-09-23T09:14:03.057-0400] {logging_mixin.py:151} INFO - [2023-09-23T09:14:03.056-0400] {dagbag.py:539} INFO - Filling up the DagBag from /home/beau/airflow/py_env/lib/python3.10/site-packages/airflow/example_dags/plugins/event_listener.py
[2023-09-23T09:14:03.060-0400] {processor.py:841} WARNING - No viable dags retrieved from /home/beau/airflow/py_env/lib/python3.10/site-packages/airflow/example_dags/plugins/event_listener.py
[2023-09-23T09:14:03.075-0400] {processor.py:179} INFO - Processing /home/beau/airflow/py_env/lib/python3.10/site-packages/airflow/example_dags/plugins/event_listener.py took 0.026 seconds
[2023-09-23T09:14:51.495-0400] {processor.py:157} INFO - Started process (PID=15281) to work on /home/beau/airflow/py_env/lib/python3.10/site-packages/airflow/example_dags/plugins/event_listener.py
[2023-09-23T09:14:51.499-0400] {processor.py:829} INFO - Processing file /home/beau/airflow/py_env/lib/python3.10/site-packages/airflow/example_dags/plugins/event_listener.py for tasks to queue
[2023-09-23T09:14:51.501-0400] {logging_mixin.py:151} INFO - [2023-09-23T09:14:51.500-0400] {dagbag.py:539} INFO - Filling up the DagBag from /home/beau/airflow/py_env/lib/python3.10/site-packages/airflow/example_dags/plugins/event_listener.py
[2023-09-23T09:14:51.504-0400] {processor.py:841} WARNING - No viable dags retrieved from /home/beau/airflow/py_env/lib/python3.10/site-packages/airflow/example_dags/plugins/event_listener.py
[2023-09-23T09:14:51.512-0400] {processor.py:179} INFO - Processing /home/beau/airflow/py_env/lib/python3.10/site-packages/airflow/example_dags/plugins/event_listener.py took 0.022 seconds
[2023-09-23T09:17:37.662-0400] {processor.py:157} INFO - Started process (PID=16865) to work on /home/beau/airflow/py_env/lib/python3.10/site-packages/airflow/example_dags/plugins/event_listener.py
[2023-09-23T09:17:37.666-0400] {processor.py:829} INFO - Processing file /home/beau/airflow/py_env/lib/python3.10/site-packages/airflow/example_dags/plugins/event_listener.py for tasks to queue
[2023-09-23T09:17:37.667-0400] {logging_mixin.py:151} INFO - [2023-09-23T09:17:37.667-0400] {dagbag.py:539} INFO - Filling up the DagBag from /home/beau/airflow/py_env/lib/python3.10/site-packages/airflow/example_dags/plugins/event_listener.py
[2023-09-23T09:17:37.671-0400] {processor.py:841} WARNING - No viable dags retrieved from /home/beau/airflow/py_env/lib/python3.10/site-packages/airflow/example_dags/plugins/event_listener.py
[2023-09-23T09:17:37.686-0400] {processor.py:179} INFO - Processing /home/beau/airflow/py_env/lib/python3.10/site-packages/airflow/example_dags/plugins/event_listener.py took 0.029 seconds
[2023-09-23T09:18:25.514-0400] {processor.py:157} INFO - Started process (PID=17137) to work on /home/beau/airflow/py_env/lib/python3.10/site-packages/airflow/example_dags/plugins/event_listener.py
[2023-09-23T09:18:25.519-0400] {processor.py:829} INFO - Processing file /home/beau/airflow/py_env/lib/python3.10/site-packages/airflow/example_dags/plugins/event_listener.py for tasks to queue
[2023-09-23T09:18:25.520-0400] {logging_mixin.py:151} INFO - [2023-09-23T09:18:25.520-0400] {dagbag.py:539} INFO - Filling up the DagBag from /home/beau/airflow/py_env/lib/python3.10/site-packages/airflow/example_dags/plugins/event_listener.py
[2023-09-23T09:18:25.524-0400] {processor.py:841} WARNING - No viable dags retrieved from /home/beau/airflow/py_env/lib/python3.10/site-packages/airflow/example_dags/plugins/event_listener.py
[2023-09-23T09:18:25.532-0400] {processor.py:179} INFO - Processing /home/beau/airflow/py_env/lib/python3.10/site-packages/airflow/example_dags/plugins/event_listener.py took 0.023 seconds
[2023-09-23T09:19:17.357-0400] {processor.py:157} INFO - Started process (PID=17422) to work on /home/beau/airflow/py_env/lib/python3.10/site-packages/airflow/example_dags/plugins/event_listener.py
[2023-09-23T09:19:17.360-0400] {processor.py:829} INFO - Processing file /home/beau/airflow/py_env/lib/python3.10/site-packages/airflow/example_dags/plugins/event_listener.py for tasks to queue
[2023-09-23T09:19:17.362-0400] {logging_mixin.py:151} INFO - [2023-09-23T09:19:17.361-0400] {dagbag.py:539} INFO - Filling up the DagBag from /home/beau/airflow/py_env/lib/python3.10/site-packages/airflow/example_dags/plugins/event_listener.py
[2023-09-23T09:19:17.366-0400] {processor.py:841} WARNING - No viable dags retrieved from /home/beau/airflow/py_env/lib/python3.10/site-packages/airflow/example_dags/plugins/event_listener.py
[2023-09-23T09:19:17.386-0400] {processor.py:179} INFO - Processing /home/beau/airflow/py_env/lib/python3.10/site-packages/airflow/example_dags/plugins/event_listener.py took 0.036 seconds
[2023-09-23T09:20:12.380-0400] {processor.py:157} INFO - Started process (PID=17664) to work on /home/beau/airflow/py_env/lib/python3.10/site-packages/airflow/example_dags/plugins/event_listener.py
[2023-09-23T09:20:12.385-0400] {processor.py:829} INFO - Processing file /home/beau/airflow/py_env/lib/python3.10/site-packages/airflow/example_dags/plugins/event_listener.py for tasks to queue
[2023-09-23T09:20:12.386-0400] {logging_mixin.py:151} INFO - [2023-09-23T09:20:12.386-0400] {dagbag.py:539} INFO - Filling up the DagBag from /home/beau/airflow/py_env/lib/python3.10/site-packages/airflow/example_dags/plugins/event_listener.py
[2023-09-23T09:20:12.390-0400] {processor.py:841} WARNING - No viable dags retrieved from /home/beau/airflow/py_env/lib/python3.10/site-packages/airflow/example_dags/plugins/event_listener.py
[2023-09-23T09:20:12.399-0400] {processor.py:179} INFO - Processing /home/beau/airflow/py_env/lib/python3.10/site-packages/airflow/example_dags/plugins/event_listener.py took 0.024 seconds
[2023-09-23T09:21:02.258-0400] {processor.py:157} INFO - Started process (PID=17908) to work on /home/beau/airflow/py_env/lib/python3.10/site-packages/airflow/example_dags/plugins/event_listener.py
[2023-09-23T09:21:02.260-0400] {processor.py:829} INFO - Processing file /home/beau/airflow/py_env/lib/python3.10/site-packages/airflow/example_dags/plugins/event_listener.py for tasks to queue
[2023-09-23T09:21:02.261-0400] {logging_mixin.py:151} INFO - [2023-09-23T09:21:02.261-0400] {dagbag.py:539} INFO - Filling up the DagBag from /home/beau/airflow/py_env/lib/python3.10/site-packages/airflow/example_dags/plugins/event_listener.py
[2023-09-23T09:21:02.265-0400] {processor.py:841} WARNING - No viable dags retrieved from /home/beau/airflow/py_env/lib/python3.10/site-packages/airflow/example_dags/plugins/event_listener.py
[2023-09-23T09:21:02.282-0400] {processor.py:179} INFO - Processing /home/beau/airflow/py_env/lib/python3.10/site-packages/airflow/example_dags/plugins/event_listener.py took 0.029 seconds
[2023-09-23T09:23:56.780-0400] {processor.py:157} INFO - Started process (PID=19352) to work on /home/beau/airflow/py_env/lib/python3.10/site-packages/airflow/example_dags/plugins/event_listener.py
[2023-09-23T09:23:56.784-0400] {processor.py:829} INFO - Processing file /home/beau/airflow/py_env/lib/python3.10/site-packages/airflow/example_dags/plugins/event_listener.py for tasks to queue
[2023-09-23T09:23:56.785-0400] {logging_mixin.py:151} INFO - [2023-09-23T09:23:56.784-0400] {dagbag.py:539} INFO - Filling up the DagBag from /home/beau/airflow/py_env/lib/python3.10/site-packages/airflow/example_dags/plugins/event_listener.py
[2023-09-23T09:23:56.787-0400] {processor.py:841} WARNING - No viable dags retrieved from /home/beau/airflow/py_env/lib/python3.10/site-packages/airflow/example_dags/plugins/event_listener.py
[2023-09-23T09:23:56.798-0400] {processor.py:179} INFO - Processing /home/beau/airflow/py_env/lib/python3.10/site-packages/airflow/example_dags/plugins/event_listener.py took 0.024 seconds
[2023-09-23T09:24:43.631-0400] {processor.py:157} INFO - Started process (PID=19646) to work on /home/beau/airflow/py_env/lib/python3.10/site-packages/airflow/example_dags/plugins/event_listener.py
[2023-09-23T09:24:43.633-0400] {processor.py:829} INFO - Processing file /home/beau/airflow/py_env/lib/python3.10/site-packages/airflow/example_dags/plugins/event_listener.py for tasks to queue
[2023-09-23T09:24:43.634-0400] {logging_mixin.py:151} INFO - [2023-09-23T09:24:43.634-0400] {dagbag.py:539} INFO - Filling up the DagBag from /home/beau/airflow/py_env/lib/python3.10/site-packages/airflow/example_dags/plugins/event_listener.py
[2023-09-23T09:24:43.637-0400] {processor.py:841} WARNING - No viable dags retrieved from /home/beau/airflow/py_env/lib/python3.10/site-packages/airflow/example_dags/plugins/event_listener.py
[2023-09-23T09:24:43.649-0400] {processor.py:179} INFO - Processing /home/beau/airflow/py_env/lib/python3.10/site-packages/airflow/example_dags/plugins/event_listener.py took 0.021 seconds
[2023-09-23T09:25:35.368-0400] {processor.py:157} INFO - Started process (PID=19951) to work on /home/beau/airflow/py_env/lib/python3.10/site-packages/airflow/example_dags/plugins/event_listener.py
[2023-09-23T09:25:35.371-0400] {processor.py:829} INFO - Processing file /home/beau/airflow/py_env/lib/python3.10/site-packages/airflow/example_dags/plugins/event_listener.py for tasks to queue
[2023-09-23T09:25:35.372-0400] {logging_mixin.py:151} INFO - [2023-09-23T09:25:35.372-0400] {dagbag.py:539} INFO - Filling up the DagBag from /home/beau/airflow/py_env/lib/python3.10/site-packages/airflow/example_dags/plugins/event_listener.py
[2023-09-23T09:25:35.375-0400] {processor.py:841} WARNING - No viable dags retrieved from /home/beau/airflow/py_env/lib/python3.10/site-packages/airflow/example_dags/plugins/event_listener.py
[2023-09-23T09:25:35.388-0400] {processor.py:179} INFO - Processing /home/beau/airflow/py_env/lib/python3.10/site-packages/airflow/example_dags/plugins/event_listener.py took 0.024 seconds
[2023-09-23T09:26:28.803-0400] {processor.py:157} INFO - Started process (PID=20157) to work on /home/beau/airflow/py_env/lib/python3.10/site-packages/airflow/example_dags/plugins/event_listener.py
[2023-09-23T09:26:28.808-0400] {processor.py:829} INFO - Processing file /home/beau/airflow/py_env/lib/python3.10/site-packages/airflow/example_dags/plugins/event_listener.py for tasks to queue
[2023-09-23T09:26:28.809-0400] {logging_mixin.py:151} INFO - [2023-09-23T09:26:28.809-0400] {dagbag.py:539} INFO - Filling up the DagBag from /home/beau/airflow/py_env/lib/python3.10/site-packages/airflow/example_dags/plugins/event_listener.py
[2023-09-23T09:26:28.813-0400] {processor.py:841} WARNING - No viable dags retrieved from /home/beau/airflow/py_env/lib/python3.10/site-packages/airflow/example_dags/plugins/event_listener.py
[2023-09-23T09:26:28.826-0400] {processor.py:179} INFO - Processing /home/beau/airflow/py_env/lib/python3.10/site-packages/airflow/example_dags/plugins/event_listener.py took 0.032 seconds
[2023-09-23T09:37:03.132-0400] {processor.py:157} INFO - Started process (PID=1110) to work on /home/beau/airflow/py_env/lib/python3.10/site-packages/airflow/example_dags/plugins/event_listener.py
[2023-09-23T09:37:03.133-0400] {processor.py:829} INFO - Processing file /home/beau/airflow/py_env/lib/python3.10/site-packages/airflow/example_dags/plugins/event_listener.py for tasks to queue
[2023-09-23T09:37:03.134-0400] {logging_mixin.py:151} INFO - [2023-09-23T09:37:03.134-0400] {dagbag.py:539} INFO - Filling up the DagBag from /home/beau/airflow/py_env/lib/python3.10/site-packages/airflow/example_dags/plugins/event_listener.py
[2023-09-23T09:37:03.136-0400] {processor.py:841} WARNING - No viable dags retrieved from /home/beau/airflow/py_env/lib/python3.10/site-packages/airflow/example_dags/plugins/event_listener.py
[2023-09-23T09:37:03.147-0400] {processor.py:179} INFO - Processing /home/beau/airflow/py_env/lib/python3.10/site-packages/airflow/example_dags/plugins/event_listener.py took 0.017 seconds
[2023-09-23T09:37:49.640-0400] {processor.py:157} INFO - Started process (PID=1818) to work on /home/beau/airflow/py_env/lib/python3.10/site-packages/airflow/example_dags/plugins/event_listener.py
[2023-09-23T09:37:49.642-0400] {processor.py:829} INFO - Processing file /home/beau/airflow/py_env/lib/python3.10/site-packages/airflow/example_dags/plugins/event_listener.py for tasks to queue
[2023-09-23T09:37:49.643-0400] {logging_mixin.py:151} INFO - [2023-09-23T09:37:49.642-0400] {dagbag.py:539} INFO - Filling up the DagBag from /home/beau/airflow/py_env/lib/python3.10/site-packages/airflow/example_dags/plugins/event_listener.py
[2023-09-23T09:37:49.646-0400] {processor.py:841} WARNING - No viable dags retrieved from /home/beau/airflow/py_env/lib/python3.10/site-packages/airflow/example_dags/plugins/event_listener.py
[2023-09-23T09:37:49.658-0400] {processor.py:179} INFO - Processing /home/beau/airflow/py_env/lib/python3.10/site-packages/airflow/example_dags/plugins/event_listener.py took 0.023 seconds
[2023-09-23T09:38:37.787-0400] {processor.py:157} INFO - Started process (PID=2249) to work on /home/beau/airflow/py_env/lib/python3.10/site-packages/airflow/example_dags/plugins/event_listener.py
[2023-09-23T09:38:37.791-0400] {processor.py:829} INFO - Processing file /home/beau/airflow/py_env/lib/python3.10/site-packages/airflow/example_dags/plugins/event_listener.py for tasks to queue
[2023-09-23T09:38:37.792-0400] {logging_mixin.py:151} INFO - [2023-09-23T09:38:37.792-0400] {dagbag.py:539} INFO - Filling up the DagBag from /home/beau/airflow/py_env/lib/python3.10/site-packages/airflow/example_dags/plugins/event_listener.py
[2023-09-23T09:38:37.795-0400] {processor.py:841} WARNING - No viable dags retrieved from /home/beau/airflow/py_env/lib/python3.10/site-packages/airflow/example_dags/plugins/event_listener.py
[2023-09-23T09:38:37.807-0400] {processor.py:179} INFO - Processing /home/beau/airflow/py_env/lib/python3.10/site-packages/airflow/example_dags/plugins/event_listener.py took 0.023 seconds
[2023-09-23T09:39:26.573-0400] {processor.py:157} INFO - Started process (PID=2811) to work on /home/beau/airflow/py_env/lib/python3.10/site-packages/airflow/example_dags/plugins/event_listener.py
[2023-09-23T09:39:26.576-0400] {processor.py:829} INFO - Processing file /home/beau/airflow/py_env/lib/python3.10/site-packages/airflow/example_dags/plugins/event_listener.py for tasks to queue
[2023-09-23T09:39:26.577-0400] {logging_mixin.py:151} INFO - [2023-09-23T09:39:26.577-0400] {dagbag.py:539} INFO - Filling up the DagBag from /home/beau/airflow/py_env/lib/python3.10/site-packages/airflow/example_dags/plugins/event_listener.py
[2023-09-23T09:39:26.580-0400] {processor.py:841} WARNING - No viable dags retrieved from /home/beau/airflow/py_env/lib/python3.10/site-packages/airflow/example_dags/plugins/event_listener.py
[2023-09-23T09:39:26.592-0400] {processor.py:179} INFO - Processing /home/beau/airflow/py_env/lib/python3.10/site-packages/airflow/example_dags/plugins/event_listener.py took 0.027 seconds
[2023-09-23T09:40:19.065-0400] {processor.py:157} INFO - Started process (PID=3448) to work on /home/beau/airflow/py_env/lib/python3.10/site-packages/airflow/example_dags/plugins/event_listener.py
[2023-09-23T09:40:19.070-0400] {processor.py:829} INFO - Processing file /home/beau/airflow/py_env/lib/python3.10/site-packages/airflow/example_dags/plugins/event_listener.py for tasks to queue
[2023-09-23T09:40:19.072-0400] {logging_mixin.py:151} INFO - [2023-09-23T09:40:19.071-0400] {dagbag.py:539} INFO - Filling up the DagBag from /home/beau/airflow/py_env/lib/python3.10/site-packages/airflow/example_dags/plugins/event_listener.py
[2023-09-23T09:40:19.075-0400] {processor.py:841} WARNING - No viable dags retrieved from /home/beau/airflow/py_env/lib/python3.10/site-packages/airflow/example_dags/plugins/event_listener.py
[2023-09-23T09:40:19.086-0400] {processor.py:179} INFO - Processing /home/beau/airflow/py_env/lib/python3.10/site-packages/airflow/example_dags/plugins/event_listener.py took 0.027 seconds
